START_TASK=5 STOP_TASK=6
============================================================================================================
Arguments =
	approach: replay
	batch_size: 64
	classes_first_task: None
	clipping: 10000
	crop: 224
	data_path: ../data/inat200
	dataset: inat200
	eval_on_train: False
	experiment_path: None
	fix_bn: False
	freeze_backbone: False
	gpu: 0
	gpus: [0]
	increment: 10
	last_layer_analysis: False
	log: ['disk']
	lr: 0.01
	lr_factor: None
	lr_min: 0.0001
	lr_patience: None
	lr_scheduler: cosine
	lr_warmup_epochs: 0
	momentum: 0.0
	multi_softmax: False
	nepochs: 90
	network: vit_small_patch16_224.augreg_in1k
	no_cudnn_deterministic: False
	normalize: in1k
	num_workers: 2
	optimizer_name: sgd
	pin_memory: False
	pretrained: True
	resize: 224
	results_path: ./results
	save_models: True
	seed: 0
	start_at_task: 5
	start_epoch: 0
	stop_at_task: 6
	stop_epoch: 0
	use_valid_only: False
	warmup_lr_factor: 1.0
	warmup_nepochs: 0
	weight_decay: 0.0
============================================================================================================
Approach arguments =
============================================================================================================
Exemplars arguments =
	exemplar_selection: random
	num_exemplars: 4000
============================================================================================================
WARNING: ./results/vit_small_patch16_224.augreg_in1k/inat200/replay/10 already exists!
Loaded acc_taw from: ./results/vit_small_patch16_224.augreg_in1k/inat200/replay/10/acc_taw-4.txt
Loaded acc_tag from: ./results/vit_small_patch16_224.augreg_in1k/inat200/replay/10/acc_tag-4.txt
Loaded forg_taw from: ./results/vit_small_patch16_224.augreg_in1k/inat200/replay/10/forg_taw-4.txt
Loaded forg_tag from: ./results/vit_small_patch16_224.augreg_in1k/inat200/replay/10/forg_tag-4.txt
Loaded 4000 exemplars from ./results/vit_small_patch16_224.augreg_in1k/inat200/replay/10/task4_exemplars.pth
************************************************************************************************************
Task  5  [epochs 0-90]
************************************************************************************************************
[params] total:21,688,764  trainable:21,688,764  tensors:162  trainable_tensors:162
| Epoch   1, time= 32.2s | Train: skip eval | Valid: time=  2.2s loss=0.682, TAw acc= 83.0% | * lr=1.0e-02
| Epoch   2, time= 31.7s | Train: skip eval | Valid: time=  2.3s loss=0.595, TAw acc= 87.0% | * lr=1.0e-02
| Epoch   3, time= 27.1s | Train: skip eval | Valid: time=  1.9s loss=0.528, TAw acc= 89.2% | * lr=1.0e-02
| Epoch   4, time= 28.6s | Train: skip eval | Valid: time=  1.9s loss=0.466, TAw acc= 89.2% | * lr=1.0e-02
| Epoch   5, time= 29.8s | Train: skip eval | Valid: time=  1.9s loss=0.441, TAw acc= 89.2% | * lr=9.9e-03
| Epoch   6, time= 33.2s | Train: skip eval | Valid: time=  2.1s loss=0.443, TAw acc= 90.5% | lr=9.9e-03
| Epoch   7, time= 30.4s | Train: skip eval | Valid: time=  2.3s loss=0.517, TAw acc= 90.0% | lr=9.9e-03
| Epoch   8, time= 35.4s | Train: skip eval | Valid: time=  2.0s loss=0.407, TAw acc= 91.0% | * lr=9.8e-03
| Epoch   9, time= 28.3s | Train: skip eval | Valid: time=  2.5s loss=0.466, TAw acc= 90.0% | lr=9.8e-03
| Epoch  10, time= 32.4s | Train: skip eval | Valid: time=  1.9s loss=0.452, TAw acc= 89.5% | lr=9.7e-03
| Epoch  11, time= 29.2s | Train: skip eval | Valid: time=  1.9s loss=0.417, TAw acc= 90.8% | lr=9.6e-03
| Epoch  12, time= 28.4s | Train: skip eval | Valid: time=  2.5s loss=0.426, TAw acc= 91.5% | lr=9.6e-03
| Epoch  13, time= 30.7s | Train: skip eval | Valid: time=  1.9s loss=0.450, TAw acc= 90.5% | lr=9.5e-03
| Epoch  14, time= 31.4s | Train: skip eval | Valid: time=  1.9s loss=0.433, TAw acc= 90.5% | lr=9.4e-03
| Epoch  15, time= 34.5s | Train: skip eval | Valid: time=  1.9s loss=0.465, TAw acc= 91.0% | lr=9.3e-03
| Epoch  16, time= 33.8s | Train: skip eval | Valid: time=  1.9s loss=0.422, TAw acc= 90.5% | lr=9.2e-03
| Epoch  17, time= 35.0s | Train: skip eval | Valid: time=  2.5s loss=0.469, TAw acc= 91.0% | lr=9.2e-03
| Epoch  18, time= 29.3s | Train: skip eval | Valid: time=  1.9s loss=0.500, TAw acc= 90.2% | lr=9.1e-03
| Epoch  19, time= 28.2s | Train: skip eval | Valid: time=  2.5s loss=0.475, TAw acc= 91.0% | lr=9.0e-03
| Epoch  20, time= 28.0s | Train: skip eval | Valid: time=  1.9s loss=0.525, TAw acc= 89.2% | lr=8.8e-03
| Epoch  21, time= 28.8s | Train: skip eval | Valid: time=  1.9s loss=0.489, TAw acc= 90.2% | lr=8.7e-03
| Epoch  22, time= 30.4s | Train: skip eval | Valid: time=  1.9s loss=0.426, TAw acc= 90.8% | lr=8.6e-03
| Epoch  23, time= 29.3s | Train: skip eval | Valid: time=  1.9s loss=0.503, TAw acc= 91.0% | lr=8.5e-03
| Epoch  24, time= 28.2s | Train: skip eval | Valid: time=  2.5s loss=0.488, TAw acc= 90.5% | lr=8.4e-03
| Epoch  25, time= 27.0s | Train: skip eval | Valid: time=  2.2s loss=0.517, TAw acc= 91.5% | lr=8.2e-03
| Epoch  26, time= 32.0s | Train: skip eval | Valid: time=  2.4s loss=0.441, TAw acc= 91.5% | lr=8.1e-03
| Epoch  27, time= 27.7s | Train: skip eval | Valid: time=  2.4s loss=0.482, TAw acc= 91.8% | lr=8.0e-03
| Epoch  28, time= 27.6s | Train: skip eval | Valid: time=  1.9s loss=0.405, TAw acc= 92.2% | * lr=7.8e-03
| Epoch  29, time= 28.5s | Train: skip eval | Valid: time=  1.9s loss=0.480, TAw acc= 90.8% | lr=7.7e-03
| Epoch  30, time= 30.5s | Train: skip eval | Valid: time=  2.1s loss=0.435, TAw acc= 91.8% | lr=7.5e-03
| Epoch  31, time= 27.4s | Train: skip eval | Valid: time=  2.2s loss=0.427, TAw acc= 92.0% | lr=7.4e-03
| Epoch  32, time= 32.0s | Train: skip eval | Valid: time=  2.2s loss=0.450, TAw acc= 90.5% | lr=7.2e-03
| Epoch  33, time= 29.2s | Train: skip eval | Valid: time=  2.1s loss=0.467, TAw acc= 90.0% | lr=7.1e-03
| Epoch  34, time= 30.6s | Train: skip eval | Valid: time=  1.9s loss=0.402, TAw acc= 92.0% | * lr=6.9e-03
| Epoch  35, time= 28.5s | Train: skip eval | Valid: time=  2.2s loss=0.404, TAw acc= 90.8% | lr=6.7e-03
| Epoch  36, time= 32.7s | Train: skip eval | Valid: time=  1.9s loss=0.382, TAw acc= 92.8% | * lr=6.6e-03
| Epoch  37, time= 26.8s | Train: skip eval | Valid: time=  2.3s loss=0.412, TAw acc= 93.0% | lr=6.4e-03
| Epoch  38, time= 31.7s | Train: skip eval | Valid: time=  1.9s loss=0.427, TAw acc= 91.8% | lr=6.2e-03
| Epoch  39, time= 27.3s | Train: skip eval | Valid: time=  2.0s loss=0.438, TAw acc= 90.5% | lr=6.1e-03
| Epoch  40, time= 26.9s | Train: skip eval | Valid: time=  2.0s loss=0.433, TAw acc= 92.5% | lr=5.9e-03
| Epoch  41, time= 30.7s | Train: skip eval | Valid: time=  2.4s loss=0.421, TAw acc= 91.8% | lr=5.7e-03
| Epoch  42, time= 32.7s | Train: skip eval | Valid: time=  2.0s loss=0.409, TAw acc= 90.5% | lr=5.6e-03
| Epoch  43, time= 31.4s | Train: skip eval | Valid: time=  1.9s loss=0.396, TAw acc= 93.0% | lr=5.4e-03
| Epoch  44, time= 30.3s | Train: skip eval | Valid: time=  1.9s loss=0.412, TAw acc= 92.0% | lr=5.2e-03
| Epoch  45, time= 27.7s | Train: skip eval | Valid: time=  2.4s loss=0.433, TAw acc= 90.8% | lr=5.1e-03
| Epoch  46, time= 29.8s | Train: skip eval | Valid: time=  1.9s loss=0.403, TAw acc= 92.2% | lr=4.9e-03
| Epoch  47, time= 29.4s | Train: skip eval | Valid: time=  1.9s loss=0.407, TAw acc= 91.8% | lr=4.7e-03
| Epoch  48, time= 29.1s | Train: skip eval | Valid: time=  1.9s loss=0.432, TAw acc= 92.0% | lr=4.5e-03
| Epoch  49, time= 32.4s | Train: skip eval | Valid: time=  1.9s loss=0.431, TAw acc= 91.8% | lr=4.4e-03
| Epoch  50, time= 27.1s | Train: skip eval | Valid: time=  2.0s loss=0.446, TAw acc= 91.0% | lr=4.2e-03
| Epoch  51, time= 28.8s | Train: skip eval | Valid: time=  1.9s loss=0.413, TAw acc= 92.2% | lr=4.0e-03
| Epoch  52, time= 31.1s | Train: skip eval | Valid: time=  2.1s loss=0.408, TAw acc= 92.8% | lr=3.9e-03
| Epoch  53, time= 28.8s | Train: skip eval | Valid: time=  1.9s loss=0.422, TAw acc= 93.0% | lr=3.7e-03
| Epoch  54, time= 29.3s | Train: skip eval | Valid: time=  2.4s loss=0.416, TAw acc= 92.0% | lr=3.5e-03
| Epoch  55, time= 33.2s | Train: skip eval | Valid: time=  1.9s loss=0.393, TAw acc= 93.2% | lr=3.4e-03
| Epoch  56, time= 31.4s | Train: skip eval | Valid: time=  1.9s loss=0.396, TAw acc= 92.8% | lr=3.2e-03
| Epoch  57, time= 29.1s | Train: skip eval | Valid: time=  2.0s loss=0.389, TAw acc= 92.5% | lr=3.0e-03
| Epoch  58, time= 32.5s | Train: skip eval | Valid: time=  2.4s loss=0.399, TAw acc= 92.8% | lr=2.9e-03
| Epoch  59, time= 30.4s | Train: skip eval | Valid: time=  2.3s loss=0.391, TAw acc= 92.8% | lr=2.7e-03
| Epoch  60, time= 35.6s | Train: skip eval | Valid: time=  2.1s loss=0.412, TAw acc= 92.5% | lr=2.6e-03
| Epoch  61, time= 33.0s | Train: skip eval | Valid: time=  1.9s loss=0.413, TAw acc= 92.2% | lr=2.4e-03
| Epoch  62, time= 36.1s | Train: skip eval | Valid: time=  1.9s loss=0.411, TAw acc= 92.5% | lr=2.3e-03
| Epoch  63, time= 28.6s | Train: skip eval | Valid: time=  1.9s loss=0.409, TAw acc= 93.5% | lr=2.1e-03
| Epoch  64, time= 33.5s | Train: skip eval | Valid: time=  2.2s loss=0.404, TAw acc= 93.2% | lr=2.0e-03
| Epoch  65, time= 28.2s | Train: skip eval | Valid: time=  2.5s loss=0.409, TAw acc= 93.5% | lr=1.9e-03
| Epoch  66, time= 29.0s | Train: skip eval | Valid: time=  2.2s loss=0.408, TAw acc= 93.8% | lr=1.7e-03
| Epoch  67, time= 35.1s | Train: skip eval | Valid: time=  1.9s loss=0.408, TAw acc= 93.2% | lr=1.6e-03
| Epoch  68, time= 32.3s | Train: skip eval | Valid: time=  2.4s loss=0.414, TAw acc= 93.0% | lr=1.5e-03
| Epoch  69, time= 28.1s | Train: skip eval | Valid: time=  2.1s loss=0.419, TAw acc= 92.2% | lr=1.4e-03
| Epoch  70, time= 30.7s | Train: skip eval | Valid: time=  2.0s loss=0.433, TAw acc= 92.8% | lr=1.3e-03
| Epoch  71, time= 28.5s | Train: skip eval | Valid: time=  2.0s loss=0.415, TAw acc= 93.0% | lr=1.1e-03
| Epoch  72, time= 32.2s | Train: skip eval | Valid: time=  1.9s loss=0.416, TAw acc= 92.2% | lr=1.0e-03
| Epoch  73, time= 27.7s | Train: skip eval | Valid: time=  2.0s loss=0.427, TAw acc= 92.2% | lr=9.5e-04
| Epoch  74, time= 31.9s | Train: skip eval | Valid: time=  2.4s loss=0.419, TAw acc= 93.2% | lr=8.5e-04
| Epoch  75, time= 29.7s | Train: skip eval | Valid: time=  2.5s loss=0.414, TAw acc= 92.5% | lr=7.6e-04
| Epoch  76, time= 29.9s | Train: skip eval | Valid: time=  2.2s loss=0.415, TAw acc= 92.2% | lr=6.8e-04
| Epoch  77, time= 27.9s | Train: skip eval | Valid: time=  2.0s loss=0.416, TAw acc= 92.5% | lr=6.0e-04
| Epoch  78, time= 30.3s | Train: skip eval | Valid: time=  2.0s loss=0.412, TAw acc= 92.5% | lr=5.3e-04
| Epoch  79, time= 32.6s | Train: skip eval | Valid: time=  1.9s loss=0.414, TAw acc= 92.2% | lr=4.6e-04
| Epoch  80, time= 33.1s | Train: skip eval | Valid: time=  2.0s loss=0.413, TAw acc= 93.0% | lr=4.0e-04
| Epoch  81, time= 29.5s | Train: skip eval | Valid: time=  1.9s loss=0.414, TAw acc= 92.8% | lr=3.4e-04
| Epoch  82, time= 29.3s | Train: skip eval | Valid: time=  1.9s loss=0.414, TAw acc= 92.2% | lr=2.9e-04
| Epoch  83, time= 27.3s | Train: skip eval | Valid: time=  1.9s loss=0.412, TAw acc= 92.5% | lr=2.5e-04
| Epoch  84, time= 31.5s | Train: skip eval | Valid: time=  2.5s loss=0.413, TAw acc= 92.5% | lr=2.1e-04
| Epoch  85, time= 34.6s | Train: skip eval | Valid: time=  2.5s loss=0.410, TAw acc= 92.8% | lr=1.8e-04
| Epoch  86, time= 29.6s | Train: skip eval | Valid: time=  1.9s loss=0.411, TAw acc= 92.8% | lr=1.5e-04
| Epoch  87, time= 32.3s | Train: skip eval | Valid: time=  2.0s loss=0.411, TAw acc= 92.8% | lr=1.3e-04
| Epoch  88, time= 34.6s | Train: skip eval | Valid: time=  1.9s loss=0.409, TAw acc= 93.0% | lr=1.1e-04
| Epoch  89, time= 27.3s | Train: skip eval | Valid: time=  2.5s loss=0.408, TAw acc= 92.8% | lr=1.0e-04
| Epoch  90, time= 28.0s | Train: skip eval | Valid: time=  2.3s loss=0.408, TAw acc= 92.8% | lr=1.0e-04
| Selected 4020 train exemplars, time=  4.5s
------------------------------------------------------------------------------------------------------------
>>> Test on task  0 : loss=0.380 | TAw acc= 89.4%, forg=  3.8% | TAg acc= 59.2%, forg= 34.0% <<<
>>> Test on task  1 : loss=0.761 | TAw acc= 86.3%, forg=  3.4% | TAg acc= 61.2%, forg= 22.9% <<<
>>> Test on task  2 : loss=0.606 | TAw acc= 91.6%, forg=  1.2% | TAg acc= 69.7%, forg= 19.3% <<<
>>> Test on task  3 : loss=1.050 | TAw acc= 86.0%, forg=  2.2% | TAg acc= 56.4%, forg= 25.8% <<<
>>> Test on task  4 : loss=0.817 | TAw acc= 88.3%, forg=  0.6% | TAg acc= 69.1%, forg= 17.3% <<<
>>> Test on task  5 : loss=0.612 | TAw acc= 87.4%, forg=  0.0% | TAg acc= 82.9%, forg=  0.0% <<<
Save at ./results/./results/vit_small_patch16_224.augreg_in1k/inat200/replay/10
************************************************************************************************************
TAw Acc
	 93.2%   0.0%   0.0%   0.0%   0.0%   0.0%   0.0%   0.0%   0.0%   0.0%   0.0%   0.0%   0.0%   0.0%   0.0%   0.0%   0.0%   0.0%   0.0%   0.0% 	Avg.: 93.2% 
	 92.0%  89.7%   0.0%   0.0%   0.0%   0.0%   0.0%   0.0%   0.0%   0.0%   0.0%   0.0%   0.0%   0.0%   0.0%   0.0%   0.0%   0.0%   0.0%   0.0% 	Avg.: 90.8% 
	 92.6%  88.6%  92.8%   0.0%   0.0%   0.0%   0.0%   0.0%   0.0%   0.0%   0.0%   0.0%   0.0%   0.0%   0.0%   0.0%   0.0%   0.0%   0.0%   0.0% 	Avg.: 91.3% 
	 90.9%  89.0%  92.2%  88.2%   0.0%   0.0%   0.0%   0.0%   0.0%   0.0%   0.0%   0.0%   0.0%   0.0%   0.0%   0.0%   0.0%   0.0%   0.0%   0.0% 	Avg.: 90.1% 
	 91.6%  88.5%  91.5%  87.4%  88.9%   0.0%   0.0%   0.0%   0.0%   0.0%   0.0%   0.0%   0.0%   0.0%   0.0%   0.0%   0.0%   0.0%   0.0%   0.0% 	Avg.: 89.6% 
	 89.4%  86.3%  91.6%  86.0%  88.3%  87.4%   0.0%   0.0%   0.0%   0.0%   0.0%   0.0%   0.0%   0.0%   0.0%   0.0%   0.0%   0.0%   0.0%   0.0% 	Avg.: 88.2% 
	  0.0%   0.0%   0.0%   0.0%   0.0%   0.0%   0.0%   0.0%   0.0%   0.0%   0.0%   0.0%   0.0%   0.0%   0.0%   0.0%   0.0%   0.0%   0.0%   0.0% 	Avg.:  0.0% 
	  0.0%   0.0%   0.0%   0.0%   0.0%   0.0%   0.0%   0.0%   0.0%   0.0%   0.0%   0.0%   0.0%   0.0%   0.0%   0.0%   0.0%   0.0%   0.0%   0.0% 	Avg.:  0.0% 
	  0.0%   0.0%   0.0%   0.0%   0.0%   0.0%   0.0%   0.0%   0.0%   0.0%   0.0%   0.0%   0.0%   0.0%   0.0%   0.0%   0.0%   0.0%   0.0%   0.0% 	Avg.:  0.0% 
	  0.0%   0.0%   0.0%   0.0%   0.0%   0.0%   0.0%   0.0%   0.0%   0.0%   0.0%   0.0%   0.0%   0.0%   0.0%   0.0%   0.0%   0.0%   0.0%   0.0% 	Avg.:  0.0% 
	  0.0%   0.0%   0.0%   0.0%   0.0%   0.0%   0.0%   0.0%   0.0%   0.0%   0.0%   0.0%   0.0%   0.0%   0.0%   0.0%   0.0%   0.0%   0.0%   0.0% 	Avg.:  0.0% 
	  0.0%   0.0%   0.0%   0.0%   0.0%   0.0%   0.0%   0.0%   0.0%   0.0%   0.0%   0.0%   0.0%   0.0%   0.0%   0.0%   0.0%   0.0%   0.0%   0.0% 	Avg.:  0.0% 
	  0.0%   0.0%   0.0%   0.0%   0.0%   0.0%   0.0%   0.0%   0.0%   0.0%   0.0%   0.0%   0.0%   0.0%   0.0%   0.0%   0.0%   0.0%   0.0%   0.0% 	Avg.:  0.0% 
	  0.0%   0.0%   0.0%   0.0%   0.0%   0.0%   0.0%   0.0%   0.0%   0.0%   0.0%   0.0%   0.0%   0.0%   0.0%   0.0%   0.0%   0.0%   0.0%   0.0% 	Avg.:  0.0% 
	  0.0%   0.0%   0.0%   0.0%   0.0%   0.0%   0.0%   0.0%   0.0%   0.0%   0.0%   0.0%   0.0%   0.0%   0.0%   0.0%   0.0%   0.0%   0.0%   0.0% 	Avg.:  0.0% 
	  0.0%   0.0%   0.0%   0.0%   0.0%   0.0%   0.0%   0.0%   0.0%   0.0%   0.0%   0.0%   0.0%   0.0%   0.0%   0.0%   0.0%   0.0%   0.0%   0.0% 	Avg.:  0.0% 
	  0.0%   0.0%   0.0%   0.0%   0.0%   0.0%   0.0%   0.0%   0.0%   0.0%   0.0%   0.0%   0.0%   0.0%   0.0%   0.0%   0.0%   0.0%   0.0%   0.0% 	Avg.:  0.0% 
	  0.0%   0.0%   0.0%   0.0%   0.0%   0.0%   0.0%   0.0%   0.0%   0.0%   0.0%   0.0%   0.0%   0.0%   0.0%   0.0%   0.0%   0.0%   0.0%   0.0% 	Avg.:  0.0% 
	  0.0%   0.0%   0.0%   0.0%   0.0%   0.0%   0.0%   0.0%   0.0%   0.0%   0.0%   0.0%   0.0%   0.0%   0.0%   0.0%   0.0%   0.0%   0.0%   0.0% 	Avg.:  0.0% 
	  0.0%   0.0%   0.0%   0.0%   0.0%   0.0%   0.0%   0.0%   0.0%   0.0%   0.0%   0.0%   0.0%   0.0%   0.0%   0.0%   0.0%   0.0%   0.0%   0.0% 	Avg.:  0.0% 
************************************************************************************************************
TAg Acc
	 93.2%   0.0%   0.0%   0.0%   0.0%   0.0%   0.0%   0.0%   0.0%   0.0%   0.0%   0.0%   0.0%   0.0%   0.0%   0.0%   0.0%   0.0%   0.0%   0.0% 	Avg.: 93.2% 
	 83.3%  84.1%   0.0%   0.0%   0.0%   0.0%   0.0%   0.0%   0.0%   0.0%   0.0%   0.0%   0.0%   0.0%   0.0%   0.0%   0.0%   0.0%   0.0%   0.0% 	Avg.: 83.7% 
	 77.7%  78.7%  89.0%   0.0%   0.0%   0.0%   0.0%   0.0%   0.0%   0.0%   0.0%   0.0%   0.0%   0.0%   0.0%   0.0%   0.0%   0.0%   0.0%   0.0% 	Avg.: 81.8% 
	 78.3%  71.6%  78.5%  82.2%   0.0%   0.0%   0.0%   0.0%   0.0%   0.0%   0.0%   0.0%   0.0%   0.0%   0.0%   0.0%   0.0%   0.0%   0.0%   0.0% 	Avg.: 77.7% 
	 69.5%  64.5%  72.7%  65.5%  86.4%   0.0%   0.0%   0.0%   0.0%   0.0%   0.0%   0.0%   0.0%   0.0%   0.0%   0.0%   0.0%   0.0%   0.0%   0.0% 	Avg.: 71.7% 
	 59.2%  61.2%  69.7%  56.4%  69.1%  82.9%   0.0%   0.0%   0.0%   0.0%   0.0%   0.0%   0.0%   0.0%   0.0%   0.0%   0.0%   0.0%   0.0%   0.0% 	Avg.: 66.4% 
	  0.0%   0.0%   0.0%   0.0%   0.0%   0.0%   0.0%   0.0%   0.0%   0.0%   0.0%   0.0%   0.0%   0.0%   0.0%   0.0%   0.0%   0.0%   0.0%   0.0% 	Avg.:  0.0% 
	  0.0%   0.0%   0.0%   0.0%   0.0%   0.0%   0.0%   0.0%   0.0%   0.0%   0.0%   0.0%   0.0%   0.0%   0.0%   0.0%   0.0%   0.0%   0.0%   0.0% 	Avg.:  0.0% 
	  0.0%   0.0%   0.0%   0.0%   0.0%   0.0%   0.0%   0.0%   0.0%   0.0%   0.0%   0.0%   0.0%   0.0%   0.0%   0.0%   0.0%   0.0%   0.0%   0.0% 	Avg.:  0.0% 
	  0.0%   0.0%   0.0%   0.0%   0.0%   0.0%   0.0%   0.0%   0.0%   0.0%   0.0%   0.0%   0.0%   0.0%   0.0%   0.0%   0.0%   0.0%   0.0%   0.0% 	Avg.:  0.0% 
	  0.0%   0.0%   0.0%   0.0%   0.0%   0.0%   0.0%   0.0%   0.0%   0.0%   0.0%   0.0%   0.0%   0.0%   0.0%   0.0%   0.0%   0.0%   0.0%   0.0% 	Avg.:  0.0% 
	  0.0%   0.0%   0.0%   0.0%   0.0%   0.0%   0.0%   0.0%   0.0%   0.0%   0.0%   0.0%   0.0%   0.0%   0.0%   0.0%   0.0%   0.0%   0.0%   0.0% 	Avg.:  0.0% 
	  0.0%   0.0%   0.0%   0.0%   0.0%   0.0%   0.0%   0.0%   0.0%   0.0%   0.0%   0.0%   0.0%   0.0%   0.0%   0.0%   0.0%   0.0%   0.0%   0.0% 	Avg.:  0.0% 
	  0.0%   0.0%   0.0%   0.0%   0.0%   0.0%   0.0%   0.0%   0.0%   0.0%   0.0%   0.0%   0.0%   0.0%   0.0%   0.0%   0.0%   0.0%   0.0%   0.0% 	Avg.:  0.0% 
	  0.0%   0.0%   0.0%   0.0%   0.0%   0.0%   0.0%   0.0%   0.0%   0.0%   0.0%   0.0%   0.0%   0.0%   0.0%   0.0%   0.0%   0.0%   0.0%   0.0% 	Avg.:  0.0% 
	  0.0%   0.0%   0.0%   0.0%   0.0%   0.0%   0.0%   0.0%   0.0%   0.0%   0.0%   0.0%   0.0%   0.0%   0.0%   0.0%   0.0%   0.0%   0.0%   0.0% 	Avg.:  0.0% 
	  0.0%   0.0%   0.0%   0.0%   0.0%   0.0%   0.0%   0.0%   0.0%   0.0%   0.0%   0.0%   0.0%   0.0%   0.0%   0.0%   0.0%   0.0%   0.0%   0.0% 	Avg.:  0.0% 
	  0.0%   0.0%   0.0%   0.0%   0.0%   0.0%   0.0%   0.0%   0.0%   0.0%   0.0%   0.0%   0.0%   0.0%   0.0%   0.0%   0.0%   0.0%   0.0%   0.0% 	Avg.:  0.0% 
	  0.0%   0.0%   0.0%   0.0%   0.0%   0.0%   0.0%   0.0%   0.0%   0.0%   0.0%   0.0%   0.0%   0.0%   0.0%   0.0%   0.0%   0.0%   0.0%   0.0% 	Avg.:  0.0% 
	  0.0%   0.0%   0.0%   0.0%   0.0%   0.0%   0.0%   0.0%   0.0%   0.0%   0.0%   0.0%   0.0%   0.0%   0.0%   0.0%   0.0%   0.0%   0.0%   0.0% 	Avg.:  0.0% 
************************************************************************************************************
TAw Forg
	  0.0%   0.0%   0.0%   0.0%   0.0%   0.0%   0.0%   0.0%   0.0%   0.0%   0.0%   0.0%   0.0%   0.0%   0.0%   0.0%   0.0%   0.0%   0.0%   0.0% 
	  1.2%   0.0%   0.0%   0.0%   0.0%   0.0%   0.0%   0.0%   0.0%   0.0%   0.0%   0.0%   0.0%   0.0%   0.0%   0.0%   0.0%   0.0%   0.0%   0.0% 	Avg.:  1.2% 
	  0.6%   1.1%   0.0%   0.0%   0.0%   0.0%   0.0%   0.0%   0.0%   0.0%   0.0%   0.0%   0.0%   0.0%   0.0%   0.0%   0.0%   0.0%   0.0%   0.0% 	Avg.:  0.9% 
	  2.3%   0.7%   0.6%   0.0%   0.0%   0.0%   0.0%   0.0%   0.0%   0.0%   0.0%   0.0%   0.0%   0.0%   0.0%   0.0%   0.0%   0.0%   0.0%   0.0% 	Avg.:  1.2% 
	  1.6%   1.2%   1.3%   0.8%   0.0%   0.0%   0.0%   0.0%   0.0%   0.0%   0.0%   0.0%   0.0%   0.0%   0.0%   0.0%   0.0%   0.0%   0.0%   0.0% 	Avg.:  1.2% 
	  3.8%   3.4%   1.2%   2.2%   0.6%   0.0%   0.0%   0.0%   0.0%   0.0%   0.0%   0.0%   0.0%   0.0%   0.0%   0.0%   0.0%   0.0%   0.0%   0.0% 	Avg.:  2.2% 
	  0.0%   0.0%   0.0%   0.0%   0.0%   0.0%   0.0%   0.0%   0.0%   0.0%   0.0%   0.0%   0.0%   0.0%   0.0%   0.0%   0.0%   0.0%   0.0%   0.0% 	Avg.:  0.0% 
	  0.0%   0.0%   0.0%   0.0%   0.0%   0.0%   0.0%   0.0%   0.0%   0.0%   0.0%   0.0%   0.0%   0.0%   0.0%   0.0%   0.0%   0.0%   0.0%   0.0% 	Avg.:  0.0% 
	  0.0%   0.0%   0.0%   0.0%   0.0%   0.0%   0.0%   0.0%   0.0%   0.0%   0.0%   0.0%   0.0%   0.0%   0.0%   0.0%   0.0%   0.0%   0.0%   0.0% 	Avg.:  0.0% 
	  0.0%   0.0%   0.0%   0.0%   0.0%   0.0%   0.0%   0.0%   0.0%   0.0%   0.0%   0.0%   0.0%   0.0%   0.0%   0.0%   0.0%   0.0%   0.0%   0.0% 	Avg.:  0.0% 
	  0.0%   0.0%   0.0%   0.0%   0.0%   0.0%   0.0%   0.0%   0.0%   0.0%   0.0%   0.0%   0.0%   0.0%   0.0%   0.0%   0.0%   0.0%   0.0%   0.0% 	Avg.:  0.0% 
	  0.0%   0.0%   0.0%   0.0%   0.0%   0.0%   0.0%   0.0%   0.0%   0.0%   0.0%   0.0%   0.0%   0.0%   0.0%   0.0%   0.0%   0.0%   0.0%   0.0% 	Avg.:  0.0% 
	  0.0%   0.0%   0.0%   0.0%   0.0%   0.0%   0.0%   0.0%   0.0%   0.0%   0.0%   0.0%   0.0%   0.0%   0.0%   0.0%   0.0%   0.0%   0.0%   0.0% 	Avg.:  0.0% 
	  0.0%   0.0%   0.0%   0.0%   0.0%   0.0%   0.0%   0.0%   0.0%   0.0%   0.0%   0.0%   0.0%   0.0%   0.0%   0.0%   0.0%   0.0%   0.0%   0.0% 	Avg.:  0.0% 
	  0.0%   0.0%   0.0%   0.0%   0.0%   0.0%   0.0%   0.0%   0.0%   0.0%   0.0%   0.0%   0.0%   0.0%   0.0%   0.0%   0.0%   0.0%   0.0%   0.0% 	Avg.:  0.0% 
	  0.0%   0.0%   0.0%   0.0%   0.0%   0.0%   0.0%   0.0%   0.0%   0.0%   0.0%   0.0%   0.0%   0.0%   0.0%   0.0%   0.0%   0.0%   0.0%   0.0% 	Avg.:  0.0% 
	  0.0%   0.0%   0.0%   0.0%   0.0%   0.0%   0.0%   0.0%   0.0%   0.0%   0.0%   0.0%   0.0%   0.0%   0.0%   0.0%   0.0%   0.0%   0.0%   0.0% 	Avg.:  0.0% 
	  0.0%   0.0%   0.0%   0.0%   0.0%   0.0%   0.0%   0.0%   0.0%   0.0%   0.0%   0.0%   0.0%   0.0%   0.0%   0.0%   0.0%   0.0%   0.0%   0.0% 	Avg.:  0.0% 
	  0.0%   0.0%   0.0%   0.0%   0.0%   0.0%   0.0%   0.0%   0.0%   0.0%   0.0%   0.0%   0.0%   0.0%   0.0%   0.0%   0.0%   0.0%   0.0%   0.0% 	Avg.:  0.0% 
	  0.0%   0.0%   0.0%   0.0%   0.0%   0.0%   0.0%   0.0%   0.0%   0.0%   0.0%   0.0%   0.0%   0.0%   0.0%   0.0%   0.0%   0.0%   0.0%   0.0% 	Avg.:  0.0% 
************************************************************************************************************
TAg Forg
	  0.0%   0.0%   0.0%   0.0%   0.0%   0.0%   0.0%   0.0%   0.0%   0.0%   0.0%   0.0%   0.0%   0.0%   0.0%   0.0%   0.0%   0.0%   0.0%   0.0% 
	  9.9%   0.0%   0.0%   0.0%   0.0%   0.0%   0.0%   0.0%   0.0%   0.0%   0.0%   0.0%   0.0%   0.0%   0.0%   0.0%   0.0%   0.0%   0.0%   0.0% 	Avg.:  9.9% 
	 15.5%   5.4%   0.0%   0.0%   0.0%   0.0%   0.0%   0.0%   0.0%   0.0%   0.0%   0.0%   0.0%   0.0%   0.0%   0.0%   0.0%   0.0%   0.0%   0.0% 	Avg.: 10.5% 
	 14.9%  12.5%  10.5%   0.0%   0.0%   0.0%   0.0%   0.0%   0.0%   0.0%   0.0%   0.0%   0.0%   0.0%   0.0%   0.0%   0.0%   0.0%   0.0%   0.0% 	Avg.: 12.6% 
	 23.7%  19.6%  16.3%  16.7%   0.0%   0.0%   0.0%   0.0%   0.0%   0.0%   0.0%   0.0%   0.0%   0.0%   0.0%   0.0%   0.0%   0.0%   0.0%   0.0% 	Avg.: 19.1% 
	 34.0%  22.9%  19.3%  25.8%  17.3%   0.0%   0.0%   0.0%   0.0%   0.0%   0.0%   0.0%   0.0%   0.0%   0.0%   0.0%   0.0%   0.0%   0.0%   0.0% 	Avg.: 23.9% 
	  0.0%   0.0%   0.0%   0.0%   0.0%   0.0%   0.0%   0.0%   0.0%   0.0%   0.0%   0.0%   0.0%   0.0%   0.0%   0.0%   0.0%   0.0%   0.0%   0.0% 	Avg.:  0.0% 
	  0.0%   0.0%   0.0%   0.0%   0.0%   0.0%   0.0%   0.0%   0.0%   0.0%   0.0%   0.0%   0.0%   0.0%   0.0%   0.0%   0.0%   0.0%   0.0%   0.0% 	Avg.:  0.0% 
	  0.0%   0.0%   0.0%   0.0%   0.0%   0.0%   0.0%   0.0%   0.0%   0.0%   0.0%   0.0%   0.0%   0.0%   0.0%   0.0%   0.0%   0.0%   0.0%   0.0% 	Avg.:  0.0% 
	  0.0%   0.0%   0.0%   0.0%   0.0%   0.0%   0.0%   0.0%   0.0%   0.0%   0.0%   0.0%   0.0%   0.0%   0.0%   0.0%   0.0%   0.0%   0.0%   0.0% 	Avg.:  0.0% 
	  0.0%   0.0%   0.0%   0.0%   0.0%   0.0%   0.0%   0.0%   0.0%   0.0%   0.0%   0.0%   0.0%   0.0%   0.0%   0.0%   0.0%   0.0%   0.0%   0.0% 	Avg.:  0.0% 
	  0.0%   0.0%   0.0%   0.0%   0.0%   0.0%   0.0%   0.0%   0.0%   0.0%   0.0%   0.0%   0.0%   0.0%   0.0%   0.0%   0.0%   0.0%   0.0%   0.0% 	Avg.:  0.0% 
	  0.0%   0.0%   0.0%   0.0%   0.0%   0.0%   0.0%   0.0%   0.0%   0.0%   0.0%   0.0%   0.0%   0.0%   0.0%   0.0%   0.0%   0.0%   0.0%   0.0% 	Avg.:  0.0% 
	  0.0%   0.0%   0.0%   0.0%   0.0%   0.0%   0.0%   0.0%   0.0%   0.0%   0.0%   0.0%   0.0%   0.0%   0.0%   0.0%   0.0%   0.0%   0.0%   0.0% 	Avg.:  0.0% 
	  0.0%   0.0%   0.0%   0.0%   0.0%   0.0%   0.0%   0.0%   0.0%   0.0%   0.0%   0.0%   0.0%   0.0%   0.0%   0.0%   0.0%   0.0%   0.0%   0.0% 	Avg.:  0.0% 
	  0.0%   0.0%   0.0%   0.0%   0.0%   0.0%   0.0%   0.0%   0.0%   0.0%   0.0%   0.0%   0.0%   0.0%   0.0%   0.0%   0.0%   0.0%   0.0%   0.0% 	Avg.:  0.0% 
	  0.0%   0.0%   0.0%   0.0%   0.0%   0.0%   0.0%   0.0%   0.0%   0.0%   0.0%   0.0%   0.0%   0.0%   0.0%   0.0%   0.0%   0.0%   0.0%   0.0% 	Avg.:  0.0% 
	  0.0%   0.0%   0.0%   0.0%   0.0%   0.0%   0.0%   0.0%   0.0%   0.0%   0.0%   0.0%   0.0%   0.0%   0.0%   0.0%   0.0%   0.0%   0.0%   0.0% 	Avg.:  0.0% 
	  0.0%   0.0%   0.0%   0.0%   0.0%   0.0%   0.0%   0.0%   0.0%   0.0%   0.0%   0.0%   0.0%   0.0%   0.0%   0.0%   0.0%   0.0%   0.0%   0.0% 	Avg.:  0.0% 
	  0.0%   0.0%   0.0%   0.0%   0.0%   0.0%   0.0%   0.0%   0.0%   0.0%   0.0%   0.0%   0.0%   0.0%   0.0%   0.0%   0.0%   0.0%   0.0%   0.0% 	Avg.:  0.0% 
************************************************************************************************************
[Elapsed time = 0.8 h]
Done!
