START_TASK=7 STOP_TASK=8
============================================================================================================
Arguments =
	approach: bic
	batch_size: 64
	classes_first_task: None
	clipping: 10000
	crop: 224
	data_path: ../data/inat200
	dataset: inat200
	eval_on_train: False
	experiment_path: None
	fix_bn: False
	freeze_backbone: False
	gpu: 0
	gpus: [0]
	increment: 10
	last_layer_analysis: False
	log: ['disk']
	lr: 0.01
	lr_factor: None
	lr_min: 0.0001
	lr_patience: None
	lr_scheduler: cosine
	lr_warmup_epochs: 0
	momentum: 0.0
	multi_softmax: False
	nepochs: 90
	network: vit_small_patch16_224.augreg_in1k
	no_cudnn_deterministic: False
	normalize: in1k
	num_workers: 2
	optimizer_name: sgd
	pin_memory: False
	pretrained: True
	resize: 224
	results_path: ./results
	save_models: True
	seed: 0
	start_at_task: 7
	start_epoch: 0
	stop_at_task: 8
	stop_epoch: 0
	use_valid_only: False
	warmup_lr_factor: 1.0
	warmup_nepochs: 0
	weight_decay: 0.0
============================================================================================================
Approach arguments =
	T: 2
	lamb: -1
	num_bias_epochs: 200
	val_exemplar_percentage: 0.1
============================================================================================================
Exemplars arguments =
	exemplar_selection: random
	num_exemplars: 2000
============================================================================================================
WARNING: ./results/vit_small_patch16_224.augreg_in1k/inat200/bic/10 already exists!
Loaded acc_taw from: ./results/vit_small_patch16_224.augreg_in1k/inat200/bic/10/acc_taw-6.txt
Loaded acc_tag from: ./results/vit_small_patch16_224.augreg_in1k/inat200/bic/10/acc_tag-6.txt
Loaded forg_taw from: ./results/vit_small_patch16_224.augreg_in1k/inat200/bic/10/forg_taw-6.txt
Loaded forg_tag from: ./results/vit_small_patch16_224.augreg_in1k/inat200/bic/10/forg_tag-6.txt
Loaded 7 bias layers from ./results/vit_small_patch16_224.augreg_in1k/inat200/bic/10/task6_bias_layers.pth
Loaded 1750 training exemplars from ./results/vit_small_patch16_224.augreg_in1k/inat200/bic/10/task6_exemplars.pth
Loaded val exemplars from ./results/vit_small_patch16_224.augreg_in1k/inat200/bic/10/task6_val_exemplars.pth
************************************************************************************************************
Task  7  [epochs 0-90]
************************************************************************************************************
Stage 0: Select validation exemplars for bias correction
 > Selected 240 val exemplars, time=0.0s
Stage 1: Backbone training with distillation
[params] total:21,696,464  trainable:21,696,464  tensors:166  trainable_tensors:166
| Epoch   1, time= 24.3s | Train: skip eval | Valid: time=  2.0s loss=3.066, TAw acc= 79.8% | * lr=1.0e-02
| Epoch   2, time= 24.0s | Train: skip eval | Valid: time=  1.9s loss=3.005, TAw acc= 86.0% | * lr=1.0e-02
| Epoch   3, time= 22.3s | Train: skip eval | Valid: time=  2.1s loss=2.995, TAw acc= 88.5% | * lr=1.0e-02
| Epoch   4, time= 25.2s | Train: skip eval | Valid: time=  1.8s loss=2.982, TAw acc= 89.5% | * lr=1.0e-02
| Epoch   5, time= 21.1s | Train: skip eval | Valid: time=  2.0s loss=2.972, TAw acc= 90.8% | * lr=9.9e-03
| Epoch   6, time= 23.0s | Train: skip eval | Valid: time=  1.8s loss=2.969, TAw acc= 89.8% | * lr=9.9e-03
| Epoch   7, time= 21.2s | Train: skip eval | Valid: time=  2.0s loss=2.975, TAw acc= 90.0% | lr=9.9e-03
| Epoch   8, time= 21.1s | Train: skip eval | Valid: time=  2.2s loss=2.966, TAw acc= 90.0% | * lr=9.8e-03
| Epoch   9, time= 24.4s | Train: skip eval | Valid: time=  1.8s loss=2.967, TAw acc= 90.0% | lr=9.8e-03
| Epoch  10, time= 21.6s | Train: skip eval | Valid: time=  2.0s loss=2.962, TAw acc= 90.5% | * lr=9.7e-03
| Epoch  11, time= 23.9s | Train: skip eval | Valid: time=  1.8s loss=2.966, TAw acc= 90.5% | lr=9.6e-03
| Epoch  12, time= 24.4s | Train: skip eval | Valid: time=  2.0s loss=2.960, TAw acc= 91.2% | * lr=9.6e-03
| Epoch  13, time= 21.1s | Train: skip eval | Valid: time=  2.0s loss=2.962, TAw acc= 91.2% | lr=9.5e-03
| Epoch  14, time= 25.4s | Train: skip eval | Valid: time=  2.0s loss=2.960, TAw acc= 91.2% | * lr=9.4e-03
| Epoch  15, time= 21.1s | Train: skip eval | Valid: time=  1.8s loss=2.959, TAw acc= 91.0% | * lr=9.3e-03
| Epoch  16, time= 24.2s | Train: skip eval | Valid: time=  2.1s loss=2.958, TAw acc= 91.5% | * lr=9.2e-03
| Epoch  17, time= 21.0s | Train: skip eval | Valid: time=  1.8s loss=2.959, TAw acc= 91.2% | lr=9.2e-03
| Epoch  18, time= 22.3s | Train: skip eval | Valid: time=  1.8s loss=2.959, TAw acc= 91.8% | lr=9.1e-03
| Epoch  19, time= 21.7s | Train: skip eval | Valid: time=  1.8s loss=2.958, TAw acc= 91.5% | * lr=9.0e-03
| Epoch  20, time= 20.7s | Train: skip eval | Valid: time=  1.8s loss=2.957, TAw acc= 91.5% | * lr=8.8e-03
| Epoch  21, time= 23.4s | Train: skip eval | Valid: time=  1.8s loss=2.956, TAw acc= 91.2% | * lr=8.7e-03
| Epoch  22, time= 22.2s | Train: skip eval | Valid: time=  2.1s loss=2.959, TAw acc= 90.8% | lr=8.6e-03
| Epoch  23, time= 22.1s | Train: skip eval | Valid: time=  1.9s loss=2.957, TAw acc= 91.0% | lr=8.5e-03
| Epoch  24, time= 22.1s | Train: skip eval | Valid: time=  2.0s loss=2.958, TAw acc= 90.5% | lr=8.4e-03
| Epoch  25, time= 21.8s | Train: skip eval | Valid: time=  1.8s loss=2.956, TAw acc= 91.2% | lr=8.2e-03
| Epoch  26, time= 22.1s | Train: skip eval | Valid: time=  2.2s loss=2.958, TAw acc= 91.5% | lr=8.1e-03
| Epoch  27, time= 24.5s | Train: skip eval | Valid: time=  1.9s loss=2.956, TAw acc= 91.0% | * lr=8.0e-03
| Epoch  28, time= 21.8s | Train: skip eval | Valid: time=  1.8s loss=2.956, TAw acc= 91.8% | lr=7.8e-03
| Epoch  29, time= 24.8s | Train: skip eval | Valid: time=  2.0s loss=2.956, TAw acc= 90.2% | lr=7.7e-03
| Epoch  30, time= 24.2s | Train: skip eval | Valid: time=  2.0s loss=2.954, TAw acc= 91.8% | * lr=7.5e-03
| Epoch  31, time= 23.8s | Train: skip eval | Valid: time=  1.8s loss=2.955, TAw acc= 92.2% | lr=7.4e-03
| Epoch  32, time= 21.1s | Train: skip eval | Valid: time=  2.2s loss=2.957, TAw acc= 90.8% | lr=7.2e-03
| Epoch  33, time= 22.9s | Train: skip eval | Valid: time=  1.8s loss=2.954, TAw acc= 91.5% | lr=7.1e-03
| Epoch  34, time= 23.9s | Train: skip eval | Valid: time=  1.8s loss=2.956, TAw acc= 91.2% | lr=6.9e-03
| Epoch  35, time= 24.3s | Train: skip eval | Valid: time=  2.0s loss=2.956, TAw acc= 91.0% | lr=6.7e-03
| Epoch  36, time= 22.2s | Train: skip eval | Valid: time=  1.8s loss=2.955, TAw acc= 90.2% | lr=6.6e-03
| Epoch  37, time= 21.4s | Train: skip eval | Valid: time=  1.8s loss=2.954, TAw acc= 91.2% | lr=6.4e-03
| Epoch  38, time= 25.4s | Train: skip eval | Valid: time=  1.8s loss=2.954, TAw acc= 91.5% | * lr=6.2e-03
| Epoch  39, time= 21.4s | Train: skip eval | Valid: time=  1.9s loss=2.953, TAw acc= 92.0% | * lr=6.1e-03
| Epoch  40, time= 21.9s | Train: skip eval | Valid: time=  2.1s loss=2.955, TAw acc= 91.8% | lr=5.9e-03
| Epoch  41, time= 21.1s | Train: skip eval | Valid: time=  1.8s loss=2.954, TAw acc= 91.5% | lr=5.7e-03
| Epoch  42, time= 23.7s | Train: skip eval | Valid: time=  2.0s loss=2.954, TAw acc= 91.5% | lr=5.6e-03
| Epoch  43, time= 22.8s | Train: skip eval | Valid: time=  2.1s loss=2.955, TAw acc= 90.5% | lr=5.4e-03
| Epoch  44, time= 24.1s | Train: skip eval | Valid: time=  1.8s loss=2.955, TAw acc= 91.0% | lr=5.2e-03
| Epoch  45, time= 22.5s | Train: skip eval | Valid: time=  1.8s loss=2.954, TAw acc= 91.8% | lr=5.1e-03
| Epoch  46, time= 20.8s | Train: skip eval | Valid: time=  1.8s loss=2.955, TAw acc= 91.5% | lr=4.9e-03
| Epoch  47, time= 22.4s | Train: skip eval | Valid: time=  1.9s loss=2.954, TAw acc= 91.5% | lr=4.7e-03
| Epoch  48, time= 22.7s | Train: skip eval | Valid: time=  1.8s loss=2.953, TAw acc= 91.0% | lr=4.5e-03
| Epoch  49, time= 21.7s | Train: skip eval | Valid: time=  1.8s loss=2.952, TAw acc= 91.2% | * lr=4.4e-03
| Epoch  50, time= 23.0s | Train: skip eval | Valid: time=  2.0s loss=2.953, TAw acc= 91.8% | lr=4.2e-03
| Epoch  51, time= 23.2s | Train: skip eval | Valid: time=  2.0s loss=2.954, TAw acc= 91.2% | lr=4.0e-03
| Epoch  52, time= 21.6s | Train: skip eval | Valid: time=  1.8s loss=2.953, TAw acc= 91.0% | lr=3.9e-03
| Epoch  53, time= 24.5s | Train: skip eval | Valid: time=  1.7s loss=2.953, TAw acc= 91.8% | lr=3.7e-03
| Epoch  54, time= 21.3s | Train: skip eval | Valid: time=  1.8s loss=2.952, TAw acc= 91.5% | * lr=3.5e-03
| Epoch  55, time= 23.4s | Train: skip eval | Valid: time=  2.0s loss=2.952, TAw acc= 91.8% | * lr=3.4e-03
| Epoch  56, time= 20.5s | Train: skip eval | Valid: time=  1.8s loss=2.951, TAw acc= 91.8% | * lr=3.2e-03
| Epoch  57, time= 22.1s | Train: skip eval | Valid: time=  1.8s loss=2.952, TAw acc= 91.8% | lr=3.0e-03
| Epoch  58, time= 23.2s | Train: skip eval | Valid: time=  2.0s loss=2.952, TAw acc= 91.5% | lr=2.9e-03
| Epoch  59, time= 19.5s | Train: skip eval | Valid: time=  1.8s loss=2.952, TAw acc= 91.5% | lr=2.7e-03
| Epoch  60, time= 21.2s | Train: skip eval | Valid: time=  2.3s loss=2.952, TAw acc= 91.8% | lr=2.6e-03
| Epoch  61, time= 25.0s | Train: skip eval | Valid: time=  1.9s loss=2.952, TAw acc= 91.8% | lr=2.4e-03
| Epoch  62, time= 23.0s | Train: skip eval | Valid: time=  2.2s loss=2.952, TAw acc= 91.5% | lr=2.3e-03
| Epoch  63, time= 25.3s | Train: skip eval | Valid: time=  1.8s loss=2.952, TAw acc= 91.8% | lr=2.1e-03
| Epoch  64, time= 21.0s | Train: skip eval | Valid: time=  1.9s loss=2.952, TAw acc= 92.0% | lr=2.0e-03
| Epoch  65, time= 24.9s | Train: skip eval | Valid: time=  1.7s loss=2.952, TAw acc= 91.5% | lr=1.9e-03
| Epoch  66, time= 21.2s | Train: skip eval | Valid: time=  2.0s loss=2.952, TAw acc= 91.8% | lr=1.7e-03
| Epoch  67, time= 22.0s | Train: skip eval | Valid: time=  1.8s loss=2.952, TAw acc= 92.0% | lr=1.6e-03
| Epoch  68, time= 21.1s | Train: skip eval | Valid: time=  1.8s loss=2.952, TAw acc= 91.8% | lr=1.5e-03
| Epoch  69, time= 22.0s | Train: skip eval | Valid: time=  2.3s loss=2.952, TAw acc= 91.0% | lr=1.4e-03
| Epoch  70, time= 21.5s | Train: skip eval | Valid: time=  1.8s loss=2.952, TAw acc= 91.2% | lr=1.3e-03
| Epoch  71, time= 25.1s | Train: skip eval | Valid: time=  1.8s loss=2.952, TAw acc= 91.2% | lr=1.1e-03
| Epoch  72, time= 22.3s | Train: skip eval | Valid: time=  2.1s loss=2.952, TAw acc= 91.2% | lr=1.0e-03
| Epoch  73, time= 21.9s | Train: skip eval | Valid: time=  1.8s loss=2.952, TAw acc= 91.5% | lr=9.5e-04
| Epoch  74, time= 23.6s | Train: skip eval | Valid: time=  2.2s loss=2.952, TAw acc= 91.5% | lr=8.5e-04
| Epoch  75, time= 21.9s | Train: skip eval | Valid: time=  1.8s loss=2.952, TAw acc= 91.8% | lr=7.6e-04
| Epoch  76, time= 23.0s | Train: skip eval | Valid: time=  2.2s loss=2.952, TAw acc= 91.5% | lr=6.8e-04
| Epoch  77, time= 21.2s | Train: skip eval | Valid: time=  1.8s loss=2.952, TAw acc= 91.5% | lr=6.0e-04
| Epoch  78, time= 22.5s | Train: skip eval | Valid: time=  2.0s loss=2.952, TAw acc= 91.5% | lr=5.3e-04
| Epoch  79, time= 22.6s | Train: skip eval | Valid: time=  1.8s loss=2.952, TAw acc= 91.5% | lr=4.6e-04
| Epoch  80, time= 23.1s | Train: skip eval | Valid: time=  2.3s loss=2.952, TAw acc= 91.2% | lr=4.0e-04
| Epoch  81, time= 22.7s | Train: skip eval | Valid: time=  1.8s loss=2.952, TAw acc= 91.5% | lr=3.4e-04
| Epoch  82, time= 21.9s | Train: skip eval | Valid: time=  2.3s loss=2.952, TAw acc= 91.5% | lr=2.9e-04
| Epoch  83, time= 23.6s | Train: skip eval | Valid: time=  2.3s loss=2.952, TAw acc= 91.5% | lr=2.5e-04
| Epoch  84, time= 23.4s | Train: skip eval | Valid: time=  1.8s loss=2.952, TAw acc= 91.5% | lr=2.1e-04
| Epoch  85, time= 21.2s | Train: skip eval | Valid: time=  1.8s loss=2.952, TAw acc= 91.5% | lr=1.8e-04
| Epoch  86, time= 21.9s | Train: skip eval | Valid: time=  2.0s loss=2.952, TAw acc= 91.5% | lr=1.5e-04
| Epoch  87, time= 21.9s | Train: skip eval | Valid: time=  1.8s loss=2.952, TAw acc= 91.5% | lr=1.3e-04
| Epoch  88, time= 25.6s | Train: skip eval | Valid: time=  2.1s loss=2.952, TAw acc= 91.5% | lr=1.1e-04
| Epoch  89, time= 22.3s | Train: skip eval | Valid: time=  2.0s loss=2.952, TAw acc= 91.5% | lr=1.0e-04
| Epoch  90, time= 21.1s | Train: skip eval | Valid: time=  1.8s loss=2.952, TAw acc= 91.5% | lr=1.0e-04
Stage 2: Training bias correction layers
| Epoch  50, time=1.2s | Train: loss=1.354, TAg acc= 62.5% |
| Epoch 100, time=1.2s | Train: loss=1.305, TAg acc= 64.6% |
| Epoch 150, time=1.3s | Train: loss=1.421, TAg acc= 63.3% |
| Epoch 200, time=1.6s | Train: loss=1.303, TAg acc= 62.9% |
Stage 2: BiC Task 0: alpha=1.00000, beta=0.00000
Stage 2: BiC Task 1: alpha=0.78268, beta=-0.17216
Stage 2: BiC Task 2: alpha=0.80043, beta=-0.27733
Stage 2: BiC Task 3: alpha=0.65949, beta=-0.14473
Stage 2: BiC Task 4: alpha=0.69779, beta=-0.29363
Stage 2: BiC Task 5: alpha=0.72255, beta=-0.27732
Stage 2: BiC Task 6: alpha=0.72445, beta=-0.20508
Stage 2: BiC Task 7: alpha=0.67153, beta=-0.26332
| Selected 1760 train exemplars, time=  1.7s
------------------------------------------------------------------------------------------------------------
>>> Test on task  0 : loss=1.256 | TAw acc= 92.1%, forg=  1.4% | TAg acc= 68.8%, forg= 23.3% <<<
>>> Test on task  1 : loss=1.342 | TAw acc= 89.6%, forg=  0.6% | TAg acc= 66.8%, forg= 11.4% <<<
>>> Test on task  2 : loss=1.191 | TAw acc= 93.6%, forg= -0.5% | TAg acc= 75.6%, forg=  9.1% <<<
>>> Test on task  3 : loss=1.801 | TAw acc= 88.4%, forg= -0.3% | TAg acc= 61.8%, forg=  3.9% <<<
>>> Test on task  4 : loss=2.067 | TAw acc= 89.8%, forg=  0.5% | TAg acc= 65.5%, forg=  4.2% <<<
>>> Test on task  5 : loss=2.310 | TAw acc= 87.7%, forg=  0.5% | TAg acc= 69.2%, forg=  1.2% <<<
>>> Test on task  6 : loss=2.527 | TAw acc= 91.6%, forg=  0.1% | TAg acc= 72.0%, forg= -1.5% <<<
>>> Test on task  7 : loss=3.101 | TAw acc= 90.1%, forg=  0.0% | TAg acc= 58.7%, forg=  0.0% <<<
Save at ./results/./results/vit_small_patch16_224.augreg_in1k/inat200/bic/10
************************************************************************************************************
TAw Acc
	 92.1%   0.0%   0.0%   0.0%   0.0%   0.0%   0.0%   0.0%   0.0%   0.0%   0.0%   0.0%   0.0%   0.0%   0.0%   0.0%   0.0%   0.0%   0.0%   0.0% 	Avg.: 92.1% 
	 93.2%  89.9%   0.0%   0.0%   0.0%   0.0%   0.0%   0.0%   0.0%   0.0%   0.0%   0.0%   0.0%   0.0%   0.0%   0.0%   0.0%   0.0%   0.0%   0.0% 	Avg.: 91.5% 
	 93.5%  89.3%  93.1%   0.0%   0.0%   0.0%   0.0%   0.0%   0.0%   0.0%   0.0%   0.0%   0.0%   0.0%   0.0%   0.0%   0.0%   0.0%   0.0%   0.0% 	Avg.: 92.0% 
	 93.4%  89.8%  92.9%  88.1%   0.0%   0.0%   0.0%   0.0%   0.0%   0.0%   0.0%   0.0%   0.0%   0.0%   0.0%   0.0%   0.0%   0.0%   0.0%   0.0% 	Avg.: 91.1% 
	 92.6%  90.2%  93.1%  88.0%  89.8%   0.0%   0.0%   0.0%   0.0%   0.0%   0.0%   0.0%   0.0%   0.0%   0.0%   0.0%   0.0%   0.0%   0.0%   0.0% 	Avg.: 90.7% 
	 92.5%  90.0%  93.1%  87.8%  90.3%  87.7%   0.0%   0.0%   0.0%   0.0%   0.0%   0.0%   0.0%   0.0%   0.0%   0.0%   0.0%   0.0%   0.0%   0.0% 	Avg.: 90.2% 
	 91.9%  90.1%  92.9%  88.1%  90.3%  88.2%  91.7%   0.0%   0.0%   0.0%   0.0%   0.0%   0.0%   0.0%   0.0%   0.0%   0.0%   0.0%   0.0%   0.0% 	Avg.: 90.5% 
	 92.1%  89.6%  93.6%  88.4%  89.8%  87.7%  91.6%  90.1%   0.0%   0.0%   0.0%   0.0%   0.0%   0.0%   0.0%   0.0%   0.0%   0.0%   0.0%   0.0% 	Avg.: 90.4% 
	  0.0%   0.0%   0.0%   0.0%   0.0%   0.0%   0.0%   0.0%   0.0%   0.0%   0.0%   0.0%   0.0%   0.0%   0.0%   0.0%   0.0%   0.0%   0.0%   0.0% 	Avg.:  0.0% 
	  0.0%   0.0%   0.0%   0.0%   0.0%   0.0%   0.0%   0.0%   0.0%   0.0%   0.0%   0.0%   0.0%   0.0%   0.0%   0.0%   0.0%   0.0%   0.0%   0.0% 	Avg.:  0.0% 
	  0.0%   0.0%   0.0%   0.0%   0.0%   0.0%   0.0%   0.0%   0.0%   0.0%   0.0%   0.0%   0.0%   0.0%   0.0%   0.0%   0.0%   0.0%   0.0%   0.0% 	Avg.:  0.0% 
	  0.0%   0.0%   0.0%   0.0%   0.0%   0.0%   0.0%   0.0%   0.0%   0.0%   0.0%   0.0%   0.0%   0.0%   0.0%   0.0%   0.0%   0.0%   0.0%   0.0% 	Avg.:  0.0% 
	  0.0%   0.0%   0.0%   0.0%   0.0%   0.0%   0.0%   0.0%   0.0%   0.0%   0.0%   0.0%   0.0%   0.0%   0.0%   0.0%   0.0%   0.0%   0.0%   0.0% 	Avg.:  0.0% 
	  0.0%   0.0%   0.0%   0.0%   0.0%   0.0%   0.0%   0.0%   0.0%   0.0%   0.0%   0.0%   0.0%   0.0%   0.0%   0.0%   0.0%   0.0%   0.0%   0.0% 	Avg.:  0.0% 
	  0.0%   0.0%   0.0%   0.0%   0.0%   0.0%   0.0%   0.0%   0.0%   0.0%   0.0%   0.0%   0.0%   0.0%   0.0%   0.0%   0.0%   0.0%   0.0%   0.0% 	Avg.:  0.0% 
	  0.0%   0.0%   0.0%   0.0%   0.0%   0.0%   0.0%   0.0%   0.0%   0.0%   0.0%   0.0%   0.0%   0.0%   0.0%   0.0%   0.0%   0.0%   0.0%   0.0% 	Avg.:  0.0% 
	  0.0%   0.0%   0.0%   0.0%   0.0%   0.0%   0.0%   0.0%   0.0%   0.0%   0.0%   0.0%   0.0%   0.0%   0.0%   0.0%   0.0%   0.0%   0.0%   0.0% 	Avg.:  0.0% 
	  0.0%   0.0%   0.0%   0.0%   0.0%   0.0%   0.0%   0.0%   0.0%   0.0%   0.0%   0.0%   0.0%   0.0%   0.0%   0.0%   0.0%   0.0%   0.0%   0.0% 	Avg.:  0.0% 
	  0.0%   0.0%   0.0%   0.0%   0.0%   0.0%   0.0%   0.0%   0.0%   0.0%   0.0%   0.0%   0.0%   0.0%   0.0%   0.0%   0.0%   0.0%   0.0%   0.0% 	Avg.:  0.0% 
	  0.0%   0.0%   0.0%   0.0%   0.0%   0.0%   0.0%   0.0%   0.0%   0.0%   0.0%   0.0%   0.0%   0.0%   0.0%   0.0%   0.0%   0.0%   0.0%   0.0% 	Avg.:  0.0% 
************************************************************************************************************
TAg Acc
	 92.1%   0.0%   0.0%   0.0%   0.0%   0.0%   0.0%   0.0%   0.0%   0.0%   0.0%   0.0%   0.0%   0.0%   0.0%   0.0%   0.0%   0.0%   0.0%   0.0% 	Avg.: 92.1% 
	 87.9%  77.9%   0.0%   0.0%   0.0%   0.0%   0.0%   0.0%   0.0%   0.0%   0.0%   0.0%   0.0%   0.0%   0.0%   0.0%   0.0%   0.0%   0.0%   0.0% 	Avg.: 82.9% 
	 83.3%  78.2%  84.7%   0.0%   0.0%   0.0%   0.0%   0.0%   0.0%   0.0%   0.0%   0.0%   0.0%   0.0%   0.0%   0.0%   0.0%   0.0%   0.0%   0.0% 	Avg.: 82.1% 
	 81.9%  77.5%  83.2%  64.1%   0.0%   0.0%   0.0%   0.0%   0.0%   0.0%   0.0%   0.0%   0.0%   0.0%   0.0%   0.0%   0.0%   0.0%   0.0%   0.0% 	Avg.: 76.7% 
	 79.8%  73.8%  81.7%  65.7%  68.5%   0.0%   0.0%   0.0%   0.0%   0.0%   0.0%   0.0%   0.0%   0.0%   0.0%   0.0%   0.0%   0.0%   0.0%   0.0% 	Avg.: 73.9% 
	 75.6%  71.5%  79.4%  64.1%  69.7%  67.6%   0.0%   0.0%   0.0%   0.0%   0.0%   0.0%   0.0%   0.0%   0.0%   0.0%   0.0%   0.0%   0.0%   0.0% 	Avg.: 71.3% 
	 71.8%  68.8%  76.9%  61.9%  69.4%  70.4%  70.5%   0.0%   0.0%   0.0%   0.0%   0.0%   0.0%   0.0%   0.0%   0.0%   0.0%   0.0%   0.0%   0.0% 	Avg.: 70.0% 
	 68.8%  66.8%  75.6%  61.8%  65.5%  69.2%  72.0%  58.7%   0.0%   0.0%   0.0%   0.0%   0.0%   0.0%   0.0%   0.0%   0.0%   0.0%   0.0%   0.0% 	Avg.: 67.3% 
	  0.0%   0.0%   0.0%   0.0%   0.0%   0.0%   0.0%   0.0%   0.0%   0.0%   0.0%   0.0%   0.0%   0.0%   0.0%   0.0%   0.0%   0.0%   0.0%   0.0% 	Avg.:  0.0% 
	  0.0%   0.0%   0.0%   0.0%   0.0%   0.0%   0.0%   0.0%   0.0%   0.0%   0.0%   0.0%   0.0%   0.0%   0.0%   0.0%   0.0%   0.0%   0.0%   0.0% 	Avg.:  0.0% 
	  0.0%   0.0%   0.0%   0.0%   0.0%   0.0%   0.0%   0.0%   0.0%   0.0%   0.0%   0.0%   0.0%   0.0%   0.0%   0.0%   0.0%   0.0%   0.0%   0.0% 	Avg.:  0.0% 
	  0.0%   0.0%   0.0%   0.0%   0.0%   0.0%   0.0%   0.0%   0.0%   0.0%   0.0%   0.0%   0.0%   0.0%   0.0%   0.0%   0.0%   0.0%   0.0%   0.0% 	Avg.:  0.0% 
	  0.0%   0.0%   0.0%   0.0%   0.0%   0.0%   0.0%   0.0%   0.0%   0.0%   0.0%   0.0%   0.0%   0.0%   0.0%   0.0%   0.0%   0.0%   0.0%   0.0% 	Avg.:  0.0% 
	  0.0%   0.0%   0.0%   0.0%   0.0%   0.0%   0.0%   0.0%   0.0%   0.0%   0.0%   0.0%   0.0%   0.0%   0.0%   0.0%   0.0%   0.0%   0.0%   0.0% 	Avg.:  0.0% 
	  0.0%   0.0%   0.0%   0.0%   0.0%   0.0%   0.0%   0.0%   0.0%   0.0%   0.0%   0.0%   0.0%   0.0%   0.0%   0.0%   0.0%   0.0%   0.0%   0.0% 	Avg.:  0.0% 
	  0.0%   0.0%   0.0%   0.0%   0.0%   0.0%   0.0%   0.0%   0.0%   0.0%   0.0%   0.0%   0.0%   0.0%   0.0%   0.0%   0.0%   0.0%   0.0%   0.0% 	Avg.:  0.0% 
	  0.0%   0.0%   0.0%   0.0%   0.0%   0.0%   0.0%   0.0%   0.0%   0.0%   0.0%   0.0%   0.0%   0.0%   0.0%   0.0%   0.0%   0.0%   0.0%   0.0% 	Avg.:  0.0% 
	  0.0%   0.0%   0.0%   0.0%   0.0%   0.0%   0.0%   0.0%   0.0%   0.0%   0.0%   0.0%   0.0%   0.0%   0.0%   0.0%   0.0%   0.0%   0.0%   0.0% 	Avg.:  0.0% 
	  0.0%   0.0%   0.0%   0.0%   0.0%   0.0%   0.0%   0.0%   0.0%   0.0%   0.0%   0.0%   0.0%   0.0%   0.0%   0.0%   0.0%   0.0%   0.0%   0.0% 	Avg.:  0.0% 
	  0.0%   0.0%   0.0%   0.0%   0.0%   0.0%   0.0%   0.0%   0.0%   0.0%   0.0%   0.0%   0.0%   0.0%   0.0%   0.0%   0.0%   0.0%   0.0%   0.0% 	Avg.:  0.0% 
************************************************************************************************************
TAw Forg
	  0.0%   0.0%   0.0%   0.0%   0.0%   0.0%   0.0%   0.0%   0.0%   0.0%   0.0%   0.0%   0.0%   0.0%   0.0%   0.0%   0.0%   0.0%   0.0%   0.0% 
	 -1.1%   0.0%   0.0%   0.0%   0.0%   0.0%   0.0%   0.0%   0.0%   0.0%   0.0%   0.0%   0.0%   0.0%   0.0%   0.0%   0.0%   0.0%   0.0%   0.0% 	Avg.: -1.1% 
	 -0.3%   0.6%   0.0%   0.0%   0.0%   0.0%   0.0%   0.0%   0.0%   0.0%   0.0%   0.0%   0.0%   0.0%   0.0%   0.0%   0.0%   0.0%   0.0%   0.0% 	Avg.:  0.2% 
	  0.1%   0.1%   0.2%   0.0%   0.0%   0.0%   0.0%   0.0%   0.0%   0.0%   0.0%   0.0%   0.0%   0.0%   0.0%   0.0%   0.0%   0.0%   0.0%   0.0% 	Avg.:  0.1% 
	  0.9%  -0.3%   0.0%   0.1%   0.0%   0.0%   0.0%   0.0%   0.0%   0.0%   0.0%   0.0%   0.0%   0.0%   0.0%   0.0%   0.0%   0.0%   0.0%   0.0% 	Avg.:  0.2% 
	  1.0%   0.2%   0.0%   0.3%  -0.5%   0.0%   0.0%   0.0%   0.0%   0.0%   0.0%   0.0%   0.0%   0.0%   0.0%   0.0%   0.0%   0.0%   0.0%   0.0% 	Avg.:  0.2% 
	  1.6%   0.1%   0.2%   0.0%   0.0%  -0.5%   0.0%   0.0%   0.0%   0.0%   0.0%   0.0%   0.0%   0.0%   0.0%   0.0%   0.0%   0.0%   0.0%   0.0% 	Avg.:  0.2% 
	  1.4%   0.6%  -0.5%  -0.3%   0.5%   0.5%   0.1%   0.0%   0.0%   0.0%   0.0%   0.0%   0.0%   0.0%   0.0%   0.0%   0.0%   0.0%   0.0%   0.0% 	Avg.:  0.3% 
	  0.0%   0.0%   0.0%   0.0%   0.0%   0.0%   0.0%   0.0%   0.0%   0.0%   0.0%   0.0%   0.0%   0.0%   0.0%   0.0%   0.0%   0.0%   0.0%   0.0% 	Avg.:  0.0% 
	  0.0%   0.0%   0.0%   0.0%   0.0%   0.0%   0.0%   0.0%   0.0%   0.0%   0.0%   0.0%   0.0%   0.0%   0.0%   0.0%   0.0%   0.0%   0.0%   0.0% 	Avg.:  0.0% 
	  0.0%   0.0%   0.0%   0.0%   0.0%   0.0%   0.0%   0.0%   0.0%   0.0%   0.0%   0.0%   0.0%   0.0%   0.0%   0.0%   0.0%   0.0%   0.0%   0.0% 	Avg.:  0.0% 
	  0.0%   0.0%   0.0%   0.0%   0.0%   0.0%   0.0%   0.0%   0.0%   0.0%   0.0%   0.0%   0.0%   0.0%   0.0%   0.0%   0.0%   0.0%   0.0%   0.0% 	Avg.:  0.0% 
	  0.0%   0.0%   0.0%   0.0%   0.0%   0.0%   0.0%   0.0%   0.0%   0.0%   0.0%   0.0%   0.0%   0.0%   0.0%   0.0%   0.0%   0.0%   0.0%   0.0% 	Avg.:  0.0% 
	  0.0%   0.0%   0.0%   0.0%   0.0%   0.0%   0.0%   0.0%   0.0%   0.0%   0.0%   0.0%   0.0%   0.0%   0.0%   0.0%   0.0%   0.0%   0.0%   0.0% 	Avg.:  0.0% 
	  0.0%   0.0%   0.0%   0.0%   0.0%   0.0%   0.0%   0.0%   0.0%   0.0%   0.0%   0.0%   0.0%   0.0%   0.0%   0.0%   0.0%   0.0%   0.0%   0.0% 	Avg.:  0.0% 
	  0.0%   0.0%   0.0%   0.0%   0.0%   0.0%   0.0%   0.0%   0.0%   0.0%   0.0%   0.0%   0.0%   0.0%   0.0%   0.0%   0.0%   0.0%   0.0%   0.0% 	Avg.:  0.0% 
	  0.0%   0.0%   0.0%   0.0%   0.0%   0.0%   0.0%   0.0%   0.0%   0.0%   0.0%   0.0%   0.0%   0.0%   0.0%   0.0%   0.0%   0.0%   0.0%   0.0% 	Avg.:  0.0% 
	  0.0%   0.0%   0.0%   0.0%   0.0%   0.0%   0.0%   0.0%   0.0%   0.0%   0.0%   0.0%   0.0%   0.0%   0.0%   0.0%   0.0%   0.0%   0.0%   0.0% 	Avg.:  0.0% 
	  0.0%   0.0%   0.0%   0.0%   0.0%   0.0%   0.0%   0.0%   0.0%   0.0%   0.0%   0.0%   0.0%   0.0%   0.0%   0.0%   0.0%   0.0%   0.0%   0.0% 	Avg.:  0.0% 
	  0.0%   0.0%   0.0%   0.0%   0.0%   0.0%   0.0%   0.0%   0.0%   0.0%   0.0%   0.0%   0.0%   0.0%   0.0%   0.0%   0.0%   0.0%   0.0%   0.0% 	Avg.:  0.0% 
************************************************************************************************************
TAg Forg
	  0.0%   0.0%   0.0%   0.0%   0.0%   0.0%   0.0%   0.0%   0.0%   0.0%   0.0%   0.0%   0.0%   0.0%   0.0%   0.0%   0.0%   0.0%   0.0%   0.0% 
	  4.2%   0.0%   0.0%   0.0%   0.0%   0.0%   0.0%   0.0%   0.0%   0.0%   0.0%   0.0%   0.0%   0.0%   0.0%   0.0%   0.0%   0.0%   0.0%   0.0% 	Avg.:  4.2% 
	  8.8%  -0.3%   0.0%   0.0%   0.0%   0.0%   0.0%   0.0%   0.0%   0.0%   0.0%   0.0%   0.0%   0.0%   0.0%   0.0%   0.0%   0.0%   0.0%   0.0% 	Avg.:  4.2% 
	 10.2%   0.7%   1.5%   0.0%   0.0%   0.0%   0.0%   0.0%   0.0%   0.0%   0.0%   0.0%   0.0%   0.0%   0.0%   0.0%   0.0%   0.0%   0.0%   0.0% 	Avg.:  4.1% 
	 12.3%   4.4%   3.0%  -1.6%   0.0%   0.0%   0.0%   0.0%   0.0%   0.0%   0.0%   0.0%   0.0%   0.0%   0.0%   0.0%   0.0%   0.0%   0.0%   0.0% 	Avg.:  4.5% 
	 16.5%   6.7%   5.3%   1.6%  -1.2%   0.0%   0.0%   0.0%   0.0%   0.0%   0.0%   0.0%   0.0%   0.0%   0.0%   0.0%   0.0%   0.0%   0.0%   0.0% 	Avg.:  5.8% 
	 20.3%   9.4%   7.8%   3.8%   0.3%  -2.8%   0.0%   0.0%   0.0%   0.0%   0.0%   0.0%   0.0%   0.0%   0.0%   0.0%   0.0%   0.0%   0.0%   0.0% 	Avg.:  6.5% 
	 23.3%  11.4%   9.1%   3.9%   4.2%   1.2%  -1.5%   0.0%   0.0%   0.0%   0.0%   0.0%   0.0%   0.0%   0.0%   0.0%   0.0%   0.0%   0.0%   0.0% 	Avg.:  7.4% 
	  0.0%   0.0%   0.0%   0.0%   0.0%   0.0%   0.0%   0.0%   0.0%   0.0%   0.0%   0.0%   0.0%   0.0%   0.0%   0.0%   0.0%   0.0%   0.0%   0.0% 	Avg.:  0.0% 
	  0.0%   0.0%   0.0%   0.0%   0.0%   0.0%   0.0%   0.0%   0.0%   0.0%   0.0%   0.0%   0.0%   0.0%   0.0%   0.0%   0.0%   0.0%   0.0%   0.0% 	Avg.:  0.0% 
	  0.0%   0.0%   0.0%   0.0%   0.0%   0.0%   0.0%   0.0%   0.0%   0.0%   0.0%   0.0%   0.0%   0.0%   0.0%   0.0%   0.0%   0.0%   0.0%   0.0% 	Avg.:  0.0% 
	  0.0%   0.0%   0.0%   0.0%   0.0%   0.0%   0.0%   0.0%   0.0%   0.0%   0.0%   0.0%   0.0%   0.0%   0.0%   0.0%   0.0%   0.0%   0.0%   0.0% 	Avg.:  0.0% 
	  0.0%   0.0%   0.0%   0.0%   0.0%   0.0%   0.0%   0.0%   0.0%   0.0%   0.0%   0.0%   0.0%   0.0%   0.0%   0.0%   0.0%   0.0%   0.0%   0.0% 	Avg.:  0.0% 
	  0.0%   0.0%   0.0%   0.0%   0.0%   0.0%   0.0%   0.0%   0.0%   0.0%   0.0%   0.0%   0.0%   0.0%   0.0%   0.0%   0.0%   0.0%   0.0%   0.0% 	Avg.:  0.0% 
	  0.0%   0.0%   0.0%   0.0%   0.0%   0.0%   0.0%   0.0%   0.0%   0.0%   0.0%   0.0%   0.0%   0.0%   0.0%   0.0%   0.0%   0.0%   0.0%   0.0% 	Avg.:  0.0% 
	  0.0%   0.0%   0.0%   0.0%   0.0%   0.0%   0.0%   0.0%   0.0%   0.0%   0.0%   0.0%   0.0%   0.0%   0.0%   0.0%   0.0%   0.0%   0.0%   0.0% 	Avg.:  0.0% 
	  0.0%   0.0%   0.0%   0.0%   0.0%   0.0%   0.0%   0.0%   0.0%   0.0%   0.0%   0.0%   0.0%   0.0%   0.0%   0.0%   0.0%   0.0%   0.0%   0.0% 	Avg.:  0.0% 
	  0.0%   0.0%   0.0%   0.0%   0.0%   0.0%   0.0%   0.0%   0.0%   0.0%   0.0%   0.0%   0.0%   0.0%   0.0%   0.0%   0.0%   0.0%   0.0%   0.0% 	Avg.:  0.0% 
	  0.0%   0.0%   0.0%   0.0%   0.0%   0.0%   0.0%   0.0%   0.0%   0.0%   0.0%   0.0%   0.0%   0.0%   0.0%   0.0%   0.0%   0.0%   0.0%   0.0% 	Avg.:  0.0% 
	  0.0%   0.0%   0.0%   0.0%   0.0%   0.0%   0.0%   0.0%   0.0%   0.0%   0.0%   0.0%   0.0%   0.0%   0.0%   0.0%   0.0%   0.0%   0.0%   0.0% 	Avg.:  0.0% 
************************************************************************************************************
[Elapsed time = 0.7 h]
Done!
