START_TASK=2 STOP_TASK=3
============================================================================================================
Arguments =
	approach: replay
	batch_size: 64
	classes_first_task: None
	clipping: 10000
	crop: 224
	data_path: ../data/food101
	dataset: food101
	eval_on_train: False
	experiment_path: None
	fix_bn: False
	freeze_backbone: False
	gpu: 0
	gpus: [0]
	increment: 10
	last_layer_analysis: True
	log: ['disk']
	lr: 0.01
	lr_factor: None
	lr_min: 0.0001
	lr_patience: None
	lr_scheduler: cosine
	lr_warmup_epochs: 0
	momentum: 0.0
	multi_softmax: False
	nepochs: 70
	network: vit_base_patch16_224.orig_in21k
	no_cudnn_deterministic: False
	normalize: in21k
	num_workers: 2
	optimizer_name: sgd
	pin_memory: False
	pretrained: True
	resize: 224
	results_path: ./results
	save_models: True
	seed: 0
	start_at_task: 2
	start_epoch: 0
	stop_at_task: 3
	stop_epoch: 0
	use_valid_only: False
	warmup_lr_factor: 1.0
	warmup_nepochs: 0
	weight_decay: 0.0
============================================================================================================
Approach arguments =
============================================================================================================
Exemplars arguments =
	exemplar_selection: random
	num_exemplars: 2000
============================================================================================================
WARNING: ./results/vit_base_patch16_224.orig_in21k/food101/replay/10 already exists!
Loaded acc_taw from: ./results/vit_base_patch16_224.orig_in21k/food101/replay/10/acc_taw-1.txt
Loaded acc_tag from: ./results/vit_base_patch16_224.orig_in21k/food101/replay/10/acc_tag-1.txt
Loaded forg_taw from: ./results/vit_base_patch16_224.orig_in21k/food101/replay/10/forg_taw-1.txt
Loaded forg_tag from: ./results/vit_base_patch16_224.orig_in21k/food101/replay/10/forg_tag-1.txt
Loaded 2000 exemplars from ./results/vit_base_patch16_224.orig_in21k/food101/replay/10/task1_exemplars.pth
************************************************************************************************************
Task  2  [epochs 0-70]
************************************************************************************************************
[params] total:85,821,726  trainable:85,821,726  tensors:156  trainable_tensors:156
| Epoch   1, time= 63.4s | Train: skip eval | Valid: time=  3.3s loss=1.476, TAw acc= 86.9% | * lr=1.0e-02
| Epoch   2, time= 62.9s | Train: skip eval | Valid: time=  3.3s loss=0.705, TAw acc= 90.7% | * lr=1.0e-02
| Epoch   3, time= 63.4s | Train: skip eval | Valid: time=  3.9s loss=0.482, TAw acc= 92.1% | * lr=1.0e-02
| Epoch   4, time= 64.0s | Train: skip eval | Valid: time=  3.1s loss=0.372, TAw acc= 92.5% | * lr=9.9e-03
| Epoch   5, time= 64.4s | Train: skip eval | Valid: time=  3.1s loss=0.322, TAw acc= 93.5% | * lr=9.9e-03
| Epoch   6, time= 64.4s | Train: skip eval | Valid: time=  3.1s loss=0.297, TAw acc= 93.2% | * lr=9.8e-03
| Epoch   7, time= 64.5s | Train: skip eval | Valid: time=  3.2s loss=0.310, TAw acc= 92.4% | lr=9.8e-03
| Epoch   8, time= 64.5s | Train: skip eval | Valid: time=  3.7s loss=0.275, TAw acc= 93.5% | * lr=9.7e-03
| Epoch   9, time= 64.5s | Train: skip eval | Valid: time=  3.1s loss=0.246, TAw acc= 93.7% | * lr=9.6e-03
| Epoch  10, time= 64.4s | Train: skip eval | Valid: time=  3.8s loss=0.253, TAw acc= 94.1% | lr=9.5e-03
| Epoch  11, time= 64.7s | Train: skip eval | Valid: time=  3.4s loss=0.251, TAw acc= 93.7% | lr=9.4e-03
| Epoch  12, time= 64.0s | Train: skip eval | Valid: time=  3.2s loss=0.246, TAw acc= 93.3% | lr=9.3e-03
| Epoch  13, time= 64.2s | Train: skip eval | Valid: time=  3.2s loss=0.261, TAw acc= 93.9% | lr=9.2e-03
| Epoch  14, time= 64.4s | Train: skip eval | Valid: time=  3.7s loss=0.235, TAw acc= 93.7% | * lr=9.1e-03
| Epoch  15, time= 64.1s | Train: skip eval | Valid: time=  3.2s loss=0.228, TAw acc= 94.4% | * lr=8.9e-03
| Epoch  16, time= 64.1s | Train: skip eval | Valid: time=  3.3s loss=0.237, TAw acc= 93.6% | lr=8.8e-03
| Epoch  17, time= 64.3s | Train: skip eval | Valid: time=  3.3s loss=0.217, TAw acc= 94.7% | * lr=8.6e-03
| Epoch  18, time= 64.4s | Train: skip eval | Valid: time=  4.0s loss=0.217, TAw acc= 94.7% | * lr=8.5e-03
| Epoch  19, time= 64.3s | Train: skip eval | Valid: time=  3.3s loss=0.229, TAw acc= 94.8% | lr=8.3e-03
| Epoch  20, time= 64.5s | Train: skip eval | Valid: time=  3.2s loss=0.224, TAw acc= 94.5% | lr=8.1e-03
| Epoch  21, time= 64.5s | Train: skip eval | Valid: time=  3.2s loss=0.236, TAw acc= 94.0% | lr=8.0e-03
| Epoch  22, time= 64.9s | Train: skip eval | Valid: time=  3.8s loss=0.222, TAw acc= 94.4% | lr=7.8e-03
| Epoch  23, time= 64.7s | Train: skip eval | Valid: time=  3.6s loss=0.216, TAw acc= 94.5% | * lr=7.6e-03
| Epoch  24, time= 64.0s | Train: skip eval | Valid: time=  3.3s loss=0.221, TAw acc= 94.8% | lr=7.4e-03
| Epoch  25, time= 64.3s | Train: skip eval | Valid: time=  3.3s loss=0.230, TAw acc= 94.3% | lr=7.2e-03
| Epoch  26, time= 64.2s | Train: skip eval | Valid: time=  3.6s loss=0.223, TAw acc= 94.4% | lr=7.0e-03
| Epoch  27, time= 64.2s | Train: skip eval | Valid: time=  3.4s loss=0.229, TAw acc= 94.4% | lr=6.8e-03
| Epoch  28, time= 64.5s | Train: skip eval | Valid: time=  3.7s loss=0.230, TAw acc= 94.7% | lr=6.6e-03
| Epoch  29, time= 64.6s | Train: skip eval | Valid: time=  3.1s loss=0.222, TAw acc= 94.1% | lr=6.4e-03
| Epoch  30, time= 64.8s | Train: skip eval | Valid: time=  3.5s loss=0.213, TAw acc= 94.4% | * lr=6.2e-03
| Epoch  31, time= 64.6s | Train: skip eval | Valid: time=  3.3s loss=0.234, TAw acc= 93.9% | lr=5.9e-03
| Epoch  32, time= 64.3s | Train: skip eval | Valid: time=  3.3s loss=0.212, TAw acc= 94.5% | * lr=5.7e-03
| Epoch  33, time= 64.2s | Train: skip eval | Valid: time=  3.6s loss=0.228, TAw acc= 94.4% | lr=5.5e-03
| Epoch  34, time= 64.6s | Train: skip eval | Valid: time=  3.6s loss=0.222, TAw acc= 94.4% | lr=5.3e-03
| Epoch  35, time= 64.8s | Train: skip eval | Valid: time=  3.4s loss=0.214, TAw acc= 95.1% | lr=5.1e-03
| Epoch  36, time= 64.6s | Train: skip eval | Valid: time=  3.3s loss=0.218, TAw acc= 94.4% | lr=4.8e-03
| Epoch  37, time= 64.4s | Train: skip eval | Valid: time=  3.3s loss=0.213, TAw acc= 94.9% | lr=4.6e-03
| Epoch  38, time= 64.3s | Train: skip eval | Valid: time=  3.0s loss=0.222, TAw acc= 94.3% | lr=4.4e-03
| Epoch  39, time= 64.3s | Train: skip eval | Valid: time=  4.0s loss=0.224, TAw acc= 94.5% | lr=4.2e-03
| Epoch  40, time= 64.1s | Train: skip eval | Valid: time=  3.4s loss=0.221, TAw acc= 94.7% | lr=3.9e-03
| Epoch  41, time= 63.9s | Train: skip eval | Valid: time=  3.3s loss=0.223, TAw acc= 94.5% | lr=3.7e-03
| Epoch  42, time= 64.3s | Train: skip eval | Valid: time=  3.9s loss=0.220, TAw acc= 94.5% | lr=3.5e-03
| Epoch  43, time= 64.1s | Train: skip eval | Valid: time=  3.4s loss=0.220, TAw acc= 94.9% | lr=3.3e-03
| Epoch  44, time= 64.4s | Train: skip eval | Valid: time=  3.3s loss=0.222, TAw acc= 94.7% | lr=3.1e-03
| Epoch  45, time= 64.5s | Train: skip eval | Valid: time=  3.5s loss=0.224, TAw acc= 94.3% | lr=2.9e-03
| Epoch  46, time= 64.4s | Train: skip eval | Valid: time=  3.3s loss=0.222, TAw acc= 95.2% | lr=2.7e-03
| Epoch  47, time= 64.6s | Train: skip eval | Valid: time=  3.3s loss=0.222, TAw acc= 94.5% | lr=2.5e-03
| Epoch  48, time= 64.1s | Train: skip eval | Valid: time=  3.9s loss=0.219, TAw acc= 94.3% | lr=2.3e-03
| Epoch  49, time= 64.2s | Train: skip eval | Valid: time=  3.3s loss=0.222, TAw acc= 94.3% | lr=2.1e-03
| Epoch  50, time= 64.3s | Train: skip eval | Valid: time=  3.2s loss=0.223, TAw acc= 93.9% | lr=2.0e-03
| Epoch  51, time= 64.4s | Train: skip eval | Valid: time=  3.0s loss=0.224, TAw acc= 94.7% | lr=1.8e-03
| Epoch  52, time= 64.3s | Train: skip eval | Valid: time=  3.2s loss=0.221, TAw acc= 94.4% | lr=1.6e-03
| Epoch  53, time= 64.1s | Train: skip eval | Valid: time=  3.3s loss=0.219, TAw acc= 94.3% | lr=1.5e-03
| Epoch  54, time= 64.3s | Train: skip eval | Valid: time=  4.0s loss=0.219, TAw acc= 94.5% | lr=1.3e-03
| Epoch  55, time= 64.4s | Train: skip eval | Valid: time=  3.3s loss=0.219, TAw acc= 94.4% | lr=1.2e-03
| Epoch  56, time= 64.6s | Train: skip eval | Valid: time=  3.4s loss=0.216, TAw acc= 94.7% | lr=1.0e-03
| Epoch  57, time= 64.5s | Train: skip eval | Valid: time=  3.3s loss=0.219, TAw acc= 94.4% | lr=9.2e-04
| Epoch  58, time= 64.2s | Train: skip eval | Valid: time=  3.1s loss=0.221, TAw acc= 94.5% | lr=8.0e-04
| Epoch  59, time= 64.3s | Train: skip eval | Valid: time=  3.4s loss=0.219, TAw acc= 94.5% | lr=6.9e-04
| Epoch  60, time= 64.1s | Train: skip eval | Valid: time=  4.0s loss=0.219, TAw acc= 94.4% | lr=5.9e-04
| Epoch  61, time= 64.1s | Train: skip eval | Valid: time=  3.6s loss=0.221, TAw acc= 94.5% | lr=5.0e-04
| Epoch  62, time= 63.8s | Train: skip eval | Valid: time=  3.5s loss=0.217, TAw acc= 94.5% | lr=4.2e-04
| Epoch  63, time= 64.0s | Train: skip eval | Valid: time=  3.7s loss=0.218, TAw acc= 94.4% | lr=3.4e-04
| Epoch  64, time= 64.0s | Train: skip eval | Valid: time=  3.6s loss=0.217, TAw acc= 94.4% | lr=2.8e-04
| Epoch  65, time= 64.2s | Train: skip eval | Valid: time=  3.3s loss=0.217, TAw acc= 94.4% | lr=2.2e-04
| Epoch  66, time= 64.3s | Train: skip eval | Valid: time=  3.4s loss=0.217, TAw acc= 94.3% | lr=1.8e-04
| Epoch  67, time= 64.5s | Train: skip eval | Valid: time=  3.9s loss=0.217, TAw acc= 94.4% | lr=1.4e-04
| Epoch  68, time= 64.6s | Train: skip eval | Valid: time=  3.2s loss=0.217, TAw acc= 94.4% | lr=1.2e-04
| Epoch  69, time= 64.7s | Train: skip eval | Valid: time=  3.5s loss=0.217, TAw acc= 94.4% | lr=1.0e-04
| Epoch  70, time= 64.4s | Train: skip eval | Valid: time=  3.3s loss=0.218, TAw acc= 94.4% | lr=1.0e-04
| Selected 2010 train exemplars, time=  3.0s
------------------------------------------------------------------------------------------------------------
>>> Test on task  0 : loss=0.109 | TAw acc= 96.6%, forg=  0.6% | TAg acc= 90.9%, forg=  6.2% <<<
>>> Test on task  1 : loss=0.106 | TAw acc= 98.3%, forg=  0.6% | TAg acc= 92.1%, forg=  6.0% <<<
>>> Test on task  2 : loss=0.096 | TAw acc= 97.7%, forg=  0.0% | TAg acc= 97.3%, forg=  0.0% <<<
Save at ./results/./results/vit_base_patch16_224.orig_in21k/food101/replay/10
************************************************************************************************************
TAw Acc
	 97.1%   0.0%   0.0%   0.0%   0.0%   0.0%   0.0%   0.0%   0.0%   0.0% 	Avg.: 97.1% 
	 97.2%  98.9%   0.0%   0.0%   0.0%   0.0%   0.0%   0.0%   0.0%   0.0% 	Avg.: 98.1% 
	 96.6%  98.3%  97.7%   0.0%   0.0%   0.0%   0.0%   0.0%   0.0%   0.0% 	Avg.: 97.5% 
	  0.0%   0.0%   0.0%   0.0%   0.0%   0.0%   0.0%   0.0%   0.0%   0.0% 	Avg.:  0.0% 
	  0.0%   0.0%   0.0%   0.0%   0.0%   0.0%   0.0%   0.0%   0.0%   0.0% 	Avg.:  0.0% 
	  0.0%   0.0%   0.0%   0.0%   0.0%   0.0%   0.0%   0.0%   0.0%   0.0% 	Avg.:  0.0% 
	  0.0%   0.0%   0.0%   0.0%   0.0%   0.0%   0.0%   0.0%   0.0%   0.0% 	Avg.:  0.0% 
	  0.0%   0.0%   0.0%   0.0%   0.0%   0.0%   0.0%   0.0%   0.0%   0.0% 	Avg.:  0.0% 
	  0.0%   0.0%   0.0%   0.0%   0.0%   0.0%   0.0%   0.0%   0.0%   0.0% 	Avg.:  0.0% 
	  0.0%   0.0%   0.0%   0.0%   0.0%   0.0%   0.0%   0.0%   0.0%   0.0% 	Avg.:  0.0% 
************************************************************************************************************
TAg Acc
	 97.1%   0.0%   0.0%   0.0%   0.0%   0.0%   0.0%   0.0%   0.0%   0.0% 	Avg.: 97.1% 
	 93.6%  98.2%   0.0%   0.0%   0.0%   0.0%   0.0%   0.0%   0.0%   0.0% 	Avg.: 95.9% 
	 90.9%  92.1%  97.3%   0.0%   0.0%   0.0%   0.0%   0.0%   0.0%   0.0% 	Avg.: 93.4% 
	  0.0%   0.0%   0.0%   0.0%   0.0%   0.0%   0.0%   0.0%   0.0%   0.0% 	Avg.:  0.0% 
	  0.0%   0.0%   0.0%   0.0%   0.0%   0.0%   0.0%   0.0%   0.0%   0.0% 	Avg.:  0.0% 
	  0.0%   0.0%   0.0%   0.0%   0.0%   0.0%   0.0%   0.0%   0.0%   0.0% 	Avg.:  0.0% 
	  0.0%   0.0%   0.0%   0.0%   0.0%   0.0%   0.0%   0.0%   0.0%   0.0% 	Avg.:  0.0% 
	  0.0%   0.0%   0.0%   0.0%   0.0%   0.0%   0.0%   0.0%   0.0%   0.0% 	Avg.:  0.0% 
	  0.0%   0.0%   0.0%   0.0%   0.0%   0.0%   0.0%   0.0%   0.0%   0.0% 	Avg.:  0.0% 
	  0.0%   0.0%   0.0%   0.0%   0.0%   0.0%   0.0%   0.0%   0.0%   0.0% 	Avg.:  0.0% 
************************************************************************************************************
TAw Forg
	  0.0%   0.0%   0.0%   0.0%   0.0%   0.0%   0.0%   0.0%   0.0%   0.0% 
	 -0.1%   0.0%   0.0%   0.0%   0.0%   0.0%   0.0%   0.0%   0.0%   0.0% 	Avg.: -0.1% 
	  0.6%   0.6%   0.0%   0.0%   0.0%   0.0%   0.0%   0.0%   0.0%   0.0% 	Avg.:  0.6% 
	  0.0%   0.0%   0.0%   0.0%   0.0%   0.0%   0.0%   0.0%   0.0%   0.0% 	Avg.:  0.0% 
	  0.0%   0.0%   0.0%   0.0%   0.0%   0.0%   0.0%   0.0%   0.0%   0.0% 	Avg.:  0.0% 
	  0.0%   0.0%   0.0%   0.0%   0.0%   0.0%   0.0%   0.0%   0.0%   0.0% 	Avg.:  0.0% 
	  0.0%   0.0%   0.0%   0.0%   0.0%   0.0%   0.0%   0.0%   0.0%   0.0% 	Avg.:  0.0% 
	  0.0%   0.0%   0.0%   0.0%   0.0%   0.0%   0.0%   0.0%   0.0%   0.0% 	Avg.:  0.0% 
	  0.0%   0.0%   0.0%   0.0%   0.0%   0.0%   0.0%   0.0%   0.0%   0.0% 	Avg.:  0.0% 
	  0.0%   0.0%   0.0%   0.0%   0.0%   0.0%   0.0%   0.0%   0.0%   0.0% 	Avg.:  0.0% 
************************************************************************************************************
TAg Forg
	  0.0%   0.0%   0.0%   0.0%   0.0%   0.0%   0.0%   0.0%   0.0%   0.0% 
	  3.5%   0.0%   0.0%   0.0%   0.0%   0.0%   0.0%   0.0%   0.0%   0.0% 	Avg.:  3.5% 
	  6.2%   6.0%   0.0%   0.0%   0.0%   0.0%   0.0%   0.0%   0.0%   0.0% 	Avg.:  6.1% 
	  0.0%   0.0%   0.0%   0.0%   0.0%   0.0%   0.0%   0.0%   0.0%   0.0% 	Avg.:  0.0% 
	  0.0%   0.0%   0.0%   0.0%   0.0%   0.0%   0.0%   0.0%   0.0%   0.0% 	Avg.:  0.0% 
	  0.0%   0.0%   0.0%   0.0%   0.0%   0.0%   0.0%   0.0%   0.0%   0.0% 	Avg.:  0.0% 
	  0.0%   0.0%   0.0%   0.0%   0.0%   0.0%   0.0%   0.0%   0.0%   0.0% 	Avg.:  0.0% 
	  0.0%   0.0%   0.0%   0.0%   0.0%   0.0%   0.0%   0.0%   0.0%   0.0% 	Avg.:  0.0% 
	  0.0%   0.0%   0.0%   0.0%   0.0%   0.0%   0.0%   0.0%   0.0%   0.0% 	Avg.:  0.0% 
	  0.0%   0.0%   0.0%   0.0%   0.0%   0.0%   0.0%   0.0%   0.0%   0.0% 	Avg.:  0.0% 
************************************************************************************************************
[Elapsed time = 1.3 h]
Done!
