START_TASK=0 STOP_TASK=1
============================================================================================================
Arguments =
	approach: finetuning
	batch_size: 64
	classes_first_task: None
	clipping: 10000
	crop: 224
	dataset: cifar100
	eval_on_train: False
	experiment_path: None
	fix_bn: False
	freeze_backbone: False
	gpu: 0
	gpus: [0]
	increment: 10
	log: ['disk']
	lr: 0.01
	lr_factor: None
	lr_min: 0.0001
	lr_patience: None
	lr_scheduler: cosine
	lr_warmup_epochs: 0
	momentum: 0.0
	multi_softmax: False
	nepochs: 50
	network: vit_small_patch16_224.augreg_in1k
	no_cudnn_deterministic: False
	normalize: in1k
	num_workers: 2
	optimizer_name: sgd
	pin_memory: False
	pretrained: True
	resize: 224
	results_path: ./results
	save_models: True
	seed: 0
	start_at_task: 0
	start_epoch: 0
	stop_at_task: 1
	stop_epoch: 0
	use_valid_only: False
	warmup_lr_factor: 1.0
	warmup_nepochs: 0
	weight_decay: 0.0
============================================================================================================
Approach arguments =
	all_outputs: False
============================================================================================================
Exemplars arguments =
============================================================================================================
WARNING: ./results/vit_small_patch16_224.augreg_in1k/cifar100/finetuning/10 already exists!
************************************************************************************************************
Task  0  [epochs 0-50]
************************************************************************************************************
[params] total:21,669,514  trainable:21,669,514  tensors:152  trainable_tensors:152
| Epoch   1, time= 12.3s | Train: skip eval | Valid: time=  1.1s loss=0.557, TAw acc= 83.0% | * lr=1.0e-02
| Epoch   2, time= 13.1s | Train: skip eval | Valid: time=  0.8s loss=0.173, TAw acc= 93.4% | * lr=1.0e-02
| Epoch   3, time= 10.6s | Train: skip eval | Valid: time=  0.8s loss=0.232, TAw acc= 92.4% | lr=9.9e-03
| Epoch   4, time= 10.8s | Train: skip eval | Valid: time=  0.8s loss=0.242, TAw acc= 92.6% | lr=9.8e-03
| Epoch   5, time= 10.8s | Train: skip eval | Valid: time=  0.8s loss=0.127, TAw acc= 96.0% | * lr=9.8e-03
| Epoch   6, time= 10.8s | Train: skip eval | Valid: time=  0.8s loss=0.284, TAw acc= 91.2% | lr=9.7e-03
| Epoch   7, time= 10.7s | Train: skip eval | Valid: time=  0.7s loss=0.132, TAw acc= 96.0% | lr=9.5e-03
| Epoch   8, time= 10.7s | Train: skip eval | Valid: time=  0.8s loss=0.175, TAw acc= 94.4% | lr=9.4e-03
| Epoch   9, time= 10.8s | Train: skip eval | Valid: time=  0.8s loss=0.189, TAw acc= 93.4% | lr=9.2e-03
| Epoch  10, time= 10.8s | Train: skip eval | Valid: time=  0.7s loss=0.124, TAw acc= 95.0% | * lr=9.1e-03
| Epoch  11, time= 10.9s | Train: skip eval | Valid: time=  0.9s loss=0.120, TAw acc= 95.2% | * lr=8.9e-03
| Epoch  12, time= 10.9s | Train: skip eval | Valid: time=  0.7s loss=0.233, TAw acc= 93.6% | lr=8.7e-03
| Epoch  13, time= 10.9s | Train: skip eval | Valid: time=  0.7s loss=0.141, TAw acc= 96.2% | lr=8.4e-03
| Epoch  14, time= 11.0s | Train: skip eval | Valid: time=  0.8s loss=0.192, TAw acc= 93.6% | lr=8.2e-03
| Epoch  15, time= 11.1s | Train: skip eval | Valid: time=  0.8s loss=0.176, TAw acc= 94.8% | lr=8.0e-03
| Epoch  16, time= 11.0s | Train: skip eval | Valid: time=  0.8s loss=0.117, TAw acc= 96.6% | * lr=7.7e-03
| Epoch  17, time= 11.0s | Train: skip eval | Valid: time=  0.7s loss=0.118, TAw acc= 96.2% | lr=7.4e-03
| Epoch  18, time= 11.0s | Train: skip eval | Valid: time=  0.8s loss=0.125, TAw acc= 95.2% | lr=7.2e-03
| Epoch  19, time= 11.1s | Train: skip eval | Valid: time=  0.8s loss=0.108, TAw acc= 95.6% | * lr=6.9e-03
| Epoch  20, time= 11.1s | Train: skip eval | Valid: time=  0.8s loss=0.152, TAw acc= 95.8% | lr=6.6e-03
| Epoch  21, time= 11.0s | Train: skip eval | Valid: time=  0.8s loss=0.141, TAw acc= 95.4% | lr=6.3e-03
| Epoch  22, time= 11.1s | Train: skip eval | Valid: time=  0.8s loss=0.132, TAw acc= 95.6% | lr=6.0e-03
| Epoch  23, time= 11.0s | Train: skip eval | Valid: time=  0.9s loss=0.098, TAw acc= 96.6% | * lr=5.7e-03
| Epoch  24, time= 11.0s | Train: skip eval | Valid: time=  0.8s loss=0.143, TAw acc= 96.0% | lr=5.4e-03
| Epoch  25, time= 11.2s | Train: skip eval | Valid: time=  0.8s loss=0.142, TAw acc= 95.8% | lr=5.1e-03
| Epoch  26, time= 11.1s | Train: skip eval | Valid: time=  0.8s loss=0.138, TAw acc= 96.0% | lr=4.7e-03
| Epoch  27, time= 11.2s | Train: skip eval | Valid: time=  0.8s loss=0.110, TAw acc= 96.2% | lr=4.4e-03
| Epoch  28, time= 11.1s | Train: skip eval | Valid: time=  0.8s loss=0.113, TAw acc= 95.8% | lr=4.1e-03
| Epoch  29, time= 11.1s | Train: skip eval | Valid: time=  0.8s loss=0.125, TAw acc= 95.4% | lr=3.8e-03
| Epoch  30, time= 11.2s | Train: skip eval | Valid: time=  0.8s loss=0.108, TAw acc= 96.6% | lr=3.5e-03
| Epoch  31, time= 11.1s | Train: skip eval | Valid: time=  0.8s loss=0.098, TAw acc= 96.8% | lr=3.2e-03
| Epoch  32, time= 11.1s | Train: skip eval | Valid: time=  0.8s loss=0.104, TAw acc= 96.8% | lr=2.9e-03
| Epoch  33, time= 11.2s | Train: skip eval | Valid: time=  0.8s loss=0.095, TAw acc= 98.0% | * lr=2.7e-03
| Epoch  34, time= 11.4s | Train: skip eval | Valid: time=  1.0s loss=0.107, TAw acc= 96.6% | lr=2.4e-03
| Epoch  35, time= 11.4s | Train: skip eval | Valid: time=  1.0s loss=0.096, TAw acc= 97.2% | lr=2.1e-03
| Epoch  36, time= 11.4s | Train: skip eval | Valid: time=  1.0s loss=0.099, TAw acc= 97.0% | lr=1.9e-03
| Epoch  37, time= 11.3s | Train: skip eval | Valid: time=  1.0s loss=0.099, TAw acc= 96.8% | lr=1.7e-03
| Epoch  38, time= 11.3s | Train: skip eval | Valid: time=  1.0s loss=0.098, TAw acc= 96.6% | lr=1.4e-03
| Epoch  39, time= 11.3s | Train: skip eval | Valid: time=  1.0s loss=0.105, TAw acc= 96.6% | lr=1.2e-03
| Epoch  40, time= 11.2s | Train: skip eval | Valid: time=  1.0s loss=0.104, TAw acc= 96.2% | lr=1.0e-03
| Epoch  41, time= 11.3s | Train: skip eval | Valid: time=  0.9s loss=0.114, TAw acc= 96.0% | lr=8.7e-04
| Epoch  42, time= 11.2s | Train: skip eval | Valid: time=  1.0s loss=0.107, TAw acc= 96.0% | lr=7.1e-04
| Epoch  43, time= 11.2s | Train: skip eval | Valid: time=  1.0s loss=0.098, TAw acc= 96.4% | lr=5.7e-04
| Epoch  44, time= 11.3s | Train: skip eval | Valid: time=  1.0s loss=0.094, TAw acc= 96.6% | * lr=4.5e-04
| Epoch  45, time= 11.0s | Train: skip eval | Valid: time=  0.8s loss=0.096, TAw acc= 96.6% | lr=3.4e-04
| Epoch  46, time= 11.1s | Train: skip eval | Valid: time=  0.8s loss=0.097, TAw acc= 96.6% | lr=2.6e-04
| Epoch  47, time= 11.1s | Train: skip eval | Valid: time=  0.8s loss=0.099, TAw acc= 96.6% | lr=1.9e-04
| Epoch  48, time= 11.0s | Train: skip eval | Valid: time=  0.8s loss=0.097, TAw acc= 96.6% | lr=1.4e-04
| Epoch  49, time= 11.1s | Train: skip eval | Valid: time=  0.8s loss=0.098, TAw acc= 96.4% | lr=1.1e-04
| Epoch  50, time= 11.1s | Train: skip eval | Valid: time=  0.8s loss=0.099, TAw acc= 96.4% | lr=1.0e-04
------------------------------------------------------------------------------------------------------------
>>> Test on task  0 : loss=0.133 | TAw acc= 96.5%, forg=  0.0% | TAg acc= 96.5%, forg=  0.0% <<<
Save at ./results/./results/vit_small_patch16_224.augreg_in1k/cifar100/finetuning/10
************************************************************************************************************
TAw Acc
	 96.5%   0.0%   0.0%   0.0%   0.0%   0.0%   0.0%   0.0%   0.0%   0.0% 	Avg.: 96.5% 
	  0.0%   0.0%   0.0%   0.0%   0.0%   0.0%   0.0%   0.0%   0.0%   0.0% 	Avg.:  0.0% 
	  0.0%   0.0%   0.0%   0.0%   0.0%   0.0%   0.0%   0.0%   0.0%   0.0% 	Avg.:  0.0% 
	  0.0%   0.0%   0.0%   0.0%   0.0%   0.0%   0.0%   0.0%   0.0%   0.0% 	Avg.:  0.0% 
	  0.0%   0.0%   0.0%   0.0%   0.0%   0.0%   0.0%   0.0%   0.0%   0.0% 	Avg.:  0.0% 
	  0.0%   0.0%   0.0%   0.0%   0.0%   0.0%   0.0%   0.0%   0.0%   0.0% 	Avg.:  0.0% 
	  0.0%   0.0%   0.0%   0.0%   0.0%   0.0%   0.0%   0.0%   0.0%   0.0% 	Avg.:  0.0% 
	  0.0%   0.0%   0.0%   0.0%   0.0%   0.0%   0.0%   0.0%   0.0%   0.0% 	Avg.:  0.0% 
	  0.0%   0.0%   0.0%   0.0%   0.0%   0.0%   0.0%   0.0%   0.0%   0.0% 	Avg.:  0.0% 
	  0.0%   0.0%   0.0%   0.0%   0.0%   0.0%   0.0%   0.0%   0.0%   0.0% 	Avg.:  0.0% 
************************************************************************************************************
TAg Acc
	 96.5%   0.0%   0.0%   0.0%   0.0%   0.0%   0.0%   0.0%   0.0%   0.0% 	Avg.: 96.5% 
	  0.0%   0.0%   0.0%   0.0%   0.0%   0.0%   0.0%   0.0%   0.0%   0.0% 	Avg.:  0.0% 
	  0.0%   0.0%   0.0%   0.0%   0.0%   0.0%   0.0%   0.0%   0.0%   0.0% 	Avg.:  0.0% 
	  0.0%   0.0%   0.0%   0.0%   0.0%   0.0%   0.0%   0.0%   0.0%   0.0% 	Avg.:  0.0% 
	  0.0%   0.0%   0.0%   0.0%   0.0%   0.0%   0.0%   0.0%   0.0%   0.0% 	Avg.:  0.0% 
	  0.0%   0.0%   0.0%   0.0%   0.0%   0.0%   0.0%   0.0%   0.0%   0.0% 	Avg.:  0.0% 
	  0.0%   0.0%   0.0%   0.0%   0.0%   0.0%   0.0%   0.0%   0.0%   0.0% 	Avg.:  0.0% 
	  0.0%   0.0%   0.0%   0.0%   0.0%   0.0%   0.0%   0.0%   0.0%   0.0% 	Avg.:  0.0% 
	  0.0%   0.0%   0.0%   0.0%   0.0%   0.0%   0.0%   0.0%   0.0%   0.0% 	Avg.:  0.0% 
	  0.0%   0.0%   0.0%   0.0%   0.0%   0.0%   0.0%   0.0%   0.0%   0.0% 	Avg.:  0.0% 
************************************************************************************************************
TAw Forg
	  0.0%   0.0%   0.0%   0.0%   0.0%   0.0%   0.0%   0.0%   0.0%   0.0% 
	  0.0%   0.0%   0.0%   0.0%   0.0%   0.0%   0.0%   0.0%   0.0%   0.0% 	Avg.:  0.0% 
	  0.0%   0.0%   0.0%   0.0%   0.0%   0.0%   0.0%   0.0%   0.0%   0.0% 	Avg.:  0.0% 
	  0.0%   0.0%   0.0%   0.0%   0.0%   0.0%   0.0%   0.0%   0.0%   0.0% 	Avg.:  0.0% 
	  0.0%   0.0%   0.0%   0.0%   0.0%   0.0%   0.0%   0.0%   0.0%   0.0% 	Avg.:  0.0% 
	  0.0%   0.0%   0.0%   0.0%   0.0%   0.0%   0.0%   0.0%   0.0%   0.0% 	Avg.:  0.0% 
	  0.0%   0.0%   0.0%   0.0%   0.0%   0.0%   0.0%   0.0%   0.0%   0.0% 	Avg.:  0.0% 
	  0.0%   0.0%   0.0%   0.0%   0.0%   0.0%   0.0%   0.0%   0.0%   0.0% 	Avg.:  0.0% 
	  0.0%   0.0%   0.0%   0.0%   0.0%   0.0%   0.0%   0.0%   0.0%   0.0% 	Avg.:  0.0% 
	  0.0%   0.0%   0.0%   0.0%   0.0%   0.0%   0.0%   0.0%   0.0%   0.0% 	Avg.:  0.0% 
************************************************************************************************************
TAg Forg
	  0.0%   0.0%   0.0%   0.0%   0.0%   0.0%   0.0%   0.0%   0.0%   0.0% 
	  0.0%   0.0%   0.0%   0.0%   0.0%   0.0%   0.0%   0.0%   0.0%   0.0% 	Avg.:  0.0% 
	  0.0%   0.0%   0.0%   0.0%   0.0%   0.0%   0.0%   0.0%   0.0%   0.0% 	Avg.:  0.0% 
	  0.0%   0.0%   0.0%   0.0%   0.0%   0.0%   0.0%   0.0%   0.0%   0.0% 	Avg.:  0.0% 
	  0.0%   0.0%   0.0%   0.0%   0.0%   0.0%   0.0%   0.0%   0.0%   0.0% 	Avg.:  0.0% 
	  0.0%   0.0%   0.0%   0.0%   0.0%   0.0%   0.0%   0.0%   0.0%   0.0% 	Avg.:  0.0% 
	  0.0%   0.0%   0.0%   0.0%   0.0%   0.0%   0.0%   0.0%   0.0%   0.0% 	Avg.:  0.0% 
	  0.0%   0.0%   0.0%   0.0%   0.0%   0.0%   0.0%   0.0%   0.0%   0.0% 	Avg.:  0.0% 
	  0.0%   0.0%   0.0%   0.0%   0.0%   0.0%   0.0%   0.0%   0.0%   0.0% 	Avg.:  0.0% 
	  0.0%   0.0%   0.0%   0.0%   0.0%   0.0%   0.0%   0.0%   0.0%   0.0% 	Avg.:  0.0% 
************************************************************************************************************
[Elapsed time = 0.2 h]
Done!
