START_TASK=15 STOP_TASK=16
============================================================================================================
Arguments =
	approach: freezing
	batch_size: 64
	classes_first_task: None
	clipping: 10000
	crop: 224
	data_path: ../data/inat200
	dataset: inat200
	eval_on_train: False
	experiment_path: None
	fix_bn: True
	freeze_backbone: True
	gpu: 0
	gpus: [0]
	increment: 10
	last_layer_analysis: False
	log: ['disk']
	lr: 0.01
	lr_factor: None
	lr_min: 0.0001
	lr_patience: None
	lr_scheduler: cosine
	lr_warmup_epochs: 0
	momentum: 0.0
	multi_softmax: False
	nepochs: 90
	network: resnet50.a1_in1k
	no_cudnn_deterministic: False
	normalize: in1k
	num_workers: 2
	optimizer_name: sgd
	pin_memory: False
	pretrained: True
	resize: 224
	results_path: ./results
	save_models: True
	seed: 0
	start_at_task: 15
	start_epoch: 0
	stop_at_task: 16
	stop_epoch: 0
	use_valid_only: False
	warmup_lr_factor: 1.0
	warmup_nepochs: 0
	weight_decay: 0.0
============================================================================================================
Approach arguments =
============================================================================================================
Exemplars arguments =
============================================================================================================
WARNING: ./results/resnet50.a1_in1k/inat200/freezing/10 already exists!
Loaded acc_taw from: ./results/resnet50.a1_in1k/inat200/freezing/10/acc_taw-14.txt
Loaded acc_tag from: ./results/resnet50.a1_in1k/inat200/freezing/10/acc_tag-14.txt
Loaded forg_taw from: ./results/resnet50.a1_in1k/inat200/freezing/10/forg_taw-14.txt
Loaded forg_tag from: ./results/resnet50.a1_in1k/inat200/freezing/10/forg_tag-14.txt
************************************************************************************************************
Task 15  [epochs 0-90]
************************************************************************************************************
[DEBUG] trainable params -> backbone:0 heads:327840 total:327840
[params] total:23,835,872  trainable:327,840  tensors:191  trainable_tensors:32
| Epoch   1, time= 14.3s | Train: skip eval | Valid: time=  1.7s loss=2.228, TAw acc= 42.5% | * lr=1.0e-02
| Epoch   2, time= 14.0s | Train: skip eval | Valid: time=  1.8s loss=2.158, TAw acc= 56.2% | * lr=1.0e-02
| Epoch   3, time= 13.5s | Train: skip eval | Valid: time=  1.6s loss=2.093, TAw acc= 58.8% | * lr=1.0e-02
| Epoch   4, time= 13.2s | Train: skip eval | Valid: time=  1.4s loss=2.030, TAw acc= 61.0% | * lr=1.0e-02
| Epoch   5, time= 14.7s | Train: skip eval | Valid: time=  1.4s loss=1.972, TAw acc= 62.5% | * lr=9.9e-03
| Epoch   6, time= 12.5s | Train: skip eval | Valid: time=  1.3s loss=1.918, TAw acc= 62.3% | * lr=9.9e-03
| Epoch   7, time= 14.3s | Train: skip eval | Valid: time=  1.7s loss=1.867, TAw acc= 61.8% | * lr=9.9e-03
| Epoch   8, time= 13.6s | Train: skip eval | Valid: time=  1.6s loss=1.821, TAw acc= 61.5% | * lr=9.8e-03
| Epoch   9, time= 13.2s | Train: skip eval | Valid: time=  1.4s loss=1.776, TAw acc= 61.8% | * lr=9.8e-03
| Epoch  10, time= 12.5s | Train: skip eval | Valid: time=  1.3s loss=1.738, TAw acc= 61.3% | * lr=9.7e-03
| Epoch  11, time= 14.7s | Train: skip eval | Valid: time=  1.9s loss=1.699, TAw acc= 62.3% | * lr=9.6e-03
| Epoch  12, time= 13.6s | Train: skip eval | Valid: time=  1.9s loss=1.664, TAw acc= 63.7% | * lr=9.6e-03
| Epoch  13, time= 12.7s | Train: skip eval | Valid: time=  1.7s loss=1.633, TAw acc= 63.2% | * lr=9.5e-03
| Epoch  14, time= 13.2s | Train: skip eval | Valid: time=  1.4s loss=1.602, TAw acc= 64.5% | * lr=9.4e-03
| Epoch  15, time= 14.0s | Train: skip eval | Valid: time=  1.7s loss=1.574, TAw acc= 65.0% | * lr=9.3e-03
| Epoch  16, time= 14.9s | Train: skip eval | Valid: time=  1.5s loss=1.548, TAw acc= 65.5% | * lr=9.2e-03
| Epoch  17, time= 17.6s | Train: skip eval | Valid: time=  1.6s loss=1.523, TAw acc= 65.5% | * lr=9.2e-03
| Epoch  18, time= 13.3s | Train: skip eval | Valid: time=  1.4s loss=1.499, TAw acc= 66.0% | * lr=9.1e-03
| Epoch  19, time= 13.7s | Train: skip eval | Valid: time=  1.7s loss=1.478, TAw acc= 65.2% | * lr=9.0e-03
| Epoch  20, time= 13.4s | Train: skip eval | Valid: time=  1.7s loss=1.457, TAw acc= 66.2% | * lr=8.8e-03
| Epoch  21, time= 12.7s | Train: skip eval | Valid: time=  1.4s loss=1.438, TAw acc= 67.0% | * lr=8.7e-03
| Epoch  22, time= 13.5s | Train: skip eval | Valid: time=  1.4s loss=1.422, TAw acc= 67.2% | * lr=8.6e-03
| Epoch  23, time= 13.0s | Train: skip eval | Valid: time=  1.7s loss=1.404, TAw acc= 67.5% | * lr=8.5e-03
| Epoch  24, time= 12.8s | Train: skip eval | Valid: time=  1.4s loss=1.388, TAw acc= 67.8% | * lr=8.4e-03
| Epoch  25, time= 12.8s | Train: skip eval | Valid: time=  1.6s loss=1.374, TAw acc= 67.2% | * lr=8.2e-03
| Epoch  26, time= 14.7s | Train: skip eval | Valid: time=  1.4s loss=1.360, TAw acc= 67.8% | * lr=8.1e-03
| Epoch  27, time= 12.4s | Train: skip eval | Valid: time=  1.4s loss=1.347, TAw acc= 67.5% | * lr=8.0e-03
| Epoch  28, time= 13.7s | Train: skip eval | Valid: time=  1.9s loss=1.336, TAw acc= 67.5% | * lr=7.8e-03
| Epoch  29, time= 19.4s | Train: skip eval | Valid: time=  1.7s loss=1.323, TAw acc= 68.2% | * lr=7.7e-03
| Epoch  30, time= 14.0s | Train: skip eval | Valid: time=  1.4s loss=1.312, TAw acc= 68.2% | * lr=7.5e-03
| Epoch  31, time= 12.7s | Train: skip eval | Valid: time=  1.4s loss=1.302, TAw acc= 68.2% | * lr=7.4e-03
| Epoch  32, time= 16.3s | Train: skip eval | Valid: time=  1.3s loss=1.293, TAw acc= 68.5% | * lr=7.2e-03
| Epoch  33, time= 12.9s | Train: skip eval | Valid: time=  1.4s loss=1.283, TAw acc= 68.5% | * lr=7.1e-03
| Epoch  34, time= 14.9s | Train: skip eval | Valid: time=  1.7s loss=1.274, TAw acc= 68.5% | * lr=6.9e-03
| Epoch  35, time= 13.2s | Train: skip eval | Valid: time=  1.6s loss=1.267, TAw acc= 68.8% | * lr=6.7e-03
| Epoch  36, time= 13.4s | Train: skip eval | Valid: time=  1.6s loss=1.258, TAw acc= 68.8% | * lr=6.6e-03
| Epoch  37, time= 13.5s | Train: skip eval | Valid: time=  1.7s loss=1.251, TAw acc= 68.8% | * lr=6.4e-03
| Epoch  38, time= 13.2s | Train: skip eval | Valid: time=  1.7s loss=1.244, TAw acc= 68.5% | * lr=6.2e-03
| Epoch  39, time= 12.9s | Train: skip eval | Valid: time=  1.4s loss=1.237, TAw acc= 68.8% | * lr=6.1e-03
| Epoch  40, time= 12.9s | Train: skip eval | Valid: time=  1.9s loss=1.231, TAw acc= 69.0% | * lr=5.9e-03
| Epoch  41, time= 12.9s | Train: skip eval | Valid: time=  1.4s loss=1.225, TAw acc= 68.8% | * lr=5.7e-03
| Epoch  42, time= 14.2s | Train: skip eval | Valid: time=  1.9s loss=1.219, TAw acc= 69.0% | * lr=5.6e-03
| Epoch  43, time= 14.4s | Train: skip eval | Valid: time=  1.5s loss=1.214, TAw acc= 69.2% | * lr=5.4e-03
| Epoch  44, time= 12.8s | Train: skip eval | Valid: time=  1.4s loss=1.209, TAw acc= 69.2% | * lr=5.2e-03
| Epoch  45, time= 13.6s | Train: skip eval | Valid: time=  1.3s loss=1.204, TAw acc= 69.0% | * lr=5.1e-03
| Epoch  46, time= 12.6s | Train: skip eval | Valid: time=  1.4s loss=1.199, TAw acc= 69.0% | * lr=4.9e-03
| Epoch  47, time= 12.8s | Train: skip eval | Valid: time=  1.7s loss=1.195, TAw acc= 69.2% | * lr=4.7e-03
| Epoch  48, time= 12.3s | Train: skip eval | Valid: time=  1.9s loss=1.191, TAw acc= 69.2% | * lr=4.5e-03
| Epoch  49, time= 15.4s | Train: skip eval | Valid: time=  1.7s loss=1.187, TAw acc= 69.2% | * lr=4.4e-03
| Epoch  50, time= 13.7s | Train: skip eval | Valid: time=  1.7s loss=1.183, TAw acc= 69.2% | * lr=4.2e-03
| Epoch  51, time= 12.3s | Train: skip eval | Valid: time=  1.4s loss=1.180, TAw acc= 69.0% | * lr=4.0e-03
| Epoch  52, time= 13.0s | Train: skip eval | Valid: time=  1.3s loss=1.176, TAw acc= 69.0% | * lr=3.9e-03
| Epoch  53, time= 13.4s | Train: skip eval | Valid: time=  1.4s loss=1.173, TAw acc= 69.2% | * lr=3.7e-03
| Epoch  54, time= 12.5s | Train: skip eval | Valid: time=  1.7s loss=1.171, TAw acc= 69.2% | * lr=3.5e-03
| Epoch  55, time= 12.6s | Train: skip eval | Valid: time=  1.3s loss=1.168, TAw acc= 69.2% | * lr=3.4e-03
| Epoch  56, time= 12.4s | Train: skip eval | Valid: time=  1.4s loss=1.165, TAw acc= 69.2% | * lr=3.2e-03
| Epoch  57, time= 14.4s | Train: skip eval | Valid: time=  1.4s loss=1.162, TAw acc= 69.2% | * lr=3.0e-03
| Epoch  58, time= 12.3s | Train: skip eval | Valid: time=  1.4s loss=1.160, TAw acc= 69.2% | * lr=2.9e-03
| Epoch  59, time= 16.3s | Train: skip eval | Valid: time=  1.3s loss=1.158, TAw acc= 69.5% | * lr=2.7e-03
| Epoch  60, time= 13.6s | Train: skip eval | Valid: time=  1.4s loss=1.156, TAw acc= 69.5% | * lr=2.6e-03
| Epoch  61, time= 12.9s | Train: skip eval | Valid: time=  1.4s loss=1.154, TAw acc= 69.5% | * lr=2.4e-03
| Epoch  62, time= 16.2s | Train: skip eval | Valid: time=  1.3s loss=1.152, TAw acc= 69.5% | * lr=2.3e-03
| Epoch  63, time= 13.1s | Train: skip eval | Valid: time=  1.7s loss=1.151, TAw acc= 69.5% | * lr=2.1e-03
| Epoch  64, time= 12.6s | Train: skip eval | Valid: time=  1.4s loss=1.149, TAw acc= 69.5% | * lr=2.0e-03
| Epoch  65, time= 13.1s | Train: skip eval | Valid: time=  1.7s loss=1.148, TAw acc= 69.5% | * lr=1.9e-03
| Epoch  66, time= 12.7s | Train: skip eval | Valid: time=  1.4s loss=1.147, TAw acc= 69.8% | * lr=1.7e-03
| Epoch  67, time= 13.9s | Train: skip eval | Valid: time=  1.5s loss=1.145, TAw acc= 69.8% | * lr=1.6e-03
| Epoch  68, time= 14.0s | Train: skip eval | Valid: time=  1.4s loss=1.144, TAw acc= 69.8% | * lr=1.5e-03
| Epoch  69, time= 12.6s | Train: skip eval | Valid: time=  1.4s loss=1.143, TAw acc= 69.8% | * lr=1.4e-03
| Epoch  70, time= 14.6s | Train: skip eval | Valid: time=  1.9s loss=1.142, TAw acc= 69.8% | * lr=1.3e-03
| Epoch  71, time= 13.0s | Train: skip eval | Valid: time=  1.6s loss=1.141, TAw acc= 69.8% | * lr=1.1e-03
| Epoch  72, time= 14.1s | Train: skip eval | Valid: time=  1.7s loss=1.141, TAw acc= 69.8% | * lr=1.0e-03
| Epoch  73, time= 13.7s | Train: skip eval | Valid: time=  1.4s loss=1.140, TAw acc= 69.8% | * lr=9.5e-04
| Epoch  74, time= 14.3s | Train: skip eval | Valid: time=  1.8s loss=1.139, TAw acc= 69.8% | * lr=8.5e-04
| Epoch  75, time= 13.8s | Train: skip eval | Valid: time=  1.3s loss=1.138, TAw acc= 69.8% | * lr=7.6e-04
| Epoch  76, time= 15.1s | Train: skip eval | Valid: time=  1.8s loss=1.138, TAw acc= 69.8% | * lr=6.8e-04
| Epoch  77, time= 13.3s | Train: skip eval | Valid: time=  1.9s loss=1.138, TAw acc= 69.8% | * lr=6.0e-04
| Epoch  78, time= 13.5s | Train: skip eval | Valid: time=  1.4s loss=1.137, TAw acc= 69.8% | * lr=5.3e-04
| Epoch  79, time= 12.6s | Train: skip eval | Valid: time=  1.4s loss=1.137, TAw acc= 69.8% | * lr=4.6e-04
| Epoch  80, time= 23.1s | Train: skip eval | Valid: time=  1.4s loss=1.137, TAw acc= 69.8% | * lr=4.0e-04
| Epoch  81, time= 14.1s | Train: skip eval | Valid: time=  1.4s loss=1.136, TAw acc= 69.8% | * lr=3.4e-04
| Epoch  82, time= 13.3s | Train: skip eval | Valid: time=  1.4s loss=1.136, TAw acc= 69.8% | * lr=2.9e-04
| Epoch  83, time= 12.8s | Train: skip eval | Valid: time=  1.4s loss=1.136, TAw acc= 69.8% | * lr=2.5e-04
| Epoch  84, time= 13.5s | Train: skip eval | Valid: time=  1.5s loss=1.136, TAw acc= 69.8% | * lr=2.1e-04
| Epoch  85, time= 12.6s | Train: skip eval | Valid: time=  1.4s loss=1.136, TAw acc= 69.8% | * lr=1.8e-04
| Epoch  86, time= 15.5s | Train: skip eval | Valid: time=  1.4s loss=1.136, TAw acc= 69.8% | * lr=1.5e-04
| Epoch  87, time= 13.7s | Train: skip eval | Valid: time=  1.4s loss=1.135, TAw acc= 69.8% | * lr=1.3e-04
| Epoch  88, time= 12.9s | Train: skip eval | Valid: time=  1.4s loss=1.135, TAw acc= 69.8% | * lr=1.1e-04
| Epoch  89, time= 13.9s | Train: skip eval | Valid: time=  1.7s loss=1.135, TAw acc= 69.8% | * lr=1.0e-04
| Epoch  90, time= 13.8s | Train: skip eval | Valid: time=  1.4s loss=1.135, TAw acc= 69.8% | * lr=1.0e-04
------------------------------------------------------------------------------------------------------------
>>> Test on task  0 : loss=1.263 | TAw acc= 70.6%, forg=  0.0% | TAg acc= 16.6%, forg= 54.0% <<<
>>> Test on task  1 : loss=1.140 | TAw acc= 73.4%, forg=  0.0% | TAg acc= 22.7%, forg= 33.7% <<<
>>> Test on task  2 : loss=1.091 | TAw acc= 73.3%, forg=  0.0% | TAg acc= 24.5%, forg= 31.6% <<<
>>> Test on task  3 : loss=1.130 | TAw acc= 69.0%, forg=  0.0% | TAg acc= 28.7%, forg= 13.5% <<<
>>> Test on task  4 : loss=1.165 | TAw acc= 70.0%, forg=  0.0% | TAg acc= 27.3%, forg= 18.2% <<<
>>> Test on task  5 : loss=1.260 | TAw acc= 69.8%, forg=  0.0% | TAg acc= 20.2%, forg= 18.1% <<<
>>> Test on task  6 : loss=1.015 | TAw acc= 77.2%, forg=  0.0% | TAg acc= 40.9%, forg=  9.8% <<<
>>> Test on task  7 : loss=0.990 | TAw acc= 76.3%, forg=  0.0% | TAg acc= 40.2%, forg=  9.8% <<<
>>> Test on task  8 : loss=0.990 | TAw acc= 75.3%, forg=  0.0% | TAg acc= 44.7%, forg=  5.3% <<<
>>> Test on task  9 : loss=1.166 | TAw acc= 73.4%, forg=  0.0% | TAg acc= 20.2%, forg= 12.4% <<<
>>> Test on task 10 : loss=1.168 | TAw acc= 69.3%, forg=  0.0% | TAg acc= 27.1%, forg=  3.2% <<<
>>> Test on task 11 : loss=1.189 | TAw acc= 70.6%, forg=  0.0% | TAg acc= 21.8%, forg=  3.5% <<<
>>> Test on task 12 : loss=1.023 | TAw acc= 75.1%, forg=  0.0% | TAg acc= 27.6%, forg=  9.3% <<<
>>> Test on task 13 : loss=0.937 | TAw acc= 77.4%, forg=  0.0% | TAg acc= 40.9%, forg=  1.3% <<<
>>> Test on task 14 : loss=0.974 | TAw acc= 77.6%, forg=  0.0% | TAg acc= 41.2%, forg=  1.5% <<<
>>> Test on task 15 : loss=1.097 | TAw acc= 74.7%, forg=  0.0% | TAg acc= 37.1%, forg=  0.0% <<<
Save at ./results/./results/resnet50.a1_in1k/inat200/freezing/10
************************************************************************************************************
TAw Acc
	 70.6%   0.0%   0.0%   0.0%   0.0%   0.0%   0.0%   0.0%   0.0%   0.0%   0.0%   0.0%   0.0%   0.0%   0.0%   0.0%   0.0%   0.0%   0.0%   0.0% 	Avg.: 70.6% 
	 70.6%  73.4%   0.0%   0.0%   0.0%   0.0%   0.0%   0.0%   0.0%   0.0%   0.0%   0.0%   0.0%   0.0%   0.0%   0.0%   0.0%   0.0%   0.0%   0.0% 	Avg.: 72.0% 
	 70.6%  73.4%  73.3%   0.0%   0.0%   0.0%   0.0%   0.0%   0.0%   0.0%   0.0%   0.0%   0.0%   0.0%   0.0%   0.0%   0.0%   0.0%   0.0%   0.0% 	Avg.: 72.4% 
	 70.6%  73.4%  73.3%  69.0%   0.0%   0.0%   0.0%   0.0%   0.0%   0.0%   0.0%   0.0%   0.0%   0.0%   0.0%   0.0%   0.0%   0.0%   0.0%   0.0% 	Avg.: 71.6% 
	 70.6%  73.4%  73.3%  69.0%  70.0%   0.0%   0.0%   0.0%   0.0%   0.0%   0.0%   0.0%   0.0%   0.0%   0.0%   0.0%   0.0%   0.0%   0.0%   0.0% 	Avg.: 71.3% 
	 70.6%  73.4%  73.3%  69.0%  70.0%  69.8%   0.0%   0.0%   0.0%   0.0%   0.0%   0.0%   0.0%   0.0%   0.0%   0.0%   0.0%   0.0%   0.0%   0.0% 	Avg.: 71.0% 
	 70.6%  73.4%  73.3%  69.0%  70.0%  69.8%  77.2%   0.0%   0.0%   0.0%   0.0%   0.0%   0.0%   0.0%   0.0%   0.0%   0.0%   0.0%   0.0%   0.0% 	Avg.: 71.9% 
	 70.6%  73.4%  73.3%  69.0%  70.0%  69.8%  77.2%  76.3%   0.0%   0.0%   0.0%   0.0%   0.0%   0.0%   0.0%   0.0%   0.0%   0.0%   0.0%   0.0% 	Avg.: 72.4% 
	 70.6%  73.4%  73.3%  69.0%  70.0%  69.8%  77.2%  76.3%  75.3%   0.0%   0.0%   0.0%   0.0%   0.0%   0.0%   0.0%   0.0%   0.0%   0.0%   0.0% 	Avg.: 72.8% 
	 70.6%  73.4%  73.3%  69.0%  70.0%  69.8%  77.2%  76.3%  75.3%  73.4%   0.0%   0.0%   0.0%   0.0%   0.0%   0.0%   0.0%   0.0%   0.0%   0.0% 	Avg.: 72.8% 
	 70.6%  73.4%  73.3%  69.0%  70.0%  69.8%  77.2%  76.3%  75.3%  73.4%  69.3%   0.0%   0.0%   0.0%   0.0%   0.0%   0.0%   0.0%   0.0%   0.0% 	Avg.: 72.5% 
	 70.6%  73.4%  73.3%  69.0%  70.0%  69.8%  77.2%  76.3%  75.3%  73.4%  69.3%  70.6%   0.0%   0.0%   0.0%   0.0%   0.0%   0.0%   0.0%   0.0% 	Avg.: 72.3% 
	 70.6%  73.4%  73.3%  69.0%  70.0%  69.8%  77.2%  76.3%  75.3%  73.4%  69.3%  70.6%  75.1%   0.0%   0.0%   0.0%   0.0%   0.0%   0.0%   0.0% 	Avg.: 72.6% 
	 70.6%  73.4%  73.3%  69.0%  70.0%  69.8%  77.2%  76.3%  75.3%  73.4%  69.3%  70.6%  75.1%  77.4%   0.0%   0.0%   0.0%   0.0%   0.0%   0.0% 	Avg.: 72.9% 
	 70.6%  73.4%  73.3%  69.0%  70.0%  69.8%  77.2%  76.3%  75.3%  73.4%  69.3%  70.6%  75.1%  77.4%  77.6%   0.0%   0.0%   0.0%   0.0%   0.0% 	Avg.: 73.2% 
	 70.6%  73.4%  73.3%  69.0%  70.0%  69.8%  77.2%  76.3%  75.3%  73.4%  69.3%  70.6%  75.1%  77.4%  77.6%  74.7%   0.0%   0.0%   0.0%   0.0% 	Avg.: 73.3% 
	  0.0%   0.0%   0.0%   0.0%   0.0%   0.0%   0.0%   0.0%   0.0%   0.0%   0.0%   0.0%   0.0%   0.0%   0.0%   0.0%   0.0%   0.0%   0.0%   0.0% 	Avg.:  0.0% 
	  0.0%   0.0%   0.0%   0.0%   0.0%   0.0%   0.0%   0.0%   0.0%   0.0%   0.0%   0.0%   0.0%   0.0%   0.0%   0.0%   0.0%   0.0%   0.0%   0.0% 	Avg.:  0.0% 
	  0.0%   0.0%   0.0%   0.0%   0.0%   0.0%   0.0%   0.0%   0.0%   0.0%   0.0%   0.0%   0.0%   0.0%   0.0%   0.0%   0.0%   0.0%   0.0%   0.0% 	Avg.:  0.0% 
	  0.0%   0.0%   0.0%   0.0%   0.0%   0.0%   0.0%   0.0%   0.0%   0.0%   0.0%   0.0%   0.0%   0.0%   0.0%   0.0%   0.0%   0.0%   0.0%   0.0% 	Avg.:  0.0% 
************************************************************************************************************
TAg Acc
	 70.6%   0.0%   0.0%   0.0%   0.0%   0.0%   0.0%   0.0%   0.0%   0.0%   0.0%   0.0%   0.0%   0.0%   0.0%   0.0%   0.0%   0.0%   0.0%   0.0% 	Avg.: 70.6% 
	 58.8%  56.4%   0.0%   0.0%   0.0%   0.0%   0.0%   0.0%   0.0%   0.0%   0.0%   0.0%   0.0%   0.0%   0.0%   0.0%   0.0%   0.0%   0.0%   0.0% 	Avg.: 57.6% 
	 47.0%  50.8%  56.1%   0.0%   0.0%   0.0%   0.0%   0.0%   0.0%   0.0%   0.0%   0.0%   0.0%   0.0%   0.0%   0.0%   0.0%   0.0%   0.0%   0.0% 	Avg.: 51.3% 
	 41.3%  49.0%  50.1%  42.2%   0.0%   0.0%   0.0%   0.0%   0.0%   0.0%   0.0%   0.0%   0.0%   0.0%   0.0%   0.0%   0.0%   0.0%   0.0%   0.0% 	Avg.: 45.6% 
	 37.4%  45.9%  47.3%  39.2%  45.5%   0.0%   0.0%   0.0%   0.0%   0.0%   0.0%   0.0%   0.0%   0.0%   0.0%   0.0%   0.0%   0.0%   0.0%   0.0% 	Avg.: 43.1% 
	 32.8%  44.8%  46.5%  37.5%  42.5%  38.3%   0.0%   0.0%   0.0%   0.0%   0.0%   0.0%   0.0%   0.0%   0.0%   0.0%   0.0%   0.0%   0.0%   0.0% 	Avg.: 40.4% 
	 27.8%  39.2%  42.7%  36.7%  41.0%  34.7%  50.7%   0.0%   0.0%   0.0%   0.0%   0.0%   0.0%   0.0%   0.0%   0.0%   0.0%   0.0%   0.0%   0.0% 	Avg.: 39.0% 
	 24.8%  36.0%  34.6%  34.0%  37.8%  32.4%  46.2%  50.0%   0.0%   0.0%   0.0%   0.0%   0.0%   0.0%   0.0%   0.0%   0.0%   0.0%   0.0%   0.0% 	Avg.: 37.0% 
	 23.8%  30.3%  33.0%  33.2%  36.5%  31.2%  45.7%  49.3%  50.0%   0.0%   0.0%   0.0%   0.0%   0.0%   0.0%   0.0%   0.0%   0.0%   0.0%   0.0% 	Avg.: 37.0% 
	 22.7%  29.4%  32.3%  33.2%  35.5%  30.3%  44.5%  46.7%  49.0%  32.6%   0.0%   0.0%   0.0%   0.0%   0.0%   0.0%   0.0%   0.0%   0.0%   0.0% 	Avg.: 35.6% 
	 19.8%  29.0%  31.1%  32.8%  33.2%  27.7%  44.2%  44.5%  48.0%  31.5%  30.3%   0.0%   0.0%   0.0%   0.0%   0.0%   0.0%   0.0%   0.0%   0.0% 	Avg.: 33.8% 
	 19.1%  28.8%  31.0%  32.6%  32.9%  27.0%  43.8%  43.9%  47.1%  30.7%  29.5%  25.3%   0.0%   0.0%   0.0%   0.0%   0.0%   0.0%   0.0%   0.0% 	Avg.: 32.6% 
	 18.2%  27.7%  28.9%  31.1%  30.6%  25.2%  43.0%  43.0%  45.9%  28.5%  28.8%  24.1%  36.9%   0.0%   0.0%   0.0%   0.0%   0.0%   0.0%   0.0% 	Avg.: 31.7% 
	 17.6%  24.4%  27.3%  29.9%  29.9%  22.3%  42.3%  41.5%  45.5%  25.1%  28.1%  22.6%  30.7%  42.2%   0.0%   0.0%   0.0%   0.0%   0.0%   0.0% 	Avg.: 30.7% 
	 16.7%  23.0%  24.9%  28.9%  29.4%  21.7%  41.1%  40.5%  45.2%  23.8%  27.5%  21.9%  28.0%  41.0%  42.7%   0.0%   0.0%   0.0%   0.0%   0.0% 	Avg.: 30.4% 
	 16.6%  22.7%  24.5%  28.7%  27.3%  20.2%  40.9%  40.2%  44.7%  20.2%  27.1%  21.8%  27.6%  40.9%  41.2%  37.1%   0.0%   0.0%   0.0%   0.0% 	Avg.: 30.1% 
	  0.0%   0.0%   0.0%   0.0%   0.0%   0.0%   0.0%   0.0%   0.0%   0.0%   0.0%   0.0%   0.0%   0.0%   0.0%   0.0%   0.0%   0.0%   0.0%   0.0% 	Avg.:  0.0% 
	  0.0%   0.0%   0.0%   0.0%   0.0%   0.0%   0.0%   0.0%   0.0%   0.0%   0.0%   0.0%   0.0%   0.0%   0.0%   0.0%   0.0%   0.0%   0.0%   0.0% 	Avg.:  0.0% 
	  0.0%   0.0%   0.0%   0.0%   0.0%   0.0%   0.0%   0.0%   0.0%   0.0%   0.0%   0.0%   0.0%   0.0%   0.0%   0.0%   0.0%   0.0%   0.0%   0.0% 	Avg.:  0.0% 
	  0.0%   0.0%   0.0%   0.0%   0.0%   0.0%   0.0%   0.0%   0.0%   0.0%   0.0%   0.0%   0.0%   0.0%   0.0%   0.0%   0.0%   0.0%   0.0%   0.0% 	Avg.:  0.0% 
************************************************************************************************************
TAw Forg
	  0.0%   0.0%   0.0%   0.0%   0.0%   0.0%   0.0%   0.0%   0.0%   0.0%   0.0%   0.0%   0.0%   0.0%   0.0%   0.0%   0.0%   0.0%   0.0%   0.0% 
	  0.0%   0.0%   0.0%   0.0%   0.0%   0.0%   0.0%   0.0%   0.0%   0.0%   0.0%   0.0%   0.0%   0.0%   0.0%   0.0%   0.0%   0.0%   0.0%   0.0% 	Avg.:  0.0% 
	  0.0%   0.0%   0.0%   0.0%   0.0%   0.0%   0.0%   0.0%   0.0%   0.0%   0.0%   0.0%   0.0%   0.0%   0.0%   0.0%   0.0%   0.0%   0.0%   0.0% 	Avg.:  0.0% 
	  0.0%   0.0%   0.0%   0.0%   0.0%   0.0%   0.0%   0.0%   0.0%   0.0%   0.0%   0.0%   0.0%   0.0%   0.0%   0.0%   0.0%   0.0%   0.0%   0.0% 	Avg.:  0.0% 
	  0.0%   0.0%   0.0%   0.0%   0.0%   0.0%   0.0%   0.0%   0.0%   0.0%   0.0%   0.0%   0.0%   0.0%   0.0%   0.0%   0.0%   0.0%   0.0%   0.0% 	Avg.:  0.0% 
	  0.0%   0.0%   0.0%   0.0%   0.0%   0.0%   0.0%   0.0%   0.0%   0.0%   0.0%   0.0%   0.0%   0.0%   0.0%   0.0%   0.0%   0.0%   0.0%   0.0% 	Avg.:  0.0% 
	  0.0%   0.0%   0.0%   0.0%   0.0%   0.0%   0.0%   0.0%   0.0%   0.0%   0.0%   0.0%   0.0%   0.0%   0.0%   0.0%   0.0%   0.0%   0.0%   0.0% 	Avg.:  0.0% 
	  0.0%   0.0%   0.0%   0.0%   0.0%   0.0%   0.0%   0.0%   0.0%   0.0%   0.0%   0.0%   0.0%   0.0%   0.0%   0.0%   0.0%   0.0%   0.0%   0.0% 	Avg.:  0.0% 
	  0.0%   0.0%   0.0%   0.0%   0.0%   0.0%   0.0%   0.0%   0.0%   0.0%   0.0%   0.0%   0.0%   0.0%   0.0%   0.0%   0.0%   0.0%   0.0%   0.0% 	Avg.:  0.0% 
	  0.0%   0.0%   0.0%   0.0%   0.0%   0.0%   0.0%   0.0%   0.0%   0.0%   0.0%   0.0%   0.0%   0.0%   0.0%   0.0%   0.0%   0.0%   0.0%   0.0% 	Avg.:  0.0% 
	  0.0%   0.0%   0.0%   0.0%   0.0%   0.0%   0.0%   0.0%   0.0%   0.0%   0.0%   0.0%   0.0%   0.0%   0.0%   0.0%   0.0%   0.0%   0.0%   0.0% 	Avg.:  0.0% 
	  0.0%   0.0%   0.0%   0.0%   0.0%   0.0%   0.0%   0.0%   0.0%   0.0%   0.0%   0.0%   0.0%   0.0%   0.0%   0.0%   0.0%   0.0%   0.0%   0.0% 	Avg.:  0.0% 
	  0.0%   0.0%   0.0%   0.0%   0.0%   0.0%   0.0%   0.0%   0.0%   0.0%   0.0%   0.0%   0.0%   0.0%   0.0%   0.0%   0.0%   0.0%   0.0%   0.0% 	Avg.:  0.0% 
	  0.0%   0.0%   0.0%   0.0%   0.0%   0.0%   0.0%   0.0%   0.0%   0.0%   0.0%   0.0%   0.0%   0.0%   0.0%   0.0%   0.0%   0.0%   0.0%   0.0% 	Avg.:  0.0% 
	  0.0%   0.0%   0.0%   0.0%   0.0%   0.0%   0.0%   0.0%   0.0%   0.0%   0.0%   0.0%   0.0%   0.0%   0.0%   0.0%   0.0%   0.0%   0.0%   0.0% 	Avg.:  0.0% 
	  0.0%   0.0%   0.0%   0.0%   0.0%   0.0%   0.0%   0.0%   0.0%   0.0%   0.0%   0.0%   0.0%   0.0%   0.0%   0.0%   0.0%   0.0%   0.0%   0.0% 	Avg.:  0.0% 
	  0.0%   0.0%   0.0%   0.0%   0.0%   0.0%   0.0%   0.0%   0.0%   0.0%   0.0%   0.0%   0.0%   0.0%   0.0%   0.0%   0.0%   0.0%   0.0%   0.0% 	Avg.:  0.0% 
	  0.0%   0.0%   0.0%   0.0%   0.0%   0.0%   0.0%   0.0%   0.0%   0.0%   0.0%   0.0%   0.0%   0.0%   0.0%   0.0%   0.0%   0.0%   0.0%   0.0% 	Avg.:  0.0% 
	  0.0%   0.0%   0.0%   0.0%   0.0%   0.0%   0.0%   0.0%   0.0%   0.0%   0.0%   0.0%   0.0%   0.0%   0.0%   0.0%   0.0%   0.0%   0.0%   0.0% 	Avg.:  0.0% 
	  0.0%   0.0%   0.0%   0.0%   0.0%   0.0%   0.0%   0.0%   0.0%   0.0%   0.0%   0.0%   0.0%   0.0%   0.0%   0.0%   0.0%   0.0%   0.0%   0.0% 	Avg.:  0.0% 
************************************************************************************************************
TAg Forg
	  0.0%   0.0%   0.0%   0.0%   0.0%   0.0%   0.0%   0.0%   0.0%   0.0%   0.0%   0.0%   0.0%   0.0%   0.0%   0.0%   0.0%   0.0%   0.0%   0.0% 
	 11.8%   0.0%   0.0%   0.0%   0.0%   0.0%   0.0%   0.0%   0.0%   0.0%   0.0%   0.0%   0.0%   0.0%   0.0%   0.0%   0.0%   0.0%   0.0%   0.0% 	Avg.: 11.8% 
	 23.6%   5.6%   0.0%   0.0%   0.0%   0.0%   0.0%   0.0%   0.0%   0.0%   0.0%   0.0%   0.0%   0.0%   0.0%   0.0%   0.0%   0.0%   0.0%   0.0% 	Avg.: 14.6% 
	 29.3%   7.4%   6.0%   0.0%   0.0%   0.0%   0.0%   0.0%   0.0%   0.0%   0.0%   0.0%   0.0%   0.0%   0.0%   0.0%   0.0%   0.0%   0.0%   0.0% 	Avg.: 14.2% 
	 33.2%  10.5%   8.8%   3.0%   0.0%   0.0%   0.0%   0.0%   0.0%   0.0%   0.0%   0.0%   0.0%   0.0%   0.0%   0.0%   0.0%   0.0%   0.0%   0.0% 	Avg.: 13.9% 
	 37.8%  11.6%   9.6%   4.7%   3.0%   0.0%   0.0%   0.0%   0.0%   0.0%   0.0%   0.0%   0.0%   0.0%   0.0%   0.0%   0.0%   0.0%   0.0%   0.0% 	Avg.: 13.3% 
	 42.8%  17.2%  13.4%   5.5%   4.5%   3.6%   0.0%   0.0%   0.0%   0.0%   0.0%   0.0%   0.0%   0.0%   0.0%   0.0%   0.0%   0.0%   0.0%   0.0% 	Avg.: 14.5% 
	 45.8%  20.4%  21.5%   8.2%   7.7%   5.9%   4.5%   0.0%   0.0%   0.0%   0.0%   0.0%   0.0%   0.0%   0.0%   0.0%   0.0%   0.0%   0.0%   0.0% 	Avg.: 16.3% 
	 46.8%  26.1%  23.1%   9.0%   9.0%   7.1%   5.0%   0.7%   0.0%   0.0%   0.0%   0.0%   0.0%   0.0%   0.0%   0.0%   0.0%   0.0%   0.0%   0.0% 	Avg.: 15.9% 
	 47.9%  27.0%  23.8%   9.0%  10.0%   8.0%   6.2%   3.3%   1.0%   0.0%   0.0%   0.0%   0.0%   0.0%   0.0%   0.0%   0.0%   0.0%   0.0%   0.0% 	Avg.: 15.1% 
	 50.8%  27.4%  25.0%   9.4%  12.3%  10.6%   6.5%   5.5%   2.0%   1.1%   0.0%   0.0%   0.0%   0.0%   0.0%   0.0%   0.0%   0.0%   0.0%   0.0% 	Avg.: 15.1% 
	 51.5%  27.6%  25.1%   9.6%  12.6%  11.3%   6.9%   6.1%   2.9%   1.9%   0.8%   0.0%   0.0%   0.0%   0.0%   0.0%   0.0%   0.0%   0.0%   0.0% 	Avg.: 14.2% 
	 52.4%  28.7%  27.2%  11.1%  14.9%  13.1%   7.7%   7.0%   4.1%   4.1%   1.5%   1.2%   0.0%   0.0%   0.0%   0.0%   0.0%   0.0%   0.0%   0.0% 	Avg.: 14.4% 
	 53.0%  32.0%  28.8%  12.3%  15.6%  16.0%   8.4%   8.5%   4.5%   7.5%   2.2%   2.7%   6.2%   0.0%   0.0%   0.0%   0.0%   0.0%   0.0%   0.0% 	Avg.: 15.2% 
	 53.9%  33.4%  31.2%  13.3%  16.1%  16.6%   9.6%   9.5%   4.8%   8.8%   2.8%   3.4%   8.9%   1.2%   0.0%   0.0%   0.0%   0.0%   0.0%   0.0% 	Avg.: 15.2% 
	 54.0%  33.7%  31.6%  13.5%  18.2%  18.1%   9.8%   9.8%   5.3%  12.4%   3.2%   3.5%   9.3%   1.3%   1.5%   0.0%   0.0%   0.0%   0.0%   0.0% 	Avg.: 15.0% 
	  0.0%   0.0%   0.0%   0.0%   0.0%   0.0%   0.0%   0.0%   0.0%   0.0%   0.0%   0.0%   0.0%   0.0%   0.0%   0.0%   0.0%   0.0%   0.0%   0.0% 	Avg.:  0.0% 
	  0.0%   0.0%   0.0%   0.0%   0.0%   0.0%   0.0%   0.0%   0.0%   0.0%   0.0%   0.0%   0.0%   0.0%   0.0%   0.0%   0.0%   0.0%   0.0%   0.0% 	Avg.:  0.0% 
	  0.0%   0.0%   0.0%   0.0%   0.0%   0.0%   0.0%   0.0%   0.0%   0.0%   0.0%   0.0%   0.0%   0.0%   0.0%   0.0%   0.0%   0.0%   0.0%   0.0% 	Avg.:  0.0% 
	  0.0%   0.0%   0.0%   0.0%   0.0%   0.0%   0.0%   0.0%   0.0%   0.0%   0.0%   0.0%   0.0%   0.0%   0.0%   0.0%   0.0%   0.0%   0.0%   0.0% 	Avg.:  0.0% 
************************************************************************************************************
[Elapsed time = 0.4 h]
Done!
