START_TASK=8 STOP_TASK=9
============================================================================================================
Arguments =
	approach: freezing
	batch_size: 64
	classes_first_task: None
	clipping: 10000
	crop: 224
	dataset: cifar100
	eval_on_train: False
	experiment_path: None
	fix_bn: True
	freeze_backbone: True
	gpu: 0
	gpus: [0]
	increment: 10
	last_layer_analysis: False
	log: ['disk']
	lr: 0.01
	lr_factor: None
	lr_min: 0.0001
	lr_patience: None
	lr_scheduler: cosine
	lr_warmup_epochs: 0
	momentum: 0.0
	multi_softmax: False
	nepochs: 50
	network: vit_small_patch16_224.augreg_in1k
	no_cudnn_deterministic: False
	normalize: in1k
	num_workers: 2
	optimizer_name: sgd
	pin_memory: False
	pretrained: True
	resize: 224
	results_path: ./results
	save_models: True
	seed: 0
	start_at_task: 8
	start_epoch: 0
	stop_at_task: 9
	stop_epoch: 0
	use_valid_only: False
	warmup_lr_factor: 1.0
	warmup_nepochs: 0
	weight_decay: 0.0
============================================================================================================
Approach arguments =
============================================================================================================
Exemplars arguments =
============================================================================================================
WARNING: ./results/vit_small_patch16_224.augreg_in1k/cifar100/freezing/10 already exists!
Loaded acc_taw from: ./results/vit_small_patch16_224.augreg_in1k/cifar100/freezing/10/acc_taw-7.txt
Loaded acc_tag from: ./results/vit_small_patch16_224.augreg_in1k/cifar100/freezing/10/acc_tag-7.txt
Loaded forg_taw from: ./results/vit_small_patch16_224.augreg_in1k/cifar100/freezing/10/forg_taw-7.txt
Loaded forg_tag from: ./results/vit_small_patch16_224.augreg_in1k/cifar100/freezing/10/forg_tag-7.txt
************************************************************************************************************
Task  8  [epochs 0-50]
************************************************************************************************************
[DEBUG] trainable params -> backbone:0 heads:34650 total:34650
[params] total:21,700,314  trainable:34,650  tensors:168  trainable_tensors:18
| Epoch   1, time=  7.8s | Train: skip eval | Valid: time=  0.8s loss=0.532, TAw acc= 83.0% | * lr=1.0e-02
| Epoch   2, time=  6.9s | Train: skip eval | Valid: time=  0.8s loss=0.413, TAw acc= 87.8% | * lr=1.0e-02
| Epoch   3, time=  7.4s | Train: skip eval | Valid: time=  0.8s loss=0.376, TAw acc= 88.2% | * lr=9.9e-03
| Epoch   4, time=  7.4s | Train: skip eval | Valid: time=  0.8s loss=0.356, TAw acc= 89.2% | * lr=9.8e-03
| Epoch   5, time=  6.9s | Train: skip eval | Valid: time=  0.8s loss=0.350, TAw acc= 89.4% | * lr=9.8e-03
| Epoch   6, time=  7.7s | Train: skip eval | Valid: time=  0.8s loss=0.330, TAw acc= 90.0% | * lr=9.7e-03
| Epoch   7, time=  7.2s | Train: skip eval | Valid: time=  0.8s loss=0.340, TAw acc= 89.4% | lr=9.5e-03
| Epoch   8, time=  7.7s | Train: skip eval | Valid: time=  0.8s loss=0.322, TAw acc= 89.0% | * lr=9.4e-03
| Epoch   9, time=  7.3s | Train: skip eval | Valid: time=  0.8s loss=0.317, TAw acc= 89.8% | * lr=9.2e-03
| Epoch  10, time=  7.4s | Train: skip eval | Valid: time=  0.8s loss=0.306, TAw acc= 90.0% | * lr=9.1e-03
| Epoch  11, time=  7.3s | Train: skip eval | Valid: time=  0.8s loss=0.306, TAw acc= 90.2% | * lr=8.9e-03
| Epoch  12, time=  7.3s | Train: skip eval | Valid: time=  0.8s loss=0.306, TAw acc= 91.0% | lr=8.7e-03
| Epoch  13, time=  7.5s | Train: skip eval | Valid: time=  0.8s loss=0.307, TAw acc= 91.0% | lr=8.4e-03
| Epoch  14, time=  7.3s | Train: skip eval | Valid: time=  0.8s loss=0.308, TAw acc= 89.4% | lr=8.2e-03
| Epoch  15, time=  7.3s | Train: skip eval | Valid: time=  0.8s loss=0.289, TAw acc= 91.0% | * lr=8.0e-03
| Epoch  16, time=  7.3s | Train: skip eval | Valid: time=  0.8s loss=0.287, TAw acc= 90.8% | * lr=7.7e-03
| Epoch  17, time=  8.2s | Train: skip eval | Valid: time=  0.8s loss=0.290, TAw acc= 90.4% | lr=7.4e-03
| Epoch  18, time=  7.3s | Train: skip eval | Valid: time=  0.8s loss=0.287, TAw acc= 90.2% | lr=7.2e-03
| Epoch  19, time=  8.0s | Train: skip eval | Valid: time=  0.8s loss=0.287, TAw acc= 90.6% | * lr=6.9e-03
| Epoch  20, time=  7.4s | Train: skip eval | Valid: time=  0.8s loss=0.287, TAw acc= 90.4% | lr=6.6e-03
| Epoch  21, time=  7.2s | Train: skip eval | Valid: time=  0.8s loss=0.288, TAw acc= 91.0% | lr=6.3e-03
| Epoch  22, time=  7.3s | Train: skip eval | Valid: time=  0.8s loss=0.287, TAw acc= 90.6% | lr=6.0e-03
| Epoch  23, time=  7.4s | Train: skip eval | Valid: time=  0.8s loss=0.292, TAw acc= 90.6% | lr=5.7e-03
| Epoch  24, time=  8.1s | Train: skip eval | Valid: time=  0.8s loss=0.296, TAw acc= 90.4% | lr=5.4e-03
| Epoch  25, time=  7.5s | Train: skip eval | Valid: time=  0.8s loss=0.286, TAw acc= 90.4% | * lr=5.1e-03
| Epoch  26, time=  7.4s | Train: skip eval | Valid: time=  0.8s loss=0.285, TAw acc= 90.4% | * lr=4.7e-03
| Epoch  27, time=  7.1s | Train: skip eval | Valid: time=  0.8s loss=0.280, TAw acc= 91.0% | * lr=4.4e-03
| Epoch  28, time=  7.2s | Train: skip eval | Valid: time=  0.8s loss=0.277, TAw acc= 90.6% | * lr=4.1e-03
| Epoch  29, time=  7.8s | Train: skip eval | Valid: time=  0.8s loss=0.285, TAw acc= 90.8% | lr=3.8e-03
| Epoch  30, time=  7.2s | Train: skip eval | Valid: time=  0.8s loss=0.279, TAw acc= 91.0% | lr=3.5e-03
| Epoch  31, time=  7.3s | Train: skip eval | Valid: time=  2.1s loss=0.283, TAw acc= 90.4% | lr=3.2e-03
| Epoch  32, time=  7.2s | Train: skip eval | Valid: time=  0.8s loss=0.279, TAw acc= 91.0% | lr=2.9e-03
| Epoch  33, time=  7.8s | Train: skip eval | Valid: time=  0.8s loss=0.280, TAw acc= 90.8% | lr=2.7e-03
| Epoch  34, time=  7.4s | Train: skip eval | Valid: time=  0.8s loss=0.283, TAw acc= 91.0% | lr=2.4e-03
| Epoch  35, time=  7.4s | Train: skip eval | Valid: time=  0.8s loss=0.279, TAw acc= 90.6% | lr=2.1e-03
| Epoch  36, time=  7.4s | Train: skip eval | Valid: time=  0.8s loss=0.280, TAw acc= 91.0% | lr=1.9e-03
| Epoch  37, time=  7.2s | Train: skip eval | Valid: time=  0.8s loss=0.281, TAw acc= 90.8% | lr=1.7e-03
| Epoch  38, time=  7.2s | Train: skip eval | Valid: time=  0.8s loss=0.279, TAw acc= 90.4% | lr=1.4e-03
| Epoch  39, time=  7.4s | Train: skip eval | Valid: time=  0.8s loss=0.279, TAw acc= 91.2% | lr=1.2e-03
| Epoch  40, time=  7.3s | Train: skip eval | Valid: time=  0.8s loss=0.279, TAw acc= 90.8% | lr=1.0e-03
| Epoch  41, time=  8.2s | Train: skip eval | Valid: time=  0.8s loss=0.277, TAw acc= 91.2% | lr=8.7e-04
| Epoch  42, time=  7.2s | Train: skip eval | Valid: time=  0.8s loss=0.276, TAw acc= 90.8% | * lr=7.1e-04
| Epoch  43, time=  7.6s | Train: skip eval | Valid: time=  0.8s loss=0.276, TAw acc= 90.4% | lr=5.7e-04
| Epoch  44, time=  7.3s | Train: skip eval | Valid: time=  0.9s loss=0.276, TAw acc= 91.0% | * lr=4.5e-04
| Epoch  45, time=  8.1s | Train: skip eval | Valid: time=  0.8s loss=0.276, TAw acc= 90.8% | lr=3.4e-04
| Epoch  46, time=  7.5s | Train: skip eval | Valid: time=  0.8s loss=0.276, TAw acc= 90.6% | lr=2.6e-04
| Epoch  47, time=  7.2s | Train: skip eval | Valid: time=  0.8s loss=0.276, TAw acc= 90.6% | lr=1.9e-04
| Epoch  48, time=  7.3s | Train: skip eval | Valid: time=  0.8s loss=0.277, TAw acc= 90.6% | lr=1.4e-04
| Epoch  49, time=  7.8s | Train: skip eval | Valid: time=  0.8s loss=0.277, TAw acc= 90.6% | lr=1.1e-04
| Epoch  50, time=  7.2s | Train: skip eval | Valid: time=  0.8s loss=0.277, TAw acc= 90.6% | lr=1.0e-04
------------------------------------------------------------------------------------------------------------
>>> Test on task  0 : loss=0.283 | TAw acc= 90.0%, forg=  0.0% | TAg acc= 60.4%, forg= 29.6% <<<
>>> Test on task  1 : loss=0.170 | TAw acc= 94.2%, forg=  0.0% | TAg acc= 62.0%, forg= 19.4% <<<
>>> Test on task  2 : loss=0.173 | TAw acc= 94.2%, forg=  0.0% | TAg acc= 63.6%, forg= 13.4% <<<
>>> Test on task  3 : loss=0.370 | TAw acc= 86.2%, forg=  0.0% | TAg acc= 48.2%, forg= 14.8% <<<
>>> Test on task  4 : loss=0.182 | TAw acc= 94.6%, forg=  0.0% | TAg acc= 71.2%, forg= 13.1% <<<
>>> Test on task  5 : loss=0.299 | TAw acc= 88.2%, forg=  0.0% | TAg acc= 57.5%, forg= 10.2% <<<
>>> Test on task  6 : loss=0.275 | TAw acc= 91.1%, forg=  0.0% | TAg acc= 64.9%, forg=  3.7% <<<
>>> Test on task  7 : loss=0.172 | TAw acc= 94.3%, forg=  0.0% | TAg acc= 65.7%, forg=  3.1% <<<
>>> Test on task  8 : loss=0.224 | TAw acc= 93.1%, forg=  0.0% | TAg acc= 60.3%, forg=  0.0% <<<
Save at ./results/./results/vit_small_patch16_224.augreg_in1k/cifar100/freezing/10
************************************************************************************************************
TAw Acc
	 90.0%   0.0%   0.0%   0.0%   0.0%   0.0%   0.0%   0.0%   0.0%   0.0% 	Avg.: 90.0% 
	 90.0%  94.2%   0.0%   0.0%   0.0%   0.0%   0.0%   0.0%   0.0%   0.0% 	Avg.: 92.1% 
	 90.0%  94.2%  94.2%   0.0%   0.0%   0.0%   0.0%   0.0%   0.0%   0.0% 	Avg.: 92.8% 
	 90.0%  94.2%  94.2%  86.2%   0.0%   0.0%   0.0%   0.0%   0.0%   0.0% 	Avg.: 91.1% 
	 90.0%  94.2%  94.2%  86.2%  94.6%   0.0%   0.0%   0.0%   0.0%   0.0% 	Avg.: 91.8% 
	 90.0%  94.2%  94.2%  86.2%  94.6%  88.2%   0.0%   0.0%   0.0%   0.0% 	Avg.: 91.2% 
	 90.0%  94.2%  94.2%  86.2%  94.6%  88.2%  91.1%   0.0%   0.0%   0.0% 	Avg.: 91.2% 
	 90.0%  94.2%  94.2%  86.2%  94.6%  88.2%  91.1%  94.3%   0.0%   0.0% 	Avg.: 91.6% 
	 90.0%  94.2%  94.2%  86.2%  94.6%  88.2%  91.1%  94.3%  93.1%   0.0% 	Avg.: 91.8% 
	  0.0%   0.0%   0.0%   0.0%   0.0%   0.0%   0.0%   0.0%   0.0%   0.0% 	Avg.:  0.0% 
************************************************************************************************************
TAg Acc
	 90.0%   0.0%   0.0%   0.0%   0.0%   0.0%   0.0%   0.0%   0.0%   0.0% 	Avg.: 90.0% 
	 79.1%  81.4%   0.0%   0.0%   0.0%   0.0%   0.0%   0.0%   0.0%   0.0% 	Avg.: 80.2% 
	 75.3%  76.9%  77.0%   0.0%   0.0%   0.0%   0.0%   0.0%   0.0%   0.0% 	Avg.: 76.4% 
	 73.4%  73.7%  76.3%  63.0%   0.0%   0.0%   0.0%   0.0%   0.0%   0.0% 	Avg.: 71.6% 
	 68.8%  70.9%  70.9%  58.9%  84.3%   0.0%   0.0%   0.0%   0.0%   0.0% 	Avg.: 70.8% 
	 65.4%  68.2%  69.3%  53.9%  81.6%  67.7%   0.0%   0.0%   0.0%   0.0% 	Avg.: 67.7% 
	 63.8%  64.9%  68.3%  52.2%  77.6%  65.6%  68.6%   0.0%   0.0%   0.0% 	Avg.: 65.9% 
	 61.7%  64.2%  66.9%  50.4%  75.7%  60.7%  66.6%  68.8%   0.0%   0.0% 	Avg.: 64.4% 
	 60.4%  62.0%  63.6%  48.2%  71.2%  57.5%  64.9%  65.7%  60.3%   0.0% 	Avg.: 61.5% 
	  0.0%   0.0%   0.0%   0.0%   0.0%   0.0%   0.0%   0.0%   0.0%   0.0% 	Avg.:  0.0% 
************************************************************************************************************
TAw Forg
	  0.0%   0.0%   0.0%   0.0%   0.0%   0.0%   0.0%   0.0%   0.0%   0.0% 
	  0.0%   0.0%   0.0%   0.0%   0.0%   0.0%   0.0%   0.0%   0.0%   0.0% 	Avg.:  0.0% 
	  0.0%   0.0%   0.0%   0.0%   0.0%   0.0%   0.0%   0.0%   0.0%   0.0% 	Avg.:  0.0% 
	  0.0%   0.0%   0.0%   0.0%   0.0%   0.0%   0.0%   0.0%   0.0%   0.0% 	Avg.:  0.0% 
	  0.0%   0.0%   0.0%   0.0%   0.0%   0.0%   0.0%   0.0%   0.0%   0.0% 	Avg.:  0.0% 
	  0.0%   0.0%   0.0%   0.0%   0.0%   0.0%   0.0%   0.0%   0.0%   0.0% 	Avg.:  0.0% 
	  0.0%   0.0%   0.0%   0.0%   0.0%   0.0%   0.0%   0.0%   0.0%   0.0% 	Avg.:  0.0% 
	  0.0%   0.0%   0.0%   0.0%   0.0%   0.0%   0.0%   0.0%   0.0%   0.0% 	Avg.:  0.0% 
	  0.0%   0.0%   0.0%   0.0%   0.0%   0.0%   0.0%   0.0%   0.0%   0.0% 	Avg.:  0.0% 
	  0.0%   0.0%   0.0%   0.0%   0.0%   0.0%   0.0%   0.0%   0.0%   0.0% 	Avg.:  0.0% 
************************************************************************************************************
TAg Forg
	  0.0%   0.0%   0.0%   0.0%   0.0%   0.0%   0.0%   0.0%   0.0%   0.0% 
	 10.9%   0.0%   0.0%   0.0%   0.0%   0.0%   0.0%   0.0%   0.0%   0.0% 	Avg.: 10.9% 
	 14.7%   4.5%   0.0%   0.0%   0.0%   0.0%   0.0%   0.0%   0.0%   0.0% 	Avg.:  9.6% 
	 16.6%   7.7%   0.7%   0.0%   0.0%   0.0%   0.0%   0.0%   0.0%   0.0% 	Avg.:  8.3% 
	 21.2%  10.5%   6.1%   4.1%   0.0%   0.0%   0.0%   0.0%   0.0%   0.0% 	Avg.: 10.5% 
	 24.6%  13.2%   7.7%   9.1%   2.7%   0.0%   0.0%   0.0%   0.0%   0.0% 	Avg.: 11.5% 
	 26.2%  16.5%   8.7%  10.8%   6.7%   2.1%   0.0%   0.0%   0.0%   0.0% 	Avg.: 11.8% 
	 28.3%  17.2%  10.1%  12.6%   8.6%   7.0%   2.0%   0.0%   0.0%   0.0% 	Avg.: 12.3% 
	 29.6%  19.4%  13.4%  14.8%  13.1%  10.2%   3.7%   3.1%   0.0%   0.0% 	Avg.: 13.4% 
	  0.0%   0.0%   0.0%   0.0%   0.0%   0.0%   0.0%   0.0%   0.0%   0.0% 	Avg.:  0.0% 
************************************************************************************************************
[Elapsed time = 0.1 h]
Done!
