START_TASK=4 STOP_TASK=5
============================================================================================================
Arguments =
	approach: icarl
	batch_size: 64
	classes_first_task: None
	clipping: 10000
	crop: 224
	data_path: ../data/inat200
	dataset: inat200
	eval_on_train: False
	experiment_path: None
	fix_bn: False
	freeze_backbone: False
	gpu: 0
	gpus: [0]
	increment: 10
	last_layer_analysis: True
	log: ['disk']
	lr: 0.01
	lr_factor: None
	lr_min: 0.0001
	lr_patience: None
	lr_scheduler: cosine
	lr_warmup_epochs: 0
	momentum: 0.0
	multi_softmax: False
	nepochs: 90
	network: vit_base_patch16_224.orig_in21k
	no_cudnn_deterministic: False
	normalize: in21k
	num_workers: 2
	optimizer_name: sgd
	pin_memory: False
	pretrained: True
	resize: 224
	results_path: ./results
	save_models: True
	seed: 0
	start_at_task: 4
	start_epoch: 0
	stop_at_task: 5
	stop_epoch: 0
	use_valid_only: False
	warmup_lr_factor: 1.0
	warmup_nepochs: 0
	weight_decay: 0.0
============================================================================================================
Approach arguments =
	lamb: 1.0
============================================================================================================
Exemplars arguments =
	exemplar_selection: random
	num_exemplars: 4000
============================================================================================================
WARNING: ./results/vit_base_patch16_224.orig_in21k/inat200/icarl/10 already exists!
Loaded acc_taw from: ./results/vit_base_patch16_224.orig_in21k/inat200/icarl/10/acc_taw-3.txt
Loaded acc_tag from: ./results/vit_base_patch16_224.orig_in21k/inat200/icarl/10/acc_tag-3.txt
Loaded forg_taw from: ./results/vit_base_patch16_224.orig_in21k/inat200/icarl/10/forg_taw-3.txt
Loaded forg_tag from: ./results/vit_base_patch16_224.orig_in21k/inat200/icarl/10/forg_tag-3.txt
Loaded 4000 exemplars from ./results/vit_base_patch16_224.orig_in21k/inat200/icarl/10/task3_exemplars.pth
Loaded 40 exemplar means from ./results/vit_base_patch16_224.orig_in21k/inat200/icarl/10/task3_exemplar_means.pth
************************************************************************************************************
Task  4  [epochs 0-90]
************************************************************************************************************
[params] total:85,837,106  trainable:85,837,106  tensors:160  trainable_tensors:160
| Epoch   1, time= 74.5s | Train: skip eval | Valid: time=  2.9s loss=20.256, TAw acc= 77.0% | * lr=1.0e-02
| Epoch   2, time= 74.2s | Train: skip eval | Valid: time=  2.7s loss=18.243, TAw acc= 86.0% | * lr=1.0e-02
| Epoch   3, time= 75.1s | Train: skip eval | Valid: time=  2.7s loss=17.897, TAw acc= 90.5% | * lr=1.0e-02
| Epoch   4, time= 75.4s | Train: skip eval | Valid: time=  2.7s loss=17.713, TAw acc= 89.0% | * lr=1.0e-02
| Epoch   5, time= 75.4s | Train: skip eval | Valid: time=  2.7s loss=17.739, TAw acc= 89.8% | lr=9.9e-03
| Epoch   6, time= 75.2s | Train: skip eval | Valid: time=  2.7s loss=17.575, TAw acc= 91.0% | * lr=9.9e-03
| Epoch   7, time= 75.4s | Train: skip eval | Valid: time=  2.7s loss=17.576, TAw acc= 92.0% | lr=9.9e-03
| Epoch   8, time= 75.8s | Train: skip eval | Valid: time=  2.9s loss=17.535, TAw acc= 90.0% | * lr=9.8e-03
| Epoch   9, time= 75.0s | Train: skip eval | Valid: time=  2.7s loss=17.520, TAw acc= 91.5% | * lr=9.8e-03
| Epoch  10, time= 75.4s | Train: skip eval | Valid: time=  2.7s loss=17.532, TAw acc= 91.2% | lr=9.7e-03
| Epoch  11, time= 75.5s | Train: skip eval | Valid: time=  2.8s loss=17.491, TAw acc= 91.2% | * lr=9.6e-03
| Epoch  12, time= 75.1s | Train: skip eval | Valid: time=  2.7s loss=17.496, TAw acc= 91.2% | lr=9.6e-03
| Epoch  13, time= 75.1s | Train: skip eval | Valid: time=  2.9s loss=17.507, TAw acc= 92.2% | lr=9.5e-03
| Epoch  14, time= 75.4s | Train: skip eval | Valid: time=  2.7s loss=17.470, TAw acc= 92.2% | * lr=9.4e-03
| Epoch  15, time= 75.4s | Train: skip eval | Valid: time=  2.7s loss=17.486, TAw acc= 91.2% | lr=9.3e-03
| Epoch  16, time= 75.5s | Train: skip eval | Valid: time=  2.7s loss=17.436, TAw acc= 91.0% | * lr=9.2e-03
| Epoch  17, time= 75.5s | Train: skip eval | Valid: time=  2.7s loss=17.422, TAw acc= 91.8% | * lr=9.2e-03
| Epoch  18, time= 75.5s | Train: skip eval | Valid: time=  2.7s loss=17.423, TAw acc= 91.2% | lr=9.1e-03
| Epoch  19, time= 75.9s | Train: skip eval | Valid: time=  2.7s loss=17.389, TAw acc= 92.0% | * lr=9.0e-03
| Epoch  20, time= 75.9s | Train: skip eval | Valid: time=  2.9s loss=17.407, TAw acc= 91.5% | lr=8.8e-03
| Epoch  21, time= 75.8s | Train: skip eval | Valid: time=  2.7s loss=17.389, TAw acc= 92.5% | lr=8.7e-03
| Epoch  22, time= 75.9s | Train: skip eval | Valid: time=  2.7s loss=17.383, TAw acc= 92.0% | * lr=8.6e-03
| Epoch  23, time= 76.0s | Train: skip eval | Valid: time=  2.7s loss=17.365, TAw acc= 92.8% | * lr=8.5e-03
| Epoch  24, time= 75.9s | Train: skip eval | Valid: time=  2.7s loss=17.391, TAw acc= 93.0% | lr=8.4e-03
| Epoch  25, time= 76.1s | Train: skip eval | Valid: time=  2.7s loss=17.355, TAw acc= 92.2% | * lr=8.2e-03
| Epoch  26, time= 76.1s | Train: skip eval | Valid: time=  2.7s loss=17.362, TAw acc= 92.0% | lr=8.1e-03
| Epoch  27, time= 75.8s | Train: skip eval | Valid: time=  2.9s loss=17.375, TAw acc= 91.2% | lr=8.0e-03
| Epoch  28, time= 76.1s | Train: skip eval | Valid: time=  2.7s loss=17.376, TAw acc= 91.8% | lr=7.8e-03
| Epoch  29, time= 75.9s | Train: skip eval | Valid: time=  2.7s loss=17.347, TAw acc= 92.0% | * lr=7.7e-03
| Epoch  30, time= 76.1s | Train: skip eval | Valid: time=  2.7s loss=17.337, TAw acc= 92.0% | * lr=7.5e-03
| Epoch  31, time= 75.8s | Train: skip eval | Valid: time=  2.7s loss=17.328, TAw acc= 93.0% | * lr=7.4e-03
| Epoch  32, time= 75.9s | Train: skip eval | Valid: time=  2.7s loss=17.338, TAw acc= 92.2% | lr=7.2e-03
| Epoch  33, time= 76.1s | Train: skip eval | Valid: time=  2.7s loss=17.344, TAw acc= 92.8% | lr=7.1e-03
| Epoch  34, time= 76.2s | Train: skip eval | Valid: time=  2.7s loss=17.327, TAw acc= 92.8% | * lr=6.9e-03
| Epoch  35, time= 76.0s | Train: skip eval | Valid: time=  2.7s loss=17.329, TAw acc= 92.5% | lr=6.7e-03
| Epoch  36, time= 75.9s | Train: skip eval | Valid: time=  2.7s loss=17.327, TAw acc= 92.2% | * lr=6.6e-03
| Epoch  37, time= 76.0s | Train: skip eval | Valid: time=  2.7s loss=17.320, TAw acc= 92.5% | * lr=6.4e-03
| Epoch  38, time= 76.0s | Train: skip eval | Valid: time=  2.7s loss=17.316, TAw acc= 92.2% | * lr=6.2e-03
| Epoch  39, time= 75.9s | Train: skip eval | Valid: time=  2.7s loss=17.317, TAw acc= 92.2% | lr=6.1e-03
| Epoch  40, time= 76.0s | Train: skip eval | Valid: time=  2.7s loss=17.310, TAw acc= 92.2% | * lr=5.9e-03
| Epoch  41, time= 76.0s | Train: skip eval | Valid: time=  2.7s loss=17.319, TAw acc= 93.0% | lr=5.7e-03
| Epoch  42, time= 76.2s | Train: skip eval | Valid: time=  2.7s loss=17.310, TAw acc= 92.0% | lr=5.6e-03
| Epoch  43, time= 76.3s | Train: skip eval | Valid: time=  2.7s loss=17.301, TAw acc= 93.0% | * lr=5.4e-03
| Epoch  44, time= 76.4s | Train: skip eval | Valid: time=  2.7s loss=17.304, TAw acc= 92.5% | lr=5.2e-03
| Epoch  45, time= 76.1s | Train: skip eval | Valid: time=  2.7s loss=17.299, TAw acc= 92.8% | * lr=5.1e-03
| Epoch  46, time= 75.3s | Train: skip eval | Valid: time=  2.7s loss=17.298, TAw acc= 91.8% | * lr=4.9e-03
| Epoch  47, time= 75.3s | Train: skip eval | Valid: time=  2.7s loss=17.302, TAw acc= 93.0% | lr=4.7e-03
| Epoch  48, time= 75.5s | Train: skip eval | Valid: time=  2.7s loss=17.303, TAw acc= 92.5% | lr=4.5e-03
| Epoch  49, time= 75.6s | Train: skip eval | Valid: time=  2.7s loss=17.297, TAw acc= 93.2% | * lr=4.4e-03
| Epoch  50, time= 75.3s | Train: skip eval | Valid: time=  2.7s loss=17.291, TAw acc= 92.8% | * lr=4.2e-03
| Epoch  51, time= 75.6s | Train: skip eval | Valid: time=  2.7s loss=17.295, TAw acc= 92.8% | lr=4.0e-03
| Epoch  52, time= 76.1s | Train: skip eval | Valid: time=  2.7s loss=17.297, TAw acc= 92.5% | lr=3.9e-03
| Epoch  53, time= 75.3s | Train: skip eval | Valid: time=  2.7s loss=17.292, TAw acc= 93.0% | lr=3.7e-03
| Epoch  54, time= 75.5s | Train: skip eval | Valid: time=  2.7s loss=17.291, TAw acc= 92.8% | lr=3.5e-03
| Epoch  55, time= 75.7s | Train: skip eval | Valid: time=  2.8s loss=17.287, TAw acc= 92.8% | * lr=3.4e-03
| Epoch  56, time= 75.7s | Train: skip eval | Valid: time=  2.7s loss=17.286, TAw acc= 93.0% | * lr=3.2e-03
| Epoch  57, time= 75.9s | Train: skip eval | Valid: time=  2.7s loss=17.284, TAw acc= 92.8% | * lr=3.0e-03
| Epoch  58, time= 75.8s | Train: skip eval | Valid: time=  2.7s loss=17.286, TAw acc= 92.5% | lr=2.9e-03
| Epoch  59, time= 76.0s | Train: skip eval | Valid: time=  2.7s loss=17.287, TAw acc= 92.8% | lr=2.7e-03
| Epoch  60, time= 75.6s | Train: skip eval | Valid: time=  2.7s loss=17.288, TAw acc= 92.5% | lr=2.6e-03
| Epoch  61, time= 75.7s | Train: skip eval | Valid: time=  2.9s loss=17.282, TAw acc= 92.8% | * lr=2.4e-03
| Epoch  62, time= 75.7s | Train: skip eval | Valid: time=  2.7s loss=17.281, TAw acc= 93.0% | * lr=2.3e-03
| Epoch  63, time= 75.9s | Train: skip eval | Valid: time=  2.7s loss=17.283, TAw acc= 93.2% | lr=2.1e-03
| Epoch  64, time= 75.9s | Train: skip eval | Valid: time=  2.7s loss=17.279, TAw acc= 92.5% | * lr=2.0e-03
| Epoch  65, time= 75.8s | Train: skip eval | Valid: time=  2.7s loss=17.275, TAw acc= 92.8% | * lr=1.9e-03
| Epoch  66, time= 75.1s | Train: skip eval | Valid: time=  2.8s loss=17.276, TAw acc= 92.5% | lr=1.7e-03
| Epoch  67, time= 75.4s | Train: skip eval | Valid: time=  2.8s loss=17.276, TAw acc= 92.8% | lr=1.6e-03
| Epoch  68, time= 75.1s | Train: skip eval | Valid: time=  2.7s loss=17.276, TAw acc= 93.0% | lr=1.5e-03
| Epoch  69, time= 75.5s | Train: skip eval | Valid: time=  2.7s loss=17.272, TAw acc= 92.8% | * lr=1.4e-03
| Epoch  70, time= 75.2s | Train: skip eval | Valid: time=  2.7s loss=17.271, TAw acc= 92.8% | * lr=1.3e-03
| Epoch  71, time= 75.3s | Train: skip eval | Valid: time=  2.7s loss=17.272, TAw acc= 93.0% | lr=1.1e-03
| Epoch  72, time= 75.5s | Train: skip eval | Valid: time=  2.7s loss=17.274, TAw acc= 93.2% | lr=1.0e-03
| Epoch  73, time= 76.0s | Train: skip eval | Valid: time=  2.7s loss=17.274, TAw acc= 93.0% | lr=9.5e-04
| Epoch  74, time= 75.9s | Train: skip eval | Valid: time=  2.7s loss=17.272, TAw acc= 93.0% | lr=8.5e-04
| Epoch  75, time= 75.9s | Train: skip eval | Valid: time=  2.7s loss=17.272, TAw acc= 92.8% | lr=7.6e-04
| Epoch  76, time= 76.0s | Train: skip eval | Valid: time=  2.7s loss=17.273, TAw acc= 93.0% | lr=6.8e-04
| Epoch  77, time= 75.6s | Train: skip eval | Valid: time=  2.7s loss=17.272, TAw acc= 93.0% | lr=6.0e-04
| Epoch  78, time= 75.8s | Train: skip eval | Valid: time=  2.7s loss=17.272, TAw acc= 93.0% | lr=5.3e-04
| Epoch  79, time= 75.8s | Train: skip eval | Valid: time=  2.9s loss=17.270, TAw acc= 93.0% | * lr=4.6e-04
| Epoch  80, time= 75.6s | Train: skip eval | Valid: time=  2.7s loss=17.270, TAw acc= 93.0% | * lr=4.0e-04
| Epoch  81, time= 76.0s | Train: skip eval | Valid: time=  2.8s loss=17.269, TAw acc= 93.0% | * lr=3.4e-04
| Epoch  82, time= 76.0s | Train: skip eval | Valid: time=  2.7s loss=17.270, TAw acc= 93.0% | lr=2.9e-04
| Epoch  83, time= 76.0s | Train: skip eval | Valid: time=  2.7s loss=17.270, TAw acc= 93.0% | lr=2.5e-04
| Epoch  84, time= 75.9s | Train: skip eval | Valid: time=  2.7s loss=17.270, TAw acc= 93.0% | lr=2.1e-04
| Epoch  85, time= 75.8s | Train: skip eval | Valid: time=  2.7s loss=17.270, TAw acc= 93.0% | lr=1.8e-04
| Epoch  86, time= 75.8s | Train: skip eval | Valid: time=  2.7s loss=17.269, TAw acc= 93.0% | * lr=1.5e-04
| Epoch  87, time= 75.8s | Train: skip eval | Valid: time=  2.7s loss=17.270, TAw acc= 93.0% | lr=1.3e-04
| Epoch  88, time= 76.0s | Train: skip eval | Valid: time=  2.7s loss=17.270, TAw acc= 93.0% | lr=1.1e-04
| Epoch  89, time= 76.2s | Train: skip eval | Valid: time=  2.7s loss=17.270, TAw acc= 93.0% | lr=1.0e-04
| Epoch  90, time= 76.2s | Train: skip eval | Valid: time=  2.7s loss=17.269, TAw acc= 93.0% | lr=1.0e-04
| Selected 4000 train exemplars, time=  4.9s
------------------------------------------------------------------------------------------------------------
>>> Test on task  0 : loss=1.185 | TAw acc= 95.5%, forg=  0.3% | TAg acc= 81.6%, forg= 13.1% <<<
>>> Test on task  1 : loss=6.887 | TAw acc= 90.9%, forg=  1.4% | TAg acc= 77.5%, forg= 10.2% <<<
>>> Test on task  2 : loss=11.160 | TAw acc= 94.1%, forg=  0.2% | TAg acc= 82.1%, forg=  6.5% <<<
>>> Test on task  3 : loss=15.123 | TAw acc= 88.2%, forg= -1.4% | TAg acc= 75.1%, forg=  3.2% <<<
>>> Test on task  4 : loss=17.324 | TAw acc= 86.9%, forg=  0.0% | TAg acc= 77.2%, forg=  0.0% <<<
Save at ./results/./results/vit_base_patch16_224.orig_in21k/inat200/icarl/10
************************************************************************************************************
TAw Acc
	 94.7%   0.0%   0.0%   0.0%   0.0%   0.0%   0.0%   0.0%   0.0%   0.0%   0.0%   0.0%   0.0%   0.0%   0.0%   0.0%   0.0%   0.0%   0.0%   0.0% 	Avg.: 94.7% 
	 95.4%  92.0%   0.0%   0.0%   0.0%   0.0%   0.0%   0.0%   0.0%   0.0%   0.0%   0.0%   0.0%   0.0%   0.0%   0.0%   0.0%   0.0%   0.0%   0.0% 	Avg.: 93.7% 
	 95.8%  92.3%  94.3%   0.0%   0.0%   0.0%   0.0%   0.0%   0.0%   0.0%   0.0%   0.0%   0.0%   0.0%   0.0%   0.0%   0.0%   0.0%   0.0%   0.0% 	Avg.: 94.1% 
	 95.7%  92.0%  94.3%  86.8%   0.0%   0.0%   0.0%   0.0%   0.0%   0.0%   0.0%   0.0%   0.0%   0.0%   0.0%   0.0%   0.0%   0.0%   0.0%   0.0% 	Avg.: 92.2% 
	 95.5%  90.9%  94.1%  88.2%  86.9%   0.0%   0.0%   0.0%   0.0%   0.0%   0.0%   0.0%   0.0%   0.0%   0.0%   0.0%   0.0%   0.0%   0.0%   0.0% 	Avg.: 91.1% 
	  0.0%   0.0%   0.0%   0.0%   0.0%   0.0%   0.0%   0.0%   0.0%   0.0%   0.0%   0.0%   0.0%   0.0%   0.0%   0.0%   0.0%   0.0%   0.0%   0.0% 	Avg.:  0.0% 
	  0.0%   0.0%   0.0%   0.0%   0.0%   0.0%   0.0%   0.0%   0.0%   0.0%   0.0%   0.0%   0.0%   0.0%   0.0%   0.0%   0.0%   0.0%   0.0%   0.0% 	Avg.:  0.0% 
	  0.0%   0.0%   0.0%   0.0%   0.0%   0.0%   0.0%   0.0%   0.0%   0.0%   0.0%   0.0%   0.0%   0.0%   0.0%   0.0%   0.0%   0.0%   0.0%   0.0% 	Avg.:  0.0% 
	  0.0%   0.0%   0.0%   0.0%   0.0%   0.0%   0.0%   0.0%   0.0%   0.0%   0.0%   0.0%   0.0%   0.0%   0.0%   0.0%   0.0%   0.0%   0.0%   0.0% 	Avg.:  0.0% 
	  0.0%   0.0%   0.0%   0.0%   0.0%   0.0%   0.0%   0.0%   0.0%   0.0%   0.0%   0.0%   0.0%   0.0%   0.0%   0.0%   0.0%   0.0%   0.0%   0.0% 	Avg.:  0.0% 
	  0.0%   0.0%   0.0%   0.0%   0.0%   0.0%   0.0%   0.0%   0.0%   0.0%   0.0%   0.0%   0.0%   0.0%   0.0%   0.0%   0.0%   0.0%   0.0%   0.0% 	Avg.:  0.0% 
	  0.0%   0.0%   0.0%   0.0%   0.0%   0.0%   0.0%   0.0%   0.0%   0.0%   0.0%   0.0%   0.0%   0.0%   0.0%   0.0%   0.0%   0.0%   0.0%   0.0% 	Avg.:  0.0% 
	  0.0%   0.0%   0.0%   0.0%   0.0%   0.0%   0.0%   0.0%   0.0%   0.0%   0.0%   0.0%   0.0%   0.0%   0.0%   0.0%   0.0%   0.0%   0.0%   0.0% 	Avg.:  0.0% 
	  0.0%   0.0%   0.0%   0.0%   0.0%   0.0%   0.0%   0.0%   0.0%   0.0%   0.0%   0.0%   0.0%   0.0%   0.0%   0.0%   0.0%   0.0%   0.0%   0.0% 	Avg.:  0.0% 
	  0.0%   0.0%   0.0%   0.0%   0.0%   0.0%   0.0%   0.0%   0.0%   0.0%   0.0%   0.0%   0.0%   0.0%   0.0%   0.0%   0.0%   0.0%   0.0%   0.0% 	Avg.:  0.0% 
	  0.0%   0.0%   0.0%   0.0%   0.0%   0.0%   0.0%   0.0%   0.0%   0.0%   0.0%   0.0%   0.0%   0.0%   0.0%   0.0%   0.0%   0.0%   0.0%   0.0% 	Avg.:  0.0% 
	  0.0%   0.0%   0.0%   0.0%   0.0%   0.0%   0.0%   0.0%   0.0%   0.0%   0.0%   0.0%   0.0%   0.0%   0.0%   0.0%   0.0%   0.0%   0.0%   0.0% 	Avg.:  0.0% 
	  0.0%   0.0%   0.0%   0.0%   0.0%   0.0%   0.0%   0.0%   0.0%   0.0%   0.0%   0.0%   0.0%   0.0%   0.0%   0.0%   0.0%   0.0%   0.0%   0.0% 	Avg.:  0.0% 
	  0.0%   0.0%   0.0%   0.0%   0.0%   0.0%   0.0%   0.0%   0.0%   0.0%   0.0%   0.0%   0.0%   0.0%   0.0%   0.0%   0.0%   0.0%   0.0%   0.0% 	Avg.:  0.0% 
	  0.0%   0.0%   0.0%   0.0%   0.0%   0.0%   0.0%   0.0%   0.0%   0.0%   0.0%   0.0%   0.0%   0.0%   0.0%   0.0%   0.0%   0.0%   0.0%   0.0% 	Avg.:  0.0% 
************************************************************************************************************
TAg Acc
	 94.7%   0.0%   0.0%   0.0%   0.0%   0.0%   0.0%   0.0%   0.0%   0.0%   0.0%   0.0%   0.0%   0.0%   0.0%   0.0%   0.0%   0.0%   0.0%   0.0% 	Avg.: 94.7% 
	 91.6%  87.7%   0.0%   0.0%   0.0%   0.0%   0.0%   0.0%   0.0%   0.0%   0.0%   0.0%   0.0%   0.0%   0.0%   0.0%   0.0%   0.0%   0.0%   0.0% 	Avg.: 89.7% 
	 88.3%  85.7%  88.6%   0.0%   0.0%   0.0%   0.0%   0.0%   0.0%   0.0%   0.0%   0.0%   0.0%   0.0%   0.0%   0.0%   0.0%   0.0%   0.0%   0.0% 	Avg.: 87.5% 
	 85.9%  80.4%  84.6%  78.3%   0.0%   0.0%   0.0%   0.0%   0.0%   0.0%   0.0%   0.0%   0.0%   0.0%   0.0%   0.0%   0.0%   0.0%   0.0%   0.0% 	Avg.: 82.3% 
	 81.6%  77.5%  82.1%  75.1%  77.2%   0.0%   0.0%   0.0%   0.0%   0.0%   0.0%   0.0%   0.0%   0.0%   0.0%   0.0%   0.0%   0.0%   0.0%   0.0% 	Avg.: 78.7% 
	  0.0%   0.0%   0.0%   0.0%   0.0%   0.0%   0.0%   0.0%   0.0%   0.0%   0.0%   0.0%   0.0%   0.0%   0.0%   0.0%   0.0%   0.0%   0.0%   0.0% 	Avg.:  0.0% 
	  0.0%   0.0%   0.0%   0.0%   0.0%   0.0%   0.0%   0.0%   0.0%   0.0%   0.0%   0.0%   0.0%   0.0%   0.0%   0.0%   0.0%   0.0%   0.0%   0.0% 	Avg.:  0.0% 
	  0.0%   0.0%   0.0%   0.0%   0.0%   0.0%   0.0%   0.0%   0.0%   0.0%   0.0%   0.0%   0.0%   0.0%   0.0%   0.0%   0.0%   0.0%   0.0%   0.0% 	Avg.:  0.0% 
	  0.0%   0.0%   0.0%   0.0%   0.0%   0.0%   0.0%   0.0%   0.0%   0.0%   0.0%   0.0%   0.0%   0.0%   0.0%   0.0%   0.0%   0.0%   0.0%   0.0% 	Avg.:  0.0% 
	  0.0%   0.0%   0.0%   0.0%   0.0%   0.0%   0.0%   0.0%   0.0%   0.0%   0.0%   0.0%   0.0%   0.0%   0.0%   0.0%   0.0%   0.0%   0.0%   0.0% 	Avg.:  0.0% 
	  0.0%   0.0%   0.0%   0.0%   0.0%   0.0%   0.0%   0.0%   0.0%   0.0%   0.0%   0.0%   0.0%   0.0%   0.0%   0.0%   0.0%   0.0%   0.0%   0.0% 	Avg.:  0.0% 
	  0.0%   0.0%   0.0%   0.0%   0.0%   0.0%   0.0%   0.0%   0.0%   0.0%   0.0%   0.0%   0.0%   0.0%   0.0%   0.0%   0.0%   0.0%   0.0%   0.0% 	Avg.:  0.0% 
	  0.0%   0.0%   0.0%   0.0%   0.0%   0.0%   0.0%   0.0%   0.0%   0.0%   0.0%   0.0%   0.0%   0.0%   0.0%   0.0%   0.0%   0.0%   0.0%   0.0% 	Avg.:  0.0% 
	  0.0%   0.0%   0.0%   0.0%   0.0%   0.0%   0.0%   0.0%   0.0%   0.0%   0.0%   0.0%   0.0%   0.0%   0.0%   0.0%   0.0%   0.0%   0.0%   0.0% 	Avg.:  0.0% 
	  0.0%   0.0%   0.0%   0.0%   0.0%   0.0%   0.0%   0.0%   0.0%   0.0%   0.0%   0.0%   0.0%   0.0%   0.0%   0.0%   0.0%   0.0%   0.0%   0.0% 	Avg.:  0.0% 
	  0.0%   0.0%   0.0%   0.0%   0.0%   0.0%   0.0%   0.0%   0.0%   0.0%   0.0%   0.0%   0.0%   0.0%   0.0%   0.0%   0.0%   0.0%   0.0%   0.0% 	Avg.:  0.0% 
	  0.0%   0.0%   0.0%   0.0%   0.0%   0.0%   0.0%   0.0%   0.0%   0.0%   0.0%   0.0%   0.0%   0.0%   0.0%   0.0%   0.0%   0.0%   0.0%   0.0% 	Avg.:  0.0% 
	  0.0%   0.0%   0.0%   0.0%   0.0%   0.0%   0.0%   0.0%   0.0%   0.0%   0.0%   0.0%   0.0%   0.0%   0.0%   0.0%   0.0%   0.0%   0.0%   0.0% 	Avg.:  0.0% 
	  0.0%   0.0%   0.0%   0.0%   0.0%   0.0%   0.0%   0.0%   0.0%   0.0%   0.0%   0.0%   0.0%   0.0%   0.0%   0.0%   0.0%   0.0%   0.0%   0.0% 	Avg.:  0.0% 
	  0.0%   0.0%   0.0%   0.0%   0.0%   0.0%   0.0%   0.0%   0.0%   0.0%   0.0%   0.0%   0.0%   0.0%   0.0%   0.0%   0.0%   0.0%   0.0%   0.0% 	Avg.:  0.0% 
************************************************************************************************************
TAw Forg
	  0.0%   0.0%   0.0%   0.0%   0.0%   0.0%   0.0%   0.0%   0.0%   0.0%   0.0%   0.0%   0.0%   0.0%   0.0%   0.0%   0.0%   0.0%   0.0%   0.0% 
	 -0.7%   0.0%   0.0%   0.0%   0.0%   0.0%   0.0%   0.0%   0.0%   0.0%   0.0%   0.0%   0.0%   0.0%   0.0%   0.0%   0.0%   0.0%   0.0%   0.0% 	Avg.: -0.7% 
	 -0.4%  -0.3%   0.0%   0.0%   0.0%   0.0%   0.0%   0.0%   0.0%   0.0%   0.0%   0.0%   0.0%   0.0%   0.0%   0.0%   0.0%   0.0%   0.0%   0.0% 	Avg.: -0.4% 
	  0.1%   0.3%   0.0%   0.0%   0.0%   0.0%   0.0%   0.0%   0.0%   0.0%   0.0%   0.0%   0.0%   0.0%   0.0%   0.0%   0.0%   0.0%   0.0%   0.0% 	Avg.:  0.1% 
	  0.3%   1.4%   0.2%  -1.4%   0.0%   0.0%   0.0%   0.0%   0.0%   0.0%   0.0%   0.0%   0.0%   0.0%   0.0%   0.0%   0.0%   0.0%   0.0%   0.0% 	Avg.:  0.1% 
	  0.0%   0.0%   0.0%   0.0%   0.0%   0.0%   0.0%   0.0%   0.0%   0.0%   0.0%   0.0%   0.0%   0.0%   0.0%   0.0%   0.0%   0.0%   0.0%   0.0% 	Avg.:  0.0% 
	  0.0%   0.0%   0.0%   0.0%   0.0%   0.0%   0.0%   0.0%   0.0%   0.0%   0.0%   0.0%   0.0%   0.0%   0.0%   0.0%   0.0%   0.0%   0.0%   0.0% 	Avg.:  0.0% 
	  0.0%   0.0%   0.0%   0.0%   0.0%   0.0%   0.0%   0.0%   0.0%   0.0%   0.0%   0.0%   0.0%   0.0%   0.0%   0.0%   0.0%   0.0%   0.0%   0.0% 	Avg.:  0.0% 
	  0.0%   0.0%   0.0%   0.0%   0.0%   0.0%   0.0%   0.0%   0.0%   0.0%   0.0%   0.0%   0.0%   0.0%   0.0%   0.0%   0.0%   0.0%   0.0%   0.0% 	Avg.:  0.0% 
	  0.0%   0.0%   0.0%   0.0%   0.0%   0.0%   0.0%   0.0%   0.0%   0.0%   0.0%   0.0%   0.0%   0.0%   0.0%   0.0%   0.0%   0.0%   0.0%   0.0% 	Avg.:  0.0% 
	  0.0%   0.0%   0.0%   0.0%   0.0%   0.0%   0.0%   0.0%   0.0%   0.0%   0.0%   0.0%   0.0%   0.0%   0.0%   0.0%   0.0%   0.0%   0.0%   0.0% 	Avg.:  0.0% 
	  0.0%   0.0%   0.0%   0.0%   0.0%   0.0%   0.0%   0.0%   0.0%   0.0%   0.0%   0.0%   0.0%   0.0%   0.0%   0.0%   0.0%   0.0%   0.0%   0.0% 	Avg.:  0.0% 
	  0.0%   0.0%   0.0%   0.0%   0.0%   0.0%   0.0%   0.0%   0.0%   0.0%   0.0%   0.0%   0.0%   0.0%   0.0%   0.0%   0.0%   0.0%   0.0%   0.0% 	Avg.:  0.0% 
	  0.0%   0.0%   0.0%   0.0%   0.0%   0.0%   0.0%   0.0%   0.0%   0.0%   0.0%   0.0%   0.0%   0.0%   0.0%   0.0%   0.0%   0.0%   0.0%   0.0% 	Avg.:  0.0% 
	  0.0%   0.0%   0.0%   0.0%   0.0%   0.0%   0.0%   0.0%   0.0%   0.0%   0.0%   0.0%   0.0%   0.0%   0.0%   0.0%   0.0%   0.0%   0.0%   0.0% 	Avg.:  0.0% 
	  0.0%   0.0%   0.0%   0.0%   0.0%   0.0%   0.0%   0.0%   0.0%   0.0%   0.0%   0.0%   0.0%   0.0%   0.0%   0.0%   0.0%   0.0%   0.0%   0.0% 	Avg.:  0.0% 
	  0.0%   0.0%   0.0%   0.0%   0.0%   0.0%   0.0%   0.0%   0.0%   0.0%   0.0%   0.0%   0.0%   0.0%   0.0%   0.0%   0.0%   0.0%   0.0%   0.0% 	Avg.:  0.0% 
	  0.0%   0.0%   0.0%   0.0%   0.0%   0.0%   0.0%   0.0%   0.0%   0.0%   0.0%   0.0%   0.0%   0.0%   0.0%   0.0%   0.0%   0.0%   0.0%   0.0% 	Avg.:  0.0% 
	  0.0%   0.0%   0.0%   0.0%   0.0%   0.0%   0.0%   0.0%   0.0%   0.0%   0.0%   0.0%   0.0%   0.0%   0.0%   0.0%   0.0%   0.0%   0.0%   0.0% 	Avg.:  0.0% 
	  0.0%   0.0%   0.0%   0.0%   0.0%   0.0%   0.0%   0.0%   0.0%   0.0%   0.0%   0.0%   0.0%   0.0%   0.0%   0.0%   0.0%   0.0%   0.0%   0.0% 	Avg.:  0.0% 
************************************************************************************************************
TAg Forg
	  0.0%   0.0%   0.0%   0.0%   0.0%   0.0%   0.0%   0.0%   0.0%   0.0%   0.0%   0.0%   0.0%   0.0%   0.0%   0.0%   0.0%   0.0%   0.0%   0.0% 
	  3.1%   0.0%   0.0%   0.0%   0.0%   0.0%   0.0%   0.0%   0.0%   0.0%   0.0%   0.0%   0.0%   0.0%   0.0%   0.0%   0.0%   0.0%   0.0%   0.0% 	Avg.:  3.1% 
	  6.4%   2.0%   0.0%   0.0%   0.0%   0.0%   0.0%   0.0%   0.0%   0.0%   0.0%   0.0%   0.0%   0.0%   0.0%   0.0%   0.0%   0.0%   0.0%   0.0% 	Avg.:  4.2% 
	  8.8%   7.3%   4.0%   0.0%   0.0%   0.0%   0.0%   0.0%   0.0%   0.0%   0.0%   0.0%   0.0%   0.0%   0.0%   0.0%   0.0%   0.0%   0.0%   0.0% 	Avg.:  6.7% 
	 13.1%  10.2%   6.5%   3.2%   0.0%   0.0%   0.0%   0.0%   0.0%   0.0%   0.0%   0.0%   0.0%   0.0%   0.0%   0.0%   0.0%   0.0%   0.0%   0.0% 	Avg.:  8.3% 
	  0.0%   0.0%   0.0%   0.0%   0.0%   0.0%   0.0%   0.0%   0.0%   0.0%   0.0%   0.0%   0.0%   0.0%   0.0%   0.0%   0.0%   0.0%   0.0%   0.0% 	Avg.:  0.0% 
	  0.0%   0.0%   0.0%   0.0%   0.0%   0.0%   0.0%   0.0%   0.0%   0.0%   0.0%   0.0%   0.0%   0.0%   0.0%   0.0%   0.0%   0.0%   0.0%   0.0% 	Avg.:  0.0% 
	  0.0%   0.0%   0.0%   0.0%   0.0%   0.0%   0.0%   0.0%   0.0%   0.0%   0.0%   0.0%   0.0%   0.0%   0.0%   0.0%   0.0%   0.0%   0.0%   0.0% 	Avg.:  0.0% 
	  0.0%   0.0%   0.0%   0.0%   0.0%   0.0%   0.0%   0.0%   0.0%   0.0%   0.0%   0.0%   0.0%   0.0%   0.0%   0.0%   0.0%   0.0%   0.0%   0.0% 	Avg.:  0.0% 
	  0.0%   0.0%   0.0%   0.0%   0.0%   0.0%   0.0%   0.0%   0.0%   0.0%   0.0%   0.0%   0.0%   0.0%   0.0%   0.0%   0.0%   0.0%   0.0%   0.0% 	Avg.:  0.0% 
	  0.0%   0.0%   0.0%   0.0%   0.0%   0.0%   0.0%   0.0%   0.0%   0.0%   0.0%   0.0%   0.0%   0.0%   0.0%   0.0%   0.0%   0.0%   0.0%   0.0% 	Avg.:  0.0% 
	  0.0%   0.0%   0.0%   0.0%   0.0%   0.0%   0.0%   0.0%   0.0%   0.0%   0.0%   0.0%   0.0%   0.0%   0.0%   0.0%   0.0%   0.0%   0.0%   0.0% 	Avg.:  0.0% 
	  0.0%   0.0%   0.0%   0.0%   0.0%   0.0%   0.0%   0.0%   0.0%   0.0%   0.0%   0.0%   0.0%   0.0%   0.0%   0.0%   0.0%   0.0%   0.0%   0.0% 	Avg.:  0.0% 
	  0.0%   0.0%   0.0%   0.0%   0.0%   0.0%   0.0%   0.0%   0.0%   0.0%   0.0%   0.0%   0.0%   0.0%   0.0%   0.0%   0.0%   0.0%   0.0%   0.0% 	Avg.:  0.0% 
	  0.0%   0.0%   0.0%   0.0%   0.0%   0.0%   0.0%   0.0%   0.0%   0.0%   0.0%   0.0%   0.0%   0.0%   0.0%   0.0%   0.0%   0.0%   0.0%   0.0% 	Avg.:  0.0% 
	  0.0%   0.0%   0.0%   0.0%   0.0%   0.0%   0.0%   0.0%   0.0%   0.0%   0.0%   0.0%   0.0%   0.0%   0.0%   0.0%   0.0%   0.0%   0.0%   0.0% 	Avg.:  0.0% 
	  0.0%   0.0%   0.0%   0.0%   0.0%   0.0%   0.0%   0.0%   0.0%   0.0%   0.0%   0.0%   0.0%   0.0%   0.0%   0.0%   0.0%   0.0%   0.0%   0.0% 	Avg.:  0.0% 
	  0.0%   0.0%   0.0%   0.0%   0.0%   0.0%   0.0%   0.0%   0.0%   0.0%   0.0%   0.0%   0.0%   0.0%   0.0%   0.0%   0.0%   0.0%   0.0%   0.0% 	Avg.:  0.0% 
	  0.0%   0.0%   0.0%   0.0%   0.0%   0.0%   0.0%   0.0%   0.0%   0.0%   0.0%   0.0%   0.0%   0.0%   0.0%   0.0%   0.0%   0.0%   0.0%   0.0% 	Avg.:  0.0% 
	  0.0%   0.0%   0.0%   0.0%   0.0%   0.0%   0.0%   0.0%   0.0%   0.0%   0.0%   0.0%   0.0%   0.0%   0.0%   0.0%   0.0%   0.0%   0.0%   0.0% 	Avg.:  0.0% 
************************************************************************************************************
[Elapsed time = 2.0 h]
Done!
