START_TASK=7 STOP_TASK=8
============================================================================================================
Arguments =
	approach: bic
	batch_size: 64
	classes_first_task: None
	clipping: 10000
	crop: 224
	data_path: ../data/food101
	dataset: food101
	eval_on_train: False
	experiment_path: None
	fix_bn: False
	freeze_backbone: False
	gpu: 0
	gpus: [0]
	increment: 10
	last_layer_analysis: False
	log: ['disk']
	lr: 0.01
	lr_factor: None
	lr_min: 0.0001
	lr_patience: None
	lr_scheduler: cosine
	lr_warmup_epochs: 0
	momentum: 0.0
	multi_softmax: False
	nepochs: 70
	network: vit_small_patch16_224.augreg_in1k
	no_cudnn_deterministic: False
	normalize: in1k
	num_workers: 2
	optimizer_name: sgd
	pin_memory: False
	pretrained: True
	resize: 224
	results_path: ./results
	save_models: True
	seed: 0
	start_at_task: 7
	start_epoch: 0
	stop_at_task: 8
	stop_epoch: 0
	use_valid_only: False
	warmup_lr_factor: 1.0
	warmup_nepochs: 0
	weight_decay: 0.0
============================================================================================================
Approach arguments =
	T: 2
	lamb: -1
	num_bias_epochs: 200
	val_exemplar_percentage: 0.1
============================================================================================================
Exemplars arguments =
	exemplar_selection: random
	num_exemplars: 2000
============================================================================================================
WARNING: ./results/vit_small_patch16_224.augreg_in1k/food101/bic/10 already exists!
Loaded acc_taw from: ./results/vit_small_patch16_224.augreg_in1k/food101/bic/10/acc_taw-6.txt
Loaded acc_tag from: ./results/vit_small_patch16_224.augreg_in1k/food101/bic/10/acc_tag-6.txt
Loaded forg_taw from: ./results/vit_small_patch16_224.augreg_in1k/food101/bic/10/forg_taw-6.txt
Loaded forg_tag from: ./results/vit_small_patch16_224.augreg_in1k/food101/bic/10/forg_tag-6.txt
Loaded 7 bias layers from ./results/vit_small_patch16_224.augreg_in1k/food101/bic/10/task6_bias_layers.pth
Loaded 1750 training exemplars from ./results/vit_small_patch16_224.augreg_in1k/food101/bic/10/task6_exemplars.pth
Loaded val exemplars from ./results/vit_small_patch16_224.augreg_in1k/food101/bic/10/task6_val_exemplars.pth
************************************************************************************************************
Task  7  [epochs 0-70]
************************************************************************************************************
Stage 0: Select validation exemplars for bias correction
 > Selected 240 val exemplars, time=0.0s
Stage 1: Backbone training with distillation
[params] total:21,696,464  trainable:21,696,464  tensors:166  trainable_tensors:166
| Epoch   1, time= 34.2s | Train: skip eval | Valid: time=  3.9s loss=3.089, TAw acc= 83.1% | * lr=1.0e-02
| Epoch   2, time= 37.1s | Train: skip eval | Valid: time=  3.2s loss=3.056, TAw acc= 86.3% | * lr=1.0e-02
| Epoch   3, time= 38.5s | Train: skip eval | Valid: time=  3.6s loss=3.043, TAw acc= 87.6% | * lr=1.0e-02
| Epoch   4, time= 34.9s | Train: skip eval | Valid: time=  3.4s loss=3.038, TAw acc= 88.8% | * lr=9.9e-03
| Epoch   5, time= 34.8s | Train: skip eval | Valid: time=  3.0s loss=3.034, TAw acc= 89.1% | * lr=9.9e-03
| Epoch   6, time= 32.3s | Train: skip eval | Valid: time=  3.0s loss=3.032, TAw acc= 89.5% | * lr=9.8e-03
| Epoch   7, time= 38.2s | Train: skip eval | Valid: time=  3.1s loss=3.029, TAw acc= 89.9% | * lr=9.8e-03
| Epoch   8, time= 37.6s | Train: skip eval | Valid: time=  3.3s loss=3.026, TAw acc= 90.1% | * lr=9.7e-03
| Epoch   9, time= 34.6s | Train: skip eval | Valid: time=  3.5s loss=3.026, TAw acc= 91.3% | lr=9.6e-03
| Epoch  10, time= 36.6s | Train: skip eval | Valid: time=  2.9s loss=3.024, TAw acc= 90.9% | * lr=9.5e-03
| Epoch  11, time= 37.4s | Train: skip eval | Valid: time=  3.6s loss=3.023, TAw acc= 90.9% | * lr=9.4e-03
| Epoch  12, time= 39.5s | Train: skip eval | Valid: time=  3.0s loss=3.023, TAw acc= 90.9% | * lr=9.3e-03
| Epoch  13, time= 38.1s | Train: skip eval | Valid: time=  3.0s loss=3.021, TAw acc= 90.7% | * lr=9.2e-03
| Epoch  14, time= 34.6s | Train: skip eval | Valid: time=  3.3s loss=3.021, TAw acc= 91.9% | lr=9.1e-03
| Epoch  15, time= 33.7s | Train: skip eval | Valid: time=  3.3s loss=3.021, TAw acc= 91.6% | lr=8.9e-03
| Epoch  16, time= 38.3s | Train: skip eval | Valid: time=  3.0s loss=3.018, TAw acc= 92.3% | * lr=8.8e-03
| Epoch  17, time= 35.1s | Train: skip eval | Valid: time=  3.1s loss=3.018, TAw acc= 91.9% | * lr=8.6e-03
| Epoch  18, time= 34.6s | Train: skip eval | Valid: time=  2.8s loss=3.018, TAw acc= 91.9% | lr=8.5e-03
| Epoch  19, time= 34.0s | Train: skip eval | Valid: time=  3.0s loss=3.017, TAw acc= 91.7% | * lr=8.3e-03
| Epoch  20, time= 34.4s | Train: skip eval | Valid: time=  3.0s loss=3.017, TAw acc= 92.0% | * lr=8.1e-03
| Epoch  21, time= 32.0s | Train: skip eval | Valid: time=  2.9s loss=3.017, TAw acc= 91.9% | lr=8.0e-03
| Epoch  22, time= 32.8s | Train: skip eval | Valid: time=  3.3s loss=3.017, TAw acc= 92.0% | lr=7.8e-03
| Epoch  23, time= 35.6s | Train: skip eval | Valid: time=  2.9s loss=3.017, TAw acc= 91.7% | lr=7.6e-03
| Epoch  24, time= 34.3s | Train: skip eval | Valid: time=  3.1s loss=3.016, TAw acc= 92.1% | * lr=7.4e-03
| Epoch  25, time= 35.9s | Train: skip eval | Valid: time=  2.9s loss=3.016, TAw acc= 92.4% | lr=7.2e-03
| Epoch  26, time= 36.2s | Train: skip eval | Valid: time=  3.1s loss=3.017, TAw acc= 91.7% | lr=7.0e-03
| Epoch  27, time= 41.0s | Train: skip eval | Valid: time=  3.6s loss=3.015, TAw acc= 92.4% | * lr=6.8e-03
| Epoch  28, time= 34.2s | Train: skip eval | Valid: time=  2.9s loss=3.014, TAw acc= 92.3% | * lr=6.6e-03
| Epoch  29, time= 35.8s | Train: skip eval | Valid: time=  2.9s loss=3.015, TAw acc= 92.7% | lr=6.4e-03
| Epoch  30, time= 34.6s | Train: skip eval | Valid: time=  3.5s loss=3.015, TAw acc= 92.5% | lr=6.2e-03
| Epoch  31, time= 35.4s | Train: skip eval | Valid: time=  3.3s loss=3.015, TAw acc= 92.5% | lr=5.9e-03
| Epoch  32, time= 34.1s | Train: skip eval | Valid: time=  3.1s loss=3.015, TAw acc= 92.7% | lr=5.7e-03
| Epoch  33, time= 37.1s | Train: skip eval | Valid: time=  3.5s loss=3.016, TAw acc= 92.5% | lr=5.5e-03
| Epoch  34, time= 33.4s | Train: skip eval | Valid: time=  2.9s loss=3.015, TAw acc= 92.5% | lr=5.3e-03
| Epoch  35, time= 32.5s | Train: skip eval | Valid: time=  3.0s loss=3.015, TAw acc= 92.5% | lr=5.1e-03
| Epoch  36, time= 34.8s | Train: skip eval | Valid: time=  2.9s loss=3.014, TAw acc= 92.7% | * lr=4.8e-03
| Epoch  37, time= 34.4s | Train: skip eval | Valid: time=  3.0s loss=3.014, TAw acc= 92.3% | lr=4.6e-03
| Epoch  38, time= 36.0s | Train: skip eval | Valid: time=  3.0s loss=3.014, TAw acc= 92.7% | lr=4.4e-03
| Epoch  39, time= 34.9s | Train: skip eval | Valid: time=  2.8s loss=3.014, TAw acc= 92.5% | lr=4.2e-03
| Epoch  40, time= 35.1s | Train: skip eval | Valid: time=  2.9s loss=3.015, TAw acc= 92.4% | lr=3.9e-03
| Epoch  41, time= 35.0s | Train: skip eval | Valid: time=  2.9s loss=3.014, TAw acc= 92.0% | * lr=3.7e-03
| Epoch  42, time= 35.5s | Train: skip eval | Valid: time=  3.6s loss=3.014, TAw acc= 92.5% | * lr=3.5e-03
| Epoch  43, time= 36.0s | Train: skip eval | Valid: time=  2.9s loss=3.014, TAw acc= 92.7% | lr=3.3e-03
| Epoch  44, time= 37.0s | Train: skip eval | Valid: time=  2.9s loss=3.014, TAw acc= 92.5% | lr=3.1e-03
| Epoch  45, time= 36.5s | Train: skip eval | Valid: time=  2.9s loss=3.013, TAw acc= 92.4% | * lr=2.9e-03
| Epoch  46, time= 33.3s | Train: skip eval | Valid: time=  2.9s loss=3.014, TAw acc= 92.8% | lr=2.7e-03
| Epoch  47, time= 34.8s | Train: skip eval | Valid: time=  3.0s loss=3.013, TAw acc= 92.8% | lr=2.5e-03
| Epoch  48, time= 34.1s | Train: skip eval | Valid: time=  3.3s loss=3.013, TAw acc= 92.7% | * lr=2.3e-03
| Epoch  49, time= 37.1s | Train: skip eval | Valid: time=  3.5s loss=3.013, TAw acc= 92.7% | lr=2.1e-03
| Epoch  50, time= 35.8s | Train: skip eval | Valid: time=  2.9s loss=3.013, TAw acc= 92.7% | lr=2.0e-03
| Epoch  51, time= 36.1s | Train: skip eval | Valid: time=  3.2s loss=3.013, TAw acc= 92.7% | lr=1.8e-03
| Epoch  52, time= 36.0s | Train: skip eval | Valid: time=  3.5s loss=3.013, TAw acc= 92.7% | lr=1.6e-03
| Epoch  53, time= 36.6s | Train: skip eval | Valid: time=  3.0s loss=3.013, TAw acc= 92.7% | lr=1.5e-03
| Epoch  54, time= 34.9s | Train: skip eval | Valid: time=  3.6s loss=3.013, TAw acc= 92.9% | * lr=1.3e-03
| Epoch  55, time= 34.7s | Train: skip eval | Valid: time=  2.9s loss=3.013, TAw acc= 92.9% | * lr=1.2e-03
| Epoch  56, time= 36.6s | Train: skip eval | Valid: time=  3.4s loss=3.013, TAw acc= 92.5% | lr=1.0e-03
| Epoch  57, time= 33.4s | Train: skip eval | Valid: time=  3.2s loss=3.013, TAw acc= 92.9% | * lr=9.2e-04
| Epoch  58, time= 34.7s | Train: skip eval | Valid: time=  3.3s loss=3.013, TAw acc= 92.8% | lr=8.0e-04
| Epoch  59, time= 37.2s | Train: skip eval | Valid: time=  3.2s loss=3.013, TAw acc= 92.9% | lr=6.9e-04
| Epoch  60, time= 34.2s | Train: skip eval | Valid: time=  3.0s loss=3.013, TAw acc= 92.8% | lr=5.9e-04
| Epoch  61, time= 37.1s | Train: skip eval | Valid: time=  2.9s loss=3.013, TAw acc= 92.7% | * lr=5.0e-04
| Epoch  62, time= 38.8s | Train: skip eval | Valid: time=  2.9s loss=3.013, TAw acc= 92.5% | lr=4.2e-04
| Epoch  63, time= 33.5s | Train: skip eval | Valid: time=  2.9s loss=3.013, TAw acc= 92.8% | lr=3.4e-04
| Epoch  64, time= 34.8s | Train: skip eval | Valid: time=  2.9s loss=3.013, TAw acc= 92.9% | * lr=2.8e-04
| Epoch  65, time= 34.3s | Train: skip eval | Valid: time=  3.7s loss=3.013, TAw acc= 92.9% | * lr=2.2e-04
| Epoch  66, time= 35.1s | Train: skip eval | Valid: time=  2.9s loss=3.013, TAw acc= 92.8% | lr=1.8e-04
| Epoch  67, time= 35.1s | Train: skip eval | Valid: time=  3.3s loss=3.013, TAw acc= 92.8% | lr=1.4e-04
| Epoch  68, time= 35.6s | Train: skip eval | Valid: time=  3.2s loss=3.013, TAw acc= 92.8% | lr=1.2e-04
| Epoch  69, time= 35.8s | Train: skip eval | Valid: time=  2.8s loss=3.013, TAw acc= 92.8% | lr=1.0e-04
| Epoch  70, time= 36.4s | Train: skip eval | Valid: time=  3.0s loss=3.013, TAw acc= 92.8% | lr=1.0e-04
Stage 2: Training bias correction layers
| Epoch  50, time=1.6s | Train: loss=1.260, TAg acc= 67.1% |
| Epoch 100, time=1.2s | Train: loss=1.232, TAg acc= 68.8% |
| Epoch 150, time=1.3s | Train: loss=1.357, TAg acc= 66.7% |
| Epoch 200, time=1.2s | Train: loss=1.285, TAg acc= 70.8% |
Stage 2: BiC Task 0: alpha=1.00000, beta=0.00000
Stage 2: BiC Task 1: alpha=0.71776, beta=-0.02210
Stage 2: BiC Task 2: alpha=0.69307, beta=-0.18249
Stage 2: BiC Task 3: alpha=0.68995, beta=-0.23802
Stage 2: BiC Task 4: alpha=0.59560, beta=-0.16393
Stage 2: BiC Task 5: alpha=0.64906, beta=-0.23986
Stage 2: BiC Task 6: alpha=0.63442, beta=-0.26558
Stage 2: BiC Task 7: alpha=0.61843, beta=-0.26418
| Selected 1760 train exemplars, time=  2.0s
------------------------------------------------------------------------------------------------------------
>>> Test on task  0 : loss=0.635 | TAw acc= 95.8%, forg=  0.1% | TAg acc= 85.4%, forg= 10.2% <<<
>>> Test on task  1 : loss=0.693 | TAw acc= 97.6%, forg= -0.1% | TAg acc= 86.0%, forg=  6.0% <<<
>>> Test on task  2 : loss=1.010 | TAw acc= 96.1%, forg=  0.0% | TAg acc= 84.2%, forg=  5.7% <<<
>>> Test on task  3 : loss=1.280 | TAw acc= 96.8%, forg=  0.3% | TAg acc= 86.3%, forg=  2.0% <<<
>>> Test on task  4 : loss=1.788 | TAw acc= 95.9%, forg=  0.1% | TAg acc= 80.0%, forg= -1.5% <<<
>>> Test on task  5 : loss=2.230 | TAw acc= 95.6%, forg= -0.2% | TAg acc= 81.7%, forg= -0.0% <<<
>>> Test on task  6 : loss=2.676 | TAw acc= 95.2%, forg= -0.4% | TAg acc= 76.2%, forg= -2.8% <<<
>>> Test on task  7 : loss=3.072 | TAw acc= 96.0%, forg=  0.0% | TAg acc= 71.6%, forg=  0.0% <<<
Save at ./results/./results/vit_small_patch16_224.augreg_in1k/food101/bic/10
************************************************************************************************************
TAw Acc
	 95.5%   0.0%   0.0%   0.0%   0.0%   0.0%   0.0%   0.0%   0.0%   0.0% 	Avg.: 95.5% 
	 95.4%  96.8%   0.0%   0.0%   0.0%   0.0%   0.0%   0.0%   0.0%   0.0% 	Avg.: 96.1% 
	 95.5%  97.1%  95.8%   0.0%   0.0%   0.0%   0.0%   0.0%   0.0%   0.0% 	Avg.: 96.1% 
	 95.7%  97.4%  95.7%  96.4%   0.0%   0.0%   0.0%   0.0%   0.0%   0.0% 	Avg.: 96.3% 
	 95.6%  97.4%  95.7%  96.4%  95.1%   0.0%   0.0%   0.0%   0.0%   0.0% 	Avg.: 96.0% 
	 95.9%  97.5%  95.9%  96.9%  95.7%  94.9%   0.0%   0.0%   0.0%   0.0% 	Avg.: 96.1% 
	 95.6%  97.5%  96.1%  97.1%  96.0%  95.4%  94.8%   0.0%   0.0%   0.0% 	Avg.: 96.1% 
	 95.8%  97.6%  96.1%  96.8%  95.9%  95.6%  95.2%  96.0%   0.0%   0.0% 	Avg.: 96.1% 
	  0.0%   0.0%   0.0%   0.0%   0.0%   0.0%   0.0%   0.0%   0.0%   0.0% 	Avg.:  0.0% 
	  0.0%   0.0%   0.0%   0.0%   0.0%   0.0%   0.0%   0.0%   0.0%   0.0% 	Avg.:  0.0% 
************************************************************************************************************
TAg Acc
	 95.5%   0.0%   0.0%   0.0%   0.0%   0.0%   0.0%   0.0%   0.0%   0.0% 	Avg.: 95.5% 
	 93.2%  92.0%   0.0%   0.0%   0.0%   0.0%   0.0%   0.0%   0.0%   0.0% 	Avg.: 92.6% 
	 92.1%  91.2%  89.9%   0.0%   0.0%   0.0%   0.0%   0.0%   0.0%   0.0% 	Avg.: 91.1% 
	 90.7%  89.8%  89.3%  87.2%   0.0%   0.0%   0.0%   0.0%   0.0%   0.0% 	Avg.: 89.2% 
	 90.1%  89.3%  88.6%  88.3%  71.0%   0.0%   0.0%   0.0%   0.0%   0.0% 	Avg.: 85.4% 
	 88.6%  88.2%  87.2%  88.1%  77.2%  81.1%   0.0%   0.0%   0.0%   0.0% 	Avg.: 85.1% 
	 87.4%  87.1%  85.6%  87.1%  78.5%  81.7%  73.4%   0.0%   0.0%   0.0% 	Avg.: 83.0% 
	 85.4%  86.0%  84.2%  86.3%  80.0%  81.7%  76.2%  71.6%   0.0%   0.0% 	Avg.: 81.4% 
	  0.0%   0.0%   0.0%   0.0%   0.0%   0.0%   0.0%   0.0%   0.0%   0.0% 	Avg.:  0.0% 
	  0.0%   0.0%   0.0%   0.0%   0.0%   0.0%   0.0%   0.0%   0.0%   0.0% 	Avg.:  0.0% 
************************************************************************************************************
TAw Forg
	  0.0%   0.0%   0.0%   0.0%   0.0%   0.0%   0.0%   0.0%   0.0%   0.0% 
	  0.2%   0.0%   0.0%   0.0%   0.0%   0.0%   0.0%   0.0%   0.0%   0.0% 	Avg.:  0.2% 
	  0.0%  -0.3%   0.0%   0.0%   0.0%   0.0%   0.0%   0.0%   0.0%   0.0% 	Avg.: -0.2% 
	 -0.2%  -0.3%   0.1%   0.0%   0.0%   0.0%   0.0%   0.0%   0.0%   0.0% 	Avg.: -0.1% 
	  0.2%   0.0%   0.0%   0.0%   0.0%   0.0%   0.0%   0.0%   0.0%   0.0% 	Avg.:  0.1% 
	 -0.2%  -0.1%  -0.1%  -0.4%  -0.6%   0.0%   0.0%   0.0%   0.0%   0.0% 	Avg.: -0.3% 
	  0.3%   0.0%  -0.2%  -0.2%  -0.3%  -0.5%   0.0%   0.0%   0.0%   0.0% 	Avg.: -0.1% 
	  0.1%  -0.1%   0.0%   0.3%   0.1%  -0.2%  -0.4%   0.0%   0.0%   0.0% 	Avg.: -0.0% 
	  0.0%   0.0%   0.0%   0.0%   0.0%   0.0%   0.0%   0.0%   0.0%   0.0% 	Avg.:  0.0% 
	  0.0%   0.0%   0.0%   0.0%   0.0%   0.0%   0.0%   0.0%   0.0%   0.0% 	Avg.:  0.0% 
************************************************************************************************************
TAg Forg
	  0.0%   0.0%   0.0%   0.0%   0.0%   0.0%   0.0%   0.0%   0.0%   0.0% 
	  2.3%   0.0%   0.0%   0.0%   0.0%   0.0%   0.0%   0.0%   0.0%   0.0% 	Avg.:  2.3% 
	  3.4%   0.8%   0.0%   0.0%   0.0%   0.0%   0.0%   0.0%   0.0%   0.0% 	Avg.:  2.1% 
	  4.8%   2.2%   0.6%   0.0%   0.0%   0.0%   0.0%   0.0%   0.0%   0.0% 	Avg.:  2.5% 
	  5.4%   2.7%   1.3%  -1.1%   0.0%   0.0%   0.0%   0.0%   0.0%   0.0% 	Avg.:  2.1% 
	  6.9%   3.8%   2.7%   0.2%  -6.2%   0.0%   0.0%   0.0%   0.0%   0.0% 	Avg.:  1.4% 
	  8.1%   4.9%   4.3%   1.2%  -1.3%  -0.6%   0.0%   0.0%   0.0%   0.0% 	Avg.:  2.7% 
	 10.2%   6.0%   5.7%   2.0%  -1.5%  -0.0%  -2.8%   0.0%   0.0%   0.0% 	Avg.:  2.8% 
	  0.0%   0.0%   0.0%   0.0%   0.0%   0.0%   0.0%   0.0%   0.0%   0.0% 	Avg.:  0.0% 
	  0.0%   0.0%   0.0%   0.0%   0.0%   0.0%   0.0%   0.0%   0.0%   0.0% 	Avg.:  0.0% 
************************************************************************************************************
[Elapsed time = 0.9 h]
Done!
