START_TASK=5 STOP_TASK=6
============================================================================================================
Arguments =
	all_outputs: False
	approach: simplecil
	batch_size: 64
	classes_first_task: None
	clipping: None
	crop: 224
	dataset: cifar100
	eval_on_train: False
	experiment_path: None
	fix_bn: False
	freeze_backbone: False
	gpu: 0
	gpus: [0]
	increment: 10
	last_layer_analysis: False
	log: ['disk']
	lr: None
	lr_factor: None
	lr_min: None
	lr_patience: None
	lr_scheduler: None
	lr_warmup_epochs: 0
	momentum: 0.0
	multi_softmax: False
	nepochs: 1
	network: resnet50.a1_in1k
	no_cudnn_deterministic: False
	normalize: in1k
	num_workers: 2
	optimizer_name: None
	pin_memory: False
	pretrained: True
	resize: 224
	results_path: ./results
	save_models: True
	seed: 0
	start_at_task: 5
	start_epoch: 0
	stop_at_task: 6
	stop_epoch: 0
	use_valid_only: False
	warmup_lr_factor: 1.0
	warmup_nepochs: 0
	weight_decay: 0.0
============================================================================================================
Approach arguments =
============================================================================================================
Exemplars arguments =
============================================================================================================
WARNING: ./results/resnet50.a1_in1k/cifar100/simplecil/10 already exists!
Loaded acc_taw from: ./results/resnet50.a1_in1k/cifar100/simplecil/10/acc_taw-4.txt
Loaded acc_tag from: ./results/resnet50.a1_in1k/cifar100/simplecil/10/acc_tag-4.txt
Loaded forg_taw from: ./results/resnet50.a1_in1k/cifar100/simplecil/10/forg_taw-4.txt
Loaded forg_tag from: ./results/resnet50.a1_in1k/cifar100/simplecil/10/forg_tag-4.txt
Loaded 50 prototypes from ./results/resnet50.a1_in1k/cifar100/simplecil/10/task4_prototypes.pth
************************************************************************************************************
Task  5  [epochs 0-1]
************************************************************************************************************

[Task 5] Computing prototypes ...
   -> Stored 10 prototypes. Total seen classes: 60
------------------------------------------------------------------------------------------------------------
>>> Test on task  0 : loss=0.000 | TAw acc= 79.4%, forg=  0.0% | TAg acc= 59.9%, forg= 19.5% <<<
>>> Test on task  1 : loss=0.000 | TAw acc= 90.1%, forg=  0.0% | TAg acc= 65.6%, forg= 12.9% <<<
>>> Test on task  2 : loss=0.000 | TAw acc= 87.5%, forg=  0.0% | TAg acc= 68.8%, forg=  6.9% <<<
>>> Test on task  3 : loss=0.000 | TAw acc= 79.0%, forg=  0.0% | TAg acc= 61.2%, forg=  5.4% <<<
>>> Test on task  4 : loss=0.000 | TAw acc= 89.2%, forg=  0.0% | TAg acc= 70.9%, forg=  2.1% <<<
>>> Test on task  5 : loss=0.000 | TAw acc= 82.9%, forg=  0.0% | TAg acc= 65.4%, forg=  0.0% <<<
Save at ./results/./results/resnet50.a1_in1k/cifar100/simplecil/10
************************************************************************************************************
TAw Acc
	 79.4%   0.0%   0.0%   0.0%   0.0%   0.0%   0.0%   0.0%   0.0%   0.0% 	Avg.: 79.4% 
	 79.4%  90.1%   0.0%   0.0%   0.0%   0.0%   0.0%   0.0%   0.0%   0.0% 	Avg.: 84.8% 
	 79.4%  90.1%  87.5%   0.0%   0.0%   0.0%   0.0%   0.0%   0.0%   0.0% 	Avg.: 85.7% 
	 79.4%  90.1%  87.5%  79.0%   0.0%   0.0%   0.0%   0.0%   0.0%   0.0% 	Avg.: 84.0% 
	 79.4%  90.1%  87.5%  79.0%  89.2%   0.0%   0.0%   0.0%   0.0%   0.0% 	Avg.: 85.0% 
	 79.4%  90.1%  87.5%  79.0%  89.2%  82.9%   0.0%   0.0%   0.0%   0.0% 	Avg.: 84.7% 
	  0.0%   0.0%   0.0%   0.0%   0.0%   0.0%   0.0%   0.0%   0.0%   0.0% 	Avg.:  0.0% 
	  0.0%   0.0%   0.0%   0.0%   0.0%   0.0%   0.0%   0.0%   0.0%   0.0% 	Avg.:  0.0% 
	  0.0%   0.0%   0.0%   0.0%   0.0%   0.0%   0.0%   0.0%   0.0%   0.0% 	Avg.:  0.0% 
	  0.0%   0.0%   0.0%   0.0%   0.0%   0.0%   0.0%   0.0%   0.0%   0.0% 	Avg.:  0.0% 
************************************************************************************************************
TAg Acc
	 79.4%   0.0%   0.0%   0.0%   0.0%   0.0%   0.0%   0.0%   0.0%   0.0% 	Avg.: 79.4% 
	 74.3%  78.5%   0.0%   0.0%   0.0%   0.0%   0.0%   0.0%   0.0%   0.0% 	Avg.: 76.4% 
	 69.9%  73.1%  75.7%   0.0%   0.0%   0.0%   0.0%   0.0%   0.0%   0.0% 	Avg.: 72.9% 
	 66.1%  68.6%  72.2%  66.6%   0.0%   0.0%   0.0%   0.0%   0.0%   0.0% 	Avg.: 68.4% 
	 64.4%  67.1%  69.7%  64.1%  73.0%   0.0%   0.0%   0.0%   0.0%   0.0% 	Avg.: 67.7% 
	 59.9%  65.6%  68.8%  61.2%  70.9%  65.4%   0.0%   0.0%   0.0%   0.0% 	Avg.: 65.3% 
	  0.0%   0.0%   0.0%   0.0%   0.0%   0.0%   0.0%   0.0%   0.0%   0.0% 	Avg.:  0.0% 
	  0.0%   0.0%   0.0%   0.0%   0.0%   0.0%   0.0%   0.0%   0.0%   0.0% 	Avg.:  0.0% 
	  0.0%   0.0%   0.0%   0.0%   0.0%   0.0%   0.0%   0.0%   0.0%   0.0% 	Avg.:  0.0% 
	  0.0%   0.0%   0.0%   0.0%   0.0%   0.0%   0.0%   0.0%   0.0%   0.0% 	Avg.:  0.0% 
************************************************************************************************************
TAw Forg
	  0.0%   0.0%   0.0%   0.0%   0.0%   0.0%   0.0%   0.0%   0.0%   0.0% 
	  0.0%   0.0%   0.0%   0.0%   0.0%   0.0%   0.0%   0.0%   0.0%   0.0% 	Avg.:  0.0% 
	  0.0%   0.0%   0.0%   0.0%   0.0%   0.0%   0.0%   0.0%   0.0%   0.0% 	Avg.:  0.0% 
	  0.0%   0.0%   0.0%   0.0%   0.0%   0.0%   0.0%   0.0%   0.0%   0.0% 	Avg.:  0.0% 
	  0.0%   0.0%   0.0%   0.0%   0.0%   0.0%   0.0%   0.0%   0.0%   0.0% 	Avg.:  0.0% 
	  0.0%   0.0%   0.0%   0.0%   0.0%   0.0%   0.0%   0.0%   0.0%   0.0% 	Avg.:  0.0% 
	  0.0%   0.0%   0.0%   0.0%   0.0%   0.0%   0.0%   0.0%   0.0%   0.0% 	Avg.:  0.0% 
	  0.0%   0.0%   0.0%   0.0%   0.0%   0.0%   0.0%   0.0%   0.0%   0.0% 	Avg.:  0.0% 
	  0.0%   0.0%   0.0%   0.0%   0.0%   0.0%   0.0%   0.0%   0.0%   0.0% 	Avg.:  0.0% 
	  0.0%   0.0%   0.0%   0.0%   0.0%   0.0%   0.0%   0.0%   0.0%   0.0% 	Avg.:  0.0% 
************************************************************************************************************
TAg Forg
	  0.0%   0.0%   0.0%   0.0%   0.0%   0.0%   0.0%   0.0%   0.0%   0.0% 
	  5.1%   0.0%   0.0%   0.0%   0.0%   0.0%   0.0%   0.0%   0.0%   0.0% 	Avg.:  5.1% 
	  9.5%   5.4%   0.0%   0.0%   0.0%   0.0%   0.0%   0.0%   0.0%   0.0% 	Avg.:  7.5% 
	 13.3%   9.9%   3.5%   0.0%   0.0%   0.0%   0.0%   0.0%   0.0%   0.0% 	Avg.:  8.9% 
	 15.0%  11.4%   6.0%   2.5%   0.0%   0.0%   0.0%   0.0%   0.0%   0.0% 	Avg.:  8.7% 
	 19.5%  12.9%   6.9%   5.4%   2.1%   0.0%   0.0%   0.0%   0.0%   0.0% 	Avg.:  9.4% 
	  0.0%   0.0%   0.0%   0.0%   0.0%   0.0%   0.0%   0.0%   0.0%   0.0% 	Avg.:  0.0% 
	  0.0%   0.0%   0.0%   0.0%   0.0%   0.0%   0.0%   0.0%   0.0%   0.0% 	Avg.:  0.0% 
	  0.0%   0.0%   0.0%   0.0%   0.0%   0.0%   0.0%   0.0%   0.0%   0.0% 	Avg.:  0.0% 
	  0.0%   0.0%   0.0%   0.0%   0.0%   0.0%   0.0%   0.0%   0.0%   0.0% 	Avg.:  0.0% 
************************************************************************************************************
[Elapsed time = 0.0 h]
Done!
