START_TASK=3 STOP_TASK=4 START_EPOCH=0 STOP_EPOCH=50
============================================================================================================
Arguments =
	all_outputs: False
	approach: joint
	batch_size: 64
	classes_first_task: None
	clipping: 10000
	crop: 224
	dataset: cifar100
	eval_on_train: False
	experiment_path: None
	fix_bn: False
	freeze_backbone: False
	gpu: 0
	gpus: [0]
	increment: 10
	last_layer_analysis: False
	log: ['disk']
	lr: 0.01
	lr_factor: None
	lr_min: 0.0001
	lr_patience: None
	lr_scheduler: cosine
	lr_warmup_epochs: 0
	momentum: 0.0
	multi_softmax: False
	nepochs: 50
	network: resnetv2_101x1_bit.goog_in21k
	no_cudnn_deterministic: False
	normalize: in21k
	num_workers: 2
	optimizer_name: sgd
	pin_memory: False
	pretrained: True
	resize: 224
	results_path: ./results
	save_models: True
	seed: 0
	start_at_task: 3
	start_epoch: 0
	stop_at_task: 4
	stop_epoch: 50
	use_valid_only: False
	warmup_lr_factor: 1.0
	warmup_nepochs: 0
	weight_decay: 0.0
============================================================================================================
Approach arguments =
============================================================================================================
Exemplars arguments =
============================================================================================================
WARNING: ./results/resnetv2_101x1_bit.goog_in21k/cifar100/joint/10 already exists!
Loaded acc_taw from: ./results/resnetv2_101x1_bit.goog_in21k/cifar100/joint/10/acc_taw-2.txt
Loaded acc_tag from: ./results/resnetv2_101x1_bit.goog_in21k/cifar100/joint/10/acc_tag-2.txt
Loaded forg_taw from: ./results/resnetv2_101x1_bit.goog_in21k/cifar100/joint/10/forg_taw-2.txt
Loaded forg_tag from: ./results/resnetv2_101x1_bit.goog_in21k/cifar100/joint/10/forg_tag-2.txt
[joint] Loaded accumulated datasets up to task 2 from ./results/resnetv2_101x1_bit.goog_in21k/cifar100/joint/10/joint_progress
************************************************************************************************************
Task  3  [epochs 0-50]
************************************************************************************************************
[params] total:42,574,440  trainable:42,574,440  tensors:312  trainable_tensors:312
| Epoch   1, time= 39.1s | Train: skip eval | Valid: time=  2.6s loss=0.356, TAw acc= 97.4% | * lr=1.0e-02
| Epoch   2, time= 39.8s | Train: skip eval | Valid: time=  3.0s loss=0.375, TAw acc= 96.9% | lr=1.0e-02
| Epoch   3, time= 39.9s | Train: skip eval | Valid: time=  2.6s loss=0.366, TAw acc= 96.8% | lr=9.9e-03
| Epoch   4, time= 40.0s | Train: skip eval | Valid: time=  2.7s loss=0.423, TAw acc= 96.9% | lr=9.8e-03
| Epoch   5, time= 40.0s | Train: skip eval | Valid: time=  2.8s loss=0.433, TAw acc= 96.1% | lr=9.8e-03
| Epoch   6, time= 39.8s | Train: skip eval | Valid: time=  2.6s loss=0.375, TAw acc= 96.7% | lr=9.7e-03
| Epoch   7, time= 39.8s | Train: skip eval | Valid: time=  2.6s loss=0.369, TAw acc= 97.0% | lr=9.5e-03
| Epoch   8, time= 40.1s | Train: skip eval | Valid: time=  2.6s loss=0.349, TAw acc= 96.6% | * lr=9.4e-03
| Epoch   9, time= 40.1s | Train: skip eval | Valid: time=  2.6s loss=0.352, TAw acc= 97.3% | lr=9.2e-03
| Epoch  10, time= 40.1s | Train: skip eval | Valid: time=  2.6s loss=0.370, TAw acc= 97.0% | lr=9.1e-03
| Epoch  11, time= 40.1s | Train: skip eval | Valid: time=  2.6s loss=0.391, TAw acc= 97.2% | lr=8.9e-03
| Epoch  12, time= 39.3s | Train: skip eval | Valid: time=  2.6s loss=0.427, TAw acc= 96.8% | lr=8.7e-03
| Epoch  13, time= 40.1s | Train: skip eval | Valid: time=  2.6s loss=0.373, TAw acc= 97.0% | lr=8.4e-03
| Epoch  14, time= 40.1s | Train: skip eval | Valid: time=  2.6s loss=0.371, TAw acc= 97.4% | lr=8.2e-03
| Epoch  15, time= 39.5s | Train: skip eval | Valid: time=  2.6s loss=0.361, TAw acc= 97.0% | lr=8.0e-03
| Epoch  16, time= 39.7s | Train: skip eval | Valid: time=  2.6s loss=0.349, TAw acc= 97.0% | lr=7.7e-03
| Epoch  17, time= 40.3s | Train: skip eval | Valid: time=  2.7s loss=0.371, TAw acc= 97.0% | lr=7.4e-03
| Epoch  18, time= 39.7s | Train: skip eval | Valid: time=  2.7s loss=0.353, TAw acc= 97.2% | lr=7.2e-03
| Epoch  19, time= 39.3s | Train: skip eval | Valid: time=  2.7s loss=0.339, TAw acc= 97.4% | * lr=6.9e-03
| Epoch  20, time= 39.6s | Train: skip eval | Valid: time=  2.7s loss=0.356, TAw acc= 97.8% | lr=6.6e-03
| Epoch  21, time= 40.1s | Train: skip eval | Valid: time=  2.7s loss=0.350, TAw acc= 97.4% | lr=6.3e-03
| Epoch  22, time= 39.1s | Train: skip eval | Valid: time=  2.7s loss=0.356, TAw acc= 97.5% | lr=6.0e-03
| Epoch  23, time= 40.0s | Train: skip eval | Valid: time=  2.6s loss=0.363, TAw acc= 97.0% | lr=5.7e-03
| Epoch  24, time= 40.0s | Train: skip eval | Valid: time=  2.7s loss=0.328, TAw acc= 97.0% | * lr=5.4e-03
| Epoch  25, time= 40.1s | Train: skip eval | Valid: time=  2.6s loss=0.337, TAw acc= 97.0% | lr=5.1e-03
| Epoch  26, time= 40.0s | Train: skip eval | Valid: time=  2.8s loss=0.341, TAw acc= 97.1% | lr=4.7e-03
| Epoch  27, time= 40.3s | Train: skip eval | Valid: time=  2.7s loss=0.338, TAw acc= 97.5% | lr=4.4e-03
| Epoch  28, time= 39.4s | Train: skip eval | Valid: time=  2.7s loss=0.318, TAw acc= 97.8% | * lr=4.1e-03
| Epoch  29, time= 40.1s | Train: skip eval | Valid: time=  2.7s loss=0.319, TAw acc= 97.7% | lr=3.8e-03
| Epoch  30, time= 39.7s | Train: skip eval | Valid: time=  2.6s loss=0.336, TAw acc= 97.3% | lr=3.5e-03
| Epoch  31, time= 39.4s | Train: skip eval | Valid: time=  2.9s loss=0.330, TAw acc= 97.5% | lr=3.2e-03
| Epoch  32, time= 40.3s | Train: skip eval | Valid: time=  2.6s loss=0.327, TAw acc= 97.5% | lr=2.9e-03
| Epoch  33, time= 39.8s | Train: skip eval | Valid: time=  2.8s loss=0.316, TAw acc= 97.4% | * lr=2.7e-03
| Epoch  34, time= 39.9s | Train: skip eval | Valid: time=  2.6s loss=0.331, TAw acc= 97.1% | lr=2.4e-03
| Epoch  35, time= 39.9s | Train: skip eval | Valid: time=  2.6s loss=0.325, TAw acc= 97.7% | lr=2.1e-03
| Epoch  36, time= 40.0s | Train: skip eval | Valid: time=  2.6s loss=0.321, TAw acc= 97.7% | lr=1.9e-03
| Epoch  37, time= 39.4s | Train: skip eval | Valid: time=  2.6s loss=0.324, TAw acc= 97.5% | lr=1.7e-03
| Epoch  38, time= 39.7s | Train: skip eval | Valid: time=  2.8s loss=0.328, TAw acc= 97.5% | lr=1.4e-03
| Epoch  39, time= 39.9s | Train: skip eval | Valid: time=  2.6s loss=0.331, TAw acc= 97.6% | lr=1.2e-03
| Epoch  40, time= 40.0s | Train: skip eval | Valid: time=  2.9s loss=0.319, TAw acc= 97.8% | lr=1.0e-03
| Epoch  41, time= 39.5s | Train: skip eval | Valid: time=  2.6s loss=0.315, TAw acc= 97.6% | * lr=8.7e-04
| Epoch  42, time= 40.2s | Train: skip eval | Valid: time=  2.7s loss=0.321, TAw acc= 97.6% | lr=7.1e-04
| Epoch  43, time= 39.6s | Train: skip eval | Valid: time=  2.8s loss=0.321, TAw acc= 97.7% | lr=5.7e-04
| Epoch  44, time= 39.9s | Train: skip eval | Valid: time=  2.7s loss=0.323, TAw acc= 97.5% | lr=4.5e-04
| Epoch  45, time= 40.0s | Train: skip eval | Valid: time=  2.6s loss=0.317, TAw acc= 97.7% | lr=3.4e-04
| Epoch  46, time= 39.9s | Train: skip eval | Valid: time=  2.6s loss=0.322, TAw acc= 97.6% | lr=2.6e-04
| Epoch  47, time= 39.9s | Train: skip eval | Valid: time=  2.6s loss=0.322, TAw acc= 97.6% | lr=1.9e-04
| Epoch  48, time= 40.0s | Train: skip eval | Valid: time=  2.9s loss=0.326, TAw acc= 97.6% | lr=1.4e-04
| Epoch  49, time= 40.0s | Train: skip eval | Valid: time=  2.7s loss=0.324, TAw acc= 97.6% | lr=1.1e-04
| Epoch  50, time= 39.6s | Train: skip eval | Valid: time=  2.7s loss=0.324, TAw acc= 97.6% | lr=1.0e-04
------------------------------------------------------------------------------------------------------------
>>> Test on task  0 : loss=0.406 | TAw acc= 97.3%, forg= -0.6% | TAg acc= 93.1%, forg=  3.6% <<<
>>> Test on task  1 : loss=0.338 | TAw acc= 98.7%, forg=  0.2% | TAg acc= 92.9%, forg=  3.7% <<<
>>> Test on task  2 : loss=0.231 | TAw acc= 98.8%, forg=  0.0% | TAg acc= 94.8%, forg=  0.6% <<<
>>> Test on task  3 : loss=0.242 | TAw acc= 95.2%, forg=  0.0% | TAg acc= 92.5%, forg=  0.0% <<<
Save at ./results/./results/resnetv2_101x1_bit.goog_in21k/cifar100/joint/10
[joint] Saved accumulated datasets up to task 3 → ./results/resnetv2_101x1_bit.goog_in21k/cifar100/joint/10/joint_progress
************************************************************************************************************
TAw Acc
	 96.7%   0.0%   0.0%   0.0%   0.0%   0.0%   0.0%   0.0%   0.0%   0.0% 	Avg.: 96.7% 
	 96.7%  98.9%   0.0%   0.0%   0.0%   0.0%   0.0%   0.0%   0.0%   0.0% 	Avg.: 97.8% 
	 96.6%  98.9%  98.8%   0.0%   0.0%   0.0%   0.0%   0.0%   0.0%   0.0% 	Avg.: 98.1% 
	 97.3%  98.7%  98.8%  95.2%   0.0%   0.0%   0.0%   0.0%   0.0%   0.0% 	Avg.: 97.5% 
	  0.0%   0.0%   0.0%   0.0%   0.0%   0.0%   0.0%   0.0%   0.0%   0.0% 	Avg.:  0.0% 
	  0.0%   0.0%   0.0%   0.0%   0.0%   0.0%   0.0%   0.0%   0.0%   0.0% 	Avg.:  0.0% 
	  0.0%   0.0%   0.0%   0.0%   0.0%   0.0%   0.0%   0.0%   0.0%   0.0% 	Avg.:  0.0% 
	  0.0%   0.0%   0.0%   0.0%   0.0%   0.0%   0.0%   0.0%   0.0%   0.0% 	Avg.:  0.0% 
	  0.0%   0.0%   0.0%   0.0%   0.0%   0.0%   0.0%   0.0%   0.0%   0.0% 	Avg.:  0.0% 
	  0.0%   0.0%   0.0%   0.0%   0.0%   0.0%   0.0%   0.0%   0.0%   0.0% 	Avg.:  0.0% 
************************************************************************************************************
TAg Acc
	 96.7%   0.0%   0.0%   0.0%   0.0%   0.0%   0.0%   0.0%   0.0%   0.0% 	Avg.: 96.7% 
	 94.3%  96.6%   0.0%   0.0%   0.0%   0.0%   0.0%   0.0%   0.0%   0.0% 	Avg.: 95.5% 
	 93.8%  94.8%  95.4%   0.0%   0.0%   0.0%   0.0%   0.0%   0.0%   0.0% 	Avg.: 94.7% 
	 93.1%  92.9%  94.8%  92.5%   0.0%   0.0%   0.0%   0.0%   0.0%   0.0% 	Avg.: 93.3% 
	  0.0%   0.0%   0.0%   0.0%   0.0%   0.0%   0.0%   0.0%   0.0%   0.0% 	Avg.:  0.0% 
	  0.0%   0.0%   0.0%   0.0%   0.0%   0.0%   0.0%   0.0%   0.0%   0.0% 	Avg.:  0.0% 
	  0.0%   0.0%   0.0%   0.0%   0.0%   0.0%   0.0%   0.0%   0.0%   0.0% 	Avg.:  0.0% 
	  0.0%   0.0%   0.0%   0.0%   0.0%   0.0%   0.0%   0.0%   0.0%   0.0% 	Avg.:  0.0% 
	  0.0%   0.0%   0.0%   0.0%   0.0%   0.0%   0.0%   0.0%   0.0%   0.0% 	Avg.:  0.0% 
	  0.0%   0.0%   0.0%   0.0%   0.0%   0.0%   0.0%   0.0%   0.0%   0.0% 	Avg.:  0.0% 
************************************************************************************************************
TAw Forg
	  0.0%   0.0%   0.0%   0.0%   0.0%   0.0%   0.0%   0.0%   0.0%   0.0% 
	  0.0%   0.0%   0.0%   0.0%   0.0%   0.0%   0.0%   0.0%   0.0%   0.0% 	Avg.:  0.0% 
	  0.1%   0.0%   0.0%   0.0%   0.0%   0.0%   0.0%   0.0%   0.0%   0.0% 	Avg.:  0.1% 
	 -0.6%   0.2%   0.0%   0.0%   0.0%   0.0%   0.0%   0.0%   0.0%   0.0% 	Avg.: -0.1% 
	  0.0%   0.0%   0.0%   0.0%   0.0%   0.0%   0.0%   0.0%   0.0%   0.0% 	Avg.:  0.0% 
	  0.0%   0.0%   0.0%   0.0%   0.0%   0.0%   0.0%   0.0%   0.0%   0.0% 	Avg.:  0.0% 
	  0.0%   0.0%   0.0%   0.0%   0.0%   0.0%   0.0%   0.0%   0.0%   0.0% 	Avg.:  0.0% 
	  0.0%   0.0%   0.0%   0.0%   0.0%   0.0%   0.0%   0.0%   0.0%   0.0% 	Avg.:  0.0% 
	  0.0%   0.0%   0.0%   0.0%   0.0%   0.0%   0.0%   0.0%   0.0%   0.0% 	Avg.:  0.0% 
	  0.0%   0.0%   0.0%   0.0%   0.0%   0.0%   0.0%   0.0%   0.0%   0.0% 	Avg.:  0.0% 
************************************************************************************************************
TAg Forg
	  0.0%   0.0%   0.0%   0.0%   0.0%   0.0%   0.0%   0.0%   0.0%   0.0% 
	  2.4%   0.0%   0.0%   0.0%   0.0%   0.0%   0.0%   0.0%   0.0%   0.0% 	Avg.:  2.4% 
	  2.9%   1.8%   0.0%   0.0%   0.0%   0.0%   0.0%   0.0%   0.0%   0.0% 	Avg.:  2.3% 
	  3.6%   3.7%   0.6%   0.0%   0.0%   0.0%   0.0%   0.0%   0.0%   0.0% 	Avg.:  2.6% 
	  0.0%   0.0%   0.0%   0.0%   0.0%   0.0%   0.0%   0.0%   0.0%   0.0% 	Avg.:  0.0% 
	  0.0%   0.0%   0.0%   0.0%   0.0%   0.0%   0.0%   0.0%   0.0%   0.0% 	Avg.:  0.0% 
	  0.0%   0.0%   0.0%   0.0%   0.0%   0.0%   0.0%   0.0%   0.0%   0.0% 	Avg.:  0.0% 
	  0.0%   0.0%   0.0%   0.0%   0.0%   0.0%   0.0%   0.0%   0.0%   0.0% 	Avg.:  0.0% 
	  0.0%   0.0%   0.0%   0.0%   0.0%   0.0%   0.0%   0.0%   0.0%   0.0% 	Avg.:  0.0% 
	  0.0%   0.0%   0.0%   0.0%   0.0%   0.0%   0.0%   0.0%   0.0%   0.0% 	Avg.:  0.0% 
************************************************************************************************************
[Elapsed time = 0.6 h]
Done!
