START_TASK=2 STOP_TASK=3 START_EPOCH=0 STOP_EPOCH=50
============================================================================================================
Arguments =
	all_outputs: False
	approach: joint
	batch_size: 64
	classes_first_task: None
	clipping: 10000
	crop: 224
	dataset: cifar100
	eval_on_train: False
	experiment_path: None
	fix_bn: False
	freeze_backbone: False
	gpu: 0
	gpus: [0]
	increment: 10
	last_layer_analysis: False
	log: ['disk']
	lr: 0.01
	lr_factor: None
	lr_min: 0.0001
	lr_patience: None
	lr_scheduler: cosine
	lr_warmup_epochs: 0
	momentum: 0.0
	multi_softmax: False
	nepochs: 50
	network: resnetv2_101x1_bit.goog_in21k
	no_cudnn_deterministic: False
	normalize: in21k
	num_workers: 2
	optimizer_name: sgd
	pin_memory: False
	pretrained: True
	resize: 224
	results_path: ./results
	save_models: True
	seed: 0
	start_at_task: 2
	start_epoch: 0
	stop_at_task: 3
	stop_epoch: 50
	use_valid_only: False
	warmup_lr_factor: 1.0
	warmup_nepochs: 0
	weight_decay: 0.0
============================================================================================================
Approach arguments =
============================================================================================================
Exemplars arguments =
============================================================================================================
WARNING: ./results/resnetv2_101x1_bit.goog_in21k/cifar100/joint/10 already exists!
Loaded acc_taw from: ./results/resnetv2_101x1_bit.goog_in21k/cifar100/joint/10/acc_taw-1.txt
Loaded acc_tag from: ./results/resnetv2_101x1_bit.goog_in21k/cifar100/joint/10/acc_tag-1.txt
Loaded forg_taw from: ./results/resnetv2_101x1_bit.goog_in21k/cifar100/joint/10/forg_taw-1.txt
Loaded forg_tag from: ./results/resnetv2_101x1_bit.goog_in21k/cifar100/joint/10/forg_tag-1.txt
[joint] Loaded accumulated datasets up to task 1 from ./results/resnetv2_101x1_bit.goog_in21k/cifar100/joint/10/joint_progress
************************************************************************************************************
Task  2  [epochs 0-50]
************************************************************************************************************
[params] total:42,553,950  trainable:42,553,950  tensors:310  trainable_tensors:310
| Epoch   1, time= 30.2s | Train: skip eval | Valid: time=  2.0s loss=0.336, TAw acc= 96.8% | * lr=1.0e-02
| Epoch   2, time= 29.4s | Train: skip eval | Valid: time=  2.1s loss=0.284, TAw acc= 97.0% | * lr=1.0e-02
| Epoch   3, time= 29.1s | Train: skip eval | Valid: time=  2.0s loss=0.236, TAw acc= 98.0% | * lr=9.9e-03
| Epoch   4, time= 29.9s | Train: skip eval | Valid: time=  2.1s loss=0.257, TAw acc= 97.5% | lr=9.8e-03
| Epoch   5, time= 30.0s | Train: skip eval | Valid: time=  2.2s loss=0.283, TAw acc= 97.2% | lr=9.8e-03
| Epoch   6, time= 29.5s | Train: skip eval | Valid: time=  2.1s loss=0.262, TAw acc= 98.0% | lr=9.7e-03
| Epoch   7, time= 30.0s | Train: skip eval | Valid: time=  2.0s loss=0.279, TAw acc= 97.7% | lr=9.5e-03
| Epoch   8, time= 30.0s | Train: skip eval | Valid: time=  2.0s loss=0.284, TAw acc= 97.9% | lr=9.4e-03
| Epoch   9, time= 30.1s | Train: skip eval | Valid: time=  2.0s loss=0.249, TAw acc= 97.9% | lr=9.2e-03
| Epoch  10, time= 29.7s | Train: skip eval | Valid: time=  2.0s loss=0.281, TAw acc= 97.5% | lr=9.1e-03
| Epoch  11, time= 29.2s | Train: skip eval | Valid: time=  2.0s loss=0.283, TAw acc= 97.9% | lr=8.9e-03
| Epoch  12, time= 30.0s | Train: skip eval | Valid: time=  2.0s loss=0.286, TAw acc= 97.4% | lr=8.7e-03
| Epoch  13, time= 29.8s | Train: skip eval | Valid: time=  2.0s loss=0.256, TAw acc= 98.1% | lr=8.4e-03
| Epoch  14, time= 30.0s | Train: skip eval | Valid: time=  2.1s loss=0.258, TAw acc= 97.8% | lr=8.2e-03
| Epoch  15, time= 30.1s | Train: skip eval | Valid: time=  2.0s loss=0.292, TAw acc= 97.6% | lr=8.0e-03
| Epoch  16, time= 30.0s | Train: skip eval | Valid: time=  2.1s loss=0.284, TAw acc= 97.7% | lr=7.7e-03
| Epoch  17, time= 30.1s | Train: skip eval | Valid: time=  2.1s loss=0.272, TAw acc= 97.9% | lr=7.4e-03
| Epoch  18, time= 29.6s | Train: skip eval | Valid: time=  2.1s loss=0.256, TAw acc= 97.6% | lr=7.2e-03
| Epoch  19, time= 30.1s | Train: skip eval | Valid: time=  2.1s loss=0.273, TAw acc= 97.7% | lr=6.9e-03
| Epoch  20, time= 29.9s | Train: skip eval | Valid: time=  2.2s loss=0.275, TAw acc= 97.8% | lr=6.6e-03
| Epoch  21, time= 29.7s | Train: skip eval | Valid: time=  2.2s loss=0.286, TAw acc= 97.8% | lr=6.3e-03
| Epoch  22, time= 29.6s | Train: skip eval | Valid: time=  2.0s loss=0.283, TAw acc= 98.0% | lr=6.0e-03
| Epoch  23, time= 29.9s | Train: skip eval | Valid: time=  2.1s loss=0.266, TAw acc= 97.7% | lr=5.7e-03
| Epoch  24, time= 29.4s | Train: skip eval | Valid: time=  2.0s loss=0.259, TAw acc= 97.8% | lr=5.4e-03
| Epoch  25, time= 29.5s | Train: skip eval | Valid: time=  2.3s loss=0.247, TAw acc= 98.0% | lr=5.1e-03
| Epoch  26, time= 30.1s | Train: skip eval | Valid: time=  2.1s loss=0.265, TAw acc= 98.1% | lr=4.7e-03
| Epoch  27, time= 29.9s | Train: skip eval | Valid: time=  2.0s loss=0.272, TAw acc= 98.1% | lr=4.4e-03
| Epoch  28, time= 29.9s | Train: skip eval | Valid: time=  2.0s loss=0.276, TAw acc= 97.9% | lr=4.1e-03
| Epoch  29, time= 29.4s | Train: skip eval | Valid: time=  2.1s loss=0.256, TAw acc= 97.9% | lr=3.8e-03
| Epoch  30, time= 29.7s | Train: skip eval | Valid: time=  2.1s loss=0.256, TAw acc= 98.1% | lr=3.5e-03
| Epoch  31, time= 29.9s | Train: skip eval | Valid: time=  2.2s loss=0.258, TAw acc= 98.0% | lr=3.2e-03
| Epoch  32, time= 29.2s | Train: skip eval | Valid: time=  2.0s loss=0.249, TAw acc= 98.3% | lr=2.9e-03
| Epoch  33, time= 30.0s | Train: skip eval | Valid: time=  2.1s loss=0.242, TAw acc= 98.1% | lr=2.7e-03
| Epoch  34, time= 29.3s | Train: skip eval | Valid: time=  2.2s loss=0.230, TAw acc= 98.1% | * lr=2.4e-03
| Epoch  35, time= 29.5s | Train: skip eval | Valid: time=  2.1s loss=0.242, TAw acc= 98.1% | lr=2.1e-03
| Epoch  36, time= 30.3s | Train: skip eval | Valid: time=  2.0s loss=0.254, TAw acc= 97.9% | lr=1.9e-03
| Epoch  37, time= 30.1s | Train: skip eval | Valid: time=  2.0s loss=0.251, TAw acc= 98.1% | lr=1.7e-03
| Epoch  38, time= 29.8s | Train: skip eval | Valid: time=  2.0s loss=0.258, TAw acc= 98.0% | lr=1.4e-03
| Epoch  39, time= 30.1s | Train: skip eval | Valid: time=  2.0s loss=0.246, TAw acc= 98.1% | lr=1.2e-03
| Epoch  40, time= 30.1s | Train: skip eval | Valid: time=  2.1s loss=0.240, TAw acc= 98.0% | lr=1.0e-03
| Epoch  41, time= 30.0s | Train: skip eval | Valid: time=  2.0s loss=0.237, TAw acc= 97.9% | lr=8.7e-04
| Epoch  42, time= 30.1s | Train: skip eval | Valid: time=  2.0s loss=0.237, TAw acc= 98.1% | lr=7.1e-04
| Epoch  43, time= 29.8s | Train: skip eval | Valid: time=  2.0s loss=0.242, TAw acc= 98.1% | lr=5.7e-04
| Epoch  44, time= 29.9s | Train: skip eval | Valid: time=  2.0s loss=0.246, TAw acc= 98.1% | lr=4.5e-04
| Epoch  45, time= 30.1s | Train: skip eval | Valid: time=  2.0s loss=0.244, TAw acc= 98.1% | lr=3.4e-04
| Epoch  46, time= 29.3s | Train: skip eval | Valid: time=  2.0s loss=0.243, TAw acc= 98.0% | lr=2.6e-04
| Epoch  47, time= 29.6s | Train: skip eval | Valid: time=  2.2s loss=0.242, TAw acc= 98.1% | lr=1.9e-04
| Epoch  48, time= 29.8s | Train: skip eval | Valid: time=  2.1s loss=0.239, TAw acc= 98.1% | lr=1.4e-04
| Epoch  49, time= 30.3s | Train: skip eval | Valid: time=  2.0s loss=0.239, TAw acc= 98.1% | lr=1.1e-04
| Epoch  50, time= 30.0s | Train: skip eval | Valid: time=  2.1s loss=0.239, TAw acc= 98.1% | lr=1.0e-04
------------------------------------------------------------------------------------------------------------
>>> Test on task  0 : loss=0.321 | TAw acc= 96.6%, forg=  0.1% | TAg acc= 93.8%, forg=  2.9% <<<
>>> Test on task  1 : loss=0.279 | TAw acc= 98.9%, forg=  0.0% | TAg acc= 94.8%, forg=  1.8% <<<
>>> Test on task  2 : loss=0.189 | TAw acc= 98.8%, forg=  0.0% | TAg acc= 95.4%, forg=  0.0% <<<
Save at ./results/./results/resnetv2_101x1_bit.goog_in21k/cifar100/joint/10
[joint] Saved accumulated datasets up to task 2 → ./results/resnetv2_101x1_bit.goog_in21k/cifar100/joint/10/joint_progress
************************************************************************************************************
TAw Acc
	 96.7%   0.0%   0.0%   0.0%   0.0%   0.0%   0.0%   0.0%   0.0%   0.0% 	Avg.: 96.7% 
	 96.7%  98.9%   0.0%   0.0%   0.0%   0.0%   0.0%   0.0%   0.0%   0.0% 	Avg.: 97.8% 
	 96.6%  98.9%  98.8%   0.0%   0.0%   0.0%   0.0%   0.0%   0.0%   0.0% 	Avg.: 98.1% 
	  0.0%   0.0%   0.0%   0.0%   0.0%   0.0%   0.0%   0.0%   0.0%   0.0% 	Avg.:  0.0% 
	  0.0%   0.0%   0.0%   0.0%   0.0%   0.0%   0.0%   0.0%   0.0%   0.0% 	Avg.:  0.0% 
	  0.0%   0.0%   0.0%   0.0%   0.0%   0.0%   0.0%   0.0%   0.0%   0.0% 	Avg.:  0.0% 
	  0.0%   0.0%   0.0%   0.0%   0.0%   0.0%   0.0%   0.0%   0.0%   0.0% 	Avg.:  0.0% 
	  0.0%   0.0%   0.0%   0.0%   0.0%   0.0%   0.0%   0.0%   0.0%   0.0% 	Avg.:  0.0% 
	  0.0%   0.0%   0.0%   0.0%   0.0%   0.0%   0.0%   0.0%   0.0%   0.0% 	Avg.:  0.0% 
	  0.0%   0.0%   0.0%   0.0%   0.0%   0.0%   0.0%   0.0%   0.0%   0.0% 	Avg.:  0.0% 
************************************************************************************************************
TAg Acc
	 96.7%   0.0%   0.0%   0.0%   0.0%   0.0%   0.0%   0.0%   0.0%   0.0% 	Avg.: 96.7% 
	 94.3%  96.6%   0.0%   0.0%   0.0%   0.0%   0.0%   0.0%   0.0%   0.0% 	Avg.: 95.5% 
	 93.8%  94.8%  95.4%   0.0%   0.0%   0.0%   0.0%   0.0%   0.0%   0.0% 	Avg.: 94.7% 
	  0.0%   0.0%   0.0%   0.0%   0.0%   0.0%   0.0%   0.0%   0.0%   0.0% 	Avg.:  0.0% 
	  0.0%   0.0%   0.0%   0.0%   0.0%   0.0%   0.0%   0.0%   0.0%   0.0% 	Avg.:  0.0% 
	  0.0%   0.0%   0.0%   0.0%   0.0%   0.0%   0.0%   0.0%   0.0%   0.0% 	Avg.:  0.0% 
	  0.0%   0.0%   0.0%   0.0%   0.0%   0.0%   0.0%   0.0%   0.0%   0.0% 	Avg.:  0.0% 
	  0.0%   0.0%   0.0%   0.0%   0.0%   0.0%   0.0%   0.0%   0.0%   0.0% 	Avg.:  0.0% 
	  0.0%   0.0%   0.0%   0.0%   0.0%   0.0%   0.0%   0.0%   0.0%   0.0% 	Avg.:  0.0% 
	  0.0%   0.0%   0.0%   0.0%   0.0%   0.0%   0.0%   0.0%   0.0%   0.0% 	Avg.:  0.0% 
************************************************************************************************************
TAw Forg
	  0.0%   0.0%   0.0%   0.0%   0.0%   0.0%   0.0%   0.0%   0.0%   0.0% 
	  0.0%   0.0%   0.0%   0.0%   0.0%   0.0%   0.0%   0.0%   0.0%   0.0% 	Avg.:  0.0% 
	  0.1%   0.0%   0.0%   0.0%   0.0%   0.0%   0.0%   0.0%   0.0%   0.0% 	Avg.:  0.0% 
	  0.0%   0.0%   0.0%   0.0%   0.0%   0.0%   0.0%   0.0%   0.0%   0.0% 	Avg.:  0.0% 
	  0.0%   0.0%   0.0%   0.0%   0.0%   0.0%   0.0%   0.0%   0.0%   0.0% 	Avg.:  0.0% 
	  0.0%   0.0%   0.0%   0.0%   0.0%   0.0%   0.0%   0.0%   0.0%   0.0% 	Avg.:  0.0% 
	  0.0%   0.0%   0.0%   0.0%   0.0%   0.0%   0.0%   0.0%   0.0%   0.0% 	Avg.:  0.0% 
	  0.0%   0.0%   0.0%   0.0%   0.0%   0.0%   0.0%   0.0%   0.0%   0.0% 	Avg.:  0.0% 
	  0.0%   0.0%   0.0%   0.0%   0.0%   0.0%   0.0%   0.0%   0.0%   0.0% 	Avg.:  0.0% 
	  0.0%   0.0%   0.0%   0.0%   0.0%   0.0%   0.0%   0.0%   0.0%   0.0% 	Avg.:  0.0% 
************************************************************************************************************
TAg Forg
	  0.0%   0.0%   0.0%   0.0%   0.0%   0.0%   0.0%   0.0%   0.0%   0.0% 
	  2.4%   0.0%   0.0%   0.0%   0.0%   0.0%   0.0%   0.0%   0.0%   0.0% 	Avg.:  2.4% 
	  2.9%   1.8%   0.0%   0.0%   0.0%   0.0%   0.0%   0.0%   0.0%   0.0% 	Avg.:  2.3% 
	  0.0%   0.0%   0.0%   0.0%   0.0%   0.0%   0.0%   0.0%   0.0%   0.0% 	Avg.:  0.0% 
	  0.0%   0.0%   0.0%   0.0%   0.0%   0.0%   0.0%   0.0%   0.0%   0.0% 	Avg.:  0.0% 
	  0.0%   0.0%   0.0%   0.0%   0.0%   0.0%   0.0%   0.0%   0.0%   0.0% 	Avg.:  0.0% 
	  0.0%   0.0%   0.0%   0.0%   0.0%   0.0%   0.0%   0.0%   0.0%   0.0% 	Avg.:  0.0% 
	  0.0%   0.0%   0.0%   0.0%   0.0%   0.0%   0.0%   0.0%   0.0%   0.0% 	Avg.:  0.0% 
	  0.0%   0.0%   0.0%   0.0%   0.0%   0.0%   0.0%   0.0%   0.0%   0.0% 	Avg.:  0.0% 
	  0.0%   0.0%   0.0%   0.0%   0.0%   0.0%   0.0%   0.0%   0.0%   0.0% 	Avg.:  0.0% 
************************************************************************************************************
[Elapsed time = 0.4 h]
Done!
