START_TASK=0 STOP_TASK=1
============================================================================================================
Arguments =
	approach: replay
	batch_size: 64
	classes_first_task: None
	clipping: 10000
	crop: 224
	dataset: cifar100
	eval_on_train: False
	experiment_path: None
	fix_bn: False
	freeze_backbone: False
	gpu: 0
	gpus: [0]
	increment: 10
	last_layer_analysis: True
	log: ['disk']
	lr: 0.01
	lr_factor: None
	lr_min: 0.0001
	lr_patience: None
	lr_scheduler: cosine
	lr_warmup_epochs: 0
	momentum: 0.0
	multi_softmax: False
	nepochs: 50
	network: vit_base_patch16_224.orig_in21k
	no_cudnn_deterministic: False
	normalize: in21k
	num_workers: 2
	optimizer_name: sgd
	pin_memory: False
	pretrained: True
	resize: 224
	results_path: ./results
	save_models: True
	seed: 0
	start_at_task: 0
	start_epoch: 0
	stop_at_task: 1
	stop_epoch: 0
	use_valid_only: False
	warmup_lr_factor: 1.0
	warmup_nepochs: 0
	weight_decay: 0.0
============================================================================================================
Approach arguments =
============================================================================================================
Exemplars arguments =
	exemplar_selection: random
	num_exemplars: 2000
============================================================================================================
************************************************************************************************************
Task  0  [epochs 0-50]
************************************************************************************************************
[params] total:85,806,346  trainable:85,806,346  tensors:152  trainable_tensors:152
| Epoch   1, time= 32.3s | Train: skip eval | Valid: time=  1.6s loss=1.867, TAw acc= 90.6% | * lr=1.0e-02
| Epoch   2, time= 31.9s | Train: skip eval | Valid: time=  1.5s loss=1.327, TAw acc= 95.4% | * lr=1.0e-02
| Epoch   3, time= 31.8s | Train: skip eval | Valid: time=  1.5s loss=0.835, TAw acc= 97.2% | * lr=9.9e-03
| Epoch   4, time= 31.9s | Train: skip eval | Valid: time=  1.5s loss=0.519, TAw acc= 97.8% | * lr=9.8e-03
| Epoch   5, time= 31.9s | Train: skip eval | Valid: time=  1.5s loss=0.345, TAw acc= 98.0% | * lr=9.8e-03
| Epoch   6, time= 31.9s | Train: skip eval | Valid: time=  1.5s loss=0.252, TAw acc= 98.2% | * lr=9.7e-03
| Epoch   7, time= 31.9s | Train: skip eval | Valid: time=  1.5s loss=0.198, TAw acc= 98.2% | * lr=9.5e-03
| Epoch   8, time= 32.0s | Train: skip eval | Valid: time=  1.5s loss=0.159, TAw acc= 98.6% | * lr=9.4e-03
| Epoch   9, time= 31.9s | Train: skip eval | Valid: time=  1.5s loss=0.140, TAw acc= 98.8% | * lr=9.2e-03
| Epoch  10, time= 31.9s | Train: skip eval | Valid: time=  1.5s loss=0.127, TAw acc= 98.2% | * lr=9.1e-03
| Epoch  11, time= 31.9s | Train: skip eval | Valid: time=  1.5s loss=0.111, TAw acc= 99.0% | * lr=8.9e-03
| Epoch  12, time= 32.0s | Train: skip eval | Valid: time=  1.5s loss=0.102, TAw acc= 98.4% | * lr=8.7e-03
| Epoch  13, time= 32.0s | Train: skip eval | Valid: time=  1.5s loss=0.090, TAw acc= 98.8% | * lr=8.4e-03
| Epoch  14, time= 32.0s | Train: skip eval | Valid: time=  1.5s loss=0.085, TAw acc= 99.0% | * lr=8.2e-03
| Epoch  15, time= 32.1s | Train: skip eval | Valid: time=  1.5s loss=0.078, TAw acc= 99.2% | * lr=8.0e-03
| Epoch  16, time= 32.0s | Train: skip eval | Valid: time=  1.5s loss=0.073, TAw acc= 99.0% | * lr=7.7e-03
| Epoch  17, time= 32.0s | Train: skip eval | Valid: time=  1.5s loss=0.074, TAw acc= 98.8% | lr=7.4e-03
| Epoch  18, time= 32.0s | Train: skip eval | Valid: time=  1.5s loss=0.067, TAw acc= 99.2% | * lr=7.2e-03
| Epoch  19, time= 32.0s | Train: skip eval | Valid: time=  1.5s loss=0.068, TAw acc= 99.0% | lr=6.9e-03
| Epoch  20, time= 32.0s | Train: skip eval | Valid: time=  1.5s loss=0.067, TAw acc= 99.0% | * lr=6.6e-03
| Epoch  21, time= 32.0s | Train: skip eval | Valid: time=  1.5s loss=0.065, TAw acc= 99.0% | * lr=6.3e-03
| Epoch  22, time= 32.1s | Train: skip eval | Valid: time=  1.5s loss=0.061, TAw acc= 99.2% | * lr=6.0e-03
| Epoch  23, time= 31.9s | Train: skip eval | Valid: time=  1.5s loss=0.058, TAw acc= 99.2% | * lr=5.7e-03
| Epoch  24, time= 31.9s | Train: skip eval | Valid: time=  1.5s loss=0.061, TAw acc= 98.8% | lr=5.4e-03
| Epoch  25, time= 31.9s | Train: skip eval | Valid: time=  1.5s loss=0.060, TAw acc= 98.8% | lr=5.1e-03
| Epoch  26, time= 31.9s | Train: skip eval | Valid: time=  1.5s loss=0.061, TAw acc= 99.0% | lr=4.7e-03
| Epoch  27, time= 31.9s | Train: skip eval | Valid: time=  1.5s loss=0.056, TAw acc= 98.8% | * lr=4.4e-03
| Epoch  28, time= 31.9s | Train: skip eval | Valid: time=  1.5s loss=0.058, TAw acc= 99.0% | lr=4.1e-03
| Epoch  29, time= 31.9s | Train: skip eval | Valid: time=  1.5s loss=0.057, TAw acc= 99.0% | lr=3.8e-03
| Epoch  30, time= 32.0s | Train: skip eval | Valid: time=  1.5s loss=0.054, TAw acc= 99.0% | * lr=3.5e-03
| Epoch  31, time= 31.9s | Train: skip eval | Valid: time=  1.6s loss=0.053, TAw acc= 99.0% | * lr=3.2e-03
| Epoch  32, time= 31.9s | Train: skip eval | Valid: time=  1.6s loss=0.053, TAw acc= 99.2% | lr=2.9e-03
| Epoch  33, time= 32.0s | Train: skip eval | Valid: time=  1.5s loss=0.056, TAw acc= 99.0% | lr=2.7e-03
| Epoch  34, time= 32.0s | Train: skip eval | Valid: time=  1.5s loss=0.055, TAw acc= 99.0% | lr=2.4e-03
| Epoch  35, time= 32.0s | Train: skip eval | Valid: time=  1.5s loss=0.055, TAw acc= 99.2% | lr=2.1e-03
| Epoch  36, time= 32.1s | Train: skip eval | Valid: time=  1.5s loss=0.049, TAw acc= 99.2% | * lr=1.9e-03
| Epoch  37, time= 32.1s | Train: skip eval | Valid: time=  1.5s loss=0.053, TAw acc= 99.0% | lr=1.7e-03
| Epoch  38, time= 32.0s | Train: skip eval | Valid: time=  1.6s loss=0.052, TAw acc= 99.0% | lr=1.4e-03
| Epoch  39, time= 32.0s | Train: skip eval | Valid: time=  1.5s loss=0.052, TAw acc= 99.0% | lr=1.2e-03
| Epoch  40, time= 32.0s | Train: skip eval | Valid: time=  1.5s loss=0.052, TAw acc= 99.0% | lr=1.0e-03
| Epoch  41, time= 32.0s | Train: skip eval | Valid: time=  1.6s loss=0.053, TAw acc= 99.0% | lr=8.7e-04
| Epoch  42, time= 32.0s | Train: skip eval | Valid: time=  1.5s loss=0.052, TAw acc= 99.0% | lr=7.1e-04
| Epoch  43, time= 32.0s | Train: skip eval | Valid: time=  1.5s loss=0.052, TAw acc= 99.0% | lr=5.7e-04
| Epoch  44, time= 32.0s | Train: skip eval | Valid: time=  1.6s loss=0.052, TAw acc= 99.0% | lr=4.5e-04
| Epoch  45, time= 32.0s | Train: skip eval | Valid: time=  1.5s loss=0.052, TAw acc= 99.0% | lr=3.4e-04
| Epoch  46, time= 31.9s | Train: skip eval | Valid: time=  1.5s loss=0.052, TAw acc= 99.0% | lr=2.6e-04
| Epoch  47, time= 31.9s | Train: skip eval | Valid: time=  1.6s loss=0.052, TAw acc= 99.0% | lr=1.9e-04
| Epoch  48, time= 31.9s | Train: skip eval | Valid: time=  1.5s loss=0.052, TAw acc= 99.0% | lr=1.4e-04
| Epoch  49, time= 32.0s | Train: skip eval | Valid: time=  1.5s loss=0.052, TAw acc= 99.0% | lr=1.1e-04
| Epoch  50, time= 31.9s | Train: skip eval | Valid: time=  1.5s loss=0.052, TAw acc= 99.0% | lr=1.0e-04
| Selected 2000 train exemplars, time=  0.1s
------------------------------------------------------------------------------------------------------------
>>> Test on task  0 : loss=0.070 | TAw acc= 98.5%, forg=  0.0% | TAg acc= 98.5%, forg=  0.0% <<<
Save at ./results/./results/vit_base_patch16_224.orig_in21k/cifar100/replay/10
************************************************************************************************************
TAw Acc
	 98.5%   0.0%   0.0%   0.0%   0.0%   0.0%   0.0%   0.0%   0.0%   0.0% 	Avg.: 98.5% 
	  0.0%   0.0%   0.0%   0.0%   0.0%   0.0%   0.0%   0.0%   0.0%   0.0% 	Avg.:  0.0% 
	  0.0%   0.0%   0.0%   0.0%   0.0%   0.0%   0.0%   0.0%   0.0%   0.0% 	Avg.:  0.0% 
	  0.0%   0.0%   0.0%   0.0%   0.0%   0.0%   0.0%   0.0%   0.0%   0.0% 	Avg.:  0.0% 
	  0.0%   0.0%   0.0%   0.0%   0.0%   0.0%   0.0%   0.0%   0.0%   0.0% 	Avg.:  0.0% 
	  0.0%   0.0%   0.0%   0.0%   0.0%   0.0%   0.0%   0.0%   0.0%   0.0% 	Avg.:  0.0% 
	  0.0%   0.0%   0.0%   0.0%   0.0%   0.0%   0.0%   0.0%   0.0%   0.0% 	Avg.:  0.0% 
	  0.0%   0.0%   0.0%   0.0%   0.0%   0.0%   0.0%   0.0%   0.0%   0.0% 	Avg.:  0.0% 
	  0.0%   0.0%   0.0%   0.0%   0.0%   0.0%   0.0%   0.0%   0.0%   0.0% 	Avg.:  0.0% 
	  0.0%   0.0%   0.0%   0.0%   0.0%   0.0%   0.0%   0.0%   0.0%   0.0% 	Avg.:  0.0% 
************************************************************************************************************
TAg Acc
	 98.5%   0.0%   0.0%   0.0%   0.0%   0.0%   0.0%   0.0%   0.0%   0.0% 	Avg.: 98.5% 
	  0.0%   0.0%   0.0%   0.0%   0.0%   0.0%   0.0%   0.0%   0.0%   0.0% 	Avg.:  0.0% 
	  0.0%   0.0%   0.0%   0.0%   0.0%   0.0%   0.0%   0.0%   0.0%   0.0% 	Avg.:  0.0% 
	  0.0%   0.0%   0.0%   0.0%   0.0%   0.0%   0.0%   0.0%   0.0%   0.0% 	Avg.:  0.0% 
	  0.0%   0.0%   0.0%   0.0%   0.0%   0.0%   0.0%   0.0%   0.0%   0.0% 	Avg.:  0.0% 
	  0.0%   0.0%   0.0%   0.0%   0.0%   0.0%   0.0%   0.0%   0.0%   0.0% 	Avg.:  0.0% 
	  0.0%   0.0%   0.0%   0.0%   0.0%   0.0%   0.0%   0.0%   0.0%   0.0% 	Avg.:  0.0% 
	  0.0%   0.0%   0.0%   0.0%   0.0%   0.0%   0.0%   0.0%   0.0%   0.0% 	Avg.:  0.0% 
	  0.0%   0.0%   0.0%   0.0%   0.0%   0.0%   0.0%   0.0%   0.0%   0.0% 	Avg.:  0.0% 
	  0.0%   0.0%   0.0%   0.0%   0.0%   0.0%   0.0%   0.0%   0.0%   0.0% 	Avg.:  0.0% 
************************************************************************************************************
TAw Forg
	  0.0%   0.0%   0.0%   0.0%   0.0%   0.0%   0.0%   0.0%   0.0%   0.0% 
	  0.0%   0.0%   0.0%   0.0%   0.0%   0.0%   0.0%   0.0%   0.0%   0.0% 	Avg.:  0.0% 
	  0.0%   0.0%   0.0%   0.0%   0.0%   0.0%   0.0%   0.0%   0.0%   0.0% 	Avg.:  0.0% 
	  0.0%   0.0%   0.0%   0.0%   0.0%   0.0%   0.0%   0.0%   0.0%   0.0% 	Avg.:  0.0% 
	  0.0%   0.0%   0.0%   0.0%   0.0%   0.0%   0.0%   0.0%   0.0%   0.0% 	Avg.:  0.0% 
	  0.0%   0.0%   0.0%   0.0%   0.0%   0.0%   0.0%   0.0%   0.0%   0.0% 	Avg.:  0.0% 
	  0.0%   0.0%   0.0%   0.0%   0.0%   0.0%   0.0%   0.0%   0.0%   0.0% 	Avg.:  0.0% 
	  0.0%   0.0%   0.0%   0.0%   0.0%   0.0%   0.0%   0.0%   0.0%   0.0% 	Avg.:  0.0% 
	  0.0%   0.0%   0.0%   0.0%   0.0%   0.0%   0.0%   0.0%   0.0%   0.0% 	Avg.:  0.0% 
	  0.0%   0.0%   0.0%   0.0%   0.0%   0.0%   0.0%   0.0%   0.0%   0.0% 	Avg.:  0.0% 
************************************************************************************************************
TAg Forg
	  0.0%   0.0%   0.0%   0.0%   0.0%   0.0%   0.0%   0.0%   0.0%   0.0% 
	  0.0%   0.0%   0.0%   0.0%   0.0%   0.0%   0.0%   0.0%   0.0%   0.0% 	Avg.:  0.0% 
	  0.0%   0.0%   0.0%   0.0%   0.0%   0.0%   0.0%   0.0%   0.0%   0.0% 	Avg.:  0.0% 
	  0.0%   0.0%   0.0%   0.0%   0.0%   0.0%   0.0%   0.0%   0.0%   0.0% 	Avg.:  0.0% 
	  0.0%   0.0%   0.0%   0.0%   0.0%   0.0%   0.0%   0.0%   0.0%   0.0% 	Avg.:  0.0% 
	  0.0%   0.0%   0.0%   0.0%   0.0%   0.0%   0.0%   0.0%   0.0%   0.0% 	Avg.:  0.0% 
	  0.0%   0.0%   0.0%   0.0%   0.0%   0.0%   0.0%   0.0%   0.0%   0.0% 	Avg.:  0.0% 
	  0.0%   0.0%   0.0%   0.0%   0.0%   0.0%   0.0%   0.0%   0.0%   0.0% 	Avg.:  0.0% 
	  0.0%   0.0%   0.0%   0.0%   0.0%   0.0%   0.0%   0.0%   0.0%   0.0% 	Avg.:  0.0% 
	  0.0%   0.0%   0.0%   0.0%   0.0%   0.0%   0.0%   0.0%   0.0%   0.0% 	Avg.:  0.0% 
************************************************************************************************************
[Elapsed time = 0.5 h]
Done!
