START_TASK=1 STOP_TASK=2 START_EPOCH=0 STOP_EPOCH=70
============================================================================================================
Arguments =
	all_outputs: False
	approach: joint_v2
	batch_size: 64
	classes_first_task: None
	clipping: 10000
	crop: 224
	data_path: ../data/food101
	dataset: food101
	eval_on_train: False
	experiment_path: None
	fix_bn: False
	freeze_backbone: False
	gpu: 0
	increment: 10
	log: ['disk']
	lr: 0.01
	lr_factor: None
	lr_min: 0.0001
	lr_patience: None
	lr_scheduler: cosine
	lr_warmup_epochs: 0
	momentum: 0.0
	multi_softmax: False
	nepochs: 70
	network: vit_small_patch16_224.augreg_in1k
	no_cudnn_deterministic: False
	normalize: in1k
	num_workers: 2
	optimizer_name: sgd
	pin_memory: False
	pretrained: True
	resize: 224
	results_path: ../results
	save_models: True
	seed: 0
	start_at_task: 1
	start_epoch: 0
	stop_at_task: 2
	stop_epoch: 70
	use_valid_only: False
	warmup_lr_factor: 1.0
	warmup_nepochs: 0
	weight_decay: 0.0
============================================================================================================
Approach arguments =
============================================================================================================
Exemplars arguments =
============================================================================================================
WARNING: ../results/vit_small_patch16_224.augreg_in1k/food101/joint_v2/10 already exists!
Loaded acc_taw from: ../results/vit_small_patch16_224.augreg_in1k/food101/joint_v2/10/acc_taw-0.txt
Loaded acc_tag from: ../results/vit_small_patch16_224.augreg_in1k/food101/joint_v2/10/acc_tag-0.txt
Loaded forg_taw from: ../results/vit_small_patch16_224.augreg_in1k/food101/joint_v2/10/forg_taw-0.txt
Loaded forg_tag from: ../results/vit_small_patch16_224.augreg_in1k/food101/joint_v2/10/forg_tag-0.txt
[joint] Loaded accumulated datasets up to task 0 from ../results/vit_small_patch16_224.augreg_in1k/food101/joint_v2/10/joint_progress
************************************************************************************************************
Task  1  [epochs 0-70]
************************************************************************************************************
[params] total:21,673,364  trainable:21,673,364  tensors:154  trainable_tensors:154
| Epoch   1, time= 53.0s | Train: skip eval | Valid: time=  6.3s loss=0.536, TAw acc= 90.1% | * lr=1.0e-02
| Epoch   2, time= 51.7s | Train: skip eval | Valid: time=  4.5s loss=0.434, TAw acc= 91.5% | * lr=1.0e-02
| Epoch   3, time= 48.2s | Train: skip eval | Valid: time=  4.8s loss=0.442, TAw acc= 92.2% | lr=1.0e-02
| Epoch   4, time= 51.5s | Train: skip eval | Valid: time=  5.5s loss=0.421, TAw acc= 92.3% | * lr=9.9e-03
| Epoch   5, time= 53.4s | Train: skip eval | Valid: time=  4.5s loss=0.393, TAw acc= 92.7% | * lr=9.9e-03
| Epoch   6, time= 52.0s | Train: skip eval | Valid: time=  4.8s loss=0.393, TAw acc= 92.2% | * lr=9.8e-03
| Epoch   7, time= 49.7s | Train: skip eval | Valid: time=  4.7s loss=0.372, TAw acc= 92.5% | * lr=9.8e-03
| Epoch   8, time= 53.2s | Train: skip eval | Valid: time=  4.4s loss=0.375, TAw acc= 92.0% | lr=9.7e-03
| Epoch   9, time= 49.2s | Train: skip eval | Valid: time=  4.3s loss=0.365, TAw acc= 93.3% | * lr=9.6e-03
| Epoch  10, time= 51.6s | Train: skip eval | Valid: time=  5.0s loss=0.411, TAw acc= 91.7% | lr=9.5e-03
| Epoch  11, time= 49.0s | Train: skip eval | Valid: time=  4.8s loss=0.403, TAw acc= 92.9% | lr=9.4e-03
| Epoch  12, time= 50.9s | Train: skip eval | Valid: time=  5.0s loss=0.386, TAw acc= 92.2% | lr=9.3e-03
| Epoch  13, time= 50.5s | Train: skip eval | Valid: time=  4.9s loss=0.413, TAw acc= 92.2% | lr=9.2e-03
| Epoch  14, time= 47.9s | Train: skip eval | Valid: time=  4.8s loss=0.395, TAw acc= 93.1% | lr=9.1e-03
| Epoch  15, time= 50.2s | Train: skip eval | Valid: time=  5.3s loss=0.407, TAw acc= 92.3% | lr=8.9e-03
| Epoch  16, time= 52.1s | Train: skip eval | Valid: time=  6.3s loss=0.430, TAw acc= 91.8% | lr=8.8e-03
| Epoch  17, time= 52.8s | Train: skip eval | Valid: time=  4.8s loss=0.393, TAw acc= 92.7% | lr=8.6e-03
| Epoch  18, time= 51.6s | Train: skip eval | Valid: time=  4.9s loss=0.452, TAw acc= 91.7% | lr=8.5e-03
| Epoch  19, time= 51.9s | Train: skip eval | Valid: time=  4.7s loss=0.369, TAw acc= 93.1% | lr=8.3e-03
| Epoch  20, time= 53.4s | Train: skip eval | Valid: time=  4.8s loss=0.426, TAw acc= 92.7% | lr=8.1e-03
| Epoch  21, time= 48.3s | Train: skip eval | Valid: time=  4.6s loss=0.402, TAw acc= 93.3% | lr=8.0e-03
| Epoch  22, time= 51.0s | Train: skip eval | Valid: time=  5.0s loss=0.375, TAw acc= 93.5% | lr=7.8e-03
| Epoch  23, time= 49.7s | Train: skip eval | Valid: time=  4.9s loss=0.386, TAw acc= 93.1% | lr=7.6e-03
| Epoch  24, time= 52.2s | Train: skip eval | Valid: time=  4.7s loss=0.396, TAw acc= 92.5% | lr=7.4e-03
| Epoch  25, time= 62.4s | Train: skip eval | Valid: time=  5.5s loss=0.406, TAw acc= 93.2% | lr=7.2e-03
| Epoch  26, time= 50.1s | Train: skip eval | Valid: time=  5.7s loss=0.428, TAw acc= 92.7% | lr=7.0e-03
| Epoch  27, time= 49.5s | Train: skip eval | Valid: time=  4.8s loss=0.395, TAw acc= 92.7% | lr=6.8e-03
| Epoch  28, time= 50.5s | Train: skip eval | Valid: time=  4.8s loss=0.387, TAw acc= 93.5% | lr=6.6e-03
| Epoch  29, time= 49.0s | Train: skip eval | Valid: time=  5.0s loss=0.401, TAw acc= 93.7% | lr=6.4e-03
| Epoch  30, time= 51.4s | Train: skip eval | Valid: time=  4.7s loss=0.367, TAw acc= 93.7% | lr=6.2e-03
| Epoch  31, time= 49.8s | Train: skip eval | Valid: time=  4.6s loss=0.384, TAw acc= 93.2% | lr=5.9e-03
| Epoch  32, time= 50.7s | Train: skip eval | Valid: time=  5.2s loss=0.370, TAw acc= 94.1% | lr=5.7e-03
| Epoch  33, time= 50.4s | Train: skip eval | Valid: time=  5.0s loss=0.381, TAw acc= 93.4% | lr=5.5e-03
| Epoch  34, time= 50.5s | Train: skip eval | Valid: time=  4.8s loss=0.393, TAw acc= 93.3% | lr=5.3e-03
| Epoch  35, time= 50.7s | Train: skip eval | Valid: time=  5.3s loss=0.383, TAw acc= 93.3% | lr=5.1e-03
| Epoch  36, time= 50.1s | Train: skip eval | Valid: time=  5.0s loss=0.384, TAw acc= 93.7% | lr=4.8e-03
| Epoch  37, time= 51.3s | Train: skip eval | Valid: time=  5.1s loss=0.397, TAw acc= 93.5% | lr=4.6e-03
| Epoch  38, time= 48.6s | Train: skip eval | Valid: time=  4.7s loss=0.384, TAw acc= 93.3% | lr=4.4e-03
| Epoch  39, time= 54.2s | Train: skip eval | Valid: time=  4.8s loss=0.384, TAw acc= 93.5% | lr=4.2e-03
| Epoch  40, time= 53.4s | Train: skip eval | Valid: time=  5.5s loss=0.379, TAw acc= 93.5% | lr=3.9e-03
| Epoch  41, time= 49.1s | Train: skip eval | Valid: time=  4.7s loss=0.380, TAw acc= 93.7% | lr=3.7e-03
| Epoch  42, time= 48.9s | Train: skip eval | Valid: time=  5.2s loss=0.372, TAw acc= 93.7% | lr=3.5e-03
| Epoch  43, time= 53.2s | Train: skip eval | Valid: time=  5.3s loss=0.392, TAw acc= 93.3% | lr=3.3e-03
| Epoch  44, time= 50.9s | Train: skip eval | Valid: time=  4.8s loss=0.381, TAw acc= 93.8% | lr=3.1e-03
| Epoch  45, time= 50.8s | Train: skip eval | Valid: time=  5.1s loss=0.370, TAw acc= 93.5% | lr=2.9e-03
| Epoch  46, time= 51.5s | Train: skip eval | Valid: time=  5.1s loss=0.374, TAw acc= 93.7% | lr=2.7e-03
| Epoch  47, time= 51.6s | Train: skip eval | Valid: time=  5.4s loss=0.395, TAw acc= 93.4% | lr=2.5e-03
| Epoch  48, time= 51.2s | Train: skip eval | Valid: time=  4.9s loss=0.386, TAw acc= 93.6% | lr=2.3e-03
| Epoch  49, time= 50.2s | Train: skip eval | Valid: time=  6.1s loss=0.375, TAw acc= 93.4% | lr=2.1e-03
| Epoch  50, time= 48.6s | Train: skip eval | Valid: time=  4.7s loss=0.377, TAw acc= 93.3% | lr=2.0e-03
| Epoch  51, time= 53.6s | Train: skip eval | Valid: time=  5.3s loss=0.366, TAw acc= 93.6% | lr=1.8e-03
| Epoch  52, time= 58.2s | Train: skip eval | Valid: time=  8.0s loss=0.380, TAw acc= 93.6% | lr=1.6e-03
| Epoch  53, time= 47.9s | Train: skip eval | Valid: time=  5.0s loss=0.376, TAw acc= 93.4% | lr=1.5e-03
| Epoch  54, time= 49.3s | Train: skip eval | Valid: time=  5.2s loss=0.370, TAw acc= 93.9% | lr=1.3e-03
| Epoch  55, time= 50.1s | Train: skip eval | Valid: time=  6.2s loss=0.369, TAw acc= 93.6% | lr=1.2e-03
| Epoch  56, time= 51.6s | Train: skip eval | Valid: time=  4.7s loss=0.375, TAw acc= 93.6% | lr=1.0e-03
| Epoch  57, time= 52.5s | Train: skip eval | Valid: time=  5.6s loss=0.370, TAw acc= 93.6% | lr=9.2e-04
| Epoch  58, time= 53.2s | Train: skip eval | Valid: time=  5.3s loss=0.365, TAw acc= 93.7% | lr=8.0e-04
| Epoch  59, time= 53.7s | Train: skip eval | Valid: time=  5.4s loss=0.368, TAw acc= 93.7% | lr=6.9e-04
| Epoch  60, time= 50.5s | Train: skip eval | Valid: time=  4.8s loss=0.371, TAw acc= 93.7% | lr=5.9e-04
| Epoch  61, time= 51.6s | Train: skip eval | Valid: time=  5.4s loss=0.368, TAw acc= 93.8% | lr=5.0e-04
| Epoch  62, time= 55.8s | Train: skip eval | Valid: time=  4.9s loss=0.369, TAw acc= 93.5% | lr=4.2e-04
| Epoch  63, time= 49.7s | Train: skip eval | Valid: time=  5.1s loss=0.371, TAw acc= 93.3% | lr=3.4e-04
| Epoch  64, time= 52.5s | Train: skip eval | Valid: time=  5.1s loss=0.369, TAw acc= 93.8% | lr=2.8e-04
| Epoch  65, time= 52.0s | Train: skip eval | Valid: time=  4.9s loss=0.366, TAw acc= 93.7% | lr=2.2e-04
| Epoch  66, time= 52.2s | Train: skip eval | Valid: time=  4.5s loss=0.365, TAw acc= 93.8% | lr=1.8e-04
| Epoch  67, time= 50.3s | Train: skip eval | Valid: time=  4.9s loss=0.362, TAw acc= 93.8% | * lr=1.4e-04
| Epoch  68, time= 50.5s | Train: skip eval | Valid: time=  4.9s loss=0.361, TAw acc= 93.7% | * lr=1.2e-04
| Epoch  69, time= 52.7s | Train: skip eval | Valid: time=  5.7s loss=0.362, TAw acc= 93.8% | lr=1.0e-04
| Epoch  70, time= 50.6s | Train: skip eval | Valid: time=  4.9s loss=0.362, TAw acc= 93.9% | lr=1.0e-04
------------------------------------------------------------------------------------------------------------
>>> Test on task  0 : loss=0.299 | TAw acc= 95.8%, forg= -0.4% | TAg acc= 92.8%, forg=  2.6% <<<
>>> Test on task  1 : loss=0.170 | TAw acc= 97.4%, forg=  0.0% | TAg acc= 95.2%, forg=  0.0% <<<
Save at ../results/../results/vit_small_patch16_224.augreg_in1k/food101/joint_v2/10
[joint] Saved accumulated datasets up to task 1 → ../results/vit_small_patch16_224.augreg_in1k/food101/joint_v2/10/joint_progress
************************************************************************************************************
TAw Acc
	 95.4%   0.0%   0.0%   0.0%   0.0%   0.0%   0.0%   0.0%   0.0%   0.0% 	Avg.: 95.4% 
	 95.8%  97.4%   0.0%   0.0%   0.0%   0.0%   0.0%   0.0%   0.0%   0.0% 	Avg.: 96.6% 
	  0.0%   0.0%   0.0%   0.0%   0.0%   0.0%   0.0%   0.0%   0.0%   0.0% 	Avg.:  0.0% 
	  0.0%   0.0%   0.0%   0.0%   0.0%   0.0%   0.0%   0.0%   0.0%   0.0% 	Avg.:  0.0% 
	  0.0%   0.0%   0.0%   0.0%   0.0%   0.0%   0.0%   0.0%   0.0%   0.0% 	Avg.:  0.0% 
	  0.0%   0.0%   0.0%   0.0%   0.0%   0.0%   0.0%   0.0%   0.0%   0.0% 	Avg.:  0.0% 
	  0.0%   0.0%   0.0%   0.0%   0.0%   0.0%   0.0%   0.0%   0.0%   0.0% 	Avg.:  0.0% 
	  0.0%   0.0%   0.0%   0.0%   0.0%   0.0%   0.0%   0.0%   0.0%   0.0% 	Avg.:  0.0% 
	  0.0%   0.0%   0.0%   0.0%   0.0%   0.0%   0.0%   0.0%   0.0%   0.0% 	Avg.:  0.0% 
	  0.0%   0.0%   0.0%   0.0%   0.0%   0.0%   0.0%   0.0%   0.0%   0.0% 	Avg.:  0.0% 
************************************************************************************************************
TAg Acc
	 95.4%   0.0%   0.0%   0.0%   0.0%   0.0%   0.0%   0.0%   0.0%   0.0% 	Avg.: 95.4% 
	 92.8%  95.2%   0.0%   0.0%   0.0%   0.0%   0.0%   0.0%   0.0%   0.0% 	Avg.: 94.0% 
	  0.0%   0.0%   0.0%   0.0%   0.0%   0.0%   0.0%   0.0%   0.0%   0.0% 	Avg.:  0.0% 
	  0.0%   0.0%   0.0%   0.0%   0.0%   0.0%   0.0%   0.0%   0.0%   0.0% 	Avg.:  0.0% 
	  0.0%   0.0%   0.0%   0.0%   0.0%   0.0%   0.0%   0.0%   0.0%   0.0% 	Avg.:  0.0% 
	  0.0%   0.0%   0.0%   0.0%   0.0%   0.0%   0.0%   0.0%   0.0%   0.0% 	Avg.:  0.0% 
	  0.0%   0.0%   0.0%   0.0%   0.0%   0.0%   0.0%   0.0%   0.0%   0.0% 	Avg.:  0.0% 
	  0.0%   0.0%   0.0%   0.0%   0.0%   0.0%   0.0%   0.0%   0.0%   0.0% 	Avg.:  0.0% 
	  0.0%   0.0%   0.0%   0.0%   0.0%   0.0%   0.0%   0.0%   0.0%   0.0% 	Avg.:  0.0% 
	  0.0%   0.0%   0.0%   0.0%   0.0%   0.0%   0.0%   0.0%   0.0%   0.0% 	Avg.:  0.0% 
************************************************************************************************************
TAw Forg
	  0.0%   0.0%   0.0%   0.0%   0.0%   0.0%   0.0%   0.0%   0.0%   0.0% 
	 -0.4%   0.0%   0.0%   0.0%   0.0%   0.0%   0.0%   0.0%   0.0%   0.0% 	Avg.: -0.4% 
	  0.0%   0.0%   0.0%   0.0%   0.0%   0.0%   0.0%   0.0%   0.0%   0.0% 	Avg.:  0.0% 
	  0.0%   0.0%   0.0%   0.0%   0.0%   0.0%   0.0%   0.0%   0.0%   0.0% 	Avg.:  0.0% 
	  0.0%   0.0%   0.0%   0.0%   0.0%   0.0%   0.0%   0.0%   0.0%   0.0% 	Avg.:  0.0% 
	  0.0%   0.0%   0.0%   0.0%   0.0%   0.0%   0.0%   0.0%   0.0%   0.0% 	Avg.:  0.0% 
	  0.0%   0.0%   0.0%   0.0%   0.0%   0.0%   0.0%   0.0%   0.0%   0.0% 	Avg.:  0.0% 
	  0.0%   0.0%   0.0%   0.0%   0.0%   0.0%   0.0%   0.0%   0.0%   0.0% 	Avg.:  0.0% 
	  0.0%   0.0%   0.0%   0.0%   0.0%   0.0%   0.0%   0.0%   0.0%   0.0% 	Avg.:  0.0% 
	  0.0%   0.0%   0.0%   0.0%   0.0%   0.0%   0.0%   0.0%   0.0%   0.0% 	Avg.:  0.0% 
************************************************************************************************************
TAg Forg
	  0.0%   0.0%   0.0%   0.0%   0.0%   0.0%   0.0%   0.0%   0.0%   0.0% 
	  2.6%   0.0%   0.0%   0.0%   0.0%   0.0%   0.0%   0.0%   0.0%   0.0% 	Avg.:  2.6% 
	  0.0%   0.0%   0.0%   0.0%   0.0%   0.0%   0.0%   0.0%   0.0%   0.0% 	Avg.:  0.0% 
	  0.0%   0.0%   0.0%   0.0%   0.0%   0.0%   0.0%   0.0%   0.0%   0.0% 	Avg.:  0.0% 
	  0.0%   0.0%   0.0%   0.0%   0.0%   0.0%   0.0%   0.0%   0.0%   0.0% 	Avg.:  0.0% 
	  0.0%   0.0%   0.0%   0.0%   0.0%   0.0%   0.0%   0.0%   0.0%   0.0% 	Avg.:  0.0% 
	  0.0%   0.0%   0.0%   0.0%   0.0%   0.0%   0.0%   0.0%   0.0%   0.0% 	Avg.:  0.0% 
	  0.0%   0.0%   0.0%   0.0%   0.0%   0.0%   0.0%   0.0%   0.0%   0.0% 	Avg.:  0.0% 
	  0.0%   0.0%   0.0%   0.0%   0.0%   0.0%   0.0%   0.0%   0.0%   0.0% 	Avg.:  0.0% 
	  0.0%   0.0%   0.0%   0.0%   0.0%   0.0%   0.0%   0.0%   0.0%   0.0% 	Avg.:  0.0% 
************************************************************************************************************
[Elapsed time = 1.1 h]
Done!
