START_TASK=8 STOP_TASK=9
============================================================================================================
Arguments =
	approach: eeil
	batch_size: 64
	classes_first_task: None
	clipping: 10000
	crop: 224
	data_path: ../data/inat200
	dataset: inat200
	eval_on_train: False
	experiment_path: None
	fix_bn: False
	freeze_backbone: False
	gpu: 0
	gpus: [0]
	increment: 10
	last_layer_analysis: True
	log: ['disk']
	lr: 0.01
	lr_factor: None
	lr_min: 0.0001
	lr_patience: None
	lr_scheduler: cosine
	lr_warmup_epochs: 0
	momentum: 0.0
	multi_softmax: False
	nepochs: 90
	network: resnetv2_101x1_bit.goog_in21k
	no_cudnn_deterministic: False
	normalize: in21k
	num_workers: 2
	optimizer_name: sgd
	pin_memory: False
	pretrained: True
	resize: 224
	results_path: ./results
	save_models: True
	seed: 0
	start_at_task: 8
	start_epoch: 0
	stop_at_task: 9
	stop_epoch: 0
	use_valid_only: False
	warmup_lr_factor: 1.0
	warmup_nepochs: 0
	weight_decay: 0.0
============================================================================================================
Approach arguments =
	T: 2
	lamb: 1.0
	lr_finetuning_factor: 0.01
	nepochs_finetuning: 40
	noise_grad: False
============================================================================================================
Exemplars arguments =
	exemplar_selection: random
	num_exemplars: 4000
============================================================================================================
WARNING: ./results/resnetv2_101x1_bit.goog_in21k/inat200/eeil/10 already exists!
Loaded acc_taw from: ./results/resnetv2_101x1_bit.goog_in21k/inat200/eeil/10/acc_taw-7.txt
Loaded acc_tag from: ./results/resnetv2_101x1_bit.goog_in21k/inat200/eeil/10/acc_tag-7.txt
Loaded forg_taw from: ./results/resnetv2_101x1_bit.goog_in21k/inat200/eeil/10/forg_taw-7.txt
Loaded forg_tag from: ./results/resnetv2_101x1_bit.goog_in21k/inat200/eeil/10/forg_tag-7.txt
Loaded 4000 exemplars from ./results/resnetv2_101x1_bit.goog_in21k/inat200/eeil/10/task7_exemplars.pth
************************************************************************************************************
Task  8  [epochs 0-90]
************************************************************************************************************
[params] total:42,676,890  trainable:42,676,890  tensors:322  trainable_tensors:322
| Epoch   1, time= 29.9s | Train: skip eval | Valid: time=  2.5s loss=1.940, TAw acc= 85.5% | * lr=1.0e-02
| Epoch   2, time= 28.5s | Train: skip eval | Valid: time=  2.3s loss=1.856, TAw acc= 85.0% | * lr=1.0e-02
| Epoch   3, time= 33.9s | Train: skip eval | Valid: time=  2.1s loss=1.775, TAw acc= 89.0% | * lr=1.0e-02
| Epoch   4, time= 29.4s | Train: skip eval | Valid: time=  2.0s loss=1.838, TAw acc= 89.2% | lr=1.0e-02
| Epoch   5, time= 34.2s | Train: skip eval | Valid: time=  2.0s loss=1.757, TAw acc= 89.8% | * lr=9.9e-03
| Epoch   6, time= 34.6s | Train: skip eval | Valid: time=  2.4s loss=1.796, TAw acc= 89.8% | lr=9.9e-03
| Epoch   7, time= 32.2s | Train: skip eval | Valid: time=  2.5s loss=1.866, TAw acc= 88.2% | lr=9.9e-03
| Epoch   8, time= 30.9s | Train: skip eval | Valid: time=  2.1s loss=1.776, TAw acc= 90.0% | lr=9.8e-03
| Epoch   9, time= 32.5s | Train: skip eval | Valid: time=  2.3s loss=1.746, TAw acc= 91.5% | * lr=9.8e-03
| Epoch  10, time= 35.6s | Train: skip eval | Valid: time=  2.6s loss=1.812, TAw acc= 89.0% | lr=9.7e-03
| Epoch  11, time= 30.4s | Train: skip eval | Valid: time=  2.0s loss=1.877, TAw acc= 88.2% | lr=9.6e-03
| Epoch  12, time= 34.7s | Train: skip eval | Valid: time=  2.3s loss=1.751, TAw acc= 90.5% | lr=9.6e-03
| Epoch  13, time= 35.3s | Train: skip eval | Valid: time=  2.1s loss=1.708, TAw acc= 90.8% | * lr=9.5e-03
| Epoch  14, time= 31.4s | Train: skip eval | Valid: time=  2.1s loss=1.725, TAw acc= 90.0% | lr=9.4e-03
| Epoch  15, time= 33.0s | Train: skip eval | Valid: time=  2.2s loss=1.712, TAw acc= 90.0% | lr=9.3e-03
| Epoch  16, time= 29.5s | Train: skip eval | Valid: time=  2.2s loss=1.722, TAw acc= 90.5% | lr=9.2e-03
| Epoch  17, time= 30.0s | Train: skip eval | Valid: time=  2.1s loss=1.753, TAw acc= 89.2% | lr=9.2e-03
| Epoch  18, time= 29.8s | Train: skip eval | Valid: time=  2.1s loss=1.828, TAw acc= 89.2% | lr=9.1e-03
| Epoch  19, time= 33.1s | Train: skip eval | Valid: time=  2.1s loss=1.792, TAw acc= 90.0% | lr=9.0e-03
| Epoch  20, time= 31.8s | Train: skip eval | Valid: time=  2.1s loss=1.755, TAw acc= 90.2% | lr=8.8e-03
| Epoch  21, time= 32.0s | Train: skip eval | Valid: time=  2.6s loss=1.788, TAw acc= 91.0% | lr=8.7e-03
| Epoch  22, time= 32.0s | Train: skip eval | Valid: time=  2.1s loss=1.742, TAw acc= 91.5% | lr=8.6e-03
| Epoch  23, time= 30.9s | Train: skip eval | Valid: time=  2.2s loss=1.747, TAw acc= 91.0% | lr=8.5e-03
| Epoch  24, time= 29.3s | Train: skip eval | Valid: time=  2.0s loss=1.744, TAw acc= 90.2% | lr=8.4e-03
| Epoch  25, time= 33.4s | Train: skip eval | Valid: time=  2.0s loss=1.745, TAw acc= 90.8% | lr=8.2e-03
| Epoch  26, time= 29.5s | Train: skip eval | Valid: time=  2.0s loss=1.740, TAw acc= 90.8% | lr=8.1e-03
| Epoch  27, time= 35.0s | Train: skip eval | Valid: time=  2.6s loss=1.716, TAw acc= 91.0% | lr=8.0e-03
| Epoch  28, time= 30.9s | Train: skip eval | Valid: time=  2.2s loss=1.781, TAw acc= 90.2% | lr=7.8e-03
| Epoch  29, time= 30.6s | Train: skip eval | Valid: time=  2.1s loss=1.742, TAw acc= 90.8% | lr=7.7e-03
| Epoch  30, time= 27.9s | Train: skip eval | Valid: time=  2.1s loss=1.750, TAw acc= 91.2% | lr=7.5e-03
| Epoch  31, time= 31.4s | Train: skip eval | Valid: time=  2.1s loss=1.738, TAw acc= 91.5% | lr=7.4e-03
| Epoch  32, time= 32.9s | Train: skip eval | Valid: time=  2.0s loss=1.745, TAw acc= 91.5% | lr=7.2e-03
| Epoch  33, time= 31.9s | Train: skip eval | Valid: time=  2.1s loss=1.730, TAw acc= 91.8% | lr=7.1e-03
| Epoch  34, time= 30.2s | Train: skip eval | Valid: time=  2.0s loss=1.742, TAw acc= 90.2% | lr=6.9e-03
| Epoch  35, time= 31.0s | Train: skip eval | Valid: time=  2.1s loss=1.717, TAw acc= 91.8% | lr=6.7e-03
| Epoch  36, time= 29.2s | Train: skip eval | Valid: time=  2.3s loss=1.718, TAw acc= 92.2% | lr=6.6e-03
| Epoch  37, time= 30.5s | Train: skip eval | Valid: time=  2.2s loss=1.731, TAw acc= 91.0% | lr=6.4e-03
| Epoch  38, time= 30.3s | Train: skip eval | Valid: time=  2.1s loss=1.716, TAw acc= 91.5% | lr=6.2e-03
| Epoch  39, time= 29.5s | Train: skip eval | Valid: time=  2.2s loss=1.685, TAw acc= 92.0% | * lr=6.1e-03
| Epoch  40, time= 34.7s | Train: skip eval | Valid: time=  2.6s loss=1.694, TAw acc= 92.0% | lr=5.9e-03
| Epoch  41, time= 30.8s | Train: skip eval | Valid: time=  2.4s loss=1.709, TAw acc= 91.0% | lr=5.7e-03
| Epoch  42, time= 29.2s | Train: skip eval | Valid: time=  2.1s loss=1.706, TAw acc= 91.2% | lr=5.6e-03
| Epoch  43, time= 31.1s | Train: skip eval | Valid: time=  2.3s loss=1.687, TAw acc= 92.8% | lr=5.4e-03
| Epoch  44, time= 30.1s | Train: skip eval | Valid: time=  2.0s loss=1.691, TAw acc= 91.8% | lr=5.2e-03
| Epoch  45, time= 28.8s | Train: skip eval | Valid: time=  2.1s loss=1.697, TAw acc= 91.5% | lr=5.1e-03
| Epoch  46, time= 28.9s | Train: skip eval | Valid: time=  2.6s loss=1.713, TAw acc= 92.2% | lr=4.9e-03
| Epoch  47, time= 33.7s | Train: skip eval | Valid: time=  2.2s loss=1.715, TAw acc= 92.0% | lr=4.7e-03
| Epoch  48, time= 35.2s | Train: skip eval | Valid: time=  2.2s loss=1.707, TAw acc= 91.5% | lr=4.5e-03
| Epoch  49, time= 29.6s | Train: skip eval | Valid: time=  2.0s loss=1.740, TAw acc= 91.2% | lr=4.4e-03
| Epoch  50, time= 28.9s | Train: skip eval | Valid: time=  2.1s loss=1.705, TAw acc= 91.2% | lr=4.2e-03
| Epoch  51, time= 30.7s | Train: skip eval | Valid: time=  2.4s loss=1.681, TAw acc= 92.0% | * lr=4.0e-03
| Epoch  52, time= 36.5s | Train: skip eval | Valid: time=  2.1s loss=1.711, TAw acc= 91.5% | lr=3.9e-03
| Epoch  53, time= 35.9s | Train: skip eval | Valid: time=  2.0s loss=1.696, TAw acc= 90.2% | lr=3.7e-03
| Epoch  54, time= 31.6s | Train: skip eval | Valid: time=  2.1s loss=1.695, TAw acc= 92.2% | lr=3.5e-03
| Epoch  55, time= 31.3s | Train: skip eval | Valid: time=  2.2s loss=1.711, TAw acc= 91.5% | lr=3.4e-03
| Epoch  56, time= 33.1s | Train: skip eval | Valid: time=  2.1s loss=1.702, TAw acc= 92.2% | lr=3.2e-03
| Epoch  57, time= 33.6s | Train: skip eval | Valid: time=  2.6s loss=1.678, TAw acc= 92.5% | * lr=3.0e-03
| Epoch  58, time= 27.7s | Train: skip eval | Valid: time=  2.6s loss=1.682, TAw acc= 92.2% | lr=2.9e-03
| Epoch  59, time= 32.9s | Train: skip eval | Valid: time=  2.0s loss=1.682, TAw acc= 92.5% | lr=2.7e-03
| Epoch  60, time= 34.2s | Train: skip eval | Valid: time=  2.4s loss=1.693, TAw acc= 92.2% | lr=2.6e-03
| Epoch  61, time= 30.1s | Train: skip eval | Valid: time=  2.3s loss=1.684, TAw acc= 92.5% | lr=2.4e-03
| Epoch  62, time= 33.9s | Train: skip eval | Valid: time=  2.1s loss=1.671, TAw acc= 92.5% | * lr=2.3e-03
| Epoch  63, time= 29.7s | Train: skip eval | Valid: time=  2.1s loss=1.695, TAw acc= 92.0% | lr=2.1e-03
| Epoch  64, time= 30.1s | Train: skip eval | Valid: time=  2.2s loss=1.686, TAw acc= 91.8% | lr=2.0e-03
| Epoch  65, time= 28.1s | Train: skip eval | Valid: time=  2.3s loss=1.683, TAw acc= 92.5% | lr=1.9e-03
| Epoch  66, time= 28.8s | Train: skip eval | Valid: time=  2.0s loss=1.690, TAw acc= 92.0% | lr=1.7e-03
| Epoch  67, time= 30.3s | Train: skip eval | Valid: time=  2.0s loss=1.687, TAw acc= 91.5% | lr=1.6e-03
| Epoch  68, time= 31.4s | Train: skip eval | Valid: time=  2.1s loss=1.676, TAw acc= 92.2% | lr=1.5e-03
| Epoch  69, time= 29.5s | Train: skip eval | Valid: time=  2.1s loss=1.687, TAw acc= 92.2% | lr=1.4e-03
| Epoch  70, time= 29.9s | Train: skip eval | Valid: time=  2.0s loss=1.681, TAw acc= 92.0% | lr=1.3e-03
| Epoch  71, time= 27.7s | Train: skip eval | Valid: time=  2.0s loss=1.689, TAw acc= 92.2% | lr=1.1e-03
| Epoch  72, time= 29.5s | Train: skip eval | Valid: time=  2.2s loss=1.687, TAw acc= 92.0% | lr=1.0e-03
| Epoch  73, time= 33.0s | Train: skip eval | Valid: time=  2.1s loss=1.685, TAw acc= 92.0% | lr=9.5e-04
| Epoch  74, time= 28.8s | Train: skip eval | Valid: time=  2.3s loss=1.681, TAw acc= 91.8% | lr=8.5e-04
| Epoch  75, time= 31.4s | Train: skip eval | Valid: time=  2.0s loss=1.682, TAw acc= 91.8% | lr=7.6e-04
| Epoch  76, time= 30.8s | Train: skip eval | Valid: time=  2.1s loss=1.680, TAw acc= 92.0% | lr=6.8e-04
| Epoch  77, time= 35.6s | Train: skip eval | Valid: time=  2.1s loss=1.685, TAw acc= 92.2% | lr=6.0e-04
| Epoch  78, time= 29.0s | Train: skip eval | Valid: time=  2.1s loss=1.687, TAw acc= 92.0% | lr=5.3e-04
| Epoch  79, time= 35.6s | Train: skip eval | Valid: time=  2.0s loss=1.685, TAw acc= 92.0% | lr=4.6e-04
| Epoch  80, time= 31.7s | Train: skip eval | Valid: time=  2.3s loss=1.682, TAw acc= 92.0% | lr=4.0e-04
| Epoch  81, time= 28.6s | Train: skip eval | Valid: time=  2.1s loss=1.684, TAw acc= 92.2% | lr=3.4e-04
| Epoch  82, time= 29.9s | Train: skip eval | Valid: time=  2.4s loss=1.684, TAw acc= 92.5% | lr=2.9e-04
| Epoch  83, time= 33.9s | Train: skip eval | Valid: time=  2.4s loss=1.683, TAw acc= 92.2% | lr=2.5e-04
| Epoch  84, time= 39.1s | Train: skip eval | Valid: time=  4.7s loss=1.685, TAw acc= 92.2% | lr=2.1e-04
| Epoch  85, time= 32.4s | Train: skip eval | Valid: time=  2.6s loss=1.684, TAw acc= 92.0% | lr=1.8e-04
| Epoch  86, time= 34.7s | Train: skip eval | Valid: time=  2.0s loss=1.682, TAw acc= 92.0% | lr=1.5e-04
| Epoch  87, time= 33.0s | Train: skip eval | Valid: time=  2.1s loss=1.684, TAw acc= 91.8% | lr=1.3e-04
| Epoch  88, time= 31.3s | Train: skip eval | Valid: time=  2.1s loss=1.684, TAw acc= 91.8% | lr=1.1e-04
| Epoch  89, time= 29.3s | Train: skip eval | Valid: time=  2.0s loss=1.684, TAw acc= 92.0% | lr=1.0e-04
| Epoch  90, time= 28.6s | Train: skip eval | Valid: time=  2.0s loss=1.684, TAw acc= 91.8% | lr=1.0e-04
[params] total:42,676,890  trainable:42,676,890  tensors:322  trainable_tensors:322
| Epoch   1, time= 32.5s | Train: skip eval | Valid: time=  2.3s loss=1.856, TAw acc= 92.5% | * lr=1.0e-04
| Epoch   2, time= 28.0s | Train: skip eval | Valid: time=  2.1s loss=1.856, TAw acc= 92.8% | * lr=1.0e-04
| Epoch   3, time= 28.8s | Train: skip eval | Valid: time=  2.1s loss=1.856, TAw acc= 92.5% | * lr=1.0e-04
| Epoch   4, time= 30.3s | Train: skip eval | Valid: time=  2.0s loss=1.856, TAw acc= 92.5% | lr=1.0e-04
| Epoch   5, time= 28.9s | Train: skip eval | Valid: time=  2.7s loss=1.856, TAw acc= 92.5% | lr=1.0e-04
| Epoch   6, time= 28.9s | Train: skip eval | Valid: time=  2.0s loss=1.856, TAw acc= 92.5% | lr=1.0e-04
| Epoch   7, time= 31.1s | Train: skip eval | Valid: time=  2.1s loss=1.856, TAw acc= 92.8% | lr=1.0e-04
| Epoch   8, time= 31.8s | Train: skip eval | Valid: time=  2.1s loss=1.856, TAw acc= 92.5% | lr=1.0e-04
| Epoch   9, time= 34.1s | Train: skip eval | Valid: time=  2.0s loss=1.857, TAw acc= 92.5% | lr=1.0e-04
| Epoch  10, time= 31.2s | Train: skip eval | Valid: time=  2.6s loss=1.858, TAw acc= 92.5% | lr=1.0e-04
| Epoch  11, time= 36.1s | Train: skip eval | Valid: time=  2.4s loss=1.858, TAw acc= 92.8% | lr=1.0e-04
| Epoch  12, time= 29.2s | Train: skip eval | Valid: time=  2.1s loss=1.859, TAw acc= 92.8% | lr=1.0e-04
| Epoch  13, time= 29.3s | Train: skip eval | Valid: time=  2.1s loss=1.859, TAw acc= 92.8% | lr=1.0e-04
| Epoch  14, time= 29.9s | Train: skip eval | Valid: time=  2.0s loss=1.859, TAw acc= 92.5% | lr=1.0e-04
| Epoch  15, time= 31.3s | Train: skip eval | Valid: time=  2.1s loss=1.859, TAw acc= 92.5% | lr=1.0e-04
| Epoch  16, time= 30.3s | Train: skip eval | Valid: time=  2.1s loss=1.859, TAw acc= 92.5% | lr=1.0e-04
| Epoch  17, time= 30.8s | Train: skip eval | Valid: time=  2.2s loss=1.859, TAw acc= 92.5% | lr=1.0e-04
| Epoch  18, time= 28.1s | Train: skip eval | Valid: time=  2.1s loss=1.859, TAw acc= 92.5% | lr=1.0e-04
| Epoch  19, time= 30.3s | Train: skip eval | Valid: time=  2.4s loss=1.859, TAw acc= 92.5% | lr=1.0e-04
| Epoch  20, time= 30.7s | Train: skip eval | Valid: time=  2.0s loss=1.858, TAw acc= 92.5% | lr=1.0e-04
| Epoch  21, time= 32.1s | Train: skip eval | Valid: time=  2.0s loss=1.858, TAw acc= 92.5% | lr=1.0e-04
| Epoch  22, time= 29.4s | Train: skip eval | Valid: time=  2.1s loss=1.858, TAw acc= 92.5% | lr=1.0e-04
| Epoch  23, time= 29.5s | Train: skip eval | Valid: time=  2.6s loss=1.859, TAw acc= 92.5% | lr=1.0e-04
| Epoch  24, time= 30.0s | Train: skip eval | Valid: time=  2.1s loss=1.857, TAw acc= 92.5% | lr=1.0e-04
| Epoch  25, time= 29.5s | Train: skip eval | Valid: time=  2.2s loss=1.858, TAw acc= 92.5% | lr=1.0e-04
| Epoch  26, time= 33.5s | Train: skip eval | Valid: time=  2.0s loss=1.858, TAw acc= 92.5% | lr=1.0e-04
| Epoch  27, time= 29.3s | Train: skip eval | Valid: time=  2.1s loss=1.858, TAw acc= 92.5% | lr=1.0e-04
| Epoch  28, time= 30.0s | Train: skip eval | Valid: time=  2.6s loss=1.858, TAw acc= 92.5% | lr=1.0e-04
| Epoch  29, time= 33.0s | Train: skip eval | Valid: time=  2.1s loss=1.858, TAw acc= 92.5% | lr=1.0e-04
| Epoch  30, time= 31.9s | Train: skip eval | Valid: time=  2.1s loss=1.858, TAw acc= 92.5% | lr=1.0e-04
| Epoch  31, time= 33.7s | Train: skip eval | Valid: time=  2.1s loss=1.858, TAw acc= 92.5% | lr=1.0e-04
| Epoch  32, time= 29.2s | Train: skip eval | Valid: time=  2.1s loss=1.858, TAw acc= 92.5% | lr=1.0e-04
| Epoch  33, time= 31.7s | Train: skip eval | Valid: time=  2.1s loss=1.858, TAw acc= 92.5% | lr=1.0e-04
| Epoch  34, time= 31.4s | Train: skip eval | Valid: time=  2.6s loss=1.858, TAw acc= 92.5% | lr=1.0e-04
| Epoch  35, time= 29.2s | Train: skip eval | Valid: time=  2.1s loss=1.857, TAw acc= 92.5% | lr=1.0e-04
| Epoch  36, time= 29.5s | Train: skip eval | Valid: time=  2.6s loss=1.857, TAw acc= 92.5% | lr=1.0e-04
| Epoch  37, time= 30.2s | Train: skip eval | Valid: time=  2.0s loss=1.857, TAw acc= 92.5% | lr=1.0e-04
| Epoch  38, time= 30.8s | Train: skip eval | Valid: time=  2.1s loss=1.856, TAw acc= 92.5% | lr=1.0e-04
| Epoch  39, time= 29.7s | Train: skip eval | Valid: time=  2.6s loss=1.856, TAw acc= 92.5% | lr=1.0e-04
| Epoch  40, time= 29.4s | Train: skip eval | Valid: time=  2.5s loss=1.858, TAw acc= 92.5% | lr=1.0e-04
| Selected 4050 train exemplars, time=  4.1s
------------------------------------------------------------------------------------------------------------
>>> Test on task  0 : loss=1.940 | TAw acc= 95.2%, forg=  0.4% | TAg acc= 65.9%, forg= 28.5% <<<
>>> Test on task  1 : loss=2.803 | TAw acc= 91.5%, forg=  1.2% | TAg acc= 53.6%, forg= 34.0% <<<
>>> Test on task  2 : loss=1.909 | TAw acc= 94.1%, forg=  1.3% | TAg acc= 70.2%, forg= 22.1% <<<
>>> Test on task  3 : loss=2.828 | TAw acc= 88.8%, forg=  1.8% | TAg acc= 56.1%, forg= 31.3% <<<
>>> Test on task  4 : loss=3.241 | TAw acc= 90.2%, forg=  1.2% | TAg acc= 56.1%, forg= 32.2% <<<
>>> Test on task  5 : loss=2.791 | TAw acc= 89.2%, forg=  1.2% | TAg acc= 65.2%, forg= 21.6% <<<
>>> Test on task  6 : loss=2.190 | TAw acc= 92.7%, forg=  1.5% | TAg acc= 77.8%, forg= 14.6% <<<
>>> Test on task  7 : loss=2.659 | TAw acc= 92.1%, forg=  0.5% | TAg acc= 71.9%, forg= 18.2% <<<
>>> Test on task  8 : loss=1.828 | TAw acc= 92.2%, forg=  0.0% | TAg acc= 91.3%, forg=  0.0% <<<
Save at ./results/./results/resnetv2_101x1_bit.goog_in21k/inat200/eeil/10
************************************************************************************************************
TAw Acc
	 94.4%   0.0%   0.0%   0.0%   0.0%   0.0%   0.0%   0.0%   0.0%   0.0%   0.0%   0.0%   0.0%   0.0%   0.0%   0.0%   0.0%   0.0%   0.0%   0.0% 	Avg.: 94.4% 
	 94.0%  92.2%   0.0%   0.0%   0.0%   0.0%   0.0%   0.0%   0.0%   0.0%   0.0%   0.0%   0.0%   0.0%   0.0%   0.0%   0.0%   0.0%   0.0%   0.0% 	Avg.: 93.1% 
	 95.6%  92.7%  95.4%   0.0%   0.0%   0.0%   0.0%   0.0%   0.0%   0.0%   0.0%   0.0%   0.0%   0.0%   0.0%   0.0%   0.0%   0.0%   0.0%   0.0% 	Avg.: 94.6% 
	 94.9%  92.6%  95.2%  90.6%   0.0%   0.0%   0.0%   0.0%   0.0%   0.0%   0.0%   0.0%   0.0%   0.0%   0.0%   0.0%   0.0%   0.0%   0.0%   0.0% 	Avg.: 93.3% 
	 95.1%  92.5%  95.3%  89.2%  91.4%   0.0%   0.0%   0.0%   0.0%   0.0%   0.0%   0.0%   0.0%   0.0%   0.0%   0.0%   0.0%   0.0%   0.0%   0.0% 	Avg.: 92.7% 
	 95.1%  91.6%  94.8%  89.7%  91.2%  90.4%   0.0%   0.0%   0.0%   0.0%   0.0%   0.0%   0.0%   0.0%   0.0%   0.0%   0.0%   0.0%   0.0%   0.0% 	Avg.: 92.1% 
	 95.4%  91.6%  94.4%  88.9%  91.0%  90.2%  94.2%   0.0%   0.0%   0.0%   0.0%   0.0%   0.0%   0.0%   0.0%   0.0%   0.0%   0.0%   0.0%   0.0% 	Avg.: 92.2% 
	 94.7%  91.5%  94.4%  89.4%  90.5%  89.6%  93.3%  92.6%   0.0%   0.0%   0.0%   0.0%   0.0%   0.0%   0.0%   0.0%   0.0%   0.0%   0.0%   0.0% 	Avg.: 92.0% 
	 95.2%  91.5%  94.1%  88.8%  90.2%  89.2%  92.7%  92.1%  92.2%   0.0%   0.0%   0.0%   0.0%   0.0%   0.0%   0.0%   0.0%   0.0%   0.0%   0.0% 	Avg.: 91.8% 
	  0.0%   0.0%   0.0%   0.0%   0.0%   0.0%   0.0%   0.0%   0.0%   0.0%   0.0%   0.0%   0.0%   0.0%   0.0%   0.0%   0.0%   0.0%   0.0%   0.0% 	Avg.:  0.0% 
	  0.0%   0.0%   0.0%   0.0%   0.0%   0.0%   0.0%   0.0%   0.0%   0.0%   0.0%   0.0%   0.0%   0.0%   0.0%   0.0%   0.0%   0.0%   0.0%   0.0% 	Avg.:  0.0% 
	  0.0%   0.0%   0.0%   0.0%   0.0%   0.0%   0.0%   0.0%   0.0%   0.0%   0.0%   0.0%   0.0%   0.0%   0.0%   0.0%   0.0%   0.0%   0.0%   0.0% 	Avg.:  0.0% 
	  0.0%   0.0%   0.0%   0.0%   0.0%   0.0%   0.0%   0.0%   0.0%   0.0%   0.0%   0.0%   0.0%   0.0%   0.0%   0.0%   0.0%   0.0%   0.0%   0.0% 	Avg.:  0.0% 
	  0.0%   0.0%   0.0%   0.0%   0.0%   0.0%   0.0%   0.0%   0.0%   0.0%   0.0%   0.0%   0.0%   0.0%   0.0%   0.0%   0.0%   0.0%   0.0%   0.0% 	Avg.:  0.0% 
	  0.0%   0.0%   0.0%   0.0%   0.0%   0.0%   0.0%   0.0%   0.0%   0.0%   0.0%   0.0%   0.0%   0.0%   0.0%   0.0%   0.0%   0.0%   0.0%   0.0% 	Avg.:  0.0% 
	  0.0%   0.0%   0.0%   0.0%   0.0%   0.0%   0.0%   0.0%   0.0%   0.0%   0.0%   0.0%   0.0%   0.0%   0.0%   0.0%   0.0%   0.0%   0.0%   0.0% 	Avg.:  0.0% 
	  0.0%   0.0%   0.0%   0.0%   0.0%   0.0%   0.0%   0.0%   0.0%   0.0%   0.0%   0.0%   0.0%   0.0%   0.0%   0.0%   0.0%   0.0%   0.0%   0.0% 	Avg.:  0.0% 
	  0.0%   0.0%   0.0%   0.0%   0.0%   0.0%   0.0%   0.0%   0.0%   0.0%   0.0%   0.0%   0.0%   0.0%   0.0%   0.0%   0.0%   0.0%   0.0%   0.0% 	Avg.:  0.0% 
	  0.0%   0.0%   0.0%   0.0%   0.0%   0.0%   0.0%   0.0%   0.0%   0.0%   0.0%   0.0%   0.0%   0.0%   0.0%   0.0%   0.0%   0.0%   0.0%   0.0% 	Avg.:  0.0% 
	  0.0%   0.0%   0.0%   0.0%   0.0%   0.0%   0.0%   0.0%   0.0%   0.0%   0.0%   0.0%   0.0%   0.0%   0.0%   0.0%   0.0%   0.0%   0.0%   0.0% 	Avg.:  0.0% 
************************************************************************************************************
TAg Acc
	 94.4%   0.0%   0.0%   0.0%   0.0%   0.0%   0.0%   0.0%   0.0%   0.0%   0.0%   0.0%   0.0%   0.0%   0.0%   0.0%   0.0%   0.0%   0.0%   0.0% 	Avg.: 94.4% 
	 88.8%  87.6%   0.0%   0.0%   0.0%   0.0%   0.0%   0.0%   0.0%   0.0%   0.0%   0.0%   0.0%   0.0%   0.0%   0.0%   0.0%   0.0%   0.0%   0.0% 	Avg.: 88.2% 
	 83.7%  84.2%  92.3%   0.0%   0.0%   0.0%   0.0%   0.0%   0.0%   0.0%   0.0%   0.0%   0.0%   0.0%   0.0%   0.0%   0.0%   0.0%   0.0%   0.0% 	Avg.: 86.7% 
	 79.4%  75.6%  85.6%  87.4%   0.0%   0.0%   0.0%   0.0%   0.0%   0.0%   0.0%   0.0%   0.0%   0.0%   0.0%   0.0%   0.0%   0.0%   0.0%   0.0% 	Avg.: 82.0% 
	 77.7%  76.3%  81.3%  74.2%  88.3%   0.0%   0.0%   0.0%   0.0%   0.0%   0.0%   0.0%   0.0%   0.0%   0.0%   0.0%   0.0%   0.0%   0.0%   0.0% 	Avg.: 79.6% 
	 69.6%  72.7%  77.8%  65.3%  73.9%  86.8%   0.0%   0.0%   0.0%   0.0%   0.0%   0.0%   0.0%   0.0%   0.0%   0.0%   0.0%   0.0%   0.0%   0.0% 	Avg.: 74.3% 
	 64.8%  63.5%  75.6%  61.6%  71.2%  74.9%  92.4%   0.0%   0.0%   0.0%   0.0%   0.0%   0.0%   0.0%   0.0%   0.0%   0.0%   0.0%   0.0%   0.0% 	Avg.: 72.0% 
	 63.9%  63.2%  70.7%  57.7%  59.9%  69.0%  78.2%  90.1%   0.0%   0.0%   0.0%   0.0%   0.0%   0.0%   0.0%   0.0%   0.0%   0.0%   0.0%   0.0% 	Avg.: 69.1% 
	 65.9%  53.6%  70.2%  56.1%  56.1%  65.2%  77.8%  71.9%  91.3%   0.0%   0.0%   0.0%   0.0%   0.0%   0.0%   0.0%   0.0%   0.0%   0.0%   0.0% 	Avg.: 67.6% 
	  0.0%   0.0%   0.0%   0.0%   0.0%   0.0%   0.0%   0.0%   0.0%   0.0%   0.0%   0.0%   0.0%   0.0%   0.0%   0.0%   0.0%   0.0%   0.0%   0.0% 	Avg.:  0.0% 
	  0.0%   0.0%   0.0%   0.0%   0.0%   0.0%   0.0%   0.0%   0.0%   0.0%   0.0%   0.0%   0.0%   0.0%   0.0%   0.0%   0.0%   0.0%   0.0%   0.0% 	Avg.:  0.0% 
	  0.0%   0.0%   0.0%   0.0%   0.0%   0.0%   0.0%   0.0%   0.0%   0.0%   0.0%   0.0%   0.0%   0.0%   0.0%   0.0%   0.0%   0.0%   0.0%   0.0% 	Avg.:  0.0% 
	  0.0%   0.0%   0.0%   0.0%   0.0%   0.0%   0.0%   0.0%   0.0%   0.0%   0.0%   0.0%   0.0%   0.0%   0.0%   0.0%   0.0%   0.0%   0.0%   0.0% 	Avg.:  0.0% 
	  0.0%   0.0%   0.0%   0.0%   0.0%   0.0%   0.0%   0.0%   0.0%   0.0%   0.0%   0.0%   0.0%   0.0%   0.0%   0.0%   0.0%   0.0%   0.0%   0.0% 	Avg.:  0.0% 
	  0.0%   0.0%   0.0%   0.0%   0.0%   0.0%   0.0%   0.0%   0.0%   0.0%   0.0%   0.0%   0.0%   0.0%   0.0%   0.0%   0.0%   0.0%   0.0%   0.0% 	Avg.:  0.0% 
	  0.0%   0.0%   0.0%   0.0%   0.0%   0.0%   0.0%   0.0%   0.0%   0.0%   0.0%   0.0%   0.0%   0.0%   0.0%   0.0%   0.0%   0.0%   0.0%   0.0% 	Avg.:  0.0% 
	  0.0%   0.0%   0.0%   0.0%   0.0%   0.0%   0.0%   0.0%   0.0%   0.0%   0.0%   0.0%   0.0%   0.0%   0.0%   0.0%   0.0%   0.0%   0.0%   0.0% 	Avg.:  0.0% 
	  0.0%   0.0%   0.0%   0.0%   0.0%   0.0%   0.0%   0.0%   0.0%   0.0%   0.0%   0.0%   0.0%   0.0%   0.0%   0.0%   0.0%   0.0%   0.0%   0.0% 	Avg.:  0.0% 
	  0.0%   0.0%   0.0%   0.0%   0.0%   0.0%   0.0%   0.0%   0.0%   0.0%   0.0%   0.0%   0.0%   0.0%   0.0%   0.0%   0.0%   0.0%   0.0%   0.0% 	Avg.:  0.0% 
	  0.0%   0.0%   0.0%   0.0%   0.0%   0.0%   0.0%   0.0%   0.0%   0.0%   0.0%   0.0%   0.0%   0.0%   0.0%   0.0%   0.0%   0.0%   0.0%   0.0% 	Avg.:  0.0% 
************************************************************************************************************
TAw Forg
	  0.0%   0.0%   0.0%   0.0%   0.0%   0.0%   0.0%   0.0%   0.0%   0.0%   0.0%   0.0%   0.0%   0.0%   0.0%   0.0%   0.0%   0.0%   0.0%   0.0% 
	  0.4%   0.0%   0.0%   0.0%   0.0%   0.0%   0.0%   0.0%   0.0%   0.0%   0.0%   0.0%   0.0%   0.0%   0.0%   0.0%   0.0%   0.0%   0.0%   0.0% 	Avg.:  0.4% 
	 -1.2%  -0.5%   0.0%   0.0%   0.0%   0.0%   0.0%   0.0%   0.0%   0.0%   0.0%   0.0%   0.0%   0.0%   0.0%   0.0%   0.0%   0.0%   0.0%   0.0% 	Avg.: -0.9% 
	  0.7%   0.1%   0.2%   0.0%   0.0%   0.0%   0.0%   0.0%   0.0%   0.0%   0.0%   0.0%   0.0%   0.0%   0.0%   0.0%   0.0%   0.0%   0.0%   0.0% 	Avg.:  0.3% 
	  0.5%   0.2%   0.1%   1.4%   0.0%   0.0%   0.0%   0.0%   0.0%   0.0%   0.0%   0.0%   0.0%   0.0%   0.0%   0.0%   0.0%   0.0%   0.0%   0.0% 	Avg.:  0.6% 
	  0.5%   1.1%   0.6%   0.9%   0.2%   0.0%   0.0%   0.0%   0.0%   0.0%   0.0%   0.0%   0.0%   0.0%   0.0%   0.0%   0.0%   0.0%   0.0%   0.0% 	Avg.:  0.7% 
	  0.2%   1.1%   1.0%   1.7%   0.4%   0.2%   0.0%   0.0%   0.0%   0.0%   0.0%   0.0%   0.0%   0.0%   0.0%   0.0%   0.0%   0.0%   0.0%   0.0% 	Avg.:  0.8% 
	  0.9%   1.2%   1.0%   1.2%   0.9%   0.8%   0.9%   0.0%   0.0%   0.0%   0.0%   0.0%   0.0%   0.0%   0.0%   0.0%   0.0%   0.0%   0.0%   0.0% 	Avg.:  1.0% 
	  0.4%   1.2%   1.3%   1.8%   1.2%   1.2%   1.5%   0.5%   0.0%   0.0%   0.0%   0.0%   0.0%   0.0%   0.0%   0.0%   0.0%   0.0%   0.0%   0.0% 	Avg.:  1.1% 
	  0.0%   0.0%   0.0%   0.0%   0.0%   0.0%   0.0%   0.0%   0.0%   0.0%   0.0%   0.0%   0.0%   0.0%   0.0%   0.0%   0.0%   0.0%   0.0%   0.0% 	Avg.:  0.0% 
	  0.0%   0.0%   0.0%   0.0%   0.0%   0.0%   0.0%   0.0%   0.0%   0.0%   0.0%   0.0%   0.0%   0.0%   0.0%   0.0%   0.0%   0.0%   0.0%   0.0% 	Avg.:  0.0% 
	  0.0%   0.0%   0.0%   0.0%   0.0%   0.0%   0.0%   0.0%   0.0%   0.0%   0.0%   0.0%   0.0%   0.0%   0.0%   0.0%   0.0%   0.0%   0.0%   0.0% 	Avg.:  0.0% 
	  0.0%   0.0%   0.0%   0.0%   0.0%   0.0%   0.0%   0.0%   0.0%   0.0%   0.0%   0.0%   0.0%   0.0%   0.0%   0.0%   0.0%   0.0%   0.0%   0.0% 	Avg.:  0.0% 
	  0.0%   0.0%   0.0%   0.0%   0.0%   0.0%   0.0%   0.0%   0.0%   0.0%   0.0%   0.0%   0.0%   0.0%   0.0%   0.0%   0.0%   0.0%   0.0%   0.0% 	Avg.:  0.0% 
	  0.0%   0.0%   0.0%   0.0%   0.0%   0.0%   0.0%   0.0%   0.0%   0.0%   0.0%   0.0%   0.0%   0.0%   0.0%   0.0%   0.0%   0.0%   0.0%   0.0% 	Avg.:  0.0% 
	  0.0%   0.0%   0.0%   0.0%   0.0%   0.0%   0.0%   0.0%   0.0%   0.0%   0.0%   0.0%   0.0%   0.0%   0.0%   0.0%   0.0%   0.0%   0.0%   0.0% 	Avg.:  0.0% 
	  0.0%   0.0%   0.0%   0.0%   0.0%   0.0%   0.0%   0.0%   0.0%   0.0%   0.0%   0.0%   0.0%   0.0%   0.0%   0.0%   0.0%   0.0%   0.0%   0.0% 	Avg.:  0.0% 
	  0.0%   0.0%   0.0%   0.0%   0.0%   0.0%   0.0%   0.0%   0.0%   0.0%   0.0%   0.0%   0.0%   0.0%   0.0%   0.0%   0.0%   0.0%   0.0%   0.0% 	Avg.:  0.0% 
	  0.0%   0.0%   0.0%   0.0%   0.0%   0.0%   0.0%   0.0%   0.0%   0.0%   0.0%   0.0%   0.0%   0.0%   0.0%   0.0%   0.0%   0.0%   0.0%   0.0% 	Avg.:  0.0% 
	  0.0%   0.0%   0.0%   0.0%   0.0%   0.0%   0.0%   0.0%   0.0%   0.0%   0.0%   0.0%   0.0%   0.0%   0.0%   0.0%   0.0%   0.0%   0.0%   0.0% 	Avg.:  0.0% 
************************************************************************************************************
TAg Forg
	  0.0%   0.0%   0.0%   0.0%   0.0%   0.0%   0.0%   0.0%   0.0%   0.0%   0.0%   0.0%   0.0%   0.0%   0.0%   0.0%   0.0%   0.0%   0.0%   0.0% 
	  5.6%   0.0%   0.0%   0.0%   0.0%   0.0%   0.0%   0.0%   0.0%   0.0%   0.0%   0.0%   0.0%   0.0%   0.0%   0.0%   0.0%   0.0%   0.0%   0.0% 	Avg.:  5.6% 
	 10.7%   3.4%   0.0%   0.0%   0.0%   0.0%   0.0%   0.0%   0.0%   0.0%   0.0%   0.0%   0.0%   0.0%   0.0%   0.0%   0.0%   0.0%   0.0%   0.0% 	Avg.:  7.1% 
	 15.0%  12.0%   6.7%   0.0%   0.0%   0.0%   0.0%   0.0%   0.0%   0.0%   0.0%   0.0%   0.0%   0.0%   0.0%   0.0%   0.0%   0.0%   0.0%   0.0% 	Avg.: 11.2% 
	 16.7%  11.3%  11.0%  13.2%   0.0%   0.0%   0.0%   0.0%   0.0%   0.0%   0.0%   0.0%   0.0%   0.0%   0.0%   0.0%   0.0%   0.0%   0.0%   0.0% 	Avg.: 13.0% 
	 24.8%  14.9%  14.5%  22.1%  14.4%   0.0%   0.0%   0.0%   0.0%   0.0%   0.0%   0.0%   0.0%   0.0%   0.0%   0.0%   0.0%   0.0%   0.0%   0.0% 	Avg.: 18.1% 
	 29.6%  24.1%  16.7%  25.8%  17.1%  11.9%   0.0%   0.0%   0.0%   0.0%   0.0%   0.0%   0.0%   0.0%   0.0%   0.0%   0.0%   0.0%   0.0%   0.0% 	Avg.: 20.9% 
	 30.5%  24.4%  21.6%  29.7%  28.4%  17.8%  14.2%   0.0%   0.0%   0.0%   0.0%   0.0%   0.0%   0.0%   0.0%   0.0%   0.0%   0.0%   0.0%   0.0% 	Avg.: 23.8% 
	 28.5%  34.0%  22.1%  31.3%  32.2%  21.6%  14.6%  18.2%   0.0%   0.0%   0.0%   0.0%   0.0%   0.0%   0.0%   0.0%   0.0%   0.0%   0.0%   0.0% 	Avg.: 25.3% 
	  0.0%   0.0%   0.0%   0.0%   0.0%   0.0%   0.0%   0.0%   0.0%   0.0%   0.0%   0.0%   0.0%   0.0%   0.0%   0.0%   0.0%   0.0%   0.0%   0.0% 	Avg.:  0.0% 
	  0.0%   0.0%   0.0%   0.0%   0.0%   0.0%   0.0%   0.0%   0.0%   0.0%   0.0%   0.0%   0.0%   0.0%   0.0%   0.0%   0.0%   0.0%   0.0%   0.0% 	Avg.:  0.0% 
	  0.0%   0.0%   0.0%   0.0%   0.0%   0.0%   0.0%   0.0%   0.0%   0.0%   0.0%   0.0%   0.0%   0.0%   0.0%   0.0%   0.0%   0.0%   0.0%   0.0% 	Avg.:  0.0% 
	  0.0%   0.0%   0.0%   0.0%   0.0%   0.0%   0.0%   0.0%   0.0%   0.0%   0.0%   0.0%   0.0%   0.0%   0.0%   0.0%   0.0%   0.0%   0.0%   0.0% 	Avg.:  0.0% 
	  0.0%   0.0%   0.0%   0.0%   0.0%   0.0%   0.0%   0.0%   0.0%   0.0%   0.0%   0.0%   0.0%   0.0%   0.0%   0.0%   0.0%   0.0%   0.0%   0.0% 	Avg.:  0.0% 
	  0.0%   0.0%   0.0%   0.0%   0.0%   0.0%   0.0%   0.0%   0.0%   0.0%   0.0%   0.0%   0.0%   0.0%   0.0%   0.0%   0.0%   0.0%   0.0%   0.0% 	Avg.:  0.0% 
	  0.0%   0.0%   0.0%   0.0%   0.0%   0.0%   0.0%   0.0%   0.0%   0.0%   0.0%   0.0%   0.0%   0.0%   0.0%   0.0%   0.0%   0.0%   0.0%   0.0% 	Avg.:  0.0% 
	  0.0%   0.0%   0.0%   0.0%   0.0%   0.0%   0.0%   0.0%   0.0%   0.0%   0.0%   0.0%   0.0%   0.0%   0.0%   0.0%   0.0%   0.0%   0.0%   0.0% 	Avg.:  0.0% 
	  0.0%   0.0%   0.0%   0.0%   0.0%   0.0%   0.0%   0.0%   0.0%   0.0%   0.0%   0.0%   0.0%   0.0%   0.0%   0.0%   0.0%   0.0%   0.0%   0.0% 	Avg.:  0.0% 
	  0.0%   0.0%   0.0%   0.0%   0.0%   0.0%   0.0%   0.0%   0.0%   0.0%   0.0%   0.0%   0.0%   0.0%   0.0%   0.0%   0.0%   0.0%   0.0%   0.0% 	Avg.:  0.0% 
	  0.0%   0.0%   0.0%   0.0%   0.0%   0.0%   0.0%   0.0%   0.0%   0.0%   0.0%   0.0%   0.0%   0.0%   0.0%   0.0%   0.0%   0.0%   0.0%   0.0% 	Avg.:  0.0% 
************************************************************************************************************
[Elapsed time = 1.2 h]
Done!
