START_TASK=19 STOP_TASK=20
============================================================================================================
Arguments =
	approach: eeil
	batch_size: 64
	classes_first_task: None
	clipping: 10000
	crop: 224
	data_path: ../data/inat200
	dataset: inat200
	eval_on_train: False
	experiment_path: None
	fix_bn: False
	freeze_backbone: False
	gpu: 0
	gpus: [0]
	increment: 10
	last_layer_analysis: True
	log: ['disk']
	lr: 0.01
	lr_factor: None
	lr_min: 0.0001
	lr_patience: None
	lr_scheduler: cosine
	lr_warmup_epochs: 0
	momentum: 0.0
	multi_softmax: False
	nepochs: 90
	network: resnetv2_101x1_bit.goog_in21k
	no_cudnn_deterministic: False
	normalize: in21k
	num_workers: 2
	optimizer_name: sgd
	pin_memory: False
	pretrained: True
	resize: 224
	results_path: ./results
	save_models: True
	seed: 0
	start_at_task: 19
	start_epoch: 0
	stop_at_task: 20
	stop_epoch: 0
	use_valid_only: False
	warmup_lr_factor: 1.0
	warmup_nepochs: 0
	weight_decay: 0.0
============================================================================================================
Approach arguments =
	T: 2
	lamb: 1.0
	lr_finetuning_factor: 0.01
	nepochs_finetuning: 40
	noise_grad: False
============================================================================================================
Exemplars arguments =
	exemplar_selection: random
	num_exemplars: 4000
============================================================================================================
WARNING: ./results/resnetv2_101x1_bit.goog_in21k/inat200/eeil/10 already exists!
Loaded acc_taw from: ./results/resnetv2_101x1_bit.goog_in21k/inat200/eeil/10/acc_taw-18.txt
Loaded acc_tag from: ./results/resnetv2_101x1_bit.goog_in21k/inat200/eeil/10/acc_tag-18.txt
Loaded forg_taw from: ./results/resnetv2_101x1_bit.goog_in21k/inat200/eeil/10/forg_taw-18.txt
Loaded forg_tag from: ./results/resnetv2_101x1_bit.goog_in21k/inat200/eeil/10/forg_tag-18.txt
Loaded 4180 exemplars from ./results/resnetv2_101x1_bit.goog_in21k/inat200/eeil/10/task18_exemplars.pth
************************************************************************************************************
Task 19  [epochs 0-90]
************************************************************************************************************
[params] total:42,902,280  trainable:42,902,280  tensors:344  trainable_tensors:344
| Epoch   1, time= 33.4s | Train: skip eval | Valid: time=  2.1s loss=3.601, TAw acc= 88.8% | * lr=1.0e-02
| Epoch   2, time= 33.9s | Train: skip eval | Valid: time=  2.3s loss=3.575, TAw acc= 91.8% | * lr=1.0e-02
| Epoch   3, time= 31.6s | Train: skip eval | Valid: time=  2.2s loss=3.517, TAw acc= 92.2% | * lr=1.0e-02
| Epoch   4, time= 30.6s | Train: skip eval | Valid: time=  2.0s loss=3.507, TAw acc= 92.0% | * lr=1.0e-02
| Epoch   5, time= 34.2s | Train: skip eval | Valid: time=  2.0s loss=3.529, TAw acc= 90.5% | lr=9.9e-03
| Epoch   6, time= 30.6s | Train: skip eval | Valid: time=  2.0s loss=3.597, TAw acc= 91.8% | lr=9.9e-03
| Epoch   7, time= 32.3s | Train: skip eval | Valid: time=  2.1s loss=3.504, TAw acc= 92.5% | * lr=9.9e-03
| Epoch   8, time= 32.8s | Train: skip eval | Valid: time=  2.0s loss=3.470, TAw acc= 94.2% | * lr=9.8e-03
| Epoch   9, time= 35.5s | Train: skip eval | Valid: time=  2.1s loss=3.497, TAw acc= 92.8% | lr=9.8e-03
| Epoch  10, time= 30.8s | Train: skip eval | Valid: time=  2.3s loss=3.523, TAw acc= 92.5% | lr=9.7e-03
| Epoch  11, time= 32.2s | Train: skip eval | Valid: time=  2.1s loss=3.460, TAw acc= 93.2% | * lr=9.6e-03
| Epoch  12, time= 33.7s | Train: skip eval | Valid: time=  2.3s loss=3.523, TAw acc= 90.8% | lr=9.6e-03
| Epoch  13, time= 34.8s | Train: skip eval | Valid: time=  2.2s loss=3.463, TAw acc= 93.5% | lr=9.5e-03
| Epoch  14, time= 34.4s | Train: skip eval | Valid: time=  2.3s loss=3.479, TAw acc= 93.0% | lr=9.4e-03
| Epoch  15, time= 36.3s | Train: skip eval | Valid: time=  2.2s loss=3.474, TAw acc= 93.8% | lr=9.3e-03
| Epoch  16, time= 34.1s | Train: skip eval | Valid: time=  2.3s loss=3.515, TAw acc= 93.0% | lr=9.2e-03
| Epoch  17, time= 28.9s | Train: skip eval | Valid: time=  2.0s loss=3.472, TAw acc= 92.8% | lr=9.2e-03
| Epoch  18, time= 29.4s | Train: skip eval | Valid: time=  2.0s loss=3.444, TAw acc= 93.5% | * lr=9.1e-03
| Epoch  19, time= 30.3s | Train: skip eval | Valid: time=  2.0s loss=3.455, TAw acc= 93.2% | lr=9.0e-03
| Epoch  20, time= 31.3s | Train: skip eval | Valid: time=  2.0s loss=3.454, TAw acc= 94.0% | lr=8.8e-03
| Epoch  21, time= 30.8s | Train: skip eval | Valid: time=  2.3s loss=3.470, TAw acc= 94.0% | lr=8.7e-03
| Epoch  22, time= 34.2s | Train: skip eval | Valid: time=  2.3s loss=3.471, TAw acc= 93.2% | lr=8.6e-03
| Epoch  23, time= 29.2s | Train: skip eval | Valid: time=  2.0s loss=3.461, TAw acc= 93.2% | lr=8.5e-03
| Epoch  24, time= 29.6s | Train: skip eval | Valid: time=  2.2s loss=3.692, TAw acc= 90.5% | lr=8.4e-03
| Epoch  25, time= 35.8s | Train: skip eval | Valid: time=  2.1s loss=3.463, TAw acc= 93.2% | lr=8.2e-03
| Epoch  26, time= 32.2s | Train: skip eval | Valid: time=  2.2s loss=3.467, TAw acc= 93.5% | lr=8.1e-03
| Epoch  27, time= 36.6s | Train: skip eval | Valid: time=  2.1s loss=3.465, TAw acc= 94.0% | lr=8.0e-03
| Epoch  28, time= 30.6s | Train: skip eval | Valid: time=  2.3s loss=3.468, TAw acc= 94.5% | lr=7.8e-03
| Epoch  29, time= 36.4s | Train: skip eval | Valid: time=  2.1s loss=3.472, TAw acc= 93.0% | lr=7.7e-03
| Epoch  30, time= 33.0s | Train: skip eval | Valid: time=  2.0s loss=3.464, TAw acc= 93.2% | lr=7.5e-03
| Epoch  31, time= 30.1s | Train: skip eval | Valid: time=  2.4s loss=3.435, TAw acc= 94.2% | * lr=7.4e-03
| Epoch  32, time= 35.2s | Train: skip eval | Valid: time=  2.2s loss=3.435, TAw acc= 95.2% | lr=7.2e-03
| Epoch  33, time= 28.6s | Train: skip eval | Valid: time=  2.0s loss=3.438, TAw acc= 94.8% | lr=7.1e-03
| Epoch  34, time= 29.6s | Train: skip eval | Valid: time=  2.3s loss=3.452, TAw acc= 92.5% | lr=6.9e-03
| Epoch  35, time= 35.3s | Train: skip eval | Valid: time=  1.9s loss=3.434, TAw acc= 93.5% | * lr=6.7e-03
| Epoch  36, time= 29.5s | Train: skip eval | Valid: time=  2.0s loss=3.449, TAw acc= 92.8% | lr=6.6e-03
| Epoch  37, time= 33.0s | Train: skip eval | Valid: time=  2.0s loss=3.440, TAw acc= 94.2% | lr=6.4e-03
| Epoch  38, time= 32.0s | Train: skip eval | Valid: time=  2.3s loss=3.426, TAw acc= 94.8% | * lr=6.2e-03
| Epoch  39, time= 35.1s | Train: skip eval | Valid: time=  2.1s loss=3.435, TAw acc= 94.5% | lr=6.1e-03
| Epoch  40, time= 30.5s | Train: skip eval | Valid: time=  2.0s loss=3.429, TAw acc= 94.0% | lr=5.9e-03
| Epoch  41, time= 30.0s | Train: skip eval | Valid: time=  2.0s loss=3.429, TAw acc= 93.5% | lr=5.7e-03
| Epoch  42, time= 32.5s | Train: skip eval | Valid: time=  2.0s loss=3.442, TAw acc= 94.0% | lr=5.6e-03
| Epoch  43, time= 32.0s | Train: skip eval | Valid: time=  2.0s loss=3.441, TAw acc= 94.2% | lr=5.4e-03
| Epoch  44, time= 28.9s | Train: skip eval | Valid: time=  2.2s loss=3.455, TAw acc= 94.0% | lr=5.2e-03
| Epoch  45, time= 32.7s | Train: skip eval | Valid: time=  2.0s loss=3.462, TAw acc= 93.2% | lr=5.1e-03
| Epoch  46, time= 33.7s | Train: skip eval | Valid: time=  2.0s loss=3.442, TAw acc= 94.5% | lr=4.9e-03
| Epoch  47, time= 33.4s | Train: skip eval | Valid: time=  2.0s loss=3.448, TAw acc= 94.0% | lr=4.7e-03
| Epoch  48, time= 29.8s | Train: skip eval | Valid: time=  2.0s loss=3.434, TAw acc= 93.5% | lr=4.5e-03
| Epoch  49, time= 33.3s | Train: skip eval | Valid: time=  2.0s loss=3.426, TAw acc= 94.0% | * lr=4.4e-03
| Epoch  50, time= 29.2s | Train: skip eval | Valid: time=  2.3s loss=3.422, TAw acc= 94.0% | * lr=4.2e-03
| Epoch  51, time= 34.1s | Train: skip eval | Valid: time=  2.5s loss=3.441, TAw acc= 94.5% | lr=4.0e-03
| Epoch  52, time= 31.6s | Train: skip eval | Valid: time=  2.3s loss=3.423, TAw acc= 94.0% | lr=3.9e-03
| Epoch  53, time= 31.1s | Train: skip eval | Valid: time=  2.0s loss=3.426, TAw acc= 93.8% | lr=3.7e-03
| Epoch  54, time= 29.8s | Train: skip eval | Valid: time=  2.0s loss=3.424, TAw acc= 93.8% | lr=3.5e-03
| Epoch  55, time= 33.3s | Train: skip eval | Valid: time=  2.1s loss=3.429, TAw acc= 94.2% | lr=3.4e-03
| Epoch  56, time= 33.7s | Train: skip eval | Valid: time=  2.0s loss=3.422, TAw acc= 94.5% | * lr=3.2e-03
| Epoch  57, time= 29.7s | Train: skip eval | Valid: time=  2.1s loss=3.425, TAw acc= 94.0% | lr=3.0e-03
| Epoch  58, time= 30.5s | Train: skip eval | Valid: time=  2.1s loss=3.419, TAw acc= 93.5% | * lr=2.9e-03
| Epoch  59, time= 30.5s | Train: skip eval | Valid: time=  2.3s loss=3.421, TAw acc= 94.5% | lr=2.7e-03
| Epoch  60, time= 34.1s | Train: skip eval | Valid: time=  2.0s loss=3.419, TAw acc= 93.8% | lr=2.6e-03
| Epoch  61, time= 31.0s | Train: skip eval | Valid: time=  2.2s loss=3.424, TAw acc= 93.8% | lr=2.4e-03
| Epoch  62, time= 35.8s | Train: skip eval | Valid: time=  2.0s loss=3.422, TAw acc= 93.5% | lr=2.3e-03
| Epoch  63, time= 36.0s | Train: skip eval | Valid: time=  2.2s loss=3.430, TAw acc= 94.0% | lr=2.1e-03
| Epoch  64, time= 34.0s | Train: skip eval | Valid: time=  2.3s loss=3.430, TAw acc= 94.0% | lr=2.0e-03
| Epoch  65, time= 31.1s | Train: skip eval | Valid: time=  2.0s loss=3.423, TAw acc= 94.0% | lr=1.9e-03
| Epoch  66, time= 31.9s | Train: skip eval | Valid: time=  2.0s loss=3.426, TAw acc= 93.0% | lr=1.7e-03
| Epoch  67, time= 31.0s | Train: skip eval | Valid: time=  2.0s loss=3.425, TAw acc= 93.0% | lr=1.6e-03
| Epoch  68, time= 32.8s | Train: skip eval | Valid: time=  2.0s loss=3.427, TAw acc= 93.5% | lr=1.5e-03
| Epoch  69, time= 31.6s | Train: skip eval | Valid: time=  2.0s loss=3.419, TAw acc= 93.0% | lr=1.4e-03
| Epoch  70, time= 29.5s | Train: skip eval | Valid: time=  2.1s loss=3.431, TAw acc= 93.8% | lr=1.3e-03
| Epoch  71, time= 33.5s | Train: skip eval | Valid: time=  2.0s loss=3.421, TAw acc= 93.5% | lr=1.1e-03
| Epoch  72, time= 31.4s | Train: skip eval | Valid: time=  2.0s loss=3.419, TAw acc= 93.8% | lr=1.0e-03
| Epoch  73, time= 34.4s | Train: skip eval | Valid: time=  2.2s loss=3.422, TAw acc= 93.5% | lr=9.5e-04
| Epoch  74, time= 35.4s | Train: skip eval | Valid: time=  2.3s loss=3.427, TAw acc= 93.2% | lr=8.5e-04
| Epoch  75, time= 33.6s | Train: skip eval | Valid: time=  2.0s loss=3.425, TAw acc= 94.2% | lr=7.6e-04
| Epoch  76, time= 32.8s | Train: skip eval | Valid: time=  2.3s loss=3.424, TAw acc= 93.8% | lr=6.8e-04
| Epoch  77, time= 34.2s | Train: skip eval | Valid: time=  2.0s loss=3.422, TAw acc= 93.8% | lr=6.0e-04
| Epoch  78, time= 31.9s | Train: skip eval | Valid: time=  2.0s loss=3.423, TAw acc= 94.0% | lr=5.3e-04
| Epoch  79, time= 32.7s | Train: skip eval | Valid: time=  2.0s loss=3.423, TAw acc= 94.0% | lr=4.6e-04
| Epoch  80, time= 30.9s | Train: skip eval | Valid: time=  2.1s loss=3.421, TAw acc= 93.8% | lr=4.0e-04
| Epoch  81, time= 30.8s | Train: skip eval | Valid: time=  2.2s loss=3.419, TAw acc= 93.8% | lr=3.4e-04
| Epoch  82, time= 34.3s | Train: skip eval | Valid: time=  2.5s loss=3.420, TAw acc= 94.0% | lr=2.9e-04
| Epoch  83, time= 30.9s | Train: skip eval | Valid: time=  2.2s loss=3.418, TAw acc= 93.8% | * lr=2.5e-04
| Epoch  84, time= 35.4s | Train: skip eval | Valid: time=  2.2s loss=3.419, TAw acc= 94.0% | lr=2.1e-04
| Epoch  85, time= 30.4s | Train: skip eval | Valid: time=  2.0s loss=3.419, TAw acc= 93.8% | lr=1.8e-04
| Epoch  86, time= 36.4s | Train: skip eval | Valid: time=  2.0s loss=3.418, TAw acc= 93.8% | * lr=1.5e-04
| Epoch  87, time= 29.6s | Train: skip eval | Valid: time=  2.0s loss=3.418, TAw acc= 93.8% | * lr=1.3e-04
| Epoch  88, time= 30.1s | Train: skip eval | Valid: time=  2.0s loss=3.419, TAw acc= 93.8% | lr=1.1e-04
| Epoch  89, time= 30.1s | Train: skip eval | Valid: time=  2.0s loss=3.418, TAw acc= 93.8% | * lr=1.0e-04
| Epoch  90, time= 32.7s | Train: skip eval | Valid: time=  2.0s loss=3.417, TAw acc= 93.8% | * lr=1.0e-04
[params] total:42,902,280  trainable:42,902,280  tensors:344  trainable_tensors:344
| Epoch   1, time= 33.2s | Train: skip eval | Valid: time=  2.0s loss=3.598, TAw acc= 93.8% | * lr=1.0e-04
| Epoch   2, time= 35.9s | Train: skip eval | Valid: time=  2.2s loss=3.596, TAw acc= 93.8% | * lr=1.0e-04
| Epoch   3, time= 32.9s | Train: skip eval | Valid: time=  2.3s loss=3.595, TAw acc= 93.8% | * lr=1.0e-04
| Epoch   4, time= 30.9s | Train: skip eval | Valid: time=  2.0s loss=3.595, TAw acc= 93.8% | * lr=1.0e-04
| Epoch   5, time= 34.7s | Train: skip eval | Valid: time=  2.2s loss=3.595, TAw acc= 93.8% | * lr=1.0e-04
| Epoch   6, time= 30.3s | Train: skip eval | Valid: time=  2.0s loss=3.595, TAw acc= 93.8% | * lr=1.0e-04
| Epoch   7, time= 34.4s | Train: skip eval | Valid: time=  2.0s loss=3.595, TAw acc= 93.8% | * lr=1.0e-04
| Epoch   8, time= 32.8s | Train: skip eval | Valid: time=  2.0s loss=3.594, TAw acc= 93.8% | * lr=1.0e-04
| Epoch   9, time= 29.9s | Train: skip eval | Valid: time=  2.1s loss=3.594, TAw acc= 93.8% | * lr=1.0e-04
| Epoch  10, time= 31.0s | Train: skip eval | Valid: time=  2.3s loss=3.593, TAw acc= 93.8% | * lr=1.0e-04
| Epoch  11, time= 31.4s | Train: skip eval | Valid: time=  2.0s loss=3.594, TAw acc= 93.8% | lr=1.0e-04
| Epoch  12, time= 31.7s | Train: skip eval | Valid: time=  2.2s loss=3.594, TAw acc= 93.8% | lr=1.0e-04
| Epoch  13, time= 34.5s | Train: skip eval | Valid: time=  2.1s loss=3.593, TAw acc= 93.8% | * lr=1.0e-04
| Epoch  14, time= 32.2s | Train: skip eval | Valid: time=  2.1s loss=3.593, TAw acc= 93.8% | * lr=1.0e-04
| Epoch  15, time= 30.1s | Train: skip eval | Valid: time=  2.5s loss=3.593, TAw acc= 93.8% | lr=1.0e-04
| Epoch  16, time= 36.2s | Train: skip eval | Valid: time=  2.1s loss=3.593, TAw acc= 93.8% | * lr=1.0e-04
| Epoch  17, time= 33.3s | Train: skip eval | Valid: time=  2.0s loss=3.592, TAw acc= 93.5% | * lr=1.0e-04
| Epoch  18, time= 33.2s | Train: skip eval | Valid: time=  2.3s loss=3.593, TAw acc= 93.8% | lr=1.0e-04
| Epoch  19, time= 36.0s | Train: skip eval | Valid: time=  2.0s loss=3.593, TAw acc= 93.8% | lr=1.0e-04
| Epoch  20, time= 29.8s | Train: skip eval | Valid: time=  2.1s loss=3.593, TAw acc= 93.8% | lr=1.0e-04
| Epoch  21, time= 33.0s | Train: skip eval | Valid: time=  2.1s loss=3.593, TAw acc= 93.8% | lr=1.0e-04
| Epoch  22, time= 33.1s | Train: skip eval | Valid: time=  2.0s loss=3.592, TAw acc= 93.8% | * lr=1.0e-04
| Epoch  23, time= 31.6s | Train: skip eval | Valid: time=  2.5s loss=3.592, TAw acc= 93.8% | lr=1.0e-04
| Epoch  24, time= 33.5s | Train: skip eval | Valid: time=  2.0s loss=3.592, TAw acc= 93.5% | lr=1.0e-04
| Epoch  25, time= 32.1s | Train: skip eval | Valid: time=  2.3s loss=3.592, TAw acc= 93.8% | lr=1.0e-04
| Epoch  26, time= 32.8s | Train: skip eval | Valid: time=  2.0s loss=3.592, TAw acc= 93.5% | * lr=1.0e-04
| Epoch  27, time= 29.6s | Train: skip eval | Valid: time=  2.0s loss=3.592, TAw acc= 93.5% | lr=1.0e-04
| Epoch  28, time= 31.2s | Train: skip eval | Valid: time=  2.0s loss=3.592, TAw acc= 93.5% | lr=1.0e-04
| Epoch  29, time= 35.1s | Train: skip eval | Valid: time=  2.4s loss=3.592, TAw acc= 93.8% | lr=1.0e-04
| Epoch  30, time= 30.1s | Train: skip eval | Valid: time=  2.0s loss=3.591, TAw acc= 93.5% | * lr=1.0e-04
| Epoch  31, time= 29.4s | Train: skip eval | Valid: time=  2.0s loss=3.592, TAw acc= 93.2% | lr=1.0e-04
| Epoch  32, time= 32.7s | Train: skip eval | Valid: time=  2.0s loss=3.592, TAw acc= 93.8% | lr=1.0e-04
| Epoch  33, time= 36.7s | Train: skip eval | Valid: time=  2.0s loss=3.591, TAw acc= 93.5% | lr=1.0e-04
| Epoch  34, time= 29.8s | Train: skip eval | Valid: time=  2.2s loss=3.591, TAw acc= 93.5% | * lr=1.0e-04
| Epoch  35, time= 31.3s | Train: skip eval | Valid: time=  2.1s loss=3.592, TAw acc= 93.8% | lr=1.0e-04
| Epoch  36, time= 27.9s | Train: skip eval | Valid: time=  2.0s loss=3.591, TAw acc= 93.8% | * lr=1.0e-04
| Epoch  37, time= 30.4s | Train: skip eval | Valid: time=  2.0s loss=3.591, TAw acc= 93.8% | lr=1.0e-04
| Epoch  38, time= 33.4s | Train: skip eval | Valid: time=  2.5s loss=3.591, TAw acc= 93.5% | * lr=1.0e-04
| Epoch  39, time= 30.2s | Train: skip eval | Valid: time=  2.1s loss=3.590, TAw acc= 93.8% | * lr=1.0e-04
| Epoch  40, time= 31.5s | Train: skip eval | Valid: time=  2.3s loss=3.590, TAw acc= 93.8% | * lr=1.0e-04
| Selected 4000 train exemplars, time=  3.5s
------------------------------------------------------------------------------------------------------------
>>> Test on task  0 : loss=4.349 | TAw acc= 94.1%, forg=  1.5% | TAg acc= 38.8%, forg= 55.6% <<<
>>> Test on task  1 : loss=4.539 | TAw acc= 90.2%, forg=  2.5% | TAg acc= 36.3%, forg= 51.3% <<<
>>> Test on task  2 : loss=3.661 | TAw acc= 94.1%, forg=  1.3% | TAg acc= 51.6%, forg= 40.7% <<<
>>> Test on task  3 : loss=5.583 | TAw acc= 86.9%, forg=  3.7% | TAg acc= 29.1%, forg= 58.3% <<<
>>> Test on task  4 : loss=5.527 | TAw acc= 88.3%, forg=  3.1% | TAg acc= 32.6%, forg= 55.7% <<<
>>> Test on task  5 : loss=5.840 | TAw acc= 88.2%, forg=  2.2% | TAg acc= 30.0%, forg= 56.8% <<<
>>> Test on task  6 : loss=3.806 | TAw acc= 91.1%, forg=  3.1% | TAg acc= 55.9%, forg= 36.5% <<<
>>> Test on task  7 : loss=5.399 | TAw acc= 90.3%, forg=  2.3% | TAg acc= 38.6%, forg= 51.5% <<<
>>> Test on task  8 : loss=4.081 | TAw acc= 90.1%, forg=  2.1% | TAg acc= 57.3%, forg= 34.0% <<<
>>> Test on task  9 : loss=5.374 | TAw acc= 91.6%, forg=  0.7% | TAg acc= 41.1%, forg= 49.6% <<<
>>> Test on task 10 : loss=4.876 | TAw acc= 88.6%, forg=  2.1% | TAg acc= 47.0%, forg= 42.6% <<<
>>> Test on task 11 : loss=5.366 | TAw acc= 92.0%, forg=  1.3% | TAg acc= 40.0%, forg= 50.8% <<<
>>> Test on task 12 : loss=5.318 | TAw acc= 93.1%, forg=  0.9% | TAg acc= 43.1%, forg= 49.4% <<<
>>> Test on task 13 : loss=4.577 | TAw acc= 97.2%, forg=  0.2% | TAg acc= 53.9%, forg= 41.4% <<<
>>> Test on task 14 : loss=4.949 | TAw acc= 94.3%, forg=  0.0% | TAg acc= 53.4%, forg= 40.2% <<<
>>> Test on task 15 : loss=5.007 | TAw acc= 90.1%, forg=  1.0% | TAg acc= 60.0%, forg= 30.0% <<<
>>> Test on task 16 : loss=5.778 | TAw acc= 85.5%, forg=  1.4% | TAg acc= 50.6%, forg= 34.8% <<<
>>> Test on task 17 : loss=5.256 | TAw acc= 92.4%, forg=  0.5% | TAg acc= 53.3%, forg= 38.5% <<<
>>> Test on task 18 : loss=5.085 | TAw acc= 90.3%, forg=  0.2% | TAg acc= 58.1%, forg= 31.6% <<<
>>> Test on task 19 : loss=3.713 | TAw acc= 92.9%, forg=  0.0% | TAg acc= 91.8%, forg=  0.0% <<<
Save at ./results/./results/resnetv2_101x1_bit.goog_in21k/inat200/eeil/10
Plotting last layer analysis...
************************************************************************************************************
TAw Acc
	 94.4%   0.0%   0.0%   0.0%   0.0%   0.0%   0.0%   0.0%   0.0%   0.0%   0.0%   0.0%   0.0%   0.0%   0.0%   0.0%   0.0%   0.0%   0.0%   0.0% 	Avg.: 94.4% 
	 94.0%  92.2%   0.0%   0.0%   0.0%   0.0%   0.0%   0.0%   0.0%   0.0%   0.0%   0.0%   0.0%   0.0%   0.0%   0.0%   0.0%   0.0%   0.0%   0.0% 	Avg.: 93.1% 
	 95.6%  92.7%  95.4%   0.0%   0.0%   0.0%   0.0%   0.0%   0.0%   0.0%   0.0%   0.0%   0.0%   0.0%   0.0%   0.0%   0.0%   0.0%   0.0%   0.0% 	Avg.: 94.6% 
	 94.9%  92.6%  95.2%  90.6%   0.0%   0.0%   0.0%   0.0%   0.0%   0.0%   0.0%   0.0%   0.0%   0.0%   0.0%   0.0%   0.0%   0.0%   0.0%   0.0% 	Avg.: 93.3% 
	 95.1%  92.5%  95.3%  89.2%  91.4%   0.0%   0.0%   0.0%   0.0%   0.0%   0.0%   0.0%   0.0%   0.0%   0.0%   0.0%   0.0%   0.0%   0.0%   0.0% 	Avg.: 92.7% 
	 95.1%  91.6%  94.8%  89.7%  91.2%  90.4%   0.0%   0.0%   0.0%   0.0%   0.0%   0.0%   0.0%   0.0%   0.0%   0.0%   0.0%   0.0%   0.0%   0.0% 	Avg.: 92.1% 
	 95.4%  91.6%  94.4%  88.9%  91.0%  90.2%  94.2%   0.0%   0.0%   0.0%   0.0%   0.0%   0.0%   0.0%   0.0%   0.0%   0.0%   0.0%   0.0%   0.0% 	Avg.: 92.2% 
	 94.7%  91.5%  94.4%  89.4%  90.5%  89.6%  93.3%  92.6%   0.0%   0.0%   0.0%   0.0%   0.0%   0.0%   0.0%   0.0%   0.0%   0.0%   0.0%   0.0% 	Avg.: 92.0% 
	 95.2%  91.5%  94.1%  88.8%  90.2%  89.2%  92.7%  92.1%  92.2%   0.0%   0.0%   0.0%   0.0%   0.0%   0.0%   0.0%   0.0%   0.0%   0.0%   0.0% 	Avg.: 91.8% 
	 95.0%  91.7%  94.4%  89.1%  90.7%  88.4%  92.3%  91.3%  91.3%  92.3%   0.0%   0.0%   0.0%   0.0%   0.0%   0.0%   0.0%   0.0%   0.0%   0.0% 	Avg.: 91.6% 
	 94.3%  92.0%  94.1%  88.8%  90.2%  88.4%  92.5%  91.3%  91.6%  91.9%  90.7%   0.0%   0.0%   0.0%   0.0%   0.0%   0.0%   0.0%   0.0%   0.0% 	Avg.: 91.4% 
	 94.6%  91.2%  94.5%  87.7%  89.8%  89.3%  92.4%  91.0%  91.9%  92.0%  89.0%  93.0%   0.0%   0.0%   0.0%   0.0%   0.0%   0.0%   0.0%   0.0% 	Avg.: 91.4% 
	 94.5%  91.0%  94.3%  88.0%  89.8%  87.7%  92.6%  90.7%  91.2%  91.5%  88.9%  93.3%  93.4%   0.0%   0.0%   0.0%   0.0%   0.0%   0.0%   0.0% 	Avg.: 91.3% 
	 94.3%  91.9%  94.5%  88.1%  90.1%  88.1%  92.4%  90.5%  91.4%  91.8%  88.2%  92.2%  93.5%  96.6%   0.0%   0.0%   0.0%   0.0%   0.0%   0.0% 	Avg.: 91.7% 
	 94.0%  91.1%  94.5%  87.9%  89.7%  87.7%  92.5%  90.5%  91.2%  92.0%  88.7%  92.7%  94.0%  96.9%  94.3%   0.0%   0.0%   0.0%   0.0%   0.0% 	Avg.: 91.8% 
	 94.2%  90.5%  94.2%  87.2%  89.2%  88.2%  91.9%  91.0%  91.3%  92.3%  88.4%  93.0%  93.2%  97.1%  94.0%  91.1%   0.0%   0.0%   0.0%   0.0% 	Avg.: 91.7% 
	 93.8%  90.8%  94.2%  87.1%  89.2%  88.1%  91.6%  90.7%  91.0%  91.4%  88.3%  92.2%  93.7%  96.9%  93.7%  91.0%  86.9%   0.0%   0.0%   0.0% 	Avg.: 91.2% 
	 93.8%  90.5%  94.2%  87.2%  89.1%  87.6%  91.3%  90.2%  90.3%  91.5%  87.9%  91.8%  93.4%  97.4%  94.1%  90.6%  85.5%  92.9%   0.0%   0.0% 	Avg.: 91.1% 
	 93.7%  91.1%  94.1%  87.0%  88.4%  88.3%  91.3%  90.2%  90.4%  91.4%  88.0%  91.7%  93.4%  96.9%  93.9%  90.7%  85.7%  92.7%  90.5%   0.0% 	Avg.: 91.0% 
	 94.1%  90.2%  94.1%  86.9%  88.3%  88.2%  91.1%  90.3%  90.1%  91.6%  88.6%  92.0%  93.1%  97.2%  94.3%  90.1%  85.5%  92.4%  90.3%  92.9% 	Avg.: 91.1% 
************************************************************************************************************
TAg Acc
	 94.4%   0.0%   0.0%   0.0%   0.0%   0.0%   0.0%   0.0%   0.0%   0.0%   0.0%   0.0%   0.0%   0.0%   0.0%   0.0%   0.0%   0.0%   0.0%   0.0% 	Avg.: 94.4% 
	 88.8%  87.6%   0.0%   0.0%   0.0%   0.0%   0.0%   0.0%   0.0%   0.0%   0.0%   0.0%   0.0%   0.0%   0.0%   0.0%   0.0%   0.0%   0.0%   0.0% 	Avg.: 88.2% 
	 83.7%  84.2%  92.3%   0.0%   0.0%   0.0%   0.0%   0.0%   0.0%   0.0%   0.0%   0.0%   0.0%   0.0%   0.0%   0.0%   0.0%   0.0%   0.0%   0.0% 	Avg.: 86.7% 
	 79.4%  75.6%  85.6%  87.4%   0.0%   0.0%   0.0%   0.0%   0.0%   0.0%   0.0%   0.0%   0.0%   0.0%   0.0%   0.0%   0.0%   0.0%   0.0%   0.0% 	Avg.: 82.0% 
	 77.7%  76.3%  81.3%  74.2%  88.3%   0.0%   0.0%   0.0%   0.0%   0.0%   0.0%   0.0%   0.0%   0.0%   0.0%   0.0%   0.0%   0.0%   0.0%   0.0% 	Avg.: 79.6% 
	 69.6%  72.7%  77.8%  65.3%  73.9%  86.8%   0.0%   0.0%   0.0%   0.0%   0.0%   0.0%   0.0%   0.0%   0.0%   0.0%   0.0%   0.0%   0.0%   0.0% 	Avg.: 74.3% 
	 64.8%  63.5%  75.6%  61.6%  71.2%  74.9%  92.4%   0.0%   0.0%   0.0%   0.0%   0.0%   0.0%   0.0%   0.0%   0.0%   0.0%   0.0%   0.0%   0.0% 	Avg.: 72.0% 
	 63.9%  63.2%  70.7%  57.7%  59.9%  69.0%  78.2%  90.1%   0.0%   0.0%   0.0%   0.0%   0.0%   0.0%   0.0%   0.0%   0.0%   0.0%   0.0%   0.0% 	Avg.: 69.1% 
	 65.9%  53.6%  70.2%  56.1%  56.1%  65.2%  77.8%  71.9%  91.3%   0.0%   0.0%   0.0%   0.0%   0.0%   0.0%   0.0%   0.0%   0.0%   0.0%   0.0% 	Avg.: 67.6% 
	 59.8%  47.4%  65.8%  50.6%  54.5%  55.4%  68.9%  59.0%  78.3%  90.7%   0.0%   0.0%   0.0%   0.0%   0.0%   0.0%   0.0%   0.0%   0.0%   0.0% 	Avg.: 63.0% 
	 51.3%  47.6%  61.6%  48.8%  48.8%  48.2%  66.6%  62.2%  73.6%  71.6%  89.6%   0.0%   0.0%   0.0%   0.0%   0.0%   0.0%   0.0%   0.0%   0.0% 	Avg.: 60.9% 
	 48.0%  45.7%  61.9%  42.1%  46.5%  49.3%  64.9%  57.4%  66.1%  63.7%  68.8%  90.8%   0.0%   0.0%   0.0%   0.0%   0.0%   0.0%   0.0%   0.0% 	Avg.: 58.8% 
	 49.5%  48.0%  61.4%  39.7%  43.6%  45.7%  66.8%  54.9%  67.9%  59.0%  62.8%  71.1%  92.5%   0.0%   0.0%   0.0%   0.0%   0.0%   0.0%   0.0% 	Avg.: 58.7% 
	 49.2%  38.4%  58.5%  37.9%  41.3%  45.2%  62.1%  52.2%  66.6%  49.1%  61.2%  64.3%  67.2%  95.3%   0.0%   0.0%   0.0%   0.0%   0.0%   0.0% 	Avg.: 56.3% 
	 46.3%  37.7%  55.6%  34.9%  39.3%  43.0%  58.9%  47.2%  62.2%  46.5%  60.2%  59.9%  61.9%  78.0%  93.6%   0.0%   0.0%   0.0%   0.0%   0.0% 	Avg.: 55.0% 
	 46.1%  37.3%  55.4%  36.4%  34.5%  38.7%  59.3%  48.0%  60.9%  44.8%  56.0%  54.9%  62.0%  72.5%  62.7%  90.0%   0.0%   0.0%   0.0%   0.0% 	Avg.: 53.7% 
	 42.9%  34.4%  57.8%  36.0%  32.4%  38.4%  60.5%  48.1%  58.3%  44.7%  48.8%  53.9%  57.1%  67.8%  62.1%  69.4%  85.4%   0.0%   0.0%   0.0% 	Avg.: 52.8% 
	 40.6%  35.0%  56.1%  31.4%  32.9%  30.6%  60.6%  41.5%  57.7%  45.9%  50.0%  52.0%  52.6%  64.6%  61.8%  65.2%  58.7%  91.8%   0.0%   0.0% 	Avg.: 51.6% 
	 41.1%  35.0%  57.0%  30.5%  31.9%  31.9%  59.6%  41.0%  55.6%  45.3%  50.9%  40.4%  46.7%  63.3%  56.2%  63.8%  56.0%  58.3%  89.7%   0.0% 	Avg.: 50.2% 
	 38.8%  36.3%  51.6%  29.1%  32.6%  30.0%  55.9%  38.6%  57.3%  41.1%  47.0%  40.0%  43.1%  53.9%  53.4%  60.0%  50.6%  53.3%  58.1%  91.8% 	Avg.: 48.1% 
************************************************************************************************************
TAw Forg
	  0.0%   0.0%   0.0%   0.0%   0.0%   0.0%   0.0%   0.0%   0.0%   0.0%   0.0%   0.0%   0.0%   0.0%   0.0%   0.0%   0.0%   0.0%   0.0%   0.0% 
	  0.4%   0.0%   0.0%   0.0%   0.0%   0.0%   0.0%   0.0%   0.0%   0.0%   0.0%   0.0%   0.0%   0.0%   0.0%   0.0%   0.0%   0.0%   0.0%   0.0% 	Avg.:  0.4% 
	 -1.2%  -0.5%   0.0%   0.0%   0.0%   0.0%   0.0%   0.0%   0.0%   0.0%   0.0%   0.0%   0.0%   0.0%   0.0%   0.0%   0.0%   0.0%   0.0%   0.0% 	Avg.: -0.9% 
	  0.7%   0.1%   0.2%   0.0%   0.0%   0.0%   0.0%   0.0%   0.0%   0.0%   0.0%   0.0%   0.0%   0.0%   0.0%   0.0%   0.0%   0.0%   0.0%   0.0% 	Avg.:  0.3% 
	  0.5%   0.2%   0.1%   1.4%   0.0%   0.0%   0.0%   0.0%   0.0%   0.0%   0.0%   0.0%   0.0%   0.0%   0.0%   0.0%   0.0%   0.0%   0.0%   0.0% 	Avg.:  0.6% 
	  0.5%   1.1%   0.6%   0.9%   0.2%   0.0%   0.0%   0.0%   0.0%   0.0%   0.0%   0.0%   0.0%   0.0%   0.0%   0.0%   0.0%   0.0%   0.0%   0.0% 	Avg.:  0.7% 
	  0.2%   1.1%   1.0%   1.7%   0.4%   0.2%   0.0%   0.0%   0.0%   0.0%   0.0%   0.0%   0.0%   0.0%   0.0%   0.0%   0.0%   0.0%   0.0%   0.0% 	Avg.:  0.8% 
	  0.9%   1.2%   1.0%   1.2%   0.9%   0.8%   0.9%   0.0%   0.0%   0.0%   0.0%   0.0%   0.0%   0.0%   0.0%   0.0%   0.0%   0.0%   0.0%   0.0% 	Avg.:  1.0% 
	  0.4%   1.2%   1.3%   1.8%   1.2%   1.2%   1.5%   0.5%   0.0%   0.0%   0.0%   0.0%   0.0%   0.0%   0.0%   0.0%   0.0%   0.0%   0.0%   0.0% 	Avg.:  1.1% 
	  0.6%   1.0%   1.0%   1.5%   0.7%   2.0%   1.9%   1.3%   0.9%   0.0%   0.0%   0.0%   0.0%   0.0%   0.0%   0.0%   0.0%   0.0%   0.0%   0.0% 	Avg.:  1.2% 
	  1.3%   0.7%   1.3%   1.8%   1.2%   2.0%   1.7%   1.3%   0.6%   0.4%   0.0%   0.0%   0.0%   0.0%   0.0%   0.0%   0.0%   0.0%   0.0%   0.0% 	Avg.:  1.2% 
	  1.0%   1.5%   0.9%   2.9%   1.6%   1.1%   1.8%   1.6%   0.3%   0.3%   1.7%   0.0%   0.0%   0.0%   0.0%   0.0%   0.0%   0.0%   0.0%   0.0% 	Avg.:  1.3% 
	  1.1%   1.7%   1.1%   2.6%   1.6%   2.7%   1.6%   1.9%   1.0%   0.8%   1.8%  -0.3%   0.0%   0.0%   0.0%   0.0%   0.0%   0.0%   0.0%   0.0% 	Avg.:  1.5% 
	  1.3%   0.8%   0.9%   2.5%   1.3%   2.3%   1.8%   2.1%   0.8%   0.5%   2.5%   1.1%  -0.1%   0.0%   0.0%   0.0%   0.0%   0.0%   0.0%   0.0% 	Avg.:  1.4% 
	  1.6%   1.6%   0.9%   2.7%   1.7%   2.7%   1.7%   2.1%   1.0%   0.3%   2.0%   0.6%  -0.5%  -0.3%   0.0%   0.0%   0.0%   0.0%   0.0%   0.0% 	Avg.:  1.3% 
	  1.4%   2.2%   1.2%   3.4%   2.2%   2.2%   2.3%   1.6%   0.9%   0.0%   2.3%   0.3%   0.8%  -0.2%   0.3%   0.0%   0.0%   0.0%   0.0%   0.0% 	Avg.:  1.4% 
	  1.8%   1.9%   1.2%   3.5%   2.2%   2.3%   2.6%   1.9%   1.2%   0.9%   2.4%   1.1%   0.3%   0.2%   0.6%   0.1%   0.0%   0.0%   0.0%   0.0% 	Avg.:  1.5% 
	  1.8%   2.2%   1.2%   3.4%   2.3%   2.8%   2.9%   2.4%   1.9%   0.8%   2.8%   1.5%   0.6%  -0.3%   0.2%   0.5%   1.4%   0.0%   0.0%   0.0% 	Avg.:  1.7% 
	  1.9%   1.6%   1.3%   3.6%   3.0%   2.1%   2.9%   2.4%   1.8%   0.9%   2.7%   1.6%   0.6%   0.5%   0.4%   0.4%   1.2%   0.2%   0.0%   0.0% 	Avg.:  1.6% 
	  1.5%   2.5%   1.3%   3.7%   3.1%   2.2%   3.1%   2.3%   2.1%   0.7%   2.1%   1.3%   0.9%   0.2%   0.0%   1.0%   1.4%   0.5%   0.2%   0.0% 	Avg.:  1.6% 
************************************************************************************************************
TAg Forg
	  0.0%   0.0%   0.0%   0.0%   0.0%   0.0%   0.0%   0.0%   0.0%   0.0%   0.0%   0.0%   0.0%   0.0%   0.0%   0.0%   0.0%   0.0%   0.0%   0.0% 
	  5.6%   0.0%   0.0%   0.0%   0.0%   0.0%   0.0%   0.0%   0.0%   0.0%   0.0%   0.0%   0.0%   0.0%   0.0%   0.0%   0.0%   0.0%   0.0%   0.0% 	Avg.:  5.6% 
	 10.7%   3.4%   0.0%   0.0%   0.0%   0.0%   0.0%   0.0%   0.0%   0.0%   0.0%   0.0%   0.0%   0.0%   0.0%   0.0%   0.0%   0.0%   0.0%   0.0% 	Avg.:  7.1% 
	 15.0%  12.0%   6.7%   0.0%   0.0%   0.0%   0.0%   0.0%   0.0%   0.0%   0.0%   0.0%   0.0%   0.0%   0.0%   0.0%   0.0%   0.0%   0.0%   0.0% 	Avg.: 11.2% 
	 16.7%  11.3%  11.0%  13.2%   0.0%   0.0%   0.0%   0.0%   0.0%   0.0%   0.0%   0.0%   0.0%   0.0%   0.0%   0.0%   0.0%   0.0%   0.0%   0.0% 	Avg.: 13.0% 
	 24.8%  14.9%  14.5%  22.1%  14.4%   0.0%   0.0%   0.0%   0.0%   0.0%   0.0%   0.0%   0.0%   0.0%   0.0%   0.0%   0.0%   0.0%   0.0%   0.0% 	Avg.: 18.1% 
	 29.6%  24.1%  16.7%  25.8%  17.1%  11.9%   0.0%   0.0%   0.0%   0.0%   0.0%   0.0%   0.0%   0.0%   0.0%   0.0%   0.0%   0.0%   0.0%   0.0% 	Avg.: 20.9% 
	 30.5%  24.4%  21.6%  29.7%  28.4%  17.8%  14.2%   0.0%   0.0%   0.0%   0.0%   0.0%   0.0%   0.0%   0.0%   0.0%   0.0%   0.0%   0.0%   0.0% 	Avg.: 23.8% 
	 28.5%  34.0%  22.1%  31.3%  32.2%  21.6%  14.6%  18.2%   0.0%   0.0%   0.0%   0.0%   0.0%   0.0%   0.0%   0.0%   0.0%   0.0%   0.0%   0.0% 	Avg.: 25.3% 
	 34.6%  40.2%  26.5%  36.8%  33.8%  31.4%  23.5%  31.1%  13.0%   0.0%   0.0%   0.0%   0.0%   0.0%   0.0%   0.0%   0.0%   0.0%   0.0%   0.0% 	Avg.: 30.1% 
	 43.1%  40.0%  30.7%  38.6%  39.5%  38.6%  25.8%  27.9%  17.7%  19.1%   0.0%   0.0%   0.0%   0.0%   0.0%   0.0%   0.0%   0.0%   0.0%   0.0% 	Avg.: 32.1% 
	 46.4%  41.9%  30.4%  45.3%  41.8%  37.5%  27.5%  32.7%  25.2%  27.0%  20.8%   0.0%   0.0%   0.0%   0.0%   0.0%   0.0%   0.0%   0.0%   0.0% 	Avg.: 34.2% 
	 44.9%  39.6%  30.9%  47.7%  44.7%  41.1%  25.6%  35.2%  23.4%  31.7%  26.8%  19.7%   0.0%   0.0%   0.0%   0.0%   0.0%   0.0%   0.0%   0.0% 	Avg.: 34.3% 
	 45.2%  49.2%  33.8%  49.5%  47.0%  41.6%  30.3%  37.9%  24.7%  41.6%  28.4%  26.5%  25.3%   0.0%   0.0%   0.0%   0.0%   0.0%   0.0%   0.0% 	Avg.: 37.0% 
	 48.1%  49.9%  36.7%  52.5%  49.0%  43.8%  33.5%  42.9%  29.1%  44.2%  29.4%  30.9%  30.6%  17.3%   0.0%   0.0%   0.0%   0.0%   0.0%   0.0% 	Avg.: 38.4% 
	 48.3%  50.3%  36.9%  51.0%  53.8%  48.1%  33.1%  42.1%  30.4%  45.9%  33.6%  35.9%  30.5%  22.8%  30.9%   0.0%   0.0%   0.0%   0.0%   0.0% 	Avg.: 39.6% 
	 51.5%  53.2%  34.5%  51.4%  55.9%  48.4%  31.9%  42.0%  33.0%  46.0%  40.8%  36.9%  35.4%  27.5%  31.5%  20.6%   0.0%   0.0%   0.0%   0.0% 	Avg.: 40.0% 
	 53.8%  52.6%  36.2%  56.0%  55.4%  56.2%  31.8%  48.6%  33.6%  44.8%  39.6%  38.8%  39.9%  30.7%  31.8%  24.8%  26.7%   0.0%   0.0%   0.0% 	Avg.: 41.3% 
	 53.3%  52.6%  35.3%  56.9%  56.4%  54.9%  32.8%  49.1%  35.7%  45.4%  38.7%  50.4%  45.8%  32.0%  37.4%  26.2%  29.4%  33.5%   0.0%   0.0% 	Avg.: 42.5% 
	 55.6%  51.3%  40.7%  58.3%  55.7%  56.8%  36.5%  51.5%  34.0%  49.6%  42.6%  50.8%  49.4%  41.4%  40.2%  30.0%  34.8%  38.5%  31.6%   0.0% 	Avg.: 44.7% 
************************************************************************************************************
[Elapsed time = 1.3 h]
Done!
