START_TASK=4 STOP_TASK=5
============================================================================================================
Arguments =
	approach: eeil
	batch_size: 64
	classes_first_task: None
	clipping: 10000
	crop: 224
	data_path: ../data/inat200
	dataset: inat200
	eval_on_train: False
	experiment_path: None
	fix_bn: False
	freeze_backbone: False
	gpu: 0
	gpus: [0]
	increment: 10
	last_layer_analysis: True
	log: ['disk']
	lr: 0.01
	lr_factor: None
	lr_min: 0.0001
	lr_patience: None
	lr_scheduler: cosine
	lr_warmup_epochs: 0
	momentum: 0.0
	multi_softmax: False
	nepochs: 90
	network: resnetv2_101x1_bit.goog_in21k
	no_cudnn_deterministic: False
	normalize: in21k
	num_workers: 2
	optimizer_name: sgd
	pin_memory: False
	pretrained: True
	resize: 224
	results_path: ./results
	save_models: True
	seed: 0
	start_at_task: 4
	start_epoch: 0
	stop_at_task: 5
	stop_epoch: 0
	use_valid_only: False
	warmup_lr_factor: 1.0
	warmup_nepochs: 0
	weight_decay: 0.0
============================================================================================================
Approach arguments =
	T: 2
	lamb: 1.0
	lr_finetuning_factor: 0.01
	nepochs_finetuning: 40
	noise_grad: False
============================================================================================================
Exemplars arguments =
	exemplar_selection: random
	num_exemplars: 4000
============================================================================================================
WARNING: ./results/resnetv2_101x1_bit.goog_in21k/inat200/eeil/10 already exists!
Loaded acc_taw from: ./results/resnetv2_101x1_bit.goog_in21k/inat200/eeil/10/acc_taw-3.txt
Loaded acc_tag from: ./results/resnetv2_101x1_bit.goog_in21k/inat200/eeil/10/acc_tag-3.txt
Loaded forg_taw from: ./results/resnetv2_101x1_bit.goog_in21k/inat200/eeil/10/forg_taw-3.txt
Loaded forg_tag from: ./results/resnetv2_101x1_bit.goog_in21k/inat200/eeil/10/forg_tag-3.txt
Loaded 4000 exemplars from ./results/resnetv2_101x1_bit.goog_in21k/inat200/eeil/10/task3_exemplars.pth
************************************************************************************************************
Task  4  [epochs 0-90]
************************************************************************************************************
[params] total:42,594,930  trainable:42,594,930  tensors:314  trainable_tensors:314
| Epoch   1, time= 32.5s | Train: skip eval | Valid: time=  2.4s loss=1.086, TAw acc= 91.0% | * lr=1.0e-02
| Epoch   2, time= 34.9s | Train: skip eval | Valid: time=  2.1s loss=1.138, TAw acc= 89.8% | lr=1.0e-02
| Epoch   3, time= 29.5s | Train: skip eval | Valid: time=  2.0s loss=1.146, TAw acc= 91.2% | lr=1.0e-02
| Epoch   4, time= 28.5s | Train: skip eval | Valid: time=  2.2s loss=1.079, TAw acc= 92.2% | * lr=1.0e-02
| Epoch   5, time= 33.4s | Train: skip eval | Valid: time=  2.1s loss=1.111, TAw acc= 91.0% | lr=9.9e-03
| Epoch   6, time= 29.6s | Train: skip eval | Valid: time=  2.3s loss=0.996, TAw acc= 93.2% | * lr=9.9e-03
| Epoch   7, time= 35.5s | Train: skip eval | Valid: time=  2.0s loss=1.055, TAw acc= 92.8% | lr=9.9e-03
| Epoch   8, time= 31.7s | Train: skip eval | Valid: time=  2.1s loss=1.084, TAw acc= 93.2% | lr=9.8e-03
| Epoch   9, time= 33.2s | Train: skip eval | Valid: time=  2.0s loss=1.062, TAw acc= 93.0% | lr=9.8e-03
| Epoch  10, time= 32.5s | Train: skip eval | Valid: time=  2.0s loss=1.082, TAw acc= 92.8% | lr=9.7e-03
| Epoch  11, time= 30.9s | Train: skip eval | Valid: time=  2.1s loss=1.249, TAw acc= 89.0% | lr=9.6e-03
| Epoch  12, time= 35.7s | Train: skip eval | Valid: time=  2.0s loss=1.062, TAw acc= 93.5% | lr=9.6e-03
| Epoch  13, time= 33.3s | Train: skip eval | Valid: time=  2.4s loss=1.042, TAw acc= 93.2% | lr=9.5e-03
| Epoch  14, time= 30.8s | Train: skip eval | Valid: time=  2.0s loss=1.108, TAw acc= 92.8% | lr=9.4e-03
| Epoch  15, time= 34.7s | Train: skip eval | Valid: time=  2.5s loss=1.070, TAw acc= 92.0% | lr=9.3e-03
| Epoch  16, time= 30.8s | Train: skip eval | Valid: time=  2.0s loss=1.121, TAw acc= 92.5% | lr=9.2e-03
| Epoch  17, time= 36.0s | Train: skip eval | Valid: time=  2.1s loss=1.036, TAw acc= 91.2% | lr=9.2e-03
| Epoch  18, time= 28.4s | Train: skip eval | Valid: time=  2.0s loss=1.004, TAw acc= 94.0% | lr=9.1e-03
| Epoch  19, time= 32.3s | Train: skip eval | Valid: time=  2.0s loss=1.062, TAw acc= 91.8% | lr=9.0e-03
| Epoch  20, time= 33.5s | Train: skip eval | Valid: time=  2.2s loss=1.115, TAw acc= 92.0% | lr=8.8e-03
| Epoch  21, time= 35.9s | Train: skip eval | Valid: time=  2.3s loss=1.037, TAw acc= 92.8% | lr=8.7e-03
| Epoch  22, time= 32.2s | Train: skip eval | Valid: time=  2.0s loss=1.091, TAw acc= 90.8% | lr=8.6e-03
| Epoch  23, time= 34.6s | Train: skip eval | Valid: time=  2.0s loss=1.007, TAw acc= 92.5% | lr=8.5e-03
| Epoch  24, time= 28.7s | Train: skip eval | Valid: time=  2.0s loss=0.995, TAw acc= 93.0% | * lr=8.4e-03
| Epoch  25, time= 28.9s | Train: skip eval | Valid: time=  2.0s loss=1.041, TAw acc= 94.2% | lr=8.2e-03
| Epoch  26, time= 29.1s | Train: skip eval | Valid: time=  2.0s loss=1.027, TAw acc= 93.0% | lr=8.1e-03
| Epoch  27, time= 31.5s | Train: skip eval | Valid: time=  2.2s loss=0.989, TAw acc= 94.0% | * lr=8.0e-03
| Epoch  28, time= 31.8s | Train: skip eval | Valid: time=  2.0s loss=1.023, TAw acc= 93.5% | lr=7.8e-03
| Epoch  29, time= 29.7s | Train: skip eval | Valid: time=  2.0s loss=0.972, TAw acc= 94.5% | * lr=7.7e-03
| Epoch  30, time= 29.3s | Train: skip eval | Valid: time=  2.0s loss=1.022, TAw acc= 93.8% | lr=7.5e-03
| Epoch  31, time= 31.4s | Train: skip eval | Valid: time=  2.0s loss=1.040, TAw acc= 94.5% | lr=7.4e-03
| Epoch  32, time= 31.1s | Train: skip eval | Valid: time=  2.2s loss=1.039, TAw acc= 94.0% | lr=7.2e-03
| Epoch  33, time= 30.7s | Train: skip eval | Valid: time=  2.1s loss=1.013, TAw acc= 93.2% | lr=7.1e-03
| Epoch  34, time= 31.3s | Train: skip eval | Valid: time=  2.0s loss=1.011, TAw acc= 93.2% | lr=6.9e-03
| Epoch  35, time= 28.6s | Train: skip eval | Valid: time=  2.0s loss=0.999, TAw acc= 92.8% | lr=6.7e-03
| Epoch  36, time= 29.0s | Train: skip eval | Valid: time=  2.1s loss=1.023, TAw acc= 93.5% | lr=6.6e-03
| Epoch  37, time= 32.1s | Train: skip eval | Valid: time=  2.4s loss=1.049, TAw acc= 93.8% | lr=6.4e-03
| Epoch  38, time= 30.8s | Train: skip eval | Valid: time=  2.2s loss=1.022, TAw acc= 93.8% | lr=6.2e-03
| Epoch  39, time= 30.9s | Train: skip eval | Valid: time=  2.0s loss=1.004, TAw acc= 93.5% | lr=6.1e-03
| Epoch  40, time= 31.4s | Train: skip eval | Valid: time=  2.2s loss=1.008, TAw acc= 93.5% | lr=5.9e-03
| Epoch  41, time= 35.4s | Train: skip eval | Valid: time=  2.6s loss=1.007, TAw acc= 93.2% | lr=5.7e-03
| Epoch  42, time= 29.0s | Train: skip eval | Valid: time=  2.1s loss=1.041, TAw acc= 93.5% | lr=5.6e-03
| Epoch  43, time= 33.9s | Train: skip eval | Valid: time=  2.1s loss=0.978, TAw acc= 93.0% | lr=5.4e-03
| Epoch  44, time= 30.6s | Train: skip eval | Valid: time=  2.1s loss=1.018, TAw acc= 94.2% | lr=5.2e-03
| Epoch  45, time= 28.8s | Train: skip eval | Valid: time=  2.3s loss=0.989, TAw acc= 93.2% | lr=5.1e-03
| Epoch  46, time= 33.1s | Train: skip eval | Valid: time=  2.1s loss=0.986, TAw acc= 93.8% | lr=4.9e-03
| Epoch  47, time= 30.8s | Train: skip eval | Valid: time=  2.3s loss=0.983, TAw acc= 93.8% | lr=4.7e-03
| Epoch  48, time= 28.0s | Train: skip eval | Valid: time=  2.1s loss=0.969, TAw acc= 94.5% | * lr=4.5e-03
| Epoch  49, time= 31.7s | Train: skip eval | Valid: time=  2.1s loss=0.963, TAw acc= 93.8% | * lr=4.4e-03
| Epoch  50, time= 29.1s | Train: skip eval | Valid: time=  2.0s loss=0.969, TAw acc= 93.8% | lr=4.2e-03
| Epoch  51, time= 27.9s | Train: skip eval | Valid: time=  2.0s loss=0.987, TAw acc= 93.8% | lr=4.0e-03
| Epoch  52, time= 34.1s | Train: skip eval | Valid: time=  2.1s loss=0.974, TAw acc= 93.2% | lr=3.9e-03
| Epoch  53, time= 31.2s | Train: skip eval | Valid: time=  2.0s loss=0.966, TAw acc= 92.5% | lr=3.7e-03
| Epoch  54, time= 32.2s | Train: skip eval | Valid: time=  2.3s loss=0.978, TAw acc= 93.8% | lr=3.5e-03
| Epoch  55, time= 29.5s | Train: skip eval | Valid: time=  2.5s loss=0.966, TAw acc= 93.0% | lr=3.4e-03
| Epoch  56, time= 29.5s | Train: skip eval | Valid: time=  2.6s loss=0.951, TAw acc= 94.0% | * lr=3.2e-03
| Epoch  57, time= 34.7s | Train: skip eval | Valid: time=  2.1s loss=0.971, TAw acc= 94.2% | lr=3.0e-03
| Epoch  58, time= 27.7s | Train: skip eval | Valid: time=  2.0s loss=0.982, TAw acc= 94.0% | lr=2.9e-03
| Epoch  59, time= 32.6s | Train: skip eval | Valid: time=  2.4s loss=0.979, TAw acc= 93.2% | lr=2.7e-03
| Epoch  60, time= 28.5s | Train: skip eval | Valid: time=  2.0s loss=0.962, TAw acc= 93.8% | lr=2.6e-03
| Epoch  61, time= 35.4s | Train: skip eval | Valid: time=  2.4s loss=0.983, TAw acc= 92.5% | lr=2.4e-03
| Epoch  62, time= 32.7s | Train: skip eval | Valid: time=  2.0s loss=0.953, TAw acc= 94.0% | lr=2.3e-03
| Epoch  63, time= 29.5s | Train: skip eval | Valid: time=  2.0s loss=0.964, TAw acc= 94.5% | lr=2.1e-03
| Epoch  64, time= 31.2s | Train: skip eval | Valid: time=  2.0s loss=0.946, TAw acc= 94.8% | * lr=2.0e-03
| Epoch  65, time= 28.0s | Train: skip eval | Valid: time=  2.3s loss=0.949, TAw acc= 94.0% | lr=1.9e-03
| Epoch  66, time= 31.5s | Train: skip eval | Valid: time=  2.1s loss=0.972, TAw acc= 94.0% | lr=1.7e-03
| Epoch  67, time= 33.0s | Train: skip eval | Valid: time=  2.0s loss=0.983, TAw acc= 94.8% | lr=1.6e-03
| Epoch  68, time= 32.2s | Train: skip eval | Valid: time=  2.0s loss=0.996, TAw acc= 93.5% | lr=1.5e-03
| Epoch  69, time= 31.0s | Train: skip eval | Valid: time=  2.0s loss=0.992, TAw acc= 93.5% | lr=1.4e-03
| Epoch  70, time= 31.2s | Train: skip eval | Valid: time=  2.5s loss=0.981, TAw acc= 93.8% | lr=1.3e-03
| Epoch  71, time= 35.0s | Train: skip eval | Valid: time=  2.1s loss=0.995, TAw acc= 93.5% | lr=1.1e-03
| Epoch  72, time= 31.4s | Train: skip eval | Valid: time=  2.1s loss=1.002, TAw acc= 93.5% | lr=1.0e-03
| Epoch  73, time= 32.6s | Train: skip eval | Valid: time=  2.2s loss=0.994, TAw acc= 93.5% | lr=9.5e-04
| Epoch  74, time= 29.2s | Train: skip eval | Valid: time=  2.5s loss=0.979, TAw acc= 93.2% | lr=8.5e-04
| Epoch  75, time= 32.3s | Train: skip eval | Valid: time=  2.1s loss=0.985, TAw acc= 93.5% | lr=7.6e-04
| Epoch  76, time= 34.0s | Train: skip eval | Valid: time=  2.1s loss=0.985, TAw acc= 93.8% | lr=6.8e-04
| Epoch  77, time= 35.2s | Train: skip eval | Valid: time=  2.0s loss=0.981, TAw acc= 93.8% | lr=6.0e-04
| Epoch  78, time= 30.0s | Train: skip eval | Valid: time=  2.0s loss=0.982, TAw acc= 93.5% | lr=5.3e-04
| Epoch  79, time= 31.6s | Train: skip eval | Valid: time=  2.1s loss=0.984, TAw acc= 93.5% | lr=4.6e-04
| Epoch  80, time= 29.4s | Train: skip eval | Valid: time=  2.1s loss=0.977, TAw acc= 93.8% | lr=4.0e-04
| Epoch  81, time= 32.2s | Train: skip eval | Valid: time=  2.0s loss=0.986, TAw acc= 93.2% | lr=3.4e-04
| Epoch  82, time= 34.1s | Train: skip eval | Valid: time=  2.0s loss=0.982, TAw acc= 93.5% | lr=2.9e-04
| Epoch  83, time= 28.2s | Train: skip eval | Valid: time=  2.0s loss=0.976, TAw acc= 94.0% | lr=2.5e-04
| Epoch  84, time= 31.4s | Train: skip eval | Valid: time=  2.1s loss=0.975, TAw acc= 94.0% | lr=2.1e-04
| Epoch  85, time= 30.3s | Train: skip eval | Valid: time=  2.1s loss=0.977, TAw acc= 93.8% | lr=1.8e-04
| Epoch  86, time= 30.0s | Train: skip eval | Valid: time=  2.0s loss=0.976, TAw acc= 93.8% | lr=1.5e-04
| Epoch  87, time= 27.7s | Train: skip eval | Valid: time=  2.1s loss=0.976, TAw acc= 93.8% | lr=1.3e-04
| Epoch  88, time= 30.3s | Train: skip eval | Valid: time=  2.1s loss=0.978, TAw acc= 93.8% | lr=1.1e-04
| Epoch  89, time= 31.4s | Train: skip eval | Valid: time=  2.2s loss=0.979, TAw acc= 93.8% | lr=1.0e-04
| Epoch  90, time= 30.4s | Train: skip eval | Valid: time=  2.0s loss=0.980, TAw acc= 93.8% | lr=1.0e-04
[params] total:42,594,930  trainable:42,594,930  tensors:314  trainable_tensors:314
| Epoch   1, time= 34.1s | Train: skip eval | Valid: time=  2.0s loss=1.182, TAw acc= 94.5% | * lr=1.0e-04
| Epoch   2, time= 32.2s | Train: skip eval | Valid: time=  2.5s loss=1.179, TAw acc= 94.5% | * lr=1.0e-04
| Epoch   3, time= 30.8s | Train: skip eval | Valid: time=  2.0s loss=1.177, TAw acc= 94.5% | * lr=1.0e-04
| Epoch   4, time= 31.5s | Train: skip eval | Valid: time=  2.6s loss=1.175, TAw acc= 94.5% | * lr=1.0e-04
| Epoch   5, time= 35.0s | Train: skip eval | Valid: time=  2.0s loss=1.174, TAw acc= 94.5% | * lr=1.0e-04
| Epoch   6, time= 33.8s | Train: skip eval | Valid: time=  2.3s loss=1.175, TAw acc= 94.0% | lr=1.0e-04
| Epoch   7, time= 31.3s | Train: skip eval | Valid: time=  2.1s loss=1.174, TAw acc= 94.2% | lr=1.0e-04
| Epoch   8, time= 33.4s | Train: skip eval | Valid: time=  2.1s loss=1.174, TAw acc= 94.2% | * lr=1.0e-04
| Epoch   9, time= 30.3s | Train: skip eval | Valid: time=  2.4s loss=1.173, TAw acc= 94.2% | * lr=1.0e-04
| Epoch  10, time= 30.6s | Train: skip eval | Valid: time=  2.5s loss=1.175, TAw acc= 94.2% | lr=1.0e-04
| Epoch  11, time= 30.7s | Train: skip eval | Valid: time=  2.5s loss=1.175, TAw acc= 94.2% | lr=1.0e-04
| Epoch  12, time= 29.6s | Train: skip eval | Valid: time=  2.6s loss=1.176, TAw acc= 94.2% | lr=1.0e-04
| Epoch  13, time= 31.6s | Train: skip eval | Valid: time=  2.0s loss=1.176, TAw acc= 94.5% | lr=1.0e-04
| Epoch  14, time= 34.9s | Train: skip eval | Valid: time=  2.4s loss=1.175, TAw acc= 94.2% | lr=1.0e-04
| Epoch  15, time= 35.6s | Train: skip eval | Valid: time=  2.1s loss=1.174, TAw acc= 94.2% | lr=1.0e-04
| Epoch  16, time= 29.4s | Train: skip eval | Valid: time=  2.2s loss=1.173, TAw acc= 94.2% | * lr=1.0e-04
| Epoch  17, time= 30.5s | Train: skip eval | Valid: time=  2.0s loss=1.172, TAw acc= 94.5% | * lr=1.0e-04
| Epoch  18, time= 28.7s | Train: skip eval | Valid: time=  2.0s loss=1.172, TAw acc= 94.2% | * lr=1.0e-04
| Epoch  19, time= 35.7s | Train: skip eval | Valid: time=  2.0s loss=1.173, TAw acc= 94.2% | lr=1.0e-04
| Epoch  20, time= 32.5s | Train: skip eval | Valid: time=  2.0s loss=1.173, TAw acc= 94.0% | lr=1.0e-04
| Epoch  21, time= 32.3s | Train: skip eval | Valid: time=  2.2s loss=1.174, TAw acc= 94.0% | lr=1.0e-04
| Epoch  22, time= 29.6s | Train: skip eval | Valid: time=  2.0s loss=1.174, TAw acc= 94.0% | lr=1.0e-04
| Epoch  23, time= 33.5s | Train: skip eval | Valid: time=  2.0s loss=1.174, TAw acc= 94.0% | lr=1.0e-04
| Epoch  24, time= 33.0s | Train: skip eval | Valid: time=  2.0s loss=1.173, TAw acc= 94.2% | lr=1.0e-04
| Epoch  25, time= 29.1s | Train: skip eval | Valid: time=  2.1s loss=1.172, TAw acc= 94.0% | lr=1.0e-04
| Epoch  26, time= 29.9s | Train: skip eval | Valid: time=  2.0s loss=1.171, TAw acc= 94.2% | * lr=1.0e-04
| Epoch  27, time= 34.7s | Train: skip eval | Valid: time=  2.0s loss=1.171, TAw acc= 94.2% | lr=1.0e-04
| Epoch  28, time= 34.7s | Train: skip eval | Valid: time=  2.0s loss=1.170, TAw acc= 94.2% | * lr=1.0e-04
| Epoch  29, time= 34.0s | Train: skip eval | Valid: time=  2.0s loss=1.169, TAw acc= 94.2% | * lr=1.0e-04
| Epoch  30, time= 33.9s | Train: skip eval | Valid: time=  2.0s loss=1.168, TAw acc= 94.2% | * lr=1.0e-04
| Epoch  31, time= 33.6s | Train: skip eval | Valid: time=  2.5s loss=1.170, TAw acc= 94.2% | lr=1.0e-04
| Epoch  32, time= 30.4s | Train: skip eval | Valid: time=  2.2s loss=1.169, TAw acc= 94.2% | lr=1.0e-04
| Epoch  33, time= 32.3s | Train: skip eval | Valid: time=  2.0s loss=1.170, TAw acc= 94.2% | lr=1.0e-04
| Epoch  34, time= 30.7s | Train: skip eval | Valid: time=  2.1s loss=1.168, TAw acc= 94.2% | * lr=1.0e-04
| Epoch  35, time= 36.0s | Train: skip eval | Valid: time=  2.6s loss=1.167, TAw acc= 94.2% | * lr=1.0e-04
| Epoch  36, time= 32.0s | Train: skip eval | Valid: time=  2.1s loss=1.167, TAw acc= 94.2% | * lr=1.0e-04
| Epoch  37, time= 30.2s | Train: skip eval | Valid: time=  2.0s loss=1.168, TAw acc= 94.2% | lr=1.0e-04
| Epoch  38, time= 33.4s | Train: skip eval | Valid: time=  2.0s loss=1.169, TAw acc= 94.2% | lr=1.0e-04
| Epoch  39, time= 34.0s | Train: skip eval | Valid: time=  2.0s loss=1.170, TAw acc= 94.2% | lr=1.0e-04
| Epoch  40, time= 45.3s | Train: skip eval | Valid: time=  3.6s loss=1.168, TAw acc= 94.2% | lr=1.0e-04
| Selected 4000 train exemplars, time=  4.5s
------------------------------------------------------------------------------------------------------------
>>> Test on task  0 : loss=1.072 | TAw acc= 95.1%, forg=  0.5% | TAg acc= 77.7%, forg= 16.7% <<<
>>> Test on task  1 : loss=1.281 | TAw acc= 92.5%, forg=  0.2% | TAg acc= 76.3%, forg= 11.3% <<<
>>> Test on task  2 : loss=1.047 | TAw acc= 95.3%, forg=  0.1% | TAg acc= 81.3%, forg= 11.0% <<<
>>> Test on task  3 : loss=1.660 | TAw acc= 89.2%, forg=  1.4% | TAg acc= 74.2%, forg= 13.2% <<<
>>> Test on task  4 : loss=1.261 | TAw acc= 91.4%, forg=  0.0% | TAg acc= 88.3%, forg=  0.0% <<<
Save at ./results/./results/resnetv2_101x1_bit.goog_in21k/inat200/eeil/10
************************************************************************************************************
TAw Acc
	 94.4%   0.0%   0.0%   0.0%   0.0%   0.0%   0.0%   0.0%   0.0%   0.0%   0.0%   0.0%   0.0%   0.0%   0.0%   0.0%   0.0%   0.0%   0.0%   0.0% 	Avg.: 94.4% 
	 94.0%  92.2%   0.0%   0.0%   0.0%   0.0%   0.0%   0.0%   0.0%   0.0%   0.0%   0.0%   0.0%   0.0%   0.0%   0.0%   0.0%   0.0%   0.0%   0.0% 	Avg.: 93.1% 
	 95.6%  92.7%  95.4%   0.0%   0.0%   0.0%   0.0%   0.0%   0.0%   0.0%   0.0%   0.0%   0.0%   0.0%   0.0%   0.0%   0.0%   0.0%   0.0%   0.0% 	Avg.: 94.6% 
	 94.9%  92.6%  95.2%  90.6%   0.0%   0.0%   0.0%   0.0%   0.0%   0.0%   0.0%   0.0%   0.0%   0.0%   0.0%   0.0%   0.0%   0.0%   0.0%   0.0% 	Avg.: 93.3% 
	 95.1%  92.5%  95.3%  89.2%  91.4%   0.0%   0.0%   0.0%   0.0%   0.0%   0.0%   0.0%   0.0%   0.0%   0.0%   0.0%   0.0%   0.0%   0.0%   0.0% 	Avg.: 92.7% 
	  0.0%   0.0%   0.0%   0.0%   0.0%   0.0%   0.0%   0.0%   0.0%   0.0%   0.0%   0.0%   0.0%   0.0%   0.0%   0.0%   0.0%   0.0%   0.0%   0.0% 	Avg.:  0.0% 
	  0.0%   0.0%   0.0%   0.0%   0.0%   0.0%   0.0%   0.0%   0.0%   0.0%   0.0%   0.0%   0.0%   0.0%   0.0%   0.0%   0.0%   0.0%   0.0%   0.0% 	Avg.:  0.0% 
	  0.0%   0.0%   0.0%   0.0%   0.0%   0.0%   0.0%   0.0%   0.0%   0.0%   0.0%   0.0%   0.0%   0.0%   0.0%   0.0%   0.0%   0.0%   0.0%   0.0% 	Avg.:  0.0% 
	  0.0%   0.0%   0.0%   0.0%   0.0%   0.0%   0.0%   0.0%   0.0%   0.0%   0.0%   0.0%   0.0%   0.0%   0.0%   0.0%   0.0%   0.0%   0.0%   0.0% 	Avg.:  0.0% 
	  0.0%   0.0%   0.0%   0.0%   0.0%   0.0%   0.0%   0.0%   0.0%   0.0%   0.0%   0.0%   0.0%   0.0%   0.0%   0.0%   0.0%   0.0%   0.0%   0.0% 	Avg.:  0.0% 
	  0.0%   0.0%   0.0%   0.0%   0.0%   0.0%   0.0%   0.0%   0.0%   0.0%   0.0%   0.0%   0.0%   0.0%   0.0%   0.0%   0.0%   0.0%   0.0%   0.0% 	Avg.:  0.0% 
	  0.0%   0.0%   0.0%   0.0%   0.0%   0.0%   0.0%   0.0%   0.0%   0.0%   0.0%   0.0%   0.0%   0.0%   0.0%   0.0%   0.0%   0.0%   0.0%   0.0% 	Avg.:  0.0% 
	  0.0%   0.0%   0.0%   0.0%   0.0%   0.0%   0.0%   0.0%   0.0%   0.0%   0.0%   0.0%   0.0%   0.0%   0.0%   0.0%   0.0%   0.0%   0.0%   0.0% 	Avg.:  0.0% 
	  0.0%   0.0%   0.0%   0.0%   0.0%   0.0%   0.0%   0.0%   0.0%   0.0%   0.0%   0.0%   0.0%   0.0%   0.0%   0.0%   0.0%   0.0%   0.0%   0.0% 	Avg.:  0.0% 
	  0.0%   0.0%   0.0%   0.0%   0.0%   0.0%   0.0%   0.0%   0.0%   0.0%   0.0%   0.0%   0.0%   0.0%   0.0%   0.0%   0.0%   0.0%   0.0%   0.0% 	Avg.:  0.0% 
	  0.0%   0.0%   0.0%   0.0%   0.0%   0.0%   0.0%   0.0%   0.0%   0.0%   0.0%   0.0%   0.0%   0.0%   0.0%   0.0%   0.0%   0.0%   0.0%   0.0% 	Avg.:  0.0% 
	  0.0%   0.0%   0.0%   0.0%   0.0%   0.0%   0.0%   0.0%   0.0%   0.0%   0.0%   0.0%   0.0%   0.0%   0.0%   0.0%   0.0%   0.0%   0.0%   0.0% 	Avg.:  0.0% 
	  0.0%   0.0%   0.0%   0.0%   0.0%   0.0%   0.0%   0.0%   0.0%   0.0%   0.0%   0.0%   0.0%   0.0%   0.0%   0.0%   0.0%   0.0%   0.0%   0.0% 	Avg.:  0.0% 
	  0.0%   0.0%   0.0%   0.0%   0.0%   0.0%   0.0%   0.0%   0.0%   0.0%   0.0%   0.0%   0.0%   0.0%   0.0%   0.0%   0.0%   0.0%   0.0%   0.0% 	Avg.:  0.0% 
	  0.0%   0.0%   0.0%   0.0%   0.0%   0.0%   0.0%   0.0%   0.0%   0.0%   0.0%   0.0%   0.0%   0.0%   0.0%   0.0%   0.0%   0.0%   0.0%   0.0% 	Avg.:  0.0% 
************************************************************************************************************
TAg Acc
	 94.4%   0.0%   0.0%   0.0%   0.0%   0.0%   0.0%   0.0%   0.0%   0.0%   0.0%   0.0%   0.0%   0.0%   0.0%   0.0%   0.0%   0.0%   0.0%   0.0% 	Avg.: 94.4% 
	 88.8%  87.6%   0.0%   0.0%   0.0%   0.0%   0.0%   0.0%   0.0%   0.0%   0.0%   0.0%   0.0%   0.0%   0.0%   0.0%   0.0%   0.0%   0.0%   0.0% 	Avg.: 88.2% 
	 83.7%  84.2%  92.3%   0.0%   0.0%   0.0%   0.0%   0.0%   0.0%   0.0%   0.0%   0.0%   0.0%   0.0%   0.0%   0.0%   0.0%   0.0%   0.0%   0.0% 	Avg.: 86.7% 
	 79.4%  75.6%  85.6%  87.4%   0.0%   0.0%   0.0%   0.0%   0.0%   0.0%   0.0%   0.0%   0.0%   0.0%   0.0%   0.0%   0.0%   0.0%   0.0%   0.0% 	Avg.: 82.0% 
	 77.7%  76.3%  81.3%  74.2%  88.3%   0.0%   0.0%   0.0%   0.0%   0.0%   0.0%   0.0%   0.0%   0.0%   0.0%   0.0%   0.0%   0.0%   0.0%   0.0% 	Avg.: 79.6% 
	  0.0%   0.0%   0.0%   0.0%   0.0%   0.0%   0.0%   0.0%   0.0%   0.0%   0.0%   0.0%   0.0%   0.0%   0.0%   0.0%   0.0%   0.0%   0.0%   0.0% 	Avg.:  0.0% 
	  0.0%   0.0%   0.0%   0.0%   0.0%   0.0%   0.0%   0.0%   0.0%   0.0%   0.0%   0.0%   0.0%   0.0%   0.0%   0.0%   0.0%   0.0%   0.0%   0.0% 	Avg.:  0.0% 
	  0.0%   0.0%   0.0%   0.0%   0.0%   0.0%   0.0%   0.0%   0.0%   0.0%   0.0%   0.0%   0.0%   0.0%   0.0%   0.0%   0.0%   0.0%   0.0%   0.0% 	Avg.:  0.0% 
	  0.0%   0.0%   0.0%   0.0%   0.0%   0.0%   0.0%   0.0%   0.0%   0.0%   0.0%   0.0%   0.0%   0.0%   0.0%   0.0%   0.0%   0.0%   0.0%   0.0% 	Avg.:  0.0% 
	  0.0%   0.0%   0.0%   0.0%   0.0%   0.0%   0.0%   0.0%   0.0%   0.0%   0.0%   0.0%   0.0%   0.0%   0.0%   0.0%   0.0%   0.0%   0.0%   0.0% 	Avg.:  0.0% 
	  0.0%   0.0%   0.0%   0.0%   0.0%   0.0%   0.0%   0.0%   0.0%   0.0%   0.0%   0.0%   0.0%   0.0%   0.0%   0.0%   0.0%   0.0%   0.0%   0.0% 	Avg.:  0.0% 
	  0.0%   0.0%   0.0%   0.0%   0.0%   0.0%   0.0%   0.0%   0.0%   0.0%   0.0%   0.0%   0.0%   0.0%   0.0%   0.0%   0.0%   0.0%   0.0%   0.0% 	Avg.:  0.0% 
	  0.0%   0.0%   0.0%   0.0%   0.0%   0.0%   0.0%   0.0%   0.0%   0.0%   0.0%   0.0%   0.0%   0.0%   0.0%   0.0%   0.0%   0.0%   0.0%   0.0% 	Avg.:  0.0% 
	  0.0%   0.0%   0.0%   0.0%   0.0%   0.0%   0.0%   0.0%   0.0%   0.0%   0.0%   0.0%   0.0%   0.0%   0.0%   0.0%   0.0%   0.0%   0.0%   0.0% 	Avg.:  0.0% 
	  0.0%   0.0%   0.0%   0.0%   0.0%   0.0%   0.0%   0.0%   0.0%   0.0%   0.0%   0.0%   0.0%   0.0%   0.0%   0.0%   0.0%   0.0%   0.0%   0.0% 	Avg.:  0.0% 
	  0.0%   0.0%   0.0%   0.0%   0.0%   0.0%   0.0%   0.0%   0.0%   0.0%   0.0%   0.0%   0.0%   0.0%   0.0%   0.0%   0.0%   0.0%   0.0%   0.0% 	Avg.:  0.0% 
	  0.0%   0.0%   0.0%   0.0%   0.0%   0.0%   0.0%   0.0%   0.0%   0.0%   0.0%   0.0%   0.0%   0.0%   0.0%   0.0%   0.0%   0.0%   0.0%   0.0% 	Avg.:  0.0% 
	  0.0%   0.0%   0.0%   0.0%   0.0%   0.0%   0.0%   0.0%   0.0%   0.0%   0.0%   0.0%   0.0%   0.0%   0.0%   0.0%   0.0%   0.0%   0.0%   0.0% 	Avg.:  0.0% 
	  0.0%   0.0%   0.0%   0.0%   0.0%   0.0%   0.0%   0.0%   0.0%   0.0%   0.0%   0.0%   0.0%   0.0%   0.0%   0.0%   0.0%   0.0%   0.0%   0.0% 	Avg.:  0.0% 
	  0.0%   0.0%   0.0%   0.0%   0.0%   0.0%   0.0%   0.0%   0.0%   0.0%   0.0%   0.0%   0.0%   0.0%   0.0%   0.0%   0.0%   0.0%   0.0%   0.0% 	Avg.:  0.0% 
************************************************************************************************************
TAw Forg
	  0.0%   0.0%   0.0%   0.0%   0.0%   0.0%   0.0%   0.0%   0.0%   0.0%   0.0%   0.0%   0.0%   0.0%   0.0%   0.0%   0.0%   0.0%   0.0%   0.0% 
	  0.4%   0.0%   0.0%   0.0%   0.0%   0.0%   0.0%   0.0%   0.0%   0.0%   0.0%   0.0%   0.0%   0.0%   0.0%   0.0%   0.0%   0.0%   0.0%   0.0% 	Avg.:  0.4% 
	 -1.2%  -0.5%   0.0%   0.0%   0.0%   0.0%   0.0%   0.0%   0.0%   0.0%   0.0%   0.0%   0.0%   0.0%   0.0%   0.0%   0.0%   0.0%   0.0%   0.0% 	Avg.: -0.9% 
	  0.7%   0.1%   0.2%   0.0%   0.0%   0.0%   0.0%   0.0%   0.0%   0.0%   0.0%   0.0%   0.0%   0.0%   0.0%   0.0%   0.0%   0.0%   0.0%   0.0% 	Avg.:  0.3% 
	  0.5%   0.2%   0.1%   1.4%   0.0%   0.0%   0.0%   0.0%   0.0%   0.0%   0.0%   0.0%   0.0%   0.0%   0.0%   0.0%   0.0%   0.0%   0.0%   0.0% 	Avg.:  0.5% 
	  0.0%   0.0%   0.0%   0.0%   0.0%   0.0%   0.0%   0.0%   0.0%   0.0%   0.0%   0.0%   0.0%   0.0%   0.0%   0.0%   0.0%   0.0%   0.0%   0.0% 	Avg.:  0.0% 
	  0.0%   0.0%   0.0%   0.0%   0.0%   0.0%   0.0%   0.0%   0.0%   0.0%   0.0%   0.0%   0.0%   0.0%   0.0%   0.0%   0.0%   0.0%   0.0%   0.0% 	Avg.:  0.0% 
	  0.0%   0.0%   0.0%   0.0%   0.0%   0.0%   0.0%   0.0%   0.0%   0.0%   0.0%   0.0%   0.0%   0.0%   0.0%   0.0%   0.0%   0.0%   0.0%   0.0% 	Avg.:  0.0% 
	  0.0%   0.0%   0.0%   0.0%   0.0%   0.0%   0.0%   0.0%   0.0%   0.0%   0.0%   0.0%   0.0%   0.0%   0.0%   0.0%   0.0%   0.0%   0.0%   0.0% 	Avg.:  0.0% 
	  0.0%   0.0%   0.0%   0.0%   0.0%   0.0%   0.0%   0.0%   0.0%   0.0%   0.0%   0.0%   0.0%   0.0%   0.0%   0.0%   0.0%   0.0%   0.0%   0.0% 	Avg.:  0.0% 
	  0.0%   0.0%   0.0%   0.0%   0.0%   0.0%   0.0%   0.0%   0.0%   0.0%   0.0%   0.0%   0.0%   0.0%   0.0%   0.0%   0.0%   0.0%   0.0%   0.0% 	Avg.:  0.0% 
	  0.0%   0.0%   0.0%   0.0%   0.0%   0.0%   0.0%   0.0%   0.0%   0.0%   0.0%   0.0%   0.0%   0.0%   0.0%   0.0%   0.0%   0.0%   0.0%   0.0% 	Avg.:  0.0% 
	  0.0%   0.0%   0.0%   0.0%   0.0%   0.0%   0.0%   0.0%   0.0%   0.0%   0.0%   0.0%   0.0%   0.0%   0.0%   0.0%   0.0%   0.0%   0.0%   0.0% 	Avg.:  0.0% 
	  0.0%   0.0%   0.0%   0.0%   0.0%   0.0%   0.0%   0.0%   0.0%   0.0%   0.0%   0.0%   0.0%   0.0%   0.0%   0.0%   0.0%   0.0%   0.0%   0.0% 	Avg.:  0.0% 
	  0.0%   0.0%   0.0%   0.0%   0.0%   0.0%   0.0%   0.0%   0.0%   0.0%   0.0%   0.0%   0.0%   0.0%   0.0%   0.0%   0.0%   0.0%   0.0%   0.0% 	Avg.:  0.0% 
	  0.0%   0.0%   0.0%   0.0%   0.0%   0.0%   0.0%   0.0%   0.0%   0.0%   0.0%   0.0%   0.0%   0.0%   0.0%   0.0%   0.0%   0.0%   0.0%   0.0% 	Avg.:  0.0% 
	  0.0%   0.0%   0.0%   0.0%   0.0%   0.0%   0.0%   0.0%   0.0%   0.0%   0.0%   0.0%   0.0%   0.0%   0.0%   0.0%   0.0%   0.0%   0.0%   0.0% 	Avg.:  0.0% 
	  0.0%   0.0%   0.0%   0.0%   0.0%   0.0%   0.0%   0.0%   0.0%   0.0%   0.0%   0.0%   0.0%   0.0%   0.0%   0.0%   0.0%   0.0%   0.0%   0.0% 	Avg.:  0.0% 
	  0.0%   0.0%   0.0%   0.0%   0.0%   0.0%   0.0%   0.0%   0.0%   0.0%   0.0%   0.0%   0.0%   0.0%   0.0%   0.0%   0.0%   0.0%   0.0%   0.0% 	Avg.:  0.0% 
	  0.0%   0.0%   0.0%   0.0%   0.0%   0.0%   0.0%   0.0%   0.0%   0.0%   0.0%   0.0%   0.0%   0.0%   0.0%   0.0%   0.0%   0.0%   0.0%   0.0% 	Avg.:  0.0% 
************************************************************************************************************
TAg Forg
	  0.0%   0.0%   0.0%   0.0%   0.0%   0.0%   0.0%   0.0%   0.0%   0.0%   0.0%   0.0%   0.0%   0.0%   0.0%   0.0%   0.0%   0.0%   0.0%   0.0% 
	  5.6%   0.0%   0.0%   0.0%   0.0%   0.0%   0.0%   0.0%   0.0%   0.0%   0.0%   0.0%   0.0%   0.0%   0.0%   0.0%   0.0%   0.0%   0.0%   0.0% 	Avg.:  5.6% 
	 10.7%   3.4%   0.0%   0.0%   0.0%   0.0%   0.0%   0.0%   0.0%   0.0%   0.0%   0.0%   0.0%   0.0%   0.0%   0.0%   0.0%   0.0%   0.0%   0.0% 	Avg.:  7.1% 
	 15.0%  12.0%   6.7%   0.0%   0.0%   0.0%   0.0%   0.0%   0.0%   0.0%   0.0%   0.0%   0.0%   0.0%   0.0%   0.0%   0.0%   0.0%   0.0%   0.0% 	Avg.: 11.2% 
	 16.7%  11.3%  11.0%  13.2%   0.0%   0.0%   0.0%   0.0%   0.0%   0.0%   0.0%   0.0%   0.0%   0.0%   0.0%   0.0%   0.0%   0.0%   0.0%   0.0% 	Avg.: 13.0% 
	  0.0%   0.0%   0.0%   0.0%   0.0%   0.0%   0.0%   0.0%   0.0%   0.0%   0.0%   0.0%   0.0%   0.0%   0.0%   0.0%   0.0%   0.0%   0.0%   0.0% 	Avg.:  0.0% 
	  0.0%   0.0%   0.0%   0.0%   0.0%   0.0%   0.0%   0.0%   0.0%   0.0%   0.0%   0.0%   0.0%   0.0%   0.0%   0.0%   0.0%   0.0%   0.0%   0.0% 	Avg.:  0.0% 
	  0.0%   0.0%   0.0%   0.0%   0.0%   0.0%   0.0%   0.0%   0.0%   0.0%   0.0%   0.0%   0.0%   0.0%   0.0%   0.0%   0.0%   0.0%   0.0%   0.0% 	Avg.:  0.0% 
	  0.0%   0.0%   0.0%   0.0%   0.0%   0.0%   0.0%   0.0%   0.0%   0.0%   0.0%   0.0%   0.0%   0.0%   0.0%   0.0%   0.0%   0.0%   0.0%   0.0% 	Avg.:  0.0% 
	  0.0%   0.0%   0.0%   0.0%   0.0%   0.0%   0.0%   0.0%   0.0%   0.0%   0.0%   0.0%   0.0%   0.0%   0.0%   0.0%   0.0%   0.0%   0.0%   0.0% 	Avg.:  0.0% 
	  0.0%   0.0%   0.0%   0.0%   0.0%   0.0%   0.0%   0.0%   0.0%   0.0%   0.0%   0.0%   0.0%   0.0%   0.0%   0.0%   0.0%   0.0%   0.0%   0.0% 	Avg.:  0.0% 
	  0.0%   0.0%   0.0%   0.0%   0.0%   0.0%   0.0%   0.0%   0.0%   0.0%   0.0%   0.0%   0.0%   0.0%   0.0%   0.0%   0.0%   0.0%   0.0%   0.0% 	Avg.:  0.0% 
	  0.0%   0.0%   0.0%   0.0%   0.0%   0.0%   0.0%   0.0%   0.0%   0.0%   0.0%   0.0%   0.0%   0.0%   0.0%   0.0%   0.0%   0.0%   0.0%   0.0% 	Avg.:  0.0% 
	  0.0%   0.0%   0.0%   0.0%   0.0%   0.0%   0.0%   0.0%   0.0%   0.0%   0.0%   0.0%   0.0%   0.0%   0.0%   0.0%   0.0%   0.0%   0.0%   0.0% 	Avg.:  0.0% 
	  0.0%   0.0%   0.0%   0.0%   0.0%   0.0%   0.0%   0.0%   0.0%   0.0%   0.0%   0.0%   0.0%   0.0%   0.0%   0.0%   0.0%   0.0%   0.0%   0.0% 	Avg.:  0.0% 
	  0.0%   0.0%   0.0%   0.0%   0.0%   0.0%   0.0%   0.0%   0.0%   0.0%   0.0%   0.0%   0.0%   0.0%   0.0%   0.0%   0.0%   0.0%   0.0%   0.0% 	Avg.:  0.0% 
	  0.0%   0.0%   0.0%   0.0%   0.0%   0.0%   0.0%   0.0%   0.0%   0.0%   0.0%   0.0%   0.0%   0.0%   0.0%   0.0%   0.0%   0.0%   0.0%   0.0% 	Avg.:  0.0% 
	  0.0%   0.0%   0.0%   0.0%   0.0%   0.0%   0.0%   0.0%   0.0%   0.0%   0.0%   0.0%   0.0%   0.0%   0.0%   0.0%   0.0%   0.0%   0.0%   0.0% 	Avg.:  0.0% 
	  0.0%   0.0%   0.0%   0.0%   0.0%   0.0%   0.0%   0.0%   0.0%   0.0%   0.0%   0.0%   0.0%   0.0%   0.0%   0.0%   0.0%   0.0%   0.0%   0.0% 	Avg.:  0.0% 
	  0.0%   0.0%   0.0%   0.0%   0.0%   0.0%   0.0%   0.0%   0.0%   0.0%   0.0%   0.0%   0.0%   0.0%   0.0%   0.0%   0.0%   0.0%   0.0%   0.0% 	Avg.:  0.0% 
************************************************************************************************************
[Elapsed time = 1.2 h]
Done!
