START_TASK=8 STOP_TASK=9
============================================================================================================
Arguments =
	approach: finetuning
	batch_size: 64
	classes_first_task: None
	clipping: 10000
	crop: 224
	dataset: cifar100
	eval_on_train: False
	experiment_path: None
	fix_bn: False
	freeze_backbone: False
	gpu: 0
	gpus: [0]
	increment: 10
	last_layer_analysis: False
	log: ['disk']
	lr: 0.01
	lr_factor: None
	lr_min: 0.0001
	lr_patience: None
	lr_scheduler: cosine
	lr_warmup_epochs: 0
	momentum: 0.0
	multi_softmax: False
	nepochs: 50
	network: resnet50.a1_in1k
	no_cudnn_deterministic: False
	normalize: in1k
	num_workers: 2
	optimizer_name: sgd
	pin_memory: False
	pretrained: True
	resize: 224
	results_path: ./results
	save_models: True
	seed: 0
	start_at_task: 8
	start_epoch: 0
	stop_at_task: 9
	stop_epoch: 0
	use_valid_only: False
	warmup_lr_factor: 1.0
	warmup_nepochs: 0
	weight_decay: 0.0
============================================================================================================
Approach arguments =
	all_outputs: False
============================================================================================================
Exemplars arguments =
============================================================================================================
WARNING: ./results/resnet50.a1_in1k/cifar100/finetuning/10 already exists!
Loaded acc_taw from: ./results/resnet50.a1_in1k/cifar100/finetuning/10/acc_taw-7.txt
Loaded acc_tag from: ./results/resnet50.a1_in1k/cifar100/finetuning/10/acc_tag-7.txt
Loaded forg_taw from: ./results/resnet50.a1_in1k/cifar100/finetuning/10/forg_taw-7.txt
Loaded forg_tag from: ./results/resnet50.a1_in1k/cifar100/finetuning/10/forg_tag-7.txt
************************************************************************************************************
Task  8  [epochs 0-50]
************************************************************************************************************
[params] total:23,692,442  trainable:23,692,442  tensors:177  trainable_tensors:177
| Epoch   1, time=  8.7s | Train: skip eval | Valid: time=  1.4s loss=1.292, TAw acc= 83.2% | * lr=1.0e-02
| Epoch   2, time= 10.8s | Train: skip eval | Valid: time=  1.9s loss=0.891, TAw acc= 88.4% | * lr=1.0e-02
| Epoch   3, time= 11.6s | Train: skip eval | Valid: time=  1.1s loss=0.702, TAw acc= 89.0% | * lr=9.9e-03
| Epoch   4, time=  7.7s | Train: skip eval | Valid: time=  1.3s loss=0.581, TAw acc= 91.8% | * lr=9.8e-03
| Epoch   5, time=  7.4s | Train: skip eval | Valid: time=  1.4s loss=0.498, TAw acc= 91.2% | * lr=9.8e-03
| Epoch   6, time=  7.6s | Train: skip eval | Valid: time=  1.4s loss=0.446, TAw acc= 92.4% | * lr=9.7e-03
| Epoch   7, time=  7.7s | Train: skip eval | Valid: time=  1.5s loss=0.431, TAw acc= 91.0% | * lr=9.5e-03
| Epoch   8, time=  7.1s | Train: skip eval | Valid: time=  1.4s loss=0.408, TAw acc= 90.4% | * lr=9.4e-03
| Epoch   9, time=  7.4s | Train: skip eval | Valid: time=  1.4s loss=0.379, TAw acc= 92.0% | * lr=9.2e-03
| Epoch  10, time=  7.1s | Train: skip eval | Valid: time=  1.6s loss=0.345, TAw acc= 91.8% | * lr=9.1e-03
| Epoch  11, time=  7.3s | Train: skip eval | Valid: time=  1.5s loss=0.343, TAw acc= 92.0% | * lr=8.9e-03
| Epoch  12, time=  7.4s | Train: skip eval | Valid: time=  1.4s loss=0.313, TAw acc= 92.4% | * lr=8.7e-03
| Epoch  13, time=  8.3s | Train: skip eval | Valid: time=  1.5s loss=0.311, TAw acc= 92.4% | * lr=8.4e-03
| Epoch  14, time=  7.6s | Train: skip eval | Valid: time=  1.3s loss=0.307, TAw acc= 92.2% | * lr=8.2e-03
| Epoch  15, time=  7.1s | Train: skip eval | Valid: time=  0.8s loss=0.284, TAw acc= 93.6% | * lr=8.0e-03
| Epoch  16, time=  8.1s | Train: skip eval | Valid: time=  1.4s loss=0.266, TAw acc= 94.0% | * lr=7.7e-03
| Epoch  17, time=  7.1s | Train: skip eval | Valid: time=  0.7s loss=0.268, TAw acc= 93.6% | lr=7.4e-03
| Epoch  18, time=  7.4s | Train: skip eval | Valid: time=  1.4s loss=0.259, TAw acc= 94.4% | * lr=7.2e-03
| Epoch  19, time=  7.7s | Train: skip eval | Valid: time=  1.1s loss=0.248, TAw acc= 94.0% | * lr=6.9e-03
| Epoch  20, time=  7.7s | Train: skip eval | Valid: time=  2.3s loss=0.249, TAw acc= 94.2% | lr=6.6e-03
| Epoch  21, time=  7.6s | Train: skip eval | Valid: time=  0.7s loss=0.233, TAw acc= 94.0% | * lr=6.3e-03
| Epoch  22, time=  7.4s | Train: skip eval | Valid: time=  1.2s loss=0.232, TAw acc= 94.0% | * lr=6.0e-03
| Epoch  23, time=  7.9s | Train: skip eval | Valid: time=  0.8s loss=0.237, TAw acc= 94.6% | lr=5.7e-03
| Epoch  24, time=  7.7s | Train: skip eval | Valid: time=  1.0s loss=0.235, TAw acc= 94.2% | lr=5.4e-03
| Epoch  25, time=  7.5s | Train: skip eval | Valid: time=  1.0s loss=0.239, TAw acc= 94.0% | lr=5.1e-03
| Epoch  26, time=  7.2s | Train: skip eval | Valid: time=  1.2s loss=0.230, TAw acc= 94.0% | * lr=4.7e-03
| Epoch  27, time=  7.4s | Train: skip eval | Valid: time=  1.3s loss=0.221, TAw acc= 94.2% | * lr=4.4e-03
| Epoch  28, time=  7.9s | Train: skip eval | Valid: time=  0.8s loss=0.222, TAw acc= 94.0% | lr=4.1e-03
| Epoch  29, time=  6.8s | Train: skip eval | Valid: time=  1.4s loss=0.228, TAw acc= 94.0% | lr=3.8e-03
| Epoch  30, time=  7.5s | Train: skip eval | Valid: time=  1.5s loss=0.218, TAw acc= 94.4% | * lr=3.5e-03
| Epoch  31, time=  8.9s | Train: skip eval | Valid: time=  1.5s loss=0.224, TAw acc= 94.2% | lr=3.2e-03
| Epoch  32, time=  7.5s | Train: skip eval | Valid: time=  2.1s loss=0.219, TAw acc= 94.2% | lr=2.9e-03
| Epoch  33, time=  7.0s | Train: skip eval | Valid: time=  0.7s loss=0.210, TAw acc= 94.8% | * lr=2.7e-03
| Epoch  34, time=  8.3s | Train: skip eval | Valid: time=  1.1s loss=0.219, TAw acc= 94.8% | lr=2.4e-03
| Epoch  35, time=  7.0s | Train: skip eval | Valid: time=  1.5s loss=0.218, TAw acc= 94.4% | lr=2.1e-03
| Epoch  36, time=  7.5s | Train: skip eval | Valid: time=  1.2s loss=0.220, TAw acc= 94.2% | lr=1.9e-03
| Epoch  37, time=  7.1s | Train: skip eval | Valid: time=  1.6s loss=0.208, TAw acc= 94.2% | * lr=1.7e-03
| Epoch  38, time=  7.0s | Train: skip eval | Valid: time=  0.9s loss=0.212, TAw acc= 94.6% | lr=1.4e-03
| Epoch  39, time=  7.4s | Train: skip eval | Valid: time=  1.2s loss=0.207, TAw acc= 94.6% | * lr=1.2e-03
| Epoch  40, time=  7.3s | Train: skip eval | Valid: time=  0.7s loss=0.207, TAw acc= 94.6% | * lr=1.0e-03
| Epoch  41, time=  6.9s | Train: skip eval | Valid: time=  0.8s loss=0.212, TAw acc= 94.2% | lr=8.7e-04
| Epoch  42, time=  7.3s | Train: skip eval | Valid: time=  1.2s loss=0.207, TAw acc= 94.4% | lr=7.1e-04
| Epoch  43, time=  7.2s | Train: skip eval | Valid: time=  0.8s loss=0.213, TAw acc= 94.4% | lr=5.7e-04
| Epoch  44, time=  8.9s | Train: skip eval | Valid: time=  1.3s loss=0.205, TAw acc= 94.0% | * lr=4.5e-04
| Epoch  45, time=  8.3s | Train: skip eval | Valid: time=  0.7s loss=0.203, TAw acc= 94.4% | * lr=3.4e-04
| Epoch  46, time=  8.0s | Train: skip eval | Valid: time=  1.8s loss=0.207, TAw acc= 94.8% | lr=2.6e-04
| Epoch  47, time=  8.5s | Train: skip eval | Valid: time=  1.0s loss=0.206, TAw acc= 94.4% | lr=1.9e-04
| Epoch  48, time=  8.6s | Train: skip eval | Valid: time=  0.8s loss=0.212, TAw acc= 93.8% | lr=1.4e-04
| Epoch  49, time=  7.6s | Train: skip eval | Valid: time=  1.9s loss=0.206, TAw acc= 95.0% | lr=1.1e-04
| Epoch  50, time= 13.0s | Train: skip eval | Valid: time=  1.7s loss=0.211, TAw acc= 93.8% | lr=1.0e-04
------------------------------------------------------------------------------------------------------------
>>> Test on task  0 : loss=0.560 | TAw acc= 80.5%, forg=  1.5% | TAg acc= 37.9%, forg= 33.7% <<<
>>> Test on task  1 : loss=0.334 | TAw acc= 88.2%, forg=  2.4% | TAg acc= 57.9%, forg= 23.7% <<<
>>> Test on task  2 : loss=0.332 | TAw acc= 87.4%, forg=  3.9% | TAg acc= 62.9%, forg= 13.9% <<<
>>> Test on task  3 : loss=0.659 | TAw acc= 80.2%, forg=  2.1% | TAg acc= 35.7%, forg= 16.3% <<<
>>> Test on task  4 : loss=0.243 | TAw acc= 93.0%, forg=  0.5% | TAg acc= 71.9%, forg=  4.4% <<<
>>> Test on task  5 : loss=0.329 | TAw acc= 86.5%, forg=  0.1% | TAg acc= 47.5%, forg=  5.4% <<<
>>> Test on task  6 : loss=0.296 | TAw acc= 90.5%, forg=  0.5% | TAg acc= 58.1%, forg=  3.7% <<<
>>> Test on task  7 : loss=0.239 | TAw acc= 92.8%, forg=  1.4% | TAg acc= 60.2%, forg=  2.8% <<<
>>> Test on task  8 : loss=0.210 | TAw acc= 94.3%, forg=  0.0% | TAg acc= 48.3%, forg=  0.0% <<<
Save at ./results/./results/resnet50.a1_in1k/cifar100/finetuning/10
************************************************************************************************************
TAw Acc
	 71.6%   0.0%   0.0%   0.0%   0.0%   0.0%   0.0%   0.0%   0.0%   0.0% 	Avg.: 71.6% 
	 76.7%  90.6%   0.0%   0.0%   0.0%   0.0%   0.0%   0.0%   0.0%   0.0% 	Avg.: 83.7% 
	 78.0%  89.5%  91.3%   0.0%   0.0%   0.0%   0.0%   0.0%   0.0%   0.0% 	Avg.: 86.3% 
	 71.6%  82.1%  84.6%  82.3%   0.0%   0.0%   0.0%   0.0%   0.0%   0.0% 	Avg.: 80.1% 
	 79.2%  89.6%  88.2%  81.7%  92.5%   0.0%   0.0%   0.0%   0.0%   0.0% 	Avg.: 86.2% 
	 78.8%  87.8%  87.7%  81.6%  92.1%  86.6%   0.0%   0.0%   0.0%   0.0% 	Avg.: 85.8% 
	 80.8%  89.8%  87.9%  79.5%  91.6%  85.2%  91.0%   0.0%   0.0%   0.0% 	Avg.: 86.5% 
	 82.0%  88.8%  89.2%  79.9%  93.5%  85.2%  90.5%  94.2%   0.0%   0.0% 	Avg.: 87.9% 
	 80.5%  88.2%  87.4%  80.2%  93.0%  86.5%  90.5%  92.8%  94.3%   0.0% 	Avg.: 88.2% 
	  0.0%   0.0%   0.0%   0.0%   0.0%   0.0%   0.0%   0.0%   0.0%   0.0% 	Avg.:  0.0% 
************************************************************************************************************
TAg Acc
	 71.6%   0.0%   0.0%   0.0%   0.0%   0.0%   0.0%   0.0%   0.0%   0.0% 	Avg.: 71.6% 
	 56.7%  81.6%   0.0%   0.0%   0.0%   0.0%   0.0%   0.0%   0.0%   0.0% 	Avg.: 69.1% 
	 51.5%  71.9%  76.8%   0.0%   0.0%   0.0%   0.0%   0.0%   0.0%   0.0% 	Avg.: 66.7% 
	 42.9%  59.2%  65.4%  52.0%   0.0%   0.0%   0.0%   0.0%   0.0%   0.0% 	Avg.: 54.9% 
	 43.3%  69.9%  66.6%  45.2%  76.3%   0.0%   0.0%   0.0%   0.0%   0.0% 	Avg.: 60.3% 
	 44.3%  63.9%  66.4%  41.9%  72.8%  52.9%   0.0%   0.0%   0.0%   0.0% 	Avg.: 57.0% 
	 41.6%  67.6%  64.8%  41.1%  73.1%  49.8%  55.6%   0.0%   0.0%   0.0% 	Avg.: 56.2% 
	 41.1%  56.4%  64.7%  41.9%  75.3%  50.1%  61.8%  63.0%   0.0%   0.0% 	Avg.: 56.8% 
	 37.9%  57.9%  62.9%  35.7%  71.9%  47.5%  58.1%  60.2%  48.3%   0.0% 	Avg.: 53.4% 
	  0.0%   0.0%   0.0%   0.0%   0.0%   0.0%   0.0%   0.0%   0.0%   0.0% 	Avg.:  0.0% 
************************************************************************************************************
TAw Forg
	  0.0%   0.0%   0.0%   0.0%   0.0%   0.0%   0.0%   0.0%   0.0%   0.0% 
	 -5.1%   0.0%   0.0%   0.0%   0.0%   0.0%   0.0%   0.0%   0.0%   0.0% 	Avg.: -5.1% 
	 -1.3%   1.1%   0.0%   0.0%   0.0%   0.0%   0.0%   0.0%   0.0%   0.0% 	Avg.: -0.1% 
	  6.4%   8.5%   6.7%   0.0%   0.0%   0.0%   0.0%   0.0%   0.0%   0.0% 	Avg.:  7.2% 
	 -1.2%   1.0%   3.1%   0.6%   0.0%   0.0%   0.0%   0.0%   0.0%   0.0% 	Avg.:  0.9% 
	  0.4%   2.8%   3.6%   0.7%   0.4%   0.0%   0.0%   0.0%   0.0%   0.0% 	Avg.:  1.6% 
	 -1.6%   0.8%   3.4%   2.8%   0.9%   1.4%   0.0%   0.0%   0.0%   0.0% 	Avg.:  1.3% 
	 -1.2%   1.8%   2.1%   2.4%  -1.0%   1.4%   0.5%   0.0%   0.0%   0.0% 	Avg.:  0.9% 
	  1.5%   2.4%   3.9%   2.1%   0.5%   0.1%   0.5%   1.4%   0.0%   0.0% 	Avg.:  1.6% 
	  0.0%   0.0%   0.0%   0.0%   0.0%   0.0%   0.0%   0.0%   0.0%   0.0% 	Avg.:  0.0% 
************************************************************************************************************
TAg Forg
	  0.0%   0.0%   0.0%   0.0%   0.0%   0.0%   0.0%   0.0%   0.0%   0.0% 
	 14.9%   0.0%   0.0%   0.0%   0.0%   0.0%   0.0%   0.0%   0.0%   0.0% 	Avg.: 14.9% 
	 20.1%   9.7%   0.0%   0.0%   0.0%   0.0%   0.0%   0.0%   0.0%   0.0% 	Avg.: 14.9% 
	 28.7%  22.4%  11.4%   0.0%   0.0%   0.0%   0.0%   0.0%   0.0%   0.0% 	Avg.: 20.8% 
	 28.3%  11.7%  10.2%   6.8%   0.0%   0.0%   0.0%   0.0%   0.0%   0.0% 	Avg.: 14.2% 
	 27.3%  17.7%  10.4%  10.1%   3.5%   0.0%   0.0%   0.0%   0.0%   0.0% 	Avg.: 13.8% 
	 30.0%  14.0%  12.0%  10.9%   3.2%   3.1%   0.0%   0.0%   0.0%   0.0% 	Avg.: 12.2% 
	 30.5%  25.2%  12.1%  10.1%   1.0%   2.8%  -6.2%   0.0%   0.0%   0.0% 	Avg.: 10.8% 
	 33.7%  23.7%  13.9%  16.3%   4.4%   5.4%   3.7%   2.8%   0.0%   0.0% 	Avg.: 13.0% 
	  0.0%   0.0%   0.0%   0.0%   0.0%   0.0%   0.0%   0.0%   0.0%   0.0% 	Avg.:  0.0% 
************************************************************************************************************
[Elapsed time = 0.1 h]
Done!
