START_TASK=5 STOP_TASK=6
============================================================================================================
Arguments =
	all_outputs: False
	approach: finetuning
	batch_size: 64
	classes_first_task: None
	clipping: 10000
	crop: 224
	data_path: ../data/food101
	dataset: food101
	eval_on_train: False
	experiment_path: None
	fix_bn: False
	freeze_backbone: False
	gpu: 0
	gpus: [0]
	increment: 10
	last_layer_analysis: False
	log: ['disk']
	lr: 0.01
	lr_factor: None
	lr_min: 0.0001
	lr_patience: None
	lr_scheduler: cosine
	lr_warmup_epochs: 0
	momentum: 0.0
	multi_softmax: False
	nepochs: 70
	network: vit_small_patch16_224.augreg_in1k
	no_cudnn_deterministic: False
	normalize: in1k
	num_workers: 2
	optimizer_name: sgd
	pin_memory: False
	pretrained: True
	resize: 224
	results_path: ./results
	save_models: True
	seed: 0
	start_at_task: 5
	start_epoch: 0
	stop_at_task: 6
	stop_epoch: 0
	use_valid_only: False
	warmup_lr_factor: 1.0
	warmup_nepochs: 0
	weight_decay: 0.0
============================================================================================================
Approach arguments =
============================================================================================================
Exemplars arguments =
============================================================================================================
WARNING: ./results/vit_small_patch16_224.augreg_in1k/food101/finetuning/10 already exists!
Loaded acc_taw from: ./results/vit_small_patch16_224.augreg_in1k/food101/finetuning/10/acc_taw-4.txt
Loaded acc_tag from: ./results/vit_small_patch16_224.augreg_in1k/food101/finetuning/10/acc_tag-4.txt
Loaded forg_taw from: ./results/vit_small_patch16_224.augreg_in1k/food101/finetuning/10/forg_taw-4.txt
Loaded forg_tag from: ./results/vit_small_patch16_224.augreg_in1k/food101/finetuning/10/forg_tag-4.txt
************************************************************************************************************
Task  5  [epochs 0-70]
************************************************************************************************************
[params] total:21,688,764  trainable:21,688,764  tensors:162  trainable_tensors:162
| Epoch   1, time= 25.9s | Train: skip eval | Valid: time=  2.7s loss=0.392, TAw acc= 85.9% | * lr=1.0e-02
| Epoch   2, time= 26.5s | Train: skip eval | Valid: time=  2.7s loss=0.316, TAw acc= 89.3% | * lr=1.0e-02
| Epoch   3, time= 28.3s | Train: skip eval | Valid: time=  3.4s loss=0.269, TAw acc= 90.8% | * lr=1.0e-02
| Epoch   4, time= 25.1s | Train: skip eval | Valid: time=  2.3s loss=0.269, TAw acc= 91.1% | * lr=9.9e-03
| Epoch   5, time= 25.6s | Train: skip eval | Valid: time=  3.0s loss=0.233, TAw acc= 92.5% | * lr=9.9e-03
| Epoch   6, time= 24.0s | Train: skip eval | Valid: time=  2.3s loss=0.240, TAw acc= 92.0% | lr=9.8e-03
| Epoch   7, time= 25.1s | Train: skip eval | Valid: time=  2.4s loss=0.401, TAw acc= 86.9% | lr=9.8e-03
| Epoch   8, time= 28.7s | Train: skip eval | Valid: time=  2.5s loss=0.283, TAw acc= 89.9% | lr=9.7e-03
| Epoch   9, time= 24.0s | Train: skip eval | Valid: time=  2.4s loss=0.258, TAw acc= 92.3% | lr=9.6e-03
| Epoch  10, time= 24.1s | Train: skip eval | Valid: time=  3.1s loss=0.280, TAw acc= 89.7% | lr=9.5e-03
| Epoch  11, time= 24.4s | Train: skip eval | Valid: time=  2.7s loss=0.238, TAw acc= 91.9% | lr=9.4e-03
| Epoch  12, time= 26.9s | Train: skip eval | Valid: time=  2.6s loss=0.281, TAw acc= 91.2% | lr=9.3e-03
| Epoch  13, time= 23.6s | Train: skip eval | Valid: time=  3.1s loss=0.266, TAw acc= 91.6% | lr=9.2e-03
| Epoch  14, time= 27.2s | Train: skip eval | Valid: time=  2.8s loss=0.245, TAw acc= 92.1% | lr=9.1e-03
| Epoch  15, time= 25.9s | Train: skip eval | Valid: time=  2.5s loss=0.305, TAw acc= 91.1% | lr=8.9e-03
| Epoch  16, time= 31.0s | Train: skip eval | Valid: time=  2.7s loss=0.260, TAw acc= 91.5% | lr=8.8e-03
| Epoch  17, time= 25.7s | Train: skip eval | Valid: time=  2.3s loss=0.250, TAw acc= 91.3% | lr=8.6e-03
| Epoch  18, time= 25.6s | Train: skip eval | Valid: time=  2.3s loss=0.270, TAw acc= 91.6% | lr=8.5e-03
| Epoch  19, time= 25.7s | Train: skip eval | Valid: time=  2.3s loss=0.262, TAw acc= 91.3% | lr=8.3e-03
| Epoch  20, time= 26.2s | Train: skip eval | Valid: time=  2.3s loss=0.248, TAw acc= 92.1% | lr=8.1e-03
| Epoch  21, time= 26.9s | Train: skip eval | Valid: time=  2.5s loss=0.256, TAw acc= 92.0% | lr=8.0e-03
| Epoch  22, time= 26.4s | Train: skip eval | Valid: time=  2.3s loss=0.245, TAw acc= 91.6% | lr=7.8e-03
| Epoch  23, time= 27.8s | Train: skip eval | Valid: time=  2.4s loss=0.228, TAw acc= 92.3% | * lr=7.6e-03
| Epoch  24, time= 26.1s | Train: skip eval | Valid: time=  2.4s loss=0.264, TAw acc= 92.4% | lr=7.4e-03
| Epoch  25, time= 26.1s | Train: skip eval | Valid: time=  2.4s loss=0.260, TAw acc= 91.5% | lr=7.2e-03
| Epoch  26, time= 29.3s | Train: skip eval | Valid: time=  2.6s loss=0.265, TAw acc= 91.9% | lr=7.0e-03
| Epoch  27, time= 25.8s | Train: skip eval | Valid: time=  2.3s loss=0.262, TAw acc= 91.7% | lr=6.8e-03
| Epoch  28, time= 26.7s | Train: skip eval | Valid: time=  2.5s loss=0.267, TAw acc= 91.3% | lr=6.6e-03
| Epoch  29, time= 24.8s | Train: skip eval | Valid: time=  2.4s loss=0.266, TAw acc= 91.5% | lr=6.4e-03
| Epoch  30, time= 25.3s | Train: skip eval | Valid: time=  2.4s loss=0.258, TAw acc= 92.0% | lr=6.2e-03
| Epoch  31, time= 24.1s | Train: skip eval | Valid: time=  2.4s loss=0.235, TAw acc= 92.0% | lr=5.9e-03
| Epoch  32, time= 26.8s | Train: skip eval | Valid: time=  2.6s loss=0.236, TAw acc= 92.4% | lr=5.7e-03
| Epoch  33, time= 26.7s | Train: skip eval | Valid: time=  3.1s loss=0.255, TAw acc= 91.5% | lr=5.5e-03
| Epoch  34, time= 30.7s | Train: skip eval | Valid: time=  2.4s loss=0.234, TAw acc= 93.1% | lr=5.3e-03
| Epoch  35, time= 25.6s | Train: skip eval | Valid: time=  2.4s loss=0.245, TAw acc= 92.8% | lr=5.1e-03
| Epoch  36, time= 24.6s | Train: skip eval | Valid: time=  2.5s loss=0.226, TAw acc= 92.4% | * lr=4.8e-03
| Epoch  37, time= 24.1s | Train: skip eval | Valid: time=  2.4s loss=0.241, TAw acc= 92.1% | lr=4.6e-03
| Epoch  38, time= 27.1s | Train: skip eval | Valid: time=  2.7s loss=0.226, TAw acc= 92.9% | lr=4.4e-03
| Epoch  39, time= 26.9s | Train: skip eval | Valid: time=  2.9s loss=0.246, TAw acc= 92.4% | lr=4.2e-03
| Epoch  40, time= 26.8s | Train: skip eval | Valid: time=  2.8s loss=0.235, TAw acc= 93.2% | lr=3.9e-03
| Epoch  41, time= 29.9s | Train: skip eval | Valid: time=  2.7s loss=0.238, TAw acc= 92.7% | lr=3.7e-03
| Epoch  42, time= 24.2s | Train: skip eval | Valid: time=  2.4s loss=0.238, TAw acc= 92.5% | lr=3.5e-03
| Epoch  43, time= 27.0s | Train: skip eval | Valid: time=  2.4s loss=0.235, TAw acc= 92.8% | lr=3.3e-03
| Epoch  44, time= 23.5s | Train: skip eval | Valid: time=  2.3s loss=0.233, TAw acc= 92.5% | lr=3.1e-03
| Epoch  45, time= 24.2s | Train: skip eval | Valid: time=  2.4s loss=0.247, TAw acc= 92.7% | lr=2.9e-03
| Epoch  46, time= 23.7s | Train: skip eval | Valid: time=  2.3s loss=0.234, TAw acc= 92.3% | lr=2.7e-03
| Epoch  47, time= 26.8s | Train: skip eval | Valid: time=  2.5s loss=0.238, TAw acc= 92.1% | lr=2.5e-03
| Epoch  48, time= 24.9s | Train: skip eval | Valid: time=  3.3s loss=0.240, TAw acc= 92.0% | lr=2.3e-03
| Epoch  49, time= 25.3s | Train: skip eval | Valid: time=  2.4s loss=0.243, TAw acc= 92.0% | lr=2.1e-03
| Epoch  50, time= 25.3s | Train: skip eval | Valid: time=  2.4s loss=0.237, TAw acc= 92.1% | lr=2.0e-03
| Epoch  51, time= 26.2s | Train: skip eval | Valid: time=  2.3s loss=0.235, TAw acc= 92.5% | lr=1.8e-03
| Epoch  52, time= 27.1s | Train: skip eval | Valid: time=  2.3s loss=0.231, TAw acc= 92.3% | lr=1.6e-03
| Epoch  53, time= 30.5s | Train: skip eval | Valid: time=  3.1s loss=0.230, TAw acc= 92.0% | lr=1.5e-03
| Epoch  54, time= 24.6s | Train: skip eval | Valid: time=  3.0s loss=0.229, TAw acc= 92.0% | lr=1.3e-03
| Epoch  55, time= 27.9s | Train: skip eval | Valid: time=  2.9s loss=0.224, TAw acc= 92.3% | * lr=1.2e-03
| Epoch  56, time= 24.8s | Train: skip eval | Valid: time=  2.3s loss=0.223, TAw acc= 92.4% | * lr=1.0e-03
| Epoch  57, time= 23.0s | Train: skip eval | Valid: time=  2.4s loss=0.228, TAw acc= 92.4% | lr=9.2e-04
| Epoch  58, time= 24.6s | Train: skip eval | Valid: time=  2.4s loss=0.230, TAw acc= 92.3% | lr=8.0e-04
| Epoch  59, time= 26.5s | Train: skip eval | Valid: time=  2.3s loss=0.232, TAw acc= 92.3% | lr=6.9e-04
| Epoch  60, time= 24.7s | Train: skip eval | Valid: time=  2.5s loss=0.231, TAw acc= 92.7% | lr=5.9e-04
| Epoch  61, time= 24.6s | Train: skip eval | Valid: time=  2.9s loss=0.231, TAw acc= 92.3% | lr=5.0e-04
| Epoch  62, time= 24.3s | Train: skip eval | Valid: time=  3.0s loss=0.232, TAw acc= 92.1% | lr=4.2e-04
| Epoch  63, time= 27.4s | Train: skip eval | Valid: time=  2.4s loss=0.232, TAw acc= 92.3% | lr=3.4e-04
| Epoch  64, time= 25.4s | Train: skip eval | Valid: time=  3.0s loss=0.232, TAw acc= 92.5% | lr=2.8e-04
| Epoch  65, time= 27.8s | Train: skip eval | Valid: time=  2.6s loss=0.230, TAw acc= 92.3% | lr=2.2e-04
| Epoch  66, time= 27.6s | Train: skip eval | Valid: time=  2.4s loss=0.229, TAw acc= 92.5% | lr=1.8e-04
| Epoch  67, time= 25.8s | Train: skip eval | Valid: time=  3.4s loss=0.229, TAw acc= 92.3% | lr=1.4e-04
| Epoch  68, time= 26.0s | Train: skip eval | Valid: time=  2.5s loss=0.229, TAw acc= 92.5% | lr=1.2e-04
| Epoch  69, time= 24.4s | Train: skip eval | Valid: time=  2.5s loss=0.229, TAw acc= 92.5% | lr=1.0e-04
| Epoch  70, time= 30.9s | Train: skip eval | Valid: time=  2.4s loss=0.228, TAw acc= 92.5% | lr=1.0e-04
------------------------------------------------------------------------------------------------------------
>>> Test on task  0 : loss=0.810 | TAw acc= 74.9%, forg= 20.3% | TAg acc= 25.6%, forg= 69.6% <<<
>>> Test on task  1 : loss=0.546 | TAw acc= 82.6%, forg= 14.2% | TAg acc= 19.8%, forg= 75.5% <<<
>>> Test on task  2 : loss=0.486 | TAw acc= 85.2%, forg= 11.2% | TAg acc= 38.0%, forg= 57.8% <<<
>>> Test on task  3 : loss=0.260 | TAw acc= 92.0%, forg=  5.0% | TAg acc= 57.2%, forg= 38.2% <<<
>>> Test on task  4 : loss=0.231 | TAw acc= 93.4%, forg=  2.9% | TAg acc= 73.8%, forg= 20.6% <<<
>>> Test on task  5 : loss=0.130 | TAw acc= 96.1%, forg=  0.0% | TAg acc= 93.4%, forg=  0.0% <<<
Save at ./results/./results/vit_small_patch16_224.augreg_in1k/food101/finetuning/10
************************************************************************************************************
TAw Acc
	 95.2%   0.0%   0.0%   0.0%   0.0%   0.0%   0.0%   0.0%   0.0%   0.0% 	Avg.: 95.2% 
	 91.3%  96.8%   0.0%   0.0%   0.0%   0.0%   0.0%   0.0%   0.0%   0.0% 	Avg.: 94.1% 
	 89.1%  94.2%  96.4%   0.0%   0.0%   0.0%   0.0%   0.0%   0.0%   0.0% 	Avg.: 93.2% 
	 85.2%  91.8%  93.5%  97.0%   0.0%   0.0%   0.0%   0.0%   0.0%   0.0% 	Avg.: 91.9% 
	 84.5%  86.8%  90.2%  93.9%  96.2%   0.0%   0.0%   0.0%   0.0%   0.0% 	Avg.: 90.3% 
	 74.9%  82.6%  85.2%  92.0%  93.4%  96.1%   0.0%   0.0%   0.0%   0.0% 	Avg.: 87.4% 
	  0.0%   0.0%   0.0%   0.0%   0.0%   0.0%   0.0%   0.0%   0.0%   0.0% 	Avg.:  0.0% 
	  0.0%   0.0%   0.0%   0.0%   0.0%   0.0%   0.0%   0.0%   0.0%   0.0% 	Avg.:  0.0% 
	  0.0%   0.0%   0.0%   0.0%   0.0%   0.0%   0.0%   0.0%   0.0%   0.0% 	Avg.:  0.0% 
	  0.0%   0.0%   0.0%   0.0%   0.0%   0.0%   0.0%   0.0%   0.0%   0.0% 	Avg.:  0.0% 
************************************************************************************************************
TAg Acc
	 95.2%   0.0%   0.0%   0.0%   0.0%   0.0%   0.0%   0.0%   0.0%   0.0% 	Avg.: 95.2% 
	 78.5%  95.2%   0.0%   0.0%   0.0%   0.0%   0.0%   0.0%   0.0%   0.0% 	Avg.: 86.9% 
	 63.9%  71.5%  95.8%   0.0%   0.0%   0.0%   0.0%   0.0%   0.0%   0.0% 	Avg.: 77.1% 
	 45.4%  42.5%  79.2%  95.4%   0.0%   0.0%   0.0%   0.0%   0.0%   0.0% 	Avg.: 65.6% 
	 30.0%  30.9%  54.4%  75.7%  94.4%   0.0%   0.0%   0.0%   0.0%   0.0% 	Avg.: 57.1% 
	 25.6%  19.8%  38.0%  57.2%  73.8%  93.4%   0.0%   0.0%   0.0%   0.0% 	Avg.: 51.3% 
	  0.0%   0.0%   0.0%   0.0%   0.0%   0.0%   0.0%   0.0%   0.0%   0.0% 	Avg.:  0.0% 
	  0.0%   0.0%   0.0%   0.0%   0.0%   0.0%   0.0%   0.0%   0.0%   0.0% 	Avg.:  0.0% 
	  0.0%   0.0%   0.0%   0.0%   0.0%   0.0%   0.0%   0.0%   0.0%   0.0% 	Avg.:  0.0% 
	  0.0%   0.0%   0.0%   0.0%   0.0%   0.0%   0.0%   0.0%   0.0%   0.0% 	Avg.:  0.0% 
************************************************************************************************************
TAw Forg
	  0.0%   0.0%   0.0%   0.0%   0.0%   0.0%   0.0%   0.0%   0.0%   0.0% 
	  3.9%   0.0%   0.0%   0.0%   0.0%   0.0%   0.0%   0.0%   0.0%   0.0% 	Avg.:  3.9% 
	  6.1%   2.7%   0.0%   0.0%   0.0%   0.0%   0.0%   0.0%   0.0%   0.0% 	Avg.:  4.4% 
	 10.0%   5.1%   2.8%   0.0%   0.0%   0.0%   0.0%   0.0%   0.0%   0.0% 	Avg.:  6.0% 
	 10.7%  10.0%   6.2%   3.1%   0.0%   0.0%   0.0%   0.0%   0.0%   0.0% 	Avg.:  7.5% 
	 20.3%  14.2%  11.2%   5.0%   2.9%   0.0%   0.0%   0.0%   0.0%   0.0% 	Avg.: 10.7% 
	  0.0%   0.0%   0.0%   0.0%   0.0%   0.0%   0.0%   0.0%   0.0%   0.0% 	Avg.:  0.0% 
	  0.0%   0.0%   0.0%   0.0%   0.0%   0.0%   0.0%   0.0%   0.0%   0.0% 	Avg.:  0.0% 
	  0.0%   0.0%   0.0%   0.0%   0.0%   0.0%   0.0%   0.0%   0.0%   0.0% 	Avg.:  0.0% 
	  0.0%   0.0%   0.0%   0.0%   0.0%   0.0%   0.0%   0.0%   0.0%   0.0% 	Avg.:  0.0% 
************************************************************************************************************
TAg Forg
	  0.0%   0.0%   0.0%   0.0%   0.0%   0.0%   0.0%   0.0%   0.0%   0.0% 
	 16.7%   0.0%   0.0%   0.0%   0.0%   0.0%   0.0%   0.0%   0.0%   0.0% 	Avg.: 16.7% 
	 31.3%  23.8%   0.0%   0.0%   0.0%   0.0%   0.0%   0.0%   0.0%   0.0% 	Avg.: 27.5% 
	 49.8%  52.8%  16.6%   0.0%   0.0%   0.0%   0.0%   0.0%   0.0%   0.0% 	Avg.: 39.7% 
	 65.2%  64.3%  41.4%  19.7%   0.0%   0.0%   0.0%   0.0%   0.0%   0.0% 	Avg.: 47.7% 
	 69.6%  75.5%  57.8%  38.2%  20.6%   0.0%   0.0%   0.0%   0.0%   0.0% 	Avg.: 52.3% 
	  0.0%   0.0%   0.0%   0.0%   0.0%   0.0%   0.0%   0.0%   0.0%   0.0% 	Avg.:  0.0% 
	  0.0%   0.0%   0.0%   0.0%   0.0%   0.0%   0.0%   0.0%   0.0%   0.0% 	Avg.:  0.0% 
	  0.0%   0.0%   0.0%   0.0%   0.0%   0.0%   0.0%   0.0%   0.0%   0.0% 	Avg.:  0.0% 
	  0.0%   0.0%   0.0%   0.0%   0.0%   0.0%   0.0%   0.0%   0.0%   0.0% 	Avg.:  0.0% 
************************************************************************************************************
[Elapsed time = 0.6 h]
Done!
