START_TASK=9 STOP_TASK=10
============================================================================================================
Arguments =
	all_outputs: False
	approach: finetuning
	batch_size: 64
	classes_first_task: None
	clipping: 10000
	crop: 224
	data_path: ../data/food101
	dataset: food101
	eval_on_train: False
	experiment_path: None
	fix_bn: False
	freeze_backbone: False
	gpu: 0
	gpus: [0]
	increment: 10
	last_layer_analysis: False
	log: ['disk']
	lr: 0.01
	lr_factor: None
	lr_min: 0.0001
	lr_patience: None
	lr_scheduler: cosine
	lr_warmup_epochs: 0
	momentum: 0.0
	multi_softmax: False
	nepochs: 70
	network: vit_small_patch16_224.augreg_in1k
	no_cudnn_deterministic: False
	normalize: in1k
	num_workers: 2
	optimizer_name: sgd
	pin_memory: False
	pretrained: True
	resize: 224
	results_path: ./results
	save_models: True
	seed: 0
	start_at_task: 9
	start_epoch: 0
	stop_at_task: 10
	stop_epoch: 0
	use_valid_only: False
	warmup_lr_factor: 1.0
	warmup_nepochs: 0
	weight_decay: 0.0
============================================================================================================
Approach arguments =
============================================================================================================
Exemplars arguments =
============================================================================================================
WARNING: ./results/vit_small_patch16_224.augreg_in1k/food101/finetuning/10 already exists!
Loaded acc_taw from: ./results/vit_small_patch16_224.augreg_in1k/food101/finetuning/10/acc_taw-8.txt
Loaded acc_tag from: ./results/vit_small_patch16_224.augreg_in1k/food101/finetuning/10/acc_tag-8.txt
Loaded forg_taw from: ./results/vit_small_patch16_224.augreg_in1k/food101/finetuning/10/forg_taw-8.txt
Loaded forg_tag from: ./results/vit_small_patch16_224.augreg_in1k/food101/finetuning/10/forg_tag-8.txt
************************************************************************************************************
Task  9  [epochs 0-70]
************************************************************************************************************
[params] total:21,704,164  trainable:21,704,164  tensors:170  trainable_tensors:170
| Epoch   1, time= 26.0s | Train: skip eval | Valid: time=  2.7s loss=0.468, TAw acc= 84.4% | * lr=1.0e-02
| Epoch   2, time= 26.6s | Train: skip eval | Valid: time=  2.7s loss=0.443, TAw acc= 85.6% | * lr=1.0e-02
| Epoch   3, time= 29.6s | Train: skip eval | Valid: time=  2.3s loss=0.606, TAw acc= 79.5% | lr=1.0e-02
| Epoch   4, time= 24.0s | Train: skip eval | Valid: time=  2.6s loss=0.392, TAw acc= 87.5% | * lr=9.9e-03
| Epoch   5, time= 25.7s | Train: skip eval | Valid: time=  2.5s loss=0.362, TAw acc= 87.9% | * lr=9.9e-03
| Epoch   6, time= 23.9s | Train: skip eval | Valid: time=  2.5s loss=0.413, TAw acc= 85.2% | lr=9.8e-03
| Epoch   7, time= 26.2s | Train: skip eval | Valid: time=  2.4s loss=0.360, TAw acc= 87.9% | * lr=9.8e-03
| Epoch   8, time= 25.5s | Train: skip eval | Valid: time=  2.8s loss=0.345, TAw acc= 88.5% | * lr=9.7e-03
| Epoch   9, time= 24.1s | Train: skip eval | Valid: time=  2.5s loss=0.421, TAw acc= 85.9% | lr=9.6e-03
| Epoch  10, time= 25.6s | Train: skip eval | Valid: time=  2.4s loss=0.383, TAw acc= 88.5% | lr=9.5e-03
| Epoch  11, time= 24.0s | Train: skip eval | Valid: time=  2.3s loss=0.348, TAw acc= 87.7% | lr=9.4e-03
| Epoch  12, time= 26.4s | Train: skip eval | Valid: time=  2.4s loss=0.428, TAw acc= 85.9% | lr=9.3e-03
| Epoch  13, time= 23.6s | Train: skip eval | Valid: time=  2.4s loss=0.337, TAw acc= 88.8% | * lr=9.2e-03
| Epoch  14, time= 23.7s | Train: skip eval | Valid: time=  2.4s loss=0.344, TAw acc= 89.2% | lr=9.1e-03
| Epoch  15, time= 23.6s | Train: skip eval | Valid: time=  2.7s loss=0.361, TAw acc= 88.8% | lr=8.9e-03
| Epoch  16, time= 25.1s | Train: skip eval | Valid: time=  2.4s loss=0.376, TAw acc= 88.1% | lr=8.8e-03
| Epoch  17, time= 24.9s | Train: skip eval | Valid: time=  2.8s loss=0.429, TAw acc= 86.5% | lr=8.6e-03
| Epoch  18, time= 24.6s | Train: skip eval | Valid: time=  2.6s loss=0.353, TAw acc= 89.5% | lr=8.5e-03
| Epoch  19, time= 24.5s | Train: skip eval | Valid: time=  3.0s loss=0.376, TAw acc= 88.5% | lr=8.3e-03
| Epoch  20, time= 26.5s | Train: skip eval | Valid: time=  2.7s loss=0.342, TAw acc= 88.8% | lr=8.1e-03
| Epoch  21, time= 27.1s | Train: skip eval | Valid: time=  2.4s loss=0.327, TAw acc= 89.1% | * lr=8.0e-03
| Epoch  22, time= 24.8s | Train: skip eval | Valid: time=  2.5s loss=0.358, TAw acc= 88.8% | lr=7.8e-03
| Epoch  23, time= 26.6s | Train: skip eval | Valid: time=  2.4s loss=0.334, TAw acc= 89.1% | lr=7.6e-03
| Epoch  24, time= 27.1s | Train: skip eval | Valid: time=  2.7s loss=0.312, TAw acc= 90.1% | * lr=7.4e-03
| Epoch  25, time= 28.3s | Train: skip eval | Valid: time=  2.4s loss=0.343, TAw acc= 90.1% | lr=7.2e-03
| Epoch  26, time= 24.8s | Train: skip eval | Valid: time=  2.7s loss=0.359, TAw acc= 89.6% | lr=7.0e-03
| Epoch  27, time= 26.8s | Train: skip eval | Valid: time=  2.5s loss=0.353, TAw acc= 90.3% | lr=6.8e-03
| Epoch  28, time= 27.5s | Train: skip eval | Valid: time=  2.7s loss=0.341, TAw acc= 90.1% | lr=6.6e-03
| Epoch  29, time= 29.4s | Train: skip eval | Valid: time=  3.3s loss=0.328, TAw acc= 90.0% | lr=6.4e-03
| Epoch  30, time= 23.8s | Train: skip eval | Valid: time=  2.3s loss=0.361, TAw acc= 88.9% | lr=6.2e-03
| Epoch  31, time= 27.6s | Train: skip eval | Valid: time=  2.3s loss=0.394, TAw acc= 89.3% | lr=5.9e-03
| Epoch  32, time= 25.8s | Train: skip eval | Valid: time=  3.2s loss=0.397, TAw acc= 88.0% | lr=5.7e-03
| Epoch  33, time= 23.7s | Train: skip eval | Valid: time=  2.6s loss=0.355, TAw acc= 89.5% | lr=5.5e-03
| Epoch  34, time= 23.4s | Train: skip eval | Valid: time=  2.8s loss=0.345, TAw acc= 89.5% | lr=5.3e-03
| Epoch  35, time= 25.3s | Train: skip eval | Valid: time=  2.5s loss=0.348, TAw acc= 89.7% | lr=5.1e-03
| Epoch  36, time= 23.4s | Train: skip eval | Valid: time=  2.4s loss=0.359, TAw acc= 89.2% | lr=4.8e-03
| Epoch  37, time= 26.2s | Train: skip eval | Valid: time=  2.5s loss=0.343, TAw acc= 90.0% | lr=4.6e-03
| Epoch  38, time= 23.8s | Train: skip eval | Valid: time=  2.5s loss=0.341, TAw acc= 89.6% | lr=4.4e-03
| Epoch  39, time= 24.7s | Train: skip eval | Valid: time=  2.3s loss=0.363, TAw acc= 89.9% | lr=4.2e-03
| Epoch  40, time= 24.6s | Train: skip eval | Valid: time=  3.0s loss=0.368, TAw acc= 89.3% | lr=3.9e-03
| Epoch  41, time= 25.9s | Train: skip eval | Valid: time=  2.8s loss=0.354, TAw acc= 89.7% | lr=3.7e-03
| Epoch  42, time= 24.5s | Train: skip eval | Valid: time=  2.4s loss=0.349, TAw acc= 89.5% | lr=3.5e-03
| Epoch  43, time= 24.7s | Train: skip eval | Valid: time=  2.4s loss=0.366, TAw acc= 89.2% | lr=3.3e-03
| Epoch  44, time= 24.6s | Train: skip eval | Valid: time=  2.4s loss=0.340, TAw acc= 90.0% | lr=3.1e-03
| Epoch  45, time= 23.6s | Train: skip eval | Valid: time=  2.4s loss=0.341, TAw acc= 89.9% | lr=2.9e-03
| Epoch  46, time= 24.1s | Train: skip eval | Valid: time=  2.6s loss=0.367, TAw acc= 88.7% | lr=2.7e-03
| Epoch  47, time= 24.6s | Train: skip eval | Valid: time=  2.5s loss=0.365, TAw acc= 89.3% | lr=2.5e-03
| Epoch  48, time= 22.5s | Train: skip eval | Valid: time=  2.4s loss=0.364, TAw acc= 89.2% | lr=2.3e-03
| Epoch  49, time= 24.0s | Train: skip eval | Valid: time=  2.3s loss=0.357, TAw acc= 89.9% | lr=2.1e-03
| Epoch  50, time= 23.9s | Train: skip eval | Valid: time=  2.4s loss=0.359, TAw acc= 89.6% | lr=2.0e-03
| Epoch  51, time= 24.6s | Train: skip eval | Valid: time=  2.8s loss=0.349, TAw acc= 90.0% | lr=1.8e-03
| Epoch  52, time= 23.8s | Train: skip eval | Valid: time=  2.4s loss=0.343, TAw acc= 89.9% | lr=1.6e-03
| Epoch  53, time= 22.6s | Train: skip eval | Valid: time=  2.4s loss=0.356, TAw acc= 90.0% | lr=1.5e-03
| Epoch  54, time= 23.9s | Train: skip eval | Valid: time=  2.3s loss=0.350, TAw acc= 89.6% | lr=1.3e-03
| Epoch  55, time= 23.4s | Train: skip eval | Valid: time=  2.9s loss=0.357, TAw acc= 89.5% | lr=1.2e-03
| Epoch  56, time= 25.6s | Train: skip eval | Valid: time=  2.3s loss=0.363, TAw acc= 89.6% | lr=1.0e-03
| Epoch  57, time= 24.8s | Train: skip eval | Valid: time=  2.4s loss=0.355, TAw acc= 89.7% | lr=9.2e-04
| Epoch  58, time= 27.2s | Train: skip eval | Valid: time=  2.7s loss=0.349, TAw acc= 89.9% | lr=8.0e-04
| Epoch  59, time= 24.3s | Train: skip eval | Valid: time=  3.3s loss=0.353, TAw acc= 89.9% | lr=6.9e-04
| Epoch  60, time= 25.5s | Train: skip eval | Valid: time=  2.3s loss=0.356, TAw acc= 89.9% | lr=5.9e-04
| Epoch  61, time= 24.0s | Train: skip eval | Valid: time=  2.3s loss=0.357, TAw acc= 89.9% | lr=5.0e-04
| Epoch  62, time= 24.6s | Train: skip eval | Valid: time=  3.2s loss=0.356, TAw acc= 89.7% | lr=4.2e-04
| Epoch  63, time= 26.4s | Train: skip eval | Valid: time=  2.4s loss=0.356, TAw acc= 89.9% | lr=3.4e-04
| Epoch  64, time= 27.9s | Train: skip eval | Valid: time=  3.1s loss=0.355, TAw acc= 90.0% | lr=2.8e-04
| Epoch  65, time= 25.8s | Train: skip eval | Valid: time=  3.2s loss=0.355, TAw acc= 90.1% | lr=2.2e-04
| Epoch  66, time= 28.0s | Train: skip eval | Valid: time=  2.6s loss=0.355, TAw acc= 90.0% | lr=1.8e-04
| Epoch  67, time= 28.5s | Train: skip eval | Valid: time=  2.4s loss=0.353, TAw acc= 90.0% | lr=1.4e-04
| Epoch  68, time= 27.7s | Train: skip eval | Valid: time=  3.2s loss=0.351, TAw acc= 90.1% | lr=1.2e-04
| Epoch  69, time= 26.2s | Train: skip eval | Valid: time=  3.1s loss=0.351, TAw acc= 90.0% | lr=1.0e-04
| Epoch  70, time= 26.6s | Train: skip eval | Valid: time=  2.3s loss=0.350, TAw acc= 90.0% | lr=1.0e-04
------------------------------------------------------------------------------------------------------------
>>> Test on task  0 : loss=0.838 | TAw acc= 71.8%, forg= 23.4% | TAg acc=  8.8%, forg= 86.4% <<<
>>> Test on task  1 : loss=0.764 | TAw acc= 75.8%, forg= 21.0% | TAg acc=  7.6%, forg= 87.6% <<<
>>> Test on task  2 : loss=0.802 | TAw acc= 72.9%, forg= 23.4% | TAg acc= 12.2%, forg= 83.5% <<<
>>> Test on task  3 : loss=0.534 | TAw acc= 83.5%, forg= 13.6% | TAg acc= 28.3%, forg= 67.1% <<<
>>> Test on task  4 : loss=0.593 | TAw acc= 81.1%, forg= 15.2% | TAg acc= 24.0%, forg= 70.4% <<<
>>> Test on task  5 : loss=0.453 | TAw acc= 84.6%, forg= 11.5% | TAg acc= 38.0%, forg= 55.4% <<<
>>> Test on task  6 : loss=0.398 | TAw acc= 87.5%, forg=  8.6% | TAg acc= 45.1%, forg= 48.0% <<<
>>> Test on task  7 : loss=0.241 | TAw acc= 92.2%, forg=  4.7% | TAg acc= 63.4%, forg= 32.1% <<<
>>> Test on task  8 : loss=0.188 | TAw acc= 94.3%, forg=  2.3% | TAg acc= 79.3%, forg= 14.2% <<<
>>> Test on task  9 : loss=0.198 | TAw acc= 94.2%, forg=  0.0% | TAg acc= 88.2%, forg=  0.0% <<<
Save at ./results/./results/vit_small_patch16_224.augreg_in1k/food101/finetuning/10
************************************************************************************************************
TAw Acc
	 95.2%   0.0%   0.0%   0.0%   0.0%   0.0%   0.0%   0.0%   0.0%   0.0% 	Avg.: 95.2% 
	 91.3%  96.8%   0.0%   0.0%   0.0%   0.0%   0.0%   0.0%   0.0%   0.0% 	Avg.: 94.1% 
	 89.1%  94.2%  96.4%   0.0%   0.0%   0.0%   0.0%   0.0%   0.0%   0.0% 	Avg.: 93.2% 
	 85.2%  91.8%  93.5%  97.0%   0.0%   0.0%   0.0%   0.0%   0.0%   0.0% 	Avg.: 91.9% 
	 84.5%  86.8%  90.2%  93.9%  96.2%   0.0%   0.0%   0.0%   0.0%   0.0% 	Avg.: 90.3% 
	 74.9%  82.6%  85.2%  92.0%  93.4%  96.1%   0.0%   0.0%   0.0%   0.0% 	Avg.: 87.4% 
	 79.5%  82.2%  85.2%  91.0%  91.0%  92.9%  96.1%   0.0%   0.0%   0.0% 	Avg.: 88.3% 
	 74.1%  81.1%  79.6%  87.8%  84.7%  88.2%  92.4%  96.9%   0.0%   0.0% 	Avg.: 85.6% 
	 72.6%  78.6%  77.2%  85.7%  85.1%  89.8%  91.0%  94.0%  96.6%   0.0% 	Avg.: 85.6% 
	 71.8%  75.8%  72.9%  83.5%  81.1%  84.6%  87.5%  92.2%  94.3%  94.2% 	Avg.: 83.8% 
************************************************************************************************************
TAg Acc
	 95.2%   0.0%   0.0%   0.0%   0.0%   0.0%   0.0%   0.0%   0.0%   0.0% 	Avg.: 95.2% 
	 78.5%  95.2%   0.0%   0.0%   0.0%   0.0%   0.0%   0.0%   0.0%   0.0% 	Avg.: 86.9% 
	 63.9%  71.5%  95.8%   0.0%   0.0%   0.0%   0.0%   0.0%   0.0%   0.0% 	Avg.: 77.1% 
	 45.4%  42.5%  79.2%  95.4%   0.0%   0.0%   0.0%   0.0%   0.0%   0.0% 	Avg.: 65.6% 
	 30.0%  30.9%  54.4%  75.7%  94.4%   0.0%   0.0%   0.0%   0.0%   0.0% 	Avg.: 57.1% 
	 25.6%  19.8%  38.0%  57.2%  73.8%  93.4%   0.0%   0.0%   0.0%   0.0% 	Avg.: 51.3% 
	 17.2%  13.0%  29.4%  49.3%  55.2%  75.2%  93.0%   0.0%   0.0%   0.0% 	Avg.: 47.5% 
	 13.9%  11.0%  23.7%  33.6%  31.4%  58.5%  66.4%  95.5%   0.0%   0.0% 	Avg.: 41.7% 
	  6.3%   9.1%  14.7%  25.4%  21.9%  50.5%  54.2%  77.2%  93.6%   0.0% 	Avg.: 39.2% 
	  8.8%   7.6%  12.2%  28.3%  24.0%  38.0%  45.1%  63.4%  79.3%  88.2% 	Avg.: 39.5% 
************************************************************************************************************
TAw Forg
	  0.0%   0.0%   0.0%   0.0%   0.0%   0.0%   0.0%   0.0%   0.0%   0.0% 
	  3.9%   0.0%   0.0%   0.0%   0.0%   0.0%   0.0%   0.0%   0.0%   0.0% 	Avg.:  3.9% 
	  6.1%   2.7%   0.0%   0.0%   0.0%   0.0%   0.0%   0.0%   0.0%   0.0% 	Avg.:  4.4% 
	 10.0%   5.1%   2.8%   0.0%   0.0%   0.0%   0.0%   0.0%   0.0%   0.0% 	Avg.:  6.0% 
	 10.7%  10.0%   6.2%   3.1%   0.0%   0.0%   0.0%   0.0%   0.0%   0.0% 	Avg.:  7.5% 
	 20.3%  14.2%  11.2%   5.0%   2.9%   0.0%   0.0%   0.0%   0.0%   0.0% 	Avg.: 10.7% 
	 15.7%  14.6%  11.2%   6.0%   5.2%   3.2%   0.0%   0.0%   0.0%   0.0% 	Avg.:  9.3% 
	 21.1%  15.7%  16.8%   9.3%  11.5%   8.0%   3.7%   0.0%   0.0%   0.0% 	Avg.: 12.3% 
	 22.6%  18.3%  19.2%  11.3%  11.2%   6.3%   5.2%   2.8%   0.0%   0.0% 	Avg.: 12.1% 
	 23.4%  21.0%  23.4%  13.6%  15.2%  11.5%   8.6%   4.7%   2.3%   0.0% 	Avg.: 13.7% 
************************************************************************************************************
TAg Forg
	  0.0%   0.0%   0.0%   0.0%   0.0%   0.0%   0.0%   0.0%   0.0%   0.0% 
	 16.7%   0.0%   0.0%   0.0%   0.0%   0.0%   0.0%   0.0%   0.0%   0.0% 	Avg.: 16.7% 
	 31.3%  23.8%   0.0%   0.0%   0.0%   0.0%   0.0%   0.0%   0.0%   0.0% 	Avg.: 27.5% 
	 49.8%  52.8%  16.6%   0.0%   0.0%   0.0%   0.0%   0.0%   0.0%   0.0% 	Avg.: 39.7% 
	 65.2%  64.3%  41.4%  19.7%   0.0%   0.0%   0.0%   0.0%   0.0%   0.0% 	Avg.: 47.7% 
	 69.6%  75.5%  57.8%  38.2%  20.6%   0.0%   0.0%   0.0%   0.0%   0.0% 	Avg.: 52.3% 
	 78.0%  82.3%  66.4%  46.1%  39.2%  18.2%   0.0%   0.0%   0.0%   0.0% 	Avg.: 55.0% 
	 81.3%  84.3%  72.1%  61.8%  63.0%  35.0%  26.6%   0.0%   0.0%   0.0% 	Avg.: 60.6% 
	 88.9%  86.1%  81.0%  69.9%  72.5%  43.0%  38.9%  18.3%   0.0%   0.0% 	Avg.: 62.3% 
	 86.4%  87.6%  83.5%  67.1%  70.4%  55.4%  48.0%  32.1%  14.2%   0.0% 	Avg.: 60.5% 
************************************************************************************************************
[Elapsed time = 0.6 h]
Done!
