START_TASK=19 STOP_TASK=20
============================================================================================================
Arguments =
	approach: freezing
	batch_size: 64
	classes_first_task: None
	clipping: 10000
	crop: 224
	data_path: ../data/inat200
	dataset: inat200
	eval_on_train: False
	experiment_path: None
	fix_bn: True
	freeze_backbone: True
	gpu: 0
	gpus: [0]
	increment: 10
	last_layer_analysis: False
	log: ['disk']
	lr: 0.01
	lr_factor: None
	lr_min: 0.0001
	lr_patience: None
	lr_scheduler: cosine
	lr_warmup_epochs: 0
	momentum: 0.0
	multi_softmax: False
	nepochs: 90
	network: resnetv2_101x1_bit.goog_in21k
	no_cudnn_deterministic: False
	normalize: in21k
	num_workers: 2
	optimizer_name: sgd
	pin_memory: False
	pretrained: True
	resize: 224
	results_path: ./results
	save_models: True
	seed: 0
	start_at_task: 19
	start_epoch: 0
	stop_at_task: 20
	stop_epoch: 0
	use_valid_only: False
	warmup_lr_factor: 1.0
	warmup_nepochs: 0
	weight_decay: 0.0
============================================================================================================
Approach arguments =
============================================================================================================
Exemplars arguments =
============================================================================================================
WARNING: ./results/resnetv2_101x1_bit.goog_in21k/inat200/freezing/10 already exists!
Loaded acc_taw from: ./results/resnetv2_101x1_bit.goog_in21k/inat200/freezing/10/acc_taw-18.txt
Loaded acc_tag from: ./results/resnetv2_101x1_bit.goog_in21k/inat200/freezing/10/acc_tag-18.txt
Loaded forg_taw from: ./results/resnetv2_101x1_bit.goog_in21k/inat200/freezing/10/forg_taw-18.txt
Loaded forg_tag from: ./results/resnetv2_101x1_bit.goog_in21k/inat200/freezing/10/forg_tag-18.txt
************************************************************************************************************
Task 19  [epochs 0-90]
************************************************************************************************************
[DEBUG] trainable params -> backbone:0 heads:409800 total:409800
[params] total:42,902,280  trainable:409,800  tensors:344  trainable_tensors:40
| Epoch   1, time= 13.9s | Train: skip eval | Valid: time=  1.6s loss=0.626, TAw acc= 81.8% | * lr=1.0e-02
| Epoch   2, time= 13.6s | Train: skip eval | Valid: time=  1.7s loss=0.406, TAw acc= 87.2% | * lr=1.0e-02
| Epoch   3, time= 14.0s | Train: skip eval | Valid: time=  1.5s loss=0.740, TAw acc= 79.8% | lr=1.0e-02
| Epoch   4, time= 14.4s | Train: skip eval | Valid: time=  1.4s loss=0.481, TAw acc= 87.0% | lr=1.0e-02
| Epoch   5, time= 17.7s | Train: skip eval | Valid: time=  1.4s loss=0.336, TAw acc= 90.2% | * lr=9.9e-03
| Epoch   6, time= 15.3s | Train: skip eval | Valid: time=  1.6s loss=0.269, TAw acc= 91.0% | * lr=9.9e-03
| Epoch   7, time= 12.4s | Train: skip eval | Valid: time=  1.4s loss=0.445, TAw acc= 86.0% | lr=9.9e-03
| Epoch   8, time= 12.9s | Train: skip eval | Valid: time=  1.4s loss=0.223, TAw acc= 92.8% | * lr=9.8e-03
| Epoch   9, time= 13.5s | Train: skip eval | Valid: time=  1.4s loss=0.300, TAw acc= 89.8% | lr=9.8e-03
| Epoch  10, time= 12.6s | Train: skip eval | Valid: time=  1.9s loss=0.445, TAw acc= 87.5% | lr=9.7e-03
| Epoch  11, time= 14.6s | Train: skip eval | Valid: time=  1.4s loss=0.624, TAw acc= 83.5% | lr=9.6e-03
| Epoch  12, time= 13.5s | Train: skip eval | Valid: time=  1.7s loss=0.283, TAw acc= 90.8% | lr=9.6e-03
| Epoch  13, time= 12.5s | Train: skip eval | Valid: time=  1.6s loss=0.523, TAw acc= 86.2% | lr=9.5e-03
| Epoch  14, time= 13.2s | Train: skip eval | Valid: time=  1.7s loss=0.447, TAw acc= 88.0% | lr=9.4e-03
| Epoch  15, time= 12.6s | Train: skip eval | Valid: time=  1.4s loss=0.247, TAw acc= 91.8% | lr=9.3e-03
| Epoch  16, time= 13.0s | Train: skip eval | Valid: time=  1.9s loss=0.449, TAw acc= 88.2% | lr=9.2e-03
| Epoch  17, time= 13.3s | Train: skip eval | Valid: time=  1.4s loss=0.234, TAw acc= 92.8% | lr=9.2e-03
| Epoch  18, time= 13.9s | Train: skip eval | Valid: time=  1.4s loss=0.400, TAw acc= 89.2% | lr=9.1e-03
| Epoch  19, time= 12.9s | Train: skip eval | Valid: time=  1.4s loss=0.342, TAw acc= 89.2% | lr=9.0e-03
| Epoch  20, time= 12.6s | Train: skip eval | Valid: time=  1.7s loss=0.324, TAw acc= 89.2% | lr=8.8e-03
| Epoch  21, time= 12.3s | Train: skip eval | Valid: time=  1.4s loss=0.317, TAw acc= 88.8% | lr=8.7e-03
| Epoch  22, time= 13.2s | Train: skip eval | Valid: time=  1.4s loss=0.275, TAw acc= 91.5% | lr=8.6e-03
| Epoch  23, time= 14.9s | Train: skip eval | Valid: time=  1.7s loss=0.232, TAw acc= 91.8% | lr=8.5e-03
| Epoch  24, time= 13.0s | Train: skip eval | Valid: time=  1.5s loss=0.290, TAw acc= 92.2% | lr=8.4e-03
| Epoch  25, time= 15.2s | Train: skip eval | Valid: time=  1.6s loss=0.358, TAw acc= 89.0% | lr=8.2e-03
| Epoch  26, time= 14.1s | Train: skip eval | Valid: time=  1.4s loss=0.274, TAw acc= 92.2% | lr=8.1e-03
| Epoch  27, time= 13.2s | Train: skip eval | Valid: time=  1.7s loss=0.217, TAw acc= 92.8% | * lr=8.0e-03
| Epoch  28, time= 13.4s | Train: skip eval | Valid: time=  1.4s loss=0.271, TAw acc= 91.2% | lr=7.8e-03
| Epoch  29, time= 13.6s | Train: skip eval | Valid: time=  1.4s loss=0.272, TAw acc= 91.0% | lr=7.7e-03
| Epoch  30, time= 12.9s | Train: skip eval | Valid: time=  1.7s loss=0.247, TAw acc= 92.5% | lr=7.5e-03
| Epoch  31, time= 12.4s | Train: skip eval | Valid: time=  1.4s loss=0.248, TAw acc= 93.0% | lr=7.4e-03
| Epoch  32, time= 14.0s | Train: skip eval | Valid: time=  1.8s loss=0.221, TAw acc= 93.2% | lr=7.2e-03
| Epoch  33, time= 12.9s | Train: skip eval | Valid: time=  1.8s loss=0.226, TAw acc= 92.0% | lr=7.1e-03
| Epoch  34, time= 13.4s | Train: skip eval | Valid: time=  1.4s loss=0.205, TAw acc= 93.0% | * lr=6.9e-03
| Epoch  35, time= 13.5s | Train: skip eval | Valid: time=  1.4s loss=0.324, TAw acc= 89.5% | lr=6.7e-03
| Epoch  36, time= 13.2s | Train: skip eval | Valid: time=  1.4s loss=0.198, TAw acc= 92.8% | * lr=6.6e-03
| Epoch  37, time= 12.5s | Train: skip eval | Valid: time=  1.7s loss=0.232, TAw acc= 92.5% | lr=6.4e-03
| Epoch  38, time= 12.9s | Train: skip eval | Valid: time=  1.4s loss=0.196, TAw acc= 93.5% | * lr=6.2e-03
| Epoch  39, time= 13.4s | Train: skip eval | Valid: time=  1.8s loss=0.240, TAw acc= 91.8% | lr=6.1e-03
| Epoch  40, time= 13.0s | Train: skip eval | Valid: time=  1.7s loss=0.213, TAw acc= 91.8% | lr=5.9e-03
| Epoch  41, time= 12.5s | Train: skip eval | Valid: time=  1.4s loss=0.187, TAw acc= 94.0% | * lr=5.7e-03
| Epoch  42, time= 13.1s | Train: skip eval | Valid: time=  1.4s loss=0.209, TAw acc= 93.0% | lr=5.6e-03
| Epoch  43, time= 14.0s | Train: skip eval | Valid: time=  1.4s loss=0.187, TAw acc= 93.5% | * lr=5.4e-03
| Epoch  44, time= 14.8s | Train: skip eval | Valid: time=  1.4s loss=0.220, TAw acc= 91.8% | lr=5.2e-03
| Epoch  45, time= 13.1s | Train: skip eval | Valid: time=  1.4s loss=0.188, TAw acc= 94.5% | lr=5.1e-03
| Epoch  46, time= 13.4s | Train: skip eval | Valid: time=  1.4s loss=0.242, TAw acc= 91.5% | lr=4.9e-03
| Epoch  47, time= 12.8s | Train: skip eval | Valid: time=  1.4s loss=0.196, TAw acc= 92.5% | lr=4.7e-03
| Epoch  48, time= 14.3s | Train: skip eval | Valid: time=  1.4s loss=0.228, TAw acc= 92.5% | lr=4.5e-03
| Epoch  49, time= 13.0s | Train: skip eval | Valid: time=  1.9s loss=0.205, TAw acc= 93.2% | lr=4.4e-03
| Epoch  50, time= 15.8s | Train: skip eval | Valid: time=  1.4s loss=0.202, TAw acc= 93.0% | lr=4.2e-03
| Epoch  51, time= 14.9s | Train: skip eval | Valid: time=  1.5s loss=0.175, TAw acc= 94.2% | * lr=4.0e-03
| Epoch  52, time= 14.7s | Train: skip eval | Valid: time=  1.7s loss=0.225, TAw acc= 92.5% | lr=3.9e-03
| Epoch  53, time= 12.5s | Train: skip eval | Valid: time=  1.7s loss=0.195, TAw acc= 93.5% | lr=3.7e-03
| Epoch  54, time= 12.8s | Train: skip eval | Valid: time=  1.5s loss=0.214, TAw acc= 93.0% | lr=3.5e-03
| Epoch  55, time= 13.6s | Train: skip eval | Valid: time=  1.4s loss=0.179, TAw acc= 93.8% | lr=3.4e-03
| Epoch  56, time= 13.2s | Train: skip eval | Valid: time=  1.9s loss=0.198, TAw acc= 93.5% | lr=3.2e-03
| Epoch  57, time= 13.1s | Train: skip eval | Valid: time=  1.6s loss=0.177, TAw acc= 94.5% | lr=3.0e-03
| Epoch  58, time= 12.4s | Train: skip eval | Valid: time=  1.4s loss=0.204, TAw acc= 92.5% | lr=2.9e-03
| Epoch  59, time= 12.8s | Train: skip eval | Valid: time=  1.4s loss=0.184, TAw acc= 94.5% | lr=2.7e-03
| Epoch  60, time= 13.9s | Train: skip eval | Valid: time=  1.4s loss=0.175, TAw acc= 94.0% | * lr=2.6e-03
| Epoch  61, time= 13.4s | Train: skip eval | Valid: time=  2.0s loss=0.189, TAw acc= 92.8% | lr=2.4e-03
| Epoch  62, time= 16.7s | Train: skip eval | Valid: time=  1.7s loss=0.191, TAw acc= 93.5% | lr=2.3e-03
| Epoch  63, time= 13.2s | Train: skip eval | Valid: time=  1.4s loss=0.192, TAw acc= 93.5% | lr=2.1e-03
| Epoch  64, time= 12.8s | Train: skip eval | Valid: time=  1.4s loss=0.196, TAw acc= 92.8% | lr=2.0e-03
| Epoch  65, time= 12.7s | Train: skip eval | Valid: time=  1.5s loss=0.184, TAw acc= 94.2% | lr=1.9e-03
| Epoch  66, time= 14.0s | Train: skip eval | Valid: time=  1.9s loss=0.187, TAw acc= 94.0% | lr=1.7e-03
| Epoch  67, time= 22.6s | Train: skip eval | Valid: time=  1.9s loss=0.189, TAw acc= 94.2% | lr=1.6e-03
| Epoch  68, time= 13.3s | Train: skip eval | Valid: time=  1.4s loss=0.179, TAw acc= 93.8% | lr=1.5e-03
| Epoch  69, time= 13.0s | Train: skip eval | Valid: time=  1.4s loss=0.196, TAw acc= 93.8% | lr=1.4e-03
| Epoch  70, time= 13.6s | Train: skip eval | Valid: time=  1.4s loss=0.191, TAw acc= 94.0% | lr=1.3e-03
| Epoch  71, time= 13.5s | Train: skip eval | Valid: time=  1.9s loss=0.188, TAw acc= 94.5% | lr=1.1e-03
| Epoch  72, time= 13.8s | Train: skip eval | Valid: time=  2.0s loss=0.193, TAw acc= 93.5% | lr=1.0e-03
| Epoch  73, time= 13.1s | Train: skip eval | Valid: time=  1.5s loss=0.201, TAw acc= 93.5% | lr=9.5e-04
| Epoch  74, time= 13.4s | Train: skip eval | Valid: time=  1.4s loss=0.182, TAw acc= 94.0% | lr=8.5e-04
| Epoch  75, time= 12.8s | Train: skip eval | Valid: time=  1.4s loss=0.189, TAw acc= 94.0% | lr=7.6e-04
| Epoch  76, time= 13.0s | Train: skip eval | Valid: time=  1.7s loss=0.188, TAw acc= 93.8% | lr=6.8e-04
| Epoch  77, time= 13.3s | Train: skip eval | Valid: time=  1.5s loss=0.189, TAw acc= 93.5% | lr=6.0e-04
| Epoch  78, time= 13.9s | Train: skip eval | Valid: time=  1.4s loss=0.186, TAw acc= 94.2% | lr=5.3e-04
| Epoch  79, time= 12.9s | Train: skip eval | Valid: time=  1.4s loss=0.188, TAw acc= 94.2% | lr=4.6e-04
| Epoch  80, time= 12.6s | Train: skip eval | Valid: time=  1.4s loss=0.185, TAw acc= 94.2% | lr=4.0e-04
| Epoch  81, time= 14.6s | Train: skip eval | Valid: time=  1.4s loss=0.189, TAw acc= 94.0% | lr=3.4e-04
| Epoch  82, time= 16.1s | Train: skip eval | Valid: time=  1.4s loss=0.188, TAw acc= 94.0% | lr=2.9e-04
| Epoch  83, time= 13.0s | Train: skip eval | Valid: time=  1.4s loss=0.186, TAw acc= 93.5% | lr=2.5e-04
| Epoch  84, time= 12.5s | Train: skip eval | Valid: time=  1.4s loss=0.187, TAw acc= 93.8% | lr=2.1e-04
| Epoch  85, time= 12.7s | Train: skip eval | Valid: time=  1.7s loss=0.187, TAw acc= 93.8% | lr=1.8e-04
| Epoch  86, time= 12.8s | Train: skip eval | Valid: time=  1.4s loss=0.186, TAw acc= 93.8% | lr=1.5e-04
| Epoch  87, time= 15.6s | Train: skip eval | Valid: time=  1.4s loss=0.184, TAw acc= 94.0% | lr=1.3e-04
| Epoch  88, time= 12.7s | Train: skip eval | Valid: time=  1.8s loss=0.185, TAw acc= 93.8% | lr=1.1e-04
| Epoch  89, time= 12.7s | Train: skip eval | Valid: time=  1.4s loss=0.184, TAw acc= 93.8% | lr=1.0e-04
| Epoch  90, time= 12.6s | Train: skip eval | Valid: time=  1.6s loss=0.184, TAw acc= 93.8% | lr=1.0e-04
------------------------------------------------------------------------------------------------------------
>>> Test on task  0 : loss=0.242 | TAw acc= 93.2%, forg=  0.0% | TAg acc= 54.7%, forg= 38.5% <<<
>>> Test on task  1 : loss=0.255 | TAw acc= 92.0%, forg=  0.0% | TAg acc= 40.9%, forg= 40.6% <<<
>>> Test on task  2 : loss=0.202 | TAw acc= 93.5%, forg=  0.0% | TAg acc= 60.9%, forg= 23.5% <<<
>>> Test on task  3 : loss=0.341 | TAw acc= 89.8%, forg=  0.0% | TAg acc= 49.0%, forg= 21.2% <<<
>>> Test on task  4 : loss=0.302 | TAw acc= 90.8%, forg=  0.0% | TAg acc= 41.0%, forg= 22.9% <<<
>>> Test on task  5 : loss=0.351 | TAw acc= 89.8%, forg=  0.0% | TAg acc= 43.8%, forg= 25.8% <<<
>>> Test on task  6 : loss=0.189 | TAw acc= 93.3%, forg=  0.0% | TAg acc= 60.4%, forg= 10.7% <<<
>>> Test on task  7 : loss=0.291 | TAw acc= 90.9%, forg=  0.0% | TAg acc= 60.0%, forg= 10.1% <<<
>>> Test on task  8 : loss=0.280 | TAw acc= 91.7%, forg=  0.0% | TAg acc= 58.0%, forg= 10.5% <<<
>>> Test on task  9 : loss=0.250 | TAw acc= 92.2%, forg=  0.0% | TAg acc= 43.6%, forg= 15.7% <<<
>>> Test on task 10 : loss=0.314 | TAw acc= 90.5%, forg=  0.0% | TAg acc= 47.6%, forg=  8.7% <<<
>>> Test on task 11 : loss=0.273 | TAw acc= 91.4%, forg=  0.0% | TAg acc= 40.3%, forg= 16.7% <<<
>>> Test on task 12 : loss=0.246 | TAw acc= 93.6%, forg=  0.0% | TAg acc= 49.7%, forg= 10.0% <<<
>>> Test on task 13 : loss=0.130 | TAw acc= 96.3%, forg=  0.0% | TAg acc= 49.9%, forg=  4.4% <<<
>>> Test on task 14 : loss=0.208 | TAw acc= 94.0%, forg=  0.0% | TAg acc= 62.4%, forg=  6.9% <<<
>>> Test on task 15 : loss=0.280 | TAw acc= 92.0%, forg=  0.0% | TAg acc= 55.2%, forg=  0.9% <<<
>>> Test on task 16 : loss=0.498 | TAw acc= 85.1%, forg=  0.0% | TAg acc= 50.2%, forg=  3.5% <<<
>>> Test on task 17 : loss=0.237 | TAw acc= 92.4%, forg=  0.0% | TAg acc= 49.7%, forg=  1.7% <<<
>>> Test on task 18 : loss=0.356 | TAw acc= 89.6%, forg=  0.0% | TAg acc= 57.9%, forg=  0.4% <<<
>>> Test on task 19 : loss=0.258 | TAw acc= 91.3%, forg=  0.0% | TAg acc= 56.1%, forg=  0.0% <<<
Save at ./results/./results/resnetv2_101x1_bit.goog_in21k/inat200/freezing/10
************************************************************************************************************
TAw Acc
	 93.2%   0.0%   0.0%   0.0%   0.0%   0.0%   0.0%   0.0%   0.0%   0.0%   0.0%   0.0%   0.0%   0.0%   0.0%   0.0%   0.0%   0.0%   0.0%   0.0% 	Avg.: 93.2% 
	 93.2%  92.0%   0.0%   0.0%   0.0%   0.0%   0.0%   0.0%   0.0%   0.0%   0.0%   0.0%   0.0%   0.0%   0.0%   0.0%   0.0%   0.0%   0.0%   0.0% 	Avg.: 92.6% 
	 93.2%  92.0%  93.5%   0.0%   0.0%   0.0%   0.0%   0.0%   0.0%   0.0%   0.0%   0.0%   0.0%   0.0%   0.0%   0.0%   0.0%   0.0%   0.0%   0.0% 	Avg.: 92.9% 
	 93.2%  92.0%  93.5%  89.8%   0.0%   0.0%   0.0%   0.0%   0.0%   0.0%   0.0%   0.0%   0.0%   0.0%   0.0%   0.0%   0.0%   0.0%   0.0%   0.0% 	Avg.: 92.1% 
	 93.2%  92.0%  93.5%  89.8%  90.8%   0.0%   0.0%   0.0%   0.0%   0.0%   0.0%   0.0%   0.0%   0.0%   0.0%   0.0%   0.0%   0.0%   0.0%   0.0% 	Avg.: 91.9% 
	 93.2%  92.0%  93.5%  89.8%  90.8%  89.8%   0.0%   0.0%   0.0%   0.0%   0.0%   0.0%   0.0%   0.0%   0.0%   0.0%   0.0%   0.0%   0.0%   0.0% 	Avg.: 91.5% 
	 93.2%  92.0%  93.5%  89.8%  90.8%  89.8%  93.3%   0.0%   0.0%   0.0%   0.0%   0.0%   0.0%   0.0%   0.0%   0.0%   0.0%   0.0%   0.0%   0.0% 	Avg.: 91.8% 
	 93.2%  92.0%  93.5%  89.8%  90.8%  89.8%  93.3%  90.9%   0.0%   0.0%   0.0%   0.0%   0.0%   0.0%   0.0%   0.0%   0.0%   0.0%   0.0%   0.0% 	Avg.: 91.7% 
	 93.2%  92.0%  93.5%  89.8%  90.8%  89.8%  93.3%  90.9%  91.7%   0.0%   0.0%   0.0%   0.0%   0.0%   0.0%   0.0%   0.0%   0.0%   0.0%   0.0% 	Avg.: 91.7% 
	 93.2%  92.0%  93.5%  89.8%  90.8%  89.8%  93.3%  90.9%  91.7%  92.2%   0.0%   0.0%   0.0%   0.0%   0.0%   0.0%   0.0%   0.0%   0.0%   0.0% 	Avg.: 91.7% 
	 93.2%  92.0%  93.5%  89.8%  90.8%  89.8%  93.3%  90.9%  91.7%  92.2%  90.5%   0.0%   0.0%   0.0%   0.0%   0.0%   0.0%   0.0%   0.0%   0.0% 	Avg.: 91.6% 
	 93.2%  92.0%  93.5%  89.8%  90.8%  89.8%  93.3%  90.9%  91.7%  92.2%  90.5%  91.4%   0.0%   0.0%   0.0%   0.0%   0.0%   0.0%   0.0%   0.0% 	Avg.: 91.6% 
	 93.2%  92.0%  93.5%  89.8%  90.8%  89.8%  93.3%  90.9%  91.7%  92.2%  90.5%  91.4%  93.6%   0.0%   0.0%   0.0%   0.0%   0.0%   0.0%   0.0% 	Avg.: 91.7% 
	 93.2%  92.0%  93.5%  89.8%  90.8%  89.8%  93.3%  90.9%  91.7%  92.2%  90.5%  91.4%  93.6%  96.3%   0.0%   0.0%   0.0%   0.0%   0.0%   0.0% 	Avg.: 92.1% 
	 93.2%  92.0%  93.5%  89.8%  90.8%  89.8%  93.3%  90.9%  91.7%  92.2%  90.5%  91.4%  93.6%  96.3%  94.0%   0.0%   0.0%   0.0%   0.0%   0.0% 	Avg.: 92.2% 
	 93.2%  92.0%  93.5%  89.8%  90.8%  89.8%  93.3%  90.9%  91.7%  92.2%  90.5%  91.4%  93.6%  96.3%  94.0%  92.0%   0.0%   0.0%   0.0%   0.0% 	Avg.: 92.2% 
	 93.2%  92.0%  93.5%  89.8%  90.8%  89.8%  93.3%  90.9%  91.7%  92.2%  90.5%  91.4%  93.6%  96.3%  94.0%  92.0%  85.1%   0.0%   0.0%   0.0% 	Avg.: 91.8% 
	 93.2%  92.0%  93.5%  89.8%  90.8%  89.8%  93.3%  90.9%  91.7%  92.2%  90.5%  91.4%  93.6%  96.3%  94.0%  92.0%  85.1%  92.4%   0.0%   0.0% 	Avg.: 91.8% 
	 93.2%  92.0%  93.5%  89.8%  90.8%  89.8%  93.3%  90.9%  91.7%  92.2%  90.5%  91.4%  93.6%  96.3%  94.0%  92.0%  85.1%  92.4%  89.6%   0.0% 	Avg.: 91.7% 
	 93.2%  92.0%  93.5%  89.8%  90.8%  89.8%  93.3%  90.9%  91.7%  92.2%  90.5%  91.4%  93.6%  96.3%  94.0%  92.0%  85.1%  92.4%  89.6%  91.3% 	Avg.: 91.7% 
************************************************************************************************************
TAg Acc
	 93.2%   0.0%   0.0%   0.0%   0.0%   0.0%   0.0%   0.0%   0.0%   0.0%   0.0%   0.0%   0.0%   0.0%   0.0%   0.0%   0.0%   0.0%   0.0%   0.0% 	Avg.: 93.2% 
	 88.2%  81.5%   0.0%   0.0%   0.0%   0.0%   0.0%   0.0%   0.0%   0.0%   0.0%   0.0%   0.0%   0.0%   0.0%   0.0%   0.0%   0.0%   0.0%   0.0% 	Avg.: 84.8% 
	 80.9%  75.0%  84.4%   0.0%   0.0%   0.0%   0.0%   0.0%   0.0%   0.0%   0.0%   0.0%   0.0%   0.0%   0.0%   0.0%   0.0%   0.0%   0.0%   0.0% 	Avg.: 80.1% 
	 77.9%  71.0%  80.7%  70.2%   0.0%   0.0%   0.0%   0.0%   0.0%   0.0%   0.0%   0.0%   0.0%   0.0%   0.0%   0.0%   0.0%   0.0%   0.0%   0.0% 	Avg.: 75.0% 
	 76.7%  70.1%  79.2%  68.1%  63.9%   0.0%   0.0%   0.0%   0.0%   0.0%   0.0%   0.0%   0.0%   0.0%   0.0%   0.0%   0.0%   0.0%   0.0%   0.0% 	Avg.: 71.6% 
	 72.5%  69.3%  76.4%  65.1%  60.8%  69.6%   0.0%   0.0%   0.0%   0.0%   0.0%   0.0%   0.0%   0.0%   0.0%   0.0%   0.0%   0.0%   0.0%   0.0% 	Avg.: 69.0% 
	 67.7%  67.4%  72.3%  64.4%  59.5%  66.5%  71.1%   0.0%   0.0%   0.0%   0.0%   0.0%   0.0%   0.0%   0.0%   0.0%   0.0%   0.0%   0.0%   0.0% 	Avg.: 67.0% 
	 65.4%  64.8%  70.0%  61.9%  55.2%  63.8%  65.9%  70.1%   0.0%   0.0%   0.0%   0.0%   0.0%   0.0%   0.0%   0.0%   0.0%   0.0%   0.0%   0.0% 	Avg.: 64.6% 
	 64.8%  57.0%  69.0%  60.3%  53.2%  63.3%  65.4%  68.4%  68.5%   0.0%   0.0%   0.0%   0.0%   0.0%   0.0%   0.0%   0.0%   0.0%   0.0%   0.0% 	Avg.: 63.3% 
	 62.4%  56.0%  68.6%  59.4%  51.5%  60.1%  64.2%  66.8%  67.1%  59.3%   0.0%   0.0%   0.0%   0.0%   0.0%   0.0%   0.0%   0.0%   0.0%   0.0% 	Avg.: 61.5% 
	 61.9%  55.5%  67.5%  58.5%  49.9%  56.6%  63.2%  66.2%  66.1%  58.4%  56.3%   0.0%   0.0%   0.0%   0.0%   0.0%   0.0%   0.0%   0.0%   0.0% 	Avg.: 60.0% 
	 59.7%  54.6%  66.4%  57.4%  49.5%  56.4%  62.7%  65.3%  65.2%  54.2%  55.8%  57.0%   0.0%   0.0%   0.0%   0.0%   0.0%   0.0%   0.0%   0.0% 	Avg.: 58.7% 
	 59.4%  54.4%  66.4%  56.3%  48.7%  55.8%  62.4%  64.6%  64.4%  51.4%  54.2%  56.5%  59.7%   0.0%   0.0%   0.0%   0.0%   0.0%   0.0%   0.0% 	Avg.: 58.0% 
	 59.2%  48.6%  65.3%  55.4%  48.2%  53.5%  62.2%  64.5%  63.4%  49.5%  53.3%  54.7%  57.6%  54.3%   0.0%   0.0%   0.0%   0.0%   0.0%   0.0% 	Avg.: 56.4% 
	 57.1%  46.9%  63.0%  54.2%  46.8%  52.8%  61.6%  63.7%  62.2%  47.4%  52.4%  53.2%  56.0%  53.5%  69.3%   0.0%   0.0%   0.0%   0.0%   0.0% 	Avg.: 56.0% 
	 56.8%  45.4%  62.1%  53.7%  44.6%  50.2%  61.2%  63.7%  61.8%  46.8%  51.1%  52.5%  55.9%  53.3%  66.3%  56.1%   0.0%   0.0%   0.0%   0.0% 	Avg.: 55.1% 
	 55.9%  42.5%  61.9%  52.4%  43.2%  49.4%  61.1%  62.9%  59.5%  45.3%  48.9%  51.2%  54.6%  52.7%  65.3%  55.8%  53.7%   0.0%   0.0%   0.0% 	Avg.: 53.9% 
	 55.6%  42.3%  61.8%  51.5%  42.3%  47.5%  60.9%  61.5%  59.1%  45.0%  48.8%  50.9%  54.4%  52.3%  64.8%  55.4%  53.5%  51.4%   0.0%   0.0% 	Avg.: 53.3% 
	 55.0%  41.2%  61.1%  49.2%  41.5%  44.7%  60.6%  60.6%  58.4%  44.4%  48.2%  40.6%  51.0%  51.1%  63.2%  55.2%  51.6%  50.0%  58.3%   0.0% 	Avg.: 51.9% 
	 54.7%  40.9%  60.9%  49.0%  41.0%  43.8%  60.4%  60.0%  58.0%  43.6%  47.6%  40.3%  49.7%  49.9%  62.4%  55.2%  50.2%  49.7%  57.9%  56.1% 	Avg.: 51.6% 
************************************************************************************************************
TAw Forg
	  0.0%   0.0%   0.0%   0.0%   0.0%   0.0%   0.0%   0.0%   0.0%   0.0%   0.0%   0.0%   0.0%   0.0%   0.0%   0.0%   0.0%   0.0%   0.0%   0.0% 
	  0.0%   0.0%   0.0%   0.0%   0.0%   0.0%   0.0%   0.0%   0.0%   0.0%   0.0%   0.0%   0.0%   0.0%   0.0%   0.0%   0.0%   0.0%   0.0%   0.0% 	Avg.:  0.0% 
	  0.0%   0.0%   0.0%   0.0%   0.0%   0.0%   0.0%   0.0%   0.0%   0.0%   0.0%   0.0%   0.0%   0.0%   0.0%   0.0%   0.0%   0.0%   0.0%   0.0% 	Avg.:  0.0% 
	  0.0%   0.0%   0.0%   0.0%   0.0%   0.0%   0.0%   0.0%   0.0%   0.0%   0.0%   0.0%   0.0%   0.0%   0.0%   0.0%   0.0%   0.0%   0.0%   0.0% 	Avg.:  0.0% 
	  0.0%   0.0%   0.0%   0.0%   0.0%   0.0%   0.0%   0.0%   0.0%   0.0%   0.0%   0.0%   0.0%   0.0%   0.0%   0.0%   0.0%   0.0%   0.0%   0.0% 	Avg.:  0.0% 
	  0.0%   0.0%   0.0%   0.0%   0.0%   0.0%   0.0%   0.0%   0.0%   0.0%   0.0%   0.0%   0.0%   0.0%   0.0%   0.0%   0.0%   0.0%   0.0%   0.0% 	Avg.:  0.0% 
	  0.0%   0.0%   0.0%   0.0%   0.0%   0.0%   0.0%   0.0%   0.0%   0.0%   0.0%   0.0%   0.0%   0.0%   0.0%   0.0%   0.0%   0.0%   0.0%   0.0% 	Avg.:  0.0% 
	  0.0%   0.0%   0.0%   0.0%   0.0%   0.0%   0.0%   0.0%   0.0%   0.0%   0.0%   0.0%   0.0%   0.0%   0.0%   0.0%   0.0%   0.0%   0.0%   0.0% 	Avg.:  0.0% 
	  0.0%   0.0%   0.0%   0.0%   0.0%   0.0%   0.0%   0.0%   0.0%   0.0%   0.0%   0.0%   0.0%   0.0%   0.0%   0.0%   0.0%   0.0%   0.0%   0.0% 	Avg.:  0.0% 
	  0.0%   0.0%   0.0%   0.0%   0.0%   0.0%   0.0%   0.0%   0.0%   0.0%   0.0%   0.0%   0.0%   0.0%   0.0%   0.0%   0.0%   0.0%   0.0%   0.0% 	Avg.:  0.0% 
	  0.0%   0.0%   0.0%   0.0%   0.0%   0.0%   0.0%   0.0%   0.0%   0.0%   0.0%   0.0%   0.0%   0.0%   0.0%   0.0%   0.0%   0.0%   0.0%   0.0% 	Avg.:  0.0% 
	  0.0%   0.0%   0.0%   0.0%   0.0%   0.0%   0.0%   0.0%   0.0%   0.0%   0.0%   0.0%   0.0%   0.0%   0.0%   0.0%   0.0%   0.0%   0.0%   0.0% 	Avg.:  0.0% 
	  0.0%   0.0%   0.0%   0.0%   0.0%   0.0%   0.0%   0.0%   0.0%   0.0%   0.0%   0.0%   0.0%   0.0%   0.0%   0.0%   0.0%   0.0%   0.0%   0.0% 	Avg.:  0.0% 
	  0.0%   0.0%   0.0%   0.0%   0.0%   0.0%   0.0%   0.0%   0.0%   0.0%   0.0%   0.0%   0.0%   0.0%   0.0%   0.0%   0.0%   0.0%   0.0%   0.0% 	Avg.:  0.0% 
	  0.0%   0.0%   0.0%   0.0%   0.0%   0.0%   0.0%   0.0%   0.0%   0.0%   0.0%   0.0%   0.0%   0.0%   0.0%   0.0%   0.0%   0.0%   0.0%   0.0% 	Avg.:  0.0% 
	  0.0%   0.0%   0.0%   0.0%   0.0%   0.0%   0.0%   0.0%   0.0%   0.0%   0.0%   0.0%   0.0%   0.0%   0.0%   0.0%   0.0%   0.0%   0.0%   0.0% 	Avg.:  0.0% 
	  0.0%   0.0%   0.0%   0.0%   0.0%   0.0%   0.0%   0.0%   0.0%   0.0%   0.0%   0.0%   0.0%   0.0%   0.0%   0.0%   0.0%   0.0%   0.0%   0.0% 	Avg.:  0.0% 
	  0.0%   0.0%   0.0%   0.0%   0.0%   0.0%   0.0%   0.0%   0.0%   0.0%   0.0%   0.0%   0.0%   0.0%   0.0%   0.0%   0.0%   0.0%   0.0%   0.0% 	Avg.:  0.0% 
	  0.0%   0.0%   0.0%   0.0%   0.0%   0.0%   0.0%   0.0%   0.0%   0.0%   0.0%   0.0%   0.0%   0.0%   0.0%   0.0%   0.0%   0.0%   0.0%   0.0% 	Avg.:  0.0% 
	  0.0%   0.0%   0.0%   0.0%   0.0%   0.0%   0.0%   0.0%   0.0%   0.0%   0.0%   0.0%   0.0%   0.0%   0.0%   0.0%   0.0%   0.0%   0.0%   0.0% 	Avg.:  0.0% 
************************************************************************************************************
TAg Forg
	  0.0%   0.0%   0.0%   0.0%   0.0%   0.0%   0.0%   0.0%   0.0%   0.0%   0.0%   0.0%   0.0%   0.0%   0.0%   0.0%   0.0%   0.0%   0.0%   0.0% 
	  5.0%   0.0%   0.0%   0.0%   0.0%   0.0%   0.0%   0.0%   0.0%   0.0%   0.0%   0.0%   0.0%   0.0%   0.0%   0.0%   0.0%   0.0%   0.0%   0.0% 	Avg.:  5.0% 
	 12.3%   6.5%   0.0%   0.0%   0.0%   0.0%   0.0%   0.0%   0.0%   0.0%   0.0%   0.0%   0.0%   0.0%   0.0%   0.0%   0.0%   0.0%   0.0%   0.0% 	Avg.:  9.4% 
	 15.3%  10.5%   3.7%   0.0%   0.0%   0.0%   0.0%   0.0%   0.0%   0.0%   0.0%   0.0%   0.0%   0.0%   0.0%   0.0%   0.0%   0.0%   0.0%   0.0% 	Avg.:  9.8% 
	 16.5%  11.4%   5.2%   2.1%   0.0%   0.0%   0.0%   0.0%   0.0%   0.0%   0.0%   0.0%   0.0%   0.0%   0.0%   0.0%   0.0%   0.0%   0.0%   0.0% 	Avg.:  8.8% 
	 20.7%  12.2%   8.0%   5.1%   3.1%   0.0%   0.0%   0.0%   0.0%   0.0%   0.0%   0.0%   0.0%   0.0%   0.0%   0.0%   0.0%   0.0%   0.0%   0.0% 	Avg.:  9.8% 
	 25.5%  14.1%  12.1%   5.8%   4.4%   3.1%   0.0%   0.0%   0.0%   0.0%   0.0%   0.0%   0.0%   0.0%   0.0%   0.0%   0.0%   0.0%   0.0%   0.0% 	Avg.: 10.8% 
	 27.8%  16.7%  14.4%   8.3%   8.7%   5.8%   5.2%   0.0%   0.0%   0.0%   0.0%   0.0%   0.0%   0.0%   0.0%   0.0%   0.0%   0.0%   0.0%   0.0% 	Avg.: 12.4% 
	 28.4%  24.5%  15.4%   9.9%  10.7%   6.3%   5.7%   1.7%   0.0%   0.0%   0.0%   0.0%   0.0%   0.0%   0.0%   0.0%   0.0%   0.0%   0.0%   0.0% 	Avg.: 12.8% 
	 30.8%  25.5%  15.8%  10.8%  12.4%   9.5%   6.9%   3.3%   1.4%   0.0%   0.0%   0.0%   0.0%   0.0%   0.0%   0.0%   0.0%   0.0%   0.0%   0.0% 	Avg.: 12.9% 
	 31.3%  26.0%  16.9%  11.7%  14.0%  13.0%   7.9%   3.9%   2.4%   0.9%   0.0%   0.0%   0.0%   0.0%   0.0%   0.0%   0.0%   0.0%   0.0%   0.0% 	Avg.: 12.8% 
	 33.5%  26.9%  18.0%  12.8%  14.4%  13.2%   8.4%   4.8%   3.3%   5.1%   0.5%   0.0%   0.0%   0.0%   0.0%   0.0%   0.0%   0.0%   0.0%   0.0% 	Avg.: 12.8% 
	 33.8%  27.1%  18.0%  13.9%  15.2%  13.8%   8.7%   5.5%   4.1%   7.9%   2.1%   0.5%   0.0%   0.0%   0.0%   0.0%   0.0%   0.0%   0.0%   0.0% 	Avg.: 12.5% 
	 34.0%  32.9%  19.1%  14.8%  15.7%  16.1%   8.9%   5.6%   5.1%   9.8%   3.0%   2.3%   2.1%   0.0%   0.0%   0.0%   0.0%   0.0%   0.0%   0.0% 	Avg.: 13.0% 
	 36.1%  34.6%  21.4%  16.0%  17.1%  16.8%   9.5%   6.4%   6.3%  11.9%   3.9%   3.8%   3.7%   0.8%   0.0%   0.0%   0.0%   0.0%   0.0%   0.0% 	Avg.: 13.4% 
	 36.4%  36.1%  22.3%  16.5%  19.3%  19.4%   9.9%   6.4%   6.7%  12.5%   5.2%   4.5%   3.8%   1.0%   3.0%   0.0%   0.0%   0.0%   0.0%   0.0% 	Avg.: 13.5% 
	 37.3%  39.0%  22.5%  17.8%  20.7%  20.2%  10.0%   7.2%   9.0%  14.0%   7.4%   5.8%   5.1%   1.6%   4.0%   0.3%   0.0%   0.0%   0.0%   0.0% 	Avg.: 13.9% 
	 37.6%  39.2%  22.6%  18.7%  21.6%  22.1%  10.2%   8.6%   9.4%  14.3%   7.5%   6.1%   5.3%   2.0%   4.5%   0.7%   0.2%   0.0%   0.0%   0.0% 	Avg.: 13.6% 
	 38.2%  40.3%  23.3%  21.0%  22.4%  24.9%  10.5%   9.5%  10.1%  14.9%   8.1%  16.4%   8.7%   3.2%   6.1%   0.9%   2.1%   1.4%   0.0%   0.0% 	Avg.: 14.6% 
	 38.5%  40.6%  23.5%  21.2%  22.9%  25.8%  10.7%  10.1%  10.5%  15.7%   8.7%  16.7%  10.0%   4.4%   6.9%   0.9%   3.5%   1.7%   0.4%   0.0% 	Avg.: 14.4% 
************************************************************************************************************
[Elapsed time = 0.4 h]
Done!
