START_TASK=8 STOP_TASK=9
============================================================================================================
Arguments =
	approach: bic
	batch_size: 64
	classes_first_task: None
	clipping: 10000
	crop: 224
	dataset: cifar100
	eval_on_train: False
	experiment_path: None
	fix_bn: False
	freeze_backbone: False
	gpu: 0
	gpus: [0]
	increment: 10
	last_layer_analysis: True
	log: ['disk']
	lr: 0.01
	lr_factor: None
	lr_min: 0.0001
	lr_patience: None
	lr_scheduler: cosine
	lr_warmup_epochs: 0
	momentum: 0.0
	multi_softmax: False
	nepochs: 50
	network: vit_base_patch16_224.orig_in21k
	no_cudnn_deterministic: False
	normalize: in21k
	num_workers: 2
	optimizer_name: sgd
	pin_memory: False
	pretrained: True
	resize: 224
	results_path: ./results
	save_models: True
	seed: 0
	start_at_task: 8
	start_epoch: 0
	stop_at_task: 9
	stop_epoch: 0
	use_valid_only: False
	warmup_lr_factor: 1.0
	warmup_nepochs: 0
	weight_decay: 0.0
============================================================================================================
Approach arguments =
	T: 2
	lamb: -1
	num_bias_epochs: 200
	val_exemplar_percentage: 0.1
============================================================================================================
Exemplars arguments =
	exemplar_selection: random
	num_exemplars: 2000
============================================================================================================
WARNING: ./results/vit_base_patch16_224.orig_in21k/cifar100/bic/10 already exists!
Loaded acc_taw from: ./results/vit_base_patch16_224.orig_in21k/cifar100/bic/10/acc_taw-7.txt
Loaded acc_tag from: ./results/vit_base_patch16_224.orig_in21k/cifar100/bic/10/acc_tag-7.txt
Loaded forg_taw from: ./results/vit_base_patch16_224.orig_in21k/cifar100/bic/10/forg_taw-7.txt
Loaded forg_tag from: ./results/vit_base_patch16_224.orig_in21k/cifar100/bic/10/forg_tag-7.txt
Loaded 8 bias layers from ./results/vit_base_patch16_224.orig_in21k/cifar100/bic/10/task7_bias_layers.pth
Loaded 1760 training exemplars from ./results/vit_base_patch16_224.orig_in21k/cifar100/bic/10/task7_exemplars.pth
Loaded val exemplars from ./results/vit_base_patch16_224.orig_in21k/cifar100/bic/10/task7_val_exemplars.pth
************************************************************************************************************
Task  8  [epochs 0-50]
************************************************************************************************************
Stage 0: Select validation exemplars for bias correction
 > Selected 270 val exemplars, time=0.0s
Stage 1: Backbone training with distillation
[params] total:85,867,866  trainable:85,867,866  tensors:168  trainable_tensors:168
| Epoch   1, time= 58.8s | Train: skip eval | Valid: time=  2.7s loss=3.908, TAw acc= 41.2% | * lr=1.0e-02
| Epoch   2, time= 58.9s | Train: skip eval | Valid: time=  2.8s loss=3.787, TAw acc= 77.0% | * lr=1.0e-02
| Epoch   3, time= 59.5s | Train: skip eval | Valid: time=  2.7s loss=3.675, TAw acc= 88.4% | * lr=9.9e-03
| Epoch   4, time= 60.1s | Train: skip eval | Valid: time=  2.8s loss=3.600, TAw acc= 95.6% | * lr=9.8e-03
| Epoch   5, time= 60.9s | Train: skip eval | Valid: time=  2.8s loss=3.554, TAw acc= 96.6% | * lr=9.8e-03
| Epoch   6, time= 60.9s | Train: skip eval | Valid: time=  2.8s loss=3.524, TAw acc= 96.4% | * lr=9.7e-03
| Epoch   7, time= 61.1s | Train: skip eval | Valid: time=  2.8s loss=3.503, TAw acc= 96.6% | * lr=9.5e-03
| Epoch   8, time= 61.2s | Train: skip eval | Valid: time=  2.8s loss=3.488, TAw acc= 97.0% | * lr=9.4e-03
| Epoch   9, time= 61.4s | Train: skip eval | Valid: time=  2.9s loss=3.477, TAw acc= 97.2% | * lr=9.2e-03
| Epoch  10, time= 61.7s | Train: skip eval | Valid: time=  2.8s loss=3.468, TAw acc= 97.4% | * lr=9.1e-03
| Epoch  11, time= 61.7s | Train: skip eval | Valid: time=  2.9s loss=3.461, TAw acc= 97.2% | * lr=8.9e-03
| Epoch  12, time= 61.8s | Train: skip eval | Valid: time=  2.8s loss=3.456, TAw acc= 97.4% | * lr=8.7e-03
| Epoch  13, time= 62.0s | Train: skip eval | Valid: time=  2.8s loss=3.451, TAw acc= 97.4% | * lr=8.4e-03
| Epoch  14, time= 62.0s | Train: skip eval | Valid: time=  2.8s loss=3.448, TAw acc= 97.4% | * lr=8.2e-03
| Epoch  15, time= 62.1s | Train: skip eval | Valid: time=  2.8s loss=3.445, TAw acc= 97.4% | * lr=8.0e-03
| Epoch  16, time= 62.0s | Train: skip eval | Valid: time=  2.8s loss=3.442, TAw acc= 97.4% | * lr=7.7e-03
| Epoch  17, time= 62.0s | Train: skip eval | Valid: time=  2.8s loss=3.440, TAw acc= 97.4% | * lr=7.4e-03
| Epoch  18, time= 61.8s | Train: skip eval | Valid: time=  2.8s loss=3.438, TAw acc= 97.4% | * lr=7.2e-03
| Epoch  19, time= 62.0s | Train: skip eval | Valid: time=  2.9s loss=3.436, TAw acc= 97.4% | * lr=6.9e-03
| Epoch  20, time= 61.9s | Train: skip eval | Valid: time=  2.8s loss=3.434, TAw acc= 97.4% | * lr=6.6e-03
| Epoch  21, time= 61.9s | Train: skip eval | Valid: time=  2.8s loss=3.433, TAw acc= 97.4% | * lr=6.3e-03
| Epoch  22, time= 61.8s | Train: skip eval | Valid: time=  2.8s loss=3.432, TAw acc= 97.4% | * lr=6.0e-03
| Epoch  23, time= 61.8s | Train: skip eval | Valid: time=  2.9s loss=3.431, TAw acc= 97.4% | * lr=5.7e-03
| Epoch  24, time= 61.7s | Train: skip eval | Valid: time=  2.8s loss=3.430, TAw acc= 97.4% | * lr=5.4e-03
| Epoch  25, time= 62.1s | Train: skip eval | Valid: time=  2.8s loss=3.429, TAw acc= 97.4% | * lr=5.1e-03
| Epoch  26, time= 61.9s | Train: skip eval | Valid: time=  2.8s loss=3.429, TAw acc= 97.4% | * lr=4.7e-03
| Epoch  27, time= 61.9s | Train: skip eval | Valid: time=  2.8s loss=3.428, TAw acc= 97.4% | * lr=4.4e-03
| Epoch  28, time= 62.0s | Train: skip eval | Valid: time=  2.8s loss=3.428, TAw acc= 97.4% | * lr=4.1e-03
| Epoch  29, time= 61.7s | Train: skip eval | Valid: time=  2.8s loss=3.427, TAw acc= 97.4% | * lr=3.8e-03
| Epoch  30, time= 61.8s | Train: skip eval | Valid: time=  2.9s loss=3.427, TAw acc= 97.4% | * lr=3.5e-03
| Epoch  31, time= 61.8s | Train: skip eval | Valid: time=  2.8s loss=3.426, TAw acc= 97.4% | * lr=3.2e-03
| Epoch  32, time= 61.8s | Train: skip eval | Valid: time=  2.8s loss=3.426, TAw acc= 97.4% | * lr=2.9e-03
| Epoch  33, time= 61.8s | Train: skip eval | Valid: time=  2.9s loss=3.425, TAw acc= 97.4% | * lr=2.7e-03
| Epoch  34, time= 62.0s | Train: skip eval | Valid: time=  2.9s loss=3.425, TAw acc= 97.4% | * lr=2.4e-03
| Epoch  35, time= 61.9s | Train: skip eval | Valid: time=  2.8s loss=3.425, TAw acc= 97.4% | * lr=2.1e-03
| Epoch  36, time= 61.8s | Train: skip eval | Valid: time=  2.8s loss=3.425, TAw acc= 97.4% | * lr=1.9e-03
| Epoch  37, time= 62.0s | Train: skip eval | Valid: time=  2.8s loss=3.425, TAw acc= 97.4% | * lr=1.7e-03
| Epoch  38, time= 61.9s | Train: skip eval | Valid: time=  2.8s loss=3.424, TAw acc= 97.4% | * lr=1.4e-03
| Epoch  39, time= 61.9s | Train: skip eval | Valid: time=  2.9s loss=3.424, TAw acc= 97.4% | * lr=1.2e-03
| Epoch  40, time= 61.8s | Train: skip eval | Valid: time=  2.8s loss=3.424, TAw acc= 97.4% | * lr=1.0e-03
| Epoch  41, time= 61.8s | Train: skip eval | Valid: time=  2.8s loss=3.424, TAw acc= 97.4% | * lr=8.7e-04
| Epoch  42, time= 62.0s | Train: skip eval | Valid: time=  2.9s loss=3.424, TAw acc= 97.4% | * lr=7.1e-04
| Epoch  43, time= 61.9s | Train: skip eval | Valid: time=  2.8s loss=3.424, TAw acc= 97.4% | * lr=5.7e-04
| Epoch  44, time= 61.9s | Train: skip eval | Valid: time=  2.8s loss=3.424, TAw acc= 97.4% | * lr=4.5e-04
| Epoch  45, time= 61.9s | Train: skip eval | Valid: time=  2.8s loss=3.424, TAw acc= 97.4% | * lr=3.4e-04
| Epoch  46, time= 61.7s | Train: skip eval | Valid: time=  2.8s loss=3.424, TAw acc= 97.4% | * lr=2.6e-04
| Epoch  47, time= 61.6s | Train: skip eval | Valid: time=  2.8s loss=3.424, TAw acc= 97.4% | * lr=1.9e-04
| Epoch  48, time= 61.7s | Train: skip eval | Valid: time=  2.8s loss=3.424, TAw acc= 97.4% | * lr=1.4e-04
| Epoch  49, time= 61.6s | Train: skip eval | Valid: time=  2.8s loss=3.424, TAw acc= 97.4% | * lr=1.1e-04
| Epoch  50, time= 61.8s | Train: skip eval | Valid: time=  2.8s loss=3.424, TAw acc= 97.4% | * lr=1.0e-04
Stage 2: Training bias correction layers
| Epoch  50, time=0.9s | Train: loss=1.051, TAg acc= 79.6% |
| Epoch 100, time=1.0s | Train: loss=1.131, TAg acc= 77.0% |
| Epoch 150, time=1.0s | Train: loss=0.998, TAg acc= 78.5% |
| Epoch 200, time=0.9s | Train: loss=1.171, TAg acc= 77.8% |
Stage 2: BiC Task 0: alpha=1.00000, beta=0.00000
Stage 2: BiC Task 1: alpha=1.05410, beta=-0.25125
Stage 2: BiC Task 2: alpha=0.98335, beta=-0.37311
Stage 2: BiC Task 3: alpha=0.89091, beta=-0.40590
Stage 2: BiC Task 4: alpha=0.86781, beta=-0.45451
Stage 2: BiC Task 5: alpha=0.80821, beta=-0.48747
Stage 2: BiC Task 6: alpha=0.72527, beta=-0.47611
Stage 2: BiC Task 7: alpha=0.71318, beta=-0.51666
Stage 2: BiC Task 8: alpha=0.72404, beta=-0.55462
| Selected 1710 train exemplars, time=  0.1s
------------------------------------------------------------------------------------------------------------
>>> Test on task  0 : loss=0.526 | TAw acc= 98.4%, forg=  0.0% | TAg acc= 91.7%, forg=  6.6% <<<
>>> Test on task  1 : loss=0.600 | TAw acc= 99.0%, forg=  0.0% | TAg acc= 91.5%, forg=  5.9% <<<
>>> Test on task  2 : loss=0.941 | TAw acc= 99.0%, forg= -0.1% | TAg acc= 91.6%, forg=  3.9% <<<
>>> Test on task  3 : loss=1.371 | TAw acc= 96.9%, forg=  0.1% | TAg acc= 91.2%, forg=  2.0% <<<
>>> Test on task  4 : loss=1.779 | TAw acc= 98.2%, forg=  0.0% | TAg acc= 93.8%, forg=  1.6% <<<
>>> Test on task  5 : loss=2.255 | TAw acc= 93.2%, forg=  0.7% | TAg acc= 76.9%, forg=  5.7% <<<
>>> Test on task  6 : loss=2.795 | TAw acc= 98.0%, forg= -0.1% | TAg acc= 84.6%, forg=  1.9% <<<
>>> Test on task  7 : loss=3.214 | TAw acc= 98.3%, forg= -0.2% | TAg acc= 79.4%, forg=  7.3% <<<
>>> Test on task  8 : loss=3.530 | TAw acc= 96.8%, forg=  0.0% | TAg acc= 71.7%, forg=  0.0% <<<
Save at ./results/./results/vit_base_patch16_224.orig_in21k/cifar100/bic/10
************************************************************************************************************
TAw Acc
	 98.3%   0.0%   0.0%   0.0%   0.0%   0.0%   0.0%   0.0%   0.0%   0.0% 	Avg.: 98.3% 
	 98.3%  98.7%   0.0%   0.0%   0.0%   0.0%   0.0%   0.0%   0.0%   0.0% 	Avg.: 98.5% 
	 98.2%  98.6%  98.1%   0.0%   0.0%   0.0%   0.0%   0.0%   0.0%   0.0% 	Avg.: 98.3% 
	 98.1%  98.8%  98.4%  96.8%   0.0%   0.0%   0.0%   0.0%   0.0%   0.0% 	Avg.: 98.0% 
	 98.1%  98.9%  98.5%  96.6%  97.8%   0.0%   0.0%   0.0%   0.0%   0.0% 	Avg.: 98.0% 
	 98.3%  98.8%  98.9%  97.0%  97.9%  93.0%   0.0%   0.0%   0.0%   0.0% 	Avg.: 97.3% 
	 98.1%  99.0%  98.8%  96.8%  98.0%  93.5%  97.8%   0.0%   0.0%   0.0% 	Avg.: 97.4% 
	 98.4%  99.0%  98.9%  96.8%  98.2%  93.9%  97.9%  98.1%   0.0%   0.0% 	Avg.: 97.7% 
	 98.4%  99.0%  99.0%  96.9%  98.2%  93.2%  98.0%  98.3%  96.8%   0.0% 	Avg.: 97.5% 
	  0.0%   0.0%   0.0%   0.0%   0.0%   0.0%   0.0%   0.0%   0.0%   0.0% 	Avg.:  0.0% 
************************************************************************************************************
TAg Acc
	 98.3%   0.0%   0.0%   0.0%   0.0%   0.0%   0.0%   0.0%   0.0%   0.0% 	Avg.: 98.3% 
	 96.2%  97.4%   0.0%   0.0%   0.0%   0.0%   0.0%   0.0%   0.0%   0.0% 	Avg.: 96.8% 
	 94.5%  93.7%  95.5%   0.0%   0.0%   0.0%   0.0%   0.0%   0.0%   0.0% 	Avg.: 94.6% 
	 93.8%  93.4%  94.8%  93.2%   0.0%   0.0%   0.0%   0.0%   0.0%   0.0% 	Avg.: 93.8% 
	 92.1%  93.4%  92.5%  92.3%  95.4%   0.0%   0.0%   0.0%   0.0%   0.0% 	Avg.: 93.1% 
	 91.6%  92.3%  92.6%  91.4%  94.5%  82.6%   0.0%   0.0%   0.0%   0.0% 	Avg.: 90.8% 
	 92.1%  91.8%  92.3%  91.1%  94.4%  80.8%  86.5%   0.0%   0.0%   0.0% 	Avg.: 89.9% 
	 91.8%  91.9%  91.9%  90.5%  94.2%  78.3%  85.9%  86.7%   0.0%   0.0% 	Avg.: 88.9% 
	 91.7%  91.5%  91.6%  91.2%  93.8%  76.9%  84.6%  79.4%  71.7%   0.0% 	Avg.: 85.8% 
	  0.0%   0.0%   0.0%   0.0%   0.0%   0.0%   0.0%   0.0%   0.0%   0.0% 	Avg.:  0.0% 
************************************************************************************************************
TAw Forg
	  0.0%   0.0%   0.0%   0.0%   0.0%   0.0%   0.0%   0.0%   0.0%   0.0% 
	  0.0%   0.0%   0.0%   0.0%   0.0%   0.0%   0.0%   0.0%   0.0%   0.0% 	Avg.:  0.0% 
	  0.1%   0.1%   0.0%   0.0%   0.0%   0.0%   0.0%   0.0%   0.0%   0.0% 	Avg.:  0.1% 
	  0.2%  -0.1%  -0.3%   0.0%   0.0%   0.0%   0.0%   0.0%   0.0%   0.0% 	Avg.: -0.1% 
	  0.2%  -0.1%  -0.1%   0.2%   0.0%   0.0%   0.0%   0.0%   0.0%   0.0% 	Avg.:  0.1% 
	  0.0%   0.1%  -0.4%  -0.2%  -0.1%   0.0%   0.0%   0.0%   0.0%   0.0% 	Avg.: -0.1% 
	  0.2%  -0.1%   0.1%   0.2%  -0.1%  -0.5%   0.0%   0.0%   0.0%   0.0% 	Avg.: -0.0% 
	 -0.1%   0.0%   0.0%   0.2%  -0.2%  -0.4%  -0.1%   0.0%   0.0%   0.0% 	Avg.: -0.1% 
	  0.0%   0.0%  -0.1%   0.1%   0.0%   0.7%  -0.1%  -0.2%   0.0%   0.0% 	Avg.:  0.1% 
	  0.0%   0.0%   0.0%   0.0%   0.0%   0.0%   0.0%   0.0%   0.0%   0.0% 	Avg.:  0.0% 
************************************************************************************************************
TAg Forg
	  0.0%   0.0%   0.0%   0.0%   0.0%   0.0%   0.0%   0.0%   0.0%   0.0% 
	  2.1%   0.0%   0.0%   0.0%   0.0%   0.0%   0.0%   0.0%   0.0%   0.0% 	Avg.:  2.1% 
	  3.8%   3.7%   0.0%   0.0%   0.0%   0.0%   0.0%   0.0%   0.0%   0.0% 	Avg.:  3.8% 
	  4.5%   4.0%   0.7%   0.0%   0.0%   0.0%   0.0%   0.0%   0.0%   0.0% 	Avg.:  3.1% 
	  6.2%   4.0%   3.0%   0.9%   0.0%   0.0%   0.0%   0.0%   0.0%   0.0% 	Avg.:  3.5% 
	  6.7%   5.1%   2.9%   1.8%   0.9%   0.0%   0.0%   0.0%   0.0%   0.0% 	Avg.:  3.5% 
	  6.2%   5.6%   3.2%   2.1%   1.0%   1.8%   0.0%   0.0%   0.0%   0.0% 	Avg.:  3.3% 
	  6.5%   5.5%   3.6%   2.7%   1.2%   4.3%   0.6%   0.0%   0.0%   0.0% 	Avg.:  3.5% 
	  6.6%   5.9%   3.9%   2.0%   1.6%   5.7%   1.9%   7.3%   0.0%   0.0% 	Avg.:  4.4% 
	  0.0%   0.0%   0.0%   0.0%   0.0%   0.0%   0.0%   0.0%   0.0%   0.0% 	Avg.:  0.0% 
************************************************************************************************************
[Elapsed time = 1.0 h]
Done!
