START_TASK=6 STOP_TASK=7
============================================================================================================
Arguments =
	approach: bic
	batch_size: 64
	classes_first_task: None
	clipping: 10000
	crop: 224
	dataset: cifar100
	eval_on_train: False
	experiment_path: None
	fix_bn: False
	freeze_backbone: False
	gpu: 0
	gpus: [0]
	increment: 10
	last_layer_analysis: True
	log: ['disk']
	lr: 0.01
	lr_factor: None
	lr_min: 0.0001
	lr_patience: None
	lr_scheduler: cosine
	lr_warmup_epochs: 0
	momentum: 0.0
	multi_softmax: False
	nepochs: 50
	network: vit_base_patch16_224.orig_in21k
	no_cudnn_deterministic: False
	normalize: in21k
	num_workers: 2
	optimizer_name: sgd
	pin_memory: False
	pretrained: True
	resize: 224
	results_path: ./results
	save_models: True
	seed: 0
	start_at_task: 6
	start_epoch: 0
	stop_at_task: 7
	stop_epoch: 0
	use_valid_only: False
	warmup_lr_factor: 1.0
	warmup_nepochs: 0
	weight_decay: 0.0
============================================================================================================
Approach arguments =
	T: 2
	lamb: -1
	num_bias_epochs: 200
	val_exemplar_percentage: 0.1
============================================================================================================
Exemplars arguments =
	exemplar_selection: random
	num_exemplars: 2000
============================================================================================================
WARNING: ./results/vit_base_patch16_224.orig_in21k/cifar100/bic/10 already exists!
Loaded acc_taw from: ./results/vit_base_patch16_224.orig_in21k/cifar100/bic/10/acc_taw-5.txt
Loaded acc_tag from: ./results/vit_base_patch16_224.orig_in21k/cifar100/bic/10/acc_tag-5.txt
Loaded forg_taw from: ./results/vit_base_patch16_224.orig_in21k/cifar100/bic/10/forg_taw-5.txt
Loaded forg_tag from: ./results/vit_base_patch16_224.orig_in21k/cifar100/bic/10/forg_tag-5.txt
Loaded 6 bias layers from ./results/vit_base_patch16_224.orig_in21k/cifar100/bic/10/task5_bias_layers.pth
Loaded 1740 training exemplars from ./results/vit_base_patch16_224.orig_in21k/cifar100/bic/10/task5_exemplars.pth
Loaded val exemplars from ./results/vit_base_patch16_224.orig_in21k/cifar100/bic/10/task5_val_exemplars.pth
************************************************************************************************************
Task  6  [epochs 0-50]
************************************************************************************************************
Stage 0: Select validation exemplars for bias correction
 > Selected 210 val exemplars, time=0.0s
Stage 1: Backbone training with distillation
[params] total:85,852,486  trainable:85,852,486  tensors:164  trainable_tensors:164
| Epoch   1, time= 60.1s | Train: skip eval | Valid: time=  2.8s loss=3.750, TAw acc= 54.0% | * lr=1.0e-02
| Epoch   2, time= 60.0s | Train: skip eval | Valid: time=  2.8s loss=3.641, TAw acc= 81.2% | * lr=1.0e-02
| Epoch   3, time= 60.3s | Train: skip eval | Valid: time=  2.8s loss=3.531, TAw acc= 89.8% | * lr=9.9e-03
| Epoch   4, time= 60.2s | Train: skip eval | Valid: time=  2.8s loss=3.433, TAw acc= 92.4% | * lr=9.8e-03
| Epoch   5, time= 59.9s | Train: skip eval | Valid: time=  2.8s loss=3.359, TAw acc= 94.6% | * lr=9.8e-03
| Epoch   6, time= 60.0s | Train: skip eval | Valid: time=  2.8s loss=3.310, TAw acc= 96.2% | * lr=9.7e-03
| Epoch   7, time= 60.3s | Train: skip eval | Valid: time=  2.8s loss=3.277, TAw acc= 97.6% | * lr=9.5e-03
| Epoch   8, time= 60.5s | Train: skip eval | Valid: time=  2.8s loss=3.253, TAw acc= 97.6% | * lr=9.4e-03
| Epoch   9, time= 60.7s | Train: skip eval | Valid: time=  2.8s loss=3.235, TAw acc= 98.0% | * lr=9.2e-03
| Epoch  10, time= 60.5s | Train: skip eval | Valid: time=  2.8s loss=3.224, TAw acc= 97.8% | * lr=9.1e-03
| Epoch  11, time= 60.4s | Train: skip eval | Valid: time=  2.8s loss=3.213, TAw acc= 98.2% | * lr=8.9e-03
| Epoch  12, time= 60.6s | Train: skip eval | Valid: time=  2.8s loss=3.206, TAw acc= 98.2% | * lr=8.7e-03
| Epoch  13, time= 60.8s | Train: skip eval | Valid: time=  2.8s loss=3.202, TAw acc= 98.2% | * lr=8.4e-03
| Epoch  14, time= 61.0s | Train: skip eval | Valid: time=  2.8s loss=3.195, TAw acc= 98.4% | * lr=8.2e-03
| Epoch  15, time= 60.9s | Train: skip eval | Valid: time=  2.8s loss=3.191, TAw acc= 98.4% | * lr=8.0e-03
| Epoch  16, time= 61.0s | Train: skip eval | Valid: time=  2.8s loss=3.187, TAw acc= 98.2% | * lr=7.7e-03
| Epoch  17, time= 61.1s | Train: skip eval | Valid: time=  2.8s loss=3.185, TAw acc= 98.6% | * lr=7.4e-03
| Epoch  18, time= 60.7s | Train: skip eval | Valid: time=  2.8s loss=3.182, TAw acc= 98.4% | * lr=7.2e-03
| Epoch  19, time= 60.8s | Train: skip eval | Valid: time=  2.8s loss=3.181, TAw acc= 98.8% | * lr=6.9e-03
| Epoch  20, time= 60.9s | Train: skip eval | Valid: time=  2.8s loss=3.178, TAw acc= 98.8% | * lr=6.6e-03
| Epoch  21, time= 61.0s | Train: skip eval | Valid: time=  2.8s loss=3.177, TAw acc= 98.6% | * lr=6.3e-03
| Epoch  22, time= 61.0s | Train: skip eval | Valid: time=  2.8s loss=3.176, TAw acc= 98.6% | * lr=6.0e-03
| Epoch  23, time= 60.9s | Train: skip eval | Valid: time=  2.8s loss=3.174, TAw acc= 98.6% | * lr=5.7e-03
| Epoch  24, time= 60.3s | Train: skip eval | Valid: time=  2.8s loss=3.173, TAw acc= 98.8% | * lr=5.4e-03
| Epoch  25, time= 60.4s | Train: skip eval | Valid: time=  2.8s loss=3.173, TAw acc= 98.8% | * lr=5.1e-03
| Epoch  26, time= 60.6s | Train: skip eval | Valid: time=  2.8s loss=3.172, TAw acc= 98.8% | * lr=4.7e-03
| Epoch  27, time= 60.6s | Train: skip eval | Valid: time=  2.8s loss=3.171, TAw acc= 98.8% | * lr=4.4e-03
| Epoch  28, time= 60.4s | Train: skip eval | Valid: time=  2.8s loss=3.170, TAw acc= 98.8% | * lr=4.1e-03
| Epoch  29, time= 60.5s | Train: skip eval | Valid: time=  2.8s loss=3.170, TAw acc= 98.8% | * lr=3.8e-03
| Epoch  30, time= 60.8s | Train: skip eval | Valid: time=  2.8s loss=3.169, TAw acc= 98.8% | * lr=3.5e-03
| Epoch  31, time= 60.8s | Train: skip eval | Valid: time=  2.8s loss=3.169, TAw acc= 98.8% | * lr=3.2e-03
| Epoch  32, time= 60.4s | Train: skip eval | Valid: time=  2.8s loss=3.168, TAw acc= 98.8% | * lr=2.9e-03
| Epoch  33, time= 60.6s | Train: skip eval | Valid: time=  2.8s loss=3.168, TAw acc= 98.8% | * lr=2.7e-03
| Epoch  34, time= 60.9s | Train: skip eval | Valid: time=  2.8s loss=3.167, TAw acc= 98.8% | * lr=2.4e-03
| Epoch  35, time= 61.0s | Train: skip eval | Valid: time=  2.8s loss=3.167, TAw acc= 98.8% | * lr=2.1e-03
| Epoch  36, time= 60.7s | Train: skip eval | Valid: time=  2.8s loss=3.167, TAw acc= 98.8% | * lr=1.9e-03
| Epoch  37, time= 60.4s | Train: skip eval | Valid: time=  2.8s loss=3.167, TAw acc= 98.8% | * lr=1.7e-03
| Epoch  38, time= 60.5s | Train: skip eval | Valid: time=  2.8s loss=3.166, TAw acc= 98.8% | * lr=1.4e-03
| Epoch  39, time= 60.7s | Train: skip eval | Valid: time=  2.8s loss=3.166, TAw acc= 98.8% | * lr=1.2e-03
| Epoch  40, time= 60.7s | Train: skip eval | Valid: time=  2.8s loss=3.166, TAw acc= 98.8% | * lr=1.0e-03
| Epoch  41, time= 60.5s | Train: skip eval | Valid: time=  2.8s loss=3.166, TAw acc= 98.8% | * lr=8.7e-04
| Epoch  42, time= 60.6s | Train: skip eval | Valid: time=  2.8s loss=3.166, TAw acc= 98.8% | * lr=7.1e-04
| Epoch  43, time= 60.5s | Train: skip eval | Valid: time=  2.8s loss=3.166, TAw acc= 98.8% | * lr=5.7e-04
| Epoch  44, time= 59.9s | Train: skip eval | Valid: time=  2.8s loss=3.166, TAw acc= 98.8% | * lr=4.5e-04
| Epoch  45, time= 60.2s | Train: skip eval | Valid: time=  2.8s loss=3.166, TAw acc= 98.8% | * lr=3.4e-04
| Epoch  46, time= 60.4s | Train: skip eval | Valid: time=  2.8s loss=3.166, TAw acc= 98.8% | * lr=2.6e-04
| Epoch  47, time= 60.6s | Train: skip eval | Valid: time=  2.8s loss=3.166, TAw acc= 98.8% | * lr=1.9e-04
| Epoch  48, time= 60.5s | Train: skip eval | Valid: time=  2.8s loss=3.166, TAw acc= 98.8% | * lr=1.4e-04
| Epoch  49, time= 60.3s | Train: skip eval | Valid: time=  2.8s loss=3.166, TAw acc= 98.8% | * lr=1.1e-04
| Epoch  50, time= 60.4s | Train: skip eval | Valid: time=  2.8s loss=3.166, TAw acc= 98.8% | * lr=1.0e-04
Stage 2: Training bias correction layers
| Epoch  50, time=0.9s | Train: loss=0.814, TAg acc= 81.4% |
| Epoch 100, time=0.8s | Train: loss=0.990, TAg acc= 78.6% |
| Epoch 150, time=0.8s | Train: loss=0.895, TAg acc= 81.4% |
| Epoch 200, time=0.8s | Train: loss=0.849, TAg acc= 80.5% |
Stage 2: BiC Task 0: alpha=1.00000, beta=0.00000
Stage 2: BiC Task 1: alpha=1.05410, beta=-0.25125
Stage 2: BiC Task 2: alpha=0.98335, beta=-0.37311
Stage 2: BiC Task 3: alpha=0.89091, beta=-0.40590
Stage 2: BiC Task 4: alpha=0.86781, beta=-0.45451
Stage 2: BiC Task 5: alpha=0.80821, beta=-0.48747
Stage 2: BiC Task 6: alpha=0.72527, beta=-0.47611
| Selected 1750 train exemplars, time=  0.1s
------------------------------------------------------------------------------------------------------------
>>> Test on task  0 : loss=0.464 | TAw acc= 98.1%, forg=  0.2% | TAg acc= 92.1%, forg=  6.2% <<<
>>> Test on task  1 : loss=0.608 | TAw acc= 99.0%, forg= -0.1% | TAg acc= 91.8%, forg=  5.6% <<<
>>> Test on task  2 : loss=1.024 | TAw acc= 98.8%, forg=  0.1% | TAg acc= 92.3%, forg=  3.2% <<<
>>> Test on task  3 : loss=1.563 | TAw acc= 96.8%, forg=  0.2% | TAg acc= 91.1%, forg=  2.1% <<<
>>> Test on task  4 : loss=2.087 | TAw acc= 98.0%, forg= -0.1% | TAg acc= 94.4%, forg=  1.0% <<<
>>> Test on task  5 : loss=2.610 | TAw acc= 93.5%, forg= -0.5% | TAg acc= 80.8%, forg=  1.8% <<<
>>> Test on task  6 : loss=3.283 | TAw acc= 97.8%, forg=  0.0% | TAg acc= 86.5%, forg=  0.0% <<<
Save at ./results/./results/vit_base_patch16_224.orig_in21k/cifar100/bic/10
************************************************************************************************************
TAw Acc
	 98.3%   0.0%   0.0%   0.0%   0.0%   0.0%   0.0%   0.0%   0.0%   0.0% 	Avg.: 98.3% 
	 98.3%  98.7%   0.0%   0.0%   0.0%   0.0%   0.0%   0.0%   0.0%   0.0% 	Avg.: 98.5% 
	 98.2%  98.6%  98.1%   0.0%   0.0%   0.0%   0.0%   0.0%   0.0%   0.0% 	Avg.: 98.3% 
	 98.1%  98.8%  98.4%  96.8%   0.0%   0.0%   0.0%   0.0%   0.0%   0.0% 	Avg.: 98.0% 
	 98.1%  98.9%  98.5%  96.6%  97.8%   0.0%   0.0%   0.0%   0.0%   0.0% 	Avg.: 98.0% 
	 98.3%  98.8%  98.9%  97.0%  97.9%  93.0%   0.0%   0.0%   0.0%   0.0% 	Avg.: 97.3% 
	 98.1%  99.0%  98.8%  96.8%  98.0%  93.5%  97.8%   0.0%   0.0%   0.0% 	Avg.: 97.4% 
	  0.0%   0.0%   0.0%   0.0%   0.0%   0.0%   0.0%   0.0%   0.0%   0.0% 	Avg.:  0.0% 
	  0.0%   0.0%   0.0%   0.0%   0.0%   0.0%   0.0%   0.0%   0.0%   0.0% 	Avg.:  0.0% 
	  0.0%   0.0%   0.0%   0.0%   0.0%   0.0%   0.0%   0.0%   0.0%   0.0% 	Avg.:  0.0% 
************************************************************************************************************
TAg Acc
	 98.3%   0.0%   0.0%   0.0%   0.0%   0.0%   0.0%   0.0%   0.0%   0.0% 	Avg.: 98.3% 
	 96.2%  97.4%   0.0%   0.0%   0.0%   0.0%   0.0%   0.0%   0.0%   0.0% 	Avg.: 96.8% 
	 94.5%  93.7%  95.5%   0.0%   0.0%   0.0%   0.0%   0.0%   0.0%   0.0% 	Avg.: 94.6% 
	 93.8%  93.4%  94.8%  93.2%   0.0%   0.0%   0.0%   0.0%   0.0%   0.0% 	Avg.: 93.8% 
	 92.1%  93.4%  92.5%  92.3%  95.4%   0.0%   0.0%   0.0%   0.0%   0.0% 	Avg.: 93.1% 
	 91.6%  92.3%  92.6%  91.4%  94.5%  82.6%   0.0%   0.0%   0.0%   0.0% 	Avg.: 90.8% 
	 92.1%  91.8%  92.3%  91.1%  94.4%  80.8%  86.5%   0.0%   0.0%   0.0% 	Avg.: 89.9% 
	  0.0%   0.0%   0.0%   0.0%   0.0%   0.0%   0.0%   0.0%   0.0%   0.0% 	Avg.:  0.0% 
	  0.0%   0.0%   0.0%   0.0%   0.0%   0.0%   0.0%   0.0%   0.0%   0.0% 	Avg.:  0.0% 
	  0.0%   0.0%   0.0%   0.0%   0.0%   0.0%   0.0%   0.0%   0.0%   0.0% 	Avg.:  0.0% 
************************************************************************************************************
TAw Forg
	  0.0%   0.0%   0.0%   0.0%   0.0%   0.0%   0.0%   0.0%   0.0%   0.0% 
	  0.0%   0.0%   0.0%   0.0%   0.0%   0.0%   0.0%   0.0%   0.0%   0.0% 	Avg.:  0.0% 
	  0.1%   0.1%   0.0%   0.0%   0.0%   0.0%   0.0%   0.0%   0.0%   0.0% 	Avg.:  0.1% 
	  0.2%  -0.1%  -0.3%   0.0%   0.0%   0.0%   0.0%   0.0%   0.0%   0.0% 	Avg.: -0.1% 
	  0.2%  -0.1%  -0.1%   0.2%   0.0%   0.0%   0.0%   0.0%   0.0%   0.0% 	Avg.:  0.1% 
	  0.0%   0.1%  -0.4%  -0.2%  -0.1%   0.0%   0.0%   0.0%   0.0%   0.0% 	Avg.: -0.1% 
	  0.2%  -0.1%   0.1%   0.2%  -0.1%  -0.5%   0.0%   0.0%   0.0%   0.0% 	Avg.: -0.0% 
	  0.0%   0.0%   0.0%   0.0%   0.0%   0.0%   0.0%   0.0%   0.0%   0.0% 	Avg.:  0.0% 
	  0.0%   0.0%   0.0%   0.0%   0.0%   0.0%   0.0%   0.0%   0.0%   0.0% 	Avg.:  0.0% 
	  0.0%   0.0%   0.0%   0.0%   0.0%   0.0%   0.0%   0.0%   0.0%   0.0% 	Avg.:  0.0% 
************************************************************************************************************
TAg Forg
	  0.0%   0.0%   0.0%   0.0%   0.0%   0.0%   0.0%   0.0%   0.0%   0.0% 
	  2.1%   0.0%   0.0%   0.0%   0.0%   0.0%   0.0%   0.0%   0.0%   0.0% 	Avg.:  2.1% 
	  3.8%   3.7%   0.0%   0.0%   0.0%   0.0%   0.0%   0.0%   0.0%   0.0% 	Avg.:  3.8% 
	  4.5%   4.0%   0.7%   0.0%   0.0%   0.0%   0.0%   0.0%   0.0%   0.0% 	Avg.:  3.1% 
	  6.2%   4.0%   3.0%   0.9%   0.0%   0.0%   0.0%   0.0%   0.0%   0.0% 	Avg.:  3.5% 
	  6.7%   5.1%   2.9%   1.8%   0.9%   0.0%   0.0%   0.0%   0.0%   0.0% 	Avg.:  3.5% 
	  6.2%   5.6%   3.2%   2.1%   1.0%   1.8%   0.0%   0.0%   0.0%   0.0% 	Avg.:  3.3% 
	  0.0%   0.0%   0.0%   0.0%   0.0%   0.0%   0.0%   0.0%   0.0%   0.0% 	Avg.:  0.0% 
	  0.0%   0.0%   0.0%   0.0%   0.0%   0.0%   0.0%   0.0%   0.0%   0.0% 	Avg.:  0.0% 
	  0.0%   0.0%   0.0%   0.0%   0.0%   0.0%   0.0%   0.0%   0.0%   0.0% 	Avg.:  0.0% 
************************************************************************************************************
[Elapsed time = 0.9 h]
Done!
