START_TASK=8 STOP_TASK=9 START_EPOCH=0 STOP_EPOCH=12
============================================================================================================
Arguments =
	all_outputs: False
	approach: joint
	batch_size: 64
	classes_first_task: None
	clipping: 10000
	crop: 224
	dataset: cifar100
	eval_on_train: False
	experiment_path: None
	fix_bn: False
	freeze_backbone: False
	gpu: 0
	gpus: [0]
	increment: 10
	last_layer_analysis: False
	log: ['disk']
	lr: 0.01
	lr_factor: None
	lr_min: 0.0001
	lr_patience: None
	lr_scheduler: cosine
	lr_warmup_epochs: 0
	momentum: 0.0
	multi_softmax: False
	nepochs: 50
	network: resnet50.a1_in1k
	no_cudnn_deterministic: False
	normalize: in1k
	num_workers: 2
	optimizer_name: sgd
	pin_memory: False
	pretrained: True
	resize: 224
	results_path: ./results
	save_models: True
	seed: 0
	start_at_task: 8
	start_epoch: 0
	stop_at_task: 9
	stop_epoch: 12
	use_valid_only: False
	warmup_lr_factor: 1.0
	warmup_nepochs: 0
	weight_decay: 0.0
============================================================================================================
Approach arguments =
============================================================================================================
Exemplars arguments =
============================================================================================================
WARNING: ./results/resnet50.a1_in1k/cifar100/joint/10 already exists!
Loaded acc_taw from: ./results/resnet50.a1_in1k/cifar100/joint/10/acc_taw-7.txt
Loaded acc_tag from: ./results/resnet50.a1_in1k/cifar100/joint/10/acc_tag-7.txt
Loaded forg_taw from: ./results/resnet50.a1_in1k/cifar100/joint/10/forg_taw-7.txt
Loaded forg_tag from: ./results/resnet50.a1_in1k/cifar100/joint/10/forg_tag-7.txt
[joint] Loaded accumulated datasets up to task 7 from ./results/resnet50.a1_in1k/cifar100/joint/10/joint_progress
************************************************************************************************************
Task  8  [epochs 0-12]
************************************************************************************************************
[params] total:23,692,442  trainable:23,692,442  tensors:177  trainable_tensors:177
| Epoch   1, time= 73.7s | Train: skip eval | Valid: time=  5.2s loss=0.762, TAw acc= 95.6% | * lr=1.0e-02
| Epoch   2, time= 70.0s | Train: skip eval | Valid: time=  5.1s loss=0.651, TAw acc= 95.8% | * lr=1.0e-02
| Epoch   3, time= 72.4s | Train: skip eval | Valid: time=  5.3s loss=0.619, TAw acc= 95.6% | * lr=9.9e-03
| Epoch   4, time= 68.7s | Train: skip eval | Valid: time=  5.3s loss=0.598, TAw acc= 96.0% | * lr=9.8e-03
| Epoch   5, time= 72.5s | Train: skip eval | Valid: time=  5.4s loss=0.589, TAw acc= 95.8% | * lr=9.8e-03
| Epoch   6, time= 69.7s | Train: skip eval | Valid: time=  5.3s loss=0.583, TAw acc= 96.0% | * lr=9.7e-03
| Epoch   7, time= 70.0s | Train: skip eval | Valid: time=  5.5s loss=0.568, TAw acc= 96.1% | * lr=9.5e-03
| Epoch   8, time= 69.1s | Train: skip eval | Valid: time=  5.6s loss=0.559, TAw acc= 96.2% | * lr=9.4e-03
| Epoch   9, time= 72.5s | Train: skip eval | Valid: time=  5.3s loss=0.563, TAw acc= 96.1% | lr=9.2e-03
| Epoch  10, time= 69.5s | Train: skip eval | Valid: time=  5.2s loss=0.558, TAw acc= 96.1% | * lr=9.1e-03
| Epoch  11, time= 69.3s | Train: skip eval | Valid: time=  5.4s loss=0.548, TAw acc= 96.2% | * lr=8.9e-03
| Epoch  12, time= 71.8s | Train: skip eval | Valid: time=  6.0s loss=0.550, TAw acc= 96.0% | lr=8.7e-03
------------------------------------------------------------------------------------------------------------
[joint] Saved accumulated datasets up to task 8 → ./results/resnet50.a1_in1k/cifar100/joint/10/joint_progress
[Elapsed time = 0.3 h]
Done!
