START_TASK=7 STOP_TASK=8 START_EPOCH=0 STOP_EPOCH=25
============================================================================================================
Arguments =
	all_outputs: False
	approach: joint
	batch_size: 64
	classes_first_task: None
	clipping: 10000
	crop: 224
	dataset: cifar100
	eval_on_train: False
	experiment_path: None
	fix_bn: False
	freeze_backbone: False
	gpu: 0
	gpus: [0]
	increment: 10
	last_layer_analysis: False
	log: ['disk']
	lr: 0.01
	lr_factor: None
	lr_min: 0.0001
	lr_patience: None
	lr_scheduler: cosine
	lr_warmup_epochs: 0
	momentum: 0.0
	multi_softmax: False
	nepochs: 50
	network: resnet50.a1_in1k
	no_cudnn_deterministic: False
	normalize: in1k
	num_workers: 2
	optimizer_name: sgd
	pin_memory: False
	pretrained: True
	resize: 224
	results_path: ./results
	save_models: True
	seed: 0
	start_at_task: 7
	start_epoch: 0
	stop_at_task: 8
	stop_epoch: 25
	use_valid_only: False
	warmup_lr_factor: 1.0
	warmup_nepochs: 0
	weight_decay: 0.0
============================================================================================================
Approach arguments =
============================================================================================================
Exemplars arguments =
============================================================================================================
WARNING: ./results/resnet50.a1_in1k/cifar100/joint/10 already exists!
Loaded acc_taw from: ./results/resnet50.a1_in1k/cifar100/joint/10/acc_taw-6.txt
Loaded acc_tag from: ./results/resnet50.a1_in1k/cifar100/joint/10/acc_tag-6.txt
Loaded forg_taw from: ./results/resnet50.a1_in1k/cifar100/joint/10/forg_taw-6.txt
Loaded forg_tag from: ./results/resnet50.a1_in1k/cifar100/joint/10/forg_tag-6.txt
[joint] Loaded accumulated datasets up to task 6 from ./results/resnet50.a1_in1k/cifar100/joint/10/joint_progress
************************************************************************************************************
Task  7  [epochs 0-25]
************************************************************************************************************
[params] total:23,671,952  trainable:23,671,952  tensors:175  trainable_tensors:175
| Epoch   1, time= 62.8s | Train: skip eval | Valid: time=  4.7s loss=0.776, TAw acc= 95.2% | * lr=1.0e-02
| Epoch   2, time= 63.8s | Train: skip eval | Valid: time=  4.6s loss=0.664, TAw acc= 95.3% | * lr=1.0e-02
| Epoch   3, time= 62.6s | Train: skip eval | Valid: time=  4.8s loss=0.617, TAw acc= 95.3% | * lr=9.9e-03
| Epoch   4, time= 63.8s | Train: skip eval | Valid: time=  4.9s loss=0.588, TAw acc= 95.5% | * lr=9.8e-03
| Epoch   5, time= 65.4s | Train: skip eval | Valid: time=  5.2s loss=0.580, TAw acc= 95.8% | * lr=9.8e-03
| Epoch   6, time= 58.0s | Train: skip eval | Valid: time=  5.5s loss=0.567, TAw acc= 96.0% | * lr=9.7e-03
| Epoch   7, time= 62.8s | Train: skip eval | Valid: time=  4.7s loss=0.571, TAw acc= 95.6% | lr=9.5e-03
| Epoch   8, time= 61.7s | Train: skip eval | Valid: time=  4.7s loss=0.563, TAw acc= 95.5% | * lr=9.4e-03
| Epoch   9, time= 69.2s | Train: skip eval | Valid: time=  5.0s loss=0.554, TAw acc= 96.0% | * lr=9.2e-03
| Epoch  10, time= 56.6s | Train: skip eval | Valid: time=  4.7s loss=0.544, TAw acc= 95.7% | * lr=9.1e-03
| Epoch  11, time= 71.1s | Train: skip eval | Valid: time=  4.8s loss=0.555, TAw acc= 95.9% | lr=8.9e-03
| Epoch  12, time= 61.4s | Train: skip eval | Valid: time=  4.7s loss=0.537, TAw acc= 95.9% | * lr=8.7e-03
| Epoch  13, time= 61.5s | Train: skip eval | Valid: time=  4.7s loss=0.530, TAw acc= 95.9% | * lr=8.4e-03
| Epoch  14, time= 65.7s | Train: skip eval | Valid: time=  4.7s loss=0.544, TAw acc= 95.4% | lr=8.2e-03
| Epoch  15, time= 60.4s | Train: skip eval | Valid: time=  5.2s loss=0.527, TAw acc= 96.0% | * lr=8.0e-03
| Epoch  16, time= 65.9s | Train: skip eval | Valid: time=  4.9s loss=0.520, TAw acc= 96.0% | * lr=7.7e-03
| Epoch  17, time= 66.9s | Train: skip eval | Valid: time=  4.6s loss=0.522, TAw acc= 95.9% | lr=7.4e-03
| Epoch  18, time= 66.4s | Train: skip eval | Valid: time=  4.7s loss=0.521, TAw acc= 96.0% | lr=7.2e-03
| Epoch  19, time= 63.2s | Train: skip eval | Valid: time=  4.7s loss=0.517, TAw acc= 95.9% | * lr=6.9e-03
| Epoch  20, time= 60.0s | Train: skip eval | Valid: time=  4.8s loss=0.515, TAw acc= 96.2% | * lr=6.6e-03
| Epoch  21, time= 59.4s | Train: skip eval | Valid: time=  4.7s loss=0.520, TAw acc= 96.1% | lr=6.3e-03
| Epoch  22, time= 62.3s | Train: skip eval | Valid: time=  4.7s loss=0.510, TAw acc= 96.0% | * lr=6.0e-03
| Epoch  23, time= 56.3s | Train: skip eval | Valid: time=  4.7s loss=0.512, TAw acc= 96.0% | lr=5.7e-03
| Epoch  24, time= 68.2s | Train: skip eval | Valid: time=  4.6s loss=0.509, TAw acc= 96.3% | * lr=5.4e-03
| Epoch  25, time= 63.5s | Train: skip eval | Valid: time=  4.8s loss=0.502, TAw acc= 96.2% | * lr=5.1e-03
------------------------------------------------------------------------------------------------------------
[joint] Saved accumulated datasets up to task 7 → ./results/resnet50.a1_in1k/cifar100/joint/10/joint_progress
[Elapsed time = 0.5 h]
Done!
