START_TASK=7 STOP_TASK=8
============================================================================================================
Arguments =
	all_outputs: False
	approach: finetuning
	batch_size: 64
	classes_first_task: None
	clipping: 10000
	crop: 224
	data_path: ../data/inat200
	dataset: inat200
	eval_on_train: False
	experiment_path: None
	fix_bn: False
	freeze_backbone: False
	gpu: 0
	gpus: [0]
	increment: 10
	last_layer_analysis: False
	log: ['disk']
	lr: 0.01
	lr_factor: None
	lr_min: 0.0001
	lr_patience: None
	lr_scheduler: cosine
	lr_warmup_epochs: 0
	momentum: 0.0
	multi_softmax: False
	nepochs: 90
	network: vit_small_patch16_224.augreg_in1k
	no_cudnn_deterministic: False
	normalize: in1k
	num_workers: 2
	optimizer_name: sgd
	pin_memory: False
	pretrained: True
	resize: 224
	results_path: ./results
	save_models: True
	seed: 0
	start_at_task: 7
	start_epoch: 0
	stop_at_task: 8
	stop_epoch: 0
	use_valid_only: False
	warmup_lr_factor: 1.0
	warmup_nepochs: 0
	weight_decay: 0.0
============================================================================================================
Approach arguments =
============================================================================================================
Exemplars arguments =
============================================================================================================
WARNING: ./results/vit_small_patch16_224.augreg_in1k/inat200/finetuning/10 already exists!
Loaded acc_taw from: ./results/vit_small_patch16_224.augreg_in1k/inat200/finetuning/10/acc_taw-6.txt
Loaded acc_tag from: ./results/vit_small_patch16_224.augreg_in1k/inat200/finetuning/10/acc_tag-6.txt
Loaded forg_taw from: ./results/vit_small_patch16_224.augreg_in1k/inat200/finetuning/10/forg_taw-6.txt
Loaded forg_tag from: ./results/vit_small_patch16_224.augreg_in1k/inat200/finetuning/10/forg_tag-6.txt
************************************************************************************************************
Task  7  [epochs 0-90]
************************************************************************************************************
[params] total:21,696,464  trainable:21,696,464  tensors:166  trainable_tensors:166
| Epoch   1, time= 16.0s | Train: skip eval | Valid: time=  1.7s loss=0.372, TAw acc= 85.5% | * lr=1.0e-02
| Epoch   2, time= 14.2s | Train: skip eval | Valid: time=  1.7s loss=0.918, TAw acc= 81.0% | lr=1.0e-02
| Epoch   3, time= 14.6s | Train: skip eval | Valid: time=  1.7s loss=0.272, TAw acc= 91.0% | * lr=1.0e-02
| Epoch   4, time= 14.1s | Train: skip eval | Valid: time=  1.4s loss=0.356, TAw acc= 87.2% | lr=1.0e-02
| Epoch   5, time= 13.5s | Train: skip eval | Valid: time=  1.4s loss=0.268, TAw acc= 90.5% | * lr=9.9e-03
| Epoch   6, time= 15.1s | Train: skip eval | Valid: time=  1.5s loss=0.339, TAw acc= 87.2% | lr=9.9e-03
| Epoch   7, time= 15.3s | Train: skip eval | Valid: time=  1.4s loss=0.239, TAw acc= 90.8% | * lr=9.9e-03
| Epoch   8, time= 14.3s | Train: skip eval | Valid: time=  1.7s loss=0.433, TAw acc= 87.5% | lr=9.8e-03
| Epoch   9, time= 16.7s | Train: skip eval | Valid: time=  1.9s loss=0.286, TAw acc= 91.5% | lr=9.8e-03
| Epoch  10, time= 14.8s | Train: skip eval | Valid: time=  1.4s loss=0.262, TAw acc= 91.5% | lr=9.7e-03
| Epoch  11, time= 13.4s | Train: skip eval | Valid: time=  1.4s loss=0.273, TAw acc= 91.0% | lr=9.6e-03
| Epoch  12, time= 15.1s | Train: skip eval | Valid: time=  1.4s loss=0.261, TAw acc= 92.2% | lr=9.6e-03
| Epoch  13, time= 14.8s | Train: skip eval | Valid: time=  1.3s loss=0.265, TAw acc= 90.2% | lr=9.5e-03
| Epoch  14, time= 15.6s | Train: skip eval | Valid: time=  1.4s loss=0.292, TAw acc= 89.8% | lr=9.4e-03
| Epoch  15, time= 12.8s | Train: skip eval | Valid: time=  1.3s loss=0.271, TAw acc= 92.0% | lr=9.3e-03
| Epoch  16, time= 12.7s | Train: skip eval | Valid: time=  1.3s loss=0.305, TAw acc= 89.8% | lr=9.2e-03
| Epoch  17, time= 12.5s | Train: skip eval | Valid: time=  1.4s loss=0.257, TAw acc= 91.2% | lr=9.2e-03
| Epoch  18, time= 14.8s | Train: skip eval | Valid: time=  1.4s loss=0.246, TAw acc= 91.8% | lr=9.1e-03
| Epoch  19, time= 15.7s | Train: skip eval | Valid: time=  1.4s loss=0.250, TAw acc= 92.2% | lr=9.0e-03
| Epoch  20, time= 12.4s | Train: skip eval | Valid: time=  1.4s loss=0.221, TAw acc= 91.5% | * lr=8.8e-03
| Epoch  21, time= 12.5s | Train: skip eval | Valid: time=  1.4s loss=0.207, TAw acc= 93.5% | * lr=8.7e-03
| Epoch  22, time= 14.6s | Train: skip eval | Valid: time=  1.4s loss=0.230, TAw acc= 92.2% | lr=8.6e-03
| Epoch  23, time= 13.1s | Train: skip eval | Valid: time=  1.4s loss=0.261, TAw acc= 91.0% | lr=8.5e-03
| Epoch  24, time= 12.6s | Train: skip eval | Valid: time=  1.4s loss=0.263, TAw acc= 92.0% | lr=8.4e-03
| Epoch  25, time= 12.8s | Train: skip eval | Valid: time=  1.4s loss=0.472, TAw acc= 87.8% | lr=8.2e-03
| Epoch  26, time= 13.9s | Train: skip eval | Valid: time=  1.3s loss=0.244, TAw acc= 92.5% | lr=8.1e-03
| Epoch  27, time= 13.1s | Train: skip eval | Valid: time=  1.4s loss=0.256, TAw acc= 93.5% | lr=8.0e-03
| Epoch  28, time= 14.9s | Train: skip eval | Valid: time=  1.4s loss=0.251, TAw acc= 92.5% | lr=7.8e-03
| Epoch  29, time= 13.1s | Train: skip eval | Valid: time=  1.3s loss=0.249, TAw acc= 91.8% | lr=7.7e-03
| Epoch  30, time= 16.5s | Train: skip eval | Valid: time=  1.4s loss=0.318, TAw acc= 91.2% | lr=7.5e-03
| Epoch  31, time= 17.0s | Train: skip eval | Valid: time=  1.3s loss=0.240, TAw acc= 92.5% | lr=7.4e-03
| Epoch  32, time= 12.9s | Train: skip eval | Valid: time=  1.6s loss=0.260, TAw acc= 92.0% | lr=7.2e-03
| Epoch  33, time= 13.0s | Train: skip eval | Valid: time=  1.3s loss=0.236, TAw acc= 93.8% | lr=7.1e-03
| Epoch  34, time= 12.9s | Train: skip eval | Valid: time=  1.4s loss=0.241, TAw acc= 92.5% | lr=6.9e-03
| Epoch  35, time= 12.6s | Train: skip eval | Valid: time=  1.4s loss=0.242, TAw acc= 93.0% | lr=6.7e-03
| Epoch  36, time= 12.5s | Train: skip eval | Valid: time=  1.4s loss=0.254, TAw acc= 92.2% | lr=6.6e-03
| Epoch  37, time= 14.1s | Train: skip eval | Valid: time=  1.3s loss=0.243, TAw acc= 92.2% | lr=6.4e-03
| Epoch  38, time= 15.4s | Train: skip eval | Valid: time=  1.4s loss=0.292, TAw acc= 91.0% | lr=6.2e-03
| Epoch  39, time= 13.0s | Train: skip eval | Valid: time=  1.4s loss=0.254, TAw acc= 92.5% | lr=6.1e-03
| Epoch  40, time= 12.9s | Train: skip eval | Valid: time=  1.4s loss=0.234, TAw acc= 94.0% | lr=5.9e-03
| Epoch  41, time= 12.5s | Train: skip eval | Valid: time=  1.4s loss=0.226, TAw acc= 93.5% | lr=5.7e-03
| Epoch  42, time= 14.9s | Train: skip eval | Valid: time=  1.8s loss=0.247, TAw acc= 93.8% | lr=5.6e-03
| Epoch  43, time= 15.2s | Train: skip eval | Valid: time=  1.8s loss=0.234, TAw acc= 93.8% | lr=5.4e-03
| Epoch  44, time= 12.2s | Train: skip eval | Valid: time=  1.4s loss=0.241, TAw acc= 92.8% | lr=5.2e-03
| Epoch  45, time= 17.1s | Train: skip eval | Valid: time=  1.5s loss=0.242, TAw acc= 93.5% | lr=5.1e-03
| Epoch  46, time= 15.6s | Train: skip eval | Valid: time=  1.3s loss=0.234, TAw acc= 93.2% | lr=4.9e-03
| Epoch  47, time= 12.9s | Train: skip eval | Valid: time=  1.9s loss=0.221, TAw acc= 93.5% | lr=4.7e-03
| Epoch  48, time= 14.0s | Train: skip eval | Valid: time=  1.4s loss=0.225, TAw acc= 93.8% | lr=4.5e-03
| Epoch  49, time= 13.7s | Train: skip eval | Valid: time=  1.7s loss=0.211, TAw acc= 93.8% | lr=4.4e-03
| Epoch  50, time= 13.4s | Train: skip eval | Valid: time=  1.4s loss=0.222, TAw acc= 93.0% | lr=4.2e-03
| Epoch  51, time= 13.5s | Train: skip eval | Valid: time=  1.8s loss=0.236, TAw acc= 93.8% | lr=4.0e-03
| Epoch  52, time= 14.6s | Train: skip eval | Valid: time=  1.7s loss=0.226, TAw acc= 93.5% | lr=3.9e-03
| Epoch  53, time= 14.6s | Train: skip eval | Valid: time=  1.5s loss=0.223, TAw acc= 94.0% | lr=3.7e-03
| Epoch  54, time= 14.1s | Train: skip eval | Valid: time=  1.6s loss=0.230, TAw acc= 94.0% | lr=3.5e-03
| Epoch  55, time= 16.2s | Train: skip eval | Valid: time=  1.7s loss=0.232, TAw acc= 93.2% | lr=3.4e-03
| Epoch  56, time= 14.2s | Train: skip eval | Valid: time=  1.4s loss=0.246, TAw acc= 92.8% | lr=3.2e-03
| Epoch  57, time= 14.5s | Train: skip eval | Valid: time=  1.4s loss=0.248, TAw acc= 93.0% | lr=3.0e-03
| Epoch  58, time= 13.0s | Train: skip eval | Valid: time=  1.4s loss=0.234, TAw acc= 93.2% | lr=2.9e-03
| Epoch  59, time= 14.1s | Train: skip eval | Valid: time=  1.6s loss=0.251, TAw acc= 93.0% | lr=2.7e-03
| Epoch  60, time= 12.7s | Train: skip eval | Valid: time=  1.4s loss=0.255, TAw acc= 92.8% | lr=2.6e-03
| Epoch  61, time= 12.9s | Train: skip eval | Valid: time=  1.7s loss=0.251, TAw acc= 92.0% | lr=2.4e-03
| Epoch  62, time= 13.3s | Train: skip eval | Valid: time=  1.6s loss=0.241, TAw acc= 92.8% | lr=2.3e-03
| Epoch  63, time= 16.2s | Train: skip eval | Valid: time=  1.6s loss=0.243, TAw acc= 93.2% | lr=2.1e-03
| Epoch  64, time= 14.5s | Train: skip eval | Valid: time=  1.4s loss=0.236, TAw acc= 93.5% | lr=2.0e-03
| Epoch  65, time= 14.7s | Train: skip eval | Valid: time=  1.6s loss=0.236, TAw acc= 93.2% | lr=1.9e-03
| Epoch  66, time= 14.4s | Train: skip eval | Valid: time=  1.7s loss=0.239, TAw acc= 93.2% | lr=1.7e-03
| Epoch  67, time= 14.7s | Train: skip eval | Valid: time=  1.4s loss=0.225, TAw acc= 93.5% | lr=1.6e-03
| Epoch  68, time= 13.5s | Train: skip eval | Valid: time=  1.4s loss=0.231, TAw acc= 93.2% | lr=1.5e-03
| Epoch  69, time= 14.8s | Train: skip eval | Valid: time=  1.5s loss=0.231, TAw acc= 93.5% | lr=1.4e-03
| Epoch  70, time= 13.4s | Train: skip eval | Valid: time=  1.5s loss=0.237, TAw acc= 92.8% | lr=1.3e-03
| Epoch  71, time= 14.3s | Train: skip eval | Valid: time=  1.4s loss=0.238, TAw acc= 93.0% | lr=1.1e-03
| Epoch  72, time= 15.9s | Train: skip eval | Valid: time=  1.4s loss=0.238, TAw acc= 92.8% | lr=1.0e-03
| Epoch  73, time= 14.3s | Train: skip eval | Valid: time=  1.8s loss=0.244, TAw acc= 92.2% | lr=9.5e-04
| Epoch  74, time= 14.7s | Train: skip eval | Valid: time=  1.4s loss=0.240, TAw acc= 92.8% | lr=8.5e-04
| Epoch  75, time= 16.6s | Train: skip eval | Valid: time=  1.7s loss=0.243, TAw acc= 92.8% | lr=7.6e-04
| Epoch  76, time= 13.9s | Train: skip eval | Valid: time=  1.5s loss=0.240, TAw acc= 92.8% | lr=6.8e-04
| Epoch  77, time= 13.4s | Train: skip eval | Valid: time=  1.6s loss=0.242, TAw acc= 92.2% | lr=6.0e-04
| Epoch  78, time= 15.1s | Train: skip eval | Valid: time=  1.4s loss=0.240, TAw acc= 92.0% | lr=5.3e-04
| Epoch  79, time= 14.4s | Train: skip eval | Valid: time=  1.7s loss=0.240, TAw acc= 92.5% | lr=4.6e-04
| Epoch  80, time= 15.7s | Train: skip eval | Valid: time=  1.7s loss=0.239, TAw acc= 92.5% | lr=4.0e-04
| Epoch  81, time= 13.5s | Train: skip eval | Valid: time=  1.4s loss=0.236, TAw acc= 92.8% | lr=3.4e-04
| Epoch  82, time= 14.4s | Train: skip eval | Valid: time=  1.4s loss=0.237, TAw acc= 93.0% | lr=2.9e-04
| Epoch  83, time= 13.3s | Train: skip eval | Valid: time=  1.7s loss=0.236, TAw acc= 93.0% | lr=2.5e-04
| Epoch  84, time= 14.5s | Train: skip eval | Valid: time=  1.4s loss=0.235, TAw acc= 92.8% | lr=2.1e-04
| Epoch  85, time= 17.6s | Train: skip eval | Valid: time=  1.3s loss=0.235, TAw acc= 92.8% | lr=1.8e-04
| Epoch  86, time= 13.8s | Train: skip eval | Valid: time=  1.8s loss=0.235, TAw acc= 93.0% | lr=1.5e-04
| Epoch  87, time= 15.4s | Train: skip eval | Valid: time=  1.4s loss=0.235, TAw acc= 93.2% | lr=1.3e-04
| Epoch  88, time= 13.1s | Train: skip eval | Valid: time=  1.8s loss=0.235, TAw acc= 93.0% | lr=1.1e-04
| Epoch  89, time= 15.7s | Train: skip eval | Valid: time=  1.4s loss=0.235, TAw acc= 92.8% | lr=1.0e-04
| Epoch  90, time= 13.0s | Train: skip eval | Valid: time=  1.7s loss=0.235, TAw acc= 92.8% | lr=1.0e-04
------------------------------------------------------------------------------------------------------------
>>> Test on task  0 : loss=0.578 | TAw acc= 80.5%, forg= 11.4% | TAg acc= 16.1%, forg= 75.8% <<<
>>> Test on task  1 : loss=0.581 | TAw acc= 80.8%, forg=  9.2% | TAg acc= 25.3%, forg= 56.6% <<<
>>> Test on task  2 : loss=0.499 | TAw acc= 83.0%, forg=  9.3% | TAg acc= 14.2%, forg= 71.7% <<<
>>> Test on task  3 : loss=0.677 | TAw acc= 76.9%, forg= 10.9% | TAg acc= 13.5%, forg= 58.5% <<<
>>> Test on task  4 : loss=0.679 | TAw acc= 79.7%, forg= 10.7% | TAg acc= 38.5%, forg= 46.3% <<<
>>> Test on task  5 : loss=0.494 | TAw acc= 85.0%, forg=  4.0% | TAg acc= 59.5%, forg= 22.9% <<<
>>> Test on task  6 : loss=0.346 | TAw acc= 89.4%, forg=  2.6% | TAg acc= 76.0%, forg=  8.9% <<<
>>> Test on task  7 : loss=0.317 | TAw acc= 90.8%, forg=  0.0% | TAg acc= 69.9%, forg=  0.0% <<<
Save at ./results/./results/vit_small_patch16_224.augreg_in1k/inat200/finetuning/10
************************************************************************************************************
TAw Acc
	 91.9%   0.0%   0.0%   0.0%   0.0%   0.0%   0.0%   0.0%   0.0%   0.0%   0.0%   0.0%   0.0%   0.0%   0.0%   0.0%   0.0%   0.0%   0.0%   0.0% 	Avg.: 91.9% 
	 88.6%  90.0%   0.0%   0.0%   0.0%   0.0%   0.0%   0.0%   0.0%   0.0%   0.0%   0.0%   0.0%   0.0%   0.0%   0.0%   0.0%   0.0%   0.0%   0.0% 	Avg.: 89.3% 
	 85.2%  87.3%  92.3%   0.0%   0.0%   0.0%   0.0%   0.0%   0.0%   0.0%   0.0%   0.0%   0.0%   0.0%   0.0%   0.0%   0.0%   0.0%   0.0%   0.0% 	Avg.: 88.3% 
	 83.2%  86.7%  90.3%  87.8%   0.0%   0.0%   0.0%   0.0%   0.0%   0.0%   0.0%   0.0%   0.0%   0.0%   0.0%   0.0%   0.0%   0.0%   0.0%   0.0% 	Avg.: 87.0% 
	 83.6%  84.8%  88.2%  83.5%  90.4%   0.0%   0.0%   0.0%   0.0%   0.0%   0.0%   0.0%   0.0%   0.0%   0.0%   0.0%   0.0%   0.0%   0.0%   0.0% 	Avg.: 86.1% 
	 81.5%  82.7%  84.1%  79.7%  86.4%  89.0%   0.0%   0.0%   0.0%   0.0%   0.0%   0.0%   0.0%   0.0%   0.0%   0.0%   0.0%   0.0%   0.0%   0.0% 	Avg.: 83.9% 
	 82.6%  81.9%  83.8%  79.7%  82.3%  85.6%  92.0%   0.0%   0.0%   0.0%   0.0%   0.0%   0.0%   0.0%   0.0%   0.0%   0.0%   0.0%   0.0%   0.0% 	Avg.: 84.0% 
	 80.5%  80.8%  83.0%  76.9%  79.7%  85.0%  89.4%  90.8%   0.0%   0.0%   0.0%   0.0%   0.0%   0.0%   0.0%   0.0%   0.0%   0.0%   0.0%   0.0% 	Avg.: 83.3% 
	  0.0%   0.0%   0.0%   0.0%   0.0%   0.0%   0.0%   0.0%   0.0%   0.0%   0.0%   0.0%   0.0%   0.0%   0.0%   0.0%   0.0%   0.0%   0.0%   0.0% 	Avg.:  0.0% 
	  0.0%   0.0%   0.0%   0.0%   0.0%   0.0%   0.0%   0.0%   0.0%   0.0%   0.0%   0.0%   0.0%   0.0%   0.0%   0.0%   0.0%   0.0%   0.0%   0.0% 	Avg.:  0.0% 
	  0.0%   0.0%   0.0%   0.0%   0.0%   0.0%   0.0%   0.0%   0.0%   0.0%   0.0%   0.0%   0.0%   0.0%   0.0%   0.0%   0.0%   0.0%   0.0%   0.0% 	Avg.:  0.0% 
	  0.0%   0.0%   0.0%   0.0%   0.0%   0.0%   0.0%   0.0%   0.0%   0.0%   0.0%   0.0%   0.0%   0.0%   0.0%   0.0%   0.0%   0.0%   0.0%   0.0% 	Avg.:  0.0% 
	  0.0%   0.0%   0.0%   0.0%   0.0%   0.0%   0.0%   0.0%   0.0%   0.0%   0.0%   0.0%   0.0%   0.0%   0.0%   0.0%   0.0%   0.0%   0.0%   0.0% 	Avg.:  0.0% 
	  0.0%   0.0%   0.0%   0.0%   0.0%   0.0%   0.0%   0.0%   0.0%   0.0%   0.0%   0.0%   0.0%   0.0%   0.0%   0.0%   0.0%   0.0%   0.0%   0.0% 	Avg.:  0.0% 
	  0.0%   0.0%   0.0%   0.0%   0.0%   0.0%   0.0%   0.0%   0.0%   0.0%   0.0%   0.0%   0.0%   0.0%   0.0%   0.0%   0.0%   0.0%   0.0%   0.0% 	Avg.:  0.0% 
	  0.0%   0.0%   0.0%   0.0%   0.0%   0.0%   0.0%   0.0%   0.0%   0.0%   0.0%   0.0%   0.0%   0.0%   0.0%   0.0%   0.0%   0.0%   0.0%   0.0% 	Avg.:  0.0% 
	  0.0%   0.0%   0.0%   0.0%   0.0%   0.0%   0.0%   0.0%   0.0%   0.0%   0.0%   0.0%   0.0%   0.0%   0.0%   0.0%   0.0%   0.0%   0.0%   0.0% 	Avg.:  0.0% 
	  0.0%   0.0%   0.0%   0.0%   0.0%   0.0%   0.0%   0.0%   0.0%   0.0%   0.0%   0.0%   0.0%   0.0%   0.0%   0.0%   0.0%   0.0%   0.0%   0.0% 	Avg.:  0.0% 
	  0.0%   0.0%   0.0%   0.0%   0.0%   0.0%   0.0%   0.0%   0.0%   0.0%   0.0%   0.0%   0.0%   0.0%   0.0%   0.0%   0.0%   0.0%   0.0%   0.0% 	Avg.:  0.0% 
	  0.0%   0.0%   0.0%   0.0%   0.0%   0.0%   0.0%   0.0%   0.0%   0.0%   0.0%   0.0%   0.0%   0.0%   0.0%   0.0%   0.0%   0.0%   0.0%   0.0% 	Avg.:  0.0% 
************************************************************************************************************
TAg Acc
	 91.9%   0.0%   0.0%   0.0%   0.0%   0.0%   0.0%   0.0%   0.0%   0.0%   0.0%   0.0%   0.0%   0.0%   0.0%   0.0%   0.0%   0.0%   0.0%   0.0% 	Avg.: 91.9% 
	 75.0%  81.9%   0.0%   0.0%   0.0%   0.0%   0.0%   0.0%   0.0%   0.0%   0.0%   0.0%   0.0%   0.0%   0.0%   0.0%   0.0%   0.0%   0.0%   0.0% 	Avg.: 78.4% 
	 52.6%  68.6%  85.9%   0.0%   0.0%   0.0%   0.0%   0.0%   0.0%   0.0%   0.0%   0.0%   0.0%   0.0%   0.0%   0.0%   0.0%   0.0%   0.0%   0.0% 	Avg.: 69.0% 
	 53.7%  60.4%  70.8%  72.0%   0.0%   0.0%   0.0%   0.0%   0.0%   0.0%   0.0%   0.0%   0.0%   0.0%   0.0%   0.0%   0.0%   0.0%   0.0%   0.0% 	Avg.: 64.2% 
	 42.3%  44.5%  47.1%  48.6%  84.8%   0.0%   0.0%   0.0%   0.0%   0.0%   0.0%   0.0%   0.0%   0.0%   0.0%   0.0%   0.0%   0.0%   0.0%   0.0% 	Avg.: 53.5% 
	 24.7%  36.3%  26.3%  22.2%  61.8%  82.4%   0.0%   0.0%   0.0%   0.0%   0.0%   0.0%   0.0%   0.0%   0.0%   0.0%   0.0%   0.0%   0.0%   0.0% 	Avg.: 42.3% 
	 14.9%  26.3%  17.2%  15.1%  46.6%  64.1%  84.9%   0.0%   0.0%   0.0%   0.0%   0.0%   0.0%   0.0%   0.0%   0.0%   0.0%   0.0%   0.0%   0.0% 	Avg.: 38.4% 
	 16.1%  25.3%  14.2%  13.5%  38.5%  59.5%  76.0%  69.9%   0.0%   0.0%   0.0%   0.0%   0.0%   0.0%   0.0%   0.0%   0.0%   0.0%   0.0%   0.0% 	Avg.: 39.1% 
	  0.0%   0.0%   0.0%   0.0%   0.0%   0.0%   0.0%   0.0%   0.0%   0.0%   0.0%   0.0%   0.0%   0.0%   0.0%   0.0%   0.0%   0.0%   0.0%   0.0% 	Avg.:  0.0% 
	  0.0%   0.0%   0.0%   0.0%   0.0%   0.0%   0.0%   0.0%   0.0%   0.0%   0.0%   0.0%   0.0%   0.0%   0.0%   0.0%   0.0%   0.0%   0.0%   0.0% 	Avg.:  0.0% 
	  0.0%   0.0%   0.0%   0.0%   0.0%   0.0%   0.0%   0.0%   0.0%   0.0%   0.0%   0.0%   0.0%   0.0%   0.0%   0.0%   0.0%   0.0%   0.0%   0.0% 	Avg.:  0.0% 
	  0.0%   0.0%   0.0%   0.0%   0.0%   0.0%   0.0%   0.0%   0.0%   0.0%   0.0%   0.0%   0.0%   0.0%   0.0%   0.0%   0.0%   0.0%   0.0%   0.0% 	Avg.:  0.0% 
	  0.0%   0.0%   0.0%   0.0%   0.0%   0.0%   0.0%   0.0%   0.0%   0.0%   0.0%   0.0%   0.0%   0.0%   0.0%   0.0%   0.0%   0.0%   0.0%   0.0% 	Avg.:  0.0% 
	  0.0%   0.0%   0.0%   0.0%   0.0%   0.0%   0.0%   0.0%   0.0%   0.0%   0.0%   0.0%   0.0%   0.0%   0.0%   0.0%   0.0%   0.0%   0.0%   0.0% 	Avg.:  0.0% 
	  0.0%   0.0%   0.0%   0.0%   0.0%   0.0%   0.0%   0.0%   0.0%   0.0%   0.0%   0.0%   0.0%   0.0%   0.0%   0.0%   0.0%   0.0%   0.0%   0.0% 	Avg.:  0.0% 
	  0.0%   0.0%   0.0%   0.0%   0.0%   0.0%   0.0%   0.0%   0.0%   0.0%   0.0%   0.0%   0.0%   0.0%   0.0%   0.0%   0.0%   0.0%   0.0%   0.0% 	Avg.:  0.0% 
	  0.0%   0.0%   0.0%   0.0%   0.0%   0.0%   0.0%   0.0%   0.0%   0.0%   0.0%   0.0%   0.0%   0.0%   0.0%   0.0%   0.0%   0.0%   0.0%   0.0% 	Avg.:  0.0% 
	  0.0%   0.0%   0.0%   0.0%   0.0%   0.0%   0.0%   0.0%   0.0%   0.0%   0.0%   0.0%   0.0%   0.0%   0.0%   0.0%   0.0%   0.0%   0.0%   0.0% 	Avg.:  0.0% 
	  0.0%   0.0%   0.0%   0.0%   0.0%   0.0%   0.0%   0.0%   0.0%   0.0%   0.0%   0.0%   0.0%   0.0%   0.0%   0.0%   0.0%   0.0%   0.0%   0.0% 	Avg.:  0.0% 
	  0.0%   0.0%   0.0%   0.0%   0.0%   0.0%   0.0%   0.0%   0.0%   0.0%   0.0%   0.0%   0.0%   0.0%   0.0%   0.0%   0.0%   0.0%   0.0%   0.0% 	Avg.:  0.0% 
************************************************************************************************************
TAw Forg
	  0.0%   0.0%   0.0%   0.0%   0.0%   0.0%   0.0%   0.0%   0.0%   0.0%   0.0%   0.0%   0.0%   0.0%   0.0%   0.0%   0.0%   0.0%   0.0%   0.0% 
	  3.3%   0.0%   0.0%   0.0%   0.0%   0.0%   0.0%   0.0%   0.0%   0.0%   0.0%   0.0%   0.0%   0.0%   0.0%   0.0%   0.0%   0.0%   0.0%   0.0% 	Avg.:  3.3% 
	  6.7%   2.7%   0.0%   0.0%   0.0%   0.0%   0.0%   0.0%   0.0%   0.0%   0.0%   0.0%   0.0%   0.0%   0.0%   0.0%   0.0%   0.0%   0.0%   0.0% 	Avg.:  4.7% 
	  8.7%   3.3%   2.0%   0.0%   0.0%   0.0%   0.0%   0.0%   0.0%   0.0%   0.0%   0.0%   0.0%   0.0%   0.0%   0.0%   0.0%   0.0%   0.0%   0.0% 	Avg.:  4.7% 
	  8.3%   5.2%   4.1%   4.3%   0.0%   0.0%   0.0%   0.0%   0.0%   0.0%   0.0%   0.0%   0.0%   0.0%   0.0%   0.0%   0.0%   0.0%   0.0%   0.0% 	Avg.:  5.5% 
	 10.4%   7.3%   8.2%   8.1%   4.0%   0.0%   0.0%   0.0%   0.0%   0.0%   0.0%   0.0%   0.0%   0.0%   0.0%   0.0%   0.0%   0.0%   0.0%   0.0% 	Avg.:  7.6% 
	  9.3%   8.1%   8.5%   8.1%   8.1%   3.4%   0.0%   0.0%   0.0%   0.0%   0.0%   0.0%   0.0%   0.0%   0.0%   0.0%   0.0%   0.0%   0.0%   0.0% 	Avg.:  7.6% 
	 11.4%   9.2%   9.3%  10.9%  10.7%   4.0%   2.6%   0.0%   0.0%   0.0%   0.0%   0.0%   0.0%   0.0%   0.0%   0.0%   0.0%   0.0%   0.0%   0.0% 	Avg.:  8.3% 
	  0.0%   0.0%   0.0%   0.0%   0.0%   0.0%   0.0%   0.0%   0.0%   0.0%   0.0%   0.0%   0.0%   0.0%   0.0%   0.0%   0.0%   0.0%   0.0%   0.0% 	Avg.:  0.0% 
	  0.0%   0.0%   0.0%   0.0%   0.0%   0.0%   0.0%   0.0%   0.0%   0.0%   0.0%   0.0%   0.0%   0.0%   0.0%   0.0%   0.0%   0.0%   0.0%   0.0% 	Avg.:  0.0% 
	  0.0%   0.0%   0.0%   0.0%   0.0%   0.0%   0.0%   0.0%   0.0%   0.0%   0.0%   0.0%   0.0%   0.0%   0.0%   0.0%   0.0%   0.0%   0.0%   0.0% 	Avg.:  0.0% 
	  0.0%   0.0%   0.0%   0.0%   0.0%   0.0%   0.0%   0.0%   0.0%   0.0%   0.0%   0.0%   0.0%   0.0%   0.0%   0.0%   0.0%   0.0%   0.0%   0.0% 	Avg.:  0.0% 
	  0.0%   0.0%   0.0%   0.0%   0.0%   0.0%   0.0%   0.0%   0.0%   0.0%   0.0%   0.0%   0.0%   0.0%   0.0%   0.0%   0.0%   0.0%   0.0%   0.0% 	Avg.:  0.0% 
	  0.0%   0.0%   0.0%   0.0%   0.0%   0.0%   0.0%   0.0%   0.0%   0.0%   0.0%   0.0%   0.0%   0.0%   0.0%   0.0%   0.0%   0.0%   0.0%   0.0% 	Avg.:  0.0% 
	  0.0%   0.0%   0.0%   0.0%   0.0%   0.0%   0.0%   0.0%   0.0%   0.0%   0.0%   0.0%   0.0%   0.0%   0.0%   0.0%   0.0%   0.0%   0.0%   0.0% 	Avg.:  0.0% 
	  0.0%   0.0%   0.0%   0.0%   0.0%   0.0%   0.0%   0.0%   0.0%   0.0%   0.0%   0.0%   0.0%   0.0%   0.0%   0.0%   0.0%   0.0%   0.0%   0.0% 	Avg.:  0.0% 
	  0.0%   0.0%   0.0%   0.0%   0.0%   0.0%   0.0%   0.0%   0.0%   0.0%   0.0%   0.0%   0.0%   0.0%   0.0%   0.0%   0.0%   0.0%   0.0%   0.0% 	Avg.:  0.0% 
	  0.0%   0.0%   0.0%   0.0%   0.0%   0.0%   0.0%   0.0%   0.0%   0.0%   0.0%   0.0%   0.0%   0.0%   0.0%   0.0%   0.0%   0.0%   0.0%   0.0% 	Avg.:  0.0% 
	  0.0%   0.0%   0.0%   0.0%   0.0%   0.0%   0.0%   0.0%   0.0%   0.0%   0.0%   0.0%   0.0%   0.0%   0.0%   0.0%   0.0%   0.0%   0.0%   0.0% 	Avg.:  0.0% 
	  0.0%   0.0%   0.0%   0.0%   0.0%   0.0%   0.0%   0.0%   0.0%   0.0%   0.0%   0.0%   0.0%   0.0%   0.0%   0.0%   0.0%   0.0%   0.0%   0.0% 	Avg.:  0.0% 
************************************************************************************************************
TAg Forg
	  0.0%   0.0%   0.0%   0.0%   0.0%   0.0%   0.0%   0.0%   0.0%   0.0%   0.0%   0.0%   0.0%   0.0%   0.0%   0.0%   0.0%   0.0%   0.0%   0.0% 
	 16.9%   0.0%   0.0%   0.0%   0.0%   0.0%   0.0%   0.0%   0.0%   0.0%   0.0%   0.0%   0.0%   0.0%   0.0%   0.0%   0.0%   0.0%   0.0%   0.0% 	Avg.: 16.9% 
	 39.3%  13.3%   0.0%   0.0%   0.0%   0.0%   0.0%   0.0%   0.0%   0.0%   0.0%   0.0%   0.0%   0.0%   0.0%   0.0%   0.0%   0.0%   0.0%   0.0% 	Avg.: 26.3% 
	 38.2%  21.5%  15.1%   0.0%   0.0%   0.0%   0.0%   0.0%   0.0%   0.0%   0.0%   0.0%   0.0%   0.0%   0.0%   0.0%   0.0%   0.0%   0.0%   0.0% 	Avg.: 24.9% 
	 49.6%  37.4%  38.8%  23.4%   0.0%   0.0%   0.0%   0.0%   0.0%   0.0%   0.0%   0.0%   0.0%   0.0%   0.0%   0.0%   0.0%   0.0%   0.0%   0.0% 	Avg.: 37.3% 
	 67.2%  45.6%  59.6%  49.8%  23.0%   0.0%   0.0%   0.0%   0.0%   0.0%   0.0%   0.0%   0.0%   0.0%   0.0%   0.0%   0.0%   0.0%   0.0%   0.0% 	Avg.: 49.0% 
	 77.0%  55.6%  68.7%  56.9%  38.2%  18.3%   0.0%   0.0%   0.0%   0.0%   0.0%   0.0%   0.0%   0.0%   0.0%   0.0%   0.0%   0.0%   0.0%   0.0% 	Avg.: 52.5% 
	 75.8%  56.6%  71.7%  58.5%  46.3%  22.9%   8.9%   0.0%   0.0%   0.0%   0.0%   0.0%   0.0%   0.0%   0.0%   0.0%   0.0%   0.0%   0.0%   0.0% 	Avg.: 48.7% 
	  0.0%   0.0%   0.0%   0.0%   0.0%   0.0%   0.0%   0.0%   0.0%   0.0%   0.0%   0.0%   0.0%   0.0%   0.0%   0.0%   0.0%   0.0%   0.0%   0.0% 	Avg.:  0.0% 
	  0.0%   0.0%   0.0%   0.0%   0.0%   0.0%   0.0%   0.0%   0.0%   0.0%   0.0%   0.0%   0.0%   0.0%   0.0%   0.0%   0.0%   0.0%   0.0%   0.0% 	Avg.:  0.0% 
	  0.0%   0.0%   0.0%   0.0%   0.0%   0.0%   0.0%   0.0%   0.0%   0.0%   0.0%   0.0%   0.0%   0.0%   0.0%   0.0%   0.0%   0.0%   0.0%   0.0% 	Avg.:  0.0% 
	  0.0%   0.0%   0.0%   0.0%   0.0%   0.0%   0.0%   0.0%   0.0%   0.0%   0.0%   0.0%   0.0%   0.0%   0.0%   0.0%   0.0%   0.0%   0.0%   0.0% 	Avg.:  0.0% 
	  0.0%   0.0%   0.0%   0.0%   0.0%   0.0%   0.0%   0.0%   0.0%   0.0%   0.0%   0.0%   0.0%   0.0%   0.0%   0.0%   0.0%   0.0%   0.0%   0.0% 	Avg.:  0.0% 
	  0.0%   0.0%   0.0%   0.0%   0.0%   0.0%   0.0%   0.0%   0.0%   0.0%   0.0%   0.0%   0.0%   0.0%   0.0%   0.0%   0.0%   0.0%   0.0%   0.0% 	Avg.:  0.0% 
	  0.0%   0.0%   0.0%   0.0%   0.0%   0.0%   0.0%   0.0%   0.0%   0.0%   0.0%   0.0%   0.0%   0.0%   0.0%   0.0%   0.0%   0.0%   0.0%   0.0% 	Avg.:  0.0% 
	  0.0%   0.0%   0.0%   0.0%   0.0%   0.0%   0.0%   0.0%   0.0%   0.0%   0.0%   0.0%   0.0%   0.0%   0.0%   0.0%   0.0%   0.0%   0.0%   0.0% 	Avg.:  0.0% 
	  0.0%   0.0%   0.0%   0.0%   0.0%   0.0%   0.0%   0.0%   0.0%   0.0%   0.0%   0.0%   0.0%   0.0%   0.0%   0.0%   0.0%   0.0%   0.0%   0.0% 	Avg.:  0.0% 
	  0.0%   0.0%   0.0%   0.0%   0.0%   0.0%   0.0%   0.0%   0.0%   0.0%   0.0%   0.0%   0.0%   0.0%   0.0%   0.0%   0.0%   0.0%   0.0%   0.0% 	Avg.:  0.0% 
	  0.0%   0.0%   0.0%   0.0%   0.0%   0.0%   0.0%   0.0%   0.0%   0.0%   0.0%   0.0%   0.0%   0.0%   0.0%   0.0%   0.0%   0.0%   0.0%   0.0% 	Avg.:  0.0% 
	  0.0%   0.0%   0.0%   0.0%   0.0%   0.0%   0.0%   0.0%   0.0%   0.0%   0.0%   0.0%   0.0%   0.0%   0.0%   0.0%   0.0%   0.0%   0.0%   0.0% 	Avg.:  0.0% 
************************************************************************************************************
[Elapsed time = 0.4 h]
Done!
