START_TASK=7 STOP_TASK=8
============================================================================================================
Arguments =
	approach: lucir
	batch_size: 64
	classes_first_task: None
	clipping: 10000
	crop: 224
	data_path: ../data/inat200
	dataset: inat200
	eval_on_train: False
	experiment_path: None
	fix_bn: False
	freeze_backbone: False
	gpu: 0
	gpus: [0]
	increment: 10
	last_layer_analysis: False
	log: ['disk']
	lr: 0.01
	lr_factor: None
	lr_min: 0.0001
	lr_patience: None
	lr_scheduler: cosine
	lr_warmup_epochs: 0
	momentum: 0.0
	multi_softmax: False
	nepochs: 90
	network: vit_small_patch16_224.augreg_in1k
	no_cudnn_deterministic: False
	normalize: in1k
	num_workers: 2
	optimizer_name: sgd
	pin_memory: False
	pretrained: True
	resize: 224
	results_path: ./results
	save_models: True
	seed: 0
	start_at_task: 7
	start_epoch: 0
	stop_at_task: 8
	stop_epoch: 0
	use_valid_only: False
	warmup_lr_factor: 1.0
	warmup_nepochs: 0
	weight_decay: 0.0
============================================================================================================
Approach arguments =
	K: 2
	dist: 0.5
	lamb: 5.0
	lamb_mr: 1.0
============================================================================================================
Exemplars arguments =
	exemplar_selection: random
	num_exemplars: 4000
============================================================================================================
WARNING: ./results/vit_small_patch16_224.augreg_in1k/inat200/lucir/10 already exists!
Loaded acc_taw from: ./results/vit_small_patch16_224.augreg_in1k/inat200/lucir/10/acc_taw-6.txt
Loaded acc_tag from: ./results/vit_small_patch16_224.augreg_in1k/inat200/lucir/10/acc_tag-6.txt
Loaded forg_taw from: ./results/vit_small_patch16_224.augreg_in1k/inat200/lucir/10/forg_taw-6.txt
Loaded forg_tag from: ./results/vit_small_patch16_224.augreg_in1k/inat200/lucir/10/forg_tag-6.txt
Restored CosineLinear heads from ./results/vit_small_patch16_224.augreg_in1k/inat200/lucir/10/task6_cosine_heads.pth
Loaded 4060 exemplars from ./results/vit_small_patch16_224.augreg_in1k/inat200/lucir/10/task6_exemplars.pth
************************************************************************************************************
Task  7  [epochs 0-90]
************************************************************************************************************
[params] total:21,696,385  trainable:21,669,505  tensors:159  trainable_tensors:152
| Epoch   1, time= 32.0s | Train: skip eval | Valid: time=  2.3s loss=2.250, TAw acc= 79.8% | * lr=1.0e-02
| Epoch   2, time= 35.3s | Train: skip eval | Valid: time=  2.1s loss=1.576, TAw acc= 88.0% | * lr=1.0e-02
| Epoch   3, time= 32.6s | Train: skip eval | Valid: time=  2.1s loss=1.536, TAw acc= 89.2% | * lr=1.0e-02
| Epoch   4, time= 36.1s | Train: skip eval | Valid: time=  2.0s loss=1.398, TAw acc= 90.2% | * lr=1.0e-02
| Epoch   5, time= 29.0s | Train: skip eval | Valid: time=  2.1s loss=1.473, TAw acc= 89.2% | lr=9.9e-03
| Epoch   6, time= 36.4s | Train: skip eval | Valid: time=  2.0s loss=1.328, TAw acc= 88.8% | * lr=9.9e-03
| Epoch   7, time= 33.4s | Train: skip eval | Valid: time=  2.1s loss=1.306, TAw acc= 88.5% | * lr=9.9e-03
| Epoch   8, time= 27.8s | Train: skip eval | Valid: time=  2.5s loss=1.319, TAw acc= 88.8% | lr=9.8e-03
| Epoch   9, time= 35.4s | Train: skip eval | Valid: time=  2.3s loss=1.278, TAw acc= 89.8% | * lr=9.8e-03
| Epoch  10, time= 31.0s | Train: skip eval | Valid: time=  2.3s loss=1.316, TAw acc= 89.2% | lr=9.7e-03
| Epoch  11, time= 34.4s | Train: skip eval | Valid: time=  2.0s loss=1.368, TAw acc= 89.5% | lr=9.6e-03
| Epoch  12, time= 28.9s | Train: skip eval | Valid: time=  2.5s loss=1.309, TAw acc= 89.5% | lr=9.6e-03
| Epoch  13, time= 33.4s | Train: skip eval | Valid: time=  2.0s loss=1.313, TAw acc= 89.0% | lr=9.5e-03
| Epoch  14, time= 30.4s | Train: skip eval | Valid: time=  2.4s loss=1.299, TAw acc= 89.2% | lr=9.4e-03
| Epoch  15, time= 28.9s | Train: skip eval | Valid: time=  2.5s loss=1.313, TAw acc= 90.8% | lr=9.3e-03
| Epoch  16, time= 34.0s | Train: skip eval | Valid: time=  2.5s loss=1.278, TAw acc= 91.2% | lr=9.2e-03
| Epoch  17, time= 32.3s | Train: skip eval | Valid: time=  2.1s loss=1.277, TAw acc= 90.2% | * lr=9.2e-03
| Epoch  18, time= 32.2s | Train: skip eval | Valid: time=  2.0s loss=1.283, TAw acc= 90.5% | lr=9.1e-03
| Epoch  19, time= 31.1s | Train: skip eval | Valid: time=  2.0s loss=1.309, TAw acc= 90.2% | lr=9.0e-03
| Epoch  20, time= 31.4s | Train: skip eval | Valid: time=  2.5s loss=1.314, TAw acc= 91.0% | lr=8.8e-03
| Epoch  21, time= 29.1s | Train: skip eval | Valid: time=  2.0s loss=1.278, TAw acc= 89.8% | lr=8.7e-03
| Epoch  22, time= 29.7s | Train: skip eval | Valid: time=  2.3s loss=1.352, TAw acc= 90.0% | lr=8.6e-03
| Epoch  23, time= 31.3s | Train: skip eval | Valid: time=  2.5s loss=1.264, TAw acc= 90.0% | * lr=8.5e-03
| Epoch  24, time= 35.4s | Train: skip eval | Valid: time=  2.0s loss=1.308, TAw acc= 90.5% | lr=8.4e-03
| Epoch  25, time= 32.4s | Train: skip eval | Valid: time=  2.0s loss=1.258, TAw acc= 90.5% | * lr=8.2e-03
| Epoch  26, time= 33.8s | Train: skip eval | Valid: time=  2.1s loss=1.292, TAw acc= 91.0% | lr=8.1e-03
| Epoch  27, time= 33.0s | Train: skip eval | Valid: time=  2.5s loss=1.250, TAw acc= 90.5% | * lr=8.0e-03
| Epoch  28, time= 33.6s | Train: skip eval | Valid: time=  2.5s loss=1.286, TAw acc= 90.8% | lr=7.8e-03
| Epoch  29, time= 28.3s | Train: skip eval | Valid: time=  2.0s loss=1.275, TAw acc= 90.8% | lr=7.7e-03
| Epoch  30, time= 34.4s | Train: skip eval | Valid: time=  2.0s loss=1.269, TAw acc= 90.2% | lr=7.5e-03
| Epoch  31, time= 32.1s | Train: skip eval | Valid: time=  2.0s loss=1.244, TAw acc= 91.0% | * lr=7.4e-03
| Epoch  32, time= 30.4s | Train: skip eval | Valid: time=  2.0s loss=1.245, TAw acc= 91.2% | lr=7.2e-03
| Epoch  33, time= 30.7s | Train: skip eval | Valid: time=  2.0s loss=1.246, TAw acc= 91.0% | lr=7.1e-03
| Epoch  34, time= 29.6s | Train: skip eval | Valid: time=  2.2s loss=1.227, TAw acc= 90.5% | * lr=6.9e-03
| Epoch  35, time= 32.4s | Train: skip eval | Valid: time=  2.0s loss=1.238, TAw acc= 91.0% | lr=6.7e-03
| Epoch  36, time= 33.4s | Train: skip eval | Valid: time=  2.0s loss=1.252, TAw acc= 90.8% | lr=6.6e-03
| Epoch  37, time= 33.7s | Train: skip eval | Valid: time=  2.4s loss=1.219, TAw acc= 91.2% | * lr=6.4e-03
| Epoch  38, time= 33.7s | Train: skip eval | Valid: time=  2.1s loss=1.220, TAw acc= 91.2% | lr=6.2e-03
| Epoch  39, time= 29.4s | Train: skip eval | Valid: time=  2.0s loss=1.235, TAw acc= 91.5% | lr=6.1e-03
| Epoch  40, time= 31.0s | Train: skip eval | Valid: time=  2.0s loss=1.229, TAw acc= 91.2% | lr=5.9e-03
| Epoch  41, time= 30.2s | Train: skip eval | Valid: time=  2.0s loss=1.224, TAw acc= 91.5% | lr=5.7e-03
| Epoch  42, time= 29.4s | Train: skip eval | Valid: time=  2.0s loss=1.218, TAw acc= 90.5% | * lr=5.6e-03
| Epoch  43, time= 30.3s | Train: skip eval | Valid: time=  2.0s loss=1.225, TAw acc= 91.8% | lr=5.4e-03
| Epoch  44, time= 33.6s | Train: skip eval | Valid: time=  2.1s loss=1.236, TAw acc= 91.8% | lr=5.2e-03
| Epoch  45, time= 32.4s | Train: skip eval | Valid: time=  2.0s loss=1.225, TAw acc= 92.0% | lr=5.1e-03
| Epoch  46, time= 33.6s | Train: skip eval | Valid: time=  2.2s loss=1.225, TAw acc= 92.8% | lr=4.9e-03
| Epoch  47, time= 32.1s | Train: skip eval | Valid: time=  2.1s loss=1.253, TAw acc= 91.8% | lr=4.7e-03
| Epoch  48, time= 32.4s | Train: skip eval | Valid: time=  2.3s loss=1.229, TAw acc= 91.2% | lr=4.5e-03
| Epoch  49, time= 37.1s | Train: skip eval | Valid: time=  2.1s loss=1.215, TAw acc= 91.8% | * lr=4.4e-03
| Epoch  50, time= 33.0s | Train: skip eval | Valid: time=  2.0s loss=1.209, TAw acc= 92.0% | * lr=4.2e-03
| Epoch  51, time= 35.7s | Train: skip eval | Valid: time=  2.1s loss=1.220, TAw acc= 92.0% | lr=4.0e-03
| Epoch  52, time= 31.3s | Train: skip eval | Valid: time=  2.0s loss=1.200, TAw acc= 91.2% | * lr=3.9e-03
| Epoch  53, time= 31.7s | Train: skip eval | Valid: time=  2.0s loss=1.205, TAw acc= 91.0% | lr=3.7e-03
| Epoch  54, time= 30.5s | Train: skip eval | Valid: time=  2.1s loss=1.218, TAw acc= 91.0% | lr=3.5e-03
| Epoch  55, time= 30.3s | Train: skip eval | Valid: time=  2.1s loss=1.201, TAw acc= 91.8% | lr=3.4e-03
| Epoch  56, time= 33.5s | Train: skip eval | Valid: time=  2.5s loss=1.198, TAw acc= 91.8% | * lr=3.2e-03
| Epoch  57, time= 32.6s | Train: skip eval | Valid: time=  2.5s loss=1.226, TAw acc= 92.0% | lr=3.0e-03
| Epoch  58, time= 33.9s | Train: skip eval | Valid: time=  2.1s loss=1.211, TAw acc= 92.0% | lr=2.9e-03
| Epoch  59, time= 30.3s | Train: skip eval | Valid: time=  2.5s loss=1.209, TAw acc= 92.0% | lr=2.7e-03
| Epoch  60, time= 30.5s | Train: skip eval | Valid: time=  2.5s loss=1.217, TAw acc= 91.8% | lr=2.6e-03
| Epoch  61, time= 30.3s | Train: skip eval | Valid: time=  2.1s loss=1.208, TAw acc= 91.8% | lr=2.4e-03
| Epoch  62, time= 29.5s | Train: skip eval | Valid: time=  2.4s loss=1.191, TAw acc= 92.0% | * lr=2.3e-03
| Epoch  63, time= 32.2s | Train: skip eval | Valid: time=  2.0s loss=1.198, TAw acc= 91.5% | lr=2.1e-03
| Epoch  64, time= 33.5s | Train: skip eval | Valid: time=  2.1s loss=1.191, TAw acc= 91.5% | lr=2.0e-03
| Epoch  65, time= 34.0s | Train: skip eval | Valid: time=  2.1s loss=1.199, TAw acc= 92.2% | lr=1.9e-03
| Epoch  66, time= 33.2s | Train: skip eval | Valid: time=  2.2s loss=1.198, TAw acc= 92.0% | lr=1.7e-03
| Epoch  67, time= 33.9s | Train: skip eval | Valid: time=  2.0s loss=1.202, TAw acc= 91.5% | lr=1.6e-03
| Epoch  68, time= 35.2s | Train: skip eval | Valid: time=  2.0s loss=1.198, TAw acc= 92.0% | lr=1.5e-03
| Epoch  69, time= 32.7s | Train: skip eval | Valid: time=  2.1s loss=1.208, TAw acc= 91.8% | lr=1.4e-03
| Epoch  70, time= 35.5s | Train: skip eval | Valid: time=  2.5s loss=1.202, TAw acc= 92.0% | lr=1.3e-03
| Epoch  71, time= 35.2s | Train: skip eval | Valid: time=  2.1s loss=1.191, TAw acc= 92.2% | lr=1.1e-03
| Epoch  72, time= 32.6s | Train: skip eval | Valid: time=  2.1s loss=1.192, TAw acc= 91.8% | lr=1.0e-03
| Epoch  73, time= 31.5s | Train: skip eval | Valid: time=  2.0s loss=1.191, TAw acc= 92.0% | * lr=9.5e-04
| Epoch  74, time= 29.3s | Train: skip eval | Valid: time=  2.2s loss=1.202, TAw acc= 92.0% | lr=8.5e-04
| Epoch  75, time= 30.3s | Train: skip eval | Valid: time=  2.0s loss=1.192, TAw acc= 92.8% | lr=7.6e-04
| Epoch  76, time= 30.9s | Train: skip eval | Valid: time=  2.1s loss=1.193, TAw acc= 92.0% | lr=6.8e-04
| Epoch  77, time= 34.7s | Train: skip eval | Valid: time=  2.1s loss=1.195, TAw acc= 92.2% | lr=6.0e-04
| Epoch  78, time= 34.7s | Train: skip eval | Valid: time=  2.0s loss=1.196, TAw acc= 92.0% | lr=5.3e-04
| Epoch  79, time= 35.2s | Train: skip eval | Valid: time=  2.0s loss=1.196, TAw acc= 92.0% | lr=4.6e-04
| Epoch  80, time= 29.1s | Train: skip eval | Valid: time=  2.1s loss=1.195, TAw acc= 92.2% | lr=4.0e-04
| Epoch  81, time= 34.2s | Train: skip eval | Valid: time=  2.0s loss=1.195, TAw acc= 92.0% | lr=3.4e-04
| Epoch  82, time= 32.4s | Train: skip eval | Valid: time=  2.1s loss=1.195, TAw acc= 91.8% | lr=2.9e-04
| Epoch  83, time= 32.6s | Train: skip eval | Valid: time=  2.0s loss=1.195, TAw acc= 91.8% | lr=2.5e-04
| Epoch  84, time= 32.2s | Train: skip eval | Valid: time=  2.3s loss=1.193, TAw acc= 92.0% | lr=2.1e-04
| Epoch  85, time= 33.4s | Train: skip eval | Valid: time=  2.0s loss=1.194, TAw acc= 92.2% | lr=1.8e-04
| Epoch  86, time= 32.6s | Train: skip eval | Valid: time=  2.0s loss=1.192, TAw acc= 91.8% | lr=1.5e-04
| Epoch  87, time= 31.3s | Train: skip eval | Valid: time=  2.0s loss=1.194, TAw acc= 91.8% | lr=1.3e-04
| Epoch  88, time= 31.2s | Train: skip eval | Valid: time=  2.3s loss=1.193, TAw acc= 92.0% | lr=1.1e-04
| Epoch  89, time= 34.1s | Train: skip eval | Valid: time=  2.0s loss=1.193, TAw acc= 92.0% | lr=1.0e-04
| Epoch  90, time= 30.1s | Train: skip eval | Valid: time=  2.4s loss=1.193, TAw acc= 92.0% | lr=1.0e-04
| Selected 4000 train exemplars, time=  4.1s
------------------------------------------------------------------------------------------------------------
>>> Test on task  0 : loss=1.645 | TAw acc= 92.7%, forg=  1.1% | TAg acc= 64.8%, forg= 27.2% <<<
>>> Test on task  1 : loss=1.884 | TAw acc= 89.4%, forg=  0.4% | TAg acc= 66.6%, forg= 11.6% <<<
>>> Test on task  2 : loss=1.541 | TAw acc= 94.2%, forg= -0.5% | TAg acc= 71.6%, forg=  7.3% <<<
>>> Test on task  3 : loss=1.742 | TAw acc= 88.2%, forg=  0.2% | TAg acc= 61.8%, forg=  7.6% <<<
>>> Test on task  4 : loss=1.616 | TAw acc= 88.0%, forg=  1.1% | TAg acc= 66.5%, forg=  6.4% <<<
>>> Test on task  5 : loss=1.492 | TAw acc= 86.1%, forg=  0.4% | TAg acc= 69.1%, forg=  2.3% <<<
>>> Test on task  6 : loss=1.247 | TAw acc= 90.8%, forg=  0.1% | TAg acc= 75.2%, forg=  0.5% <<<
>>> Test on task  7 : loss=0.990 | TAw acc= 87.7%, forg=  0.0% | TAg acc= 71.6%, forg=  0.0% <<<
Save at ./results/./results/vit_small_patch16_224.augreg_in1k/inat200/lucir/10
************************************************************************************************************
TAw Acc
	 92.0%   0.0%   0.0%   0.0%   0.0%   0.0%   0.0%   0.0%   0.0%   0.0%   0.0%   0.0%   0.0%   0.0%   0.0%   0.0%   0.0%   0.0%   0.0%   0.0% 	Avg.: 92.0% 
	 92.9%  87.4%   0.0%   0.0%   0.0%   0.0%   0.0%   0.0%   0.0%   0.0%   0.0%   0.0%   0.0%   0.0%   0.0%   0.0%   0.0%   0.0%   0.0%   0.0% 	Avg.: 90.2% 
	 93.3%  89.4%  91.2%   0.0%   0.0%   0.0%   0.0%   0.0%   0.0%   0.0%   0.0%   0.0%   0.0%   0.0%   0.0%   0.0%   0.0%   0.0%   0.0%   0.0% 	Avg.: 91.3% 
	 93.5%  89.6%  92.9%  86.9%   0.0%   0.0%   0.0%   0.0%   0.0%   0.0%   0.0%   0.0%   0.0%   0.0%   0.0%   0.0%   0.0%   0.0%   0.0%   0.0% 	Avg.: 90.7% 
	 93.8%  89.8%  92.3%  88.0%  87.7%   0.0%   0.0%   0.0%   0.0%   0.0%   0.0%   0.0%   0.0%   0.0%   0.0%   0.0%   0.0%   0.0%   0.0%   0.0% 	Avg.: 90.3% 
	 93.3%  89.0%  93.3%  87.4%  88.5%  86.4%   0.0%   0.0%   0.0%   0.0%   0.0%   0.0%   0.0%   0.0%   0.0%   0.0%   0.0%   0.0%   0.0%   0.0% 	Avg.: 89.7% 
	 93.2%  89.6%  93.7%  88.4%  89.1%  86.5%  90.9%   0.0%   0.0%   0.0%   0.0%   0.0%   0.0%   0.0%   0.0%   0.0%   0.0%   0.0%   0.0%   0.0% 	Avg.: 90.2% 
	 92.7%  89.4%  94.2%  88.2%  88.0%  86.1%  90.8%  87.7%   0.0%   0.0%   0.0%   0.0%   0.0%   0.0%   0.0%   0.0%   0.0%   0.0%   0.0%   0.0% 	Avg.: 89.6% 
	  0.0%   0.0%   0.0%   0.0%   0.0%   0.0%   0.0%   0.0%   0.0%   0.0%   0.0%   0.0%   0.0%   0.0%   0.0%   0.0%   0.0%   0.0%   0.0%   0.0% 	Avg.:  0.0% 
	  0.0%   0.0%   0.0%   0.0%   0.0%   0.0%   0.0%   0.0%   0.0%   0.0%   0.0%   0.0%   0.0%   0.0%   0.0%   0.0%   0.0%   0.0%   0.0%   0.0% 	Avg.:  0.0% 
	  0.0%   0.0%   0.0%   0.0%   0.0%   0.0%   0.0%   0.0%   0.0%   0.0%   0.0%   0.0%   0.0%   0.0%   0.0%   0.0%   0.0%   0.0%   0.0%   0.0% 	Avg.:  0.0% 
	  0.0%   0.0%   0.0%   0.0%   0.0%   0.0%   0.0%   0.0%   0.0%   0.0%   0.0%   0.0%   0.0%   0.0%   0.0%   0.0%   0.0%   0.0%   0.0%   0.0% 	Avg.:  0.0% 
	  0.0%   0.0%   0.0%   0.0%   0.0%   0.0%   0.0%   0.0%   0.0%   0.0%   0.0%   0.0%   0.0%   0.0%   0.0%   0.0%   0.0%   0.0%   0.0%   0.0% 	Avg.:  0.0% 
	  0.0%   0.0%   0.0%   0.0%   0.0%   0.0%   0.0%   0.0%   0.0%   0.0%   0.0%   0.0%   0.0%   0.0%   0.0%   0.0%   0.0%   0.0%   0.0%   0.0% 	Avg.:  0.0% 
	  0.0%   0.0%   0.0%   0.0%   0.0%   0.0%   0.0%   0.0%   0.0%   0.0%   0.0%   0.0%   0.0%   0.0%   0.0%   0.0%   0.0%   0.0%   0.0%   0.0% 	Avg.:  0.0% 
	  0.0%   0.0%   0.0%   0.0%   0.0%   0.0%   0.0%   0.0%   0.0%   0.0%   0.0%   0.0%   0.0%   0.0%   0.0%   0.0%   0.0%   0.0%   0.0%   0.0% 	Avg.:  0.0% 
	  0.0%   0.0%   0.0%   0.0%   0.0%   0.0%   0.0%   0.0%   0.0%   0.0%   0.0%   0.0%   0.0%   0.0%   0.0%   0.0%   0.0%   0.0%   0.0%   0.0% 	Avg.:  0.0% 
	  0.0%   0.0%   0.0%   0.0%   0.0%   0.0%   0.0%   0.0%   0.0%   0.0%   0.0%   0.0%   0.0%   0.0%   0.0%   0.0%   0.0%   0.0%   0.0%   0.0% 	Avg.:  0.0% 
	  0.0%   0.0%   0.0%   0.0%   0.0%   0.0%   0.0%   0.0%   0.0%   0.0%   0.0%   0.0%   0.0%   0.0%   0.0%   0.0%   0.0%   0.0%   0.0%   0.0% 	Avg.:  0.0% 
	  0.0%   0.0%   0.0%   0.0%   0.0%   0.0%   0.0%   0.0%   0.0%   0.0%   0.0%   0.0%   0.0%   0.0%   0.0%   0.0%   0.0%   0.0%   0.0%   0.0% 	Avg.:  0.0% 
************************************************************************************************************
TAg Acc
	 92.0%   0.0%   0.0%   0.0%   0.0%   0.0%   0.0%   0.0%   0.0%   0.0%   0.0%   0.0%   0.0%   0.0%   0.0%   0.0%   0.0%   0.0%   0.0%   0.0% 	Avg.: 92.0% 
	 91.5%  68.2%   0.0%   0.0%   0.0%   0.0%   0.0%   0.0%   0.0%   0.0%   0.0%   0.0%   0.0%   0.0%   0.0%   0.0%   0.0%   0.0%   0.0%   0.0% 	Avg.: 79.8% 
	 89.0%  78.2%  70.8%   0.0%   0.0%   0.0%   0.0%   0.0%   0.0%   0.0%   0.0%   0.0%   0.0%   0.0%   0.0%   0.0%   0.0%   0.0%   0.0%   0.0% 	Avg.: 79.3% 
	 85.6%  74.8%  77.8%  69.0%   0.0%   0.0%   0.0%   0.0%   0.0%   0.0%   0.0%   0.0%   0.0%   0.0%   0.0%   0.0%   0.0%   0.0%   0.0%   0.0% 	Avg.: 76.8% 
	 80.7%  72.3%  78.9%  69.4%  71.2%   0.0%   0.0%   0.0%   0.0%   0.0%   0.0%   0.0%   0.0%   0.0%   0.0%   0.0%   0.0%   0.0%   0.0%   0.0% 	Avg.: 74.5% 
	 74.0%  70.9%  77.3%  66.2%  70.2%  71.4%   0.0%   0.0%   0.0%   0.0%   0.0%   0.0%   0.0%   0.0%   0.0%   0.0%   0.0%   0.0%   0.0%   0.0% 	Avg.: 71.7% 
	 68.7%  68.2%  75.8%  64.7%  72.9%  70.3%  75.7%   0.0%   0.0%   0.0%   0.0%   0.0%   0.0%   0.0%   0.0%   0.0%   0.0%   0.0%   0.0%   0.0% 	Avg.: 70.9% 
	 64.8%  66.6%  71.6%  61.8%  66.5%  69.1%  75.2%  71.6%   0.0%   0.0%   0.0%   0.0%   0.0%   0.0%   0.0%   0.0%   0.0%   0.0%   0.0%   0.0% 	Avg.: 68.4% 
	  0.0%   0.0%   0.0%   0.0%   0.0%   0.0%   0.0%   0.0%   0.0%   0.0%   0.0%   0.0%   0.0%   0.0%   0.0%   0.0%   0.0%   0.0%   0.0%   0.0% 	Avg.:  0.0% 
	  0.0%   0.0%   0.0%   0.0%   0.0%   0.0%   0.0%   0.0%   0.0%   0.0%   0.0%   0.0%   0.0%   0.0%   0.0%   0.0%   0.0%   0.0%   0.0%   0.0% 	Avg.:  0.0% 
	  0.0%   0.0%   0.0%   0.0%   0.0%   0.0%   0.0%   0.0%   0.0%   0.0%   0.0%   0.0%   0.0%   0.0%   0.0%   0.0%   0.0%   0.0%   0.0%   0.0% 	Avg.:  0.0% 
	  0.0%   0.0%   0.0%   0.0%   0.0%   0.0%   0.0%   0.0%   0.0%   0.0%   0.0%   0.0%   0.0%   0.0%   0.0%   0.0%   0.0%   0.0%   0.0%   0.0% 	Avg.:  0.0% 
	  0.0%   0.0%   0.0%   0.0%   0.0%   0.0%   0.0%   0.0%   0.0%   0.0%   0.0%   0.0%   0.0%   0.0%   0.0%   0.0%   0.0%   0.0%   0.0%   0.0% 	Avg.:  0.0% 
	  0.0%   0.0%   0.0%   0.0%   0.0%   0.0%   0.0%   0.0%   0.0%   0.0%   0.0%   0.0%   0.0%   0.0%   0.0%   0.0%   0.0%   0.0%   0.0%   0.0% 	Avg.:  0.0% 
	  0.0%   0.0%   0.0%   0.0%   0.0%   0.0%   0.0%   0.0%   0.0%   0.0%   0.0%   0.0%   0.0%   0.0%   0.0%   0.0%   0.0%   0.0%   0.0%   0.0% 	Avg.:  0.0% 
	  0.0%   0.0%   0.0%   0.0%   0.0%   0.0%   0.0%   0.0%   0.0%   0.0%   0.0%   0.0%   0.0%   0.0%   0.0%   0.0%   0.0%   0.0%   0.0%   0.0% 	Avg.:  0.0% 
	  0.0%   0.0%   0.0%   0.0%   0.0%   0.0%   0.0%   0.0%   0.0%   0.0%   0.0%   0.0%   0.0%   0.0%   0.0%   0.0%   0.0%   0.0%   0.0%   0.0% 	Avg.:  0.0% 
	  0.0%   0.0%   0.0%   0.0%   0.0%   0.0%   0.0%   0.0%   0.0%   0.0%   0.0%   0.0%   0.0%   0.0%   0.0%   0.0%   0.0%   0.0%   0.0%   0.0% 	Avg.:  0.0% 
	  0.0%   0.0%   0.0%   0.0%   0.0%   0.0%   0.0%   0.0%   0.0%   0.0%   0.0%   0.0%   0.0%   0.0%   0.0%   0.0%   0.0%   0.0%   0.0%   0.0% 	Avg.:  0.0% 
	  0.0%   0.0%   0.0%   0.0%   0.0%   0.0%   0.0%   0.0%   0.0%   0.0%   0.0%   0.0%   0.0%   0.0%   0.0%   0.0%   0.0%   0.0%   0.0%   0.0% 	Avg.:  0.0% 
************************************************************************************************************
TAw Forg
	  0.0%   0.0%   0.0%   0.0%   0.0%   0.0%   0.0%   0.0%   0.0%   0.0%   0.0%   0.0%   0.0%   0.0%   0.0%   0.0%   0.0%   0.0%   0.0%   0.0% 
	 -0.9%   0.0%   0.0%   0.0%   0.0%   0.0%   0.0%   0.0%   0.0%   0.0%   0.0%   0.0%   0.0%   0.0%   0.0%   0.0%   0.0%   0.0%   0.0%   0.0% 	Avg.: -0.9% 
	 -0.4%  -2.0%   0.0%   0.0%   0.0%   0.0%   0.0%   0.0%   0.0%   0.0%   0.0%   0.0%   0.0%   0.0%   0.0%   0.0%   0.0%   0.0%   0.0%   0.0% 	Avg.: -1.2% 
	 -0.2%  -0.2%  -1.7%   0.0%   0.0%   0.0%   0.0%   0.0%   0.0%   0.0%   0.0%   0.0%   0.0%   0.0%   0.0%   0.0%   0.0%   0.0%   0.0%   0.0% 	Avg.: -0.7% 
	 -0.3%  -0.2%   0.6%  -1.1%   0.0%   0.0%   0.0%   0.0%   0.0%   0.0%   0.0%   0.0%   0.0%   0.0%   0.0%   0.0%   0.0%   0.0%   0.0%   0.0% 	Avg.: -0.2% 
	  0.5%   0.8%  -0.4%   0.6%  -0.8%   0.0%   0.0%   0.0%   0.0%   0.0%   0.0%   0.0%   0.0%   0.0%   0.0%   0.0%   0.0%   0.0%   0.0%   0.0% 	Avg.:  0.1% 
	  0.6%   0.2%  -0.4%  -0.4%  -0.6%  -0.1%   0.0%   0.0%   0.0%   0.0%   0.0%   0.0%   0.0%   0.0%   0.0%   0.0%   0.0%   0.0%   0.0%   0.0% 	Avg.: -0.1% 
	  1.1%   0.4%  -0.5%   0.2%   1.1%   0.4%   0.1%   0.0%   0.0%   0.0%   0.0%   0.0%   0.0%   0.0%   0.0%   0.0%   0.0%   0.0%   0.0%   0.0% 	Avg.:  0.4% 
	  0.0%   0.0%   0.0%   0.0%   0.0%   0.0%   0.0%   0.0%   0.0%   0.0%   0.0%   0.0%   0.0%   0.0%   0.0%   0.0%   0.0%   0.0%   0.0%   0.0% 	Avg.:  0.0% 
	  0.0%   0.0%   0.0%   0.0%   0.0%   0.0%   0.0%   0.0%   0.0%   0.0%   0.0%   0.0%   0.0%   0.0%   0.0%   0.0%   0.0%   0.0%   0.0%   0.0% 	Avg.:  0.0% 
	  0.0%   0.0%   0.0%   0.0%   0.0%   0.0%   0.0%   0.0%   0.0%   0.0%   0.0%   0.0%   0.0%   0.0%   0.0%   0.0%   0.0%   0.0%   0.0%   0.0% 	Avg.:  0.0% 
	  0.0%   0.0%   0.0%   0.0%   0.0%   0.0%   0.0%   0.0%   0.0%   0.0%   0.0%   0.0%   0.0%   0.0%   0.0%   0.0%   0.0%   0.0%   0.0%   0.0% 	Avg.:  0.0% 
	  0.0%   0.0%   0.0%   0.0%   0.0%   0.0%   0.0%   0.0%   0.0%   0.0%   0.0%   0.0%   0.0%   0.0%   0.0%   0.0%   0.0%   0.0%   0.0%   0.0% 	Avg.:  0.0% 
	  0.0%   0.0%   0.0%   0.0%   0.0%   0.0%   0.0%   0.0%   0.0%   0.0%   0.0%   0.0%   0.0%   0.0%   0.0%   0.0%   0.0%   0.0%   0.0%   0.0% 	Avg.:  0.0% 
	  0.0%   0.0%   0.0%   0.0%   0.0%   0.0%   0.0%   0.0%   0.0%   0.0%   0.0%   0.0%   0.0%   0.0%   0.0%   0.0%   0.0%   0.0%   0.0%   0.0% 	Avg.:  0.0% 
	  0.0%   0.0%   0.0%   0.0%   0.0%   0.0%   0.0%   0.0%   0.0%   0.0%   0.0%   0.0%   0.0%   0.0%   0.0%   0.0%   0.0%   0.0%   0.0%   0.0% 	Avg.:  0.0% 
	  0.0%   0.0%   0.0%   0.0%   0.0%   0.0%   0.0%   0.0%   0.0%   0.0%   0.0%   0.0%   0.0%   0.0%   0.0%   0.0%   0.0%   0.0%   0.0%   0.0% 	Avg.:  0.0% 
	  0.0%   0.0%   0.0%   0.0%   0.0%   0.0%   0.0%   0.0%   0.0%   0.0%   0.0%   0.0%   0.0%   0.0%   0.0%   0.0%   0.0%   0.0%   0.0%   0.0% 	Avg.:  0.0% 
	  0.0%   0.0%   0.0%   0.0%   0.0%   0.0%   0.0%   0.0%   0.0%   0.0%   0.0%   0.0%   0.0%   0.0%   0.0%   0.0%   0.0%   0.0%   0.0%   0.0% 	Avg.:  0.0% 
	  0.0%   0.0%   0.0%   0.0%   0.0%   0.0%   0.0%   0.0%   0.0%   0.0%   0.0%   0.0%   0.0%   0.0%   0.0%   0.0%   0.0%   0.0%   0.0%   0.0% 	Avg.:  0.0% 
************************************************************************************************************
TAg Forg
	  0.0%   0.0%   0.0%   0.0%   0.0%   0.0%   0.0%   0.0%   0.0%   0.0%   0.0%   0.0%   0.0%   0.0%   0.0%   0.0%   0.0%   0.0%   0.0%   0.0% 
	  0.5%   0.0%   0.0%   0.0%   0.0%   0.0%   0.0%   0.0%   0.0%   0.0%   0.0%   0.0%   0.0%   0.0%   0.0%   0.0%   0.0%   0.0%   0.0%   0.0% 	Avg.:  0.5% 
	  3.0% -10.0%   0.0%   0.0%   0.0%   0.0%   0.0%   0.0%   0.0%   0.0%   0.0%   0.0%   0.0%   0.0%   0.0%   0.0%   0.0%   0.0%   0.0%   0.0% 	Avg.: -3.5% 
	  6.4%   3.4%  -7.0%   0.0%   0.0%   0.0%   0.0%   0.0%   0.0%   0.0%   0.0%   0.0%   0.0%   0.0%   0.0%   0.0%   0.0%   0.0%   0.0%   0.0% 	Avg.:  0.9% 
	 11.3%   5.9%  -1.1%  -0.4%   0.0%   0.0%   0.0%   0.0%   0.0%   0.0%   0.0%   0.0%   0.0%   0.0%   0.0%   0.0%   0.0%   0.0%   0.0%   0.0% 	Avg.:  3.9% 
	 18.0%   7.3%   1.6%   3.2%   1.0%   0.0%   0.0%   0.0%   0.0%   0.0%   0.0%   0.0%   0.0%   0.0%   0.0%   0.0%   0.0%   0.0%   0.0%   0.0% 	Avg.:  6.2% 
	 23.3%  10.0%   3.1%   4.7%  -1.7%   1.1%   0.0%   0.0%   0.0%   0.0%   0.0%   0.0%   0.0%   0.0%   0.0%   0.0%   0.0%   0.0%   0.0%   0.0% 	Avg.:  6.8% 
	 27.2%  11.6%   7.3%   7.6%   6.4%   2.3%   0.5%   0.0%   0.0%   0.0%   0.0%   0.0%   0.0%   0.0%   0.0%   0.0%   0.0%   0.0%   0.0%   0.0% 	Avg.:  9.0% 
	  0.0%   0.0%   0.0%   0.0%   0.0%   0.0%   0.0%   0.0%   0.0%   0.0%   0.0%   0.0%   0.0%   0.0%   0.0%   0.0%   0.0%   0.0%   0.0%   0.0% 	Avg.:  0.0% 
	  0.0%   0.0%   0.0%   0.0%   0.0%   0.0%   0.0%   0.0%   0.0%   0.0%   0.0%   0.0%   0.0%   0.0%   0.0%   0.0%   0.0%   0.0%   0.0%   0.0% 	Avg.:  0.0% 
	  0.0%   0.0%   0.0%   0.0%   0.0%   0.0%   0.0%   0.0%   0.0%   0.0%   0.0%   0.0%   0.0%   0.0%   0.0%   0.0%   0.0%   0.0%   0.0%   0.0% 	Avg.:  0.0% 
	  0.0%   0.0%   0.0%   0.0%   0.0%   0.0%   0.0%   0.0%   0.0%   0.0%   0.0%   0.0%   0.0%   0.0%   0.0%   0.0%   0.0%   0.0%   0.0%   0.0% 	Avg.:  0.0% 
	  0.0%   0.0%   0.0%   0.0%   0.0%   0.0%   0.0%   0.0%   0.0%   0.0%   0.0%   0.0%   0.0%   0.0%   0.0%   0.0%   0.0%   0.0%   0.0%   0.0% 	Avg.:  0.0% 
	  0.0%   0.0%   0.0%   0.0%   0.0%   0.0%   0.0%   0.0%   0.0%   0.0%   0.0%   0.0%   0.0%   0.0%   0.0%   0.0%   0.0%   0.0%   0.0%   0.0% 	Avg.:  0.0% 
	  0.0%   0.0%   0.0%   0.0%   0.0%   0.0%   0.0%   0.0%   0.0%   0.0%   0.0%   0.0%   0.0%   0.0%   0.0%   0.0%   0.0%   0.0%   0.0%   0.0% 	Avg.:  0.0% 
	  0.0%   0.0%   0.0%   0.0%   0.0%   0.0%   0.0%   0.0%   0.0%   0.0%   0.0%   0.0%   0.0%   0.0%   0.0%   0.0%   0.0%   0.0%   0.0%   0.0% 	Avg.:  0.0% 
	  0.0%   0.0%   0.0%   0.0%   0.0%   0.0%   0.0%   0.0%   0.0%   0.0%   0.0%   0.0%   0.0%   0.0%   0.0%   0.0%   0.0%   0.0%   0.0%   0.0% 	Avg.:  0.0% 
	  0.0%   0.0%   0.0%   0.0%   0.0%   0.0%   0.0%   0.0%   0.0%   0.0%   0.0%   0.0%   0.0%   0.0%   0.0%   0.0%   0.0%   0.0%   0.0%   0.0% 	Avg.:  0.0% 
	  0.0%   0.0%   0.0%   0.0%   0.0%   0.0%   0.0%   0.0%   0.0%   0.0%   0.0%   0.0%   0.0%   0.0%   0.0%   0.0%   0.0%   0.0%   0.0%   0.0% 	Avg.:  0.0% 
	  0.0%   0.0%   0.0%   0.0%   0.0%   0.0%   0.0%   0.0%   0.0%   0.0%   0.0%   0.0%   0.0%   0.0%   0.0%   0.0%   0.0%   0.0%   0.0%   0.0% 	Avg.:  0.0% 
************************************************************************************************************
[Elapsed time = 0.9 h]
Done!
