START_TASK=8 STOP_TASK=9 START_EPOCH=51 STOP_EPOCH=70
============================================================================================================
Arguments =
	all_outputs: False
	approach: joint
	batch_size: 64
	classes_first_task: None
	clipping: 10000
	crop: 224
	data_path: ../data/food101
	dataset: food101
	eval_on_train: False
	experiment_path: None
	fix_bn: False
	freeze_backbone: False
	gpu: 0
	gpus: [0]
	increment: 10
	last_layer_analysis: False
	log: ['disk']
	lr: 0.01
	lr_factor: None
	lr_min: 0.0001
	lr_patience: None
	lr_scheduler: cosine
	lr_warmup_epochs: 0
	momentum: 0.0
	multi_softmax: False
	nepochs: 70
	network: resnet50.a1_in1k
	no_cudnn_deterministic: False
	normalize: in1k
	num_workers: 2
	optimizer_name: sgd
	pin_memory: False
	pretrained: True
	resize: 224
	results_path: ./results
	save_models: True
	seed: 0
	start_at_task: 8
	start_epoch: 51
	stop_at_task: 9
	stop_epoch: 70
	use_valid_only: False
	warmup_lr_factor: 1.0
	warmup_nepochs: 0
	weight_decay: 0.0
============================================================================================================
Approach arguments =
============================================================================================================
Exemplars arguments =
============================================================================================================
WARNING: ./results/resnet50.a1_in1k/food101/joint/10 already exists!
Loaded acc_taw from: ./results/resnet50.a1_in1k/food101/joint/10/acc_taw-7.txt
Loaded acc_tag from: ./results/resnet50.a1_in1k/food101/joint/10/acc_tag-7.txt
Loaded forg_taw from: ./results/resnet50.a1_in1k/food101/joint/10/forg_taw-7.txt
Loaded forg_tag from: ./results/resnet50.a1_in1k/food101/joint/10/forg_tag-7.txt
[joint] Loaded accumulated datasets up to task 8 from ./results/resnet50.a1_in1k/food101/joint/10/joint_progress
************************************************************************************************************
Task  8  [epochs 51-70]
************************************************************************************************************
[params] total:23,692,442  trainable:23,692,442  tensors:177  trainable_tensors:177
| Epoch  52, time=216.4s | Train: skip eval | Valid: time= 20.9s loss=1.065, TAw acc= 91.6% | lr=1.6e-03
| Epoch  53, time=214.1s | Train: skip eval | Valid: time= 20.7s loss=1.027, TAw acc= 91.8% | lr=1.5e-03
| Epoch  54, time=212.5s | Train: skip eval | Valid: time= 23.1s loss=1.024, TAw acc= 91.7% | lr=1.3e-03
| Epoch  55, time=215.8s | Train: skip eval | Valid: time= 20.9s loss=1.007, TAw acc= 91.9% | lr=1.2e-03
| Epoch  56, time=214.5s | Train: skip eval | Valid: time= 20.7s loss=0.989, TAw acc= 91.9% | lr=1.0e-03
| Epoch  57, time=209.1s | Train: skip eval | Valid: time= 20.7s loss=0.998, TAw acc= 91.8% | lr=9.2e-04
| Epoch  58, time=214.3s | Train: skip eval | Valid: time= 20.9s loss=0.977, TAw acc= 92.0% | lr=8.0e-04
| Epoch  59, time=210.3s | Train: skip eval | Valid: time= 20.4s loss=0.982, TAw acc= 91.9% | lr=6.9e-04
| Epoch  60, time=210.6s | Train: skip eval | Valid: time= 20.9s loss=0.982, TAw acc= 91.9% | lr=5.9e-04
| Epoch  61, time=212.7s | Train: skip eval | Valid: time= 21.8s loss=0.976, TAw acc= 91.9% | lr=5.0e-04
| Epoch  62, time=220.5s | Train: skip eval | Valid: time= 20.1s loss=0.972, TAw acc= 92.1% | lr=4.2e-04
| Epoch  63, time=218.2s | Train: skip eval | Valid: time= 20.3s loss=0.959, TAw acc= 92.0% | lr=3.4e-04
| Epoch  64, time=216.7s | Train: skip eval | Valid: time= 20.9s loss=0.980, TAw acc= 91.9% | lr=2.8e-04
| Epoch  65, time=214.3s | Train: skip eval | Valid: time= 22.8s loss=0.973, TAw acc= 91.9% | lr=2.2e-04
| Epoch  66, time=213.7s | Train: skip eval | Valid: time= 20.5s loss=0.967, TAw acc= 92.3% | lr=1.8e-04
| Epoch  67, time=213.4s | Train: skip eval | Valid: time= 20.3s loss=0.982, TAw acc= 91.9% | lr=1.4e-04
| Epoch  68, time=219.2s | Train: skip eval | Valid: time= 20.4s loss=0.968, TAw acc= 91.8% | lr=1.2e-04
| Epoch  69, time=211.7s | Train: skip eval | Valid: time= 20.9s loss=0.960, TAw acc= 92.0% | lr=1.0e-04
| Epoch  70, time=221.0s | Train: skip eval | Valid: time= 20.3s loss=0.968, TAw acc= 92.0% | lr=1.0e-04
------------------------------------------------------------------------------------------------------------
>>> Test on task  0 : loss=0.678 | TAw acc= 95.5%, forg=  0.0% | TAg acc= 80.4%, forg=  6.1% <<<
>>> Test on task  1 : loss=0.580 | TAw acc= 97.2%, forg=  0.1% | TAg acc= 84.8%, forg=  1.8% <<<
>>> Test on task  2 : loss=0.603 | TAw acc= 95.2%, forg=  0.4% | TAg acc= 83.3%, forg=  2.3% <<<
>>> Test on task  3 : loss=0.491 | TAw acc= 96.6%, forg= -0.2% | TAg acc= 86.3%, forg=  0.5% <<<
>>> Test on task  4 : loss=0.699 | TAw acc= 95.3%, forg= -0.4% | TAg acc= 81.3%, forg=  0.4% <<<
>>> Test on task  5 : loss=0.723 | TAw acc= 94.4%, forg=  0.5% | TAg acc= 80.4%, forg=  0.7% <<<
>>> Test on task  6 : loss=0.762 | TAw acc= 94.0%, forg= -0.7% | TAg acc= 78.2%, forg= -0.4% <<<
>>> Test on task  7 : loss=0.765 | TAw acc= 94.7%, forg= -0.3% | TAg acc= 76.6%, forg=  3.0% <<<
>>> Test on task  8 : loss=0.802 | TAw acc= 93.5%, forg=  0.0% | TAg acc= 77.8%, forg=  0.0% <<<
Save at ./results/./results/resnet50.a1_in1k/food101/joint/10
[joint] Saved accumulated datasets up to task 8 → ./results/resnet50.a1_in1k/food101/joint/10/joint_progress
************************************************************************************************************
TAw Acc
	 86.1%   0.0%   0.0%   0.0%   0.0%   0.0%   0.0%   0.0%   0.0%   0.0% 	Avg.: 86.1% 
	 91.0%  92.3%   0.0%   0.0%   0.0%   0.0%   0.0%   0.0%   0.0%   0.0% 	Avg.: 91.6% 
	 92.7%  94.4%  89.8%   0.0%   0.0%   0.0%   0.0%   0.0%   0.0%   0.0% 	Avg.: 92.3% 
	 93.5%  96.0%  92.3%  92.9%   0.0%   0.0%   0.0%   0.0%   0.0%   0.0% 	Avg.: 93.7% 
	 94.6%  96.6%  93.8%  94.7%  92.6%   0.0%   0.0%   0.0%   0.0%   0.0% 	Avg.: 94.5% 
	 94.8%  96.8%  94.6%  95.3%  93.5%  92.9%   0.0%   0.0%   0.0%   0.0% 	Avg.: 94.7% 
	 95.0%  97.2%  94.3%  96.0%  94.9%  94.0%  91.8%   0.0%   0.0%   0.0% 	Avg.: 94.7% 
	 95.5%  97.3%  95.5%  96.4%  94.7%  94.8%  93.4%  94.4%   0.0%   0.0% 	Avg.: 95.3% 
	 95.5%  97.2%  95.2%  96.6%  95.3%  94.4%  94.0%  94.7%  93.5%   0.0% 	Avg.: 95.1% 
	  0.0%   0.0%   0.0%   0.0%   0.0%   0.0%   0.0%   0.0%   0.0%   0.0% 	Avg.:  0.0% 
************************************************************************************************************
TAg Acc
	 86.1%   0.0%   0.0%   0.0%   0.0%   0.0%   0.0%   0.0%   0.0%   0.0% 	Avg.: 86.1% 
	 84.8%  86.2%   0.0%   0.0%   0.0%   0.0%   0.0%   0.0%   0.0%   0.0% 	Avg.: 85.5% 
	 85.9%  85.6%  83.4%   0.0%   0.0%   0.0%   0.0%   0.0%   0.0%   0.0% 	Avg.: 85.0% 
	 86.5%  86.5%  85.6%  83.6%   0.0%   0.0%   0.0%   0.0%   0.0%   0.0% 	Avg.: 85.5% 
	 86.2%  85.4%  84.5%  86.4%  78.6%   0.0%   0.0%   0.0%   0.0%   0.0% 	Avg.: 84.2% 
	 86.4%  84.9%  84.5%  86.6%  80.6%  78.8%   0.0%   0.0%   0.0%   0.0% 	Avg.: 83.7% 
	 85.0%  85.2%  83.4%  86.8%  81.5%  80.8%  76.0%   0.0%   0.0%   0.0% 	Avg.: 82.7% 
	 83.8%  85.4%  84.8%  86.7%  81.8%  81.1%  77.8%  79.5%   0.0%   0.0% 	Avg.: 82.6% 
	 80.4%  84.8%  83.3%  86.3%  81.3%  80.4%  78.2%  76.6%  77.8%   0.0% 	Avg.: 81.0% 
	  0.0%   0.0%   0.0%   0.0%   0.0%   0.0%   0.0%   0.0%   0.0%   0.0% 	Avg.:  0.0% 
************************************************************************************************************
TAw Forg
	  0.0%   0.0%   0.0%   0.0%   0.0%   0.0%   0.0%   0.0%   0.0%   0.0% 
	 -4.8%   0.0%   0.0%   0.0%   0.0%   0.0%   0.0%   0.0%   0.0%   0.0% 	Avg.: -4.8% 
	 -1.8%  -2.1%   0.0%   0.0%   0.0%   0.0%   0.0%   0.0%   0.0%   0.0% 	Avg.: -1.9% 
	 -0.8%  -1.5%  -2.5%   0.0%   0.0%   0.0%   0.0%   0.0%   0.0%   0.0% 	Avg.: -1.6% 
	 -1.0%  -0.7%  -1.5%  -1.8%   0.0%   0.0%   0.0%   0.0%   0.0%   0.0% 	Avg.: -1.2% 
	 -0.3%  -0.2%  -0.8%  -0.6%  -0.8%   0.0%   0.0%   0.0%   0.0%   0.0% 	Avg.: -0.5% 
	 -0.2%  -0.4%   0.3%  -0.7%  -1.4%  -1.2%   0.0%   0.0%   0.0%   0.0% 	Avg.: -0.6% 
	 -0.5%  -0.2%  -0.9%  -0.4%   0.2%  -0.8%  -1.6%   0.0%   0.0%   0.0% 	Avg.: -0.6% 
	  0.0%   0.1%   0.4%  -0.2%  -0.4%   0.5%  -0.7%  -0.3%   0.0%   0.0% 	Avg.: -0.1% 
	  0.0%   0.0%   0.0%   0.0%   0.0%   0.0%   0.0%   0.0%   0.0%   0.0% 	Avg.:  0.0% 
************************************************************************************************************
TAg Forg
	  0.0%   0.0%   0.0%   0.0%   0.0%   0.0%   0.0%   0.0%   0.0%   0.0% 
	  1.4%   0.0%   0.0%   0.0%   0.0%   0.0%   0.0%   0.0%   0.0%   0.0% 	Avg.:  1.4% 
	  0.2%   0.6%   0.0%   0.0%   0.0%   0.0%   0.0%   0.0%   0.0%   0.0% 	Avg.:  0.4% 
	 -0.4%  -0.3%  -2.2%   0.0%   0.0%   0.0%   0.0%   0.0%   0.0%   0.0% 	Avg.: -0.9% 
	  0.3%   1.1%   1.0%  -2.7%   0.0%   0.0%   0.0%   0.0%   0.0%   0.0% 	Avg.: -0.1% 
	  0.0%   1.6%   1.0%  -0.2%  -2.1%   0.0%   0.0%   0.0%   0.0%   0.0% 	Avg.:  0.1% 
	  1.5%   1.4%   2.2%  -0.2%  -0.8%  -2.0%   0.0%   0.0%   0.0%   0.0% 	Avg.:  0.3% 
	  2.6%   1.2%   0.7%   0.1%  -0.3%  -0.3%  -1.8%   0.0%   0.0%   0.0% 	Avg.:  0.3% 
	  6.1%   1.8%   2.3%   0.5%   0.4%   0.7%  -0.4%   3.0%   0.0%   0.0% 	Avg.:  1.8% 
	  0.0%   0.0%   0.0%   0.0%   0.0%   0.0%   0.0%   0.0%   0.0%   0.0% 	Avg.:  0.0% 
************************************************************************************************************
[Elapsed time = 1.3 h]
Done!
