START_TASK=5 STOP_TASK=6
============================================================================================================
Arguments =
	approach: eeil
	batch_size: 64
	classes_first_task: None
	clipping: 10000
	crop: 224
	data_path: ../data/food101
	dataset: food101
	eval_on_train: False
	experiment_path: None
	fix_bn: False
	freeze_backbone: False
	gpu: 0
	gpus: [0]
	increment: 10
	last_layer_analysis: True
	log: ['disk']
	lr: 0.01
	lr_factor: None
	lr_min: 0.0001
	lr_patience: None
	lr_scheduler: cosine
	lr_warmup_epochs: 0
	momentum: 0.0
	multi_softmax: False
	nepochs: 70
	network: resnet50.a1_in1k
	no_cudnn_deterministic: False
	normalize: in1k
	num_workers: 2
	optimizer_name: sgd
	pin_memory: False
	pretrained: True
	resize: 224
	results_path: ./results
	save_models: True
	seed: 0
	start_at_task: 5
	start_epoch: 0
	stop_at_task: 6
	stop_epoch: 0
	use_valid_only: False
	warmup_lr_factor: 1.0
	warmup_nepochs: 0
	weight_decay: 0.0
============================================================================================================
Approach arguments =
	T: 2
	lamb: 1.0
	lr_finetuning_factor: 0.01
	nepochs_finetuning: 40
	noise_grad: False
============================================================================================================
Exemplars arguments =
	exemplar_selection: random
	num_exemplars: 2000
============================================================================================================
WARNING: ./results/resnet50.a1_in1k/food101/eeil/10 already exists!
Loaded acc_taw from: ./results/resnet50.a1_in1k/food101/eeil/10/acc_taw-4.txt
Loaded acc_tag from: ./results/resnet50.a1_in1k/food101/eeil/10/acc_tag-4.txt
Loaded forg_taw from: ./results/resnet50.a1_in1k/food101/eeil/10/forg_taw-4.txt
Loaded forg_tag from: ./results/resnet50.a1_in1k/food101/eeil/10/forg_tag-4.txt
Loaded 2000 exemplars from ./results/resnet50.a1_in1k/food101/eeil/10/task4_exemplars.pth
************************************************************************************************************
Task  5  [epochs 0-70]
************************************************************************************************************
[params] total:23,630,972  trainable:23,630,972  tensors:171  trainable_tensors:171
| Epoch   1, time= 34.1s | Train: skip eval | Valid: time=  2.9s loss=2.900, TAw acc= 73.1% | * lr=1.0e-02
| Epoch   2, time= 32.2s | Train: skip eval | Valid: time=  2.9s loss=2.349, TAw acc= 72.5% | * lr=1.0e-02
| Epoch   3, time= 32.2s | Train: skip eval | Valid: time=  2.8s loss=2.155, TAw acc= 76.0% | * lr=1.0e-02
| Epoch   4, time= 32.7s | Train: skip eval | Valid: time=  2.8s loss=2.074, TAw acc= 75.5% | * lr=9.9e-03
| Epoch   5, time= 34.5s | Train: skip eval | Valid: time=  2.8s loss=1.981, TAw acc= 77.5% | * lr=9.9e-03
| Epoch   6, time= 34.0s | Train: skip eval | Valid: time=  2.9s loss=1.923, TAw acc= 79.2% | * lr=9.8e-03
| Epoch   7, time= 32.7s | Train: skip eval | Valid: time=  2.8s loss=1.883, TAw acc= 79.3% | * lr=9.8e-03
| Epoch   8, time= 34.2s | Train: skip eval | Valid: time=  3.0s loss=1.892, TAw acc= 78.9% | lr=9.7e-03
| Epoch   9, time= 32.5s | Train: skip eval | Valid: time=  3.0s loss=1.832, TAw acc= 80.0% | * lr=9.6e-03
| Epoch  10, time= 32.0s | Train: skip eval | Valid: time=  3.1s loss=1.799, TAw acc= 81.2% | * lr=9.5e-03
| Epoch  11, time= 30.0s | Train: skip eval | Valid: time=  3.1s loss=1.792, TAw acc= 81.3% | * lr=9.4e-03
| Epoch  12, time= 35.7s | Train: skip eval | Valid: time=  2.8s loss=1.761, TAw acc= 82.0% | * lr=9.3e-03
| Epoch  13, time= 37.1s | Train: skip eval | Valid: time=  3.7s loss=1.759, TAw acc= 82.5% | * lr=9.2e-03
| Epoch  14, time= 33.2s | Train: skip eval | Valid: time=  2.8s loss=1.735, TAw acc= 82.7% | * lr=9.1e-03
| Epoch  15, time= 33.4s | Train: skip eval | Valid: time=  3.0s loss=1.731, TAw acc= 82.9% | * lr=8.9e-03
| Epoch  16, time= 37.2s | Train: skip eval | Valid: time=  3.0s loss=1.713, TAw acc= 82.4% | * lr=8.8e-03
| Epoch  17, time= 31.0s | Train: skip eval | Valid: time=  2.8s loss=1.710, TAw acc= 83.1% | * lr=8.6e-03
| Epoch  18, time= 33.5s | Train: skip eval | Valid: time=  2.7s loss=1.713, TAw acc= 82.0% | lr=8.5e-03
| Epoch  19, time= 33.5s | Train: skip eval | Valid: time=  2.8s loss=1.711, TAw acc= 82.8% | lr=8.3e-03
| Epoch  20, time= 31.8s | Train: skip eval | Valid: time=  2.8s loss=1.692, TAw acc= 83.5% | * lr=8.1e-03
| Epoch  21, time= 31.7s | Train: skip eval | Valid: time=  3.6s loss=1.676, TAw acc= 83.9% | * lr=8.0e-03
| Epoch  22, time= 32.7s | Train: skip eval | Valid: time=  3.2s loss=1.686, TAw acc= 83.6% | lr=7.8e-03
| Epoch  23, time= 33.0s | Train: skip eval | Valid: time=  3.3s loss=1.684, TAw acc= 84.3% | lr=7.6e-03
| Epoch  24, time= 32.5s | Train: skip eval | Valid: time=  2.8s loss=1.645, TAw acc= 84.0% | * lr=7.4e-03
| Epoch  25, time= 32.3s | Train: skip eval | Valid: time=  3.7s loss=1.658, TAw acc= 84.1% | lr=7.2e-03
| Epoch  26, time= 32.7s | Train: skip eval | Valid: time=  3.1s loss=1.642, TAw acc= 84.8% | * lr=7.0e-03
| Epoch  27, time= 31.5s | Train: skip eval | Valid: time=  2.8s loss=1.639, TAw acc= 84.7% | * lr=6.8e-03
| Epoch  28, time= 35.3s | Train: skip eval | Valid: time=  3.0s loss=1.637, TAw acc= 84.4% | * lr=6.6e-03
| Epoch  29, time= 36.0s | Train: skip eval | Valid: time=  2.8s loss=1.657, TAw acc= 84.3% | lr=6.4e-03
| Epoch  30, time= 33.1s | Train: skip eval | Valid: time=  2.8s loss=1.641, TAw acc= 84.9% | lr=6.2e-03
| Epoch  31, time= 35.3s | Train: skip eval | Valid: time=  3.1s loss=1.622, TAw acc= 85.9% | * lr=5.9e-03
| Epoch  32, time= 31.4s | Train: skip eval | Valid: time=  3.7s loss=1.635, TAw acc= 84.5% | lr=5.7e-03
| Epoch  33, time= 38.5s | Train: skip eval | Valid: time=  2.8s loss=1.626, TAw acc= 85.1% | lr=5.5e-03
| Epoch  34, time= 33.8s | Train: skip eval | Valid: time=  3.1s loss=1.624, TAw acc= 86.0% | lr=5.3e-03
| Epoch  35, time= 31.7s | Train: skip eval | Valid: time=  3.6s loss=1.630, TAw acc= 85.3% | lr=5.1e-03
| Epoch  36, time= 32.6s | Train: skip eval | Valid: time=  2.8s loss=1.626, TAw acc= 85.3% | lr=4.8e-03
| Epoch  37, time= 30.9s | Train: skip eval | Valid: time=  3.4s loss=1.627, TAw acc= 85.2% | lr=4.6e-03
| Epoch  38, time= 31.4s | Train: skip eval | Valid: time=  2.8s loss=1.617, TAw acc= 85.7% | * lr=4.4e-03
| Epoch  39, time= 36.1s | Train: skip eval | Valid: time=  3.0s loss=1.611, TAw acc= 85.3% | * lr=4.2e-03
| Epoch  40, time= 33.9s | Train: skip eval | Valid: time=  3.0s loss=1.618, TAw acc= 85.7% | lr=3.9e-03
| Epoch  41, time= 31.0s | Train: skip eval | Valid: time=  2.8s loss=1.613, TAw acc= 85.2% | lr=3.7e-03
| Epoch  42, time= 33.4s | Train: skip eval | Valid: time=  3.1s loss=1.607, TAw acc= 86.4% | * lr=3.5e-03
| Epoch  43, time= 34.9s | Train: skip eval | Valid: time=  2.8s loss=1.605, TAw acc= 85.7% | * lr=3.3e-03
| Epoch  44, time= 35.1s | Train: skip eval | Valid: time=  2.9s loss=1.601, TAw acc= 85.9% | * lr=3.1e-03
| Epoch  45, time= 34.0s | Train: skip eval | Valid: time=  3.0s loss=1.592, TAw acc= 86.7% | * lr=2.9e-03
| Epoch  46, time= 35.0s | Train: skip eval | Valid: time=  3.6s loss=1.601, TAw acc= 85.6% | lr=2.7e-03
| Epoch  47, time= 38.6s | Train: skip eval | Valid: time=  3.6s loss=1.590, TAw acc= 86.0% | * lr=2.5e-03
| Epoch  48, time= 33.3s | Train: skip eval | Valid: time=  2.8s loss=1.607, TAw acc= 85.7% | lr=2.3e-03
| Epoch  49, time= 32.1s | Train: skip eval | Valid: time=  3.4s loss=1.592, TAw acc= 85.5% | lr=2.1e-03
| Epoch  50, time= 35.4s | Train: skip eval | Valid: time=  2.8s loss=1.593, TAw acc= 86.4% | lr=2.0e-03
| Epoch  51, time= 31.7s | Train: skip eval | Valid: time=  2.7s loss=1.594, TAw acc= 85.5% | lr=1.8e-03
| Epoch  52, time= 34.2s | Train: skip eval | Valid: time=  2.9s loss=1.596, TAw acc= 85.7% | lr=1.6e-03
| Epoch  53, time= 34.8s | Train: skip eval | Valid: time=  3.2s loss=1.600, TAw acc= 85.1% | lr=1.5e-03
| Epoch  54, time= 39.6s | Train: skip eval | Valid: time=  3.0s loss=1.603, TAw acc= 85.2% | lr=1.3e-03
| Epoch  55, time= 33.0s | Train: skip eval | Valid: time=  2.9s loss=1.601, TAw acc= 85.2% | lr=1.2e-03
| Epoch  56, time= 30.8s | Train: skip eval | Valid: time=  3.0s loss=1.603, TAw acc= 84.8% | lr=1.0e-03
| Epoch  57, time= 32.1s | Train: skip eval | Valid: time=  3.4s loss=1.596, TAw acc= 85.7% | lr=9.2e-04
| Epoch  58, time= 31.9s | Train: skip eval | Valid: time=  3.2s loss=1.592, TAw acc= 85.5% | lr=8.0e-04
| Epoch  59, time= 32.0s | Train: skip eval | Valid: time=  2.8s loss=1.600, TAw acc= 85.6% | lr=6.9e-04
| Epoch  60, time= 35.1s | Train: skip eval | Valid: time=  3.1s loss=1.592, TAw acc= 85.7% | lr=5.9e-04
| Epoch  61, time= 35.4s | Train: skip eval | Valid: time=  2.8s loss=1.594, TAw acc= 85.5% | lr=5.0e-04
| Epoch  62, time= 33.2s | Train: skip eval | Valid: time=  2.8s loss=1.594, TAw acc= 85.5% | lr=4.2e-04
| Epoch  63, time= 31.4s | Train: skip eval | Valid: time=  3.6s loss=1.593, TAw acc= 85.9% | lr=3.4e-04
| Epoch  64, time= 35.1s | Train: skip eval | Valid: time=  2.8s loss=1.598, TAw acc= 85.7% | lr=2.8e-04
| Epoch  65, time= 32.2s | Train: skip eval | Valid: time=  2.8s loss=1.603, TAw acc= 85.3% | lr=2.2e-04
| Epoch  66, time= 30.8s | Train: skip eval | Valid: time=  2.7s loss=1.596, TAw acc= 85.9% | lr=1.8e-04
| Epoch  67, time= 33.1s | Train: skip eval | Valid: time=  3.2s loss=1.595, TAw acc= 85.9% | lr=1.4e-04
| Epoch  68, time= 36.4s | Train: skip eval | Valid: time=  2.7s loss=1.589, TAw acc= 85.6% | * lr=1.2e-04
| Epoch  69, time= 37.4s | Train: skip eval | Valid: time=  2.7s loss=1.603, TAw acc= 85.2% | lr=1.0e-04
| Epoch  70, time= 31.0s | Train: skip eval | Valid: time=  3.1s loss=1.598, TAw acc= 85.9% | lr=1.0e-04
[params] total:23,630,972  trainable:23,630,972  tensors:171  trainable_tensors:171
| Epoch   1, time= 18.5s | Train: skip eval | Valid: time=  2.7s loss=1.852, TAw acc= 85.7% | * lr=1.0e-04
| Epoch   2, time= 15.6s | Train: skip eval | Valid: time=  3.4s loss=1.848, TAw acc= 86.1% | * lr=1.0e-04
| Epoch   3, time= 17.6s | Train: skip eval | Valid: time=  2.7s loss=1.857, TAw acc= 86.0% | lr=1.0e-04
| Epoch   4, time= 14.6s | Train: skip eval | Valid: time=  2.7s loss=1.856, TAw acc= 85.9% | lr=1.0e-04
| Epoch   5, time= 13.5s | Train: skip eval | Valid: time=  2.8s loss=1.860, TAw acc= 85.2% | lr=1.0e-04
| Epoch   6, time= 13.5s | Train: skip eval | Valid: time=  2.8s loss=1.857, TAw acc= 86.0% | lr=1.0e-04
| Epoch   7, time= 13.2s | Train: skip eval | Valid: time=  2.7s loss=1.860, TAw acc= 85.6% | lr=1.0e-04
| Epoch   8, time= 14.2s | Train: skip eval | Valid: time=  2.9s loss=1.862, TAw acc= 84.9% | lr=1.0e-04
| Epoch   9, time= 13.3s | Train: skip eval | Valid: time=  2.7s loss=1.871, TAw acc= 85.7% | lr=1.0e-04
| Epoch  10, time= 13.5s | Train: skip eval | Valid: time=  2.7s loss=1.855, TAw acc= 85.6% | lr=1.0e-04
| Epoch  11, time= 14.1s | Train: skip eval | Valid: time=  2.8s loss=1.856, TAw acc= 86.3% | lr=1.0e-04
| Epoch  12, time= 14.7s | Train: skip eval | Valid: time=  2.8s loss=1.865, TAw acc= 85.9% | lr=1.0e-04
| Epoch  13, time= 17.9s | Train: skip eval | Valid: time=  2.8s loss=1.860, TAw acc= 86.1% | lr=1.0e-04
| Epoch  14, time= 14.0s | Train: skip eval | Valid: time=  2.8s loss=1.861, TAw acc= 85.3% | lr=1.0e-04
| Epoch  15, time= 14.4s | Train: skip eval | Valid: time=  2.7s loss=1.868, TAw acc= 85.7% | lr=1.0e-04
| Epoch  16, time= 15.3s | Train: skip eval | Valid: time=  2.7s loss=1.868, TAw acc= 85.9% | lr=1.0e-04
| Epoch  17, time= 14.3s | Train: skip eval | Valid: time=  2.8s loss=1.867, TAw acc= 85.3% | lr=1.0e-04
| Epoch  18, time= 14.0s | Train: skip eval | Valid: time=  2.8s loss=1.869, TAw acc= 85.7% | lr=1.0e-04
| Epoch  19, time= 13.5s | Train: skip eval | Valid: time=  2.9s loss=1.872, TAw acc= 85.9% | lr=1.0e-04
| Epoch  20, time= 14.1s | Train: skip eval | Valid: time=  2.7s loss=1.868, TAw acc= 85.9% | lr=1.0e-04
| Epoch  21, time= 14.0s | Train: skip eval | Valid: time=  2.9s loss=1.868, TAw acc= 86.0% | lr=1.0e-04
| Epoch  22, time= 14.6s | Train: skip eval | Valid: time=  2.8s loss=1.869, TAw acc= 85.9% | lr=1.0e-04
| Epoch  23, time= 13.7s | Train: skip eval | Valid: time=  2.8s loss=1.867, TAw acc= 86.1% | lr=1.0e-04
| Epoch  24, time= 13.6s | Train: skip eval | Valid: time=  2.9s loss=1.866, TAw acc= 86.3% | lr=1.0e-04
| Epoch  25, time= 15.3s | Train: skip eval | Valid: time=  2.8s loss=1.871, TAw acc= 85.7% | lr=1.0e-04
| Epoch  26, time= 14.1s | Train: skip eval | Valid: time=  2.8s loss=1.881, TAw acc= 85.9% | lr=1.0e-04
| Epoch  27, time= 17.1s | Train: skip eval | Valid: time=  3.0s loss=1.881, TAw acc= 85.6% | lr=1.0e-04
| Epoch  28, time= 14.1s | Train: skip eval | Valid: time=  2.9s loss=1.876, TAw acc= 85.9% | lr=1.0e-04
| Epoch  29, time= 14.0s | Train: skip eval | Valid: time=  2.7s loss=1.884, TAw acc= 85.9% | lr=1.0e-04
| Epoch  30, time= 14.0s | Train: skip eval | Valid: time=  2.8s loss=1.878, TAw acc= 85.3% | lr=1.0e-04
| Epoch  31, time= 14.2s | Train: skip eval | Valid: time=  2.7s loss=1.882, TAw acc= 86.0% | lr=1.0e-04
| Epoch  32, time= 14.2s | Train: skip eval | Valid: time=  2.7s loss=1.882, TAw acc= 86.0% | lr=1.0e-04
| Epoch  33, time= 15.8s | Train: skip eval | Valid: time=  2.7s loss=1.880, TAw acc= 85.9% | lr=1.0e-04
| Epoch  34, time= 14.2s | Train: skip eval | Valid: time=  3.7s loss=1.880, TAw acc= 85.3% | lr=1.0e-04
| Epoch  35, time= 13.9s | Train: skip eval | Valid: time=  3.6s loss=1.886, TAw acc= 85.7% | lr=1.0e-04
| Epoch  36, time= 14.2s | Train: skip eval | Valid: time=  2.7s loss=1.884, TAw acc= 85.3% | lr=1.0e-04
| Epoch  37, time= 14.0s | Train: skip eval | Valid: time=  3.5s loss=1.889, TAw acc= 85.5% | lr=1.0e-04
| Epoch  38, time= 18.3s | Train: skip eval | Valid: time=  2.7s loss=1.887, TAw acc= 86.3% | lr=1.0e-04
| Epoch  39, time= 14.2s | Train: skip eval | Valid: time=  2.9s loss=1.884, TAw acc= 86.0% | lr=1.0e-04
| Epoch  40, time= 16.2s | Train: skip eval | Valid: time=  2.8s loss=1.887, TAw acc= 85.9% | lr=1.0e-04
| Selected 2040 train exemplars, time=  2.4s
------------------------------------------------------------------------------------------------------------
>>> Test on task  0 : loss=1.373 | TAw acc= 90.6%, forg=  0.0% | TAg acc= 63.4%, forg= 22.7% <<<
>>> Test on task  1 : loss=1.707 | TAw acc= 93.1%, forg= -0.3% | TAg acc= 60.2%, forg= 28.6% <<<
>>> Test on task  2 : loss=2.057 | TAw acc= 89.8%, forg= -1.0% | TAg acc= 55.0%, forg= 31.4% <<<
>>> Test on task  3 : loss=2.163 | TAw acc= 92.3%, forg= -0.3% | TAg acc= 57.4%, forg= 32.7% <<<
>>> Test on task  4 : loss=2.717 | TAw acc= 90.8%, forg= -0.7% | TAg acc= 47.4%, forg= 41.1% <<<
>>> Test on task  5 : loss=1.686 | TAw acc= 89.5%, forg=  0.0% | TAg acc= 87.6%, forg=  0.0% <<<
Save at ./results/./results/resnet50.a1_in1k/food101/eeil/10
************************************************************************************************************
TAw Acc
	 86.1%   0.0%   0.0%   0.0%   0.0%   0.0%   0.0%   0.0%   0.0%   0.0% 	Avg.: 86.1% 
	 89.6%  91.4%   0.0%   0.0%   0.0%   0.0%   0.0%   0.0%   0.0%   0.0% 	Avg.: 90.5% 
	 89.6%  91.5%  87.9%   0.0%   0.0%   0.0%   0.0%   0.0%   0.0%   0.0% 	Avg.: 89.7% 
	 90.0%  91.7%  88.4%  91.3%   0.0%   0.0%   0.0%   0.0%   0.0%   0.0% 	Avg.: 90.3% 
	 90.6%  92.8%  88.9%  92.0%  90.1%   0.0%   0.0%   0.0%   0.0%   0.0% 	Avg.: 90.9% 
	 90.6%  93.1%  89.8%  92.3%  90.8%  89.5%   0.0%   0.0%   0.0%   0.0% 	Avg.: 91.0% 
	  0.0%   0.0%   0.0%   0.0%   0.0%   0.0%   0.0%   0.0%   0.0%   0.0% 	Avg.:  0.0% 
	  0.0%   0.0%   0.0%   0.0%   0.0%   0.0%   0.0%   0.0%   0.0%   0.0% 	Avg.:  0.0% 
	  0.0%   0.0%   0.0%   0.0%   0.0%   0.0%   0.0%   0.0%   0.0%   0.0% 	Avg.:  0.0% 
	  0.0%   0.0%   0.0%   0.0%   0.0%   0.0%   0.0%   0.0%   0.0%   0.0% 	Avg.:  0.0% 
************************************************************************************************************
TAg Acc
	 86.1%   0.0%   0.0%   0.0%   0.0%   0.0%   0.0%   0.0%   0.0%   0.0% 	Avg.: 86.1% 
	 70.4%  88.8%   0.0%   0.0%   0.0%   0.0%   0.0%   0.0%   0.0%   0.0% 	Avg.: 79.6% 
	 71.4%  65.5%  86.4%   0.0%   0.0%   0.0%   0.0%   0.0%   0.0%   0.0% 	Avg.: 74.4% 
	 67.1%  57.2%  60.0%  90.1%   0.0%   0.0%   0.0%   0.0%   0.0%   0.0% 	Avg.: 68.6% 
	 57.8%  59.0%  52.5%  57.3%  88.6%   0.0%   0.0%   0.0%   0.0%   0.0% 	Avg.: 63.0% 
	 63.4%  60.2%  55.0%  57.4%  47.4%  87.6%   0.0%   0.0%   0.0%   0.0% 	Avg.: 61.9% 
	  0.0%   0.0%   0.0%   0.0%   0.0%   0.0%   0.0%   0.0%   0.0%   0.0% 	Avg.:  0.0% 
	  0.0%   0.0%   0.0%   0.0%   0.0%   0.0%   0.0%   0.0%   0.0%   0.0% 	Avg.:  0.0% 
	  0.0%   0.0%   0.0%   0.0%   0.0%   0.0%   0.0%   0.0%   0.0%   0.0% 	Avg.:  0.0% 
	  0.0%   0.0%   0.0%   0.0%   0.0%   0.0%   0.0%   0.0%   0.0%   0.0% 	Avg.:  0.0% 
************************************************************************************************************
TAw Forg
	  0.0%   0.0%   0.0%   0.0%   0.0%   0.0%   0.0%   0.0%   0.0%   0.0% 
	 -3.4%   0.0%   0.0%   0.0%   0.0%   0.0%   0.0%   0.0%   0.0%   0.0% 	Avg.: -3.4% 
	 -0.0%  -0.1%   0.0%   0.0%   0.0%   0.0%   0.0%   0.0%   0.0%   0.0% 	Avg.: -0.1% 
	 -0.4%  -0.2%  -0.6%   0.0%   0.0%   0.0%   0.0%   0.0%   0.0%   0.0% 	Avg.: -0.4% 
	 -0.6%  -1.2%  -0.4%  -0.6%   0.0%   0.0%   0.0%   0.0%   0.0%   0.0% 	Avg.: -0.7% 
	  0.0%  -0.3%  -1.0%  -0.3%  -0.7%   0.0%   0.0%   0.0%   0.0%   0.0% 	Avg.: -0.4% 
	  0.0%   0.0%   0.0%   0.0%   0.0%   0.0%   0.0%   0.0%   0.0%   0.0% 	Avg.:  0.0% 
	  0.0%   0.0%   0.0%   0.0%   0.0%   0.0%   0.0%   0.0%   0.0%   0.0% 	Avg.:  0.0% 
	  0.0%   0.0%   0.0%   0.0%   0.0%   0.0%   0.0%   0.0%   0.0%   0.0% 	Avg.:  0.0% 
	  0.0%   0.0%   0.0%   0.0%   0.0%   0.0%   0.0%   0.0%   0.0%   0.0% 	Avg.:  0.0% 
************************************************************************************************************
TAg Forg
	  0.0%   0.0%   0.0%   0.0%   0.0%   0.0%   0.0%   0.0%   0.0%   0.0% 
	 15.7%   0.0%   0.0%   0.0%   0.0%   0.0%   0.0%   0.0%   0.0%   0.0% 	Avg.: 15.7% 
	 14.7%  23.4%   0.0%   0.0%   0.0%   0.0%   0.0%   0.0%   0.0%   0.0% 	Avg.: 19.0% 
	 19.0%  31.6%  26.4%   0.0%   0.0%   0.0%   0.0%   0.0%   0.0%   0.0% 	Avg.: 25.7% 
	 28.3%  29.9%  33.9%  32.8%   0.0%   0.0%   0.0%   0.0%   0.0%   0.0% 	Avg.: 31.2% 
	 22.7%  28.6%  31.4%  32.7%  41.1%   0.0%   0.0%   0.0%   0.0%   0.0% 	Avg.: 31.3% 
	  0.0%   0.0%   0.0%   0.0%   0.0%   0.0%   0.0%   0.0%   0.0%   0.0% 	Avg.:  0.0% 
	  0.0%   0.0%   0.0%   0.0%   0.0%   0.0%   0.0%   0.0%   0.0%   0.0% 	Avg.:  0.0% 
	  0.0%   0.0%   0.0%   0.0%   0.0%   0.0%   0.0%   0.0%   0.0%   0.0% 	Avg.:  0.0% 
	  0.0%   0.0%   0.0%   0.0%   0.0%   0.0%   0.0%   0.0%   0.0%   0.0% 	Avg.:  0.0% 
************************************************************************************************************
[Elapsed time = 0.9 h]
Done!
