START_TASK=7 STOP_TASK=8
============================================================================================================
Arguments =
	approach: replay
	batch_size: 64
	classes_first_task: None
	clipping: 10000
	crop: 224
	data_path: ../data/food101
	dataset: food101
	eval_on_train: False
	experiment_path: None
	fix_bn: False
	freeze_backbone: False
	gpu: 0
	gpus: [0]
	increment: 10
	last_layer_analysis: True
	log: ['disk']
	lr: 0.01
	lr_factor: None
	lr_min: 0.0001
	lr_patience: None
	lr_scheduler: cosine
	lr_warmup_epochs: 0
	momentum: 0.0
	multi_softmax: False
	nepochs: 70
	network: resnetv2_101x1_bit.goog_in21k
	no_cudnn_deterministic: False
	normalize: in21k
	num_workers: 2
	optimizer_name: sgd
	pin_memory: False
	pretrained: True
	resize: 224
	results_path: ./results
	save_models: True
	seed: 0
	start_at_task: 7
	start_epoch: 0
	stop_at_task: 8
	stop_epoch: 0
	use_valid_only: False
	warmup_lr_factor: 1.0
	warmup_nepochs: 0
	weight_decay: 0.0
============================================================================================================
Approach arguments =
============================================================================================================
Exemplars arguments =
	exemplar_selection: random
	num_exemplars: 2000
============================================================================================================
WARNING: ./results/resnetv2_101x1_bit.goog_in21k/food101/replay/10 already exists!
Loaded acc_taw from: ./results/resnetv2_101x1_bit.goog_in21k/food101/replay/10/acc_taw-6.txt
Loaded acc_tag from: ./results/resnetv2_101x1_bit.goog_in21k/food101/replay/10/acc_tag-6.txt
Loaded forg_taw from: ./results/resnetv2_101x1_bit.goog_in21k/food101/replay/10/forg_taw-6.txt
Loaded forg_tag from: ./results/resnetv2_101x1_bit.goog_in21k/food101/replay/10/forg_tag-6.txt
Loaded 2030 exemplars from ./results/resnetv2_101x1_bit.goog_in21k/food101/replay/10/task6_exemplars.pth
************************************************************************************************************
Task  7  [epochs 0-70]
************************************************************************************************************
[params] total:42,656,400  trainable:42,656,400  tensors:320  trainable_tensors:320
| Epoch   1, time= 35.0s | Train: skip eval | Valid: time=  3.4s loss=0.290, TAw acc= 91.2% | * lr=1.0e-02
| Epoch   2, time= 33.8s | Train: skip eval | Valid: time=  2.9s loss=0.239, TAw acc= 93.6% | * lr=1.0e-02
| Epoch   3, time= 38.6s | Train: skip eval | Valid: time=  3.4s loss=0.409, TAw acc= 91.1% | lr=1.0e-02
| Epoch   4, time= 32.9s | Train: skip eval | Valid: time=  2.8s loss=0.297, TAw acc= 92.3% | lr=9.9e-03
| Epoch   5, time= 31.6s | Train: skip eval | Valid: time=  3.4s loss=1.037, TAw acc= 78.9% | lr=9.9e-03
| Epoch   6, time= 35.1s | Train: skip eval | Valid: time=  2.8s loss=0.291, TAw acc= 93.3% | lr=9.8e-03
| Epoch   7, time= 33.0s | Train: skip eval | Valid: time=  3.0s loss=0.280, TAw acc= 92.9% | lr=9.8e-03
| Epoch   8, time= 38.0s | Train: skip eval | Valid: time=  3.1s loss=0.270, TAw acc= 94.4% | lr=9.7e-03
| Epoch   9, time= 33.9s | Train: skip eval | Valid: time=  3.5s loss=0.298, TAw acc= 93.2% | lr=9.6e-03
| Epoch  10, time= 39.9s | Train: skip eval | Valid: time=  3.5s loss=0.304, TAw acc= 92.5% | lr=9.5e-03
| Epoch  11, time= 34.7s | Train: skip eval | Valid: time=  3.0s loss=0.278, TAw acc= 93.1% | lr=9.4e-03
| Epoch  12, time= 34.2s | Train: skip eval | Valid: time=  3.3s loss=0.786, TAw acc= 84.1% | lr=9.3e-03
| Epoch  13, time= 33.8s | Train: skip eval | Valid: time=  2.9s loss=0.263, TAw acc= 92.9% | lr=9.2e-03
| Epoch  14, time= 36.0s | Train: skip eval | Valid: time=  2.8s loss=0.313, TAw acc= 93.1% | lr=9.1e-03
| Epoch  15, time= 32.5s | Train: skip eval | Valid: time=  2.8s loss=0.319, TAw acc= 93.1% | lr=8.9e-03
| Epoch  16, time= 33.8s | Train: skip eval | Valid: time=  2.8s loss=0.297, TAw acc= 93.2% | lr=8.8e-03
| Epoch  17, time= 35.5s | Train: skip eval | Valid: time=  3.3s loss=0.306, TAw acc= 92.7% | lr=8.6e-03
| Epoch  18, time= 33.4s | Train: skip eval | Valid: time=  2.7s loss=0.291, TAw acc= 94.3% | lr=8.5e-03
| Epoch  19, time= 32.8s | Train: skip eval | Valid: time=  3.0s loss=0.281, TAw acc= 93.6% | lr=8.3e-03
| Epoch  20, time= 33.6s | Train: skip eval | Valid: time=  3.0s loss=0.830, TAw acc= 85.2% | lr=8.1e-03
| Epoch  21, time= 34.0s | Train: skip eval | Valid: time=  2.8s loss=0.255, TAw acc= 94.3% | lr=8.0e-03
| Epoch  22, time= 32.1s | Train: skip eval | Valid: time=  3.0s loss=0.285, TAw acc= 93.5% | lr=7.8e-03
| Epoch  23, time= 36.9s | Train: skip eval | Valid: time=  3.6s loss=0.310, TAw acc= 92.4% | lr=7.6e-03
| Epoch  24, time= 34.4s | Train: skip eval | Valid: time=  3.6s loss=0.698, TAw acc= 87.9% | lr=7.4e-03
| Epoch  25, time= 35.5s | Train: skip eval | Valid: time=  4.0s loss=0.245, TAw acc= 93.9% | lr=7.2e-03
| Epoch  26, time= 39.6s | Train: skip eval | Valid: time=  3.2s loss=0.252, TAw acc= 93.6% | lr=7.0e-03
| Epoch  27, time= 33.5s | Train: skip eval | Valid: time=  3.3s loss=0.239, TAw acc= 94.7% | * lr=6.8e-03
| Epoch  28, time= 37.3s | Train: skip eval | Valid: time=  3.2s loss=0.258, TAw acc= 93.7% | lr=6.6e-03
| Epoch  29, time= 36.4s | Train: skip eval | Valid: time=  2.8s loss=0.248, TAw acc= 94.0% | lr=6.4e-03
| Epoch  30, time= 35.6s | Train: skip eval | Valid: time=  2.8s loss=0.249, TAw acc= 93.9% | lr=6.2e-03
| Epoch  31, time= 35.6s | Train: skip eval | Valid: time=  3.1s loss=0.269, TAw acc= 94.1% | lr=5.9e-03
| Epoch  32, time= 35.6s | Train: skip eval | Valid: time=  3.5s loss=0.635, TAw acc= 88.8% | lr=5.7e-03
| Epoch  33, time= 35.2s | Train: skip eval | Valid: time=  2.9s loss=0.249, TAw acc= 94.0% | lr=5.5e-03
| Epoch  34, time= 32.6s | Train: skip eval | Valid: time=  2.7s loss=0.243, TAw acc= 94.9% | lr=5.3e-03
| Epoch  35, time= 33.4s | Train: skip eval | Valid: time=  2.9s loss=0.301, TAw acc= 92.9% | lr=5.1e-03
| Epoch  36, time= 35.7s | Train: skip eval | Valid: time=  3.7s loss=0.251, TAw acc= 94.9% | lr=4.8e-03
| Epoch  37, time= 36.5s | Train: skip eval | Valid: time=  2.8s loss=0.269, TAw acc= 94.4% | lr=4.6e-03
| Epoch  38, time= 32.2s | Train: skip eval | Valid: time=  3.0s loss=0.248, TAw acc= 94.5% | lr=4.4e-03
| Epoch  39, time= 35.0s | Train: skip eval | Valid: time=  3.2s loss=0.253, TAw acc= 95.1% | lr=4.2e-03
| Epoch  40, time= 34.7s | Train: skip eval | Valid: time=  3.3s loss=0.264, TAw acc= 94.8% | lr=3.9e-03
| Epoch  41, time= 33.5s | Train: skip eval | Valid: time=  2.8s loss=0.248, TAw acc= 95.2% | lr=3.7e-03
| Epoch  42, time= 38.4s | Train: skip eval | Valid: time=  2.8s loss=0.237, TAw acc= 94.8% | * lr=3.5e-03
| Epoch  43, time= 33.0s | Train: skip eval | Valid: time=  3.3s loss=0.255, TAw acc= 94.7% | lr=3.3e-03
| Epoch  44, time= 35.7s | Train: skip eval | Valid: time=  3.1s loss=0.260, TAw acc= 94.4% | lr=3.1e-03
| Epoch  45, time= 33.5s | Train: skip eval | Valid: time=  3.3s loss=0.275, TAw acc= 94.1% | lr=2.9e-03
| Epoch  46, time= 35.8s | Train: skip eval | Valid: time=  3.2s loss=0.237, TAw acc= 94.9% | * lr=2.7e-03
| Epoch  47, time= 33.1s | Train: skip eval | Valid: time=  3.5s loss=0.246, TAw acc= 94.8% | lr=2.5e-03
| Epoch  48, time= 35.1s | Train: skip eval | Valid: time=  2.9s loss=0.225, TAw acc= 95.3% | * lr=2.3e-03
| Epoch  49, time= 34.3s | Train: skip eval | Valid: time=  2.9s loss=0.231, TAw acc= 95.3% | lr=2.1e-03
| Epoch  50, time= 36.2s | Train: skip eval | Valid: time=  3.2s loss=0.237, TAw acc= 95.2% | lr=2.0e-03
| Epoch  51, time= 36.8s | Train: skip eval | Valid: time=  2.6s loss=0.231, TAw acc= 94.5% | lr=1.8e-03
| Epoch  52, time= 32.5s | Train: skip eval | Valid: time=  2.9s loss=0.235, TAw acc= 94.7% | lr=1.6e-03
| Epoch  53, time= 32.1s | Train: skip eval | Valid: time=  2.7s loss=0.235, TAw acc= 94.7% | lr=1.5e-03
| Epoch  54, time= 33.4s | Train: skip eval | Valid: time=  2.7s loss=0.234, TAw acc= 94.7% | lr=1.3e-03
| Epoch  55, time= 34.2s | Train: skip eval | Valid: time=  2.7s loss=0.231, TAw acc= 95.2% | lr=1.2e-03
| Epoch  56, time= 36.4s | Train: skip eval | Valid: time=  2.7s loss=0.226, TAw acc= 94.8% | lr=1.0e-03
| Epoch  57, time= 33.1s | Train: skip eval | Valid: time=  2.7s loss=0.230, TAw acc= 94.9% | lr=9.2e-04
| Epoch  58, time= 36.4s | Train: skip eval | Valid: time=  3.7s loss=0.231, TAw acc= 94.7% | lr=8.0e-04
| Epoch  59, time= 33.8s | Train: skip eval | Valid: time=  2.7s loss=0.237, TAw acc= 94.9% | lr=6.9e-04
| Epoch  60, time= 33.9s | Train: skip eval | Valid: time=  2.9s loss=0.238, TAw acc= 94.7% | lr=5.9e-04
| Epoch  61, time= 35.0s | Train: skip eval | Valid: time=  3.6s loss=0.241, TAw acc= 94.8% | lr=5.0e-04
| Epoch  62, time= 31.2s | Train: skip eval | Valid: time=  2.7s loss=0.238, TAw acc= 94.9% | lr=4.2e-04
| Epoch  63, time= 32.5s | Train: skip eval | Valid: time=  2.7s loss=0.236, TAw acc= 94.8% | lr=3.4e-04
| Epoch  64, time= 36.9s | Train: skip eval | Valid: time=  2.8s loss=0.233, TAw acc= 95.1% | lr=2.8e-04
| Epoch  65, time= 36.6s | Train: skip eval | Valid: time=  3.5s loss=0.232, TAw acc= 94.9% | lr=2.2e-04
| Epoch  66, time= 35.5s | Train: skip eval | Valid: time=  2.9s loss=0.231, TAw acc= 94.9% | lr=1.8e-04
| Epoch  67, time= 33.7s | Train: skip eval | Valid: time=  3.0s loss=0.231, TAw acc= 94.8% | lr=1.4e-04
| Epoch  68, time= 34.0s | Train: skip eval | Valid: time=  2.8s loss=0.231, TAw acc= 94.9% | lr=1.2e-04
| Epoch  69, time= 31.6s | Train: skip eval | Valid: time=  2.8s loss=0.232, TAw acc= 94.9% | lr=1.0e-04
| Epoch  70, time= 34.7s | Train: skip eval | Valid: time=  2.8s loss=0.231, TAw acc= 94.9% | lr=1.0e-04
| Selected 2000 train exemplars, time=  2.1s
------------------------------------------------------------------------------------------------------------
>>> Test on task  0 : loss=0.252 | TAw acc= 93.8%, forg=  3.2% | TAg acc= 61.2%, forg= 35.8% <<<
>>> Test on task  1 : loss=0.277 | TAw acc= 96.6%, forg=  1.4% | TAg acc= 64.5%, forg= 32.9% <<<
>>> Test on task  2 : loss=0.462 | TAw acc= 93.5%, forg=  4.0% | TAg acc= 59.4%, forg= 37.8% <<<
>>> Test on task  3 : loss=0.322 | TAw acc= 96.1%, forg=  2.1% | TAg acc= 69.1%, forg= 28.9% <<<
>>> Test on task  4 : loss=0.521 | TAw acc= 94.4%, forg=  3.0% | TAg acc= 63.6%, forg= 33.1% <<<
>>> Test on task  5 : loss=0.448 | TAw acc= 94.4%, forg=  2.3% | TAg acc= 70.1%, forg= 26.0% <<<
>>> Test on task  6 : loss=0.338 | TAw acc= 96.0%, forg=  0.8% | TAg acc= 72.7%, forg= 23.8% <<<
>>> Test on task  7 : loss=0.102 | TAw acc= 98.0%, forg=  0.0% | TAg acc= 98.0%, forg=  0.0% <<<
Save at ./results/./results/resnetv2_101x1_bit.goog_in21k/food101/replay/10
************************************************************************************************************
TAw Acc
	 97.0%   0.0%   0.0%   0.0%   0.0%   0.0%   0.0%   0.0%   0.0%   0.0% 	Avg.: 97.0% 
	 96.2%  97.9%   0.0%   0.0%   0.0%   0.0%   0.0%   0.0%   0.0%   0.0% 	Avg.: 97.0% 
	 95.7%  97.8%  97.5%   0.0%   0.0%   0.0%   0.0%   0.0%   0.0%   0.0% 	Avg.: 97.0% 
	 94.8%  97.0%  96.4%  98.2%   0.0%   0.0%   0.0%   0.0%   0.0%   0.0% 	Avg.: 96.6% 
	 94.2%  96.5%  95.0%  97.0%  97.4%   0.0%   0.0%   0.0%   0.0%   0.0% 	Avg.: 96.0% 
	 94.3%  96.8%  94.2%  97.0%  96.0%  96.8%   0.0%   0.0%   0.0%   0.0% 	Avg.: 95.9% 
	 93.3%  95.5%  94.0%  96.3%  94.8%  95.6%  96.9%   0.0%   0.0%   0.0% 	Avg.: 95.2% 
	 93.8%  96.6%  93.5%  96.1%  94.4%  94.4%  96.0%  98.0%   0.0%   0.0% 	Avg.: 95.4% 
	  0.0%   0.0%   0.0%   0.0%   0.0%   0.0%   0.0%   0.0%   0.0%   0.0% 	Avg.:  0.0% 
	  0.0%   0.0%   0.0%   0.0%   0.0%   0.0%   0.0%   0.0%   0.0%   0.0% 	Avg.:  0.0% 
************************************************************************************************************
TAg Acc
	 97.0%   0.0%   0.0%   0.0%   0.0%   0.0%   0.0%   0.0%   0.0%   0.0% 	Avg.: 97.0% 
	 89.8%  97.4%   0.0%   0.0%   0.0%   0.0%   0.0%   0.0%   0.0%   0.0% 	Avg.: 93.6% 
	 88.0%  89.1%  97.2%   0.0%   0.0%   0.0%   0.0%   0.0%   0.0%   0.0% 	Avg.: 91.4% 
	 82.3%  80.3%  85.1%  98.0%   0.0%   0.0%   0.0%   0.0%   0.0%   0.0% 	Avg.: 86.4% 
	 74.0%  74.6%  70.8%  85.3%  96.7%   0.0%   0.0%   0.0%   0.0%   0.0% 	Avg.: 80.3% 
	 69.9%  70.4%  66.6%  78.6%  79.9%  96.1%   0.0%   0.0%   0.0%   0.0% 	Avg.: 76.9% 
	 61.4%  66.6%  58.5%  71.7%  69.3%  73.8%  96.4%   0.0%   0.0%   0.0% 	Avg.: 71.1% 
	 61.2%  64.5%  59.4%  69.1%  63.6%  70.1%  72.7%  98.0%   0.0%   0.0% 	Avg.: 69.8% 
	  0.0%   0.0%   0.0%   0.0%   0.0%   0.0%   0.0%   0.0%   0.0%   0.0% 	Avg.:  0.0% 
	  0.0%   0.0%   0.0%   0.0%   0.0%   0.0%   0.0%   0.0%   0.0%   0.0% 	Avg.:  0.0% 
************************************************************************************************************
TAw Forg
	  0.0%   0.0%   0.0%   0.0%   0.0%   0.0%   0.0%   0.0%   0.0%   0.0% 
	  0.8%   0.0%   0.0%   0.0%   0.0%   0.0%   0.0%   0.0%   0.0%   0.0% 	Avg.:  0.8% 
	  1.3%   0.1%   0.0%   0.0%   0.0%   0.0%   0.0%   0.0%   0.0%   0.0% 	Avg.:  0.7% 
	  2.1%   0.9%   1.0%   0.0%   0.0%   0.0%   0.0%   0.0%   0.0%   0.0% 	Avg.:  1.3% 
	  2.8%   1.4%   2.4%   1.2%   0.0%   0.0%   0.0%   0.0%   0.0%   0.0% 	Avg.:  2.0% 
	  2.6%   1.1%   3.2%   1.2%   1.3%   0.0%   0.0%   0.0%   0.0%   0.0% 	Avg.:  1.9% 
	  3.7%   2.4%   3.5%   2.0%   2.6%   1.1%   0.0%   0.0%   0.0%   0.0% 	Avg.:  2.5% 
	  3.2%   1.4%   4.0%   2.1%   3.0%   2.3%   0.8%   0.0%   0.0%   0.0% 	Avg.:  2.4% 
	  0.0%   0.0%   0.0%   0.0%   0.0%   0.0%   0.0%   0.0%   0.0%   0.0% 	Avg.:  0.0% 
	  0.0%   0.0%   0.0%   0.0%   0.0%   0.0%   0.0%   0.0%   0.0%   0.0% 	Avg.:  0.0% 
************************************************************************************************************
TAg Forg
	  0.0%   0.0%   0.0%   0.0%   0.0%   0.0%   0.0%   0.0%   0.0%   0.0% 
	  7.2%   0.0%   0.0%   0.0%   0.0%   0.0%   0.0%   0.0%   0.0%   0.0% 	Avg.:  7.2% 
	  9.0%   8.3%   0.0%   0.0%   0.0%   0.0%   0.0%   0.0%   0.0%   0.0% 	Avg.:  8.6% 
	 14.7%  17.1%  12.1%   0.0%   0.0%   0.0%   0.0%   0.0%   0.0%   0.0% 	Avg.: 14.6% 
	 23.0%  22.8%  26.4%  12.7%   0.0%   0.0%   0.0%   0.0%   0.0%   0.0% 	Avg.: 21.2% 
	 27.1%  27.0%  30.6%  19.4%  16.8%   0.0%   0.0%   0.0%   0.0%   0.0% 	Avg.: 24.2% 
	 35.5%  30.8%  38.7%  26.3%  27.4%  22.4%   0.0%   0.0%   0.0%   0.0% 	Avg.: 30.2% 
	 35.8%  32.9%  37.8%  28.9%  33.1%  26.0%  23.8%   0.0%   0.0%   0.0% 	Avg.: 31.2% 
	  0.0%   0.0%   0.0%   0.0%   0.0%   0.0%   0.0%   0.0%   0.0%   0.0% 	Avg.:  0.0% 
	  0.0%   0.0%   0.0%   0.0%   0.0%   0.0%   0.0%   0.0%   0.0%   0.0% 	Avg.:  0.0% 
************************************************************************************************************
[Elapsed time = 0.8 h]
Done!
