START_TASK=2 STOP_TASK=3
============================================================================================================
Arguments =
	all_outputs: False
	approach: ewc
	batch_size: 64
	classes_first_task: None
	clipping: 10000
	crop: 224
	data_path: ../data/food101
	dataset: food101
	eval_on_train: False
	experiment_path: None
	fix_bn: False
	freeze_backbone: False
	gpu: 0
	gpus: [0]
	increment: 10
	last_layer_analysis: False
	log: ['disk']
	lr: 0.01
	lr_factor: None
	lr_min: 0.0001
	lr_patience: None
	lr_scheduler: cosine
	lr_warmup_epochs: 0
	momentum: 0.0
	multi_softmax: False
	nepochs: 70
	network: resnet50.a1_in1k
	no_cudnn_deterministic: False
	normalize: in1k
	num_workers: 2
	optimizer_name: sgd
	pin_memory: False
	pretrained: True
	resize: 224
	results_path: ./results
	save_models: True
	seed: 0
	start_at_task: 2
	start_epoch: 0
	stop_at_task: 3
	stop_epoch: 0
	use_valid_only: False
	warmup_lr_factor: 1.0
	warmup_nepochs: 0
	weight_decay: 0.0
============================================================================================================
Approach arguments =
	alpha: -1
	fi_num_samples: -1
	fi_sampling_type: true
	lamb: 5000
============================================================================================================
Exemplars arguments =
============================================================================================================
WARNING: ./results/resnet50.a1_in1k/food101/ewc/10 already exists!
Loaded acc_taw from: ./results/resnet50.a1_in1k/food101/ewc/10/acc_taw-1.txt
Loaded acc_tag from: ./results/resnet50.a1_in1k/food101/ewc/10/acc_tag-1.txt
Loaded forg_taw from: ./results/resnet50.a1_in1k/food101/ewc/10/forg_taw-1.txt
Loaded forg_tag from: ./results/resnet50.a1_in1k/food101/ewc/10/forg_tag-1.txt
Fisher: 159 layers | older_params: 159 layers loaded
************************************************************************************************************
Task  2  [epochs 0-70]
************************************************************************************************************
[params] total:23,569,502  trainable:23,569,502  tensors:165  trainable_tensors:165
| Epoch   1, time= 29.6s | Train: skip eval | Valid: time=  2.6s loss=288233.554, TAw acc= 57.2% | * lr=1.0e-02
| Epoch   2, time= 25.6s | Train: skip eval | Valid: time=  2.7s loss=288233.311, TAw acc= 64.0% | * lr=1.0e-02
| Epoch   3, time= 27.2s | Train: skip eval | Valid: time=  2.3s loss=288233.122, TAw acc= 65.9% | * lr=1.0e-02
| Epoch   4, time= 29.6s | Train: skip eval | Valid: time=  2.3s loss=288232.847, TAw acc= 68.5% | * lr=9.9e-03
| Epoch   5, time= 23.9s | Train: skip eval | Valid: time=  2.4s loss=288232.853, TAw acc= 69.2% | lr=9.9e-03
| Epoch   6, time= 27.2s | Train: skip eval | Valid: time=  2.4s loss=288232.625, TAw acc= 69.3% | * lr=9.8e-03
| Epoch   7, time= 25.8s | Train: skip eval | Valid: time=  2.3s loss=288232.540, TAw acc= 70.5% | * lr=9.8e-03
| Epoch   8, time= 26.9s | Train: skip eval | Valid: time=  2.5s loss=288232.486, TAw acc= 70.9% | * lr=9.7e-03
| Epoch   9, time= 25.0s | Train: skip eval | Valid: time=  2.3s loss=288232.463, TAw acc= 72.7% | * lr=9.6e-03
| Epoch  10, time= 24.7s | Train: skip eval | Valid: time=  2.4s loss=288232.406, TAw acc= 72.3% | * lr=9.5e-03
| Epoch  11, time= 23.4s | Train: skip eval | Valid: time=  2.4s loss=288232.353, TAw acc= 73.1% | * lr=9.4e-03
| Epoch  12, time= 26.4s | Train: skip eval | Valid: time=  2.7s loss=288232.219, TAw acc= 72.8% | * lr=9.3e-03
| Epoch  13, time= 28.9s | Train: skip eval | Valid: time=  3.0s loss=288232.027, TAw acc= 74.7% | * lr=9.2e-03
| Epoch  14, time= 25.6s | Train: skip eval | Valid: time=  3.3s loss=279543.261, TAw acc= 74.3% | * lr=9.1e-03
| Epoch  15, time= 29.4s | Train: skip eval | Valid: time=  2.4s loss=258958.245, TAw acc= 75.1% | * lr=8.9e-03
| Epoch  16, time= 24.2s | Train: skip eval | Valid: time=  2.6s loss=250350.803, TAw acc= 75.1% | * lr=8.8e-03
| Epoch  17, time= 24.5s | Train: skip eval | Valid: time=  2.9s loss=228249.093, TAw acc= 75.7% | * lr=8.6e-03
| Epoch  18, time= 24.8s | Train: skip eval | Valid: time=  2.4s loss=219421.961, TAw acc= 77.6% | * lr=8.5e-03
| Epoch  19, time= 24.7s | Train: skip eval | Valid: time=  2.4s loss=16988.945, TAw acc= 77.3% | * lr=8.3e-03
| Epoch  20, time= 24.4s | Train: skip eval | Valid: time=  2.3s loss=1.166, TAw acc= 76.8% | * lr=8.1e-03
| Epoch  21, time= 23.6s | Train: skip eval | Valid: time=  2.4s loss=0.753, TAw acc= 77.3% | * lr=8.0e-03
| Epoch  22, time= 28.8s | Train: skip eval | Valid: time=  2.4s loss=0.719, TAw acc= 78.9% | * lr=7.8e-03
| Epoch  23, time= 24.8s | Train: skip eval | Valid: time=  2.5s loss=0.721, TAw acc= 77.9% | lr=7.6e-03
| Epoch  24, time= 24.1s | Train: skip eval | Valid: time=  2.4s loss=0.727, TAw acc= 79.2% | lr=7.4e-03
| Epoch  25, time= 24.7s | Train: skip eval | Valid: time=  2.3s loss=0.712, TAw acc= 78.1% | * lr=7.2e-03
| Epoch  26, time= 23.6s | Train: skip eval | Valid: time=  2.5s loss=0.703, TAw acc= 79.6% | * lr=7.0e-03
| Epoch  27, time= 25.5s | Train: skip eval | Valid: time=  2.4s loss=0.711, TAw acc= 77.6% | lr=6.8e-03
| Epoch  28, time= 24.2s | Train: skip eval | Valid: time=  2.3s loss=0.684, TAw acc= 79.3% | * lr=6.6e-03
| Epoch  29, time= 25.1s | Train: skip eval | Valid: time=  2.7s loss=0.700, TAw acc= 78.1% | lr=6.4e-03
| Epoch  30, time= 24.7s | Train: skip eval | Valid: time=  2.4s loss=0.679, TAw acc= 79.2% | * lr=6.2e-03
| Epoch  31, time= 24.0s | Train: skip eval | Valid: time=  2.6s loss=0.663, TAw acc= 78.8% | * lr=5.9e-03
| Epoch  32, time= 23.2s | Train: skip eval | Valid: time=  2.7s loss=0.679, TAw acc= 79.7% | lr=5.7e-03
| Epoch  33, time= 25.7s | Train: skip eval | Valid: time=  2.4s loss=0.652, TAw acc= 80.1% | * lr=5.5e-03
| Epoch  34, time= 26.6s | Train: skip eval | Valid: time=  2.4s loss=0.679, TAw acc= 78.8% | lr=5.3e-03
| Epoch  35, time= 23.8s | Train: skip eval | Valid: time=  2.8s loss=0.642, TAw acc= 80.1% | * lr=5.1e-03
| Epoch  36, time= 26.1s | Train: skip eval | Valid: time=  2.4s loss=0.646, TAw acc= 80.4% | lr=4.8e-03
| Epoch  37, time= 24.1s | Train: skip eval | Valid: time=  2.4s loss=0.633, TAw acc= 80.1% | * lr=4.6e-03
| Epoch  38, time= 25.1s | Train: skip eval | Valid: time=  2.6s loss=0.638, TAw acc= 80.0% | lr=4.4e-03
| Epoch  39, time= 23.8s | Train: skip eval | Valid: time=  3.1s loss=0.638, TAw acc= 80.3% | lr=4.2e-03
| Epoch  40, time= 22.5s | Train: skip eval | Valid: time=  2.4s loss=0.643, TAw acc= 80.1% | lr=3.9e-03
| Epoch  41, time= 25.1s | Train: skip eval | Valid: time=  3.3s loss=0.628, TAw acc= 80.9% | * lr=3.7e-03
| Epoch  42, time= 24.6s | Train: skip eval | Valid: time=  2.3s loss=0.630, TAw acc= 79.9% | lr=3.5e-03
| Epoch  43, time= 24.2s | Train: skip eval | Valid: time=  2.3s loss=0.627, TAw acc= 79.9% | * lr=3.3e-03
| Epoch  44, time= 26.6s | Train: skip eval | Valid: time=  2.4s loss=0.621, TAw acc= 80.1% | * lr=3.1e-03
| Epoch  45, time= 26.9s | Train: skip eval | Valid: time=  2.4s loss=0.622, TAw acc= 80.1% | lr=2.9e-03
| Epoch  46, time= 25.4s | Train: skip eval | Valid: time=  2.4s loss=0.615, TAw acc= 80.4% | * lr=2.7e-03
| Epoch  47, time= 25.4s | Train: skip eval | Valid: time=  3.2s loss=0.613, TAw acc= 80.7% | * lr=2.5e-03
| Epoch  48, time= 27.5s | Train: skip eval | Valid: time=  2.9s loss=0.609, TAw acc= 80.9% | * lr=2.3e-03
| Epoch  49, time= 23.0s | Train: skip eval | Valid: time=  2.4s loss=0.602, TAw acc= 80.9% | * lr=2.1e-03
| Epoch  50, time= 26.6s | Train: skip eval | Valid: time=  2.8s loss=0.614, TAw acc= 80.7% | lr=2.0e-03
| Epoch  51, time= 25.3s | Train: skip eval | Valid: time=  2.4s loss=0.602, TAw acc= 81.6% | * lr=1.8e-03
| Epoch  52, time= 23.5s | Train: skip eval | Valid: time=  2.5s loss=0.612, TAw acc= 80.4% | lr=1.6e-03
| Epoch  53, time= 26.7s | Train: skip eval | Valid: time=  2.4s loss=0.605, TAw acc= 80.9% | lr=1.5e-03
| Epoch  54, time= 25.6s | Train: skip eval | Valid: time=  2.3s loss=0.603, TAw acc= 81.5% | lr=1.3e-03
| Epoch  55, time= 23.5s | Train: skip eval | Valid: time=  2.5s loss=0.604, TAw acc= 81.3% | lr=1.2e-03
| Epoch  56, time= 26.1s | Train: skip eval | Valid: time=  2.3s loss=0.603, TAw acc= 81.3% | lr=1.0e-03
| Epoch  57, time= 23.3s | Train: skip eval | Valid: time=  2.3s loss=0.611, TAw acc= 80.4% | lr=9.2e-04
| Epoch  58, time= 23.0s | Train: skip eval | Valid: time=  2.4s loss=0.612, TAw acc= 80.7% | lr=8.0e-04
| Epoch  59, time= 24.9s | Train: skip eval | Valid: time=  2.4s loss=0.602, TAw acc= 81.1% | * lr=6.9e-04
| Epoch  60, time= 24.6s | Train: skip eval | Valid: time=  3.0s loss=0.606, TAw acc= 80.8% | lr=5.9e-04
| Epoch  61, time= 24.1s | Train: skip eval | Valid: time=  2.5s loss=0.597, TAw acc= 81.6% | * lr=5.0e-04
| Epoch  62, time= 27.0s | Train: skip eval | Valid: time=  2.5s loss=0.602, TAw acc= 81.2% | lr=4.2e-04
| Epoch  63, time= 24.7s | Train: skip eval | Valid: time=  2.3s loss=0.604, TAw acc= 81.1% | lr=3.4e-04
| Epoch  64, time= 26.6s | Train: skip eval | Valid: time=  2.3s loss=0.592, TAw acc= 80.8% | * lr=2.8e-04
| Epoch  65, time= 28.1s | Train: skip eval | Valid: time=  3.2s loss=0.600, TAw acc= 81.2% | lr=2.2e-04
| Epoch  66, time= 24.8s | Train: skip eval | Valid: time=  2.6s loss=0.596, TAw acc= 81.3% | lr=1.8e-04
| Epoch  67, time= 23.1s | Train: skip eval | Valid: time=  2.5s loss=0.601, TAw acc= 80.7% | lr=1.4e-04
| Epoch  68, time= 24.3s | Train: skip eval | Valid: time=  3.2s loss=0.591, TAw acc= 81.1% | * lr=1.2e-04
| Epoch  69, time= 23.8s | Train: skip eval | Valid: time=  2.3s loss=0.602, TAw acc= 80.9% | lr=1.0e-04
| Epoch  70, time= 25.4s | Train: skip eval | Valid: time=  2.3s loss=0.590, TAw acc= 81.5% | * lr=1.0e-04
------------------------------------------------------------------------------------------------------------
>>> Test on task  0 : loss=0.536 | TAw acc= 81.2%, forg=  5.0% | TAg acc= 71.7%, forg= 14.3% <<<
>>> Test on task  1 : loss=0.448 | TAw acc= 85.4%, forg=  4.4% | TAg acc= 68.2%, forg=  7.4% <<<
>>> Test on task  2 : loss=0.479 | TAw acc= 85.7%, forg=  0.0% | TAg acc= 62.3%, forg=  0.0% <<<
Save at ./results/./results/resnet50.a1_in1k/food101/ewc/10
************************************************************************************************************
TAw Acc
	 86.0%   0.0%   0.0%   0.0%   0.0%   0.0%   0.0%   0.0%   0.0%   0.0% 	Avg.: 86.0% 
	 86.1%  89.8%   0.0%   0.0%   0.0%   0.0%   0.0%   0.0%   0.0%   0.0% 	Avg.: 88.0% 
	 81.2%  85.4%  85.7%   0.0%   0.0%   0.0%   0.0%   0.0%   0.0%   0.0% 	Avg.: 84.1% 
	  0.0%   0.0%   0.0%   0.0%   0.0%   0.0%   0.0%   0.0%   0.0%   0.0% 	Avg.:  0.0% 
	  0.0%   0.0%   0.0%   0.0%   0.0%   0.0%   0.0%   0.0%   0.0%   0.0% 	Avg.:  0.0% 
	  0.0%   0.0%   0.0%   0.0%   0.0%   0.0%   0.0%   0.0%   0.0%   0.0% 	Avg.:  0.0% 
	  0.0%   0.0%   0.0%   0.0%   0.0%   0.0%   0.0%   0.0%   0.0%   0.0% 	Avg.:  0.0% 
	  0.0%   0.0%   0.0%   0.0%   0.0%   0.0%   0.0%   0.0%   0.0%   0.0% 	Avg.:  0.0% 
	  0.0%   0.0%   0.0%   0.0%   0.0%   0.0%   0.0%   0.0%   0.0%   0.0% 	Avg.:  0.0% 
	  0.0%   0.0%   0.0%   0.0%   0.0%   0.0%   0.0%   0.0%   0.0%   0.0% 	Avg.:  0.0% 
************************************************************************************************************
TAg Acc
	 86.0%   0.0%   0.0%   0.0%   0.0%   0.0%   0.0%   0.0%   0.0%   0.0% 	Avg.: 86.0% 
	 79.9%  75.6%   0.0%   0.0%   0.0%   0.0%   0.0%   0.0%   0.0%   0.0% 	Avg.: 77.8% 
	 71.7%  68.2%  62.3%   0.0%   0.0%   0.0%   0.0%   0.0%   0.0%   0.0% 	Avg.: 67.4% 
	  0.0%   0.0%   0.0%   0.0%   0.0%   0.0%   0.0%   0.0%   0.0%   0.0% 	Avg.:  0.0% 
	  0.0%   0.0%   0.0%   0.0%   0.0%   0.0%   0.0%   0.0%   0.0%   0.0% 	Avg.:  0.0% 
	  0.0%   0.0%   0.0%   0.0%   0.0%   0.0%   0.0%   0.0%   0.0%   0.0% 	Avg.:  0.0% 
	  0.0%   0.0%   0.0%   0.0%   0.0%   0.0%   0.0%   0.0%   0.0%   0.0% 	Avg.:  0.0% 
	  0.0%   0.0%   0.0%   0.0%   0.0%   0.0%   0.0%   0.0%   0.0%   0.0% 	Avg.:  0.0% 
	  0.0%   0.0%   0.0%   0.0%   0.0%   0.0%   0.0%   0.0%   0.0%   0.0% 	Avg.:  0.0% 
	  0.0%   0.0%   0.0%   0.0%   0.0%   0.0%   0.0%   0.0%   0.0%   0.0% 	Avg.:  0.0% 
************************************************************************************************************
TAw Forg
	  0.0%   0.0%   0.0%   0.0%   0.0%   0.0%   0.0%   0.0%   0.0%   0.0% 
	 -0.1%   0.0%   0.0%   0.0%   0.0%   0.0%   0.0%   0.0%   0.0%   0.0% 	Avg.: -0.1% 
	  5.0%   4.4%   0.0%   0.0%   0.0%   0.0%   0.0%   0.0%   0.0%   0.0% 	Avg.:  4.7% 
	  0.0%   0.0%   0.0%   0.0%   0.0%   0.0%   0.0%   0.0%   0.0%   0.0% 	Avg.:  0.0% 
	  0.0%   0.0%   0.0%   0.0%   0.0%   0.0%   0.0%   0.0%   0.0%   0.0% 	Avg.:  0.0% 
	  0.0%   0.0%   0.0%   0.0%   0.0%   0.0%   0.0%   0.0%   0.0%   0.0% 	Avg.:  0.0% 
	  0.0%   0.0%   0.0%   0.0%   0.0%   0.0%   0.0%   0.0%   0.0%   0.0% 	Avg.:  0.0% 
	  0.0%   0.0%   0.0%   0.0%   0.0%   0.0%   0.0%   0.0%   0.0%   0.0% 	Avg.:  0.0% 
	  0.0%   0.0%   0.0%   0.0%   0.0%   0.0%   0.0%   0.0%   0.0%   0.0% 	Avg.:  0.0% 
	  0.0%   0.0%   0.0%   0.0%   0.0%   0.0%   0.0%   0.0%   0.0%   0.0% 	Avg.:  0.0% 
************************************************************************************************************
TAg Forg
	  0.0%   0.0%   0.0%   0.0%   0.0%   0.0%   0.0%   0.0%   0.0%   0.0% 
	  6.1%   0.0%   0.0%   0.0%   0.0%   0.0%   0.0%   0.0%   0.0%   0.0% 	Avg.:  6.1% 
	 14.3%   7.4%   0.0%   0.0%   0.0%   0.0%   0.0%   0.0%   0.0%   0.0% 	Avg.: 10.9% 
	  0.0%   0.0%   0.0%   0.0%   0.0%   0.0%   0.0%   0.0%   0.0%   0.0% 	Avg.:  0.0% 
	  0.0%   0.0%   0.0%   0.0%   0.0%   0.0%   0.0%   0.0%   0.0%   0.0% 	Avg.:  0.0% 
	  0.0%   0.0%   0.0%   0.0%   0.0%   0.0%   0.0%   0.0%   0.0%   0.0% 	Avg.:  0.0% 
	  0.0%   0.0%   0.0%   0.0%   0.0%   0.0%   0.0%   0.0%   0.0%   0.0% 	Avg.:  0.0% 
	  0.0%   0.0%   0.0%   0.0%   0.0%   0.0%   0.0%   0.0%   0.0%   0.0% 	Avg.:  0.0% 
	  0.0%   0.0%   0.0%   0.0%   0.0%   0.0%   0.0%   0.0%   0.0%   0.0% 	Avg.:  0.0% 
	  0.0%   0.0%   0.0%   0.0%   0.0%   0.0%   0.0%   0.0%   0.0%   0.0% 	Avg.:  0.0% 
************************************************************************************************************
[Elapsed time = 0.6 h]
Done!
