START_TASK=4 STOP_TASK=5
============================================================================================================
Arguments =
	all_outputs: False
	approach: ewc
	batch_size: 64
	classes_first_task: None
	clipping: 10000
	crop: 224
	data_path: ../data/food101
	dataset: food101
	eval_on_train: False
	experiment_path: None
	fix_bn: False
	freeze_backbone: False
	gpu: 0
	gpus: [0]
	increment: 10
	last_layer_analysis: False
	log: ['disk']
	lr: 0.01
	lr_factor: None
	lr_min: 0.0001
	lr_patience: None
	lr_scheduler: cosine
	lr_warmup_epochs: 0
	momentum: 0.0
	multi_softmax: False
	nepochs: 70
	network: resnet50.a1_in1k
	no_cudnn_deterministic: False
	normalize: in1k
	num_workers: 2
	optimizer_name: sgd
	pin_memory: False
	pretrained: True
	resize: 224
	results_path: ./results
	save_models: True
	seed: 0
	start_at_task: 4
	start_epoch: 0
	stop_at_task: 5
	stop_epoch: 0
	use_valid_only: False
	warmup_lr_factor: 1.0
	warmup_nepochs: 0
	weight_decay: 0.0
============================================================================================================
Approach arguments =
	alpha: -1
	fi_num_samples: -1
	fi_sampling_type: true
	lamb: 5000
============================================================================================================
Exemplars arguments =
============================================================================================================
WARNING: ./results/resnet50.a1_in1k/food101/ewc/10 already exists!
Loaded acc_taw from: ./results/resnet50.a1_in1k/food101/ewc/10/acc_taw-3.txt
Loaded acc_tag from: ./results/resnet50.a1_in1k/food101/ewc/10/acc_tag-3.txt
Loaded forg_taw from: ./results/resnet50.a1_in1k/food101/ewc/10/forg_taw-3.txt
Loaded forg_tag from: ./results/resnet50.a1_in1k/food101/ewc/10/forg_tag-3.txt
Fisher: 159 layers | older_params: 159 layers loaded
************************************************************************************************************
Task  4  [epochs 0-70]
************************************************************************************************************
[params] total:23,610,482  trainable:23,610,482  tensors:169  trainable_tensors:169
| Epoch   1, time= 28.4s | Train: skip eval | Valid: time=  2.5s loss=259115.349, TAw acc= 64.0% | * lr=1.0e-02
| Epoch   2, time= 25.9s | Train: skip eval | Valid: time=  2.4s loss=259115.051, TAw acc= 69.2% | * lr=1.0e-02
| Epoch   3, time= 24.0s | Train: skip eval | Valid: time=  2.7s loss=259114.886, TAw acc= 70.7% | * lr=1.0e-02
| Epoch   4, time= 25.3s | Train: skip eval | Valid: time=  2.8s loss=259114.763, TAw acc= 72.0% | * lr=9.9e-03
| Epoch   5, time= 24.9s | Train: skip eval | Valid: time=  2.3s loss=259114.691, TAw acc= 72.7% | * lr=9.9e-03
| Epoch   6, time= 26.5s | Train: skip eval | Valid: time=  2.3s loss=259114.627, TAw acc= 73.2% | * lr=9.8e-03
| Epoch   7, time= 23.8s | Train: skip eval | Valid: time=  2.9s loss=259114.610, TAw acc= 74.4% | * lr=9.8e-03
| Epoch   8, time= 23.2s | Train: skip eval | Valid: time=  2.7s loss=259114.556, TAw acc= 74.0% | * lr=9.7e-03
| Epoch   9, time= 25.5s | Train: skip eval | Valid: time=  2.9s loss=259114.434, TAw acc= 74.7% | * lr=9.6e-03
| Epoch  10, time= 28.4s | Train: skip eval | Valid: time=  2.3s loss=259114.397, TAw acc= 76.1% | * lr=9.5e-03
| Epoch  11, time= 24.4s | Train: skip eval | Valid: time=  2.7s loss=259114.291, TAw acc= 75.9% | * lr=9.4e-03
| Epoch  12, time= 24.4s | Train: skip eval | Valid: time=  2.5s loss=259114.186, TAw acc= 76.4% | * lr=9.3e-03
| Epoch  13, time= 25.1s | Train: skip eval | Valid: time=  2.4s loss=259114.170, TAw acc= 76.3% | * lr=9.2e-03
| Epoch  14, time= 26.3s | Train: skip eval | Valid: time=  2.3s loss=259114.355, TAw acc= 77.5% | lr=9.1e-03
| Epoch  15, time= 25.2s | Train: skip eval | Valid: time=  2.4s loss=259114.295, TAw acc= 78.1% | lr=8.9e-03
| Epoch  16, time= 24.9s | Train: skip eval | Valid: time=  2.5s loss=259114.224, TAw acc= 78.3% | lr=8.8e-03
| Epoch  17, time= 25.3s | Train: skip eval | Valid: time=  2.9s loss=259114.310, TAw acc= 78.4% | lr=8.6e-03
| Epoch  18, time= 23.7s | Train: skip eval | Valid: time=  2.4s loss=248172.292, TAw acc= 77.7% | * lr=8.5e-03
| Epoch  19, time= 27.0s | Train: skip eval | Valid: time=  2.7s loss=224616.087, TAw acc= 78.1% | * lr=8.3e-03
| Epoch  20, time= 25.9s | Train: skip eval | Valid: time=  3.0s loss=213953.342, TAw acc= 79.5% | * lr=8.1e-03
| Epoch  21, time= 24.3s | Train: skip eval | Valid: time=  2.4s loss=73689.483, TAw acc= 78.5% | * lr=8.0e-03
| Epoch  22, time= 26.0s | Train: skip eval | Valid: time=  2.7s loss=2.916, TAw acc= 79.9% | * lr=7.8e-03
| Epoch  23, time= 23.8s | Train: skip eval | Valid: time=  2.3s loss=0.657, TAw acc= 81.5% | * lr=7.6e-03
| Epoch  24, time= 26.6s | Train: skip eval | Valid: time=  2.5s loss=0.648, TAw acc= 80.8% | * lr=7.4e-03
| Epoch  25, time= 29.1s | Train: skip eval | Valid: time=  2.9s loss=0.662, TAw acc= 80.4% | lr=7.2e-03
| Epoch  26, time= 23.7s | Train: skip eval | Valid: time=  2.7s loss=0.658, TAw acc= 80.5% | lr=7.0e-03
| Epoch  27, time= 25.1s | Train: skip eval | Valid: time=  2.6s loss=0.657, TAw acc= 80.7% | lr=6.8e-03
| Epoch  28, time= 23.5s | Train: skip eval | Valid: time=  3.2s loss=0.659, TAw acc= 79.9% | lr=6.6e-03
| Epoch  29, time= 25.9s | Train: skip eval | Valid: time=  2.3s loss=0.621, TAw acc= 81.7% | * lr=6.4e-03
| Epoch  30, time= 25.5s | Train: skip eval | Valid: time=  2.5s loss=0.625, TAw acc= 80.5% | lr=6.2e-03
| Epoch  31, time= 24.9s | Train: skip eval | Valid: time=  2.7s loss=0.624, TAw acc= 82.1% | lr=5.9e-03
| Epoch  32, time= 25.9s | Train: skip eval | Valid: time=  3.1s loss=0.607, TAw acc= 82.7% | * lr=5.7e-03
| Epoch  33, time= 26.4s | Train: skip eval | Valid: time=  2.8s loss=0.603, TAw acc= 81.7% | * lr=5.5e-03
| Epoch  34, time= 24.2s | Train: skip eval | Valid: time=  3.1s loss=0.602, TAw acc= 82.3% | * lr=5.3e-03
| Epoch  35, time= 26.1s | Train: skip eval | Valid: time=  2.8s loss=0.590, TAw acc= 82.9% | * lr=5.1e-03
| Epoch  36, time= 24.2s | Train: skip eval | Valid: time=  2.5s loss=0.594, TAw acc= 82.3% | lr=4.8e-03
| Epoch  37, time= 23.8s | Train: skip eval | Valid: time=  2.4s loss=0.592, TAw acc= 82.4% | lr=4.6e-03
| Epoch  38, time= 25.1s | Train: skip eval | Valid: time=  2.4s loss=0.599, TAw acc= 83.2% | lr=4.4e-03
| Epoch  39, time= 27.8s | Train: skip eval | Valid: time=  3.1s loss=0.585, TAw acc= 83.1% | * lr=4.2e-03
| Epoch  40, time= 25.2s | Train: skip eval | Valid: time=  2.6s loss=0.585, TAw acc= 83.1% | lr=3.9e-03
| Epoch  41, time= 24.1s | Train: skip eval | Valid: time=  2.7s loss=0.584, TAw acc= 83.5% | * lr=3.7e-03
| Epoch  42, time= 25.3s | Train: skip eval | Valid: time=  2.3s loss=0.585, TAw acc= 83.3% | lr=3.5e-03
| Epoch  43, time= 26.2s | Train: skip eval | Valid: time=  2.6s loss=0.578, TAw acc= 83.6% | * lr=3.3e-03
| Epoch  44, time= 25.7s | Train: skip eval | Valid: time=  2.5s loss=0.578, TAw acc= 83.1% | lr=3.1e-03
| Epoch  45, time= 26.1s | Train: skip eval | Valid: time=  2.4s loss=0.574, TAw acc= 83.3% | * lr=2.9e-03
| Epoch  46, time= 26.1s | Train: skip eval | Valid: time=  2.6s loss=0.574, TAw acc= 83.5% | * lr=2.7e-03
| Epoch  47, time= 26.7s | Train: skip eval | Valid: time=  2.5s loss=0.566, TAw acc= 84.0% | * lr=2.5e-03
| Epoch  48, time= 24.6s | Train: skip eval | Valid: time=  2.6s loss=0.573, TAw acc= 83.5% | lr=2.3e-03
| Epoch  49, time= 23.4s | Train: skip eval | Valid: time=  2.4s loss=0.566, TAw acc= 83.7% | lr=2.1e-03
| Epoch  50, time= 23.9s | Train: skip eval | Valid: time=  2.3s loss=0.570, TAw acc= 83.7% | lr=2.0e-03
| Epoch  51, time= 24.3s | Train: skip eval | Valid: time=  2.9s loss=0.567, TAw acc= 83.5% | lr=1.8e-03
| Epoch  52, time= 26.1s | Train: skip eval | Valid: time=  2.2s loss=0.568, TAw acc= 84.0% | lr=1.6e-03
| Epoch  53, time= 23.8s | Train: skip eval | Valid: time=  2.3s loss=0.563, TAw acc= 84.5% | * lr=1.5e-03
| Epoch  54, time= 24.4s | Train: skip eval | Valid: time=  2.4s loss=0.564, TAw acc= 83.5% | lr=1.3e-03
| Epoch  55, time= 23.4s | Train: skip eval | Valid: time=  2.4s loss=0.559, TAw acc= 83.6% | * lr=1.2e-03
| Epoch  56, time= 25.4s | Train: skip eval | Valid: time=  2.6s loss=0.557, TAw acc= 84.3% | * lr=1.0e-03
| Epoch  57, time= 28.9s | Train: skip eval | Valid: time=  2.8s loss=0.562, TAw acc= 84.3% | lr=9.2e-04
| Epoch  58, time= 23.8s | Train: skip eval | Valid: time=  2.6s loss=0.559, TAw acc= 84.1% | lr=8.0e-04
| Epoch  59, time= 28.6s | Train: skip eval | Valid: time=  2.7s loss=0.561, TAw acc= 83.6% | lr=6.9e-04
| Epoch  60, time= 27.0s | Train: skip eval | Valid: time=  2.3s loss=0.554, TAw acc= 84.3% | * lr=5.9e-04
| Epoch  61, time= 24.9s | Train: skip eval | Valid: time=  2.4s loss=0.557, TAw acc= 84.1% | lr=5.0e-04
| Epoch  62, time= 26.8s | Train: skip eval | Valid: time=  2.7s loss=0.556, TAw acc= 83.9% | lr=4.2e-04
| Epoch  63, time= 29.5s | Train: skip eval | Valid: time=  2.8s loss=0.560, TAw acc= 83.9% | lr=3.4e-04
| Epoch  64, time= 24.6s | Train: skip eval | Valid: time=  2.6s loss=0.557, TAw acc= 84.1% | lr=2.8e-04
| Epoch  65, time= 26.5s | Train: skip eval | Valid: time=  3.1s loss=0.562, TAw acc= 83.9% | lr=2.2e-04
| Epoch  66, time= 25.8s | Train: skip eval | Valid: time=  2.6s loss=0.560, TAw acc= 83.7% | lr=1.8e-04
| Epoch  67, time= 26.2s | Train: skip eval | Valid: time=  2.4s loss=0.558, TAw acc= 84.4% | lr=1.4e-04
| Epoch  68, time= 23.8s | Train: skip eval | Valid: time=  2.4s loss=0.557, TAw acc= 84.3% | lr=1.2e-04
| Epoch  69, time= 27.8s | Train: skip eval | Valid: time=  2.4s loss=0.561, TAw acc= 83.9% | lr=1.0e-04
| Epoch  70, time= 26.5s | Train: skip eval | Valid: time=  2.4s loss=0.562, TAw acc= 83.9% | lr=1.0e-04
------------------------------------------------------------------------------------------------------------
>>> Test on task  0 : loss=0.478 | TAw acc= 84.3%, forg=  1.8% | TAg acc= 73.8%, forg= 12.2% <<<
>>> Test on task  1 : loss=0.396 | TAw acc= 86.7%, forg=  3.1% | TAg acc= 68.2%, forg=  7.4% <<<
>>> Test on task  2 : loss=0.443 | TAw acc= 86.3%, forg= -0.6% | TAg acc= 57.9%, forg=  4.4% <<<
>>> Test on task  3 : loss=0.396 | TAw acc= 87.0%, forg=  2.1% | TAg acc= 55.8%, forg=  2.1% <<<
>>> Test on task  4 : loss=0.415 | TAw acc= 87.2%, forg=  0.0% | TAg acc= 44.6%, forg=  0.0% <<<
Save at ./results/./results/resnet50.a1_in1k/food101/ewc/10
************************************************************************************************************
TAw Acc
	 86.0%   0.0%   0.0%   0.0%   0.0%   0.0%   0.0%   0.0%   0.0%   0.0% 	Avg.: 86.0% 
	 86.1%  89.8%   0.0%   0.0%   0.0%   0.0%   0.0%   0.0%   0.0%   0.0% 	Avg.: 88.0% 
	 81.2%  85.4%  85.7%   0.0%   0.0%   0.0%   0.0%   0.0%   0.0%   0.0% 	Avg.: 84.1% 
	 84.6%  87.3%  82.3%  89.1%   0.0%   0.0%   0.0%   0.0%   0.0%   0.0% 	Avg.: 85.8% 
	 84.3%  86.7%  86.3%  87.0%  87.2%   0.0%   0.0%   0.0%   0.0%   0.0% 	Avg.: 86.3% 
	  0.0%   0.0%   0.0%   0.0%   0.0%   0.0%   0.0%   0.0%   0.0%   0.0% 	Avg.:  0.0% 
	  0.0%   0.0%   0.0%   0.0%   0.0%   0.0%   0.0%   0.0%   0.0%   0.0% 	Avg.:  0.0% 
	  0.0%   0.0%   0.0%   0.0%   0.0%   0.0%   0.0%   0.0%   0.0%   0.0% 	Avg.:  0.0% 
	  0.0%   0.0%   0.0%   0.0%   0.0%   0.0%   0.0%   0.0%   0.0%   0.0% 	Avg.:  0.0% 
	  0.0%   0.0%   0.0%   0.0%   0.0%   0.0%   0.0%   0.0%   0.0%   0.0% 	Avg.:  0.0% 
************************************************************************************************************
TAg Acc
	 86.0%   0.0%   0.0%   0.0%   0.0%   0.0%   0.0%   0.0%   0.0%   0.0% 	Avg.: 86.0% 
	 79.9%  75.6%   0.0%   0.0%   0.0%   0.0%   0.0%   0.0%   0.0%   0.0% 	Avg.: 77.8% 
	 71.7%  68.2%  62.3%   0.0%   0.0%   0.0%   0.0%   0.0%   0.0%   0.0% 	Avg.: 67.4% 
	 73.9%  69.9%  58.2%  57.8%   0.0%   0.0%   0.0%   0.0%   0.0%   0.0% 	Avg.: 65.0% 
	 73.8%  68.2%  57.9%  55.8%  44.6%   0.0%   0.0%   0.0%   0.0%   0.0% 	Avg.: 60.1% 
	  0.0%   0.0%   0.0%   0.0%   0.0%   0.0%   0.0%   0.0%   0.0%   0.0% 	Avg.:  0.0% 
	  0.0%   0.0%   0.0%   0.0%   0.0%   0.0%   0.0%   0.0%   0.0%   0.0% 	Avg.:  0.0% 
	  0.0%   0.0%   0.0%   0.0%   0.0%   0.0%   0.0%   0.0%   0.0%   0.0% 	Avg.:  0.0% 
	  0.0%   0.0%   0.0%   0.0%   0.0%   0.0%   0.0%   0.0%   0.0%   0.0% 	Avg.:  0.0% 
	  0.0%   0.0%   0.0%   0.0%   0.0%   0.0%   0.0%   0.0%   0.0%   0.0% 	Avg.:  0.0% 
************************************************************************************************************
TAw Forg
	  0.0%   0.0%   0.0%   0.0%   0.0%   0.0%   0.0%   0.0%   0.0%   0.0% 
	 -0.1%   0.0%   0.0%   0.0%   0.0%   0.0%   0.0%   0.0%   0.0%   0.0% 	Avg.: -0.1% 
	  5.0%   4.4%   0.0%   0.0%   0.0%   0.0%   0.0%   0.0%   0.0%   0.0% 	Avg.:  4.7% 
	  1.5%   2.5%   3.4%   0.0%   0.0%   0.0%   0.0%   0.0%   0.0%   0.0% 	Avg.:  2.5% 
	  1.8%   3.1%  -0.6%   2.1%   0.0%   0.0%   0.0%   0.0%   0.0%   0.0% 	Avg.:  1.6% 
	  0.0%   0.0%   0.0%   0.0%   0.0%   0.0%   0.0%   0.0%   0.0%   0.0% 	Avg.:  0.0% 
	  0.0%   0.0%   0.0%   0.0%   0.0%   0.0%   0.0%   0.0%   0.0%   0.0% 	Avg.:  0.0% 
	  0.0%   0.0%   0.0%   0.0%   0.0%   0.0%   0.0%   0.0%   0.0%   0.0% 	Avg.:  0.0% 
	  0.0%   0.0%   0.0%   0.0%   0.0%   0.0%   0.0%   0.0%   0.0%   0.0% 	Avg.:  0.0% 
	  0.0%   0.0%   0.0%   0.0%   0.0%   0.0%   0.0%   0.0%   0.0%   0.0% 	Avg.:  0.0% 
************************************************************************************************************
TAg Forg
	  0.0%   0.0%   0.0%   0.0%   0.0%   0.0%   0.0%   0.0%   0.0%   0.0% 
	  6.1%   0.0%   0.0%   0.0%   0.0%   0.0%   0.0%   0.0%   0.0%   0.0% 	Avg.:  6.1% 
	 14.3%   7.4%   0.0%   0.0%   0.0%   0.0%   0.0%   0.0%   0.0%   0.0% 	Avg.: 10.9% 
	 12.1%   5.7%   4.1%   0.0%   0.0%   0.0%   0.0%   0.0%   0.0%   0.0% 	Avg.:  7.3% 
	 12.2%   7.4%   4.4%   2.1%   0.0%   0.0%   0.0%   0.0%   0.0%   0.0% 	Avg.:  6.5% 
	  0.0%   0.0%   0.0%   0.0%   0.0%   0.0%   0.0%   0.0%   0.0%   0.0% 	Avg.:  0.0% 
	  0.0%   0.0%   0.0%   0.0%   0.0%   0.0%   0.0%   0.0%   0.0%   0.0% 	Avg.:  0.0% 
	  0.0%   0.0%   0.0%   0.0%   0.0%   0.0%   0.0%   0.0%   0.0%   0.0% 	Avg.:  0.0% 
	  0.0%   0.0%   0.0%   0.0%   0.0%   0.0%   0.0%   0.0%   0.0%   0.0% 	Avg.:  0.0% 
	  0.0%   0.0%   0.0%   0.0%   0.0%   0.0%   0.0%   0.0%   0.0%   0.0% 	Avg.:  0.0% 
************************************************************************************************************
[Elapsed time = 0.6 h]
Done!
