START_TASK=1 STOP_TASK=2
============================================================================================================
Arguments =
	all_outputs: False
	approach: ewc
	batch_size: 64
	classes_first_task: None
	clipping: 10000
	crop: 224
	data_path: ../data/food101
	dataset: food101
	eval_on_train: False
	experiment_path: None
	fix_bn: False
	freeze_backbone: False
	gpu: 0
	gpus: [0]
	increment: 10
	last_layer_analysis: False
	log: ['disk']
	lr: 0.01
	lr_factor: None
	lr_min: 0.0001
	lr_patience: None
	lr_scheduler: cosine
	lr_warmup_epochs: 0
	momentum: 0.0
	multi_softmax: False
	nepochs: 70
	network: resnet50.a1_in1k
	no_cudnn_deterministic: False
	normalize: in1k
	num_workers: 2
	optimizer_name: sgd
	pin_memory: False
	pretrained: True
	resize: 224
	results_path: ./results
	save_models: True
	seed: 0
	start_at_task: 1
	start_epoch: 0
	stop_at_task: 2
	stop_epoch: 0
	use_valid_only: False
	warmup_lr_factor: 1.0
	warmup_nepochs: 0
	weight_decay: 0.0
============================================================================================================
Approach arguments =
	alpha: -1
	fi_num_samples: -1
	fi_sampling_type: true
	lamb: 5000
============================================================================================================
Exemplars arguments =
============================================================================================================
WARNING: ./results/resnet50.a1_in1k/food101/ewc/10 already exists!
Loaded acc_taw from: ./results/resnet50.a1_in1k/food101/ewc/10/acc_taw-0.txt
Loaded acc_tag from: ./results/resnet50.a1_in1k/food101/ewc/10/acc_tag-0.txt
Loaded forg_taw from: ./results/resnet50.a1_in1k/food101/ewc/10/forg_taw-0.txt
Loaded forg_tag from: ./results/resnet50.a1_in1k/food101/ewc/10/forg_tag-0.txt
Fisher: 159 layers | older_params: 159 layers loaded
************************************************************************************************************
Task  1  [epochs 0-70]
************************************************************************************************************
[params] total:23,549,012  trainable:23,549,012  tensors:163  trainable_tensors:163
| Epoch   1, time= 24.2s | Train: skip eval | Valid: time=  2.9s loss=1.958, TAw acc= 65.7% | * lr=1.0e-02
| Epoch   2, time= 24.5s | Train: skip eval | Valid: time=  2.6s loss=1.679, TAw acc= 72.3% | * lr=1.0e-02
| Epoch   3, time= 25.7s | Train: skip eval | Valid: time=  2.4s loss=1.486, TAw acc= 72.7% | * lr=1.0e-02
| Epoch   4, time= 23.9s | Train: skip eval | Valid: time=  2.3s loss=1.334, TAw acc= 74.9% | * lr=9.9e-03
| Epoch   5, time= 24.8s | Train: skip eval | Valid: time=  2.4s loss=1.203, TAw acc= 74.5% | * lr=9.9e-03
| Epoch   6, time= 27.4s | Train: skip eval | Valid: time=  2.7s loss=1.103, TAw acc= 76.0% | * lr=9.8e-03
| Epoch   7, time= 25.3s | Train: skip eval | Valid: time=  2.4s loss=1.036, TAw acc= 75.9% | * lr=9.8e-03
| Epoch   8, time= 26.6s | Train: skip eval | Valid: time=  2.4s loss=0.979, TAw acc= 77.2% | * lr=9.7e-03
| Epoch   9, time= 24.2s | Train: skip eval | Valid: time=  2.5s loss=0.890, TAw acc= 78.8% | * lr=9.6e-03
| Epoch  10, time= 25.6s | Train: skip eval | Valid: time=  2.3s loss=0.889, TAw acc= 78.3% | * lr=9.5e-03
| Epoch  11, time= 23.0s | Train: skip eval | Valid: time=  2.3s loss=0.835, TAw acc= 78.7% | * lr=9.4e-03
| Epoch  12, time= 26.7s | Train: skip eval | Valid: time=  2.6s loss=0.821, TAw acc= 78.8% | * lr=9.3e-03
| Epoch  13, time= 25.3s | Train: skip eval | Valid: time=  3.0s loss=0.794, TAw acc= 79.3% | * lr=9.2e-03
| Epoch  14, time= 24.5s | Train: skip eval | Valid: time=  2.7s loss=0.750, TAw acc= 79.2% | * lr=9.1e-03
| Epoch  15, time= 27.8s | Train: skip eval | Valid: time=  2.3s loss=0.730, TAw acc= 79.1% | * lr=8.9e-03
| Epoch  16, time= 25.6s | Train: skip eval | Valid: time=  3.3s loss=0.737, TAw acc= 80.1% | lr=8.8e-03
| Epoch  17, time= 24.1s | Train: skip eval | Valid: time=  3.1s loss=0.703, TAw acc= 80.5% | * lr=8.6e-03
| Epoch  18, time= 24.2s | Train: skip eval | Valid: time=  2.6s loss=0.704, TAw acc= 79.1% | lr=8.5e-03
| Epoch  19, time= 23.9s | Train: skip eval | Valid: time=  2.3s loss=0.681, TAw acc= 80.9% | * lr=8.3e-03
| Epoch  20, time= 25.9s | Train: skip eval | Valid: time=  2.3s loss=0.674, TAw acc= 81.7% | * lr=8.1e-03
| Epoch  21, time= 31.7s | Train: skip eval | Valid: time=  2.7s loss=0.665, TAw acc= 82.1% | * lr=8.0e-03
| Epoch  22, time= 27.3s | Train: skip eval | Valid: time=  2.5s loss=0.642, TAw acc= 81.7% | * lr=7.8e-03
| Epoch  23, time= 26.2s | Train: skip eval | Valid: time=  2.8s loss=0.640, TAw acc= 81.9% | * lr=7.6e-03
| Epoch  24, time= 24.1s | Train: skip eval | Valid: time=  2.6s loss=0.620, TAw acc= 81.3% | * lr=7.4e-03
| Epoch  25, time= 25.0s | Train: skip eval | Valid: time=  2.5s loss=0.612, TAw acc= 82.0% | * lr=7.2e-03
| Epoch  26, time= 23.4s | Train: skip eval | Valid: time=  2.4s loss=0.607, TAw acc= 81.6% | * lr=7.0e-03
| Epoch  27, time= 29.0s | Train: skip eval | Valid: time=  2.4s loss=0.618, TAw acc= 81.5% | lr=6.8e-03
| Epoch  28, time= 23.3s | Train: skip eval | Valid: time=  2.5s loss=0.602, TAw acc= 82.4% | * lr=6.6e-03
| Epoch  29, time= 24.1s | Train: skip eval | Valid: time=  2.4s loss=0.597, TAw acc= 82.9% | * lr=6.4e-03
| Epoch  30, time= 23.3s | Train: skip eval | Valid: time=  3.0s loss=0.601, TAw acc= 82.4% | lr=6.2e-03
| Epoch  31, time= 23.5s | Train: skip eval | Valid: time=  2.8s loss=0.577, TAw acc= 83.1% | * lr=5.9e-03
| Epoch  32, time= 24.3s | Train: skip eval | Valid: time=  2.6s loss=0.570, TAw acc= 82.7% | * lr=5.7e-03
| Epoch  33, time= 23.8s | Train: skip eval | Valid: time=  2.8s loss=0.576, TAw acc= 82.3% | lr=5.5e-03
| Epoch  34, time= 26.6s | Train: skip eval | Valid: time=  2.4s loss=0.569, TAw acc= 83.6% | * lr=5.3e-03
| Epoch  35, time= 23.4s | Train: skip eval | Valid: time=  2.3s loss=0.563, TAw acc= 83.6% | * lr=5.1e-03
| Epoch  36, time= 25.5s | Train: skip eval | Valid: time=  2.6s loss=0.564, TAw acc= 83.3% | lr=4.8e-03
| Epoch  37, time= 24.9s | Train: skip eval | Valid: time=  2.5s loss=0.580, TAw acc= 82.4% | lr=4.6e-03
| Epoch  38, time= 24.6s | Train: skip eval | Valid: time=  2.4s loss=0.560, TAw acc= 82.5% | * lr=4.4e-03
| Epoch  39, time= 24.4s | Train: skip eval | Valid: time=  3.2s loss=0.580, TAw acc= 83.1% | lr=4.2e-03
| Epoch  40, time= 24.3s | Train: skip eval | Valid: time=  2.6s loss=0.555, TAw acc= 83.6% | * lr=3.9e-03
| Epoch  41, time= 23.8s | Train: skip eval | Valid: time=  2.3s loss=0.553, TAw acc= 83.7% | * lr=3.7e-03
| Epoch  42, time= 23.2s | Train: skip eval | Valid: time=  2.4s loss=0.554, TAw acc= 83.2% | lr=3.5e-03
| Epoch  43, time= 22.6s | Train: skip eval | Valid: time=  2.7s loss=0.544, TAw acc= 83.7% | * lr=3.3e-03
| Epoch  44, time= 23.8s | Train: skip eval | Valid: time=  2.8s loss=0.550, TAw acc= 83.1% | lr=3.1e-03
| Epoch  45, time= 26.0s | Train: skip eval | Valid: time=  2.3s loss=0.548, TAw acc= 83.7% | lr=2.9e-03
| Epoch  46, time= 22.7s | Train: skip eval | Valid: time=  2.5s loss=0.540, TAw acc= 84.1% | * lr=2.7e-03
| Epoch  47, time= 25.8s | Train: skip eval | Valid: time=  2.3s loss=0.533, TAw acc= 84.3% | * lr=2.5e-03
| Epoch  48, time= 25.2s | Train: skip eval | Valid: time=  2.5s loss=0.532, TAw acc= 84.3% | * lr=2.3e-03
| Epoch  49, time= 25.5s | Train: skip eval | Valid: time=  2.9s loss=0.531, TAw acc= 83.7% | * lr=2.1e-03
| Epoch  50, time= 25.0s | Train: skip eval | Valid: time=  2.3s loss=0.528, TAw acc= 84.0% | * lr=2.0e-03
| Epoch  51, time= 24.2s | Train: skip eval | Valid: time=  2.4s loss=0.522, TAw acc= 84.3% | * lr=1.8e-03
| Epoch  52, time= 24.2s | Train: skip eval | Valid: time=  2.3s loss=0.536, TAw acc= 83.6% | lr=1.6e-03
| Epoch  53, time= 25.9s | Train: skip eval | Valid: time=  2.5s loss=0.528, TAw acc= 84.3% | lr=1.5e-03
| Epoch  54, time= 24.8s | Train: skip eval | Valid: time=  2.3s loss=0.530, TAw acc= 83.9% | lr=1.3e-03
| Epoch  55, time= 23.8s | Train: skip eval | Valid: time=  2.3s loss=0.532, TAw acc= 84.3% | lr=1.2e-03
| Epoch  56, time= 25.3s | Train: skip eval | Valid: time=  2.3s loss=0.524, TAw acc= 84.0% | lr=1.0e-03
| Epoch  57, time= 26.2s | Train: skip eval | Valid: time=  2.4s loss=0.522, TAw acc= 84.5% | * lr=9.2e-04
| Epoch  58, time= 23.0s | Train: skip eval | Valid: time=  3.0s loss=0.516, TAw acc= 84.7% | * lr=8.0e-04
| Epoch  59, time= 24.7s | Train: skip eval | Valid: time=  2.5s loss=0.526, TAw acc= 84.7% | lr=6.9e-04
| Epoch  60, time= 23.8s | Train: skip eval | Valid: time=  2.4s loss=0.522, TAw acc= 84.7% | lr=5.9e-04
| Epoch  61, time= 24.3s | Train: skip eval | Valid: time=  2.4s loss=0.532, TAw acc= 83.6% | lr=5.0e-04
| Epoch  62, time= 24.2s | Train: skip eval | Valid: time=  2.5s loss=0.523, TAw acc= 84.0% | lr=4.2e-04
| Epoch  63, time= 24.8s | Train: skip eval | Valid: time=  3.4s loss=0.525, TAw acc= 84.5% | lr=3.4e-04
| Epoch  64, time= 28.8s | Train: skip eval | Valid: time=  2.5s loss=0.523, TAw acc= 84.8% | lr=2.8e-04
| Epoch  65, time= 26.6s | Train: skip eval | Valid: time=  2.3s loss=0.518, TAw acc= 85.3% | lr=2.2e-04
| Epoch  66, time= 30.4s | Train: skip eval | Valid: time=  2.4s loss=0.526, TAw acc= 83.7% | lr=1.8e-04
| Epoch  67, time= 25.6s | Train: skip eval | Valid: time=  3.0s loss=0.527, TAw acc= 84.1% | lr=1.4e-04
| Epoch  68, time= 24.6s | Train: skip eval | Valid: time=  2.5s loss=0.521, TAw acc= 84.9% | lr=1.2e-04
| Epoch  69, time= 23.7s | Train: skip eval | Valid: time=  2.3s loss=0.525, TAw acc= 84.0% | lr=1.0e-04
| Epoch  70, time= 24.8s | Train: skip eval | Valid: time=  2.3s loss=0.522, TAw acc= 84.3% | lr=1.0e-04
------------------------------------------------------------------------------------------------------------
>>> Test on task  0 : loss=0.467 | TAw acc= 86.1%, forg= -0.1% | TAg acc= 79.9%, forg=  6.1% <<<
>>> Test on task  1 : loss=0.367 | TAw acc= 89.8%, forg=  0.0% | TAg acc= 75.6%, forg=  0.0% <<<
Save at ./results/./results/resnet50.a1_in1k/food101/ewc/10
************************************************************************************************************
TAw Acc
	 86.0%   0.0%   0.0%   0.0%   0.0%   0.0%   0.0%   0.0%   0.0%   0.0% 	Avg.: 86.0% 
	 86.1%  89.8%   0.0%   0.0%   0.0%   0.0%   0.0%   0.0%   0.0%   0.0% 	Avg.: 88.0% 
	  0.0%   0.0%   0.0%   0.0%   0.0%   0.0%   0.0%   0.0%   0.0%   0.0% 	Avg.:  0.0% 
	  0.0%   0.0%   0.0%   0.0%   0.0%   0.0%   0.0%   0.0%   0.0%   0.0% 	Avg.:  0.0% 
	  0.0%   0.0%   0.0%   0.0%   0.0%   0.0%   0.0%   0.0%   0.0%   0.0% 	Avg.:  0.0% 
	  0.0%   0.0%   0.0%   0.0%   0.0%   0.0%   0.0%   0.0%   0.0%   0.0% 	Avg.:  0.0% 
	  0.0%   0.0%   0.0%   0.0%   0.0%   0.0%   0.0%   0.0%   0.0%   0.0% 	Avg.:  0.0% 
	  0.0%   0.0%   0.0%   0.0%   0.0%   0.0%   0.0%   0.0%   0.0%   0.0% 	Avg.:  0.0% 
	  0.0%   0.0%   0.0%   0.0%   0.0%   0.0%   0.0%   0.0%   0.0%   0.0% 	Avg.:  0.0% 
	  0.0%   0.0%   0.0%   0.0%   0.0%   0.0%   0.0%   0.0%   0.0%   0.0% 	Avg.:  0.0% 
************************************************************************************************************
TAg Acc
	 86.0%   0.0%   0.0%   0.0%   0.0%   0.0%   0.0%   0.0%   0.0%   0.0% 	Avg.: 86.0% 
	 79.9%  75.6%   0.0%   0.0%   0.0%   0.0%   0.0%   0.0%   0.0%   0.0% 	Avg.: 77.8% 
	  0.0%   0.0%   0.0%   0.0%   0.0%   0.0%   0.0%   0.0%   0.0%   0.0% 	Avg.:  0.0% 
	  0.0%   0.0%   0.0%   0.0%   0.0%   0.0%   0.0%   0.0%   0.0%   0.0% 	Avg.:  0.0% 
	  0.0%   0.0%   0.0%   0.0%   0.0%   0.0%   0.0%   0.0%   0.0%   0.0% 	Avg.:  0.0% 
	  0.0%   0.0%   0.0%   0.0%   0.0%   0.0%   0.0%   0.0%   0.0%   0.0% 	Avg.:  0.0% 
	  0.0%   0.0%   0.0%   0.0%   0.0%   0.0%   0.0%   0.0%   0.0%   0.0% 	Avg.:  0.0% 
	  0.0%   0.0%   0.0%   0.0%   0.0%   0.0%   0.0%   0.0%   0.0%   0.0% 	Avg.:  0.0% 
	  0.0%   0.0%   0.0%   0.0%   0.0%   0.0%   0.0%   0.0%   0.0%   0.0% 	Avg.:  0.0% 
	  0.0%   0.0%   0.0%   0.0%   0.0%   0.0%   0.0%   0.0%   0.0%   0.0% 	Avg.:  0.0% 
************************************************************************************************************
TAw Forg
	  0.0%   0.0%   0.0%   0.0%   0.0%   0.0%   0.0%   0.0%   0.0%   0.0% 
	 -0.1%   0.0%   0.0%   0.0%   0.0%   0.0%   0.0%   0.0%   0.0%   0.0% 	Avg.: -0.1% 
	  0.0%   0.0%   0.0%   0.0%   0.0%   0.0%   0.0%   0.0%   0.0%   0.0% 	Avg.:  0.0% 
	  0.0%   0.0%   0.0%   0.0%   0.0%   0.0%   0.0%   0.0%   0.0%   0.0% 	Avg.:  0.0% 
	  0.0%   0.0%   0.0%   0.0%   0.0%   0.0%   0.0%   0.0%   0.0%   0.0% 	Avg.:  0.0% 
	  0.0%   0.0%   0.0%   0.0%   0.0%   0.0%   0.0%   0.0%   0.0%   0.0% 	Avg.:  0.0% 
	  0.0%   0.0%   0.0%   0.0%   0.0%   0.0%   0.0%   0.0%   0.0%   0.0% 	Avg.:  0.0% 
	  0.0%   0.0%   0.0%   0.0%   0.0%   0.0%   0.0%   0.0%   0.0%   0.0% 	Avg.:  0.0% 
	  0.0%   0.0%   0.0%   0.0%   0.0%   0.0%   0.0%   0.0%   0.0%   0.0% 	Avg.:  0.0% 
	  0.0%   0.0%   0.0%   0.0%   0.0%   0.0%   0.0%   0.0%   0.0%   0.0% 	Avg.:  0.0% 
************************************************************************************************************
TAg Forg
	  0.0%   0.0%   0.0%   0.0%   0.0%   0.0%   0.0%   0.0%   0.0%   0.0% 
	  6.1%   0.0%   0.0%   0.0%   0.0%   0.0%   0.0%   0.0%   0.0%   0.0% 	Avg.:  6.1% 
	  0.0%   0.0%   0.0%   0.0%   0.0%   0.0%   0.0%   0.0%   0.0%   0.0% 	Avg.:  0.0% 
	  0.0%   0.0%   0.0%   0.0%   0.0%   0.0%   0.0%   0.0%   0.0%   0.0% 	Avg.:  0.0% 
	  0.0%   0.0%   0.0%   0.0%   0.0%   0.0%   0.0%   0.0%   0.0%   0.0% 	Avg.:  0.0% 
	  0.0%   0.0%   0.0%   0.0%   0.0%   0.0%   0.0%   0.0%   0.0%   0.0% 	Avg.:  0.0% 
	  0.0%   0.0%   0.0%   0.0%   0.0%   0.0%   0.0%   0.0%   0.0%   0.0% 	Avg.:  0.0% 
	  0.0%   0.0%   0.0%   0.0%   0.0%   0.0%   0.0%   0.0%   0.0%   0.0% 	Avg.:  0.0% 
	  0.0%   0.0%   0.0%   0.0%   0.0%   0.0%   0.0%   0.0%   0.0%   0.0% 	Avg.:  0.0% 
	  0.0%   0.0%   0.0%   0.0%   0.0%   0.0%   0.0%   0.0%   0.0%   0.0% 	Avg.:  0.0% 
************************************************************************************************************
[Elapsed time = 0.5 h]
Done!
