START_TASK=3 STOP_TASK=4
============================================================================================================
Arguments =
	all_outputs: False
	approach: ewc
	batch_size: 64
	classes_first_task: None
	clipping: 10000
	crop: 224
	data_path: ../data/food101
	dataset: food101
	eval_on_train: False
	experiment_path: None
	fix_bn: False
	freeze_backbone: False
	gpu: 0
	gpus: [0]
	increment: 10
	last_layer_analysis: False
	log: ['disk']
	lr: 0.01
	lr_factor: None
	lr_min: 0.0001
	lr_patience: None
	lr_scheduler: cosine
	lr_warmup_epochs: 0
	momentum: 0.0
	multi_softmax: False
	nepochs: 70
	network: resnet50.a1_in1k
	no_cudnn_deterministic: False
	normalize: in1k
	num_workers: 2
	optimizer_name: sgd
	pin_memory: False
	pretrained: True
	resize: 224
	results_path: ./results
	save_models: True
	seed: 0
	start_at_task: 3
	start_epoch: 0
	stop_at_task: 4
	stop_epoch: 0
	use_valid_only: False
	warmup_lr_factor: 1.0
	warmup_nepochs: 0
	weight_decay: 0.0
============================================================================================================
Approach arguments =
	alpha: -1
	fi_num_samples: -1
	fi_sampling_type: true
	lamb: 5000
============================================================================================================
Exemplars arguments =
============================================================================================================
WARNING: ./results/resnet50.a1_in1k/food101/ewc/10 already exists!
Loaded acc_taw from: ./results/resnet50.a1_in1k/food101/ewc/10/acc_taw-2.txt
Loaded acc_tag from: ./results/resnet50.a1_in1k/food101/ewc/10/acc_tag-2.txt
Loaded forg_taw from: ./results/resnet50.a1_in1k/food101/ewc/10/forg_taw-2.txt
Loaded forg_tag from: ./results/resnet50.a1_in1k/food101/ewc/10/forg_tag-2.txt
Fisher: 159 layers | older_params: 159 layers loaded
************************************************************************************************************
Task  3  [epochs 0-70]
************************************************************************************************************
[params] total:23,589,992  trainable:23,589,992  tensors:167  trainable_tensors:167
| Epoch   1, time= 26.1s | Train: skip eval | Valid: time=  2.7s loss=471510.195, TAw acc= 72.0% | * lr=1.0e-02
| Epoch   2, time= 24.2s | Train: skip eval | Valid: time=  2.4s loss=471509.894, TAw acc= 74.1% | * lr=1.0e-02
| Epoch   3, time= 25.8s | Train: skip eval | Valid: time=  2.4s loss=471509.686, TAw acc= 75.3% | * lr=1.0e-02
| Epoch   4, time= 24.5s | Train: skip eval | Valid: time=  2.5s loss=471509.538, TAw acc= 75.9% | * lr=9.9e-03
| Epoch   5, time= 25.4s | Train: skip eval | Valid: time=  2.8s loss=471509.074, TAw acc= 77.2% | * lr=9.9e-03
| Epoch   6, time= 25.1s | Train: skip eval | Valid: time=  2.3s loss=471008.254, TAw acc= 75.5% | * lr=9.8e-03
| Epoch   7, time= 23.8s | Train: skip eval | Valid: time=  2.3s loss=450368.012, TAw acc= 78.4% | * lr=9.8e-03
| Epoch   8, time= 27.2s | Train: skip eval | Valid: time=  2.3s loss=450367.969, TAw acc= 79.1% | * lr=9.7e-03
| Epoch   9, time= 26.6s | Train: skip eval | Valid: time=  2.5s loss=429037.829, TAw acc= 81.3% | * lr=9.6e-03
| Epoch  10, time= 24.4s | Train: skip eval | Valid: time=  2.6s loss=429037.880, TAw acc= 82.1% | lr=9.5e-03
| Epoch  11, time= 26.1s | Train: skip eval | Valid: time=  2.8s loss=396667.357, TAw acc= 82.5% | * lr=9.4e-03
| Epoch  12, time= 26.6s | Train: skip eval | Valid: time=  2.5s loss=396666.949, TAw acc= 80.7% | * lr=9.3e-03
| Epoch  13, time= 24.8s | Train: skip eval | Valid: time=  3.3s loss=369791.144, TAw acc= 81.5% | * lr=9.2e-03
| Epoch  14, time= 25.8s | Train: skip eval | Valid: time=  2.8s loss=367629.173, TAw acc= 83.3% | * lr=9.1e-03
| Epoch  15, time= 25.7s | Train: skip eval | Valid: time=  2.7s loss=330465.846, TAw acc= 82.3% | * lr=8.9e-03
| Epoch  16, time= 25.3s | Train: skip eval | Valid: time=  2.4s loss=330465.806, TAw acc= 82.8% | * lr=8.8e-03
| Epoch  17, time= 29.2s | Train: skip eval | Valid: time=  2.4s loss=296099.730, TAw acc= 82.8% | * lr=8.6e-03
| Epoch  18, time= 25.8s | Train: skip eval | Valid: time=  2.3s loss=296099.909, TAw acc= 82.5% | lr=8.5e-03
| Epoch  19, time= 25.0s | Train: skip eval | Valid: time=  2.5s loss=255159.761, TAw acc= 83.3% | * lr=8.3e-03
| Epoch  20, time= 24.4s | Train: skip eval | Valid: time=  2.3s loss=255159.661, TAw acc= 82.5% | * lr=8.1e-03
| Epoch  21, time= 24.2s | Train: skip eval | Valid: time=  2.8s loss=220492.735, TAw acc= 82.5% | * lr=8.0e-03
| Epoch  22, time= 24.8s | Train: skip eval | Valid: time=  2.4s loss=217772.202, TAw acc= 84.1% | * lr=7.8e-03
| Epoch  23, time= 24.0s | Train: skip eval | Valid: time=  2.4s loss=197583.848, TAw acc= 84.3% | * lr=7.6e-03
| Epoch  24, time= 24.5s | Train: skip eval | Valid: time=  2.4s loss=339.237, TAw acc= 84.5% | * lr=7.4e-03
| Epoch  25, time= 25.0s | Train: skip eval | Valid: time=  2.6s loss=0.602, TAw acc= 82.4% | * lr=7.2e-03
| Epoch  26, time= 25.1s | Train: skip eval | Valid: time=  2.5s loss=0.544, TAw acc= 84.4% | * lr=7.0e-03
| Epoch  27, time= 23.5s | Train: skip eval | Valid: time=  2.5s loss=0.539, TAw acc= 83.9% | * lr=6.8e-03
| Epoch  28, time= 25.6s | Train: skip eval | Valid: time=  2.5s loss=0.525, TAw acc= 84.7% | * lr=6.6e-03
| Epoch  29, time= 23.4s | Train: skip eval | Valid: time=  2.3s loss=0.521, TAw acc= 84.8% | * lr=6.4e-03
| Epoch  30, time= 24.6s | Train: skip eval | Valid: time=  2.9s loss=0.524, TAw acc= 84.3% | lr=6.2e-03
| Epoch  31, time= 26.6s | Train: skip eval | Valid: time=  2.3s loss=0.498, TAw acc= 85.5% | * lr=5.9e-03
| Epoch  32, time= 23.8s | Train: skip eval | Valid: time=  2.6s loss=0.504, TAw acc= 85.3% | lr=5.7e-03
| Epoch  33, time= 24.9s | Train: skip eval | Valid: time=  2.8s loss=0.507, TAw acc= 84.4% | lr=5.5e-03
| Epoch  34, time= 27.6s | Train: skip eval | Valid: time=  2.5s loss=0.512, TAw acc= 84.9% | lr=5.3e-03
| Epoch  35, time= 26.4s | Train: skip eval | Valid: time=  2.6s loss=0.491, TAw acc= 85.1% | * lr=5.1e-03
| Epoch  36, time= 25.0s | Train: skip eval | Valid: time=  2.3s loss=0.485, TAw acc= 85.7% | * lr=4.8e-03
| Epoch  37, time= 28.1s | Train: skip eval | Valid: time=  2.6s loss=0.498, TAw acc= 85.3% | lr=4.6e-03
| Epoch  38, time= 26.3s | Train: skip eval | Valid: time=  2.4s loss=0.487, TAw acc= 85.3% | lr=4.4e-03
| Epoch  39, time= 24.6s | Train: skip eval | Valid: time=  2.4s loss=0.491, TAw acc= 84.9% | lr=4.2e-03
| Epoch  40, time= 25.0s | Train: skip eval | Valid: time=  2.7s loss=0.473, TAw acc= 86.0% | * lr=3.9e-03
| Epoch  41, time= 25.1s | Train: skip eval | Valid: time=  2.3s loss=0.480, TAw acc= 85.9% | lr=3.7e-03
| Epoch  42, time= 24.3s | Train: skip eval | Valid: time=  2.3s loss=0.470, TAw acc= 86.3% | * lr=3.5e-03
| Epoch  43, time= 24.7s | Train: skip eval | Valid: time=  2.5s loss=0.478, TAw acc= 85.2% | lr=3.3e-03
| Epoch  44, time= 23.4s | Train: skip eval | Valid: time=  2.4s loss=0.471, TAw acc= 86.3% | lr=3.1e-03
| Epoch  45, time= 28.7s | Train: skip eval | Valid: time=  2.4s loss=0.470, TAw acc= 85.1% | * lr=2.9e-03
| Epoch  46, time= 25.1s | Train: skip eval | Valid: time=  2.5s loss=0.466, TAw acc= 86.4% | * lr=2.7e-03
| Epoch  47, time= 25.2s | Train: skip eval | Valid: time=  3.2s loss=0.478, TAw acc= 85.5% | lr=2.5e-03
| Epoch  48, time= 23.0s | Train: skip eval | Valid: time=  2.8s loss=0.461, TAw acc= 86.7% | * lr=2.3e-03
| Epoch  49, time= 23.6s | Train: skip eval | Valid: time=  2.7s loss=0.467, TAw acc= 85.9% | lr=2.1e-03
| Epoch  50, time= 24.9s | Train: skip eval | Valid: time=  3.3s loss=0.467, TAw acc= 86.1% | lr=2.0e-03
| Epoch  51, time= 25.0s | Train: skip eval | Valid: time=  2.8s loss=0.461, TAw acc= 86.5% | lr=1.8e-03
| Epoch  52, time= 25.3s | Train: skip eval | Valid: time=  2.4s loss=0.461, TAw acc= 86.8% | lr=1.6e-03
| Epoch  53, time= 27.2s | Train: skip eval | Valid: time=  2.4s loss=0.460, TAw acc= 86.1% | * lr=1.5e-03
| Epoch  54, time= 26.3s | Train: skip eval | Valid: time=  2.3s loss=0.454, TAw acc= 86.5% | * lr=1.3e-03
| Epoch  55, time= 22.9s | Train: skip eval | Valid: time=  2.8s loss=0.454, TAw acc= 86.4% | lr=1.2e-03
| Epoch  56, time= 24.6s | Train: skip eval | Valid: time=  2.4s loss=0.459, TAw acc= 86.3% | lr=1.0e-03
| Epoch  57, time= 23.3s | Train: skip eval | Valid: time=  3.2s loss=0.460, TAw acc= 86.1% | lr=9.2e-04
| Epoch  58, time= 24.4s | Train: skip eval | Valid: time=  3.0s loss=0.449, TAw acc= 86.4% | * lr=8.0e-04
| Epoch  59, time= 26.3s | Train: skip eval | Valid: time=  2.4s loss=0.451, TAw acc= 86.3% | lr=6.9e-04
| Epoch  60, time= 27.8s | Train: skip eval | Valid: time=  2.8s loss=0.460, TAw acc= 86.0% | lr=5.9e-04
| Epoch  61, time= 25.2s | Train: skip eval | Valid: time=  2.6s loss=0.467, TAw acc= 86.4% | lr=5.0e-04
| Epoch  62, time= 23.4s | Train: skip eval | Valid: time=  2.3s loss=0.460, TAw acc= 86.5% | lr=4.2e-04
| Epoch  63, time= 23.4s | Train: skip eval | Valid: time=  2.5s loss=0.453, TAw acc= 86.5% | lr=3.4e-04
| Epoch  64, time= 23.6s | Train: skip eval | Valid: time=  2.5s loss=0.445, TAw acc= 87.3% | * lr=2.8e-04
| Epoch  65, time= 28.4s | Train: skip eval | Valid: time=  2.3s loss=0.452, TAw acc= 87.3% | lr=2.2e-04
| Epoch  66, time= 24.2s | Train: skip eval | Valid: time=  2.3s loss=0.455, TAw acc= 86.5% | lr=1.8e-04
| Epoch  67, time= 27.4s | Train: skip eval | Valid: time=  2.4s loss=0.455, TAw acc= 86.0% | lr=1.4e-04
| Epoch  68, time= 26.7s | Train: skip eval | Valid: time=  3.2s loss=0.453, TAw acc= 86.7% | lr=1.2e-04
| Epoch  69, time= 23.9s | Train: skip eval | Valid: time=  2.5s loss=0.452, TAw acc= 86.3% | lr=1.0e-04
| Epoch  70, time= 24.5s | Train: skip eval | Valid: time=  3.3s loss=0.454, TAw acc= 86.4% | lr=1.0e-04
------------------------------------------------------------------------------------------------------------
>>> Test on task  0 : loss=0.480 | TAw acc= 84.6%, forg=  1.5% | TAg acc= 73.9%, forg= 12.1% <<<
>>> Test on task  1 : loss=0.393 | TAw acc= 87.3%, forg=  2.5% | TAg acc= 69.9%, forg=  5.7% <<<
>>> Test on task  2 : loss=0.527 | TAw acc= 82.3%, forg=  3.4% | TAg acc= 58.2%, forg=  4.1% <<<
>>> Test on task  3 : loss=0.356 | TAw acc= 89.1%, forg=  0.0% | TAg acc= 57.8%, forg=  0.0% <<<
Save at ./results/./results/resnet50.a1_in1k/food101/ewc/10
************************************************************************************************************
TAw Acc
	 86.0%   0.0%   0.0%   0.0%   0.0%   0.0%   0.0%   0.0%   0.0%   0.0% 	Avg.: 86.0% 
	 86.1%  89.8%   0.0%   0.0%   0.0%   0.0%   0.0%   0.0%   0.0%   0.0% 	Avg.: 88.0% 
	 81.2%  85.4%  85.7%   0.0%   0.0%   0.0%   0.0%   0.0%   0.0%   0.0% 	Avg.: 84.1% 
	 84.6%  87.3%  82.3%  89.1%   0.0%   0.0%   0.0%   0.0%   0.0%   0.0% 	Avg.: 85.8% 
	  0.0%   0.0%   0.0%   0.0%   0.0%   0.0%   0.0%   0.0%   0.0%   0.0% 	Avg.:  0.0% 
	  0.0%   0.0%   0.0%   0.0%   0.0%   0.0%   0.0%   0.0%   0.0%   0.0% 	Avg.:  0.0% 
	  0.0%   0.0%   0.0%   0.0%   0.0%   0.0%   0.0%   0.0%   0.0%   0.0% 	Avg.:  0.0% 
	  0.0%   0.0%   0.0%   0.0%   0.0%   0.0%   0.0%   0.0%   0.0%   0.0% 	Avg.:  0.0% 
	  0.0%   0.0%   0.0%   0.0%   0.0%   0.0%   0.0%   0.0%   0.0%   0.0% 	Avg.:  0.0% 
	  0.0%   0.0%   0.0%   0.0%   0.0%   0.0%   0.0%   0.0%   0.0%   0.0% 	Avg.:  0.0% 
************************************************************************************************************
TAg Acc
	 86.0%   0.0%   0.0%   0.0%   0.0%   0.0%   0.0%   0.0%   0.0%   0.0% 	Avg.: 86.0% 
	 79.9%  75.6%   0.0%   0.0%   0.0%   0.0%   0.0%   0.0%   0.0%   0.0% 	Avg.: 77.8% 
	 71.7%  68.2%  62.3%   0.0%   0.0%   0.0%   0.0%   0.0%   0.0%   0.0% 	Avg.: 67.4% 
	 73.9%  69.9%  58.2%  57.8%   0.0%   0.0%   0.0%   0.0%   0.0%   0.0% 	Avg.: 65.0% 
	  0.0%   0.0%   0.0%   0.0%   0.0%   0.0%   0.0%   0.0%   0.0%   0.0% 	Avg.:  0.0% 
	  0.0%   0.0%   0.0%   0.0%   0.0%   0.0%   0.0%   0.0%   0.0%   0.0% 	Avg.:  0.0% 
	  0.0%   0.0%   0.0%   0.0%   0.0%   0.0%   0.0%   0.0%   0.0%   0.0% 	Avg.:  0.0% 
	  0.0%   0.0%   0.0%   0.0%   0.0%   0.0%   0.0%   0.0%   0.0%   0.0% 	Avg.:  0.0% 
	  0.0%   0.0%   0.0%   0.0%   0.0%   0.0%   0.0%   0.0%   0.0%   0.0% 	Avg.:  0.0% 
	  0.0%   0.0%   0.0%   0.0%   0.0%   0.0%   0.0%   0.0%   0.0%   0.0% 	Avg.:  0.0% 
************************************************************************************************************
TAw Forg
	  0.0%   0.0%   0.0%   0.0%   0.0%   0.0%   0.0%   0.0%   0.0%   0.0% 
	 -0.1%   0.0%   0.0%   0.0%   0.0%   0.0%   0.0%   0.0%   0.0%   0.0% 	Avg.: -0.1% 
	  5.0%   4.4%   0.0%   0.0%   0.0%   0.0%   0.0%   0.0%   0.0%   0.0% 	Avg.:  4.7% 
	  1.5%   2.5%   3.4%   0.0%   0.0%   0.0%   0.0%   0.0%   0.0%   0.0% 	Avg.:  2.5% 
	  0.0%   0.0%   0.0%   0.0%   0.0%   0.0%   0.0%   0.0%   0.0%   0.0% 	Avg.:  0.0% 
	  0.0%   0.0%   0.0%   0.0%   0.0%   0.0%   0.0%   0.0%   0.0%   0.0% 	Avg.:  0.0% 
	  0.0%   0.0%   0.0%   0.0%   0.0%   0.0%   0.0%   0.0%   0.0%   0.0% 	Avg.:  0.0% 
	  0.0%   0.0%   0.0%   0.0%   0.0%   0.0%   0.0%   0.0%   0.0%   0.0% 	Avg.:  0.0% 
	  0.0%   0.0%   0.0%   0.0%   0.0%   0.0%   0.0%   0.0%   0.0%   0.0% 	Avg.:  0.0% 
	  0.0%   0.0%   0.0%   0.0%   0.0%   0.0%   0.0%   0.0%   0.0%   0.0% 	Avg.:  0.0% 
************************************************************************************************************
TAg Forg
	  0.0%   0.0%   0.0%   0.0%   0.0%   0.0%   0.0%   0.0%   0.0%   0.0% 
	  6.1%   0.0%   0.0%   0.0%   0.0%   0.0%   0.0%   0.0%   0.0%   0.0% 	Avg.:  6.1% 
	 14.3%   7.4%   0.0%   0.0%   0.0%   0.0%   0.0%   0.0%   0.0%   0.0% 	Avg.: 10.9% 
	 12.1%   5.7%   4.1%   0.0%   0.0%   0.0%   0.0%   0.0%   0.0%   0.0% 	Avg.:  7.3% 
	  0.0%   0.0%   0.0%   0.0%   0.0%   0.0%   0.0%   0.0%   0.0%   0.0% 	Avg.:  0.0% 
	  0.0%   0.0%   0.0%   0.0%   0.0%   0.0%   0.0%   0.0%   0.0%   0.0% 	Avg.:  0.0% 
	  0.0%   0.0%   0.0%   0.0%   0.0%   0.0%   0.0%   0.0%   0.0%   0.0% 	Avg.:  0.0% 
	  0.0%   0.0%   0.0%   0.0%   0.0%   0.0%   0.0%   0.0%   0.0%   0.0% 	Avg.:  0.0% 
	  0.0%   0.0%   0.0%   0.0%   0.0%   0.0%   0.0%   0.0%   0.0%   0.0% 	Avg.:  0.0% 
	  0.0%   0.0%   0.0%   0.0%   0.0%   0.0%   0.0%   0.0%   0.0%   0.0% 	Avg.:  0.0% 
************************************************************************************************************
[Elapsed time = 0.6 h]
Done!
