START_TASK=9 STOP_TASK=10
============================================================================================================
Arguments =
	all_outputs: False
	approach: ewc
	batch_size: 64
	classes_first_task: None
	clipping: 10000
	crop: 224
	data_path: ../data/food101
	dataset: food101
	eval_on_train: False
	experiment_path: None
	fix_bn: False
	freeze_backbone: False
	gpu: 0
	gpus: [0]
	increment: 10
	last_layer_analysis: False
	log: ['disk']
	lr: 0.01
	lr_factor: None
	lr_min: 0.0001
	lr_patience: None
	lr_scheduler: cosine
	lr_warmup_epochs: 0
	momentum: 0.0
	multi_softmax: False
	nepochs: 70
	network: resnet50.a1_in1k
	no_cudnn_deterministic: False
	normalize: in1k
	num_workers: 2
	optimizer_name: sgd
	pin_memory: False
	pretrained: True
	resize: 224
	results_path: ./results
	save_models: True
	seed: 0
	start_at_task: 9
	start_epoch: 0
	stop_at_task: 10
	stop_epoch: 0
	use_valid_only: False
	warmup_lr_factor: 1.0
	warmup_nepochs: 0
	weight_decay: 0.0
============================================================================================================
Approach arguments =
	alpha: -1
	fi_num_samples: -1
	fi_sampling_type: true
	lamb: 5000
============================================================================================================
Exemplars arguments =
============================================================================================================
WARNING: ./results/resnet50.a1_in1k/food101/ewc/10 already exists!
Loaded acc_taw from: ./results/resnet50.a1_in1k/food101/ewc/10/acc_taw-8.txt
Loaded acc_tag from: ./results/resnet50.a1_in1k/food101/ewc/10/acc_tag-8.txt
Loaded forg_taw from: ./results/resnet50.a1_in1k/food101/ewc/10/forg_taw-8.txt
Loaded forg_tag from: ./results/resnet50.a1_in1k/food101/ewc/10/forg_tag-8.txt
Fisher: 159 layers | older_params: 159 layers loaded
************************************************************************************************************
Task  9  [epochs 0-70]
************************************************************************************************************
[params] total:23,712,932  trainable:23,712,932  tensors:179  trainable_tensors:179
| Epoch   1, time= 27.2s | Train: skip eval | Valid: time=  2.8s loss=388333.721, TAw acc= 48.9% | * lr=1.0e-02
| Epoch   2, time= 24.2s | Train: skip eval | Valid: time=  2.3s loss=388333.536, TAw acc= 50.8% | * lr=1.0e-02
| Epoch   3, time= 24.5s | Train: skip eval | Valid: time=  2.5s loss=388333.430, TAw acc= 53.7% | * lr=1.0e-02
| Epoch   4, time= 23.1s | Train: skip eval | Valid: time=  2.7s loss=388333.460, TAw acc= 54.9% | lr=9.9e-03
| Epoch   5, time= 25.8s | Train: skip eval | Valid: time=  2.5s loss=388333.305, TAw acc= 55.3% | * lr=9.9e-03
| Epoch   6, time= 23.7s | Train: skip eval | Valid: time=  3.2s loss=388333.174, TAw acc= 56.8% | * lr=9.8e-03
| Epoch   7, time= 24.3s | Train: skip eval | Valid: time=  2.4s loss=388333.133, TAw acc= 58.7% | * lr=9.8e-03
| Epoch   8, time= 23.7s | Train: skip eval | Valid: time=  2.4s loss=388333.250, TAw acc= 57.9% | lr=9.7e-03
| Epoch   9, time= 25.5s | Train: skip eval | Valid: time=  2.7s loss=388333.201, TAw acc= 59.3% | lr=9.6e-03
| Epoch  10, time= 26.0s | Train: skip eval | Valid: time=  2.3s loss=388333.182, TAw acc= 60.1% | lr=9.5e-03
| Epoch  11, time= 24.3s | Train: skip eval | Valid: time=  2.4s loss=388333.214, TAw acc= 59.1% | lr=9.4e-03
| Epoch  12, time= 24.7s | Train: skip eval | Valid: time=  2.3s loss=388333.190, TAw acc= 59.9% | lr=9.3e-03
| Epoch  13, time= 24.8s | Train: skip eval | Valid: time=  2.3s loss=388333.148, TAw acc= 60.8% | lr=9.2e-03
| Epoch  14, time= 23.7s | Train: skip eval | Valid: time=  2.3s loss=388333.137, TAw acc= 61.6% | lr=9.1e-03
| Epoch  15, time= 24.1s | Train: skip eval | Valid: time=  3.0s loss=386223.303, TAw acc= 61.5% | * lr=8.9e-03
| Epoch  16, time= 26.1s | Train: skip eval | Valid: time=  2.5s loss=343598.008, TAw acc= 60.3% | * lr=8.8e-03
| Epoch  17, time= 30.8s | Train: skip eval | Valid: time=  2.8s loss=343597.990, TAw acc= 61.5% | * lr=8.6e-03
| Epoch  18, time= 22.6s | Train: skip eval | Valid: time=  2.3s loss=308160.460, TAw acc= 62.1% | * lr=8.5e-03
| Epoch  19, time= 25.0s | Train: skip eval | Valid: time=  2.4s loss=306827.718, TAw acc= 63.9% | * lr=8.3e-03
| Epoch  20, time= 27.3s | Train: skip eval | Valid: time=  2.4s loss=262807.027, TAw acc= 63.9% | * lr=8.1e-03
| Epoch  21, time= 25.7s | Train: skip eval | Valid: time=  2.3s loss=262806.983, TAw acc= 63.9% | * lr=8.0e-03
| Epoch  22, time= 24.2s | Train: skip eval | Valid: time=  3.1s loss=225669.012, TAw acc= 62.8% | * lr=7.8e-03
| Epoch  23, time= 23.8s | Train: skip eval | Valid: time=  2.8s loss=223468.919, TAw acc= 65.5% | * lr=7.6e-03
| Epoch  24, time= 23.8s | Train: skip eval | Valid: time=  2.3s loss=185222.286, TAw acc= 65.3% | * lr=7.4e-03
| Epoch  25, time= 24.4s | Train: skip eval | Valid: time=  2.4s loss=144555.217, TAw acc= 66.0% | * lr=7.2e-03
| Epoch  26, time= 24.1s | Train: skip eval | Valid: time=  2.4s loss=1.533, TAw acc= 80.1% | * lr=7.0e-03
| Epoch  27, time= 26.4s | Train: skip eval | Valid: time=  2.4s loss=0.626, TAw acc= 80.3% | * lr=6.8e-03
| Epoch  28, time= 25.4s | Train: skip eval | Valid: time=  2.3s loss=0.629, TAw acc= 79.6% | lr=6.6e-03
| Epoch  29, time= 25.9s | Train: skip eval | Valid: time=  2.4s loss=0.626, TAw acc= 80.3% | * lr=6.4e-03
| Epoch  30, time= 24.0s | Train: skip eval | Valid: time=  2.6s loss=0.626, TAw acc= 79.2% | * lr=6.2e-03
| Epoch  31, time= 25.5s | Train: skip eval | Valid: time=  2.3s loss=0.613, TAw acc= 80.0% | * lr=5.9e-03
| Epoch  32, time= 24.7s | Train: skip eval | Valid: time=  2.6s loss=0.622, TAw acc= 79.6% | lr=5.7e-03
| Epoch  33, time= 26.2s | Train: skip eval | Valid: time=  2.3s loss=0.601, TAw acc= 80.7% | * lr=5.5e-03
| Epoch  34, time= 24.4s | Train: skip eval | Valid: time=  2.4s loss=0.600, TAw acc= 80.7% | * lr=5.3e-03
| Epoch  35, time= 24.0s | Train: skip eval | Valid: time=  2.5s loss=0.598, TAw acc= 80.1% | * lr=5.1e-03
| Epoch  36, time= 23.0s | Train: skip eval | Valid: time=  2.3s loss=0.599, TAw acc= 80.4% | lr=4.8e-03
| Epoch  37, time= 23.2s | Train: skip eval | Valid: time=  2.4s loss=0.591, TAw acc= 80.8% | * lr=4.6e-03
| Epoch  38, time= 24.0s | Train: skip eval | Valid: time=  2.4s loss=0.590, TAw acc= 80.1% | * lr=4.4e-03
| Epoch  39, time= 24.5s | Train: skip eval | Valid: time=  2.4s loss=0.595, TAw acc= 80.5% | lr=4.2e-03
| Epoch  40, time= 26.0s | Train: skip eval | Valid: time=  2.3s loss=0.593, TAw acc= 80.9% | lr=3.9e-03
| Epoch  41, time= 23.6s | Train: skip eval | Valid: time=  2.5s loss=0.584, TAw acc= 80.4% | * lr=3.7e-03
| Epoch  42, time= 24.3s | Train: skip eval | Valid: time=  2.3s loss=0.599, TAw acc= 80.1% | lr=3.5e-03
| Epoch  43, time= 23.6s | Train: skip eval | Valid: time=  2.3s loss=0.585, TAw acc= 80.0% | lr=3.3e-03
| Epoch  44, time= 25.4s | Train: skip eval | Valid: time=  2.4s loss=0.586, TAw acc= 80.3% | lr=3.1e-03
| Epoch  45, time= 24.8s | Train: skip eval | Valid: time=  2.4s loss=0.583, TAw acc= 81.3% | * lr=2.9e-03
| Epoch  46, time= 25.9s | Train: skip eval | Valid: time=  2.3s loss=0.582, TAw acc= 81.2% | * lr=2.7e-03
| Epoch  47, time= 24.4s | Train: skip eval | Valid: time=  2.4s loss=0.581, TAw acc= 81.9% | * lr=2.5e-03
| Epoch  48, time= 24.2s | Train: skip eval | Valid: time=  2.5s loss=0.576, TAw acc= 81.3% | * lr=2.3e-03
| Epoch  49, time= 25.5s | Train: skip eval | Valid: time=  2.5s loss=0.574, TAw acc= 81.3% | * lr=2.1e-03
| Epoch  50, time= 27.7s | Train: skip eval | Valid: time=  2.6s loss=0.576, TAw acc= 80.8% | lr=2.0e-03
| Epoch  51, time= 26.7s | Train: skip eval | Valid: time=  2.3s loss=0.577, TAw acc= 80.9% | lr=1.8e-03
| Epoch  52, time= 26.8s | Train: skip eval | Valid: time=  2.4s loss=0.576, TAw acc= 81.1% | lr=1.6e-03
| Epoch  53, time= 24.4s | Train: skip eval | Valid: time=  2.9s loss=0.573, TAw acc= 81.1% | * lr=1.5e-03
| Epoch  54, time= 27.1s | Train: skip eval | Valid: time=  2.3s loss=0.574, TAw acc= 80.9% | lr=1.3e-03
| Epoch  55, time= 25.8s | Train: skip eval | Valid: time=  2.3s loss=0.577, TAw acc= 81.1% | lr=1.2e-03
| Epoch  56, time= 24.2s | Train: skip eval | Valid: time=  2.4s loss=0.578, TAw acc= 80.8% | lr=1.0e-03
| Epoch  57, time= 22.5s | Train: skip eval | Valid: time=  2.4s loss=0.575, TAw acc= 80.8% | lr=9.2e-04
| Epoch  58, time= 25.4s | Train: skip eval | Valid: time=  2.4s loss=0.569, TAw acc= 81.2% | * lr=8.0e-04
| Epoch  59, time= 26.2s | Train: skip eval | Valid: time=  2.4s loss=0.571, TAw acc= 81.1% | lr=6.9e-04
| Epoch  60, time= 22.8s | Train: skip eval | Valid: time=  2.8s loss=0.573, TAw acc= 81.1% | lr=5.9e-04
| Epoch  61, time= 25.1s | Train: skip eval | Valid: time=  3.3s loss=0.571, TAw acc= 80.8% | lr=5.0e-04
| Epoch  62, time= 23.4s | Train: skip eval | Valid: time=  2.4s loss=0.572, TAw acc= 81.1% | lr=4.2e-04
| Epoch  63, time= 25.0s | Train: skip eval | Valid: time=  2.3s loss=0.571, TAw acc= 81.2% | lr=3.4e-04
| Epoch  64, time= 24.7s | Train: skip eval | Valid: time=  2.3s loss=0.575, TAw acc= 80.7% | lr=2.8e-04
| Epoch  65, time= 26.4s | Train: skip eval | Valid: time=  2.4s loss=0.569, TAw acc= 81.6% | lr=2.2e-04
| Epoch  66, time= 25.3s | Train: skip eval | Valid: time=  2.3s loss=0.568, TAw acc= 80.9% | * lr=1.8e-04
| Epoch  67, time= 25.5s | Train: skip eval | Valid: time=  3.0s loss=0.568, TAw acc= 81.6% | * lr=1.4e-04
| Epoch  68, time= 26.0s | Train: skip eval | Valid: time=  2.6s loss=0.568, TAw acc= 81.2% | lr=1.2e-04
| Epoch  69, time= 23.7s | Train: skip eval | Valid: time=  2.6s loss=0.565, TAw acc= 81.3% | * lr=1.0e-04
| Epoch  70, time= 23.4s | Train: skip eval | Valid: time=  2.6s loss=0.570, TAw acc= 81.7% | lr=1.0e-04
------------------------------------------------------------------------------------------------------------
>>> Test on task  0 : loss=0.454 | TAw acc= 85.8%, forg=  0.3% | TAg acc= 71.7%, forg= 14.3% <<<
>>> Test on task  1 : loss=0.350 | TAw acc= 88.6%, forg=  1.2% | TAg acc= 65.8%, forg=  9.8% <<<
>>> Test on task  2 : loss=0.423 | TAw acc= 85.8%, forg=  0.5% | TAg acc= 56.1%, forg=  6.2% <<<
>>> Test on task  3 : loss=0.382 | TAw acc= 87.0%, forg=  2.1% | TAg acc= 53.2%, forg=  4.7% <<<
>>> Test on task  4 : loss=0.448 | TAw acc= 84.9%, forg=  2.3% | TAg acc= 39.9%, forg=  4.7% <<<
>>> Test on task  5 : loss=0.482 | TAw acc= 83.6%, forg=  3.0% | TAg acc= 43.2%, forg=  1.7% <<<
>>> Test on task  6 : loss=0.458 | TAw acc= 85.5%, forg=  1.7% | TAg acc= 33.1%, forg=  0.3% <<<
>>> Test on task  7 : loss=0.358 | TAw acc= 88.3%, forg=  2.4% | TAg acc= 37.0%, forg=  3.7% <<<
>>> Test on task  8 : loss=0.353 | TAw acc= 88.6%, forg=  2.0% | TAg acc= 30.2%, forg=  4.6% <<<
>>> Test on task  9 : loss=0.448 | TAw acc= 85.8%, forg=  0.0% | TAg acc= 19.3%, forg=  0.0% <<<
Save at ./results/./results/resnet50.a1_in1k/food101/ewc/10
************************************************************************************************************
TAw Acc
	 86.0%   0.0%   0.0%   0.0%   0.0%   0.0%   0.0%   0.0%   0.0%   0.0% 	Avg.: 86.0% 
	 86.1%  89.8%   0.0%   0.0%   0.0%   0.0%   0.0%   0.0%   0.0%   0.0% 	Avg.: 88.0% 
	 81.2%  85.4%  85.7%   0.0%   0.0%   0.0%   0.0%   0.0%   0.0%   0.0% 	Avg.: 84.1% 
	 84.6%  87.3%  82.3%  89.1%   0.0%   0.0%   0.0%   0.0%   0.0%   0.0% 	Avg.: 85.8% 
	 84.3%  86.7%  86.3%  87.0%  87.2%   0.0%   0.0%   0.0%   0.0%   0.0% 	Avg.: 86.3% 
	 83.4%  85.4%  83.2%  87.2%  85.0%  86.6%   0.0%   0.0%   0.0%   0.0% 	Avg.: 85.1% 
	 84.2%  87.1%  85.1%  87.8%  85.4%  86.4%  87.2%   0.0%   0.0%   0.0% 	Avg.: 86.2% 
	 84.3%  86.1%  83.2%  86.3%  85.5%  85.2%  83.1%  90.7%   0.0%   0.0% 	Avg.: 85.5% 
	 86.1%  89.2%  85.5%  85.4%  85.7%  86.2%  86.0%  87.8%  90.6%   0.0% 	Avg.: 86.9% 
	 85.8%  88.6%  85.8%  87.0%  84.9%  83.6%  85.5%  88.3%  88.6%  85.8% 	Avg.: 86.4% 
************************************************************************************************************
TAg Acc
	 86.0%   0.0%   0.0%   0.0%   0.0%   0.0%   0.0%   0.0%   0.0%   0.0% 	Avg.: 86.0% 
	 79.9%  75.6%   0.0%   0.0%   0.0%   0.0%   0.0%   0.0%   0.0%   0.0% 	Avg.: 77.8% 
	 71.7%  68.2%  62.3%   0.0%   0.0%   0.0%   0.0%   0.0%   0.0%   0.0% 	Avg.: 67.4% 
	 73.9%  69.9%  58.2%  57.8%   0.0%   0.0%   0.0%   0.0%   0.0%   0.0% 	Avg.: 65.0% 
	 73.8%  68.2%  57.9%  55.8%  44.6%   0.0%   0.0%   0.0%   0.0%   0.0% 	Avg.: 60.1% 
	 70.4%  66.1%  55.8%  54.0%  41.8%  41.7%   0.0%   0.0%   0.0%   0.0% 	Avg.: 55.0% 
	 71.6%  66.4%  58.1%  55.4%  43.0%  45.0%  33.4%   0.0%   0.0%   0.0% 	Avg.: 53.3% 
	 71.0%  64.2%  53.7%  51.9%  40.6%  42.0%  33.4%  40.7%   0.0%   0.0% 	Avg.: 49.7% 
	 74.2%  68.3%  56.2%  51.2%  40.0%  39.4%  32.5%  37.4%  34.8%   0.0% 	Avg.: 48.2% 
	 71.7%  65.8%  56.1%  53.2%  39.9%  43.2%  33.1%  37.0%  30.2%  19.3% 	Avg.: 44.9% 
************************************************************************************************************
TAw Forg
	  0.0%   0.0%   0.0%   0.0%   0.0%   0.0%   0.0%   0.0%   0.0%   0.0% 
	 -0.1%   0.0%   0.0%   0.0%   0.0%   0.0%   0.0%   0.0%   0.0%   0.0% 	Avg.: -0.1% 
	  5.0%   4.4%   0.0%   0.0%   0.0%   0.0%   0.0%   0.0%   0.0%   0.0% 	Avg.:  4.7% 
	  1.5%   2.5%   3.4%   0.0%   0.0%   0.0%   0.0%   0.0%   0.0%   0.0% 	Avg.:  2.5% 
	  1.8%   3.1%  -0.6%   2.1%   0.0%   0.0%   0.0%   0.0%   0.0%   0.0% 	Avg.:  1.6% 
	  2.7%   4.4%   3.1%   1.9%   2.1%   0.0%   0.0%   0.0%   0.0%   0.0% 	Avg.:  2.8% 
	  1.9%   2.7%   1.2%   1.3%   1.7%   0.3%   0.0%   0.0%   0.0%   0.0% 	Avg.:  1.5% 
	  1.8%   3.7%   3.1%   2.8%   1.7%   1.5%   4.1%   0.0%   0.0%   0.0% 	Avg.:  2.7% 
	  0.0%   0.6%   0.8%   3.7%   1.5%   0.5%   1.2%   2.8%   0.0%   0.0% 	Avg.:  1.4% 
	  0.3%   1.2%   0.5%   2.1%   2.3%   3.0%   1.7%   2.4%   2.0%   0.0% 	Avg.:  1.7% 
************************************************************************************************************
TAg Forg
	  0.0%   0.0%   0.0%   0.0%   0.0%   0.0%   0.0%   0.0%   0.0%   0.0% 
	  6.1%   0.0%   0.0%   0.0%   0.0%   0.0%   0.0%   0.0%   0.0%   0.0% 	Avg.:  6.1% 
	 14.3%   7.4%   0.0%   0.0%   0.0%   0.0%   0.0%   0.0%   0.0%   0.0% 	Avg.: 10.9% 
	 12.1%   5.7%   4.1%   0.0%   0.0%   0.0%   0.0%   0.0%   0.0%   0.0% 	Avg.:  7.3% 
	 12.2%   7.4%   4.4%   2.1%   0.0%   0.0%   0.0%   0.0%   0.0%   0.0% 	Avg.:  6.5% 
	 15.6%   9.5%   6.5%   3.8%   2.8%   0.0%   0.0%   0.0%   0.0%   0.0% 	Avg.:  7.6% 
	 14.4%   9.2%   4.2%   2.5%   1.6%  -3.3%   0.0%   0.0%   0.0%   0.0% 	Avg.:  4.8% 
	 15.0%  11.4%   8.6%   6.0%   4.0%   3.0%  -0.0%   0.0%   0.0%   0.0% 	Avg.:  6.8% 
	 11.8%   7.3%   6.1%   6.7%   4.6%   5.6%   0.9%   3.3%   0.0%   0.0% 	Avg.:  5.8% 
	 14.3%   9.8%   6.2%   4.7%   4.7%   1.7%   0.3%   3.7%   4.6%   0.0% 	Avg.:  5.6% 
************************************************************************************************************
[Elapsed time = 0.6 h]
Done!
