START_TASK=7 STOP_TASK=8
============================================================================================================
Arguments =
	approach: lucir
	batch_size: 64
	classes_first_task: None
	clipping: 10000
	crop: 224
	data_path: ../data/inat200
	dataset: inat200
	eval_on_train: False
	experiment_path: None
	fix_bn: False
	freeze_backbone: False
	gpu: 0
	gpus: [0]
	increment: 10
	last_layer_analysis: False
	log: ['disk']
	lr: 0.01
	lr_factor: None
	lr_min: 0.0001
	lr_patience: None
	lr_scheduler: cosine
	lr_warmup_epochs: 0
	momentum: 0.0
	multi_softmax: False
	nepochs: 90
	network: resnet50.a1_in1k
	no_cudnn_deterministic: False
	normalize: in1k
	num_workers: 2
	optimizer_name: sgd
	pin_memory: False
	pretrained: True
	resize: 224
	results_path: ./results
	save_models: True
	seed: 0
	start_at_task: 7
	start_epoch: 0
	stop_at_task: 8
	stop_epoch: 0
	use_valid_only: False
	warmup_lr_factor: 1.0
	warmup_nepochs: 0
	weight_decay: 0.0
============================================================================================================
Approach arguments =
	K: 2
	dist: 0.5
	lamb: 5.0
	lamb_mr: 1.0
============================================================================================================
Exemplars arguments =
	exemplar_selection: random
	num_exemplars: 4000
============================================================================================================
WARNING: ./results/resnet50.a1_in1k/inat200/lucir/10 already exists!
Loaded acc_taw from: ./results/resnet50.a1_in1k/inat200/lucir/10/acc_taw-6.txt
Loaded acc_tag from: ./results/resnet50.a1_in1k/inat200/lucir/10/acc_tag-6.txt
Loaded forg_taw from: ./results/resnet50.a1_in1k/inat200/lucir/10/forg_taw-6.txt
Loaded forg_tag from: ./results/resnet50.a1_in1k/inat200/lucir/10/forg_tag-6.txt
Restored CosineLinear heads from ./results/resnet50.a1_in1k/inat200/lucir/10/task6_cosine_heads.pth
Loaded 4060 exemplars from ./results/resnet50.a1_in1k/inat200/lucir/10/task6_exemplars.pth
************************************************************************************************************
Task  7  [epochs 0-90]
************************************************************************************************************
[params] total:23,671,873  trainable:23,528,513  tensors:168  trainable_tensors:161
| Epoch   1, time= 31.2s | Train: skip eval | Valid: time=  2.2s loss=1.540, TAw acc= 86.5% | * lr=1.0e-02
| Epoch   2, time= 30.0s | Train: skip eval | Valid: time=  2.3s loss=1.324, TAw acc= 89.8% | * lr=1.0e-02
| Epoch   3, time= 31.0s | Train: skip eval | Valid: time=  1.9s loss=1.140, TAw acc= 88.8% | * lr=1.0e-02
| Epoch   4, time= 27.3s | Train: skip eval | Valid: time=  1.9s loss=1.131, TAw acc= 89.2% | * lr=1.0e-02
| Epoch   5, time= 27.8s | Train: skip eval | Valid: time=  1.9s loss=1.100, TAw acc= 89.8% | * lr=9.9e-03
| Epoch   6, time= 29.4s | Train: skip eval | Valid: time=  2.2s loss=1.006, TAw acc= 89.2% | * lr=9.9e-03
| Epoch   7, time= 28.7s | Train: skip eval | Valid: time=  2.4s loss=1.046, TAw acc= 90.2% | lr=9.9e-03
| Epoch   8, time= 30.1s | Train: skip eval | Valid: time=  1.9s loss=1.027, TAw acc= 90.0% | lr=9.8e-03
| Epoch   9, time= 29.3s | Train: skip eval | Valid: time=  1.9s loss=0.985, TAw acc= 90.2% | * lr=9.8e-03
| Epoch  10, time= 27.9s | Train: skip eval | Valid: time=  2.3s loss=1.027, TAw acc= 91.5% | lr=9.7e-03
| Epoch  11, time= 32.0s | Train: skip eval | Valid: time=  2.2s loss=1.059, TAw acc= 91.0% | lr=9.6e-03
| Epoch  12, time= 29.2s | Train: skip eval | Valid: time=  1.9s loss=0.978, TAw acc= 91.8% | * lr=9.6e-03
| Epoch  13, time= 28.8s | Train: skip eval | Valid: time=  2.5s loss=1.016, TAw acc= 90.5% | lr=9.5e-03
| Epoch  14, time= 27.5s | Train: skip eval | Valid: time=  2.0s loss=1.099, TAw acc= 91.2% | lr=9.4e-03
| Epoch  15, time= 30.4s | Train: skip eval | Valid: time=  2.0s loss=1.192, TAw acc= 91.8% | lr=9.3e-03
| Epoch  16, time= 27.3s | Train: skip eval | Valid: time=  2.0s loss=1.041, TAw acc= 90.5% | lr=9.2e-03
| Epoch  17, time= 26.3s | Train: skip eval | Valid: time=  2.1s loss=1.075, TAw acc= 91.0% | lr=9.2e-03
| Epoch  18, time= 31.1s | Train: skip eval | Valid: time=  2.0s loss=1.006, TAw acc= 91.8% | lr=9.1e-03
| Epoch  19, time= 27.5s | Train: skip eval | Valid: time=  1.9s loss=0.984, TAw acc= 90.5% | lr=9.0e-03
| Epoch  20, time= 29.6s | Train: skip eval | Valid: time=  2.0s loss=0.947, TAw acc= 90.8% | * lr=8.8e-03
| Epoch  21, time= 26.9s | Train: skip eval | Valid: time=  2.1s loss=0.982, TAw acc= 90.2% | lr=8.7e-03
| Epoch  22, time= 27.7s | Train: skip eval | Valid: time=  2.3s loss=1.005, TAw acc= 91.2% | lr=8.6e-03
| Epoch  23, time= 28.3s | Train: skip eval | Valid: time=  1.9s loss=1.073, TAw acc= 91.0% | lr=8.5e-03
| Epoch  24, time= 25.6s | Train: skip eval | Valid: time=  2.0s loss=1.027, TAw acc= 91.2% | lr=8.4e-03
| Epoch  25, time= 28.8s | Train: skip eval | Valid: time=  1.9s loss=1.020, TAw acc= 90.8% | lr=8.2e-03
| Epoch  26, time= 26.6s | Train: skip eval | Valid: time=  1.9s loss=0.975, TAw acc= 90.8% | lr=8.1e-03
| Epoch  27, time= 25.8s | Train: skip eval | Valid: time=  1.9s loss=1.002, TAw acc= 91.0% | lr=8.0e-03
| Epoch  28, time= 29.1s | Train: skip eval | Valid: time=  2.1s loss=1.035, TAw acc= 91.2% | lr=7.8e-03
| Epoch  29, time= 29.6s | Train: skip eval | Valid: time=  1.9s loss=0.967, TAw acc= 91.5% | lr=7.7e-03
| Epoch  30, time= 28.2s | Train: skip eval | Valid: time=  2.2s loss=0.954, TAw acc= 90.5% | lr=7.5e-03
| Epoch  31, time= 27.3s | Train: skip eval | Valid: time=  1.8s loss=0.951, TAw acc= 92.0% | lr=7.4e-03
| Epoch  32, time= 26.1s | Train: skip eval | Valid: time=  1.9s loss=0.963, TAw acc= 91.5% | lr=7.2e-03
| Epoch  33, time= 35.2s | Train: skip eval | Valid: time=  1.9s loss=0.939, TAw acc= 90.5% | * lr=7.1e-03
| Epoch  34, time= 28.3s | Train: skip eval | Valid: time=  1.9s loss=0.955, TAw acc= 89.8% | lr=6.9e-03
| Epoch  35, time= 26.4s | Train: skip eval | Valid: time=  1.9s loss=0.907, TAw acc= 91.5% | * lr=6.7e-03
| Epoch  36, time= 27.0s | Train: skip eval | Valid: time=  1.9s loss=0.925, TAw acc= 90.8% | lr=6.6e-03
| Epoch  37, time= 26.6s | Train: skip eval | Valid: time=  2.1s loss=0.938, TAw acc= 90.8% | lr=6.4e-03
| Epoch  38, time= 28.9s | Train: skip eval | Valid: time=  2.0s loss=0.939, TAw acc= 91.5% | lr=6.2e-03
| Epoch  39, time= 29.6s | Train: skip eval | Valid: time=  1.9s loss=1.058, TAw acc= 91.5% | lr=6.1e-03
| Epoch  40, time= 27.0s | Train: skip eval | Valid: time=  2.3s loss=0.927, TAw acc= 91.0% | lr=5.9e-03
| Epoch  41, time= 28.0s | Train: skip eval | Valid: time=  1.8s loss=0.950, TAw acc= 91.5% | lr=5.7e-03
| Epoch  42, time= 27.1s | Train: skip eval | Valid: time=  2.2s loss=0.936, TAw acc= 91.2% | lr=5.6e-03
| Epoch  43, time= 29.8s | Train: skip eval | Valid: time=  2.2s loss=0.905, TAw acc= 91.2% | * lr=5.4e-03
| Epoch  44, time= 31.8s | Train: skip eval | Valid: time=  1.9s loss=0.921, TAw acc= 91.2% | lr=5.2e-03
| Epoch  45, time= 28.4s | Train: skip eval | Valid: time=  2.0s loss=0.944, TAw acc= 90.2% | lr=5.1e-03
| Epoch  46, time= 26.4s | Train: skip eval | Valid: time=  1.9s loss=0.902, TAw acc= 90.8% | * lr=4.9e-03
| Epoch  47, time= 26.2s | Train: skip eval | Valid: time=  1.9s loss=0.913, TAw acc= 90.8% | lr=4.7e-03
| Epoch  48, time= 30.0s | Train: skip eval | Valid: time=  1.9s loss=0.887, TAw acc= 91.0% | * lr=4.5e-03
| Epoch  49, time= 30.5s | Train: skip eval | Valid: time=  1.9s loss=0.919, TAw acc= 92.0% | lr=4.4e-03
| Epoch  50, time= 28.3s | Train: skip eval | Valid: time=  1.9s loss=0.890, TAw acc= 91.5% | lr=4.2e-03
| Epoch  51, time= 26.9s | Train: skip eval | Valid: time=  1.9s loss=0.885, TAw acc= 90.2% | * lr=4.0e-03
| Epoch  52, time= 28.9s | Train: skip eval | Valid: time=  2.2s loss=0.903, TAw acc= 91.2% | lr=3.9e-03
| Epoch  53, time= 31.3s | Train: skip eval | Valid: time=  1.9s loss=0.883, TAw acc= 91.8% | * lr=3.7e-03
| Epoch  54, time= 26.5s | Train: skip eval | Valid: time=  1.9s loss=0.885, TAw acc= 91.8% | lr=3.5e-03
| Epoch  55, time= 31.3s | Train: skip eval | Valid: time=  1.9s loss=0.899, TAw acc= 90.8% | lr=3.4e-03
| Epoch  56, time= 26.7s | Train: skip eval | Valid: time=  1.9s loss=0.908, TAw acc= 91.8% | lr=3.2e-03
| Epoch  57, time= 30.7s | Train: skip eval | Valid: time=  1.9s loss=0.883, TAw acc= 91.0% | * lr=3.0e-03
| Epoch  58, time= 28.5s | Train: skip eval | Valid: time=  1.9s loss=0.877, TAw acc= 91.5% | * lr=2.9e-03
| Epoch  59, time= 27.5s | Train: skip eval | Valid: time=  2.0s loss=0.900, TAw acc= 91.5% | lr=2.7e-03
| Epoch  60, time= 27.4s | Train: skip eval | Valid: time=  1.9s loss=0.907, TAw acc= 92.0% | lr=2.6e-03
| Epoch  61, time= 32.8s | Train: skip eval | Valid: time=  2.4s loss=0.895, TAw acc= 91.0% | lr=2.4e-03
| Epoch  62, time= 33.1s | Train: skip eval | Valid: time=  2.0s loss=0.873, TAw acc= 91.8% | * lr=2.3e-03
| Epoch  63, time= 26.6s | Train: skip eval | Valid: time=  1.9s loss=0.916, TAw acc= 91.2% | lr=2.1e-03
| Epoch  64, time= 29.2s | Train: skip eval | Valid: time=  1.9s loss=0.901, TAw acc= 91.0% | lr=2.0e-03
| Epoch  65, time= 27.6s | Train: skip eval | Valid: time=  1.9s loss=0.892, TAw acc= 92.0% | lr=1.9e-03
| Epoch  66, time= 31.1s | Train: skip eval | Valid: time=  2.0s loss=0.887, TAw acc= 91.8% | lr=1.7e-03
| Epoch  67, time= 27.7s | Train: skip eval | Valid: time=  1.9s loss=0.864, TAw acc= 90.8% | * lr=1.6e-03
| Epoch  68, time= 30.3s | Train: skip eval | Valid: time=  1.9s loss=0.878, TAw acc= 91.5% | lr=1.5e-03
| Epoch  69, time= 26.9s | Train: skip eval | Valid: time=  2.3s loss=0.864, TAw acc= 91.0% | lr=1.4e-03
| Epoch  70, time= 26.2s | Train: skip eval | Valid: time=  2.1s loss=0.908, TAw acc= 91.5% | lr=1.3e-03
| Epoch  71, time= 27.4s | Train: skip eval | Valid: time=  1.9s loss=0.879, TAw acc= 90.8% | lr=1.1e-03
| Epoch  72, time= 25.8s | Train: skip eval | Valid: time=  1.9s loss=0.866, TAw acc= 91.2% | lr=1.0e-03
| Epoch  73, time= 28.2s | Train: skip eval | Valid: time=  1.9s loss=0.872, TAw acc= 91.0% | lr=9.5e-04
| Epoch  74, time= 31.2s | Train: skip eval | Valid: time=  1.9s loss=0.865, TAw acc= 91.5% | lr=8.5e-04
| Epoch  75, time= 26.7s | Train: skip eval | Valid: time=  1.9s loss=0.879, TAw acc= 91.2% | lr=7.6e-04
| Epoch  76, time= 29.5s | Train: skip eval | Valid: time=  2.0s loss=0.874, TAw acc= 91.8% | lr=6.8e-04
| Epoch  77, time= 33.2s | Train: skip eval | Valid: time=  1.9s loss=0.871, TAw acc= 91.2% | lr=6.0e-04
| Epoch  78, time= 27.5s | Train: skip eval | Valid: time=  1.9s loss=0.856, TAw acc= 90.8% | * lr=5.3e-04
| Epoch  79, time= 28.0s | Train: skip eval | Valid: time=  1.9s loss=0.867, TAw acc= 90.5% | lr=4.6e-04
| Epoch  80, time= 28.5s | Train: skip eval | Valid: time=  1.9s loss=0.888, TAw acc= 91.8% | lr=4.0e-04
| Epoch  81, time= 26.3s | Train: skip eval | Valid: time=  2.1s loss=0.894, TAw acc= 90.8% | lr=3.4e-04
| Epoch  82, time= 29.6s | Train: skip eval | Valid: time=  3.5s loss=0.870, TAw acc= 91.0% | lr=2.9e-04
| Epoch  83, time= 33.3s | Train: skip eval | Valid: time=  2.1s loss=0.868, TAw acc= 92.0% | lr=2.5e-04
| Epoch  84, time= 27.3s | Train: skip eval | Valid: time=  1.9s loss=0.864, TAw acc= 91.2% | lr=2.1e-04
| Epoch  85, time= 26.1s | Train: skip eval | Valid: time=  1.9s loss=0.896, TAw acc= 91.5% | lr=1.8e-04
| Epoch  86, time= 27.9s | Train: skip eval | Valid: time=  2.0s loss=0.886, TAw acc= 91.2% | lr=1.5e-04
| Epoch  87, time= 30.2s | Train: skip eval | Valid: time=  1.9s loss=0.870, TAw acc= 91.5% | lr=1.3e-04
| Epoch  88, time= 28.9s | Train: skip eval | Valid: time=  1.9s loss=0.867, TAw acc= 91.0% | lr=1.1e-04
| Epoch  89, time= 28.8s | Train: skip eval | Valid: time=  1.9s loss=0.873, TAw acc= 91.8% | lr=1.0e-04
| Epoch  90, time= 27.8s | Train: skip eval | Valid: time=  2.0s loss=0.858, TAw acc= 90.5% | lr=1.0e-04
| Selected 4000 train exemplars, time=  4.1s
------------------------------------------------------------------------------------------------------------
>>> Test on task  0 : loss=2.037 | TAw acc= 87.5%, forg= -0.8% | TAg acc= 36.4%, forg= 39.1% <<<
>>> Test on task  1 : loss=2.874 | TAw acc= 85.5%, forg= -0.4% | TAg acc= 54.0%, forg=  6.4% <<<
>>> Test on task  2 : loss=2.028 | TAw acc= 89.7%, forg= -0.5% | TAg acc= 55.2%, forg= 14.0% <<<
>>> Test on task  3 : loss=2.097 | TAw acc= 85.8%, forg= -0.7% | TAg acc= 55.4%, forg= 16.9% <<<
>>> Test on task  4 : loss=2.168 | TAw acc= 86.1%, forg= -0.2% | TAg acc= 53.0%, forg= 21.9% <<<
>>> Test on task  5 : loss=1.824 | TAw acc= 83.8%, forg= -0.2% | TAg acc= 59.3%, forg= 13.8% <<<
>>> Test on task  6 : loss=1.163 | TAw acc= 89.0%, forg= -0.3% | TAg acc= 71.1%, forg= 10.4% <<<
>>> Test on task  7 : loss=0.797 | TAw acc= 88.7%, forg=  0.0% | TAg acc= 80.2%, forg=  0.0% <<<
Save at ./results/./results/resnet50.a1_in1k/inat200/lucir/10
************************************************************************************************************
TAw Acc
	 73.1%   0.0%   0.0%   0.0%   0.0%   0.0%   0.0%   0.0%   0.0%   0.0%   0.0%   0.0%   0.0%   0.0%   0.0%   0.0%   0.0%   0.0%   0.0%   0.0% 	Avg.: 73.1% 
	 77.4%  79.3%   0.0%   0.0%   0.0%   0.0%   0.0%   0.0%   0.0%   0.0%   0.0%   0.0%   0.0%   0.0%   0.0%   0.0%   0.0%   0.0%   0.0%   0.0% 	Avg.: 78.3% 
	 81.7%  82.2%  85.2%   0.0%   0.0%   0.0%   0.0%   0.0%   0.0%   0.0%   0.0%   0.0%   0.0%   0.0%   0.0%   0.0%   0.0%   0.0%   0.0%   0.0% 	Avg.: 83.0% 
	 83.6%  84.0%  86.9%  83.3%   0.0%   0.0%   0.0%   0.0%   0.0%   0.0%   0.0%   0.0%   0.0%   0.0%   0.0%   0.0%   0.0%   0.0%   0.0%   0.0% 	Avg.: 84.4% 
	 85.0%  84.9%  88.1%  83.0%  84.9%   0.0%   0.0%   0.0%   0.0%   0.0%   0.0%   0.0%   0.0%   0.0%   0.0%   0.0%   0.0%   0.0%   0.0%   0.0% 	Avg.: 85.2% 
	 86.0%  85.1%  88.9%  84.9%  85.9%  82.7%   0.0%   0.0%   0.0%   0.0%   0.0%   0.0%   0.0%   0.0%   0.0%   0.0%   0.0%   0.0%   0.0%   0.0% 	Avg.: 85.6% 
	 86.7%  85.0%  89.2%  85.1%  85.8%  83.6%  88.7%   0.0%   0.0%   0.0%   0.0%   0.0%   0.0%   0.0%   0.0%   0.0%   0.0%   0.0%   0.0%   0.0% 	Avg.: 86.3% 
	 87.5%  85.5%  89.7%  85.8%  86.1%  83.8%  89.0%  88.7%   0.0%   0.0%   0.0%   0.0%   0.0%   0.0%   0.0%   0.0%   0.0%   0.0%   0.0%   0.0% 	Avg.: 87.0% 
	  0.0%   0.0%   0.0%   0.0%   0.0%   0.0%   0.0%   0.0%   0.0%   0.0%   0.0%   0.0%   0.0%   0.0%   0.0%   0.0%   0.0%   0.0%   0.0%   0.0% 	Avg.:  0.0% 
	  0.0%   0.0%   0.0%   0.0%   0.0%   0.0%   0.0%   0.0%   0.0%   0.0%   0.0%   0.0%   0.0%   0.0%   0.0%   0.0%   0.0%   0.0%   0.0%   0.0% 	Avg.:  0.0% 
	  0.0%   0.0%   0.0%   0.0%   0.0%   0.0%   0.0%   0.0%   0.0%   0.0%   0.0%   0.0%   0.0%   0.0%   0.0%   0.0%   0.0%   0.0%   0.0%   0.0% 	Avg.:  0.0% 
	  0.0%   0.0%   0.0%   0.0%   0.0%   0.0%   0.0%   0.0%   0.0%   0.0%   0.0%   0.0%   0.0%   0.0%   0.0%   0.0%   0.0%   0.0%   0.0%   0.0% 	Avg.:  0.0% 
	  0.0%   0.0%   0.0%   0.0%   0.0%   0.0%   0.0%   0.0%   0.0%   0.0%   0.0%   0.0%   0.0%   0.0%   0.0%   0.0%   0.0%   0.0%   0.0%   0.0% 	Avg.:  0.0% 
	  0.0%   0.0%   0.0%   0.0%   0.0%   0.0%   0.0%   0.0%   0.0%   0.0%   0.0%   0.0%   0.0%   0.0%   0.0%   0.0%   0.0%   0.0%   0.0%   0.0% 	Avg.:  0.0% 
	  0.0%   0.0%   0.0%   0.0%   0.0%   0.0%   0.0%   0.0%   0.0%   0.0%   0.0%   0.0%   0.0%   0.0%   0.0%   0.0%   0.0%   0.0%   0.0%   0.0% 	Avg.:  0.0% 
	  0.0%   0.0%   0.0%   0.0%   0.0%   0.0%   0.0%   0.0%   0.0%   0.0%   0.0%   0.0%   0.0%   0.0%   0.0%   0.0%   0.0%   0.0%   0.0%   0.0% 	Avg.:  0.0% 
	  0.0%   0.0%   0.0%   0.0%   0.0%   0.0%   0.0%   0.0%   0.0%   0.0%   0.0%   0.0%   0.0%   0.0%   0.0%   0.0%   0.0%   0.0%   0.0%   0.0% 	Avg.:  0.0% 
	  0.0%   0.0%   0.0%   0.0%   0.0%   0.0%   0.0%   0.0%   0.0%   0.0%   0.0%   0.0%   0.0%   0.0%   0.0%   0.0%   0.0%   0.0%   0.0%   0.0% 	Avg.:  0.0% 
	  0.0%   0.0%   0.0%   0.0%   0.0%   0.0%   0.0%   0.0%   0.0%   0.0%   0.0%   0.0%   0.0%   0.0%   0.0%   0.0%   0.0%   0.0%   0.0%   0.0% 	Avg.:  0.0% 
	  0.0%   0.0%   0.0%   0.0%   0.0%   0.0%   0.0%   0.0%   0.0%   0.0%   0.0%   0.0%   0.0%   0.0%   0.0%   0.0%   0.0%   0.0%   0.0%   0.0% 	Avg.:  0.0% 
************************************************************************************************************
TAg Acc
	 73.1%   0.0%   0.0%   0.0%   0.0%   0.0%   0.0%   0.0%   0.0%   0.0%   0.0%   0.0%   0.0%   0.0%   0.0%   0.0%   0.0%   0.0%   0.0%   0.0% 	Avg.: 73.1% 
	 75.5%  52.4%   0.0%   0.0%   0.0%   0.0%   0.0%   0.0%   0.0%   0.0%   0.0%   0.0%   0.0%   0.0%   0.0%   0.0%   0.0%   0.0%   0.0%   0.0% 	Avg.: 64.0% 
	 72.6%  60.4%  69.2%   0.0%   0.0%   0.0%   0.0%   0.0%   0.0%   0.0%   0.0%   0.0%   0.0%   0.0%   0.0%   0.0%   0.0%   0.0%   0.0%   0.0% 	Avg.: 67.4% 
	 67.6%  59.3%  68.5%  72.3%   0.0%   0.0%   0.0%   0.0%   0.0%   0.0%   0.0%   0.0%   0.0%   0.0%   0.0%   0.0%   0.0%   0.0%   0.0%   0.0% 	Avg.: 66.9% 
	 58.8%  57.7%  65.7%  64.0%  74.9%   0.0%   0.0%   0.0%   0.0%   0.0%   0.0%   0.0%   0.0%   0.0%   0.0%   0.0%   0.0%   0.0%   0.0%   0.0% 	Avg.: 64.2% 
	 45.8%  58.6%  62.8%  58.4%  67.3%  73.1%   0.0%   0.0%   0.0%   0.0%   0.0%   0.0%   0.0%   0.0%   0.0%   0.0%   0.0%   0.0%   0.0%   0.0% 	Avg.: 61.0% 
	 37.2%  54.6%  58.5%  59.0%  66.7%  64.9%  81.5%   0.0%   0.0%   0.0%   0.0%   0.0%   0.0%   0.0%   0.0%   0.0%   0.0%   0.0%   0.0%   0.0% 	Avg.: 60.3% 
	 36.4%  54.0%  55.2%  55.4%  53.0%  59.3%  71.1%  80.2%   0.0%   0.0%   0.0%   0.0%   0.0%   0.0%   0.0%   0.0%   0.0%   0.0%   0.0%   0.0% 	Avg.: 58.1% 
	  0.0%   0.0%   0.0%   0.0%   0.0%   0.0%   0.0%   0.0%   0.0%   0.0%   0.0%   0.0%   0.0%   0.0%   0.0%   0.0%   0.0%   0.0%   0.0%   0.0% 	Avg.:  0.0% 
	  0.0%   0.0%   0.0%   0.0%   0.0%   0.0%   0.0%   0.0%   0.0%   0.0%   0.0%   0.0%   0.0%   0.0%   0.0%   0.0%   0.0%   0.0%   0.0%   0.0% 	Avg.:  0.0% 
	  0.0%   0.0%   0.0%   0.0%   0.0%   0.0%   0.0%   0.0%   0.0%   0.0%   0.0%   0.0%   0.0%   0.0%   0.0%   0.0%   0.0%   0.0%   0.0%   0.0% 	Avg.:  0.0% 
	  0.0%   0.0%   0.0%   0.0%   0.0%   0.0%   0.0%   0.0%   0.0%   0.0%   0.0%   0.0%   0.0%   0.0%   0.0%   0.0%   0.0%   0.0%   0.0%   0.0% 	Avg.:  0.0% 
	  0.0%   0.0%   0.0%   0.0%   0.0%   0.0%   0.0%   0.0%   0.0%   0.0%   0.0%   0.0%   0.0%   0.0%   0.0%   0.0%   0.0%   0.0%   0.0%   0.0% 	Avg.:  0.0% 
	  0.0%   0.0%   0.0%   0.0%   0.0%   0.0%   0.0%   0.0%   0.0%   0.0%   0.0%   0.0%   0.0%   0.0%   0.0%   0.0%   0.0%   0.0%   0.0%   0.0% 	Avg.:  0.0% 
	  0.0%   0.0%   0.0%   0.0%   0.0%   0.0%   0.0%   0.0%   0.0%   0.0%   0.0%   0.0%   0.0%   0.0%   0.0%   0.0%   0.0%   0.0%   0.0%   0.0% 	Avg.:  0.0% 
	  0.0%   0.0%   0.0%   0.0%   0.0%   0.0%   0.0%   0.0%   0.0%   0.0%   0.0%   0.0%   0.0%   0.0%   0.0%   0.0%   0.0%   0.0%   0.0%   0.0% 	Avg.:  0.0% 
	  0.0%   0.0%   0.0%   0.0%   0.0%   0.0%   0.0%   0.0%   0.0%   0.0%   0.0%   0.0%   0.0%   0.0%   0.0%   0.0%   0.0%   0.0%   0.0%   0.0% 	Avg.:  0.0% 
	  0.0%   0.0%   0.0%   0.0%   0.0%   0.0%   0.0%   0.0%   0.0%   0.0%   0.0%   0.0%   0.0%   0.0%   0.0%   0.0%   0.0%   0.0%   0.0%   0.0% 	Avg.:  0.0% 
	  0.0%   0.0%   0.0%   0.0%   0.0%   0.0%   0.0%   0.0%   0.0%   0.0%   0.0%   0.0%   0.0%   0.0%   0.0%   0.0%   0.0%   0.0%   0.0%   0.0% 	Avg.:  0.0% 
	  0.0%   0.0%   0.0%   0.0%   0.0%   0.0%   0.0%   0.0%   0.0%   0.0%   0.0%   0.0%   0.0%   0.0%   0.0%   0.0%   0.0%   0.0%   0.0%   0.0% 	Avg.:  0.0% 
************************************************************************************************************
TAw Forg
	  0.0%   0.0%   0.0%   0.0%   0.0%   0.0%   0.0%   0.0%   0.0%   0.0%   0.0%   0.0%   0.0%   0.0%   0.0%   0.0%   0.0%   0.0%   0.0%   0.0% 
	 -4.3%   0.0%   0.0%   0.0%   0.0%   0.0%   0.0%   0.0%   0.0%   0.0%   0.0%   0.0%   0.0%   0.0%   0.0%   0.0%   0.0%   0.0%   0.0%   0.0% 	Avg.: -4.3% 
	 -4.3%  -2.9%   0.0%   0.0%   0.0%   0.0%   0.0%   0.0%   0.0%   0.0%   0.0%   0.0%   0.0%   0.0%   0.0%   0.0%   0.0%   0.0%   0.0%   0.0% 	Avg.: -3.6% 
	 -1.9%  -1.8%  -1.7%   0.0%   0.0%   0.0%   0.0%   0.0%   0.0%   0.0%   0.0%   0.0%   0.0%   0.0%   0.0%   0.0%   0.0%   0.0%   0.0%   0.0% 	Avg.: -1.8% 
	 -1.4%  -0.9%  -1.2%   0.3%   0.0%   0.0%   0.0%   0.0%   0.0%   0.0%   0.0%   0.0%   0.0%   0.0%   0.0%   0.0%   0.0%   0.0%   0.0%   0.0% 	Avg.: -0.8% 
	 -1.0%  -0.2%  -0.8%  -1.6%  -1.0%   0.0%   0.0%   0.0%   0.0%   0.0%   0.0%   0.0%   0.0%   0.0%   0.0%   0.0%   0.0%   0.0%   0.0%   0.0% 	Avg.: -0.9% 
	 -0.7%   0.1%  -0.3%  -0.2%   0.1%  -0.9%   0.0%   0.0%   0.0%   0.0%   0.0%   0.0%   0.0%   0.0%   0.0%   0.0%   0.0%   0.0%   0.0%   0.0% 	Avg.: -0.3% 
	 -0.8%  -0.4%  -0.5%  -0.7%  -0.2%  -0.2%  -0.3%   0.0%   0.0%   0.0%   0.0%   0.0%   0.0%   0.0%   0.0%   0.0%   0.0%   0.0%   0.0%   0.0% 	Avg.: -0.4% 
	  0.0%   0.0%   0.0%   0.0%   0.0%   0.0%   0.0%   0.0%   0.0%   0.0%   0.0%   0.0%   0.0%   0.0%   0.0%   0.0%   0.0%   0.0%   0.0%   0.0% 	Avg.:  0.0% 
	  0.0%   0.0%   0.0%   0.0%   0.0%   0.0%   0.0%   0.0%   0.0%   0.0%   0.0%   0.0%   0.0%   0.0%   0.0%   0.0%   0.0%   0.0%   0.0%   0.0% 	Avg.:  0.0% 
	  0.0%   0.0%   0.0%   0.0%   0.0%   0.0%   0.0%   0.0%   0.0%   0.0%   0.0%   0.0%   0.0%   0.0%   0.0%   0.0%   0.0%   0.0%   0.0%   0.0% 	Avg.:  0.0% 
	  0.0%   0.0%   0.0%   0.0%   0.0%   0.0%   0.0%   0.0%   0.0%   0.0%   0.0%   0.0%   0.0%   0.0%   0.0%   0.0%   0.0%   0.0%   0.0%   0.0% 	Avg.:  0.0% 
	  0.0%   0.0%   0.0%   0.0%   0.0%   0.0%   0.0%   0.0%   0.0%   0.0%   0.0%   0.0%   0.0%   0.0%   0.0%   0.0%   0.0%   0.0%   0.0%   0.0% 	Avg.:  0.0% 
	  0.0%   0.0%   0.0%   0.0%   0.0%   0.0%   0.0%   0.0%   0.0%   0.0%   0.0%   0.0%   0.0%   0.0%   0.0%   0.0%   0.0%   0.0%   0.0%   0.0% 	Avg.:  0.0% 
	  0.0%   0.0%   0.0%   0.0%   0.0%   0.0%   0.0%   0.0%   0.0%   0.0%   0.0%   0.0%   0.0%   0.0%   0.0%   0.0%   0.0%   0.0%   0.0%   0.0% 	Avg.:  0.0% 
	  0.0%   0.0%   0.0%   0.0%   0.0%   0.0%   0.0%   0.0%   0.0%   0.0%   0.0%   0.0%   0.0%   0.0%   0.0%   0.0%   0.0%   0.0%   0.0%   0.0% 	Avg.:  0.0% 
	  0.0%   0.0%   0.0%   0.0%   0.0%   0.0%   0.0%   0.0%   0.0%   0.0%   0.0%   0.0%   0.0%   0.0%   0.0%   0.0%   0.0%   0.0%   0.0%   0.0% 	Avg.:  0.0% 
	  0.0%   0.0%   0.0%   0.0%   0.0%   0.0%   0.0%   0.0%   0.0%   0.0%   0.0%   0.0%   0.0%   0.0%   0.0%   0.0%   0.0%   0.0%   0.0%   0.0% 	Avg.:  0.0% 
	  0.0%   0.0%   0.0%   0.0%   0.0%   0.0%   0.0%   0.0%   0.0%   0.0%   0.0%   0.0%   0.0%   0.0%   0.0%   0.0%   0.0%   0.0%   0.0%   0.0% 	Avg.:  0.0% 
	  0.0%   0.0%   0.0%   0.0%   0.0%   0.0%   0.0%   0.0%   0.0%   0.0%   0.0%   0.0%   0.0%   0.0%   0.0%   0.0%   0.0%   0.0%   0.0%   0.0% 	Avg.:  0.0% 
************************************************************************************************************
TAg Forg
	  0.0%   0.0%   0.0%   0.0%   0.0%   0.0%   0.0%   0.0%   0.0%   0.0%   0.0%   0.0%   0.0%   0.0%   0.0%   0.0%   0.0%   0.0%   0.0%   0.0% 
	 -2.4%   0.0%   0.0%   0.0%   0.0%   0.0%   0.0%   0.0%   0.0%   0.0%   0.0%   0.0%   0.0%   0.0%   0.0%   0.0%   0.0%   0.0%   0.0%   0.0% 	Avg.: -2.4% 
	  2.9%  -8.0%   0.0%   0.0%   0.0%   0.0%   0.0%   0.0%   0.0%   0.0%   0.0%   0.0%   0.0%   0.0%   0.0%   0.0%   0.0%   0.0%   0.0%   0.0% 	Avg.: -2.5% 
	  7.9%   1.1%   0.7%   0.0%   0.0%   0.0%   0.0%   0.0%   0.0%   0.0%   0.0%   0.0%   0.0%   0.0%   0.0%   0.0%   0.0%   0.0%   0.0%   0.0% 	Avg.:  3.2% 
	 16.7%   2.7%   3.5%   8.3%   0.0%   0.0%   0.0%   0.0%   0.0%   0.0%   0.0%   0.0%   0.0%   0.0%   0.0%   0.0%   0.0%   0.0%   0.0%   0.0% 	Avg.:  7.8% 
	 29.7%   1.8%   6.4%  13.9%   7.6%   0.0%   0.0%   0.0%   0.0%   0.0%   0.0%   0.0%   0.0%   0.0%   0.0%   0.0%   0.0%   0.0%   0.0%   0.0% 	Avg.: 11.9% 
	 38.3%   5.8%  10.7%  13.3%   8.2%   8.2%   0.0%   0.0%   0.0%   0.0%   0.0%   0.0%   0.0%   0.0%   0.0%   0.0%   0.0%   0.0%   0.0%   0.0% 	Avg.: 14.1% 
	 39.1%   6.4%  14.0%  16.9%  21.9%  13.8%  10.4%   0.0%   0.0%   0.0%   0.0%   0.0%   0.0%   0.0%   0.0%   0.0%   0.0%   0.0%   0.0%   0.0% 	Avg.: 17.5% 
	  0.0%   0.0%   0.0%   0.0%   0.0%   0.0%   0.0%   0.0%   0.0%   0.0%   0.0%   0.0%   0.0%   0.0%   0.0%   0.0%   0.0%   0.0%   0.0%   0.0% 	Avg.:  0.0% 
	  0.0%   0.0%   0.0%   0.0%   0.0%   0.0%   0.0%   0.0%   0.0%   0.0%   0.0%   0.0%   0.0%   0.0%   0.0%   0.0%   0.0%   0.0%   0.0%   0.0% 	Avg.:  0.0% 
	  0.0%   0.0%   0.0%   0.0%   0.0%   0.0%   0.0%   0.0%   0.0%   0.0%   0.0%   0.0%   0.0%   0.0%   0.0%   0.0%   0.0%   0.0%   0.0%   0.0% 	Avg.:  0.0% 
	  0.0%   0.0%   0.0%   0.0%   0.0%   0.0%   0.0%   0.0%   0.0%   0.0%   0.0%   0.0%   0.0%   0.0%   0.0%   0.0%   0.0%   0.0%   0.0%   0.0% 	Avg.:  0.0% 
	  0.0%   0.0%   0.0%   0.0%   0.0%   0.0%   0.0%   0.0%   0.0%   0.0%   0.0%   0.0%   0.0%   0.0%   0.0%   0.0%   0.0%   0.0%   0.0%   0.0% 	Avg.:  0.0% 
	  0.0%   0.0%   0.0%   0.0%   0.0%   0.0%   0.0%   0.0%   0.0%   0.0%   0.0%   0.0%   0.0%   0.0%   0.0%   0.0%   0.0%   0.0%   0.0%   0.0% 	Avg.:  0.0% 
	  0.0%   0.0%   0.0%   0.0%   0.0%   0.0%   0.0%   0.0%   0.0%   0.0%   0.0%   0.0%   0.0%   0.0%   0.0%   0.0%   0.0%   0.0%   0.0%   0.0% 	Avg.:  0.0% 
	  0.0%   0.0%   0.0%   0.0%   0.0%   0.0%   0.0%   0.0%   0.0%   0.0%   0.0%   0.0%   0.0%   0.0%   0.0%   0.0%   0.0%   0.0%   0.0%   0.0% 	Avg.:  0.0% 
	  0.0%   0.0%   0.0%   0.0%   0.0%   0.0%   0.0%   0.0%   0.0%   0.0%   0.0%   0.0%   0.0%   0.0%   0.0%   0.0%   0.0%   0.0%   0.0%   0.0% 	Avg.:  0.0% 
	  0.0%   0.0%   0.0%   0.0%   0.0%   0.0%   0.0%   0.0%   0.0%   0.0%   0.0%   0.0%   0.0%   0.0%   0.0%   0.0%   0.0%   0.0%   0.0%   0.0% 	Avg.:  0.0% 
	  0.0%   0.0%   0.0%   0.0%   0.0%   0.0%   0.0%   0.0%   0.0%   0.0%   0.0%   0.0%   0.0%   0.0%   0.0%   0.0%   0.0%   0.0%   0.0%   0.0% 	Avg.:  0.0% 
	  0.0%   0.0%   0.0%   0.0%   0.0%   0.0%   0.0%   0.0%   0.0%   0.0%   0.0%   0.0%   0.0%   0.0%   0.0%   0.0%   0.0%   0.0%   0.0%   0.0% 	Avg.:  0.0% 
************************************************************************************************************
[Elapsed time = 0.8 h]
Done!
