START_TASK=18 STOP_TASK=19
============================================================================================================
Arguments =
	approach: lucir
	batch_size: 64
	classes_first_task: None
	clipping: 10000
	crop: 224
	data_path: ../data/inat200
	dataset: inat200
	eval_on_train: False
	experiment_path: None
	fix_bn: False
	freeze_backbone: False
	gpu: 0
	gpus: [0]
	increment: 10
	last_layer_analysis: False
	log: ['disk']
	lr: 0.01
	lr_factor: None
	lr_min: 0.0001
	lr_patience: None
	lr_scheduler: cosine
	lr_warmup_epochs: 0
	momentum: 0.0
	multi_softmax: False
	nepochs: 90
	network: resnet50.a1_in1k
	no_cudnn_deterministic: False
	normalize: in1k
	num_workers: 2
	optimizer_name: sgd
	pin_memory: False
	pretrained: True
	resize: 224
	results_path: ./results
	save_models: True
	seed: 0
	start_at_task: 18
	start_epoch: 0
	stop_at_task: 19
	stop_epoch: 0
	use_valid_only: False
	warmup_lr_factor: 1.0
	warmup_nepochs: 0
	weight_decay: 0.0
============================================================================================================
Approach arguments =
	K: 2
	dist: 0.5
	lamb: 5.0
	lamb_mr: 1.0
============================================================================================================
Exemplars arguments =
	exemplar_selection: random
	num_exemplars: 4000
============================================================================================================
WARNING: ./results/resnet50.a1_in1k/inat200/lucir/10 already exists!
Loaded acc_taw from: ./results/resnet50.a1_in1k/inat200/lucir/10/acc_taw-17.txt
Loaded acc_tag from: ./results/resnet50.a1_in1k/inat200/lucir/10/acc_tag-17.txt
Loaded forg_taw from: ./results/resnet50.a1_in1k/inat200/lucir/10/forg_taw-17.txt
Loaded forg_tag from: ./results/resnet50.a1_in1k/inat200/lucir/10/forg_tag-17.txt
Restored CosineLinear heads from ./results/resnet50.a1_in1k/inat200/lucir/10/task17_cosine_heads.pth
Loaded 4140 exemplars from ./results/resnet50.a1_in1k/inat200/lucir/10/task17_exemplars.pth
************************************************************************************************************
Task 18  [epochs 0-90]
************************************************************************************************************
[params] total:23,897,153  trainable:23,528,513  tensors:179  trainable_tensors:161
| Epoch   1, time= 33.3s | Train: skip eval | Valid: time=  2.5s loss=1.811, TAw acc= 79.8% | * lr=1.0e-02
| Epoch   2, time= 31.9s | Train: skip eval | Valid: time=  2.1s loss=1.424, TAw acc= 83.0% | * lr=1.0e-02
| Epoch   3, time= 31.1s | Train: skip eval | Valid: time=  2.0s loss=1.463, TAw acc= 84.8% | lr=1.0e-02
| Epoch   4, time= 28.7s | Train: skip eval | Valid: time=  1.9s loss=1.399, TAw acc= 83.2% | * lr=1.0e-02
| Epoch   5, time= 30.1s | Train: skip eval | Valid: time=  1.7s loss=1.535, TAw acc= 84.5% | lr=9.9e-03
| Epoch   6, time= 30.0s | Train: skip eval | Valid: time=  1.8s loss=1.371, TAw acc= 83.0% | * lr=9.9e-03
| Epoch   7, time= 30.1s | Train: skip eval | Valid: time=  2.0s loss=1.381, TAw acc= 82.5% | lr=9.9e-03
| Epoch   8, time= 30.8s | Train: skip eval | Valid: time=  1.8s loss=1.303, TAw acc= 83.5% | * lr=9.8e-03
| Epoch   9, time= 29.4s | Train: skip eval | Valid: time=  2.0s loss=1.337, TAw acc= 83.8% | lr=9.8e-03
| Epoch  10, time= 33.3s | Train: skip eval | Valid: time=  2.1s loss=1.358, TAw acc= 83.0% | lr=9.7e-03
| Epoch  11, time= 27.5s | Train: skip eval | Valid: time=  1.9s loss=1.417, TAw acc= 83.2% | lr=9.6e-03
| Epoch  12, time= 31.4s | Train: skip eval | Valid: time=  1.8s loss=1.360, TAw acc= 85.0% | lr=9.6e-03
| Epoch  13, time= 29.5s | Train: skip eval | Valid: time=  2.2s loss=1.329, TAw acc= 84.5% | lr=9.5e-03
| Epoch  14, time= 29.7s | Train: skip eval | Valid: time=  2.3s loss=1.319, TAw acc= 84.0% | lr=9.4e-03
| Epoch  15, time= 27.5s | Train: skip eval | Valid: time=  1.8s loss=1.339, TAw acc= 83.5% | lr=9.3e-03
| Epoch  16, time= 27.1s | Train: skip eval | Valid: time=  1.9s loss=1.305, TAw acc= 84.0% | lr=9.2e-03
| Epoch  17, time= 34.6s | Train: skip eval | Valid: time=  1.9s loss=1.269, TAw acc= 85.0% | * lr=9.2e-03
| Epoch  18, time= 34.1s | Train: skip eval | Valid: time=  1.9s loss=1.336, TAw acc= 85.0% | lr=9.1e-03
| Epoch  19, time= 31.5s | Train: skip eval | Valid: time=  1.9s loss=1.294, TAw acc= 84.5% | lr=9.0e-03
| Epoch  20, time= 30.3s | Train: skip eval | Valid: time=  2.2s loss=1.345, TAw acc= 83.5% | lr=8.8e-03
| Epoch  21, time= 27.0s | Train: skip eval | Valid: time=  2.2s loss=1.363, TAw acc= 84.5% | lr=8.7e-03
| Epoch  22, time= 33.9s | Train: skip eval | Valid: time=  2.4s loss=1.308, TAw acc= 84.2% | lr=8.6e-03
| Epoch  23, time= 28.7s | Train: skip eval | Valid: time=  2.0s loss=1.312, TAw acc= 85.0% | lr=8.5e-03
| Epoch  24, time= 30.0s | Train: skip eval | Valid: time=  1.9s loss=1.312, TAw acc= 83.5% | lr=8.4e-03
| Epoch  25, time= 31.6s | Train: skip eval | Valid: time=  1.8s loss=1.293, TAw acc= 84.2% | lr=8.2e-03
| Epoch  26, time= 31.5s | Train: skip eval | Valid: time=  1.8s loss=1.267, TAw acc= 84.0% | * lr=8.1e-03
| Epoch  27, time= 32.6s | Train: skip eval | Valid: time=  1.9s loss=1.288, TAw acc= 84.0% | lr=8.0e-03
| Epoch  28, time= 32.3s | Train: skip eval | Valid: time=  2.2s loss=1.262, TAw acc= 83.2% | * lr=7.8e-03
| Epoch  29, time= 28.9s | Train: skip eval | Valid: time=  1.8s loss=1.221, TAw acc= 84.5% | * lr=7.7e-03
| Epoch  30, time= 27.1s | Train: skip eval | Valid: time=  2.3s loss=1.314, TAw acc= 84.8% | lr=7.5e-03
| Epoch  31, time= 27.9s | Train: skip eval | Valid: time=  1.9s loss=1.293, TAw acc= 84.8% | lr=7.4e-03
| Epoch  32, time= 29.5s | Train: skip eval | Valid: time=  1.8s loss=1.217, TAw acc= 84.0% | * lr=7.2e-03
| Epoch  33, time= 27.4s | Train: skip eval | Valid: time=  2.4s loss=1.237, TAw acc= 84.2% | lr=7.1e-03
| Epoch  34, time= 30.6s | Train: skip eval | Valid: time=  1.9s loss=1.274, TAw acc= 84.5% | lr=6.9e-03
| Epoch  35, time= 26.9s | Train: skip eval | Valid: time=  1.8s loss=1.244, TAw acc= 84.2% | lr=6.7e-03
| Epoch  36, time= 30.7s | Train: skip eval | Valid: time=  2.2s loss=1.267, TAw acc= 84.5% | lr=6.6e-03
| Epoch  37, time= 31.4s | Train: skip eval | Valid: time=  2.3s loss=1.243, TAw acc= 84.8% | lr=6.4e-03
| Epoch  38, time= 31.9s | Train: skip eval | Valid: time=  2.2s loss=1.244, TAw acc= 84.5% | lr=6.2e-03
| Epoch  39, time= 29.9s | Train: skip eval | Valid: time=  1.8s loss=1.231, TAw acc= 83.5% | lr=6.1e-03
| Epoch  40, time= 27.2s | Train: skip eval | Valid: time=  2.0s loss=1.239, TAw acc= 84.0% | lr=5.9e-03
| Epoch  41, time= 32.1s | Train: skip eval | Valid: time=  2.2s loss=1.279, TAw acc= 84.5% | lr=5.7e-03
| Epoch  42, time= 26.4s | Train: skip eval | Valid: time=  1.9s loss=1.246, TAw acc= 84.5% | lr=5.6e-03
| Epoch  43, time= 27.7s | Train: skip eval | Valid: time=  1.8s loss=1.232, TAw acc= 84.5% | lr=5.4e-03
| Epoch  44, time= 29.0s | Train: skip eval | Valid: time=  2.0s loss=1.226, TAw acc= 84.2% | lr=5.2e-03
| Epoch  45, time= 29.6s | Train: skip eval | Valid: time=  1.9s loss=1.249, TAw acc= 84.8% | lr=5.1e-03
| Epoch  46, time= 30.7s | Train: skip eval | Valid: time=  1.9s loss=1.249, TAw acc= 83.8% | lr=4.9e-03
| Epoch  47, time= 32.0s | Train: skip eval | Valid: time=  1.9s loss=1.234, TAw acc= 84.5% | lr=4.7e-03
| Epoch  48, time= 29.7s | Train: skip eval | Valid: time=  2.1s loss=1.217, TAw acc= 84.2% | * lr=4.5e-03
| Epoch  49, time= 27.6s | Train: skip eval | Valid: time=  1.9s loss=1.197, TAw acc= 84.2% | * lr=4.4e-03
| Epoch  50, time= 28.9s | Train: skip eval | Valid: time=  2.1s loss=1.217, TAw acc= 84.5% | lr=4.2e-03
| Epoch  51, time= 29.9s | Train: skip eval | Valid: time=  1.8s loss=1.211, TAw acc= 85.2% | lr=4.0e-03
| Epoch  52, time= 27.0s | Train: skip eval | Valid: time=  2.0s loss=1.210, TAw acc= 84.0% | lr=3.9e-03
| Epoch  53, time= 29.6s | Train: skip eval | Valid: time=  2.0s loss=1.217, TAw acc= 84.5% | lr=3.7e-03
| Epoch  54, time= 27.6s | Train: skip eval | Valid: time=  1.8s loss=1.233, TAw acc= 85.2% | lr=3.5e-03
| Epoch  55, time= 32.1s | Train: skip eval | Valid: time=  1.8s loss=1.201, TAw acc= 84.2% | lr=3.4e-03
| Epoch  56, time= 27.5s | Train: skip eval | Valid: time=  1.9s loss=1.207, TAw acc= 84.0% | lr=3.2e-03
| Epoch  57, time= 30.1s | Train: skip eval | Valid: time=  1.8s loss=1.179, TAw acc= 84.0% | * lr=3.0e-03
| Epoch  58, time= 27.3s | Train: skip eval | Valid: time=  1.9s loss=1.210, TAw acc= 85.2% | lr=2.9e-03
| Epoch  59, time= 27.5s | Train: skip eval | Valid: time=  1.8s loss=1.209, TAw acc= 84.0% | lr=2.7e-03
| Epoch  60, time= 27.5s | Train: skip eval | Valid: time=  1.8s loss=1.207, TAw acc= 84.2% | lr=2.6e-03
| Epoch  61, time= 31.7s | Train: skip eval | Valid: time=  2.4s loss=1.196, TAw acc= 84.5% | lr=2.4e-03
| Epoch  62, time= 31.8s | Train: skip eval | Valid: time=  2.2s loss=1.185, TAw acc= 83.8% | lr=2.3e-03
| Epoch  63, time= 28.5s | Train: skip eval | Valid: time=  1.9s loss=1.170, TAw acc= 84.2% | * lr=2.1e-03
| Epoch  64, time= 33.3s | Train: skip eval | Valid: time=  1.9s loss=1.186, TAw acc= 84.8% | lr=2.0e-03
| Epoch  65, time= 29.9s | Train: skip eval | Valid: time=  1.9s loss=1.182, TAw acc= 84.8% | lr=1.9e-03
| Epoch  66, time= 28.6s | Train: skip eval | Valid: time=  2.2s loss=1.194, TAw acc= 84.5% | lr=1.7e-03
| Epoch  67, time= 28.0s | Train: skip eval | Valid: time=  1.8s loss=1.185, TAw acc= 84.2% | lr=1.6e-03
| Epoch  68, time= 32.0s | Train: skip eval | Valid: time=  2.2s loss=1.184, TAw acc= 84.5% | lr=1.5e-03
| Epoch  69, time= 26.6s | Train: skip eval | Valid: time=  2.2s loss=1.185, TAw acc= 85.0% | lr=1.4e-03
| Epoch  70, time= 26.8s | Train: skip eval | Valid: time=  2.2s loss=1.175, TAw acc= 85.0% | lr=1.3e-03
| Epoch  71, time= 28.8s | Train: skip eval | Valid: time=  1.8s loss=1.180, TAw acc= 85.0% | lr=1.1e-03
| Epoch  72, time= 28.8s | Train: skip eval | Valid: time=  2.4s loss=1.178, TAw acc= 84.2% | lr=1.0e-03
| Epoch  73, time= 31.1s | Train: skip eval | Valid: time=  1.8s loss=1.182, TAw acc= 83.8% | lr=9.5e-04
| Epoch  74, time= 30.4s | Train: skip eval | Valid: time=  1.9s loss=1.171, TAw acc= 84.5% | lr=8.5e-04
| Epoch  75, time= 31.6s | Train: skip eval | Valid: time=  1.8s loss=1.198, TAw acc= 84.8% | lr=7.6e-04
| Epoch  76, time= 31.8s | Train: skip eval | Valid: time=  1.9s loss=1.181, TAw acc= 84.0% | lr=6.8e-04
| Epoch  77, time= 30.4s | Train: skip eval | Valid: time=  1.8s loss=1.192, TAw acc= 85.2% | lr=6.0e-04
| Epoch  78, time= 33.6s | Train: skip eval | Valid: time=  1.8s loss=1.172, TAw acc= 84.2% | lr=5.3e-04
| Epoch  79, time= 30.2s | Train: skip eval | Valid: time=  1.9s loss=1.165, TAw acc= 84.8% | * lr=4.6e-04
| Epoch  80, time= 30.1s | Train: skip eval | Valid: time=  1.9s loss=1.188, TAw acc= 84.8% | lr=4.0e-04
| Epoch  81, time= 30.5s | Train: skip eval | Valid: time=  2.4s loss=1.175, TAw acc= 84.0% | lr=3.4e-04
| Epoch  82, time= 27.9s | Train: skip eval | Valid: time=  1.9s loss=1.175, TAw acc= 84.5% | lr=2.9e-04
| Epoch  83, time= 30.4s | Train: skip eval | Valid: time=  2.2s loss=1.193, TAw acc= 84.0% | lr=2.5e-04
| Epoch  84, time= 30.0s | Train: skip eval | Valid: time=  1.9s loss=1.190, TAw acc= 84.5% | lr=2.1e-04
| Epoch  85, time= 29.6s | Train: skip eval | Valid: time=  1.9s loss=1.179, TAw acc= 84.8% | lr=1.8e-04
| Epoch  86, time= 29.2s | Train: skip eval | Valid: time=  2.2s loss=1.196, TAw acc= 84.8% | lr=1.5e-04
| Epoch  87, time= 27.6s | Train: skip eval | Valid: time=  1.9s loss=1.184, TAw acc= 84.0% | lr=1.3e-04
| Epoch  88, time= 29.8s | Train: skip eval | Valid: time=  2.4s loss=1.184, TAw acc= 85.2% | lr=1.1e-04
| Epoch  89, time= 26.9s | Train: skip eval | Valid: time=  1.8s loss=1.193, TAw acc= 85.0% | lr=1.0e-04
| Epoch  90, time= 30.7s | Train: skip eval | Valid: time=  1.9s loss=1.165, TAw acc= 85.0% | lr=1.0e-04
| Selected 4180 train exemplars, time=  3.7s
------------------------------------------------------------------------------------------------------------
>>> Test on task  0 : loss=3.411 | TAw acc= 89.7%, forg= -0.4% | TAg acc= 31.3%, forg= 44.2% <<<
>>> Test on task  1 : loss=4.925 | TAw acc= 86.4%, forg=  1.0% | TAg acc= 31.8%, forg= 28.6% <<<
>>> Test on task  2 : loss=3.045 | TAw acc= 91.1%, forg=  0.0% | TAg acc= 53.6%, forg= 15.6% <<<
>>> Test on task  3 : loss=4.021 | TAw acc= 85.6%, forg=  0.8% | TAg acc= 43.1%, forg= 29.2% <<<
>>> Test on task  4 : loss=4.404 | TAw acc= 88.3%, forg=  0.5% | TAg acc= 28.9%, forg= 46.0% <<<
>>> Test on task  5 : loss=4.633 | TAw acc= 85.1%, forg=  0.8% | TAg acc= 23.4%, forg= 49.7% <<<
>>> Test on task  6 : loss=2.400 | TAw acc= 90.2%, forg=  1.0% | TAg acc= 54.8%, forg= 26.7% <<<
>>> Test on task  7 : loss=3.591 | TAw acc= 89.7%, forg= -0.1% | TAg acc= 41.9%, forg= 38.3% <<<
>>> Test on task  8 : loss=2.589 | TAw acc= 89.2%, forg=  0.3% | TAg acc= 58.6%, forg= 22.8% <<<
>>> Test on task  9 : loss=2.980 | TAw acc= 91.3%, forg=  0.2% | TAg acc= 37.0%, forg= 46.0% <<<
>>> Test on task 10 : loss=2.756 | TAw acc= 86.2%, forg=  0.0% | TAg acc= 40.0%, forg= 38.3% <<<
>>> Test on task 11 : loss=3.014 | TAw acc= 88.8%, forg=  0.7% | TAg acc= 35.3%, forg= 42.3% <<<
>>> Test on task 12 : loss=2.570 | TAw acc= 91.4%, forg=  0.2% | TAg acc= 43.4%, forg= 39.6% <<<
>>> Test on task 13 : loss=1.640 | TAw acc= 95.2%, forg= -0.2% | TAg acc= 61.9%, forg= 24.8% <<<
>>> Test on task 14 : loss=1.832 | TAw acc= 93.5%, forg=  0.3% | TAg acc= 54.2%, forg= 28.2% <<<
>>> Test on task 15 : loss=1.600 | TAw acc= 90.0%, forg=  0.3% | TAg acc= 66.3%, forg= 13.9% <<<
>>> Test on task 16 : loss=1.889 | TAw acc= 80.6%, forg= -0.2% | TAg acc= 58.3%, forg= 13.5% <<<
>>> Test on task 17 : loss=1.366 | TAw acc= 90.0%, forg= -0.1% | TAg acc= 71.0%, forg=  8.3% <<<
>>> Test on task 18 : loss=1.085 | TAw acc= 85.8%, forg=  0.0% | TAg acc= 72.9%, forg=  0.0% <<<
Save at ./results/./results/resnet50.a1_in1k/inat200/lucir/10
************************************************************************************************************
TAw Acc
	 73.1%   0.0%   0.0%   0.0%   0.0%   0.0%   0.0%   0.0%   0.0%   0.0%   0.0%   0.0%   0.0%   0.0%   0.0%   0.0%   0.0%   0.0%   0.0%   0.0% 	Avg.: 73.1% 
	 77.4%  79.3%   0.0%   0.0%   0.0%   0.0%   0.0%   0.0%   0.0%   0.0%   0.0%   0.0%   0.0%   0.0%   0.0%   0.0%   0.0%   0.0%   0.0%   0.0% 	Avg.: 78.3% 
	 81.7%  82.2%  85.2%   0.0%   0.0%   0.0%   0.0%   0.0%   0.0%   0.0%   0.0%   0.0%   0.0%   0.0%   0.0%   0.0%   0.0%   0.0%   0.0%   0.0% 	Avg.: 83.0% 
	 83.6%  84.0%  86.9%  83.3%   0.0%   0.0%   0.0%   0.0%   0.0%   0.0%   0.0%   0.0%   0.0%   0.0%   0.0%   0.0%   0.0%   0.0%   0.0%   0.0% 	Avg.: 84.4% 
	 85.0%  84.9%  88.1%  83.0%  84.9%   0.0%   0.0%   0.0%   0.0%   0.0%   0.0%   0.0%   0.0%   0.0%   0.0%   0.0%   0.0%   0.0%   0.0%   0.0% 	Avg.: 85.2% 
	 86.0%  85.1%  88.9%  84.9%  85.9%  82.7%   0.0%   0.0%   0.0%   0.0%   0.0%   0.0%   0.0%   0.0%   0.0%   0.0%   0.0%   0.0%   0.0%   0.0% 	Avg.: 85.6% 
	 86.7%  85.0%  89.2%  85.1%  85.8%  83.6%  88.7%   0.0%   0.0%   0.0%   0.0%   0.0%   0.0%   0.0%   0.0%   0.0%   0.0%   0.0%   0.0%   0.0% 	Avg.: 86.3% 
	 87.5%  85.5%  89.7%  85.8%  86.1%  83.8%  89.0%  88.7%   0.0%   0.0%   0.0%   0.0%   0.0%   0.0%   0.0%   0.0%   0.0%   0.0%   0.0%   0.0% 	Avg.: 87.0% 
	 87.5%  86.3%  89.5%  86.2%  86.7%  84.6%  90.1%  89.4%  88.9%   0.0%   0.0%   0.0%   0.0%   0.0%   0.0%   0.0%   0.0%   0.0%   0.0%   0.0% 	Avg.: 87.7% 
	 88.1%  86.3%  89.8%  86.1%  87.5%  85.0%  90.4%  89.2%  88.7%  89.8%   0.0%   0.0%   0.0%   0.0%   0.0%   0.0%   0.0%   0.0%   0.0%   0.0% 	Avg.: 88.1% 
	 88.3%  86.8%  90.5%  86.3%  87.5%  85.1%  90.7%  89.3%  89.1%  90.3%  85.3%   0.0%   0.0%   0.0%   0.0%   0.0%   0.0%   0.0%   0.0%   0.0% 	Avg.: 88.1% 
	 88.3%  87.2%  90.9%  86.4%  88.4%  85.0%  90.8%  89.2%  89.4%  90.6%  85.6%  88.6%   0.0%   0.0%   0.0%   0.0%   0.0%   0.0%   0.0%   0.0% 	Avg.: 88.4% 
	 88.8%  86.6%  90.8%  86.4%  87.8%  85.4%  91.1%  88.7%  89.1%  90.5%  86.0%  88.9%  91.3%   0.0%   0.0%   0.0%   0.0%   0.0%   0.0%   0.0% 	Avg.: 88.6% 
	 89.1%  87.4%  90.9%  86.4%  88.4%  85.5%  91.2%  89.0%  89.1%  90.9%  85.5%  89.5%  91.6%  94.9%   0.0%   0.0%   0.0%   0.0%   0.0%   0.0% 	Avg.: 89.2% 
	 89.0%  87.3%  90.7%  86.4%  88.0%  85.6%  90.9%  89.3%  89.2%  91.3%  85.7%  88.8%  91.6%  94.9%  93.8%   0.0%   0.0%   0.0%   0.0%   0.0% 	Avg.: 89.5% 
	 88.7%  87.4%  90.9%  86.2%  88.8%  85.9%  91.0%  89.5%  89.2%  91.1%  86.2%  88.7%  91.6%  94.8%  93.4%  90.3%   0.0%   0.0%   0.0%   0.0% 	Avg.: 89.6% 
	 89.3%  87.1%  91.1%  86.0%  88.5%  85.8%  90.8%  89.2%  89.5%  91.5%  85.6%  89.1%  91.1%  94.8%  93.7%  89.7%  80.4%   0.0%   0.0%   0.0% 	Avg.: 89.0% 
	 89.2%  87.0%  91.1%  85.6%  88.7%  85.3%  90.6%  89.6%  89.4%  91.4%  86.2%  88.9%  91.4%  95.0%  93.6%  90.2%  80.4%  89.9%   0.0%   0.0% 	Avg.: 89.1% 
	 89.7%  86.4%  91.1%  85.6%  88.3%  85.1%  90.2%  89.7%  89.2%  91.3%  86.2%  88.8%  91.4%  95.2%  93.5%  90.0%  80.6%  90.0%  85.8%   0.0% 	Avg.: 88.8% 
	  0.0%   0.0%   0.0%   0.0%   0.0%   0.0%   0.0%   0.0%   0.0%   0.0%   0.0%   0.0%   0.0%   0.0%   0.0%   0.0%   0.0%   0.0%   0.0%   0.0% 	Avg.:  0.0% 
************************************************************************************************************
TAg Acc
	 73.1%   0.0%   0.0%   0.0%   0.0%   0.0%   0.0%   0.0%   0.0%   0.0%   0.0%   0.0%   0.0%   0.0%   0.0%   0.0%   0.0%   0.0%   0.0%   0.0% 	Avg.: 73.1% 
	 75.5%  52.4%   0.0%   0.0%   0.0%   0.0%   0.0%   0.0%   0.0%   0.0%   0.0%   0.0%   0.0%   0.0%   0.0%   0.0%   0.0%   0.0%   0.0%   0.0% 	Avg.: 64.0% 
	 72.6%  60.4%  69.2%   0.0%   0.0%   0.0%   0.0%   0.0%   0.0%   0.0%   0.0%   0.0%   0.0%   0.0%   0.0%   0.0%   0.0%   0.0%   0.0%   0.0% 	Avg.: 67.4% 
	 67.6%  59.3%  68.5%  72.3%   0.0%   0.0%   0.0%   0.0%   0.0%   0.0%   0.0%   0.0%   0.0%   0.0%   0.0%   0.0%   0.0%   0.0%   0.0%   0.0% 	Avg.: 66.9% 
	 58.8%  57.7%  65.7%  64.0%  74.9%   0.0%   0.0%   0.0%   0.0%   0.0%   0.0%   0.0%   0.0%   0.0%   0.0%   0.0%   0.0%   0.0%   0.0%   0.0% 	Avg.: 64.2% 
	 45.8%  58.6%  62.8%  58.4%  67.3%  73.1%   0.0%   0.0%   0.0%   0.0%   0.0%   0.0%   0.0%   0.0%   0.0%   0.0%   0.0%   0.0%   0.0%   0.0% 	Avg.: 61.0% 
	 37.2%  54.6%  58.5%  59.0%  66.7%  64.9%  81.5%   0.0%   0.0%   0.0%   0.0%   0.0%   0.0%   0.0%   0.0%   0.0%   0.0%   0.0%   0.0%   0.0% 	Avg.: 60.3% 
	 36.4%  54.0%  55.2%  55.4%  53.0%  59.3%  71.1%  80.2%   0.0%   0.0%   0.0%   0.0%   0.0%   0.0%   0.0%   0.0%   0.0%   0.0%   0.0%   0.0% 	Avg.: 58.1% 
	 41.1%  46.6%  56.1%  54.7%  49.1%  56.1%  71.4%  74.6%  81.4%   0.0%   0.0%   0.0%   0.0%   0.0%   0.0%   0.0%   0.0%   0.0%   0.0%   0.0% 	Avg.: 59.0% 
	 39.5%  42.7%  53.7%  50.6%  48.8%  48.4%  65.5%  62.5%  74.7%  83.0%   0.0%   0.0%   0.0%   0.0%   0.0%   0.0%   0.0%   0.0%   0.0%   0.0% 	Avg.: 56.9% 
	 33.7%  43.5%  52.7%  52.4%  42.3%  41.8%  61.1%  60.0%  69.8%  73.3%  78.3%   0.0%   0.0%   0.0%   0.0%   0.0%   0.0%   0.0%   0.0%   0.0% 	Avg.: 55.4% 
	 31.3%  42.4%  52.3%  48.0%  41.9%  37.7%  59.5%  58.1%  64.5%  64.0%  69.8%  77.6%   0.0%   0.0%   0.0%   0.0%   0.0%   0.0%   0.0%   0.0% 	Avg.: 53.9% 
	 35.6%  42.6%  52.9%  45.5%  41.4%  36.5%  58.8%  52.2%  63.2%  56.0%  61.8%  69.4%  83.0%   0.0%   0.0%   0.0%   0.0%   0.0%   0.0%   0.0% 	Avg.: 53.8% 
	 37.4%  33.9%  54.2%  43.9%  40.2%  37.2%  58.2%  48.5%  63.1%  47.6%  56.9%  63.7%  67.4%  86.7%   0.0%   0.0%   0.0%   0.0%   0.0%   0.0% 	Avg.: 52.8% 
	 35.0%  29.3%  51.5%  45.4%  40.3%  36.1%  56.2%  49.3%  63.2%  42.7%  53.3%  57.0%  60.7%  79.4%  82.4%   0.0%   0.0%   0.0%   0.0%   0.0% 	Avg.: 52.1% 
	 34.3%  30.6%  51.2%  46.3%  34.4%  32.7%  55.9%  49.8%  61.6%  37.3%  49.4%  54.5%  57.6%  74.6%  69.9%  80.2%   0.0%   0.0%   0.0%   0.0% 	Avg.: 51.3% 
	 32.9%  30.5%  53.4%  46.0%  28.1%  30.2%  56.3%  49.8%  56.4%  34.3%  35.9%  49.5%  54.1%  68.5%  64.7%  73.5%  71.8%   0.0%   0.0%   0.0% 	Avg.: 49.2% 
	 30.8%  31.5%  52.7%  44.2%  29.4%  22.3%  54.4%  44.6%  58.0%  35.8%  38.2%  46.3%  51.5%  65.0%  59.1%  69.9%  63.9%  79.3%   0.0%   0.0% 	Avg.: 48.7% 
	 31.3%  31.8%  53.6%  43.1%  28.9%  23.4%  54.8%  41.9%  58.6%  37.0%  40.0%  35.3%  43.4%  61.9%  54.2%  66.3%  58.3%  71.0%  72.9%   0.0% 	Avg.: 47.8% 
	  0.0%   0.0%   0.0%   0.0%   0.0%   0.0%   0.0%   0.0%   0.0%   0.0%   0.0%   0.0%   0.0%   0.0%   0.0%   0.0%   0.0%   0.0%   0.0%   0.0% 	Avg.:  0.0% 
************************************************************************************************************
TAw Forg
	  0.0%   0.0%   0.0%   0.0%   0.0%   0.0%   0.0%   0.0%   0.0%   0.0%   0.0%   0.0%   0.0%   0.0%   0.0%   0.0%   0.0%   0.0%   0.0%   0.0% 
	 -4.3%   0.0%   0.0%   0.0%   0.0%   0.0%   0.0%   0.0%   0.0%   0.0%   0.0%   0.0%   0.0%   0.0%   0.0%   0.0%   0.0%   0.0%   0.0%   0.0% 	Avg.: -4.3% 
	 -4.3%  -2.9%   0.0%   0.0%   0.0%   0.0%   0.0%   0.0%   0.0%   0.0%   0.0%   0.0%   0.0%   0.0%   0.0%   0.0%   0.0%   0.0%   0.0%   0.0% 	Avg.: -3.6% 
	 -1.9%  -1.8%  -1.7%   0.0%   0.0%   0.0%   0.0%   0.0%   0.0%   0.0%   0.0%   0.0%   0.0%   0.0%   0.0%   0.0%   0.0%   0.0%   0.0%   0.0% 	Avg.: -1.8% 
	 -1.4%  -0.9%  -1.2%   0.3%   0.0%   0.0%   0.0%   0.0%   0.0%   0.0%   0.0%   0.0%   0.0%   0.0%   0.0%   0.0%   0.0%   0.0%   0.0%   0.0% 	Avg.: -0.8% 
	 -1.0%  -0.2%  -0.8%  -1.6%  -1.0%   0.0%   0.0%   0.0%   0.0%   0.0%   0.0%   0.0%   0.0%   0.0%   0.0%   0.0%   0.0%   0.0%   0.0%   0.0% 	Avg.: -0.9% 
	 -0.7%   0.1%  -0.3%  -0.2%   0.1%  -0.9%   0.0%   0.0%   0.0%   0.0%   0.0%   0.0%   0.0%   0.0%   0.0%   0.0%   0.0%   0.0%   0.0%   0.0% 	Avg.: -0.3% 
	 -0.8%  -0.4%  -0.5%  -0.7%  -0.2%  -0.2%  -0.3%   0.0%   0.0%   0.0%   0.0%   0.0%   0.0%   0.0%   0.0%   0.0%   0.0%   0.0%   0.0%   0.0% 	Avg.: -0.4% 
	  0.0%  -0.8%   0.2%  -0.4%  -0.6%  -0.8%  -1.1%  -0.7%   0.0%   0.0%   0.0%   0.0%   0.0%   0.0%   0.0%   0.0%   0.0%   0.0%   0.0%   0.0% 	Avg.: -0.5% 
	 -0.6%   0.0%  -0.1%   0.1%  -0.8%  -0.4%  -0.3%   0.2%   0.2%   0.0%   0.0%   0.0%   0.0%   0.0%   0.0%   0.0%   0.0%   0.0%   0.0%   0.0% 	Avg.: -0.2% 
	 -0.2%  -0.5%  -0.7%  -0.1%   0.0%  -0.1%  -0.3%   0.1%  -0.2%  -0.5%   0.0%   0.0%   0.0%   0.0%   0.0%   0.0%   0.0%   0.0%   0.0%   0.0% 	Avg.: -0.3% 
	  0.0%  -0.4%  -0.4%  -0.1%  -0.9%   0.1%  -0.1%   0.2%  -0.3%  -0.3%  -0.3%   0.0%   0.0%   0.0%   0.0%   0.0%   0.0%   0.0%   0.0%   0.0% 	Avg.: -0.2% 
	 -0.5%   0.6%   0.1%   0.0%   0.6%  -0.3%  -0.3%   0.7%   0.3%   0.1%  -0.4%  -0.3%   0.0%   0.0%   0.0%   0.0%   0.0%   0.0%   0.0%   0.0% 	Avg.:  0.0% 
	 -0.3%  -0.2%   0.0%   0.0%   0.0%  -0.1%  -0.1%   0.4%   0.3%  -0.3%   0.5%  -0.6%  -0.3%   0.0%   0.0%   0.0%   0.0%   0.0%   0.0%   0.0% 	Avg.: -0.1% 
	  0.1%   0.1%   0.2%   0.0%   0.4%  -0.1%   0.3%   0.1%   0.2%  -0.4%   0.3%   0.7%   0.0%   0.0%   0.0%   0.0%   0.0%   0.0%   0.0%   0.0% 	Avg.:  0.1% 
	  0.4%   0.0%   0.0%   0.2%  -0.4%  -0.3%   0.2%  -0.1%   0.2%   0.2%  -0.2%   0.8%   0.0%   0.1%   0.4%   0.0%   0.0%   0.0%   0.0%   0.0% 	Avg.:  0.1% 
	 -0.2%   0.3%  -0.2%   0.4%   0.3%   0.1%   0.4%   0.3%  -0.1%  -0.2%   0.6%   0.4%   0.5%   0.1%   0.1%   0.6%   0.0%   0.0%   0.0%   0.0% 	Avg.:  0.2% 
	  0.1%   0.4%   0.0%   0.8%   0.1%   0.6%   0.6%  -0.1%   0.1%   0.1%   0.0%   0.6%   0.2%  -0.1%   0.2%   0.1%   0.0%   0.0%   0.0%   0.0% 	Avg.:  0.2% 
	 -0.4%   1.0%   0.0%   0.8%   0.5%   0.8%   1.0%  -0.1%   0.3%   0.2%   0.0%   0.7%   0.2%  -0.2%   0.3%   0.3%  -0.2%  -0.1%   0.0%   0.0% 	Avg.:  0.3% 
	  0.0%   0.0%   0.0%   0.0%   0.0%   0.0%   0.0%   0.0%   0.0%   0.0%   0.0%   0.0%   0.0%   0.0%   0.0%   0.0%   0.0%   0.0%   0.0%   0.0% 	Avg.:  0.0% 
************************************************************************************************************
TAg Forg
	  0.0%   0.0%   0.0%   0.0%   0.0%   0.0%   0.0%   0.0%   0.0%   0.0%   0.0%   0.0%   0.0%   0.0%   0.0%   0.0%   0.0%   0.0%   0.0%   0.0% 
	 -2.4%   0.0%   0.0%   0.0%   0.0%   0.0%   0.0%   0.0%   0.0%   0.0%   0.0%   0.0%   0.0%   0.0%   0.0%   0.0%   0.0%   0.0%   0.0%   0.0% 	Avg.: -2.4% 
	  2.9%  -8.0%   0.0%   0.0%   0.0%   0.0%   0.0%   0.0%   0.0%   0.0%   0.0%   0.0%   0.0%   0.0%   0.0%   0.0%   0.0%   0.0%   0.0%   0.0% 	Avg.: -2.5% 
	  7.9%   1.1%   0.7%   0.0%   0.0%   0.0%   0.0%   0.0%   0.0%   0.0%   0.0%   0.0%   0.0%   0.0%   0.0%   0.0%   0.0%   0.0%   0.0%   0.0% 	Avg.:  3.2% 
	 16.7%   2.7%   3.5%   8.3%   0.0%   0.0%   0.0%   0.0%   0.0%   0.0%   0.0%   0.0%   0.0%   0.0%   0.0%   0.0%   0.0%   0.0%   0.0%   0.0% 	Avg.:  7.8% 
	 29.7%   1.8%   6.4%  13.9%   7.6%   0.0%   0.0%   0.0%   0.0%   0.0%   0.0%   0.0%   0.0%   0.0%   0.0%   0.0%   0.0%   0.0%   0.0%   0.0% 	Avg.: 11.9% 
	 38.3%   5.8%  10.7%  13.3%   8.2%   8.2%   0.0%   0.0%   0.0%   0.0%   0.0%   0.0%   0.0%   0.0%   0.0%   0.0%   0.0%   0.0%   0.0%   0.0% 	Avg.: 14.1% 
	 39.1%   6.4%  14.0%  16.9%  21.9%  13.8%  10.4%   0.0%   0.0%   0.0%   0.0%   0.0%   0.0%   0.0%   0.0%   0.0%   0.0%   0.0%   0.0%   0.0% 	Avg.: 17.5% 
	 34.4%  13.8%  13.1%  17.6%  25.8%  17.0%  10.1%   5.6%   0.0%   0.0%   0.0%   0.0%   0.0%   0.0%   0.0%   0.0%   0.0%   0.0%   0.0%   0.0% 	Avg.: 17.2% 
	 36.0%  17.7%  15.5%  21.7%  26.1%  24.7%  16.0%  17.7%   6.7%   0.0%   0.0%   0.0%   0.0%   0.0%   0.0%   0.0%   0.0%   0.0%   0.0%   0.0% 	Avg.: 20.2% 
	 41.8%  16.9%  16.5%  19.9%  32.6%  31.3%  20.4%  20.2%  11.6%   9.7%   0.0%   0.0%   0.0%   0.0%   0.0%   0.0%   0.0%   0.0%   0.0%   0.0% 	Avg.: 22.1% 
	 44.2%  18.0%  16.9%  24.3%  33.0%  35.4%  22.0%  22.1%  16.9%  19.0%   8.5%   0.0%   0.0%   0.0%   0.0%   0.0%   0.0%   0.0%   0.0%   0.0% 	Avg.: 23.7% 
	 39.9%  17.8%  16.3%  26.8%  33.5%  36.6%  22.7%  28.0%  18.2%  27.0%  16.5%   8.2%   0.0%   0.0%   0.0%   0.0%   0.0%   0.0%   0.0%   0.0% 	Avg.: 24.3% 
	 38.1%  26.5%  15.0%  28.4%  34.7%  35.9%  23.3%  31.7%  18.3%  35.4%  21.4%  13.9%  15.6%   0.0%   0.0%   0.0%   0.0%   0.0%   0.0%   0.0% 	Avg.: 26.0% 
	 40.5%  31.1%  17.7%  26.9%  34.6%  37.0%  25.3%  30.9%  18.2%  40.3%  25.0%  20.6%  22.3%   7.3%   0.0%   0.0%   0.0%   0.0%   0.0%   0.0% 	Avg.: 27.0% 
	 41.2%  29.8%  18.0%  26.0%  40.5%  40.4%  25.6%  30.4%  19.8%  45.7%  28.9%  23.1%  25.4%  12.1%  12.5%   0.0%   0.0%   0.0%   0.0%   0.0% 	Avg.: 28.0% 
	 42.6%  29.9%  15.8%  26.3%  46.8%  42.9%  25.2%  30.4%  25.0%  48.7%  42.4%  28.1%  28.9%  18.2%  17.7%   6.7%   0.0%   0.0%   0.0%   0.0% 	Avg.: 29.7% 
	 44.7%  28.9%  16.5%  28.1%  45.5%  50.8%  27.1%  35.6%  23.4%  47.2%  40.1%  31.3%  31.5%  21.7%  23.3%  10.3%   7.9%   0.0%   0.0%   0.0% 	Avg.: 30.2% 
	 44.2%  28.6%  15.6%  29.2%  46.0%  49.7%  26.7%  38.3%  22.8%  46.0%  38.3%  42.3%  39.6%  24.8%  28.2%  13.9%  13.5%   8.3%   0.0%   0.0% 	Avg.: 30.9% 
	  0.0%   0.0%   0.0%   0.0%   0.0%   0.0%   0.0%   0.0%   0.0%   0.0%   0.0%   0.0%   0.0%   0.0%   0.0%   0.0%   0.0%   0.0%   0.0%   0.0% 	Avg.:  0.0% 
************************************************************************************************************
[Elapsed time = 0.8 h]
Done!
