START_TASK=9 STOP_TASK=10
============================================================================================================
Arguments =
	all_outputs: False
	approach: lwf_dual
	batch_size: 64
	classes_first_task: None
	clipping: 10000
	crop: 224
	dataset: cifar100
	distilled: True
	eval_on_train: False
	experiment_path: None
	fix_bn: False
	freeze_backbone: False
	gpu: 0
	gpus: [0]
	increment: 10
	last_layer_analysis: False
	log: ['disk']
	lr: 0.01
	lr_factor: None
	lr_min: 0.0001
	lr_patience: None
	lr_scheduler: cosine
	lr_warmup_epochs: 0
	momentum: 0.0
	multi_softmax: False
	nepochs: 50
	network: deit_small_distilled_patch16_224_cil
	no_cudnn_deterministic: False
	normalize: in1k
	num_workers: 2
	optimizer_name: sgd
	pin_memory: False
	pretrained: True
	resize: 224
	results_path: ./results
	save_models: True
	seed: 0
	start_at_task: 9
	start_epoch: 0
	stop_at_task: 10
	stop_epoch: 0
	use_valid_only: False
	warmup_lr_factor: 1.0
	warmup_nepochs: 0
	weight_decay: 0.0
============================================================================================================
Approach arguments =
	T: 2
	lamb: 1.0
============================================================================================================
Exemplars arguments =
============================================================================================================
WARNING: ./results/deit_small_distilled_patch16_224_cil/cifar100/lwf_dual/10 already exists!
Loaded acc_taw from: ./results/deit_small_distilled_patch16_224_cil/cifar100/lwf_dual/10/acc_taw-8.txt
Loaded acc_tag from: ./results/deit_small_distilled_patch16_224_cil/cifar100/lwf_dual/10/acc_tag-8.txt
Loaded forg_taw from: ./results/deit_small_distilled_patch16_224_cil/cifar100/lwf_dual/10/forg_taw-8.txt
Loaded forg_tag from: ./results/deit_small_distilled_patch16_224_cil/cifar100/lwf_dual/10/forg_tag-8.txt
************************************************************************************************************
Task  9  [epochs 0-50]
************************************************************************************************************
[params] total:22,513,432  trainable:22,513,432  tensors:195  trainable_tensors:195
| Epoch   1, time= 18.7s | Train: skip eval | Valid: time=  1.3s loss=6.322, TAw acc= 91.8% | * lr=1.0e-02
| Epoch   2, time= 18.4s | Train: skip eval | Valid: time=  1.2s loss=6.241, TAw acc= 93.0% | * lr=1.0e-02
| Epoch   3, time= 16.5s | Train: skip eval | Valid: time=  1.3s loss=6.202, TAw acc= 94.4% | * lr=9.9e-03
| Epoch   4, time= 16.8s | Train: skip eval | Valid: time=  1.2s loss=6.209, TAw acc= 93.2% | lr=9.8e-03
| Epoch   5, time= 16.7s | Train: skip eval | Valid: time=  1.3s loss=6.167, TAw acc= 95.4% | * lr=9.8e-03
| Epoch   6, time= 17.1s | Train: skip eval | Valid: time=  3.7s loss=6.232, TAw acc= 93.4% | lr=9.7e-03
| Epoch   7, time= 19.3s | Train: skip eval | Valid: time=  2.8s loss=6.185, TAw acc= 94.2% | lr=9.5e-03
| Epoch   8, time= 18.3s | Train: skip eval | Valid: time=  1.3s loss=6.197, TAw acc= 93.4% | lr=9.4e-03
| Epoch   9, time= 16.0s | Train: skip eval | Valid: time=  2.4s loss=6.144, TAw acc= 95.6% | * lr=9.2e-03
| Epoch  10, time= 14.7s | Train: skip eval | Valid: time=  1.2s loss=6.145, TAw acc= 95.0% | lr=9.1e-03
| Epoch  11, time= 14.8s | Train: skip eval | Valid: time=  1.2s loss=6.135, TAw acc= 95.6% | * lr=8.9e-03
| Epoch  12, time= 18.4s | Train: skip eval | Valid: time=  2.9s loss=6.177, TAw acc= 94.0% | lr=8.7e-03
| Epoch  13, time= 14.7s | Train: skip eval | Valid: time=  5.7s loss=6.134, TAw acc= 95.6% | * lr=8.4e-03
| Epoch  14, time= 14.7s | Train: skip eval | Valid: time=  1.2s loss=6.148, TAw acc= 94.4% | lr=8.2e-03
| Epoch  15, time= 14.8s | Train: skip eval | Valid: time=  1.2s loss=6.140, TAw acc= 95.0% | lr=8.0e-03
| Epoch  16, time= 14.8s | Train: skip eval | Valid: time=  1.2s loss=6.106, TAw acc= 96.2% | * lr=7.7e-03
| Epoch  17, time= 14.7s | Train: skip eval | Valid: time=  1.2s loss=6.108, TAw acc= 96.0% | lr=7.4e-03
| Epoch  18, time= 14.8s | Train: skip eval | Valid: time=  1.2s loss=6.103, TAw acc= 96.6% | * lr=7.2e-03
| Epoch  19, time= 14.8s | Train: skip eval | Valid: time=  1.2s loss=6.095, TAw acc= 97.0% | * lr=6.9e-03
| Epoch  20, time= 14.9s | Train: skip eval | Valid: time=  1.2s loss=6.101, TAw acc= 97.0% | lr=6.6e-03
| Epoch  21, time= 14.9s | Train: skip eval | Valid: time=  1.2s loss=6.110, TAw acc= 96.4% | lr=6.3e-03
| Epoch  22, time= 14.9s | Train: skip eval | Valid: time=  1.2s loss=6.093, TAw acc= 96.6% | * lr=6.0e-03
| Epoch  23, time= 14.7s | Train: skip eval | Valid: time=  1.2s loss=6.087, TAw acc= 96.6% | * lr=5.7e-03
| Epoch  24, time= 14.7s | Train: skip eval | Valid: time=  1.2s loss=6.094, TAw acc= 96.0% | lr=5.4e-03
| Epoch  25, time= 14.8s | Train: skip eval | Valid: time=  1.2s loss=6.099, TAw acc= 96.8% | lr=5.1e-03
| Epoch  26, time= 14.8s | Train: skip eval | Valid: time=  1.2s loss=6.095, TAw acc= 95.4% | lr=4.7e-03
| Epoch  27, time= 15.0s | Train: skip eval | Valid: time=  1.2s loss=6.097, TAw acc= 96.4% | lr=4.4e-03
| Epoch  28, time= 14.7s | Train: skip eval | Valid: time=  1.2s loss=6.104, TAw acc= 95.0% | lr=4.1e-03
| Epoch  29, time= 14.9s | Train: skip eval | Valid: time=  1.2s loss=6.089, TAw acc= 96.4% | lr=3.8e-03
| Epoch  30, time= 14.8s | Train: skip eval | Valid: time=  1.2s loss=6.086, TAw acc= 97.0% | * lr=3.5e-03
| Epoch  31, time= 14.9s | Train: skip eval | Valid: time=  1.2s loss=6.084, TAw acc= 96.4% | * lr=3.2e-03
| Epoch  32, time= 14.8s | Train: skip eval | Valid: time=  1.2s loss=6.139, TAw acc= 94.2% | lr=2.9e-03
| Epoch  33, time= 15.0s | Train: skip eval | Valid: time=  1.2s loss=6.093, TAw acc= 96.2% | lr=2.7e-03
| Epoch  34, time= 14.8s | Train: skip eval | Valid: time=  1.2s loss=6.082, TAw acc= 96.0% | * lr=2.4e-03
| Epoch  35, time= 14.9s | Train: skip eval | Valid: time=  1.2s loss=6.087, TAw acc= 96.8% | lr=2.1e-03
| Epoch  36, time= 14.9s | Train: skip eval | Valid: time=  1.2s loss=6.085, TAw acc= 96.6% | lr=1.9e-03
| Epoch  37, time= 14.9s | Train: skip eval | Valid: time=  1.2s loss=6.086, TAw acc= 96.6% | lr=1.7e-03
| Epoch  38, time= 14.9s | Train: skip eval | Valid: time=  1.2s loss=6.090, TAw acc= 96.2% | lr=1.4e-03
| Epoch  39, time= 15.0s | Train: skip eval | Valid: time=  1.2s loss=6.081, TAw acc= 96.6% | * lr=1.2e-03
| Epoch  40, time= 15.0s | Train: skip eval | Valid: time=  1.2s loss=6.082, TAw acc= 96.6% | lr=1.0e-03
| Epoch  41, time= 14.9s | Train: skip eval | Valid: time=  1.2s loss=6.081, TAw acc= 96.8% | * lr=8.7e-04
| Epoch  42, time= 15.0s | Train: skip eval | Valid: time=  1.3s loss=6.080, TAw acc= 96.8% | * lr=7.1e-04
| Epoch  43, time= 14.8s | Train: skip eval | Valid: time=  1.2s loss=6.079, TAw acc= 96.6% | * lr=5.7e-04
| Epoch  44, time= 15.0s | Train: skip eval | Valid: time=  1.2s loss=6.083, TAw acc= 96.4% | lr=4.5e-04
| Epoch  45, time= 15.0s | Train: skip eval | Valid: time=  1.2s loss=6.084, TAw acc= 96.4% | lr=3.4e-04
| Epoch  46, time= 15.0s | Train: skip eval | Valid: time=  1.2s loss=6.083, TAw acc= 96.6% | lr=2.6e-04
| Epoch  47, time= 15.0s | Train: skip eval | Valid: time=  1.2s loss=6.084, TAw acc= 96.4% | lr=1.9e-04
| Epoch  48, time= 15.0s | Train: skip eval | Valid: time=  1.2s loss=6.081, TAw acc= 96.6% | lr=1.4e-04
| Epoch  49, time= 15.0s | Train: skip eval | Valid: time=  1.2s loss=6.082, TAw acc= 96.6% | lr=1.1e-04
| Epoch  50, time= 15.0s | Train: skip eval | Valid: time=  1.2s loss=6.082, TAw acc= 96.4% | lr=1.0e-04
------------------------------------------------------------------------------------------------------------
>>> Test on task  0 : loss=0.172 | TAw acc= 93.8%, forg=  2.4% | TAg acc= 73.1%, forg= 23.1% <<<
>>> Test on task  1 : loss=2.852 | TAw acc= 97.9%, forg=  0.7% | TAg acc= 75.0%, forg= 15.1% <<<
>>> Test on task  2 : loss=3.595 | TAw acc= 97.4%, forg=  0.6% | TAg acc= 78.7%, forg= 11.6% <<<
>>> Test on task  3 : loss=4.684 | TAw acc= 93.8%, forg=  1.5% | TAg acc= 68.4%, forg= 13.1% <<<
>>> Test on task  4 : loss=5.173 | TAw acc= 97.4%, forg=  0.2% | TAg acc= 74.0%, forg=  8.8% <<<
>>> Test on task  5 : loss=4.750 | TAw acc= 92.6%, forg=  0.7% | TAg acc= 61.1%, forg= 10.5% <<<
>>> Test on task  6 : loss=5.836 | TAw acc= 97.3%, forg=  0.1% | TAg acc= 74.9%, forg=  3.3% <<<
>>> Test on task  7 : loss=5.841 | TAw acc= 97.5%, forg=  0.2% | TAg acc= 74.6%, forg=  0.7% <<<
>>> Test on task  8 : loss=5.494 | TAw acc= 97.5%, forg= -0.1% | TAg acc= 73.4%, forg=  1.8% <<<
>>> Test on task  9 : loss=6.021 | TAw acc= 95.4%, forg=  0.0% | TAg acc= 68.9%, forg=  0.0% <<<
Save at ./results/./results/deit_small_distilled_patch16_224_cil/cifar100/lwf_dual/10
************************************************************************************************************
TAw Acc
	 96.2%   0.0%   0.0%   0.0%   0.0%   0.0%   0.0%   0.0%   0.0%   0.0% 	Avg.: 96.2% 
	 95.5%  98.6%   0.0%   0.0%   0.0%   0.0%   0.0%   0.0%   0.0%   0.0% 	Avg.: 97.1% 
	 95.1%  98.5%  98.0%   0.0%   0.0%   0.0%   0.0%   0.0%   0.0%   0.0% 	Avg.: 97.2% 
	 95.6%  98.5%  97.7%  95.0%   0.0%   0.0%   0.0%   0.0%   0.0%   0.0% 	Avg.: 96.7% 
	 95.1%  98.3%  97.6%  94.9%  97.5%   0.0%   0.0%   0.0%   0.0%   0.0% 	Avg.: 96.7% 
	 94.8%  98.3%  97.9%  95.3%  97.5%  93.1%   0.0%   0.0%   0.0%   0.0% 	Avg.: 96.2% 
	 95.2%  98.0%  97.8%  94.6%  97.6%  93.3%  97.3%   0.0%   0.0%   0.0% 	Avg.: 96.3% 
	 94.5%  97.8%  97.5%  94.3%  97.5%  92.6%  97.3%  97.7%   0.0%   0.0% 	Avg.: 96.2% 
	 94.3%  97.8%  97.6%  93.9%  97.4%  92.6%  97.4%  97.4%  97.4%   0.0% 	Avg.: 96.2% 
	 93.8%  97.9%  97.4%  93.8%  97.4%  92.6%  97.3%  97.5%  97.5%  95.4% 	Avg.: 96.1% 
************************************************************************************************************
TAg Acc
	 96.2%   0.0%   0.0%   0.0%   0.0%   0.0%   0.0%   0.0%   0.0%   0.0% 	Avg.: 96.2% 
	 90.1%  90.1%   0.0%   0.0%   0.0%   0.0%   0.0%   0.0%   0.0%   0.0% 	Avg.: 90.1% 
	 88.8%  87.8%  90.3%   0.0%   0.0%   0.0%   0.0%   0.0%   0.0%   0.0% 	Avg.: 89.0% 
	 86.3%  83.7%  89.3%  81.5%   0.0%   0.0%   0.0%   0.0%   0.0%   0.0% 	Avg.: 85.2% 
	 85.3%  82.2%  88.8%  81.2%  82.8%   0.0%   0.0%   0.0%   0.0%   0.0% 	Avg.: 84.1% 
	 83.7%  81.6%  87.1%  76.7%  81.8%  71.6%   0.0%   0.0%   0.0%   0.0% 	Avg.: 80.4% 
	 81.9%  80.2%  86.8%  75.4%  79.8%  69.7%  78.1%   0.0%   0.0%   0.0% 	Avg.: 78.8% 
	 79.5%  78.6%  84.5%  74.3%  78.0%  67.4%  78.2%  75.3%   0.0%   0.0% 	Avg.: 77.0% 
	 75.0%  76.1%  80.8%  71.0%  74.3%  65.1%  77.5%  74.3%  75.2%   0.0% 	Avg.: 74.4% 
	 73.1%  75.0%  78.7%  68.4%  74.0%  61.1%  74.9%  74.6%  73.4%  68.9% 	Avg.: 72.2% 
************************************************************************************************************
TAw Forg
	  0.0%   0.0%   0.0%   0.0%   0.0%   0.0%   0.0%   0.0%   0.0%   0.0% 
	  0.7%   0.0%   0.0%   0.0%   0.0%   0.0%   0.0%   0.0%   0.0%   0.0% 	Avg.:  0.7% 
	  1.1%   0.1%   0.0%   0.0%   0.0%   0.0%   0.0%   0.0%   0.0%   0.0% 	Avg.:  0.6% 
	  0.6%   0.1%   0.3%   0.0%   0.0%   0.0%   0.0%   0.0%   0.0%   0.0% 	Avg.:  0.3% 
	  1.1%   0.3%   0.4%   0.1%   0.0%   0.0%   0.0%   0.0%   0.0%   0.0% 	Avg.:  0.5% 
	  1.4%   0.3%   0.1%  -0.3%   0.0%   0.0%   0.0%   0.0%   0.0%   0.0% 	Avg.:  0.3% 
	  1.0%   0.6%   0.2%   0.7%  -0.1%  -0.2%   0.0%   0.0%   0.0%   0.0% 	Avg.:  0.4% 
	  1.7%   0.8%   0.5%   1.0%   0.1%   0.7%   0.0%   0.0%   0.0%   0.0% 	Avg.:  0.7% 
	  1.9%   0.8%   0.4%   1.4%   0.2%   0.7%  -0.1%   0.3%   0.0%   0.0% 	Avg.:  0.7% 
	  2.4%   0.7%   0.6%   1.5%   0.2%   0.7%   0.1%   0.2%  -0.1%   0.0% 	Avg.:  0.7% 
************************************************************************************************************
TAg Forg
	  0.0%   0.0%   0.0%   0.0%   0.0%   0.0%   0.0%   0.0%   0.0%   0.0% 
	  6.1%   0.0%   0.0%   0.0%   0.0%   0.0%   0.0%   0.0%   0.0%   0.0% 	Avg.:  6.1% 
	  7.4%   2.3%   0.0%   0.0%   0.0%   0.0%   0.0%   0.0%   0.0%   0.0% 	Avg.:  4.9% 
	  9.9%   6.4%   1.0%   0.0%   0.0%   0.0%   0.0%   0.0%   0.0%   0.0% 	Avg.:  5.8% 
	 10.9%   7.9%   1.5%   0.3%   0.0%   0.0%   0.0%   0.0%   0.0%   0.0% 	Avg.:  5.2% 
	 12.5%   8.5%   3.2%   4.8%   1.0%   0.0%   0.0%   0.0%   0.0%   0.0% 	Avg.:  6.0% 
	 14.3%   9.9%   3.5%   6.1%   3.0%   1.9%   0.0%   0.0%   0.0%   0.0% 	Avg.:  6.4% 
	 16.7%  11.5%   5.8%   7.2%   4.8%   4.2%  -0.1%   0.0%   0.0%   0.0% 	Avg.:  7.2% 
	 21.2%  14.0%   9.5%  10.5%   8.5%   6.5%   0.7%   1.0%   0.0%   0.0% 	Avg.:  9.0% 
	 23.1%  15.1%  11.6%  13.1%   8.8%  10.5%   3.3%   0.7%   1.8%   0.0% 	Avg.:  9.8% 
************************************************************************************************************
[Elapsed time = 0.2 h]
Done!
