START_TASK=4 STOP_TASK=5
============================================================================================================
Arguments =
	all_outputs: False
	approach: lwf_dual
	batch_size: 64
	classes_first_task: None
	clipping: 10000
	crop: 224
	dataset: cifar100
	distilled: True
	eval_on_train: False
	experiment_path: None
	fix_bn: False
	freeze_backbone: False
	gpu: 0
	gpus: [0]
	increment: 10
	last_layer_analysis: False
	log: ['disk']
	lr: 0.01
	lr_factor: None
	lr_min: 0.0001
	lr_patience: None
	lr_scheduler: cosine
	lr_warmup_epochs: 0
	momentum: 0.0
	multi_softmax: False
	nepochs: 50
	network: deit_small_distilled_patch16_224_cil
	no_cudnn_deterministic: False
	normalize: in1k
	num_workers: 2
	optimizer_name: sgd
	pin_memory: False
	pretrained: True
	resize: 224
	results_path: ./results
	save_models: True
	seed: 0
	start_at_task: 4
	start_epoch: 0
	stop_at_task: 5
	stop_epoch: 0
	use_valid_only: False
	warmup_lr_factor: 1.0
	warmup_nepochs: 0
	weight_decay: 0.0
============================================================================================================
Approach arguments =
	T: 2
	lamb: 1.0
============================================================================================================
Exemplars arguments =
============================================================================================================
WARNING: ./results/deit_small_distilled_patch16_224_cil/cifar100/lwf_dual/10 already exists!
Loaded acc_taw from: ./results/deit_small_distilled_patch16_224_cil/cifar100/lwf_dual/10/acc_taw-3.txt
Loaded acc_tag from: ./results/deit_small_distilled_patch16_224_cil/cifar100/lwf_dual/10/acc_tag-3.txt
Loaded forg_taw from: ./results/deit_small_distilled_patch16_224_cil/cifar100/lwf_dual/10/forg_taw-3.txt
Loaded forg_tag from: ./results/deit_small_distilled_patch16_224_cil/cifar100/lwf_dual/10/forg_tag-3.txt
************************************************************************************************************
Task  4  [epochs 0-50]
************************************************************************************************************
[params] total:22,474,932  trainable:22,474,932  tensors:175  trainable_tensors:175
| Epoch   1, time= 15.0s | Train: skip eval | Valid: time=  1.2s loss=5.396, TAw acc= 96.6% | * lr=1.0e-02
| Epoch   2, time= 14.8s | Train: skip eval | Valid: time=  1.2s loss=5.377, TAw acc= 94.2% | * lr=1.0e-02
| Epoch   3, time= 14.8s | Train: skip eval | Valid: time=  1.1s loss=5.394, TAw acc= 94.6% | lr=9.9e-03
| Epoch   4, time= 14.8s | Train: skip eval | Valid: time=  1.2s loss=5.252, TAw acc= 97.6% | * lr=9.8e-03
| Epoch   5, time= 14.8s | Train: skip eval | Valid: time=  1.1s loss=5.238, TAw acc= 97.6% | * lr=9.8e-03
| Epoch   6, time= 14.8s | Train: skip eval | Valid: time=  1.1s loss=5.300, TAw acc= 95.2% | lr=9.7e-03
| Epoch   7, time= 14.8s | Train: skip eval | Valid: time=  1.2s loss=5.215, TAw acc= 97.4% | * lr=9.5e-03
| Epoch   8, time= 14.7s | Train: skip eval | Valid: time=  1.2s loss=5.212, TAw acc= 97.0% | * lr=9.4e-03
| Epoch   9, time= 14.7s | Train: skip eval | Valid: time=  1.1s loss=5.243, TAw acc= 97.2% | lr=9.2e-03
| Epoch  10, time= 14.8s | Train: skip eval | Valid: time=  1.2s loss=5.183, TAw acc= 98.2% | * lr=9.1e-03
| Epoch  11, time= 14.8s | Train: skip eval | Valid: time=  1.2s loss=5.222, TAw acc= 96.8% | lr=8.9e-03
| Epoch  12, time= 14.7s | Train: skip eval | Valid: time=  1.1s loss=5.186, TAw acc= 97.8% | lr=8.7e-03
| Epoch  13, time= 14.6s | Train: skip eval | Valid: time=  1.2s loss=5.198, TAw acc= 97.8% | lr=8.4e-03
| Epoch  14, time= 14.6s | Train: skip eval | Valid: time=  1.1s loss=5.190, TAw acc= 97.2% | lr=8.2e-03
| Epoch  15, time= 14.6s | Train: skip eval | Valid: time=  1.2s loss=5.163, TAw acc= 97.4% | * lr=8.0e-03
| Epoch  16, time= 14.6s | Train: skip eval | Valid: time=  1.2s loss=5.175, TAw acc= 97.8% | lr=7.7e-03
| Epoch  17, time= 14.7s | Train: skip eval | Valid: time=  1.2s loss=5.169, TAw acc= 97.8% | lr=7.4e-03
| Epoch  18, time= 15.0s | Train: skip eval | Valid: time=  1.3s loss=5.157, TAw acc= 97.6% | * lr=7.2e-03
| Epoch  19, time= 15.6s | Train: skip eval | Valid: time=  1.6s loss=5.171, TAw acc= 97.8% | lr=6.9e-03
| Epoch  20, time= 14.9s | Train: skip eval | Valid: time=  1.2s loss=5.164, TAw acc= 98.2% | lr=6.6e-03
| Epoch  21, time= 14.7s | Train: skip eval | Valid: time=  1.2s loss=5.160, TAw acc= 97.6% | lr=6.3e-03
| Epoch  22, time= 14.7s | Train: skip eval | Valid: time=  1.2s loss=5.160, TAw acc= 97.6% | lr=6.0e-03
| Epoch  23, time= 14.8s | Train: skip eval | Valid: time=  1.2s loss=5.148, TAw acc= 97.8% | * lr=5.7e-03
| Epoch  24, time= 14.7s | Train: skip eval | Valid: time=  1.2s loss=5.154, TAw acc= 97.4% | lr=5.4e-03
| Epoch  25, time= 14.8s | Train: skip eval | Valid: time=  1.2s loss=5.163, TAw acc= 97.4% | lr=5.1e-03
| Epoch  26, time= 15.0s | Train: skip eval | Valid: time=  1.2s loss=5.155, TAw acc= 97.6% | lr=4.7e-03
| Epoch  27, time= 14.8s | Train: skip eval | Valid: time=  1.2s loss=5.145, TAw acc= 97.4% | * lr=4.4e-03
| Epoch  28, time= 14.9s | Train: skip eval | Valid: time=  1.2s loss=5.144, TAw acc= 97.6% | * lr=4.1e-03
| Epoch  29, time= 14.8s | Train: skip eval | Valid: time=  1.2s loss=5.141, TAw acc= 97.8% | * lr=3.8e-03
| Epoch  30, time= 14.7s | Train: skip eval | Valid: time=  1.1s loss=5.138, TAw acc= 97.6% | * lr=3.5e-03
| Epoch  31, time= 14.8s | Train: skip eval | Valid: time=  1.2s loss=5.144, TAw acc= 98.0% | lr=3.2e-03
| Epoch  32, time= 15.0s | Train: skip eval | Valid: time=  1.2s loss=5.135, TAw acc= 98.0% | * lr=2.9e-03
| Epoch  33, time= 14.9s | Train: skip eval | Valid: time=  1.1s loss=5.135, TAw acc= 98.2% | * lr=2.7e-03
| Epoch  34, time= 14.9s | Train: skip eval | Valid: time=  1.2s loss=5.142, TAw acc= 97.6% | lr=2.4e-03
| Epoch  35, time= 14.7s | Train: skip eval | Valid: time=  1.1s loss=5.137, TAw acc= 97.6% | lr=2.1e-03
| Epoch  36, time= 14.8s | Train: skip eval | Valid: time=  1.2s loss=5.138, TAw acc= 97.6% | lr=1.9e-03
| Epoch  37, time= 14.8s | Train: skip eval | Valid: time=  1.1s loss=5.138, TAw acc= 97.6% | lr=1.7e-03
| Epoch  38, time= 14.9s | Train: skip eval | Valid: time=  1.2s loss=5.134, TAw acc= 98.2% | * lr=1.4e-03
| Epoch  39, time= 14.7s | Train: skip eval | Valid: time=  1.2s loss=5.133, TAw acc= 97.8% | * lr=1.2e-03
| Epoch  40, time= 14.9s | Train: skip eval | Valid: time=  1.2s loss=5.134, TAw acc= 97.6% | lr=1.0e-03
| Epoch  41, time= 14.9s | Train: skip eval | Valid: time=  1.1s loss=5.133, TAw acc= 97.8% | * lr=8.7e-04
| Epoch  42, time= 14.7s | Train: skip eval | Valid: time=  1.2s loss=5.133, TAw acc= 97.4% | lr=7.1e-04
| Epoch  43, time= 14.9s | Train: skip eval | Valid: time=  1.1s loss=5.134, TAw acc= 97.8% | lr=5.7e-04
| Epoch  44, time= 14.6s | Train: skip eval | Valid: time=  1.1s loss=5.133, TAw acc= 97.4% | lr=4.5e-04
| Epoch  45, time= 14.7s | Train: skip eval | Valid: time=  1.1s loss=5.133, TAw acc= 97.8% | * lr=3.4e-04
| Epoch  46, time= 14.8s | Train: skip eval | Valid: time=  1.1s loss=5.133, TAw acc= 97.6% | lr=2.6e-04
| Epoch  47, time= 14.7s | Train: skip eval | Valid: time=  1.2s loss=5.133, TAw acc= 97.6% | lr=1.9e-04
| Epoch  48, time= 14.8s | Train: skip eval | Valid: time=  1.1s loss=5.133, TAw acc= 97.6% | * lr=1.4e-04
| Epoch  49, time= 14.7s | Train: skip eval | Valid: time=  1.2s loss=5.133, TAw acc= 97.6% | * lr=1.1e-04
| Epoch  50, time= 14.7s | Train: skip eval | Valid: time=  1.1s loss=5.133, TAw acc= 97.6% | * lr=1.0e-04
------------------------------------------------------------------------------------------------------------
>>> Test on task  0 : loss=0.142 | TAw acc= 95.1%, forg=  1.1% | TAg acc= 85.3%, forg= 10.9% <<<
>>> Test on task  1 : loss=2.999 | TAw acc= 98.3%, forg=  0.3% | TAg acc= 82.2%, forg=  7.9% <<<
>>> Test on task  2 : loss=3.721 | TAw acc= 97.6%, forg=  0.4% | TAg acc= 88.8%, forg=  1.5% <<<
>>> Test on task  3 : loss=4.706 | TAw acc= 94.9%, forg=  0.1% | TAg acc= 81.2%, forg=  0.3% <<<
>>> Test on task  4 : loss=5.195 | TAw acc= 97.5%, forg=  0.0% | TAg acc= 82.8%, forg=  0.0% <<<
Save at ./results/./results/deit_small_distilled_patch16_224_cil/cifar100/lwf_dual/10
************************************************************************************************************
TAw Acc
	 96.2%   0.0%   0.0%   0.0%   0.0%   0.0%   0.0%   0.0%   0.0%   0.0% 	Avg.: 96.2% 
	 95.5%  98.6%   0.0%   0.0%   0.0%   0.0%   0.0%   0.0%   0.0%   0.0% 	Avg.: 97.1% 
	 95.1%  98.5%  98.0%   0.0%   0.0%   0.0%   0.0%   0.0%   0.0%   0.0% 	Avg.: 97.2% 
	 95.6%  98.5%  97.7%  95.0%   0.0%   0.0%   0.0%   0.0%   0.0%   0.0% 	Avg.: 96.7% 
	 95.1%  98.3%  97.6%  94.9%  97.5%   0.0%   0.0%   0.0%   0.0%   0.0% 	Avg.: 96.7% 
	  0.0%   0.0%   0.0%   0.0%   0.0%   0.0%   0.0%   0.0%   0.0%   0.0% 	Avg.:  0.0% 
	  0.0%   0.0%   0.0%   0.0%   0.0%   0.0%   0.0%   0.0%   0.0%   0.0% 	Avg.:  0.0% 
	  0.0%   0.0%   0.0%   0.0%   0.0%   0.0%   0.0%   0.0%   0.0%   0.0% 	Avg.:  0.0% 
	  0.0%   0.0%   0.0%   0.0%   0.0%   0.0%   0.0%   0.0%   0.0%   0.0% 	Avg.:  0.0% 
	  0.0%   0.0%   0.0%   0.0%   0.0%   0.0%   0.0%   0.0%   0.0%   0.0% 	Avg.:  0.0% 
************************************************************************************************************
TAg Acc
	 96.2%   0.0%   0.0%   0.0%   0.0%   0.0%   0.0%   0.0%   0.0%   0.0% 	Avg.: 96.2% 
	 90.1%  90.1%   0.0%   0.0%   0.0%   0.0%   0.0%   0.0%   0.0%   0.0% 	Avg.: 90.1% 
	 88.8%  87.8%  90.3%   0.0%   0.0%   0.0%   0.0%   0.0%   0.0%   0.0% 	Avg.: 89.0% 
	 86.3%  83.7%  89.3%  81.5%   0.0%   0.0%   0.0%   0.0%   0.0%   0.0% 	Avg.: 85.2% 
	 85.3%  82.2%  88.8%  81.2%  82.8%   0.0%   0.0%   0.0%   0.0%   0.0% 	Avg.: 84.1% 
	  0.0%   0.0%   0.0%   0.0%   0.0%   0.0%   0.0%   0.0%   0.0%   0.0% 	Avg.:  0.0% 
	  0.0%   0.0%   0.0%   0.0%   0.0%   0.0%   0.0%   0.0%   0.0%   0.0% 	Avg.:  0.0% 
	  0.0%   0.0%   0.0%   0.0%   0.0%   0.0%   0.0%   0.0%   0.0%   0.0% 	Avg.:  0.0% 
	  0.0%   0.0%   0.0%   0.0%   0.0%   0.0%   0.0%   0.0%   0.0%   0.0% 	Avg.:  0.0% 
	  0.0%   0.0%   0.0%   0.0%   0.0%   0.0%   0.0%   0.0%   0.0%   0.0% 	Avg.:  0.0% 
************************************************************************************************************
TAw Forg
	  0.0%   0.0%   0.0%   0.0%   0.0%   0.0%   0.0%   0.0%   0.0%   0.0% 
	  0.7%   0.0%   0.0%   0.0%   0.0%   0.0%   0.0%   0.0%   0.0%   0.0% 	Avg.:  0.7% 
	  1.1%   0.1%   0.0%   0.0%   0.0%   0.0%   0.0%   0.0%   0.0%   0.0% 	Avg.:  0.6% 
	  0.6%   0.1%   0.3%   0.0%   0.0%   0.0%   0.0%   0.0%   0.0%   0.0% 	Avg.:  0.3% 
	  1.1%   0.3%   0.4%   0.1%   0.0%   0.0%   0.0%   0.0%   0.0%   0.0% 	Avg.:  0.5% 
	  0.0%   0.0%   0.0%   0.0%   0.0%   0.0%   0.0%   0.0%   0.0%   0.0% 	Avg.:  0.0% 
	  0.0%   0.0%   0.0%   0.0%   0.0%   0.0%   0.0%   0.0%   0.0%   0.0% 	Avg.:  0.0% 
	  0.0%   0.0%   0.0%   0.0%   0.0%   0.0%   0.0%   0.0%   0.0%   0.0% 	Avg.:  0.0% 
	  0.0%   0.0%   0.0%   0.0%   0.0%   0.0%   0.0%   0.0%   0.0%   0.0% 	Avg.:  0.0% 
	  0.0%   0.0%   0.0%   0.0%   0.0%   0.0%   0.0%   0.0%   0.0%   0.0% 	Avg.:  0.0% 
************************************************************************************************************
TAg Forg
	  0.0%   0.0%   0.0%   0.0%   0.0%   0.0%   0.0%   0.0%   0.0%   0.0% 
	  6.1%   0.0%   0.0%   0.0%   0.0%   0.0%   0.0%   0.0%   0.0%   0.0% 	Avg.:  6.1% 
	  7.4%   2.3%   0.0%   0.0%   0.0%   0.0%   0.0%   0.0%   0.0%   0.0% 	Avg.:  4.9% 
	  9.9%   6.4%   1.0%   0.0%   0.0%   0.0%   0.0%   0.0%   0.0%   0.0% 	Avg.:  5.8% 
	 10.9%   7.9%   1.5%   0.3%   0.0%   0.0%   0.0%   0.0%   0.0%   0.0% 	Avg.:  5.2% 
	  0.0%   0.0%   0.0%   0.0%   0.0%   0.0%   0.0%   0.0%   0.0%   0.0% 	Avg.:  0.0% 
	  0.0%   0.0%   0.0%   0.0%   0.0%   0.0%   0.0%   0.0%   0.0%   0.0% 	Avg.:  0.0% 
	  0.0%   0.0%   0.0%   0.0%   0.0%   0.0%   0.0%   0.0%   0.0%   0.0% 	Avg.:  0.0% 
	  0.0%   0.0%   0.0%   0.0%   0.0%   0.0%   0.0%   0.0%   0.0%   0.0% 	Avg.:  0.0% 
	  0.0%   0.0%   0.0%   0.0%   0.0%   0.0%   0.0%   0.0%   0.0%   0.0% 	Avg.:  0.0% 
************************************************************************************************************
[Elapsed time = 0.2 h]
Done!
