START_TASK=7 STOP_TASK=8
============================================================================================================
Arguments =
	all_outputs: False
	alpha: -1
	approach: ewc_v2
	batch_size: 64
	classes_first_task: None
	clipping: 10000
	crop: 224
	dataset: cifar100
	eval_on_train: False
	experiment_path: None
	fi_num_samples: -1
	fi_sampling_type: true
	fix_bn: False
	freeze_backbone: False
	gpu: 0
	increment: 10
	lamb: 5000
	log: ['disk']
	lr: 0.01
	lr_factor: None
	lr_min: 0.0001
	lr_patience: None
	lr_scheduler: cosine
	lr_warmup_epochs: 0
	momentum: 0.0
	multi_softmax: False
	nepochs: 50
	network: vit_small_patch16_224.augreg_in1k
	no_cudnn_deterministic: False
	normalize: in1k
	num_workers: 2
	optimizer_name: sgd
	pin_memory: False
	pretrained: True
	resize: 224
	results_path: ../results
	save_models: True
	seed: 0
	start_at_task: 7
	stop_at_task: 8
	use_valid_only: False
	warmup_lr_factor: 1.0
	warmup_nepochs: 0
	weight_decay: 0.0
============================================================================================================
Approach arguments =
============================================================================================================
Exemplars dataset arguments =
============================================================================================================
WARNING: ../results/vit_small_patch16_224.augreg_in1k/cifar100/ewc_v2/10 already exists!
Loaded acc_taw from: ../results/vit_small_patch16_224.augreg_in1k/cifar100/ewc_v2/10/acc_taw-6.txt
Loaded acc_tag from: ../results/vit_small_patch16_224.augreg_in1k/cifar100/ewc_v2/10/acc_tag-6.txt
Loaded forg_taw from: ../results/vit_small_patch16_224.augreg_in1k/cifar100/ewc_v2/10/forg_taw-6.txt
Loaded forg_tag from: ../results/vit_small_patch16_224.augreg_in1k/cifar100/ewc_v2/10/forg_tag-6.txt
Fisher: 150 layers | older_params: 150 layers loaded
************************************************************************************************************
Task  7
************************************************************************************************************
| Epoch   1, time= 13.5s | Train: skip eval | Valid: time=  0.9s loss=0.120, TAw acc= 96.4% | * lr=1.0e-02
| Epoch   2, time= 13.0s | Train: skip eval | Valid: time=  0.9s loss=0.075, TAw acc= 98.8% | * lr=1.0e-02
| Epoch   3, time= 13.0s | Train: skip eval | Valid: time=  0.9s loss=0.122, TAw acc= 96.6% | lr=9.9e-03
| Epoch   4, time= 13.0s | Train: skip eval | Valid: time=  0.9s loss=0.069, TAw acc= 98.6% | * lr=9.8e-03
| Epoch   5, time= 12.9s | Train: skip eval | Valid: time=  0.9s loss=0.088, TAw acc= 98.2% | lr=9.8e-03
| Epoch   6, time= 13.0s | Train: skip eval | Valid: time=  0.9s loss=0.071, TAw acc= 98.8% | lr=9.7e-03
| Epoch   7, time= 12.8s | Train: skip eval | Valid: time=  0.9s loss=0.086, TAw acc= 98.2% | lr=9.5e-03
| Epoch   8, time= 13.1s | Train: skip eval | Valid: time=  0.9s loss=0.102, TAw acc= 97.8% | lr=9.4e-03
| Epoch   9, time= 12.7s | Train: skip eval | Valid: time=  0.9s loss=0.059, TAw acc= 99.0% | * lr=9.2e-03
| Epoch  10, time= 12.7s | Train: skip eval | Valid: time=  0.9s loss=0.056, TAw acc= 99.0% | * lr=9.1e-03
| Epoch  11, time= 12.9s | Train: skip eval | Valid: time=  0.9s loss=0.065, TAw acc= 98.8% | lr=8.9e-03
| Epoch  12, time= 13.0s | Train: skip eval | Valid: time=  0.9s loss=0.055, TAw acc= 99.2% | * lr=8.7e-03
| Epoch  13, time= 13.1s | Train: skip eval | Valid: time=  0.9s loss=0.065, TAw acc= 98.8% | lr=8.4e-03
| Epoch  14, time= 13.0s | Train: skip eval | Valid: time=  0.9s loss=0.053, TAw acc= 99.2% | * lr=8.2e-03
| Epoch  15, time= 12.6s | Train: skip eval | Valid: time=  0.9s loss=0.065, TAw acc= 98.8% | lr=8.0e-03
| Epoch  16, time= 13.1s | Train: skip eval | Valid: time=  0.9s loss=0.062, TAw acc= 98.6% | lr=7.7e-03
| Epoch  17, time= 13.1s | Train: skip eval | Valid: time=  0.9s loss=0.071, TAw acc= 99.0% | lr=7.4e-03
| Epoch  18, time= 12.6s | Train: skip eval | Valid: time=  0.9s loss=0.058, TAw acc= 99.0% | lr=7.2e-03
| Epoch  19, time= 13.0s | Train: skip eval | Valid: time=  0.9s loss=0.058, TAw acc= 99.2% | lr=6.9e-03
| Epoch  20, time= 13.1s | Train: skip eval | Valid: time=  0.9s loss=0.065, TAw acc= 99.2% | lr=6.6e-03
| Epoch  21, time= 13.2s | Train: skip eval | Valid: time=  0.9s loss=0.085, TAw acc= 98.6% | lr=6.3e-03
| Epoch  22, time= 13.0s | Train: skip eval | Valid: time=  0.9s loss=0.061, TAw acc= 98.8% | lr=6.0e-03
| Epoch  23, time= 13.0s | Train: skip eval | Valid: time=  0.9s loss=0.066, TAw acc= 99.0% | lr=5.7e-03
| Epoch  24, time= 13.0s | Train: skip eval | Valid: time=  0.9s loss=0.055, TAw acc= 99.2% | lr=5.4e-03
| Epoch  25, time= 12.9s | Train: skip eval | Valid: time=  0.9s loss=0.058, TAw acc= 99.0% | lr=5.1e-03
| Epoch  26, time= 12.9s | Train: skip eval | Valid: time=  0.9s loss=0.058, TAw acc= 99.0% | lr=4.7e-03
| Epoch  27, time= 13.0s | Train: skip eval | Valid: time=  0.9s loss=0.057, TAw acc= 99.0% | lr=4.4e-03
| Epoch  28, time= 12.6s | Train: skip eval | Valid: time=  0.9s loss=0.068, TAw acc= 99.2% | lr=4.1e-03
| Epoch  29, time= 12.6s | Train: skip eval | Valid: time=  0.9s loss=0.056, TAw acc= 99.2% | lr=3.8e-03
| Epoch  30, time= 13.2s | Train: skip eval | Valid: time=  0.9s loss=0.060, TAw acc= 99.2% | lr=3.5e-03
| Epoch  31, time= 12.9s | Train: skip eval | Valid: time=  1.0s loss=0.054, TAw acc= 99.2% | lr=3.2e-03
| Epoch  32, time= 13.1s | Train: skip eval | Valid: time=  0.9s loss=0.060, TAw acc= 98.8% | lr=2.9e-03
| Epoch  33, time= 13.1s | Train: skip eval | Valid: time=  0.9s loss=0.058, TAw acc= 99.2% | lr=2.7e-03
| Epoch  34, time= 13.0s | Train: skip eval | Valid: time=  0.9s loss=0.054, TAw acc= 99.2% | lr=2.4e-03
| Epoch  35, time= 13.1s | Train: skip eval | Valid: time=  1.0s loss=0.052, TAw acc= 99.2% | * lr=2.1e-03
| Epoch  36, time= 13.0s | Train: skip eval | Valid: time=  0.9s loss=0.055, TAw acc= 99.2% | lr=1.9e-03
| Epoch  37, time= 13.0s | Train: skip eval | Valid: time=  0.9s loss=0.054, TAw acc= 99.2% | lr=1.7e-03
| Epoch  38, time= 13.1s | Train: skip eval | Valid: time=  0.9s loss=0.051, TAw acc= 99.2% | * lr=1.4e-03
| Epoch  39, time= 12.6s | Train: skip eval | Valid: time=  1.0s loss=0.052, TAw acc= 99.2% | lr=1.2e-03
| Epoch  40, time= 12.6s | Train: skip eval | Valid: time=  1.0s loss=0.050, TAw acc= 99.2% | * lr=1.0e-03
| Epoch  41, time= 12.7s | Train: skip eval | Valid: time=  0.9s loss=0.051, TAw acc= 99.2% | lr=8.7e-04
| Epoch  42, time= 12.8s | Train: skip eval | Valid: time=  0.9s loss=0.049, TAw acc= 99.2% | * lr=7.1e-04
| Epoch  43, time= 12.8s | Train: skip eval | Valid: time=  0.9s loss=0.048, TAw acc= 99.2% | * lr=5.7e-04
| Epoch  44, time= 13.0s | Train: skip eval | Valid: time=  0.9s loss=0.049, TAw acc= 99.2% | lr=4.5e-04
| Epoch  45, time= 13.1s | Train: skip eval | Valid: time=  0.9s loss=0.050, TAw acc= 99.2% | lr=3.4e-04
| Epoch  46, time= 12.5s | Train: skip eval | Valid: time=  0.9s loss=0.050, TAw acc= 99.2% | lr=2.6e-04
| Epoch  47, time= 13.1s | Train: skip eval | Valid: time=  0.9s loss=0.050, TAw acc= 99.2% | lr=1.9e-04
| Epoch  48, time= 12.9s | Train: skip eval | Valid: time=  0.9s loss=0.050, TAw acc= 99.2% | lr=1.4e-04
| Epoch  49, time= 13.0s | Train: skip eval | Valid: time=  0.9s loss=0.050, TAw acc= 99.2% | lr=1.1e-04
| Epoch  50, time= 12.8s | Train: skip eval | Valid: time=  0.9s loss=0.050, TAw acc= 99.2% | lr=1.0e-04
------------------------------------------------------------------------------------------------------------
>>> Test on task  0 : loss=0.215 | TAw acc= 92.6%, forg=  3.5%| TAg acc= 54.5%, forg= 41.6% <<<
>>> Test on task  1 : loss=0.123 | TAw acc= 96.6%, forg=  1.9%| TAg acc= 62.1%, forg= 31.9% <<<
>>> Test on task  2 : loss=0.158 | TAw acc= 94.7%, forg=  3.7%| TAg acc= 63.5%, forg= 32.7% <<<
>>> Test on task  3 : loss=0.259 | TAw acc= 90.3%, forg=  3.8%| TAg acc= 66.1%, forg= 25.7% <<<
>>> Test on task  4 : loss=0.111 | TAw acc= 96.1%, forg=  1.5%| TAg acc= 74.5%, forg= 20.4% <<<
>>> Test on task  5 : loss=0.218 | TAw acc= 91.8%, forg=  1.1%| TAg acc= 55.2%, forg= 29.7% <<<
>>> Test on task  6 : loss=0.104 | TAw acc= 96.6%, forg=  1.3%| TAg acc= 84.7%, forg=  8.6% <<<
>>> Test on task  7 : loss=0.055 | TAw acc= 98.1%, forg=  0.0%| TAg acc= 93.4%, forg=  0.0% <<<
Save at ../results/../results/vit_small_patch16_224.augreg_in1k/cifar100/ewc_v2/10
************************************************************************************************************
TAw Acc
	 96.1%   0.0%   0.0%   0.0%   0.0%   0.0%   0.0%   0.0%   0.0%   0.0% 	Avg.: 96.1% 
	 94.8%  98.5%   0.0%   0.0%   0.0%   0.0%   0.0%   0.0%   0.0%   0.0% 	Avg.: 96.7% 
	 94.6%  97.2%  98.4%   0.0%   0.0%   0.0%   0.0%   0.0%   0.0%   0.0% 	Avg.: 96.7% 
	 93.8%  96.2%  97.9%  94.1%   0.0%   0.0%   0.0%   0.0%   0.0%   0.0% 	Avg.: 95.5% 
	 92.9%  96.3%  98.1%  92.6%  97.6%   0.0%   0.0%   0.0%   0.0%   0.0% 	Avg.: 95.5% 
	 91.1%  96.2%  96.4%  91.4%  97.3%  92.9%   0.0%   0.0%   0.0%   0.0% 	Avg.: 94.2% 
	 93.8%  97.3%  95.8%  90.3%  97.3%  91.3%  97.9%   0.0%   0.0%   0.0% 	Avg.: 94.8% 
	 92.6%  96.6%  94.7%  90.3%  96.1%  91.8%  96.6%  98.1%   0.0%   0.0% 	Avg.: 94.6% 
	  0.0%   0.0%   0.0%   0.0%   0.0%   0.0%   0.0%   0.0%   0.0%   0.0% 	Avg.:  0.0% 
	  0.0%   0.0%   0.0%   0.0%   0.0%   0.0%   0.0%   0.0%   0.0%   0.0% 	Avg.:  0.0% 
************************************************************************************************************
TAg Acc
	 96.1%   0.0%   0.0%   0.0%   0.0%   0.0%   0.0%   0.0%   0.0%   0.0% 	Avg.: 96.1% 
	 83.9%  94.0%   0.0%   0.0%   0.0%   0.0%   0.0%   0.0%   0.0%   0.0% 	Avg.: 89.0% 
	 78.7%  81.0%  96.2%   0.0%   0.0%   0.0%   0.0%   0.0%   0.0%   0.0% 	Avg.: 85.3% 
	 74.0%  66.5%  84.2%  91.8%   0.0%   0.0%   0.0%   0.0%   0.0%   0.0% 	Avg.: 79.1% 
	 70.7%  68.8%  78.9%  80.9%  94.9%   0.0%   0.0%   0.0%   0.0%   0.0% 	Avg.: 78.8% 
	 57.9%  61.9%  69.3%  73.7%  89.4%  84.9%   0.0%   0.0%   0.0%   0.0% 	Avg.: 72.9% 
	 60.4%  61.4%  69.0%  71.1%  78.1%  71.0%  93.3%   0.0%   0.0%   0.0% 	Avg.: 72.0% 
	 54.5%  62.1%  63.5%  66.1%  74.5%  55.2%  84.7%  93.4%   0.0%   0.0% 	Avg.: 69.2% 
	  0.0%   0.0%   0.0%   0.0%   0.0%   0.0%   0.0%   0.0%   0.0%   0.0% 	Avg.:  0.0% 
	  0.0%   0.0%   0.0%   0.0%   0.0%   0.0%   0.0%   0.0%   0.0%   0.0% 	Avg.:  0.0% 
************************************************************************************************************
TAw Forg
	  0.0%   0.0%   0.0%   0.0%   0.0%   0.0%   0.0%   0.0%   0.0%   0.0% 
	  1.3%   0.0%   0.0%   0.0%   0.0%   0.0%   0.0%   0.0%   0.0%   0.0% 	Avg.:  1.3% 
	  1.5%   1.3%   0.0%   0.0%   0.0%   0.0%   0.0%   0.0%   0.0%   0.0% 	Avg.:  1.4% 
	  2.3%   2.3%   0.5%   0.0%   0.0%   0.0%   0.0%   0.0%   0.0%   0.0% 	Avg.:  1.7% 
	  3.2%   2.2%   0.3%   1.5%   0.0%   0.0%   0.0%   0.0%   0.0%   0.0% 	Avg.:  1.8% 
	  5.0%   2.3%   2.0%   2.7%   0.3%   0.0%   0.0%   0.0%   0.0%   0.0% 	Avg.:  2.5% 
	  2.3%   1.2%   2.6%   3.8%   0.3%   1.6%   0.0%   0.0%   0.0%   0.0% 	Avg.:  2.0% 
	  3.5%   1.9%   3.7%   3.8%   1.5%   1.1%   1.3%   0.0%   0.0%   0.0% 	Avg.:  2.4% 
	  0.0%   0.0%   0.0%   0.0%   0.0%   0.0%   0.0%   0.0%   0.0%   0.0% 	Avg.:  0.0% 
	  0.0%   0.0%   0.0%   0.0%   0.0%   0.0%   0.0%   0.0%   0.0%   0.0% 	Avg.:  0.0% 
************************************************************************************************************
TAg Forg
	  0.0%   0.0%   0.0%   0.0%   0.0%   0.0%   0.0%   0.0%   0.0%   0.0% 
	 12.2%   0.0%   0.0%   0.0%   0.0%   0.0%   0.0%   0.0%   0.0%   0.0% 	Avg.: 12.2% 
	 17.4%  13.0%   0.0%   0.0%   0.0%   0.0%   0.0%   0.0%   0.0%   0.0% 	Avg.: 15.2% 
	 22.1%  27.5%  12.0%   0.0%   0.0%   0.0%   0.0%   0.0%   0.0%   0.0% 	Avg.: 20.5% 
	 25.4%  25.2%  17.3%  10.9%   0.0%   0.0%   0.0%   0.0%   0.0%   0.0% 	Avg.: 19.7% 
	 38.2%  32.1%  26.9%  18.1%   5.5%   0.0%   0.0%   0.0%   0.0%   0.0% 	Avg.: 24.2% 
	 35.7%  32.6%  27.2%  20.7%  16.8%  13.9%   0.0%   0.0%   0.0%   0.0% 	Avg.: 24.5% 
	 41.6%  31.9%  32.7%  25.7%  20.4%  29.7%   8.6%   0.0%   0.0%   0.0% 	Avg.: 27.2% 
	  0.0%   0.0%   0.0%   0.0%   0.0%   0.0%   0.0%   0.0%   0.0%   0.0% 	Avg.:  0.0% 
	  0.0%   0.0%   0.0%   0.0%   0.0%   0.0%   0.0%   0.0%   0.0%   0.0% 	Avg.:  0.0% 
************************************************************************************************************
[Elapsed time = 0.2 h]
Done!
