START_TASK=9 STOP_TASK=10 START_EPOCH=17 STOP_EPOCH=35
============================================================================================================
Arguments =
	all_outputs: False
	approach: joint
	batch_size: 64
	classes_first_task: None
	clipping: 10000
	crop: 224
	data_path: ../data/food101
	dataset: food101
	eval_on_train: False
	experiment_path: None
	fix_bn: False
	freeze_backbone: False
	gpu: 0
	gpus: [0, 1]
	increment: 10
	last_layer_analysis: False
	log: ['disk']
	lr: 0.01
	lr_factor: None
	lr_min: 0.0001
	lr_patience: None
	lr_scheduler: cosine
	lr_warmup_epochs: 0
	momentum: 0.0
	multi_softmax: False
	nepochs: 70
	network: vit_base_patch16_224.orig_in21k
	no_cudnn_deterministic: False
	normalize: in21k
	num_workers: 2
	optimizer_name: sgd
	pin_memory: False
	pretrained: True
	resize: 224
	results_path: ./results
	save_models: True
	seed: 0
	start_at_task: 9
	start_epoch: 17
	stop_at_task: 10
	stop_epoch: 35
	use_valid_only: False
	warmup_lr_factor: 1.0
	warmup_nepochs: 0
	weight_decay: 0.0
============================================================================================================
Approach arguments =
============================================================================================================
Exemplars arguments =
============================================================================================================
WARNING: ./results/vit_base_patch16_224.orig_in21k/food101/joint/10 already exists!
Multi-GPU mode: DataParallel on 2 GPUs (CUDA_VISIBLE_DEVICES=2 available)
Loaded acc_taw from: ./results/vit_base_patch16_224.orig_in21k/food101/joint/10/acc_taw-8.txt
Loaded acc_tag from: ./results/vit_base_patch16_224.orig_in21k/food101/joint/10/acc_tag-8.txt
Loaded forg_taw from: ./results/vit_base_patch16_224.orig_in21k/food101/joint/10/forg_taw-8.txt
Loaded forg_tag from: ./results/vit_base_patch16_224.orig_in21k/food101/joint/10/forg_tag-8.txt
[joint] Loaded accumulated datasets up to task 9 from ./results/vit_base_patch16_224.orig_in21k/food101/joint/10/joint_progress
************************************************************************************************************
Task  9  [epochs 17-35]
************************************************************************************************************
[params] total:85,875,556  trainable:85,875,556  tensors:170  trainable_tensors:170
| Epoch  18, time=328.2s | Train: skip eval | Valid: time= 29.8s loss=0.635, TAw acc= 95.6% | lr=8.5e-03
| Epoch  19, time=326.6s | Train: skip eval | Valid: time= 28.7s loss=0.610, TAw acc= 95.7% | lr=8.3e-03
| Epoch  20, time=326.9s | Train: skip eval | Valid: time= 28.1s loss=0.604, TAw acc= 96.0% | lr=8.1e-03
| Epoch  21, time=326.9s | Train: skip eval | Valid: time= 28.2s loss=0.602, TAw acc= 95.8% | lr=8.0e-03
| Epoch  22, time=326.5s | Train: skip eval | Valid: time= 27.0s loss=0.609, TAw acc= 95.8% | lr=7.8e-03
| Epoch  23, time=326.8s | Train: skip eval | Valid: time= 27.1s loss=0.603, TAw acc= 95.8% | lr=7.6e-03
| Epoch  24, time=327.1s | Train: skip eval | Valid: time= 27.7s loss=0.599, TAw acc= 96.0% | lr=7.4e-03
| Epoch  25, time=327.7s | Train: skip eval | Valid: time= 27.4s loss=0.606, TAw acc= 96.1% | lr=7.2e-03
| Epoch  26, time=327.8s | Train: skip eval | Valid: time= 30.0s loss=0.608, TAw acc= 95.9% | lr=7.0e-03
| Epoch  27, time=326.4s | Train: skip eval | Valid: time= 27.7s loss=0.595, TAw acc= 96.1% | lr=6.8e-03
| Epoch  28, time=326.3s | Train: skip eval | Valid: time= 28.2s loss=0.599, TAw acc= 96.1% | lr=6.6e-03
| Epoch  29, time=327.8s | Train: skip eval | Valid: time= 29.7s loss=0.604, TAw acc= 96.2% | lr=6.4e-03
| Epoch  30, time=327.4s | Train: skip eval | Valid: time= 26.9s loss=0.606, TAw acc= 96.1% | lr=6.2e-03
| Epoch  31, time=327.4s | Train: skip eval | Valid: time= 27.4s loss=0.591, TAw acc= 96.0% | * lr=5.9e-03
| Epoch  32, time=326.6s | Train: skip eval | Valid: time= 26.8s loss=0.611, TAw acc= 96.0% | lr=5.7e-03
| Epoch  33, time=327.4s | Train: skip eval | Valid: time= 26.7s loss=0.611, TAw acc= 96.0% | lr=5.5e-03
| Epoch  34, time=327.9s | Train: skip eval | Valid: time= 27.5s loss=0.607, TAw acc= 96.0% | lr=5.3e-03
| Epoch  35, time=327.9s | Train: skip eval | Valid: time= 28.0s loss=0.604, TAw acc= 96.3% | lr=5.1e-03
------------------------------------------------------------------------------------------------------------
[joint] Saved accumulated datasets up to task 9 → ./results/vit_base_patch16_224.orig_in21k/food101/joint/10/joint_progress
[Elapsed time = 1.8 h]
Done!
