START_TASK=1 STOP_TASK=2
============================================================================================================
Arguments =
	approach: lwf
	batch_size: 64
	classes_first_task: None
	clipping: 10000
	crop: 224
	dataset: cifar100
	eval_on_train: False
	experiment_path: None
	fix_bn: False
	freeze_backbone: False
	gpu: 0
	gpus: [0]
	increment: 10
	last_layer_analysis: True
	log: ['disk']
	lr: 0.01
	lr_factor: None
	lr_min: 0.0001
	lr_patience: None
	lr_scheduler: cosine
	lr_warmup_epochs: 0
	momentum: 0.0
	multi_softmax: False
	nepochs: 50
	network: vit_base_patch16_224.orig_in21k
	no_cudnn_deterministic: False
	normalize: in21k
	num_workers: 2
	optimizer_name: sgd
	pin_memory: False
	pretrained: True
	resize: 224
	results_path: ./results
	save_models: True
	seed: 0
	start_at_task: 1
	start_epoch: 0
	stop_at_task: 2
	stop_epoch: 0
	use_valid_only: False
	warmup_lr_factor: 1.0
	warmup_nepochs: 0
	weight_decay: 0.0
============================================================================================================
Approach arguments =
	T: 2
	lamb: 1.0
============================================================================================================
Exemplars arguments =
============================================================================================================
WARNING: ./results/vit_base_patch16_224.orig_in21k/cifar100/lwf/10 already exists!
Loaded acc_taw from: ./results/vit_base_patch16_224.orig_in21k/cifar100/lwf/10/acc_taw-0.txt
Loaded acc_tag from: ./results/vit_base_patch16_224.orig_in21k/cifar100/lwf/10/acc_tag-0.txt
Loaded forg_taw from: ./results/vit_base_patch16_224.orig_in21k/cifar100/lwf/10/forg_taw-0.txt
Loaded forg_tag from: ./results/vit_base_patch16_224.orig_in21k/cifar100/lwf/10/forg_tag-0.txt
************************************************************************************************************
Task  1  [epochs 0-50]
************************************************************************************************************
[params] total:85,814,036  trainable:85,814,036  tensors:154  trainable_tensors:154
| Epoch   1, time= 44.3s | Train: skip eval | Valid: time=  2.8s loss=3.338, TAw acc= 95.2% | * lr=1.0e-02
| Epoch   2, time= 43.9s | Train: skip eval | Valid: time=  2.8s loss=2.737, TAw acc= 96.4% | * lr=1.0e-02
| Epoch   3, time= 44.0s | Train: skip eval | Valid: time=  2.8s loss=2.470, TAw acc= 96.6% | * lr=9.9e-03
| Epoch   4, time= 44.1s | Train: skip eval | Valid: time=  2.8s loss=2.352, TAw acc= 97.0% | * lr=9.8e-03
| Epoch   5, time= 44.3s | Train: skip eval | Valid: time=  2.8s loss=2.289, TAw acc= 96.8% | * lr=9.8e-03
| Epoch   6, time= 44.4s | Train: skip eval | Valid: time=  2.8s loss=2.254, TAw acc= 97.0% | * lr=9.7e-03
| Epoch   7, time= 44.5s | Train: skip eval | Valid: time=  2.8s loss=2.228, TAw acc= 96.8% | * lr=9.5e-03
| Epoch   8, time= 44.6s | Train: skip eval | Valid: time=  2.8s loss=2.213, TAw acc= 97.2% | * lr=9.4e-03
| Epoch   9, time= 44.6s | Train: skip eval | Valid: time=  2.8s loss=2.202, TAw acc= 96.8% | * lr=9.2e-03
| Epoch  10, time= 44.7s | Train: skip eval | Valid: time=  2.8s loss=2.193, TAw acc= 97.2% | * lr=9.1e-03
| Epoch  11, time= 44.7s | Train: skip eval | Valid: time=  2.8s loss=2.186, TAw acc= 97.6% | * lr=8.9e-03
| Epoch  12, time= 44.7s | Train: skip eval | Valid: time=  2.8s loss=2.181, TAw acc= 97.8% | * lr=8.7e-03
| Epoch  13, time= 44.8s | Train: skip eval | Valid: time=  2.8s loss=2.179, TAw acc= 97.6% | * lr=8.4e-03
| Epoch  14, time= 44.8s | Train: skip eval | Valid: time=  2.8s loss=2.175, TAw acc= 97.8% | * lr=8.2e-03
| Epoch  15, time= 44.7s | Train: skip eval | Valid: time=  2.9s loss=2.170, TAw acc= 98.0% | * lr=8.0e-03
| Epoch  16, time= 44.4s | Train: skip eval | Valid: time=  2.8s loss=2.166, TAw acc= 98.0% | * lr=7.7e-03
| Epoch  17, time= 44.3s | Train: skip eval | Valid: time=  2.8s loss=2.160, TAw acc= 98.2% | * lr=7.4e-03
| Epoch  18, time= 44.4s | Train: skip eval | Valid: time=  2.8s loss=2.162, TAw acc= 97.8% | lr=7.2e-03
| Epoch  19, time= 44.6s | Train: skip eval | Valid: time=  2.9s loss=2.163, TAw acc= 98.0% | lr=6.9e-03
| Epoch  20, time= 44.6s | Train: skip eval | Valid: time=  2.8s loss=2.162, TAw acc= 98.0% | lr=6.6e-03
| Epoch  21, time= 44.7s | Train: skip eval | Valid: time=  2.9s loss=2.160, TAw acc= 97.8% | * lr=6.3e-03
| Epoch  22, time= 44.6s | Train: skip eval | Valid: time=  2.8s loss=2.159, TAw acc= 98.0% | * lr=6.0e-03
| Epoch  23, time= 44.7s | Train: skip eval | Valid: time=  2.9s loss=2.157, TAw acc= 97.8% | * lr=5.7e-03
| Epoch  24, time= 44.7s | Train: skip eval | Valid: time=  2.8s loss=2.159, TAw acc= 98.0% | lr=5.4e-03
| Epoch  25, time= 44.7s | Train: skip eval | Valid: time=  2.8s loss=2.156, TAw acc= 98.0% | * lr=5.1e-03
| Epoch  26, time= 44.7s | Train: skip eval | Valid: time=  2.8s loss=2.158, TAw acc= 98.0% | lr=4.7e-03
| Epoch  27, time= 44.7s | Train: skip eval | Valid: time=  2.8s loss=2.155, TAw acc= 98.0% | * lr=4.4e-03
| Epoch  28, time= 44.8s | Train: skip eval | Valid: time=  2.8s loss=2.155, TAw acc= 98.0% | lr=4.1e-03
| Epoch  29, time= 44.7s | Train: skip eval | Valid: time=  2.8s loss=2.154, TAw acc= 98.2% | * lr=3.8e-03
| Epoch  30, time= 44.8s | Train: skip eval | Valid: time=  2.9s loss=2.154, TAw acc= 98.0% | lr=3.5e-03
| Epoch  31, time= 44.8s | Train: skip eval | Valid: time=  2.9s loss=2.151, TAw acc= 98.0% | * lr=3.2e-03
| Epoch  32, time= 44.8s | Train: skip eval | Valid: time=  2.8s loss=2.151, TAw acc= 98.0% | lr=2.9e-03
| Epoch  33, time= 44.7s | Train: skip eval | Valid: time=  2.8s loss=2.152, TAw acc= 98.0% | lr=2.7e-03
| Epoch  34, time= 44.7s | Train: skip eval | Valid: time=  2.8s loss=2.151, TAw acc= 98.2% | lr=2.4e-03
| Epoch  35, time= 44.7s | Train: skip eval | Valid: time=  2.8s loss=2.150, TAw acc= 98.0% | * lr=2.1e-03
| Epoch  36, time= 44.7s | Train: skip eval | Valid: time=  2.9s loss=2.151, TAw acc= 98.2% | lr=1.9e-03
| Epoch  37, time= 44.6s | Train: skip eval | Valid: time=  2.8s loss=2.150, TAw acc= 98.0% | * lr=1.7e-03
| Epoch  38, time= 44.7s | Train: skip eval | Valid: time=  2.8s loss=2.151, TAw acc= 98.2% | lr=1.4e-03
| Epoch  39, time= 44.7s | Train: skip eval | Valid: time=  2.8s loss=2.151, TAw acc= 98.0% | lr=1.2e-03
| Epoch  40, time= 44.7s | Train: skip eval | Valid: time=  2.8s loss=2.150, TAw acc= 98.2% | * lr=1.0e-03
| Epoch  41, time= 44.6s | Train: skip eval | Valid: time=  2.8s loss=2.150, TAw acc= 98.2% | * lr=8.7e-04
| Epoch  42, time= 44.6s | Train: skip eval | Valid: time=  2.8s loss=2.150, TAw acc= 98.2% | lr=7.1e-04
| Epoch  43, time= 44.6s | Train: skip eval | Valid: time=  2.8s loss=2.150, TAw acc= 98.2% | lr=5.7e-04
| Epoch  44, time= 44.7s | Train: skip eval | Valid: time=  2.8s loss=2.149, TAw acc= 98.2% | * lr=4.5e-04
| Epoch  45, time= 44.8s | Train: skip eval | Valid: time=  2.8s loss=2.150, TAw acc= 98.2% | lr=3.4e-04
| Epoch  46, time= 44.7s | Train: skip eval | Valid: time=  2.9s loss=2.149, TAw acc= 98.2% | * lr=2.6e-04
| Epoch  47, time= 44.7s | Train: skip eval | Valid: time=  2.8s loss=2.149, TAw acc= 98.2% | * lr=1.9e-04
| Epoch  48, time= 44.6s | Train: skip eval | Valid: time=  2.8s loss=2.149, TAw acc= 98.2% | * lr=1.4e-04
| Epoch  49, time= 44.3s | Train: skip eval | Valid: time=  2.8s loss=2.149, TAw acc= 98.2% | lr=1.1e-04
| Epoch  50, time= 44.3s | Train: skip eval | Valid: time=  2.8s loss=2.149, TAw acc= 98.2% | lr=1.0e-04
------------------------------------------------------------------------------------------------------------
>>> Test on task  0 : loss=0.070 | TAw acc= 98.3%, forg=  0.1% | TAg acc= 93.6%, forg=  4.8% <<<
>>> Test on task  1 : loss=2.101 | TAw acc= 98.8%, forg=  0.0% | TAg acc= 96.5%, forg=  0.0% <<<
Save at ./results/./results/vit_base_patch16_224.orig_in21k/cifar100/lwf/10
************************************************************************************************************
TAw Acc
	 98.4%   0.0%   0.0%   0.0%   0.0%   0.0%   0.0%   0.0%   0.0%   0.0% 	Avg.: 98.4% 
	 98.3%  98.8%   0.0%   0.0%   0.0%   0.0%   0.0%   0.0%   0.0%   0.0% 	Avg.: 98.5% 
	  0.0%   0.0%   0.0%   0.0%   0.0%   0.0%   0.0%   0.0%   0.0%   0.0% 	Avg.:  0.0% 
	  0.0%   0.0%   0.0%   0.0%   0.0%   0.0%   0.0%   0.0%   0.0%   0.0% 	Avg.:  0.0% 
	  0.0%   0.0%   0.0%   0.0%   0.0%   0.0%   0.0%   0.0%   0.0%   0.0% 	Avg.:  0.0% 
	  0.0%   0.0%   0.0%   0.0%   0.0%   0.0%   0.0%   0.0%   0.0%   0.0% 	Avg.:  0.0% 
	  0.0%   0.0%   0.0%   0.0%   0.0%   0.0%   0.0%   0.0%   0.0%   0.0% 	Avg.:  0.0% 
	  0.0%   0.0%   0.0%   0.0%   0.0%   0.0%   0.0%   0.0%   0.0%   0.0% 	Avg.:  0.0% 
	  0.0%   0.0%   0.0%   0.0%   0.0%   0.0%   0.0%   0.0%   0.0%   0.0% 	Avg.:  0.0% 
	  0.0%   0.0%   0.0%   0.0%   0.0%   0.0%   0.0%   0.0%   0.0%   0.0% 	Avg.:  0.0% 
************************************************************************************************************
TAg Acc
	 98.4%   0.0%   0.0%   0.0%   0.0%   0.0%   0.0%   0.0%   0.0%   0.0% 	Avg.: 98.4% 
	 93.6%  96.5%   0.0%   0.0%   0.0%   0.0%   0.0%   0.0%   0.0%   0.0% 	Avg.: 95.1% 
	  0.0%   0.0%   0.0%   0.0%   0.0%   0.0%   0.0%   0.0%   0.0%   0.0% 	Avg.:  0.0% 
	  0.0%   0.0%   0.0%   0.0%   0.0%   0.0%   0.0%   0.0%   0.0%   0.0% 	Avg.:  0.0% 
	  0.0%   0.0%   0.0%   0.0%   0.0%   0.0%   0.0%   0.0%   0.0%   0.0% 	Avg.:  0.0% 
	  0.0%   0.0%   0.0%   0.0%   0.0%   0.0%   0.0%   0.0%   0.0%   0.0% 	Avg.:  0.0% 
	  0.0%   0.0%   0.0%   0.0%   0.0%   0.0%   0.0%   0.0%   0.0%   0.0% 	Avg.:  0.0% 
	  0.0%   0.0%   0.0%   0.0%   0.0%   0.0%   0.0%   0.0%   0.0%   0.0% 	Avg.:  0.0% 
	  0.0%   0.0%   0.0%   0.0%   0.0%   0.0%   0.0%   0.0%   0.0%   0.0% 	Avg.:  0.0% 
	  0.0%   0.0%   0.0%   0.0%   0.0%   0.0%   0.0%   0.0%   0.0%   0.0% 	Avg.:  0.0% 
************************************************************************************************************
TAw Forg
	  0.0%   0.0%   0.0%   0.0%   0.0%   0.0%   0.0%   0.0%   0.0%   0.0% 
	  0.1%   0.0%   0.0%   0.0%   0.0%   0.0%   0.0%   0.0%   0.0%   0.0% 	Avg.:  0.1% 
	  0.0%   0.0%   0.0%   0.0%   0.0%   0.0%   0.0%   0.0%   0.0%   0.0% 	Avg.:  0.0% 
	  0.0%   0.0%   0.0%   0.0%   0.0%   0.0%   0.0%   0.0%   0.0%   0.0% 	Avg.:  0.0% 
	  0.0%   0.0%   0.0%   0.0%   0.0%   0.0%   0.0%   0.0%   0.0%   0.0% 	Avg.:  0.0% 
	  0.0%   0.0%   0.0%   0.0%   0.0%   0.0%   0.0%   0.0%   0.0%   0.0% 	Avg.:  0.0% 
	  0.0%   0.0%   0.0%   0.0%   0.0%   0.0%   0.0%   0.0%   0.0%   0.0% 	Avg.:  0.0% 
	  0.0%   0.0%   0.0%   0.0%   0.0%   0.0%   0.0%   0.0%   0.0%   0.0% 	Avg.:  0.0% 
	  0.0%   0.0%   0.0%   0.0%   0.0%   0.0%   0.0%   0.0%   0.0%   0.0% 	Avg.:  0.0% 
	  0.0%   0.0%   0.0%   0.0%   0.0%   0.0%   0.0%   0.0%   0.0%   0.0% 	Avg.:  0.0% 
************************************************************************************************************
TAg Forg
	  0.0%   0.0%   0.0%   0.0%   0.0%   0.0%   0.0%   0.0%   0.0%   0.0% 
	  4.8%   0.0%   0.0%   0.0%   0.0%   0.0%   0.0%   0.0%   0.0%   0.0% 	Avg.:  4.8% 
	  0.0%   0.0%   0.0%   0.0%   0.0%   0.0%   0.0%   0.0%   0.0%   0.0% 	Avg.:  0.0% 
	  0.0%   0.0%   0.0%   0.0%   0.0%   0.0%   0.0%   0.0%   0.0%   0.0% 	Avg.:  0.0% 
	  0.0%   0.0%   0.0%   0.0%   0.0%   0.0%   0.0%   0.0%   0.0%   0.0% 	Avg.:  0.0% 
	  0.0%   0.0%   0.0%   0.0%   0.0%   0.0%   0.0%   0.0%   0.0%   0.0% 	Avg.:  0.0% 
	  0.0%   0.0%   0.0%   0.0%   0.0%   0.0%   0.0%   0.0%   0.0%   0.0% 	Avg.:  0.0% 
	  0.0%   0.0%   0.0%   0.0%   0.0%   0.0%   0.0%   0.0%   0.0%   0.0% 	Avg.:  0.0% 
	  0.0%   0.0%   0.0%   0.0%   0.0%   0.0%   0.0%   0.0%   0.0%   0.0% 	Avg.:  0.0% 
	  0.0%   0.0%   0.0%   0.0%   0.0%   0.0%   0.0%   0.0%   0.0%   0.0% 	Avg.:  0.0% 
************************************************************************************************************
[Elapsed time = 0.7 h]
Done!
