START_TASK=6 STOP_TASK=7
============================================================================================================
Arguments =
	approach: lucir
	batch_size: 64
	classes_first_task: None
	clipping: 10000
	crop: 224
	data_path: ../data/food101
	dataset: food101
	eval_on_train: False
	experiment_path: None
	fix_bn: False
	freeze_backbone: False
	gpu: 0
	gpus: [0]
	increment: 10
	last_layer_analysis: True
	log: ['disk']
	lr: 0.01
	lr_factor: None
	lr_min: 0.0001
	lr_patience: None
	lr_scheduler: cosine
	lr_warmup_epochs: 0
	momentum: 0.0
	multi_softmax: False
	nepochs: 70
	network: vit_base_patch16_224.orig_in21k
	no_cudnn_deterministic: False
	normalize: in21k
	num_workers: 2
	optimizer_name: sgd
	pin_memory: False
	pretrained: True
	resize: 224
	results_path: ./results
	save_models: True
	seed: 0
	start_at_task: 6
	start_epoch: 0
	stop_at_task: 7
	stop_epoch: 0
	use_valid_only: False
	warmup_lr_factor: 1.0
	warmup_nepochs: 0
	weight_decay: 0.0
============================================================================================================
Approach arguments =
	K: 2
	dist: 0.5
	lamb: 5.0
	lamb_mr: 1.0
============================================================================================================
Exemplars arguments =
	exemplar_selection: random
	num_exemplars: 2000
============================================================================================================
WARNING: ./results/vit_base_patch16_224.orig_in21k/food101/lucir/10 already exists!
Loaded acc_taw from: ./results/vit_base_patch16_224.orig_in21k/food101/lucir/10/acc_taw-5.txt
Loaded acc_tag from: ./results/vit_base_patch16_224.orig_in21k/food101/lucir/10/acc_tag-5.txt
Loaded forg_taw from: ./results/vit_base_patch16_224.orig_in21k/food101/lucir/10/forg_taw-5.txt
Loaded forg_tag from: ./results/vit_base_patch16_224.orig_in21k/food101/lucir/10/forg_tag-5.txt
Restored CosineLinear heads from ./results/vit_base_patch16_224.orig_in21k/food101/lucir/10/task5_cosine_heads.pth
Loaded 2040 exemplars from ./results/vit_base_patch16_224.orig_in21k/food101/lucir/10/task5_exemplars.pth
************************************************************************************************************
Task  6  [epochs 0-70]
************************************************************************************************************
[params] total:85,852,417  trainable:85,806,337  tensors:158  trainable_tensors:152
| Epoch   1, time= 84.8s | Train: skip eval | Valid: time=  4.4s loss=1.084, TAw acc= 92.4% | * lr=1.0e-02
| Epoch   2, time= 85.4s | Train: skip eval | Valid: time=  4.5s loss=0.849, TAw acc= 93.3% | * lr=1.0e-02
| Epoch   3, time= 86.0s | Train: skip eval | Valid: time=  4.7s loss=0.844, TAw acc= 93.9% | * lr=1.0e-02
| Epoch   4, time= 86.5s | Train: skip eval | Valid: time=  4.5s loss=0.780, TAw acc= 94.1% | * lr=9.9e-03
| Epoch   5, time= 86.4s | Train: skip eval | Valid: time=  4.5s loss=0.798, TAw acc= 93.6% | lr=9.9e-03
| Epoch   6, time= 85.9s | Train: skip eval | Valid: time=  4.5s loss=0.779, TAw acc= 94.4% | * lr=9.8e-03
| Epoch   7, time= 86.3s | Train: skip eval | Valid: time=  4.7s loss=0.832, TAw acc= 93.6% | lr=9.8e-03
| Epoch   8, time= 86.2s | Train: skip eval | Valid: time=  4.7s loss=0.772, TAw acc= 93.7% | * lr=9.7e-03
| Epoch   9, time= 86.5s | Train: skip eval | Valid: time=  4.6s loss=0.790, TAw acc= 94.3% | lr=9.6e-03
| Epoch  10, time= 86.4s | Train: skip eval | Valid: time=  4.5s loss=0.813, TAw acc= 93.9% | lr=9.5e-03
| Epoch  11, time= 86.3s | Train: skip eval | Valid: time=  4.5s loss=0.786, TAw acc= 94.4% | lr=9.4e-03
| Epoch  12, time= 86.1s | Train: skip eval | Valid: time=  4.5s loss=0.817, TAw acc= 93.9% | lr=9.3e-03
| Epoch  13, time= 85.0s | Train: skip eval | Valid: time=  4.5s loss=0.763, TAw acc= 94.0% | * lr=9.2e-03
| Epoch  14, time= 85.8s | Train: skip eval | Valid: time=  4.5s loss=0.771, TAw acc= 94.0% | lr=9.1e-03
| Epoch  15, time= 86.1s | Train: skip eval | Valid: time=  4.5s loss=0.780, TAw acc= 94.4% | lr=8.9e-03
| Epoch  16, time= 86.6s | Train: skip eval | Valid: time=  4.5s loss=0.751, TAw acc= 94.4% | * lr=8.8e-03
| Epoch  17, time= 86.4s | Train: skip eval | Valid: time=  4.6s loss=0.784, TAw acc= 94.1% | lr=8.6e-03
| Epoch  18, time= 86.8s | Train: skip eval | Valid: time=  4.5s loss=0.774, TAw acc= 94.0% | lr=8.5e-03
| Epoch  19, time= 86.8s | Train: skip eval | Valid: time=  4.6s loss=0.737, TAw acc= 94.3% | * lr=8.3e-03
| Epoch  20, time= 86.2s | Train: skip eval | Valid: time=  4.6s loss=0.746, TAw acc= 94.3% | lr=8.1e-03
| Epoch  21, time= 86.3s | Train: skip eval | Valid: time=  4.7s loss=0.747, TAw acc= 93.9% | lr=8.0e-03
| Epoch  22, time= 86.5s | Train: skip eval | Valid: time=  4.5s loss=0.790, TAw acc= 94.1% | lr=7.8e-03
| Epoch  23, time= 86.5s | Train: skip eval | Valid: time=  4.5s loss=0.781, TAw acc= 94.3% | lr=7.6e-03
| Epoch  24, time= 86.2s | Train: skip eval | Valid: time=  4.5s loss=0.754, TAw acc= 94.5% | lr=7.4e-03
| Epoch  25, time= 86.3s | Train: skip eval | Valid: time=  4.5s loss=0.850, TAw acc= 94.7% | lr=7.2e-03
| Epoch  26, time= 86.8s | Train: skip eval | Valid: time=  4.5s loss=0.741, TAw acc= 94.1% | lr=7.0e-03
| Epoch  27, time= 86.5s | Train: skip eval | Valid: time=  4.5s loss=0.739, TAw acc= 94.7% | lr=6.8e-03
| Epoch  28, time= 85.7s | Train: skip eval | Valid: time=  4.5s loss=0.748, TAw acc= 94.0% | lr=6.6e-03
| Epoch  29, time= 85.7s | Train: skip eval | Valid: time=  4.6s loss=0.725, TAw acc= 94.3% | * lr=6.4e-03
| Epoch  30, time= 86.0s | Train: skip eval | Valid: time=  4.5s loss=0.737, TAw acc= 94.3% | lr=6.2e-03
| Epoch  31, time= 86.4s | Train: skip eval | Valid: time=  4.5s loss=0.730, TAw acc= 94.1% | lr=5.9e-03
| Epoch  32, time= 86.8s | Train: skip eval | Valid: time=  4.5s loss=0.735, TAw acc= 94.1% | lr=5.7e-03
| Epoch  33, time= 86.7s | Train: skip eval | Valid: time=  4.5s loss=0.744, TAw acc= 94.3% | lr=5.5e-03
| Epoch  34, time= 86.3s | Train: skip eval | Valid: time=  4.4s loss=0.721, TAw acc= 94.3% | * lr=5.3e-03
| Epoch  35, time= 86.6s | Train: skip eval | Valid: time=  4.5s loss=0.716, TAw acc= 94.7% | * lr=5.1e-03
| Epoch  36, time= 86.0s | Train: skip eval | Valid: time=  4.5s loss=0.724, TAw acc= 94.5% | lr=4.8e-03
| Epoch  37, time= 85.8s | Train: skip eval | Valid: time=  4.5s loss=0.723, TAw acc= 94.4% | lr=4.6e-03
| Epoch  38, time= 86.1s | Train: skip eval | Valid: time=  4.5s loss=0.723, TAw acc= 94.1% | lr=4.4e-03
| Epoch  39, time= 86.3s | Train: skip eval | Valid: time=  4.5s loss=0.725, TAw acc= 94.1% | lr=4.2e-03
| Epoch  40, time= 86.9s | Train: skip eval | Valid: time=  4.5s loss=0.726, TAw acc= 94.1% | lr=3.9e-03
| Epoch  41, time= 86.2s | Train: skip eval | Valid: time=  4.5s loss=0.723, TAw acc= 94.1% | lr=3.7e-03
| Epoch  42, time= 86.1s | Train: skip eval | Valid: time=  4.5s loss=0.720, TAw acc= 94.5% | lr=3.5e-03
| Epoch  43, time= 86.4s | Train: skip eval | Valid: time=  4.5s loss=0.718, TAw acc= 94.3% | lr=3.3e-03
| Epoch  44, time= 86.9s | Train: skip eval | Valid: time=  4.5s loss=0.715, TAw acc= 94.3% | * lr=3.1e-03
| Epoch  45, time= 86.8s | Train: skip eval | Valid: time=  4.5s loss=0.712, TAw acc= 94.5% | * lr=2.9e-03
| Epoch  46, time= 86.9s | Train: skip eval | Valid: time=  4.6s loss=0.711, TAw acc= 94.4% | * lr=2.7e-03
| Epoch  47, time= 87.1s | Train: skip eval | Valid: time=  4.5s loss=0.720, TAw acc= 94.3% | lr=2.5e-03
| Epoch  48, time= 86.7s | Train: skip eval | Valid: time=  4.5s loss=0.715, TAw acc= 94.3% | lr=2.3e-03
| Epoch  49, time= 86.9s | Train: skip eval | Valid: time=  4.5s loss=0.717, TAw acc= 94.5% | lr=2.1e-03
| Epoch  50, time= 86.9s | Train: skip eval | Valid: time=  4.5s loss=0.708, TAw acc= 94.5% | * lr=2.0e-03
| Epoch  51, time= 86.0s | Train: skip eval | Valid: time=  4.5s loss=0.707, TAw acc= 94.3% | * lr=1.8e-03
| Epoch  52, time= 86.4s | Train: skip eval | Valid: time=  4.7s loss=0.713, TAw acc= 94.4% | lr=1.6e-03
| Epoch  53, time= 86.8s | Train: skip eval | Valid: time=  4.5s loss=0.712, TAw acc= 94.1% | lr=1.5e-03
| Epoch  54, time= 86.8s | Train: skip eval | Valid: time=  4.5s loss=0.709, TAw acc= 94.5% | lr=1.3e-03
| Epoch  55, time= 87.1s | Train: skip eval | Valid: time=  4.5s loss=0.709, TAw acc= 94.4% | lr=1.2e-03
| Epoch  56, time= 85.9s | Train: skip eval | Valid: time=  4.5s loss=0.707, TAw acc= 94.5% | * lr=1.0e-03
| Epoch  57, time= 85.6s | Train: skip eval | Valid: time=  4.5s loss=0.706, TAw acc= 94.5% | * lr=9.2e-04
| Epoch  58, time= 85.9s | Train: skip eval | Valid: time=  4.4s loss=0.707, TAw acc= 94.4% | lr=8.0e-04
| Epoch  59, time= 86.2s | Train: skip eval | Valid: time=  4.5s loss=0.706, TAw acc= 94.5% | * lr=6.9e-04
| Epoch  60, time= 86.6s | Train: skip eval | Valid: time=  4.5s loss=0.707, TAw acc= 94.5% | lr=5.9e-04
| Epoch  61, time= 86.6s | Train: skip eval | Valid: time=  4.5s loss=0.706, TAw acc= 94.5% | lr=5.0e-04
| Epoch  62, time= 87.1s | Train: skip eval | Valid: time=  4.5s loss=0.706, TAw acc= 94.4% | lr=4.2e-04
| Epoch  63, time= 87.0s | Train: skip eval | Valid: time=  4.6s loss=0.706, TAw acc= 94.3% | * lr=3.4e-04
| Epoch  64, time= 87.0s | Train: skip eval | Valid: time=  4.5s loss=0.707, TAw acc= 94.5% | lr=2.8e-04
| Epoch  65, time= 86.8s | Train: skip eval | Valid: time=  4.5s loss=0.706, TAw acc= 94.5% | lr=2.2e-04
| Epoch  66, time= 86.1s | Train: skip eval | Valid: time=  4.5s loss=0.706, TAw acc= 94.5% | lr=1.8e-04
| Epoch  67, time= 86.6s | Train: skip eval | Valid: time=  4.5s loss=0.706, TAw acc= 94.5% | * lr=1.4e-04
| Epoch  68, time= 86.5s | Train: skip eval | Valid: time=  4.5s loss=0.706, TAw acc= 94.5% | lr=1.2e-04
| Epoch  69, time= 86.2s | Train: skip eval | Valid: time=  4.7s loss=0.706, TAw acc= 94.4% | lr=1.0e-04
| Epoch  70, time= 86.6s | Train: skip eval | Valid: time=  4.5s loss=0.706, TAw acc= 94.3% | lr=1.0e-04
| Selected 2030 train exemplars, time=  2.3s
------------------------------------------------------------------------------------------------------------
>>> Test on task  0 : loss=0.470 | TAw acc= 96.8%, forg=  0.7% | TAg acc= 86.8%, forg= 10.6% <<<
>>> Test on task  1 : loss=0.611 | TAw acc= 98.2%, forg=  0.2% | TAg acc= 86.7%, forg=  3.8% <<<
>>> Test on task  2 : loss=0.650 | TAw acc= 97.3%, forg=  0.0% | TAg acc= 83.5%, forg=  6.2% <<<
>>> Test on task  3 : loss=0.539 | TAw acc= 98.3%, forg= -0.2% | TAg acc= 87.9%, forg=  2.4% <<<
>>> Test on task  4 : loss=0.614 | TAw acc= 97.0%, forg= -0.1% | TAg acc= 86.8%, forg=  1.4% <<<
>>> Test on task  5 : loss=0.628 | TAw acc= 96.8%, forg= -0.5% | TAg acc= 85.0%, forg=  4.5% <<<
>>> Test on task  6 : loss=0.416 | TAw acc= 96.8%, forg=  0.0% | TAg acc= 90.0%, forg=  0.0% <<<
Save at ./results/./results/vit_base_patch16_224.orig_in21k/food101/lucir/10
************************************************************************************************************
TAw Acc
	 97.4%   0.0%   0.0%   0.0%   0.0%   0.0%   0.0%   0.0%   0.0%   0.0% 	Avg.: 97.4% 
	 97.5%  98.0%   0.0%   0.0%   0.0%   0.0%   0.0%   0.0%   0.0%   0.0% 	Avg.: 97.7% 
	 97.3%  98.2%  96.4%   0.0%   0.0%   0.0%   0.0%   0.0%   0.0%   0.0% 	Avg.: 97.3% 
	 97.2%  98.3%  96.9%  97.4%   0.0%   0.0%   0.0%   0.0%   0.0%   0.0% 	Avg.: 97.4% 
	 97.4%  98.4%  97.3%  98.0%  96.5%   0.0%   0.0%   0.0%   0.0%   0.0% 	Avg.: 97.5% 
	 97.1%  98.3%  97.3%  98.1%  96.9%  96.3%   0.0%   0.0%   0.0%   0.0% 	Avg.: 97.3% 
	 96.8%  98.2%  97.3%  98.3%  97.0%  96.8%  96.8%   0.0%   0.0%   0.0% 	Avg.: 97.3% 
	  0.0%   0.0%   0.0%   0.0%   0.0%   0.0%   0.0%   0.0%   0.0%   0.0% 	Avg.:  0.0% 
	  0.0%   0.0%   0.0%   0.0%   0.0%   0.0%   0.0%   0.0%   0.0%   0.0% 	Avg.:  0.0% 
	  0.0%   0.0%   0.0%   0.0%   0.0%   0.0%   0.0%   0.0%   0.0%   0.0% 	Avg.:  0.0% 
************************************************************************************************************
TAg Acc
	 97.4%   0.0%   0.0%   0.0%   0.0%   0.0%   0.0%   0.0%   0.0%   0.0% 	Avg.: 97.4% 
	 96.6%  88.4%   0.0%   0.0%   0.0%   0.0%   0.0%   0.0%   0.0%   0.0% 	Avg.: 92.5% 
	 95.8%  90.6%  89.4%   0.0%   0.0%   0.0%   0.0%   0.0%   0.0%   0.0% 	Avg.: 91.9% 
	 95.1%  89.9%  89.8%  90.2%   0.0%   0.0%   0.0%   0.0%   0.0%   0.0% 	Avg.: 91.2% 
	 94.0%  88.8%  86.0%  90.3%  88.2%   0.0%   0.0%   0.0%   0.0%   0.0% 	Avg.: 89.4% 
	 93.0%  87.0%  85.0%  88.8%  87.5%  89.4%   0.0%   0.0%   0.0%   0.0% 	Avg.: 88.5% 
	 86.8%  86.7%  83.5%  87.9%  86.8%  85.0%  90.0%   0.0%   0.0%   0.0% 	Avg.: 86.7% 
	  0.0%   0.0%   0.0%   0.0%   0.0%   0.0%   0.0%   0.0%   0.0%   0.0% 	Avg.:  0.0% 
	  0.0%   0.0%   0.0%   0.0%   0.0%   0.0%   0.0%   0.0%   0.0%   0.0% 	Avg.:  0.0% 
	  0.0%   0.0%   0.0%   0.0%   0.0%   0.0%   0.0%   0.0%   0.0%   0.0% 	Avg.:  0.0% 
************************************************************************************************************
TAw Forg
	  0.0%   0.0%   0.0%   0.0%   0.0%   0.0%   0.0%   0.0%   0.0%   0.0% 
	 -0.1%   0.0%   0.0%   0.0%   0.0%   0.0%   0.0%   0.0%   0.0%   0.0% 	Avg.: -0.1% 
	  0.2%  -0.2%   0.0%   0.0%   0.0%   0.0%   0.0%   0.0%   0.0%   0.0% 	Avg.:  0.0% 
	  0.3%  -0.1%  -0.5%   0.0%   0.0%   0.0%   0.0%   0.0%   0.0%   0.0% 	Avg.: -0.1% 
	  0.2%  -0.1%  -0.4%  -0.6%   0.0%   0.0%   0.0%   0.0%   0.0%   0.0% 	Avg.: -0.2% 
	  0.4%   0.1%   0.0%  -0.1%  -0.4%   0.0%   0.0%   0.0%   0.0%   0.0% 	Avg.:  0.0% 
	  0.7%   0.2%   0.0%  -0.2%  -0.1%  -0.5%   0.0%   0.0%   0.0%   0.0% 	Avg.:  0.0% 
	  0.0%   0.0%   0.0%   0.0%   0.0%   0.0%   0.0%   0.0%   0.0%   0.0% 	Avg.:  0.0% 
	  0.0%   0.0%   0.0%   0.0%   0.0%   0.0%   0.0%   0.0%   0.0%   0.0% 	Avg.:  0.0% 
	  0.0%   0.0%   0.0%   0.0%   0.0%   0.0%   0.0%   0.0%   0.0%   0.0% 	Avg.:  0.0% 
************************************************************************************************************
TAg Forg
	  0.0%   0.0%   0.0%   0.0%   0.0%   0.0%   0.0%   0.0%   0.0%   0.0% 
	  0.8%   0.0%   0.0%   0.0%   0.0%   0.0%   0.0%   0.0%   0.0%   0.0% 	Avg.:  0.8% 
	  1.6%  -2.2%   0.0%   0.0%   0.0%   0.0%   0.0%   0.0%   0.0%   0.0% 	Avg.: -0.3% 
	  2.3%   0.7%  -0.3%   0.0%   0.0%   0.0%   0.0%   0.0%   0.0%   0.0% 	Avg.:  0.9% 
	  3.4%   1.8%   3.8%  -0.0%   0.0%   0.0%   0.0%   0.0%   0.0%   0.0% 	Avg.:  2.2% 
	  4.4%   3.5%   4.8%   1.4%   0.6%   0.0%   0.0%   0.0%   0.0%   0.0% 	Avg.:  3.0% 
	 10.6%   3.8%   6.2%   2.4%   1.4%   4.5%   0.0%   0.0%   0.0%   0.0% 	Avg.:  4.8% 
	  0.0%   0.0%   0.0%   0.0%   0.0%   0.0%   0.0%   0.0%   0.0%   0.0% 	Avg.:  0.0% 
	  0.0%   0.0%   0.0%   0.0%   0.0%   0.0%   0.0%   0.0%   0.0%   0.0% 	Avg.:  0.0% 
	  0.0%   0.0%   0.0%   0.0%   0.0%   0.0%   0.0%   0.0%   0.0%   0.0% 	Avg.:  0.0% 
************************************************************************************************************
[Elapsed time = 1.8 h]
Done!
