START_TASK=9 STOP_TASK=10
============================================================================================================
Arguments =
	approach: finetuning
	batch_size: 64
	classes_first_task: None
	clipping: 10000
	crop: 224
	data_path: ../data/food101
	dataset: food101
	eval_on_train: False
	experiment_path: None
	fix_bn: False
	freeze_backbone: False
	gpu: 0
	gpus: [0]
	increment: 10
	last_layer_analysis: True
	log: ['disk']
	lr: 0.01
	lr_factor: None
	lr_min: 0.0001
	lr_patience: None
	lr_scheduler: cosine
	lr_warmup_epochs: 0
	momentum: 0.0
	multi_softmax: False
	nepochs: 70
	network: vit_base_patch16_224.orig_in21k
	no_cudnn_deterministic: False
	normalize: in21k
	num_workers: 2
	optimizer_name: sgd
	pin_memory: False
	pretrained: True
	resize: 224
	results_path: ./results
	save_models: True
	seed: 0
	start_at_task: 9
	start_epoch: 0
	stop_at_task: 10
	stop_epoch: 0
	use_valid_only: False
	warmup_lr_factor: 1.0
	warmup_nepochs: 0
	weight_decay: 0.0
============================================================================================================
Approach arguments =
	all_outputs: False
============================================================================================================
Exemplars arguments =
============================================================================================================
WARNING: ./results/vit_base_patch16_224.orig_in21k/food101/finetuning/10 already exists!
Loaded acc_taw from: ./results/vit_base_patch16_224.orig_in21k/food101/finetuning/10/acc_taw-8.txt
Loaded acc_tag from: ./results/vit_base_patch16_224.orig_in21k/food101/finetuning/10/acc_tag-8.txt
Loaded forg_taw from: ./results/vit_base_patch16_224.orig_in21k/food101/finetuning/10/forg_taw-8.txt
Loaded forg_tag from: ./results/vit_base_patch16_224.orig_in21k/food101/finetuning/10/forg_tag-8.txt
************************************************************************************************************
Task  9  [epochs 0-70]
************************************************************************************************************
[params] total:85,875,556  trainable:85,875,556  tensors:170  trainable_tensors:170
| Epoch   1, time= 49.2s | Train: skip eval | Valid: time=  3.1s loss=0.620, TAw acc= 83.3% | * lr=1.0e-02
| Epoch   2, time= 48.7s | Train: skip eval | Valid: time=  2.8s loss=0.399, TAw acc= 89.5% | * lr=1.0e-02
| Epoch   3, time= 49.1s | Train: skip eval | Valid: time=  3.1s loss=0.337, TAw acc= 90.0% | * lr=1.0e-02
| Epoch   4, time= 49.6s | Train: skip eval | Valid: time=  3.2s loss=0.293, TAw acc= 91.1% | * lr=9.9e-03
| Epoch   5, time= 49.6s | Train: skip eval | Valid: time=  3.5s loss=0.283, TAw acc= 91.2% | * lr=9.9e-03
| Epoch   6, time= 49.5s | Train: skip eval | Valid: time=  3.2s loss=0.258, TAw acc= 91.9% | * lr=9.8e-03
| Epoch   7, time= 49.6s | Train: skip eval | Valid: time=  3.1s loss=0.254, TAw acc= 92.1% | * lr=9.8e-03
| Epoch   8, time= 49.6s | Train: skip eval | Valid: time=  3.5s loss=0.260, TAw acc= 91.3% | lr=9.7e-03
| Epoch   9, time= 49.4s | Train: skip eval | Valid: time=  3.4s loss=0.238, TAw acc= 92.1% | * lr=9.6e-03
| Epoch  10, time= 49.5s | Train: skip eval | Valid: time=  2.9s loss=0.242, TAw acc= 92.5% | lr=9.5e-03
| Epoch  11, time= 49.6s | Train: skip eval | Valid: time=  2.9s loss=0.256, TAw acc= 91.9% | lr=9.4e-03
| Epoch  12, time= 49.6s | Train: skip eval | Valid: time=  3.1s loss=0.227, TAw acc= 92.9% | * lr=9.3e-03
| Epoch  13, time= 49.5s | Train: skip eval | Valid: time=  2.9s loss=0.241, TAw acc= 92.3% | lr=9.2e-03
| Epoch  14, time= 49.3s | Train: skip eval | Valid: time=  3.1s loss=0.235, TAw acc= 92.9% | lr=9.1e-03
| Epoch  15, time= 49.5s | Train: skip eval | Valid: time=  2.8s loss=0.236, TAw acc= 92.7% | lr=8.9e-03
| Epoch  16, time= 49.4s | Train: skip eval | Valid: time=  2.8s loss=0.239, TAw acc= 92.7% | lr=8.8e-03
| Epoch  17, time= 49.7s | Train: skip eval | Valid: time=  2.9s loss=0.224, TAw acc= 93.6% | * lr=8.6e-03
| Epoch  18, time= 49.6s | Train: skip eval | Valid: time=  3.4s loss=0.236, TAw acc= 93.1% | lr=8.5e-03
| Epoch  19, time= 49.7s | Train: skip eval | Valid: time=  3.1s loss=0.222, TAw acc= 93.3% | * lr=8.3e-03
| Epoch  20, time= 49.7s | Train: skip eval | Valid: time=  3.2s loss=0.220, TAw acc= 93.7% | * lr=8.1e-03
| Epoch  21, time= 49.6s | Train: skip eval | Valid: time=  3.4s loss=0.221, TAw acc= 93.2% | lr=8.0e-03
| Epoch  22, time= 49.7s | Train: skip eval | Valid: time=  2.8s loss=0.233, TAw acc= 92.8% | lr=7.8e-03
| Epoch  23, time= 49.7s | Train: skip eval | Valid: time=  3.1s loss=0.231, TAw acc= 93.6% | lr=7.6e-03
| Epoch  24, time= 49.7s | Train: skip eval | Valid: time=  3.1s loss=0.227, TAw acc= 93.9% | lr=7.4e-03
| Epoch  25, time= 49.8s | Train: skip eval | Valid: time=  2.8s loss=0.232, TAw acc= 92.9% | lr=7.2e-03
| Epoch  26, time= 49.7s | Train: skip eval | Valid: time=  3.1s loss=0.232, TAw acc= 92.9% | lr=7.0e-03
| Epoch  27, time= 49.8s | Train: skip eval | Valid: time=  2.8s loss=0.239, TAw acc= 92.8% | lr=6.8e-03
| Epoch  28, time= 49.7s | Train: skip eval | Valid: time=  3.5s loss=0.226, TAw acc= 93.3% | lr=6.6e-03
| Epoch  29, time= 49.7s | Train: skip eval | Valid: time=  2.9s loss=0.243, TAw acc= 92.9% | lr=6.4e-03
| Epoch  30, time= 49.6s | Train: skip eval | Valid: time=  2.9s loss=0.243, TAw acc= 92.8% | lr=6.2e-03
| Epoch  31, time= 49.5s | Train: skip eval | Valid: time=  2.9s loss=0.237, TAw acc= 92.9% | lr=5.9e-03
| Epoch  32, time= 49.3s | Train: skip eval | Valid: time=  3.0s loss=0.224, TAw acc= 94.1% | lr=5.7e-03
| Epoch  33, time= 49.6s | Train: skip eval | Valid: time=  3.6s loss=0.230, TAw acc= 93.6% | lr=5.5e-03
| Epoch  34, time= 49.3s | Train: skip eval | Valid: time=  3.5s loss=0.229, TAw acc= 93.1% | lr=5.3e-03
| Epoch  35, time= 49.2s | Train: skip eval | Valid: time=  2.9s loss=0.224, TAw acc= 93.5% | lr=5.1e-03
| Epoch  36, time= 49.3s | Train: skip eval | Valid: time=  2.7s loss=0.219, TAw acc= 93.7% | * lr=4.8e-03
| Epoch  37, time= 49.5s | Train: skip eval | Valid: time=  2.9s loss=0.220, TAw acc= 93.7% | lr=4.6e-03
| Epoch  38, time= 49.5s | Train: skip eval | Valid: time=  3.6s loss=0.225, TAw acc= 93.1% | lr=4.4e-03
| Epoch  39, time= 49.3s | Train: skip eval | Valid: time=  2.9s loss=0.229, TAw acc= 93.5% | lr=4.2e-03
| Epoch  40, time= 49.4s | Train: skip eval | Valid: time=  2.9s loss=0.232, TAw acc= 93.5% | lr=3.9e-03
| Epoch  41, time= 49.4s | Train: skip eval | Valid: time=  3.5s loss=0.223, TAw acc= 93.3% | lr=3.7e-03
| Epoch  42, time= 49.3s | Train: skip eval | Valid: time=  3.4s loss=0.232, TAw acc= 93.5% | lr=3.5e-03
| Epoch  43, time= 49.6s | Train: skip eval | Valid: time=  3.3s loss=0.231, TAw acc= 93.5% | lr=3.3e-03
| Epoch  44, time= 49.6s | Train: skip eval | Valid: time=  3.0s loss=0.225, TAw acc= 93.6% | lr=3.1e-03
| Epoch  45, time= 49.6s | Train: skip eval | Valid: time=  3.6s loss=0.231, TAw acc= 93.6% | lr=2.9e-03
| Epoch  46, time= 49.4s | Train: skip eval | Valid: time=  2.8s loss=0.236, TAw acc= 93.7% | lr=2.7e-03
| Epoch  47, time= 49.7s | Train: skip eval | Valid: time=  3.2s loss=0.239, TAw acc= 93.6% | lr=2.5e-03
| Epoch  48, time= 49.4s | Train: skip eval | Valid: time=  3.2s loss=0.233, TAw acc= 93.6% | lr=2.3e-03
| Epoch  49, time= 49.8s | Train: skip eval | Valid: time=  3.6s loss=0.228, TAw acc= 94.1% | lr=2.1e-03
| Epoch  50, time= 49.4s | Train: skip eval | Valid: time=  2.8s loss=0.230, TAw acc= 93.6% | lr=2.0e-03
| Epoch  51, time= 49.6s | Train: skip eval | Valid: time=  3.1s loss=0.231, TAw acc= 94.0% | lr=1.8e-03
| Epoch  52, time= 49.5s | Train: skip eval | Valid: time=  2.9s loss=0.229, TAw acc= 94.3% | lr=1.6e-03
| Epoch  53, time= 49.6s | Train: skip eval | Valid: time=  3.4s loss=0.234, TAw acc= 93.2% | lr=1.5e-03
| Epoch  54, time= 49.3s | Train: skip eval | Valid: time=  2.9s loss=0.231, TAw acc= 93.9% | lr=1.3e-03
| Epoch  55, time= 49.6s | Train: skip eval | Valid: time=  2.8s loss=0.229, TAw acc= 93.7% | lr=1.2e-03
| Epoch  56, time= 49.8s | Train: skip eval | Valid: time=  3.0s loss=0.230, TAw acc= 93.6% | lr=1.0e-03
| Epoch  57, time= 49.6s | Train: skip eval | Valid: time=  2.9s loss=0.228, TAw acc= 93.6% | lr=9.2e-04
| Epoch  58, time= 49.4s | Train: skip eval | Valid: time=  3.3s loss=0.232, TAw acc= 93.7% | lr=8.0e-04
| Epoch  59, time= 49.3s | Train: skip eval | Valid: time=  3.2s loss=0.232, TAw acc= 93.7% | lr=6.9e-04
| Epoch  60, time= 49.6s | Train: skip eval | Valid: time=  2.8s loss=0.229, TAw acc= 94.0% | lr=5.9e-04
| Epoch  61, time= 49.5s | Train: skip eval | Valid: time=  3.5s loss=0.229, TAw acc= 93.6% | lr=5.0e-04
| Epoch  62, time= 49.6s | Train: skip eval | Valid: time=  3.4s loss=0.228, TAw acc= 93.9% | lr=4.2e-04
| Epoch  63, time= 49.6s | Train: skip eval | Valid: time=  3.0s loss=0.228, TAw acc= 94.0% | lr=3.4e-04
| Epoch  64, time= 49.4s | Train: skip eval | Valid: time=  3.2s loss=0.230, TAw acc= 94.0% | lr=2.8e-04
| Epoch  65, time= 49.3s | Train: skip eval | Valid: time=  2.8s loss=0.228, TAw acc= 93.9% | lr=2.2e-04
| Epoch  66, time= 49.4s | Train: skip eval | Valid: time=  3.4s loss=0.228, TAw acc= 93.9% | lr=1.8e-04
| Epoch  67, time= 49.5s | Train: skip eval | Valid: time=  3.4s loss=0.228, TAw acc= 94.0% | lr=1.4e-04
| Epoch  68, time= 49.4s | Train: skip eval | Valid: time=  2.8s loss=0.228, TAw acc= 94.0% | lr=1.2e-04
| Epoch  69, time= 49.3s | Train: skip eval | Valid: time=  3.5s loss=0.228, TAw acc= 93.9% | lr=1.0e-04
| Epoch  70, time= 49.1s | Train: skip eval | Valid: time=  2.8s loss=0.228, TAw acc= 93.9% | lr=1.0e-04
------------------------------------------------------------------------------------------------------------
>>> Test on task  0 : loss=0.371 | TAw acc= 87.8%, forg=  9.3% | TAg acc= 68.7%, forg= 28.4% <<<
>>> Test on task  1 : loss=0.266 | TAw acc= 91.9%, forg=  6.9% | TAg acc= 67.6%, forg= 29.4% <<<
>>> Test on task  2 : loss=0.532 | TAw acc= 83.8%, forg= 13.9% | TAg acc= 53.7%, forg= 42.4% <<<
>>> Test on task  3 : loss=0.425 | TAw acc= 87.6%, forg= 11.0% | TAg acc= 59.7%, forg= 27.6% <<<
>>> Test on task  4 : loss=0.509 | TAw acc= 85.1%, forg= 13.0% | TAg acc= 40.4%, forg= 47.4% <<<
>>> Test on task  5 : loss=0.444 | TAw acc= 85.8%, forg= 11.9% | TAg acc= 53.9%, forg= 32.6% <<<
>>> Test on task  6 : loss=0.320 | TAw acc= 90.4%, forg=  7.4% | TAg acc= 39.9%, forg= 33.3% <<<
>>> Test on task  7 : loss=0.335 | TAw acc= 89.7%, forg=  8.4% | TAg acc= 37.5%, forg= 20.2% <<<
>>> Test on task  8 : loss=0.206 | TAw acc= 94.0%, forg=  4.1% | TAg acc= 60.6%, forg= 14.1% <<<
>>> Test on task  9 : loss=0.125 | TAw acc= 96.3%, forg=  0.0% | TAg acc= 72.4%, forg=  0.0% <<<
Save at ./results/./results/vit_base_patch16_224.orig_in21k/food101/finetuning/10
Plotting last layer analysis...
************************************************************************************************************
TAw Acc
	 97.1%   0.0%   0.0%   0.0%   0.0%   0.0%   0.0%   0.0%   0.0%   0.0% 	Avg.: 97.1% 
	 93.8%  98.8%   0.0%   0.0%   0.0%   0.0%   0.0%   0.0%   0.0%   0.0% 	Avg.: 96.3% 
	 90.0%  94.7%  97.7%   0.0%   0.0%   0.0%   0.0%   0.0%   0.0%   0.0% 	Avg.: 94.2% 
	 90.8%  92.8%  95.7%  98.6%   0.0%   0.0%   0.0%   0.0%   0.0%   0.0% 	Avg.: 94.5% 
	 92.2%  93.6%  88.0%  95.0%  98.1%   0.0%   0.0%   0.0%   0.0%   0.0% 	Avg.: 93.4% 
	 92.8%  91.9%  85.3%  92.6%  92.6%  97.8%   0.0%   0.0%   0.0%   0.0% 	Avg.: 92.2% 
	 90.2%  91.3%  86.2%  91.5%  92.0%  95.0%  97.8%   0.0%   0.0%   0.0% 	Avg.: 92.0% 
	 92.5%  93.0%  89.1%  93.0%  89.7%  94.1%  95.4%  98.1%   0.0%   0.0% 	Avg.: 93.1% 
	 83.9%  86.8%  83.0%  89.0%  88.4%  85.5%  90.0%  89.8%  98.1%   0.0% 	Avg.: 88.3% 
	 87.8%  91.9%  83.8%  87.6%  85.1%  85.8%  90.4%  89.7%  94.0%  96.3% 	Avg.: 89.2% 
************************************************************************************************************
TAg Acc
	 97.1%   0.0%   0.0%   0.0%   0.0%   0.0%   0.0%   0.0%   0.0%   0.0% 	Avg.: 97.1% 
	 86.2%  97.1%   0.0%   0.0%   0.0%   0.0%   0.0%   0.0%   0.0%   0.0% 	Avg.: 91.7% 
	 72.9%  83.4%  96.1%   0.0%   0.0%   0.0%   0.0%   0.0%   0.0%   0.0% 	Avg.: 84.1% 
	 70.7%  78.5%  82.5%  87.3%   0.0%   0.0%   0.0%   0.0%   0.0%   0.0% 	Avg.: 79.7% 
	 66.8%  78.5%  63.4%  79.3%  87.8%   0.0%   0.0%   0.0%   0.0%   0.0% 	Avg.: 75.2% 
	 65.1%  74.7%  57.9%  74.8%  64.0%  86.6%   0.0%   0.0%   0.0%   0.0% 	Avg.: 70.5% 
	 70.2%  71.2%  55.8%  68.7%  56.2%  74.1%  73.2%   0.0%   0.0%   0.0% 	Avg.: 67.1% 
	 79.1%  75.5%  59.5%  75.6%  53.4%  66.6%  58.6%  57.7%   0.0%   0.0% 	Avg.: 65.8% 
	 66.0%  66.4%  53.5%  64.0%  43.8%  54.4%  45.3%  38.9%  74.7%   0.0% 	Avg.: 56.3% 
	 68.7%  67.6%  53.7%  59.7%  40.4%  53.9%  39.9%  37.5%  60.6%  72.4% 	Avg.: 55.4% 
************************************************************************************************************
TAw Forg
	  0.0%   0.0%   0.0%   0.0%   0.0%   0.0%   0.0%   0.0%   0.0%   0.0% 
	  3.4%   0.0%   0.0%   0.0%   0.0%   0.0%   0.0%   0.0%   0.0%   0.0% 	Avg.:  3.4% 
	  7.1%   4.0%   0.0%   0.0%   0.0%   0.0%   0.0%   0.0%   0.0%   0.0% 	Avg.:  5.6% 
	  6.3%   6.0%   2.0%   0.0%   0.0%   0.0%   0.0%   0.0%   0.0%   0.0% 	Avg.:  4.8% 
	  4.9%   5.2%   9.7%   3.5%   0.0%   0.0%   0.0%   0.0%   0.0%   0.0% 	Avg.:  5.8% 
	  4.3%   6.8%  12.4%   6.0%   5.6%   0.0%   0.0%   0.0%   0.0%   0.0% 	Avg.:  7.0% 
	  6.9%   7.4%  11.5%   7.0%   6.1%   2.7%   0.0%   0.0%   0.0%   0.0% 	Avg.:  6.9% 
	  4.6%   5.8%   8.6%   5.6%   8.4%   3.7%   2.4%   0.0%   0.0%   0.0% 	Avg.:  5.6% 
	 13.2%  12.0%  14.7%   9.6%   9.7%  12.3%   7.7%   8.2%   0.0%   0.0% 	Avg.: 10.9% 
	  9.3%   6.9%  13.9%  11.0%  13.0%  11.9%   7.4%   8.4%   4.1%   0.0% 	Avg.:  9.5% 
************************************************************************************************************
TAg Forg
	  0.0%   0.0%   0.0%   0.0%   0.0%   0.0%   0.0%   0.0%   0.0%   0.0% 
	 10.9%   0.0%   0.0%   0.0%   0.0%   0.0%   0.0%   0.0%   0.0%   0.0% 	Avg.: 10.9% 
	 24.2%  13.7%   0.0%   0.0%   0.0%   0.0%   0.0%   0.0%   0.0%   0.0% 	Avg.: 19.0% 
	 26.4%  18.6%  13.6%   0.0%   0.0%   0.0%   0.0%   0.0%   0.0%   0.0% 	Avg.: 19.5% 
	 30.4%  18.6%  32.6%   8.0%   0.0%   0.0%   0.0%   0.0%   0.0%   0.0% 	Avg.: 22.4% 
	 32.0%  22.4%  38.2%  12.5%  23.8%   0.0%   0.0%   0.0%   0.0%   0.0% 	Avg.: 25.8% 
	 26.9%  25.8%  40.2%  18.6%  31.6%  12.5%   0.0%   0.0%   0.0%   0.0% 	Avg.: 25.9% 
	 18.0%  21.6%  36.6%  11.6%  34.4%  19.9%  14.6%   0.0%   0.0%   0.0% 	Avg.: 22.4% 
	 31.2%  30.7%  42.6%  23.2%  44.0%  32.2%  27.8%  18.8%   0.0%   0.0% 	Avg.: 31.3% 
	 28.4%  29.4%  42.4%  27.6%  47.4%  32.6%  33.3%  20.2%  14.1%   0.0% 	Avg.: 30.6% 
************************************************************************************************************
[Elapsed time = 1.1 h]
Done!
