START_TASK=8 STOP_TASK=9
============================================================================================================
Arguments =
	all_outputs: False
	approach: finetuning
	batch_size: 64
	classes_first_task: None
	clipping: 10000
	crop: 224
	data_path: ../data/food101
	dataset: food101
	eval_on_train: False
	experiment_path: None
	fix_bn: False
	freeze_backbone: False
	gpu: 0
	gpus: [0]
	increment: 10
	last_layer_analysis: False
	log: ['disk']
	lr: 0.01
	lr_factor: None
	lr_min: 0.0001
	lr_patience: None
	lr_scheduler: cosine
	lr_warmup_epochs: 0
	momentum: 0.0
	multi_softmax: False
	nepochs: 70
	network: vit_small_patch16_224.augreg_in1k
	no_cudnn_deterministic: False
	normalize: in1k
	num_workers: 2
	optimizer_name: sgd
	pin_memory: False
	pretrained: True
	resize: 224
	results_path: ./results
	save_models: True
	seed: 0
	start_at_task: 8
	start_epoch: 0
	stop_at_task: 9
	stop_epoch: 0
	use_valid_only: False
	warmup_lr_factor: 1.0
	warmup_nepochs: 0
	weight_decay: 0.0
============================================================================================================
Approach arguments =
============================================================================================================
Exemplars arguments =
============================================================================================================
WARNING: ./results/vit_small_patch16_224.augreg_in1k/food101/finetuning/10 already exists!
Loaded acc_taw from: ./results/vit_small_patch16_224.augreg_in1k/food101/finetuning/10/acc_taw-7.txt
Loaded acc_tag from: ./results/vit_small_patch16_224.augreg_in1k/food101/finetuning/10/acc_tag-7.txt
Loaded forg_taw from: ./results/vit_small_patch16_224.augreg_in1k/food101/finetuning/10/forg_taw-7.txt
Loaded forg_tag from: ./results/vit_small_patch16_224.augreg_in1k/food101/finetuning/10/forg_tag-7.txt
************************************************************************************************************
Task  8  [epochs 0-70]
************************************************************************************************************
[params] total:21,700,314  trainable:21,700,314  tensors:168  trainable_tensors:168
| Epoch   1, time= 29.4s | Train: skip eval | Valid: time=  2.5s loss=0.243, TAw acc= 91.7% | * lr=1.0e-02
| Epoch   2, time= 26.8s | Train: skip eval | Valid: time=  2.6s loss=0.194, TAw acc= 93.6% | * lr=1.0e-02
| Epoch   3, time= 26.4s | Train: skip eval | Valid: time=  2.7s loss=0.204, TAw acc= 92.9% | lr=1.0e-02
| Epoch   4, time= 24.5s | Train: skip eval | Valid: time=  2.7s loss=0.176, TAw acc= 94.4% | * lr=9.9e-03
| Epoch   5, time= 25.8s | Train: skip eval | Valid: time=  2.6s loss=0.180, TAw acc= 94.4% | lr=9.9e-03
| Epoch   6, time= 24.2s | Train: skip eval | Valid: time=  2.5s loss=0.176, TAw acc= 94.3% | lr=9.8e-03
| Epoch   7, time= 23.2s | Train: skip eval | Valid: time=  2.4s loss=0.218, TAw acc= 93.2% | lr=9.8e-03
| Epoch   8, time= 25.4s | Train: skip eval | Valid: time=  2.7s loss=0.173, TAw acc= 94.5% | * lr=9.7e-03
| Epoch   9, time= 24.7s | Train: skip eval | Valid: time=  2.6s loss=0.150, TAw acc= 94.7% | * lr=9.6e-03
| Epoch  10, time= 29.4s | Train: skip eval | Valid: time=  2.3s loss=0.162, TAw acc= 94.5% | lr=9.5e-03
| Epoch  11, time= 25.2s | Train: skip eval | Valid: time=  2.4s loss=0.164, TAw acc= 94.1% | lr=9.4e-03
| Epoch  12, time= 26.8s | Train: skip eval | Valid: time=  2.6s loss=0.205, TAw acc= 93.9% | lr=9.3e-03
| Epoch  13, time= 26.6s | Train: skip eval | Valid: time=  2.3s loss=0.136, TAw acc= 94.8% | * lr=9.2e-03
| Epoch  14, time= 24.6s | Train: skip eval | Valid: time=  2.4s loss=0.153, TAw acc= 95.2% | lr=9.1e-03
| Epoch  15, time= 22.8s | Train: skip eval | Valid: time=  2.4s loss=0.147, TAw acc= 95.3% | lr=8.9e-03
| Epoch  16, time= 23.9s | Train: skip eval | Valid: time=  2.4s loss=0.152, TAw acc= 94.9% | lr=8.8e-03
| Epoch  17, time= 24.9s | Train: skip eval | Valid: time=  2.9s loss=0.159, TAw acc= 94.7% | lr=8.6e-03
| Epoch  18, time= 25.8s | Train: skip eval | Valid: time=  2.6s loss=0.141, TAw acc= 95.7% | lr=8.5e-03
| Epoch  19, time= 27.0s | Train: skip eval | Valid: time=  3.2s loss=0.159, TAw acc= 95.1% | lr=8.3e-03
| Epoch  20, time= 25.5s | Train: skip eval | Valid: time=  3.1s loss=0.145, TAw acc= 95.6% | lr=8.1e-03
| Epoch  21, time= 25.8s | Train: skip eval | Valid: time=  2.3s loss=0.151, TAw acc= 95.5% | lr=8.0e-03
| Epoch  22, time= 29.4s | Train: skip eval | Valid: time=  2.3s loss=0.155, TAw acc= 94.8% | lr=7.8e-03
| Epoch  23, time= 26.5s | Train: skip eval | Valid: time=  2.9s loss=0.150, TAw acc= 95.6% | lr=7.6e-03
| Epoch  24, time= 26.9s | Train: skip eval | Valid: time=  2.3s loss=0.135, TAw acc= 95.5% | * lr=7.4e-03
| Epoch  25, time= 27.4s | Train: skip eval | Valid: time=  3.1s loss=0.142, TAw acc= 95.5% | lr=7.2e-03
| Epoch  26, time= 24.8s | Train: skip eval | Valid: time=  2.4s loss=0.132, TAw acc= 95.9% | * lr=7.0e-03
| Epoch  27, time= 25.2s | Train: skip eval | Valid: time=  2.7s loss=0.133, TAw acc= 95.6% | lr=6.8e-03
| Epoch  28, time= 25.7s | Train: skip eval | Valid: time=  2.5s loss=0.147, TAw acc= 95.2% | lr=6.6e-03
| Epoch  29, time= 24.4s | Train: skip eval | Valid: time=  2.6s loss=0.131, TAw acc= 95.9% | * lr=6.4e-03
| Epoch  30, time= 25.7s | Train: skip eval | Valid: time=  3.1s loss=0.146, TAw acc= 95.1% | lr=6.2e-03
| Epoch  31, time= 29.7s | Train: skip eval | Valid: time=  2.4s loss=0.141, TAw acc= 95.9% | lr=5.9e-03
| Epoch  32, time= 25.2s | Train: skip eval | Valid: time=  2.7s loss=0.139, TAw acc= 96.0% | lr=5.7e-03
| Epoch  33, time= 26.7s | Train: skip eval | Valid: time=  2.4s loss=0.131, TAw acc= 95.7% | lr=5.5e-03
| Epoch  34, time= 27.8s | Train: skip eval | Valid: time=  2.5s loss=0.145, TAw acc= 95.7% | lr=5.3e-03
| Epoch  35, time= 26.3s | Train: skip eval | Valid: time=  2.4s loss=0.155, TAw acc= 95.5% | lr=5.1e-03
| Epoch  36, time= 26.1s | Train: skip eval | Valid: time=  2.5s loss=0.137, TAw acc= 96.0% | lr=4.8e-03
| Epoch  37, time= 27.8s | Train: skip eval | Valid: time=  3.2s loss=0.167, TAw acc= 95.1% | lr=4.6e-03
| Epoch  38, time= 27.1s | Train: skip eval | Valid: time=  2.3s loss=0.136, TAw acc= 95.9% | lr=4.4e-03
| Epoch  39, time= 27.0s | Train: skip eval | Valid: time=  2.9s loss=0.141, TAw acc= 95.6% | lr=4.2e-03
| Epoch  40, time= 24.7s | Train: skip eval | Valid: time=  2.8s loss=0.143, TAw acc= 95.6% | lr=3.9e-03
| Epoch  41, time= 25.6s | Train: skip eval | Valid: time=  2.3s loss=0.127, TAw acc= 95.5% | * lr=3.7e-03
| Epoch  42, time= 26.6s | Train: skip eval | Valid: time=  2.4s loss=0.129, TAw acc= 95.9% | lr=3.5e-03
| Epoch  43, time= 26.1s | Train: skip eval | Valid: time=  2.7s loss=0.128, TAw acc= 95.9% | lr=3.3e-03
| Epoch  44, time= 27.6s | Train: skip eval | Valid: time=  2.5s loss=0.129, TAw acc= 95.6% | lr=3.1e-03
| Epoch  45, time= 24.7s | Train: skip eval | Valid: time=  2.9s loss=0.124, TAw acc= 95.9% | * lr=2.9e-03
| Epoch  46, time= 25.7s | Train: skip eval | Valid: time=  3.0s loss=0.127, TAw acc= 96.1% | lr=2.7e-03
| Epoch  47, time= 25.2s | Train: skip eval | Valid: time=  3.0s loss=0.119, TAw acc= 95.7% | * lr=2.5e-03
| Epoch  48, time= 27.1s | Train: skip eval | Valid: time=  3.1s loss=0.122, TAw acc= 95.9% | lr=2.3e-03
| Epoch  49, time= 23.6s | Train: skip eval | Valid: time=  2.4s loss=0.126, TAw acc= 95.9% | lr=2.1e-03
| Epoch  50, time= 24.0s | Train: skip eval | Valid: time=  2.4s loss=0.128, TAw acc= 96.1% | lr=2.0e-03
| Epoch  51, time= 24.7s | Train: skip eval | Valid: time=  2.3s loss=0.130, TAw acc= 96.0% | lr=1.8e-03
| Epoch  52, time= 25.1s | Train: skip eval | Valid: time=  2.3s loss=0.130, TAw acc= 95.9% | lr=1.6e-03
| Epoch  53, time= 27.1s | Train: skip eval | Valid: time=  2.6s loss=0.128, TAw acc= 96.1% | lr=1.5e-03
| Epoch  54, time= 25.4s | Train: skip eval | Valid: time=  2.7s loss=0.123, TAw acc= 96.3% | lr=1.3e-03
| Epoch  55, time= 26.7s | Train: skip eval | Valid: time=  3.3s loss=0.123, TAw acc= 96.1% | lr=1.2e-03
| Epoch  56, time= 25.3s | Train: skip eval | Valid: time=  2.4s loss=0.122, TAw acc= 96.4% | lr=1.0e-03
| Epoch  57, time= 25.8s | Train: skip eval | Valid: time=  2.8s loss=0.120, TAw acc= 96.4% | lr=9.2e-04
| Epoch  58, time= 27.4s | Train: skip eval | Valid: time=  2.5s loss=0.128, TAw acc= 96.3% | lr=8.0e-04
| Epoch  59, time= 23.4s | Train: skip eval | Valid: time=  2.6s loss=0.121, TAw acc= 96.5% | lr=6.9e-04
| Epoch  60, time= 23.2s | Train: skip eval | Valid: time=  3.1s loss=0.126, TAw acc= 96.5% | lr=5.9e-04
| Epoch  61, time= 23.9s | Train: skip eval | Valid: time=  2.6s loss=0.126, TAw acc= 96.4% | lr=5.0e-04
| Epoch  62, time= 26.9s | Train: skip eval | Valid: time=  2.7s loss=0.128, TAw acc= 96.3% | lr=4.2e-04
| Epoch  63, time= 24.6s | Train: skip eval | Valid: time=  3.2s loss=0.126, TAw acc= 96.1% | lr=3.4e-04
| Epoch  64, time= 24.8s | Train: skip eval | Valid: time=  2.4s loss=0.125, TAw acc= 96.1% | lr=2.8e-04
| Epoch  65, time= 25.7s | Train: skip eval | Valid: time=  2.4s loss=0.126, TAw acc= 96.3% | lr=2.2e-04
| Epoch  66, time= 23.7s | Train: skip eval | Valid: time=  2.9s loss=0.125, TAw acc= 96.3% | lr=1.8e-04
| Epoch  67, time= 23.5s | Train: skip eval | Valid: time=  2.7s loss=0.124, TAw acc= 96.3% | lr=1.4e-04
| Epoch  68, time= 26.0s | Train: skip eval | Valid: time=  2.8s loss=0.125, TAw acc= 96.3% | lr=1.2e-04
| Epoch  69, time= 25.0s | Train: skip eval | Valid: time=  2.8s loss=0.125, TAw acc= 96.3% | lr=1.0e-04
| Epoch  70, time= 26.0s | Train: skip eval | Valid: time=  2.4s loss=0.125, TAw acc= 96.3% | lr=1.0e-04
------------------------------------------------------------------------------------------------------------
>>> Test on task  0 : loss=0.832 | TAw acc= 72.6%, forg= 22.6% | TAg acc=  6.3%, forg= 88.9% <<<
>>> Test on task  1 : loss=0.677 | TAw acc= 78.6%, forg= 18.3% | TAg acc=  9.1%, forg= 86.1% <<<
>>> Test on task  2 : loss=0.729 | TAw acc= 77.2%, forg= 19.2% | TAg acc= 14.7%, forg= 81.0% <<<
>>> Test on task  3 : loss=0.449 | TAw acc= 85.7%, forg= 11.3% | TAg acc= 25.4%, forg= 69.9% <<<
>>> Test on task  4 : loss=0.489 | TAw acc= 85.1%, forg= 11.2% | TAg acc= 21.9%, forg= 72.5% <<<
>>> Test on task  5 : loss=0.326 | TAw acc= 89.8%, forg=  6.3% | TAg acc= 50.5%, forg= 43.0% <<<
>>> Test on task  6 : loss=0.292 | TAw acc= 91.0%, forg=  5.2% | TAg acc= 54.2%, forg= 38.9% <<<
>>> Test on task  7 : loss=0.186 | TAw acc= 94.0%, forg=  2.8% | TAg acc= 77.2%, forg= 18.3% <<<
>>> Test on task  8 : loss=0.123 | TAw acc= 96.6%, forg=  0.0% | TAg acc= 93.6%, forg=  0.0% <<<
Save at ./results/./results/vit_small_patch16_224.augreg_in1k/food101/finetuning/10
************************************************************************************************************
TAw Acc
	 95.2%   0.0%   0.0%   0.0%   0.0%   0.0%   0.0%   0.0%   0.0%   0.0% 	Avg.: 95.2% 
	 91.3%  96.8%   0.0%   0.0%   0.0%   0.0%   0.0%   0.0%   0.0%   0.0% 	Avg.: 94.1% 
	 89.1%  94.2%  96.4%   0.0%   0.0%   0.0%   0.0%   0.0%   0.0%   0.0% 	Avg.: 93.2% 
	 85.2%  91.8%  93.5%  97.0%   0.0%   0.0%   0.0%   0.0%   0.0%   0.0% 	Avg.: 91.9% 
	 84.5%  86.8%  90.2%  93.9%  96.2%   0.0%   0.0%   0.0%   0.0%   0.0% 	Avg.: 90.3% 
	 74.9%  82.6%  85.2%  92.0%  93.4%  96.1%   0.0%   0.0%   0.0%   0.0% 	Avg.: 87.4% 
	 79.5%  82.2%  85.2%  91.0%  91.0%  92.9%  96.1%   0.0%   0.0%   0.0% 	Avg.: 88.3% 
	 74.1%  81.1%  79.6%  87.8%  84.7%  88.2%  92.4%  96.9%   0.0%   0.0% 	Avg.: 85.6% 
	 72.6%  78.6%  77.2%  85.7%  85.1%  89.8%  91.0%  94.0%  96.6%   0.0% 	Avg.: 85.6% 
	  0.0%   0.0%   0.0%   0.0%   0.0%   0.0%   0.0%   0.0%   0.0%   0.0% 	Avg.:  0.0% 
************************************************************************************************************
TAg Acc
	 95.2%   0.0%   0.0%   0.0%   0.0%   0.0%   0.0%   0.0%   0.0%   0.0% 	Avg.: 95.2% 
	 78.5%  95.2%   0.0%   0.0%   0.0%   0.0%   0.0%   0.0%   0.0%   0.0% 	Avg.: 86.9% 
	 63.9%  71.5%  95.8%   0.0%   0.0%   0.0%   0.0%   0.0%   0.0%   0.0% 	Avg.: 77.1% 
	 45.4%  42.5%  79.2%  95.4%   0.0%   0.0%   0.0%   0.0%   0.0%   0.0% 	Avg.: 65.6% 
	 30.0%  30.9%  54.4%  75.7%  94.4%   0.0%   0.0%   0.0%   0.0%   0.0% 	Avg.: 57.1% 
	 25.6%  19.8%  38.0%  57.2%  73.8%  93.4%   0.0%   0.0%   0.0%   0.0% 	Avg.: 51.3% 
	 17.2%  13.0%  29.4%  49.3%  55.2%  75.2%  93.0%   0.0%   0.0%   0.0% 	Avg.: 47.5% 
	 13.9%  11.0%  23.7%  33.6%  31.4%  58.5%  66.4%  95.5%   0.0%   0.0% 	Avg.: 41.7% 
	  6.3%   9.1%  14.7%  25.4%  21.9%  50.5%  54.2%  77.2%  93.6%   0.0% 	Avg.: 39.2% 
	  0.0%   0.0%   0.0%   0.0%   0.0%   0.0%   0.0%   0.0%   0.0%   0.0% 	Avg.:  0.0% 
************************************************************************************************************
TAw Forg
	  0.0%   0.0%   0.0%   0.0%   0.0%   0.0%   0.0%   0.0%   0.0%   0.0% 
	  3.9%   0.0%   0.0%   0.0%   0.0%   0.0%   0.0%   0.0%   0.0%   0.0% 	Avg.:  3.9% 
	  6.1%   2.7%   0.0%   0.0%   0.0%   0.0%   0.0%   0.0%   0.0%   0.0% 	Avg.:  4.4% 
	 10.0%   5.1%   2.8%   0.0%   0.0%   0.0%   0.0%   0.0%   0.0%   0.0% 	Avg.:  6.0% 
	 10.7%  10.0%   6.2%   3.1%   0.0%   0.0%   0.0%   0.0%   0.0%   0.0% 	Avg.:  7.5% 
	 20.3%  14.2%  11.2%   5.0%   2.9%   0.0%   0.0%   0.0%   0.0%   0.0% 	Avg.: 10.7% 
	 15.7%  14.6%  11.2%   6.0%   5.2%   3.2%   0.0%   0.0%   0.0%   0.0% 	Avg.:  9.3% 
	 21.1%  15.7%  16.8%   9.3%  11.5%   8.0%   3.7%   0.0%   0.0%   0.0% 	Avg.: 12.3% 
	 22.6%  18.3%  19.2%  11.3%  11.2%   6.3%   5.2%   2.8%   0.0%   0.0% 	Avg.: 12.1% 
	  0.0%   0.0%   0.0%   0.0%   0.0%   0.0%   0.0%   0.0%   0.0%   0.0% 	Avg.:  0.0% 
************************************************************************************************************
TAg Forg
	  0.0%   0.0%   0.0%   0.0%   0.0%   0.0%   0.0%   0.0%   0.0%   0.0% 
	 16.7%   0.0%   0.0%   0.0%   0.0%   0.0%   0.0%   0.0%   0.0%   0.0% 	Avg.: 16.7% 
	 31.3%  23.8%   0.0%   0.0%   0.0%   0.0%   0.0%   0.0%   0.0%   0.0% 	Avg.: 27.5% 
	 49.8%  52.8%  16.6%   0.0%   0.0%   0.0%   0.0%   0.0%   0.0%   0.0% 	Avg.: 39.7% 
	 65.2%  64.3%  41.4%  19.7%   0.0%   0.0%   0.0%   0.0%   0.0%   0.0% 	Avg.: 47.7% 
	 69.6%  75.5%  57.8%  38.2%  20.6%   0.0%   0.0%   0.0%   0.0%   0.0% 	Avg.: 52.3% 
	 78.0%  82.3%  66.4%  46.1%  39.2%  18.2%   0.0%   0.0%   0.0%   0.0% 	Avg.: 55.0% 
	 81.3%  84.3%  72.1%  61.8%  63.0%  35.0%  26.6%   0.0%   0.0%   0.0% 	Avg.: 60.6% 
	 88.9%  86.1%  81.0%  69.9%  72.5%  43.0%  38.9%  18.3%   0.0%   0.0% 	Avg.: 62.3% 
	  0.0%   0.0%   0.0%   0.0%   0.0%   0.0%   0.0%   0.0%   0.0%   0.0% 	Avg.:  0.0% 
************************************************************************************************************
[Elapsed time = 0.6 h]
Done!
