START_TASK=7 STOP_TASK=8
============================================================================================================
Arguments =
	approach: lucir
	batch_size: 64
	classes_first_task: None
	clipping: 10000
	crop: 224
	dataset: cifar100
	eval_on_train: False
	experiment_path: None
	fix_bn: False
	freeze_backbone: False
	gpu: 0
	gpus: [0]
	increment: 10
	last_layer_analysis: True
	log: ['disk']
	lr: 0.01
	lr_factor: None
	lr_min: 0.0001
	lr_patience: None
	lr_scheduler: cosine
	lr_warmup_epochs: 0
	momentum: 0.0
	multi_softmax: False
	nepochs: 50
	network: resnetv2_101x1_bit.goog_in21k
	no_cudnn_deterministic: False
	normalize: in21k
	num_workers: 2
	optimizer_name: sgd
	pin_memory: False
	pretrained: True
	resize: 224
	results_path: ./results
	save_models: True
	seed: 0
	start_at_task: 7
	start_epoch: 0
	stop_at_task: 8
	stop_epoch: 0
	use_valid_only: False
	warmup_lr_factor: 1.0
	warmup_nepochs: 0
	weight_decay: 0.0
============================================================================================================
Approach arguments =
	K: 2
	dist: 0.5
	lamb: 5.0
	lamb_mr: 1.0
============================================================================================================
Exemplars arguments =
	exemplar_selection: random
	num_exemplars: 2000
============================================================================================================
WARNING: ./results/resnetv2_101x1_bit.goog_in21k/cifar100/lucir/10 already exists!
Loaded acc_taw from: ./results/resnetv2_101x1_bit.goog_in21k/cifar100/lucir/10/acc_taw-6.txt
Loaded acc_tag from: ./results/resnetv2_101x1_bit.goog_in21k/cifar100/lucir/10/acc_tag-6.txt
Loaded forg_taw from: ./results/resnetv2_101x1_bit.goog_in21k/cifar100/lucir/10/forg_taw-6.txt
Loaded forg_tag from: ./results/resnetv2_101x1_bit.goog_in21k/cifar100/lucir/10/forg_tag-6.txt
Restored CosineLinear heads from ./results/resnetv2_101x1_bit.goog_in21k/cifar100/lucir/10/task6_cosine_heads.pth
Loaded 2030 exemplars from ./results/resnetv2_101x1_bit.goog_in21k/cifar100/lucir/10/task6_exemplars.pth
************************************************************************************************************
Task  7  [epochs 0-50]
************************************************************************************************************
[params] total:42,656,321  trainable:42,512,961  tensors:313  trainable_tensors:306
| Epoch   1, time= 20.2s | Train: skip eval | Valid: time=  1.1s loss=5.513, TAw acc= 71.2% | * lr=1.0e-02
| Epoch   2, time= 19.8s | Train: skip eval | Valid: time=  1.1s loss=1.771, TAw acc= 89.0% | * lr=1.0e-02
| Epoch   3, time= 19.5s | Train: skip eval | Valid: time=  1.1s loss=1.934, TAw acc= 85.0% | lr=9.9e-03
| Epoch   4, time= 19.8s | Train: skip eval | Valid: time=  1.1s loss=2.147, TAw acc= 77.2% | lr=9.8e-03
| Epoch   5, time= 19.8s | Train: skip eval | Valid: time=  1.1s loss=0.913, TAw acc= 97.0% | * lr=9.8e-03
| Epoch   6, time= 19.6s | Train: skip eval | Valid: time=  1.1s loss=0.877, TAw acc= 97.0% | * lr=9.7e-03
| Epoch   7, time= 19.8s | Train: skip eval | Valid: time=  1.1s loss=1.122, TAw acc= 95.2% | lr=9.5e-03
| Epoch   8, time= 19.8s | Train: skip eval | Valid: time=  1.2s loss=4.898, TAw acc= 61.6% | lr=9.4e-03
| Epoch   9, time= 19.8s | Train: skip eval | Valid: time=  1.1s loss=1.541, TAw acc= 92.6% | lr=9.2e-03
| Epoch  10, time= 19.8s | Train: skip eval | Valid: time=  1.1s loss=4.152, TAw acc= 67.0% | lr=9.1e-03
| Epoch  11, time= 19.9s | Train: skip eval | Valid: time=  1.1s loss=1.091, TAw acc= 96.2% | lr=8.9e-03
| Epoch  12, time= 19.5s | Train: skip eval | Valid: time=  1.1s loss=1.022, TAw acc= 96.6% | lr=8.7e-03
| Epoch  13, time= 19.9s | Train: skip eval | Valid: time=  1.1s loss=0.822, TAw acc= 97.2% | * lr=8.4e-03
| Epoch  14, time= 19.9s | Train: skip eval | Valid: time=  1.2s loss=1.025, TAw acc= 97.8% | lr=8.2e-03
| Epoch  15, time= 19.6s | Train: skip eval | Valid: time=  1.1s loss=0.801, TAw acc= 97.2% | * lr=8.0e-03
| Epoch  16, time= 19.9s | Train: skip eval | Valid: time=  1.1s loss=0.900, TAw acc= 97.8% | lr=7.7e-03
| Epoch  17, time= 19.9s | Train: skip eval | Valid: time=  1.1s loss=0.722, TAw acc= 97.4% | * lr=7.4e-03
| Epoch  18, time= 19.7s | Train: skip eval | Valid: time=  1.1s loss=0.892, TAw acc= 97.2% | lr=7.2e-03
| Epoch  19, time= 19.9s | Train: skip eval | Valid: time=  1.1s loss=0.786, TAw acc= 96.8% | lr=6.9e-03
| Epoch  20, time= 19.9s | Train: skip eval | Valid: time=  1.1s loss=0.740, TAw acc= 97.2% | lr=6.6e-03
| Epoch  21, time= 19.6s | Train: skip eval | Valid: time=  1.1s loss=1.244, TAw acc= 89.2% | lr=6.3e-03
| Epoch  22, time= 19.6s | Train: skip eval | Valid: time=  1.1s loss=0.972, TAw acc= 92.4% | lr=6.0e-03
| Epoch  23, time= 19.9s | Train: skip eval | Valid: time=  1.1s loss=0.771, TAw acc= 97.4% | lr=5.7e-03
| Epoch  24, time= 20.0s | Train: skip eval | Valid: time=  1.2s loss=0.719, TAw acc= 97.8% | * lr=5.4e-03
| Epoch  25, time= 20.0s | Train: skip eval | Valid: time=  1.1s loss=1.015, TAw acc= 91.4% | lr=5.1e-03
| Epoch  26, time= 20.0s | Train: skip eval | Valid: time=  1.1s loss=0.720, TAw acc= 97.8% | lr=4.7e-03
| Epoch  27, time= 20.0s | Train: skip eval | Valid: time=  1.1s loss=0.685, TAw acc= 97.6% | * lr=4.4e-03
| Epoch  28, time= 20.0s | Train: skip eval | Valid: time=  1.1s loss=0.695, TAw acc= 97.4% | lr=4.1e-03
| Epoch  29, time= 19.8s | Train: skip eval | Valid: time=  1.1s loss=0.674, TAw acc= 97.2% | * lr=3.8e-03
| Epoch  30, time= 20.0s | Train: skip eval | Valid: time=  1.1s loss=0.667, TAw acc= 97.6% | * lr=3.5e-03
| Epoch  31, time= 19.7s | Train: skip eval | Valid: time=  1.1s loss=0.681, TAw acc= 98.0% | lr=3.2e-03
| Epoch  32, time= 19.9s | Train: skip eval | Valid: time=  1.1s loss=0.662, TAw acc= 97.8% | * lr=2.9e-03
| Epoch  33, time= 20.0s | Train: skip eval | Valid: time=  1.1s loss=0.657, TAw acc= 97.4% | * lr=2.7e-03
| Epoch  34, time= 19.6s | Train: skip eval | Valid: time=  1.1s loss=0.666, TAw acc= 96.8% | lr=2.4e-03
| Epoch  35, time= 20.0s | Train: skip eval | Valid: time=  1.1s loss=0.685, TAw acc= 97.0% | lr=2.1e-03
| Epoch  36, time= 19.7s | Train: skip eval | Valid: time=  1.1s loss=0.654, TAw acc= 98.2% | * lr=1.9e-03
| Epoch  37, time= 19.5s | Train: skip eval | Valid: time=  1.1s loss=0.658, TAw acc= 97.2% | lr=1.7e-03
| Epoch  38, time= 19.9s | Train: skip eval | Valid: time=  1.1s loss=0.652, TAw acc= 97.6% | * lr=1.4e-03
| Epoch  39, time= 19.9s | Train: skip eval | Valid: time=  1.1s loss=0.654, TAw acc= 97.8% | lr=1.2e-03
| Epoch  40, time= 19.8s | Train: skip eval | Valid: time=  1.1s loss=0.658, TAw acc= 97.8% | lr=1.0e-03
| Epoch  41, time= 19.5s | Train: skip eval | Valid: time=  1.1s loss=0.652, TAw acc= 97.8% | * lr=8.7e-04
| Epoch  42, time= 20.0s | Train: skip eval | Valid: time=  1.1s loss=0.645, TAw acc= 97.6% | * lr=7.1e-04
| Epoch  43, time= 20.1s | Train: skip eval | Valid: time=  1.1s loss=0.643, TAw acc= 98.0% | * lr=5.7e-04
| Epoch  44, time= 19.8s | Train: skip eval | Valid: time=  1.1s loss=0.645, TAw acc= 97.8% | lr=4.5e-04
| Epoch  45, time= 19.8s | Train: skip eval | Valid: time=  1.1s loss=0.645, TAw acc= 98.0% | lr=3.4e-04
| Epoch  46, time= 19.9s | Train: skip eval | Valid: time=  1.1s loss=0.643, TAw acc= 98.0% | * lr=2.6e-04
| Epoch  47, time= 20.0s | Train: skip eval | Valid: time=  1.1s loss=0.643, TAw acc= 97.8% | * lr=1.9e-04
| Epoch  48, time= 20.0s | Train: skip eval | Valid: time=  1.1s loss=0.643, TAw acc= 97.8% | lr=1.4e-04
| Epoch  49, time= 20.0s | Train: skip eval | Valid: time=  1.1s loss=0.642, TAw acc= 97.8% | * lr=1.1e-04
| Epoch  50, time= 19.8s | Train: skip eval | Valid: time=  1.1s loss=0.642, TAw acc= 97.8% | lr=1.0e-04
| Selected 2000 train exemplars, time=  0.1s
------------------------------------------------------------------------------------------------------------
>>> Test on task  0 : loss=1.303 | TAw acc= 95.9%, forg=  1.0% | TAg acc= 70.5%, forg= 26.4% <<<
>>> Test on task  1 : loss=0.774 | TAw acc= 98.3%, forg=  0.3% | TAg acc= 84.5%, forg=  6.7% <<<
>>> Test on task  2 : loss=0.921 | TAw acc= 98.0%, forg=  0.3% | TAg acc= 82.5%, forg= 11.0% <<<
>>> Test on task  3 : loss=1.162 | TAw acc= 95.6%, forg= -0.3% | TAg acc= 77.0%, forg= 10.9% <<<
>>> Test on task  4 : loss=0.927 | TAw acc= 97.8%, forg=  0.0% | TAg acc= 79.0%, forg= 14.3% <<<
>>> Test on task  5 : loss=0.884 | TAw acc= 93.2%, forg=  1.1% | TAg acc= 73.8%, forg= 16.8% <<<
>>> Test on task  6 : loss=0.771 | TAw acc= 95.7%, forg= -0.3% | TAg acc= 84.8%, forg=  4.2% <<<
>>> Test on task  7 : loss=0.470 | TAw acc= 96.8%, forg=  0.0% | TAg acc= 92.7%, forg=  0.0% <<<
Save at ./results/./results/resnetv2_101x1_bit.goog_in21k/cifar100/lucir/10
************************************************************************************************************
TAw Acc
	 96.9%   0.0%   0.0%   0.0%   0.0%   0.0%   0.0%   0.0%   0.0%   0.0% 	Avg.: 96.9% 
	 96.8%  98.0%   0.0%   0.0%   0.0%   0.0%   0.0%   0.0%   0.0%   0.0% 	Avg.: 97.4% 
	 96.2%  98.2%  97.4%   0.0%   0.0%   0.0%   0.0%   0.0%   0.0%   0.0% 	Avg.: 97.3% 
	 96.6%  98.6%  98.3%  94.0%   0.0%   0.0%   0.0%   0.0%   0.0%   0.0% 	Avg.: 96.9% 
	 96.7%  98.6%  98.1%  94.8%  97.2%   0.0%   0.0%   0.0%   0.0%   0.0% 	Avg.: 97.1% 
	 96.3%  98.3%  98.2%  95.2%  97.8%  94.3%   0.0%   0.0%   0.0%   0.0% 	Avg.: 96.7% 
	 95.9%  98.3%  98.1%  95.3%  97.7%  93.8%  95.4%   0.0%   0.0%   0.0% 	Avg.: 96.4% 
	 95.9%  98.3%  98.0%  95.6%  97.8%  93.2%  95.7%  96.8%   0.0%   0.0% 	Avg.: 96.4% 
	  0.0%   0.0%   0.0%   0.0%   0.0%   0.0%   0.0%   0.0%   0.0%   0.0% 	Avg.:  0.0% 
	  0.0%   0.0%   0.0%   0.0%   0.0%   0.0%   0.0%   0.0%   0.0%   0.0% 	Avg.:  0.0% 
************************************************************************************************************
TAg Acc
	 96.9%   0.0%   0.0%   0.0%   0.0%   0.0%   0.0%   0.0%   0.0%   0.0% 	Avg.: 96.9% 
	 95.0%  91.1%   0.0%   0.0%   0.0%   0.0%   0.0%   0.0%   0.0%   0.0% 	Avg.: 93.1% 
	 91.6%  91.2%  92.2%   0.0%   0.0%   0.0%   0.0%   0.0%   0.0%   0.0% 	Avg.: 91.7% 
	 90.9%  90.3%  93.5%  87.9%   0.0%   0.0%   0.0%   0.0%   0.0%   0.0% 	Avg.: 90.7% 
	 85.8%  88.9%  91.1%  86.3%  93.3%   0.0%   0.0%   0.0%   0.0%   0.0% 	Avg.: 89.1% 
	 74.1%  86.3%  88.0%  81.3%  89.7%  90.6%   0.0%   0.0%   0.0%   0.0% 	Avg.: 85.0% 
	 74.2%  85.0%  85.8%  79.2%  81.3%  85.6%  89.0%   0.0%   0.0%   0.0% 	Avg.: 82.9% 
	 70.5%  84.5%  82.5%  77.0%  79.0%  73.8%  84.8%  92.7%   0.0%   0.0% 	Avg.: 80.6% 
	  0.0%   0.0%   0.0%   0.0%   0.0%   0.0%   0.0%   0.0%   0.0%   0.0% 	Avg.:  0.0% 
	  0.0%   0.0%   0.0%   0.0%   0.0%   0.0%   0.0%   0.0%   0.0%   0.0% 	Avg.:  0.0% 
************************************************************************************************************
TAw Forg
	  0.0%   0.0%   0.0%   0.0%   0.0%   0.0%   0.0%   0.0%   0.0%   0.0% 
	  0.1%   0.0%   0.0%   0.0%   0.0%   0.0%   0.0%   0.0%   0.0%   0.0% 	Avg.:  0.1% 
	  0.7%  -0.2%   0.0%   0.0%   0.0%   0.0%   0.0%   0.0%   0.0%   0.0% 	Avg.:  0.2% 
	  0.3%  -0.4%  -0.9%   0.0%   0.0%   0.0%   0.0%   0.0%   0.0%   0.0% 	Avg.: -0.3% 
	  0.2%   0.0%   0.2%  -0.8%   0.0%   0.0%   0.0%   0.0%   0.0%   0.0% 	Avg.: -0.1% 
	  0.6%   0.3%   0.1%  -0.4%  -0.6%   0.0%   0.0%   0.0%   0.0%   0.0% 	Avg.: -0.0% 
	  1.0%   0.3%   0.2%  -0.1%   0.1%   0.5%   0.0%   0.0%   0.0%   0.0% 	Avg.:  0.3% 
	  1.0%   0.3%   0.3%  -0.3%   0.0%   1.1%  -0.3%   0.0%   0.0%   0.0% 	Avg.:  0.3% 
	  0.0%   0.0%   0.0%   0.0%   0.0%   0.0%   0.0%   0.0%   0.0%   0.0% 	Avg.:  0.0% 
	  0.0%   0.0%   0.0%   0.0%   0.0%   0.0%   0.0%   0.0%   0.0%   0.0% 	Avg.:  0.0% 
************************************************************************************************************
TAg Forg
	  0.0%   0.0%   0.0%   0.0%   0.0%   0.0%   0.0%   0.0%   0.0%   0.0% 
	  1.9%   0.0%   0.0%   0.0%   0.0%   0.0%   0.0%   0.0%   0.0%   0.0% 	Avg.:  1.9% 
	  5.3%  -0.1%   0.0%   0.0%   0.0%   0.0%   0.0%   0.0%   0.0%   0.0% 	Avg.:  2.6% 
	  6.0%   0.9%  -1.3%   0.0%   0.0%   0.0%   0.0%   0.0%   0.0%   0.0% 	Avg.:  1.9% 
	 11.1%   2.3%   2.4%   1.6%   0.0%   0.0%   0.0%   0.0%   0.0%   0.0% 	Avg.:  4.4% 
	 22.8%   4.9%   5.5%   6.6%   3.6%   0.0%   0.0%   0.0%   0.0%   0.0% 	Avg.:  8.7% 
	 22.7%   6.2%   7.7%   8.7%  12.0%   5.0%   0.0%   0.0%   0.0%   0.0% 	Avg.: 10.4% 
	 26.4%   6.7%  11.0%  10.9%  14.3%  16.8%   4.2%   0.0%   0.0%   0.0% 	Avg.: 12.9% 
	  0.0%   0.0%   0.0%   0.0%   0.0%   0.0%   0.0%   0.0%   0.0%   0.0% 	Avg.:  0.0% 
	  0.0%   0.0%   0.0%   0.0%   0.0%   0.0%   0.0%   0.0%   0.0%   0.0% 	Avg.:  0.0% 
************************************************************************************************************
[Elapsed time = 0.3 h]
Done!
