START_TASK=1 STOP_TASK=2
============================================================================================================
Arguments =
	all_outputs: False
	approach: icarl
	batch_size: 64
	classes_first_task: None
	clipping: 10000
	crop: 224
	data_path: ../data/inat200
	dataset: inat200
	eval_on_train: False
	experiment_path: None
	fix_bn: False
	freeze_backbone: False
	gpu: 0
	gpus: [0]
	increment: 10
	last_layer_analysis: False
	log: ['disk']
	lr: 0.01
	lr_factor: None
	lr_min: 0.0001
	lr_patience: None
	lr_scheduler: cosine
	lr_warmup_epochs: 0
	momentum: 0.0
	multi_softmax: False
	nepochs: 90
	network: resnet50.a1_in1k
	no_cudnn_deterministic: False
	normalize: in1k
	num_workers: 2
	optimizer_name: sgd
	pin_memory: False
	pretrained: True
	resize: 224
	results_path: ./results
	save_models: True
	seed: 0
	start_at_task: 1
	start_epoch: 0
	stop_at_task: 2
	stop_epoch: 0
	use_valid_only: False
	warmup_lr_factor: 1.0
	warmup_nepochs: 0
	weight_decay: 0.0
============================================================================================================
Approach arguments =
	lamb: 1.0
============================================================================================================
Exemplars arguments =
	exemplar_selection: random
	num_exemplars: 4000
============================================================================================================
WARNING: ./results/resnet50.a1_in1k/inat200/icarl/10 already exists!
Loaded acc_taw from: ./results/resnet50.a1_in1k/inat200/icarl/10/acc_taw-0.txt
Loaded acc_tag from: ./results/resnet50.a1_in1k/inat200/icarl/10/acc_tag-0.txt
Loaded forg_taw from: ./results/resnet50.a1_in1k/inat200/icarl/10/forg_taw-0.txt
Loaded forg_tag from: ./results/resnet50.a1_in1k/inat200/icarl/10/forg_tag-0.txt
Loaded 3600 exemplars from ./results/resnet50.a1_in1k/inat200/icarl/10/task0_exemplars.pth
Loaded 10 exemplar means from ./results/resnet50.a1_in1k/inat200/icarl/10/task0_exemplar_means.pth
************************************************************************************************************
Task  1  [epochs 0-90]
************************************************************************************************************
[params] total:23,549,012  trainable:23,549,012  tensors:163  trainable_tensors:163
| Epoch   1, time= 21.5s | Train: skip eval | Valid: time=  1.8s loss=8.794, TAw acc= 57.5% | * lr=1.0e-02
| Epoch   2, time= 24.0s | Train: skip eval | Valid: time=  1.6s loss=8.379, TAw acc= 70.2% | * lr=1.0e-02
| Epoch   3, time= 20.3s | Train: skip eval | Valid: time=  1.6s loss=8.049, TAw acc= 73.8% | * lr=1.0e-02
| Epoch   4, time= 23.6s | Train: skip eval | Valid: time=  1.8s loss=7.791, TAw acc= 74.0% | * lr=1.0e-02
| Epoch   5, time= 29.4s | Train: skip eval | Valid: time=  3.3s loss=7.617, TAw acc= 74.5% | * lr=9.9e-03
| Epoch   6, time= 22.1s | Train: skip eval | Valid: time=  1.7s loss=7.456, TAw acc= 75.2% | * lr=9.9e-03
| Epoch   7, time= 21.0s | Train: skip eval | Valid: time=  1.9s loss=7.307, TAw acc= 76.2% | * lr=9.9e-03
| Epoch   8, time= 24.5s | Train: skip eval | Valid: time=  1.9s loss=7.235, TAw acc= 76.2% | * lr=9.8e-03
| Epoch   9, time= 21.7s | Train: skip eval | Valid: time=  1.5s loss=7.126, TAw acc= 78.2% | * lr=9.8e-03
| Epoch  10, time= 21.8s | Train: skip eval | Valid: time=  1.7s loss=7.067, TAw acc= 76.2% | * lr=9.7e-03
| Epoch  11, time= 20.8s | Train: skip eval | Valid: time=  1.5s loss=6.993, TAw acc= 78.5% | * lr=9.6e-03
| Epoch  12, time= 22.1s | Train: skip eval | Valid: time=  1.5s loss=6.950, TAw acc= 78.0% | * lr=9.6e-03
| Epoch  13, time= 23.7s | Train: skip eval | Valid: time=  1.5s loss=6.908, TAw acc= 78.5% | * lr=9.5e-03
| Epoch  14, time= 20.5s | Train: skip eval | Valid: time=  1.7s loss=6.877, TAw acc= 79.2% | * lr=9.4e-03
| Epoch  15, time= 34.3s | Train: skip eval | Valid: time=  1.5s loss=6.834, TAw acc= 79.0% | * lr=9.3e-03
| Epoch  16, time= 23.1s | Train: skip eval | Valid: time=  1.5s loss=6.910, TAw acc= 78.0% | lr=9.2e-03
| Epoch  17, time= 24.9s | Train: skip eval | Valid: time=  2.6s loss=6.793, TAw acc= 79.8% | * lr=9.2e-03
| Epoch  18, time= 29.9s | Train: skip eval | Valid: time=  1.5s loss=6.786, TAw acc= 80.0% | * lr=9.1e-03
| Epoch  19, time= 20.8s | Train: skip eval | Valid: time=  1.5s loss=6.774, TAw acc= 80.0% | * lr=9.0e-03
| Epoch  20, time= 21.7s | Train: skip eval | Valid: time=  1.5s loss=6.779, TAw acc= 80.2% | lr=8.8e-03
| Epoch  21, time= 23.9s | Train: skip eval | Valid: time=  1.5s loss=6.718, TAw acc= 81.2% | * lr=8.7e-03
| Epoch  22, time= 20.0s | Train: skip eval | Valid: time=  1.5s loss=6.714, TAw acc= 80.8% | * lr=8.6e-03
| Epoch  23, time= 22.5s | Train: skip eval | Valid: time=  1.5s loss=6.689, TAw acc= 81.2% | * lr=8.5e-03
| Epoch  24, time= 23.6s | Train: skip eval | Valid: time=  1.5s loss=6.684, TAw acc= 80.0% | * lr=8.4e-03
| Epoch  25, time= 19.0s | Train: skip eval | Valid: time=  1.5s loss=6.767, TAw acc= 78.2% | lr=8.2e-03
| Epoch  26, time= 23.4s | Train: skip eval | Valid: time=  1.5s loss=6.655, TAw acc= 82.0% | * lr=8.1e-03
| Epoch  27, time= 21.7s | Train: skip eval | Valid: time=  1.5s loss=6.674, TAw acc= 80.8% | lr=8.0e-03
| Epoch  28, time= 21.7s | Train: skip eval | Valid: time=  1.5s loss=6.663, TAw acc= 82.8% | lr=7.8e-03
| Epoch  29, time= 23.3s | Train: skip eval | Valid: time=  1.5s loss=6.636, TAw acc= 81.8% | * lr=7.7e-03
| Epoch  30, time= 21.9s | Train: skip eval | Valid: time=  1.5s loss=6.644, TAw acc= 83.0% | lr=7.5e-03
| Epoch  31, time= 20.7s | Train: skip eval | Valid: time=  2.0s loss=6.620, TAw acc= 82.2% | * lr=7.4e-03
| Epoch  32, time= 20.9s | Train: skip eval | Valid: time=  1.5s loss=6.606, TAw acc= 82.0% | * lr=7.2e-03
| Epoch  33, time= 20.0s | Train: skip eval | Valid: time=  1.5s loss=6.628, TAw acc= 81.8% | lr=7.1e-03
| Epoch  34, time= 21.3s | Train: skip eval | Valid: time=  1.5s loss=6.626, TAw acc= 82.0% | lr=6.9e-03
| Epoch  35, time= 20.3s | Train: skip eval | Valid: time=  1.5s loss=6.607, TAw acc= 81.8% | lr=6.7e-03
| Epoch  36, time= 21.7s | Train: skip eval | Valid: time=  1.5s loss=6.599, TAw acc= 83.2% | * lr=6.6e-03
| Epoch  37, time= 22.4s | Train: skip eval | Valid: time=  1.5s loss=6.604, TAw acc= 82.5% | lr=6.4e-03
| Epoch  38, time= 22.4s | Train: skip eval | Valid: time=  2.0s loss=6.601, TAw acc= 82.5% | lr=6.2e-03
| Epoch  39, time= 19.2s | Train: skip eval | Valid: time=  1.4s loss=6.602, TAw acc= 81.5% | lr=6.1e-03
| Epoch  40, time= 19.2s | Train: skip eval | Valid: time=  2.0s loss=6.591, TAw acc= 82.2% | * lr=5.9e-03
| Epoch  41, time= 22.2s | Train: skip eval | Valid: time=  1.5s loss=6.578, TAw acc= 82.2% | * lr=5.7e-03
| Epoch  42, time= 21.4s | Train: skip eval | Valid: time=  1.5s loss=6.574, TAw acc= 83.5% | * lr=5.6e-03
| Epoch  43, time= 22.1s | Train: skip eval | Valid: time=  2.0s loss=6.565, TAw acc= 83.5% | * lr=5.4e-03
| Epoch  44, time= 21.6s | Train: skip eval | Valid: time=  1.5s loss=6.570, TAw acc= 82.5% | lr=5.2e-03
| Epoch  45, time= 24.0s | Train: skip eval | Valid: time=  1.5s loss=6.577, TAw acc= 83.0% | lr=5.1e-03
| Epoch  46, time= 20.9s | Train: skip eval | Valid: time=  2.0s loss=6.555, TAw acc= 83.5% | * lr=4.9e-03
| Epoch  47, time= 21.1s | Train: skip eval | Valid: time=  1.5s loss=6.558, TAw acc= 83.5% | lr=4.7e-03
| Epoch  48, time= 21.0s | Train: skip eval | Valid: time=  1.5s loss=6.566, TAw acc= 82.5% | lr=4.5e-03
| Epoch  49, time= 20.5s | Train: skip eval | Valid: time=  1.5s loss=6.562, TAw acc= 82.0% | lr=4.4e-03
| Epoch  50, time= 20.4s | Train: skip eval | Valid: time=  1.5s loss=6.555, TAw acc= 83.2% | lr=4.2e-03
| Epoch  51, time= 20.6s | Train: skip eval | Valid: time=  1.5s loss=6.558, TAw acc= 83.2% | lr=4.0e-03
| Epoch  52, time= 22.5s | Train: skip eval | Valid: time=  1.5s loss=6.549, TAw acc= 83.2% | * lr=3.9e-03
| Epoch  53, time= 19.7s | Train: skip eval | Valid: time=  1.5s loss=6.557, TAw acc= 83.0% | lr=3.7e-03
| Epoch  54, time= 21.2s | Train: skip eval | Valid: time=  1.5s loss=6.539, TAw acc= 82.8% | * lr=3.5e-03
| Epoch  55, time= 21.2s | Train: skip eval | Valid: time=  1.8s loss=6.542, TAw acc= 84.2% | lr=3.4e-03
| Epoch  56, time= 19.8s | Train: skip eval | Valid: time=  1.5s loss=6.542, TAw acc= 83.2% | lr=3.2e-03
| Epoch  57, time= 22.9s | Train: skip eval | Valid: time=  1.7s loss=6.531, TAw acc= 83.0% | * lr=3.0e-03
| Epoch  58, time= 21.4s | Train: skip eval | Valid: time=  1.5s loss=6.540, TAw acc= 83.2% | lr=2.9e-03
| Epoch  59, time= 21.5s | Train: skip eval | Valid: time=  1.5s loss=6.539, TAw acc= 83.2% | lr=2.7e-03
| Epoch  60, time= 20.6s | Train: skip eval | Valid: time=  1.5s loss=6.537, TAw acc= 84.0% | lr=2.6e-03
| Epoch  61, time= 21.7s | Train: skip eval | Valid: time=  1.8s loss=6.534, TAw acc= 83.8% | lr=2.4e-03
| Epoch  62, time= 23.5s | Train: skip eval | Valid: time=  1.5s loss=6.533, TAw acc= 84.0% | lr=2.3e-03
| Epoch  63, time= 23.2s | Train: skip eval | Valid: time=  2.0s loss=6.528, TAw acc= 84.2% | * lr=2.1e-03
| Epoch  64, time= 19.0s | Train: skip eval | Valid: time=  1.5s loss=6.548, TAw acc= 83.2% | lr=2.0e-03
| Epoch  65, time= 19.4s | Train: skip eval | Valid: time=  1.5s loss=6.527, TAw acc= 84.8% | * lr=1.9e-03
| Epoch  66, time= 21.3s | Train: skip eval | Valid: time=  1.5s loss=6.551, TAw acc= 83.2% | lr=1.7e-03
| Epoch  67, time= 21.1s | Train: skip eval | Valid: time=  1.5s loss=6.532, TAw acc= 84.2% | lr=1.6e-03
| Epoch  68, time= 20.0s | Train: skip eval | Valid: time=  2.0s loss=6.533, TAw acc= 83.2% | lr=1.5e-03
| Epoch  69, time= 22.8s | Train: skip eval | Valid: time=  1.5s loss=6.532, TAw acc= 83.5% | lr=1.4e-03
| Epoch  70, time= 21.9s | Train: skip eval | Valid: time=  1.5s loss=6.531, TAw acc= 84.0% | lr=1.3e-03
| Epoch  71, time= 22.3s | Train: skip eval | Valid: time=  1.5s loss=6.528, TAw acc= 84.2% | lr=1.1e-03
| Epoch  72, time= 21.6s | Train: skip eval | Valid: time=  1.5s loss=6.520, TAw acc= 85.0% | * lr=1.0e-03
| Epoch  73, time= 22.6s | Train: skip eval | Valid: time=  1.5s loss=6.523, TAw acc= 84.2% | lr=9.5e-04
| Epoch  74, time= 23.0s | Train: skip eval | Valid: time=  1.5s loss=6.544, TAw acc= 83.2% | lr=8.5e-04
| Epoch  75, time= 23.4s | Train: skip eval | Valid: time=  1.5s loss=6.533, TAw acc= 83.2% | lr=7.6e-04
| Epoch  76, time= 22.1s | Train: skip eval | Valid: time=  1.5s loss=6.533, TAw acc= 82.8% | lr=6.8e-04
| Epoch  77, time= 22.8s | Train: skip eval | Valid: time=  1.5s loss=6.523, TAw acc= 85.0% | lr=6.0e-04
| Epoch  78, time= 21.2s | Train: skip eval | Valid: time=  1.5s loss=6.525, TAw acc= 83.8% | lr=5.3e-04
| Epoch  79, time= 21.3s | Train: skip eval | Valid: time=  1.5s loss=6.538, TAw acc= 84.2% | lr=4.6e-04
| Epoch  80, time= 21.9s | Train: skip eval | Valid: time=  1.5s loss=6.518, TAw acc= 84.2% | * lr=4.0e-04
| Epoch  81, time= 20.7s | Train: skip eval | Valid: time=  1.5s loss=6.517, TAw acc= 84.0% | * lr=3.4e-04
| Epoch  82, time= 22.3s | Train: skip eval | Valid: time=  1.8s loss=6.525, TAw acc= 84.2% | lr=2.9e-04
| Epoch  83, time= 20.4s | Train: skip eval | Valid: time=  1.5s loss=6.526, TAw acc= 83.5% | lr=2.5e-04
| Epoch  84, time= 20.0s | Train: skip eval | Valid: time=  1.5s loss=6.522, TAw acc= 84.5% | lr=2.1e-04
| Epoch  85, time= 20.3s | Train: skip eval | Valid: time=  1.6s loss=6.519, TAw acc= 84.5% | lr=1.8e-04
| Epoch  86, time= 23.6s | Train: skip eval | Valid: time=  1.5s loss=6.517, TAw acc= 84.0% | * lr=1.5e-04
| Epoch  87, time= 21.3s | Train: skip eval | Valid: time=  1.5s loss=6.528, TAw acc= 84.2% | lr=1.3e-04
| Epoch  88, time= 23.4s | Train: skip eval | Valid: time=  1.5s loss=6.527, TAw acc= 84.5% | lr=1.1e-04
| Epoch  89, time= 22.5s | Train: skip eval | Valid: time=  1.5s loss=6.516, TAw acc= 84.5% | * lr=1.0e-04
| Epoch  90, time= 19.4s | Train: skip eval | Valid: time=  1.5s loss=6.533, TAw acc= 83.8% | lr=1.0e-04
| Selected 4000 train exemplars, time=  9.3s
------------------------------------------------------------------------------------------------------------
>>> Test on task  0 : loss=0.837 | TAw acc= 80.8%, forg= -5.1% | TAg acc= 73.3%, forg=  2.4% <<<
>>> Test on task  1 : loss=6.424 | TAw acc= 77.8%, forg=  0.0% | TAg acc= 67.0%, forg=  0.0% <<<
Save at ./results/./results/resnet50.a1_in1k/inat200/icarl/10
************************************************************************************************************
TAw Acc
	 75.7%   0.0%   0.0%   0.0%   0.0%   0.0%   0.0%   0.0%   0.0%   0.0%   0.0%   0.0%   0.0%   0.0%   0.0%   0.0%   0.0%   0.0%   0.0%   0.0% 	Avg.: 75.7% 
	 80.8%  77.8%   0.0%   0.0%   0.0%   0.0%   0.0%   0.0%   0.0%   0.0%   0.0%   0.0%   0.0%   0.0%   0.0%   0.0%   0.0%   0.0%   0.0%   0.0% 	Avg.: 79.3% 
	  0.0%   0.0%   0.0%   0.0%   0.0%   0.0%   0.0%   0.0%   0.0%   0.0%   0.0%   0.0%   0.0%   0.0%   0.0%   0.0%   0.0%   0.0%   0.0%   0.0% 	Avg.:  0.0% 
	  0.0%   0.0%   0.0%   0.0%   0.0%   0.0%   0.0%   0.0%   0.0%   0.0%   0.0%   0.0%   0.0%   0.0%   0.0%   0.0%   0.0%   0.0%   0.0%   0.0% 	Avg.:  0.0% 
	  0.0%   0.0%   0.0%   0.0%   0.0%   0.0%   0.0%   0.0%   0.0%   0.0%   0.0%   0.0%   0.0%   0.0%   0.0%   0.0%   0.0%   0.0%   0.0%   0.0% 	Avg.:  0.0% 
	  0.0%   0.0%   0.0%   0.0%   0.0%   0.0%   0.0%   0.0%   0.0%   0.0%   0.0%   0.0%   0.0%   0.0%   0.0%   0.0%   0.0%   0.0%   0.0%   0.0% 	Avg.:  0.0% 
	  0.0%   0.0%   0.0%   0.0%   0.0%   0.0%   0.0%   0.0%   0.0%   0.0%   0.0%   0.0%   0.0%   0.0%   0.0%   0.0%   0.0%   0.0%   0.0%   0.0% 	Avg.:  0.0% 
	  0.0%   0.0%   0.0%   0.0%   0.0%   0.0%   0.0%   0.0%   0.0%   0.0%   0.0%   0.0%   0.0%   0.0%   0.0%   0.0%   0.0%   0.0%   0.0%   0.0% 	Avg.:  0.0% 
	  0.0%   0.0%   0.0%   0.0%   0.0%   0.0%   0.0%   0.0%   0.0%   0.0%   0.0%   0.0%   0.0%   0.0%   0.0%   0.0%   0.0%   0.0%   0.0%   0.0% 	Avg.:  0.0% 
	  0.0%   0.0%   0.0%   0.0%   0.0%   0.0%   0.0%   0.0%   0.0%   0.0%   0.0%   0.0%   0.0%   0.0%   0.0%   0.0%   0.0%   0.0%   0.0%   0.0% 	Avg.:  0.0% 
	  0.0%   0.0%   0.0%   0.0%   0.0%   0.0%   0.0%   0.0%   0.0%   0.0%   0.0%   0.0%   0.0%   0.0%   0.0%   0.0%   0.0%   0.0%   0.0%   0.0% 	Avg.:  0.0% 
	  0.0%   0.0%   0.0%   0.0%   0.0%   0.0%   0.0%   0.0%   0.0%   0.0%   0.0%   0.0%   0.0%   0.0%   0.0%   0.0%   0.0%   0.0%   0.0%   0.0% 	Avg.:  0.0% 
	  0.0%   0.0%   0.0%   0.0%   0.0%   0.0%   0.0%   0.0%   0.0%   0.0%   0.0%   0.0%   0.0%   0.0%   0.0%   0.0%   0.0%   0.0%   0.0%   0.0% 	Avg.:  0.0% 
	  0.0%   0.0%   0.0%   0.0%   0.0%   0.0%   0.0%   0.0%   0.0%   0.0%   0.0%   0.0%   0.0%   0.0%   0.0%   0.0%   0.0%   0.0%   0.0%   0.0% 	Avg.:  0.0% 
	  0.0%   0.0%   0.0%   0.0%   0.0%   0.0%   0.0%   0.0%   0.0%   0.0%   0.0%   0.0%   0.0%   0.0%   0.0%   0.0%   0.0%   0.0%   0.0%   0.0% 	Avg.:  0.0% 
	  0.0%   0.0%   0.0%   0.0%   0.0%   0.0%   0.0%   0.0%   0.0%   0.0%   0.0%   0.0%   0.0%   0.0%   0.0%   0.0%   0.0%   0.0%   0.0%   0.0% 	Avg.:  0.0% 
	  0.0%   0.0%   0.0%   0.0%   0.0%   0.0%   0.0%   0.0%   0.0%   0.0%   0.0%   0.0%   0.0%   0.0%   0.0%   0.0%   0.0%   0.0%   0.0%   0.0% 	Avg.:  0.0% 
	  0.0%   0.0%   0.0%   0.0%   0.0%   0.0%   0.0%   0.0%   0.0%   0.0%   0.0%   0.0%   0.0%   0.0%   0.0%   0.0%   0.0%   0.0%   0.0%   0.0% 	Avg.:  0.0% 
	  0.0%   0.0%   0.0%   0.0%   0.0%   0.0%   0.0%   0.0%   0.0%   0.0%   0.0%   0.0%   0.0%   0.0%   0.0%   0.0%   0.0%   0.0%   0.0%   0.0% 	Avg.:  0.0% 
	  0.0%   0.0%   0.0%   0.0%   0.0%   0.0%   0.0%   0.0%   0.0%   0.0%   0.0%   0.0%   0.0%   0.0%   0.0%   0.0%   0.0%   0.0%   0.0%   0.0% 	Avg.:  0.0% 
************************************************************************************************************
TAg Acc
	 75.7%   0.0%   0.0%   0.0%   0.0%   0.0%   0.0%   0.0%   0.0%   0.0%   0.0%   0.0%   0.0%   0.0%   0.0%   0.0%   0.0%   0.0%   0.0%   0.0% 	Avg.: 75.7% 
	 73.3%  67.0%   0.0%   0.0%   0.0%   0.0%   0.0%   0.0%   0.0%   0.0%   0.0%   0.0%   0.0%   0.0%   0.0%   0.0%   0.0%   0.0%   0.0%   0.0% 	Avg.: 70.2% 
	  0.0%   0.0%   0.0%   0.0%   0.0%   0.0%   0.0%   0.0%   0.0%   0.0%   0.0%   0.0%   0.0%   0.0%   0.0%   0.0%   0.0%   0.0%   0.0%   0.0% 	Avg.:  0.0% 
	  0.0%   0.0%   0.0%   0.0%   0.0%   0.0%   0.0%   0.0%   0.0%   0.0%   0.0%   0.0%   0.0%   0.0%   0.0%   0.0%   0.0%   0.0%   0.0%   0.0% 	Avg.:  0.0% 
	  0.0%   0.0%   0.0%   0.0%   0.0%   0.0%   0.0%   0.0%   0.0%   0.0%   0.0%   0.0%   0.0%   0.0%   0.0%   0.0%   0.0%   0.0%   0.0%   0.0% 	Avg.:  0.0% 
	  0.0%   0.0%   0.0%   0.0%   0.0%   0.0%   0.0%   0.0%   0.0%   0.0%   0.0%   0.0%   0.0%   0.0%   0.0%   0.0%   0.0%   0.0%   0.0%   0.0% 	Avg.:  0.0% 
	  0.0%   0.0%   0.0%   0.0%   0.0%   0.0%   0.0%   0.0%   0.0%   0.0%   0.0%   0.0%   0.0%   0.0%   0.0%   0.0%   0.0%   0.0%   0.0%   0.0% 	Avg.:  0.0% 
	  0.0%   0.0%   0.0%   0.0%   0.0%   0.0%   0.0%   0.0%   0.0%   0.0%   0.0%   0.0%   0.0%   0.0%   0.0%   0.0%   0.0%   0.0%   0.0%   0.0% 	Avg.:  0.0% 
	  0.0%   0.0%   0.0%   0.0%   0.0%   0.0%   0.0%   0.0%   0.0%   0.0%   0.0%   0.0%   0.0%   0.0%   0.0%   0.0%   0.0%   0.0%   0.0%   0.0% 	Avg.:  0.0% 
	  0.0%   0.0%   0.0%   0.0%   0.0%   0.0%   0.0%   0.0%   0.0%   0.0%   0.0%   0.0%   0.0%   0.0%   0.0%   0.0%   0.0%   0.0%   0.0%   0.0% 	Avg.:  0.0% 
	  0.0%   0.0%   0.0%   0.0%   0.0%   0.0%   0.0%   0.0%   0.0%   0.0%   0.0%   0.0%   0.0%   0.0%   0.0%   0.0%   0.0%   0.0%   0.0%   0.0% 	Avg.:  0.0% 
	  0.0%   0.0%   0.0%   0.0%   0.0%   0.0%   0.0%   0.0%   0.0%   0.0%   0.0%   0.0%   0.0%   0.0%   0.0%   0.0%   0.0%   0.0%   0.0%   0.0% 	Avg.:  0.0% 
	  0.0%   0.0%   0.0%   0.0%   0.0%   0.0%   0.0%   0.0%   0.0%   0.0%   0.0%   0.0%   0.0%   0.0%   0.0%   0.0%   0.0%   0.0%   0.0%   0.0% 	Avg.:  0.0% 
	  0.0%   0.0%   0.0%   0.0%   0.0%   0.0%   0.0%   0.0%   0.0%   0.0%   0.0%   0.0%   0.0%   0.0%   0.0%   0.0%   0.0%   0.0%   0.0%   0.0% 	Avg.:  0.0% 
	  0.0%   0.0%   0.0%   0.0%   0.0%   0.0%   0.0%   0.0%   0.0%   0.0%   0.0%   0.0%   0.0%   0.0%   0.0%   0.0%   0.0%   0.0%   0.0%   0.0% 	Avg.:  0.0% 
	  0.0%   0.0%   0.0%   0.0%   0.0%   0.0%   0.0%   0.0%   0.0%   0.0%   0.0%   0.0%   0.0%   0.0%   0.0%   0.0%   0.0%   0.0%   0.0%   0.0% 	Avg.:  0.0% 
	  0.0%   0.0%   0.0%   0.0%   0.0%   0.0%   0.0%   0.0%   0.0%   0.0%   0.0%   0.0%   0.0%   0.0%   0.0%   0.0%   0.0%   0.0%   0.0%   0.0% 	Avg.:  0.0% 
	  0.0%   0.0%   0.0%   0.0%   0.0%   0.0%   0.0%   0.0%   0.0%   0.0%   0.0%   0.0%   0.0%   0.0%   0.0%   0.0%   0.0%   0.0%   0.0%   0.0% 	Avg.:  0.0% 
	  0.0%   0.0%   0.0%   0.0%   0.0%   0.0%   0.0%   0.0%   0.0%   0.0%   0.0%   0.0%   0.0%   0.0%   0.0%   0.0%   0.0%   0.0%   0.0%   0.0% 	Avg.:  0.0% 
	  0.0%   0.0%   0.0%   0.0%   0.0%   0.0%   0.0%   0.0%   0.0%   0.0%   0.0%   0.0%   0.0%   0.0%   0.0%   0.0%   0.0%   0.0%   0.0%   0.0% 	Avg.:  0.0% 
************************************************************************************************************
TAw Forg
	  0.0%   0.0%   0.0%   0.0%   0.0%   0.0%   0.0%   0.0%   0.0%   0.0%   0.0%   0.0%   0.0%   0.0%   0.0%   0.0%   0.0%   0.0%   0.0%   0.0% 
	 -5.1%   0.0%   0.0%   0.0%   0.0%   0.0%   0.0%   0.0%   0.0%   0.0%   0.0%   0.0%   0.0%   0.0%   0.0%   0.0%   0.0%   0.0%   0.0%   0.0% 	Avg.: -5.1% 
	  0.0%   0.0%   0.0%   0.0%   0.0%   0.0%   0.0%   0.0%   0.0%   0.0%   0.0%   0.0%   0.0%   0.0%   0.0%   0.0%   0.0%   0.0%   0.0%   0.0% 	Avg.:  0.0% 
	  0.0%   0.0%   0.0%   0.0%   0.0%   0.0%   0.0%   0.0%   0.0%   0.0%   0.0%   0.0%   0.0%   0.0%   0.0%   0.0%   0.0%   0.0%   0.0%   0.0% 	Avg.:  0.0% 
	  0.0%   0.0%   0.0%   0.0%   0.0%   0.0%   0.0%   0.0%   0.0%   0.0%   0.0%   0.0%   0.0%   0.0%   0.0%   0.0%   0.0%   0.0%   0.0%   0.0% 	Avg.:  0.0% 
	  0.0%   0.0%   0.0%   0.0%   0.0%   0.0%   0.0%   0.0%   0.0%   0.0%   0.0%   0.0%   0.0%   0.0%   0.0%   0.0%   0.0%   0.0%   0.0%   0.0% 	Avg.:  0.0% 
	  0.0%   0.0%   0.0%   0.0%   0.0%   0.0%   0.0%   0.0%   0.0%   0.0%   0.0%   0.0%   0.0%   0.0%   0.0%   0.0%   0.0%   0.0%   0.0%   0.0% 	Avg.:  0.0% 
	  0.0%   0.0%   0.0%   0.0%   0.0%   0.0%   0.0%   0.0%   0.0%   0.0%   0.0%   0.0%   0.0%   0.0%   0.0%   0.0%   0.0%   0.0%   0.0%   0.0% 	Avg.:  0.0% 
	  0.0%   0.0%   0.0%   0.0%   0.0%   0.0%   0.0%   0.0%   0.0%   0.0%   0.0%   0.0%   0.0%   0.0%   0.0%   0.0%   0.0%   0.0%   0.0%   0.0% 	Avg.:  0.0% 
	  0.0%   0.0%   0.0%   0.0%   0.0%   0.0%   0.0%   0.0%   0.0%   0.0%   0.0%   0.0%   0.0%   0.0%   0.0%   0.0%   0.0%   0.0%   0.0%   0.0% 	Avg.:  0.0% 
	  0.0%   0.0%   0.0%   0.0%   0.0%   0.0%   0.0%   0.0%   0.0%   0.0%   0.0%   0.0%   0.0%   0.0%   0.0%   0.0%   0.0%   0.0%   0.0%   0.0% 	Avg.:  0.0% 
	  0.0%   0.0%   0.0%   0.0%   0.0%   0.0%   0.0%   0.0%   0.0%   0.0%   0.0%   0.0%   0.0%   0.0%   0.0%   0.0%   0.0%   0.0%   0.0%   0.0% 	Avg.:  0.0% 
	  0.0%   0.0%   0.0%   0.0%   0.0%   0.0%   0.0%   0.0%   0.0%   0.0%   0.0%   0.0%   0.0%   0.0%   0.0%   0.0%   0.0%   0.0%   0.0%   0.0% 	Avg.:  0.0% 
	  0.0%   0.0%   0.0%   0.0%   0.0%   0.0%   0.0%   0.0%   0.0%   0.0%   0.0%   0.0%   0.0%   0.0%   0.0%   0.0%   0.0%   0.0%   0.0%   0.0% 	Avg.:  0.0% 
	  0.0%   0.0%   0.0%   0.0%   0.0%   0.0%   0.0%   0.0%   0.0%   0.0%   0.0%   0.0%   0.0%   0.0%   0.0%   0.0%   0.0%   0.0%   0.0%   0.0% 	Avg.:  0.0% 
	  0.0%   0.0%   0.0%   0.0%   0.0%   0.0%   0.0%   0.0%   0.0%   0.0%   0.0%   0.0%   0.0%   0.0%   0.0%   0.0%   0.0%   0.0%   0.0%   0.0% 	Avg.:  0.0% 
	  0.0%   0.0%   0.0%   0.0%   0.0%   0.0%   0.0%   0.0%   0.0%   0.0%   0.0%   0.0%   0.0%   0.0%   0.0%   0.0%   0.0%   0.0%   0.0%   0.0% 	Avg.:  0.0% 
	  0.0%   0.0%   0.0%   0.0%   0.0%   0.0%   0.0%   0.0%   0.0%   0.0%   0.0%   0.0%   0.0%   0.0%   0.0%   0.0%   0.0%   0.0%   0.0%   0.0% 	Avg.:  0.0% 
	  0.0%   0.0%   0.0%   0.0%   0.0%   0.0%   0.0%   0.0%   0.0%   0.0%   0.0%   0.0%   0.0%   0.0%   0.0%   0.0%   0.0%   0.0%   0.0%   0.0% 	Avg.:  0.0% 
	  0.0%   0.0%   0.0%   0.0%   0.0%   0.0%   0.0%   0.0%   0.0%   0.0%   0.0%   0.0%   0.0%   0.0%   0.0%   0.0%   0.0%   0.0%   0.0%   0.0% 	Avg.:  0.0% 
************************************************************************************************************
TAg Forg
	  0.0%   0.0%   0.0%   0.0%   0.0%   0.0%   0.0%   0.0%   0.0%   0.0%   0.0%   0.0%   0.0%   0.0%   0.0%   0.0%   0.0%   0.0%   0.0%   0.0% 
	  2.4%   0.0%   0.0%   0.0%   0.0%   0.0%   0.0%   0.0%   0.0%   0.0%   0.0%   0.0%   0.0%   0.0%   0.0%   0.0%   0.0%   0.0%   0.0%   0.0% 	Avg.:  2.4% 
	  0.0%   0.0%   0.0%   0.0%   0.0%   0.0%   0.0%   0.0%   0.0%   0.0%   0.0%   0.0%   0.0%   0.0%   0.0%   0.0%   0.0%   0.0%   0.0%   0.0% 	Avg.:  0.0% 
	  0.0%   0.0%   0.0%   0.0%   0.0%   0.0%   0.0%   0.0%   0.0%   0.0%   0.0%   0.0%   0.0%   0.0%   0.0%   0.0%   0.0%   0.0%   0.0%   0.0% 	Avg.:  0.0% 
	  0.0%   0.0%   0.0%   0.0%   0.0%   0.0%   0.0%   0.0%   0.0%   0.0%   0.0%   0.0%   0.0%   0.0%   0.0%   0.0%   0.0%   0.0%   0.0%   0.0% 	Avg.:  0.0% 
	  0.0%   0.0%   0.0%   0.0%   0.0%   0.0%   0.0%   0.0%   0.0%   0.0%   0.0%   0.0%   0.0%   0.0%   0.0%   0.0%   0.0%   0.0%   0.0%   0.0% 	Avg.:  0.0% 
	  0.0%   0.0%   0.0%   0.0%   0.0%   0.0%   0.0%   0.0%   0.0%   0.0%   0.0%   0.0%   0.0%   0.0%   0.0%   0.0%   0.0%   0.0%   0.0%   0.0% 	Avg.:  0.0% 
	  0.0%   0.0%   0.0%   0.0%   0.0%   0.0%   0.0%   0.0%   0.0%   0.0%   0.0%   0.0%   0.0%   0.0%   0.0%   0.0%   0.0%   0.0%   0.0%   0.0% 	Avg.:  0.0% 
	  0.0%   0.0%   0.0%   0.0%   0.0%   0.0%   0.0%   0.0%   0.0%   0.0%   0.0%   0.0%   0.0%   0.0%   0.0%   0.0%   0.0%   0.0%   0.0%   0.0% 	Avg.:  0.0% 
	  0.0%   0.0%   0.0%   0.0%   0.0%   0.0%   0.0%   0.0%   0.0%   0.0%   0.0%   0.0%   0.0%   0.0%   0.0%   0.0%   0.0%   0.0%   0.0%   0.0% 	Avg.:  0.0% 
	  0.0%   0.0%   0.0%   0.0%   0.0%   0.0%   0.0%   0.0%   0.0%   0.0%   0.0%   0.0%   0.0%   0.0%   0.0%   0.0%   0.0%   0.0%   0.0%   0.0% 	Avg.:  0.0% 
	  0.0%   0.0%   0.0%   0.0%   0.0%   0.0%   0.0%   0.0%   0.0%   0.0%   0.0%   0.0%   0.0%   0.0%   0.0%   0.0%   0.0%   0.0%   0.0%   0.0% 	Avg.:  0.0% 
	  0.0%   0.0%   0.0%   0.0%   0.0%   0.0%   0.0%   0.0%   0.0%   0.0%   0.0%   0.0%   0.0%   0.0%   0.0%   0.0%   0.0%   0.0%   0.0%   0.0% 	Avg.:  0.0% 
	  0.0%   0.0%   0.0%   0.0%   0.0%   0.0%   0.0%   0.0%   0.0%   0.0%   0.0%   0.0%   0.0%   0.0%   0.0%   0.0%   0.0%   0.0%   0.0%   0.0% 	Avg.:  0.0% 
	  0.0%   0.0%   0.0%   0.0%   0.0%   0.0%   0.0%   0.0%   0.0%   0.0%   0.0%   0.0%   0.0%   0.0%   0.0%   0.0%   0.0%   0.0%   0.0%   0.0% 	Avg.:  0.0% 
	  0.0%   0.0%   0.0%   0.0%   0.0%   0.0%   0.0%   0.0%   0.0%   0.0%   0.0%   0.0%   0.0%   0.0%   0.0%   0.0%   0.0%   0.0%   0.0%   0.0% 	Avg.:  0.0% 
	  0.0%   0.0%   0.0%   0.0%   0.0%   0.0%   0.0%   0.0%   0.0%   0.0%   0.0%   0.0%   0.0%   0.0%   0.0%   0.0%   0.0%   0.0%   0.0%   0.0% 	Avg.:  0.0% 
	  0.0%   0.0%   0.0%   0.0%   0.0%   0.0%   0.0%   0.0%   0.0%   0.0%   0.0%   0.0%   0.0%   0.0%   0.0%   0.0%   0.0%   0.0%   0.0%   0.0% 	Avg.:  0.0% 
	  0.0%   0.0%   0.0%   0.0%   0.0%   0.0%   0.0%   0.0%   0.0%   0.0%   0.0%   0.0%   0.0%   0.0%   0.0%   0.0%   0.0%   0.0%   0.0%   0.0% 	Avg.:  0.0% 
	  0.0%   0.0%   0.0%   0.0%   0.0%   0.0%   0.0%   0.0%   0.0%   0.0%   0.0%   0.0%   0.0%   0.0%   0.0%   0.0%   0.0%   0.0%   0.0%   0.0% 	Avg.:  0.0% 
************************************************************************************************************
[Elapsed time = 0.6 h]
Done!
