START_TASK=15 STOP_TASK=16
============================================================================================================
Arguments =
	all_outputs: False
	approach: icarl
	batch_size: 64
	classes_first_task: None
	clipping: 10000
	crop: 224
	data_path: ../data/inat200
	dataset: inat200
	eval_on_train: False
	experiment_path: None
	fix_bn: False
	freeze_backbone: False
	gpu: 0
	gpus: [0]
	increment: 10
	last_layer_analysis: False
	log: ['disk']
	lr: 0.01
	lr_factor: None
	lr_min: 0.0001
	lr_patience: None
	lr_scheduler: cosine
	lr_warmup_epochs: 0
	momentum: 0.0
	multi_softmax: False
	nepochs: 90
	network: resnet50.a1_in1k
	no_cudnn_deterministic: False
	normalize: in1k
	num_workers: 2
	optimizer_name: sgd
	pin_memory: False
	pretrained: True
	resize: 224
	results_path: ./results
	save_models: True
	seed: 0
	start_at_task: 15
	start_epoch: 0
	stop_at_task: 16
	stop_epoch: 0
	use_valid_only: False
	warmup_lr_factor: 1.0
	warmup_nepochs: 0
	weight_decay: 0.0
============================================================================================================
Approach arguments =
	lamb: 1.0
============================================================================================================
Exemplars arguments =
	exemplar_selection: random
	num_exemplars: 4000
============================================================================================================
WARNING: ./results/resnet50.a1_in1k/inat200/icarl/10 already exists!
Loaded acc_taw from: ./results/resnet50.a1_in1k/inat200/icarl/10/acc_taw-14.txt
Loaded acc_tag from: ./results/resnet50.a1_in1k/inat200/icarl/10/acc_tag-14.txt
Loaded forg_taw from: ./results/resnet50.a1_in1k/inat200/icarl/10/forg_taw-14.txt
Loaded forg_tag from: ./results/resnet50.a1_in1k/inat200/icarl/10/forg_tag-14.txt
Loaded 4050 exemplars from ./results/resnet50.a1_in1k/inat200/icarl/10/task14_exemplars.pth
Loaded 150 exemplar means from ./results/resnet50.a1_in1k/inat200/icarl/10/task14_exemplar_means.pth
************************************************************************************************************
Task 15  [epochs 0-90]
************************************************************************************************************
[params] total:23,835,872  trainable:23,835,872  tensors:191  trainable_tensors:191
| Epoch   1, time= 23.4s | Train: skip eval | Valid: time=  1.8s loss=47.350, TAw acc= 78.2% | * lr=1.0e-02
| Epoch   2, time= 22.5s | Train: skip eval | Valid: time=  1.6s loss=43.518, TAw acc= 78.8% | * lr=1.0e-02
| Epoch   3, time= 25.3s | Train: skip eval | Valid: time=  1.9s loss=42.639, TAw acc= 81.0% | * lr=1.0e-02
| Epoch   4, time= 23.7s | Train: skip eval | Valid: time=  1.7s loss=42.526, TAw acc= 82.2% | * lr=1.0e-02
| Epoch   5, time= 23.8s | Train: skip eval | Valid: time=  1.9s loss=42.515, TAw acc= 83.8% | * lr=9.9e-03
| Epoch   6, time= 22.6s | Train: skip eval | Valid: time=  1.6s loss=42.406, TAw acc= 84.2% | * lr=9.9e-03
| Epoch   7, time= 24.0s | Train: skip eval | Valid: time=  1.5s loss=42.394, TAw acc= 84.0% | * lr=9.9e-03
| Epoch   8, time= 22.6s | Train: skip eval | Valid: time=  1.5s loss=42.350, TAw acc= 85.8% | * lr=9.8e-03
| Epoch   9, time= 23.9s | Train: skip eval | Valid: time=  1.9s loss=42.407, TAw acc= 85.8% | lr=9.8e-03
| Epoch  10, time= 21.8s | Train: skip eval | Valid: time=  1.6s loss=42.329, TAw acc= 86.2% | * lr=9.7e-03
| Epoch  11, time= 20.1s | Train: skip eval | Valid: time=  2.0s loss=42.340, TAw acc= 86.0% | lr=9.6e-03
| Epoch  12, time= 23.9s | Train: skip eval | Valid: time=  1.9s loss=42.299, TAw acc= 85.8% | * lr=9.6e-03
| Epoch  13, time= 24.6s | Train: skip eval | Valid: time=  1.6s loss=42.290, TAw acc= 86.2% | * lr=9.5e-03
| Epoch  14, time= 21.7s | Train: skip eval | Valid: time=  1.9s loss=42.283, TAw acc= 86.5% | * lr=9.4e-03
| Epoch  15, time= 23.6s | Train: skip eval | Valid: time=  2.0s loss=42.354, TAw acc= 87.0% | lr=9.3e-03
| Epoch  16, time= 22.5s | Train: skip eval | Valid: time=  1.7s loss=42.315, TAw acc= 86.8% | lr=9.2e-03
| Epoch  17, time= 23.0s | Train: skip eval | Valid: time=  1.5s loss=42.262, TAw acc= 87.2% | * lr=9.2e-03
| Epoch  18, time= 24.0s | Train: skip eval | Valid: time=  1.6s loss=42.319, TAw acc= 86.8% | lr=9.1e-03
| Epoch  19, time= 24.2s | Train: skip eval | Valid: time=  1.6s loss=42.302, TAw acc= 87.2% | lr=9.0e-03
| Epoch  20, time= 23.5s | Train: skip eval | Valid: time=  1.7s loss=42.262, TAw acc= 87.0% | lr=8.8e-03
| Epoch  21, time= 20.3s | Train: skip eval | Valid: time=  2.0s loss=42.319, TAw acc= 87.5% | lr=8.7e-03
| Epoch  22, time= 23.8s | Train: skip eval | Valid: time=  1.5s loss=42.306, TAw acc= 87.0% | lr=8.6e-03
| Epoch  23, time= 21.7s | Train: skip eval | Valid: time=  1.6s loss=42.354, TAw acc= 86.8% | lr=8.5e-03
| Epoch  24, time= 22.9s | Train: skip eval | Valid: time=  1.6s loss=42.300, TAw acc= 86.5% | lr=8.4e-03
| Epoch  25, time= 22.0s | Train: skip eval | Valid: time=  1.5s loss=42.244, TAw acc= 87.5% | * lr=8.2e-03
| Epoch  26, time= 22.2s | Train: skip eval | Valid: time=  1.6s loss=42.231, TAw acc= 87.0% | * lr=8.1e-03
| Epoch  27, time= 22.9s | Train: skip eval | Valid: time=  1.5s loss=42.262, TAw acc= 88.0% | lr=8.0e-03
| Epoch  28, time= 20.6s | Train: skip eval | Valid: time=  1.5s loss=42.232, TAw acc= 87.2% | lr=7.8e-03
| Epoch  29, time= 20.9s | Train: skip eval | Valid: time=  1.5s loss=42.228, TAw acc= 87.0% | * lr=7.7e-03
| Epoch  30, time= 21.1s | Train: skip eval | Valid: time=  1.6s loss=42.211, TAw acc= 88.0% | * lr=7.5e-03
| Epoch  31, time= 21.9s | Train: skip eval | Valid: time=  2.0s loss=42.227, TAw acc= 87.2% | lr=7.4e-03
| Epoch  32, time= 21.9s | Train: skip eval | Valid: time=  1.9s loss=42.222, TAw acc= 87.5% | lr=7.2e-03
| Epoch  33, time= 23.9s | Train: skip eval | Valid: time=  1.7s loss=42.200, TAw acc= 87.8% | * lr=7.1e-03
| Epoch  34, time= 22.7s | Train: skip eval | Valid: time=  1.6s loss=42.230, TAw acc= 88.2% | lr=6.9e-03
| Epoch  35, time= 23.6s | Train: skip eval | Valid: time=  1.6s loss=42.223, TAw acc= 88.0% | lr=6.7e-03
| Epoch  36, time= 24.0s | Train: skip eval | Valid: time=  1.5s loss=42.204, TAw acc= 87.5% | lr=6.6e-03
| Epoch  37, time= 22.9s | Train: skip eval | Valid: time=  1.6s loss=42.215, TAw acc= 87.5% | lr=6.4e-03
| Epoch  38, time= 23.8s | Train: skip eval | Valid: time=  1.6s loss=42.215, TAw acc= 87.2% | lr=6.2e-03
| Epoch  39, time= 20.6s | Train: skip eval | Valid: time=  1.5s loss=42.221, TAw acc= 88.2% | lr=6.1e-03
| Epoch  40, time= 21.8s | Train: skip eval | Valid: time=  1.6s loss=42.246, TAw acc= 88.5% | lr=5.9e-03
| Epoch  41, time= 22.6s | Train: skip eval | Valid: time=  1.5s loss=42.216, TAw acc= 87.8% | lr=5.7e-03
| Epoch  42, time= 22.6s | Train: skip eval | Valid: time=  2.0s loss=42.175, TAw acc= 88.0% | * lr=5.6e-03
| Epoch  43, time= 23.5s | Train: skip eval | Valid: time=  2.0s loss=42.194, TAw acc= 88.2% | lr=5.4e-03
| Epoch  44, time= 20.6s | Train: skip eval | Valid: time=  1.8s loss=42.190, TAw acc= 87.8% | lr=5.2e-03
| Epoch  45, time= 21.5s | Train: skip eval | Valid: time=  1.9s loss=42.186, TAw acc= 87.5% | lr=5.1e-03
| Epoch  46, time= 23.6s | Train: skip eval | Valid: time=  1.5s loss=42.193, TAw acc= 87.2% | lr=4.9e-03
| Epoch  47, time= 24.0s | Train: skip eval | Valid: time=  1.9s loss=42.190, TAw acc= 88.2% | lr=4.7e-03
| Epoch  48, time= 23.6s | Train: skip eval | Valid: time=  1.5s loss=42.181, TAw acc= 88.2% | lr=4.5e-03
| Epoch  49, time= 23.4s | Train: skip eval | Valid: time=  1.8s loss=42.213, TAw acc= 88.8% | lr=4.4e-03
| Epoch  50, time= 22.7s | Train: skip eval | Valid: time=  1.6s loss=42.172, TAw acc= 88.0% | * lr=4.2e-03
| Epoch  51, time= 20.8s | Train: skip eval | Valid: time=  1.5s loss=42.175, TAw acc= 88.5% | lr=4.0e-03
| Epoch  52, time= 21.5s | Train: skip eval | Valid: time=  1.6s loss=42.193, TAw acc= 88.5% | lr=3.9e-03
| Epoch  53, time= 22.2s | Train: skip eval | Valid: time=  1.5s loss=42.196, TAw acc= 87.2% | lr=3.7e-03
| Epoch  54, time= 23.6s | Train: skip eval | Valid: time=  1.5s loss=42.194, TAw acc= 87.8% | lr=3.5e-03
| Epoch  55, time= 24.6s | Train: skip eval | Valid: time=  1.5s loss=42.191, TAw acc= 87.8% | lr=3.4e-03
| Epoch  56, time= 23.6s | Train: skip eval | Valid: time=  1.6s loss=42.165, TAw acc= 88.0% | * lr=3.2e-03
| Epoch  57, time= 22.7s | Train: skip eval | Valid: time=  1.6s loss=42.176, TAw acc= 88.2% | lr=3.0e-03
| Epoch  58, time= 22.9s | Train: skip eval | Valid: time=  2.1s loss=42.165, TAw acc= 87.8% | lr=2.9e-03
| Epoch  59, time= 24.9s | Train: skip eval | Valid: time=  1.7s loss=42.173, TAw acc= 88.0% | lr=2.7e-03
| Epoch  60, time= 23.5s | Train: skip eval | Valid: time=  1.6s loss=42.165, TAw acc= 87.8% | * lr=2.6e-03
| Epoch  61, time= 24.4s | Train: skip eval | Valid: time=  1.8s loss=42.166, TAw acc= 88.8% | lr=2.4e-03
| Epoch  62, time= 22.2s | Train: skip eval | Valid: time=  1.5s loss=42.176, TAw acc= 88.2% | lr=2.3e-03
| Epoch  63, time= 20.4s | Train: skip eval | Valid: time=  1.5s loss=42.180, TAw acc= 87.8% | lr=2.1e-03
| Epoch  64, time= 22.5s | Train: skip eval | Valid: time=  1.7s loss=42.160, TAw acc= 88.5% | * lr=2.0e-03
| Epoch  65, time= 21.5s | Train: skip eval | Valid: time=  1.6s loss=42.163, TAw acc= 88.0% | lr=1.9e-03
| Epoch  66, time= 24.5s | Train: skip eval | Valid: time=  1.5s loss=42.175, TAw acc= 88.0% | lr=1.7e-03
| Epoch  67, time= 24.4s | Train: skip eval | Valid: time=  2.0s loss=42.191, TAw acc= 88.2% | lr=1.6e-03
| Epoch  68, time= 21.6s | Train: skip eval | Valid: time=  1.6s loss=42.169, TAw acc= 87.8% | lr=1.5e-03
| Epoch  69, time= 23.4s | Train: skip eval | Valid: time=  1.6s loss=42.164, TAw acc= 88.2% | lr=1.4e-03
| Epoch  70, time= 23.6s | Train: skip eval | Valid: time=  1.6s loss=42.165, TAw acc= 88.0% | lr=1.3e-03
| Epoch  71, time= 21.9s | Train: skip eval | Valid: time=  1.5s loss=42.175, TAw acc= 88.8% | lr=1.1e-03
| Epoch  72, time= 23.8s | Train: skip eval | Valid: time=  1.6s loss=42.188, TAw acc= 87.8% | lr=1.0e-03
| Epoch  73, time= 24.4s | Train: skip eval | Valid: time=  1.6s loss=42.162, TAw acc= 87.8% | lr=9.5e-04
| Epoch  74, time= 20.4s | Train: skip eval | Valid: time=  1.7s loss=42.166, TAw acc= 87.8% | lr=8.5e-04
| Epoch  75, time= 22.1s | Train: skip eval | Valid: time=  1.7s loss=42.173, TAw acc= 88.0% | lr=7.6e-04
| Epoch  76, time= 23.8s | Train: skip eval | Valid: time=  1.5s loss=42.166, TAw acc= 88.2% | lr=6.8e-04
| Epoch  77, time= 23.8s | Train: skip eval | Valid: time=  1.5s loss=42.180, TAw acc= 88.2% | lr=6.0e-04
| Epoch  78, time= 22.9s | Train: skip eval | Valid: time=  1.5s loss=42.171, TAw acc= 88.5% | lr=5.3e-04
| Epoch  79, time= 24.0s | Train: skip eval | Valid: time=  1.6s loss=42.172, TAw acc= 88.5% | lr=4.6e-04
| Epoch  80, time= 21.1s | Train: skip eval | Valid: time=  1.6s loss=42.160, TAw acc= 88.2% | lr=4.0e-04
| Epoch  81, time= 24.8s | Train: skip eval | Valid: time=  2.1s loss=42.157, TAw acc= 87.5% | * lr=3.4e-04
| Epoch  82, time= 23.1s | Train: skip eval | Valid: time=  1.5s loss=42.146, TAw acc= 88.0% | * lr=2.9e-04
| Epoch  83, time= 22.7s | Train: skip eval | Valid: time=  1.5s loss=42.153, TAw acc= 88.0% | lr=2.5e-04
| Epoch  84, time= 23.5s | Train: skip eval | Valid: time=  1.5s loss=42.167, TAw acc= 88.8% | lr=2.1e-04
| Epoch  85, time= 22.7s | Train: skip eval | Valid: time=  1.5s loss=42.170, TAw acc= 88.2% | lr=1.8e-04
| Epoch  86, time= 23.1s | Train: skip eval | Valid: time=  1.7s loss=42.180, TAw acc= 87.5% | lr=1.5e-04
| Epoch  87, time= 24.4s | Train: skip eval | Valid: time=  1.6s loss=42.155, TAw acc= 87.5% | lr=1.3e-04
| Epoch  88, time= 24.0s | Train: skip eval | Valid: time=  1.5s loss=42.161, TAw acc= 88.0% | lr=1.1e-04
| Epoch  89, time= 23.3s | Train: skip eval | Valid: time=  1.5s loss=42.156, TAw acc= 88.8% | lr=1.0e-04
| Epoch  90, time= 23.0s | Train: skip eval | Valid: time=  1.6s loss=42.156, TAw acc= 88.2% | lr=1.0e-04
| Selected 4000 train exemplars, time=  2.5s
------------------------------------------------------------------------------------------------------------
>>> Test on task  0 : loss=2.840 | TAw acc= 86.7%, forg=  0.6% | TAg acc= 41.7%, forg= 34.0% <<<
>>> Test on task  1 : loss=8.353 | TAw acc= 84.6%, forg= -0.1% | TAg acc= 41.9%, forg= 25.1% <<<
>>> Test on task  2 : loss=12.361 | TAw acc= 86.5%, forg=  0.2% | TAg acc= 55.4%, forg= 13.2% <<<
>>> Test on task  3 : loss=17.848 | TAw acc= 79.9%, forg=  1.1% | TAg acc= 47.3%, forg= 13.2% <<<
>>> Test on task  4 : loss=23.068 | TAw acc= 83.5%, forg= -0.6% | TAg acc= 47.3%, forg= 16.5% <<<
>>> Test on task  5 : loss=26.900 | TAw acc= 77.6%, forg= -0.4% | TAg acc= 36.1%, forg= 15.8% <<<
>>> Test on task  6 : loss=30.499 | TAw acc= 85.9%, forg=  0.4% | TAg acc= 56.7%, forg=  4.8% <<<
>>> Test on task  7 : loss=33.432 | TAw acc= 87.0%, forg= -0.5% | TAg acc= 45.8%, forg=  9.0% <<<
>>> Test on task  8 : loss=35.416 | TAw acc= 81.9%, forg=  1.6% | TAg acc= 51.0%, forg=  4.9% <<<
>>> Test on task  9 : loss=37.419 | TAw acc= 82.4%, forg=  0.3% | TAg acc= 43.0%, forg=  9.4% <<<
>>> Test on task 10 : loss=39.244 | TAw acc= 79.1%, forg=  0.1% | TAg acc= 40.1%, forg=  2.9% <<<
>>> Test on task 11 : loss=40.016 | TAw acc= 81.6%, forg=  0.4% | TAg acc= 41.7%, forg=  4.2% <<<
>>> Test on task 12 : loss=41.548 | TAw acc= 83.9%, forg=  0.2% | TAg acc= 48.0%, forg=  7.8% <<<
>>> Test on task 13 : loss=43.989 | TAw acc= 92.6%, forg=  0.3% | TAg acc= 50.9%, forg=  1.7% <<<
>>> Test on task 14 : loss=44.791 | TAw acc= 87.4%, forg= -0.1% | TAg acc= 50.9%, forg=  0.7% <<<
>>> Test on task 15 : loss=41.812 | TAw acc= 83.4%, forg=  0.0% | TAg acc= 54.1%, forg=  0.0% <<<
Save at ./results/./results/resnet50.a1_in1k/inat200/icarl/10
************************************************************************************************************
TAw Acc
	 75.7%   0.0%   0.0%   0.0%   0.0%   0.0%   0.0%   0.0%   0.0%   0.0%   0.0%   0.0%   0.0%   0.0%   0.0%   0.0%   0.0%   0.0%   0.0%   0.0% 	Avg.: 75.7% 
	 80.8%  77.8%   0.0%   0.0%   0.0%   0.0%   0.0%   0.0%   0.0%   0.0%   0.0%   0.0%   0.0%   0.0%   0.0%   0.0%   0.0%   0.0%   0.0%   0.0% 	Avg.: 79.3% 
	 82.7%  79.9%  82.4%   0.0%   0.0%   0.0%   0.0%   0.0%   0.0%   0.0%   0.0%   0.0%   0.0%   0.0%   0.0%   0.0%   0.0%   0.0%   0.0%   0.0% 	Avg.: 81.7% 
	 84.4%  81.0%  83.9%  79.1%   0.0%   0.0%   0.0%   0.0%   0.0%   0.0%   0.0%   0.0%   0.0%   0.0%   0.0%   0.0%   0.0%   0.0%   0.0%   0.0% 	Avg.: 82.1% 
	 84.7%  80.8%  85.3%  80.1%  81.5%   0.0%   0.0%   0.0%   0.0%   0.0%   0.0%   0.0%   0.0%   0.0%   0.0%   0.0%   0.0%   0.0%   0.0%   0.0% 	Avg.: 82.5% 
	 85.8%  81.8%  86.0%  80.1%  82.2%  75.7%   0.0%   0.0%   0.0%   0.0%   0.0%   0.0%   0.0%   0.0%   0.0%   0.0%   0.0%   0.0%   0.0%   0.0% 	Avg.: 81.9% 
	 86.1%  82.4%  85.8%  81.0%  81.9%  75.0%  85.9%   0.0%   0.0%   0.0%   0.0%   0.0%   0.0%   0.0%   0.0%   0.0%   0.0%   0.0%   0.0%   0.0% 	Avg.: 82.6% 
	 86.2%  83.7%  86.5%  80.7%  81.6%  76.1%  85.2%  85.4%   0.0%   0.0%   0.0%   0.0%   0.0%   0.0%   0.0%   0.0%   0.0%   0.0%   0.0%   0.0% 	Avg.: 83.2% 
	 86.1%  84.5%  86.0%  80.1%  81.6%  75.6%  86.0%  86.3%  82.2%   0.0%   0.0%   0.0%   0.0%   0.0%   0.0%   0.0%   0.0%   0.0%   0.0%   0.0% 	Avg.: 83.2% 
	 86.5%  83.7%  86.2%  81.0%  82.1%  75.6%  86.1%  86.4%  82.5%  82.0%   0.0%   0.0%   0.0%   0.0%   0.0%   0.0%   0.0%   0.0%   0.0%   0.0% 	Avg.: 83.2% 
	 86.5%  84.0%  86.6%  80.7%  82.8%  75.8%  86.0%  86.5%  83.5%  82.2%  77.9%   0.0%   0.0%   0.0%   0.0%   0.0%   0.0%   0.0%   0.0%   0.0% 	Avg.: 83.0% 
	 86.9%  83.9%  86.5%  80.0%  82.9%  76.8%  86.0%  86.4%  83.5%  82.7%  77.7%  81.7%   0.0%   0.0%   0.0%   0.0%   0.0%   0.0%   0.0%   0.0% 	Avg.: 82.9% 
	 86.3%  83.6%  86.7%  79.3%  82.9%  77.0%  86.3%  86.2%  82.7%  82.1%  77.6%  82.0%  83.2%   0.0%   0.0%   0.0%   0.0%   0.0%   0.0%   0.0% 	Avg.: 82.8% 
	 87.3%  83.8%  85.8%  79.7%  82.8%  77.2%  85.9%  85.9%  83.0%  81.5%  78.7%  81.5%  83.5%  92.3%   0.0%   0.0%   0.0%   0.0%   0.0%   0.0% 	Avg.: 83.5% 
	 86.9%  84.1%  86.6%  79.5%  82.6%  77.2%  85.6%  85.7%  82.6%  82.2%  79.2%  80.7%  84.1%  92.9%  87.3%   0.0%   0.0%   0.0%   0.0%   0.0% 	Avg.: 83.8% 
	 86.7%  84.6%  86.5%  79.9%  83.5%  77.6%  85.9%  87.0%  81.9%  82.4%  79.1%  81.6%  83.9%  92.6%  87.4%  83.4%   0.0%   0.0%   0.0%   0.0% 	Avg.: 84.0% 
	  0.0%   0.0%   0.0%   0.0%   0.0%   0.0%   0.0%   0.0%   0.0%   0.0%   0.0%   0.0%   0.0%   0.0%   0.0%   0.0%   0.0%   0.0%   0.0%   0.0% 	Avg.:  0.0% 
	  0.0%   0.0%   0.0%   0.0%   0.0%   0.0%   0.0%   0.0%   0.0%   0.0%   0.0%   0.0%   0.0%   0.0%   0.0%   0.0%   0.0%   0.0%   0.0%   0.0% 	Avg.:  0.0% 
	  0.0%   0.0%   0.0%   0.0%   0.0%   0.0%   0.0%   0.0%   0.0%   0.0%   0.0%   0.0%   0.0%   0.0%   0.0%   0.0%   0.0%   0.0%   0.0%   0.0% 	Avg.:  0.0% 
	  0.0%   0.0%   0.0%   0.0%   0.0%   0.0%   0.0%   0.0%   0.0%   0.0%   0.0%   0.0%   0.0%   0.0%   0.0%   0.0%   0.0%   0.0%   0.0%   0.0% 	Avg.:  0.0% 
************************************************************************************************************
TAg Acc
	 75.7%   0.0%   0.0%   0.0%   0.0%   0.0%   0.0%   0.0%   0.0%   0.0%   0.0%   0.0%   0.0%   0.0%   0.0%   0.0%   0.0%   0.0%   0.0%   0.0% 	Avg.: 75.7% 
	 73.3%  67.0%   0.0%   0.0%   0.0%   0.0%   0.0%   0.0%   0.0%   0.0%   0.0%   0.0%   0.0%   0.0%   0.0%   0.0%   0.0%   0.0%   0.0%   0.0% 	Avg.: 70.2% 
	 67.3%  66.0%  67.5%   0.0%   0.0%   0.0%   0.0%   0.0%   0.0%   0.0%   0.0%   0.0%   0.0%   0.0%   0.0%   0.0%   0.0%   0.0%   0.0%   0.0% 	Avg.: 66.9% 
	 67.7%  62.3%  68.6%  60.5%   0.0%   0.0%   0.0%   0.0%   0.0%   0.0%   0.0%   0.0%   0.0%   0.0%   0.0%   0.0%   0.0%   0.0%   0.0%   0.0% 	Avg.: 64.8% 
	 62.0%  61.9%  66.9%  58.1%  63.8%   0.0%   0.0%   0.0%   0.0%   0.0%   0.0%   0.0%   0.0%   0.0%   0.0%   0.0%   0.0%   0.0%   0.0%   0.0% 	Avg.: 62.5% 
	 56.8%  62.4%  64.3%  54.4%  58.2%  51.9%   0.0%   0.0%   0.0%   0.0%   0.0%   0.0%   0.0%   0.0%   0.0%   0.0%   0.0%   0.0%   0.0%   0.0% 	Avg.: 58.0% 
	 51.8%  58.8%  63.1%  55.2%  58.5%  47.7%  61.5%   0.0%   0.0%   0.0%   0.0%   0.0%   0.0%   0.0%   0.0%   0.0%   0.0%   0.0%   0.0%   0.0% 	Avg.: 56.7% 
	 52.8%  58.6%  61.5%  52.7%  56.1%  47.6%  60.8%  54.8%   0.0%   0.0%   0.0%   0.0%   0.0%   0.0%   0.0%   0.0%   0.0%   0.0%   0.0%   0.0% 	Avg.: 55.6% 
	 51.2%  54.7%  61.0%  53.4%  54.9%  44.8%  61.2%  51.9%  55.9%   0.0%   0.0%   0.0%   0.0%   0.0%   0.0%   0.0%   0.0%   0.0%   0.0%   0.0% 	Avg.: 54.3% 
	 48.5%  52.3%  60.1%  53.4%  54.0%  44.6%  59.4%  50.8%  53.9%  51.5%   0.0%   0.0%   0.0%   0.0%   0.0%   0.0%   0.0%   0.0%   0.0%   0.0% 	Avg.: 52.8% 
	 46.4%  50.4%  58.4%  52.8%  52.7%  44.2%  59.6%  50.7%  53.6%  52.4%  42.4%   0.0%   0.0%   0.0%   0.0%   0.0%   0.0%   0.0%   0.0%   0.0% 	Avg.: 51.2% 
	 45.5%  49.7%  58.1%  51.3%  50.5%  42.9%  59.6%  48.7%  53.5%  50.8%  41.9%  45.9%   0.0%   0.0%   0.0%   0.0%   0.0%   0.0%   0.0%   0.0% 	Avg.: 49.9% 
	 46.3%  49.3%  56.4%  50.5%  50.1%  40.5%  58.6%  46.2%  51.5%  48.5%  43.0%  43.3%  55.8%   0.0%   0.0%   0.0%   0.0%   0.0%   0.0%   0.0% 	Avg.: 49.2% 
	 45.2%  46.6%  54.5%  49.1%  49.0%  37.8%  56.2%  45.5%  51.7%  48.4%  40.8%  41.7%  51.4%  52.6%   0.0%   0.0%   0.0%   0.0%   0.0%   0.0% 	Avg.: 47.9% 
	 42.2%  44.5%  54.9%  47.4%  49.4%  37.6%  55.2%  45.5%  52.0%  43.9%  40.7%  41.9%  50.0%  51.9%  51.6%   0.0%   0.0%   0.0%   0.0%   0.0% 	Avg.: 47.2% 
	 41.7%  41.9%  55.4%  47.3%  47.3%  36.1%  56.7%  45.8%  51.0%  43.0%  40.1%  41.7%  48.0%  50.9%  50.9%  54.1%   0.0%   0.0%   0.0%   0.0% 	Avg.: 47.0% 
	  0.0%   0.0%   0.0%   0.0%   0.0%   0.0%   0.0%   0.0%   0.0%   0.0%   0.0%   0.0%   0.0%   0.0%   0.0%   0.0%   0.0%   0.0%   0.0%   0.0% 	Avg.:  0.0% 
	  0.0%   0.0%   0.0%   0.0%   0.0%   0.0%   0.0%   0.0%   0.0%   0.0%   0.0%   0.0%   0.0%   0.0%   0.0%   0.0%   0.0%   0.0%   0.0%   0.0% 	Avg.:  0.0% 
	  0.0%   0.0%   0.0%   0.0%   0.0%   0.0%   0.0%   0.0%   0.0%   0.0%   0.0%   0.0%   0.0%   0.0%   0.0%   0.0%   0.0%   0.0%   0.0%   0.0% 	Avg.:  0.0% 
	  0.0%   0.0%   0.0%   0.0%   0.0%   0.0%   0.0%   0.0%   0.0%   0.0%   0.0%   0.0%   0.0%   0.0%   0.0%   0.0%   0.0%   0.0%   0.0%   0.0% 	Avg.:  0.0% 
************************************************************************************************************
TAw Forg
	  0.0%   0.0%   0.0%   0.0%   0.0%   0.0%   0.0%   0.0%   0.0%   0.0%   0.0%   0.0%   0.0%   0.0%   0.0%   0.0%   0.0%   0.0%   0.0%   0.0% 
	 -5.1%   0.0%   0.0%   0.0%   0.0%   0.0%   0.0%   0.0%   0.0%   0.0%   0.0%   0.0%   0.0%   0.0%   0.0%   0.0%   0.0%   0.0%   0.0%   0.0% 	Avg.: -5.1% 
	 -1.9%  -2.1%   0.0%   0.0%   0.0%   0.0%   0.0%   0.0%   0.0%   0.0%   0.0%   0.0%   0.0%   0.0%   0.0%   0.0%   0.0%   0.0%   0.0%   0.0% 	Avg.: -2.0% 
	 -1.7%  -1.1%  -1.5%   0.0%   0.0%   0.0%   0.0%   0.0%   0.0%   0.0%   0.0%   0.0%   0.0%   0.0%   0.0%   0.0%   0.0%   0.0%   0.0%   0.0% 	Avg.: -1.4% 
	 -0.3%   0.2%  -1.4%  -1.0%   0.0%   0.0%   0.0%   0.0%   0.0%   0.0%   0.0%   0.0%   0.0%   0.0%   0.0%   0.0%   0.0%   0.0%   0.0%   0.0% 	Avg.: -0.6% 
	 -1.1%  -0.8%  -0.7%   0.0%  -0.7%   0.0%   0.0%   0.0%   0.0%   0.0%   0.0%   0.0%   0.0%   0.0%   0.0%   0.0%   0.0%   0.0%   0.0%   0.0% 	Avg.: -0.7% 
	 -0.3%  -0.6%   0.2%  -0.9%   0.3%   0.7%   0.0%   0.0%   0.0%   0.0%   0.0%   0.0%   0.0%   0.0%   0.0%   0.0%   0.0%   0.0%   0.0%   0.0% 	Avg.: -0.1% 
	 -0.1%  -1.3%  -0.5%   0.3%   0.6%  -0.4%   0.7%   0.0%   0.0%   0.0%   0.0%   0.0%   0.0%   0.0%   0.0%   0.0%   0.0%   0.0%   0.0%   0.0% 	Avg.: -0.1% 
	  0.1%  -0.8%   0.5%   0.9%   0.6%   0.5%  -0.1%  -0.9%   0.0%   0.0%   0.0%   0.0%   0.0%   0.0%   0.0%   0.0%   0.0%   0.0%   0.0%   0.0% 	Avg.:  0.1% 
	 -0.3%   0.8%   0.3%   0.0%   0.1%   0.5%  -0.1%  -0.1%  -0.3%   0.0%   0.0%   0.0%   0.0%   0.0%   0.0%   0.0%   0.0%   0.0%   0.0%   0.0% 	Avg.:  0.1% 
	  0.0%   0.5%  -0.1%   0.3%  -0.6%   0.3%   0.1%  -0.1%  -1.0%  -0.2%   0.0%   0.0%   0.0%   0.0%   0.0%   0.0%   0.0%   0.0%   0.0%   0.0% 	Avg.: -0.1% 
	 -0.4%   0.6%   0.1%   1.0%  -0.1%  -0.7%   0.1%   0.1%   0.0%  -0.5%   0.2%   0.0%   0.0%   0.0%   0.0%   0.0%   0.0%   0.0%   0.0%   0.0% 	Avg.:  0.0% 
	  0.6%   0.9%  -0.1%   1.7%   0.0%  -0.2%  -0.2%   0.3%   0.8%   0.6%   0.3%  -0.3%   0.0%   0.0%   0.0%   0.0%   0.0%   0.0%   0.0%   0.0% 	Avg.:  0.4% 
	 -0.4%   0.7%   0.9%   1.3%   0.1%  -0.2%   0.4%   0.6%   0.5%   1.2%  -0.8%   0.5%  -0.3%   0.0%   0.0%   0.0%   0.0%   0.0%   0.0%   0.0% 	Avg.:  0.3% 
	  0.4%   0.4%   0.1%   1.5%   0.3%   0.0%   0.7%   0.8%   0.9%   0.5%  -0.5%   1.3%  -0.6%  -0.6%   0.0%   0.0%   0.0%   0.0%   0.0%   0.0% 	Avg.:  0.4% 
	  0.6%  -0.1%   0.2%   1.1%  -0.6%  -0.4%   0.4%  -0.5%   1.6%   0.3%   0.1%   0.4%   0.2%   0.3%  -0.1%   0.0%   0.0%   0.0%   0.0%   0.0% 	Avg.:  0.2% 
	  0.0%   0.0%   0.0%   0.0%   0.0%   0.0%   0.0%   0.0%   0.0%   0.0%   0.0%   0.0%   0.0%   0.0%   0.0%   0.0%   0.0%   0.0%   0.0%   0.0% 	Avg.:  0.0% 
	  0.0%   0.0%   0.0%   0.0%   0.0%   0.0%   0.0%   0.0%   0.0%   0.0%   0.0%   0.0%   0.0%   0.0%   0.0%   0.0%   0.0%   0.0%   0.0%   0.0% 	Avg.:  0.0% 
	  0.0%   0.0%   0.0%   0.0%   0.0%   0.0%   0.0%   0.0%   0.0%   0.0%   0.0%   0.0%   0.0%   0.0%   0.0%   0.0%   0.0%   0.0%   0.0%   0.0% 	Avg.:  0.0% 
	  0.0%   0.0%   0.0%   0.0%   0.0%   0.0%   0.0%   0.0%   0.0%   0.0%   0.0%   0.0%   0.0%   0.0%   0.0%   0.0%   0.0%   0.0%   0.0%   0.0% 	Avg.:  0.0% 
************************************************************************************************************
TAg Forg
	  0.0%   0.0%   0.0%   0.0%   0.0%   0.0%   0.0%   0.0%   0.0%   0.0%   0.0%   0.0%   0.0%   0.0%   0.0%   0.0%   0.0%   0.0%   0.0%   0.0% 
	  2.4%   0.0%   0.0%   0.0%   0.0%   0.0%   0.0%   0.0%   0.0%   0.0%   0.0%   0.0%   0.0%   0.0%   0.0%   0.0%   0.0%   0.0%   0.0%   0.0% 	Avg.:  2.4% 
	  8.4%   1.0%   0.0%   0.0%   0.0%   0.0%   0.0%   0.0%   0.0%   0.0%   0.0%   0.0%   0.0%   0.0%   0.0%   0.0%   0.0%   0.0%   0.0%   0.0% 	Avg.:  4.7% 
	  8.0%   4.7%  -1.1%   0.0%   0.0%   0.0%   0.0%   0.0%   0.0%   0.0%   0.0%   0.0%   0.0%   0.0%   0.0%   0.0%   0.0%   0.0%   0.0%   0.0% 	Avg.:  3.9% 
	 13.7%   5.1%   1.7%   2.4%   0.0%   0.0%   0.0%   0.0%   0.0%   0.0%   0.0%   0.0%   0.0%   0.0%   0.0%   0.0%   0.0%   0.0%   0.0%   0.0% 	Avg.:  5.7% 
	 18.9%   4.6%   4.3%   6.1%   5.6%   0.0%   0.0%   0.0%   0.0%   0.0%   0.0%   0.0%   0.0%   0.0%   0.0%   0.0%   0.0%   0.0%   0.0%   0.0% 	Avg.:  7.9% 
	 23.9%   8.2%   5.5%   5.3%   5.3%   4.2%   0.0%   0.0%   0.0%   0.0%   0.0%   0.0%   0.0%   0.0%   0.0%   0.0%   0.0%   0.0%   0.0%   0.0% 	Avg.:  8.7% 
	 22.9%   8.4%   7.1%   7.8%   7.7%   4.3%   0.7%   0.0%   0.0%   0.0%   0.0%   0.0%   0.0%   0.0%   0.0%   0.0%   0.0%   0.0%   0.0%   0.0% 	Avg.:  8.4% 
	 24.5%  12.3%   7.6%   7.1%   8.9%   7.1%   0.3%   2.9%   0.0%   0.0%   0.0%   0.0%   0.0%   0.0%   0.0%   0.0%   0.0%   0.0%   0.0%   0.0% 	Avg.:  8.8% 
	 27.2%  14.7%   8.5%   7.1%   9.8%   7.3%   2.1%   4.0%   2.0%   0.0%   0.0%   0.0%   0.0%   0.0%   0.0%   0.0%   0.0%   0.0%   0.0%   0.0% 	Avg.:  9.2% 
	 29.3%  16.6%  10.2%   7.7%  11.1%   7.7%   1.9%   4.1%   2.3%  -0.9%   0.0%   0.0%   0.0%   0.0%   0.0%   0.0%   0.0%   0.0%   0.0%   0.0% 	Avg.:  9.0% 
	 30.2%  17.3%  10.5%   9.2%  13.3%   9.0%   1.9%   6.1%   2.4%   1.6%   0.5%   0.0%   0.0%   0.0%   0.0%   0.0%   0.0%   0.0%   0.0%   0.0% 	Avg.:  9.3% 
	 29.4%  17.7%  12.2%  10.0%  13.7%  11.4%   2.9%   8.6%   4.4%   3.9%  -0.6%   2.6%   0.0%   0.0%   0.0%   0.0%   0.0%   0.0%   0.0%   0.0% 	Avg.:  9.7% 
	 30.5%  20.4%  14.1%  11.4%  14.8%  14.1%   5.3%   9.3%   4.2%   4.0%   2.2%   4.2%   4.4%   0.0%   0.0%   0.0%   0.0%   0.0%   0.0%   0.0% 	Avg.: 10.7% 
	 33.5%  22.5%  13.7%  13.1%  14.4%  14.3%   6.3%   9.3%   3.9%   8.5%   2.3%   4.0%   5.8%   0.7%   0.0%   0.0%   0.0%   0.0%   0.0%   0.0% 	Avg.: 10.9% 
	 34.0%  25.1%  13.2%  13.2%  16.5%  15.8%   4.8%   9.0%   4.9%   9.4%   2.9%   4.2%   7.8%   1.7%   0.7%   0.0%   0.0%   0.0%   0.0%   0.0% 	Avg.: 10.9% 
	  0.0%   0.0%   0.0%   0.0%   0.0%   0.0%   0.0%   0.0%   0.0%   0.0%   0.0%   0.0%   0.0%   0.0%   0.0%   0.0%   0.0%   0.0%   0.0%   0.0% 	Avg.:  0.0% 
	  0.0%   0.0%   0.0%   0.0%   0.0%   0.0%   0.0%   0.0%   0.0%   0.0%   0.0%   0.0%   0.0%   0.0%   0.0%   0.0%   0.0%   0.0%   0.0%   0.0% 	Avg.:  0.0% 
	  0.0%   0.0%   0.0%   0.0%   0.0%   0.0%   0.0%   0.0%   0.0%   0.0%   0.0%   0.0%   0.0%   0.0%   0.0%   0.0%   0.0%   0.0%   0.0%   0.0% 	Avg.:  0.0% 
	  0.0%   0.0%   0.0%   0.0%   0.0%   0.0%   0.0%   0.0%   0.0%   0.0%   0.0%   0.0%   0.0%   0.0%   0.0%   0.0%   0.0%   0.0%   0.0%   0.0% 	Avg.:  0.0% 
************************************************************************************************************
[Elapsed time = 0.6 h]
Done!
