START_TASK=8 STOP_TASK=9
============================================================================================================
Arguments =
	all_outputs: False
	approach: icarl
	batch_size: 64
	classes_first_task: None
	clipping: 10000
	crop: 224
	data_path: ../data/inat200
	dataset: inat200
	eval_on_train: False
	experiment_path: None
	fix_bn: False
	freeze_backbone: False
	gpu: 0
	gpus: [0]
	increment: 10
	last_layer_analysis: False
	log: ['disk']
	lr: 0.01
	lr_factor: None
	lr_min: 0.0001
	lr_patience: None
	lr_scheduler: cosine
	lr_warmup_epochs: 0
	momentum: 0.0
	multi_softmax: False
	nepochs: 90
	network: resnet50.a1_in1k
	no_cudnn_deterministic: False
	normalize: in1k
	num_workers: 2
	optimizer_name: sgd
	pin_memory: False
	pretrained: True
	resize: 224
	results_path: ./results
	save_models: True
	seed: 0
	start_at_task: 8
	start_epoch: 0
	stop_at_task: 9
	stop_epoch: 0
	use_valid_only: False
	warmup_lr_factor: 1.0
	warmup_nepochs: 0
	weight_decay: 0.0
============================================================================================================
Approach arguments =
	lamb: 1.0
============================================================================================================
Exemplars arguments =
	exemplar_selection: random
	num_exemplars: 4000
============================================================================================================
WARNING: ./results/resnet50.a1_in1k/inat200/icarl/10 already exists!
Loaded acc_taw from: ./results/resnet50.a1_in1k/inat200/icarl/10/acc_taw-7.txt
Loaded acc_tag from: ./results/resnet50.a1_in1k/inat200/icarl/10/acc_tag-7.txt
Loaded forg_taw from: ./results/resnet50.a1_in1k/inat200/icarl/10/forg_taw-7.txt
Loaded forg_tag from: ./results/resnet50.a1_in1k/inat200/icarl/10/forg_tag-7.txt
Loaded 4000 exemplars from ./results/resnet50.a1_in1k/inat200/icarl/10/task7_exemplars.pth
Loaded 80 exemplar means from ./results/resnet50.a1_in1k/inat200/icarl/10/task7_exemplar_means.pth
************************************************************************************************************
Task  8  [epochs 0-90]
************************************************************************************************************
[params] total:23,692,442  trainable:23,692,442  tensors:177  trainable_tensors:177
| Epoch   1, time= 23.4s | Train: skip eval | Valid: time=  1.7s loss=38.477, TAw acc= 77.0% | * lr=1.0e-02
| Epoch   2, time= 23.1s | Train: skip eval | Valid: time=  1.5s loss=35.962, TAw acc= 77.2% | * lr=1.0e-02
| Epoch   3, time= 20.3s | Train: skip eval | Valid: time=  1.5s loss=35.298, TAw acc= 80.5% | * lr=1.0e-02
| Epoch   4, time= 23.8s | Train: skip eval | Valid: time=  1.5s loss=35.092, TAw acc= 81.5% | * lr=1.0e-02
| Epoch   5, time= 23.8s | Train: skip eval | Valid: time=  1.6s loss=35.079, TAw acc= 83.2% | * lr=9.9e-03
| Epoch   6, time= 22.4s | Train: skip eval | Valid: time=  1.5s loss=34.940, TAw acc= 83.5% | * lr=9.9e-03
| Epoch   7, time= 21.0s | Train: skip eval | Valid: time=  1.5s loss=34.872, TAw acc= 83.8% | * lr=9.9e-03
| Epoch   8, time= 22.2s | Train: skip eval | Valid: time=  1.5s loss=34.824, TAw acc= 84.8% | * lr=9.8e-03
| Epoch   9, time= 23.9s | Train: skip eval | Valid: time=  1.5s loss=34.881, TAw acc= 85.8% | lr=9.8e-03
| Epoch  10, time= 23.6s | Train: skip eval | Valid: time=  1.8s loss=34.804, TAw acc= 86.0% | * lr=9.7e-03
| Epoch  11, time= 22.7s | Train: skip eval | Valid: time=  1.6s loss=34.815, TAw acc= 85.5% | lr=9.6e-03
| Epoch  12, time= 20.5s | Train: skip eval | Valid: time=  1.5s loss=34.830, TAw acc= 85.8% | lr=9.6e-03
| Epoch  13, time= 19.9s | Train: skip eval | Valid: time=  1.5s loss=34.812, TAw acc= 85.8% | lr=9.5e-03
| Epoch  14, time= 21.7s | Train: skip eval | Valid: time=  1.5s loss=34.759, TAw acc= 86.2% | * lr=9.4e-03
| Epoch  15, time= 20.4s | Train: skip eval | Valid: time=  1.5s loss=34.726, TAw acc= 86.0% | * lr=9.3e-03
| Epoch  16, time= 22.4s | Train: skip eval | Valid: time=  1.5s loss=34.817, TAw acc= 86.5% | lr=9.2e-03
| Epoch  17, time= 20.3s | Train: skip eval | Valid: time=  2.0s loss=34.748, TAw acc= 87.0% | lr=9.2e-03
| Epoch  18, time= 23.0s | Train: skip eval | Valid: time=  1.5s loss=34.744, TAw acc= 86.0% | lr=9.1e-03
| Epoch  19, time= 21.7s | Train: skip eval | Valid: time=  1.5s loss=34.760, TAw acc= 87.0% | lr=9.0e-03
| Epoch  20, time= 20.4s | Train: skip eval | Valid: time=  1.5s loss=34.735, TAw acc= 85.8% | lr=8.8e-03
| Epoch  21, time= 21.8s | Train: skip eval | Valid: time=  1.8s loss=34.701, TAw acc= 87.5% | * lr=8.7e-03
| Epoch  22, time= 20.1s | Train: skip eval | Valid: time=  1.5s loss=34.699, TAw acc= 87.5% | * lr=8.6e-03
| Epoch  23, time= 22.9s | Train: skip eval | Valid: time=  1.5s loss=34.736, TAw acc= 86.8% | lr=8.5e-03
| Epoch  24, time= 19.7s | Train: skip eval | Valid: time=  1.5s loss=34.720, TAw acc= 87.0% | lr=8.4e-03
| Epoch  25, time= 20.1s | Train: skip eval | Valid: time=  1.5s loss=34.687, TAw acc= 87.0% | * lr=8.2e-03
| Epoch  26, time= 21.7s | Train: skip eval | Valid: time=  1.5s loss=34.702, TAw acc= 87.8% | lr=8.1e-03
| Epoch  27, time= 21.4s | Train: skip eval | Valid: time=  1.5s loss=34.659, TAw acc= 87.0% | * lr=8.0e-03
| Epoch  28, time= 22.4s | Train: skip eval | Valid: time=  1.5s loss=34.697, TAw acc= 87.5% | lr=7.8e-03
| Epoch  29, time= 22.2s | Train: skip eval | Valid: time=  1.5s loss=34.677, TAw acc= 86.8% | lr=7.7e-03
| Epoch  30, time= 20.1s | Train: skip eval | Valid: time=  1.5s loss=34.688, TAw acc= 87.0% | lr=7.5e-03
| Epoch  31, time= 23.1s | Train: skip eval | Valid: time=  1.5s loss=34.681, TAw acc= 87.8% | lr=7.4e-03
| Epoch  32, time= 22.1s | Train: skip eval | Valid: time=  1.5s loss=34.685, TAw acc= 87.8% | lr=7.2e-03
| Epoch  33, time= 20.5s | Train: skip eval | Valid: time=  1.5s loss=34.678, TAw acc= 88.2% | lr=7.1e-03
| Epoch  34, time= 21.1s | Train: skip eval | Valid: time=  1.5s loss=34.708, TAw acc= 87.8% | lr=6.9e-03
| Epoch  35, time= 21.7s | Train: skip eval | Valid: time=  2.0s loss=34.661, TAw acc= 88.5% | lr=6.7e-03
| Epoch  36, time= 23.1s | Train: skip eval | Valid: time=  1.5s loss=34.665, TAw acc= 88.0% | lr=6.6e-03
| Epoch  37, time= 23.2s | Train: skip eval | Valid: time=  1.8s loss=34.652, TAw acc= 88.2% | * lr=6.4e-03
| Epoch  38, time= 24.4s | Train: skip eval | Valid: time=  1.9s loss=34.665, TAw acc= 88.8% | lr=6.2e-03
| Epoch  39, time= 21.6s | Train: skip eval | Valid: time=  2.0s loss=34.678, TAw acc= 87.5% | lr=6.1e-03
| Epoch  40, time= 25.0s | Train: skip eval | Valid: time=  1.5s loss=34.682, TAw acc= 88.0% | lr=5.9e-03
| Epoch  41, time= 22.8s | Train: skip eval | Valid: time=  1.5s loss=34.638, TAw acc= 88.8% | * lr=5.7e-03
| Epoch  42, time= 21.0s | Train: skip eval | Valid: time=  1.5s loss=34.644, TAw acc= 88.5% | lr=5.6e-03
| Epoch  43, time= 24.4s | Train: skip eval | Valid: time=  1.5s loss=34.620, TAw acc= 88.0% | * lr=5.4e-03
| Epoch  44, time= 21.3s | Train: skip eval | Valid: time=  1.5s loss=34.638, TAw acc= 87.8% | lr=5.2e-03
| Epoch  45, time= 24.6s | Train: skip eval | Valid: time=  1.9s loss=34.648, TAw acc= 87.5% | lr=5.1e-03
| Epoch  46, time= 24.5s | Train: skip eval | Valid: time=  1.5s loss=34.628, TAw acc= 88.0% | lr=4.9e-03
| Epoch  47, time= 21.5s | Train: skip eval | Valid: time=  1.9s loss=34.663, TAw acc= 88.5% | lr=4.7e-03
| Epoch  48, time= 24.3s | Train: skip eval | Valid: time=  1.5s loss=34.632, TAw acc= 89.0% | lr=4.5e-03
| Epoch  49, time= 23.5s | Train: skip eval | Valid: time=  1.5s loss=34.636, TAw acc= 88.5% | lr=4.4e-03
| Epoch  50, time= 24.8s | Train: skip eval | Valid: time=  1.6s loss=34.645, TAw acc= 87.8% | lr=4.2e-03
| Epoch  51, time= 22.7s | Train: skip eval | Valid: time=  1.6s loss=34.630, TAw acc= 88.5% | lr=4.0e-03
| Epoch  52, time= 25.1s | Train: skip eval | Valid: time=  1.6s loss=34.610, TAw acc= 88.2% | * lr=3.9e-03
| Epoch  53, time= 22.8s | Train: skip eval | Valid: time=  1.6s loss=34.626, TAw acc= 89.0% | lr=3.7e-03
| Epoch  54, time= 22.9s | Train: skip eval | Valid: time=  1.6s loss=34.620, TAw acc= 88.5% | lr=3.5e-03
| Epoch  55, time= 24.4s | Train: skip eval | Valid: time=  1.6s loss=34.622, TAw acc= 89.0% | lr=3.4e-03
| Epoch  56, time= 25.1s | Train: skip eval | Valid: time=  1.5s loss=34.614, TAw acc= 89.0% | lr=3.2e-03
| Epoch  57, time= 21.7s | Train: skip eval | Valid: time=  1.6s loss=34.613, TAw acc= 88.8% | lr=3.0e-03
| Epoch  58, time= 23.6s | Train: skip eval | Valid: time=  1.5s loss=34.613, TAw acc= 89.0% | lr=2.9e-03
| Epoch  59, time= 20.4s | Train: skip eval | Valid: time=  2.0s loss=34.611, TAw acc= 89.0% | lr=2.7e-03
| Epoch  60, time= 21.8s | Train: skip eval | Valid: time=  2.0s loss=34.603, TAw acc= 88.8% | * lr=2.6e-03
| Epoch  61, time= 21.5s | Train: skip eval | Valid: time=  1.5s loss=34.606, TAw acc= 89.2% | lr=2.4e-03
| Epoch  62, time= 21.2s | Train: skip eval | Valid: time=  1.5s loss=34.617, TAw acc= 89.0% | lr=2.3e-03
| Epoch  63, time= 24.9s | Train: skip eval | Valid: time=  1.5s loss=34.597, TAw acc= 88.8% | * lr=2.1e-03
| Epoch  64, time= 24.4s | Train: skip eval | Valid: time=  1.6s loss=34.597, TAw acc= 89.0% | lr=2.0e-03
| Epoch  65, time= 21.1s | Train: skip eval | Valid: time=  1.5s loss=34.629, TAw acc= 89.2% | lr=1.9e-03
| Epoch  66, time= 22.7s | Train: skip eval | Valid: time=  1.5s loss=34.601, TAw acc= 88.8% | lr=1.7e-03
| Epoch  67, time= 20.6s | Train: skip eval | Valid: time=  1.5s loss=34.602, TAw acc= 88.8% | lr=1.6e-03
| Epoch  68, time= 21.9s | Train: skip eval | Valid: time=  1.5s loss=34.614, TAw acc= 88.2% | lr=1.5e-03
| Epoch  69, time= 21.7s | Train: skip eval | Valid: time=  1.7s loss=34.625, TAw acc= 88.8% | lr=1.4e-03
| Epoch  70, time= 22.0s | Train: skip eval | Valid: time=  1.5s loss=34.610, TAw acc= 89.0% | lr=1.3e-03
| Epoch  71, time= 23.3s | Train: skip eval | Valid: time=  2.0s loss=34.608, TAw acc= 88.5% | lr=1.1e-03
| Epoch  72, time= 24.5s | Train: skip eval | Valid: time=  1.5s loss=34.607, TAw acc= 88.5% | lr=1.0e-03
| Epoch  73, time= 23.4s | Train: skip eval | Valid: time=  1.9s loss=34.602, TAw acc= 88.5% | lr=9.5e-04
| Epoch  74, time= 22.2s | Train: skip eval | Valid: time=  2.2s loss=34.602, TAw acc= 89.0% | lr=8.5e-04
| Epoch  75, time= 23.6s | Train: skip eval | Valid: time=  2.0s loss=34.605, TAw acc= 89.2% | lr=7.6e-04
| Epoch  76, time= 24.5s | Train: skip eval | Valid: time=  1.5s loss=34.604, TAw acc= 89.0% | lr=6.8e-04
| Epoch  77, time= 21.5s | Train: skip eval | Valid: time=  1.8s loss=34.616, TAw acc= 88.5% | lr=6.0e-04
| Epoch  78, time= 19.9s | Train: skip eval | Valid: time=  1.7s loss=34.597, TAw acc= 89.0% | lr=5.3e-04
| Epoch  79, time= 20.8s | Train: skip eval | Valid: time=  1.6s loss=34.605, TAw acc= 89.2% | lr=4.6e-04
| Epoch  80, time= 20.2s | Train: skip eval | Valid: time=  1.6s loss=34.596, TAw acc= 88.8% | * lr=4.0e-04
| Epoch  81, time= 22.1s | Train: skip eval | Valid: time=  1.5s loss=34.595, TAw acc= 89.8% | * lr=3.4e-04
| Epoch  82, time= 23.6s | Train: skip eval | Valid: time=  1.6s loss=34.604, TAw acc= 89.5% | lr=2.9e-04
| Epoch  83, time= 20.5s | Train: skip eval | Valid: time=  1.6s loss=34.611, TAw acc= 88.5% | lr=2.5e-04
| Epoch  84, time= 21.1s | Train: skip eval | Valid: time=  1.5s loss=34.594, TAw acc= 89.2% | * lr=2.1e-04
| Epoch  85, time= 23.4s | Train: skip eval | Valid: time=  2.0s loss=34.603, TAw acc= 89.2% | lr=1.8e-04
| Epoch  86, time= 20.6s | Train: skip eval | Valid: time=  2.0s loss=34.601, TAw acc= 88.8% | lr=1.5e-04
| Epoch  87, time= 22.6s | Train: skip eval | Valid: time=  1.5s loss=34.628, TAw acc= 89.2% | lr=1.3e-04
| Epoch  88, time= 22.5s | Train: skip eval | Valid: time=  1.6s loss=34.599, TAw acc= 88.5% | lr=1.1e-04
| Epoch  89, time= 20.8s | Train: skip eval | Valid: time=  1.5s loss=34.602, TAw acc= 89.5% | lr=1.0e-04
| Epoch  90, time= 22.7s | Train: skip eval | Valid: time=  1.6s loss=34.605, TAw acc= 89.2% | lr=1.0e-04
| Selected 4050 train exemplars, time=  3.2s
------------------------------------------------------------------------------------------------------------
>>> Test on task  0 : loss=1.923 | TAw acc= 86.1%, forg=  0.1% | TAg acc= 51.2%, forg= 24.5% <<<
>>> Test on task  1 : loss=7.648 | TAw acc= 84.5%, forg= -0.8% | TAg acc= 54.7%, forg= 12.3% <<<
>>> Test on task  2 : loss=11.669 | TAw acc= 86.0%, forg=  0.5% | TAg acc= 61.0%, forg=  7.6% <<<
>>> Test on task  3 : loss=17.389 | TAw acc= 80.1%, forg=  0.9% | TAg acc= 53.4%, forg=  7.1% <<<
>>> Test on task  4 : loss=22.599 | TAw acc= 81.6%, forg=  0.6% | TAg acc= 54.9%, forg=  8.9% <<<
>>> Test on task  5 : loss=26.309 | TAw acc= 75.6%, forg=  0.5% | TAg acc= 44.8%, forg=  7.1% <<<
>>> Test on task  6 : loss=30.460 | TAw acc= 86.0%, forg= -0.1% | TAg acc= 61.2%, forg=  0.3% <<<
>>> Test on task  7 : loss=32.988 | TAw acc= 86.3%, forg= -0.9% | TAg acc= 51.9%, forg=  2.9% <<<
>>> Test on task  8 : loss=34.634 | TAw acc= 82.2%, forg=  0.0% | TAg acc= 55.9%, forg=  0.0% <<<
Save at ./results/./results/resnet50.a1_in1k/inat200/icarl/10
************************************************************************************************************
TAw Acc
	 75.7%   0.0%   0.0%   0.0%   0.0%   0.0%   0.0%   0.0%   0.0%   0.0%   0.0%   0.0%   0.0%   0.0%   0.0%   0.0%   0.0%   0.0%   0.0%   0.0% 	Avg.: 75.7% 
	 80.8%  77.8%   0.0%   0.0%   0.0%   0.0%   0.0%   0.0%   0.0%   0.0%   0.0%   0.0%   0.0%   0.0%   0.0%   0.0%   0.0%   0.0%   0.0%   0.0% 	Avg.: 79.3% 
	 82.7%  79.9%  82.4%   0.0%   0.0%   0.0%   0.0%   0.0%   0.0%   0.0%   0.0%   0.0%   0.0%   0.0%   0.0%   0.0%   0.0%   0.0%   0.0%   0.0% 	Avg.: 81.7% 
	 84.4%  81.0%  83.9%  79.1%   0.0%   0.0%   0.0%   0.0%   0.0%   0.0%   0.0%   0.0%   0.0%   0.0%   0.0%   0.0%   0.0%   0.0%   0.0%   0.0% 	Avg.: 82.1% 
	 84.7%  80.8%  85.3%  80.1%  81.5%   0.0%   0.0%   0.0%   0.0%   0.0%   0.0%   0.0%   0.0%   0.0%   0.0%   0.0%   0.0%   0.0%   0.0%   0.0% 	Avg.: 82.5% 
	 85.8%  81.8%  86.0%  80.1%  82.2%  75.7%   0.0%   0.0%   0.0%   0.0%   0.0%   0.0%   0.0%   0.0%   0.0%   0.0%   0.0%   0.0%   0.0%   0.0% 	Avg.: 81.9% 
	 86.1%  82.4%  85.8%  81.0%  81.9%  75.0%  85.9%   0.0%   0.0%   0.0%   0.0%   0.0%   0.0%   0.0%   0.0%   0.0%   0.0%   0.0%   0.0%   0.0% 	Avg.: 82.6% 
	 86.2%  83.7%  86.5%  80.7%  81.6%  76.1%  85.2%  85.4%   0.0%   0.0%   0.0%   0.0%   0.0%   0.0%   0.0%   0.0%   0.0%   0.0%   0.0%   0.0% 	Avg.: 83.2% 
	 86.1%  84.5%  86.0%  80.1%  81.6%  75.6%  86.0%  86.3%  82.2%   0.0%   0.0%   0.0%   0.0%   0.0%   0.0%   0.0%   0.0%   0.0%   0.0%   0.0% 	Avg.: 83.2% 
	  0.0%   0.0%   0.0%   0.0%   0.0%   0.0%   0.0%   0.0%   0.0%   0.0%   0.0%   0.0%   0.0%   0.0%   0.0%   0.0%   0.0%   0.0%   0.0%   0.0% 	Avg.:  0.0% 
	  0.0%   0.0%   0.0%   0.0%   0.0%   0.0%   0.0%   0.0%   0.0%   0.0%   0.0%   0.0%   0.0%   0.0%   0.0%   0.0%   0.0%   0.0%   0.0%   0.0% 	Avg.:  0.0% 
	  0.0%   0.0%   0.0%   0.0%   0.0%   0.0%   0.0%   0.0%   0.0%   0.0%   0.0%   0.0%   0.0%   0.0%   0.0%   0.0%   0.0%   0.0%   0.0%   0.0% 	Avg.:  0.0% 
	  0.0%   0.0%   0.0%   0.0%   0.0%   0.0%   0.0%   0.0%   0.0%   0.0%   0.0%   0.0%   0.0%   0.0%   0.0%   0.0%   0.0%   0.0%   0.0%   0.0% 	Avg.:  0.0% 
	  0.0%   0.0%   0.0%   0.0%   0.0%   0.0%   0.0%   0.0%   0.0%   0.0%   0.0%   0.0%   0.0%   0.0%   0.0%   0.0%   0.0%   0.0%   0.0%   0.0% 	Avg.:  0.0% 
	  0.0%   0.0%   0.0%   0.0%   0.0%   0.0%   0.0%   0.0%   0.0%   0.0%   0.0%   0.0%   0.0%   0.0%   0.0%   0.0%   0.0%   0.0%   0.0%   0.0% 	Avg.:  0.0% 
	  0.0%   0.0%   0.0%   0.0%   0.0%   0.0%   0.0%   0.0%   0.0%   0.0%   0.0%   0.0%   0.0%   0.0%   0.0%   0.0%   0.0%   0.0%   0.0%   0.0% 	Avg.:  0.0% 
	  0.0%   0.0%   0.0%   0.0%   0.0%   0.0%   0.0%   0.0%   0.0%   0.0%   0.0%   0.0%   0.0%   0.0%   0.0%   0.0%   0.0%   0.0%   0.0%   0.0% 	Avg.:  0.0% 
	  0.0%   0.0%   0.0%   0.0%   0.0%   0.0%   0.0%   0.0%   0.0%   0.0%   0.0%   0.0%   0.0%   0.0%   0.0%   0.0%   0.0%   0.0%   0.0%   0.0% 	Avg.:  0.0% 
	  0.0%   0.0%   0.0%   0.0%   0.0%   0.0%   0.0%   0.0%   0.0%   0.0%   0.0%   0.0%   0.0%   0.0%   0.0%   0.0%   0.0%   0.0%   0.0%   0.0% 	Avg.:  0.0% 
	  0.0%   0.0%   0.0%   0.0%   0.0%   0.0%   0.0%   0.0%   0.0%   0.0%   0.0%   0.0%   0.0%   0.0%   0.0%   0.0%   0.0%   0.0%   0.0%   0.0% 	Avg.:  0.0% 
************************************************************************************************************
TAg Acc
	 75.7%   0.0%   0.0%   0.0%   0.0%   0.0%   0.0%   0.0%   0.0%   0.0%   0.0%   0.0%   0.0%   0.0%   0.0%   0.0%   0.0%   0.0%   0.0%   0.0% 	Avg.: 75.7% 
	 73.3%  67.0%   0.0%   0.0%   0.0%   0.0%   0.0%   0.0%   0.0%   0.0%   0.0%   0.0%   0.0%   0.0%   0.0%   0.0%   0.0%   0.0%   0.0%   0.0% 	Avg.: 70.2% 
	 67.3%  66.0%  67.5%   0.0%   0.0%   0.0%   0.0%   0.0%   0.0%   0.0%   0.0%   0.0%   0.0%   0.0%   0.0%   0.0%   0.0%   0.0%   0.0%   0.0% 	Avg.: 66.9% 
	 67.7%  62.3%  68.6%  60.5%   0.0%   0.0%   0.0%   0.0%   0.0%   0.0%   0.0%   0.0%   0.0%   0.0%   0.0%   0.0%   0.0%   0.0%   0.0%   0.0% 	Avg.: 64.8% 
	 62.0%  61.9%  66.9%  58.1%  63.8%   0.0%   0.0%   0.0%   0.0%   0.0%   0.0%   0.0%   0.0%   0.0%   0.0%   0.0%   0.0%   0.0%   0.0%   0.0% 	Avg.: 62.5% 
	 56.8%  62.4%  64.3%  54.4%  58.2%  51.9%   0.0%   0.0%   0.0%   0.0%   0.0%   0.0%   0.0%   0.0%   0.0%   0.0%   0.0%   0.0%   0.0%   0.0% 	Avg.: 58.0% 
	 51.8%  58.8%  63.1%  55.2%  58.5%  47.7%  61.5%   0.0%   0.0%   0.0%   0.0%   0.0%   0.0%   0.0%   0.0%   0.0%   0.0%   0.0%   0.0%   0.0% 	Avg.: 56.7% 
	 52.8%  58.6%  61.5%  52.7%  56.1%  47.6%  60.8%  54.8%   0.0%   0.0%   0.0%   0.0%   0.0%   0.0%   0.0%   0.0%   0.0%   0.0%   0.0%   0.0% 	Avg.: 55.6% 
	 51.2%  54.7%  61.0%  53.4%  54.9%  44.8%  61.2%  51.9%  55.9%   0.0%   0.0%   0.0%   0.0%   0.0%   0.0%   0.0%   0.0%   0.0%   0.0%   0.0% 	Avg.: 54.3% 
	  0.0%   0.0%   0.0%   0.0%   0.0%   0.0%   0.0%   0.0%   0.0%   0.0%   0.0%   0.0%   0.0%   0.0%   0.0%   0.0%   0.0%   0.0%   0.0%   0.0% 	Avg.:  0.0% 
	  0.0%   0.0%   0.0%   0.0%   0.0%   0.0%   0.0%   0.0%   0.0%   0.0%   0.0%   0.0%   0.0%   0.0%   0.0%   0.0%   0.0%   0.0%   0.0%   0.0% 	Avg.:  0.0% 
	  0.0%   0.0%   0.0%   0.0%   0.0%   0.0%   0.0%   0.0%   0.0%   0.0%   0.0%   0.0%   0.0%   0.0%   0.0%   0.0%   0.0%   0.0%   0.0%   0.0% 	Avg.:  0.0% 
	  0.0%   0.0%   0.0%   0.0%   0.0%   0.0%   0.0%   0.0%   0.0%   0.0%   0.0%   0.0%   0.0%   0.0%   0.0%   0.0%   0.0%   0.0%   0.0%   0.0% 	Avg.:  0.0% 
	  0.0%   0.0%   0.0%   0.0%   0.0%   0.0%   0.0%   0.0%   0.0%   0.0%   0.0%   0.0%   0.0%   0.0%   0.0%   0.0%   0.0%   0.0%   0.0%   0.0% 	Avg.:  0.0% 
	  0.0%   0.0%   0.0%   0.0%   0.0%   0.0%   0.0%   0.0%   0.0%   0.0%   0.0%   0.0%   0.0%   0.0%   0.0%   0.0%   0.0%   0.0%   0.0%   0.0% 	Avg.:  0.0% 
	  0.0%   0.0%   0.0%   0.0%   0.0%   0.0%   0.0%   0.0%   0.0%   0.0%   0.0%   0.0%   0.0%   0.0%   0.0%   0.0%   0.0%   0.0%   0.0%   0.0% 	Avg.:  0.0% 
	  0.0%   0.0%   0.0%   0.0%   0.0%   0.0%   0.0%   0.0%   0.0%   0.0%   0.0%   0.0%   0.0%   0.0%   0.0%   0.0%   0.0%   0.0%   0.0%   0.0% 	Avg.:  0.0% 
	  0.0%   0.0%   0.0%   0.0%   0.0%   0.0%   0.0%   0.0%   0.0%   0.0%   0.0%   0.0%   0.0%   0.0%   0.0%   0.0%   0.0%   0.0%   0.0%   0.0% 	Avg.:  0.0% 
	  0.0%   0.0%   0.0%   0.0%   0.0%   0.0%   0.0%   0.0%   0.0%   0.0%   0.0%   0.0%   0.0%   0.0%   0.0%   0.0%   0.0%   0.0%   0.0%   0.0% 	Avg.:  0.0% 
	  0.0%   0.0%   0.0%   0.0%   0.0%   0.0%   0.0%   0.0%   0.0%   0.0%   0.0%   0.0%   0.0%   0.0%   0.0%   0.0%   0.0%   0.0%   0.0%   0.0% 	Avg.:  0.0% 
************************************************************************************************************
TAw Forg
	  0.0%   0.0%   0.0%   0.0%   0.0%   0.0%   0.0%   0.0%   0.0%   0.0%   0.0%   0.0%   0.0%   0.0%   0.0%   0.0%   0.0%   0.0%   0.0%   0.0% 
	 -5.1%   0.0%   0.0%   0.0%   0.0%   0.0%   0.0%   0.0%   0.0%   0.0%   0.0%   0.0%   0.0%   0.0%   0.0%   0.0%   0.0%   0.0%   0.0%   0.0% 	Avg.: -5.1% 
	 -1.9%  -2.1%   0.0%   0.0%   0.0%   0.0%   0.0%   0.0%   0.0%   0.0%   0.0%   0.0%   0.0%   0.0%   0.0%   0.0%   0.0%   0.0%   0.0%   0.0% 	Avg.: -2.0% 
	 -1.7%  -1.1%  -1.5%   0.0%   0.0%   0.0%   0.0%   0.0%   0.0%   0.0%   0.0%   0.0%   0.0%   0.0%   0.0%   0.0%   0.0%   0.0%   0.0%   0.0% 	Avg.: -1.4% 
	 -0.3%   0.2%  -1.4%  -1.0%   0.0%   0.0%   0.0%   0.0%   0.0%   0.0%   0.0%   0.0%   0.0%   0.0%   0.0%   0.0%   0.0%   0.0%   0.0%   0.0% 	Avg.: -0.6% 
	 -1.1%  -0.8%  -0.7%   0.0%  -0.7%   0.0%   0.0%   0.0%   0.0%   0.0%   0.0%   0.0%   0.0%   0.0%   0.0%   0.0%   0.0%   0.0%   0.0%   0.0% 	Avg.: -0.7% 
	 -0.3%  -0.6%   0.2%  -0.9%   0.3%   0.7%   0.0%   0.0%   0.0%   0.0%   0.0%   0.0%   0.0%   0.0%   0.0%   0.0%   0.0%   0.0%   0.0%   0.0% 	Avg.: -0.1% 
	 -0.1%  -1.3%  -0.5%   0.3%   0.6%  -0.4%   0.7%   0.0%   0.0%   0.0%   0.0%   0.0%   0.0%   0.0%   0.0%   0.0%   0.0%   0.0%   0.0%   0.0% 	Avg.: -0.1% 
	  0.1%  -0.8%   0.5%   0.9%   0.6%   0.5%  -0.1%  -0.9%   0.0%   0.0%   0.0%   0.0%   0.0%   0.0%   0.0%   0.0%   0.0%   0.0%   0.0%   0.0% 	Avg.:  0.1% 
	  0.0%   0.0%   0.0%   0.0%   0.0%   0.0%   0.0%   0.0%   0.0%   0.0%   0.0%   0.0%   0.0%   0.0%   0.0%   0.0%   0.0%   0.0%   0.0%   0.0% 	Avg.:  0.0% 
	  0.0%   0.0%   0.0%   0.0%   0.0%   0.0%   0.0%   0.0%   0.0%   0.0%   0.0%   0.0%   0.0%   0.0%   0.0%   0.0%   0.0%   0.0%   0.0%   0.0% 	Avg.:  0.0% 
	  0.0%   0.0%   0.0%   0.0%   0.0%   0.0%   0.0%   0.0%   0.0%   0.0%   0.0%   0.0%   0.0%   0.0%   0.0%   0.0%   0.0%   0.0%   0.0%   0.0% 	Avg.:  0.0% 
	  0.0%   0.0%   0.0%   0.0%   0.0%   0.0%   0.0%   0.0%   0.0%   0.0%   0.0%   0.0%   0.0%   0.0%   0.0%   0.0%   0.0%   0.0%   0.0%   0.0% 	Avg.:  0.0% 
	  0.0%   0.0%   0.0%   0.0%   0.0%   0.0%   0.0%   0.0%   0.0%   0.0%   0.0%   0.0%   0.0%   0.0%   0.0%   0.0%   0.0%   0.0%   0.0%   0.0% 	Avg.:  0.0% 
	  0.0%   0.0%   0.0%   0.0%   0.0%   0.0%   0.0%   0.0%   0.0%   0.0%   0.0%   0.0%   0.0%   0.0%   0.0%   0.0%   0.0%   0.0%   0.0%   0.0% 	Avg.:  0.0% 
	  0.0%   0.0%   0.0%   0.0%   0.0%   0.0%   0.0%   0.0%   0.0%   0.0%   0.0%   0.0%   0.0%   0.0%   0.0%   0.0%   0.0%   0.0%   0.0%   0.0% 	Avg.:  0.0% 
	  0.0%   0.0%   0.0%   0.0%   0.0%   0.0%   0.0%   0.0%   0.0%   0.0%   0.0%   0.0%   0.0%   0.0%   0.0%   0.0%   0.0%   0.0%   0.0%   0.0% 	Avg.:  0.0% 
	  0.0%   0.0%   0.0%   0.0%   0.0%   0.0%   0.0%   0.0%   0.0%   0.0%   0.0%   0.0%   0.0%   0.0%   0.0%   0.0%   0.0%   0.0%   0.0%   0.0% 	Avg.:  0.0% 
	  0.0%   0.0%   0.0%   0.0%   0.0%   0.0%   0.0%   0.0%   0.0%   0.0%   0.0%   0.0%   0.0%   0.0%   0.0%   0.0%   0.0%   0.0%   0.0%   0.0% 	Avg.:  0.0% 
	  0.0%   0.0%   0.0%   0.0%   0.0%   0.0%   0.0%   0.0%   0.0%   0.0%   0.0%   0.0%   0.0%   0.0%   0.0%   0.0%   0.0%   0.0%   0.0%   0.0% 	Avg.:  0.0% 
************************************************************************************************************
TAg Forg
	  0.0%   0.0%   0.0%   0.0%   0.0%   0.0%   0.0%   0.0%   0.0%   0.0%   0.0%   0.0%   0.0%   0.0%   0.0%   0.0%   0.0%   0.0%   0.0%   0.0% 
	  2.4%   0.0%   0.0%   0.0%   0.0%   0.0%   0.0%   0.0%   0.0%   0.0%   0.0%   0.0%   0.0%   0.0%   0.0%   0.0%   0.0%   0.0%   0.0%   0.0% 	Avg.:  2.4% 
	  8.4%   1.0%   0.0%   0.0%   0.0%   0.0%   0.0%   0.0%   0.0%   0.0%   0.0%   0.0%   0.0%   0.0%   0.0%   0.0%   0.0%   0.0%   0.0%   0.0% 	Avg.:  4.7% 
	  8.0%   4.7%  -1.1%   0.0%   0.0%   0.0%   0.0%   0.0%   0.0%   0.0%   0.0%   0.0%   0.0%   0.0%   0.0%   0.0%   0.0%   0.0%   0.0%   0.0% 	Avg.:  3.9% 
	 13.7%   5.1%   1.7%   2.4%   0.0%   0.0%   0.0%   0.0%   0.0%   0.0%   0.0%   0.0%   0.0%   0.0%   0.0%   0.0%   0.0%   0.0%   0.0%   0.0% 	Avg.:  5.7% 
	 18.9%   4.6%   4.3%   6.1%   5.6%   0.0%   0.0%   0.0%   0.0%   0.0%   0.0%   0.0%   0.0%   0.0%   0.0%   0.0%   0.0%   0.0%   0.0%   0.0% 	Avg.:  7.9% 
	 23.9%   8.2%   5.5%   5.3%   5.3%   4.2%   0.0%   0.0%   0.0%   0.0%   0.0%   0.0%   0.0%   0.0%   0.0%   0.0%   0.0%   0.0%   0.0%   0.0% 	Avg.:  8.7% 
	 22.9%   8.4%   7.1%   7.8%   7.7%   4.3%   0.7%   0.0%   0.0%   0.0%   0.0%   0.0%   0.0%   0.0%   0.0%   0.0%   0.0%   0.0%   0.0%   0.0% 	Avg.:  8.4% 
	 24.5%  12.3%   7.6%   7.1%   8.9%   7.1%   0.3%   2.9%   0.0%   0.0%   0.0%   0.0%   0.0%   0.0%   0.0%   0.0%   0.0%   0.0%   0.0%   0.0% 	Avg.:  8.8% 
	  0.0%   0.0%   0.0%   0.0%   0.0%   0.0%   0.0%   0.0%   0.0%   0.0%   0.0%   0.0%   0.0%   0.0%   0.0%   0.0%   0.0%   0.0%   0.0%   0.0% 	Avg.:  0.0% 
	  0.0%   0.0%   0.0%   0.0%   0.0%   0.0%   0.0%   0.0%   0.0%   0.0%   0.0%   0.0%   0.0%   0.0%   0.0%   0.0%   0.0%   0.0%   0.0%   0.0% 	Avg.:  0.0% 
	  0.0%   0.0%   0.0%   0.0%   0.0%   0.0%   0.0%   0.0%   0.0%   0.0%   0.0%   0.0%   0.0%   0.0%   0.0%   0.0%   0.0%   0.0%   0.0%   0.0% 	Avg.:  0.0% 
	  0.0%   0.0%   0.0%   0.0%   0.0%   0.0%   0.0%   0.0%   0.0%   0.0%   0.0%   0.0%   0.0%   0.0%   0.0%   0.0%   0.0%   0.0%   0.0%   0.0% 	Avg.:  0.0% 
	  0.0%   0.0%   0.0%   0.0%   0.0%   0.0%   0.0%   0.0%   0.0%   0.0%   0.0%   0.0%   0.0%   0.0%   0.0%   0.0%   0.0%   0.0%   0.0%   0.0% 	Avg.:  0.0% 
	  0.0%   0.0%   0.0%   0.0%   0.0%   0.0%   0.0%   0.0%   0.0%   0.0%   0.0%   0.0%   0.0%   0.0%   0.0%   0.0%   0.0%   0.0%   0.0%   0.0% 	Avg.:  0.0% 
	  0.0%   0.0%   0.0%   0.0%   0.0%   0.0%   0.0%   0.0%   0.0%   0.0%   0.0%   0.0%   0.0%   0.0%   0.0%   0.0%   0.0%   0.0%   0.0%   0.0% 	Avg.:  0.0% 
	  0.0%   0.0%   0.0%   0.0%   0.0%   0.0%   0.0%   0.0%   0.0%   0.0%   0.0%   0.0%   0.0%   0.0%   0.0%   0.0%   0.0%   0.0%   0.0%   0.0% 	Avg.:  0.0% 
	  0.0%   0.0%   0.0%   0.0%   0.0%   0.0%   0.0%   0.0%   0.0%   0.0%   0.0%   0.0%   0.0%   0.0%   0.0%   0.0%   0.0%   0.0%   0.0%   0.0% 	Avg.:  0.0% 
	  0.0%   0.0%   0.0%   0.0%   0.0%   0.0%   0.0%   0.0%   0.0%   0.0%   0.0%   0.0%   0.0%   0.0%   0.0%   0.0%   0.0%   0.0%   0.0%   0.0% 	Avg.:  0.0% 
	  0.0%   0.0%   0.0%   0.0%   0.0%   0.0%   0.0%   0.0%   0.0%   0.0%   0.0%   0.0%   0.0%   0.0%   0.0%   0.0%   0.0%   0.0%   0.0%   0.0% 	Avg.:  0.0% 
************************************************************************************************************
[Elapsed time = 0.6 h]
Done!
