START_TASK=4 STOP_TASK=5
============================================================================================================
Arguments =
	approach: finetuning
	batch_size: 64
	classes_first_task: None
	clipping: 10000
	crop: 224
	dataset: cifar100
	eval_on_train: False
	experiment_path: None
	fix_bn: False
	freeze_backbone: False
	gpu: 0
	gpus: [0]
	increment: 10
	last_layer_analysis: False
	log: ['disk']
	lr: 0.01
	lr_factor: None
	lr_min: 0.0001
	lr_patience: None
	lr_scheduler: cosine
	lr_warmup_epochs: 0
	momentum: 0.0
	multi_softmax: False
	nepochs: 50
	network: resnetv2_101x1_bit.goog_in21k
	no_cudnn_deterministic: False
	normalize: in21k
	num_workers: 2
	optimizer_name: sgd
	pin_memory: False
	pretrained: True
	resize: 224
	results_path: ./results
	save_models: True
	seed: 0
	start_at_task: 4
	start_epoch: 0
	stop_at_task: 5
	stop_epoch: 0
	use_valid_only: False
	warmup_lr_factor: 1.0
	warmup_nepochs: 0
	weight_decay: 0.0
============================================================================================================
Approach arguments =
	all_outputs: False
============================================================================================================
Exemplars arguments =
============================================================================================================
WARNING: ./results/resnetv2_101x1_bit.goog_in21k/cifar100/finetuning/10 already exists!
Loaded acc_taw from: ./results/resnetv2_101x1_bit.goog_in21k/cifar100/finetuning/10/acc_taw-3.txt
Loaded acc_tag from: ./results/resnetv2_101x1_bit.goog_in21k/cifar100/finetuning/10/acc_tag-3.txt
Loaded forg_taw from: ./results/resnetv2_101x1_bit.goog_in21k/cifar100/finetuning/10/forg_taw-3.txt
Loaded forg_tag from: ./results/resnetv2_101x1_bit.goog_in21k/cifar100/finetuning/10/forg_tag-3.txt
************************************************************************************************************
Task  4  [epochs 0-50]
************************************************************************************************************
[params] total:42,594,930  trainable:42,594,930  tensors:314  trainable_tensors:314
| Epoch   1, time= 10.5s | Train: skip eval | Valid: time=  0.8s loss=0.532, TAw acc= 88.4% | * lr=1.0e-02
| Epoch   2, time= 10.1s | Train: skip eval | Valid: time=  0.9s loss=0.124, TAw acc= 97.0% | * lr=1.0e-02
| Epoch   3, time= 10.1s | Train: skip eval | Valid: time=  0.8s loss=0.060, TAw acc= 97.6% | * lr=9.9e-03
| Epoch   4, time= 10.1s | Train: skip eval | Valid: time=  0.8s loss=0.080, TAw acc= 97.6% | lr=9.8e-03
| Epoch   5, time= 10.1s | Train: skip eval | Valid: time=  0.8s loss=0.058, TAw acc= 97.6% | * lr=9.8e-03
| Epoch   6, time= 10.0s | Train: skip eval | Valid: time=  0.8s loss=0.126, TAw acc= 96.4% | lr=9.7e-03
| Epoch   7, time= 10.1s | Train: skip eval | Valid: time=  0.9s loss=0.057, TAw acc= 98.2% | * lr=9.5e-03
| Epoch   8, time= 10.1s | Train: skip eval | Valid: time=  0.9s loss=0.066, TAw acc= 97.4% | lr=9.4e-03
| Epoch   9, time= 10.1s | Train: skip eval | Valid: time=  0.8s loss=0.060, TAw acc= 97.8% | lr=9.2e-03
| Epoch  10, time=  9.9s | Train: skip eval | Valid: time=  0.8s loss=0.073, TAw acc= 98.0% | lr=9.1e-03
| Epoch  11, time=  9.9s | Train: skip eval | Valid: time=  0.8s loss=0.074, TAw acc= 97.8% | lr=8.9e-03
| Epoch  12, time= 10.1s | Train: skip eval | Valid: time=  0.8s loss=0.104, TAw acc= 97.0% | lr=8.7e-03
| Epoch  13, time= 10.1s | Train: skip eval | Valid: time=  0.9s loss=0.064, TAw acc= 98.2% | lr=8.4e-03
| Epoch  14, time= 10.1s | Train: skip eval | Valid: time=  0.8s loss=0.071, TAw acc= 98.2% | lr=8.2e-03
| Epoch  15, time= 10.1s | Train: skip eval | Valid: time=  0.8s loss=0.077, TAw acc= 97.8% | lr=8.0e-03
| Epoch  16, time= 10.1s | Train: skip eval | Valid: time=  0.8s loss=0.054, TAw acc= 98.0% | * lr=7.7e-03
| Epoch  17, time= 10.2s | Train: skip eval | Valid: time=  0.8s loss=0.067, TAw acc= 98.4% | lr=7.4e-03
| Epoch  18, time=  9.9s | Train: skip eval | Valid: time=  0.8s loss=0.047, TAw acc= 98.2% | * lr=7.2e-03
| Epoch  19, time= 10.2s | Train: skip eval | Valid: time=  0.8s loss=0.059, TAw acc= 98.0% | lr=6.9e-03
| Epoch  20, time= 10.0s | Train: skip eval | Valid: time=  0.8s loss=0.053, TAw acc= 98.2% | lr=6.6e-03
| Epoch  21, time= 10.2s | Train: skip eval | Valid: time=  0.8s loss=0.067, TAw acc= 97.6% | lr=6.3e-03
| Epoch  22, time= 10.1s | Train: skip eval | Valid: time=  0.8s loss=0.056, TAw acc= 98.2% | lr=6.0e-03
| Epoch  23, time= 10.2s | Train: skip eval | Valid: time=  0.8s loss=0.056, TAw acc= 98.2% | lr=5.7e-03
| Epoch  24, time= 10.1s | Train: skip eval | Valid: time=  0.8s loss=0.047, TAw acc= 98.4% | lr=5.4e-03
| Epoch  25, time= 10.2s | Train: skip eval | Valid: time=  0.8s loss=0.066, TAw acc= 97.8% | lr=5.1e-03
| Epoch  26, time= 10.1s | Train: skip eval | Valid: time=  0.9s loss=0.064, TAw acc= 97.8% | lr=4.7e-03
| Epoch  27, time=  9.9s | Train: skip eval | Valid: time=  0.8s loss=0.067, TAw acc= 98.2% | lr=4.4e-03
| Epoch  28, time=  9.9s | Train: skip eval | Valid: time=  0.8s loss=0.048, TAw acc= 98.6% | lr=4.1e-03
| Epoch  29, time= 10.1s | Train: skip eval | Valid: time=  0.8s loss=0.051, TAw acc= 98.4% | lr=3.8e-03
| Epoch  30, time= 10.1s | Train: skip eval | Valid: time=  0.8s loss=0.042, TAw acc= 98.6% | * lr=3.5e-03
| Epoch  31, time= 10.1s | Train: skip eval | Valid: time=  0.8s loss=0.054, TAw acc= 98.6% | lr=3.2e-03
| Epoch  32, time= 10.1s | Train: skip eval | Valid: time=  0.8s loss=0.048, TAw acc= 98.6% | lr=2.9e-03
| Epoch  33, time= 10.1s | Train: skip eval | Valid: time=  0.8s loss=0.046, TAw acc= 98.6% | lr=2.7e-03
| Epoch  34, time= 10.2s | Train: skip eval | Valid: time=  0.8s loss=0.047, TAw acc= 98.6% | lr=2.4e-03
| Epoch  35, time= 10.1s | Train: skip eval | Valid: time=  0.8s loss=0.047, TAw acc= 98.6% | lr=2.1e-03
| Epoch  36, time= 10.1s | Train: skip eval | Valid: time=  0.9s loss=0.044, TAw acc= 98.8% | lr=1.9e-03
| Epoch  37, time= 10.1s | Train: skip eval | Valid: time=  0.8s loss=0.050, TAw acc= 98.4% | lr=1.7e-03
| Epoch  38, time= 10.1s | Train: skip eval | Valid: time=  0.8s loss=0.051, TAw acc= 98.4% | lr=1.4e-03
| Epoch  39, time= 10.2s | Train: skip eval | Valid: time=  0.8s loss=0.049, TAw acc= 98.4% | lr=1.2e-03
| Epoch  40, time= 10.2s | Train: skip eval | Valid: time=  0.8s loss=0.045, TAw acc= 98.6% | lr=1.0e-03
| Epoch  41, time= 10.2s | Train: skip eval | Valid: time=  0.8s loss=0.043, TAw acc= 98.8% | lr=8.7e-04
| Epoch  42, time= 10.2s | Train: skip eval | Valid: time=  0.8s loss=0.044, TAw acc= 98.8% | lr=7.1e-04
| Epoch  43, time= 10.3s | Train: skip eval | Valid: time=  0.8s loss=0.043, TAw acc= 98.6% | lr=5.7e-04
| Epoch  44, time= 10.2s | Train: skip eval | Valid: time=  0.8s loss=0.042, TAw acc= 98.6% | * lr=4.5e-04
| Epoch  45, time= 10.2s | Train: skip eval | Valid: time=  0.9s loss=0.042, TAw acc= 98.6% | lr=3.4e-04
| Epoch  46, time= 10.2s | Train: skip eval | Valid: time=  0.8s loss=0.041, TAw acc= 98.6% | * lr=2.6e-04
| Epoch  47, time= 10.1s | Train: skip eval | Valid: time=  0.8s loss=0.043, TAw acc= 98.6% | lr=1.9e-04
| Epoch  48, time= 10.2s | Train: skip eval | Valid: time=  0.8s loss=0.044, TAw acc= 98.6% | lr=1.4e-04
| Epoch  49, time=  9.9s | Train: skip eval | Valid: time=  0.8s loss=0.044, TAw acc= 98.6% | lr=1.1e-04
| Epoch  50, time= 10.0s | Train: skip eval | Valid: time=  0.8s loss=0.044, TAw acc= 98.6% | lr=1.0e-04
------------------------------------------------------------------------------------------------------------
>>> Test on task  0 : loss=2.608 | TAw acc= 83.5%, forg= 13.2% | TAg acc= 78.4%, forg= 18.3% <<<
>>> Test on task  1 : loss=0.126 | TAw acc= 96.8%, forg=  1.8% | TAg acc= 58.8%, forg= 22.2% <<<
>>> Test on task  2 : loss=0.103 | TAw acc= 96.7%, forg=  1.7% | TAg acc= 70.6%, forg= 21.7% <<<
>>> Test on task  3 : loss=0.209 | TAw acc= 93.7%, forg=  1.3% | TAg acc= 81.8%, forg=  8.8% <<<
>>> Test on task  4 : loss=0.084 | TAw acc= 98.2%, forg=  0.0% | TAg acc= 91.8%, forg=  0.0% <<<
Save at ./results/./results/resnetv2_101x1_bit.goog_in21k/cifar100/finetuning/10
************************************************************************************************************
TAw Acc
	 96.7%   0.0%   0.0%   0.0%   0.0%   0.0%   0.0%   0.0%   0.0%   0.0% 	Avg.: 96.7% 
	 93.7%  98.6%   0.0%   0.0%   0.0%   0.0%   0.0%   0.0%   0.0%   0.0% 	Avg.: 96.2% 
	 86.4%  96.9%  98.4%   0.0%   0.0%   0.0%   0.0%   0.0%   0.0%   0.0% 	Avg.: 93.9% 
	 85.3%  97.2%  97.3%  95.0%   0.0%   0.0%   0.0%   0.0%   0.0%   0.0% 	Avg.: 93.7% 
	 83.5%  96.8%  96.7%  93.7%  98.2%   0.0%   0.0%   0.0%   0.0%   0.0% 	Avg.: 93.8% 
	  0.0%   0.0%   0.0%   0.0%   0.0%   0.0%   0.0%   0.0%   0.0%   0.0% 	Avg.:  0.0% 
	  0.0%   0.0%   0.0%   0.0%   0.0%   0.0%   0.0%   0.0%   0.0%   0.0% 	Avg.:  0.0% 
	  0.0%   0.0%   0.0%   0.0%   0.0%   0.0%   0.0%   0.0%   0.0%   0.0% 	Avg.:  0.0% 
	  0.0%   0.0%   0.0%   0.0%   0.0%   0.0%   0.0%   0.0%   0.0%   0.0% 	Avg.:  0.0% 
	  0.0%   0.0%   0.0%   0.0%   0.0%   0.0%   0.0%   0.0%   0.0%   0.0% 	Avg.:  0.0% 
************************************************************************************************************
TAg Acc
	 96.7%   0.0%   0.0%   0.0%   0.0%   0.0%   0.0%   0.0%   0.0%   0.0% 	Avg.: 96.7% 
	 91.5%  81.0%   0.0%   0.0%   0.0%   0.0%   0.0%   0.0%   0.0%   0.0% 	Avg.: 86.2% 
	 83.0%  71.4%  92.3%   0.0%   0.0%   0.0%   0.0%   0.0%   0.0%   0.0% 	Avg.: 82.2% 
	 79.8%  64.7%  84.3%  90.6%   0.0%   0.0%   0.0%   0.0%   0.0%   0.0% 	Avg.: 79.8% 
	 78.4%  58.8%  70.6%  81.8%  91.8%   0.0%   0.0%   0.0%   0.0%   0.0% 	Avg.: 76.3% 
	  0.0%   0.0%   0.0%   0.0%   0.0%   0.0%   0.0%   0.0%   0.0%   0.0% 	Avg.:  0.0% 
	  0.0%   0.0%   0.0%   0.0%   0.0%   0.0%   0.0%   0.0%   0.0%   0.0% 	Avg.:  0.0% 
	  0.0%   0.0%   0.0%   0.0%   0.0%   0.0%   0.0%   0.0%   0.0%   0.0% 	Avg.:  0.0% 
	  0.0%   0.0%   0.0%   0.0%   0.0%   0.0%   0.0%   0.0%   0.0%   0.0% 	Avg.:  0.0% 
	  0.0%   0.0%   0.0%   0.0%   0.0%   0.0%   0.0%   0.0%   0.0%   0.0% 	Avg.:  0.0% 
************************************************************************************************************
TAw Forg
	  0.0%   0.0%   0.0%   0.0%   0.0%   0.0%   0.0%   0.0%   0.0%   0.0% 
	  3.0%   0.0%   0.0%   0.0%   0.0%   0.0%   0.0%   0.0%   0.0%   0.0% 	Avg.:  3.0% 
	 10.3%   1.7%   0.0%   0.0%   0.0%   0.0%   0.0%   0.0%   0.0%   0.0% 	Avg.:  6.0% 
	 11.4%   1.4%   1.1%   0.0%   0.0%   0.0%   0.0%   0.0%   0.0%   0.0% 	Avg.:  4.6% 
	 13.2%   1.8%   1.7%   1.3%   0.0%   0.0%   0.0%   0.0%   0.0%   0.0% 	Avg.:  4.5% 
	  0.0%   0.0%   0.0%   0.0%   0.0%   0.0%   0.0%   0.0%   0.0%   0.0% 	Avg.:  0.0% 
	  0.0%   0.0%   0.0%   0.0%   0.0%   0.0%   0.0%   0.0%   0.0%   0.0% 	Avg.:  0.0% 
	  0.0%   0.0%   0.0%   0.0%   0.0%   0.0%   0.0%   0.0%   0.0%   0.0% 	Avg.:  0.0% 
	  0.0%   0.0%   0.0%   0.0%   0.0%   0.0%   0.0%   0.0%   0.0%   0.0% 	Avg.:  0.0% 
	  0.0%   0.0%   0.0%   0.0%   0.0%   0.0%   0.0%   0.0%   0.0%   0.0% 	Avg.:  0.0% 
************************************************************************************************************
TAg Forg
	  0.0%   0.0%   0.0%   0.0%   0.0%   0.0%   0.0%   0.0%   0.0%   0.0% 
	  5.2%   0.0%   0.0%   0.0%   0.0%   0.0%   0.0%   0.0%   0.0%   0.0% 	Avg.:  5.2% 
	 13.7%   9.6%   0.0%   0.0%   0.0%   0.0%   0.0%   0.0%   0.0%   0.0% 	Avg.: 11.6% 
	 16.9%  16.3%   8.0%   0.0%   0.0%   0.0%   0.0%   0.0%   0.0%   0.0% 	Avg.: 13.7% 
	 18.3%  22.2%  21.7%   8.8%   0.0%   0.0%   0.0%   0.0%   0.0%   0.0% 	Avg.: 17.8% 
	  0.0%   0.0%   0.0%   0.0%   0.0%   0.0%   0.0%   0.0%   0.0%   0.0% 	Avg.:  0.0% 
	  0.0%   0.0%   0.0%   0.0%   0.0%   0.0%   0.0%   0.0%   0.0%   0.0% 	Avg.:  0.0% 
	  0.0%   0.0%   0.0%   0.0%   0.0%   0.0%   0.0%   0.0%   0.0%   0.0% 	Avg.:  0.0% 
	  0.0%   0.0%   0.0%   0.0%   0.0%   0.0%   0.0%   0.0%   0.0%   0.0% 	Avg.:  0.0% 
	  0.0%   0.0%   0.0%   0.0%   0.0%   0.0%   0.0%   0.0%   0.0%   0.0% 	Avg.:  0.0% 
************************************************************************************************************
[Elapsed time = 0.2 h]
Done!
