START_TASK=6 STOP_TASK=7
============================================================================================================
Arguments =
	approach: replay
	batch_size: 64
	classes_first_task: None
	clipping: 10000
	crop: 224
	data_path: ../data/food101
	dataset: food101
	eval_on_train: False
	experiment_path: None
	fix_bn: False
	freeze_backbone: False
	gpu: 0
	gpus: [0]
	increment: 10
	last_layer_analysis: True
	log: ['disk']
	lr: 0.01
	lr_factor: None
	lr_min: 0.0001
	lr_patience: None
	lr_scheduler: cosine
	lr_warmup_epochs: 0
	momentum: 0.0
	multi_softmax: False
	nepochs: 70
	network: vit_base_patch16_224.orig_in21k
	no_cudnn_deterministic: False
	normalize: in21k
	num_workers: 2
	optimizer_name: sgd
	pin_memory: False
	pretrained: True
	resize: 224
	results_path: ./results
	save_models: True
	seed: 0
	start_at_task: 6
	start_epoch: 0
	stop_at_task: 7
	stop_epoch: 0
	use_valid_only: False
	warmup_lr_factor: 1.0
	warmup_nepochs: 0
	weight_decay: 0.0
============================================================================================================
Approach arguments =
============================================================================================================
Exemplars arguments =
	exemplar_selection: random
	num_exemplars: 2000
============================================================================================================
WARNING: ./results/vit_base_patch16_224.orig_in21k/food101/replay/10 already exists!
Loaded acc_taw from: ./results/vit_base_patch16_224.orig_in21k/food101/replay/10/acc_taw-5.txt
Loaded acc_tag from: ./results/vit_base_patch16_224.orig_in21k/food101/replay/10/acc_tag-5.txt
Loaded forg_taw from: ./results/vit_base_patch16_224.orig_in21k/food101/replay/10/forg_taw-5.txt
Loaded forg_tag from: ./results/vit_base_patch16_224.orig_in21k/food101/replay/10/forg_tag-5.txt
Loaded 2040 exemplars from ./results/vit_base_patch16_224.orig_in21k/food101/replay/10/task5_exemplars.pth
************************************************************************************************************
Task  6  [epochs 0-70]
************************************************************************************************************
[params] total:85,852,486  trainable:85,852,486  tensors:164  trainable_tensors:164
| Epoch   1, time= 63.7s | Train: skip eval | Valid: time=  3.3s loss=0.916, TAw acc= 91.3% | * lr=1.0e-02
| Epoch   2, time= 63.6s | Train: skip eval | Valid: time=  3.4s loss=0.404, TAw acc= 92.3% | * lr=1.0e-02
| Epoch   3, time= 64.2s | Train: skip eval | Valid: time=  3.5s loss=0.322, TAw acc= 93.6% | * lr=1.0e-02
| Epoch   4, time= 64.9s | Train: skip eval | Valid: time=  3.9s loss=0.286, TAw acc= 94.3% | * lr=9.9e-03
| Epoch   5, time= 64.9s | Train: skip eval | Valid: time=  3.3s loss=0.255, TAw acc= 94.0% | * lr=9.9e-03
| Epoch   6, time= 65.0s | Train: skip eval | Valid: time=  3.3s loss=0.242, TAw acc= 94.9% | * lr=9.8e-03
| Epoch   7, time= 65.0s | Train: skip eval | Valid: time=  3.5s loss=0.277, TAw acc= 94.3% | lr=9.8e-03
| Epoch   8, time= 65.0s | Train: skip eval | Valid: time=  3.5s loss=0.256, TAw acc= 93.7% | lr=9.7e-03
| Epoch   9, time= 64.4s | Train: skip eval | Valid: time=  3.5s loss=0.260, TAw acc= 94.8% | lr=9.6e-03
| Epoch  10, time= 64.6s | Train: skip eval | Valid: time=  4.0s loss=0.280, TAw acc= 94.7% | lr=9.5e-03
| Epoch  11, time= 64.5s | Train: skip eval | Valid: time=  3.6s loss=0.225, TAw acc= 94.9% | * lr=9.4e-03
| Epoch  12, time= 64.5s | Train: skip eval | Valid: time=  3.3s loss=0.289, TAw acc= 94.9% | lr=9.3e-03
| Epoch  13, time= 64.9s | Train: skip eval | Valid: time=  3.6s loss=0.230, TAw acc= 94.9% | lr=9.2e-03
| Epoch  14, time= 64.8s | Train: skip eval | Valid: time=  3.2s loss=0.224, TAw acc= 94.5% | * lr=9.1e-03
| Epoch  15, time= 65.0s | Train: skip eval | Valid: time=  3.2s loss=0.216, TAw acc= 94.8% | * lr=8.9e-03
| Epoch  16, time= 65.0s | Train: skip eval | Valid: time=  3.4s loss=0.198, TAw acc= 95.3% | * lr=8.8e-03
| Epoch  17, time= 65.2s | Train: skip eval | Valid: time=  3.3s loss=0.283, TAw acc= 94.3% | lr=8.6e-03
| Epoch  18, time= 64.9s | Train: skip eval | Valid: time=  3.2s loss=0.227, TAw acc= 95.5% | lr=8.5e-03
| Epoch  19, time= 65.0s | Train: skip eval | Valid: time=  3.8s loss=0.197, TAw acc= 94.8% | * lr=8.3e-03
| Epoch  20, time= 64.9s | Train: skip eval | Valid: time=  3.4s loss=0.195, TAw acc= 95.1% | * lr=8.1e-03
| Epoch  21, time= 64.9s | Train: skip eval | Valid: time=  3.4s loss=0.215, TAw acc= 94.8% | lr=8.0e-03
| Epoch  22, time= 65.0s | Train: skip eval | Valid: time=  3.4s loss=0.187, TAw acc= 95.2% | * lr=7.8e-03
| Epoch  23, time= 65.0s | Train: skip eval | Valid: time=  3.2s loss=0.224, TAw acc= 95.1% | lr=7.6e-03
| Epoch  24, time= 64.5s | Train: skip eval | Valid: time=  3.5s loss=0.207, TAw acc= 95.3% | lr=7.4e-03
| Epoch  25, time= 64.8s | Train: skip eval | Valid: time=  3.9s loss=0.200, TAw acc= 95.2% | lr=7.2e-03
| Epoch  26, time= 64.7s | Train: skip eval | Valid: time=  3.3s loss=0.225, TAw acc= 94.5% | lr=7.0e-03
| Epoch  27, time= 64.7s | Train: skip eval | Valid: time=  4.1s loss=0.214, TAw acc= 94.8% | lr=6.8e-03
| Epoch  28, time= 64.5s | Train: skip eval | Valid: time=  3.9s loss=0.220, TAw acc= 94.9% | lr=6.6e-03
| Epoch  29, time= 64.4s | Train: skip eval | Valid: time=  3.8s loss=0.198, TAw acc= 95.1% | lr=6.4e-03
| Epoch  30, time= 64.4s | Train: skip eval | Valid: time=  4.0s loss=0.202, TAw acc= 95.5% | lr=6.2e-03
| Epoch  31, time= 64.3s | Train: skip eval | Valid: time=  3.2s loss=0.223, TAw acc= 95.3% | lr=5.9e-03
| Epoch  32, time= 64.4s | Train: skip eval | Valid: time=  3.4s loss=0.207, TAw acc= 95.3% | lr=5.7e-03
| Epoch  33, time= 64.7s | Train: skip eval | Valid: time=  3.2s loss=0.215, TAw acc= 95.5% | lr=5.5e-03
| Epoch  34, time= 65.0s | Train: skip eval | Valid: time=  3.3s loss=0.190, TAw acc= 95.1% | lr=5.3e-03
| Epoch  35, time= 64.5s | Train: skip eval | Valid: time=  3.5s loss=0.215, TAw acc= 95.1% | lr=5.1e-03
| Epoch  36, time= 64.7s | Train: skip eval | Valid: time=  3.9s loss=0.202, TAw acc= 95.1% | lr=4.8e-03
| Epoch  37, time= 64.8s | Train: skip eval | Valid: time=  3.8s loss=0.199, TAw acc= 95.6% | lr=4.6e-03
| Epoch  38, time= 64.6s | Train: skip eval | Valid: time=  3.7s loss=0.201, TAw acc= 95.1% | lr=4.4e-03
| Epoch  39, time= 64.5s | Train: skip eval | Valid: time=  3.8s loss=0.194, TAw acc= 96.0% | lr=4.2e-03
| Epoch  40, time= 64.7s | Train: skip eval | Valid: time=  3.4s loss=0.193, TAw acc= 95.7% | lr=3.9e-03
| Epoch  41, time= 64.6s | Train: skip eval | Valid: time=  3.3s loss=0.191, TAw acc= 95.7% | lr=3.7e-03
| Epoch  42, time= 65.0s | Train: skip eval | Valid: time=  3.8s loss=0.207, TAw acc= 95.2% | lr=3.5e-03
| Epoch  43, time= 64.6s | Train: skip eval | Valid: time=  3.5s loss=0.201, TAw acc= 95.7% | lr=3.3e-03
| Epoch  44, time= 64.7s | Train: skip eval | Valid: time=  4.1s loss=0.210, TAw acc= 95.6% | lr=3.1e-03
| Epoch  45, time= 64.5s | Train: skip eval | Valid: time=  3.3s loss=0.207, TAw acc= 95.1% | lr=2.9e-03
| Epoch  46, time= 64.7s | Train: skip eval | Valid: time=  3.6s loss=0.209, TAw acc= 94.9% | lr=2.7e-03
| Epoch  47, time= 64.6s | Train: skip eval | Valid: time=  3.5s loss=0.199, TAw acc= 95.5% | lr=2.5e-03
| Epoch  48, time= 64.5s | Train: skip eval | Valid: time=  3.5s loss=0.200, TAw acc= 95.2% | lr=2.3e-03
| Epoch  49, time= 64.5s | Train: skip eval | Valid: time=  3.7s loss=0.200, TAw acc= 95.2% | lr=2.1e-03
| Epoch  50, time= 64.9s | Train: skip eval | Valid: time=  3.7s loss=0.199, TAw acc= 95.5% | lr=2.0e-03
| Epoch  51, time= 64.9s | Train: skip eval | Valid: time=  3.2s loss=0.197, TAw acc= 95.3% | lr=1.8e-03
| Epoch  52, time= 64.9s | Train: skip eval | Valid: time=  3.6s loss=0.201, TAw acc= 95.3% | lr=1.6e-03
| Epoch  53, time= 64.7s | Train: skip eval | Valid: time=  3.4s loss=0.198, TAw acc= 95.3% | lr=1.5e-03
| Epoch  54, time= 64.6s | Train: skip eval | Valid: time=  3.3s loss=0.202, TAw acc= 95.2% | lr=1.3e-03
| Epoch  55, time= 64.4s | Train: skip eval | Valid: time=  3.5s loss=0.206, TAw acc= 95.6% | lr=1.2e-03
| Epoch  56, time= 64.6s | Train: skip eval | Valid: time=  3.7s loss=0.202, TAw acc= 95.5% | lr=1.0e-03
| Epoch  57, time= 64.9s | Train: skip eval | Valid: time=  3.3s loss=0.200, TAw acc= 95.3% | lr=9.2e-04
| Epoch  58, time= 64.9s | Train: skip eval | Valid: time=  4.0s loss=0.199, TAw acc= 95.7% | lr=8.0e-04
| Epoch  59, time= 64.9s | Train: skip eval | Valid: time=  3.2s loss=0.201, TAw acc= 95.6% | lr=6.9e-04
| Epoch  60, time= 64.6s | Train: skip eval | Valid: time=  3.4s loss=0.199, TAw acc= 95.7% | lr=5.9e-04
| Epoch  61, time= 64.5s | Train: skip eval | Valid: time=  3.5s loss=0.196, TAw acc= 95.9% | lr=5.0e-04
| Epoch  62, time= 65.0s | Train: skip eval | Valid: time=  3.3s loss=0.199, TAw acc= 95.7% | lr=4.2e-04
| Epoch  63, time= 65.0s | Train: skip eval | Valid: time=  3.4s loss=0.200, TAw acc= 95.7% | lr=3.4e-04
| Epoch  64, time= 65.3s | Train: skip eval | Valid: time=  3.9s loss=0.200, TAw acc= 95.7% | lr=2.8e-04
| Epoch  65, time= 65.0s | Train: skip eval | Valid: time=  3.5s loss=0.200, TAw acc= 95.9% | lr=2.2e-04
| Epoch  66, time= 64.8s | Train: skip eval | Valid: time=  3.3s loss=0.199, TAw acc= 95.9% | lr=1.8e-04
| Epoch  67, time= 64.8s | Train: skip eval | Valid: time=  3.6s loss=0.198, TAw acc= 95.9% | lr=1.4e-04
| Epoch  68, time= 64.5s | Train: skip eval | Valid: time=  3.8s loss=0.198, TAw acc= 95.9% | lr=1.2e-04
| Epoch  69, time= 64.6s | Train: skip eval | Valid: time=  3.5s loss=0.198, TAw acc= 95.9% | lr=1.0e-04
| Epoch  70, time= 64.5s | Train: skip eval | Valid: time=  3.3s loss=0.198, TAw acc= 95.9% | lr=1.0e-04
| Selected 2030 train exemplars, time=  2.4s
------------------------------------------------------------------------------------------------------------
>>> Test on task  0 : loss=0.156 | TAw acc= 95.7%, forg=  1.5% | TAg acc= 70.4%, forg= 26.7% <<<
>>> Test on task  1 : loss=0.137 | TAw acc= 97.8%, forg=  1.1% | TAg acc= 77.0%, forg= 21.2% <<<
>>> Test on task  2 : loss=0.237 | TAw acc= 96.8%, forg=  0.9% | TAg acc= 70.2%, forg= 27.1% <<<
>>> Test on task  3 : loss=0.211 | TAw acc= 97.8%, forg=  0.8% | TAg acc= 80.2%, forg= 17.7% <<<
>>> Test on task  4 : loss=0.238 | TAw acc= 96.8%, forg=  1.3% | TAg acc= 81.4%, forg= 15.9% <<<
>>> Test on task  5 : loss=0.289 | TAw acc= 97.2%, forg=  0.3% | TAg acc= 78.0%, forg= 19.2% <<<
>>> Test on task  6 : loss=0.088 | TAw acc= 97.8%, forg=  0.0% | TAg acc= 97.3%, forg=  0.0% <<<
Save at ./results/./results/vit_base_patch16_224.orig_in21k/food101/replay/10
************************************************************************************************************
TAw Acc
	 97.1%   0.0%   0.0%   0.0%   0.0%   0.0%   0.0%   0.0%   0.0%   0.0% 	Avg.: 97.1% 
	 97.2%  98.9%   0.0%   0.0%   0.0%   0.0%   0.0%   0.0%   0.0%   0.0% 	Avg.: 98.1% 
	 96.6%  98.3%  97.7%   0.0%   0.0%   0.0%   0.0%   0.0%   0.0%   0.0% 	Avg.: 97.5% 
	 96.5%  98.0%  96.7%  98.6%   0.0%   0.0%   0.0%   0.0%   0.0%   0.0% 	Avg.: 97.4% 
	 95.8%  97.9%  96.2%  98.1%  98.1%   0.0%   0.0%   0.0%   0.0%   0.0% 	Avg.: 97.2% 
	 95.6%  98.3%  96.6%  98.0%  97.2%  97.6%   0.0%   0.0%   0.0%   0.0% 	Avg.: 97.2% 
	 95.7%  97.8%  96.8%  97.8%  96.8%  97.2%  97.8%   0.0%   0.0%   0.0% 	Avg.: 97.1% 
	  0.0%   0.0%   0.0%   0.0%   0.0%   0.0%   0.0%   0.0%   0.0%   0.0% 	Avg.:  0.0% 
	  0.0%   0.0%   0.0%   0.0%   0.0%   0.0%   0.0%   0.0%   0.0%   0.0% 	Avg.:  0.0% 
	  0.0%   0.0%   0.0%   0.0%   0.0%   0.0%   0.0%   0.0%   0.0%   0.0% 	Avg.:  0.0% 
************************************************************************************************************
TAg Acc
	 97.1%   0.0%   0.0%   0.0%   0.0%   0.0%   0.0%   0.0%   0.0%   0.0% 	Avg.: 97.1% 
	 93.6%  98.2%   0.0%   0.0%   0.0%   0.0%   0.0%   0.0%   0.0%   0.0% 	Avg.: 95.9% 
	 90.9%  92.1%  97.3%   0.0%   0.0%   0.0%   0.0%   0.0%   0.0%   0.0% 	Avg.: 93.4% 
	 87.2%  87.1%  87.0%  97.9%   0.0%   0.0%   0.0%   0.0%   0.0%   0.0% 	Avg.: 89.8% 
	 81.2%  82.4%  76.3%  86.1%  97.2%   0.0%   0.0%   0.0%   0.0%   0.0% 	Avg.: 84.7% 
	 79.7%  80.4%  77.6%  81.7%  85.4%  97.2%   0.0%   0.0%   0.0%   0.0% 	Avg.: 83.7% 
	 70.4%  77.0%  70.2%  80.2%  81.4%  78.0%  97.3%   0.0%   0.0%   0.0% 	Avg.: 79.2% 
	  0.0%   0.0%   0.0%   0.0%   0.0%   0.0%   0.0%   0.0%   0.0%   0.0% 	Avg.:  0.0% 
	  0.0%   0.0%   0.0%   0.0%   0.0%   0.0%   0.0%   0.0%   0.0%   0.0% 	Avg.:  0.0% 
	  0.0%   0.0%   0.0%   0.0%   0.0%   0.0%   0.0%   0.0%   0.0%   0.0% 	Avg.:  0.0% 
************************************************************************************************************
TAw Forg
	  0.0%   0.0%   0.0%   0.0%   0.0%   0.0%   0.0%   0.0%   0.0%   0.0% 
	 -0.1%   0.0%   0.0%   0.0%   0.0%   0.0%   0.0%   0.0%   0.0%   0.0% 	Avg.: -0.1% 
	  0.6%   0.6%   0.0%   0.0%   0.0%   0.0%   0.0%   0.0%   0.0%   0.0% 	Avg.:  0.6% 
	  0.8%   0.9%   1.0%   0.0%   0.0%   0.0%   0.0%   0.0%   0.0%   0.0% 	Avg.:  0.9% 
	  1.4%   1.0%   1.5%   0.4%   0.0%   0.0%   0.0%   0.0%   0.0%   0.0% 	Avg.:  1.1% 
	  1.7%   0.6%   1.0%   0.6%   0.8%   0.0%   0.0%   0.0%   0.0%   0.0% 	Avg.:  0.9% 
	  1.5%   1.1%   0.9%   0.8%   1.3%   0.3%   0.0%   0.0%   0.0%   0.0% 	Avg.:  1.0% 
	  0.0%   0.0%   0.0%   0.0%   0.0%   0.0%   0.0%   0.0%   0.0%   0.0% 	Avg.:  0.0% 
	  0.0%   0.0%   0.0%   0.0%   0.0%   0.0%   0.0%   0.0%   0.0%   0.0% 	Avg.:  0.0% 
	  0.0%   0.0%   0.0%   0.0%   0.0%   0.0%   0.0%   0.0%   0.0%   0.0% 	Avg.:  0.0% 
************************************************************************************************************
TAg Forg
	  0.0%   0.0%   0.0%   0.0%   0.0%   0.0%   0.0%   0.0%   0.0%   0.0% 
	  3.5%   0.0%   0.0%   0.0%   0.0%   0.0%   0.0%   0.0%   0.0%   0.0% 	Avg.:  3.5% 
	  6.2%   6.0%   0.0%   0.0%   0.0%   0.0%   0.0%   0.0%   0.0%   0.0% 	Avg.:  6.1% 
	 10.0%  11.1%  10.2%   0.0%   0.0%   0.0%   0.0%   0.0%   0.0%   0.0% 	Avg.: 10.4% 
	 15.9%  15.7%  21.0%  11.8%   0.0%   0.0%   0.0%   0.0%   0.0%   0.0% 	Avg.: 16.1% 
	 17.4%  17.7%  19.6%  16.2%  11.9%   0.0%   0.0%   0.0%   0.0%   0.0% 	Avg.: 16.6% 
	 26.7%  21.2%  27.1%  17.7%  15.9%  19.2%   0.0%   0.0%   0.0%   0.0% 	Avg.: 21.3% 
	  0.0%   0.0%   0.0%   0.0%   0.0%   0.0%   0.0%   0.0%   0.0%   0.0% 	Avg.:  0.0% 
	  0.0%   0.0%   0.0%   0.0%   0.0%   0.0%   0.0%   0.0%   0.0%   0.0% 	Avg.:  0.0% 
	  0.0%   0.0%   0.0%   0.0%   0.0%   0.0%   0.0%   0.0%   0.0%   0.0% 	Avg.:  0.0% 
************************************************************************************************************
[Elapsed time = 1.4 h]
Done!
