START_TASK=6 STOP_TASK=7
============================================================================================================
Arguments =
	all_outputs: False
	approach: ewc
	batch_size: 64
	classes_first_task: None
	clipping: 10000
	crop: 224
	dataset: cifar100
	eval_on_train: False
	experiment_path: None
	fix_bn: False
	freeze_backbone: False
	gpu: 0
	gpus: [0]
	increment: 10
	last_layer_analysis: False
	log: ['disk']
	lr: 0.01
	lr_factor: None
	lr_min: 0.0001
	lr_patience: None
	lr_scheduler: cosine
	lr_warmup_epochs: 0
	momentum: 0.0
	multi_softmax: False
	nepochs: 50
	network: resnet50.a1_in1k
	no_cudnn_deterministic: False
	normalize: in1k
	num_workers: 2
	optimizer_name: sgd
	pin_memory: False
	pretrained: True
	resize: 224
	results_path: ./results
	save_models: True
	seed: 0
	start_at_task: 6
	start_epoch: 0
	stop_at_task: 7
	stop_epoch: 0
	use_valid_only: False
	warmup_lr_factor: 1.0
	warmup_nepochs: 0
	weight_decay: 0.0
============================================================================================================
Approach arguments =
	alpha: -1
	fi_num_samples: -1
	fi_sampling_type: true
	lamb: 5000
============================================================================================================
Exemplars arguments =
============================================================================================================
WARNING: ./results/resnet50.a1_in1k/cifar100/ewc/10 already exists!
Loaded acc_taw from: ./results/resnet50.a1_in1k/cifar100/ewc/10/acc_taw-5.txt
Loaded acc_tag from: ./results/resnet50.a1_in1k/cifar100/ewc/10/acc_tag-5.txt
Loaded forg_taw from: ./results/resnet50.a1_in1k/cifar100/ewc/10/forg_taw-5.txt
Loaded forg_tag from: ./results/resnet50.a1_in1k/cifar100/ewc/10/forg_tag-5.txt
Fisher: 159 layers | older_params: 159 layers loaded
************************************************************************************************************
Task  6  [epochs 0-50]
************************************************************************************************************
[params] total:23,651,462  trainable:23,651,462  tensors:173  trainable_tensors:173
| Epoch   1, time=  9.7s | Train: skip eval | Valid: time=  0.8s loss=1.676, TAw acc= 76.0% | * lr=1.0e-02
| Epoch   2, time=  8.8s | Train: skip eval | Valid: time=  0.8s loss=1.288, TAw acc= 81.4% | * lr=1.0e-02
| Epoch   3, time=  9.0s | Train: skip eval | Valid: time=  0.7s loss=1.033, TAw acc= 84.6% | * lr=9.9e-03
| Epoch   4, time=  8.7s | Train: skip eval | Valid: time=  0.7s loss=0.869, TAw acc= 86.2% | * lr=9.8e-03
| Epoch   5, time=  8.9s | Train: skip eval | Valid: time=  0.7s loss=0.766, TAw acc= 87.0% | * lr=9.8e-03
| Epoch   6, time=  8.7s | Train: skip eval | Valid: time=  0.8s loss=0.725, TAw acc= 86.4% | * lr=9.7e-03
| Epoch   7, time=  9.0s | Train: skip eval | Valid: time=  0.8s loss=0.639, TAw acc= 88.2% | * lr=9.5e-03
| Epoch   8, time=  9.0s | Train: skip eval | Valid: time=  0.8s loss=0.598, TAw acc= 88.8% | * lr=9.4e-03
| Epoch   9, time=  9.0s | Train: skip eval | Valid: time=  0.8s loss=0.567, TAw acc= 87.2% | * lr=9.2e-03
| Epoch  10, time=  9.0s | Train: skip eval | Valid: time=  0.7s loss=0.526, TAw acc= 88.4% | * lr=9.1e-03
| Epoch  11, time=  9.0s | Train: skip eval | Valid: time=  0.8s loss=0.521, TAw acc= 88.4% | * lr=8.9e-03
| Epoch  12, time=  9.0s | Train: skip eval | Valid: time=  0.7s loss=0.470, TAw acc= 89.6% | * lr=8.7e-03
| Epoch  13, time=  9.0s | Train: skip eval | Valid: time=  0.7s loss=0.474, TAw acc= 89.0% | lr=8.4e-03
| Epoch  14, time=  8.9s | Train: skip eval | Valid: time=  0.7s loss=0.482, TAw acc= 89.0% | lr=8.2e-03
| Epoch  15, time=  8.9s | Train: skip eval | Valid: time=  0.8s loss=0.427, TAw acc= 90.6% | * lr=8.0e-03
| Epoch  16, time=  8.4s | Train: skip eval | Valid: time=  0.8s loss=0.427, TAw acc= 89.6% | lr=7.7e-03
| Epoch  17, time=  8.6s | Train: skip eval | Valid: time=  0.7s loss=0.504, TAw acc= 88.0% | lr=7.4e-03
| Epoch  18, time=  9.0s | Train: skip eval | Valid: time=  0.8s loss=0.419, TAw acc= 90.0% | * lr=7.2e-03
| Epoch  19, time=  9.0s | Train: skip eval | Valid: time=  1.6s loss=0.382, TAw acc= 90.2% | * lr=6.9e-03
| Epoch  20, time=  9.0s | Train: skip eval | Valid: time=  0.8s loss=0.381, TAw acc= 89.2% | * lr=6.6e-03
| Epoch  21, time=  8.7s | Train: skip eval | Valid: time=  0.7s loss=0.389, TAw acc= 90.4% | lr=6.3e-03
| Epoch  22, time=  9.0s | Train: skip eval | Valid: time=  0.8s loss=0.383, TAw acc= 89.8% | lr=6.0e-03
| Epoch  23, time=  9.0s | Train: skip eval | Valid: time=  0.7s loss=0.364, TAw acc= 90.4% | * lr=5.7e-03
| Epoch  24, time=  9.0s | Train: skip eval | Valid: time=  0.7s loss=0.391, TAw acc= 90.0% | lr=5.4e-03
| Epoch  25, time=  9.0s | Train: skip eval | Valid: time=  0.7s loss=0.384, TAw acc= 90.0% | lr=5.1e-03
| Epoch  26, time=  9.0s | Train: skip eval | Valid: time=  0.8s loss=0.325, TAw acc= 90.8% | * lr=4.7e-03
| Epoch  27, time=  9.2s | Train: skip eval | Valid: time=  0.9s loss=0.339, TAw acc= 91.2% | lr=4.4e-03
| Epoch  28, time=  9.9s | Train: skip eval | Valid: time=  0.8s loss=0.342, TAw acc= 89.4% | lr=4.1e-03
| Epoch  29, time=  8.9s | Train: skip eval | Valid: time=  0.8s loss=0.338, TAw acc= 90.8% | lr=3.8e-03
| Epoch  30, time=  9.0s | Train: skip eval | Valid: time=  0.7s loss=0.322, TAw acc= 91.8% | * lr=3.5e-03
| Epoch  31, time=  8.9s | Train: skip eval | Valid: time=  0.8s loss=0.332, TAw acc= 90.2% | lr=3.2e-03
| Epoch  32, time=  8.6s | Train: skip eval | Valid: time=  0.7s loss=0.328, TAw acc= 91.0% | lr=2.9e-03
| Epoch  33, time=  9.0s | Train: skip eval | Valid: time=  1.6s loss=0.357, TAw acc= 90.2% | lr=2.7e-03
| Epoch  34, time=  9.0s | Train: skip eval | Valid: time=  0.8s loss=0.330, TAw acc= 90.6% | lr=2.4e-03
| Epoch  35, time=  9.0s | Train: skip eval | Valid: time=  0.7s loss=0.327, TAw acc= 90.6% | lr=2.1e-03
| Epoch  36, time=  8.6s | Train: skip eval | Valid: time=  0.8s loss=0.312, TAw acc= 90.8% | * lr=1.9e-03
| Epoch  37, time=  8.7s | Train: skip eval | Valid: time=  0.7s loss=0.310, TAw acc= 91.0% | * lr=1.7e-03
| Epoch  38, time=  9.0s | Train: skip eval | Valid: time=  0.7s loss=0.309, TAw acc= 91.0% | * lr=1.4e-03
| Epoch  39, time=  9.0s | Train: skip eval | Valid: time=  0.7s loss=0.307, TAw acc= 90.8% | * lr=1.2e-03
| Epoch  40, time=  8.9s | Train: skip eval | Valid: time=  0.7s loss=0.309, TAw acc= 91.6% | lr=1.0e-03
| Epoch  41, time=  8.7s | Train: skip eval | Valid: time=  0.8s loss=0.300, TAw acc= 91.6% | * lr=8.7e-04
| Epoch  42, time=  9.0s | Train: skip eval | Valid: time=  0.8s loss=0.304, TAw acc= 90.6% | lr=7.1e-04
| Epoch  43, time=  8.7s | Train: skip eval | Valid: time=  0.8s loss=0.304, TAw acc= 91.0% | lr=5.7e-04
| Epoch  44, time=  9.0s | Train: skip eval | Valid: time=  0.8s loss=0.306, TAw acc= 91.2% | lr=4.5e-04
| Epoch  45, time=  8.5s | Train: skip eval | Valid: time=  0.7s loss=0.306, TAw acc= 91.4% | lr=3.4e-04
| Epoch  46, time=  8.9s | Train: skip eval | Valid: time=  0.8s loss=0.300, TAw acc= 90.6% | * lr=2.6e-04
| Epoch  47, time=  8.6s | Train: skip eval | Valid: time=  0.7s loss=0.301, TAw acc= 91.6% | lr=1.9e-04
| Epoch  48, time=  8.7s | Train: skip eval | Valid: time=  0.7s loss=0.305, TAw acc= 91.6% | lr=1.4e-04
| Epoch  49, time=  8.9s | Train: skip eval | Valid: time=  0.7s loss=0.301, TAw acc= 91.4% | lr=1.1e-04
| Epoch  50, time=  8.9s | Train: skip eval | Valid: time=  0.7s loss=0.309, TAw acc= 90.8% | lr=1.0e-04
------------------------------------------------------------------------------------------------------------
>>> Test on task  0 : loss=0.589 | TAw acc= 80.5%, forg= -1.7% | TAg acc= 40.9%, forg= 30.7% <<<
>>> Test on task  1 : loss=0.334 | TAw acc= 89.7%, forg=  0.3% | TAg acc= 60.4%, forg= 19.3% <<<
>>> Test on task  2 : loss=0.351 | TAw acc= 88.5%, forg=  1.8% | TAg acc= 63.3%, forg= 11.2% <<<
>>> Test on task  3 : loss=0.614 | TAw acc= 78.9%, forg=  2.9% | TAg acc= 44.2%, forg=  9.9% <<<
>>> Test on task  4 : loss=0.289 | TAw acc= 91.5%, forg= -0.1% | TAg acc= 72.3%, forg=  0.7% <<<
>>> Test on task  5 : loss=0.381 | TAw acc= 85.5%, forg=  0.9% | TAg acc= 56.2%, forg=  0.7% <<<
>>> Test on task  6 : loss=0.342 | TAw acc= 89.2%, forg=  0.0% | TAg acc= 56.8%, forg=  0.0% <<<
Save at ./results/./results/resnet50.a1_in1k/cifar100/ewc/10
************************************************************************************************************
TAw Acc
	 71.6%   0.0%   0.0%   0.0%   0.0%   0.0%   0.0%   0.0%   0.0%   0.0% 	Avg.: 71.6% 
	 74.7%  89.6%   0.0%   0.0%   0.0%   0.0%   0.0%   0.0%   0.0%   0.0% 	Avg.: 82.2% 
	 75.0%  90.0%  90.3%   0.0%   0.0%   0.0%   0.0%   0.0%   0.0%   0.0% 	Avg.: 85.1% 
	 72.3%  82.7%  83.3%  81.6%   0.0%   0.0%   0.0%   0.0%   0.0%   0.0% 	Avg.: 80.0% 
	 78.8%  88.5%  87.3%  80.9%  91.4%   0.0%   0.0%   0.0%   0.0%   0.0% 	Avg.: 85.4% 
	 77.6%  87.3%  90.1%  81.8%  90.4%  86.4%   0.0%   0.0%   0.0%   0.0% 	Avg.: 85.6% 
	 80.5%  89.7%  88.5%  78.9%  91.5%  85.5%  89.2%   0.0%   0.0%   0.0% 	Avg.: 86.3% 
	  0.0%   0.0%   0.0%   0.0%   0.0%   0.0%   0.0%   0.0%   0.0%   0.0% 	Avg.:  0.0% 
	  0.0%   0.0%   0.0%   0.0%   0.0%   0.0%   0.0%   0.0%   0.0%   0.0% 	Avg.:  0.0% 
	  0.0%   0.0%   0.0%   0.0%   0.0%   0.0%   0.0%   0.0%   0.0%   0.0% 	Avg.:  0.0% 
************************************************************************************************************
TAg Acc
	 71.6%   0.0%   0.0%   0.0%   0.0%   0.0%   0.0%   0.0%   0.0%   0.0% 	Avg.: 71.6% 
	 57.7%  79.7%   0.0%   0.0%   0.0%   0.0%   0.0%   0.0%   0.0%   0.0% 	Avg.: 68.7% 
	 48.8%  69.7%  74.5%   0.0%   0.0%   0.0%   0.0%   0.0%   0.0%   0.0% 	Avg.: 64.3% 
	 42.1%  54.7%  66.2%  54.1%   0.0%   0.0%   0.0%   0.0%   0.0%   0.0% 	Avg.: 54.3% 
	 44.7%  64.8%  67.3%  50.7%  73.0%   0.0%   0.0%   0.0%   0.0%   0.0% 	Avg.: 60.1% 
	 42.9%  64.0%  67.2%  46.6%  70.0%  56.9%   0.0%   0.0%   0.0%   0.0% 	Avg.: 57.9% 
	 40.9%  60.4%  63.3%  44.2%  72.3%  56.2%  56.8%   0.0%   0.0%   0.0% 	Avg.: 56.3% 
	  0.0%   0.0%   0.0%   0.0%   0.0%   0.0%   0.0%   0.0%   0.0%   0.0% 	Avg.:  0.0% 
	  0.0%   0.0%   0.0%   0.0%   0.0%   0.0%   0.0%   0.0%   0.0%   0.0% 	Avg.:  0.0% 
	  0.0%   0.0%   0.0%   0.0%   0.0%   0.0%   0.0%   0.0%   0.0%   0.0% 	Avg.:  0.0% 
************************************************************************************************************
TAw Forg
	  0.0%   0.0%   0.0%   0.0%   0.0%   0.0%   0.0%   0.0%   0.0%   0.0% 
	 -3.1%   0.0%   0.0%   0.0%   0.0%   0.0%   0.0%   0.0%   0.0%   0.0% 	Avg.: -3.1% 
	 -0.3%  -0.4%   0.0%   0.0%   0.0%   0.0%   0.0%   0.0%   0.0%   0.0% 	Avg.: -0.4% 
	  2.7%   7.3%   7.0%   0.0%   0.0%   0.0%   0.0%   0.0%   0.0%   0.0% 	Avg.:  5.7% 
	 -3.8%   1.5%   3.0%   0.7%   0.0%   0.0%   0.0%   0.0%   0.0%   0.0% 	Avg.:  0.4% 
	  1.2%   2.7%   0.2%  -0.2%   1.0%   0.0%   0.0%   0.0%   0.0%   0.0% 	Avg.:  1.0% 
	 -1.7%   0.3%   1.8%   2.9%  -0.1%   0.9%   0.0%   0.0%   0.0%   0.0% 	Avg.:  0.7% 
	  0.0%   0.0%   0.0%   0.0%   0.0%   0.0%   0.0%   0.0%   0.0%   0.0% 	Avg.:  0.0% 
	  0.0%   0.0%   0.0%   0.0%   0.0%   0.0%   0.0%   0.0%   0.0%   0.0% 	Avg.:  0.0% 
	  0.0%   0.0%   0.0%   0.0%   0.0%   0.0%   0.0%   0.0%   0.0%   0.0% 	Avg.:  0.0% 
************************************************************************************************************
TAg Forg
	  0.0%   0.0%   0.0%   0.0%   0.0%   0.0%   0.0%   0.0%   0.0%   0.0% 
	 13.9%   0.0%   0.0%   0.0%   0.0%   0.0%   0.0%   0.0%   0.0%   0.0% 	Avg.: 13.9% 
	 22.8%  10.0%   0.0%   0.0%   0.0%   0.0%   0.0%   0.0%   0.0%   0.0% 	Avg.: 16.4% 
	 29.5%  25.0%   8.3%   0.0%   0.0%   0.0%   0.0%   0.0%   0.0%   0.0% 	Avg.: 20.9% 
	 26.9%  14.9%   7.2%   3.4%   0.0%   0.0%   0.0%   0.0%   0.0%   0.0% 	Avg.: 13.1% 
	 28.7%  15.7%   7.3%   7.5%   3.0%   0.0%   0.0%   0.0%   0.0%   0.0% 	Avg.: 12.4% 
	 30.7%  19.3%  11.2%   9.9%   0.7%   0.7%   0.0%   0.0%   0.0%   0.0% 	Avg.: 12.1% 
	  0.0%   0.0%   0.0%   0.0%   0.0%   0.0%   0.0%   0.0%   0.0%   0.0% 	Avg.:  0.0% 
	  0.0%   0.0%   0.0%   0.0%   0.0%   0.0%   0.0%   0.0%   0.0%   0.0% 	Avg.:  0.0% 
	  0.0%   0.0%   0.0%   0.0%   0.0%   0.0%   0.0%   0.0%   0.0%   0.0% 	Avg.:  0.0% 
************************************************************************************************************
[Elapsed time = 0.1 h]
Done!
