START_TASK=4 STOP_TASK=5
============================================================================================================
Arguments =
	all_outputs: False
	approach: simplecil_v2
	batch_size: 64
	classes_first_task: None
	clipping: 10000
	crop: 224
	dataset: cifar100
	eval_on_train: False
	experiment_path: None
	fix_bn: False
	freeze_backbone: False
	gpu: 0
	increment: 10
	log: ['disk']
	lr: 0.01
	lr_factor: None
	lr_min: None
	lr_patience: None
	lr_scheduler: None
	lr_warmup_epochs: 0
	momentum: 0.0
	multi_softmax: False
	nepochs: 1
	network: vit_small_patch16_224.augreg_in1k
	no_cudnn_deterministic: False
	normalize: in1k
	num_workers: 2
	optimizer_name: sgd
	pin_memory: False
	pretrained: True
	resize: 224
	results_path: ../results
	save_models: True
	seed: 0
	start_at_task: 4
	stop_at_task: 5
	use_valid_only: False
	warmup_lr_factor: 1.0
	warmup_nepochs: 0
	weight_decay: 0.0
============================================================================================================
Approach arguments =
============================================================================================================
Exemplars dataset arguments =
============================================================================================================
WARNING: ../results/vit_small_patch16_224.augreg_in1k/cifar100/simplecil_v2/10 already exists!
Loaded acc_taw from: ../results/vit_small_patch16_224.augreg_in1k/cifar100/simplecil_v2/10/acc_taw-3.txt
Loaded acc_tag from: ../results/vit_small_patch16_224.augreg_in1k/cifar100/simplecil_v2/10/acc_tag-3.txt
Loaded forg_taw from: ../results/vit_small_patch16_224.augreg_in1k/cifar100/simplecil_v2/10/forg_taw-3.txt
Loaded forg_tag from: ../results/vit_small_patch16_224.augreg_in1k/cifar100/simplecil_v2/10/forg_tag-3.txt
Loaded 40 prototypes from ../results/vit_small_patch16_224.augreg_in1k/cifar100/simplecil_v2/10/task3_prototypes.pth
************************************************************************************************************
Task  4
************************************************************************************************************

[Task 4] Computing prototypes ...
   -> Stored 10 prototypes. Total seen classes: 50
------------------------------------------------------------------------------------------------------------
>>> Test on task  0 : loss=0.000 | TAw acc= 79.7%, forg=  0.0%| TAg acc= 64.1%, forg= 15.6% <<<
>>> Test on task  1 : loss=0.000 | TAw acc= 89.4%, forg=  0.0%| TAg acc= 69.1%, forg=  9.6% <<<
>>> Test on task  2 : loss=0.000 | TAw acc= 87.1%, forg=  0.0%| TAg acc= 66.1%, forg=  5.3% <<<
>>> Test on task  3 : loss=0.000 | TAw acc= 75.7%, forg=  0.0%| TAg acc= 57.7%, forg=  3.5% <<<
>>> Test on task  4 : loss=0.000 | TAw acc= 89.6%, forg=  0.0%| TAg acc= 76.7%, forg=  0.0% <<<
Save at ../results/../results/vit_small_patch16_224.augreg_in1k/cifar100/simplecil_v2/10
************************************************************************************************************
TAw Acc
	 79.7%   0.0%   0.0%   0.0%   0.0%   0.0%   0.0%   0.0%   0.0%   0.0% 	Avg.: 79.7% 
	 79.7%  89.4%   0.0%   0.0%   0.0%   0.0%   0.0%   0.0%   0.0%   0.0% 	Avg.: 84.6% 
	 79.7%  89.4%  87.1%   0.0%   0.0%   0.0%   0.0%   0.0%   0.0%   0.0% 	Avg.: 85.4% 
	 79.7%  89.4%  87.1%  75.7%   0.0%   0.0%   0.0%   0.0%   0.0%   0.0% 	Avg.: 83.0% 
	 79.7%  89.4%  87.1%  75.7%  89.6%   0.0%   0.0%   0.0%   0.0%   0.0% 	Avg.: 84.3% 
	  0.0%   0.0%   0.0%   0.0%   0.0%   0.0%   0.0%   0.0%   0.0%   0.0% 	Avg.:  0.0% 
	  0.0%   0.0%   0.0%   0.0%   0.0%   0.0%   0.0%   0.0%   0.0%   0.0% 	Avg.:  0.0% 
	  0.0%   0.0%   0.0%   0.0%   0.0%   0.0%   0.0%   0.0%   0.0%   0.0% 	Avg.:  0.0% 
	  0.0%   0.0%   0.0%   0.0%   0.0%   0.0%   0.0%   0.0%   0.0%   0.0% 	Avg.:  0.0% 
	  0.0%   0.0%   0.0%   0.0%   0.0%   0.0%   0.0%   0.0%   0.0%   0.0% 	Avg.:  0.0% 
************************************************************************************************************
TAg Acc
	 79.7%   0.0%   0.0%   0.0%   0.0%   0.0%   0.0%   0.0%   0.0%   0.0% 	Avg.: 79.7% 
	 74.1%  78.7%   0.0%   0.0%   0.0%   0.0%   0.0%   0.0%   0.0%   0.0% 	Avg.: 76.4% 
	 70.4%  74.9%  71.4%   0.0%   0.0%   0.0%   0.0%   0.0%   0.0%   0.0% 	Avg.: 72.2% 
	 67.1%  70.7%  69.1%  61.2%   0.0%   0.0%   0.0%   0.0%   0.0%   0.0% 	Avg.: 67.0% 
	 64.1%  69.1%  66.1%  57.7%  76.7%   0.0%   0.0%   0.0%   0.0%   0.0% 	Avg.: 66.7% 
	  0.0%   0.0%   0.0%   0.0%   0.0%   0.0%   0.0%   0.0%   0.0%   0.0% 	Avg.:  0.0% 
	  0.0%   0.0%   0.0%   0.0%   0.0%   0.0%   0.0%   0.0%   0.0%   0.0% 	Avg.:  0.0% 
	  0.0%   0.0%   0.0%   0.0%   0.0%   0.0%   0.0%   0.0%   0.0%   0.0% 	Avg.:  0.0% 
	  0.0%   0.0%   0.0%   0.0%   0.0%   0.0%   0.0%   0.0%   0.0%   0.0% 	Avg.:  0.0% 
	  0.0%   0.0%   0.0%   0.0%   0.0%   0.0%   0.0%   0.0%   0.0%   0.0% 	Avg.:  0.0% 
************************************************************************************************************
TAw Forg
	  0.0%   0.0%   0.0%   0.0%   0.0%   0.0%   0.0%   0.0%   0.0%   0.0% 
	  0.0%   0.0%   0.0%   0.0%   0.0%   0.0%   0.0%   0.0%   0.0%   0.0% 	Avg.:  0.0% 
	  0.0%   0.0%   0.0%   0.0%   0.0%   0.0%   0.0%   0.0%   0.0%   0.0% 	Avg.:  0.0% 
	  0.0%   0.0%   0.0%   0.0%   0.0%   0.0%   0.0%   0.0%   0.0%   0.0% 	Avg.:  0.0% 
	  0.0%   0.0%   0.0%   0.0%   0.0%   0.0%   0.0%   0.0%   0.0%   0.0% 	Avg.:  0.0% 
	  0.0%   0.0%   0.0%   0.0%   0.0%   0.0%   0.0%   0.0%   0.0%   0.0% 	Avg.:  0.0% 
	  0.0%   0.0%   0.0%   0.0%   0.0%   0.0%   0.0%   0.0%   0.0%   0.0% 	Avg.:  0.0% 
	  0.0%   0.0%   0.0%   0.0%   0.0%   0.0%   0.0%   0.0%   0.0%   0.0% 	Avg.:  0.0% 
	  0.0%   0.0%   0.0%   0.0%   0.0%   0.0%   0.0%   0.0%   0.0%   0.0% 	Avg.:  0.0% 
	  0.0%   0.0%   0.0%   0.0%   0.0%   0.0%   0.0%   0.0%   0.0%   0.0% 	Avg.:  0.0% 
************************************************************************************************************
TAg Forg
	  0.0%   0.0%   0.0%   0.0%   0.0%   0.0%   0.0%   0.0%   0.0%   0.0% 
	  5.6%   0.0%   0.0%   0.0%   0.0%   0.0%   0.0%   0.0%   0.0%   0.0% 	Avg.:  5.6% 
	  9.3%   3.8%   0.0%   0.0%   0.0%   0.0%   0.0%   0.0%   0.0%   0.0% 	Avg.:  6.5% 
	 12.6%   8.0%   2.3%   0.0%   0.0%   0.0%   0.0%   0.0%   0.0%   0.0% 	Avg.:  7.6% 
	 15.6%   9.6%   5.3%   3.5%   0.0%   0.0%   0.0%   0.0%   0.0%   0.0% 	Avg.:  8.5% 
	  0.0%   0.0%   0.0%   0.0%   0.0%   0.0%   0.0%   0.0%   0.0%   0.0% 	Avg.:  0.0% 
	  0.0%   0.0%   0.0%   0.0%   0.0%   0.0%   0.0%   0.0%   0.0%   0.0% 	Avg.:  0.0% 
	  0.0%   0.0%   0.0%   0.0%   0.0%   0.0%   0.0%   0.0%   0.0%   0.0% 	Avg.:  0.0% 
	  0.0%   0.0%   0.0%   0.0%   0.0%   0.0%   0.0%   0.0%   0.0%   0.0% 	Avg.:  0.0% 
	  0.0%   0.0%   0.0%   0.0%   0.0%   0.0%   0.0%   0.0%   0.0%   0.0% 	Avg.:  0.0% 
************************************************************************************************************
[Elapsed time = 0.0 h]
Done!
