START_TASK=4 STOP_TASK=5
============================================================================================================
Arguments =
	all_outputs: False
	approach: lwf
	batch_size: 64
	classes_first_task: None
	clipping: 10000
	crop: 224
	data_path: ../data/food101
	dataset: food101
	eval_on_train: False
	experiment_path: None
	fix_bn: False
	freeze_backbone: False
	gpu: 0
	gpus: [0]
	increment: 10
	last_layer_analysis: False
	log: ['disk']
	lr: 0.01
	lr_factor: None
	lr_min: 0.0001
	lr_patience: None
	lr_scheduler: cosine
	lr_warmup_epochs: 0
	momentum: 0.0
	multi_softmax: False
	nepochs: 70
	network: vit_small_patch16_224.augreg_in1k
	no_cudnn_deterministic: False
	normalize: in1k
	num_workers: 2
	optimizer_name: sgd
	pin_memory: False
	pretrained: True
	resize: 224
	results_path: ./results
	save_models: True
	seed: 0
	start_at_task: 4
	start_epoch: 0
	stop_at_task: 5
	stop_epoch: 0
	use_valid_only: False
	warmup_lr_factor: 1.0
	warmup_nepochs: 0
	weight_decay: 0.0
============================================================================================================
Approach arguments =
	T: 2
	lamb: 1.0
============================================================================================================
Exemplars arguments =
============================================================================================================
WARNING: ./results/vit_small_patch16_224.augreg_in1k/food101/lwf/10 already exists!
Loaded acc_taw from: ./results/vit_small_patch16_224.augreg_in1k/food101/lwf/10/acc_taw-3.txt
Loaded acc_tag from: ./results/vit_small_patch16_224.augreg_in1k/food101/lwf/10/acc_tag-3.txt
Loaded forg_taw from: ./results/vit_small_patch16_224.augreg_in1k/food101/lwf/10/forg_taw-3.txt
Loaded forg_tag from: ./results/vit_small_patch16_224.augreg_in1k/food101/lwf/10/forg_tag-3.txt
************************************************************************************************************
Task  4  [epochs 0-70]
************************************************************************************************************
[params] total:21,684,914  trainable:21,684,914  tensors:160  trainable_tensors:160
| Epoch   1, time= 31.2s | Train: skip eval | Valid: time=  2.8s loss=2.594, TAw acc= 90.7% | * lr=1.0e-02
| Epoch   2, time= 28.8s | Train: skip eval | Valid: time=  3.1s loss=2.534, TAw acc= 92.5% | * lr=1.0e-02
| Epoch   3, time= 27.7s | Train: skip eval | Valid: time=  3.4s loss=2.526, TAw acc= 92.3% | * lr=1.0e-02
| Epoch   4, time= 28.4s | Train: skip eval | Valid: time=  2.6s loss=2.518, TAw acc= 92.3% | * lr=9.9e-03
| Epoch   5, time= 26.1s | Train: skip eval | Valid: time=  2.7s loss=2.487, TAw acc= 93.6% | * lr=9.9e-03
| Epoch   6, time= 30.9s | Train: skip eval | Valid: time=  2.7s loss=2.483, TAw acc= 94.3% | * lr=9.8e-03
| Epoch   7, time= 28.2s | Train: skip eval | Valid: time=  2.5s loss=2.484, TAw acc= 93.1% | lr=9.8e-03
| Epoch   8, time= 30.7s | Train: skip eval | Valid: time=  2.6s loss=2.481, TAw acc= 93.6% | * lr=9.7e-03
| Epoch   9, time= 26.9s | Train: skip eval | Valid: time=  3.2s loss=2.485, TAw acc= 93.5% | lr=9.6e-03
| Epoch  10, time= 28.6s | Train: skip eval | Valid: time=  2.5s loss=2.458, TAw acc= 94.1% | * lr=9.5e-03
| Epoch  11, time= 28.0s | Train: skip eval | Valid: time=  2.5s loss=2.480, TAw acc= 93.2% | lr=9.4e-03
| Epoch  12, time= 29.5s | Train: skip eval | Valid: time=  2.6s loss=2.471, TAw acc= 93.9% | lr=9.3e-03
| Epoch  13, time= 26.4s | Train: skip eval | Valid: time=  2.7s loss=2.527, TAw acc= 91.9% | lr=9.2e-03
| Epoch  14, time= 26.3s | Train: skip eval | Valid: time=  3.4s loss=2.467, TAw acc= 94.0% | lr=9.1e-03
| Epoch  15, time= 28.3s | Train: skip eval | Valid: time=  3.3s loss=2.483, TAw acc= 93.6% | lr=8.9e-03
| Epoch  16, time= 31.3s | Train: skip eval | Valid: time=  3.0s loss=2.463, TAw acc= 94.0% | lr=8.8e-03
| Epoch  17, time= 28.5s | Train: skip eval | Valid: time=  2.6s loss=2.453, TAw acc= 94.8% | * lr=8.6e-03
| Epoch  18, time= 28.4s | Train: skip eval | Valid: time=  3.2s loss=2.455, TAw acc= 95.1% | lr=8.5e-03
| Epoch  19, time= 27.6s | Train: skip eval | Valid: time=  3.3s loss=2.443, TAw acc= 94.5% | * lr=8.3e-03
| Epoch  20, time= 29.3s | Train: skip eval | Valid: time=  2.8s loss=2.469, TAw acc= 93.9% | lr=8.1e-03
| Epoch  21, time= 28.9s | Train: skip eval | Valid: time=  2.9s loss=2.454, TAw acc= 94.4% | lr=8.0e-03
| Epoch  22, time= 28.4s | Train: skip eval | Valid: time=  3.1s loss=2.446, TAw acc= 94.8% | lr=7.8e-03
| Epoch  23, time= 26.4s | Train: skip eval | Valid: time=  2.7s loss=2.449, TAw acc= 94.0% | lr=7.6e-03
| Epoch  24, time= 29.0s | Train: skip eval | Valid: time=  2.8s loss=2.461, TAw acc= 94.0% | lr=7.4e-03
| Epoch  25, time= 26.6s | Train: skip eval | Valid: time=  3.2s loss=2.462, TAw acc= 93.5% | lr=7.2e-03
| Epoch  26, time= 26.0s | Train: skip eval | Valid: time=  2.8s loss=2.452, TAw acc= 93.9% | lr=7.0e-03
| Epoch  27, time= 27.8s | Train: skip eval | Valid: time=  2.5s loss=2.445, TAw acc= 94.4% | lr=6.8e-03
| Epoch  28, time= 24.9s | Train: skip eval | Valid: time=  2.6s loss=2.450, TAw acc= 94.1% | lr=6.6e-03
| Epoch  29, time= 28.8s | Train: skip eval | Valid: time=  3.1s loss=2.456, TAw acc= 93.7% | lr=6.4e-03
| Epoch  30, time= 27.2s | Train: skip eval | Valid: time=  3.0s loss=2.436, TAw acc= 93.7% | * lr=6.2e-03
| Epoch  31, time= 27.1s | Train: skip eval | Valid: time=  2.6s loss=2.425, TAw acc= 94.3% | * lr=5.9e-03
| Epoch  32, time= 29.7s | Train: skip eval | Valid: time=  2.6s loss=2.437, TAw acc= 93.7% | lr=5.7e-03
| Epoch  33, time= 27.3s | Train: skip eval | Valid: time=  2.7s loss=2.437, TAw acc= 94.4% | lr=5.5e-03
| Epoch  34, time= 31.6s | Train: skip eval | Valid: time=  3.2s loss=2.434, TAw acc= 94.7% | lr=5.3e-03
| Epoch  35, time= 27.5s | Train: skip eval | Valid: time=  3.3s loss=2.431, TAw acc= 94.7% | lr=5.1e-03
| Epoch  36, time= 30.5s | Train: skip eval | Valid: time=  2.4s loss=2.440, TAw acc= 94.7% | lr=4.8e-03
| Epoch  37, time= 28.5s | Train: skip eval | Valid: time=  2.6s loss=2.425, TAw acc= 94.9% | * lr=4.6e-03
| Epoch  38, time= 30.1s | Train: skip eval | Valid: time=  2.6s loss=2.432, TAw acc= 94.7% | lr=4.4e-03
| Epoch  39, time= 27.5s | Train: skip eval | Valid: time=  2.5s loss=2.425, TAw acc= 95.1% | lr=4.2e-03
| Epoch  40, time= 25.7s | Train: skip eval | Valid: time=  3.2s loss=2.429, TAw acc= 95.1% | lr=3.9e-03
| Epoch  41, time= 31.9s | Train: skip eval | Valid: time=  2.8s loss=2.437, TAw acc= 94.5% | lr=3.7e-03
| Epoch  42, time= 27.7s | Train: skip eval | Valid: time=  2.5s loss=2.434, TAw acc= 94.7% | lr=3.5e-03
| Epoch  43, time= 30.3s | Train: skip eval | Valid: time=  2.7s loss=2.445, TAw acc= 94.3% | lr=3.3e-03
| Epoch  44, time= 28.4s | Train: skip eval | Valid: time=  3.2s loss=2.425, TAw acc= 94.7% | lr=3.1e-03
| Epoch  45, time= 27.0s | Train: skip eval | Valid: time=  2.8s loss=2.426, TAw acc= 94.7% | lr=2.9e-03
| Epoch  46, time= 31.3s | Train: skip eval | Valid: time=  2.5s loss=2.424, TAw acc= 94.7% | * lr=2.7e-03
| Epoch  47, time= 29.0s | Train: skip eval | Valid: time=  2.7s loss=2.429, TAw acc= 94.8% | lr=2.5e-03
| Epoch  48, time= 29.9s | Train: skip eval | Valid: time=  3.3s loss=2.426, TAw acc= 94.7% | lr=2.3e-03
| Epoch  49, time= 29.7s | Train: skip eval | Valid: time=  2.8s loss=2.423, TAw acc= 95.1% | * lr=2.1e-03
| Epoch  50, time= 28.7s | Train: skip eval | Valid: time=  3.4s loss=2.417, TAw acc= 94.9% | * lr=2.0e-03
| Epoch  51, time= 27.8s | Train: skip eval | Valid: time=  2.6s loss=2.423, TAw acc= 94.8% | lr=1.8e-03
| Epoch  52, time= 28.0s | Train: skip eval | Valid: time=  3.0s loss=2.416, TAw acc= 94.9% | * lr=1.6e-03
| Epoch  53, time= 30.0s | Train: skip eval | Valid: time=  2.6s loss=2.416, TAw acc= 94.8% | * lr=1.5e-03
| Epoch  54, time= 29.2s | Train: skip eval | Valid: time=  3.3s loss=2.414, TAw acc= 95.1% | * lr=1.3e-03
| Epoch  55, time= 29.1s | Train: skip eval | Valid: time=  3.1s loss=2.413, TAw acc= 94.8% | * lr=1.2e-03
| Epoch  56, time= 27.2s | Train: skip eval | Valid: time=  2.5s loss=2.412, TAw acc= 94.9% | * lr=1.0e-03
| Epoch  57, time= 29.3s | Train: skip eval | Valid: time=  2.5s loss=2.414, TAw acc= 95.1% | lr=9.2e-04
| Epoch  58, time= 27.8s | Train: skip eval | Valid: time=  3.0s loss=2.414, TAw acc= 94.7% | lr=8.0e-04
| Epoch  59, time= 28.3s | Train: skip eval | Valid: time=  2.7s loss=2.414, TAw acc= 94.9% | lr=6.9e-04
| Epoch  60, time= 26.9s | Train: skip eval | Valid: time=  3.5s loss=2.416, TAw acc= 94.9% | lr=5.9e-04
| Epoch  61, time= 26.4s | Train: skip eval | Valid: time=  2.8s loss=2.415, TAw acc= 95.1% | lr=5.0e-04
| Epoch  62, time= 27.0s | Train: skip eval | Valid: time=  2.6s loss=2.416, TAw acc= 94.8% | lr=4.2e-04
| Epoch  63, time= 28.8s | Train: skip eval | Valid: time=  2.7s loss=2.414, TAw acc= 94.8% | lr=3.4e-04
| Epoch  64, time= 26.0s | Train: skip eval | Valid: time=  2.6s loss=2.414, TAw acc= 94.8% | lr=2.8e-04
| Epoch  65, time= 28.3s | Train: skip eval | Valid: time=  2.9s loss=2.414, TAw acc= 94.8% | lr=2.2e-04
| Epoch  66, time= 28.0s | Train: skip eval | Valid: time=  2.7s loss=2.413, TAw acc= 94.7% | lr=1.8e-04
| Epoch  67, time= 25.8s | Train: skip eval | Valid: time=  2.4s loss=2.413, TAw acc= 94.8% | lr=1.4e-04
| Epoch  68, time= 27.8s | Train: skip eval | Valid: time=  3.1s loss=2.412, TAw acc= 94.8% | * lr=1.2e-04
| Epoch  69, time= 27.7s | Train: skip eval | Valid: time=  3.1s loss=2.412, TAw acc= 94.8% | lr=1.0e-04
| Epoch  70, time= 27.9s | Train: skip eval | Valid: time=  3.2s loss=2.412, TAw acc= 94.8% | lr=1.0e-04
------------------------------------------------------------------------------------------------------------
>>> Test on task  0 : loss=0.156 | TAw acc= 95.0%, forg=  0.4% | TAg acc= 81.1%, forg= 13.8% <<<
>>> Test on task  1 : loss=1.529 | TAw acc= 96.8%, forg=  0.2% | TAg acc= 87.1%, forg=  6.2% <<<
>>> Test on task  2 : loss=1.995 | TAw acc= 96.1%, forg= -0.0% | TAg acc= 82.0%, forg=  5.2% <<<
>>> Test on task  3 : loss=2.132 | TAw acc= 97.2%, forg=  0.0% | TAg acc= 84.8%, forg=  1.4% <<<
>>> Test on task  4 : loss=2.403 | TAw acc= 96.0%, forg=  0.0% | TAg acc= 80.7%, forg=  0.0% <<<
Save at ./results/./results/vit_small_patch16_224.augreg_in1k/food101/lwf/10
************************************************************************************************************
TAw Acc
	 94.9%   0.0%   0.0%   0.0%   0.0%   0.0%   0.0%   0.0%   0.0%   0.0% 	Avg.: 94.9% 
	 95.2%  96.9%   0.0%   0.0%   0.0%   0.0%   0.0%   0.0%   0.0%   0.0% 	Avg.: 96.1% 
	 95.4%  96.7%  96.0%   0.0%   0.0%   0.0%   0.0%   0.0%   0.0%   0.0% 	Avg.: 96.0% 
	 95.2%  97.0%  96.0%  97.3%   0.0%   0.0%   0.0%   0.0%   0.0%   0.0% 	Avg.: 96.4% 
	 95.0%  96.8%  96.1%  97.2%  96.0%   0.0%   0.0%   0.0%   0.0%   0.0% 	Avg.: 96.2% 
	  0.0%   0.0%   0.0%   0.0%   0.0%   0.0%   0.0%   0.0%   0.0%   0.0% 	Avg.:  0.0% 
	  0.0%   0.0%   0.0%   0.0%   0.0%   0.0%   0.0%   0.0%   0.0%   0.0% 	Avg.:  0.0% 
	  0.0%   0.0%   0.0%   0.0%   0.0%   0.0%   0.0%   0.0%   0.0%   0.0% 	Avg.:  0.0% 
	  0.0%   0.0%   0.0%   0.0%   0.0%   0.0%   0.0%   0.0%   0.0%   0.0% 	Avg.:  0.0% 
	  0.0%   0.0%   0.0%   0.0%   0.0%   0.0%   0.0%   0.0%   0.0%   0.0% 	Avg.:  0.0% 
************************************************************************************************************
TAg Acc
	 94.9%   0.0%   0.0%   0.0%   0.0%   0.0%   0.0%   0.0%   0.0%   0.0% 	Avg.: 94.9% 
	 89.6%  93.4%   0.0%   0.0%   0.0%   0.0%   0.0%   0.0%   0.0%   0.0% 	Avg.: 91.5% 
	 88.2%  91.0%  87.2%   0.0%   0.0%   0.0%   0.0%   0.0%   0.0%   0.0% 	Avg.: 88.8% 
	 86.2%  89.4%  84.5%  86.3%   0.0%   0.0%   0.0%   0.0%   0.0%   0.0% 	Avg.: 86.6% 
	 81.1%  87.1%  82.0%  84.8%  80.7%   0.0%   0.0%   0.0%   0.0%   0.0% 	Avg.: 83.1% 
	  0.0%   0.0%   0.0%   0.0%   0.0%   0.0%   0.0%   0.0%   0.0%   0.0% 	Avg.:  0.0% 
	  0.0%   0.0%   0.0%   0.0%   0.0%   0.0%   0.0%   0.0%   0.0%   0.0% 	Avg.:  0.0% 
	  0.0%   0.0%   0.0%   0.0%   0.0%   0.0%   0.0%   0.0%   0.0%   0.0% 	Avg.:  0.0% 
	  0.0%   0.0%   0.0%   0.0%   0.0%   0.0%   0.0%   0.0%   0.0%   0.0% 	Avg.:  0.0% 
	  0.0%   0.0%   0.0%   0.0%   0.0%   0.0%   0.0%   0.0%   0.0%   0.0% 	Avg.:  0.0% 
************************************************************************************************************
TAw Forg
	  0.0%   0.0%   0.0%   0.0%   0.0%   0.0%   0.0%   0.0%   0.0%   0.0% 
	 -0.4%   0.0%   0.0%   0.0%   0.0%   0.0%   0.0%   0.0%   0.0%   0.0% 	Avg.: -0.4% 
	 -0.1%   0.2%   0.0%   0.0%   0.0%   0.0%   0.0%   0.0%   0.0%   0.0% 	Avg.:  0.0% 
	  0.1%  -0.1%   0.0%   0.0%   0.0%   0.0%   0.0%   0.0%   0.0%   0.0% 	Avg.:  0.0% 
	  0.4%   0.2%  -0.0%   0.0%   0.0%   0.0%   0.0%   0.0%   0.0%   0.0% 	Avg.:  0.1% 
	  0.0%   0.0%   0.0%   0.0%   0.0%   0.0%   0.0%   0.0%   0.0%   0.0% 	Avg.:  0.0% 
	  0.0%   0.0%   0.0%   0.0%   0.0%   0.0%   0.0%   0.0%   0.0%   0.0% 	Avg.:  0.0% 
	  0.0%   0.0%   0.0%   0.0%   0.0%   0.0%   0.0%   0.0%   0.0%   0.0% 	Avg.:  0.0% 
	  0.0%   0.0%   0.0%   0.0%   0.0%   0.0%   0.0%   0.0%   0.0%   0.0% 	Avg.:  0.0% 
	  0.0%   0.0%   0.0%   0.0%   0.0%   0.0%   0.0%   0.0%   0.0%   0.0% 	Avg.:  0.0% 
************************************************************************************************************
TAg Forg
	  0.0%   0.0%   0.0%   0.0%   0.0%   0.0%   0.0%   0.0%   0.0%   0.0% 
	  5.3%   0.0%   0.0%   0.0%   0.0%   0.0%   0.0%   0.0%   0.0%   0.0% 	Avg.:  5.3% 
	  6.7%   2.3%   0.0%   0.0%   0.0%   0.0%   0.0%   0.0%   0.0%   0.0% 	Avg.:  4.5% 
	  8.6%   3.9%   2.7%   0.0%   0.0%   0.0%   0.0%   0.0%   0.0%   0.0% 	Avg.:  5.1% 
	 13.8%   6.2%   5.2%   1.4%   0.0%   0.0%   0.0%   0.0%   0.0%   0.0% 	Avg.:  6.7% 
	  0.0%   0.0%   0.0%   0.0%   0.0%   0.0%   0.0%   0.0%   0.0%   0.0% 	Avg.:  0.0% 
	  0.0%   0.0%   0.0%   0.0%   0.0%   0.0%   0.0%   0.0%   0.0%   0.0% 	Avg.:  0.0% 
	  0.0%   0.0%   0.0%   0.0%   0.0%   0.0%   0.0%   0.0%   0.0%   0.0% 	Avg.:  0.0% 
	  0.0%   0.0%   0.0%   0.0%   0.0%   0.0%   0.0%   0.0%   0.0%   0.0% 	Avg.:  0.0% 
	  0.0%   0.0%   0.0%   0.0%   0.0%   0.0%   0.0%   0.0%   0.0%   0.0% 	Avg.:  0.0% 
************************************************************************************************************
[Elapsed time = 0.6 h]
Done!
