START_TASK=1 STOP_TASK=2 START_EPOCH=0 STOP_EPOCH=50
============================================================================================================
Arguments =
	all_outputs: False
	approach: joint_v2
	batch_size: 64
	classes_first_task: None
	clipping: 10000
	crop: 224
	dataset: cifar100
	eval_on_train: False
	experiment_path: None
	fix_bn: False
	freeze_backbone: False
	gpu: 0
	increment: 10
	log: ['disk']
	lr: 0.01
	lr_factor: None
	lr_min: 0.0001
	lr_patience: None
	lr_scheduler: cosine
	lr_warmup_epochs: 0
	momentum: 0.0
	multi_softmax: False
	nepochs: 50
	network: vit_small_patch16_224.augreg_in1k
	no_cudnn_deterministic: False
	normalize: in1k
	num_workers: 2
	optimizer_name: sgd
	pin_memory: False
	pretrained: True
	resize: 224
	results_path: ../results
	save_models: True
	seed: 0
	start_at_task: 1
	start_epoch: 0
	stop_at_task: 2
	stop_epoch: 50
	use_valid_only: False
	warmup_lr_factor: 1.0
	warmup_nepochs: 0
	weight_decay: 0.0
============================================================================================================
Approach arguments =
============================================================================================================
Exemplars dataset arguments =
============================================================================================================
WARNING: ../results/vit_small_patch16_224.augreg_in1k/cifar100/joint_v2/10 already exists!
Loaded acc_taw from: ../results/vit_small_patch16_224.augreg_in1k/cifar100/joint_v2/10/acc_taw-0.txt
Loaded acc_tag from: ../results/vit_small_patch16_224.augreg_in1k/cifar100/joint_v2/10/acc_tag-0.txt
Loaded forg_taw from: ../results/vit_small_patch16_224.augreg_in1k/cifar100/joint_v2/10/forg_taw-0.txt
Loaded forg_tag from: ../results/vit_small_patch16_224.augreg_in1k/cifar100/joint_v2/10/forg_tag-0.txt
[joint] Loaded accumulated datasets up to task 0 from ../results/vit_small_patch16_224.augreg_in1k/cifar100/joint_v2/10/joint_progress
************************************************************************************************************
Task  1  [epochs 0-50]
************************************************************************************************************
| Epoch   1, time= 22.1s | Train: skip eval | Valid: time=  1.4s loss=0.318, TAw acc= 94.9% | * lr=1.0e-02
| Epoch   2, time= 21.7s | Train: skip eval | Valid: time=  1.3s loss=0.255, TAw acc= 95.5% | * lr=1.0e-02
| Epoch   3, time= 21.8s | Train: skip eval | Valid: time=  1.4s loss=0.253, TAw acc= 94.9% | * lr=9.9e-03
| Epoch   4, time= 21.7s | Train: skip eval | Valid: time=  1.4s loss=0.247, TAw acc= 96.1% | * lr=9.8e-03
| Epoch   5, time= 21.8s | Train: skip eval | Valid: time=  1.4s loss=0.248, TAw acc= 96.6% | lr=9.8e-03
| Epoch   6, time= 21.9s | Train: skip eval | Valid: time=  1.4s loss=0.226, TAw acc= 96.4% | * lr=9.7e-03
| Epoch   7, time= 22.0s | Train: skip eval | Valid: time=  1.3s loss=0.211, TAw acc= 96.6% | * lr=9.5e-03
| Epoch   8, time= 22.1s | Train: skip eval | Valid: time=  1.4s loss=0.213, TAw acc= 96.7% | lr=9.4e-03
| Epoch   9, time= 22.0s | Train: skip eval | Valid: time=  1.4s loss=0.224, TAw acc= 96.1% | lr=9.2e-03
| Epoch  10, time= 22.0s | Train: skip eval | Valid: time=  1.4s loss=0.222, TAw acc= 96.4% | lr=9.1e-03
| Epoch  11, time= 21.9s | Train: skip eval | Valid: time=  1.4s loss=0.228, TAw acc= 96.3% | lr=8.9e-03
| Epoch  12, time= 21.9s | Train: skip eval | Valid: time=  1.4s loss=0.213, TAw acc= 96.7% | lr=8.7e-03
| Epoch  13, time= 21.9s | Train: skip eval | Valid: time=  1.3s loss=0.234, TAw acc= 96.0% | lr=8.4e-03
| Epoch  14, time= 22.0s | Train: skip eval | Valid: time=  1.4s loss=0.240, TAw acc= 96.7% | lr=8.2e-03
| Epoch  15, time= 22.1s | Train: skip eval | Valid: time=  1.3s loss=0.199, TAw acc= 96.7% | * lr=8.0e-03
| Epoch  16, time= 22.1s | Train: skip eval | Valid: time=  1.4s loss=0.201, TAw acc= 97.0% | lr=7.7e-03
| Epoch  17, time= 22.1s | Train: skip eval | Valid: time=  1.4s loss=0.208, TAw acc= 97.0% | lr=7.4e-03
| Epoch  18, time= 22.1s | Train: skip eval | Valid: time=  1.4s loss=0.224, TAw acc= 96.7% | lr=7.2e-03
| Epoch  19, time= 22.0s | Train: skip eval | Valid: time=  1.3s loss=0.257, TAw acc= 96.5% | lr=6.9e-03
| Epoch  20, time= 21.9s | Train: skip eval | Valid: time=  1.4s loss=0.232, TAw acc= 97.1% | lr=6.6e-03
| Epoch  21, time= 21.9s | Train: skip eval | Valid: time=  1.4s loss=0.225, TAw acc= 96.7% | lr=6.3e-03
| Epoch  22, time= 22.1s | Train: skip eval | Valid: time=  1.3s loss=0.235, TAw acc= 96.8% | lr=6.0e-03
| Epoch  23, time= 22.1s | Train: skip eval | Valid: time=  1.6s loss=0.221, TAw acc= 96.5% | lr=5.7e-03
| Epoch  24, time= 22.1s | Train: skip eval | Valid: time=  1.5s loss=0.218, TAw acc= 97.1% | lr=5.4e-03
| Epoch  25, time= 22.1s | Train: skip eval | Valid: time=  1.4s loss=0.221, TAw acc= 96.9% | lr=5.1e-03
| Epoch  26, time= 22.2s | Train: skip eval | Valid: time=  1.4s loss=0.217, TAw acc= 96.6% | lr=4.7e-03
| Epoch  27, time= 22.1s | Train: skip eval | Valid: time=  1.4s loss=0.218, TAw acc= 96.9% | lr=4.4e-03
| Epoch  28, time= 22.0s | Train: skip eval | Valid: time=  1.4s loss=0.208, TAw acc= 96.8% | lr=4.1e-03
| Epoch  29, time= 22.0s | Train: skip eval | Valid: time=  1.4s loss=0.222, TAw acc= 96.8% | lr=3.8e-03
| Epoch  30, time= 22.2s | Train: skip eval | Valid: time=  1.4s loss=0.208, TAw acc= 96.3% | lr=3.5e-03
| Epoch  31, time= 22.1s | Train: skip eval | Valid: time=  1.4s loss=0.218, TAw acc= 96.9% | lr=3.2e-03
| Epoch  32, time= 22.2s | Train: skip eval | Valid: time=  1.4s loss=0.216, TAw acc= 97.1% | lr=2.9e-03
| Epoch  33, time= 22.2s | Train: skip eval | Valid: time=  1.3s loss=0.217, TAw acc= 96.9% | lr=2.7e-03
| Epoch  34, time= 22.3s | Train: skip eval | Valid: time=  1.4s loss=0.221, TAw acc= 96.9% | lr=2.4e-03
| Epoch  35, time= 22.2s | Train: skip eval | Valid: time=  1.4s loss=0.223, TAw acc= 97.0% | lr=2.1e-03
| Epoch  36, time= 22.1s | Train: skip eval | Valid: time=  1.4s loss=0.220, TAw acc= 96.8% | lr=1.9e-03
| Epoch  37, time= 22.1s | Train: skip eval | Valid: time=  1.3s loss=0.228, TAw acc= 96.9% | lr=1.7e-03
| Epoch  38, time= 22.2s | Train: skip eval | Valid: time=  1.4s loss=0.231, TAw acc= 96.7% | lr=1.4e-03
| Epoch  39, time= 22.2s | Train: skip eval | Valid: time=  1.4s loss=0.216, TAw acc= 96.9% | lr=1.2e-03
| Epoch  40, time= 22.0s | Train: skip eval | Valid: time=  1.4s loss=0.218, TAw acc= 96.9% | lr=1.0e-03
| Epoch  41, time= 22.0s | Train: skip eval | Valid: time=  1.4s loss=0.209, TAw acc= 97.2% | lr=8.7e-04
| Epoch  42, time= 22.0s | Train: skip eval | Valid: time=  1.4s loss=0.211, TAw acc= 97.4% | lr=7.1e-04
| Epoch  43, time= 22.1s | Train: skip eval | Valid: time=  1.4s loss=0.214, TAw acc= 97.4% | lr=5.7e-04
| Epoch  44, time= 22.2s | Train: skip eval | Valid: time=  1.4s loss=0.215, TAw acc= 97.4% | lr=4.5e-04
| Epoch  45, time= 22.1s | Train: skip eval | Valid: time=  1.3s loss=0.213, TAw acc= 97.4% | lr=3.4e-04
| Epoch  46, time= 22.1s | Train: skip eval | Valid: time=  1.4s loss=0.213, TAw acc= 97.4% | lr=2.6e-04
| Epoch  47, time= 22.2s | Train: skip eval | Valid: time=  1.4s loss=0.210, TAw acc= 97.4% | lr=1.9e-04
| Epoch  48, time= 22.1s | Train: skip eval | Valid: time=  1.4s loss=0.211, TAw acc= 97.4% | lr=1.4e-04
| Epoch  49, time= 22.3s | Train: skip eval | Valid: time=  1.3s loss=0.211, TAw acc= 97.4% | lr=1.1e-04
| Epoch  50, time= 22.0s | Train: skip eval | Valid: time=  1.3s loss=0.211, TAw acc= 97.4% | lr=1.0e-04
------------------------------------------------------------------------------------------------------------
>>> Test on task  0 : loss=0.246 | TAw acc= 96.0%, forg= -0.8% | TAg acc= 93.8%, forg=  1.4% <<<
>>> Test on task  1 : loss=0.171 | TAw acc= 98.4%, forg=  0.0% | TAg acc= 94.4%, forg=  0.0% <<<
Save at ../results/../results/vit_small_patch16_224.augreg_in1k/cifar100/joint_v2/10
[joint] Saved accumulated datasets up to task 1 → ../results/vit_small_patch16_224.augreg_in1k/cifar100/joint_v2/10/joint_progress
************************************************************************************************************
TAw Acc
	 95.2%   0.0%   0.0%   0.0%   0.0%   0.0%   0.0%   0.0%   0.0%   0.0% 	Avg.: 95.2% 
	 96.0%  98.4%   0.0%   0.0%   0.0%   0.0%   0.0%   0.0%   0.0%   0.0% 	Avg.: 97.2% 
	  0.0%   0.0%   0.0%   0.0%   0.0%   0.0%   0.0%   0.0%   0.0%   0.0% 	Avg.:  0.0% 
	  0.0%   0.0%   0.0%   0.0%   0.0%   0.0%   0.0%   0.0%   0.0%   0.0% 	Avg.:  0.0% 
	  0.0%   0.0%   0.0%   0.0%   0.0%   0.0%   0.0%   0.0%   0.0%   0.0% 	Avg.:  0.0% 
	  0.0%   0.0%   0.0%   0.0%   0.0%   0.0%   0.0%   0.0%   0.0%   0.0% 	Avg.:  0.0% 
	  0.0%   0.0%   0.0%   0.0%   0.0%   0.0%   0.0%   0.0%   0.0%   0.0% 	Avg.:  0.0% 
	  0.0%   0.0%   0.0%   0.0%   0.0%   0.0%   0.0%   0.0%   0.0%   0.0% 	Avg.:  0.0% 
	  0.0%   0.0%   0.0%   0.0%   0.0%   0.0%   0.0%   0.0%   0.0%   0.0% 	Avg.:  0.0% 
	  0.0%   0.0%   0.0%   0.0%   0.0%   0.0%   0.0%   0.0%   0.0%   0.0% 	Avg.:  0.0% 
************************************************************************************************************
TAg Acc
	 95.2%   0.0%   0.0%   0.0%   0.0%   0.0%   0.0%   0.0%   0.0%   0.0% 	Avg.: 95.2% 
	 93.8%  94.4%   0.0%   0.0%   0.0%   0.0%   0.0%   0.0%   0.0%   0.0% 	Avg.: 94.1% 
	  0.0%   0.0%   0.0%   0.0%   0.0%   0.0%   0.0%   0.0%   0.0%   0.0% 	Avg.:  0.0% 
	  0.0%   0.0%   0.0%   0.0%   0.0%   0.0%   0.0%   0.0%   0.0%   0.0% 	Avg.:  0.0% 
	  0.0%   0.0%   0.0%   0.0%   0.0%   0.0%   0.0%   0.0%   0.0%   0.0% 	Avg.:  0.0% 
	  0.0%   0.0%   0.0%   0.0%   0.0%   0.0%   0.0%   0.0%   0.0%   0.0% 	Avg.:  0.0% 
	  0.0%   0.0%   0.0%   0.0%   0.0%   0.0%   0.0%   0.0%   0.0%   0.0% 	Avg.:  0.0% 
	  0.0%   0.0%   0.0%   0.0%   0.0%   0.0%   0.0%   0.0%   0.0%   0.0% 	Avg.:  0.0% 
	  0.0%   0.0%   0.0%   0.0%   0.0%   0.0%   0.0%   0.0%   0.0%   0.0% 	Avg.:  0.0% 
	  0.0%   0.0%   0.0%   0.0%   0.0%   0.0%   0.0%   0.0%   0.0%   0.0% 	Avg.:  0.0% 
************************************************************************************************************
TAw Forg
	  0.0%   0.0%   0.0%   0.0%   0.0%   0.0%   0.0%   0.0%   0.0%   0.0% 
	 -0.8%   0.0%   0.0%   0.0%   0.0%   0.0%   0.0%   0.0%   0.0%   0.0% 	Avg.: -0.8% 
	  0.0%   0.0%   0.0%   0.0%   0.0%   0.0%   0.0%   0.0%   0.0%   0.0% 	Avg.:  0.0% 
	  0.0%   0.0%   0.0%   0.0%   0.0%   0.0%   0.0%   0.0%   0.0%   0.0% 	Avg.:  0.0% 
	  0.0%   0.0%   0.0%   0.0%   0.0%   0.0%   0.0%   0.0%   0.0%   0.0% 	Avg.:  0.0% 
	  0.0%   0.0%   0.0%   0.0%   0.0%   0.0%   0.0%   0.0%   0.0%   0.0% 	Avg.:  0.0% 
	  0.0%   0.0%   0.0%   0.0%   0.0%   0.0%   0.0%   0.0%   0.0%   0.0% 	Avg.:  0.0% 
	  0.0%   0.0%   0.0%   0.0%   0.0%   0.0%   0.0%   0.0%   0.0%   0.0% 	Avg.:  0.0% 
	  0.0%   0.0%   0.0%   0.0%   0.0%   0.0%   0.0%   0.0%   0.0%   0.0% 	Avg.:  0.0% 
	  0.0%   0.0%   0.0%   0.0%   0.0%   0.0%   0.0%   0.0%   0.0%   0.0% 	Avg.:  0.0% 
************************************************************************************************************
TAg Forg
	  0.0%   0.0%   0.0%   0.0%   0.0%   0.0%   0.0%   0.0%   0.0%   0.0% 
	  1.4%   0.0%   0.0%   0.0%   0.0%   0.0%   0.0%   0.0%   0.0%   0.0% 	Avg.:  1.4% 
	  0.0%   0.0%   0.0%   0.0%   0.0%   0.0%   0.0%   0.0%   0.0%   0.0% 	Avg.:  0.0% 
	  0.0%   0.0%   0.0%   0.0%   0.0%   0.0%   0.0%   0.0%   0.0%   0.0% 	Avg.:  0.0% 
	  0.0%   0.0%   0.0%   0.0%   0.0%   0.0%   0.0%   0.0%   0.0%   0.0% 	Avg.:  0.0% 
	  0.0%   0.0%   0.0%   0.0%   0.0%   0.0%   0.0%   0.0%   0.0%   0.0% 	Avg.:  0.0% 
	  0.0%   0.0%   0.0%   0.0%   0.0%   0.0%   0.0%   0.0%   0.0%   0.0% 	Avg.:  0.0% 
	  0.0%   0.0%   0.0%   0.0%   0.0%   0.0%   0.0%   0.0%   0.0%   0.0% 	Avg.:  0.0% 
	  0.0%   0.0%   0.0%   0.0%   0.0%   0.0%   0.0%   0.0%   0.0%   0.0% 	Avg.:  0.0% 
	  0.0%   0.0%   0.0%   0.0%   0.0%   0.0%   0.0%   0.0%   0.0%   0.0% 	Avg.:  0.0% 
************************************************************************************************************
[Elapsed time = 0.3 h]
Done!
