START_TASK=0 STOP_TASK=1
============================================================================================================
Arguments =
	approach: lucir
	batch_size: 64
	classes_first_task: None
	clipping: 10000
	crop: 224
	data_path: ../data/food101
	dataset: food101
	eval_on_train: False
	experiment_path: None
	fix_bn: False
	freeze_backbone: False
	gpu: 0
	gpus: [0]
	increment: 10
	last_layer_analysis: True
	log: ['disk']
	lr: 0.01
	lr_factor: None
	lr_min: 0.0001
	lr_patience: None
	lr_scheduler: cosine
	lr_warmup_epochs: 0
	momentum: 0.0
	multi_softmax: False
	nepochs: 70
	network: resnet50.a1_in1k
	no_cudnn_deterministic: False
	normalize: in1k
	num_workers: 2
	optimizer_name: sgd
	pin_memory: False
	pretrained: True
	resize: 224
	results_path: ./results
	save_models: True
	seed: 0
	start_at_task: 0
	start_epoch: 0
	stop_at_task: 1
	stop_epoch: 0
	use_valid_only: False
	warmup_lr_factor: 1.0
	warmup_nepochs: 0
	weight_decay: 0.0
============================================================================================================
Approach arguments =
	K: 2
	dist: 0.5
	lamb: 5.0
	lamb_mr: 1.0
============================================================================================================
Exemplars arguments =
	exemplar_selection: random
	num_exemplars: 2000
============================================================================================================
************************************************************************************************************
Task  0  [epochs 0-70]
************************************************************************************************************
[params] total:23,528,513  trainable:23,528,513  tensors:161  trainable_tensors:161
| Epoch   1, time= 24.6s | Train: skip eval | Valid: time=  2.8s loss=2.297, TAw acc= 17.7% | * lr=1.0e-02
| Epoch   2, time= 26.4s | Train: skip eval | Valid: time=  2.5s loss=2.289, TAw acc= 27.3% | * lr=1.0e-02
| Epoch   3, time= 23.1s | Train: skip eval | Valid: time=  2.3s loss=2.281, TAw acc= 35.5% | * lr=1.0e-02
| Epoch   4, time= 22.7s | Train: skip eval | Valid: time=  2.6s loss=2.273, TAw acc= 39.3% | * lr=9.9e-03
| Epoch   5, time= 28.2s | Train: skip eval | Valid: time=  2.7s loss=2.265, TAw acc= 42.3% | * lr=9.9e-03
| Epoch   6, time= 23.4s | Train: skip eval | Valid: time=  2.5s loss=2.255, TAw acc= 47.7% | * lr=9.8e-03
| Epoch   7, time= 23.5s | Train: skip eval | Valid: time=  3.0s loss=2.244, TAw acc= 48.3% | * lr=9.8e-03
| Epoch   8, time= 22.9s | Train: skip eval | Valid: time=  2.3s loss=2.231, TAw acc= 51.3% | * lr=9.7e-03
| Epoch   9, time= 23.5s | Train: skip eval | Valid: time=  3.0s loss=2.218, TAw acc= 51.7% | * lr=9.6e-03
| Epoch  10, time= 21.5s | Train: skip eval | Valid: time=  2.2s loss=2.206, TAw acc= 52.9% | * lr=9.5e-03
| Epoch  11, time= 22.5s | Train: skip eval | Valid: time=  2.7s loss=2.190, TAw acc= 54.3% | * lr=9.4e-03
| Epoch  12, time= 25.0s | Train: skip eval | Valid: time=  2.4s loss=2.161, TAw acc= 58.7% | * lr=9.3e-03
| Epoch  13, time= 21.5s | Train: skip eval | Valid: time=  2.2s loss=2.149, TAw acc= 57.1% | * lr=9.2e-03
| Epoch  14, time= 22.2s | Train: skip eval | Valid: time=  2.2s loss=2.126, TAw acc= 58.1% | * lr=9.1e-03
| Epoch  15, time= 21.7s | Train: skip eval | Valid: time=  2.2s loss=2.105, TAw acc= 60.1% | * lr=8.9e-03
| Epoch  16, time= 22.8s | Train: skip eval | Valid: time=  2.3s loss=2.075, TAw acc= 61.1% | * lr=8.8e-03
| Epoch  17, time= 22.7s | Train: skip eval | Valid: time=  2.2s loss=2.055, TAw acc= 62.4% | * lr=8.6e-03
| Epoch  18, time= 22.0s | Train: skip eval | Valid: time=  2.3s loss=2.013, TAw acc= 64.9% | * lr=8.5e-03
| Epoch  19, time= 21.5s | Train: skip eval | Valid: time=  2.4s loss=1.986, TAw acc= 66.1% | * lr=8.3e-03
| Epoch  20, time= 24.5s | Train: skip eval | Valid: time=  2.2s loss=1.964, TAw acc= 65.9% | * lr=8.1e-03
| Epoch  21, time= 22.5s | Train: skip eval | Valid: time=  2.2s loss=1.932, TAw acc= 66.5% | * lr=8.0e-03
| Epoch  22, time= 23.9s | Train: skip eval | Valid: time=  2.3s loss=1.919, TAw acc= 64.4% | * lr=7.8e-03
| Epoch  23, time= 21.6s | Train: skip eval | Valid: time=  3.0s loss=1.877, TAw acc= 66.3% | * lr=7.6e-03
| Epoch  24, time= 21.4s | Train: skip eval | Valid: time=  2.3s loss=1.841, TAw acc= 68.3% | * lr=7.4e-03
| Epoch  25, time= 25.1s | Train: skip eval | Valid: time=  2.3s loss=1.814, TAw acc= 66.7% | * lr=7.2e-03
| Epoch  26, time= 23.6s | Train: skip eval | Valid: time=  2.2s loss=1.788, TAw acc= 68.5% | * lr=7.0e-03
| Epoch  27, time= 22.1s | Train: skip eval | Valid: time=  2.2s loss=1.765, TAw acc= 67.7% | * lr=6.8e-03
| Epoch  28, time= 24.7s | Train: skip eval | Valid: time=  2.3s loss=1.728, TAw acc= 68.9% | * lr=6.6e-03
| Epoch  29, time= 24.6s | Train: skip eval | Valid: time=  2.3s loss=1.709, TAw acc= 69.7% | * lr=6.4e-03
| Epoch  30, time= 24.0s | Train: skip eval | Valid: time=  2.4s loss=1.685, TAw acc= 69.5% | * lr=6.2e-03
| Epoch  31, time= 25.3s | Train: skip eval | Valid: time=  2.3s loss=1.654, TAw acc= 69.9% | * lr=5.9e-03
| Epoch  32, time= 20.9s | Train: skip eval | Valid: time=  2.2s loss=1.635, TAw acc= 71.2% | * lr=5.7e-03
| Epoch  33, time= 21.7s | Train: skip eval | Valid: time=  2.2s loss=1.605, TAw acc= 70.7% | * lr=5.5e-03
| Epoch  34, time= 25.2s | Train: skip eval | Valid: time=  2.3s loss=1.585, TAw acc= 71.5% | * lr=5.3e-03
| Epoch  35, time= 23.1s | Train: skip eval | Valid: time=  2.2s loss=1.571, TAw acc= 70.3% | * lr=5.1e-03
| Epoch  36, time= 22.6s | Train: skip eval | Valid: time=  2.2s loss=1.549, TAw acc= 72.1% | * lr=4.8e-03
| Epoch  37, time= 22.9s | Train: skip eval | Valid: time=  2.2s loss=1.524, TAw acc= 72.3% | * lr=4.6e-03
| Epoch  38, time= 22.0s | Train: skip eval | Valid: time=  2.7s loss=1.511, TAw acc= 70.7% | * lr=4.4e-03
| Epoch  39, time= 24.2s | Train: skip eval | Valid: time=  2.3s loss=1.496, TAw acc= 71.9% | * lr=4.2e-03
| Epoch  40, time= 22.2s | Train: skip eval | Valid: time=  2.2s loss=1.475, TAw acc= 72.3% | * lr=3.9e-03
| Epoch  41, time= 22.5s | Train: skip eval | Valid: time=  2.3s loss=1.461, TAw acc= 72.7% | * lr=3.7e-03
| Epoch  42, time= 22.9s | Train: skip eval | Valid: time=  2.2s loss=1.449, TAw acc= 72.3% | * lr=3.5e-03
| Epoch  43, time= 22.6s | Train: skip eval | Valid: time=  2.5s loss=1.436, TAw acc= 71.7% | * lr=3.3e-03
| Epoch  44, time= 21.6s | Train: skip eval | Valid: time=  2.8s loss=1.424, TAw acc= 72.8% | * lr=3.1e-03
| Epoch  45, time= 21.3s | Train: skip eval | Valid: time=  2.2s loss=1.421, TAw acc= 73.9% | * lr=2.9e-03
| Epoch  46, time= 21.6s | Train: skip eval | Valid: time=  2.2s loss=1.411, TAw acc= 73.3% | * lr=2.7e-03
| Epoch  47, time= 24.5s | Train: skip eval | Valid: time=  2.2s loss=1.404, TAw acc= 72.7% | * lr=2.5e-03
| Epoch  48, time= 23.8s | Train: skip eval | Valid: time=  2.2s loss=1.389, TAw acc= 73.6% | * lr=2.3e-03
| Epoch  49, time= 24.3s | Train: skip eval | Valid: time=  2.3s loss=1.379, TAw acc= 73.6% | * lr=2.1e-03
| Epoch  50, time= 22.8s | Train: skip eval | Valid: time=  2.4s loss=1.370, TAw acc= 73.3% | * lr=2.0e-03
| Epoch  51, time= 23.0s | Train: skip eval | Valid: time=  2.3s loss=1.372, TAw acc= 73.9% | lr=1.8e-03
| Epoch  52, time= 21.9s | Train: skip eval | Valid: time=  2.3s loss=1.353, TAw acc= 74.4% | * lr=1.6e-03
| Epoch  53, time= 23.6s | Train: skip eval | Valid: time=  2.3s loss=1.351, TAw acc= 73.6% | * lr=1.5e-03
| Epoch  54, time= 26.9s | Train: skip eval | Valid: time=  3.0s loss=1.351, TAw acc= 74.5% | lr=1.3e-03
| Epoch  55, time= 22.2s | Train: skip eval | Valid: time=  2.3s loss=1.340, TAw acc= 73.7% | * lr=1.2e-03
| Epoch  56, time= 21.8s | Train: skip eval | Valid: time=  2.8s loss=1.333, TAw acc= 74.0% | * lr=1.0e-03
| Epoch  57, time= 22.3s | Train: skip eval | Valid: time=  2.2s loss=1.326, TAw acc= 75.1% | * lr=9.2e-04
| Epoch  58, time= 26.4s | Train: skip eval | Valid: time=  2.2s loss=1.326, TAw acc= 75.3% | lr=8.0e-04
| Epoch  59, time= 23.9s | Train: skip eval | Valid: time=  2.3s loss=1.326, TAw acc= 74.7% | lr=6.9e-04
| Epoch  60, time= 21.5s | Train: skip eval | Valid: time=  2.2s loss=1.323, TAw acc= 75.9% | * lr=5.9e-04
| Epoch  61, time= 23.0s | Train: skip eval | Valid: time=  3.1s loss=1.312, TAw acc= 75.3% | * lr=5.0e-04
| Epoch  62, time= 24.0s | Train: skip eval | Valid: time=  2.3s loss=1.320, TAw acc= 75.6% | lr=4.2e-04
| Epoch  63, time= 21.7s | Train: skip eval | Valid: time=  2.5s loss=1.319, TAw acc= 74.5% | lr=3.4e-04
| Epoch  64, time= 25.4s | Train: skip eval | Valid: time=  2.2s loss=1.317, TAw acc= 74.8% | lr=2.8e-04
| Epoch  65, time= 22.1s | Train: skip eval | Valid: time=  3.0s loss=1.323, TAw acc= 75.5% | lr=2.2e-04
| Epoch  66, time= 25.6s | Train: skip eval | Valid: time=  2.7s loss=1.309, TAw acc= 75.2% | * lr=1.8e-04
| Epoch  67, time= 23.8s | Train: skip eval | Valid: time=  2.3s loss=1.317, TAw acc= 74.4% | lr=1.4e-04
| Epoch  68, time= 23.1s | Train: skip eval | Valid: time=  2.3s loss=1.317, TAw acc= 75.5% | lr=1.2e-04
| Epoch  69, time= 24.6s | Train: skip eval | Valid: time=  2.7s loss=1.320, TAw acc= 75.7% | lr=1.0e-04
| Epoch  70, time= 22.5s | Train: skip eval | Valid: time=  2.2s loss=1.315, TAw acc= 74.8% | lr=1.0e-04
| Selected 2000 train exemplars, time=  4.2s
------------------------------------------------------------------------------------------------------------
>>> Test on task  0 : loss=1.223 | TAw acc= 81.2%, forg=  0.0% | TAg acc= 81.2%, forg=  0.0% <<<
Save at ./results/./results/resnet50.a1_in1k/food101/lucir/10
************************************************************************************************************
TAw Acc
	 81.2%   0.0%   0.0%   0.0%   0.0%   0.0%   0.0%   0.0%   0.0%   0.0% 	Avg.: 81.2% 
	  0.0%   0.0%   0.0%   0.0%   0.0%   0.0%   0.0%   0.0%   0.0%   0.0% 	Avg.:  0.0% 
	  0.0%   0.0%   0.0%   0.0%   0.0%   0.0%   0.0%   0.0%   0.0%   0.0% 	Avg.:  0.0% 
	  0.0%   0.0%   0.0%   0.0%   0.0%   0.0%   0.0%   0.0%   0.0%   0.0% 	Avg.:  0.0% 
	  0.0%   0.0%   0.0%   0.0%   0.0%   0.0%   0.0%   0.0%   0.0%   0.0% 	Avg.:  0.0% 
	  0.0%   0.0%   0.0%   0.0%   0.0%   0.0%   0.0%   0.0%   0.0%   0.0% 	Avg.:  0.0% 
	  0.0%   0.0%   0.0%   0.0%   0.0%   0.0%   0.0%   0.0%   0.0%   0.0% 	Avg.:  0.0% 
	  0.0%   0.0%   0.0%   0.0%   0.0%   0.0%   0.0%   0.0%   0.0%   0.0% 	Avg.:  0.0% 
	  0.0%   0.0%   0.0%   0.0%   0.0%   0.0%   0.0%   0.0%   0.0%   0.0% 	Avg.:  0.0% 
	  0.0%   0.0%   0.0%   0.0%   0.0%   0.0%   0.0%   0.0%   0.0%   0.0% 	Avg.:  0.0% 
************************************************************************************************************
TAg Acc
	 81.2%   0.0%   0.0%   0.0%   0.0%   0.0%   0.0%   0.0%   0.0%   0.0% 	Avg.: 81.2% 
	  0.0%   0.0%   0.0%   0.0%   0.0%   0.0%   0.0%   0.0%   0.0%   0.0% 	Avg.:  0.0% 
	  0.0%   0.0%   0.0%   0.0%   0.0%   0.0%   0.0%   0.0%   0.0%   0.0% 	Avg.:  0.0% 
	  0.0%   0.0%   0.0%   0.0%   0.0%   0.0%   0.0%   0.0%   0.0%   0.0% 	Avg.:  0.0% 
	  0.0%   0.0%   0.0%   0.0%   0.0%   0.0%   0.0%   0.0%   0.0%   0.0% 	Avg.:  0.0% 
	  0.0%   0.0%   0.0%   0.0%   0.0%   0.0%   0.0%   0.0%   0.0%   0.0% 	Avg.:  0.0% 
	  0.0%   0.0%   0.0%   0.0%   0.0%   0.0%   0.0%   0.0%   0.0%   0.0% 	Avg.:  0.0% 
	  0.0%   0.0%   0.0%   0.0%   0.0%   0.0%   0.0%   0.0%   0.0%   0.0% 	Avg.:  0.0% 
	  0.0%   0.0%   0.0%   0.0%   0.0%   0.0%   0.0%   0.0%   0.0%   0.0% 	Avg.:  0.0% 
	  0.0%   0.0%   0.0%   0.0%   0.0%   0.0%   0.0%   0.0%   0.0%   0.0% 	Avg.:  0.0% 
************************************************************************************************************
TAw Forg
	  0.0%   0.0%   0.0%   0.0%   0.0%   0.0%   0.0%   0.0%   0.0%   0.0% 
	  0.0%   0.0%   0.0%   0.0%   0.0%   0.0%   0.0%   0.0%   0.0%   0.0% 	Avg.:  0.0% 
	  0.0%   0.0%   0.0%   0.0%   0.0%   0.0%   0.0%   0.0%   0.0%   0.0% 	Avg.:  0.0% 
	  0.0%   0.0%   0.0%   0.0%   0.0%   0.0%   0.0%   0.0%   0.0%   0.0% 	Avg.:  0.0% 
	  0.0%   0.0%   0.0%   0.0%   0.0%   0.0%   0.0%   0.0%   0.0%   0.0% 	Avg.:  0.0% 
	  0.0%   0.0%   0.0%   0.0%   0.0%   0.0%   0.0%   0.0%   0.0%   0.0% 	Avg.:  0.0% 
	  0.0%   0.0%   0.0%   0.0%   0.0%   0.0%   0.0%   0.0%   0.0%   0.0% 	Avg.:  0.0% 
	  0.0%   0.0%   0.0%   0.0%   0.0%   0.0%   0.0%   0.0%   0.0%   0.0% 	Avg.:  0.0% 
	  0.0%   0.0%   0.0%   0.0%   0.0%   0.0%   0.0%   0.0%   0.0%   0.0% 	Avg.:  0.0% 
	  0.0%   0.0%   0.0%   0.0%   0.0%   0.0%   0.0%   0.0%   0.0%   0.0% 	Avg.:  0.0% 
************************************************************************************************************
TAg Forg
	  0.0%   0.0%   0.0%   0.0%   0.0%   0.0%   0.0%   0.0%   0.0%   0.0% 
	  0.0%   0.0%   0.0%   0.0%   0.0%   0.0%   0.0%   0.0%   0.0%   0.0% 	Avg.:  0.0% 
	  0.0%   0.0%   0.0%   0.0%   0.0%   0.0%   0.0%   0.0%   0.0%   0.0% 	Avg.:  0.0% 
	  0.0%   0.0%   0.0%   0.0%   0.0%   0.0%   0.0%   0.0%   0.0%   0.0% 	Avg.:  0.0% 
	  0.0%   0.0%   0.0%   0.0%   0.0%   0.0%   0.0%   0.0%   0.0%   0.0% 	Avg.:  0.0% 
	  0.0%   0.0%   0.0%   0.0%   0.0%   0.0%   0.0%   0.0%   0.0%   0.0% 	Avg.:  0.0% 
	  0.0%   0.0%   0.0%   0.0%   0.0%   0.0%   0.0%   0.0%   0.0%   0.0% 	Avg.:  0.0% 
	  0.0%   0.0%   0.0%   0.0%   0.0%   0.0%   0.0%   0.0%   0.0%   0.0% 	Avg.:  0.0% 
	  0.0%   0.0%   0.0%   0.0%   0.0%   0.0%   0.0%   0.0%   0.0%   0.0% 	Avg.:  0.0% 
	  0.0%   0.0%   0.0%   0.0%   0.0%   0.0%   0.0%   0.0%   0.0%   0.0% 	Avg.:  0.0% 
************************************************************************************************************
[Elapsed time = 0.5 h]
Done!
