START_TASK=7 STOP_TASK=8
============================================================================================================
Arguments =
	approach: lucir
	batch_size: 64
	classes_first_task: None
	clipping: 10000
	crop: 224
	data_path: ../data/food101
	dataset: food101
	eval_on_train: False
	experiment_path: None
	fix_bn: False
	freeze_backbone: False
	gpu: 0
	gpus: [0]
	increment: 10
	last_layer_analysis: True
	log: ['disk']
	lr: 0.01
	lr_factor: None
	lr_min: 0.0001
	lr_patience: None
	lr_scheduler: cosine
	lr_warmup_epochs: 0
	momentum: 0.0
	multi_softmax: False
	nepochs: 70
	network: resnet50.a1_in1k
	no_cudnn_deterministic: False
	normalize: in1k
	num_workers: 2
	optimizer_name: sgd
	pin_memory: False
	pretrained: True
	resize: 224
	results_path: ./results
	save_models: True
	seed: 0
	start_at_task: 7
	start_epoch: 0
	stop_at_task: 8
	stop_epoch: 0
	use_valid_only: False
	warmup_lr_factor: 1.0
	warmup_nepochs: 0
	weight_decay: 0.0
============================================================================================================
Approach arguments =
	K: 2
	dist: 0.5
	lamb: 5.0
	lamb_mr: 1.0
============================================================================================================
Exemplars arguments =
	exemplar_selection: random
	num_exemplars: 2000
============================================================================================================
WARNING: ./results/resnet50.a1_in1k/food101/lucir/10 already exists!
Loaded acc_taw from: ./results/resnet50.a1_in1k/food101/lucir/10/acc_taw-6.txt
Loaded acc_tag from: ./results/resnet50.a1_in1k/food101/lucir/10/acc_tag-6.txt
Loaded forg_taw from: ./results/resnet50.a1_in1k/food101/lucir/10/forg_taw-6.txt
Loaded forg_tag from: ./results/resnet50.a1_in1k/food101/lucir/10/forg_tag-6.txt
Restored CosineLinear heads from ./results/resnet50.a1_in1k/food101/lucir/10/task6_cosine_heads.pth
Loaded 2030 exemplars from ./results/resnet50.a1_in1k/food101/lucir/10/task6_exemplars.pth
************************************************************************************************************
Task  7  [epochs 0-70]
************************************************************************************************************
[params] total:23,671,873  trainable:23,528,513  tensors:168  trainable_tensors:161
| Epoch   1, time= 37.6s | Train: skip eval | Valid: time=  3.0s loss=1.771, TAw acc= 81.1% | * lr=1.0e-02
| Epoch   2, time= 38.5s | Train: skip eval | Valid: time=  3.2s loss=1.547, TAw acc= 83.3% | * lr=1.0e-02
| Epoch   3, time= 37.3s | Train: skip eval | Valid: time=  2.9s loss=2.340, TAw acc= 83.2% | lr=1.0e-02
| Epoch   4, time= 32.2s | Train: skip eval | Valid: time=  2.9s loss=1.349, TAw acc= 84.5% | * lr=9.9e-03
| Epoch   5, time= 33.9s | Train: skip eval | Valid: time=  2.9s loss=1.730, TAw acc= 83.3% | lr=9.9e-03
| Epoch   6, time= 33.2s | Train: skip eval | Valid: time=  2.9s loss=1.473, TAw acc= 85.1% | lr=9.8e-03
| Epoch   7, time= 32.9s | Train: skip eval | Valid: time=  3.0s loss=1.708, TAw acc= 85.5% | lr=9.8e-03
| Epoch   8, time= 33.4s | Train: skip eval | Valid: time=  3.1s loss=1.831, TAw acc= 83.9% | lr=9.7e-03
| Epoch   9, time= 32.4s | Train: skip eval | Valid: time=  2.8s loss=1.912, TAw acc= 84.7% | lr=9.6e-03
| Epoch  10, time= 33.2s | Train: skip eval | Valid: time=  3.6s loss=1.377, TAw acc= 85.9% | lr=9.5e-03
| Epoch  11, time= 33.0s | Train: skip eval | Valid: time=  2.9s loss=1.989, TAw acc= 83.7% | lr=9.4e-03
| Epoch  12, time= 34.8s | Train: skip eval | Valid: time=  3.0s loss=1.438, TAw acc= 85.7% | lr=9.3e-03
| Epoch  13, time= 38.2s | Train: skip eval | Valid: time=  3.2s loss=1.200, TAw acc= 85.2% | * lr=9.2e-03
| Epoch  14, time= 31.9s | Train: skip eval | Valid: time=  3.2s loss=1.380, TAw acc= 85.5% | lr=9.1e-03
| Epoch  15, time= 32.8s | Train: skip eval | Valid: time=  2.8s loss=1.238, TAw acc= 85.7% | lr=8.9e-03
| Epoch  16, time= 33.1s | Train: skip eval | Valid: time=  2.8s loss=1.446, TAw acc= 84.8% | lr=8.8e-03
| Epoch  17, time= 32.3s | Train: skip eval | Valid: time=  2.9s loss=1.253, TAw acc= 85.5% | lr=8.6e-03
| Epoch  18, time= 32.3s | Train: skip eval | Valid: time=  3.0s loss=1.267, TAw acc= 85.5% | lr=8.5e-03
| Epoch  19, time= 32.4s | Train: skip eval | Valid: time=  3.1s loss=1.329, TAw acc= 84.9% | lr=8.3e-03
| Epoch  20, time= 33.0s | Train: skip eval | Valid: time=  2.9s loss=1.680, TAw acc= 84.9% | lr=8.1e-03
| Epoch  21, time= 31.0s | Train: skip eval | Valid: time=  2.8s loss=1.309, TAw acc= 85.2% | lr=8.0e-03
| Epoch  22, time= 37.4s | Train: skip eval | Valid: time=  4.8s loss=1.179, TAw acc= 86.5% | * lr=7.8e-03
| Epoch  23, time= 34.4s | Train: skip eval | Valid: time=  2.8s loss=1.621, TAw acc= 85.6% | lr=7.6e-03
| Epoch  24, time= 32.5s | Train: skip eval | Valid: time=  2.7s loss=1.156, TAw acc= 85.6% | * lr=7.4e-03
| Epoch  25, time= 31.6s | Train: skip eval | Valid: time=  3.6s loss=1.165, TAw acc= 85.2% | lr=7.2e-03
| Epoch  26, time= 34.2s | Train: skip eval | Valid: time=  3.3s loss=1.227, TAw acc= 85.5% | lr=7.0e-03
| Epoch  27, time= 43.2s | Train: skip eval | Valid: time=  2.7s loss=1.141, TAw acc= 86.4% | * lr=6.8e-03
| Epoch  28, time= 32.6s | Train: skip eval | Valid: time=  2.8s loss=1.223, TAw acc= 86.0% | lr=6.6e-03
| Epoch  29, time= 31.8s | Train: skip eval | Valid: time=  3.0s loss=1.138, TAw acc= 85.9% | * lr=6.4e-03
| Epoch  30, time= 31.8s | Train: skip eval | Valid: time=  2.7s loss=1.246, TAw acc= 85.9% | lr=6.2e-03
| Epoch  31, time= 31.7s | Train: skip eval | Valid: time=  3.7s loss=1.098, TAw acc= 85.6% | * lr=5.9e-03
| Epoch  32, time= 32.5s | Train: skip eval | Valid: time=  2.8s loss=1.378, TAw acc= 86.1% | lr=5.7e-03
| Epoch  33, time= 33.5s | Train: skip eval | Valid: time=  2.8s loss=1.280, TAw acc= 86.1% | lr=5.5e-03
| Epoch  34, time= 32.0s | Train: skip eval | Valid: time=  2.8s loss=1.124, TAw acc= 86.5% | lr=5.3e-03
| Epoch  35, time= 31.2s | Train: skip eval | Valid: time=  2.8s loss=1.124, TAw acc= 86.7% | lr=5.1e-03
| Epoch  36, time= 33.9s | Train: skip eval | Valid: time=  3.6s loss=1.150, TAw acc= 86.4% | lr=4.8e-03
| Epoch  37, time= 32.8s | Train: skip eval | Valid: time=  2.8s loss=1.083, TAw acc= 87.1% | * lr=4.6e-03
| Epoch  38, time= 34.2s | Train: skip eval | Valid: time=  2.9s loss=1.110, TAw acc= 86.3% | lr=4.4e-03
| Epoch  39, time= 31.5s | Train: skip eval | Valid: time=  2.8s loss=1.085, TAw acc= 86.4% | lr=4.2e-03
| Epoch  40, time= 33.0s | Train: skip eval | Valid: time=  3.6s loss=1.059, TAw acc= 86.1% | * lr=3.9e-03
| Epoch  41, time= 34.8s | Train: skip eval | Valid: time=  2.8s loss=1.057, TAw acc= 86.8% | * lr=3.7e-03
| Epoch  42, time= 35.4s | Train: skip eval | Valid: time=  2.7s loss=1.048, TAw acc= 87.1% | * lr=3.5e-03
| Epoch  43, time= 33.3s | Train: skip eval | Valid: time=  2.8s loss=1.058, TAw acc= 86.8% | lr=3.3e-03
| Epoch  44, time= 31.8s | Train: skip eval | Valid: time=  3.7s loss=1.134, TAw acc= 86.1% | lr=3.1e-03
| Epoch  45, time= 33.7s | Train: skip eval | Valid: time=  3.7s loss=1.040, TAw acc= 86.5% | * lr=2.9e-03
| Epoch  46, time= 32.1s | Train: skip eval | Valid: time=  2.7s loss=1.055, TAw acc= 86.3% | lr=2.7e-03
| Epoch  47, time= 30.3s | Train: skip eval | Valid: time=  2.8s loss=1.098, TAw acc= 86.4% | lr=2.5e-03
| Epoch  48, time= 32.6s | Train: skip eval | Valid: time=  2.8s loss=1.049, TAw acc= 86.8% | lr=2.3e-03
| Epoch  49, time= 35.2s | Train: skip eval | Valid: time=  2.9s loss=1.043, TAw acc= 85.9% | lr=2.1e-03
| Epoch  50, time= 32.5s | Train: skip eval | Valid: time=  2.9s loss=1.069, TAw acc= 86.9% | lr=2.0e-03
| Epoch  51, time= 30.0s | Train: skip eval | Valid: time=  2.9s loss=1.470, TAw acc= 84.8% | lr=1.8e-03
| Epoch  52, time= 35.2s | Train: skip eval | Valid: time=  2.9s loss=1.022, TAw acc= 87.2% | * lr=1.6e-03
| Epoch  53, time= 31.2s | Train: skip eval | Valid: time=  2.9s loss=1.026, TAw acc= 87.2% | lr=1.5e-03
| Epoch  54, time= 32.4s | Train: skip eval | Valid: time=  2.8s loss=1.146, TAw acc= 86.5% | lr=1.3e-03
| Epoch  55, time= 37.1s | Train: skip eval | Valid: time=  2.9s loss=1.025, TAw acc= 86.4% | lr=1.2e-03
| Epoch  56, time= 31.8s | Train: skip eval | Valid: time=  3.0s loss=1.039, TAw acc= 86.7% | lr=1.0e-03
| Epoch  57, time= 31.2s | Train: skip eval | Valid: time=  2.7s loss=1.013, TAw acc= 86.5% | * lr=9.2e-04
| Epoch  58, time= 30.5s | Train: skip eval | Valid: time=  2.8s loss=1.022, TAw acc= 86.9% | lr=8.0e-04
| Epoch  59, time= 32.0s | Train: skip eval | Valid: time=  2.8s loss=1.013, TAw acc= 86.8% | * lr=6.9e-04
| Epoch  60, time= 32.1s | Train: skip eval | Valid: time=  2.7s loss=1.020, TAw acc= 86.3% | lr=5.9e-04
| Epoch  61, time= 33.5s | Train: skip eval | Valid: time=  2.7s loss=1.011, TAw acc= 87.1% | * lr=5.0e-04
| Epoch  62, time= 31.7s | Train: skip eval | Valid: time=  2.9s loss=1.003, TAw acc= 86.4% | * lr=4.2e-04
| Epoch  63, time= 35.8s | Train: skip eval | Valid: time=  3.7s loss=1.026, TAw acc= 86.8% | lr=3.4e-04
| Epoch  64, time= 34.8s | Train: skip eval | Valid: time=  2.7s loss=1.002, TAw acc= 86.5% | * lr=2.8e-04
| Epoch  65, time= 30.5s | Train: skip eval | Valid: time=  2.8s loss=1.036, TAw acc= 86.5% | lr=2.2e-04
| Epoch  66, time= 32.4s | Train: skip eval | Valid: time=  2.9s loss=1.010, TAw acc= 86.8% | lr=1.8e-04
| Epoch  67, time= 31.3s | Train: skip eval | Valid: time=  2.8s loss=0.995, TAw acc= 86.9% | * lr=1.4e-04
| Epoch  68, time= 38.6s | Train: skip eval | Valid: time=  2.8s loss=1.013, TAw acc= 86.7% | lr=1.2e-04
| Epoch  69, time= 33.9s | Train: skip eval | Valid: time=  2.8s loss=1.020, TAw acc= 87.1% | lr=1.0e-04
| Epoch  70, time= 33.2s | Train: skip eval | Valid: time=  2.9s loss=1.018, TAw acc= 87.2% | lr=1.0e-04
| Selected 2000 train exemplars, time=  2.2s
------------------------------------------------------------------------------------------------------------
>>> Test on task  0 : loss=3.298 | TAw acc= 86.8%, forg=  0.4% | TAg acc= 34.2%, forg= 47.0% <<<
>>> Test on task  1 : loss=4.184 | TAw acc= 92.7%, forg= -0.5% | TAg acc= 41.6%, forg= 41.8% <<<
>>> Test on task  2 : loss=3.608 | TAw acc= 87.8%, forg= -0.1% | TAg acc= 43.0%, forg= 40.4% <<<
>>> Test on task  3 : loss=2.799 | TAw acc= 91.6%, forg=  0.1% | TAg acc= 51.0%, forg= 36.2% <<<
>>> Test on task  4 : loss=2.482 | TAw acc= 90.6%, forg= -0.3% | TAg acc= 51.2%, forg= 35.3% <<<
>>> Test on task  5 : loss=2.086 | TAw acc= 89.2%, forg= -0.2% | TAg acc= 56.8%, forg= 28.2% <<<
>>> Test on task  6 : loss=1.422 | TAw acc= 88.3%, forg= -0.1% | TAg acc= 69.0%, forg= 15.6% <<<
>>> Test on task  7 : loss=0.704 | TAw acc= 91.2%, forg=  0.0% | TAg acc= 87.6%, forg=  0.0% <<<
Save at ./results/./results/resnet50.a1_in1k/food101/lucir/10
************************************************************************************************************
TAw Acc
	 81.2%   0.0%   0.0%   0.0%   0.0%   0.0%   0.0%   0.0%   0.0%   0.0% 	Avg.: 81.2% 
	 83.2%  89.0%   0.0%   0.0%   0.0%   0.0%   0.0%   0.0%   0.0%   0.0% 	Avg.: 86.1% 
	 84.9%  90.1%  85.9%   0.0%   0.0%   0.0%   0.0%   0.0%   0.0%   0.0% 	Avg.: 87.0% 
	 86.1%  91.0%  86.0%  90.0%   0.0%   0.0%   0.0%   0.0%   0.0%   0.0% 	Avg.: 88.3% 
	 86.6%  91.8%  87.0%  90.9%  89.5%   0.0%   0.0%   0.0%   0.0%   0.0% 	Avg.: 89.2% 
	 87.2%  92.1%  87.7%  91.0%  89.6%  88.9%   0.0%   0.0%   0.0%   0.0% 	Avg.: 89.4% 
	 87.3%  92.2%  87.6%  91.7%  90.3%  89.0%  88.2%   0.0%   0.0%   0.0% 	Avg.: 89.5% 
	 86.8%  92.7%  87.8%  91.6%  90.6%  89.2%  88.3%  91.2%   0.0%   0.0% 	Avg.: 89.8% 
	  0.0%   0.0%   0.0%   0.0%   0.0%   0.0%   0.0%   0.0%   0.0%   0.0% 	Avg.:  0.0% 
	  0.0%   0.0%   0.0%   0.0%   0.0%   0.0%   0.0%   0.0%   0.0%   0.0% 	Avg.:  0.0% 
************************************************************************************************************
TAg Acc
	 81.2%   0.0%   0.0%   0.0%   0.0%   0.0%   0.0%   0.0%   0.0%   0.0% 	Avg.: 81.2% 
	 69.9%  83.4%   0.0%   0.0%   0.0%   0.0%   0.0%   0.0%   0.0%   0.0% 	Avg.: 76.7% 
	 60.8%  70.9%  83.4%   0.0%   0.0%   0.0%   0.0%   0.0%   0.0%   0.0% 	Avg.: 71.7% 
	 53.3%  55.6%  71.9%  87.2%   0.0%   0.0%   0.0%   0.0%   0.0%   0.0% 	Avg.: 67.0% 
	 41.0%  48.0%  53.4%  71.6%  86.5%   0.0%   0.0%   0.0%   0.0%   0.0% 	Avg.: 60.1% 
	 39.6%  45.8%  49.0%  61.9%  74.8%  85.0%   0.0%   0.0%   0.0%   0.0% 	Avg.: 59.4% 
	 37.2%  43.7%  42.4%  54.9%  59.0%  67.6%  84.6%   0.0%   0.0%   0.0% 	Avg.: 55.6% 
	 34.2%  41.6%  43.0%  51.0%  51.2%  56.8%  69.0%  87.6%   0.0%   0.0% 	Avg.: 54.3% 
	  0.0%   0.0%   0.0%   0.0%   0.0%   0.0%   0.0%   0.0%   0.0%   0.0% 	Avg.:  0.0% 
	  0.0%   0.0%   0.0%   0.0%   0.0%   0.0%   0.0%   0.0%   0.0%   0.0% 	Avg.:  0.0% 
************************************************************************************************************
TAw Forg
	  0.0%   0.0%   0.0%   0.0%   0.0%   0.0%   0.0%   0.0%   0.0%   0.0% 
	 -2.0%   0.0%   0.0%   0.0%   0.0%   0.0%   0.0%   0.0%   0.0%   0.0% 	Avg.: -2.0% 
	 -1.7%  -1.2%   0.0%   0.0%   0.0%   0.0%   0.0%   0.0%   0.0%   0.0% 	Avg.: -1.4% 
	 -1.2%  -0.9%  -0.1%   0.0%   0.0%   0.0%   0.0%   0.0%   0.0%   0.0% 	Avg.: -0.7% 
	 -0.5%  -0.8%  -1.0%  -0.8%   0.0%   0.0%   0.0%   0.0%   0.0%   0.0% 	Avg.: -0.8% 
	 -0.5%  -0.3%  -0.7%  -0.1%  -0.1%   0.0%   0.0%   0.0%   0.0%   0.0% 	Avg.: -0.4% 
	 -0.1%  -0.2%   0.1%  -0.7%  -0.6%  -0.1%   0.0%   0.0%   0.0%   0.0% 	Avg.: -0.3% 
	  0.4%  -0.5%  -0.1%   0.1%  -0.3%  -0.2%  -0.1%   0.0%   0.0%   0.0% 	Avg.: -0.1% 
	  0.0%   0.0%   0.0%   0.0%   0.0%   0.0%   0.0%   0.0%   0.0%   0.0% 	Avg.:  0.0% 
	  0.0%   0.0%   0.0%   0.0%   0.0%   0.0%   0.0%   0.0%   0.0%   0.0% 	Avg.:  0.0% 
************************************************************************************************************
TAg Forg
	  0.0%   0.0%   0.0%   0.0%   0.0%   0.0%   0.0%   0.0%   0.0%   0.0% 
	 11.2%   0.0%   0.0%   0.0%   0.0%   0.0%   0.0%   0.0%   0.0%   0.0% 	Avg.: 11.2% 
	 20.4%  12.6%   0.0%   0.0%   0.0%   0.0%   0.0%   0.0%   0.0%   0.0% 	Avg.: 16.5% 
	 27.9%  27.9%  11.5%   0.0%   0.0%   0.0%   0.0%   0.0%   0.0%   0.0% 	Avg.: 22.4% 
	 40.1%  35.4%  30.0%  15.6%   0.0%   0.0%   0.0%   0.0%   0.0%   0.0% 	Avg.: 30.3% 
	 41.6%  37.6%  34.4%  25.2%  11.6%   0.0%   0.0%   0.0%   0.0%   0.0% 	Avg.: 30.1% 
	 44.0%  39.8%  41.0%  32.3%  27.4%  17.5%   0.0%   0.0%   0.0%   0.0% 	Avg.: 33.7% 
	 47.0%  41.8%  40.4%  36.2%  35.3%  28.2%  15.6%   0.0%   0.0%   0.0% 	Avg.: 34.9% 
	  0.0%   0.0%   0.0%   0.0%   0.0%   0.0%   0.0%   0.0%   0.0%   0.0% 	Avg.:  0.0% 
	  0.0%   0.0%   0.0%   0.0%   0.0%   0.0%   0.0%   0.0%   0.0%   0.0% 	Avg.:  0.0% 
************************************************************************************************************
[Elapsed time = 0.7 h]
Done!
