START_TASK=8 STOP_TASK=9
============================================================================================================
Arguments =
	approach: lucir
	batch_size: 64
	classes_first_task: None
	clipping: 10000
	crop: 224
	data_path: ../data/food101
	dataset: food101
	eval_on_train: False
	experiment_path: None
	fix_bn: False
	freeze_backbone: False
	gpu: 0
	gpus: [0]
	increment: 10
	last_layer_analysis: True
	log: ['disk']
	lr: 0.01
	lr_factor: None
	lr_min: 0.0001
	lr_patience: None
	lr_scheduler: cosine
	lr_warmup_epochs: 0
	momentum: 0.0
	multi_softmax: False
	nepochs: 70
	network: resnet50.a1_in1k
	no_cudnn_deterministic: False
	normalize: in1k
	num_workers: 2
	optimizer_name: sgd
	pin_memory: False
	pretrained: True
	resize: 224
	results_path: ./results
	save_models: True
	seed: 0
	start_at_task: 8
	start_epoch: 0
	stop_at_task: 9
	stop_epoch: 0
	use_valid_only: False
	warmup_lr_factor: 1.0
	warmup_nepochs: 0
	weight_decay: 0.0
============================================================================================================
Approach arguments =
	K: 2
	dist: 0.5
	lamb: 5.0
	lamb_mr: 1.0
============================================================================================================
Exemplars arguments =
	exemplar_selection: random
	num_exemplars: 2000
============================================================================================================
WARNING: ./results/resnet50.a1_in1k/food101/lucir/10 already exists!
Loaded acc_taw from: ./results/resnet50.a1_in1k/food101/lucir/10/acc_taw-7.txt
Loaded acc_tag from: ./results/resnet50.a1_in1k/food101/lucir/10/acc_tag-7.txt
Loaded forg_taw from: ./results/resnet50.a1_in1k/food101/lucir/10/forg_taw-7.txt
Loaded forg_tag from: ./results/resnet50.a1_in1k/food101/lucir/10/forg_tag-7.txt
Restored CosineLinear heads from ./results/resnet50.a1_in1k/food101/lucir/10/task7_cosine_heads.pth
Loaded 2000 exemplars from ./results/resnet50.a1_in1k/food101/lucir/10/task7_exemplars.pth
************************************************************************************************************
Task  8  [epochs 0-70]
************************************************************************************************************
[params] total:23,692,353  trainable:23,528,513  tensors:169  trainable_tensors:161
| Epoch   1, time= 34.3s | Train: skip eval | Valid: time=  2.9s loss=1.439, TAw acc= 86.0% | * lr=1.0e-02
| Epoch   2, time= 33.3s | Train: skip eval | Valid: time=  2.8s loss=1.247, TAw acc= 87.5% | * lr=1.0e-02
| Epoch   3, time= 32.4s | Train: skip eval | Valid: time=  2.8s loss=1.245, TAw acc= 87.9% | * lr=1.0e-02
| Epoch   4, time= 32.9s | Train: skip eval | Valid: time=  3.3s loss=1.146, TAw acc= 88.3% | * lr=9.9e-03
| Epoch   5, time= 32.5s | Train: skip eval | Valid: time=  2.8s loss=1.108, TAw acc= 88.1% | * lr=9.9e-03
| Epoch   6, time= 36.1s | Train: skip eval | Valid: time=  3.0s loss=1.174, TAw acc= 88.1% | lr=9.8e-03
| Epoch   7, time= 32.8s | Train: skip eval | Valid: time=  3.5s loss=1.087, TAw acc= 88.5% | * lr=9.8e-03
| Epoch   8, time= 33.5s | Train: skip eval | Valid: time=  3.1s loss=1.143, TAw acc= 88.3% | lr=9.7e-03
| Epoch   9, time= 34.3s | Train: skip eval | Valid: time=  3.0s loss=1.143, TAw acc= 88.8% | lr=9.6e-03
| Epoch  10, time= 32.1s | Train: skip eval | Valid: time=  2.8s loss=1.160, TAw acc= 89.2% | lr=9.5e-03
| Epoch  11, time= 33.5s | Train: skip eval | Valid: time=  3.0s loss=1.074, TAw acc= 88.8% | * lr=9.4e-03
| Epoch  12, time= 33.1s | Train: skip eval | Valid: time=  2.8s loss=1.077, TAw acc= 88.9% | lr=9.3e-03
| Epoch  13, time= 36.0s | Train: skip eval | Valid: time=  3.1s loss=1.120, TAw acc= 88.9% | lr=9.2e-03
| Epoch  14, time= 34.4s | Train: skip eval | Valid: time=  2.8s loss=1.041, TAw acc= 89.1% | * lr=9.1e-03
| Epoch  15, time= 31.8s | Train: skip eval | Valid: time=  2.8s loss=1.011, TAw acc= 88.7% | * lr=8.9e-03
| Epoch  16, time= 32.3s | Train: skip eval | Valid: time=  3.0s loss=1.047, TAw acc= 88.8% | lr=8.8e-03
| Epoch  17, time= 32.5s | Train: skip eval | Valid: time=  2.9s loss=1.085, TAw acc= 88.5% | lr=8.6e-03
| Epoch  18, time= 31.4s | Train: skip eval | Valid: time=  2.8s loss=1.011, TAw acc= 89.3% | * lr=8.5e-03
| Epoch  19, time= 34.7s | Train: skip eval | Valid: time=  3.2s loss=1.040, TAw acc= 89.3% | lr=8.3e-03
| Epoch  20, time= 39.4s | Train: skip eval | Valid: time=  6.1s loss=1.018, TAw acc= 89.1% | lr=8.1e-03
| Epoch  21, time= 38.3s | Train: skip eval | Valid: time=  3.1s loss=0.983, TAw acc= 89.1% | * lr=8.0e-03
| Epoch  22, time= 31.7s | Train: skip eval | Valid: time=  2.9s loss=0.970, TAw acc= 88.8% | * lr=7.8e-03
| Epoch  23, time= 30.9s | Train: skip eval | Valid: time=  2.9s loss=1.023, TAw acc= 89.2% | lr=7.6e-03
| Epoch  24, time= 31.5s | Train: skip eval | Valid: time=  2.8s loss=0.978, TAw acc= 89.6% | lr=7.4e-03
| Epoch  25, time= 34.1s | Train: skip eval | Valid: time=  3.1s loss=0.955, TAw acc= 89.3% | * lr=7.2e-03
| Epoch  26, time= 32.2s | Train: skip eval | Valid: time=  2.8s loss=0.935, TAw acc= 89.6% | * lr=7.0e-03
| Epoch  27, time= 30.9s | Train: skip eval | Valid: time=  3.4s loss=0.981, TAw acc= 88.9% | lr=6.8e-03
| Epoch  28, time= 31.1s | Train: skip eval | Valid: time=  3.4s loss=0.935, TAw acc= 89.2% | * lr=6.6e-03
| Epoch  29, time= 34.7s | Train: skip eval | Valid: time=  2.7s loss=0.986, TAw acc= 88.9% | lr=6.4e-03
| Epoch  30, time= 31.9s | Train: skip eval | Valid: time=  3.0s loss=0.935, TAw acc= 89.5% | lr=6.2e-03
| Epoch  31, time= 35.2s | Train: skip eval | Valid: time=  2.7s loss=0.959, TAw acc= 89.5% | lr=5.9e-03
| Epoch  32, time= 38.2s | Train: skip eval | Valid: time=  3.1s loss=0.962, TAw acc= 89.2% | lr=5.7e-03
| Epoch  33, time= 31.7s | Train: skip eval | Valid: time=  2.7s loss=0.956, TAw acc= 89.3% | lr=5.5e-03
| Epoch  34, time= 30.8s | Train: skip eval | Valid: time=  2.8s loss=0.956, TAw acc= 88.9% | lr=5.3e-03
| Epoch  35, time= 32.6s | Train: skip eval | Valid: time=  3.1s loss=0.936, TAw acc= 89.6% | lr=5.1e-03
| Epoch  36, time= 33.8s | Train: skip eval | Valid: time=  2.7s loss=0.941, TAw acc= 89.2% | lr=4.8e-03
| Epoch  37, time= 32.3s | Train: skip eval | Valid: time=  3.2s loss=0.915, TAw acc= 89.5% | * lr=4.6e-03
| Epoch  38, time= 33.1s | Train: skip eval | Valid: time=  2.8s loss=0.916, TAw acc= 89.3% | lr=4.4e-03
| Epoch  39, time= 30.6s | Train: skip eval | Valid: time=  3.0s loss=0.937, TAw acc= 89.7% | lr=4.2e-03
| Epoch  40, time= 41.2s | Train: skip eval | Valid: time=  2.7s loss=0.919, TAw acc= 90.1% | lr=3.9e-03
| Epoch  41, time= 30.7s | Train: skip eval | Valid: time=  2.7s loss=0.922, TAw acc= 89.9% | lr=3.7e-03
| Epoch  42, time= 31.1s | Train: skip eval | Valid: time=  2.8s loss=0.914, TAw acc= 89.6% | * lr=3.5e-03
| Epoch  43, time= 34.0s | Train: skip eval | Valid: time=  2.9s loss=0.898, TAw acc= 89.5% | * lr=3.3e-03
| Epoch  44, time= 34.0s | Train: skip eval | Valid: time=  3.4s loss=0.900, TAw acc= 89.1% | lr=3.1e-03
| Epoch  45, time= 33.0s | Train: skip eval | Valid: time=  2.7s loss=0.902, TAw acc= 90.0% | lr=2.9e-03
| Epoch  46, time= 35.2s | Train: skip eval | Valid: time=  3.2s loss=0.890, TAw acc= 89.7% | * lr=2.7e-03
| Epoch  47, time= 34.1s | Train: skip eval | Valid: time=  2.7s loss=0.906, TAw acc= 89.7% | lr=2.5e-03
| Epoch  48, time= 35.2s | Train: skip eval | Valid: time=  3.5s loss=0.900, TAw acc= 90.1% | lr=2.3e-03
| Epoch  49, time= 34.7s | Train: skip eval | Valid: time=  2.7s loss=0.909, TAw acc= 89.9% | lr=2.1e-03
| Epoch  50, time= 35.7s | Train: skip eval | Valid: time=  2.7s loss=0.894, TAw acc= 89.5% | lr=2.0e-03
| Epoch  51, time= 35.5s | Train: skip eval | Valid: time=  2.9s loss=0.888, TAw acc= 89.7% | * lr=1.8e-03
| Epoch  52, time= 34.3s | Train: skip eval | Valid: time=  2.7s loss=0.900, TAw acc= 89.9% | lr=1.6e-03
| Epoch  53, time= 33.9s | Train: skip eval | Valid: time=  2.8s loss=0.896, TAw acc= 90.1% | lr=1.5e-03
| Epoch  54, time= 33.5s | Train: skip eval | Valid: time=  2.8s loss=0.888, TAw acc= 90.0% | lr=1.3e-03
| Epoch  55, time= 31.2s | Train: skip eval | Valid: time=  2.8s loss=0.888, TAw acc= 89.6% | lr=1.2e-03
| Epoch  56, time= 31.8s | Train: skip eval | Valid: time=  2.8s loss=0.883, TAw acc= 89.6% | * lr=1.0e-03
| Epoch  57, time= 32.0s | Train: skip eval | Valid: time=  3.0s loss=0.897, TAw acc= 89.7% | lr=9.2e-04
| Epoch  58, time= 35.3s | Train: skip eval | Valid: time=  2.8s loss=0.890, TAw acc= 89.9% | lr=8.0e-04
| Epoch  59, time= 35.4s | Train: skip eval | Valid: time=  3.0s loss=0.877, TAw acc= 89.6% | * lr=6.9e-04
| Epoch  60, time= 32.3s | Train: skip eval | Valid: time=  2.9s loss=0.891, TAw acc= 89.1% | lr=5.9e-04
| Epoch  61, time= 33.5s | Train: skip eval | Valid: time=  2.9s loss=0.880, TAw acc= 89.7% | lr=5.0e-04
| Epoch  62, time= 31.1s | Train: skip eval | Valid: time=  3.1s loss=0.881, TAw acc= 89.6% | lr=4.2e-04
| Epoch  63, time= 33.4s | Train: skip eval | Valid: time=  2.8s loss=0.890, TAw acc= 89.7% | lr=3.4e-04
| Epoch  64, time= 32.7s | Train: skip eval | Valid: time=  3.5s loss=0.881, TAw acc= 89.7% | lr=2.8e-04
| Epoch  65, time= 37.8s | Train: skip eval | Valid: time=  2.7s loss=0.903, TAw acc= 89.6% | lr=2.2e-04
| Epoch  66, time= 34.1s | Train: skip eval | Valid: time=  2.7s loss=0.885, TAw acc= 89.9% | lr=1.8e-04
| Epoch  67, time= 31.8s | Train: skip eval | Valid: time=  2.8s loss=0.888, TAw acc= 90.1% | lr=1.4e-04
| Epoch  68, time= 32.6s | Train: skip eval | Valid: time=  3.4s loss=0.877, TAw acc= 89.6% | * lr=1.2e-04
| Epoch  69, time= 36.0s | Train: skip eval | Valid: time=  2.7s loss=0.898, TAw acc= 89.9% | lr=1.0e-04
| Epoch  70, time= 31.7s | Train: skip eval | Valid: time=  2.8s loss=0.881, TAw acc= 89.9% | lr=1.0e-04
| Selected 2070 train exemplars, time=  2.2s
------------------------------------------------------------------------------------------------------------
>>> Test on task  0 : loss=3.702 | TAw acc= 87.6%, forg= -0.3% | TAg acc= 28.7%, forg= 52.5% <<<
>>> Test on task  1 : loss=4.498 | TAw acc= 93.1%, forg= -0.4% | TAg acc= 41.6%, forg= 41.9% <<<
>>> Test on task  2 : loss=3.974 | TAw acc= 88.2%, forg= -0.3% | TAg acc= 40.4%, forg= 43.0% <<<
>>> Test on task  3 : loss=3.058 | TAw acc= 91.6%, forg=  0.1% | TAg acc= 48.7%, forg= 38.4% <<<
>>> Test on task  4 : loss=3.034 | TAw acc= 90.8%, forg= -0.2% | TAg acc= 40.9%, forg= 45.6% <<<
>>> Test on task  5 : loss=2.563 | TAw acc= 89.8%, forg= -0.5% | TAg acc= 50.8%, forg= 34.2% <<<
>>> Test on task  6 : loss=1.794 | TAw acc= 89.0%, forg= -0.6% | TAg acc= 61.6%, forg= 23.0% <<<
>>> Test on task  7 : loss=1.306 | TAw acc= 91.6%, forg= -0.4% | TAg acc= 71.1%, forg= 16.6% <<<
>>> Test on task  8 : loss=0.678 | TAw acc= 90.5%, forg=  0.0% | TAg acc= 86.7%, forg=  0.0% <<<
Save at ./results/./results/resnet50.a1_in1k/food101/lucir/10
************************************************************************************************************
TAw Acc
	 81.2%   0.0%   0.0%   0.0%   0.0%   0.0%   0.0%   0.0%   0.0%   0.0% 	Avg.: 81.2% 
	 83.2%  89.0%   0.0%   0.0%   0.0%   0.0%   0.0%   0.0%   0.0%   0.0% 	Avg.: 86.1% 
	 84.9%  90.1%  85.9%   0.0%   0.0%   0.0%   0.0%   0.0%   0.0%   0.0% 	Avg.: 87.0% 
	 86.1%  91.0%  86.0%  90.0%   0.0%   0.0%   0.0%   0.0%   0.0%   0.0% 	Avg.: 88.3% 
	 86.6%  91.8%  87.0%  90.9%  89.5%   0.0%   0.0%   0.0%   0.0%   0.0% 	Avg.: 89.2% 
	 87.2%  92.1%  87.7%  91.0%  89.6%  88.9%   0.0%   0.0%   0.0%   0.0% 	Avg.: 89.4% 
	 87.3%  92.2%  87.6%  91.7%  90.3%  89.0%  88.2%   0.0%   0.0%   0.0% 	Avg.: 89.5% 
	 86.8%  92.7%  87.8%  91.6%  90.6%  89.2%  88.3%  91.2%   0.0%   0.0% 	Avg.: 89.8% 
	 87.6%  93.1%  88.2%  91.6%  90.8%  89.8%  89.0%  91.6%  90.5%   0.0% 	Avg.: 90.2% 
	  0.0%   0.0%   0.0%   0.0%   0.0%   0.0%   0.0%   0.0%   0.0%   0.0% 	Avg.:  0.0% 
************************************************************************************************************
TAg Acc
	 81.2%   0.0%   0.0%   0.0%   0.0%   0.0%   0.0%   0.0%   0.0%   0.0% 	Avg.: 81.2% 
	 69.9%  83.4%   0.0%   0.0%   0.0%   0.0%   0.0%   0.0%   0.0%   0.0% 	Avg.: 76.7% 
	 60.8%  70.9%  83.4%   0.0%   0.0%   0.0%   0.0%   0.0%   0.0%   0.0% 	Avg.: 71.7% 
	 53.3%  55.6%  71.9%  87.2%   0.0%   0.0%   0.0%   0.0%   0.0%   0.0% 	Avg.: 67.0% 
	 41.0%  48.0%  53.4%  71.6%  86.5%   0.0%   0.0%   0.0%   0.0%   0.0% 	Avg.: 60.1% 
	 39.6%  45.8%  49.0%  61.9%  74.8%  85.0%   0.0%   0.0%   0.0%   0.0% 	Avg.: 59.4% 
	 37.2%  43.7%  42.4%  54.9%  59.0%  67.6%  84.6%   0.0%   0.0%   0.0% 	Avg.: 55.6% 
	 34.2%  41.6%  43.0%  51.0%  51.2%  56.8%  69.0%  87.6%   0.0%   0.0% 	Avg.: 54.3% 
	 28.7%  41.6%  40.4%  48.7%  40.9%  50.8%  61.6%  71.1%  86.7%   0.0% 	Avg.: 52.3% 
	  0.0%   0.0%   0.0%   0.0%   0.0%   0.0%   0.0%   0.0%   0.0%   0.0% 	Avg.:  0.0% 
************************************************************************************************************
TAw Forg
	  0.0%   0.0%   0.0%   0.0%   0.0%   0.0%   0.0%   0.0%   0.0%   0.0% 
	 -2.0%   0.0%   0.0%   0.0%   0.0%   0.0%   0.0%   0.0%   0.0%   0.0% 	Avg.: -2.0% 
	 -1.7%  -1.2%   0.0%   0.0%   0.0%   0.0%   0.0%   0.0%   0.0%   0.0% 	Avg.: -1.4% 
	 -1.2%  -0.9%  -0.1%   0.0%   0.0%   0.0%   0.0%   0.0%   0.0%   0.0% 	Avg.: -0.7% 
	 -0.5%  -0.8%  -1.0%  -0.8%   0.0%   0.0%   0.0%   0.0%   0.0%   0.0% 	Avg.: -0.8% 
	 -0.5%  -0.3%  -0.7%  -0.1%  -0.1%   0.0%   0.0%   0.0%   0.0%   0.0% 	Avg.: -0.4% 
	 -0.1%  -0.2%   0.1%  -0.7%  -0.6%  -0.1%   0.0%   0.0%   0.0%   0.0% 	Avg.: -0.3% 
	  0.4%  -0.5%  -0.1%   0.1%  -0.3%  -0.2%  -0.1%   0.0%   0.0%   0.0% 	Avg.: -0.1% 
	 -0.3%  -0.4%  -0.3%   0.1%  -0.2%  -0.5%  -0.6%  -0.4%   0.0%   0.0% 	Avg.: -0.3% 
	  0.0%   0.0%   0.0%   0.0%   0.0%   0.0%   0.0%   0.0%   0.0%   0.0% 	Avg.:  0.0% 
************************************************************************************************************
TAg Forg
	  0.0%   0.0%   0.0%   0.0%   0.0%   0.0%   0.0%   0.0%   0.0%   0.0% 
	 11.2%   0.0%   0.0%   0.0%   0.0%   0.0%   0.0%   0.0%   0.0%   0.0% 	Avg.: 11.2% 
	 20.4%  12.6%   0.0%   0.0%   0.0%   0.0%   0.0%   0.0%   0.0%   0.0% 	Avg.: 16.5% 
	 27.9%  27.9%  11.5%   0.0%   0.0%   0.0%   0.0%   0.0%   0.0%   0.0% 	Avg.: 22.4% 
	 40.1%  35.4%  30.0%  15.6%   0.0%   0.0%   0.0%   0.0%   0.0%   0.0% 	Avg.: 30.3% 
	 41.6%  37.6%  34.4%  25.2%  11.6%   0.0%   0.0%   0.0%   0.0%   0.0% 	Avg.: 30.1% 
	 44.0%  39.8%  41.0%  32.3%  27.4%  17.5%   0.0%   0.0%   0.0%   0.0% 	Avg.: 33.7% 
	 47.0%  41.8%  40.4%  36.2%  35.3%  28.2%  15.6%   0.0%   0.0%   0.0% 	Avg.: 34.9% 
	 52.5%  41.9%  43.0%  38.4%  45.6%  34.2%  23.0%  16.6%   0.0%   0.0% 	Avg.: 36.9% 
	  0.0%   0.0%   0.0%   0.0%   0.0%   0.0%   0.0%   0.0%   0.0%   0.0% 	Avg.:  0.0% 
************************************************************************************************************
[Elapsed time = 0.7 h]
Done!
