START_TASK=5 STOP_TASK=6
============================================================================================================
Arguments =
	approach: l2p
	batch_size: 64
	classes_first_task: None
	clipping: 10000
	crop: 224
	data_path: ../data/food101
	dataset: food101
	eval_on_train: False
	experiment_path: None
	fix_bn: False
	freeze_backbone: True
	gpu: 0
	gpus: [0]
	increment: 10
	last_layer_analysis: True
	log: ['disk']
	lr: 0.01
	lr_factor: None
	lr_min: 0.0001
	lr_patience: None
	lr_scheduler: cosine
	lr_warmup_epochs: 0
	momentum: 0.0
	multi_softmax: False
	nepochs: 70
	network: vit_base_patch16_224_prompt
	no_cudnn_deterministic: False
	normalize: in21k
	num_workers: 2
	optimizer_name: sgd
	pin_memory: False
	pretrained: True
	resize: 224
	results_path: ./results
	save_models: True
	seed: 0
	start_at_task: 5
	start_epoch: 0
	stop_at_task: 6
	stop_epoch: 0
	use_valid_only: False
	warmup_lr_factor: 1.0
	warmup_nepochs: 0
	weight_decay: 0.0
============================================================================================================
Approach arguments =
	lamb: 0.5
============================================================================================================
Exemplars arguments =
============================================================================================================
WARNING: ./results/vit_base_patch16_224_prompt/food101/l2p/10 already exists!
Loaded acc_taw from: ./results/vit_base_patch16_224_prompt/food101/l2p/10/acc_taw-4.txt
Loaded acc_tag from: ./results/vit_base_patch16_224_prompt/food101/l2p/10/acc_tag-4.txt
Loaded forg_taw from: ./results/vit_base_patch16_224_prompt/food101/l2p/10/forg_taw-4.txt
Loaded forg_tag from: ./results/vit_base_patch16_224_prompt/food101/l2p/10/forg_tag-4.txt
************************************************************************************************************
Task  5  [epochs 0-70]
************************************************************************************************************
[DEBUG] trainable params -> backbone:0 heads:46140 total:46140
[params] total:171,693,372  trainable:92,220  tensors:314  trainable_tensors:14
| Epoch   1, time= 52.6s | Train: skip eval | Valid: time=  4.5s loss=1.604, TAw acc= 88.4% | * lr=1.0e-02
| Epoch   2, time= 52.8s | Train: skip eval | Valid: time=  4.3s loss=1.197, TAw acc= 91.6% | * lr=1.0e-02
| Epoch   3, time= 52.9s | Train: skip eval | Valid: time=  4.4s loss=0.920, TAw acc= 92.0% | * lr=1.0e-02
| Epoch   4, time= 52.8s | Train: skip eval | Valid: time=  4.4s loss=0.732, TAw acc= 92.0% | * lr=9.9e-03
| Epoch   5, time= 52.4s | Train: skip eval | Valid: time=  4.4s loss=0.600, TAw acc= 92.4% | * lr=9.9e-03
| Epoch   6, time= 52.7s | Train: skip eval | Valid: time=  4.5s loss=0.505, TAw acc= 92.0% | * lr=9.8e-03
| Epoch   7, time= 53.8s | Train: skip eval | Valid: time=  4.5s loss=0.434, TAw acc= 92.0% | * lr=9.8e-03
| Epoch   8, time= 52.9s | Train: skip eval | Valid: time=  4.4s loss=0.380, TAw acc= 92.1% | * lr=9.7e-03
| Epoch   9, time= 52.9s | Train: skip eval | Valid: time=  4.4s loss=0.337, TAw acc= 92.1% | * lr=9.6e-03
| Epoch  10, time= 52.8s | Train: skip eval | Valid: time=  4.4s loss=0.303, TAw acc= 92.0% | * lr=9.5e-03
| Epoch  11, time= 52.8s | Train: skip eval | Valid: time=  4.5s loss=0.275, TAw acc= 92.3% | * lr=9.4e-03
| Epoch  12, time= 53.0s | Train: skip eval | Valid: time=  4.5s loss=0.253, TAw acc= 92.3% | * lr=9.3e-03
| Epoch  13, time= 53.1s | Train: skip eval | Valid: time=  4.3s loss=0.233, TAw acc= 92.4% | * lr=9.2e-03
| Epoch  14, time= 53.2s | Train: skip eval | Valid: time=  4.4s loss=0.216, TAw acc= 92.1% | * lr=9.1e-03
| Epoch  15, time= 53.3s | Train: skip eval | Valid: time=  4.5s loss=0.202, TAw acc= 92.3% | * lr=8.9e-03
| Epoch  16, time= 53.4s | Train: skip eval | Valid: time=  4.4s loss=0.190, TAw acc= 92.3% | * lr=8.8e-03
| Epoch  17, time= 53.8s | Train: skip eval | Valid: time=  4.9s loss=0.179, TAw acc= 92.4% | * lr=8.6e-03
| Epoch  18, time= 52.7s | Train: skip eval | Valid: time=  4.4s loss=0.169, TAw acc= 92.4% | * lr=8.5e-03
| Epoch  19, time= 52.6s | Train: skip eval | Valid: time=  4.5s loss=0.161, TAw acc= 92.4% | * lr=8.3e-03
| Epoch  20, time= 52.8s | Train: skip eval | Valid: time=  4.3s loss=0.153, TAw acc= 92.4% | * lr=8.1e-03
| Epoch  21, time= 52.8s | Train: skip eval | Valid: time=  4.5s loss=0.146, TAw acc= 92.4% | * lr=8.0e-03
| Epoch  22, time= 52.9s | Train: skip eval | Valid: time=  4.4s loss=0.140, TAw acc= 92.5% | * lr=7.8e-03
| Epoch  23, time= 52.8s | Train: skip eval | Valid: time=  4.4s loss=0.135, TAw acc= 92.8% | * lr=7.6e-03
| Epoch  24, time= 52.9s | Train: skip eval | Valid: time=  4.3s loss=0.129, TAw acc= 92.8% | * lr=7.4e-03
| Epoch  25, time= 53.1s | Train: skip eval | Valid: time=  4.4s loss=0.125, TAw acc= 92.9% | * lr=7.2e-03
| Epoch  26, time= 53.0s | Train: skip eval | Valid: time=  4.6s loss=0.120, TAw acc= 92.9% | * lr=7.0e-03
| Epoch  27, time= 52.9s | Train: skip eval | Valid: time=  4.4s loss=0.117, TAw acc= 93.1% | * lr=6.8e-03
| Epoch  28, time= 53.0s | Train: skip eval | Valid: time=  4.3s loss=0.113, TAw acc= 93.2% | * lr=6.6e-03
| Epoch  29, time= 53.0s | Train: skip eval | Valid: time=  4.5s loss=0.110, TAw acc= 93.2% | * lr=6.4e-03
| Epoch  30, time= 52.9s | Train: skip eval | Valid: time=  4.4s loss=0.107, TAw acc= 93.3% | * lr=6.2e-03
| Epoch  31, time= 53.2s | Train: skip eval | Valid: time=  4.3s loss=0.104, TAw acc= 93.2% | * lr=5.9e-03
| Epoch  32, time= 52.8s | Train: skip eval | Valid: time=  4.5s loss=0.102, TAw acc= 93.2% | * lr=5.7e-03
| Epoch  33, time= 52.8s | Train: skip eval | Valid: time=  4.3s loss=0.099, TAw acc= 93.3% | * lr=5.5e-03
| Epoch  34, time= 52.7s | Train: skip eval | Valid: time=  4.4s loss=0.097, TAw acc= 93.3% | * lr=5.3e-03
| Epoch  35, time= 52.2s | Train: skip eval | Valid: time=  4.5s loss=0.095, TAw acc= 93.3% | * lr=5.1e-03
| Epoch  36, time= 52.8s | Train: skip eval | Valid: time=  4.4s loss=0.093, TAw acc= 93.5% | * lr=4.8e-03
| Epoch  37, time= 52.9s | Train: skip eval | Valid: time=  4.5s loss=0.091, TAw acc= 93.3% | * lr=4.6e-03
| Epoch  38, time= 53.2s | Train: skip eval | Valid: time=  4.5s loss=0.090, TAw acc= 93.5% | * lr=4.4e-03
| Epoch  39, time= 53.1s | Train: skip eval | Valid: time=  4.4s loss=0.088, TAw acc= 93.5% | * lr=4.2e-03
| Epoch  40, time= 53.3s | Train: skip eval | Valid: time=  4.5s loss=0.087, TAw acc= 93.5% | * lr=3.9e-03
| Epoch  41, time= 53.3s | Train: skip eval | Valid: time=  4.3s loss=0.086, TAw acc= 93.5% | * lr=3.7e-03
| Epoch  42, time= 53.3s | Train: skip eval | Valid: time=  4.3s loss=0.084, TAw acc= 93.5% | * lr=3.5e-03
| Epoch  43, time= 53.2s | Train: skip eval | Valid: time=  4.4s loss=0.083, TAw acc= 93.5% | * lr=3.3e-03
| Epoch  44, time= 53.1s | Train: skip eval | Valid: time=  4.5s loss=0.082, TAw acc= 93.5% | * lr=3.1e-03
| Epoch  45, time= 52.7s | Train: skip eval | Valid: time=  4.5s loss=0.081, TAw acc= 93.5% | * lr=2.9e-03
| Epoch  46, time= 52.7s | Train: skip eval | Valid: time=  4.4s loss=0.081, TAw acc= 93.5% | * lr=2.7e-03
| Epoch  47, time= 53.2s | Train: skip eval | Valid: time=  5.4s loss=0.080, TAw acc= 93.5% | * lr=2.5e-03
| Epoch  48, time= 53.0s | Train: skip eval | Valid: time=  4.3s loss=0.079, TAw acc= 93.5% | * lr=2.3e-03
| Epoch  49, time= 52.3s | Train: skip eval | Valid: time=  4.4s loss=0.079, TAw acc= 93.5% | * lr=2.1e-03
| Epoch  50, time= 52.4s | Train: skip eval | Valid: time=  4.4s loss=0.078, TAw acc= 93.5% | * lr=2.0e-03
| Epoch  51, time= 52.2s | Train: skip eval | Valid: time=  4.5s loss=0.078, TAw acc= 93.5% | * lr=1.8e-03
| Epoch  52, time= 52.3s | Train: skip eval | Valid: time=  4.3s loss=0.077, TAw acc= 93.5% | * lr=1.6e-03
| Epoch  53, time= 52.4s | Train: skip eval | Valid: time=  4.3s loss=0.077, TAw acc= 93.5% | * lr=1.5e-03
| Epoch  54, time= 52.4s | Train: skip eval | Valid: time=  4.5s loss=0.076, TAw acc= 93.5% | * lr=1.3e-03
| Epoch  55, time= 52.4s | Train: skip eval | Valid: time=  4.3s loss=0.076, TAw acc= 93.5% | * lr=1.2e-03
| Epoch  56, time= 52.4s | Train: skip eval | Valid: time=  4.5s loss=0.076, TAw acc= 93.5% | * lr=1.0e-03
| Epoch  57, time= 52.3s | Train: skip eval | Valid: time=  4.4s loss=0.075, TAw acc= 93.5% | * lr=9.2e-04
| Epoch  58, time= 52.3s | Train: skip eval | Valid: time=  4.4s loss=0.075, TAw acc= 93.6% | * lr=8.0e-04
| Epoch  59, time= 52.5s | Train: skip eval | Valid: time=  4.3s loss=0.075, TAw acc= 93.6% | * lr=6.9e-04
| Epoch  60, time= 52.4s | Train: skip eval | Valid: time=  4.4s loss=0.075, TAw acc= 93.6% | * lr=5.9e-04
| Epoch  61, time= 52.3s | Train: skip eval | Valid: time=  4.4s loss=0.075, TAw acc= 93.6% | * lr=5.0e-04
| Epoch  62, time= 52.8s | Train: skip eval | Valid: time=  4.5s loss=0.074, TAw acc= 93.6% | * lr=4.2e-04
| Epoch  63, time= 52.9s | Train: skip eval | Valid: time=  4.4s loss=0.074, TAw acc= 93.6% | * lr=3.4e-04
| Epoch  64, time= 53.0s | Train: skip eval | Valid: time=  4.5s loss=0.074, TAw acc= 93.6% | * lr=2.8e-04
| Epoch  65, time= 53.1s | Train: skip eval | Valid: time=  4.4s loss=0.074, TAw acc= 93.6% | * lr=2.2e-04
| Epoch  66, time= 53.1s | Train: skip eval | Valid: time=  4.3s loss=0.074, TAw acc= 93.6% | * lr=1.8e-04
| Epoch  67, time= 53.1s | Train: skip eval | Valid: time=  4.5s loss=0.074, TAw acc= 93.6% | * lr=1.4e-04
| Epoch  68, time= 53.2s | Train: skip eval | Valid: time=  4.4s loss=0.074, TAw acc= 93.6% | * lr=1.2e-04
| Epoch  69, time= 53.2s | Train: skip eval | Valid: time=  4.5s loss=0.074, TAw acc= 93.6% | * lr=1.0e-04
| Epoch  70, time= 53.3s | Train: skip eval | Valid: time=  4.3s loss=0.074, TAw acc= 93.6% | * lr=1.0e-04
------------------------------------------------------------------------------------------------------------
>>> Test on task  0 : loss=0.068 | TAw acc= 94.4%, forg=  0.8% | TAg acc= 86.8%, forg=  8.5% <<<
>>> Test on task  1 : loss=-0.012 | TAw acc= 97.2%, forg=  0.2% | TAg acc= 87.4%, forg=  7.1% <<<
>>> Test on task  2 : loss=0.047 | TAw acc= 95.6%, forg= -0.2% | TAg acc= 79.7%, forg= 10.2% <<<
>>> Test on task  3 : loss=-0.013 | TAw acc= 97.6%, forg= -0.0% | TAg acc= 87.5%, forg=  2.9% <<<
>>> Test on task  4 : loss=0.023 | TAw acc= 95.8%, forg=  0.0% | TAg acc= 82.6%, forg=  1.0% <<<
>>> Test on task  5 : loss=-0.019 | TAw acc= 95.8%, forg=  0.0% | TAg acc= 84.5%, forg=  0.0% <<<
Save at ./results/./results/vit_base_patch16_224_prompt/food101/l2p/10
************************************************************************************************************
TAw Acc
	 95.3%   0.0%   0.0%   0.0%   0.0%   0.0%   0.0%   0.0%   0.0%   0.0% 	Avg.: 95.3% 
	 95.0%  97.4%   0.0%   0.0%   0.0%   0.0%   0.0%   0.0%   0.0%   0.0% 	Avg.: 96.2% 
	 94.7%  97.2%  95.4%   0.0%   0.0%   0.0%   0.0%   0.0%   0.0%   0.0% 	Avg.: 95.8% 
	 94.5%  97.3%  95.5%  97.5%   0.0%   0.0%   0.0%   0.0%   0.0%   0.0% 	Avg.: 96.2% 
	 94.4%  97.2%  95.5%  97.6%  95.8%   0.0%   0.0%   0.0%   0.0%   0.0% 	Avg.: 96.1% 
	 94.4%  97.2%  95.6%  97.6%  95.8%  95.8%   0.0%   0.0%   0.0%   0.0% 	Avg.: 96.1% 
	  0.0%   0.0%   0.0%   0.0%   0.0%   0.0%   0.0%   0.0%   0.0%   0.0% 	Avg.:  0.0% 
	  0.0%   0.0%   0.0%   0.0%   0.0%   0.0%   0.0%   0.0%   0.0%   0.0% 	Avg.:  0.0% 
	  0.0%   0.0%   0.0%   0.0%   0.0%   0.0%   0.0%   0.0%   0.0%   0.0% 	Avg.:  0.0% 
	  0.0%   0.0%   0.0%   0.0%   0.0%   0.0%   0.0%   0.0%   0.0%   0.0% 	Avg.:  0.0% 
************************************************************************************************************
TAg Acc
	 95.3%   0.0%   0.0%   0.0%   0.0%   0.0%   0.0%   0.0%   0.0%   0.0% 	Avg.: 95.3% 
	 91.8%  94.5%   0.0%   0.0%   0.0%   0.0%   0.0%   0.0%   0.0%   0.0% 	Avg.: 93.2% 
	 90.2%  92.8%  89.9%   0.0%   0.0%   0.0%   0.0%   0.0%   0.0%   0.0% 	Avg.: 91.0% 
	 89.2%  90.4%  86.7%  90.4%   0.0%   0.0%   0.0%   0.0%   0.0%   0.0% 	Avg.: 89.2% 
	 87.7%  88.5%  82.5%  89.0%  83.5%   0.0%   0.0%   0.0%   0.0%   0.0% 	Avg.: 86.3% 
	 86.8%  87.4%  79.7%  87.5%  82.6%  84.5%   0.0%   0.0%   0.0%   0.0% 	Avg.: 84.7% 
	  0.0%   0.0%   0.0%   0.0%   0.0%   0.0%   0.0%   0.0%   0.0%   0.0% 	Avg.:  0.0% 
	  0.0%   0.0%   0.0%   0.0%   0.0%   0.0%   0.0%   0.0%   0.0%   0.0% 	Avg.:  0.0% 
	  0.0%   0.0%   0.0%   0.0%   0.0%   0.0%   0.0%   0.0%   0.0%   0.0% 	Avg.:  0.0% 
	  0.0%   0.0%   0.0%   0.0%   0.0%   0.0%   0.0%   0.0%   0.0%   0.0% 	Avg.:  0.0% 
************************************************************************************************************
TAw Forg
	  0.0%   0.0%   0.0%   0.0%   0.0%   0.0%   0.0%   0.0%   0.0%   0.0% 
	  0.3%   0.0%   0.0%   0.0%   0.0%   0.0%   0.0%   0.0%   0.0%   0.0% 	Avg.:  0.3% 
	  0.6%   0.2%   0.0%   0.0%   0.0%   0.0%   0.0%   0.0%   0.0%   0.0% 	Avg.:  0.4% 
	  0.8%   0.1%  -0.1%   0.0%   0.0%   0.0%   0.0%   0.0%   0.0%   0.0% 	Avg.:  0.3% 
	  0.9%   0.2%   0.0%  -0.0%   0.0%   0.0%   0.0%   0.0%   0.0%   0.0% 	Avg.:  0.2% 
	  0.8%   0.2%  -0.2%  -0.0%   0.0%   0.0%   0.0%   0.0%   0.0%   0.0% 	Avg.:  0.2% 
	  0.0%   0.0%   0.0%   0.0%   0.0%   0.0%   0.0%   0.0%   0.0%   0.0% 	Avg.:  0.0% 
	  0.0%   0.0%   0.0%   0.0%   0.0%   0.0%   0.0%   0.0%   0.0%   0.0% 	Avg.:  0.0% 
	  0.0%   0.0%   0.0%   0.0%   0.0%   0.0%   0.0%   0.0%   0.0%   0.0% 	Avg.:  0.0% 
	  0.0%   0.0%   0.0%   0.0%   0.0%   0.0%   0.0%   0.0%   0.0%   0.0% 	Avg.:  0.0% 
************************************************************************************************************
TAg Forg
	  0.0%   0.0%   0.0%   0.0%   0.0%   0.0%   0.0%   0.0%   0.0%   0.0% 
	  3.5%   0.0%   0.0%   0.0%   0.0%   0.0%   0.0%   0.0%   0.0%   0.0% 	Avg.:  3.5% 
	  5.1%   1.7%   0.0%   0.0%   0.0%   0.0%   0.0%   0.0%   0.0%   0.0% 	Avg.:  3.4% 
	  6.0%   4.2%   3.2%   0.0%   0.0%   0.0%   0.0%   0.0%   0.0%   0.0% 	Avg.:  4.5% 
	  7.6%   6.0%   7.4%   1.3%   0.0%   0.0%   0.0%   0.0%   0.0%   0.0% 	Avg.:  5.6% 
	  8.5%   7.1%  10.2%   2.9%   1.0%   0.0%   0.0%   0.0%   0.0%   0.0% 	Avg.:  5.9% 
	  0.0%   0.0%   0.0%   0.0%   0.0%   0.0%   0.0%   0.0%   0.0%   0.0% 	Avg.:  0.0% 
	  0.0%   0.0%   0.0%   0.0%   0.0%   0.0%   0.0%   0.0%   0.0%   0.0% 	Avg.:  0.0% 
	  0.0%   0.0%   0.0%   0.0%   0.0%   0.0%   0.0%   0.0%   0.0%   0.0% 	Avg.:  0.0% 
	  0.0%   0.0%   0.0%   0.0%   0.0%   0.0%   0.0%   0.0%   0.0%   0.0% 	Avg.:  0.0% 
************************************************************************************************************
[Elapsed time = 1.1 h]
Done!
