START_TASK=14 STOP_TASK=15
============================================================================================================
Arguments =
	approach: lucir
	batch_size: 64
	classes_first_task: None
	clipping: 10000
	crop: 224
	data_path: ../data/inat200
	dataset: inat200
	eval_on_train: False
	experiment_path: None
	fix_bn: False
	freeze_backbone: False
	gpu: 0
	gpus: [0]
	increment: 10
	last_layer_analysis: False
	log: ['disk']
	lr: 0.01
	lr_factor: None
	lr_min: 0.0001
	lr_patience: None
	lr_scheduler: cosine
	lr_warmup_epochs: 0
	momentum: 0.0
	multi_softmax: False
	nepochs: 90
	network: vit_small_patch16_224.augreg_in1k
	no_cudnn_deterministic: False
	normalize: in1k
	num_workers: 2
	optimizer_name: sgd
	pin_memory: False
	pretrained: True
	resize: 224
	results_path: ./results
	save_models: True
	seed: 0
	start_at_task: 14
	start_epoch: 0
	stop_at_task: 15
	stop_epoch: 0
	use_valid_only: False
	warmup_lr_factor: 1.0
	warmup_nepochs: 0
	weight_decay: 0.0
============================================================================================================
Approach arguments =
	K: 2
	dist: 0.5
	lamb: 5.0
	lamb_mr: 1.0
============================================================================================================
Exemplars arguments =
	exemplar_selection: random
	num_exemplars: 4000
============================================================================================================
WARNING: ./results/vit_small_patch16_224.augreg_in1k/inat200/lucir/10 already exists!
Loaded acc_taw from: ./results/vit_small_patch16_224.augreg_in1k/inat200/lucir/10/acc_taw-13.txt
Loaded acc_tag from: ./results/vit_small_patch16_224.augreg_in1k/inat200/lucir/10/acc_tag-13.txt
Loaded forg_taw from: ./results/vit_small_patch16_224.augreg_in1k/inat200/lucir/10/forg_taw-13.txt
Loaded forg_tag from: ./results/vit_small_patch16_224.augreg_in1k/inat200/lucir/10/forg_tag-13.txt
Restored CosineLinear heads from ./results/vit_small_patch16_224.augreg_in1k/inat200/lucir/10/task13_cosine_heads.pth
Loaded 4060 exemplars from ./results/vit_small_patch16_224.augreg_in1k/inat200/lucir/10/task13_exemplars.pth
************************************************************************************************************
Task 14  [epochs 0-90]
************************************************************************************************************
[params] total:21,723,265  trainable:21,669,505  tensors:166  trainable_tensors:152
| Epoch   1, time= 31.8s | Train: skip eval | Valid: time=  2.3s loss=2.469, TAw acc= 88.2% | * lr=1.0e-02
| Epoch   2, time= 30.7s | Train: skip eval | Valid: time=  2.1s loss=1.565, TAw acc= 91.8% | * lr=1.0e-02
| Epoch   3, time= 32.5s | Train: skip eval | Valid: time=  2.1s loss=1.380, TAw acc= 91.8% | * lr=1.0e-02
| Epoch   4, time= 30.8s | Train: skip eval | Valid: time=  2.0s loss=1.431, TAw acc= 92.0% | lr=1.0e-02
| Epoch   5, time= 31.3s | Train: skip eval | Valid: time=  1.9s loss=1.336, TAw acc= 91.8% | * lr=9.9e-03
| Epoch   6, time= 29.2s | Train: skip eval | Valid: time=  2.0s loss=1.334, TAw acc= 92.5% | * lr=9.9e-03
| Epoch   7, time= 32.1s | Train: skip eval | Valid: time=  2.0s loss=1.319, TAw acc= 92.0% | * lr=9.9e-03
| Epoch   8, time= 30.7s | Train: skip eval | Valid: time=  2.4s loss=1.301, TAw acc= 92.5% | * lr=9.8e-03
| Epoch   9, time= 29.9s | Train: skip eval | Valid: time=  2.0s loss=1.369, TAw acc= 92.8% | lr=9.8e-03
| Epoch  10, time= 30.0s | Train: skip eval | Valid: time=  2.4s loss=1.317, TAw acc= 92.0% | lr=9.7e-03
| Epoch  11, time= 31.1s | Train: skip eval | Valid: time=  2.0s loss=1.243, TAw acc= 92.5% | * lr=9.6e-03
| Epoch  12, time= 30.4s | Train: skip eval | Valid: time=  1.9s loss=1.312, TAw acc= 92.8% | lr=9.6e-03
| Epoch  13, time= 31.3s | Train: skip eval | Valid: time=  2.2s loss=1.287, TAw acc= 92.2% | lr=9.5e-03
| Epoch  14, time= 28.2s | Train: skip eval | Valid: time=  2.0s loss=1.310, TAw acc= 91.5% | lr=9.4e-03
| Epoch  15, time= 30.3s | Train: skip eval | Valid: time=  1.9s loss=1.312, TAw acc= 91.8% | lr=9.3e-03
| Epoch  16, time= 30.9s | Train: skip eval | Valid: time=  2.0s loss=1.285, TAw acc= 92.5% | lr=9.2e-03
| Epoch  17, time= 29.1s | Train: skip eval | Valid: time=  2.4s loss=1.343, TAw acc= 92.2% | lr=9.2e-03
| Epoch  18, time= 29.6s | Train: skip eval | Valid: time=  2.0s loss=1.274, TAw acc= 91.2% | lr=9.1e-03
| Epoch  19, time= 33.7s | Train: skip eval | Valid: time=  2.0s loss=1.234, TAw acc= 92.2% | * lr=9.0e-03
| Epoch  20, time= 31.7s | Train: skip eval | Valid: time=  1.9s loss=1.244, TAw acc= 91.0% | lr=8.8e-03
| Epoch  21, time= 31.1s | Train: skip eval | Valid: time=  2.1s loss=1.347, TAw acc= 92.0% | lr=8.7e-03
| Epoch  22, time= 31.1s | Train: skip eval | Valid: time=  1.9s loss=1.269, TAw acc= 92.8% | lr=8.6e-03
| Epoch  23, time= 32.7s | Train: skip eval | Valid: time=  2.0s loss=1.224, TAw acc= 91.8% | * lr=8.5e-03
| Epoch  24, time= 28.4s | Train: skip eval | Valid: time=  2.4s loss=1.225, TAw acc= 92.2% | lr=8.4e-03
| Epoch  25, time= 31.6s | Train: skip eval | Valid: time=  2.3s loss=1.195, TAw acc= 91.8% | * lr=8.2e-03
| Epoch  26, time= 32.7s | Train: skip eval | Valid: time=  1.9s loss=1.219, TAw acc= 93.0% | lr=8.1e-03
| Epoch  27, time= 30.8s | Train: skip eval | Valid: time=  2.0s loss=1.287, TAw acc= 91.8% | lr=8.0e-03
| Epoch  28, time= 29.4s | Train: skip eval | Valid: time=  2.0s loss=1.235, TAw acc= 92.8% | lr=7.8e-03
| Epoch  29, time= 30.8s | Train: skip eval | Valid: time=  2.0s loss=1.212, TAw acc= 92.0% | lr=7.7e-03
| Epoch  30, time= 31.7s | Train: skip eval | Valid: time=  1.9s loss=1.211, TAw acc= 93.0% | lr=7.5e-03
| Epoch  31, time= 32.1s | Train: skip eval | Valid: time=  2.0s loss=1.194, TAw acc= 92.0% | * lr=7.4e-03
| Epoch  32, time= 30.3s | Train: skip eval | Valid: time=  2.0s loss=1.205, TAw acc= 92.8% | lr=7.2e-03
| Epoch  33, time= 28.4s | Train: skip eval | Valid: time=  1.9s loss=1.201, TAw acc= 93.2% | lr=7.1e-03
| Epoch  34, time= 29.5s | Train: skip eval | Valid: time=  1.9s loss=1.225, TAw acc= 92.5% | lr=6.9e-03
| Epoch  35, time= 31.6s | Train: skip eval | Valid: time=  2.0s loss=1.197, TAw acc= 91.5% | lr=6.7e-03
| Epoch  36, time= 31.5s | Train: skip eval | Valid: time=  2.5s loss=1.211, TAw acc= 92.8% | lr=6.6e-03
| Epoch  37, time= 29.5s | Train: skip eval | Valid: time=  2.0s loss=1.176, TAw acc= 93.0% | * lr=6.4e-03
| Epoch  38, time= 31.8s | Train: skip eval | Valid: time=  2.0s loss=1.205, TAw acc= 91.2% | lr=6.2e-03
| Epoch  39, time= 32.4s | Train: skip eval | Valid: time=  2.0s loss=1.205, TAw acc= 92.2% | lr=6.1e-03
| Epoch  40, time= 29.9s | Train: skip eval | Valid: time=  2.0s loss=1.182, TAw acc= 92.5% | lr=5.9e-03
| Epoch  41, time= 28.3s | Train: skip eval | Valid: time=  1.9s loss=1.203, TAw acc= 91.8% | lr=5.7e-03
| Epoch  42, time= 27.3s | Train: skip eval | Valid: time=  2.0s loss=1.201, TAw acc= 91.8% | lr=5.6e-03
| Epoch  43, time= 30.7s | Train: skip eval | Valid: time=  2.3s loss=1.218, TAw acc= 92.0% | lr=5.4e-03
| Epoch  44, time= 29.0s | Train: skip eval | Valid: time=  2.0s loss=1.196, TAw acc= 92.0% | lr=5.2e-03
| Epoch  45, time= 33.3s | Train: skip eval | Valid: time=  2.1s loss=1.176, TAw acc= 92.2% | lr=5.1e-03
| Epoch  46, time= 31.9s | Train: skip eval | Valid: time=  2.4s loss=1.191, TAw acc= 92.2% | lr=4.9e-03
| Epoch  47, time= 30.3s | Train: skip eval | Valid: time=  2.0s loss=1.212, TAw acc= 92.2% | lr=4.7e-03
| Epoch  48, time= 31.3s | Train: skip eval | Valid: time=  1.9s loss=1.175, TAw acc= 92.2% | * lr=4.5e-03
| Epoch  49, time= 28.8s | Train: skip eval | Valid: time=  2.0s loss=1.183, TAw acc= 93.2% | lr=4.4e-03
| Epoch  50, time= 31.6s | Train: skip eval | Valid: time=  1.9s loss=1.188, TAw acc= 92.2% | lr=4.2e-03
| Epoch  51, time= 28.8s | Train: skip eval | Valid: time=  1.9s loss=1.161, TAw acc= 92.5% | * lr=4.0e-03
| Epoch  52, time= 32.2s | Train: skip eval | Valid: time=  2.3s loss=1.181, TAw acc= 92.2% | lr=3.9e-03
| Epoch  53, time= 35.0s | Train: skip eval | Valid: time=  1.9s loss=1.190, TAw acc= 92.2% | lr=3.7e-03
| Epoch  54, time= 31.7s | Train: skip eval | Valid: time=  2.0s loss=1.180, TAw acc= 92.5% | lr=3.5e-03
| Epoch  55, time= 31.2s | Train: skip eval | Valid: time=  2.0s loss=1.172, TAw acc= 91.8% | lr=3.4e-03
| Epoch  56, time= 29.9s | Train: skip eval | Valid: time=  2.3s loss=1.181, TAw acc= 92.0% | lr=3.2e-03
| Epoch  57, time= 32.2s | Train: skip eval | Valid: time=  2.4s loss=1.177, TAw acc= 92.0% | lr=3.0e-03
| Epoch  58, time= 32.5s | Train: skip eval | Valid: time=  2.4s loss=1.194, TAw acc= 92.0% | lr=2.9e-03
| Epoch  59, time= 31.3s | Train: skip eval | Valid: time=  2.4s loss=1.176, TAw acc= 92.5% | lr=2.7e-03
| Epoch  60, time= 29.9s | Train: skip eval | Valid: time=  2.2s loss=1.171, TAw acc= 92.5% | lr=2.6e-03
| Epoch  61, time= 32.6s | Train: skip eval | Valid: time=  2.0s loss=1.157, TAw acc= 92.8% | * lr=2.4e-03
| Epoch  62, time= 29.1s | Train: skip eval | Valid: time=  2.0s loss=1.172, TAw acc= 92.2% | lr=2.3e-03
| Epoch  63, time= 31.8s | Train: skip eval | Valid: time=  1.9s loss=1.159, TAw acc= 92.2% | lr=2.1e-03
| Epoch  64, time= 28.4s | Train: skip eval | Valid: time=  1.9s loss=1.169, TAw acc= 92.0% | lr=2.0e-03
| Epoch  65, time= 30.6s | Train: skip eval | Valid: time=  2.3s loss=1.156, TAw acc= 92.5% | * lr=1.9e-03
| Epoch  66, time= 28.8s | Train: skip eval | Valid: time=  2.3s loss=1.171, TAw acc= 92.2% | lr=1.7e-03
| Epoch  67, time= 32.0s | Train: skip eval | Valid: time=  2.0s loss=1.160, TAw acc= 92.0% | lr=1.6e-03
| Epoch  68, time= 30.8s | Train: skip eval | Valid: time=  2.0s loss=1.165, TAw acc= 92.2% | lr=1.5e-03
| Epoch  69, time= 31.9s | Train: skip eval | Valid: time=  1.9s loss=1.171, TAw acc= 92.2% | lr=1.4e-03
| Epoch  70, time= 29.3s | Train: skip eval | Valid: time=  1.9s loss=1.162, TAw acc= 92.2% | lr=1.3e-03
| Epoch  71, time= 29.6s | Train: skip eval | Valid: time=  2.0s loss=1.160, TAw acc= 92.0% | lr=1.1e-03
| Epoch  72, time= 31.6s | Train: skip eval | Valid: time=  2.0s loss=1.169, TAw acc= 92.2% | lr=1.0e-03
| Epoch  73, time= 28.9s | Train: skip eval | Valid: time=  2.0s loss=1.162, TAw acc= 92.5% | lr=9.5e-04
| Epoch  74, time= 29.2s | Train: skip eval | Valid: time=  2.3s loss=1.163, TAw acc= 92.5% | lr=8.5e-04
| Epoch  75, time= 29.2s | Train: skip eval | Valid: time=  1.9s loss=1.158, TAw acc= 92.5% | lr=7.6e-04
| Epoch  76, time= 32.7s | Train: skip eval | Valid: time=  2.0s loss=1.157, TAw acc= 92.5% | lr=6.8e-04
| Epoch  77, time= 28.3s | Train: skip eval | Valid: time=  1.9s loss=1.162, TAw acc= 92.5% | lr=6.0e-04
| Epoch  78, time= 30.9s | Train: skip eval | Valid: time=  1.9s loss=1.160, TAw acc= 92.2% | lr=5.3e-04
| Epoch  79, time= 32.8s | Train: skip eval | Valid: time=  1.9s loss=1.163, TAw acc= 92.5% | lr=4.6e-04
| Epoch  80, time= 32.7s | Train: skip eval | Valid: time=  1.9s loss=1.159, TAw acc= 92.2% | lr=4.0e-04
| Epoch  81, time= 34.5s | Train: skip eval | Valid: time=  2.1s loss=1.163, TAw acc= 92.2% | lr=3.4e-04
| Epoch  82, time= 30.9s | Train: skip eval | Valid: time=  2.0s loss=1.162, TAw acc= 92.2% | lr=2.9e-04
| Epoch  83, time= 30.7s | Train: skip eval | Valid: time=  2.0s loss=1.160, TAw acc= 92.2% | lr=2.5e-04
| Epoch  84, time= 34.0s | Train: skip eval | Valid: time=  2.2s loss=1.161, TAw acc= 92.5% | lr=2.1e-04
| Epoch  85, time= 31.3s | Train: skip eval | Valid: time=  2.4s loss=1.163, TAw acc= 92.2% | lr=1.8e-04
| Epoch  86, time= 31.5s | Train: skip eval | Valid: time=  2.5s loss=1.158, TAw acc= 92.5% | lr=1.5e-04
| Epoch  87, time= 29.3s | Train: skip eval | Valid: time=  2.0s loss=1.159, TAw acc= 92.2% | lr=1.3e-04
| Epoch  88, time= 29.2s | Train: skip eval | Valid: time=  2.3s loss=1.160, TAw acc= 92.2% | lr=1.1e-04
| Epoch  89, time= 38.7s | Train: skip eval | Valid: time=  3.8s loss=1.160, TAw acc= 92.2% | lr=1.0e-04
| Epoch  90, time= 55.3s | Train: skip eval | Valid: time=  3.5s loss=1.159, TAw acc= 92.2% | lr=1.0e-04
| Selected 4050 train exemplars, time=  4.3s
------------------------------------------------------------------------------------------------------------
>>> Test on task  0 : loss=3.937 | TAw acc= 90.8%, forg=  3.0% | TAg acc= 43.9%, forg= 48.1% <<<
>>> Test on task  1 : loss=4.011 | TAw acc= 88.0%, forg=  1.8% | TAg acc= 43.9%, forg= 34.3% <<<
>>> Test on task  2 : loss=3.198 | TAw acc= 92.4%, forg=  1.8% | TAg acc= 59.4%, forg= 19.5% <<<
>>> Test on task  3 : loss=4.138 | TAw acc= 85.8%, forg=  2.6% | TAg acc= 41.3%, forg= 28.1% <<<
>>> Test on task  4 : loss=3.534 | TAw acc= 86.9%, forg=  2.2% | TAg acc= 45.2%, forg= 27.7% <<<
>>> Test on task  5 : loss=3.280 | TAw acc= 86.6%, forg=  0.4% | TAg acc= 46.7%, forg= 24.7% <<<
>>> Test on task  6 : loss=2.261 | TAw acc= 89.3%, forg=  1.6% | TAg acc= 64.6%, forg= 11.1% <<<
>>> Test on task  7 : loss=2.670 | TAw acc= 88.7%, forg=  0.8% | TAg acc= 50.4%, forg= 21.2% <<<
>>> Test on task  8 : loss=2.025 | TAw acc= 88.4%, forg=  1.3% | TAg acc= 61.6%, forg= 14.9% <<<
>>> Test on task  9 : loss=2.123 | TAw acc= 89.6%, forg= -0.2% | TAg acc= 52.8%, forg= 21.0% <<<
>>> Test on task 10 : loss=1.751 | TAw acc= 87.0%, forg=  0.9% | TAg acc= 61.3%, forg= 11.8% <<<
>>> Test on task 11 : loss=1.621 | TAw acc= 89.9%, forg= -0.9% | TAg acc= 63.2%, forg=  7.0% <<<
>>> Test on task 12 : loss=1.243 | TAw acc= 91.6%, forg=  0.1% | TAg acc= 69.9%, forg=  7.5% <<<
>>> Test on task 13 : loss=1.050 | TAw acc= 95.2%, forg= -0.6% | TAg acc= 74.9%, forg=  1.6% <<<
>>> Test on task 14 : loss=0.964 | TAw acc= 91.9%, forg=  0.0% | TAg acc= 76.4%, forg=  0.0% <<<
Save at ./results/./results/vit_small_patch16_224.augreg_in1k/inat200/lucir/10
************************************************************************************************************
TAw Acc
	 92.0%   0.0%   0.0%   0.0%   0.0%   0.0%   0.0%   0.0%   0.0%   0.0%   0.0%   0.0%   0.0%   0.0%   0.0%   0.0%   0.0%   0.0%   0.0%   0.0% 	Avg.: 92.0% 
	 92.9%  87.4%   0.0%   0.0%   0.0%   0.0%   0.0%   0.0%   0.0%   0.0%   0.0%   0.0%   0.0%   0.0%   0.0%   0.0%   0.0%   0.0%   0.0%   0.0% 	Avg.: 90.2% 
	 93.3%  89.4%  91.2%   0.0%   0.0%   0.0%   0.0%   0.0%   0.0%   0.0%   0.0%   0.0%   0.0%   0.0%   0.0%   0.0%   0.0%   0.0%   0.0%   0.0% 	Avg.: 91.3% 
	 93.5%  89.6%  92.9%  86.9%   0.0%   0.0%   0.0%   0.0%   0.0%   0.0%   0.0%   0.0%   0.0%   0.0%   0.0%   0.0%   0.0%   0.0%   0.0%   0.0% 	Avg.: 90.7% 
	 93.8%  89.8%  92.3%  88.0%  87.7%   0.0%   0.0%   0.0%   0.0%   0.0%   0.0%   0.0%   0.0%   0.0%   0.0%   0.0%   0.0%   0.0%   0.0%   0.0% 	Avg.: 90.3% 
	 93.3%  89.0%  93.3%  87.4%  88.5%  86.4%   0.0%   0.0%   0.0%   0.0%   0.0%   0.0%   0.0%   0.0%   0.0%   0.0%   0.0%   0.0%   0.0%   0.0% 	Avg.: 89.7% 
	 93.2%  89.6%  93.7%  88.4%  89.1%  86.5%  90.9%   0.0%   0.0%   0.0%   0.0%   0.0%   0.0%   0.0%   0.0%   0.0%   0.0%   0.0%   0.0%   0.0% 	Avg.: 90.2% 
	 92.7%  89.4%  94.2%  88.2%  88.0%  86.1%  90.8%  87.7%   0.0%   0.0%   0.0%   0.0%   0.0%   0.0%   0.0%   0.0%   0.0%   0.0%   0.0%   0.0% 	Avg.: 89.6% 
	 92.2%  89.6%  93.9%  88.1%  88.1%  86.2%  90.9%  88.7%  89.7%   0.0%   0.0%   0.0%   0.0%   0.0%   0.0%   0.0%   0.0%   0.0%   0.0%   0.0% 	Avg.: 89.7% 
	 92.1%  89.3%  93.2%  87.8%  88.1%  86.7%  90.7%  89.1%  89.2%  87.7%   0.0%   0.0%   0.0%   0.0%   0.0%   0.0%   0.0%   0.0%   0.0%   0.0% 	Avg.: 89.4% 
	 91.7%  89.6%  92.6%  87.5%  87.7%  87.0%  90.4%  89.1%  89.1%  89.0%  87.3%   0.0%   0.0%   0.0%   0.0%   0.0%   0.0%   0.0%   0.0%   0.0% 	Avg.: 89.2% 
	 91.5%  88.6%  92.9%  87.5%  87.4%  86.6%  90.1%  89.3%  88.8%  89.0%  87.5%  89.0%   0.0%   0.0%   0.0%   0.0%   0.0%   0.0%   0.0%   0.0% 	Avg.: 89.0% 
	 91.3%  88.2%  92.6%  86.5%  87.5%  86.9%  89.9%  89.4%  88.8%  89.1%  87.9%  88.8%  91.1%   0.0%   0.0%   0.0%   0.0%   0.0%   0.0%   0.0% 	Avg.: 89.1% 
	 91.3%  88.5%  92.6%  85.9%  87.5%  86.3%  90.0%  89.5%  88.0%  89.4%  87.5%  88.8%  91.7%  94.6%   0.0%   0.0%   0.0%   0.0%   0.0%   0.0% 	Avg.: 89.4% 
	 90.8%  88.0%  92.4%  85.8%  86.9%  86.6%  89.3%  88.7%  88.4%  89.6%  87.0%  89.9%  91.6%  95.2%  91.9%   0.0%   0.0%   0.0%   0.0%   0.0% 	Avg.: 89.5% 
	  0.0%   0.0%   0.0%   0.0%   0.0%   0.0%   0.0%   0.0%   0.0%   0.0%   0.0%   0.0%   0.0%   0.0%   0.0%   0.0%   0.0%   0.0%   0.0%   0.0% 	Avg.:  0.0% 
	  0.0%   0.0%   0.0%   0.0%   0.0%   0.0%   0.0%   0.0%   0.0%   0.0%   0.0%   0.0%   0.0%   0.0%   0.0%   0.0%   0.0%   0.0%   0.0%   0.0% 	Avg.:  0.0% 
	  0.0%   0.0%   0.0%   0.0%   0.0%   0.0%   0.0%   0.0%   0.0%   0.0%   0.0%   0.0%   0.0%   0.0%   0.0%   0.0%   0.0%   0.0%   0.0%   0.0% 	Avg.:  0.0% 
	  0.0%   0.0%   0.0%   0.0%   0.0%   0.0%   0.0%   0.0%   0.0%   0.0%   0.0%   0.0%   0.0%   0.0%   0.0%   0.0%   0.0%   0.0%   0.0%   0.0% 	Avg.:  0.0% 
	  0.0%   0.0%   0.0%   0.0%   0.0%   0.0%   0.0%   0.0%   0.0%   0.0%   0.0%   0.0%   0.0%   0.0%   0.0%   0.0%   0.0%   0.0%   0.0%   0.0% 	Avg.:  0.0% 
************************************************************************************************************
TAg Acc
	 92.0%   0.0%   0.0%   0.0%   0.0%   0.0%   0.0%   0.0%   0.0%   0.0%   0.0%   0.0%   0.0%   0.0%   0.0%   0.0%   0.0%   0.0%   0.0%   0.0% 	Avg.: 92.0% 
	 91.5%  68.2%   0.0%   0.0%   0.0%   0.0%   0.0%   0.0%   0.0%   0.0%   0.0%   0.0%   0.0%   0.0%   0.0%   0.0%   0.0%   0.0%   0.0%   0.0% 	Avg.: 79.8% 
	 89.0%  78.2%  70.8%   0.0%   0.0%   0.0%   0.0%   0.0%   0.0%   0.0%   0.0%   0.0%   0.0%   0.0%   0.0%   0.0%   0.0%   0.0%   0.0%   0.0% 	Avg.: 79.3% 
	 85.6%  74.8%  77.8%  69.0%   0.0%   0.0%   0.0%   0.0%   0.0%   0.0%   0.0%   0.0%   0.0%   0.0%   0.0%   0.0%   0.0%   0.0%   0.0%   0.0% 	Avg.: 76.8% 
	 80.7%  72.3%  78.9%  69.4%  71.2%   0.0%   0.0%   0.0%   0.0%   0.0%   0.0%   0.0%   0.0%   0.0%   0.0%   0.0%   0.0%   0.0%   0.0%   0.0% 	Avg.: 74.5% 
	 74.0%  70.9%  77.3%  66.2%  70.2%  71.4%   0.0%   0.0%   0.0%   0.0%   0.0%   0.0%   0.0%   0.0%   0.0%   0.0%   0.0%   0.0%   0.0%   0.0% 	Avg.: 71.7% 
	 68.7%  68.2%  75.8%  64.7%  72.9%  70.3%  75.7%   0.0%   0.0%   0.0%   0.0%   0.0%   0.0%   0.0%   0.0%   0.0%   0.0%   0.0%   0.0%   0.0% 	Avg.: 70.9% 
	 64.8%  66.6%  71.6%  61.8%  66.5%  69.1%  75.2%  71.6%   0.0%   0.0%   0.0%   0.0%   0.0%   0.0%   0.0%   0.0%   0.0%   0.0%   0.0%   0.0% 	Avg.: 68.4% 
	 62.7%  58.4%  69.0%  59.2%  62.5%  67.4%  74.7%  69.6%  76.5%   0.0%   0.0%   0.0%   0.0%   0.0%   0.0%   0.0%   0.0%   0.0%   0.0%   0.0% 	Avg.: 66.7% 
	 59.8%  55.6%  68.0%  55.7%  61.2%  62.7%  72.1%  66.4%  75.2%  73.8%   0.0%   0.0%   0.0%   0.0%   0.0%   0.0%   0.0%   0.0%   0.0%   0.0% 	Avg.: 65.1% 
	 54.8%  55.5%  66.2%  52.8%  56.6%  56.3%  69.8%  64.1%  72.0%  70.9%  73.1%   0.0%   0.0%   0.0%   0.0%   0.0%   0.0%   0.0%   0.0%   0.0% 	Avg.: 62.9% 
	 52.7%  54.3%  63.2%  49.5%  53.2%  54.5%  68.3%  62.1%  67.7%  66.5%  70.4%  70.2%   0.0%   0.0%   0.0%   0.0%   0.0%   0.0%   0.0%   0.0% 	Avg.: 61.1% 
	 49.1%  52.3%  62.1%  46.8%  51.0%  50.9%  68.0%  56.2%  65.4%  60.5%  67.0%  69.0%  77.4%   0.0%   0.0%   0.0%   0.0%   0.0%   0.0%   0.0% 	Avg.: 59.7% 
	 47.5%  47.6%  60.8%  43.8%  47.4%  47.6%  67.1%  54.3%  63.5%  55.9%  65.3%  66.7%  72.7%  76.5%   0.0%   0.0%   0.0%   0.0%   0.0%   0.0% 	Avg.: 58.3% 
	 43.9%  43.9%  59.4%  41.3%  45.2%  46.7%  64.6%  50.4%  61.6%  52.8%  61.3%  63.2%  69.9%  74.9%  76.4%   0.0%   0.0%   0.0%   0.0%   0.0% 	Avg.: 57.0% 
	  0.0%   0.0%   0.0%   0.0%   0.0%   0.0%   0.0%   0.0%   0.0%   0.0%   0.0%   0.0%   0.0%   0.0%   0.0%   0.0%   0.0%   0.0%   0.0%   0.0% 	Avg.:  0.0% 
	  0.0%   0.0%   0.0%   0.0%   0.0%   0.0%   0.0%   0.0%   0.0%   0.0%   0.0%   0.0%   0.0%   0.0%   0.0%   0.0%   0.0%   0.0%   0.0%   0.0% 	Avg.:  0.0% 
	  0.0%   0.0%   0.0%   0.0%   0.0%   0.0%   0.0%   0.0%   0.0%   0.0%   0.0%   0.0%   0.0%   0.0%   0.0%   0.0%   0.0%   0.0%   0.0%   0.0% 	Avg.:  0.0% 
	  0.0%   0.0%   0.0%   0.0%   0.0%   0.0%   0.0%   0.0%   0.0%   0.0%   0.0%   0.0%   0.0%   0.0%   0.0%   0.0%   0.0%   0.0%   0.0%   0.0% 	Avg.:  0.0% 
	  0.0%   0.0%   0.0%   0.0%   0.0%   0.0%   0.0%   0.0%   0.0%   0.0%   0.0%   0.0%   0.0%   0.0%   0.0%   0.0%   0.0%   0.0%   0.0%   0.0% 	Avg.:  0.0% 
************************************************************************************************************
TAw Forg
	  0.0%   0.0%   0.0%   0.0%   0.0%   0.0%   0.0%   0.0%   0.0%   0.0%   0.0%   0.0%   0.0%   0.0%   0.0%   0.0%   0.0%   0.0%   0.0%   0.0% 
	 -0.9%   0.0%   0.0%   0.0%   0.0%   0.0%   0.0%   0.0%   0.0%   0.0%   0.0%   0.0%   0.0%   0.0%   0.0%   0.0%   0.0%   0.0%   0.0%   0.0% 	Avg.: -0.9% 
	 -0.4%  -2.0%   0.0%   0.0%   0.0%   0.0%   0.0%   0.0%   0.0%   0.0%   0.0%   0.0%   0.0%   0.0%   0.0%   0.0%   0.0%   0.0%   0.0%   0.0% 	Avg.: -1.2% 
	 -0.2%  -0.2%  -1.7%   0.0%   0.0%   0.0%   0.0%   0.0%   0.0%   0.0%   0.0%   0.0%   0.0%   0.0%   0.0%   0.0%   0.0%   0.0%   0.0%   0.0% 	Avg.: -0.7% 
	 -0.3%  -0.2%   0.6%  -1.1%   0.0%   0.0%   0.0%   0.0%   0.0%   0.0%   0.0%   0.0%   0.0%   0.0%   0.0%   0.0%   0.0%   0.0%   0.0%   0.0% 	Avg.: -0.2% 
	  0.5%   0.8%  -0.4%   0.6%  -0.8%   0.0%   0.0%   0.0%   0.0%   0.0%   0.0%   0.0%   0.0%   0.0%   0.0%   0.0%   0.0%   0.0%   0.0%   0.0% 	Avg.:  0.1% 
	  0.6%   0.2%  -0.4%  -0.4%  -0.6%  -0.1%   0.0%   0.0%   0.0%   0.0%   0.0%   0.0%   0.0%   0.0%   0.0%   0.0%   0.0%   0.0%   0.0%   0.0% 	Avg.: -0.1% 
	  1.1%   0.4%  -0.5%   0.2%   1.1%   0.4%   0.1%   0.0%   0.0%   0.0%   0.0%   0.0%   0.0%   0.0%   0.0%   0.0%   0.0%   0.0%   0.0%   0.0% 	Avg.:  0.4% 
	  1.6%   0.2%   0.3%   0.3%   1.0%   0.3%   0.0%  -1.0%   0.0%   0.0%   0.0%   0.0%   0.0%   0.0%   0.0%   0.0%   0.0%   0.0%   0.0%   0.0% 	Avg.:  0.3% 
	  1.7%   0.5%   1.0%   0.6%   1.0%  -0.2%   0.2%  -0.4%   0.5%   0.0%   0.0%   0.0%   0.0%   0.0%   0.0%   0.0%   0.0%   0.0%   0.0%   0.0% 	Avg.:  0.5% 
	  2.1%   0.2%   1.6%   0.9%   1.4%  -0.3%   0.5%   0.0%   0.6%  -1.3%   0.0%   0.0%   0.0%   0.0%   0.0%   0.0%   0.0%   0.0%   0.0%   0.0% 	Avg.:  0.6% 
	  2.3%   1.2%   1.3%   0.9%   1.7%   0.4%   0.8%  -0.2%   0.9%   0.0%  -0.2%   0.0%   0.0%   0.0%   0.0%   0.0%   0.0%   0.0%   0.0%   0.0% 	Avg.:  0.8% 
	  2.5%   1.6%   1.6%   1.9%   1.6%   0.1%   1.0%  -0.1%   0.9%  -0.1%  -0.4%   0.2%   0.0%   0.0%   0.0%   0.0%   0.0%   0.0%   0.0%   0.0% 	Avg.:  0.9% 
	  2.5%   1.3%   1.6%   2.5%   1.6%   0.7%   0.9%  -0.1%   1.7%  -0.3%   0.4%   0.2%  -0.6%   0.0%   0.0%   0.0%   0.0%   0.0%   0.0%   0.0% 	Avg.:  1.0% 
	  3.0%   1.8%   1.8%   2.6%   2.2%   0.4%   1.6%   0.8%   1.3%  -0.2%   0.9%  -0.9%   0.1%  -0.6%   0.0%   0.0%   0.0%   0.0%   0.0%   0.0% 	Avg.:  1.1% 
	  0.0%   0.0%   0.0%   0.0%   0.0%   0.0%   0.0%   0.0%   0.0%   0.0%   0.0%   0.0%   0.0%   0.0%   0.0%   0.0%   0.0%   0.0%   0.0%   0.0% 	Avg.:  0.0% 
	  0.0%   0.0%   0.0%   0.0%   0.0%   0.0%   0.0%   0.0%   0.0%   0.0%   0.0%   0.0%   0.0%   0.0%   0.0%   0.0%   0.0%   0.0%   0.0%   0.0% 	Avg.:  0.0% 
	  0.0%   0.0%   0.0%   0.0%   0.0%   0.0%   0.0%   0.0%   0.0%   0.0%   0.0%   0.0%   0.0%   0.0%   0.0%   0.0%   0.0%   0.0%   0.0%   0.0% 	Avg.:  0.0% 
	  0.0%   0.0%   0.0%   0.0%   0.0%   0.0%   0.0%   0.0%   0.0%   0.0%   0.0%   0.0%   0.0%   0.0%   0.0%   0.0%   0.0%   0.0%   0.0%   0.0% 	Avg.:  0.0% 
	  0.0%   0.0%   0.0%   0.0%   0.0%   0.0%   0.0%   0.0%   0.0%   0.0%   0.0%   0.0%   0.0%   0.0%   0.0%   0.0%   0.0%   0.0%   0.0%   0.0% 	Avg.:  0.0% 
************************************************************************************************************
TAg Forg
	  0.0%   0.0%   0.0%   0.0%   0.0%   0.0%   0.0%   0.0%   0.0%   0.0%   0.0%   0.0%   0.0%   0.0%   0.0%   0.0%   0.0%   0.0%   0.0%   0.0% 
	  0.5%   0.0%   0.0%   0.0%   0.0%   0.0%   0.0%   0.0%   0.0%   0.0%   0.0%   0.0%   0.0%   0.0%   0.0%   0.0%   0.0%   0.0%   0.0%   0.0% 	Avg.:  0.5% 
	  3.0% -10.0%   0.0%   0.0%   0.0%   0.0%   0.0%   0.0%   0.0%   0.0%   0.0%   0.0%   0.0%   0.0%   0.0%   0.0%   0.0%   0.0%   0.0%   0.0% 	Avg.: -3.5% 
	  6.4%   3.4%  -7.0%   0.0%   0.0%   0.0%   0.0%   0.0%   0.0%   0.0%   0.0%   0.0%   0.0%   0.0%   0.0%   0.0%   0.0%   0.0%   0.0%   0.0% 	Avg.:  0.9% 
	 11.3%   5.9%  -1.1%  -0.4%   0.0%   0.0%   0.0%   0.0%   0.0%   0.0%   0.0%   0.0%   0.0%   0.0%   0.0%   0.0%   0.0%   0.0%   0.0%   0.0% 	Avg.:  3.9% 
	 18.0%   7.3%   1.6%   3.2%   1.0%   0.0%   0.0%   0.0%   0.0%   0.0%   0.0%   0.0%   0.0%   0.0%   0.0%   0.0%   0.0%   0.0%   0.0%   0.0% 	Avg.:  6.2% 
	 23.3%  10.0%   3.1%   4.7%  -1.7%   1.1%   0.0%   0.0%   0.0%   0.0%   0.0%   0.0%   0.0%   0.0%   0.0%   0.0%   0.0%   0.0%   0.0%   0.0% 	Avg.:  6.8% 
	 27.2%  11.6%   7.3%   7.6%   6.4%   2.3%   0.5%   0.0%   0.0%   0.0%   0.0%   0.0%   0.0%   0.0%   0.0%   0.0%   0.0%   0.0%   0.0%   0.0% 	Avg.:  9.0% 
	 29.3%  19.8%   9.9%  10.2%  10.4%   4.0%   1.0%   2.0%   0.0%   0.0%   0.0%   0.0%   0.0%   0.0%   0.0%   0.0%   0.0%   0.0%   0.0%   0.0% 	Avg.: 10.8% 
	 32.2%  22.6%  10.9%  13.7%  11.7%   8.7%   3.6%   5.2%   1.3%   0.0%   0.0%   0.0%   0.0%   0.0%   0.0%   0.0%   0.0%   0.0%   0.0%   0.0% 	Avg.: 12.2% 
	 37.2%  22.7%  12.7%  16.6%  16.3%  15.1%   5.9%   7.5%   4.5%   2.9%   0.0%   0.0%   0.0%   0.0%   0.0%   0.0%   0.0%   0.0%   0.0%   0.0% 	Avg.: 14.1% 
	 39.3%  23.9%  15.7%  19.9%  19.7%  16.9%   7.4%   9.5%   8.8%   7.3%   2.7%   0.0%   0.0%   0.0%   0.0%   0.0%   0.0%   0.0%   0.0%   0.0% 	Avg.: 15.6% 
	 42.9%  25.9%  16.8%  22.6%  21.9%  20.5%   7.7%  15.4%  11.1%  13.3%   6.1%   1.2%   0.0%   0.0%   0.0%   0.0%   0.0%   0.0%   0.0%   0.0% 	Avg.: 17.1% 
	 44.5%  30.6%  18.1%  25.6%  25.5%  23.8%   8.6%  17.3%  13.0%  17.9%   7.8%   3.5%   4.7%   0.0%   0.0%   0.0%   0.0%   0.0%   0.0%   0.0% 	Avg.: 18.5% 
	 48.1%  34.3%  19.5%  28.1%  27.7%  24.7%  11.1%  21.2%  14.9%  21.0%  11.8%   7.0%   7.5%   1.6%   0.0%   0.0%   0.0%   0.0%   0.0%   0.0% 	Avg.: 19.9% 
	  0.0%   0.0%   0.0%   0.0%   0.0%   0.0%   0.0%   0.0%   0.0%   0.0%   0.0%   0.0%   0.0%   0.0%   0.0%   0.0%   0.0%   0.0%   0.0%   0.0% 	Avg.:  0.0% 
	  0.0%   0.0%   0.0%   0.0%   0.0%   0.0%   0.0%   0.0%   0.0%   0.0%   0.0%   0.0%   0.0%   0.0%   0.0%   0.0%   0.0%   0.0%   0.0%   0.0% 	Avg.:  0.0% 
	  0.0%   0.0%   0.0%   0.0%   0.0%   0.0%   0.0%   0.0%   0.0%   0.0%   0.0%   0.0%   0.0%   0.0%   0.0%   0.0%   0.0%   0.0%   0.0%   0.0% 	Avg.:  0.0% 
	  0.0%   0.0%   0.0%   0.0%   0.0%   0.0%   0.0%   0.0%   0.0%   0.0%   0.0%   0.0%   0.0%   0.0%   0.0%   0.0%   0.0%   0.0%   0.0%   0.0% 	Avg.:  0.0% 
	  0.0%   0.0%   0.0%   0.0%   0.0%   0.0%   0.0%   0.0%   0.0%   0.0%   0.0%   0.0%   0.0%   0.0%   0.0%   0.0%   0.0%   0.0%   0.0%   0.0% 	Avg.:  0.0% 
************************************************************************************************************
[Elapsed time = 0.9 h]
Done!
