START_TASK=5 STOP_TASK=6 START_EPOCH=35 STOP_EPOCH=70
============================================================================================================
Arguments =
	all_outputs: False
	approach: joint_v2
	batch_size: 64
	classes_first_task: None
	clipping: 10000
	crop: 224
	data_path: ../data/food101
	dataset: food101
	eval_on_train: False
	experiment_path: None
	fix_bn: False
	freeze_backbone: False
	gpu: 0
	increment: 10
	log: ['disk']
	lr: 0.01
	lr_factor: None
	lr_min: 0.0001
	lr_patience: None
	lr_scheduler: cosine
	lr_warmup_epochs: 0
	momentum: 0.0
	multi_softmax: False
	nepochs: 70
	network: vit_small_patch16_224.augreg_in1k
	no_cudnn_deterministic: False
	normalize: in1k
	num_workers: 2
	optimizer_name: sgd
	pin_memory: False
	pretrained: True
	resize: 224
	results_path: ../results
	save_models: True
	seed: 0
	start_at_task: 5
	start_epoch: 35
	stop_at_task: 6
	stop_epoch: 70
	use_valid_only: False
	warmup_lr_factor: 1.0
	warmup_nepochs: 0
	weight_decay: 0.0
============================================================================================================
Approach arguments =
============================================================================================================
Exemplars arguments =
============================================================================================================
WARNING: ../results/vit_small_patch16_224.augreg_in1k/food101/joint_v2/10 already exists!
Loaded acc_taw from: ../results/vit_small_patch16_224.augreg_in1k/food101/joint_v2/10/acc_taw-4.txt
Loaded acc_tag from: ../results/vit_small_patch16_224.augreg_in1k/food101/joint_v2/10/acc_tag-4.txt
Loaded forg_taw from: ../results/vit_small_patch16_224.augreg_in1k/food101/joint_v2/10/forg_taw-4.txt
Loaded forg_tag from: ../results/vit_small_patch16_224.augreg_in1k/food101/joint_v2/10/forg_tag-4.txt
[joint] Loaded accumulated datasets up to task 5 from ../results/vit_small_patch16_224.augreg_in1k/food101/joint_v2/10/joint_progress
************************************************************************************************************
Task  5  [epochs 35-70]
************************************************************************************************************
[params] total:21,688,764  trainable:21,688,764  tensors:162  trainable_tensors:162
| Epoch  36, time=156.3s | Train: skip eval | Valid: time= 13.8s loss=0.765, TAw acc= 93.3% | lr=4.8e-03
| Epoch  37, time=153.5s | Train: skip eval | Valid: time= 15.1s loss=0.736, TAw acc= 93.6% | lr=4.6e-03
| Epoch  38, time=159.0s | Train: skip eval | Valid: time= 15.3s loss=0.703, TAw acc= 94.0% | * lr=4.4e-03
| Epoch  39, time=152.6s | Train: skip eval | Valid: time= 13.3s loss=0.714, TAw acc= 94.2% | lr=4.2e-03
| Epoch  40, time=156.4s | Train: skip eval | Valid: time= 15.4s loss=0.715, TAw acc= 93.9% | lr=3.9e-03
| Epoch  41, time=153.9s | Train: skip eval | Valid: time= 14.2s loss=0.720, TAw acc= 94.3% | lr=3.7e-03
| Epoch  42, time=156.3s | Train: skip eval | Valid: time= 12.9s loss=0.696, TAw acc= 94.1% | * lr=3.5e-03
| Epoch  43, time=153.8s | Train: skip eval | Valid: time= 13.7s loss=0.704, TAw acc= 93.8% | lr=3.3e-03
| Epoch  44, time=147.6s | Train: skip eval | Valid: time= 15.5s loss=0.711, TAw acc= 93.9% | lr=3.1e-03
| Epoch  45, time=154.5s | Train: skip eval | Valid: time= 14.4s loss=0.705, TAw acc= 93.9% | lr=2.9e-03
| Epoch  46, time=154.4s | Train: skip eval | Valid: time= 15.2s loss=0.700, TAw acc= 94.2% | lr=2.7e-03
| Epoch  47, time=155.8s | Train: skip eval | Valid: time= 15.0s loss=0.704, TAw acc= 94.1% | lr=2.5e-03
| Epoch  48, time=156.9s | Train: skip eval | Valid: time= 14.4s loss=0.710, TAw acc= 94.0% | lr=2.3e-03
| Epoch  49, time=160.4s | Train: skip eval | Valid: time= 16.0s loss=0.712, TAw acc= 94.0% | lr=2.1e-03
| Epoch  50, time=158.4s | Train: skip eval | Valid: time= 14.9s loss=0.707, TAw acc= 94.0% | lr=2.0e-03
| Epoch  51, time=160.8s | Train: skip eval | Valid: time= 15.2s loss=0.698, TAw acc= 94.2% | lr=1.8e-03
| Epoch  52, time=161.8s | Train: skip eval | Valid: time= 14.7s loss=0.690, TAw acc= 94.1% | * lr=1.6e-03
| Epoch  53, time=154.5s | Train: skip eval | Valid: time= 14.7s loss=0.687, TAw acc= 94.1% | * lr=1.5e-03
| Epoch  54, time=154.0s | Train: skip eval | Valid: time= 15.6s loss=0.700, TAw acc= 94.0% | lr=1.3e-03
| Epoch  55, time=153.5s | Train: skip eval | Valid: time= 15.1s loss=0.689, TAw acc= 94.1% | lr=1.2e-03
| Epoch  56, time=163.5s | Train: skip eval | Valid: time= 14.7s loss=0.692, TAw acc= 94.2% | lr=1.0e-03
| Epoch  57, time=160.9s | Train: skip eval | Valid: time= 15.7s loss=0.699, TAw acc= 94.1% | lr=9.2e-04
| Epoch  58, time=162.3s | Train: skip eval | Valid: time= 18.2s loss=0.694, TAw acc= 94.1% | lr=8.0e-04
| Epoch  59, time=151.6s | Train: skip eval | Valid: time= 15.1s loss=0.697, TAw acc= 94.1% | lr=6.9e-04
| Epoch  60, time=157.1s | Train: skip eval | Valid: time= 15.6s loss=0.692, TAw acc= 94.0% | lr=5.9e-04
| Epoch  61, time=155.0s | Train: skip eval | Valid: time= 15.1s loss=0.692, TAw acc= 94.2% | lr=5.0e-04
| Epoch  62, time=161.5s | Train: skip eval | Valid: time= 17.0s loss=0.698, TAw acc= 94.2% | lr=4.2e-04
| Epoch  63, time=154.9s | Train: skip eval | Valid: time= 15.2s loss=0.695, TAw acc= 94.0% | lr=3.4e-04
| Epoch  64, time=161.4s | Train: skip eval | Valid: time= 14.5s loss=0.691, TAw acc= 94.2% | lr=2.8e-04
| Epoch  65, time=161.6s | Train: skip eval | Valid: time= 14.1s loss=0.692, TAw acc= 94.1% | lr=2.2e-04
| Epoch  66, time=156.9s | Train: skip eval | Valid: time= 13.9s loss=0.693, TAw acc= 94.1% | lr=1.8e-04
| Epoch  67, time=160.8s | Train: skip eval | Valid: time= 14.5s loss=0.693, TAw acc= 94.2% | lr=1.4e-04
| Epoch  68, time=165.3s | Train: skip eval | Valid: time= 15.0s loss=0.693, TAw acc= 94.2% | lr=1.2e-04
| Epoch  69, time=157.4s | Train: skip eval | Valid: time= 14.8s loss=0.692, TAw acc= 94.1% | lr=1.0e-04
| Epoch  70, time=158.1s | Train: skip eval | Valid: time= 16.1s loss=0.692, TAw acc= 94.1% | lr=1.0e-04
------------------------------------------------------------------------------------------------------------
>>> Test on task  0 : loss=0.595 | TAw acc= 95.3%, forg=  1.0% | TAg acc= 87.7%, forg=  7.7% <<<
>>> Test on task  1 : loss=0.531 | TAw acc= 97.2%, forg=  0.2% | TAg acc= 87.8%, forg=  7.4% <<<
>>> Test on task  2 : loss=0.531 | TAw acc= 96.1%, forg=  0.4% | TAg acc= 86.7%, forg=  7.6% <<<
>>> Test on task  3 : loss=0.365 | TAw acc= 97.7%, forg=  0.0% | TAg acc= 90.8%, forg=  3.3% <<<
>>> Test on task  4 : loss=0.427 | TAw acc= 96.4%, forg= -0.4% | TAg acc= 88.3%, forg=  3.0% <<<
>>> Test on task  5 : loss=0.281 | TAw acc= 96.0%, forg=  0.0% | TAg acc= 91.2%, forg=  0.0% <<<
Save at ../results/../results/vit_small_patch16_224.augreg_in1k/food101/joint_v2/10
[joint] Saved accumulated datasets up to task 5 → ../results/vit_small_patch16_224.augreg_in1k/food101/joint_v2/10/joint_progress
************************************************************************************************************
TAw Acc
	 95.4%   0.0%   0.0%   0.0%   0.0%   0.0%   0.0%   0.0%   0.0%   0.0% 	Avg.: 95.4% 
	 95.8%  97.4%   0.0%   0.0%   0.0%   0.0%   0.0%   0.0%   0.0%   0.0% 	Avg.: 96.6% 
	 96.3%  97.4%  96.1%   0.0%   0.0%   0.0%   0.0%   0.0%   0.0%   0.0% 	Avg.: 96.6% 
	 95.8%  97.2%  96.5%  97.6%   0.0%   0.0%   0.0%   0.0%   0.0%   0.0% 	Avg.: 96.8% 
	 95.5%  97.2%  96.4%  97.7%  96.0%   0.0%   0.0%   0.0%   0.0%   0.0% 	Avg.: 96.6% 
	 95.3%  97.2%  96.1%  97.7%  96.4%  96.0%   0.0%   0.0%   0.0%   0.0% 	Avg.: 96.4% 
	  0.0%   0.0%   0.0%   0.0%   0.0%   0.0%   0.0%   0.0%   0.0%   0.0% 	Avg.:  0.0% 
	  0.0%   0.0%   0.0%   0.0%   0.0%   0.0%   0.0%   0.0%   0.0%   0.0% 	Avg.:  0.0% 
	  0.0%   0.0%   0.0%   0.0%   0.0%   0.0%   0.0%   0.0%   0.0%   0.0% 	Avg.:  0.0% 
	  0.0%   0.0%   0.0%   0.0%   0.0%   0.0%   0.0%   0.0%   0.0%   0.0% 	Avg.:  0.0% 
************************************************************************************************************
TAg Acc
	 95.4%   0.0%   0.0%   0.0%   0.0%   0.0%   0.0%   0.0%   0.0%   0.0% 	Avg.: 95.4% 
	 92.8%  95.2%   0.0%   0.0%   0.0%   0.0%   0.0%   0.0%   0.0%   0.0% 	Avg.: 94.0% 
	 92.3%  93.4%  94.2%   0.0%   0.0%   0.0%   0.0%   0.0%   0.0%   0.0% 	Avg.: 93.3% 
	 91.2%  91.7%  92.4%  94.1%   0.0%   0.0%   0.0%   0.0%   0.0%   0.0% 	Avg.: 92.3% 
	 89.3%  89.9%  89.2%  92.4%  91.3%   0.0%   0.0%   0.0%   0.0%   0.0% 	Avg.: 90.4% 
	 87.7%  87.8%  86.7%  90.8%  88.3%  91.2%   0.0%   0.0%   0.0%   0.0% 	Avg.: 88.8% 
	  0.0%   0.0%   0.0%   0.0%   0.0%   0.0%   0.0%   0.0%   0.0%   0.0% 	Avg.:  0.0% 
	  0.0%   0.0%   0.0%   0.0%   0.0%   0.0%   0.0%   0.0%   0.0%   0.0% 	Avg.:  0.0% 
	  0.0%   0.0%   0.0%   0.0%   0.0%   0.0%   0.0%   0.0%   0.0%   0.0% 	Avg.:  0.0% 
	  0.0%   0.0%   0.0%   0.0%   0.0%   0.0%   0.0%   0.0%   0.0%   0.0% 	Avg.:  0.0% 
************************************************************************************************************
TAw Forg
	  0.0%   0.0%   0.0%   0.0%   0.0%   0.0%   0.0%   0.0%   0.0%   0.0% 
	 -0.4%   0.0%   0.0%   0.0%   0.0%   0.0%   0.0%   0.0%   0.0%   0.0% 	Avg.: -0.4% 
	 -0.5%  -0.0%   0.0%   0.0%   0.0%   0.0%   0.0%   0.0%   0.0%   0.0% 	Avg.: -0.3% 
	  0.6%   0.2%  -0.4%   0.0%   0.0%   0.0%   0.0%   0.0%   0.0%   0.0% 	Avg.:  0.1% 
	  0.8%   0.2%   0.1%  -0.1%   0.0%   0.0%   0.0%   0.0%   0.0%   0.0% 	Avg.:  0.3% 
	  1.0%   0.2%   0.4%   0.0%  -0.4%   0.0%   0.0%   0.0%   0.0%   0.0% 	Avg.:  0.2% 
	  0.0%   0.0%   0.0%   0.0%   0.0%   0.0%   0.0%   0.0%   0.0%   0.0% 	Avg.:  0.0% 
	  0.0%   0.0%   0.0%   0.0%   0.0%   0.0%   0.0%   0.0%   0.0%   0.0% 	Avg.:  0.0% 
	  0.0%   0.0%   0.0%   0.0%   0.0%   0.0%   0.0%   0.0%   0.0%   0.0% 	Avg.:  0.0% 
	  0.0%   0.0%   0.0%   0.0%   0.0%   0.0%   0.0%   0.0%   0.0%   0.0% 	Avg.:  0.0% 
************************************************************************************************************
TAg Forg
	  0.0%   0.0%   0.0%   0.0%   0.0%   0.0%   0.0%   0.0%   0.0%   0.0% 
	  2.6%   0.0%   0.0%   0.0%   0.0%   0.0%   0.0%   0.0%   0.0%   0.0% 	Avg.:  2.6% 
	  3.1%   1.8%   0.0%   0.0%   0.0%   0.0%   0.0%   0.0%   0.0%   0.0% 	Avg.:  2.5% 
	  4.3%   3.5%   1.8%   0.0%   0.0%   0.0%   0.0%   0.0%   0.0%   0.0% 	Avg.:  3.2% 
	  6.2%   5.3%   5.1%   1.7%   0.0%   0.0%   0.0%   0.0%   0.0%   0.0% 	Avg.:  4.6% 
	  7.7%   7.4%   7.6%   3.3%   3.0%   0.0%   0.0%   0.0%   0.0%   0.0% 	Avg.:  5.8% 
	  0.0%   0.0%   0.0%   0.0%   0.0%   0.0%   0.0%   0.0%   0.0%   0.0% 	Avg.:  0.0% 
	  0.0%   0.0%   0.0%   0.0%   0.0%   0.0%   0.0%   0.0%   0.0%   0.0% 	Avg.:  0.0% 
	  0.0%   0.0%   0.0%   0.0%   0.0%   0.0%   0.0%   0.0%   0.0%   0.0% 	Avg.:  0.0% 
	  0.0%   0.0%   0.0%   0.0%   0.0%   0.0%   0.0%   0.0%   0.0%   0.0% 	Avg.:  0.0% 
************************************************************************************************************
[Elapsed time = 1.7 h]
Done!
