START_TASK=2 STOP_TASK=3
============================================================================================================
Arguments =
	approach: lucir
	batch_size: 64
	classes_first_task: None
	clipping: 10000
	crop: 224
	data_path: ../data/food101
	dataset: food101
	eval_on_train: False
	experiment_path: None
	fix_bn: False
	freeze_backbone: False
	gpu: 0
	gpus: [0]
	increment: 10
	last_layer_analysis: True
	log: ['disk']
	lr: 0.01
	lr_factor: None
	lr_min: 0.0001
	lr_patience: None
	lr_scheduler: cosine
	lr_warmup_epochs: 0
	momentum: 0.0
	multi_softmax: False
	nepochs: 70
	network: resnetv2_101x1_bit.goog_in21k
	no_cudnn_deterministic: False
	normalize: in21k
	num_workers: 2
	optimizer_name: sgd
	pin_memory: False
	pretrained: True
	resize: 224
	results_path: ./results
	save_models: True
	seed: 0
	start_at_task: 2
	start_epoch: 0
	stop_at_task: 3
	stop_epoch: 0
	use_valid_only: False
	warmup_lr_factor: 1.0
	warmup_nepochs: 0
	weight_decay: 0.0
============================================================================================================
Approach arguments =
	K: 2
	dist: 0.5
	lamb: 5.0
	lamb_mr: 1.0
============================================================================================================
Exemplars arguments =
	exemplar_selection: random
	num_exemplars: 2000
============================================================================================================
WARNING: ./results/resnetv2_101x1_bit.goog_in21k/food101/lucir/10 already exists!
Loaded acc_taw from: ./results/resnetv2_101x1_bit.goog_in21k/food101/lucir/10/acc_taw-1.txt
Loaded acc_tag from: ./results/resnetv2_101x1_bit.goog_in21k/food101/lucir/10/acc_tag-1.txt
Loaded forg_taw from: ./results/resnetv2_101x1_bit.goog_in21k/food101/lucir/10/forg_taw-1.txt
Loaded forg_tag from: ./results/resnetv2_101x1_bit.goog_in21k/food101/lucir/10/forg_tag-1.txt
Restored CosineLinear heads from ./results/resnetv2_101x1_bit.goog_in21k/food101/lucir/10/task1_cosine_heads.pth
Loaded 2000 exemplars from ./results/resnetv2_101x1_bit.goog_in21k/food101/lucir/10/task1_exemplars.pth
************************************************************************************************************
Task  2  [epochs 0-70]
************************************************************************************************************
[params] total:42,553,921  trainable:42,512,961  tensors:308  trainable_tensors:306
| Epoch   1, time= 35.6s | Train: skip eval | Valid: time=  3.4s loss=1.892, TAw acc= 80.9% | * lr=1.0e-02
| Epoch   2, time= 36.5s | Train: skip eval | Valid: time=  3.6s loss=1.451, TAw acc= 87.3% | * lr=1.0e-02
| Epoch   3, time= 32.2s | Train: skip eval | Valid: time=  2.9s loss=1.305, TAw acc= 88.8% | * lr=1.0e-02
| Epoch   4, time= 32.9s | Train: skip eval | Valid: time=  3.1s loss=1.268, TAw acc= 90.4% | * lr=9.9e-03
| Epoch   5, time= 33.9s | Train: skip eval | Valid: time=  3.1s loss=1.222, TAw acc= 91.3% | * lr=9.9e-03
| Epoch   6, time= 32.8s | Train: skip eval | Valid: time=  2.8s loss=1.221, TAw acc= 91.3% | * lr=9.8e-03
| Epoch   7, time= 34.4s | Train: skip eval | Valid: time=  2.8s loss=1.180, TAw acc= 91.2% | * lr=9.8e-03
| Epoch   8, time= 35.3s | Train: skip eval | Valid: time=  2.8s loss=1.260, TAw acc= 90.4% | lr=9.7e-03
| Epoch   9, time= 35.0s | Train: skip eval | Valid: time=  2.8s loss=1.188, TAw acc= 92.1% | lr=9.6e-03
| Epoch  10, time= 32.3s | Train: skip eval | Valid: time=  2.9s loss=1.168, TAw acc= 91.7% | * lr=9.5e-03
| Epoch  11, time= 33.9s | Train: skip eval | Valid: time=  2.8s loss=1.120, TAw acc= 92.3% | * lr=9.4e-03
| Epoch  12, time= 34.0s | Train: skip eval | Valid: time=  2.8s loss=1.112, TAw acc= 92.4% | * lr=9.3e-03
| Epoch  13, time= 35.6s | Train: skip eval | Valid: time=  2.8s loss=1.139, TAw acc= 92.7% | lr=9.2e-03
| Epoch  14, time= 32.9s | Train: skip eval | Valid: time=  3.0s loss=1.123, TAw acc= 92.9% | lr=9.1e-03
| Epoch  15, time= 34.0s | Train: skip eval | Valid: time=  2.9s loss=1.135, TAw acc= 92.5% | lr=8.9e-03
| Epoch  16, time= 33.5s | Train: skip eval | Valid: time=  2.8s loss=1.089, TAw acc= 93.2% | * lr=8.8e-03
| Epoch  17, time= 33.8s | Train: skip eval | Valid: time=  3.0s loss=1.173, TAw acc= 92.5% | lr=8.6e-03
| Epoch  18, time= 37.4s | Train: skip eval | Valid: time=  3.7s loss=1.073, TAw acc= 93.9% | * lr=8.5e-03
| Epoch  19, time= 32.7s | Train: skip eval | Valid: time=  2.8s loss=1.074, TAw acc= 93.1% | lr=8.3e-03
| Epoch  20, time= 32.4s | Train: skip eval | Valid: time=  2.7s loss=1.077, TAw acc= 93.3% | lr=8.1e-03
| Epoch  21, time= 34.1s | Train: skip eval | Valid: time=  3.6s loss=1.071, TAw acc= 92.1% | * lr=8.0e-03
| Epoch  22, time= 36.6s | Train: skip eval | Valid: time=  2.8s loss=1.063, TAw acc= 93.2% | * lr=7.8e-03
| Epoch  23, time= 37.2s | Train: skip eval | Valid: time=  3.4s loss=1.058, TAw acc= 93.3% | * lr=7.6e-03
| Epoch  24, time= 34.8s | Train: skip eval | Valid: time=  2.9s loss=1.034, TAw acc= 93.6% | * lr=7.4e-03
| Epoch  25, time= 33.4s | Train: skip eval | Valid: time=  2.8s loss=1.026, TAw acc= 94.0% | * lr=7.2e-03
| Epoch  26, time= 33.1s | Train: skip eval | Valid: time=  3.1s loss=1.056, TAw acc= 93.1% | lr=7.0e-03
| Epoch  27, time= 35.8s | Train: skip eval | Valid: time=  2.9s loss=1.037, TAw acc= 93.1% | lr=6.8e-03
| Epoch  28, time= 35.6s | Train: skip eval | Valid: time=  2.8s loss=1.022, TAw acc= 93.2% | * lr=6.6e-03
| Epoch  29, time= 37.9s | Train: skip eval | Valid: time=  3.4s loss=1.017, TAw acc= 93.2% | * lr=6.4e-03
| Epoch  30, time= 36.6s | Train: skip eval | Valid: time=  3.7s loss=1.055, TAw acc= 93.7% | lr=6.2e-03
| Epoch  31, time= 32.0s | Train: skip eval | Valid: time=  2.8s loss=1.018, TAw acc= 93.1% | lr=5.9e-03
| Epoch  32, time= 33.9s | Train: skip eval | Valid: time=  2.8s loss=1.020, TAw acc= 94.0% | lr=5.7e-03
| Epoch  33, time= 35.3s | Train: skip eval | Valid: time=  2.8s loss=1.001, TAw acc= 93.1% | * lr=5.5e-03
| Epoch  34, time= 34.4s | Train: skip eval | Valid: time=  2.8s loss=0.995, TAw acc= 93.5% | * lr=5.3e-03
| Epoch  35, time= 34.7s | Train: skip eval | Valid: time=  3.1s loss=0.991, TAw acc= 93.3% | * lr=5.1e-03
| Epoch  36, time= 36.8s | Train: skip eval | Valid: time=  2.8s loss=0.998, TAw acc= 93.1% | lr=4.8e-03
| Epoch  37, time= 35.1s | Train: skip eval | Valid: time=  3.0s loss=1.002, TAw acc= 93.2% | lr=4.6e-03
| Epoch  38, time= 38.0s | Train: skip eval | Valid: time=  2.8s loss=0.992, TAw acc= 92.9% | lr=4.4e-03
| Epoch  39, time= 36.3s | Train: skip eval | Valid: time=  3.5s loss=0.971, TAw acc= 93.1% | * lr=4.2e-03
| Epoch  40, time= 34.5s | Train: skip eval | Valid: time=  3.2s loss=0.969, TAw acc= 93.6% | * lr=3.9e-03
| Epoch  41, time= 35.8s | Train: skip eval | Valid: time=  3.1s loss=0.969, TAw acc= 93.1% | lr=3.7e-03
| Epoch  42, time= 37.4s | Train: skip eval | Valid: time=  3.2s loss=0.984, TAw acc= 93.1% | lr=3.5e-03
| Epoch  43, time= 33.8s | Train: skip eval | Valid: time=  3.2s loss=0.972, TAw acc= 92.9% | lr=3.3e-03
| Epoch  44, time= 35.1s | Train: skip eval | Valid: time=  2.8s loss=0.969, TAw acc= 92.9% | lr=3.1e-03
| Epoch  45, time= 35.7s | Train: skip eval | Valid: time=  2.8s loss=0.963, TAw acc= 92.8% | * lr=2.9e-03
| Epoch  46, time= 33.0s | Train: skip eval | Valid: time=  2.8s loss=0.977, TAw acc= 93.2% | lr=2.7e-03
| Epoch  47, time= 35.3s | Train: skip eval | Valid: time=  2.8s loss=0.966, TAw acc= 92.8% | lr=2.5e-03
| Epoch  48, time= 32.6s | Train: skip eval | Valid: time=  2.7s loss=0.962, TAw acc= 93.5% | * lr=2.3e-03
| Epoch  49, time= 39.8s | Train: skip eval | Valid: time=  2.8s loss=0.967, TAw acc= 93.5% | lr=2.1e-03
| Epoch  50, time= 35.7s | Train: skip eval | Valid: time=  2.7s loss=0.965, TAw acc= 92.9% | lr=2.0e-03
| Epoch  51, time= 32.8s | Train: skip eval | Valid: time=  2.8s loss=0.955, TAw acc= 93.2% | * lr=1.8e-03
| Epoch  52, time= 34.8s | Train: skip eval | Valid: time=  2.8s loss=0.957, TAw acc= 93.1% | lr=1.6e-03
| Epoch  53, time= 35.3s | Train: skip eval | Valid: time=  2.8s loss=0.959, TAw acc= 93.2% | lr=1.5e-03
| Epoch  54, time= 35.2s | Train: skip eval | Valid: time=  3.3s loss=0.953, TAw acc= 93.3% | * lr=1.3e-03
| Epoch  55, time= 33.7s | Train: skip eval | Valid: time=  3.2s loss=0.950, TAw acc= 93.3% | * lr=1.2e-03
| Epoch  56, time= 38.2s | Train: skip eval | Valid: time=  3.2s loss=0.954, TAw acc= 93.5% | lr=1.0e-03
| Epoch  57, time= 32.1s | Train: skip eval | Valid: time=  3.3s loss=0.948, TAw acc= 93.6% | * lr=9.2e-04
| Epoch  58, time= 32.4s | Train: skip eval | Valid: time=  2.9s loss=0.951, TAw acc= 93.1% | lr=8.0e-04
| Epoch  59, time= 37.9s | Train: skip eval | Valid: time=  3.1s loss=0.957, TAw acc= 92.9% | lr=6.9e-04
| Epoch  60, time= 33.4s | Train: skip eval | Valid: time=  3.5s loss=0.948, TAw acc= 93.5% | * lr=5.9e-04
| Epoch  61, time= 33.8s | Train: skip eval | Valid: time=  3.0s loss=0.946, TAw acc= 93.5% | * lr=5.0e-04
| Epoch  62, time= 39.6s | Train: skip eval | Valid: time=  3.5s loss=0.948, TAw acc= 93.6% | lr=4.2e-04
| Epoch  63, time= 35.5s | Train: skip eval | Valid: time=  3.0s loss=0.950, TAw acc= 93.6% | lr=3.4e-04
| Epoch  64, time= 37.5s | Train: skip eval | Valid: time=  3.0s loss=0.948, TAw acc= 93.5% | lr=2.8e-04
| Epoch  65, time= 35.8s | Train: skip eval | Valid: time=  2.9s loss=0.945, TAw acc= 93.6% | * lr=2.2e-04
| Epoch  66, time= 37.1s | Train: skip eval | Valid: time=  3.4s loss=0.946, TAw acc= 93.6% | lr=1.8e-04
| Epoch  67, time= 35.9s | Train: skip eval | Valid: time=  3.3s loss=0.946, TAw acc= 93.7% | lr=1.4e-04
| Epoch  68, time= 33.2s | Train: skip eval | Valid: time=  2.7s loss=0.947, TAw acc= 93.5% | lr=1.2e-04
| Epoch  69, time= 32.7s | Train: skip eval | Valid: time=  2.8s loss=0.948, TAw acc= 93.6% | lr=1.0e-04
| Epoch  70, time= 36.3s | Train: skip eval | Valid: time=  2.7s loss=0.948, TAw acc= 93.5% | lr=1.0e-04
| Selected 2010 train exemplars, time=  2.7s
------------------------------------------------------------------------------------------------------------
>>> Test on task  0 : loss=0.225 | TAw acc= 97.2%, forg=  0.4% | TAg acc= 94.3%, forg=  3.3% <<<
>>> Test on task  1 : loss=0.387 | TAw acc= 97.8%, forg= -0.2% | TAg acc= 92.5%, forg= -1.5% <<<
>>> Test on task  2 : loss=0.451 | TAw acc= 95.6%, forg=  0.0% | TAg acc= 91.0%, forg=  0.0% <<<
Save at ./results/./results/resnetv2_101x1_bit.goog_in21k/food101/lucir/10
************************************************************************************************************
TAw Acc
	 97.6%   0.0%   0.0%   0.0%   0.0%   0.0%   0.0%   0.0%   0.0%   0.0% 	Avg.: 97.6% 
	 97.3%  97.6%   0.0%   0.0%   0.0%   0.0%   0.0%   0.0%   0.0%   0.0% 	Avg.: 97.5% 
	 97.2%  97.8%  95.6%   0.0%   0.0%   0.0%   0.0%   0.0%   0.0%   0.0% 	Avg.: 96.9% 
	  0.0%   0.0%   0.0%   0.0%   0.0%   0.0%   0.0%   0.0%   0.0%   0.0% 	Avg.:  0.0% 
	  0.0%   0.0%   0.0%   0.0%   0.0%   0.0%   0.0%   0.0%   0.0%   0.0% 	Avg.:  0.0% 
	  0.0%   0.0%   0.0%   0.0%   0.0%   0.0%   0.0%   0.0%   0.0%   0.0% 	Avg.:  0.0% 
	  0.0%   0.0%   0.0%   0.0%   0.0%   0.0%   0.0%   0.0%   0.0%   0.0% 	Avg.:  0.0% 
	  0.0%   0.0%   0.0%   0.0%   0.0%   0.0%   0.0%   0.0%   0.0%   0.0% 	Avg.:  0.0% 
	  0.0%   0.0%   0.0%   0.0%   0.0%   0.0%   0.0%   0.0%   0.0%   0.0% 	Avg.:  0.0% 
	  0.0%   0.0%   0.0%   0.0%   0.0%   0.0%   0.0%   0.0%   0.0%   0.0% 	Avg.:  0.0% 
************************************************************************************************************
TAg Acc
	 97.6%   0.0%   0.0%   0.0%   0.0%   0.0%   0.0%   0.0%   0.0%   0.0% 	Avg.: 97.6% 
	 95.6%  91.0%   0.0%   0.0%   0.0%   0.0%   0.0%   0.0%   0.0%   0.0% 	Avg.: 93.3% 
	 94.3%  92.5%  91.0%   0.0%   0.0%   0.0%   0.0%   0.0%   0.0%   0.0% 	Avg.: 92.6% 
	  0.0%   0.0%   0.0%   0.0%   0.0%   0.0%   0.0%   0.0%   0.0%   0.0% 	Avg.:  0.0% 
	  0.0%   0.0%   0.0%   0.0%   0.0%   0.0%   0.0%   0.0%   0.0%   0.0% 	Avg.:  0.0% 
	  0.0%   0.0%   0.0%   0.0%   0.0%   0.0%   0.0%   0.0%   0.0%   0.0% 	Avg.:  0.0% 
	  0.0%   0.0%   0.0%   0.0%   0.0%   0.0%   0.0%   0.0%   0.0%   0.0% 	Avg.:  0.0% 
	  0.0%   0.0%   0.0%   0.0%   0.0%   0.0%   0.0%   0.0%   0.0%   0.0% 	Avg.:  0.0% 
	  0.0%   0.0%   0.0%   0.0%   0.0%   0.0%   0.0%   0.0%   0.0%   0.0% 	Avg.:  0.0% 
	  0.0%   0.0%   0.0%   0.0%   0.0%   0.0%   0.0%   0.0%   0.0%   0.0% 	Avg.:  0.0% 
************************************************************************************************************
TAw Forg
	  0.0%   0.0%   0.0%   0.0%   0.0%   0.0%   0.0%   0.0%   0.0%   0.0% 
	  0.2%   0.0%   0.0%   0.0%   0.0%   0.0%   0.0%   0.0%   0.0%   0.0% 	Avg.:  0.2% 
	  0.4%  -0.2%   0.0%   0.0%   0.0%   0.0%   0.0%   0.0%   0.0%   0.0% 	Avg.:  0.1% 
	  0.0%   0.0%   0.0%   0.0%   0.0%   0.0%   0.0%   0.0%   0.0%   0.0% 	Avg.:  0.0% 
	  0.0%   0.0%   0.0%   0.0%   0.0%   0.0%   0.0%   0.0%   0.0%   0.0% 	Avg.:  0.0% 
	  0.0%   0.0%   0.0%   0.0%   0.0%   0.0%   0.0%   0.0%   0.0%   0.0% 	Avg.:  0.0% 
	  0.0%   0.0%   0.0%   0.0%   0.0%   0.0%   0.0%   0.0%   0.0%   0.0% 	Avg.:  0.0% 
	  0.0%   0.0%   0.0%   0.0%   0.0%   0.0%   0.0%   0.0%   0.0%   0.0% 	Avg.:  0.0% 
	  0.0%   0.0%   0.0%   0.0%   0.0%   0.0%   0.0%   0.0%   0.0%   0.0% 	Avg.:  0.0% 
	  0.0%   0.0%   0.0%   0.0%   0.0%   0.0%   0.0%   0.0%   0.0%   0.0% 	Avg.:  0.0% 
************************************************************************************************************
TAg Forg
	  0.0%   0.0%   0.0%   0.0%   0.0%   0.0%   0.0%   0.0%   0.0%   0.0% 
	  2.0%   0.0%   0.0%   0.0%   0.0%   0.0%   0.0%   0.0%   0.0%   0.0% 	Avg.:  2.0% 
	  3.3%  -1.5%   0.0%   0.0%   0.0%   0.0%   0.0%   0.0%   0.0%   0.0% 	Avg.:  0.9% 
	  0.0%   0.0%   0.0%   0.0%   0.0%   0.0%   0.0%   0.0%   0.0%   0.0% 	Avg.:  0.0% 
	  0.0%   0.0%   0.0%   0.0%   0.0%   0.0%   0.0%   0.0%   0.0%   0.0% 	Avg.:  0.0% 
	  0.0%   0.0%   0.0%   0.0%   0.0%   0.0%   0.0%   0.0%   0.0%   0.0% 	Avg.:  0.0% 
	  0.0%   0.0%   0.0%   0.0%   0.0%   0.0%   0.0%   0.0%   0.0%   0.0% 	Avg.:  0.0% 
	  0.0%   0.0%   0.0%   0.0%   0.0%   0.0%   0.0%   0.0%   0.0%   0.0% 	Avg.:  0.0% 
	  0.0%   0.0%   0.0%   0.0%   0.0%   0.0%   0.0%   0.0%   0.0%   0.0% 	Avg.:  0.0% 
	  0.0%   0.0%   0.0%   0.0%   0.0%   0.0%   0.0%   0.0%   0.0%   0.0% 	Avg.:  0.0% 
************************************************************************************************************
[Elapsed time = 0.8 h]
Done!
