START_TASK=6 STOP_TASK=7
============================================================================================================
Arguments =
	approach: lwf
	batch_size: 64
	classes_first_task: None
	clipping: 10000
	crop: 224
	data_path: ../data/food101
	dataset: food101
	eval_on_train: False
	experiment_path: None
	fix_bn: False
	freeze_backbone: False
	gpu: 0
	gpus: [0]
	increment: 10
	last_layer_analysis: True
	log: ['disk']
	lr: 0.01
	lr_factor: None
	lr_min: 0.0001
	lr_patience: None
	lr_scheduler: cosine
	lr_warmup_epochs: 0
	momentum: 0.0
	multi_softmax: False
	nepochs: 70
	network: vit_base_patch16_224.orig_in21k
	no_cudnn_deterministic: False
	normalize: in21k
	num_workers: 2
	optimizer_name: sgd
	pin_memory: False
	pretrained: True
	resize: 224
	results_path: ./results
	save_models: True
	seed: 0
	start_at_task: 6
	start_epoch: 0
	stop_at_task: 7
	stop_epoch: 0
	use_valid_only: False
	warmup_lr_factor: 1.0
	warmup_nepochs: 0
	weight_decay: 0.0
============================================================================================================
Approach arguments =
	T: 2
	lamb: 1.0
============================================================================================================
Exemplars arguments =
============================================================================================================
WARNING: ./results/vit_base_patch16_224.orig_in21k/food101/lwf/10 already exists!
Loaded acc_taw from: ./results/vit_base_patch16_224.orig_in21k/food101/lwf/10/acc_taw-5.txt
Loaded acc_tag from: ./results/vit_base_patch16_224.orig_in21k/food101/lwf/10/acc_tag-5.txt
Loaded forg_taw from: ./results/vit_base_patch16_224.orig_in21k/food101/lwf/10/forg_taw-5.txt
Loaded forg_tag from: ./results/vit_base_patch16_224.orig_in21k/food101/lwf/10/forg_tag-5.txt
************************************************************************************************************
Task  6  [epochs 0-70]
************************************************************************************************************
[params] total:85,852,486  trainable:85,852,486  tensors:164  trainable_tensors:164
| Epoch   1, time= 65.7s | Train: skip eval | Valid: time=  4.4s loss=3.547, TAw acc= 91.9% | * lr=1.0e-02
| Epoch   2, time= 65.5s | Train: skip eval | Valid: time=  4.3s loss=3.377, TAw acc= 92.7% | * lr=1.0e-02
| Epoch   3, time= 66.3s | Train: skip eval | Valid: time=  4.5s loss=3.320, TAw acc= 94.0% | * lr=1.0e-02
| Epoch   4, time= 66.1s | Train: skip eval | Valid: time=  4.5s loss=3.300, TAw acc= 94.1% | * lr=9.9e-03
| Epoch   5, time= 66.4s | Train: skip eval | Valid: time=  4.5s loss=3.284, TAw acc= 94.0% | * lr=9.9e-03
| Epoch   6, time= 66.5s | Train: skip eval | Valid: time=  4.3s loss=3.274, TAw acc= 94.7% | * lr=9.8e-03
| Epoch   7, time= 66.5s | Train: skip eval | Valid: time=  4.4s loss=3.262, TAw acc= 94.9% | * lr=9.8e-03
| Epoch   8, time= 66.7s | Train: skip eval | Valid: time=  4.5s loss=3.258, TAw acc= 95.2% | * lr=9.7e-03
| Epoch   9, time= 66.5s | Train: skip eval | Valid: time=  4.4s loss=3.248, TAw acc= 94.8% | * lr=9.6e-03
| Epoch  10, time= 66.8s | Train: skip eval | Valid: time=  4.4s loss=3.238, TAw acc= 94.5% | * lr=9.5e-03
| Epoch  11, time= 66.8s | Train: skip eval | Valid: time=  4.5s loss=3.235, TAw acc= 95.7% | * lr=9.4e-03
| Epoch  12, time= 66.6s | Train: skip eval | Valid: time=  4.3s loss=3.229, TAw acc= 95.6% | * lr=9.3e-03
| Epoch  13, time= 67.0s | Train: skip eval | Valid: time=  4.4s loss=3.229, TAw acc= 95.5% | * lr=9.2e-03
| Epoch  14, time= 66.9s | Train: skip eval | Valid: time=  4.4s loss=3.225, TAw acc= 95.9% | * lr=9.1e-03
| Epoch  15, time= 66.7s | Train: skip eval | Valid: time=  4.3s loss=3.228, TAw acc= 95.5% | lr=8.9e-03
| Epoch  16, time= 66.6s | Train: skip eval | Valid: time=  4.4s loss=3.221, TAw acc= 95.2% | * lr=8.8e-03
| Epoch  17, time= 66.5s | Train: skip eval | Valid: time=  4.3s loss=3.220, TAw acc= 95.5% | * lr=8.6e-03
| Epoch  18, time= 66.3s | Train: skip eval | Valid: time=  4.4s loss=3.217, TAw acc= 95.5% | * lr=8.5e-03
| Epoch  19, time= 66.3s | Train: skip eval | Valid: time=  4.4s loss=3.218, TAw acc= 95.3% | lr=8.3e-03
| Epoch  20, time= 66.7s | Train: skip eval | Valid: time=  4.4s loss=3.215, TAw acc= 95.7% | * lr=8.1e-03
| Epoch  21, time= 66.6s | Train: skip eval | Valid: time=  4.5s loss=3.226, TAw acc= 95.3% | lr=8.0e-03
| Epoch  22, time= 66.6s | Train: skip eval | Valid: time=  4.5s loss=3.215, TAw acc= 95.5% | * lr=7.8e-03
| Epoch  23, time= 66.9s | Train: skip eval | Valid: time=  4.4s loss=3.218, TAw acc= 95.7% | lr=7.6e-03
| Epoch  24, time= 66.6s | Train: skip eval | Valid: time=  4.3s loss=3.212, TAw acc= 95.9% | * lr=7.4e-03
| Epoch  25, time= 66.6s | Train: skip eval | Valid: time=  4.3s loss=3.209, TAw acc= 95.7% | * lr=7.2e-03
| Epoch  26, time= 66.7s | Train: skip eval | Valid: time=  4.3s loss=3.208, TAw acc= 95.3% | * lr=7.0e-03
| Epoch  27, time= 66.8s | Train: skip eval | Valid: time=  4.4s loss=3.212, TAw acc= 95.5% | lr=6.8e-03
| Epoch  28, time= 66.6s | Train: skip eval | Valid: time=  4.3s loss=3.211, TAw acc= 95.3% | lr=6.6e-03
| Epoch  29, time= 66.4s | Train: skip eval | Valid: time=  4.4s loss=3.211, TAw acc= 95.3% | lr=6.4e-03
| Epoch  30, time= 66.6s | Train: skip eval | Valid: time=  4.3s loss=3.209, TAw acc= 95.6% | lr=6.2e-03
| Epoch  31, time= 66.4s | Train: skip eval | Valid: time=  4.5s loss=3.210, TAw acc= 95.3% | lr=5.9e-03
| Epoch  32, time= 66.4s | Train: skip eval | Valid: time=  4.3s loss=3.201, TAw acc= 95.7% | * lr=5.7e-03
| Epoch  33, time= 66.6s | Train: skip eval | Valid: time=  4.4s loss=3.210, TAw acc= 95.5% | lr=5.5e-03
| Epoch  34, time= 66.5s | Train: skip eval | Valid: time=  4.3s loss=3.204, TAw acc= 95.6% | lr=5.3e-03
| Epoch  35, time= 66.7s | Train: skip eval | Valid: time=  4.5s loss=3.203, TAw acc= 95.9% | lr=5.1e-03
| Epoch  36, time= 66.7s | Train: skip eval | Valid: time=  4.3s loss=3.205, TAw acc= 95.7% | lr=4.8e-03
| Epoch  37, time= 66.7s | Train: skip eval | Valid: time=  4.3s loss=3.199, TAw acc= 95.7% | * lr=4.6e-03
| Epoch  38, time= 66.7s | Train: skip eval | Valid: time=  4.4s loss=3.202, TAw acc= 95.5% | lr=4.4e-03
| Epoch  39, time= 66.9s | Train: skip eval | Valid: time=  4.4s loss=3.199, TAw acc= 95.5% | lr=4.2e-03
| Epoch  40, time= 66.8s | Train: skip eval | Valid: time=  4.6s loss=3.203, TAw acc= 95.6% | lr=3.9e-03
| Epoch  41, time= 66.8s | Train: skip eval | Valid: time=  4.5s loss=3.203, TAw acc= 95.7% | lr=3.7e-03
| Epoch  42, time= 66.4s | Train: skip eval | Valid: time=  4.5s loss=3.200, TAw acc= 95.7% | lr=3.5e-03
| Epoch  43, time= 66.6s | Train: skip eval | Valid: time=  4.5s loss=3.199, TAw acc= 95.2% | lr=3.3e-03
| Epoch  44, time= 66.7s | Train: skip eval | Valid: time=  4.3s loss=3.201, TAw acc= 95.6% | lr=3.1e-03
| Epoch  45, time= 66.7s | Train: skip eval | Valid: time=  4.4s loss=3.201, TAw acc= 95.5% | lr=2.9e-03
| Epoch  46, time= 66.9s | Train: skip eval | Valid: time=  4.7s loss=3.199, TAw acc= 95.6% | lr=2.7e-03
| Epoch  47, time= 67.0s | Train: skip eval | Valid: time=  4.4s loss=3.200, TAw acc= 95.5% | lr=2.5e-03
| Epoch  48, time= 66.7s | Train: skip eval | Valid: time=  4.5s loss=3.199, TAw acc= 95.5% | * lr=2.3e-03
| Epoch  49, time= 66.7s | Train: skip eval | Valid: time=  4.4s loss=3.202, TAw acc= 95.6% | lr=2.1e-03
| Epoch  50, time= 66.8s | Train: skip eval | Valid: time=  4.4s loss=3.198, TAw acc= 95.6% | * lr=2.0e-03
| Epoch  51, time= 67.0s | Train: skip eval | Valid: time=  4.4s loss=3.200, TAw acc= 95.6% | lr=1.8e-03
| Epoch  52, time= 66.9s | Train: skip eval | Valid: time=  4.4s loss=3.199, TAw acc= 95.5% | lr=1.6e-03
| Epoch  53, time= 66.6s | Train: skip eval | Valid: time=  4.5s loss=3.199, TAw acc= 95.5% | lr=1.5e-03
| Epoch  54, time= 66.5s | Train: skip eval | Valid: time=  4.4s loss=3.198, TAw acc= 95.7% | lr=1.3e-03
| Epoch  55, time= 66.8s | Train: skip eval | Valid: time=  4.4s loss=3.199, TAw acc= 95.6% | lr=1.2e-03
| Epoch  56, time= 66.6s | Train: skip eval | Valid: time=  4.5s loss=3.199, TAw acc= 95.5% | lr=1.0e-03
| Epoch  57, time= 66.6s | Train: skip eval | Valid: time=  4.4s loss=3.198, TAw acc= 95.6% | lr=9.2e-04
| Epoch  58, time= 66.4s | Train: skip eval | Valid: time=  4.3s loss=3.199, TAw acc= 95.5% | lr=8.0e-04
| Epoch  59, time= 66.5s | Train: skip eval | Valid: time=  4.4s loss=3.198, TAw acc= 95.5% | * lr=6.9e-04
| Epoch  60, time= 66.7s | Train: skip eval | Valid: time=  4.5s loss=3.198, TAw acc= 95.6% | lr=5.9e-04
| Epoch  61, time= 66.5s | Train: skip eval | Valid: time=  4.5s loss=3.199, TAw acc= 95.6% | lr=5.0e-04
| Epoch  62, time= 66.5s | Train: skip eval | Valid: time=  4.4s loss=3.199, TAw acc= 95.5% | lr=4.2e-04
| Epoch  63, time= 66.9s | Train: skip eval | Valid: time=  4.4s loss=3.199, TAw acc= 95.6% | lr=3.4e-04
| Epoch  64, time= 66.3s | Train: skip eval | Valid: time=  4.3s loss=3.198, TAw acc= 95.5% | lr=2.8e-04
| Epoch  65, time= 66.9s | Train: skip eval | Valid: time=  4.4s loss=3.198, TAw acc= 95.5% | lr=2.2e-04
| Epoch  66, time= 66.6s | Train: skip eval | Valid: time=  4.4s loss=3.198, TAw acc= 95.5% | lr=1.8e-04
| Epoch  67, time= 66.7s | Train: skip eval | Valid: time=  4.4s loss=3.198, TAw acc= 95.5% | lr=1.4e-04
| Epoch  68, time= 66.7s | Train: skip eval | Valid: time=  4.4s loss=3.198, TAw acc= 95.5% | * lr=1.2e-04
| Epoch  69, time= 66.7s | Train: skip eval | Valid: time=  4.5s loss=3.198, TAw acc= 95.5% | lr=1.0e-04
| Epoch  70, time= 66.9s | Train: skip eval | Valid: time=  4.4s loss=3.198, TAw acc= 95.5% | lr=1.0e-04
------------------------------------------------------------------------------------------------------------
>>> Test on task  0 : loss=0.107 | TAw acc= 96.6%, forg=  0.6% | TAg acc= 93.0%, forg=  4.2% <<<
>>> Test on task  1 : loss=1.628 | TAw acc= 98.4%, forg=  0.3% | TAg acc= 89.4%, forg=  3.9% <<<
>>> Test on task  2 : loss=2.219 | TAw acc= 97.4%, forg=  0.0% | TAg acc= 80.6%, forg=  9.1% <<<
>>> Test on task  3 : loss=2.480 | TAw acc= 98.2%, forg=  0.0% | TAg acc= 81.5%, forg=  5.6% <<<
>>> Test on task  4 : loss=2.639 | TAw acc= 97.1%, forg=  0.4% | TAg acc= 69.0%, forg=  4.6% <<<
>>> Test on task  5 : loss=3.042 | TAw acc= 97.4%, forg= -0.0% | TAg acc= 74.6%, forg=  2.2% <<<
>>> Test on task  6 : loss=3.113 | TAw acc= 97.9%, forg=  0.0% | TAg acc= 68.4%, forg=  0.0% <<<
Save at ./results/./results/vit_base_patch16_224.orig_in21k/food101/lwf/10
************************************************************************************************************
TAw Acc
	 97.1%   0.0%   0.0%   0.0%   0.0%   0.0%   0.0%   0.0%   0.0%   0.0% 	Avg.: 97.1% 
	 97.2%  98.6%   0.0%   0.0%   0.0%   0.0%   0.0%   0.0%   0.0%   0.0% 	Avg.: 97.9% 
	 96.9%  98.6%  97.4%   0.0%   0.0%   0.0%   0.0%   0.0%   0.0%   0.0% 	Avg.: 97.6% 
	 97.1%  98.6%  97.4%  98.2%   0.0%   0.0%   0.0%   0.0%   0.0%   0.0% 	Avg.: 97.8% 
	 96.7%  98.4%  97.3%  98.2%  97.5%   0.0%   0.0%   0.0%   0.0%   0.0% 	Avg.: 97.6% 
	 96.8%  98.5%  96.9%  98.1%  97.2%  97.4%   0.0%   0.0%   0.0%   0.0% 	Avg.: 97.5% 
	 96.6%  98.4%  97.4%  98.2%  97.1%  97.4%  97.9%   0.0%   0.0%   0.0% 	Avg.: 97.6% 
	  0.0%   0.0%   0.0%   0.0%   0.0%   0.0%   0.0%   0.0%   0.0%   0.0% 	Avg.:  0.0% 
	  0.0%   0.0%   0.0%   0.0%   0.0%   0.0%   0.0%   0.0%   0.0%   0.0% 	Avg.:  0.0% 
	  0.0%   0.0%   0.0%   0.0%   0.0%   0.0%   0.0%   0.0%   0.0%   0.0% 	Avg.:  0.0% 
************************************************************************************************************
TAg Acc
	 97.1%   0.0%   0.0%   0.0%   0.0%   0.0%   0.0%   0.0%   0.0%   0.0% 	Avg.: 97.1% 
	 96.2%  93.2%   0.0%   0.0%   0.0%   0.0%   0.0%   0.0%   0.0%   0.0% 	Avg.: 94.7% 
	 95.2%  92.8%  89.7%   0.0%   0.0%   0.0%   0.0%   0.0%   0.0%   0.0% 	Avg.: 92.6% 
	 94.8%  90.4%  85.8%  87.0%   0.0%   0.0%   0.0%   0.0%   0.0%   0.0% 	Avg.: 89.5% 
	 93.7%  91.0%  83.5%  86.1%  73.6%   0.0%   0.0%   0.0%   0.0%   0.0% 	Avg.: 85.6% 
	 93.4%  90.0%  80.4%  84.0%  69.3%  76.8%   0.0%   0.0%   0.0%   0.0% 	Avg.: 82.3% 
	 93.0%  89.4%  80.6%  81.5%  69.0%  74.6%  68.4%   0.0%   0.0%   0.0% 	Avg.: 79.5% 
	  0.0%   0.0%   0.0%   0.0%   0.0%   0.0%   0.0%   0.0%   0.0%   0.0% 	Avg.:  0.0% 
	  0.0%   0.0%   0.0%   0.0%   0.0%   0.0%   0.0%   0.0%   0.0%   0.0% 	Avg.:  0.0% 
	  0.0%   0.0%   0.0%   0.0%   0.0%   0.0%   0.0%   0.0%   0.0%   0.0% 	Avg.:  0.0% 
************************************************************************************************************
TAw Forg
	  0.0%   0.0%   0.0%   0.0%   0.0%   0.0%   0.0%   0.0%   0.0%   0.0% 
	 -0.1%   0.0%   0.0%   0.0%   0.0%   0.0%   0.0%   0.0%   0.0%   0.0% 	Avg.: -0.1% 
	  0.3%   0.0%   0.0%   0.0%   0.0%   0.0%   0.0%   0.0%   0.0%   0.0% 	Avg.:  0.2% 
	  0.2%   0.1%  -0.0%   0.0%   0.0%   0.0%   0.0%   0.0%   0.0%   0.0% 	Avg.:  0.1% 
	  0.6%   0.2%   0.1%  -0.0%   0.0%   0.0%   0.0%   0.0%   0.0%   0.0% 	Avg.:  0.2% 
	  0.5%   0.2%   0.5%   0.1%   0.4%   0.0%   0.0%   0.0%   0.0%   0.0% 	Avg.:  0.3% 
	  0.6%   0.3%   0.0%   0.0%   0.4%  -0.0%   0.0%   0.0%   0.0%   0.0% 	Avg.:  0.2% 
	  0.0%   0.0%   0.0%   0.0%   0.0%   0.0%   0.0%   0.0%   0.0%   0.0% 	Avg.:  0.0% 
	  0.0%   0.0%   0.0%   0.0%   0.0%   0.0%   0.0%   0.0%   0.0%   0.0% 	Avg.:  0.0% 
	  0.0%   0.0%   0.0%   0.0%   0.0%   0.0%   0.0%   0.0%   0.0%   0.0% 	Avg.:  0.0% 
************************************************************************************************************
TAg Forg
	  0.0%   0.0%   0.0%   0.0%   0.0%   0.0%   0.0%   0.0%   0.0%   0.0% 
	  0.9%   0.0%   0.0%   0.0%   0.0%   0.0%   0.0%   0.0%   0.0%   0.0% 	Avg.:  0.9% 
	  1.9%   0.5%   0.0%   0.0%   0.0%   0.0%   0.0%   0.0%   0.0%   0.0% 	Avg.:  1.2% 
	  2.3%   2.8%   4.0%   0.0%   0.0%   0.0%   0.0%   0.0%   0.0%   0.0% 	Avg.:  3.0% 
	  3.4%   2.2%   6.2%   0.9%   0.0%   0.0%   0.0%   0.0%   0.0%   0.0% 	Avg.:  3.2% 
	  3.7%   3.2%   9.3%   3.0%   4.3%   0.0%   0.0%   0.0%   0.0%   0.0% 	Avg.:  4.7% 
	  4.2%   3.9%   9.1%   5.6%   4.6%   2.2%   0.0%   0.0%   0.0%   0.0% 	Avg.:  4.9% 
	  0.0%   0.0%   0.0%   0.0%   0.0%   0.0%   0.0%   0.0%   0.0%   0.0% 	Avg.:  0.0% 
	  0.0%   0.0%   0.0%   0.0%   0.0%   0.0%   0.0%   0.0%   0.0%   0.0% 	Avg.:  0.0% 
	  0.0%   0.0%   0.0%   0.0%   0.0%   0.0%   0.0%   0.0%   0.0%   0.0% 	Avg.:  0.0% 
************************************************************************************************************
[Elapsed time = 1.4 h]
Done!
