START_TASK=13 STOP_TASK=14
============================================================================================================
Arguments =
	approach: freezing
	batch_size: 64
	classes_first_task: None
	clipping: 10000
	crop: 224
	data_path: ../data/inat200
	dataset: inat200
	eval_on_train: False
	experiment_path: None
	fix_bn: True
	freeze_backbone: True
	gpu: 0
	gpus: [0]
	increment: 10
	last_layer_analysis: True
	log: ['disk']
	lr: 0.01
	lr_factor: None
	lr_min: 0.0001
	lr_patience: None
	lr_scheduler: cosine
	lr_warmup_epochs: 0
	momentum: 0.0
	multi_softmax: False
	nepochs: 90
	network: vit_base_patch16_224.orig_in21k
	no_cudnn_deterministic: False
	normalize: in21k
	num_workers: 2
	optimizer_name: sgd
	pin_memory: False
	pretrained: True
	resize: 224
	results_path: ./results
	save_models: True
	seed: 0
	start_at_task: 13
	start_epoch: 0
	stop_at_task: 14
	stop_epoch: 0
	use_valid_only: False
	warmup_lr_factor: 1.0
	warmup_nepochs: 0
	weight_decay: 0.0
============================================================================================================
Approach arguments =
============================================================================================================
Exemplars arguments =
============================================================================================================
WARNING: ./results/vit_base_patch16_224.orig_in21k/inat200/freezing/10 already exists!
Loaded acc_taw from: ./results/vit_base_patch16_224.orig_in21k/inat200/freezing/10/acc_taw-12.txt
Loaded acc_tag from: ./results/vit_base_patch16_224.orig_in21k/inat200/freezing/10/acc_tag-12.txt
Loaded forg_taw from: ./results/vit_base_patch16_224.orig_in21k/inat200/freezing/10/forg_taw-12.txt
Loaded forg_tag from: ./results/vit_base_patch16_224.orig_in21k/inat200/freezing/10/forg_tag-12.txt
************************************************************************************************************
Task 13  [epochs 0-90]
************************************************************************************************************
[DEBUG] trainable params -> backbone:0 heads:107660 total:107660
[params] total:85,906,316  trainable:107,660  tensors:178  trainable_tensors:28
| Epoch   1, time= 16.1s | Train: skip eval | Valid: time=  1.9s loss=1.966, TAw acc= 82.0% | * lr=1.0e-02
| Epoch   2, time= 16.2s | Train: skip eval | Valid: time=  1.7s loss=1.664, TAw acc= 90.8% | * lr=1.0e-02
| Epoch   3, time= 15.4s | Train: skip eval | Valid: time=  1.7s loss=1.412, TAw acc= 93.2% | * lr=1.0e-02
| Epoch   4, time= 15.2s | Train: skip eval | Valid: time=  1.9s loss=1.213, TAw acc= 94.5% | * lr=1.0e-02
| Epoch   5, time= 14.6s | Train: skip eval | Valid: time=  2.1s loss=1.055, TAw acc= 95.2% | * lr=9.9e-03
| Epoch   6, time= 14.1s | Train: skip eval | Valid: time=  1.6s loss=0.930, TAw acc= 95.2% | * lr=9.9e-03
| Epoch   7, time= 14.9s | Train: skip eval | Valid: time=  1.6s loss=0.830, TAw acc= 95.5% | * lr=9.9e-03
| Epoch   8, time= 14.5s | Train: skip eval | Valid: time=  1.6s loss=0.750, TAw acc= 95.8% | * lr=9.8e-03
| Epoch   9, time= 17.3s | Train: skip eval | Valid: time=  1.6s loss=0.685, TAw acc= 96.0% | * lr=9.8e-03
| Epoch  10, time= 14.8s | Train: skip eval | Valid: time=  1.6s loss=0.632, TAw acc= 96.5% | * lr=9.7e-03
| Epoch  11, time= 14.4s | Train: skip eval | Valid: time=  1.6s loss=0.587, TAw acc= 96.5% | * lr=9.6e-03
| Epoch  12, time= 14.3s | Train: skip eval | Valid: time=  1.6s loss=0.550, TAw acc= 96.5% | * lr=9.6e-03
| Epoch  13, time= 14.5s | Train: skip eval | Valid: time=  1.6s loss=0.518, TAw acc= 96.5% | * lr=9.5e-03
| Epoch  14, time= 14.5s | Train: skip eval | Valid: time=  1.8s loss=0.491, TAw acc= 96.8% | * lr=9.4e-03
| Epoch  15, time= 15.3s | Train: skip eval | Valid: time=  1.6s loss=0.467, TAw acc= 96.8% | * lr=9.3e-03
| Epoch  16, time= 14.0s | Train: skip eval | Valid: time=  1.7s loss=0.447, TAw acc= 96.8% | * lr=9.2e-03
| Epoch  17, time= 15.1s | Train: skip eval | Valid: time=  1.9s loss=0.428, TAw acc= 96.5% | * lr=9.2e-03
| Epoch  18, time= 15.2s | Train: skip eval | Valid: time=  1.7s loss=0.412, TAw acc= 96.5% | * lr=9.1e-03
| Epoch  19, time= 15.8s | Train: skip eval | Valid: time=  1.8s loss=0.398, TAw acc= 96.5% | * lr=9.0e-03
| Epoch  20, time= 15.0s | Train: skip eval | Valid: time=  1.9s loss=0.385, TAw acc= 96.5% | * lr=8.8e-03
| Epoch  21, time= 22.4s | Train: skip eval | Valid: time=  1.8s loss=0.373, TAw acc= 96.5% | * lr=8.7e-03
| Epoch  22, time= 14.8s | Train: skip eval | Valid: time=  1.6s loss=0.362, TAw acc= 96.8% | * lr=8.6e-03
| Epoch  23, time= 15.0s | Train: skip eval | Valid: time=  1.6s loss=0.352, TAw acc= 96.8% | * lr=8.5e-03
| Epoch  24, time= 15.7s | Train: skip eval | Valid: time=  1.9s loss=0.343, TAw acc= 96.8% | * lr=8.4e-03
| Epoch  25, time= 14.8s | Train: skip eval | Valid: time=  1.6s loss=0.335, TAw acc= 96.8% | * lr=8.2e-03
| Epoch  26, time= 14.4s | Train: skip eval | Valid: time=  2.1s loss=0.328, TAw acc= 96.8% | * lr=8.1e-03
| Epoch  27, time= 14.8s | Train: skip eval | Valid: time=  1.7s loss=0.321, TAw acc= 96.8% | * lr=8.0e-03
| Epoch  28, time= 14.8s | Train: skip eval | Valid: time=  1.6s loss=0.314, TAw acc= 96.8% | * lr=7.8e-03
| Epoch  29, time= 15.5s | Train: skip eval | Valid: time=  1.6s loss=0.308, TAw acc= 96.8% | * lr=7.7e-03
| Epoch  30, time= 14.5s | Train: skip eval | Valid: time=  1.6s loss=0.302, TAw acc= 96.8% | * lr=7.5e-03
| Epoch  31, time= 15.8s | Train: skip eval | Valid: time=  1.6s loss=0.297, TAw acc= 96.8% | * lr=7.4e-03
| Epoch  32, time= 15.0s | Train: skip eval | Valid: time=  1.6s loss=0.293, TAw acc= 96.8% | * lr=7.2e-03
| Epoch  33, time= 14.2s | Train: skip eval | Valid: time=  1.7s loss=0.288, TAw acc= 96.8% | * lr=7.1e-03
| Epoch  34, time= 15.8s | Train: skip eval | Valid: time=  1.7s loss=0.284, TAw acc= 96.8% | * lr=6.9e-03
| Epoch  35, time= 14.5s | Train: skip eval | Valid: time=  1.6s loss=0.280, TAw acc= 96.8% | * lr=6.7e-03
| Epoch  36, time= 15.3s | Train: skip eval | Valid: time=  1.7s loss=0.276, TAw acc= 96.8% | * lr=6.6e-03
| Epoch  37, time= 16.4s | Train: skip eval | Valid: time=  1.6s loss=0.273, TAw acc= 96.8% | * lr=6.4e-03
| Epoch  38, time= 14.7s | Train: skip eval | Valid: time=  1.6s loss=0.270, TAw acc= 96.8% | * lr=6.2e-03
| Epoch  39, time= 15.9s | Train: skip eval | Valid: time=  1.6s loss=0.267, TAw acc= 96.8% | * lr=6.1e-03
| Epoch  40, time= 14.9s | Train: skip eval | Valid: time=  1.7s loss=0.264, TAw acc= 96.8% | * lr=5.9e-03
| Epoch  41, time= 15.0s | Train: skip eval | Valid: time=  2.1s loss=0.261, TAw acc= 96.8% | * lr=5.7e-03
| Epoch  42, time= 15.4s | Train: skip eval | Valid: time=  1.6s loss=0.259, TAw acc= 96.8% | * lr=5.6e-03
| Epoch  43, time= 15.0s | Train: skip eval | Valid: time=  1.8s loss=0.256, TAw acc= 96.8% | * lr=5.4e-03
| Epoch  44, time= 14.5s | Train: skip eval | Valid: time=  1.7s loss=0.254, TAw acc= 96.8% | * lr=5.2e-03
| Epoch  45, time= 14.9s | Train: skip eval | Valid: time=  1.6s loss=0.252, TAw acc= 96.8% | * lr=5.1e-03
| Epoch  46, time= 16.0s | Train: skip eval | Valid: time=  1.6s loss=0.250, TAw acc= 96.8% | * lr=4.9e-03
| Epoch  47, time= 13.7s | Train: skip eval | Valid: time=  2.0s loss=0.248, TAw acc= 96.8% | * lr=4.7e-03
| Epoch  48, time= 14.5s | Train: skip eval | Valid: time=  1.6s loss=0.246, TAw acc= 96.8% | * lr=4.5e-03
| Epoch  49, time= 13.6s | Train: skip eval | Valid: time=  1.7s loss=0.244, TAw acc= 96.8% | * lr=4.4e-03
| Epoch  50, time= 14.2s | Train: skip eval | Valid: time=  1.6s loss=0.243, TAw acc= 96.8% | * lr=4.2e-03
| Epoch  51, time= 15.6s | Train: skip eval | Valid: time=  1.6s loss=0.241, TAw acc= 96.8% | * lr=4.0e-03
| Epoch  52, time= 16.2s | Train: skip eval | Valid: time=  2.0s loss=0.240, TAw acc= 96.8% | * lr=3.9e-03
| Epoch  53, time= 16.0s | Train: skip eval | Valid: time=  1.7s loss=0.239, TAw acc= 96.8% | * lr=3.7e-03
| Epoch  54, time= 15.0s | Train: skip eval | Valid: time=  1.8s loss=0.237, TAw acc= 96.8% | * lr=3.5e-03
| Epoch  55, time= 14.0s | Train: skip eval | Valid: time=  1.6s loss=0.236, TAw acc= 96.8% | * lr=3.4e-03
| Epoch  56, time= 15.9s | Train: skip eval | Valid: time=  1.6s loss=0.235, TAw acc= 96.8% | * lr=3.2e-03
| Epoch  57, time= 15.4s | Train: skip eval | Valid: time=  1.6s loss=0.234, TAw acc= 96.8% | * lr=3.0e-03
| Epoch  58, time= 14.6s | Train: skip eval | Valid: time=  1.9s loss=0.233, TAw acc= 96.8% | * lr=2.9e-03
| Epoch  59, time= 13.9s | Train: skip eval | Valid: time=  1.6s loss=0.232, TAw acc= 96.8% | * lr=2.7e-03
| Epoch  60, time= 15.5s | Train: skip eval | Valid: time=  2.1s loss=0.231, TAw acc= 96.8% | * lr=2.6e-03
| Epoch  61, time= 13.7s | Train: skip eval | Valid: time=  1.6s loss=0.231, TAw acc= 96.8% | * lr=2.4e-03
| Epoch  62, time= 14.1s | Train: skip eval | Valid: time=  1.6s loss=0.230, TAw acc= 96.8% | * lr=2.3e-03
| Epoch  63, time= 16.3s | Train: skip eval | Valid: time=  2.0s loss=0.229, TAw acc= 96.8% | * lr=2.1e-03
| Epoch  64, time= 17.5s | Train: skip eval | Valid: time=  1.6s loss=0.229, TAw acc= 96.8% | * lr=2.0e-03
| Epoch  65, time= 15.6s | Train: skip eval | Valid: time=  1.8s loss=0.228, TAw acc= 96.8% | * lr=1.9e-03
| Epoch  66, time= 14.2s | Train: skip eval | Valid: time=  1.6s loss=0.227, TAw acc= 96.8% | * lr=1.7e-03
| Epoch  67, time= 15.9s | Train: skip eval | Valid: time=  1.6s loss=0.227, TAw acc= 96.8% | * lr=1.6e-03
| Epoch  68, time= 14.7s | Train: skip eval | Valid: time=  1.9s loss=0.226, TAw acc= 96.8% | * lr=1.5e-03
| Epoch  69, time= 14.9s | Train: skip eval | Valid: time=  1.9s loss=0.226, TAw acc= 96.8% | * lr=1.4e-03
| Epoch  70, time= 16.5s | Train: skip eval | Valid: time=  3.0s loss=0.226, TAw acc= 96.8% | * lr=1.3e-03
| Epoch  71, time= 20.6s | Train: skip eval | Valid: time=  1.6s loss=0.225, TAw acc= 96.8% | * lr=1.1e-03
| Epoch  72, time= 15.4s | Train: skip eval | Valid: time=  2.1s loss=0.225, TAw acc= 96.8% | * lr=1.0e-03
| Epoch  73, time= 17.2s | Train: skip eval | Valid: time=  2.1s loss=0.225, TAw acc= 96.8% | * lr=9.5e-04
| Epoch  74, time= 15.4s | Train: skip eval | Valid: time=  1.6s loss=0.224, TAw acc= 96.8% | * lr=8.5e-04
| Epoch  75, time= 14.7s | Train: skip eval | Valid: time=  1.7s loss=0.224, TAw acc= 96.8% | * lr=7.6e-04
| Epoch  76, time= 14.6s | Train: skip eval | Valid: time=  1.8s loss=0.224, TAw acc= 96.8% | * lr=6.8e-04
| Epoch  77, time= 15.1s | Train: skip eval | Valid: time=  1.8s loss=0.224, TAw acc= 96.8% | * lr=6.0e-04
| Epoch  78, time= 16.0s | Train: skip eval | Valid: time=  1.9s loss=0.224, TAw acc= 96.8% | * lr=5.3e-04
| Epoch  79, time= 16.7s | Train: skip eval | Valid: time=  1.9s loss=0.223, TAw acc= 96.8% | * lr=4.6e-04
| Epoch  80, time= 14.9s | Train: skip eval | Valid: time=  1.8s loss=0.223, TAw acc= 96.8% | * lr=4.0e-04
| Epoch  81, time= 14.7s | Train: skip eval | Valid: time=  1.7s loss=0.223, TAw acc= 96.8% | * lr=3.4e-04
| Epoch  82, time= 15.4s | Train: skip eval | Valid: time=  2.0s loss=0.223, TAw acc= 96.8% | * lr=2.9e-04
| Epoch  83, time= 14.4s | Train: skip eval | Valid: time=  1.6s loss=0.223, TAw acc= 96.8% | * lr=2.5e-04
| Epoch  84, time= 14.7s | Train: skip eval | Valid: time=  1.6s loss=0.223, TAw acc= 96.8% | * lr=2.1e-04
| Epoch  85, time= 14.7s | Train: skip eval | Valid: time=  1.6s loss=0.223, TAw acc= 96.8% | * lr=1.8e-04
| Epoch  86, time= 17.6s | Train: skip eval | Valid: time=  1.8s loss=0.223, TAw acc= 96.8% | * lr=1.5e-04
| Epoch  87, time= 15.1s | Train: skip eval | Valid: time=  1.9s loss=0.223, TAw acc= 96.8% | * lr=1.3e-04
| Epoch  88, time= 14.4s | Train: skip eval | Valid: time=  1.7s loss=0.223, TAw acc= 96.8% | * lr=1.1e-04
| Epoch  89, time= 14.2s | Train: skip eval | Valid: time=  1.7s loss=0.223, TAw acc= 96.8% | * lr=1.0e-04
| Epoch  90, time= 14.6s | Train: skip eval | Valid: time=  1.6s loss=0.223, TAw acc= 96.8% | * lr=1.0e-04
------------------------------------------------------------------------------------------------------------
>>> Test on task  0 : loss=0.358 | TAw acc= 92.2%, forg=  0.0% | TAg acc= 58.9%, forg= 33.3% <<<
>>> Test on task  1 : loss=0.435 | TAw acc= 89.9%, forg=  0.0% | TAg acc= 57.6%, forg= 22.2% <<<
>>> Test on task  2 : loss=0.314 | TAw acc= 92.7%, forg=  0.0% | TAg acc= 63.2%, forg= 22.0% <<<
>>> Test on task  3 : loss=0.458 | TAw acc= 87.6%, forg=  0.0% | TAg acc= 55.0%, forg= 17.4% <<<
>>> Test on task  4 : loss=0.503 | TAw acc= 86.8%, forg=  0.0% | TAg acc= 56.8%, forg= 10.5% <<<
>>> Test on task  5 : loss=0.442 | TAw acc= 88.8%, forg=  0.0% | TAg acc= 61.0%, forg= 13.2% <<<
>>> Test on task  6 : loss=0.379 | TAw acc= 89.6%, forg=  0.0% | TAg acc= 65.8%, forg=  5.4% <<<
>>> Test on task  7 : loss=0.363 | TAw acc= 90.0%, forg=  0.0% | TAg acc= 65.2%, forg=  6.3% <<<
>>> Test on task  8 : loss=0.409 | TAw acc= 89.9%, forg=  0.0% | TAg acc= 59.7%, forg=  3.3% <<<
>>> Test on task  9 : loss=0.384 | TAw acc= 91.2%, forg=  0.0% | TAg acc= 56.7%, forg=  7.8% <<<
>>> Test on task 10 : loss=0.473 | TAw acc= 87.0%, forg=  0.0% | TAg acc= 54.1%, forg=  2.7% <<<
>>> Test on task 11 : loss=0.405 | TAw acc= 91.2%, forg=  0.0% | TAg acc= 61.7%, forg=  2.5% <<<
>>> Test on task 12 : loss=0.336 | TAw acc= 93.4%, forg=  0.0% | TAg acc= 67.1%, forg=  1.9% <<<
>>> Test on task 13 : loss=0.274 | TAw acc= 95.5%, forg=  0.0% | TAg acc= 65.4%, forg=  0.0% <<<
Save at ./results/./results/vit_base_patch16_224.orig_in21k/inat200/freezing/10
************************************************************************************************************
TAw Acc
	 92.2%   0.0%   0.0%   0.0%   0.0%   0.0%   0.0%   0.0%   0.0%   0.0%   0.0%   0.0%   0.0%   0.0%   0.0%   0.0%   0.0%   0.0%   0.0%   0.0% 	Avg.: 92.2% 
	 92.2%  89.9%   0.0%   0.0%   0.0%   0.0%   0.0%   0.0%   0.0%   0.0%   0.0%   0.0%   0.0%   0.0%   0.0%   0.0%   0.0%   0.0%   0.0%   0.0% 	Avg.: 91.0% 
	 92.2%  89.9%  92.7%   0.0%   0.0%   0.0%   0.0%   0.0%   0.0%   0.0%   0.0%   0.0%   0.0%   0.0%   0.0%   0.0%   0.0%   0.0%   0.0%   0.0% 	Avg.: 91.6% 
	 92.2%  89.9%  92.7%  87.6%   0.0%   0.0%   0.0%   0.0%   0.0%   0.0%   0.0%   0.0%   0.0%   0.0%   0.0%   0.0%   0.0%   0.0%   0.0%   0.0% 	Avg.: 90.6% 
	 92.2%  89.9%  92.7%  87.6%  86.8%   0.0%   0.0%   0.0%   0.0%   0.0%   0.0%   0.0%   0.0%   0.0%   0.0%   0.0%   0.0%   0.0%   0.0%   0.0% 	Avg.: 89.8% 
	 92.2%  89.9%  92.7%  87.6%  86.8%  88.8%   0.0%   0.0%   0.0%   0.0%   0.0%   0.0%   0.0%   0.0%   0.0%   0.0%   0.0%   0.0%   0.0%   0.0% 	Avg.: 89.7% 
	 92.2%  89.9%  92.7%  87.6%  86.8%  88.8%  89.6%   0.0%   0.0%   0.0%   0.0%   0.0%   0.0%   0.0%   0.0%   0.0%   0.0%   0.0%   0.0%   0.0% 	Avg.: 89.7% 
	 92.2%  89.9%  92.7%  87.6%  86.8%  88.8%  89.6%  90.0%   0.0%   0.0%   0.0%   0.0%   0.0%   0.0%   0.0%   0.0%   0.0%   0.0%   0.0%   0.0% 	Avg.: 89.7% 
	 92.2%  89.9%  92.7%  87.6%  86.8%  88.8%  89.6%  90.0%  89.9%   0.0%   0.0%   0.0%   0.0%   0.0%   0.0%   0.0%   0.0%   0.0%   0.0%   0.0% 	Avg.: 89.7% 
	 92.2%  89.9%  92.7%  87.6%  86.8%  88.8%  89.6%  90.0%  89.9%  91.2%   0.0%   0.0%   0.0%   0.0%   0.0%   0.0%   0.0%   0.0%   0.0%   0.0% 	Avg.: 89.9% 
	 92.2%  89.9%  92.7%  87.6%  86.8%  88.8%  89.6%  90.0%  89.9%  91.2%  87.0%   0.0%   0.0%   0.0%   0.0%   0.0%   0.0%   0.0%   0.0%   0.0% 	Avg.: 89.6% 
	 92.2%  89.9%  92.7%  87.6%  86.8%  88.8%  89.6%  90.0%  89.9%  91.2%  87.0%  91.2%   0.0%   0.0%   0.0%   0.0%   0.0%   0.0%   0.0%   0.0% 	Avg.: 89.7% 
	 92.2%  89.9%  92.7%  87.6%  86.8%  88.8%  89.6%  90.0%  89.9%  91.2%  87.0%  91.2%  93.4%   0.0%   0.0%   0.0%   0.0%   0.0%   0.0%   0.0% 	Avg.: 90.0% 
	 92.2%  89.9%  92.7%  87.6%  86.8%  88.8%  89.6%  90.0%  89.9%  91.2%  87.0%  91.2%  93.4%  95.5%   0.0%   0.0%   0.0%   0.0%   0.0%   0.0% 	Avg.: 90.4% 
	  0.0%   0.0%   0.0%   0.0%   0.0%   0.0%   0.0%   0.0%   0.0%   0.0%   0.0%   0.0%   0.0%   0.0%   0.0%   0.0%   0.0%   0.0%   0.0%   0.0% 	Avg.:  0.0% 
	  0.0%   0.0%   0.0%   0.0%   0.0%   0.0%   0.0%   0.0%   0.0%   0.0%   0.0%   0.0%   0.0%   0.0%   0.0%   0.0%   0.0%   0.0%   0.0%   0.0% 	Avg.:  0.0% 
	  0.0%   0.0%   0.0%   0.0%   0.0%   0.0%   0.0%   0.0%   0.0%   0.0%   0.0%   0.0%   0.0%   0.0%   0.0%   0.0%   0.0%   0.0%   0.0%   0.0% 	Avg.:  0.0% 
	  0.0%   0.0%   0.0%   0.0%   0.0%   0.0%   0.0%   0.0%   0.0%   0.0%   0.0%   0.0%   0.0%   0.0%   0.0%   0.0%   0.0%   0.0%   0.0%   0.0% 	Avg.:  0.0% 
	  0.0%   0.0%   0.0%   0.0%   0.0%   0.0%   0.0%   0.0%   0.0%   0.0%   0.0%   0.0%   0.0%   0.0%   0.0%   0.0%   0.0%   0.0%   0.0%   0.0% 	Avg.:  0.0% 
	  0.0%   0.0%   0.0%   0.0%   0.0%   0.0%   0.0%   0.0%   0.0%   0.0%   0.0%   0.0%   0.0%   0.0%   0.0%   0.0%   0.0%   0.0%   0.0%   0.0% 	Avg.:  0.0% 
************************************************************************************************************
TAg Acc
	 92.2%   0.0%   0.0%   0.0%   0.0%   0.0%   0.0%   0.0%   0.0%   0.0%   0.0%   0.0%   0.0%   0.0%   0.0%   0.0%   0.0%   0.0%   0.0%   0.0% 	Avg.: 92.2% 
	 87.7%  79.8%   0.0%   0.0%   0.0%   0.0%   0.0%   0.0%   0.0%   0.0%   0.0%   0.0%   0.0%   0.0%   0.0%   0.0%   0.0%   0.0%   0.0%   0.0% 	Avg.: 83.8% 
	 82.5%  77.2%  85.2%   0.0%   0.0%   0.0%   0.0%   0.0%   0.0%   0.0%   0.0%   0.0%   0.0%   0.0%   0.0%   0.0%   0.0%   0.0%   0.0%   0.0% 	Avg.: 81.6% 
	 80.0%  73.0%  83.5%  72.4%   0.0%   0.0%   0.0%   0.0%   0.0%   0.0%   0.0%   0.0%   0.0%   0.0%   0.0%   0.0%   0.0%   0.0%   0.0%   0.0% 	Avg.: 77.2% 
	 77.1%  71.6%  82.3%  69.7%  67.3%   0.0%   0.0%   0.0%   0.0%   0.0%   0.0%   0.0%   0.0%   0.0%   0.0%   0.0%   0.0%   0.0%   0.0%   0.0% 	Avg.: 73.6% 
	 73.1%  70.9%  81.0%  65.2%  65.1%  74.2%   0.0%   0.0%   0.0%   0.0%   0.0%   0.0%   0.0%   0.0%   0.0%   0.0%   0.0%   0.0%   0.0%   0.0% 	Avg.: 71.6% 
	 69.7%  66.7%  70.6%  64.8%  64.9%  72.7%  71.2%   0.0%   0.0%   0.0%   0.0%   0.0%   0.0%   0.0%   0.0%   0.0%   0.0%   0.0%   0.0%   0.0% 	Avg.: 68.7% 
	 68.0%  64.8%  67.5%  63.0%  61.5%  72.0%  69.2%  71.5%   0.0%   0.0%   0.0%   0.0%   0.0%   0.0%   0.0%   0.0%   0.0%   0.0%   0.0%   0.0% 	Avg.: 67.2% 
	 67.7%  61.4%  66.8%  60.7%  59.8%  71.7%  69.0%  70.4%  63.0%   0.0%   0.0%   0.0%   0.0%   0.0%   0.0%   0.0%   0.0%   0.0%   0.0%   0.0% 	Avg.: 65.6% 
	 64.3%  60.8%  65.9%  59.6%  59.3%  70.2%  68.1%  67.5%  62.5%  64.5%   0.0%   0.0%   0.0%   0.0%   0.0%   0.0%   0.0%   0.0%   0.0%   0.0% 	Avg.: 64.3% 
	 61.6%  60.5%  64.9%  58.6%  58.6%  65.9%  67.2%  67.2%  62.1%  64.0%  56.8%   0.0%   0.0%   0.0%   0.0%   0.0%   0.0%   0.0%   0.0%   0.0% 	Avg.: 62.5% 
	 59.8%  59.2%  64.2%  56.8%  57.8%  64.5%  66.9%  66.7%  60.9%  62.5%  55.1%  64.2%   0.0%   0.0%   0.0%   0.0%   0.0%   0.0%   0.0%   0.0% 	Avg.: 61.6% 
	 59.3%  58.9%  63.5%  56.0%  57.5%  63.4%  66.1%  66.1%  59.8%  59.1%  54.4%  62.9%  69.0%   0.0%   0.0%   0.0%   0.0%   0.0%   0.0%   0.0% 	Avg.: 61.2% 
	 58.9%  57.6%  63.2%  55.0%  56.8%  61.0%  65.8%  65.2%  59.7%  56.7%  54.1%  61.7%  67.1%  65.4%   0.0%   0.0%   0.0%   0.0%   0.0%   0.0% 	Avg.: 60.6% 
	  0.0%   0.0%   0.0%   0.0%   0.0%   0.0%   0.0%   0.0%   0.0%   0.0%   0.0%   0.0%   0.0%   0.0%   0.0%   0.0%   0.0%   0.0%   0.0%   0.0% 	Avg.:  0.0% 
	  0.0%   0.0%   0.0%   0.0%   0.0%   0.0%   0.0%   0.0%   0.0%   0.0%   0.0%   0.0%   0.0%   0.0%   0.0%   0.0%   0.0%   0.0%   0.0%   0.0% 	Avg.:  0.0% 
	  0.0%   0.0%   0.0%   0.0%   0.0%   0.0%   0.0%   0.0%   0.0%   0.0%   0.0%   0.0%   0.0%   0.0%   0.0%   0.0%   0.0%   0.0%   0.0%   0.0% 	Avg.:  0.0% 
	  0.0%   0.0%   0.0%   0.0%   0.0%   0.0%   0.0%   0.0%   0.0%   0.0%   0.0%   0.0%   0.0%   0.0%   0.0%   0.0%   0.0%   0.0%   0.0%   0.0% 	Avg.:  0.0% 
	  0.0%   0.0%   0.0%   0.0%   0.0%   0.0%   0.0%   0.0%   0.0%   0.0%   0.0%   0.0%   0.0%   0.0%   0.0%   0.0%   0.0%   0.0%   0.0%   0.0% 	Avg.:  0.0% 
	  0.0%   0.0%   0.0%   0.0%   0.0%   0.0%   0.0%   0.0%   0.0%   0.0%   0.0%   0.0%   0.0%   0.0%   0.0%   0.0%   0.0%   0.0%   0.0%   0.0% 	Avg.:  0.0% 
************************************************************************************************************
TAw Forg
	  0.0%   0.0%   0.0%   0.0%   0.0%   0.0%   0.0%   0.0%   0.0%   0.0%   0.0%   0.0%   0.0%   0.0%   0.0%   0.0%   0.0%   0.0%   0.0%   0.0% 
	  0.0%   0.0%   0.0%   0.0%   0.0%   0.0%   0.0%   0.0%   0.0%   0.0%   0.0%   0.0%   0.0%   0.0%   0.0%   0.0%   0.0%   0.0%   0.0%   0.0% 	Avg.:  0.0% 
	  0.0%   0.0%   0.0%   0.0%   0.0%   0.0%   0.0%   0.0%   0.0%   0.0%   0.0%   0.0%   0.0%   0.0%   0.0%   0.0%   0.0%   0.0%   0.0%   0.0% 	Avg.:  0.0% 
	  0.0%   0.0%   0.0%   0.0%   0.0%   0.0%   0.0%   0.0%   0.0%   0.0%   0.0%   0.0%   0.0%   0.0%   0.0%   0.0%   0.0%   0.0%   0.0%   0.0% 	Avg.:  0.0% 
	  0.0%   0.0%   0.0%   0.0%   0.0%   0.0%   0.0%   0.0%   0.0%   0.0%   0.0%   0.0%   0.0%   0.0%   0.0%   0.0%   0.0%   0.0%   0.0%   0.0% 	Avg.:  0.0% 
	  0.0%   0.0%   0.0%   0.0%   0.0%   0.0%   0.0%   0.0%   0.0%   0.0%   0.0%   0.0%   0.0%   0.0%   0.0%   0.0%   0.0%   0.0%   0.0%   0.0% 	Avg.:  0.0% 
	  0.0%   0.0%   0.0%   0.0%   0.0%   0.0%   0.0%   0.0%   0.0%   0.0%   0.0%   0.0%   0.0%   0.0%   0.0%   0.0%   0.0%   0.0%   0.0%   0.0% 	Avg.:  0.0% 
	  0.0%   0.0%   0.0%   0.0%   0.0%   0.0%   0.0%   0.0%   0.0%   0.0%   0.0%   0.0%   0.0%   0.0%   0.0%   0.0%   0.0%   0.0%   0.0%   0.0% 	Avg.:  0.0% 
	  0.0%   0.0%   0.0%   0.0%   0.0%   0.0%   0.0%   0.0%   0.0%   0.0%   0.0%   0.0%   0.0%   0.0%   0.0%   0.0%   0.0%   0.0%   0.0%   0.0% 	Avg.:  0.0% 
	  0.0%   0.0%   0.0%   0.0%   0.0%   0.0%   0.0%   0.0%   0.0%   0.0%   0.0%   0.0%   0.0%   0.0%   0.0%   0.0%   0.0%   0.0%   0.0%   0.0% 	Avg.:  0.0% 
	  0.0%   0.0%   0.0%   0.0%   0.0%   0.0%   0.0%   0.0%   0.0%   0.0%   0.0%   0.0%   0.0%   0.0%   0.0%   0.0%   0.0%   0.0%   0.0%   0.0% 	Avg.:  0.0% 
	  0.0%   0.0%   0.0%   0.0%   0.0%   0.0%   0.0%   0.0%   0.0%   0.0%   0.0%   0.0%   0.0%   0.0%   0.0%   0.0%   0.0%   0.0%   0.0%   0.0% 	Avg.:  0.0% 
	  0.0%   0.0%   0.0%   0.0%   0.0%   0.0%   0.0%   0.0%   0.0%   0.0%   0.0%   0.0%   0.0%   0.0%   0.0%   0.0%   0.0%   0.0%   0.0%   0.0% 	Avg.:  0.0% 
	  0.0%   0.0%   0.0%   0.0%   0.0%   0.0%   0.0%   0.0%   0.0%   0.0%   0.0%   0.0%   0.0%   0.0%   0.0%   0.0%   0.0%   0.0%   0.0%   0.0% 	Avg.:  0.0% 
	  0.0%   0.0%   0.0%   0.0%   0.0%   0.0%   0.0%   0.0%   0.0%   0.0%   0.0%   0.0%   0.0%   0.0%   0.0%   0.0%   0.0%   0.0%   0.0%   0.0% 	Avg.:  0.0% 
	  0.0%   0.0%   0.0%   0.0%   0.0%   0.0%   0.0%   0.0%   0.0%   0.0%   0.0%   0.0%   0.0%   0.0%   0.0%   0.0%   0.0%   0.0%   0.0%   0.0% 	Avg.:  0.0% 
	  0.0%   0.0%   0.0%   0.0%   0.0%   0.0%   0.0%   0.0%   0.0%   0.0%   0.0%   0.0%   0.0%   0.0%   0.0%   0.0%   0.0%   0.0%   0.0%   0.0% 	Avg.:  0.0% 
	  0.0%   0.0%   0.0%   0.0%   0.0%   0.0%   0.0%   0.0%   0.0%   0.0%   0.0%   0.0%   0.0%   0.0%   0.0%   0.0%   0.0%   0.0%   0.0%   0.0% 	Avg.:  0.0% 
	  0.0%   0.0%   0.0%   0.0%   0.0%   0.0%   0.0%   0.0%   0.0%   0.0%   0.0%   0.0%   0.0%   0.0%   0.0%   0.0%   0.0%   0.0%   0.0%   0.0% 	Avg.:  0.0% 
	  0.0%   0.0%   0.0%   0.0%   0.0%   0.0%   0.0%   0.0%   0.0%   0.0%   0.0%   0.0%   0.0%   0.0%   0.0%   0.0%   0.0%   0.0%   0.0%   0.0% 	Avg.:  0.0% 
************************************************************************************************************
TAg Forg
	  0.0%   0.0%   0.0%   0.0%   0.0%   0.0%   0.0%   0.0%   0.0%   0.0%   0.0%   0.0%   0.0%   0.0%   0.0%   0.0%   0.0%   0.0%   0.0%   0.0% 
	  4.5%   0.0%   0.0%   0.0%   0.0%   0.0%   0.0%   0.0%   0.0%   0.0%   0.0%   0.0%   0.0%   0.0%   0.0%   0.0%   0.0%   0.0%   0.0%   0.0% 	Avg.:  4.5% 
	  9.7%   2.6%   0.0%   0.0%   0.0%   0.0%   0.0%   0.0%   0.0%   0.0%   0.0%   0.0%   0.0%   0.0%   0.0%   0.0%   0.0%   0.0%   0.0%   0.0% 	Avg.:  6.2% 
	 12.2%   6.8%   1.7%   0.0%   0.0%   0.0%   0.0%   0.0%   0.0%   0.0%   0.0%   0.0%   0.0%   0.0%   0.0%   0.0%   0.0%   0.0%   0.0%   0.0% 	Avg.:  6.9% 
	 15.1%   8.2%   2.9%   2.7%   0.0%   0.0%   0.0%   0.0%   0.0%   0.0%   0.0%   0.0%   0.0%   0.0%   0.0%   0.0%   0.0%   0.0%   0.0%   0.0% 	Avg.:  7.2% 
	 19.1%   8.9%   4.2%   7.2%   2.2%   0.0%   0.0%   0.0%   0.0%   0.0%   0.0%   0.0%   0.0%   0.0%   0.0%   0.0%   0.0%   0.0%   0.0%   0.0% 	Avg.:  8.3% 
	 22.5%  13.1%  14.6%   7.6%   2.4%   1.5%   0.0%   0.0%   0.0%   0.0%   0.0%   0.0%   0.0%   0.0%   0.0%   0.0%   0.0%   0.0%   0.0%   0.0% 	Avg.: 10.3% 
	 24.2%  15.0%  17.7%   9.4%   5.8%   2.2%   2.0%   0.0%   0.0%   0.0%   0.0%   0.0%   0.0%   0.0%   0.0%   0.0%   0.0%   0.0%   0.0%   0.0% 	Avg.: 10.9% 
	 24.5%  18.4%  18.4%  11.7%   7.5%   2.5%   2.2%   1.1%   0.0%   0.0%   0.0%   0.0%   0.0%   0.0%   0.0%   0.0%   0.0%   0.0%   0.0%   0.0% 	Avg.: 10.8% 
	 27.9%  19.0%  19.3%  12.8%   8.0%   4.0%   3.1%   4.0%   0.5%   0.0%   0.0%   0.0%   0.0%   0.0%   0.0%   0.0%   0.0%   0.0%   0.0%   0.0% 	Avg.: 11.0% 
	 30.6%  19.3%  20.3%  13.8%   8.7%   8.3%   4.0%   4.3%   0.9%   0.5%   0.0%   0.0%   0.0%   0.0%   0.0%   0.0%   0.0%   0.0%   0.0%   0.0% 	Avg.: 11.1% 
	 32.4%  20.6%  21.0%  15.6%   9.5%   9.7%   4.3%   4.8%   2.1%   2.0%   1.7%   0.0%   0.0%   0.0%   0.0%   0.0%   0.0%   0.0%   0.0%   0.0% 	Avg.: 11.2% 
	 32.9%  20.9%  21.7%  16.4%   9.8%  10.8%   5.1%   5.4%   3.2%   5.4%   2.4%   1.3%   0.0%   0.0%   0.0%   0.0%   0.0%   0.0%   0.0%   0.0% 	Avg.: 11.3% 
	 33.3%  22.2%  22.0%  17.4%  10.5%  13.2%   5.4%   6.3%   3.3%   7.8%   2.7%   2.5%   1.9%   0.0%   0.0%   0.0%   0.0%   0.0%   0.0%   0.0% 	Avg.: 11.4% 
	  0.0%   0.0%   0.0%   0.0%   0.0%   0.0%   0.0%   0.0%   0.0%   0.0%   0.0%   0.0%   0.0%   0.0%   0.0%   0.0%   0.0%   0.0%   0.0%   0.0% 	Avg.:  0.0% 
	  0.0%   0.0%   0.0%   0.0%   0.0%   0.0%   0.0%   0.0%   0.0%   0.0%   0.0%   0.0%   0.0%   0.0%   0.0%   0.0%   0.0%   0.0%   0.0%   0.0% 	Avg.:  0.0% 
	  0.0%   0.0%   0.0%   0.0%   0.0%   0.0%   0.0%   0.0%   0.0%   0.0%   0.0%   0.0%   0.0%   0.0%   0.0%   0.0%   0.0%   0.0%   0.0%   0.0% 	Avg.:  0.0% 
	  0.0%   0.0%   0.0%   0.0%   0.0%   0.0%   0.0%   0.0%   0.0%   0.0%   0.0%   0.0%   0.0%   0.0%   0.0%   0.0%   0.0%   0.0%   0.0%   0.0% 	Avg.:  0.0% 
	  0.0%   0.0%   0.0%   0.0%   0.0%   0.0%   0.0%   0.0%   0.0%   0.0%   0.0%   0.0%   0.0%   0.0%   0.0%   0.0%   0.0%   0.0%   0.0%   0.0% 	Avg.:  0.0% 
	  0.0%   0.0%   0.0%   0.0%   0.0%   0.0%   0.0%   0.0%   0.0%   0.0%   0.0%   0.0%   0.0%   0.0%   0.0%   0.0%   0.0%   0.0%   0.0%   0.0% 	Avg.:  0.0% 
************************************************************************************************************
[Elapsed time = 0.4 h]
Done!
