START_TASK=19 STOP_TASK=20 START_EPOCH=66 STOP_EPOCH=90
============================================================================================================
Arguments =
	all_outputs: False
	approach: joint
	batch_size: 64
	classes_first_task: None
	clipping: 10000
	crop: 224
	data_path: ../data/inat200
	dataset: inat200
	eval_on_train: False
	experiment_path: None
	fix_bn: False
	freeze_backbone: False
	gpu: 0
	gpus: [0]
	increment: 10
	last_layer_analysis: False
	log: ['disk']
	lr: 0.01
	lr_factor: None
	lr_min: 0.0001
	lr_patience: None
	lr_scheduler: cosine
	lr_warmup_epochs: 0
	momentum: 0.0
	multi_softmax: False
	nepochs: 90
	network: resnet50.a1_in1k
	no_cudnn_deterministic: False
	normalize: in1k
	num_workers: 2
	optimizer_name: sgd
	pin_memory: False
	pretrained: True
	resize: 224
	results_path: ./results
	save_models: True
	seed: 0
	start_at_task: 19
	start_epoch: 66
	stop_at_task: 20
	stop_epoch: 90
	use_valid_only: False
	warmup_lr_factor: 1.0
	warmup_nepochs: 0
	weight_decay: 0.0
============================================================================================================
Approach arguments =
============================================================================================================
Exemplars arguments =
============================================================================================================
WARNING: ./results/resnet50.a1_in1k/inat200/joint/10 already exists!
Loaded acc_taw from: ./results/resnet50.a1_in1k/inat200/joint/10/acc_taw-18.txt
Loaded acc_tag from: ./results/resnet50.a1_in1k/inat200/joint/10/acc_tag-18.txt
Loaded forg_taw from: ./results/resnet50.a1_in1k/inat200/joint/10/forg_taw-18.txt
Loaded forg_tag from: ./results/resnet50.a1_in1k/inat200/joint/10/forg_tag-18.txt
[joint] Loaded accumulated datasets up to task 19 from ./results/resnet50.a1_in1k/inat200/joint/10/joint_progress
************************************************************************************************************
Task 19  [epochs 66-90]
************************************************************************************************************
[params] total:23,917,832  trainable:23,917,832  tensors:199  trainable_tensors:199
| Epoch  67, time=270.7s | Train: skip eval | Valid: time= 29.5s loss=1.355, TAw acc= 92.2% | lr=1.6e-03
| Epoch  68, time=276.3s | Train: skip eval | Valid: time= 27.4s loss=1.331, TAw acc= 92.2% | lr=1.5e-03
| Epoch  69, time=268.1s | Train: skip eval | Valid: time= 27.1s loss=1.308, TAw acc= 92.4% | lr=1.4e-03
| Epoch  70, time=263.4s | Train: skip eval | Valid: time= 26.7s loss=1.309, TAw acc= 92.3% | lr=1.3e-03
| Epoch  71, time=274.8s | Train: skip eval | Valid: time= 27.3s loss=1.301, TAw acc= 92.5% | lr=1.1e-03
| Epoch  72, time=294.7s | Train: skip eval | Valid: time= 26.5s loss=1.292, TAw acc= 92.4% | lr=1.0e-03
| Epoch  73, time=280.4s | Train: skip eval | Valid: time= 30.8s loss=1.294, TAw acc= 92.3% | lr=9.5e-04
| Epoch  74, time=263.3s | Train: skip eval | Valid: time= 26.6s loss=1.287, TAw acc= 92.4% | lr=8.5e-04
| Epoch  75, time=270.3s | Train: skip eval | Valid: time= 26.1s loss=1.293, TAw acc= 92.3% | lr=7.6e-04
| Epoch  76, time=264.2s | Train: skip eval | Valid: time= 27.2s loss=1.282, TAw acc= 92.4% | lr=6.8e-04
| Epoch  77, time=273.3s | Train: skip eval | Valid: time= 26.0s loss=1.277, TAw acc= 92.5% | lr=6.0e-04
| Epoch  78, time=273.0s | Train: skip eval | Valid: time= 26.0s loss=1.282, TAw acc= 92.3% | lr=5.3e-04
| Epoch  79, time=269.5s | Train: skip eval | Valid: time= 26.5s loss=1.282, TAw acc= 92.3% | lr=4.6e-04
| Epoch  80, time=264.5s | Train: skip eval | Valid: time= 25.7s loss=1.269, TAw acc= 92.4% | lr=4.0e-04
| Epoch  81, time=268.6s | Train: skip eval | Valid: time= 25.0s loss=1.274, TAw acc= 92.5% | lr=3.4e-04
| Epoch  82, time=268.0s | Train: skip eval | Valid: time= 29.9s loss=1.270, TAw acc= 92.4% | lr=2.9e-04
| Epoch  83, time=279.4s | Train: skip eval | Valid: time= 26.3s loss=1.275, TAw acc= 92.4% | lr=2.5e-04
| Epoch  84, time=263.9s | Train: skip eval | Valid: time= 25.2s loss=1.280, TAw acc= 92.3% | lr=2.1e-04
| Epoch  85, time=268.7s | Train: skip eval | Valid: time= 26.4s loss=1.278, TAw acc= 92.4% | lr=1.8e-04
| Epoch  86, time=267.0s | Train: skip eval | Valid: time= 25.0s loss=1.272, TAw acc= 92.5% | lr=1.5e-04
| Epoch  87, time=273.7s | Train: skip eval | Valid: time= 25.5s loss=1.289, TAw acc= 92.2% | lr=1.3e-04
| Epoch  88, time=275.0s | Train: skip eval | Valid: time= 27.2s loss=1.268, TAw acc= 92.4% | lr=1.1e-04
| Epoch  89, time=268.4s | Train: skip eval | Valid: time= 27.8s loss=1.272, TAw acc= 92.4% | lr=1.0e-04
| Epoch  90, time=265.3s | Train: skip eval | Valid: time= 25.8s loss=1.269, TAw acc= 92.4% | lr=1.0e-04
------------------------------------------------------------------------------------------------------------
>>> Test on task  0 : loss=1.285 | TAw acc= 94.1%, forg=  0.1% | TAg acc= 72.5%, forg=  8.8% <<<
>>> Test on task  1 : loss=1.474 | TAw acc= 93.4%, forg= -0.1% | TAg acc= 64.0%, forg= 14.3% <<<
>>> Test on task  2 : loss=1.111 | TAw acc= 94.7%, forg= -0.1% | TAg acc= 74.6%, forg=  6.6% <<<
>>> Test on task  3 : loss=1.354 | TAw acc= 92.3%, forg=  0.1% | TAg acc= 67.0%, forg=  9.2% <<<
>>> Test on task  4 : loss=1.538 | TAw acc= 92.9%, forg= -0.5% | TAg acc= 64.7%, forg=  9.1% <<<
>>> Test on task  5 : loss=1.578 | TAw acc= 90.4%, forg=  0.5% | TAg acc= 62.9%, forg= 10.3% <<<
>>> Test on task  6 : loss=0.899 | TAw acc= 95.2%, forg=  0.0% | TAg acc= 77.6%, forg=  0.9% <<<
>>> Test on task  7 : loss=1.297 | TAw acc= 92.6%, forg=  0.0% | TAg acc= 69.2%, forg=  4.2% <<<
>>> Test on task  8 : loss=1.088 | TAw acc= 92.4%, forg=  0.7% | TAg acc= 74.7%, forg=  1.8% <<<
>>> Test on task  9 : loss=1.209 | TAw acc= 94.4%, forg=  0.7% | TAg acc= 68.4%, forg=  6.8% <<<
>>> Test on task 10 : loss=1.192 | TAw acc= 90.4%, forg=  1.0% | TAg acc= 68.2%, forg=  3.3% <<<
>>> Test on task 11 : loss=1.337 | TAw acc= 93.7%, forg= -0.2% | TAg acc= 65.9%, forg=  5.2% <<<
>>> Test on task 12 : loss=1.150 | TAw acc= 93.7%, forg=  0.1% | TAg acc= 71.2%, forg=  3.7% <<<
>>> Test on task 13 : loss=0.872 | TAw acc= 96.6%, forg=  0.5% | TAg acc= 75.9%, forg=  1.7% <<<
>>> Test on task 14 : loss=1.043 | TAw acc= 95.6%, forg=  0.5% | TAg acc= 72.0%, forg= -0.2% <<<
>>> Test on task 15 : loss=1.084 | TAw acc= 92.5%, forg=  0.3% | TAg acc= 69.6%, forg= -0.1% <<<
>>> Test on task 16 : loss=1.437 | TAw acc= 85.0%, forg= -0.4% | TAg acc= 60.6%, forg= -2.0% <<<
>>> Test on task 17 : loss=1.181 | TAw acc= 93.0%, forg= -0.4% | TAg acc= 68.9%, forg= -1.0% <<<
>>> Test on task 18 : loss=1.396 | TAw acc= 89.9%, forg= -0.7% | TAg acc= 60.6%, forg= -3.5% <<<
>>> Test on task 19 : loss=1.270 | TAw acc= 91.9%, forg=  0.0% | TAg acc= 64.4%, forg=  0.0% <<<
Save at ./results/./results/resnet50.a1_in1k/inat200/joint/10
[joint] Saved accumulated datasets up to task 19 → ./results/resnet50.a1_in1k/inat200/joint/10/joint_progress
************************************************************************************************************
TAw Acc
	 81.3%   0.0%   0.0%   0.0%   0.0%   0.0%   0.0%   0.0%   0.0%   0.0%   0.0%   0.0%   0.0%   0.0%   0.0%   0.0%   0.0%   0.0%   0.0%   0.0% 	Avg.: 81.3% 
	 87.2%  84.0%   0.0%   0.0%   0.0%   0.0%   0.0%   0.0%   0.0%   0.0%   0.0%   0.0%   0.0%   0.0%   0.0%   0.0%   0.0%   0.0%   0.0%   0.0% 	Avg.: 85.6% 
	 90.1%  86.6%  88.8%   0.0%   0.0%   0.0%   0.0%   0.0%   0.0%   0.0%   0.0%   0.0%   0.0%   0.0%   0.0%   0.0%   0.0%   0.0%   0.0%   0.0% 	Avg.: 88.5% 
	 92.1%  89.5%  91.1%  86.6%   0.0%   0.0%   0.0%   0.0%   0.0%   0.0%   0.0%   0.0%   0.0%   0.0%   0.0%   0.0%   0.0%   0.0%   0.0%   0.0% 	Avg.: 89.8% 
	 92.1%  90.2%  92.2%  88.5%  88.6%   0.0%   0.0%   0.0%   0.0%   0.0%   0.0%   0.0%   0.0%   0.0%   0.0%   0.0%   0.0%   0.0%   0.0%   0.0% 	Avg.: 90.3% 
	 92.5%  90.2%  93.2%  89.8%  90.2%  87.9%   0.0%   0.0%   0.0%   0.0%   0.0%   0.0%   0.0%   0.0%   0.0%   0.0%   0.0%   0.0%   0.0%   0.0% 	Avg.: 90.6% 
	 93.4%  91.4%  93.2%  90.4%  90.7%  88.6%  92.9%   0.0%   0.0%   0.0%   0.0%   0.0%   0.0%   0.0%   0.0%   0.0%   0.0%   0.0%   0.0%   0.0% 	Avg.: 91.5% 
	 94.0%  91.7%  93.5%  91.2%  90.8%  89.6%  93.5%  91.1%   0.0%   0.0%   0.0%   0.0%   0.0%   0.0%   0.0%   0.0%   0.0%   0.0%   0.0%   0.0% 	Avg.: 91.9% 
	 94.2%  92.1%  93.9%  90.9%  91.2%  90.1%  94.1%  91.9%  90.8%   0.0%   0.0%   0.0%   0.0%   0.0%   0.0%   0.0%   0.0%   0.0%   0.0%   0.0% 	Avg.: 92.1% 
	 94.2%  92.3%  94.5%  91.0%  91.6%  89.9%  94.6%  91.6%  91.7%  92.7%   0.0%   0.0%   0.0%   0.0%   0.0%   0.0%   0.0%   0.0%   0.0%   0.0% 	Avg.: 92.4% 
	 94.1%  92.7%  94.6%  92.2%  91.5%  90.7%  94.1%  92.2%  92.3%  93.5%  89.1%   0.0%   0.0%   0.0%   0.0%   0.0%   0.0%   0.0%   0.0%   0.0% 	Avg.: 92.5% 
	 94.2%  92.5%  94.3%  91.4%  92.3%  90.8%  94.5%  92.3%  92.1%  94.4%  89.0%  91.4%   0.0%   0.0%   0.0%   0.0%   0.0%   0.0%   0.0%   0.0% 	Avg.: 92.4% 
	 94.1%  92.8%  94.2%  92.4%  91.9%  90.5%  94.7%  92.1%  92.0%  94.2%  90.0%  92.4%  93.0%   0.0%   0.0%   0.0%   0.0%   0.0%   0.0%   0.0% 	Avg.: 92.6% 
	 94.1%  93.0%  94.2%  91.8%  92.1%  90.9%  94.8%  92.5%  92.0%  94.5%  90.0%  92.7%  93.5%  96.9%   0.0%   0.0%   0.0%   0.0%   0.0%   0.0% 	Avg.: 93.1% 
	 94.1%  92.9%  93.9%  92.3%  91.9%  90.3%  95.2%  92.1%  92.6%  94.7%  90.5%  92.5%  93.8%  96.5%  95.2%   0.0%   0.0%   0.0%   0.0%   0.0% 	Avg.: 93.2% 
	 93.9%  92.8%  94.6%  92.4%  92.1%  90.2%  94.5%  92.2%  92.5%  94.9%  90.3%  92.9%  93.6%  96.9%  96.1%  91.4%   0.0%   0.0%   0.0%   0.0% 	Avg.: 93.2% 
	 94.1%  93.0%  94.2%  91.9%  92.3%  90.3%  94.7%  92.4%  91.9%  95.1%  90.6%  92.9%  93.6%  97.0%  95.8%  92.5%  81.2%   0.0%   0.0%   0.0% 	Avg.: 92.6% 
	 94.2%  93.3%  94.3%  92.1%  92.0%  90.6%  94.7%  92.6%  92.6%  94.8%  90.8%  93.1%  93.4%  96.9%  95.9%  92.8%  83.3%  92.6%   0.0%   0.0% 	Avg.: 92.8% 
	 94.0%  93.3%  94.3%  91.7%  92.4%  90.5%  95.1%  92.6%  93.1%  94.3%  91.4%  93.5%  93.5%  97.1%  95.9%  92.4%  84.6%  92.3%  89.2%   0.0% 	Avg.: 92.7% 
	 94.1%  93.4%  94.7%  92.3%  92.9%  90.4%  95.2%  92.6%  92.4%  94.4%  90.4%  93.7%  93.7%  96.6%  95.6%  92.5%  85.0%  93.0%  89.9%  91.9% 	Avg.: 92.7% 
************************************************************************************************************
TAg Acc
	 81.3%   0.0%   0.0%   0.0%   0.0%   0.0%   0.0%   0.0%   0.0%   0.0%   0.0%   0.0%   0.0%   0.0%   0.0%   0.0%   0.0%   0.0%   0.0%   0.0% 	Avg.: 81.3% 
	 80.2%  73.9%   0.0%   0.0%   0.0%   0.0%   0.0%   0.0%   0.0%   0.0%   0.0%   0.0%   0.0%   0.0%   0.0%   0.0%   0.0%   0.0%   0.0%   0.0% 	Avg.: 77.1% 
	 79.4%  77.1%  78.2%   0.0%   0.0%   0.0%   0.0%   0.0%   0.0%   0.0%   0.0%   0.0%   0.0%   0.0%   0.0%   0.0%   0.0%   0.0%   0.0%   0.0% 	Avg.: 78.2% 
	 80.0%  78.3%  81.2%  75.0%   0.0%   0.0%   0.0%   0.0%   0.0%   0.0%   0.0%   0.0%   0.0%   0.0%   0.0%   0.0%   0.0%   0.0%   0.0%   0.0% 	Avg.: 78.6% 
	 77.2%  77.5%  78.9%  75.4%  72.3%   0.0%   0.0%   0.0%   0.0%   0.0%   0.0%   0.0%   0.0%   0.0%   0.0%   0.0%   0.0%   0.0%   0.0%   0.0% 	Avg.: 76.3% 
	 75.0%  77.3%  79.6%  75.2%  73.1%  69.0%   0.0%   0.0%   0.0%   0.0%   0.0%   0.0%   0.0%   0.0%   0.0%   0.0%   0.0%   0.0%   0.0%   0.0% 	Avg.: 74.9% 
	 73.6%  76.1%  80.0%  76.2%  73.8%  70.7%  76.5%   0.0%   0.0%   0.0%   0.0%   0.0%   0.0%   0.0%   0.0%   0.0%   0.0%   0.0%   0.0%   0.0% 	Avg.: 75.3% 
	 75.0%  75.4%  79.2%  74.8%  71.8%  71.9%  76.1%  72.2%   0.0%   0.0%   0.0%   0.0%   0.0%   0.0%   0.0%   0.0%   0.0%   0.0%   0.0%   0.0% 	Avg.: 74.5% 
	 75.9%  71.8%  78.0%  74.4%  71.2%  73.2%  77.3%  72.3%  75.6%   0.0%   0.0%   0.0%   0.0%   0.0%   0.0%   0.0%   0.0%   0.0%   0.0%   0.0% 	Avg.: 74.4% 
	 75.7%  70.5%  78.1%  73.0%  71.7%  71.6%  78.0%  73.1%  75.8%  72.5%   0.0%   0.0%   0.0%   0.0%   0.0%   0.0%   0.0%   0.0%   0.0%   0.0% 	Avg.: 74.0% 
	 75.4%  69.1%  76.3%  75.3%  69.8%  69.5%  77.2%  73.4%  76.3%  74.1%  68.4%   0.0%   0.0%   0.0%   0.0%   0.0%   0.0%   0.0%   0.0%   0.0% 	Avg.: 73.2% 
	 74.9%  68.9%  76.6%  72.9%  70.4%  69.0%  78.2%  73.0%  76.5%  75.2%  69.3%  66.7%   0.0%   0.0%   0.0%   0.0%   0.0%   0.0%   0.0%   0.0% 	Avg.: 72.6% 
	 74.3%  69.1%  76.5%  71.1%  68.4%  67.7%  78.1%  72.5%  75.8%  72.7%  70.9%  70.2%  73.3%   0.0%   0.0%   0.0%   0.0%   0.0%   0.0%   0.0% 	Avg.: 72.4% 
	 75.3%  67.8%  75.9%  70.4%  67.2%  69.6%  78.2%  70.5%  75.7%  71.4%  70.0%  69.9%  73.9%  74.1%   0.0%   0.0%   0.0%   0.0%   0.0%   0.0% 	Avg.: 72.1% 
	 72.8%  70.1%  74.6%  69.6%  68.6%  68.9%  76.0%  72.0%  76.3%  70.6%  71.5%  71.1%  74.9%  75.9%  70.0%   0.0%   0.0%   0.0%   0.0%   0.0% 	Avg.: 72.2% 
	 74.0%  65.9%  74.5%  68.4%  65.7%  68.2%  78.5%  70.7%  75.6%  68.0%  70.5%  70.5%  74.5%  77.6%  70.4%  66.6%   0.0%   0.0%   0.0%   0.0% 	Avg.: 71.2% 
	 72.5%  65.3%  74.8%  68.5%  65.9%  66.7%  76.9%  71.8%  75.3%  69.4%  70.1%  70.2%  74.2%  75.8%  70.1%  69.2%  51.5%   0.0%   0.0%   0.0% 	Avg.: 69.9% 
	 73.4%  66.5%  75.3%  68.3%  65.9%  66.3%  77.4%  69.5%  74.7%  69.1%  68.9%  69.8%  73.2%  76.0%  71.1%  67.4%  56.4%  65.9%   0.0%   0.0% 	Avg.: 69.7% 
	 72.1%  65.6%  74.8%  66.5%  67.5%  63.8%  76.5%  69.5%  76.1%  68.1%  69.2%  66.4%  71.9%  77.0%  71.8%  69.5%  58.6%  67.9%  57.1%   0.0% 	Avg.: 68.9% 
	 72.5%  64.0%  74.6%  67.0%  64.7%  62.9%  77.6%  69.2%  74.7%  68.4%  68.2%  65.9%  71.2%  75.9%  72.0%  69.6%  60.6%  68.9%  60.6%  64.4% 	Avg.: 68.6% 
************************************************************************************************************
TAw Forg
	  0.0%   0.0%   0.0%   0.0%   0.0%   0.0%   0.0%   0.0%   0.0%   0.0%   0.0%   0.0%   0.0%   0.0%   0.0%   0.0%   0.0%   0.0%   0.0%   0.0% 
	 -5.9%   0.0%   0.0%   0.0%   0.0%   0.0%   0.0%   0.0%   0.0%   0.0%   0.0%   0.0%   0.0%   0.0%   0.0%   0.0%   0.0%   0.0%   0.0%   0.0% 	Avg.: -5.9% 
	 -2.9%  -2.6%   0.0%   0.0%   0.0%   0.0%   0.0%   0.0%   0.0%   0.0%   0.0%   0.0%   0.0%   0.0%   0.0%   0.0%   0.0%   0.0%   0.0%   0.0% 	Avg.: -2.8% 
	 -2.0%  -2.9%  -2.3%   0.0%   0.0%   0.0%   0.0%   0.0%   0.0%   0.0%   0.0%   0.0%   0.0%   0.0%   0.0%   0.0%   0.0%   0.0%   0.0%   0.0% 	Avg.: -2.4% 
	  0.0%  -0.7%  -1.1%  -1.9%   0.0%   0.0%   0.0%   0.0%   0.0%   0.0%   0.0%   0.0%   0.0%   0.0%   0.0%   0.0%   0.0%   0.0%   0.0%   0.0% 	Avg.: -0.9% 
	 -0.4%   0.0%  -1.0%  -1.3%  -1.6%   0.0%   0.0%   0.0%   0.0%   0.0%   0.0%   0.0%   0.0%   0.0%   0.0%   0.0%   0.0%   0.0%   0.0%   0.0% 	Avg.: -0.9% 
	 -0.9%  -1.2%   0.0%  -0.6%  -0.5%  -0.7%   0.0%   0.0%   0.0%   0.0%   0.0%   0.0%   0.0%   0.0%   0.0%   0.0%   0.0%   0.0%   0.0%   0.0% 	Avg.: -0.6% 
	 -0.6%  -0.3%  -0.3%  -0.8%  -0.1%  -1.0%  -0.6%   0.0%   0.0%   0.0%   0.0%   0.0%   0.0%   0.0%   0.0%   0.0%   0.0%   0.0%   0.0%   0.0% 	Avg.: -0.5% 
	 -0.2%  -0.4%  -0.4%   0.3%  -0.4%  -0.5%  -0.6%  -0.8%   0.0%   0.0%   0.0%   0.0%   0.0%   0.0%   0.0%   0.0%   0.0%   0.0%   0.0%   0.0% 	Avg.: -0.4% 
	  0.0%  -0.2%  -0.6%   0.2%  -0.4%   0.2%  -0.5%   0.3%  -0.9%   0.0%   0.0%   0.0%   0.0%   0.0%   0.0%   0.0%   0.0%   0.0%   0.0%   0.0% 	Avg.: -0.2% 
	  0.1%  -0.4%  -0.1%  -1.0%   0.1%  -0.6%   0.5%  -0.3%  -0.6%  -0.8%   0.0%   0.0%   0.0%   0.0%   0.0%   0.0%   0.0%   0.0%   0.0%   0.0% 	Avg.: -0.3% 
	  0.0%   0.2%   0.3%   0.8%  -0.7%  -0.1%   0.1%  -0.1%   0.2%  -0.9%   0.1%   0.0%   0.0%   0.0%   0.0%   0.0%   0.0%   0.0%   0.0%   0.0% 	Avg.: -0.0% 
	  0.1%  -0.1%   0.4%  -0.2%   0.4%   0.3%  -0.1%   0.2%   0.3%   0.2%  -0.9%  -1.0%   0.0%   0.0%   0.0%   0.0%   0.0%   0.0%   0.0%   0.0% 	Avg.: -0.0% 
	  0.1%  -0.2%   0.4%   0.6%   0.2%  -0.1%  -0.1%  -0.2%   0.3%  -0.1%   0.0%  -0.3%  -0.5%   0.0%   0.0%   0.0%   0.0%   0.0%   0.0%   0.0% 	Avg.:  0.0% 
	  0.1%   0.1%   0.7%   0.1%   0.4%   0.6%  -0.4%   0.4%  -0.3%  -0.2%  -0.5%   0.2%  -0.3%   0.4%   0.0%   0.0%   0.0%   0.0%   0.0%   0.0% 	Avg.:  0.1% 
	  0.3%   0.2%   0.0%   0.0%   0.2%   0.7%   0.7%   0.3%   0.1%  -0.2%   0.2%  -0.2%   0.2%   0.0%  -0.9%   0.0%   0.0%   0.0%   0.0%   0.0% 	Avg.:  0.1% 
	  0.1%   0.0%   0.4%   0.5%   0.0%   0.6%   0.5%   0.1%   0.7%  -0.2%  -0.1%   0.0%   0.2%  -0.1%   0.3%  -1.1%   0.0%   0.0%   0.0%   0.0% 	Avg.:  0.1% 
	  0.0%  -0.3%   0.3%   0.3%   0.3%   0.3%   0.5%  -0.1%   0.0%   0.3%  -0.2%  -0.2%   0.4%   0.1%   0.2%  -0.3%  -2.1%   0.0%   0.0%   0.0% 	Avg.: -0.0% 
	  0.2%   0.0%   0.3%   0.7%  -0.1%   0.4%   0.1%   0.0%  -0.5%   0.8%  -0.6%  -0.4%   0.3%  -0.1%   0.2%   0.4%  -1.3%   0.3%   0.0%   0.0% 	Avg.:  0.0% 
	  0.1%  -0.1%  -0.1%   0.1%  -0.5%   0.5%   0.0%   0.0%   0.7%   0.7%   1.0%  -0.2%   0.1%   0.5%   0.5%   0.3%  -0.4%  -0.4%  -0.7%   0.0% 	Avg.:  0.1% 
************************************************************************************************************
TAg Forg
	  0.0%   0.0%   0.0%   0.0%   0.0%   0.0%   0.0%   0.0%   0.0%   0.0%   0.0%   0.0%   0.0%   0.0%   0.0%   0.0%   0.0%   0.0%   0.0%   0.0% 
	  1.1%   0.0%   0.0%   0.0%   0.0%   0.0%   0.0%   0.0%   0.0%   0.0%   0.0%   0.0%   0.0%   0.0%   0.0%   0.0%   0.0%   0.0%   0.0%   0.0% 	Avg.:  1.1% 
	  1.9%  -3.2%   0.0%   0.0%   0.0%   0.0%   0.0%   0.0%   0.0%   0.0%   0.0%   0.0%   0.0%   0.0%   0.0%   0.0%   0.0%   0.0%   0.0%   0.0% 	Avg.: -0.7% 
	  1.3%  -1.2%  -3.0%   0.0%   0.0%   0.0%   0.0%   0.0%   0.0%   0.0%   0.0%   0.0%   0.0%   0.0%   0.0%   0.0%   0.0%   0.0%   0.0%   0.0% 	Avg.: -1.0% 
	  4.1%   0.8%   2.3%  -0.4%   0.0%   0.0%   0.0%   0.0%   0.0%   0.0%   0.0%   0.0%   0.0%   0.0%   0.0%   0.0%   0.0%   0.0%   0.0%   0.0% 	Avg.:  1.7% 
	  6.3%   1.0%   1.6%   0.2%  -0.8%   0.0%   0.0%   0.0%   0.0%   0.0%   0.0%   0.0%   0.0%   0.0%   0.0%   0.0%   0.0%   0.0%   0.0%   0.0% 	Avg.:  1.7% 
	  7.7%   2.2%   1.2%  -0.8%  -0.7%  -1.7%   0.0%   0.0%   0.0%   0.0%   0.0%   0.0%   0.0%   0.0%   0.0%   0.0%   0.0%   0.0%   0.0%   0.0% 	Avg.:  1.3% 
	  6.3%   2.9%   2.0%   1.4%   2.0%  -1.2%   0.4%   0.0%   0.0%   0.0%   0.0%   0.0%   0.0%   0.0%   0.0%   0.0%   0.0%   0.0%   0.0%   0.0% 	Avg.:  2.0% 
	  5.4%   6.5%   3.2%   1.8%   2.6%  -1.3%  -0.8%  -0.1%   0.0%   0.0%   0.0%   0.0%   0.0%   0.0%   0.0%   0.0%   0.0%   0.0%   0.0%   0.0% 	Avg.:  2.2% 
	  5.6%   7.8%   3.1%   3.2%   2.1%   1.6%  -0.7%  -0.8%  -0.2%   0.0%   0.0%   0.0%   0.0%   0.0%   0.0%   0.0%   0.0%   0.0%   0.0%   0.0% 	Avg.:  2.4% 
	  5.9%   9.2%   4.9%   0.9%   4.0%   3.7%   0.8%  -0.3%  -0.5%  -1.6%   0.0%   0.0%   0.0%   0.0%   0.0%   0.0%   0.0%   0.0%   0.0%   0.0% 	Avg.:  2.7% 
	  6.4%   9.4%   4.6%   3.3%   3.4%   4.2%  -0.2%   0.4%  -0.2%  -1.1%  -0.9%   0.0%   0.0%   0.0%   0.0%   0.0%   0.0%   0.0%   0.0%   0.0% 	Avg.:  2.7% 
	  7.0%   9.2%   4.7%   5.1%   5.4%   5.5%   0.1%   0.9%   0.7%   2.5%  -1.6%  -3.5%   0.0%   0.0%   0.0%   0.0%   0.0%   0.0%   0.0%   0.0% 	Avg.:  3.0% 
	  6.0%  10.5%   5.3%   5.8%   6.6%   3.6%   0.0%   2.9%   0.8%   3.8%   0.9%   0.3%  -0.6%   0.0%   0.0%   0.0%   0.0%   0.0%   0.0%   0.0% 	Avg.:  3.5% 
	  8.5%   8.2%   6.6%   6.6%   5.2%   4.3%   2.2%   1.4%   0.2%   4.6%  -0.6%  -0.9%  -1.0%  -1.8%   0.0%   0.0%   0.0%   0.0%   0.0%   0.0% 	Avg.:  3.1% 
	  7.3%  12.4%   6.7%   7.8%   8.1%   5.0%  -0.3%   2.7%   0.9%   7.2%   1.0%   0.6%   0.4%  -1.7%  -0.4%   0.0%   0.0%   0.0%   0.0%   0.0% 	Avg.:  3.8% 
	  8.8%  13.0%   6.4%   7.7%   7.9%   6.5%   1.6%   1.6%   1.2%   5.8%   1.4%   0.9%   0.7%   1.8%   0.3%  -2.6%   0.0%   0.0%   0.0%   0.0% 	Avg.:  3.9% 
	  7.9%  11.8%   5.9%   7.9%   7.9%   6.9%   1.1%   3.9%   1.8%   6.1%   2.6%   1.3%   1.7%   1.6%  -0.7%   1.8%  -4.9%   0.0%   0.0%   0.0% 	Avg.:  3.8% 
	  9.2%  12.7%   6.4%   9.7%   6.3%   9.4%   2.0%   3.9%   0.4%   7.1%   2.3%   4.7%   3.0%   0.6%  -0.7%  -0.3%  -2.2%  -2.0%   0.0%   0.0% 	Avg.:  4.0% 
	  8.8%  14.3%   6.6%   9.2%   9.1%  10.3%   0.9%   4.2%   1.8%   6.8%   3.3%   5.2%   3.7%   1.7%  -0.2%  -0.1%  -2.0%  -1.0%  -3.5%   0.0% 	Avg.:  4.2% 
************************************************************************************************************
[Elapsed time = 2.0 h]
Done!
