START_TASK=11 STOP_TASK=12 START_EPOCH=45 STOP_EPOCH=90
============================================================================================================
Arguments =
	all_outputs: False
	approach: joint
	batch_size: 64
	classes_first_task: None
	clipping: 10000
	crop: 224
	data_path: ../data/inat200
	dataset: inat200
	eval_on_train: False
	experiment_path: None
	fix_bn: False
	freeze_backbone: False
	gpu: 0
	gpus: [0]
	increment: 10
	last_layer_analysis: False
	log: ['disk']
	lr: 0.01
	lr_factor: None
	lr_min: 0.0001
	lr_patience: None
	lr_scheduler: cosine
	lr_warmup_epochs: 0
	momentum: 0.0
	multi_softmax: False
	nepochs: 90
	network: resnet50.a1_in1k
	no_cudnn_deterministic: False
	normalize: in1k
	num_workers: 2
	optimizer_name: sgd
	pin_memory: False
	pretrained: True
	resize: 224
	results_path: ./results
	save_models: True
	seed: 0
	start_at_task: 11
	start_epoch: 45
	stop_at_task: 12
	stop_epoch: 90
	use_valid_only: False
	warmup_lr_factor: 1.0
	warmup_nepochs: 0
	weight_decay: 0.0
============================================================================================================
Approach arguments =
============================================================================================================
Exemplars arguments =
============================================================================================================
WARNING: ./results/resnet50.a1_in1k/inat200/joint/10 already exists!
Loaded acc_taw from: ./results/resnet50.a1_in1k/inat200/joint/10/acc_taw-10.txt
Loaded acc_tag from: ./results/resnet50.a1_in1k/inat200/joint/10/acc_tag-10.txt
Loaded forg_taw from: ./results/resnet50.a1_in1k/inat200/joint/10/forg_taw-10.txt
Loaded forg_tag from: ./results/resnet50.a1_in1k/inat200/joint/10/forg_tag-10.txt
[joint] Loaded accumulated datasets up to task 11 from ./results/resnet50.a1_in1k/inat200/joint/10/joint_progress
************************************************************************************************************
Task 11  [epochs 45-90]
************************************************************************************************************
[params] total:23,753,912  trainable:23,753,912  tensors:183  trainable_tensors:183
| Epoch  46, time=165.3s | Train: skip eval | Valid: time= 16.1s loss=1.205, TAw acc= 91.2% | lr=4.9e-03
| Epoch  47, time=166.7s | Train: skip eval | Valid: time= 16.5s loss=1.141, TAw acc= 91.9% | lr=4.7e-03
| Epoch  48, time=164.7s | Train: skip eval | Valid: time= 16.1s loss=1.110, TAw acc= 91.8% | lr=4.5e-03
| Epoch  49, time=165.6s | Train: skip eval | Valid: time= 16.3s loss=1.093, TAw acc= 91.9% | lr=4.4e-03
| Epoch  50, time=161.5s | Train: skip eval | Valid: time= 17.3s loss=1.076, TAw acc= 92.0% | lr=4.2e-03
| Epoch  51, time=161.8s | Train: skip eval | Valid: time= 17.0s loss=1.067, TAw acc= 91.9% | lr=4.0e-03
| Epoch  52, time=165.5s | Train: skip eval | Valid: time= 15.3s loss=1.057, TAw acc= 92.2% | lr=3.9e-03
| Epoch  53, time=163.4s | Train: skip eval | Valid: time= 15.6s loss=1.060, TAw acc= 91.7% | lr=3.7e-03
| Epoch  54, time=163.1s | Train: skip eval | Valid: time= 17.0s loss=1.055, TAw acc= 91.8% | lr=3.5e-03
| Epoch  55, time=159.4s | Train: skip eval | Valid: time= 15.7s loss=1.049, TAw acc= 91.9% | lr=3.4e-03
| Epoch  56, time=166.0s | Train: skip eval | Valid: time= 15.9s loss=1.042, TAw acc= 92.1% | lr=3.2e-03
| Epoch  57, time=163.3s | Train: skip eval | Valid: time= 15.3s loss=1.041, TAw acc= 92.0% | lr=3.0e-03
| Epoch  58, time=162.7s | Train: skip eval | Valid: time= 15.5s loss=1.045, TAw acc= 92.2% | lr=2.9e-03
| Epoch  59, time=165.3s | Train: skip eval | Valid: time= 15.6s loss=1.028, TAw acc= 92.1% | lr=2.7e-03
| Epoch  60, time=163.0s | Train: skip eval | Valid: time= 16.3s loss=1.027, TAw acc= 91.9% | lr=2.6e-03
| Epoch  61, time=159.1s | Train: skip eval | Valid: time= 16.5s loss=1.030, TAw acc= 91.9% | lr=2.4e-03
| Epoch  62, time=164.4s | Train: skip eval | Valid: time= 15.7s loss=1.026, TAw acc= 92.2% | lr=2.3e-03
| Epoch  63, time=162.6s | Train: skip eval | Valid: time= 16.4s loss=1.023, TAw acc= 92.1% | lr=2.1e-03
| Epoch  64, time=167.9s | Train: skip eval | Valid: time= 15.4s loss=1.030, TAw acc= 92.1% | lr=2.0e-03
| Epoch  65, time=170.1s | Train: skip eval | Valid: time= 16.1s loss=1.022, TAw acc= 92.0% | lr=1.9e-03
| Epoch  66, time=157.6s | Train: skip eval | Valid: time= 15.0s loss=1.024, TAw acc= 92.2% | lr=1.7e-03
| Epoch  67, time=164.0s | Train: skip eval | Valid: time= 16.6s loss=1.020, TAw acc= 92.1% | lr=1.6e-03
| Epoch  68, time=165.3s | Train: skip eval | Valid: time= 14.8s loss=1.017, TAw acc= 92.2% | lr=1.5e-03
| Epoch  69, time=161.5s | Train: skip eval | Valid: time= 14.9s loss=1.014, TAw acc= 92.1% | lr=1.4e-03
| Epoch  70, time=165.4s | Train: skip eval | Valid: time= 15.9s loss=1.013, TAw acc= 92.0% | lr=1.3e-03
| Epoch  71, time=159.6s | Train: skip eval | Valid: time= 16.9s loss=1.018, TAw acc= 92.2% | lr=1.1e-03
| Epoch  72, time=178.2s | Train: skip eval | Valid: time= 15.3s loss=1.019, TAw acc= 92.2% | lr=1.0e-03
| Epoch  73, time=162.5s | Train: skip eval | Valid: time= 16.2s loss=1.021, TAw acc= 92.3% | lr=9.5e-04
| Epoch  74, time=162.3s | Train: skip eval | Valid: time= 16.0s loss=1.017, TAw acc= 92.1% | lr=8.5e-04
| Epoch  75, time=164.9s | Train: skip eval | Valid: time= 15.2s loss=1.017, TAw acc= 92.3% | lr=7.6e-04
| Epoch  76, time=165.9s | Train: skip eval | Valid: time= 16.8s loss=1.012, TAw acc= 92.1% | lr=6.8e-04
| Epoch  77, time=163.9s | Train: skip eval | Valid: time= 16.5s loss=1.018, TAw acc= 92.1% | lr=6.0e-04
| Epoch  78, time=159.0s | Train: skip eval | Valid: time= 16.3s loss=1.009, TAw acc= 92.1% | lr=5.3e-04
| Epoch  79, time=164.3s | Train: skip eval | Valid: time= 16.5s loss=1.017, TAw acc= 92.0% | lr=4.6e-04
| Epoch  80, time=163.0s | Train: skip eval | Valid: time= 16.2s loss=1.014, TAw acc= 92.2% | lr=4.0e-04
| Epoch  81, time=162.0s | Train: skip eval | Valid: time= 14.9s loss=1.010, TAw acc= 92.4% | lr=3.4e-04
| Epoch  82, time=157.4s | Train: skip eval | Valid: time= 15.4s loss=1.021, TAw acc= 92.0% | lr=2.9e-04
| Epoch  83, time=165.1s | Train: skip eval | Valid: time= 16.6s loss=1.013, TAw acc= 92.1% | lr=2.5e-04
| Epoch  84, time=162.2s | Train: skip eval | Valid: time= 17.0s loss=1.016, TAw acc= 92.2% | lr=2.1e-04
| Epoch  85, time=166.7s | Train: skip eval | Valid: time= 15.2s loss=1.018, TAw acc= 92.1% | lr=1.8e-04
| Epoch  86, time=167.9s | Train: skip eval | Valid: time= 15.9s loss=1.007, TAw acc= 92.3% | lr=1.5e-04
| Epoch  87, time=166.6s | Train: skip eval | Valid: time= 15.1s loss=1.008, TAw acc= 92.2% | lr=1.3e-04
| Epoch  88, time=168.6s | Train: skip eval | Valid: time= 16.3s loss=1.013, TAw acc= 92.2% | lr=1.1e-04
| Epoch  89, time=166.9s | Train: skip eval | Valid: time= 16.1s loss=1.011, TAw acc= 92.3% | lr=1.0e-04
| Epoch  90, time=160.5s | Train: skip eval | Valid: time= 17.1s loss=1.017, TAw acc= 92.2% | lr=1.0e-04
------------------------------------------------------------------------------------------------------------
>>> Test on task  0 : loss=1.039 | TAw acc= 94.2%, forg=  0.0% | TAg acc= 74.9%, forg=  6.4% <<<
>>> Test on task  1 : loss=1.114 | TAw acc= 92.5%, forg=  0.2% | TAg acc= 68.9%, forg=  9.4% <<<
>>> Test on task  2 : loss=0.902 | TAw acc= 94.3%, forg=  0.3% | TAg acc= 76.6%, forg=  4.6% <<<
>>> Test on task  3 : loss=1.031 | TAw acc= 91.4%, forg=  0.8% | TAg acc= 72.9%, forg=  3.3% <<<
>>> Test on task  4 : loss=1.172 | TAw acc= 92.3%, forg= -0.7% | TAg acc= 70.4%, forg=  3.4% <<<
>>> Test on task  5 : loss=1.170 | TAw acc= 90.8%, forg= -0.1% | TAg acc= 69.0%, forg=  4.2% <<<
>>> Test on task  6 : loss=0.748 | TAw acc= 94.5%, forg=  0.1% | TAg acc= 78.2%, forg= -0.2% <<<
>>> Test on task  7 : loss=1.044 | TAw acc= 92.3%, forg= -0.1% | TAg acc= 73.0%, forg=  0.4% <<<
>>> Test on task  8 : loss=0.858 | TAw acc= 92.1%, forg=  0.2% | TAg acc= 76.5%, forg= -0.2% <<<
>>> Test on task  9 : loss=0.935 | TAw acc= 94.4%, forg= -0.9% | TAg acc= 75.2%, forg= -1.1% <<<
>>> Test on task 10 : loss=1.042 | TAw acc= 89.0%, forg=  0.1% | TAg acc= 69.3%, forg= -0.9% <<<
>>> Test on task 11 : loss=1.122 | TAw acc= 91.4%, forg=  0.0% | TAg acc= 66.7%, forg=  0.0% <<<
Save at ./results/./results/resnet50.a1_in1k/inat200/joint/10
[joint] Saved accumulated datasets up to task 11 → ./results/resnet50.a1_in1k/inat200/joint/10/joint_progress
************************************************************************************************************
TAw Acc
	 81.3%   0.0%   0.0%   0.0%   0.0%   0.0%   0.0%   0.0%   0.0%   0.0%   0.0%   0.0%   0.0%   0.0%   0.0%   0.0%   0.0%   0.0%   0.0%   0.0% 	Avg.: 81.3% 
	 87.2%  84.0%   0.0%   0.0%   0.0%   0.0%   0.0%   0.0%   0.0%   0.0%   0.0%   0.0%   0.0%   0.0%   0.0%   0.0%   0.0%   0.0%   0.0%   0.0% 	Avg.: 85.6% 
	 90.1%  86.6%  88.8%   0.0%   0.0%   0.0%   0.0%   0.0%   0.0%   0.0%   0.0%   0.0%   0.0%   0.0%   0.0%   0.0%   0.0%   0.0%   0.0%   0.0% 	Avg.: 88.5% 
	 92.1%  89.5%  91.1%  86.6%   0.0%   0.0%   0.0%   0.0%   0.0%   0.0%   0.0%   0.0%   0.0%   0.0%   0.0%   0.0%   0.0%   0.0%   0.0%   0.0% 	Avg.: 89.8% 
	 92.1%  90.2%  92.2%  88.5%  88.6%   0.0%   0.0%   0.0%   0.0%   0.0%   0.0%   0.0%   0.0%   0.0%   0.0%   0.0%   0.0%   0.0%   0.0%   0.0% 	Avg.: 90.3% 
	 92.5%  90.2%  93.2%  89.8%  90.2%  87.9%   0.0%   0.0%   0.0%   0.0%   0.0%   0.0%   0.0%   0.0%   0.0%   0.0%   0.0%   0.0%   0.0%   0.0% 	Avg.: 90.6% 
	 93.4%  91.4%  93.2%  90.4%  90.7%  88.6%  92.9%   0.0%   0.0%   0.0%   0.0%   0.0%   0.0%   0.0%   0.0%   0.0%   0.0%   0.0%   0.0%   0.0% 	Avg.: 91.5% 
	 94.0%  91.7%  93.5%  91.2%  90.8%  89.6%  93.5%  91.1%   0.0%   0.0%   0.0%   0.0%   0.0%   0.0%   0.0%   0.0%   0.0%   0.0%   0.0%   0.0% 	Avg.: 91.9% 
	 94.2%  92.1%  93.9%  90.9%  91.2%  90.1%  94.1%  91.9%  90.8%   0.0%   0.0%   0.0%   0.0%   0.0%   0.0%   0.0%   0.0%   0.0%   0.0%   0.0% 	Avg.: 92.1% 
	 94.2%  92.3%  94.5%  91.0%  91.6%  89.9%  94.6%  91.6%  91.7%  92.7%   0.0%   0.0%   0.0%   0.0%   0.0%   0.0%   0.0%   0.0%   0.0%   0.0% 	Avg.: 92.4% 
	 94.1%  92.7%  94.6%  92.2%  91.5%  90.7%  94.1%  92.2%  92.3%  93.5%  89.1%   0.0%   0.0%   0.0%   0.0%   0.0%   0.0%   0.0%   0.0%   0.0% 	Avg.: 92.5% 
	 94.2%  92.5%  94.3%  91.4%  92.3%  90.8%  94.5%  92.3%  92.1%  94.4%  89.0%  91.4%   0.0%   0.0%   0.0%   0.0%   0.0%   0.0%   0.0%   0.0% 	Avg.: 92.4% 
	  0.0%   0.0%   0.0%   0.0%   0.0%   0.0%   0.0%   0.0%   0.0%   0.0%   0.0%   0.0%   0.0%   0.0%   0.0%   0.0%   0.0%   0.0%   0.0%   0.0% 	Avg.:  0.0% 
	  0.0%   0.0%   0.0%   0.0%   0.0%   0.0%   0.0%   0.0%   0.0%   0.0%   0.0%   0.0%   0.0%   0.0%   0.0%   0.0%   0.0%   0.0%   0.0%   0.0% 	Avg.:  0.0% 
	  0.0%   0.0%   0.0%   0.0%   0.0%   0.0%   0.0%   0.0%   0.0%   0.0%   0.0%   0.0%   0.0%   0.0%   0.0%   0.0%   0.0%   0.0%   0.0%   0.0% 	Avg.:  0.0% 
	  0.0%   0.0%   0.0%   0.0%   0.0%   0.0%   0.0%   0.0%   0.0%   0.0%   0.0%   0.0%   0.0%   0.0%   0.0%   0.0%   0.0%   0.0%   0.0%   0.0% 	Avg.:  0.0% 
	  0.0%   0.0%   0.0%   0.0%   0.0%   0.0%   0.0%   0.0%   0.0%   0.0%   0.0%   0.0%   0.0%   0.0%   0.0%   0.0%   0.0%   0.0%   0.0%   0.0% 	Avg.:  0.0% 
	  0.0%   0.0%   0.0%   0.0%   0.0%   0.0%   0.0%   0.0%   0.0%   0.0%   0.0%   0.0%   0.0%   0.0%   0.0%   0.0%   0.0%   0.0%   0.0%   0.0% 	Avg.:  0.0% 
	  0.0%   0.0%   0.0%   0.0%   0.0%   0.0%   0.0%   0.0%   0.0%   0.0%   0.0%   0.0%   0.0%   0.0%   0.0%   0.0%   0.0%   0.0%   0.0%   0.0% 	Avg.:  0.0% 
	  0.0%   0.0%   0.0%   0.0%   0.0%   0.0%   0.0%   0.0%   0.0%   0.0%   0.0%   0.0%   0.0%   0.0%   0.0%   0.0%   0.0%   0.0%   0.0%   0.0% 	Avg.:  0.0% 
************************************************************************************************************
TAg Acc
	 81.3%   0.0%   0.0%   0.0%   0.0%   0.0%   0.0%   0.0%   0.0%   0.0%   0.0%   0.0%   0.0%   0.0%   0.0%   0.0%   0.0%   0.0%   0.0%   0.0% 	Avg.: 81.3% 
	 80.2%  73.9%   0.0%   0.0%   0.0%   0.0%   0.0%   0.0%   0.0%   0.0%   0.0%   0.0%   0.0%   0.0%   0.0%   0.0%   0.0%   0.0%   0.0%   0.0% 	Avg.: 77.1% 
	 79.4%  77.1%  78.2%   0.0%   0.0%   0.0%   0.0%   0.0%   0.0%   0.0%   0.0%   0.0%   0.0%   0.0%   0.0%   0.0%   0.0%   0.0%   0.0%   0.0% 	Avg.: 78.2% 
	 80.0%  78.3%  81.2%  75.0%   0.0%   0.0%   0.0%   0.0%   0.0%   0.0%   0.0%   0.0%   0.0%   0.0%   0.0%   0.0%   0.0%   0.0%   0.0%   0.0% 	Avg.: 78.6% 
	 77.2%  77.5%  78.9%  75.4%  72.3%   0.0%   0.0%   0.0%   0.0%   0.0%   0.0%   0.0%   0.0%   0.0%   0.0%   0.0%   0.0%   0.0%   0.0%   0.0% 	Avg.: 76.3% 
	 75.0%  77.3%  79.6%  75.2%  73.1%  69.0%   0.0%   0.0%   0.0%   0.0%   0.0%   0.0%   0.0%   0.0%   0.0%   0.0%   0.0%   0.0%   0.0%   0.0% 	Avg.: 74.9% 
	 73.6%  76.1%  80.0%  76.2%  73.8%  70.7%  76.5%   0.0%   0.0%   0.0%   0.0%   0.0%   0.0%   0.0%   0.0%   0.0%   0.0%   0.0%   0.0%   0.0% 	Avg.: 75.3% 
	 75.0%  75.4%  79.2%  74.8%  71.8%  71.9%  76.1%  72.2%   0.0%   0.0%   0.0%   0.0%   0.0%   0.0%   0.0%   0.0%   0.0%   0.0%   0.0%   0.0% 	Avg.: 74.5% 
	 75.9%  71.8%  78.0%  74.4%  71.2%  73.2%  77.3%  72.3%  75.6%   0.0%   0.0%   0.0%   0.0%   0.0%   0.0%   0.0%   0.0%   0.0%   0.0%   0.0% 	Avg.: 74.4% 
	 75.7%  70.5%  78.1%  73.0%  71.7%  71.6%  78.0%  73.1%  75.8%  72.5%   0.0%   0.0%   0.0%   0.0%   0.0%   0.0%   0.0%   0.0%   0.0%   0.0% 	Avg.: 74.0% 
	 75.4%  69.1%  76.3%  75.3%  69.8%  69.5%  77.2%  73.4%  76.3%  74.1%  68.4%   0.0%   0.0%   0.0%   0.0%   0.0%   0.0%   0.0%   0.0%   0.0% 	Avg.: 73.2% 
	 74.9%  68.9%  76.6%  72.9%  70.4%  69.0%  78.2%  73.0%  76.5%  75.2%  69.3%  66.7%   0.0%   0.0%   0.0%   0.0%   0.0%   0.0%   0.0%   0.0% 	Avg.: 72.6% 
	  0.0%   0.0%   0.0%   0.0%   0.0%   0.0%   0.0%   0.0%   0.0%   0.0%   0.0%   0.0%   0.0%   0.0%   0.0%   0.0%   0.0%   0.0%   0.0%   0.0% 	Avg.:  0.0% 
	  0.0%   0.0%   0.0%   0.0%   0.0%   0.0%   0.0%   0.0%   0.0%   0.0%   0.0%   0.0%   0.0%   0.0%   0.0%   0.0%   0.0%   0.0%   0.0%   0.0% 	Avg.:  0.0% 
	  0.0%   0.0%   0.0%   0.0%   0.0%   0.0%   0.0%   0.0%   0.0%   0.0%   0.0%   0.0%   0.0%   0.0%   0.0%   0.0%   0.0%   0.0%   0.0%   0.0% 	Avg.:  0.0% 
	  0.0%   0.0%   0.0%   0.0%   0.0%   0.0%   0.0%   0.0%   0.0%   0.0%   0.0%   0.0%   0.0%   0.0%   0.0%   0.0%   0.0%   0.0%   0.0%   0.0% 	Avg.:  0.0% 
	  0.0%   0.0%   0.0%   0.0%   0.0%   0.0%   0.0%   0.0%   0.0%   0.0%   0.0%   0.0%   0.0%   0.0%   0.0%   0.0%   0.0%   0.0%   0.0%   0.0% 	Avg.:  0.0% 
	  0.0%   0.0%   0.0%   0.0%   0.0%   0.0%   0.0%   0.0%   0.0%   0.0%   0.0%   0.0%   0.0%   0.0%   0.0%   0.0%   0.0%   0.0%   0.0%   0.0% 	Avg.:  0.0% 
	  0.0%   0.0%   0.0%   0.0%   0.0%   0.0%   0.0%   0.0%   0.0%   0.0%   0.0%   0.0%   0.0%   0.0%   0.0%   0.0%   0.0%   0.0%   0.0%   0.0% 	Avg.:  0.0% 
	  0.0%   0.0%   0.0%   0.0%   0.0%   0.0%   0.0%   0.0%   0.0%   0.0%   0.0%   0.0%   0.0%   0.0%   0.0%   0.0%   0.0%   0.0%   0.0%   0.0% 	Avg.:  0.0% 
************************************************************************************************************
TAw Forg
	  0.0%   0.0%   0.0%   0.0%   0.0%   0.0%   0.0%   0.0%   0.0%   0.0%   0.0%   0.0%   0.0%   0.0%   0.0%   0.0%   0.0%   0.0%   0.0%   0.0% 
	 -5.9%   0.0%   0.0%   0.0%   0.0%   0.0%   0.0%   0.0%   0.0%   0.0%   0.0%   0.0%   0.0%   0.0%   0.0%   0.0%   0.0%   0.0%   0.0%   0.0% 	Avg.: -5.9% 
	 -2.9%  -2.6%   0.0%   0.0%   0.0%   0.0%   0.0%   0.0%   0.0%   0.0%   0.0%   0.0%   0.0%   0.0%   0.0%   0.0%   0.0%   0.0%   0.0%   0.0% 	Avg.: -2.8% 
	 -2.0%  -2.9%  -2.3%   0.0%   0.0%   0.0%   0.0%   0.0%   0.0%   0.0%   0.0%   0.0%   0.0%   0.0%   0.0%   0.0%   0.0%   0.0%   0.0%   0.0% 	Avg.: -2.4% 
	  0.0%  -0.7%  -1.1%  -1.9%   0.0%   0.0%   0.0%   0.0%   0.0%   0.0%   0.0%   0.0%   0.0%   0.0%   0.0%   0.0%   0.0%   0.0%   0.0%   0.0% 	Avg.: -0.9% 
	 -0.4%   0.0%  -1.0%  -1.3%  -1.6%   0.0%   0.0%   0.0%   0.0%   0.0%   0.0%   0.0%   0.0%   0.0%   0.0%   0.0%   0.0%   0.0%   0.0%   0.0% 	Avg.: -0.9% 
	 -0.9%  -1.2%   0.0%  -0.6%  -0.5%  -0.7%   0.0%   0.0%   0.0%   0.0%   0.0%   0.0%   0.0%   0.0%   0.0%   0.0%   0.0%   0.0%   0.0%   0.0% 	Avg.: -0.6% 
	 -0.6%  -0.3%  -0.3%  -0.8%  -0.1%  -1.0%  -0.6%   0.0%   0.0%   0.0%   0.0%   0.0%   0.0%   0.0%   0.0%   0.0%   0.0%   0.0%   0.0%   0.0% 	Avg.: -0.5% 
	 -0.2%  -0.4%  -0.4%   0.3%  -0.4%  -0.5%  -0.6%  -0.8%   0.0%   0.0%   0.0%   0.0%   0.0%   0.0%   0.0%   0.0%   0.0%   0.0%   0.0%   0.0% 	Avg.: -0.4% 
	  0.0%  -0.2%  -0.6%   0.2%  -0.4%   0.2%  -0.5%   0.3%  -0.9%   0.0%   0.0%   0.0%   0.0%   0.0%   0.0%   0.0%   0.0%   0.0%   0.0%   0.0% 	Avg.: -0.2% 
	  0.1%  -0.4%  -0.1%  -1.0%   0.1%  -0.6%   0.5%  -0.3%  -0.6%  -0.8%   0.0%   0.0%   0.0%   0.0%   0.0%   0.0%   0.0%   0.0%   0.0%   0.0% 	Avg.: -0.3% 
	  0.0%   0.2%   0.3%   0.8%  -0.7%  -0.1%   0.1%  -0.1%   0.2%  -0.9%   0.1%   0.0%   0.0%   0.0%   0.0%   0.0%   0.0%   0.0%   0.0%   0.0% 	Avg.: -0.0% 
	  0.0%   0.0%   0.0%   0.0%   0.0%   0.0%   0.0%   0.0%   0.0%   0.0%   0.0%   0.0%   0.0%   0.0%   0.0%   0.0%   0.0%   0.0%   0.0%   0.0% 	Avg.:  0.0% 
	  0.0%   0.0%   0.0%   0.0%   0.0%   0.0%   0.0%   0.0%   0.0%   0.0%   0.0%   0.0%   0.0%   0.0%   0.0%   0.0%   0.0%   0.0%   0.0%   0.0% 	Avg.:  0.0% 
	  0.0%   0.0%   0.0%   0.0%   0.0%   0.0%   0.0%   0.0%   0.0%   0.0%   0.0%   0.0%   0.0%   0.0%   0.0%   0.0%   0.0%   0.0%   0.0%   0.0% 	Avg.:  0.0% 
	  0.0%   0.0%   0.0%   0.0%   0.0%   0.0%   0.0%   0.0%   0.0%   0.0%   0.0%   0.0%   0.0%   0.0%   0.0%   0.0%   0.0%   0.0%   0.0%   0.0% 	Avg.:  0.0% 
	  0.0%   0.0%   0.0%   0.0%   0.0%   0.0%   0.0%   0.0%   0.0%   0.0%   0.0%   0.0%   0.0%   0.0%   0.0%   0.0%   0.0%   0.0%   0.0%   0.0% 	Avg.:  0.0% 
	  0.0%   0.0%   0.0%   0.0%   0.0%   0.0%   0.0%   0.0%   0.0%   0.0%   0.0%   0.0%   0.0%   0.0%   0.0%   0.0%   0.0%   0.0%   0.0%   0.0% 	Avg.:  0.0% 
	  0.0%   0.0%   0.0%   0.0%   0.0%   0.0%   0.0%   0.0%   0.0%   0.0%   0.0%   0.0%   0.0%   0.0%   0.0%   0.0%   0.0%   0.0%   0.0%   0.0% 	Avg.:  0.0% 
	  0.0%   0.0%   0.0%   0.0%   0.0%   0.0%   0.0%   0.0%   0.0%   0.0%   0.0%   0.0%   0.0%   0.0%   0.0%   0.0%   0.0%   0.0%   0.0%   0.0% 	Avg.:  0.0% 
************************************************************************************************************
TAg Forg
	  0.0%   0.0%   0.0%   0.0%   0.0%   0.0%   0.0%   0.0%   0.0%   0.0%   0.0%   0.0%   0.0%   0.0%   0.0%   0.0%   0.0%   0.0%   0.0%   0.0% 
	  1.1%   0.0%   0.0%   0.0%   0.0%   0.0%   0.0%   0.0%   0.0%   0.0%   0.0%   0.0%   0.0%   0.0%   0.0%   0.0%   0.0%   0.0%   0.0%   0.0% 	Avg.:  1.1% 
	  1.9%  -3.2%   0.0%   0.0%   0.0%   0.0%   0.0%   0.0%   0.0%   0.0%   0.0%   0.0%   0.0%   0.0%   0.0%   0.0%   0.0%   0.0%   0.0%   0.0% 	Avg.: -0.7% 
	  1.3%  -1.2%  -3.0%   0.0%   0.0%   0.0%   0.0%   0.0%   0.0%   0.0%   0.0%   0.0%   0.0%   0.0%   0.0%   0.0%   0.0%   0.0%   0.0%   0.0% 	Avg.: -1.0% 
	  4.1%   0.8%   2.3%  -0.4%   0.0%   0.0%   0.0%   0.0%   0.0%   0.0%   0.0%   0.0%   0.0%   0.0%   0.0%   0.0%   0.0%   0.0%   0.0%   0.0% 	Avg.:  1.7% 
	  6.3%   1.0%   1.6%   0.2%  -0.8%   0.0%   0.0%   0.0%   0.0%   0.0%   0.0%   0.0%   0.0%   0.0%   0.0%   0.0%   0.0%   0.0%   0.0%   0.0% 	Avg.:  1.7% 
	  7.7%   2.2%   1.2%  -0.8%  -0.7%  -1.7%   0.0%   0.0%   0.0%   0.0%   0.0%   0.0%   0.0%   0.0%   0.0%   0.0%   0.0%   0.0%   0.0%   0.0% 	Avg.:  1.3% 
	  6.3%   2.9%   2.0%   1.4%   2.0%  -1.2%   0.4%   0.0%   0.0%   0.0%   0.0%   0.0%   0.0%   0.0%   0.0%   0.0%   0.0%   0.0%   0.0%   0.0% 	Avg.:  2.0% 
	  5.4%   6.5%   3.2%   1.8%   2.6%  -1.3%  -0.8%  -0.1%   0.0%   0.0%   0.0%   0.0%   0.0%   0.0%   0.0%   0.0%   0.0%   0.0%   0.0%   0.0% 	Avg.:  2.2% 
	  5.6%   7.8%   3.1%   3.2%   2.1%   1.6%  -0.7%  -0.8%  -0.2%   0.0%   0.0%   0.0%   0.0%   0.0%   0.0%   0.0%   0.0%   0.0%   0.0%   0.0% 	Avg.:  2.4% 
	  5.9%   9.2%   4.9%   0.9%   4.0%   3.7%   0.8%  -0.3%  -0.5%  -1.6%   0.0%   0.0%   0.0%   0.0%   0.0%   0.0%   0.0%   0.0%   0.0%   0.0% 	Avg.:  2.7% 
	  6.4%   9.4%   4.6%   3.3%   3.4%   4.2%  -0.2%   0.4%  -0.2%  -1.1%  -0.9%   0.0%   0.0%   0.0%   0.0%   0.0%   0.0%   0.0%   0.0%   0.0% 	Avg.:  2.7% 
	  0.0%   0.0%   0.0%   0.0%   0.0%   0.0%   0.0%   0.0%   0.0%   0.0%   0.0%   0.0%   0.0%   0.0%   0.0%   0.0%   0.0%   0.0%   0.0%   0.0% 	Avg.:  0.0% 
	  0.0%   0.0%   0.0%   0.0%   0.0%   0.0%   0.0%   0.0%   0.0%   0.0%   0.0%   0.0%   0.0%   0.0%   0.0%   0.0%   0.0%   0.0%   0.0%   0.0% 	Avg.:  0.0% 
	  0.0%   0.0%   0.0%   0.0%   0.0%   0.0%   0.0%   0.0%   0.0%   0.0%   0.0%   0.0%   0.0%   0.0%   0.0%   0.0%   0.0%   0.0%   0.0%   0.0% 	Avg.:  0.0% 
	  0.0%   0.0%   0.0%   0.0%   0.0%   0.0%   0.0%   0.0%   0.0%   0.0%   0.0%   0.0%   0.0%   0.0%   0.0%   0.0%   0.0%   0.0%   0.0%   0.0% 	Avg.:  0.0% 
	  0.0%   0.0%   0.0%   0.0%   0.0%   0.0%   0.0%   0.0%   0.0%   0.0%   0.0%   0.0%   0.0%   0.0%   0.0%   0.0%   0.0%   0.0%   0.0%   0.0% 	Avg.:  0.0% 
	  0.0%   0.0%   0.0%   0.0%   0.0%   0.0%   0.0%   0.0%   0.0%   0.0%   0.0%   0.0%   0.0%   0.0%   0.0%   0.0%   0.0%   0.0%   0.0%   0.0% 	Avg.:  0.0% 
	  0.0%   0.0%   0.0%   0.0%   0.0%   0.0%   0.0%   0.0%   0.0%   0.0%   0.0%   0.0%   0.0%   0.0%   0.0%   0.0%   0.0%   0.0%   0.0%   0.0% 	Avg.:  0.0% 
	  0.0%   0.0%   0.0%   0.0%   0.0%   0.0%   0.0%   0.0%   0.0%   0.0%   0.0%   0.0%   0.0%   0.0%   0.0%   0.0%   0.0%   0.0%   0.0%   0.0% 	Avg.:  0.0% 
************************************************************************************************************
[Elapsed time = 2.3 h]
Done!
