START_TASK=1 STOP_TASK=2 START_EPOCH=0 STOP_EPOCH=90
============================================================================================================
Arguments =
	all_outputs: False
	approach: joint
	batch_size: 64
	classes_first_task: None
	clipping: 10000
	crop: 224
	data_path: ../data/inat200
	dataset: inat200
	eval_on_train: False
	experiment_path: None
	fix_bn: False
	freeze_backbone: False
	gpu: 0
	gpus: [0]
	increment: 10
	last_layer_analysis: False
	log: ['disk']
	lr: 0.01
	lr_factor: None
	lr_min: 0.0001
	lr_patience: None
	lr_scheduler: cosine
	lr_warmup_epochs: 0
	momentum: 0.0
	multi_softmax: False
	nepochs: 90
	network: resnet50.a1_in1k
	no_cudnn_deterministic: False
	normalize: in1k
	num_workers: 2
	optimizer_name: sgd
	pin_memory: False
	pretrained: True
	resize: 224
	results_path: ./results
	save_models: True
	seed: 0
	start_at_task: 1
	start_epoch: 0
	stop_at_task: 2
	stop_epoch: 90
	use_valid_only: False
	warmup_lr_factor: 1.0
	warmup_nepochs: 0
	weight_decay: 0.0
============================================================================================================
Approach arguments =
============================================================================================================
Exemplars arguments =
============================================================================================================
WARNING: ./results/resnet50.a1_in1k/inat200/joint/10 already exists!
Loaded acc_taw from: ./results/resnet50.a1_in1k/inat200/joint/10/acc_taw-0.txt
Loaded acc_tag from: ./results/resnet50.a1_in1k/inat200/joint/10/acc_tag-0.txt
Loaded forg_taw from: ./results/resnet50.a1_in1k/inat200/joint/10/forg_taw-0.txt
Loaded forg_tag from: ./results/resnet50.a1_in1k/inat200/joint/10/forg_tag-0.txt
[joint] Loaded accumulated datasets up to task 0 from ./results/resnet50.a1_in1k/inat200/joint/10/joint_progress
************************************************************************************************************
Task  1  [epochs 0-90]
************************************************************************************************************
[params] total:23,549,012  trainable:23,549,012  tensors:163  trainable_tensors:163
| Epoch   1, time= 27.2s | Train: skip eval | Valid: time=  3.5s loss=1.954, TAw acc= 72.8% | * lr=1.0e-02
| Epoch   2, time= 26.8s | Train: skip eval | Valid: time=  3.1s loss=1.793, TAw acc= 76.4% | * lr=1.0e-02
| Epoch   3, time= 25.3s | Train: skip eval | Valid: time=  2.5s loss=1.647, TAw acc= 78.1% | * lr=1.0e-02
| Epoch   4, time= 24.2s | Train: skip eval | Valid: time=  3.1s loss=1.539, TAw acc= 78.1% | * lr=1.0e-02
| Epoch   5, time= 27.9s | Train: skip eval | Valid: time=  2.4s loss=1.421, TAw acc= 79.2% | * lr=9.9e-03
| Epoch   6, time= 27.5s | Train: skip eval | Valid: time=  2.5s loss=1.343, TAw acc= 79.0% | * lr=9.9e-03
| Epoch   7, time= 24.7s | Train: skip eval | Valid: time=  2.4s loss=1.252, TAw acc= 79.6% | * lr=9.9e-03
| Epoch   8, time= 30.2s | Train: skip eval | Valid: time=  2.5s loss=1.207, TAw acc= 79.8% | * lr=9.8e-03
| Epoch   9, time= 27.3s | Train: skip eval | Valid: time=  2.4s loss=1.155, TAw acc= 80.8% | * lr=9.8e-03
| Epoch  10, time= 23.9s | Train: skip eval | Valid: time=  2.4s loss=1.110, TAw acc= 80.4% | * lr=9.7e-03
| Epoch  11, time= 30.6s | Train: skip eval | Valid: time=  3.2s loss=1.077, TAw acc= 80.8% | * lr=9.6e-03
| Epoch  12, time= 25.2s | Train: skip eval | Valid: time=  2.4s loss=1.030, TAw acc= 81.4% | * lr=9.6e-03
| Epoch  13, time= 28.7s | Train: skip eval | Valid: time=  2.5s loss=0.977, TAw acc= 82.6% | * lr=9.5e-03
| Epoch  14, time= 34.0s | Train: skip eval | Valid: time=  3.4s loss=0.981, TAw acc= 82.0% | lr=9.4e-03
| Epoch  15, time= 24.0s | Train: skip eval | Valid: time=  2.4s loss=0.950, TAw acc= 81.9% | * lr=9.3e-03
| Epoch  16, time= 29.0s | Train: skip eval | Valid: time=  2.5s loss=0.952, TAw acc= 82.1% | lr=9.2e-03
| Epoch  17, time= 25.0s | Train: skip eval | Valid: time=  2.4s loss=0.919, TAw acc= 81.4% | * lr=9.2e-03
| Epoch  18, time= 24.2s | Train: skip eval | Valid: time=  2.4s loss=0.881, TAw acc= 83.2% | * lr=9.1e-03
| Epoch  19, time= 28.5s | Train: skip eval | Valid: time=  3.2s loss=0.884, TAw acc= 83.0% | lr=9.0e-03
| Epoch  20, time= 24.1s | Train: skip eval | Valid: time=  2.4s loss=0.867, TAw acc= 83.2% | * lr=8.8e-03
| Epoch  21, time= 27.9s | Train: skip eval | Valid: time=  3.0s loss=0.853, TAw acc= 82.9% | * lr=8.7e-03
| Epoch  22, time= 30.7s | Train: skip eval | Valid: time=  2.7s loss=0.864, TAw acc= 82.5% | lr=8.6e-03
| Epoch  23, time= 24.3s | Train: skip eval | Valid: time=  3.4s loss=0.845, TAw acc= 83.5% | * lr=8.5e-03
| Epoch  24, time= 32.4s | Train: skip eval | Valid: time=  3.4s loss=0.848, TAw acc= 82.1% | lr=8.4e-03
| Epoch  25, time= 26.2s | Train: skip eval | Valid: time=  2.4s loss=0.819, TAw acc= 83.6% | * lr=8.2e-03
| Epoch  26, time= 24.3s | Train: skip eval | Valid: time=  3.4s loss=0.826, TAw acc= 83.8% | lr=8.1e-03
| Epoch  27, time= 32.1s | Train: skip eval | Valid: time=  3.0s loss=0.815, TAw acc= 84.1% | * lr=8.0e-03
| Epoch  28, time= 27.2s | Train: skip eval | Valid: time=  2.4s loss=0.797, TAw acc= 84.1% | * lr=7.8e-03
| Epoch  29, time= 24.3s | Train: skip eval | Valid: time=  2.4s loss=0.811, TAw acc= 84.4% | lr=7.7e-03
| Epoch  30, time= 30.3s | Train: skip eval | Valid: time=  2.4s loss=0.797, TAw acc= 84.4% | * lr=7.5e-03
| Epoch  31, time= 26.0s | Train: skip eval | Valid: time=  2.4s loss=0.807, TAw acc= 85.6% | lr=7.4e-03
| Epoch  32, time= 25.0s | Train: skip eval | Valid: time=  2.4s loss=0.782, TAw acc= 84.5% | * lr=7.2e-03
| Epoch  33, time= 26.1s | Train: skip eval | Valid: time=  3.4s loss=0.773, TAw acc= 84.4% | * lr=7.1e-03
| Epoch  34, time= 27.6s | Train: skip eval | Valid: time=  2.4s loss=0.769, TAw acc= 84.9% | * lr=6.9e-03
| Epoch  35, time= 26.0s | Train: skip eval | Valid: time=  2.4s loss=0.771, TAw acc= 84.8% | lr=6.7e-03
| Epoch  36, time= 28.5s | Train: skip eval | Valid: time=  3.0s loss=0.761, TAw acc= 85.2% | * lr=6.6e-03
| Epoch  37, time= 27.4s | Train: skip eval | Valid: time=  3.4s loss=0.769, TAw acc= 84.6% | lr=6.4e-03
| Epoch  38, time= 24.8s | Train: skip eval | Valid: time=  2.4s loss=0.747, TAw acc= 84.8% | * lr=6.2e-03
| Epoch  39, time= 25.0s | Train: skip eval | Valid: time=  2.4s loss=0.748, TAw acc= 85.0% | lr=6.1e-03
| Epoch  40, time= 26.0s | Train: skip eval | Valid: time=  2.4s loss=0.780, TAw acc= 84.2% | lr=5.9e-03
| Epoch  41, time= 26.9s | Train: skip eval | Valid: time=  3.0s loss=0.747, TAw acc= 85.5% | lr=5.7e-03
| Epoch  42, time= 28.5s | Train: skip eval | Valid: time=  2.4s loss=0.758, TAw acc= 85.5% | lr=5.6e-03
| Epoch  43, time= 28.7s | Train: skip eval | Valid: time=  2.4s loss=0.750, TAw acc= 85.1% | lr=5.4e-03
| Epoch  44, time= 27.2s | Train: skip eval | Valid: time=  2.4s loss=0.750, TAw acc= 85.9% | lr=5.2e-03
| Epoch  45, time= 32.6s | Train: skip eval | Valid: time=  2.4s loss=0.762, TAw acc= 85.2% | lr=5.1e-03
| Epoch  46, time= 26.1s | Train: skip eval | Valid: time=  2.4s loss=0.747, TAw acc= 84.8% | * lr=4.9e-03
| Epoch  47, time= 29.4s | Train: skip eval | Valid: time=  2.8s loss=0.734, TAw acc= 85.1% | * lr=4.7e-03
| Epoch  48, time= 26.5s | Train: skip eval | Valid: time=  2.5s loss=0.732, TAw acc= 85.2% | * lr=4.5e-03
| Epoch  49, time= 30.6s | Train: skip eval | Valid: time=  3.2s loss=0.724, TAw acc= 86.1% | * lr=4.4e-03
| Epoch  50, time= 28.3s | Train: skip eval | Valid: time=  2.4s loss=0.718, TAw acc= 85.8% | * lr=4.2e-03
| Epoch  51, time= 26.6s | Train: skip eval | Valid: time=  3.4s loss=0.738, TAw acc= 85.4% | lr=4.0e-03
| Epoch  52, time= 25.0s | Train: skip eval | Valid: time=  3.2s loss=0.724, TAw acc= 85.9% | lr=3.9e-03
| Epoch  53, time= 26.7s | Train: skip eval | Valid: time=  2.9s loss=0.731, TAw acc= 85.6% | lr=3.7e-03
| Epoch  54, time= 26.6s | Train: skip eval | Valid: time=  2.4s loss=0.718, TAw acc= 85.9% | * lr=3.5e-03
| Epoch  55, time= 29.5s | Train: skip eval | Valid: time=  2.4s loss=0.731, TAw acc= 85.8% | lr=3.4e-03
| Epoch  56, time= 30.7s | Train: skip eval | Valid: time=  2.5s loss=0.725, TAw acc= 85.5% | lr=3.2e-03
| Epoch  57, time= 25.2s | Train: skip eval | Valid: time=  2.4s loss=0.723, TAw acc= 85.9% | lr=3.0e-03
| Epoch  58, time= 25.8s | Train: skip eval | Valid: time=  3.2s loss=0.731, TAw acc= 86.1% | lr=2.9e-03
| Epoch  59, time= 25.7s | Train: skip eval | Valid: time=  2.5s loss=0.725, TAw acc= 85.4% | lr=2.7e-03
| Epoch  60, time= 28.6s | Train: skip eval | Valid: time=  2.4s loss=0.715, TAw acc= 86.1% | * lr=2.6e-03
| Epoch  61, time= 29.6s | Train: skip eval | Valid: time=  2.4s loss=0.726, TAw acc= 86.1% | lr=2.4e-03
| Epoch  62, time= 27.2s | Train: skip eval | Valid: time=  2.4s loss=0.723, TAw acc= 85.8% | lr=2.3e-03
| Epoch  63, time= 26.7s | Train: skip eval | Valid: time=  3.4s loss=0.723, TAw acc= 85.8% | lr=2.1e-03
| Epoch  64, time= 25.9s | Train: skip eval | Valid: time=  2.4s loss=0.719, TAw acc= 85.9% | lr=2.0e-03
| Epoch  65, time= 26.7s | Train: skip eval | Valid: time=  2.5s loss=0.722, TAw acc= 86.5% | lr=1.9e-03
| Epoch  66, time= 28.7s | Train: skip eval | Valid: time=  2.4s loss=0.730, TAw acc= 86.4% | lr=1.7e-03
| Epoch  67, time= 25.8s | Train: skip eval | Valid: time=  2.7s loss=0.719, TAw acc= 86.5% | lr=1.6e-03
| Epoch  68, time= 29.8s | Train: skip eval | Valid: time=  2.4s loss=0.713, TAw acc= 86.0% | * lr=1.5e-03
| Epoch  69, time= 25.5s | Train: skip eval | Valid: time=  2.4s loss=0.732, TAw acc= 86.2% | lr=1.4e-03
| Epoch  70, time= 29.0s | Train: skip eval | Valid: time=  3.4s loss=0.707, TAw acc= 86.6% | * lr=1.3e-03
| Epoch  71, time= 26.8s | Train: skip eval | Valid: time=  3.4s loss=0.716, TAw acc= 87.0% | lr=1.1e-03
| Epoch  72, time= 27.2s | Train: skip eval | Valid: time=  2.6s loss=0.720, TAw acc= 86.9% | lr=1.0e-03
| Epoch  73, time= 24.2s | Train: skip eval | Valid: time=  3.4s loss=0.717, TAw acc= 86.5% | lr=9.5e-04
| Epoch  74, time= 27.7s | Train: skip eval | Valid: time=  2.5s loss=0.720, TAw acc= 86.5% | lr=8.5e-04
| Epoch  75, time= 28.7s | Train: skip eval | Valid: time=  2.4s loss=0.700, TAw acc= 86.5% | * lr=7.6e-04
| Epoch  76, time= 27.1s | Train: skip eval | Valid: time=  2.4s loss=0.705, TAw acc= 86.9% | lr=6.8e-04
| Epoch  77, time= 30.1s | Train: skip eval | Valid: time=  2.4s loss=0.709, TAw acc= 86.4% | lr=6.0e-04
| Epoch  78, time= 29.2s | Train: skip eval | Valid: time=  3.5s loss=0.723, TAw acc= 86.5% | lr=5.3e-04
| Epoch  79, time= 27.6s | Train: skip eval | Valid: time=  3.5s loss=0.719, TAw acc= 86.5% | lr=4.6e-04
| Epoch  80, time= 26.9s | Train: skip eval | Valid: time=  2.4s loss=0.710, TAw acc= 86.5% | lr=4.0e-04
| Epoch  81, time= 26.5s | Train: skip eval | Valid: time=  2.4s loss=0.713, TAw acc= 86.8% | lr=3.4e-04
| Epoch  82, time= 25.8s | Train: skip eval | Valid: time=  2.4s loss=0.709, TAw acc= 86.1% | lr=2.9e-04
| Epoch  83, time= 30.8s | Train: skip eval | Valid: time=  2.4s loss=0.708, TAw acc= 86.6% | lr=2.5e-04
| Epoch  84, time= 28.5s | Train: skip eval | Valid: time=  2.4s loss=0.713, TAw acc= 86.4% | lr=2.1e-04
| Epoch  85, time= 25.2s | Train: skip eval | Valid: time=  3.4s loss=0.704, TAw acc= 86.4% | lr=1.8e-04
| Epoch  86, time= 24.6s | Train: skip eval | Valid: time=  2.4s loss=0.703, TAw acc= 86.6% | lr=1.5e-04
| Epoch  87, time= 31.3s | Train: skip eval | Valid: time=  2.9s loss=0.710, TAw acc= 86.8% | lr=1.3e-04
| Epoch  88, time= 24.8s | Train: skip eval | Valid: time=  2.4s loss=0.711, TAw acc= 86.6% | lr=1.1e-04
| Epoch  89, time= 27.9s | Train: skip eval | Valid: time=  2.4s loss=0.711, TAw acc= 86.4% | lr=1.0e-04
| Epoch  90, time= 24.3s | Train: skip eval | Valid: time=  2.4s loss=0.703, TAw acc= 86.9% | lr=1.0e-04
------------------------------------------------------------------------------------------------------------
>>> Test on task  0 : loss=0.679 | TAw acc= 87.2%, forg= -5.9% | TAg acc= 80.2%, forg=  1.1% <<<
>>> Test on task  1 : loss=0.742 | TAw acc= 84.0%, forg=  0.0% | TAg acc= 73.9%, forg=  0.0% <<<
Save at ./results/./results/resnet50.a1_in1k/inat200/joint/10
[joint] Saved accumulated datasets up to task 1 → ./results/resnet50.a1_in1k/inat200/joint/10/joint_progress
************************************************************************************************************
TAw Acc
	 81.3%   0.0%   0.0%   0.0%   0.0%   0.0%   0.0%   0.0%   0.0%   0.0%   0.0%   0.0%   0.0%   0.0%   0.0%   0.0%   0.0%   0.0%   0.0%   0.0% 	Avg.: 81.3% 
	 87.2%  84.0%   0.0%   0.0%   0.0%   0.0%   0.0%   0.0%   0.0%   0.0%   0.0%   0.0%   0.0%   0.0%   0.0%   0.0%   0.0%   0.0%   0.0%   0.0% 	Avg.: 85.6% 
	  0.0%   0.0%   0.0%   0.0%   0.0%   0.0%   0.0%   0.0%   0.0%   0.0%   0.0%   0.0%   0.0%   0.0%   0.0%   0.0%   0.0%   0.0%   0.0%   0.0% 	Avg.:  0.0% 
	  0.0%   0.0%   0.0%   0.0%   0.0%   0.0%   0.0%   0.0%   0.0%   0.0%   0.0%   0.0%   0.0%   0.0%   0.0%   0.0%   0.0%   0.0%   0.0%   0.0% 	Avg.:  0.0% 
	  0.0%   0.0%   0.0%   0.0%   0.0%   0.0%   0.0%   0.0%   0.0%   0.0%   0.0%   0.0%   0.0%   0.0%   0.0%   0.0%   0.0%   0.0%   0.0%   0.0% 	Avg.:  0.0% 
	  0.0%   0.0%   0.0%   0.0%   0.0%   0.0%   0.0%   0.0%   0.0%   0.0%   0.0%   0.0%   0.0%   0.0%   0.0%   0.0%   0.0%   0.0%   0.0%   0.0% 	Avg.:  0.0% 
	  0.0%   0.0%   0.0%   0.0%   0.0%   0.0%   0.0%   0.0%   0.0%   0.0%   0.0%   0.0%   0.0%   0.0%   0.0%   0.0%   0.0%   0.0%   0.0%   0.0% 	Avg.:  0.0% 
	  0.0%   0.0%   0.0%   0.0%   0.0%   0.0%   0.0%   0.0%   0.0%   0.0%   0.0%   0.0%   0.0%   0.0%   0.0%   0.0%   0.0%   0.0%   0.0%   0.0% 	Avg.:  0.0% 
	  0.0%   0.0%   0.0%   0.0%   0.0%   0.0%   0.0%   0.0%   0.0%   0.0%   0.0%   0.0%   0.0%   0.0%   0.0%   0.0%   0.0%   0.0%   0.0%   0.0% 	Avg.:  0.0% 
	  0.0%   0.0%   0.0%   0.0%   0.0%   0.0%   0.0%   0.0%   0.0%   0.0%   0.0%   0.0%   0.0%   0.0%   0.0%   0.0%   0.0%   0.0%   0.0%   0.0% 	Avg.:  0.0% 
	  0.0%   0.0%   0.0%   0.0%   0.0%   0.0%   0.0%   0.0%   0.0%   0.0%   0.0%   0.0%   0.0%   0.0%   0.0%   0.0%   0.0%   0.0%   0.0%   0.0% 	Avg.:  0.0% 
	  0.0%   0.0%   0.0%   0.0%   0.0%   0.0%   0.0%   0.0%   0.0%   0.0%   0.0%   0.0%   0.0%   0.0%   0.0%   0.0%   0.0%   0.0%   0.0%   0.0% 	Avg.:  0.0% 
	  0.0%   0.0%   0.0%   0.0%   0.0%   0.0%   0.0%   0.0%   0.0%   0.0%   0.0%   0.0%   0.0%   0.0%   0.0%   0.0%   0.0%   0.0%   0.0%   0.0% 	Avg.:  0.0% 
	  0.0%   0.0%   0.0%   0.0%   0.0%   0.0%   0.0%   0.0%   0.0%   0.0%   0.0%   0.0%   0.0%   0.0%   0.0%   0.0%   0.0%   0.0%   0.0%   0.0% 	Avg.:  0.0% 
	  0.0%   0.0%   0.0%   0.0%   0.0%   0.0%   0.0%   0.0%   0.0%   0.0%   0.0%   0.0%   0.0%   0.0%   0.0%   0.0%   0.0%   0.0%   0.0%   0.0% 	Avg.:  0.0% 
	  0.0%   0.0%   0.0%   0.0%   0.0%   0.0%   0.0%   0.0%   0.0%   0.0%   0.0%   0.0%   0.0%   0.0%   0.0%   0.0%   0.0%   0.0%   0.0%   0.0% 	Avg.:  0.0% 
	  0.0%   0.0%   0.0%   0.0%   0.0%   0.0%   0.0%   0.0%   0.0%   0.0%   0.0%   0.0%   0.0%   0.0%   0.0%   0.0%   0.0%   0.0%   0.0%   0.0% 	Avg.:  0.0% 
	  0.0%   0.0%   0.0%   0.0%   0.0%   0.0%   0.0%   0.0%   0.0%   0.0%   0.0%   0.0%   0.0%   0.0%   0.0%   0.0%   0.0%   0.0%   0.0%   0.0% 	Avg.:  0.0% 
	  0.0%   0.0%   0.0%   0.0%   0.0%   0.0%   0.0%   0.0%   0.0%   0.0%   0.0%   0.0%   0.0%   0.0%   0.0%   0.0%   0.0%   0.0%   0.0%   0.0% 	Avg.:  0.0% 
	  0.0%   0.0%   0.0%   0.0%   0.0%   0.0%   0.0%   0.0%   0.0%   0.0%   0.0%   0.0%   0.0%   0.0%   0.0%   0.0%   0.0%   0.0%   0.0%   0.0% 	Avg.:  0.0% 
************************************************************************************************************
TAg Acc
	 81.3%   0.0%   0.0%   0.0%   0.0%   0.0%   0.0%   0.0%   0.0%   0.0%   0.0%   0.0%   0.0%   0.0%   0.0%   0.0%   0.0%   0.0%   0.0%   0.0% 	Avg.: 81.3% 
	 80.2%  73.9%   0.0%   0.0%   0.0%   0.0%   0.0%   0.0%   0.0%   0.0%   0.0%   0.0%   0.0%   0.0%   0.0%   0.0%   0.0%   0.0%   0.0%   0.0% 	Avg.: 77.1% 
	  0.0%   0.0%   0.0%   0.0%   0.0%   0.0%   0.0%   0.0%   0.0%   0.0%   0.0%   0.0%   0.0%   0.0%   0.0%   0.0%   0.0%   0.0%   0.0%   0.0% 	Avg.:  0.0% 
	  0.0%   0.0%   0.0%   0.0%   0.0%   0.0%   0.0%   0.0%   0.0%   0.0%   0.0%   0.0%   0.0%   0.0%   0.0%   0.0%   0.0%   0.0%   0.0%   0.0% 	Avg.:  0.0% 
	  0.0%   0.0%   0.0%   0.0%   0.0%   0.0%   0.0%   0.0%   0.0%   0.0%   0.0%   0.0%   0.0%   0.0%   0.0%   0.0%   0.0%   0.0%   0.0%   0.0% 	Avg.:  0.0% 
	  0.0%   0.0%   0.0%   0.0%   0.0%   0.0%   0.0%   0.0%   0.0%   0.0%   0.0%   0.0%   0.0%   0.0%   0.0%   0.0%   0.0%   0.0%   0.0%   0.0% 	Avg.:  0.0% 
	  0.0%   0.0%   0.0%   0.0%   0.0%   0.0%   0.0%   0.0%   0.0%   0.0%   0.0%   0.0%   0.0%   0.0%   0.0%   0.0%   0.0%   0.0%   0.0%   0.0% 	Avg.:  0.0% 
	  0.0%   0.0%   0.0%   0.0%   0.0%   0.0%   0.0%   0.0%   0.0%   0.0%   0.0%   0.0%   0.0%   0.0%   0.0%   0.0%   0.0%   0.0%   0.0%   0.0% 	Avg.:  0.0% 
	  0.0%   0.0%   0.0%   0.0%   0.0%   0.0%   0.0%   0.0%   0.0%   0.0%   0.0%   0.0%   0.0%   0.0%   0.0%   0.0%   0.0%   0.0%   0.0%   0.0% 	Avg.:  0.0% 
	  0.0%   0.0%   0.0%   0.0%   0.0%   0.0%   0.0%   0.0%   0.0%   0.0%   0.0%   0.0%   0.0%   0.0%   0.0%   0.0%   0.0%   0.0%   0.0%   0.0% 	Avg.:  0.0% 
	  0.0%   0.0%   0.0%   0.0%   0.0%   0.0%   0.0%   0.0%   0.0%   0.0%   0.0%   0.0%   0.0%   0.0%   0.0%   0.0%   0.0%   0.0%   0.0%   0.0% 	Avg.:  0.0% 
	  0.0%   0.0%   0.0%   0.0%   0.0%   0.0%   0.0%   0.0%   0.0%   0.0%   0.0%   0.0%   0.0%   0.0%   0.0%   0.0%   0.0%   0.0%   0.0%   0.0% 	Avg.:  0.0% 
	  0.0%   0.0%   0.0%   0.0%   0.0%   0.0%   0.0%   0.0%   0.0%   0.0%   0.0%   0.0%   0.0%   0.0%   0.0%   0.0%   0.0%   0.0%   0.0%   0.0% 	Avg.:  0.0% 
	  0.0%   0.0%   0.0%   0.0%   0.0%   0.0%   0.0%   0.0%   0.0%   0.0%   0.0%   0.0%   0.0%   0.0%   0.0%   0.0%   0.0%   0.0%   0.0%   0.0% 	Avg.:  0.0% 
	  0.0%   0.0%   0.0%   0.0%   0.0%   0.0%   0.0%   0.0%   0.0%   0.0%   0.0%   0.0%   0.0%   0.0%   0.0%   0.0%   0.0%   0.0%   0.0%   0.0% 	Avg.:  0.0% 
	  0.0%   0.0%   0.0%   0.0%   0.0%   0.0%   0.0%   0.0%   0.0%   0.0%   0.0%   0.0%   0.0%   0.0%   0.0%   0.0%   0.0%   0.0%   0.0%   0.0% 	Avg.:  0.0% 
	  0.0%   0.0%   0.0%   0.0%   0.0%   0.0%   0.0%   0.0%   0.0%   0.0%   0.0%   0.0%   0.0%   0.0%   0.0%   0.0%   0.0%   0.0%   0.0%   0.0% 	Avg.:  0.0% 
	  0.0%   0.0%   0.0%   0.0%   0.0%   0.0%   0.0%   0.0%   0.0%   0.0%   0.0%   0.0%   0.0%   0.0%   0.0%   0.0%   0.0%   0.0%   0.0%   0.0% 	Avg.:  0.0% 
	  0.0%   0.0%   0.0%   0.0%   0.0%   0.0%   0.0%   0.0%   0.0%   0.0%   0.0%   0.0%   0.0%   0.0%   0.0%   0.0%   0.0%   0.0%   0.0%   0.0% 	Avg.:  0.0% 
	  0.0%   0.0%   0.0%   0.0%   0.0%   0.0%   0.0%   0.0%   0.0%   0.0%   0.0%   0.0%   0.0%   0.0%   0.0%   0.0%   0.0%   0.0%   0.0%   0.0% 	Avg.:  0.0% 
************************************************************************************************************
TAw Forg
	  0.0%   0.0%   0.0%   0.0%   0.0%   0.0%   0.0%   0.0%   0.0%   0.0%   0.0%   0.0%   0.0%   0.0%   0.0%   0.0%   0.0%   0.0%   0.0%   0.0% 
	 -5.9%   0.0%   0.0%   0.0%   0.0%   0.0%   0.0%   0.0%   0.0%   0.0%   0.0%   0.0%   0.0%   0.0%   0.0%   0.0%   0.0%   0.0%   0.0%   0.0% 	Avg.: -5.9% 
	  0.0%   0.0%   0.0%   0.0%   0.0%   0.0%   0.0%   0.0%   0.0%   0.0%   0.0%   0.0%   0.0%   0.0%   0.0%   0.0%   0.0%   0.0%   0.0%   0.0% 	Avg.:  0.0% 
	  0.0%   0.0%   0.0%   0.0%   0.0%   0.0%   0.0%   0.0%   0.0%   0.0%   0.0%   0.0%   0.0%   0.0%   0.0%   0.0%   0.0%   0.0%   0.0%   0.0% 	Avg.:  0.0% 
	  0.0%   0.0%   0.0%   0.0%   0.0%   0.0%   0.0%   0.0%   0.0%   0.0%   0.0%   0.0%   0.0%   0.0%   0.0%   0.0%   0.0%   0.0%   0.0%   0.0% 	Avg.:  0.0% 
	  0.0%   0.0%   0.0%   0.0%   0.0%   0.0%   0.0%   0.0%   0.0%   0.0%   0.0%   0.0%   0.0%   0.0%   0.0%   0.0%   0.0%   0.0%   0.0%   0.0% 	Avg.:  0.0% 
	  0.0%   0.0%   0.0%   0.0%   0.0%   0.0%   0.0%   0.0%   0.0%   0.0%   0.0%   0.0%   0.0%   0.0%   0.0%   0.0%   0.0%   0.0%   0.0%   0.0% 	Avg.:  0.0% 
	  0.0%   0.0%   0.0%   0.0%   0.0%   0.0%   0.0%   0.0%   0.0%   0.0%   0.0%   0.0%   0.0%   0.0%   0.0%   0.0%   0.0%   0.0%   0.0%   0.0% 	Avg.:  0.0% 
	  0.0%   0.0%   0.0%   0.0%   0.0%   0.0%   0.0%   0.0%   0.0%   0.0%   0.0%   0.0%   0.0%   0.0%   0.0%   0.0%   0.0%   0.0%   0.0%   0.0% 	Avg.:  0.0% 
	  0.0%   0.0%   0.0%   0.0%   0.0%   0.0%   0.0%   0.0%   0.0%   0.0%   0.0%   0.0%   0.0%   0.0%   0.0%   0.0%   0.0%   0.0%   0.0%   0.0% 	Avg.:  0.0% 
	  0.0%   0.0%   0.0%   0.0%   0.0%   0.0%   0.0%   0.0%   0.0%   0.0%   0.0%   0.0%   0.0%   0.0%   0.0%   0.0%   0.0%   0.0%   0.0%   0.0% 	Avg.:  0.0% 
	  0.0%   0.0%   0.0%   0.0%   0.0%   0.0%   0.0%   0.0%   0.0%   0.0%   0.0%   0.0%   0.0%   0.0%   0.0%   0.0%   0.0%   0.0%   0.0%   0.0% 	Avg.:  0.0% 
	  0.0%   0.0%   0.0%   0.0%   0.0%   0.0%   0.0%   0.0%   0.0%   0.0%   0.0%   0.0%   0.0%   0.0%   0.0%   0.0%   0.0%   0.0%   0.0%   0.0% 	Avg.:  0.0% 
	  0.0%   0.0%   0.0%   0.0%   0.0%   0.0%   0.0%   0.0%   0.0%   0.0%   0.0%   0.0%   0.0%   0.0%   0.0%   0.0%   0.0%   0.0%   0.0%   0.0% 	Avg.:  0.0% 
	  0.0%   0.0%   0.0%   0.0%   0.0%   0.0%   0.0%   0.0%   0.0%   0.0%   0.0%   0.0%   0.0%   0.0%   0.0%   0.0%   0.0%   0.0%   0.0%   0.0% 	Avg.:  0.0% 
	  0.0%   0.0%   0.0%   0.0%   0.0%   0.0%   0.0%   0.0%   0.0%   0.0%   0.0%   0.0%   0.0%   0.0%   0.0%   0.0%   0.0%   0.0%   0.0%   0.0% 	Avg.:  0.0% 
	  0.0%   0.0%   0.0%   0.0%   0.0%   0.0%   0.0%   0.0%   0.0%   0.0%   0.0%   0.0%   0.0%   0.0%   0.0%   0.0%   0.0%   0.0%   0.0%   0.0% 	Avg.:  0.0% 
	  0.0%   0.0%   0.0%   0.0%   0.0%   0.0%   0.0%   0.0%   0.0%   0.0%   0.0%   0.0%   0.0%   0.0%   0.0%   0.0%   0.0%   0.0%   0.0%   0.0% 	Avg.:  0.0% 
	  0.0%   0.0%   0.0%   0.0%   0.0%   0.0%   0.0%   0.0%   0.0%   0.0%   0.0%   0.0%   0.0%   0.0%   0.0%   0.0%   0.0%   0.0%   0.0%   0.0% 	Avg.:  0.0% 
	  0.0%   0.0%   0.0%   0.0%   0.0%   0.0%   0.0%   0.0%   0.0%   0.0%   0.0%   0.0%   0.0%   0.0%   0.0%   0.0%   0.0%   0.0%   0.0%   0.0% 	Avg.:  0.0% 
************************************************************************************************************
TAg Forg
	  0.0%   0.0%   0.0%   0.0%   0.0%   0.0%   0.0%   0.0%   0.0%   0.0%   0.0%   0.0%   0.0%   0.0%   0.0%   0.0%   0.0%   0.0%   0.0%   0.0% 
	  1.1%   0.0%   0.0%   0.0%   0.0%   0.0%   0.0%   0.0%   0.0%   0.0%   0.0%   0.0%   0.0%   0.0%   0.0%   0.0%   0.0%   0.0%   0.0%   0.0% 	Avg.:  1.1% 
	  0.0%   0.0%   0.0%   0.0%   0.0%   0.0%   0.0%   0.0%   0.0%   0.0%   0.0%   0.0%   0.0%   0.0%   0.0%   0.0%   0.0%   0.0%   0.0%   0.0% 	Avg.:  0.0% 
	  0.0%   0.0%   0.0%   0.0%   0.0%   0.0%   0.0%   0.0%   0.0%   0.0%   0.0%   0.0%   0.0%   0.0%   0.0%   0.0%   0.0%   0.0%   0.0%   0.0% 	Avg.:  0.0% 
	  0.0%   0.0%   0.0%   0.0%   0.0%   0.0%   0.0%   0.0%   0.0%   0.0%   0.0%   0.0%   0.0%   0.0%   0.0%   0.0%   0.0%   0.0%   0.0%   0.0% 	Avg.:  0.0% 
	  0.0%   0.0%   0.0%   0.0%   0.0%   0.0%   0.0%   0.0%   0.0%   0.0%   0.0%   0.0%   0.0%   0.0%   0.0%   0.0%   0.0%   0.0%   0.0%   0.0% 	Avg.:  0.0% 
	  0.0%   0.0%   0.0%   0.0%   0.0%   0.0%   0.0%   0.0%   0.0%   0.0%   0.0%   0.0%   0.0%   0.0%   0.0%   0.0%   0.0%   0.0%   0.0%   0.0% 	Avg.:  0.0% 
	  0.0%   0.0%   0.0%   0.0%   0.0%   0.0%   0.0%   0.0%   0.0%   0.0%   0.0%   0.0%   0.0%   0.0%   0.0%   0.0%   0.0%   0.0%   0.0%   0.0% 	Avg.:  0.0% 
	  0.0%   0.0%   0.0%   0.0%   0.0%   0.0%   0.0%   0.0%   0.0%   0.0%   0.0%   0.0%   0.0%   0.0%   0.0%   0.0%   0.0%   0.0%   0.0%   0.0% 	Avg.:  0.0% 
	  0.0%   0.0%   0.0%   0.0%   0.0%   0.0%   0.0%   0.0%   0.0%   0.0%   0.0%   0.0%   0.0%   0.0%   0.0%   0.0%   0.0%   0.0%   0.0%   0.0% 	Avg.:  0.0% 
	  0.0%   0.0%   0.0%   0.0%   0.0%   0.0%   0.0%   0.0%   0.0%   0.0%   0.0%   0.0%   0.0%   0.0%   0.0%   0.0%   0.0%   0.0%   0.0%   0.0% 	Avg.:  0.0% 
	  0.0%   0.0%   0.0%   0.0%   0.0%   0.0%   0.0%   0.0%   0.0%   0.0%   0.0%   0.0%   0.0%   0.0%   0.0%   0.0%   0.0%   0.0%   0.0%   0.0% 	Avg.:  0.0% 
	  0.0%   0.0%   0.0%   0.0%   0.0%   0.0%   0.0%   0.0%   0.0%   0.0%   0.0%   0.0%   0.0%   0.0%   0.0%   0.0%   0.0%   0.0%   0.0%   0.0% 	Avg.:  0.0% 
	  0.0%   0.0%   0.0%   0.0%   0.0%   0.0%   0.0%   0.0%   0.0%   0.0%   0.0%   0.0%   0.0%   0.0%   0.0%   0.0%   0.0%   0.0%   0.0%   0.0% 	Avg.:  0.0% 
	  0.0%   0.0%   0.0%   0.0%   0.0%   0.0%   0.0%   0.0%   0.0%   0.0%   0.0%   0.0%   0.0%   0.0%   0.0%   0.0%   0.0%   0.0%   0.0%   0.0% 	Avg.:  0.0% 
	  0.0%   0.0%   0.0%   0.0%   0.0%   0.0%   0.0%   0.0%   0.0%   0.0%   0.0%   0.0%   0.0%   0.0%   0.0%   0.0%   0.0%   0.0%   0.0%   0.0% 	Avg.:  0.0% 
	  0.0%   0.0%   0.0%   0.0%   0.0%   0.0%   0.0%   0.0%   0.0%   0.0%   0.0%   0.0%   0.0%   0.0%   0.0%   0.0%   0.0%   0.0%   0.0%   0.0% 	Avg.:  0.0% 
	  0.0%   0.0%   0.0%   0.0%   0.0%   0.0%   0.0%   0.0%   0.0%   0.0%   0.0%   0.0%   0.0%   0.0%   0.0%   0.0%   0.0%   0.0%   0.0%   0.0% 	Avg.:  0.0% 
	  0.0%   0.0%   0.0%   0.0%   0.0%   0.0%   0.0%   0.0%   0.0%   0.0%   0.0%   0.0%   0.0%   0.0%   0.0%   0.0%   0.0%   0.0%   0.0%   0.0% 	Avg.:  0.0% 
	  0.0%   0.0%   0.0%   0.0%   0.0%   0.0%   0.0%   0.0%   0.0%   0.0%   0.0%   0.0%   0.0%   0.0%   0.0%   0.0%   0.0%   0.0%   0.0%   0.0% 	Avg.:  0.0% 
************************************************************************************************************
[Elapsed time = 0.8 h]
Done!
