START_TASK=5 STOP_TASK=6
============================================================================================================
Arguments =
	approach: eeil
	batch_size: 64
	classes_first_task: None
	clipping: 10000
	crop: 224
	data_path: ../data/food101
	dataset: food101
	eval_on_train: False
	experiment_path: None
	fix_bn: False
	freeze_backbone: False
	gpu: 0
	gpus: [0]
	increment: 10
	last_layer_analysis: True
	log: ['disk']
	lr: 0.01
	lr_factor: None
	lr_min: 0.0001
	lr_patience: None
	lr_scheduler: cosine
	lr_warmup_epochs: 0
	momentum: 0.0
	multi_softmax: False
	nepochs: 70
	network: vit_base_patch16_224.orig_in21k
	no_cudnn_deterministic: False
	normalize: in21k
	num_workers: 2
	optimizer_name: sgd
	pin_memory: False
	pretrained: True
	resize: 224
	results_path: ./results
	save_models: True
	seed: 0
	start_at_task: 5
	start_epoch: 0
	stop_at_task: 6
	stop_epoch: 0
	use_valid_only: False
	warmup_lr_factor: 1.0
	warmup_nepochs: 0
	weight_decay: 0.0
============================================================================================================
Approach arguments =
	T: 2
	lamb: 1.0
	lr_finetuning_factor: 0.01
	nepochs_finetuning: 40
	noise_grad: False
============================================================================================================
Exemplars arguments =
	exemplar_selection: random
	num_exemplars: 2000
============================================================================================================
WARNING: ./results/vit_base_patch16_224.orig_in21k/food101/eeil/10 already exists!
Loaded acc_taw from: ./results/vit_base_patch16_224.orig_in21k/food101/eeil/10/acc_taw-4.txt
Loaded acc_tag from: ./results/vit_base_patch16_224.orig_in21k/food101/eeil/10/acc_tag-4.txt
Loaded forg_taw from: ./results/vit_base_patch16_224.orig_in21k/food101/eeil/10/forg_taw-4.txt
Loaded forg_tag from: ./results/vit_base_patch16_224.orig_in21k/food101/eeil/10/forg_tag-4.txt
Loaded 2000 exemplars from ./results/vit_base_patch16_224.orig_in21k/food101/eeil/10/task4_exemplars.pth
************************************************************************************************************
Task  5  [epochs 0-70]
************************************************************************************************************
[params] total:85,844,796  trainable:85,844,796  tensors:162  trainable_tensors:162
| Epoch   1, time= 83.2s | Train: skip eval | Valid: time=  4.5s loss=2.183, TAw acc= 89.3% | * lr=1.0e-02
| Epoch   2, time= 83.9s | Train: skip eval | Valid: time=  4.6s loss=1.600, TAw acc= 92.3% | * lr=1.0e-02
| Epoch   3, time= 84.9s | Train: skip eval | Valid: time=  4.6s loss=1.444, TAw acc= 93.1% | * lr=1.0e-02
| Epoch   4, time= 85.3s | Train: skip eval | Valid: time=  4.5s loss=1.420, TAw acc= 93.3% | * lr=9.9e-03
| Epoch   5, time= 85.7s | Train: skip eval | Valid: time=  4.6s loss=1.379, TAw acc= 93.3% | * lr=9.9e-03
| Epoch   6, time= 86.1s | Train: skip eval | Valid: time=  4.6s loss=1.362, TAw acc= 93.3% | * lr=9.8e-03
| Epoch   7, time= 86.2s | Train: skip eval | Valid: time=  4.7s loss=1.346, TAw acc= 93.9% | * lr=9.8e-03
| Epoch   8, time= 86.4s | Train: skip eval | Valid: time=  4.5s loss=1.334, TAw acc= 94.0% | * lr=9.7e-03
| Epoch   9, time= 86.5s | Train: skip eval | Valid: time=  4.6s loss=1.351, TAw acc= 94.0% | lr=9.6e-03
| Epoch  10, time= 86.4s | Train: skip eval | Valid: time=  4.6s loss=1.330, TAw acc= 94.3% | * lr=9.5e-03
| Epoch  11, time= 86.5s | Train: skip eval | Valid: time=  4.6s loss=1.323, TAw acc= 94.1% | * lr=9.4e-03
| Epoch  12, time= 86.6s | Train: skip eval | Valid: time=  4.6s loss=1.322, TAw acc= 94.0% | * lr=9.3e-03
| Epoch  13, time= 86.6s | Train: skip eval | Valid: time=  4.6s loss=1.327, TAw acc= 94.3% | lr=9.2e-03
| Epoch  14, time= 86.5s | Train: skip eval | Valid: time=  4.6s loss=1.304, TAw acc= 94.9% | * lr=9.1e-03
| Epoch  15, time= 86.4s | Train: skip eval | Valid: time=  4.8s loss=1.307, TAw acc= 94.5% | lr=8.9e-03
| Epoch  16, time= 86.6s | Train: skip eval | Valid: time=  4.5s loss=1.291, TAw acc= 94.9% | * lr=8.8e-03
| Epoch  17, time= 86.5s | Train: skip eval | Valid: time=  4.7s loss=1.298, TAw acc= 94.5% | lr=8.6e-03
| Epoch  18, time= 86.7s | Train: skip eval | Valid: time=  4.6s loss=1.304, TAw acc= 94.9% | lr=8.5e-03
| Epoch  19, time= 86.8s | Train: skip eval | Valid: time=  4.7s loss=1.295, TAw acc= 95.6% | lr=8.3e-03
| Epoch  20, time= 85.8s | Train: skip eval | Valid: time=  4.6s loss=1.291, TAw acc= 94.8% | lr=8.1e-03
| Epoch  21, time= 86.4s | Train: skip eval | Valid: time=  4.6s loss=1.288, TAw acc= 95.5% | * lr=8.0e-03
| Epoch  22, time= 86.3s | Train: skip eval | Valid: time=  4.8s loss=1.314, TAw acc= 94.9% | lr=7.8e-03
| Epoch  23, time= 86.6s | Train: skip eval | Valid: time=  4.5s loss=1.301, TAw acc= 95.3% | lr=7.6e-03
| Epoch  24, time= 86.8s | Train: skip eval | Valid: time=  4.8s loss=1.300, TAw acc= 94.8% | lr=7.4e-03
| Epoch  25, time= 86.6s | Train: skip eval | Valid: time=  4.6s loss=1.300, TAw acc= 94.9% | lr=7.2e-03
| Epoch  26, time= 86.4s | Train: skip eval | Valid: time=  4.6s loss=1.304, TAw acc= 95.6% | lr=7.0e-03
| Epoch  27, time= 86.4s | Train: skip eval | Valid: time=  4.5s loss=1.282, TAw acc= 95.6% | * lr=6.8e-03
| Epoch  28, time= 86.6s | Train: skip eval | Valid: time=  4.6s loss=1.288, TAw acc= 95.2% | lr=6.6e-03
| Epoch  29, time= 86.6s | Train: skip eval | Valid: time=  4.7s loss=1.288, TAw acc= 95.5% | lr=6.4e-03
| Epoch  30, time= 86.5s | Train: skip eval | Valid: time=  4.6s loss=1.294, TAw acc= 95.3% | lr=6.2e-03
| Epoch  31, time= 86.7s | Train: skip eval | Valid: time=  4.7s loss=1.288, TAw acc= 95.1% | lr=5.9e-03
| Epoch  32, time= 86.6s | Train: skip eval | Valid: time=  4.6s loss=1.300, TAw acc= 95.5% | lr=5.7e-03
| Epoch  33, time= 85.7s | Train: skip eval | Valid: time=  4.5s loss=1.290, TAw acc= 95.1% | lr=5.5e-03
| Epoch  34, time= 86.3s | Train: skip eval | Valid: time=  4.6s loss=1.303, TAw acc= 95.1% | lr=5.3e-03
| Epoch  35, time= 86.4s | Train: skip eval | Valid: time=  4.6s loss=1.294, TAw acc= 95.3% | lr=5.1e-03
| Epoch  36, time= 86.3s | Train: skip eval | Valid: time=  4.5s loss=1.302, TAw acc= 95.1% | lr=4.8e-03
| Epoch  37, time= 85.7s | Train: skip eval | Valid: time=  4.6s loss=1.280, TAw acc= 95.6% | * lr=4.6e-03
| Epoch  38, time= 85.9s | Train: skip eval | Valid: time=  4.7s loss=1.288, TAw acc= 95.7% | lr=4.4e-03
| Epoch  39, time= 86.3s | Train: skip eval | Valid: time=  4.7s loss=1.284, TAw acc= 95.3% | lr=4.2e-03
| Epoch  40, time= 86.3s | Train: skip eval | Valid: time=  4.6s loss=1.292, TAw acc= 95.2% | lr=3.9e-03
| Epoch  41, time= 86.2s | Train: skip eval | Valid: time=  4.6s loss=1.287, TAw acc= 95.1% | lr=3.7e-03
| Epoch  42, time= 85.4s | Train: skip eval | Valid: time=  4.6s loss=1.286, TAw acc= 95.3% | lr=3.5e-03
| Epoch  43, time= 86.0s | Train: skip eval | Valid: time=  4.8s loss=1.281, TAw acc= 95.2% | lr=3.3e-03
| Epoch  44, time= 86.3s | Train: skip eval | Valid: time=  4.6s loss=1.292, TAw acc= 95.1% | lr=3.1e-03
| Epoch  45, time= 86.6s | Train: skip eval | Valid: time=  4.7s loss=1.285, TAw acc= 95.5% | lr=2.9e-03
| Epoch  46, time= 86.6s | Train: skip eval | Valid: time=  4.6s loss=1.283, TAw acc= 94.8% | lr=2.7e-03
| Epoch  47, time= 86.6s | Train: skip eval | Valid: time=  4.6s loss=1.281, TAw acc= 95.1% | lr=2.5e-03
| Epoch  48, time= 86.1s | Train: skip eval | Valid: time=  4.6s loss=1.286, TAw acc= 95.2% | lr=2.3e-03
| Epoch  49, time= 86.3s | Train: skip eval | Valid: time=  4.5s loss=1.285, TAw acc= 94.9% | lr=2.1e-03
| Epoch  50, time= 86.1s | Train: skip eval | Valid: time=  4.6s loss=1.287, TAw acc= 94.8% | lr=2.0e-03
| Epoch  51, time= 86.2s | Train: skip eval | Valid: time=  4.6s loss=1.286, TAw acc= 95.1% | lr=1.8e-03
| Epoch  52, time= 86.2s | Train: skip eval | Valid: time=  4.6s loss=1.282, TAw acc= 95.2% | lr=1.6e-03
| Epoch  53, time= 86.2s | Train: skip eval | Valid: time=  4.7s loss=1.279, TAw acc= 95.2% | * lr=1.5e-03
| Epoch  54, time= 86.2s | Train: skip eval | Valid: time=  4.6s loss=1.282, TAw acc= 95.3% | lr=1.3e-03
| Epoch  55, time= 85.6s | Train: skip eval | Valid: time=  4.7s loss=1.283, TAw acc= 95.3% | lr=1.2e-03
| Epoch  56, time= 86.2s | Train: skip eval | Valid: time=  4.7s loss=1.280, TAw acc= 95.2% | lr=1.0e-03
| Epoch  57, time= 86.3s | Train: skip eval | Valid: time=  4.6s loss=1.284, TAw acc= 95.5% | lr=9.2e-04
| Epoch  58, time= 86.4s | Train: skip eval | Valid: time=  4.6s loss=1.283, TAw acc= 95.2% | lr=8.0e-04
| Epoch  59, time= 86.6s | Train: skip eval | Valid: time=  4.6s loss=1.279, TAw acc= 95.3% | * lr=6.9e-04
| Epoch  60, time= 86.6s | Train: skip eval | Valid: time=  4.7s loss=1.281, TAw acc= 95.3% | lr=5.9e-04
| Epoch  61, time= 86.4s | Train: skip eval | Valid: time=  4.6s loss=1.281, TAw acc= 95.2% | lr=5.0e-04
| Epoch  62, time= 85.7s | Train: skip eval | Valid: time=  4.5s loss=1.280, TAw acc= 95.5% | lr=4.2e-04
| Epoch  63, time= 86.0s | Train: skip eval | Valid: time=  4.6s loss=1.282, TAw acc= 95.2% | lr=3.4e-04
| Epoch  64, time= 86.1s | Train: skip eval | Valid: time=  4.6s loss=1.281, TAw acc= 95.3% | lr=2.8e-04
| Epoch  65, time= 86.1s | Train: skip eval | Valid: time=  4.6s loss=1.281, TAw acc= 95.3% | lr=2.2e-04
| Epoch  66, time= 85.6s | Train: skip eval | Valid: time=  4.7s loss=1.281, TAw acc= 95.2% | lr=1.8e-04
| Epoch  67, time= 85.6s | Train: skip eval | Valid: time=  4.6s loss=1.282, TAw acc= 95.3% | lr=1.4e-04
| Epoch  68, time= 86.1s | Train: skip eval | Valid: time=  4.5s loss=1.281, TAw acc= 95.3% | lr=1.2e-04
| Epoch  69, time= 85.6s | Train: skip eval | Valid: time=  4.5s loss=1.282, TAw acc= 95.3% | lr=1.0e-04
| Epoch  70, time= 85.8s | Train: skip eval | Valid: time=  4.7s loss=1.281, TAw acc= 95.3% | lr=1.0e-04
[params] total:85,844,796  trainable:85,844,796  tensors:162  trainable_tensors:162
| Epoch   1, time= 39.7s | Train: skip eval | Valid: time=  4.6s loss=1.549, TAw acc= 95.5% | * lr=1.0e-04
| Epoch   2, time= 39.6s | Train: skip eval | Valid: time=  4.6s loss=1.552, TAw acc= 95.5% | lr=1.0e-04
| Epoch   3, time= 39.8s | Train: skip eval | Valid: time=  4.6s loss=1.554, TAw acc= 95.3% | lr=1.0e-04
| Epoch   4, time= 39.7s | Train: skip eval | Valid: time=  4.6s loss=1.556, TAw acc= 95.5% | lr=1.0e-04
| Epoch   5, time= 39.7s | Train: skip eval | Valid: time=  4.6s loss=1.558, TAw acc= 95.5% | lr=1.0e-04
| Epoch   6, time= 39.7s | Train: skip eval | Valid: time=  4.6s loss=1.560, TAw acc= 95.5% | lr=1.0e-04
| Epoch   7, time= 39.9s | Train: skip eval | Valid: time=  4.6s loss=1.561, TAw acc= 95.5% | lr=1.0e-04
| Epoch   8, time= 39.6s | Train: skip eval | Valid: time=  4.5s loss=1.562, TAw acc= 95.3% | lr=1.0e-04
| Epoch   9, time= 39.4s | Train: skip eval | Valid: time=  4.5s loss=1.564, TAw acc= 95.3% | lr=1.0e-04
| Epoch  10, time= 39.4s | Train: skip eval | Valid: time=  4.6s loss=1.564, TAw acc= 95.3% | lr=1.0e-04
| Epoch  11, time= 39.6s | Train: skip eval | Valid: time=  4.7s loss=1.566, TAw acc= 95.3% | lr=1.0e-04
| Epoch  12, time= 39.5s | Train: skip eval | Valid: time=  4.7s loss=1.566, TAw acc= 95.3% | lr=1.0e-04
| Epoch  13, time= 39.6s | Train: skip eval | Valid: time=  4.6s loss=1.566, TAw acc= 95.3% | lr=1.0e-04
| Epoch  14, time= 39.4s | Train: skip eval | Valid: time=  4.8s loss=1.567, TAw acc= 95.3% | lr=1.0e-04
| Epoch  15, time= 39.5s | Train: skip eval | Valid: time=  4.6s loss=1.567, TAw acc= 95.3% | lr=1.0e-04
| Epoch  16, time= 39.4s | Train: skip eval | Valid: time=  4.6s loss=1.568, TAw acc= 95.3% | lr=1.0e-04
| Epoch  17, time= 39.6s | Train: skip eval | Valid: time=  4.6s loss=1.568, TAw acc= 95.3% | lr=1.0e-04
| Epoch  18, time= 39.7s | Train: skip eval | Valid: time=  4.6s loss=1.569, TAw acc= 95.3% | lr=1.0e-04
| Epoch  19, time= 39.6s | Train: skip eval | Valid: time=  4.6s loss=1.569, TAw acc= 95.3% | lr=1.0e-04
| Epoch  20, time= 39.6s | Train: skip eval | Valid: time=  4.6s loss=1.570, TAw acc= 95.3% | lr=1.0e-04
| Epoch  21, time= 39.5s | Train: skip eval | Valid: time=  4.6s loss=1.571, TAw acc= 95.3% | lr=1.0e-04
| Epoch  22, time= 39.6s | Train: skip eval | Valid: time=  4.5s loss=1.570, TAw acc= 95.5% | lr=1.0e-04
| Epoch  23, time= 39.6s | Train: skip eval | Valid: time=  4.6s loss=1.571, TAw acc= 95.5% | lr=1.0e-04
| Epoch  24, time= 39.6s | Train: skip eval | Valid: time=  4.6s loss=1.572, TAw acc= 95.3% | lr=1.0e-04
| Epoch  25, time= 39.8s | Train: skip eval | Valid: time=  4.7s loss=1.572, TAw acc= 95.5% | lr=1.0e-04
| Epoch  26, time= 39.9s | Train: skip eval | Valid: time=  4.6s loss=1.572, TAw acc= 95.3% | lr=1.0e-04
| Epoch  27, time= 39.8s | Train: skip eval | Valid: time=  4.6s loss=1.572, TAw acc= 95.3% | lr=1.0e-04
| Epoch  28, time= 39.8s | Train: skip eval | Valid: time=  4.7s loss=1.572, TAw acc= 95.3% | lr=1.0e-04
| Epoch  29, time= 39.8s | Train: skip eval | Valid: time=  4.6s loss=1.571, TAw acc= 95.3% | lr=1.0e-04
| Epoch  30, time= 39.7s | Train: skip eval | Valid: time=  4.7s loss=1.571, TAw acc= 95.3% | lr=1.0e-04
| Epoch  31, time= 39.6s | Train: skip eval | Valid: time=  4.6s loss=1.571, TAw acc= 95.3% | lr=1.0e-04
| Epoch  32, time= 39.5s | Train: skip eval | Valid: time=  4.6s loss=1.572, TAw acc= 95.3% | lr=1.0e-04
| Epoch  33, time= 39.5s | Train: skip eval | Valid: time=  4.6s loss=1.571, TAw acc= 95.3% | lr=1.0e-04
| Epoch  34, time= 39.3s | Train: skip eval | Valid: time=  4.6s loss=1.572, TAw acc= 95.3% | lr=1.0e-04
| Epoch  35, time= 39.5s | Train: skip eval | Valid: time=  4.5s loss=1.572, TAw acc= 95.3% | lr=1.0e-04
| Epoch  36, time= 39.4s | Train: skip eval | Valid: time=  4.6s loss=1.572, TAw acc= 95.3% | lr=1.0e-04
| Epoch  37, time= 39.3s | Train: skip eval | Valid: time=  4.6s loss=1.573, TAw acc= 95.2% | lr=1.0e-04
| Epoch  38, time= 39.4s | Train: skip eval | Valid: time=  4.6s loss=1.573, TAw acc= 95.2% | lr=1.0e-04
| Epoch  39, time= 39.6s | Train: skip eval | Valid: time=  4.6s loss=1.573, TAw acc= 95.2% | lr=1.0e-04
| Epoch  40, time= 39.5s | Train: skip eval | Valid: time=  4.7s loss=1.573, TAw acc= 95.2% | lr=1.0e-04
| Selected 2040 train exemplars, time=  2.3s
------------------------------------------------------------------------------------------------------------
>>> Test on task  0 : loss=0.751 | TAw acc= 96.3%, forg=  1.0% | TAg acc= 82.3%, forg= 15.0% <<<
>>> Test on task  1 : loss=0.998 | TAw acc= 98.1%, forg=  0.5% | TAg acc= 81.7%, forg= 16.3% <<<
>>> Test on task  2 : loss=1.303 | TAw acc= 96.7%, forg=  0.7% | TAg acc= 80.9%, forg= 16.2% <<<
>>> Test on task  3 : loss=1.419 | TAw acc= 98.2%, forg=  0.6% | TAg acc= 84.2%, forg= 13.8% <<<
>>> Test on task  4 : loss=1.638 | TAw acc= 97.4%, forg=  0.2% | TAg acc= 85.4%, forg= 11.4% <<<
>>> Test on task  5 : loss=1.492 | TAw acc= 97.6%, forg=  0.0% | TAg acc= 96.8%, forg=  0.0% <<<
Save at ./results/./results/vit_base_patch16_224.orig_in21k/food101/eeil/10
************************************************************************************************************
TAw Acc
	 97.3%   0.0%   0.0%   0.0%   0.0%   0.0%   0.0%   0.0%   0.0%   0.0% 	Avg.: 97.3% 
	 96.9%  98.6%   0.0%   0.0%   0.0%   0.0%   0.0%   0.0%   0.0%   0.0% 	Avg.: 97.8% 
	 96.6%  98.4%  97.4%   0.0%   0.0%   0.0%   0.0%   0.0%   0.0%   0.0% 	Avg.: 97.5% 
	 96.7%  98.3%  97.4%  98.7%   0.0%   0.0%   0.0%   0.0%   0.0%   0.0% 	Avg.: 97.8% 
	 96.3%  98.4%  96.9%  98.4%  97.6%   0.0%   0.0%   0.0%   0.0%   0.0% 	Avg.: 97.5% 
	 96.3%  98.1%  96.7%  98.2%  97.4%  97.6%   0.0%   0.0%   0.0%   0.0% 	Avg.: 97.4% 
	  0.0%   0.0%   0.0%   0.0%   0.0%   0.0%   0.0%   0.0%   0.0%   0.0% 	Avg.:  0.0% 
	  0.0%   0.0%   0.0%   0.0%   0.0%   0.0%   0.0%   0.0%   0.0%   0.0% 	Avg.:  0.0% 
	  0.0%   0.0%   0.0%   0.0%   0.0%   0.0%   0.0%   0.0%   0.0%   0.0% 	Avg.:  0.0% 
	  0.0%   0.0%   0.0%   0.0%   0.0%   0.0%   0.0%   0.0%   0.0%   0.0% 	Avg.:  0.0% 
************************************************************************************************************
TAg Acc
	 97.3%   0.0%   0.0%   0.0%   0.0%   0.0%   0.0%   0.0%   0.0%   0.0% 	Avg.: 97.3% 
	 93.2%  98.0%   0.0%   0.0%   0.0%   0.0%   0.0%   0.0%   0.0%   0.0% 	Avg.: 95.6% 
	 91.4%  91.8%  97.0%   0.0%   0.0%   0.0%   0.0%   0.0%   0.0%   0.0% 	Avg.: 93.4% 
	 89.8%  88.0%  89.9%  98.0%   0.0%   0.0%   0.0%   0.0%   0.0%   0.0% 	Avg.: 91.4% 
	 83.9%  83.3%  80.0%  87.8%  96.8%   0.0%   0.0%   0.0%   0.0%   0.0% 	Avg.: 86.4% 
	 82.3%  81.7%  80.9%  84.2%  85.4%  96.8%   0.0%   0.0%   0.0%   0.0% 	Avg.: 85.2% 
	  0.0%   0.0%   0.0%   0.0%   0.0%   0.0%   0.0%   0.0%   0.0%   0.0% 	Avg.:  0.0% 
	  0.0%   0.0%   0.0%   0.0%   0.0%   0.0%   0.0%   0.0%   0.0%   0.0% 	Avg.:  0.0% 
	  0.0%   0.0%   0.0%   0.0%   0.0%   0.0%   0.0%   0.0%   0.0%   0.0% 	Avg.:  0.0% 
	  0.0%   0.0%   0.0%   0.0%   0.0%   0.0%   0.0%   0.0%   0.0%   0.0% 	Avg.:  0.0% 
************************************************************************************************************
TAw Forg
	  0.0%   0.0%   0.0%   0.0%   0.0%   0.0%   0.0%   0.0%   0.0%   0.0% 
	  0.4%   0.0%   0.0%   0.0%   0.0%   0.0%   0.0%   0.0%   0.0%   0.0% 	Avg.:  0.4% 
	  0.7%   0.3%   0.0%   0.0%   0.0%   0.0%   0.0%   0.0%   0.0%   0.0% 	Avg.:  0.5% 
	  0.6%   0.4%   0.0%   0.0%   0.0%   0.0%   0.0%   0.0%   0.0%   0.0% 	Avg.:  0.3% 
	  1.0%   0.3%   0.5%   0.3%   0.0%   0.0%   0.0%   0.0%   0.0%   0.0% 	Avg.:  0.5% 
	  1.0%   0.5%   0.7%   0.6%   0.2%   0.0%   0.0%   0.0%   0.0%   0.0% 	Avg.:  0.6% 
	  0.0%   0.0%   0.0%   0.0%   0.0%   0.0%   0.0%   0.0%   0.0%   0.0% 	Avg.:  0.0% 
	  0.0%   0.0%   0.0%   0.0%   0.0%   0.0%   0.0%   0.0%   0.0%   0.0% 	Avg.:  0.0% 
	  0.0%   0.0%   0.0%   0.0%   0.0%   0.0%   0.0%   0.0%   0.0%   0.0% 	Avg.:  0.0% 
	  0.0%   0.0%   0.0%   0.0%   0.0%   0.0%   0.0%   0.0%   0.0%   0.0% 	Avg.:  0.0% 
************************************************************************************************************
TAg Forg
	  0.0%   0.0%   0.0%   0.0%   0.0%   0.0%   0.0%   0.0%   0.0%   0.0% 
	  4.2%   0.0%   0.0%   0.0%   0.0%   0.0%   0.0%   0.0%   0.0%   0.0% 	Avg.:  4.2% 
	  5.9%   6.1%   0.0%   0.0%   0.0%   0.0%   0.0%   0.0%   0.0%   0.0% 	Avg.:  6.0% 
	  7.5%  10.0%   7.2%   0.0%   0.0%   0.0%   0.0%   0.0%   0.0%   0.0% 	Avg.:  8.2% 
	 13.4%  14.7%  17.0%  10.1%   0.0%   0.0%   0.0%   0.0%   0.0%   0.0% 	Avg.: 13.8% 
	 15.0%  16.3%  16.2%  13.8%  11.4%   0.0%   0.0%   0.0%   0.0%   0.0% 	Avg.: 14.5% 
	  0.0%   0.0%   0.0%   0.0%   0.0%   0.0%   0.0%   0.0%   0.0%   0.0% 	Avg.:  0.0% 
	  0.0%   0.0%   0.0%   0.0%   0.0%   0.0%   0.0%   0.0%   0.0%   0.0% 	Avg.:  0.0% 
	  0.0%   0.0%   0.0%   0.0%   0.0%   0.0%   0.0%   0.0%   0.0%   0.0% 	Avg.:  0.0% 
	  0.0%   0.0%   0.0%   0.0%   0.0%   0.0%   0.0%   0.0%   0.0%   0.0% 	Avg.:  0.0% 
************************************************************************************************************
[Elapsed time = 2.3 h]
Done!
