START_TASK=3 STOP_TASK=4
============================================================================================================
Arguments =
	approach: freezing
	batch_size: 64
	classes_first_task: None
	clipping: 10000
	crop: 224
	dataset: cifar100
	eval_on_train: False
	experiment_path: None
	fix_bn: True
	freeze_backbone: True
	gpu: 0
	gpus: [0]
	increment: 10
	last_layer_analysis: False
	log: ['disk']
	lr: 0.01
	lr_factor: None
	lr_min: 0.0001
	lr_patience: None
	lr_scheduler: cosine
	lr_warmup_epochs: 0
	momentum: 0.0
	multi_softmax: False
	nepochs: 50
	network: vit_base_patch16_224.orig_in21k
	no_cudnn_deterministic: False
	normalize: in21k
	num_workers: 2
	optimizer_name: sgd
	pin_memory: False
	pretrained: True
	resize: 224
	results_path: ./results
	save_models: True
	seed: 0
	start_at_task: 3
	start_epoch: 0
	stop_at_task: 4
	stop_epoch: 0
	use_valid_only: False
	warmup_lr_factor: 1.0
	warmup_nepochs: 0
	weight_decay: 0.0
============================================================================================================
Approach arguments =
============================================================================================================
Exemplars arguments =
============================================================================================================
WARNING: ./results/vit_base_patch16_224.orig_in21k/cifar100/freezing/10 already exists!
Loaded acc_taw from: ./results/vit_base_patch16_224.orig_in21k/cifar100/freezing/10/acc_taw-2.txt
Loaded acc_tag from: ./results/vit_base_patch16_224.orig_in21k/cifar100/freezing/10/acc_tag-2.txt
Loaded forg_taw from: ./results/vit_base_patch16_224.orig_in21k/cifar100/freezing/10/forg_taw-2.txt
Loaded forg_tag from: ./results/vit_base_patch16_224.orig_in21k/cifar100/freezing/10/forg_tag-2.txt
************************************************************************************************************
Task  3  [epochs 0-50]
************************************************************************************************************
[DEBUG] trainable params -> backbone:0 heads:30760 total:30760
[params] total:85,829,416  trainable:30,760  tensors:158  trainable_tensors:8
| Epoch   1, time= 12.5s | Train: skip eval | Valid: time=  1.5s loss=2.025, TAw acc= 79.4% | * lr=1.0e-02
| Epoch   2, time= 12.1s | Train: skip eval | Valid: time=  1.5s loss=1.786, TAw acc= 88.8% | * lr=1.0e-02
| Epoch   3, time= 12.0s | Train: skip eval | Valid: time=  1.5s loss=1.578, TAw acc= 90.6% | * lr=9.9e-03
| Epoch   4, time= 12.2s | Train: skip eval | Valid: time=  1.5s loss=1.398, TAw acc= 91.2% | * lr=9.8e-03
| Epoch   5, time= 12.2s | Train: skip eval | Valid: time=  1.5s loss=1.248, TAw acc= 91.4% | * lr=9.8e-03
| Epoch   6, time= 12.2s | Train: skip eval | Valid: time=  1.5s loss=1.122, TAw acc= 92.0% | * lr=9.7e-03
| Epoch   7, time= 11.8s | Train: skip eval | Valid: time=  1.5s loss=1.018, TAw acc= 92.2% | * lr=9.5e-03
| Epoch   8, time= 12.0s | Train: skip eval | Valid: time=  1.5s loss=0.932, TAw acc= 92.2% | * lr=9.4e-03
| Epoch   9, time= 12.1s | Train: skip eval | Valid: time=  1.5s loss=0.861, TAw acc= 92.2% | * lr=9.2e-03
| Epoch  10, time= 11.8s | Train: skip eval | Valid: time=  1.5s loss=0.801, TAw acc= 92.4% | * lr=9.1e-03
| Epoch  11, time= 12.1s | Train: skip eval | Valid: time=  1.5s loss=0.751, TAw acc= 92.4% | * lr=8.9e-03
| Epoch  12, time= 11.8s | Train: skip eval | Valid: time=  1.5s loss=0.709, TAw acc= 92.4% | * lr=8.7e-03
| Epoch  13, time= 12.1s | Train: skip eval | Valid: time=  1.5s loss=0.673, TAw acc= 92.4% | * lr=8.4e-03
| Epoch  14, time= 12.1s | Train: skip eval | Valid: time=  1.5s loss=0.642, TAw acc= 92.4% | * lr=8.2e-03
| Epoch  15, time= 12.1s | Train: skip eval | Valid: time=  1.5s loss=0.616, TAw acc= 92.6% | * lr=8.0e-03
| Epoch  16, time= 11.9s | Train: skip eval | Valid: time=  1.5s loss=0.593, TAw acc= 92.6% | * lr=7.7e-03
| Epoch  17, time= 11.9s | Train: skip eval | Valid: time=  1.5s loss=0.572, TAw acc= 92.6% | * lr=7.4e-03
| Epoch  18, time= 11.7s | Train: skip eval | Valid: time=  1.5s loss=0.554, TAw acc= 92.6% | * lr=7.2e-03
| Epoch  19, time= 12.1s | Train: skip eval | Valid: time=  1.5s loss=0.539, TAw acc= 92.6% | * lr=6.9e-03
| Epoch  20, time= 11.7s | Train: skip eval | Valid: time=  1.5s loss=0.525, TAw acc= 92.6% | * lr=6.6e-03
| Epoch  21, time= 12.2s | Train: skip eval | Valid: time=  1.5s loss=0.513, TAw acc= 92.6% | * lr=6.3e-03
| Epoch  22, time= 12.2s | Train: skip eval | Valid: time=  1.5s loss=0.503, TAw acc= 92.6% | * lr=6.0e-03
| Epoch  23, time= 12.0s | Train: skip eval | Valid: time=  1.5s loss=0.493, TAw acc= 92.6% | * lr=5.7e-03
| Epoch  24, time= 11.7s | Train: skip eval | Valid: time=  1.5s loss=0.484, TAw acc= 92.6% | * lr=5.4e-03
| Epoch  25, time= 11.8s | Train: skip eval | Valid: time=  1.5s loss=0.477, TAw acc= 92.8% | * lr=5.1e-03
| Epoch  26, time= 11.7s | Train: skip eval | Valid: time=  1.5s loss=0.470, TAw acc= 92.8% | * lr=4.7e-03
| Epoch  27, time= 12.1s | Train: skip eval | Valid: time=  1.5s loss=0.464, TAw acc= 92.8% | * lr=4.4e-03
| Epoch  28, time= 12.3s | Train: skip eval | Valid: time=  1.5s loss=0.458, TAw acc= 92.8% | * lr=4.1e-03
| Epoch  29, time= 11.8s | Train: skip eval | Valid: time=  1.5s loss=0.453, TAw acc= 92.8% | * lr=3.8e-03
| Epoch  30, time= 11.7s | Train: skip eval | Valid: time=  1.5s loss=0.449, TAw acc= 92.8% | * lr=3.5e-03
| Epoch  31, time= 11.9s | Train: skip eval | Valid: time=  1.5s loss=0.445, TAw acc= 92.8% | * lr=3.2e-03
| Epoch  32, time= 12.2s | Train: skip eval | Valid: time=  1.5s loss=0.441, TAw acc= 92.8% | * lr=2.9e-03
| Epoch  33, time= 12.0s | Train: skip eval | Valid: time=  1.5s loss=0.438, TAw acc= 92.8% | * lr=2.7e-03
| Epoch  34, time= 11.8s | Train: skip eval | Valid: time=  1.5s loss=0.436, TAw acc= 92.8% | * lr=2.4e-03
| Epoch  35, time= 12.2s | Train: skip eval | Valid: time=  1.5s loss=0.433, TAw acc= 92.8% | * lr=2.1e-03
| Epoch  36, time= 11.8s | Train: skip eval | Valid: time=  1.5s loss=0.431, TAw acc= 92.8% | * lr=1.9e-03
| Epoch  37, time= 11.7s | Train: skip eval | Valid: time=  1.5s loss=0.429, TAw acc= 92.8% | * lr=1.7e-03
| Epoch  38, time= 12.1s | Train: skip eval | Valid: time=  1.5s loss=0.428, TAw acc= 92.8% | * lr=1.4e-03
| Epoch  39, time= 12.1s | Train: skip eval | Valid: time=  1.5s loss=0.427, TAw acc= 92.8% | * lr=1.2e-03
| Epoch  40, time= 12.3s | Train: skip eval | Valid: time=  1.5s loss=0.425, TAw acc= 92.8% | * lr=1.0e-03
| Epoch  41, time= 12.3s | Train: skip eval | Valid: time=  1.5s loss=0.424, TAw acc= 92.8% | * lr=8.7e-04
| Epoch  42, time= 11.8s | Train: skip eval | Valid: time=  1.5s loss=0.424, TAw acc= 92.8% | * lr=7.1e-04
| Epoch  43, time= 12.1s | Train: skip eval | Valid: time=  1.5s loss=0.423, TAw acc= 92.8% | * lr=5.7e-04
| Epoch  44, time= 12.2s | Train: skip eval | Valid: time=  1.5s loss=0.423, TAw acc= 92.8% | * lr=4.5e-04
| Epoch  45, time= 12.0s | Train: skip eval | Valid: time=  1.5s loss=0.422, TAw acc= 92.8% | * lr=3.4e-04
| Epoch  46, time= 12.3s | Train: skip eval | Valid: time=  1.6s loss=0.422, TAw acc= 92.8% | * lr=2.6e-04
| Epoch  47, time= 11.9s | Train: skip eval | Valid: time=  1.5s loss=0.422, TAw acc= 92.8% | * lr=1.9e-04
| Epoch  48, time= 11.7s | Train: skip eval | Valid: time=  1.5s loss=0.421, TAw acc= 92.8% | * lr=1.4e-04
| Epoch  49, time= 12.2s | Train: skip eval | Valid: time=  1.5s loss=0.421, TAw acc= 92.8% | * lr=1.1e-04
| Epoch  50, time= 12.2s | Train: skip eval | Valid: time=  1.6s loss=0.421, TAw acc= 92.8% | * lr=1.0e-04
------------------------------------------------------------------------------------------------------------
>>> Test on task  0 : loss=0.347 | TAw acc= 94.8%, forg=  0.0% | TAg acc= 87.3%, forg=  7.5% <<<
>>> Test on task  1 : loss=0.271 | TAw acc= 97.6%, forg=  0.0% | TAg acc= 91.2%, forg=  3.5% <<<
>>> Test on task  2 : loss=0.331 | TAw acc= 95.2%, forg=  0.0% | TAg acc= 89.6%, forg=  0.5% <<<
>>> Test on task  3 : loss=0.441 | TAw acc= 91.7%, forg=  0.0% | TAg acc= 83.0%, forg=  0.0% <<<
Save at ./results/./results/vit_base_patch16_224.orig_in21k/cifar100/freezing/10
************************************************************************************************************
TAw Acc
	 94.8%   0.0%   0.0%   0.0%   0.0%   0.0%   0.0%   0.0%   0.0%   0.0% 	Avg.: 94.8% 
	 94.8%  97.6%   0.0%   0.0%   0.0%   0.0%   0.0%   0.0%   0.0%   0.0% 	Avg.: 96.2% 
	 94.8%  97.6%  95.2%   0.0%   0.0%   0.0%   0.0%   0.0%   0.0%   0.0% 	Avg.: 95.9% 
	 94.8%  97.6%  95.2%  91.7%   0.0%   0.0%   0.0%   0.0%   0.0%   0.0% 	Avg.: 94.8% 
	  0.0%   0.0%   0.0%   0.0%   0.0%   0.0%   0.0%   0.0%   0.0%   0.0% 	Avg.:  0.0% 
	  0.0%   0.0%   0.0%   0.0%   0.0%   0.0%   0.0%   0.0%   0.0%   0.0% 	Avg.:  0.0% 
	  0.0%   0.0%   0.0%   0.0%   0.0%   0.0%   0.0%   0.0%   0.0%   0.0% 	Avg.:  0.0% 
	  0.0%   0.0%   0.0%   0.0%   0.0%   0.0%   0.0%   0.0%   0.0%   0.0% 	Avg.:  0.0% 
	  0.0%   0.0%   0.0%   0.0%   0.0%   0.0%   0.0%   0.0%   0.0%   0.0% 	Avg.:  0.0% 
	  0.0%   0.0%   0.0%   0.0%   0.0%   0.0%   0.0%   0.0%   0.0%   0.0% 	Avg.:  0.0% 
************************************************************************************************************
TAg Acc
	 94.8%   0.0%   0.0%   0.0%   0.0%   0.0%   0.0%   0.0%   0.0%   0.0% 	Avg.: 94.8% 
	 90.6%  94.7%   0.0%   0.0%   0.0%   0.0%   0.0%   0.0%   0.0%   0.0% 	Avg.: 92.7% 
	 88.3%  91.9%  90.1%   0.0%   0.0%   0.0%   0.0%   0.0%   0.0%   0.0% 	Avg.: 90.1% 
	 87.3%  91.2%  89.6%  83.0%   0.0%   0.0%   0.0%   0.0%   0.0%   0.0% 	Avg.: 87.8% 
	  0.0%   0.0%   0.0%   0.0%   0.0%   0.0%   0.0%   0.0%   0.0%   0.0% 	Avg.:  0.0% 
	  0.0%   0.0%   0.0%   0.0%   0.0%   0.0%   0.0%   0.0%   0.0%   0.0% 	Avg.:  0.0% 
	  0.0%   0.0%   0.0%   0.0%   0.0%   0.0%   0.0%   0.0%   0.0%   0.0% 	Avg.:  0.0% 
	  0.0%   0.0%   0.0%   0.0%   0.0%   0.0%   0.0%   0.0%   0.0%   0.0% 	Avg.:  0.0% 
	  0.0%   0.0%   0.0%   0.0%   0.0%   0.0%   0.0%   0.0%   0.0%   0.0% 	Avg.:  0.0% 
	  0.0%   0.0%   0.0%   0.0%   0.0%   0.0%   0.0%   0.0%   0.0%   0.0% 	Avg.:  0.0% 
************************************************************************************************************
TAw Forg
	  0.0%   0.0%   0.0%   0.0%   0.0%   0.0%   0.0%   0.0%   0.0%   0.0% 
	  0.0%   0.0%   0.0%   0.0%   0.0%   0.0%   0.0%   0.0%   0.0%   0.0% 	Avg.:  0.0% 
	  0.0%   0.0%   0.0%   0.0%   0.0%   0.0%   0.0%   0.0%   0.0%   0.0% 	Avg.:  0.0% 
	  0.0%   0.0%   0.0%   0.0%   0.0%   0.0%   0.0%   0.0%   0.0%   0.0% 	Avg.:  0.0% 
	  0.0%   0.0%   0.0%   0.0%   0.0%   0.0%   0.0%   0.0%   0.0%   0.0% 	Avg.:  0.0% 
	  0.0%   0.0%   0.0%   0.0%   0.0%   0.0%   0.0%   0.0%   0.0%   0.0% 	Avg.:  0.0% 
	  0.0%   0.0%   0.0%   0.0%   0.0%   0.0%   0.0%   0.0%   0.0%   0.0% 	Avg.:  0.0% 
	  0.0%   0.0%   0.0%   0.0%   0.0%   0.0%   0.0%   0.0%   0.0%   0.0% 	Avg.:  0.0% 
	  0.0%   0.0%   0.0%   0.0%   0.0%   0.0%   0.0%   0.0%   0.0%   0.0% 	Avg.:  0.0% 
	  0.0%   0.0%   0.0%   0.0%   0.0%   0.0%   0.0%   0.0%   0.0%   0.0% 	Avg.:  0.0% 
************************************************************************************************************
TAg Forg
	  0.0%   0.0%   0.0%   0.0%   0.0%   0.0%   0.0%   0.0%   0.0%   0.0% 
	  4.2%   0.0%   0.0%   0.0%   0.0%   0.0%   0.0%   0.0%   0.0%   0.0% 	Avg.:  4.2% 
	  6.5%   2.8%   0.0%   0.0%   0.0%   0.0%   0.0%   0.0%   0.0%   0.0% 	Avg.:  4.6% 
	  7.5%   3.5%   0.5%   0.0%   0.0%   0.0%   0.0%   0.0%   0.0%   0.0% 	Avg.:  3.8% 
	  0.0%   0.0%   0.0%   0.0%   0.0%   0.0%   0.0%   0.0%   0.0%   0.0% 	Avg.:  0.0% 
	  0.0%   0.0%   0.0%   0.0%   0.0%   0.0%   0.0%   0.0%   0.0%   0.0% 	Avg.:  0.0% 
	  0.0%   0.0%   0.0%   0.0%   0.0%   0.0%   0.0%   0.0%   0.0%   0.0% 	Avg.:  0.0% 
	  0.0%   0.0%   0.0%   0.0%   0.0%   0.0%   0.0%   0.0%   0.0%   0.0% 	Avg.:  0.0% 
	  0.0%   0.0%   0.0%   0.0%   0.0%   0.0%   0.0%   0.0%   0.0%   0.0% 	Avg.:  0.0% 
	  0.0%   0.0%   0.0%   0.0%   0.0%   0.0%   0.0%   0.0%   0.0%   0.0% 	Avg.:  0.0% 
************************************************************************************************************
[Elapsed time = 0.2 h]
Done!
