START_TASK=3 STOP_TASK=4
============================================================================================================
Arguments =
	approach: finetuning
	batch_size: 64
	classes_first_task: None
	clipping: 10000
	crop: 224
	dataset: cifar100
	eval_on_train: False
	experiment_path: None
	fix_bn: False
	freeze_backbone: False
	gpu: 0
	gpus: [0]
	increment: 10
	last_layer_analysis: True
	log: ['disk']
	lr: 0.01
	lr_factor: None
	lr_min: 0.0001
	lr_patience: None
	lr_scheduler: cosine
	lr_warmup_epochs: 0
	momentum: 0.0
	multi_softmax: False
	nepochs: 50
	network: vit_base_patch16_224.orig_in21k
	no_cudnn_deterministic: False
	normalize: in21k
	num_workers: 2
	optimizer_name: sgd
	pin_memory: False
	pretrained: True
	resize: 224
	results_path: ./results
	save_models: True
	seed: 0
	start_at_task: 3
	start_epoch: 0
	stop_at_task: 4
	stop_epoch: 0
	use_valid_only: False
	warmup_lr_factor: 1.0
	warmup_nepochs: 0
	weight_decay: 0.0
============================================================================================================
Approach arguments =
	all_outputs: False
============================================================================================================
Exemplars arguments =
============================================================================================================
WARNING: ./results/vit_base_patch16_224.orig_in21k/cifar100/finetuning/10 already exists!
Loaded acc_taw from: ./results/vit_base_patch16_224.orig_in21k/cifar100/finetuning/10/acc_taw-2.txt
Loaded acc_tag from: ./results/vit_base_patch16_224.orig_in21k/cifar100/finetuning/10/acc_tag-2.txt
Loaded forg_taw from: ./results/vit_base_patch16_224.orig_in21k/cifar100/finetuning/10/forg_taw-2.txt
Loaded forg_tag from: ./results/vit_base_patch16_224.orig_in21k/cifar100/finetuning/10/forg_tag-2.txt
************************************************************************************************************
Task  3  [epochs 0-50]
************************************************************************************************************
[params] total:85,829,416  trainable:85,829,416  tensors:158  trainable_tensors:158
| Epoch   1, time= 32.9s | Train: skip eval | Valid: time=  1.5s loss=1.070, TAw acc= 86.6% | * lr=1.0e-02
| Epoch   2, time= 32.4s | Train: skip eval | Valid: time=  1.6s loss=0.579, TAw acc= 93.8% | * lr=1.0e-02
| Epoch   3, time= 32.5s | Train: skip eval | Valid: time=  1.6s loss=0.371, TAw acc= 95.6% | * lr=9.9e-03
| Epoch   4, time= 32.6s | Train: skip eval | Valid: time=  1.5s loss=0.269, TAw acc= 96.0% | * lr=9.8e-03
| Epoch   5, time= 32.6s | Train: skip eval | Valid: time=  1.5s loss=0.219, TAw acc= 96.6% | * lr=9.8e-03
| Epoch   6, time= 32.7s | Train: skip eval | Valid: time=  1.6s loss=0.181, TAw acc= 97.6% | * lr=9.7e-03
| Epoch   7, time= 32.7s | Train: skip eval | Valid: time=  1.5s loss=0.156, TAw acc= 97.8% | * lr=9.5e-03
| Epoch   8, time= 32.8s | Train: skip eval | Valid: time=  1.5s loss=0.186, TAw acc= 96.0% | lr=9.4e-03
| Epoch   9, time= 32.8s | Train: skip eval | Valid: time=  1.5s loss=0.142, TAw acc= 97.2% | * lr=9.2e-03
| Epoch  10, time= 32.8s | Train: skip eval | Valid: time=  1.6s loss=0.138, TAw acc= 96.8% | * lr=9.1e-03
| Epoch  11, time= 32.8s | Train: skip eval | Valid: time=  1.5s loss=0.122, TAw acc= 97.8% | * lr=8.9e-03
| Epoch  12, time= 32.8s | Train: skip eval | Valid: time=  1.6s loss=0.125, TAw acc= 97.0% | lr=8.7e-03
| Epoch  13, time= 32.8s | Train: skip eval | Valid: time=  1.6s loss=0.104, TAw acc= 97.6% | * lr=8.4e-03
| Epoch  14, time= 32.8s | Train: skip eval | Valid: time=  1.5s loss=0.112, TAw acc= 97.8% | lr=8.2e-03
| Epoch  15, time= 32.8s | Train: skip eval | Valid: time=  1.5s loss=0.111, TAw acc= 97.4% | lr=8.0e-03
| Epoch  16, time= 32.9s | Train: skip eval | Valid: time=  1.5s loss=0.108, TAw acc= 97.4% | lr=7.7e-03
| Epoch  17, time= 32.8s | Train: skip eval | Valid: time=  1.5s loss=0.099, TAw acc= 98.0% | * lr=7.4e-03
| Epoch  18, time= 32.8s | Train: skip eval | Valid: time=  1.5s loss=0.103, TAw acc= 97.6% | lr=7.2e-03
| Epoch  19, time= 32.8s | Train: skip eval | Valid: time=  1.5s loss=0.108, TAw acc= 97.2% | lr=6.9e-03
| Epoch  20, time= 32.9s | Train: skip eval | Valid: time=  1.5s loss=0.104, TAw acc= 97.6% | lr=6.6e-03
| Epoch  21, time= 32.9s | Train: skip eval | Valid: time=  1.5s loss=0.103, TAw acc= 97.6% | lr=6.3e-03
| Epoch  22, time= 32.9s | Train: skip eval | Valid: time=  1.5s loss=0.098, TAw acc= 97.6% | * lr=6.0e-03
| Epoch  23, time= 33.0s | Train: skip eval | Valid: time=  1.5s loss=0.098, TAw acc= 97.4% | lr=5.7e-03
| Epoch  24, time= 33.0s | Train: skip eval | Valid: time=  1.6s loss=0.101, TAw acc= 97.0% | lr=5.4e-03
| Epoch  25, time= 33.1s | Train: skip eval | Valid: time=  1.6s loss=0.109, TAw acc= 96.4% | lr=5.1e-03
| Epoch  26, time= 33.1s | Train: skip eval | Valid: time=  1.5s loss=0.100, TAw acc= 97.0% | lr=4.7e-03
| Epoch  27, time= 33.1s | Train: skip eval | Valid: time=  1.5s loss=0.099, TAw acc= 97.0% | lr=4.4e-03
| Epoch  28, time= 33.1s | Train: skip eval | Valid: time=  1.6s loss=0.101, TAw acc= 97.2% | lr=4.1e-03
| Epoch  29, time= 33.0s | Train: skip eval | Valid: time=  1.5s loss=0.101, TAw acc= 96.8% | lr=3.8e-03
| Epoch  30, time= 33.0s | Train: skip eval | Valid: time=  1.5s loss=0.096, TAw acc= 97.0% | * lr=3.5e-03
| Epoch  31, time= 33.1s | Train: skip eval | Valid: time=  1.6s loss=0.097, TAw acc= 97.2% | lr=3.2e-03
| Epoch  32, time= 33.1s | Train: skip eval | Valid: time=  1.6s loss=0.093, TAw acc= 97.4% | * lr=2.9e-03
| Epoch  33, time= 33.1s | Train: skip eval | Valid: time=  1.6s loss=0.094, TAw acc= 97.0% | lr=2.7e-03
| Epoch  34, time= 33.1s | Train: skip eval | Valid: time=  1.6s loss=0.094, TAw acc= 97.4% | lr=2.4e-03
| Epoch  35, time= 33.1s | Train: skip eval | Valid: time=  1.6s loss=0.096, TAw acc= 97.0% | lr=2.1e-03
| Epoch  36, time= 33.1s | Train: skip eval | Valid: time=  1.6s loss=0.093, TAw acc= 97.0% | * lr=1.9e-03
| Epoch  37, time= 33.1s | Train: skip eval | Valid: time=  1.6s loss=0.092, TAw acc= 97.2% | * lr=1.7e-03
| Epoch  38, time= 33.1s | Train: skip eval | Valid: time=  1.6s loss=0.095, TAw acc= 97.2% | lr=1.4e-03
| Epoch  39, time= 33.1s | Train: skip eval | Valid: time=  1.5s loss=0.091, TAw acc= 97.2% | * lr=1.2e-03
| Epoch  40, time= 33.1s | Train: skip eval | Valid: time=  1.6s loss=0.091, TAw acc= 97.2% | lr=1.0e-03
| Epoch  41, time= 33.1s | Train: skip eval | Valid: time=  1.5s loss=0.092, TAw acc= 97.2% | lr=8.7e-04
| Epoch  42, time= 33.0s | Train: skip eval | Valid: time=  1.6s loss=0.091, TAw acc= 97.2% | * lr=7.1e-04
| Epoch  43, time= 33.1s | Train: skip eval | Valid: time=  1.5s loss=0.092, TAw acc= 97.0% | lr=5.7e-04
| Epoch  44, time= 33.0s | Train: skip eval | Valid: time=  1.5s loss=0.092, TAw acc= 97.2% | lr=4.5e-04
| Epoch  45, time= 33.1s | Train: skip eval | Valid: time=  1.6s loss=0.093, TAw acc= 97.2% | lr=3.4e-04
| Epoch  46, time= 33.1s | Train: skip eval | Valid: time=  1.6s loss=0.093, TAw acc= 97.2% | lr=2.6e-04
| Epoch  47, time= 33.0s | Train: skip eval | Valid: time=  1.5s loss=0.093, TAw acc= 97.2% | lr=1.9e-04
| Epoch  48, time= 33.2s | Train: skip eval | Valid: time=  1.6s loss=0.093, TAw acc= 97.2% | lr=1.4e-04
| Epoch  49, time= 33.7s | Train: skip eval | Valid: time=  1.5s loss=0.094, TAw acc= 97.2% | lr=1.1e-04
| Epoch  50, time= 33.0s | Train: skip eval | Valid: time=  1.6s loss=0.093, TAw acc= 97.2% | lr=1.0e-04
------------------------------------------------------------------------------------------------------------
>>> Test on task  0 : loss=0.197 | TAw acc= 93.4%, forg=  5.2% | TAg acc= 80.2%, forg= 18.4% <<<
>>> Test on task  1 : loss=0.158 | TAw acc= 94.3%, forg=  4.4% | TAg acc= 78.9%, forg=  9.8% <<<
>>> Test on task  2 : loss=0.097 | TAw acc= 97.5%, forg=  1.4% | TAg acc= 77.7%, forg= -0.5% <<<
>>> Test on task  3 : loss=0.094 | TAw acc= 97.0%, forg=  0.0% | TAg acc= 95.7%, forg=  0.0% <<<
Save at ./results/./results/vit_base_patch16_224.orig_in21k/cifar100/finetuning/10
************************************************************************************************************
TAw Acc
	 98.6%   0.0%   0.0%   0.0%   0.0%   0.0%   0.0%   0.0%   0.0%   0.0% 	Avg.: 98.6% 
	 94.5%  98.7%   0.0%   0.0%   0.0%   0.0%   0.0%   0.0%   0.0%   0.0% 	Avg.: 96.6% 
	 92.9%  95.9%  98.9%   0.0%   0.0%   0.0%   0.0%   0.0%   0.0%   0.0% 	Avg.: 95.9% 
	 93.4%  94.3%  97.5%  97.0%   0.0%   0.0%   0.0%   0.0%   0.0%   0.0% 	Avg.: 95.6% 
	  0.0%   0.0%   0.0%   0.0%   0.0%   0.0%   0.0%   0.0%   0.0%   0.0% 	Avg.:  0.0% 
	  0.0%   0.0%   0.0%   0.0%   0.0%   0.0%   0.0%   0.0%   0.0%   0.0% 	Avg.:  0.0% 
	  0.0%   0.0%   0.0%   0.0%   0.0%   0.0%   0.0%   0.0%   0.0%   0.0% 	Avg.:  0.0% 
	  0.0%   0.0%   0.0%   0.0%   0.0%   0.0%   0.0%   0.0%   0.0%   0.0% 	Avg.:  0.0% 
	  0.0%   0.0%   0.0%   0.0%   0.0%   0.0%   0.0%   0.0%   0.0%   0.0% 	Avg.:  0.0% 
	  0.0%   0.0%   0.0%   0.0%   0.0%   0.0%   0.0%   0.0%   0.0%   0.0% 	Avg.:  0.0% 
************************************************************************************************************
TAg Acc
	 98.6%   0.0%   0.0%   0.0%   0.0%   0.0%   0.0%   0.0%   0.0%   0.0% 	Avg.: 98.6% 
	 90.2%  88.7%   0.0%   0.0%   0.0%   0.0%   0.0%   0.0%   0.0%   0.0% 	Avg.: 89.5% 
	 85.2%  84.8%  77.2%   0.0%   0.0%   0.0%   0.0%   0.0%   0.0%   0.0% 	Avg.: 82.4% 
	 80.2%  78.9%  77.7%  95.7%   0.0%   0.0%   0.0%   0.0%   0.0%   0.0% 	Avg.: 83.1% 
	  0.0%   0.0%   0.0%   0.0%   0.0%   0.0%   0.0%   0.0%   0.0%   0.0% 	Avg.:  0.0% 
	  0.0%   0.0%   0.0%   0.0%   0.0%   0.0%   0.0%   0.0%   0.0%   0.0% 	Avg.:  0.0% 
	  0.0%   0.0%   0.0%   0.0%   0.0%   0.0%   0.0%   0.0%   0.0%   0.0% 	Avg.:  0.0% 
	  0.0%   0.0%   0.0%   0.0%   0.0%   0.0%   0.0%   0.0%   0.0%   0.0% 	Avg.:  0.0% 
	  0.0%   0.0%   0.0%   0.0%   0.0%   0.0%   0.0%   0.0%   0.0%   0.0% 	Avg.:  0.0% 
	  0.0%   0.0%   0.0%   0.0%   0.0%   0.0%   0.0%   0.0%   0.0%   0.0% 	Avg.:  0.0% 
************************************************************************************************************
TAw Forg
	  0.0%   0.0%   0.0%   0.0%   0.0%   0.0%   0.0%   0.0%   0.0%   0.0% 
	  4.1%   0.0%   0.0%   0.0%   0.0%   0.0%   0.0%   0.0%   0.0%   0.0% 	Avg.:  4.1% 
	  5.7%   2.8%   0.0%   0.0%   0.0%   0.0%   0.0%   0.0%   0.0%   0.0% 	Avg.:  4.2% 
	  5.2%   4.4%   1.4%   0.0%   0.0%   0.0%   0.0%   0.0%   0.0%   0.0% 	Avg.:  3.7% 
	  0.0%   0.0%   0.0%   0.0%   0.0%   0.0%   0.0%   0.0%   0.0%   0.0% 	Avg.:  0.0% 
	  0.0%   0.0%   0.0%   0.0%   0.0%   0.0%   0.0%   0.0%   0.0%   0.0% 	Avg.:  0.0% 
	  0.0%   0.0%   0.0%   0.0%   0.0%   0.0%   0.0%   0.0%   0.0%   0.0% 	Avg.:  0.0% 
	  0.0%   0.0%   0.0%   0.0%   0.0%   0.0%   0.0%   0.0%   0.0%   0.0% 	Avg.:  0.0% 
	  0.0%   0.0%   0.0%   0.0%   0.0%   0.0%   0.0%   0.0%   0.0%   0.0% 	Avg.:  0.0% 
	  0.0%   0.0%   0.0%   0.0%   0.0%   0.0%   0.0%   0.0%   0.0%   0.0% 	Avg.:  0.0% 
************************************************************************************************************
TAg Forg
	  0.0%   0.0%   0.0%   0.0%   0.0%   0.0%   0.0%   0.0%   0.0%   0.0% 
	  8.4%   0.0%   0.0%   0.0%   0.0%   0.0%   0.0%   0.0%   0.0%   0.0% 	Avg.:  8.4% 
	 13.4%   3.9%   0.0%   0.0%   0.0%   0.0%   0.0%   0.0%   0.0%   0.0% 	Avg.:  8.7% 
	 18.4%   9.8%  -0.5%   0.0%   0.0%   0.0%   0.0%   0.0%   0.0%   0.0% 	Avg.:  9.2% 
	  0.0%   0.0%   0.0%   0.0%   0.0%   0.0%   0.0%   0.0%   0.0%   0.0% 	Avg.:  0.0% 
	  0.0%   0.0%   0.0%   0.0%   0.0%   0.0%   0.0%   0.0%   0.0%   0.0% 	Avg.:  0.0% 
	  0.0%   0.0%   0.0%   0.0%   0.0%   0.0%   0.0%   0.0%   0.0%   0.0% 	Avg.:  0.0% 
	  0.0%   0.0%   0.0%   0.0%   0.0%   0.0%   0.0%   0.0%   0.0%   0.0% 	Avg.:  0.0% 
	  0.0%   0.0%   0.0%   0.0%   0.0%   0.0%   0.0%   0.0%   0.0%   0.0% 	Avg.:  0.0% 
	  0.0%   0.0%   0.0%   0.0%   0.0%   0.0%   0.0%   0.0%   0.0%   0.0% 	Avg.:  0.0% 
************************************************************************************************************
[Elapsed time = 0.5 h]
Done!
