START_TASK=5 STOP_TASK=6
============================================================================================================
Arguments =
	approach: lwf
	batch_size: 64
	classes_first_task: None
	clipping: 10000
	crop: 224
	dataset: cifar100
	eval_on_train: False
	experiment_path: None
	fix_bn: False
	freeze_backbone: False
	gpu: 0
	gpus: [0]
	increment: 10
	last_layer_analysis: True
	log: ['disk']
	lr: 0.01
	lr_factor: None
	lr_min: 0.0001
	lr_patience: None
	lr_scheduler: cosine
	lr_warmup_epochs: 0
	momentum: 0.0
	multi_softmax: False
	nepochs: 50
	network: resnet50.a1_in1k
	no_cudnn_deterministic: False
	normalize: in1k
	num_workers: 2
	optimizer_name: sgd
	pin_memory: False
	pretrained: True
	resize: 224
	results_path: ./results
	save_models: True
	seed: 0
	start_at_task: 5
	start_epoch: 0
	stop_at_task: 6
	stop_epoch: 0
	use_valid_only: False
	warmup_lr_factor: 1.0
	warmup_nepochs: 0
	weight_decay: 0.0
============================================================================================================
Approach arguments =
	T: 2
	lamb: 1.0
============================================================================================================
Exemplars arguments =
============================================================================================================
WARNING: ./results/resnet50.a1_in1k/cifar100/lwf/10 already exists!
Loaded acc_taw from: ./results/resnet50.a1_in1k/cifar100/lwf/10/acc_taw-4.txt
Loaded acc_tag from: ./results/resnet50.a1_in1k/cifar100/lwf/10/acc_tag-4.txt
Loaded forg_taw from: ./results/resnet50.a1_in1k/cifar100/lwf/10/forg_taw-4.txt
Loaded forg_tag from: ./results/resnet50.a1_in1k/cifar100/lwf/10/forg_tag-4.txt
************************************************************************************************************
Task  5  [epochs 0-50]
************************************************************************************************************
[params] total:23,630,972  trainable:23,630,972  tensors:171  trainable_tensors:171
| Epoch   1, time=  9.8s | Train: skip eval | Valid: time=  0.9s loss=5.239, TAw acc= 76.0% | * lr=1.0e-02
| Epoch   2, time=  9.0s | Train: skip eval | Valid: time=  0.9s loss=4.834, TAw acc= 79.0% | * lr=1.0e-02
| Epoch   3, time=  9.3s | Train: skip eval | Valid: time=  1.0s loss=4.589, TAw acc= 80.8% | * lr=9.9e-03
| Epoch   4, time=  8.9s | Train: skip eval | Valid: time=  1.0s loss=4.446, TAw acc= 82.4% | * lr=9.8e-03
| Epoch   5, time=  9.3s | Train: skip eval | Valid: time=  1.0s loss=4.340, TAw acc= 83.8% | * lr=9.8e-03
| Epoch   6, time=  9.2s | Train: skip eval | Valid: time=  0.9s loss=4.275, TAw acc= 84.0% | * lr=9.7e-03
| Epoch   7, time=  9.3s | Train: skip eval | Valid: time=  1.0s loss=4.216, TAw acc= 83.4% | * lr=9.5e-03
| Epoch   8, time=  9.3s | Train: skip eval | Valid: time=  0.8s loss=4.182, TAw acc= 83.6% | * lr=9.4e-03
| Epoch   9, time=  9.3s | Train: skip eval | Valid: time=  0.9s loss=4.169, TAw acc= 85.2% | * lr=9.2e-03
| Epoch  10, time=  9.3s | Train: skip eval | Valid: time=  0.9s loss=4.124, TAw acc= 84.6% | * lr=9.1e-03
| Epoch  11, time=  9.4s | Train: skip eval | Valid: time=  0.9s loss=4.102, TAw acc= 85.0% | * lr=8.9e-03
| Epoch  12, time=  8.9s | Train: skip eval | Valid: time=  1.0s loss=4.101, TAw acc= 85.2% | * lr=8.7e-03
| Epoch  13, time=  9.3s | Train: skip eval | Valid: time=  1.0s loss=4.078, TAw acc= 85.8% | * lr=8.4e-03
| Epoch  14, time=  9.3s | Train: skip eval | Valid: time=  1.0s loss=4.078, TAw acc= 86.4% | lr=8.2e-03
| Epoch  15, time=  9.3s | Train: skip eval | Valid: time=  0.9s loss=4.053, TAw acc= 87.0% | * lr=8.0e-03
| Epoch  16, time=  9.3s | Train: skip eval | Valid: time=  0.9s loss=4.054, TAw acc= 86.0% | lr=7.7e-03
| Epoch  17, time=  9.3s | Train: skip eval | Valid: time=  0.9s loss=4.034, TAw acc= 85.8% | * lr=7.4e-03
| Epoch  18, time=  9.2s | Train: skip eval | Valid: time=  0.9s loss=4.029, TAw acc= 86.0% | * lr=7.2e-03
| Epoch  19, time=  9.2s | Train: skip eval | Valid: time=  0.9s loss=4.011, TAw acc= 86.8% | * lr=6.9e-03
| Epoch  20, time=  9.3s | Train: skip eval | Valid: time=  0.9s loss=4.035, TAw acc= 85.8% | lr=6.6e-03
| Epoch  21, time=  9.3s | Train: skip eval | Valid: time=  1.0s loss=4.010, TAw acc= 86.2% | * lr=6.3e-03
| Epoch  22, time=  9.3s | Train: skip eval | Valid: time=  0.9s loss=4.009, TAw acc= 86.4% | * lr=6.0e-03
| Epoch  23, time=  9.3s | Train: skip eval | Valid: time=  0.9s loss=3.998, TAw acc= 87.0% | * lr=5.7e-03
| Epoch  24, time=  9.3s | Train: skip eval | Valid: time=  0.9s loss=3.998, TAw acc= 85.6% | lr=5.4e-03
| Epoch  25, time=  8.9s | Train: skip eval | Valid: time=  0.9s loss=3.996, TAw acc= 86.0% | * lr=5.1e-03
| Epoch  26, time=  9.2s | Train: skip eval | Valid: time=  0.8s loss=3.985, TAw acc= 86.6% | * lr=4.7e-03
| Epoch  27, time=  8.9s | Train: skip eval | Valid: time=  0.9s loss=3.987, TAw acc= 87.0% | lr=4.4e-03
| Epoch  28, time=  9.2s | Train: skip eval | Valid: time=  0.9s loss=3.977, TAw acc= 86.8% | * lr=4.1e-03
| Epoch  29, time=  9.3s | Train: skip eval | Valid: time=  0.9s loss=3.987, TAw acc= 86.6% | lr=3.8e-03
| Epoch  30, time=  9.4s | Train: skip eval | Valid: time=  0.9s loss=3.973, TAw acc= 86.8% | * lr=3.5e-03
| Epoch  31, time=  9.3s | Train: skip eval | Valid: time=  0.9s loss=3.976, TAw acc= 86.4% | lr=3.2e-03
| Epoch  32, time=  8.9s | Train: skip eval | Valid: time=  0.9s loss=3.965, TAw acc= 86.4% | * lr=2.9e-03
| Epoch  33, time=  9.3s | Train: skip eval | Valid: time=  0.9s loss=3.970, TAw acc= 85.8% | lr=2.7e-03
| Epoch  34, time=  9.3s | Train: skip eval | Valid: time=  0.9s loss=3.964, TAw acc= 86.8% | * lr=2.4e-03
| Epoch  35, time=  9.3s | Train: skip eval | Valid: time=  0.9s loss=3.961, TAw acc= 87.6% | * lr=2.1e-03
| Epoch  36, time=  9.3s | Train: skip eval | Valid: time=  0.9s loss=3.956, TAw acc= 87.8% | * lr=1.9e-03
| Epoch  37, time=  8.8s | Train: skip eval | Valid: time=  0.9s loss=3.955, TAw acc= 87.8% | * lr=1.7e-03
| Epoch  38, time=  9.3s | Train: skip eval | Valid: time=  0.9s loss=3.959, TAw acc= 87.4% | lr=1.4e-03
| Epoch  39, time=  8.9s | Train: skip eval | Valid: time=  0.8s loss=3.954, TAw acc= 88.2% | * lr=1.2e-03
| Epoch  40, time=  9.3s | Train: skip eval | Valid: time=  0.9s loss=3.954, TAw acc= 87.8% | * lr=1.0e-03
| Epoch  41, time=  9.3s | Train: skip eval | Valid: time=  0.9s loss=3.956, TAw acc= 87.4% | lr=8.7e-04
| Epoch  42, time=  9.3s | Train: skip eval | Valid: time=  0.9s loss=3.955, TAw acc= 87.6% | lr=7.1e-04
| Epoch  43, time=  9.3s | Train: skip eval | Valid: time=  1.0s loss=3.957, TAw acc= 87.2% | lr=5.7e-04
| Epoch  44, time=  9.2s | Train: skip eval | Valid: time=  0.9s loss=3.951, TAw acc= 87.4% | * lr=4.5e-04
| Epoch  45, time=  9.3s | Train: skip eval | Valid: time=  0.9s loss=3.952, TAw acc= 87.2% | lr=3.4e-04
| Epoch  46, time=  9.3s | Train: skip eval | Valid: time=  0.9s loss=3.955, TAw acc= 87.0% | lr=2.6e-04
| Epoch  47, time=  9.3s | Train: skip eval | Valid: time=  0.9s loss=3.955, TAw acc= 87.0% | lr=1.9e-04
| Epoch  48, time=  9.3s | Train: skip eval | Valid: time=  0.9s loss=3.953, TAw acc= 87.4% | lr=1.4e-04
| Epoch  49, time=  9.3s | Train: skip eval | Valid: time=  0.9s loss=3.952, TAw acc= 87.2% | lr=1.1e-04
| Epoch  50, time=  9.3s | Train: skip eval | Valid: time=  0.9s loss=3.953, TAw acc= 86.8% | lr=1.0e-04
------------------------------------------------------------------------------------------------------------
>>> Test on task  0 : loss=0.652 | TAw acc= 81.2%, forg= -0.2% | TAg acc= 28.6%, forg= 43.0% <<<
>>> Test on task  1 : loss=2.471 | TAw acc= 91.2%, forg=  0.3% | TAg acc= 53.0%, forg= 32.7% <<<
>>> Test on task  2 : loss=3.022 | TAw acc= 90.6%, forg=  0.8% | TAg acc= 61.8%, forg= 20.2% <<<
>>> Test on task  3 : loss=3.627 | TAw acc= 82.9%, forg=  0.0% | TAg acc= 48.6%, forg= 12.8% <<<
>>> Test on task  4 : loss=3.600 | TAw acc= 92.4%, forg=  0.9% | TAg acc= 79.2%, forg=  3.4% <<<
>>> Test on task  5 : loss=3.902 | TAw acc= 87.0%, forg=  0.0% | TAg acc= 73.0%, forg=  0.0% <<<
Save at ./results/./results/resnet50.a1_in1k/cifar100/lwf/10
************************************************************************************************************
TAw Acc
	 71.6%   0.0%   0.0%   0.0%   0.0%   0.0%   0.0%   0.0%   0.0%   0.0% 	Avg.: 71.6% 
	 77.4%  89.9%   0.0%   0.0%   0.0%   0.0%   0.0%   0.0%   0.0%   0.0% 	Avg.: 83.7% 
	 80.5%  91.5%  91.4%   0.0%   0.0%   0.0%   0.0%   0.0%   0.0%   0.0% 	Avg.: 87.8% 
	 78.5%  89.8%  89.9%  81.7%   0.0%   0.0%   0.0%   0.0%   0.0%   0.0% 	Avg.: 85.0% 
	 81.0%  91.1%  90.7%  82.9%  93.3%   0.0%   0.0%   0.0%   0.0%   0.0% 	Avg.: 87.8% 
	 81.2%  91.2%  90.6%  82.9%  92.4%  87.0%   0.0%   0.0%   0.0%   0.0% 	Avg.: 87.6% 
	  0.0%   0.0%   0.0%   0.0%   0.0%   0.0%   0.0%   0.0%   0.0%   0.0% 	Avg.:  0.0% 
	  0.0%   0.0%   0.0%   0.0%   0.0%   0.0%   0.0%   0.0%   0.0%   0.0% 	Avg.:  0.0% 
	  0.0%   0.0%   0.0%   0.0%   0.0%   0.0%   0.0%   0.0%   0.0%   0.0% 	Avg.:  0.0% 
	  0.0%   0.0%   0.0%   0.0%   0.0%   0.0%   0.0%   0.0%   0.0%   0.0% 	Avg.:  0.0% 
************************************************************************************************************
TAg Acc
	 71.6%   0.0%   0.0%   0.0%   0.0%   0.0%   0.0%   0.0%   0.0%   0.0% 	Avg.: 71.6% 
	 51.0%  85.7%   0.0%   0.0%   0.0%   0.0%   0.0%   0.0%   0.0%   0.0% 	Avg.: 68.3% 
	 40.5%  73.2%  82.0%   0.0%   0.0%   0.0%   0.0%   0.0%   0.0%   0.0% 	Avg.: 65.2% 
	 32.9%  59.4%  73.8%  61.4%   0.0%   0.0%   0.0%   0.0%   0.0%   0.0% 	Avg.: 56.9% 
	 31.4%  58.5%  67.0%  55.6%  82.6%   0.0%   0.0%   0.0%   0.0%   0.0% 	Avg.: 59.0% 
	 28.6%  53.0%  61.8%  48.6%  79.2%  73.0%   0.0%   0.0%   0.0%   0.0% 	Avg.: 57.4% 
	  0.0%   0.0%   0.0%   0.0%   0.0%   0.0%   0.0%   0.0%   0.0%   0.0% 	Avg.:  0.0% 
	  0.0%   0.0%   0.0%   0.0%   0.0%   0.0%   0.0%   0.0%   0.0%   0.0% 	Avg.:  0.0% 
	  0.0%   0.0%   0.0%   0.0%   0.0%   0.0%   0.0%   0.0%   0.0%   0.0% 	Avg.:  0.0% 
	  0.0%   0.0%   0.0%   0.0%   0.0%   0.0%   0.0%   0.0%   0.0%   0.0% 	Avg.:  0.0% 
************************************************************************************************************
TAw Forg
	  0.0%   0.0%   0.0%   0.0%   0.0%   0.0%   0.0%   0.0%   0.0%   0.0% 
	 -5.8%   0.0%   0.0%   0.0%   0.0%   0.0%   0.0%   0.0%   0.0%   0.0% 	Avg.: -5.8% 
	 -3.1%  -1.6%   0.0%   0.0%   0.0%   0.0%   0.0%   0.0%   0.0%   0.0% 	Avg.: -2.3% 
	  2.0%   1.7%   1.5%   0.0%   0.0%   0.0%   0.0%   0.0%   0.0%   0.0% 	Avg.:  1.7% 
	 -0.5%   0.4%   0.7%  -1.2%   0.0%   0.0%   0.0%   0.0%   0.0%   0.0% 	Avg.: -0.1% 
	 -0.2%   0.3%   0.8%   0.0%   0.9%   0.0%   0.0%   0.0%   0.0%   0.0% 	Avg.:  0.4% 
	  0.0%   0.0%   0.0%   0.0%   0.0%   0.0%   0.0%   0.0%   0.0%   0.0% 	Avg.:  0.0% 
	  0.0%   0.0%   0.0%   0.0%   0.0%   0.0%   0.0%   0.0%   0.0%   0.0% 	Avg.:  0.0% 
	  0.0%   0.0%   0.0%   0.0%   0.0%   0.0%   0.0%   0.0%   0.0%   0.0% 	Avg.:  0.0% 
	  0.0%   0.0%   0.0%   0.0%   0.0%   0.0%   0.0%   0.0%   0.0%   0.0% 	Avg.:  0.0% 
************************************************************************************************************
TAg Forg
	  0.0%   0.0%   0.0%   0.0%   0.0%   0.0%   0.0%   0.0%   0.0%   0.0% 
	 20.6%   0.0%   0.0%   0.0%   0.0%   0.0%   0.0%   0.0%   0.0%   0.0% 	Avg.: 20.6% 
	 31.1%  12.5%   0.0%   0.0%   0.0%   0.0%   0.0%   0.0%   0.0%   0.0% 	Avg.: 21.8% 
	 38.7%  26.3%   8.2%   0.0%   0.0%   0.0%   0.0%   0.0%   0.0%   0.0% 	Avg.: 24.4% 
	 40.2%  27.2%  15.0%   5.8%   0.0%   0.0%   0.0%   0.0%   0.0%   0.0% 	Avg.: 22.0% 
	 43.0%  32.7%  20.2%  12.8%   3.4%   0.0%   0.0%   0.0%   0.0%   0.0% 	Avg.: 22.4% 
	  0.0%   0.0%   0.0%   0.0%   0.0%   0.0%   0.0%   0.0%   0.0%   0.0% 	Avg.:  0.0% 
	  0.0%   0.0%   0.0%   0.0%   0.0%   0.0%   0.0%   0.0%   0.0%   0.0% 	Avg.:  0.0% 
	  0.0%   0.0%   0.0%   0.0%   0.0%   0.0%   0.0%   0.0%   0.0%   0.0% 	Avg.:  0.0% 
	  0.0%   0.0%   0.0%   0.0%   0.0%   0.0%   0.0%   0.0%   0.0%   0.0% 	Avg.:  0.0% 
************************************************************************************************************
[Elapsed time = 0.1 h]
Done!
