START_TASK=8 STOP_TASK=9
============================================================================================================
Arguments =
	approach: lwf
	batch_size: 64
	classes_first_task: None
	clipping: 10000
	crop: 224
	dataset: cifar100
	eval_on_train: False
	experiment_path: None
	fix_bn: False
	freeze_backbone: False
	gpu: 0
	gpus: [0]
	increment: 10
	last_layer_analysis: True
	log: ['disk']
	lr: 0.01
	lr_factor: None
	lr_min: 0.0001
	lr_patience: None
	lr_scheduler: cosine
	lr_warmup_epochs: 0
	momentum: 0.0
	multi_softmax: False
	nepochs: 50
	network: resnet50.a1_in1k
	no_cudnn_deterministic: False
	normalize: in1k
	num_workers: 2
	optimizer_name: sgd
	pin_memory: False
	pretrained: True
	resize: 224
	results_path: ./results
	save_models: True
	seed: 0
	start_at_task: 8
	start_epoch: 0
	stop_at_task: 9
	stop_epoch: 0
	use_valid_only: False
	warmup_lr_factor: 1.0
	warmup_nepochs: 0
	weight_decay: 0.0
============================================================================================================
Approach arguments =
	T: 2
	lamb: 1.0
============================================================================================================
Exemplars arguments =
============================================================================================================
WARNING: ./results/resnet50.a1_in1k/cifar100/lwf/10 already exists!
Loaded acc_taw from: ./results/resnet50.a1_in1k/cifar100/lwf/10/acc_taw-7.txt
Loaded acc_tag from: ./results/resnet50.a1_in1k/cifar100/lwf/10/acc_tag-7.txt
Loaded forg_taw from: ./results/resnet50.a1_in1k/cifar100/lwf/10/forg_taw-7.txt
Loaded forg_tag from: ./results/resnet50.a1_in1k/cifar100/lwf/10/forg_tag-7.txt
************************************************************************************************************
Task  8  [epochs 0-50]
************************************************************************************************************
[params] total:23,692,442  trainable:23,692,442  tensors:177  trainable_tensors:177
| Epoch   1, time=  9.9s | Train: skip eval | Valid: time=  1.0s loss=5.320, TAw acc= 84.0% | * lr=1.0e-02
| Epoch   2, time=  9.4s | Train: skip eval | Valid: time=  0.9s loss=4.888, TAw acc= 88.4% | * lr=1.0e-02
| Epoch   3, time=  9.0s | Train: skip eval | Valid: time=  0.9s loss=4.685, TAw acc= 90.6% | * lr=9.9e-03
| Epoch   4, time=  9.4s | Train: skip eval | Valid: time=  0.9s loss=4.563, TAw acc= 90.4% | * lr=9.8e-03
| Epoch   5, time=  9.4s | Train: skip eval | Valid: time=  0.9s loss=4.485, TAw acc= 90.6% | * lr=9.8e-03
| Epoch   6, time=  9.4s | Train: skip eval | Valid: time=  0.9s loss=4.413, TAw acc= 92.2% | * lr=9.7e-03
| Epoch   7, time=  9.4s | Train: skip eval | Valid: time=  0.9s loss=4.368, TAw acc= 92.2% | * lr=9.5e-03
| Epoch   8, time=  9.3s | Train: skip eval | Valid: time=  0.9s loss=4.351, TAw acc= 91.8% | * lr=9.4e-03
| Epoch   9, time=  9.4s | Train: skip eval | Valid: time=  1.0s loss=4.326, TAw acc= 92.2% | * lr=9.2e-03
| Epoch  10, time=  9.2s | Train: skip eval | Valid: time=  1.0s loss=4.305, TAw acc= 92.2% | * lr=9.1e-03
| Epoch  11, time=  9.2s | Train: skip eval | Valid: time=  0.9s loss=4.296, TAw acc= 91.8% | * lr=8.9e-03
| Epoch  12, time=  9.4s | Train: skip eval | Valid: time=  0.9s loss=4.262, TAw acc= 93.4% | * lr=8.7e-03
| Epoch  13, time=  9.4s | Train: skip eval | Valid: time=  0.9s loss=4.254, TAw acc= 93.0% | * lr=8.4e-03
| Epoch  14, time=  9.4s | Train: skip eval | Valid: time=  0.9s loss=4.265, TAw acc= 91.4% | lr=8.2e-03
| Epoch  15, time=  9.4s | Train: skip eval | Valid: time=  0.9s loss=4.236, TAw acc= 92.6% | * lr=8.0e-03
| Epoch  16, time=  9.4s | Train: skip eval | Valid: time=  0.9s loss=4.212, TAw acc= 93.6% | * lr=7.7e-03
| Epoch  17, time=  9.4s | Train: skip eval | Valid: time=  0.9s loss=4.204, TAw acc= 94.0% | * lr=7.4e-03
| Epoch  18, time=  9.2s | Train: skip eval | Valid: time=  0.9s loss=4.201, TAw acc= 93.6% | * lr=7.2e-03
| Epoch  19, time=  9.4s | Train: skip eval | Valid: time=  0.9s loss=4.214, TAw acc= 94.0% | lr=6.9e-03
| Epoch  20, time=  9.4s | Train: skip eval | Valid: time=  0.9s loss=4.196, TAw acc= 93.8% | * lr=6.6e-03
| Epoch  21, time=  9.2s | Train: skip eval | Valid: time=  0.9s loss=4.180, TAw acc= 93.8% | * lr=6.3e-03
| Epoch  22, time=  9.4s | Train: skip eval | Valid: time=  1.0s loss=4.181, TAw acc= 94.4% | lr=6.0e-03
| Epoch  23, time=  9.5s | Train: skip eval | Valid: time=  0.9s loss=4.182, TAw acc= 93.8% | lr=5.7e-03
| Epoch  24, time=  9.5s | Train: skip eval | Valid: time=  1.0s loss=4.184, TAw acc= 93.2% | lr=5.4e-03
| Epoch  25, time=  9.4s | Train: skip eval | Valid: time=  0.9s loss=4.175, TAw acc= 94.6% | * lr=5.1e-03
| Epoch  26, time=  9.2s | Train: skip eval | Valid: time=  0.9s loss=4.181, TAw acc= 93.2% | lr=4.7e-03
| Epoch  27, time=  9.4s | Train: skip eval | Valid: time=  0.9s loss=4.158, TAw acc= 94.8% | * lr=4.4e-03
| Epoch  28, time=  9.4s | Train: skip eval | Valid: time=  0.9s loss=4.156, TAw acc= 95.0% | * lr=4.1e-03
| Epoch  29, time=  9.5s | Train: skip eval | Valid: time=  0.9s loss=4.168, TAw acc= 95.2% | lr=3.8e-03
| Epoch  30, time=  9.4s | Train: skip eval | Valid: time=  0.9s loss=4.164, TAw acc= 93.8% | lr=3.5e-03
| Epoch  31, time=  9.5s | Train: skip eval | Valid: time=  0.9s loss=4.156, TAw acc= 94.4% | * lr=3.2e-03
| Epoch  32, time=  9.3s | Train: skip eval | Valid: time=  0.9s loss=4.165, TAw acc= 93.8% | lr=2.9e-03
| Epoch  33, time=  9.4s | Train: skip eval | Valid: time=  0.9s loss=4.157, TAw acc= 94.0% | lr=2.7e-03
| Epoch  34, time=  9.4s | Train: skip eval | Valid: time=  0.9s loss=4.148, TAw acc= 94.2% | * lr=2.4e-03
| Epoch  35, time=  9.4s | Train: skip eval | Valid: time=  0.9s loss=4.150, TAw acc= 95.0% | lr=2.1e-03
| Epoch  36, time=  9.1s | Train: skip eval | Valid: time=  1.0s loss=4.151, TAw acc= 94.6% | lr=1.9e-03
| Epoch  37, time=  9.2s | Train: skip eval | Valid: time=  0.9s loss=4.141, TAw acc= 95.2% | * lr=1.7e-03
| Epoch  38, time=  9.1s | Train: skip eval | Valid: time=  0.9s loss=4.146, TAw acc= 94.6% | lr=1.4e-03
| Epoch  39, time=  9.0s | Train: skip eval | Valid: time=  0.9s loss=4.142, TAw acc= 94.6% | lr=1.2e-03
| Epoch  40, time=  9.4s | Train: skip eval | Valid: time=  1.0s loss=4.146, TAw acc= 94.6% | lr=1.0e-03
| Epoch  41, time=  9.4s | Train: skip eval | Valid: time=  0.9s loss=4.147, TAw acc= 94.2% | lr=8.7e-04
| Epoch  42, time=  9.2s | Train: skip eval | Valid: time=  0.9s loss=4.146, TAw acc= 94.6% | lr=7.1e-04
| Epoch  43, time=  9.4s | Train: skip eval | Valid: time=  0.9s loss=4.148, TAw acc= 94.8% | lr=5.7e-04
| Epoch  44, time=  9.4s | Train: skip eval | Valid: time=  0.9s loss=4.142, TAw acc= 94.4% | lr=4.5e-04
| Epoch  45, time=  9.4s | Train: skip eval | Valid: time=  1.0s loss=4.137, TAw acc= 95.4% | * lr=3.4e-04
| Epoch  46, time=  9.5s | Train: skip eval | Valid: time=  0.9s loss=4.143, TAw acc= 94.6% | lr=2.6e-04
| Epoch  47, time=  9.4s | Train: skip eval | Valid: time=  0.9s loss=4.138, TAw acc= 94.8% | lr=1.9e-04
| Epoch  48, time=  9.5s | Train: skip eval | Valid: time=  0.9s loss=4.146, TAw acc= 94.4% | lr=1.4e-04
| Epoch  49, time=  9.2s | Train: skip eval | Valid: time=  0.9s loss=4.137, TAw acc= 94.8% | * lr=1.1e-04
| Epoch  50, time=  9.4s | Train: skip eval | Valid: time=  0.9s loss=4.146, TAw acc= 95.2% | lr=1.0e-04
------------------------------------------------------------------------------------------------------------
>>> Test on task  0 : loss=0.588 | TAw acc= 82.9%, forg=  0.7% | TAg acc= 23.1%, forg= 48.5% <<<
>>> Test on task  1 : loss=2.412 | TAw acc= 91.9%, forg= -0.1% | TAg acc= 43.8%, forg= 41.9% <<<
>>> Test on task  2 : loss=2.994 | TAw acc= 89.9%, forg=  1.5% | TAg acc= 52.2%, forg= 29.8% <<<
>>> Test on task  3 : loss=3.584 | TAw acc= 83.4%, forg=  0.3% | TAg acc= 39.7%, forg= 21.7% <<<
>>> Test on task  4 : loss=3.558 | TAw acc= 94.5%, forg= -0.4% | TAg acc= 69.4%, forg= 13.2% <<<
>>> Test on task  5 : loss=3.882 | TAw acc= 85.8%, forg=  1.2% | TAg acc= 50.1%, forg= 22.9% <<<
>>> Test on task  6 : loss=3.957 | TAw acc= 91.4%, forg=  0.7% | TAg acc= 70.1%, forg=  1.7% <<<
>>> Test on task  7 : loss=4.063 | TAw acc= 93.6%, forg=  0.1% | TAg acc= 74.5%, forg=  3.5% <<<
>>> Test on task  8 : loss=4.095 | TAw acc= 94.1%, forg=  0.0% | TAg acc= 68.8%, forg=  0.0% <<<
Save at ./results/./results/resnet50.a1_in1k/cifar100/lwf/10
************************************************************************************************************
TAw Acc
	 71.6%   0.0%   0.0%   0.0%   0.0%   0.0%   0.0%   0.0%   0.0%   0.0% 	Avg.: 71.6% 
	 77.4%  89.9%   0.0%   0.0%   0.0%   0.0%   0.0%   0.0%   0.0%   0.0% 	Avg.: 83.7% 
	 80.5%  91.5%  91.4%   0.0%   0.0%   0.0%   0.0%   0.0%   0.0%   0.0% 	Avg.: 87.8% 
	 78.5%  89.8%  89.9%  81.7%   0.0%   0.0%   0.0%   0.0%   0.0%   0.0% 	Avg.: 85.0% 
	 81.0%  91.1%  90.7%  82.9%  93.3%   0.0%   0.0%   0.0%   0.0%   0.0% 	Avg.: 87.8% 
	 81.2%  91.2%  90.6%  82.9%  92.4%  87.0%   0.0%   0.0%   0.0%   0.0% 	Avg.: 87.6% 
	 80.4%  91.0%  89.8%  83.7%  92.4%  85.8%  91.4%   0.0%   0.0%   0.0% 	Avg.: 87.8% 
	 83.6%  91.8%  89.5%  83.1%  94.1%  86.5%  92.1%  93.7%   0.0%   0.0% 	Avg.: 89.3% 
	 82.9%  91.9%  89.9%  83.4%  94.5%  85.8%  91.4%  93.6%  94.1%   0.0% 	Avg.: 89.7% 
	  0.0%   0.0%   0.0%   0.0%   0.0%   0.0%   0.0%   0.0%   0.0%   0.0% 	Avg.:  0.0% 
************************************************************************************************************
TAg Acc
	 71.6%   0.0%   0.0%   0.0%   0.0%   0.0%   0.0%   0.0%   0.0%   0.0% 	Avg.: 71.6% 
	 51.0%  85.7%   0.0%   0.0%   0.0%   0.0%   0.0%   0.0%   0.0%   0.0% 	Avg.: 68.3% 
	 40.5%  73.2%  82.0%   0.0%   0.0%   0.0%   0.0%   0.0%   0.0%   0.0% 	Avg.: 65.2% 
	 32.9%  59.4%  73.8%  61.4%   0.0%   0.0%   0.0%   0.0%   0.0%   0.0% 	Avg.: 56.9% 
	 31.4%  58.5%  67.0%  55.6%  82.6%   0.0%   0.0%   0.0%   0.0%   0.0% 	Avg.: 59.0% 
	 28.6%  53.0%  61.8%  48.6%  79.2%  73.0%   0.0%   0.0%   0.0%   0.0% 	Avg.: 57.4% 
	 28.9%  46.7%  56.0%  47.2%  75.5%  69.7%  69.3%   0.0%   0.0%   0.0% 	Avg.: 56.2% 
	 26.8%  45.1%  54.7%  44.0%  73.7%  55.6%  71.8%  78.0%   0.0%   0.0% 	Avg.: 56.2% 
	 23.1%  43.8%  52.2%  39.7%  69.4%  50.1%  70.1%  74.5%  68.8%   0.0% 	Avg.: 54.6% 
	  0.0%   0.0%   0.0%   0.0%   0.0%   0.0%   0.0%   0.0%   0.0%   0.0% 	Avg.:  0.0% 
************************************************************************************************************
TAw Forg
	  0.0%   0.0%   0.0%   0.0%   0.0%   0.0%   0.0%   0.0%   0.0%   0.0% 
	 -5.8%   0.0%   0.0%   0.0%   0.0%   0.0%   0.0%   0.0%   0.0%   0.0% 	Avg.: -5.8% 
	 -3.1%  -1.6%   0.0%   0.0%   0.0%   0.0%   0.0%   0.0%   0.0%   0.0% 	Avg.: -2.3% 
	  2.0%   1.7%   1.5%   0.0%   0.0%   0.0%   0.0%   0.0%   0.0%   0.0% 	Avg.:  1.7% 
	 -0.5%   0.4%   0.7%  -1.2%   0.0%   0.0%   0.0%   0.0%   0.0%   0.0% 	Avg.: -0.1% 
	 -0.2%   0.3%   0.8%   0.0%   0.9%   0.0%   0.0%   0.0%   0.0%   0.0% 	Avg.:  0.4% 
	  0.8%   0.5%   1.6%  -0.8%   0.9%   1.2%   0.0%   0.0%   0.0%   0.0% 	Avg.:  0.7% 
	 -2.4%  -0.3%   1.9%   0.6%  -0.8%   0.5%  -0.7%   0.0%   0.0%   0.0% 	Avg.: -0.2% 
	  0.7%  -0.1%   1.5%   0.3%  -0.4%   1.2%   0.7%   0.1%   0.0%   0.0% 	Avg.:  0.5% 
	  0.0%   0.0%   0.0%   0.0%   0.0%   0.0%   0.0%   0.0%   0.0%   0.0% 	Avg.:  0.0% 
************************************************************************************************************
TAg Forg
	  0.0%   0.0%   0.0%   0.0%   0.0%   0.0%   0.0%   0.0%   0.0%   0.0% 
	 20.6%   0.0%   0.0%   0.0%   0.0%   0.0%   0.0%   0.0%   0.0%   0.0% 	Avg.: 20.6% 
	 31.1%  12.5%   0.0%   0.0%   0.0%   0.0%   0.0%   0.0%   0.0%   0.0% 	Avg.: 21.8% 
	 38.7%  26.3%   8.2%   0.0%   0.0%   0.0%   0.0%   0.0%   0.0%   0.0% 	Avg.: 24.4% 
	 40.2%  27.2%  15.0%   5.8%   0.0%   0.0%   0.0%   0.0%   0.0%   0.0% 	Avg.: 22.0% 
	 43.0%  32.7%  20.2%  12.8%   3.4%   0.0%   0.0%   0.0%   0.0%   0.0% 	Avg.: 22.4% 
	 42.7%  39.0%  26.0%  14.2%   7.1%   3.3%   0.0%   0.0%   0.0%   0.0% 	Avg.: 22.0% 
	 44.8%  40.6%  27.3%  17.4%   8.9%  17.4%  -2.5%   0.0%   0.0%   0.0% 	Avg.: 22.0% 
	 48.5%  41.9%  29.8%  21.7%  13.2%  22.9%   1.7%   3.5%   0.0%   0.0% 	Avg.: 22.9% 
	  0.0%   0.0%   0.0%   0.0%   0.0%   0.0%   0.0%   0.0%   0.0%   0.0% 	Avg.:  0.0% 
************************************************************************************************************
[Elapsed time = 0.1 h]
Done!
