START_TASK=5 STOP_TASK=6
============================================================================================================
Arguments =
	approach: bic
	batch_size: 64
	classes_first_task: None
	clipping: 10000
	crop: 224
	dataset: cifar100
	eval_on_train: False
	experiment_path: None
	fix_bn: False
	freeze_backbone: False
	gpu: 0
	gpus: [0]
	increment: 10
	last_layer_analysis: True
	log: ['disk']
	lr: 0.01
	lr_factor: None
	lr_min: 0.0001
	lr_patience: None
	lr_scheduler: cosine
	lr_warmup_epochs: 0
	momentum: 0.0
	multi_softmax: False
	nepochs: 50
	network: vit_small_patch16_224.augreg_in1k
	no_cudnn_deterministic: False
	normalize: in1k
	num_workers: 2
	optimizer_name: sgd
	pin_memory: False
	pretrained: True
	resize: 224
	results_path: ./results
	save_models: True
	seed: 0
	start_at_task: 5
	start_epoch: 0
	stop_at_task: 6
	stop_epoch: 0
	use_valid_only: False
	warmup_lr_factor: 1.0
	warmup_nepochs: 0
	weight_decay: 0.0
============================================================================================================
Approach arguments =
	T: 2
	lamb: -1
	num_bias_epochs: 200
	val_exemplar_percentage: 0.1
============================================================================================================
Exemplars arguments =
	exemplar_selection: random
	num_exemplars: 2000
============================================================================================================
WARNING: ./results/vit_small_patch16_224.augreg_in1k/cifar100/bic/10 already exists!
Loaded acc_taw from: ./results/vit_small_patch16_224.augreg_in1k/cifar100/bic/10/acc_taw-4.txt
Loaded acc_tag from: ./results/vit_small_patch16_224.augreg_in1k/cifar100/bic/10/acc_tag-4.txt
Loaded forg_taw from: ./results/vit_small_patch16_224.augreg_in1k/cifar100/bic/10/forg_taw-4.txt
Loaded forg_tag from: ./results/vit_small_patch16_224.augreg_in1k/cifar100/bic/10/forg_tag-4.txt
Loaded 5 bias layers from ./results/vit_small_patch16_224.augreg_in1k/cifar100/bic/10/task4_bias_layers.pth
Loaded 1800 training exemplars from ./results/vit_small_patch16_224.augreg_in1k/cifar100/bic/10/task4_exemplars.pth
Loaded val exemplars from ./results/vit_small_patch16_224.augreg_in1k/cifar100/bic/10/task4_val_exemplars.pth
************************************************************************************************************
Task  5  [epochs 0-50]
************************************************************************************************************
Stage 0: Select validation exemplars for bias correction
 > Selected 240 val exemplars, time=0.0s
Stage 1: Backbone training with distillation
[params] total:21,688,764  trainable:21,688,764  tensors:162  trainable_tensors:162
| Epoch   1, time= 21.3s | Train: skip eval | Valid: time=  1.3s loss=2.298, TAw acc= 85.8% | * lr=1.0e-02
| Epoch   2, time= 20.8s | Train: skip eval | Valid: time=  1.2s loss=2.257, TAw acc= 88.6% | * lr=1.0e-02
| Epoch   3, time= 20.7s | Train: skip eval | Valid: time=  1.2s loss=2.245, TAw acc= 91.2% | * lr=9.9e-03
| Epoch   4, time= 20.8s | Train: skip eval | Valid: time=  1.2s loss=2.237, TAw acc= 91.2% | * lr=9.8e-03
| Epoch   5, time= 20.9s | Train: skip eval | Valid: time=  1.2s loss=2.231, TAw acc= 92.4% | * lr=9.8e-03
| Epoch   6, time= 20.7s | Train: skip eval | Valid: time=  1.2s loss=2.228, TAw acc= 91.6% | * lr=9.7e-03
| Epoch   7, time= 21.0s | Train: skip eval | Valid: time=  1.2s loss=2.227, TAw acc= 92.0% | * lr=9.5e-03
| Epoch   8, time= 20.7s | Train: skip eval | Valid: time=  1.2s loss=2.224, TAw acc= 92.8% | * lr=9.4e-03
| Epoch   9, time= 20.8s | Train: skip eval | Valid: time=  1.2s loss=2.223, TAw acc= 91.8% | * lr=9.2e-03
| Epoch  10, time= 20.9s | Train: skip eval | Valid: time=  1.2s loss=2.221, TAw acc= 92.8% | * lr=9.1e-03
| Epoch  11, time= 20.8s | Train: skip eval | Valid: time=  1.2s loss=2.220, TAw acc= 92.4% | * lr=8.9e-03
| Epoch  12, time= 20.9s | Train: skip eval | Valid: time=  1.2s loss=2.220, TAw acc= 92.8% | * lr=8.7e-03
| Epoch  13, time= 20.7s | Train: skip eval | Valid: time=  1.2s loss=2.220, TAw acc= 93.6% | lr=8.4e-03
| Epoch  14, time= 20.9s | Train: skip eval | Valid: time=  1.2s loss=2.219, TAw acc= 92.6% | * lr=8.2e-03
| Epoch  15, time= 21.1s | Train: skip eval | Valid: time=  1.2s loss=2.219, TAw acc= 91.8% | * lr=8.0e-03
| Epoch  16, time= 21.0s | Train: skip eval | Valid: time=  1.2s loss=2.217, TAw acc= 93.0% | * lr=7.7e-03
| Epoch  17, time= 20.9s | Train: skip eval | Valid: time=  1.2s loss=2.218, TAw acc= 92.0% | lr=7.4e-03
| Epoch  18, time= 20.8s | Train: skip eval | Valid: time=  1.2s loss=2.216, TAw acc= 92.2% | * lr=7.2e-03
| Epoch  19, time= 21.0s | Train: skip eval | Valid: time=  1.2s loss=2.216, TAw acc= 92.8% | * lr=6.9e-03
| Epoch  20, time= 20.9s | Train: skip eval | Valid: time=  1.3s loss=2.215, TAw acc= 93.6% | * lr=6.6e-03
| Epoch  21, time= 21.1s | Train: skip eval | Valid: time=  1.2s loss=2.216, TAw acc= 93.2% | lr=6.3e-03
| Epoch  22, time= 20.8s | Train: skip eval | Valid: time=  1.2s loss=2.215, TAw acc= 92.6% | * lr=6.0e-03
| Epoch  23, time= 20.8s | Train: skip eval | Valid: time=  1.2s loss=2.214, TAw acc= 94.2% | * lr=5.7e-03
| Epoch  24, time= 21.1s | Train: skip eval | Valid: time=  1.3s loss=2.214, TAw acc= 93.0% | * lr=5.4e-03
| Epoch  25, time= 21.1s | Train: skip eval | Valid: time=  1.2s loss=2.215, TAw acc= 93.8% | lr=5.1e-03
| Epoch  26, time= 21.0s | Train: skip eval | Valid: time=  1.2s loss=2.215, TAw acc= 94.2% | lr=4.7e-03
| Epoch  27, time= 20.8s | Train: skip eval | Valid: time=  1.3s loss=2.214, TAw acc= 94.4% | * lr=4.4e-03
| Epoch  28, time= 20.8s | Train: skip eval | Valid: time=  1.2s loss=2.214, TAw acc= 93.0% | lr=4.1e-03
| Epoch  29, time= 21.0s | Train: skip eval | Valid: time=  1.2s loss=2.214, TAw acc= 92.6% | lr=3.8e-03
| Epoch  30, time= 21.0s | Train: skip eval | Valid: time=  1.3s loss=2.214, TAw acc= 93.0% | * lr=3.5e-03
| Epoch  31, time= 20.9s | Train: skip eval | Valid: time=  1.2s loss=2.213, TAw acc= 93.4% | * lr=3.2e-03
| Epoch  32, time= 20.9s | Train: skip eval | Valid: time=  1.2s loss=2.213, TAw acc= 93.6% | * lr=2.9e-03
| Epoch  33, time= 20.7s | Train: skip eval | Valid: time=  1.2s loss=2.213, TAw acc= 93.4% | lr=2.7e-03
| Epoch  34, time= 20.8s | Train: skip eval | Valid: time=  1.2s loss=2.213, TAw acc= 93.4% | * lr=2.4e-03
| Epoch  35, time= 21.0s | Train: skip eval | Valid: time=  1.2s loss=2.214, TAw acc= 93.2% | lr=2.1e-03
| Epoch  36, time= 20.9s | Train: skip eval | Valid: time=  1.2s loss=2.213, TAw acc= 93.4% | lr=1.9e-03
| Epoch  37, time= 20.8s | Train: skip eval | Valid: time=  1.2s loss=2.213, TAw acc= 93.0% | lr=1.7e-03
| Epoch  38, time= 20.7s | Train: skip eval | Valid: time=  1.2s loss=2.213, TAw acc= 93.4% | * lr=1.4e-03
| Epoch  39, time= 20.4s | Train: skip eval | Valid: time=  1.1s loss=2.213, TAw acc= 93.8% | * lr=1.2e-03
| Epoch  40, time= 20.3s | Train: skip eval | Valid: time=  1.2s loss=2.213, TAw acc= 93.4% | lr=1.0e-03
| Epoch  41, time= 20.5s | Train: skip eval | Valid: time=  1.2s loss=2.213, TAw acc= 93.2% | lr=8.7e-04
| Epoch  42, time= 20.4s | Train: skip eval | Valid: time=  1.2s loss=2.213, TAw acc= 93.2% | lr=7.1e-04
| Epoch  43, time= 20.6s | Train: skip eval | Valid: time=  1.2s loss=2.213, TAw acc= 93.2% | lr=5.7e-04
| Epoch  44, time= 20.7s | Train: skip eval | Valid: time=  1.2s loss=2.213, TAw acc= 93.2% | lr=4.5e-04
| Epoch  45, time= 20.8s | Train: skip eval | Valid: time=  1.2s loss=2.213, TAw acc= 93.2% | lr=3.4e-04
| Epoch  46, time= 20.6s | Train: skip eval | Valid: time=  1.2s loss=2.213, TAw acc= 93.4% | lr=2.6e-04
| Epoch  47, time= 20.8s | Train: skip eval | Valid: time=  1.2s loss=2.213, TAw acc= 93.6% | lr=1.9e-04
| Epoch  48, time= 20.6s | Train: skip eval | Valid: time=  1.3s loss=2.213, TAw acc= 93.6% | lr=1.4e-04
| Epoch  49, time= 20.9s | Train: skip eval | Valid: time=  1.2s loss=2.213, TAw acc= 93.4% | lr=1.1e-04
| Epoch  50, time= 20.9s | Train: skip eval | Valid: time=  1.3s loss=2.213, TAw acc= 93.4% | lr=1.0e-04
Stage 2: Training bias correction layers
| Epoch  50, time=0.5s | Train: loss=0.723, TAg acc= 77.9% |
| Epoch 100, time=0.6s | Train: loss=0.726, TAg acc= 79.2% |
| Epoch 150, time=0.5s | Train: loss=0.764, TAg acc= 76.7% |
| Epoch 200, time=0.5s | Train: loss=0.797, TAg acc= 79.2% |
Stage 2: BiC Task 0: alpha=1.00000, beta=0.00000
Stage 2: BiC Task 1: alpha=0.97521, beta=-0.09462
Stage 2: BiC Task 2: alpha=0.83106, beta=-0.14956
Stage 2: BiC Task 3: alpha=0.75272, beta=-0.11491
Stage 2: BiC Task 4: alpha=0.78142, beta=-0.20413
Stage 2: BiC Task 5: alpha=0.74520, beta=-0.23630
| Selected 1740 train exemplars, time=  0.1s
------------------------------------------------------------------------------------------------------------
>>> Test on task  0 : loss=0.571 | TAw acc= 96.5%, forg=  0.5% | TAg acc= 84.9%, forg= 11.3% <<<
>>> Test on task  1 : loss=0.532 | TAw acc= 98.5%, forg=  0.2% | TAg acc= 89.5%, forg=  6.2% <<<
>>> Test on task  2 : loss=0.802 | TAw acc= 97.5%, forg=  0.2% | TAg acc= 91.4%, forg=  2.1% <<<
>>> Test on task  3 : loss=1.381 | TAw acc= 94.9%, forg= -0.4% | TAg acc= 86.3%, forg=  1.2% <<<
>>> Test on task  4 : loss=1.909 | TAw acc= 96.9%, forg=  0.3% | TAg acc= 89.1%, forg=  0.5% <<<
>>> Test on task  5 : loss=2.302 | TAw acc= 93.3%, forg=  0.0% | TAg acc= 77.7%, forg=  0.0% <<<
Save at ./results/./results/vit_small_patch16_224.augreg_in1k/cifar100/bic/10
************************************************************************************************************
TAw Acc
	 96.2%   0.0%   0.0%   0.0%   0.0%   0.0%   0.0%   0.0%   0.0%   0.0% 	Avg.: 96.2% 
	 97.0%  98.5%   0.0%   0.0%   0.0%   0.0%   0.0%   0.0%   0.0%   0.0% 	Avg.: 97.8% 
	 96.5%  98.7%  97.5%   0.0%   0.0%   0.0%   0.0%   0.0%   0.0%   0.0% 	Avg.: 97.6% 
	 96.3%  98.7%  97.3%  94.3%   0.0%   0.0%   0.0%   0.0%   0.0%   0.0% 	Avg.: 96.7% 
	 96.7%  98.4%  97.7%  94.5%  97.2%   0.0%   0.0%   0.0%   0.0%   0.0% 	Avg.: 96.9% 
	 96.5%  98.5%  97.5%  94.9%  96.9%  93.3%   0.0%   0.0%   0.0%   0.0% 	Avg.: 96.3% 
	  0.0%   0.0%   0.0%   0.0%   0.0%   0.0%   0.0%   0.0%   0.0%   0.0% 	Avg.:  0.0% 
	  0.0%   0.0%   0.0%   0.0%   0.0%   0.0%   0.0%   0.0%   0.0%   0.0% 	Avg.:  0.0% 
	  0.0%   0.0%   0.0%   0.0%   0.0%   0.0%   0.0%   0.0%   0.0%   0.0% 	Avg.:  0.0% 
	  0.0%   0.0%   0.0%   0.0%   0.0%   0.0%   0.0%   0.0%   0.0%   0.0% 	Avg.:  0.0% 
************************************************************************************************************
TAg Acc
	 96.2%   0.0%   0.0%   0.0%   0.0%   0.0%   0.0%   0.0%   0.0%   0.0% 	Avg.: 96.2% 
	 91.7%  95.7%   0.0%   0.0%   0.0%   0.0%   0.0%   0.0%   0.0%   0.0% 	Avg.: 93.7% 
	 90.2%  93.5%  93.5%   0.0%   0.0%   0.0%   0.0%   0.0%   0.0%   0.0% 	Avg.: 92.4% 
	 89.2%  91.5%  92.5%  87.1%   0.0%   0.0%   0.0%   0.0%   0.0%   0.0% 	Avg.: 90.1% 
	 87.0%  90.7%  91.8%  87.5%  89.6%   0.0%   0.0%   0.0%   0.0%   0.0% 	Avg.: 89.3% 
	 84.9%  89.5%  91.4%  86.3%  89.1%  77.7%   0.0%   0.0%   0.0%   0.0% 	Avg.: 86.5% 
	  0.0%   0.0%   0.0%   0.0%   0.0%   0.0%   0.0%   0.0%   0.0%   0.0% 	Avg.:  0.0% 
	  0.0%   0.0%   0.0%   0.0%   0.0%   0.0%   0.0%   0.0%   0.0%   0.0% 	Avg.:  0.0% 
	  0.0%   0.0%   0.0%   0.0%   0.0%   0.0%   0.0%   0.0%   0.0%   0.0% 	Avg.:  0.0% 
	  0.0%   0.0%   0.0%   0.0%   0.0%   0.0%   0.0%   0.0%   0.0%   0.0% 	Avg.:  0.0% 
************************************************************************************************************
TAw Forg
	  0.0%   0.0%   0.0%   0.0%   0.0%   0.0%   0.0%   0.0%   0.0%   0.0% 
	 -0.8%   0.0%   0.0%   0.0%   0.0%   0.0%   0.0%   0.0%   0.0%   0.0% 	Avg.: -0.8% 
	  0.5%  -0.2%   0.0%   0.0%   0.0%   0.0%   0.0%   0.0%   0.0%   0.0% 	Avg.:  0.1% 
	  0.7%   0.0%   0.2%   0.0%   0.0%   0.0%   0.0%   0.0%   0.0%   0.0% 	Avg.:  0.3% 
	  0.3%   0.3%  -0.2%  -0.2%   0.0%   0.0%   0.0%   0.0%   0.0%   0.0% 	Avg.:  0.0% 
	  0.5%   0.2%   0.2%  -0.4%   0.3%   0.0%   0.0%   0.0%   0.0%   0.0% 	Avg.:  0.2% 
	  0.0%   0.0%   0.0%   0.0%   0.0%   0.0%   0.0%   0.0%   0.0%   0.0% 	Avg.:  0.0% 
	  0.0%   0.0%   0.0%   0.0%   0.0%   0.0%   0.0%   0.0%   0.0%   0.0% 	Avg.:  0.0% 
	  0.0%   0.0%   0.0%   0.0%   0.0%   0.0%   0.0%   0.0%   0.0%   0.0% 	Avg.:  0.0% 
	  0.0%   0.0%   0.0%   0.0%   0.0%   0.0%   0.0%   0.0%   0.0%   0.0% 	Avg.:  0.0% 
************************************************************************************************************
TAg Forg
	  0.0%   0.0%   0.0%   0.0%   0.0%   0.0%   0.0%   0.0%   0.0%   0.0% 
	  4.5%   0.0%   0.0%   0.0%   0.0%   0.0%   0.0%   0.0%   0.0%   0.0% 	Avg.:  4.5% 
	  6.0%   2.2%   0.0%   0.0%   0.0%   0.0%   0.0%   0.0%   0.0%   0.0% 	Avg.:  4.1% 
	  7.0%   4.2%   1.0%   0.0%   0.0%   0.0%   0.0%   0.0%   0.0%   0.0% 	Avg.:  4.1% 
	  9.2%   5.0%   1.7%  -0.4%   0.0%   0.0%   0.0%   0.0%   0.0%   0.0% 	Avg.:  3.9% 
	 11.3%   6.2%   2.1%   1.2%   0.5%   0.0%   0.0%   0.0%   0.0%   0.0% 	Avg.:  4.3% 
	  0.0%   0.0%   0.0%   0.0%   0.0%   0.0%   0.0%   0.0%   0.0%   0.0% 	Avg.:  0.0% 
	  0.0%   0.0%   0.0%   0.0%   0.0%   0.0%   0.0%   0.0%   0.0%   0.0% 	Avg.:  0.0% 
	  0.0%   0.0%   0.0%   0.0%   0.0%   0.0%   0.0%   0.0%   0.0%   0.0% 	Avg.:  0.0% 
	  0.0%   0.0%   0.0%   0.0%   0.0%   0.0%   0.0%   0.0%   0.0%   0.0% 	Avg.:  0.0% 
************************************************************************************************************
[Elapsed time = 0.3 h]
Done!
