START_TASK=9 STOP_TASK=10
============================================================================================================
Arguments =
	all_outputs: False
	approach: icarl
	batch_size: 64
	classes_first_task: None
	clipping: 10000
	crop: 224
	data_path: ../data/food101
	dataset: food101
	eval_on_train: False
	experiment_path: None
	fix_bn: False
	freeze_backbone: False
	gpu: 0
	gpus: [0]
	increment: 10
	last_layer_analysis: False
	log: ['disk']
	lr: 0.01
	lr_factor: None
	lr_min: 0.0001
	lr_patience: None
	lr_scheduler: cosine
	lr_warmup_epochs: 0
	momentum: 0.0
	multi_softmax: False
	nepochs: 70
	network: vit_small_patch16_224.augreg_in1k
	no_cudnn_deterministic: False
	normalize: in1k
	num_workers: 2
	optimizer_name: sgd
	pin_memory: False
	pretrained: True
	resize: 224
	results_path: ./results
	save_models: True
	seed: 0
	start_at_task: 9
	start_epoch: 0
	stop_at_task: 10
	stop_epoch: 0
	use_valid_only: False
	warmup_lr_factor: 1.0
	warmup_nepochs: 0
	weight_decay: 0.0
============================================================================================================
Approach arguments =
	lamb: 1.0
============================================================================================================
Exemplars arguments =
	exemplar_selection: random
	num_exemplars: 2000
============================================================================================================
WARNING: ./results/vit_small_patch16_224.augreg_in1k/food101/icarl/10 already exists!
Loaded acc_taw from: ./results/vit_small_patch16_224.augreg_in1k/food101/icarl/10/acc_taw-8.txt
Loaded acc_tag from: ./results/vit_small_patch16_224.augreg_in1k/food101/icarl/10/acc_tag-8.txt
Loaded forg_taw from: ./results/vit_small_patch16_224.augreg_in1k/food101/icarl/10/forg_taw-8.txt
Loaded forg_tag from: ./results/vit_small_patch16_224.augreg_in1k/food101/icarl/10/forg_tag-8.txt
Loaded 2070 exemplars from ./results/vit_small_patch16_224.augreg_in1k/food101/icarl/10/task8_exemplars.pth
Loaded 90 exemplar means from ./results/vit_small_patch16_224.augreg_in1k/food101/icarl/10/task8_exemplar_means.pth
************************************************************************************************************
Task  9  [epochs 0-70]
************************************************************************************************************
[params] total:21,704,164  trainable:21,704,164  tensors:170  trainable_tensors:170
| Epoch   1, time= 39.1s | Train: skip eval | Valid: time=  3.1s loss=12.998, TAw acc= 83.1% | * lr=1.0e-02
| Epoch   2, time= 39.0s | Train: skip eval | Valid: time=  3.7s loss=12.704, TAw acc= 86.0% | * lr=1.0e-02
| Epoch   3, time= 35.2s | Train: skip eval | Valid: time=  3.8s loss=12.671, TAw acc= 85.5% | * lr=1.0e-02
| Epoch   4, time= 37.0s | Train: skip eval | Valid: time=  3.0s loss=12.488, TAw acc= 87.5% | * lr=9.9e-03
| Epoch   5, time= 36.1s | Train: skip eval | Valid: time=  2.9s loss=12.532, TAw acc= 87.6% | lr=9.9e-03
| Epoch   6, time= 37.9s | Train: skip eval | Valid: time=  2.9s loss=12.628, TAw acc= 88.7% | lr=9.8e-03
| Epoch   7, time= 37.3s | Train: skip eval | Valid: time=  3.2s loss=12.554, TAw acc= 87.5% | lr=9.8e-03
| Epoch   8, time= 37.1s | Train: skip eval | Valid: time=  3.0s loss=12.519, TAw acc= 87.3% | lr=9.7e-03
| Epoch   9, time= 36.4s | Train: skip eval | Valid: time=  3.1s loss=12.545, TAw acc= 88.9% | lr=9.6e-03
| Epoch  10, time= 37.7s | Train: skip eval | Valid: time=  2.9s loss=12.445, TAw acc= 88.9% | * lr=9.5e-03
| Epoch  11, time= 37.6s | Train: skip eval | Valid: time=  2.9s loss=12.459, TAw acc= 87.7% | lr=9.4e-03
| Epoch  12, time= 38.6s | Train: skip eval | Valid: time=  3.0s loss=12.414, TAw acc= 88.0% | * lr=9.3e-03
| Epoch  13, time= 36.5s | Train: skip eval | Valid: time=  2.8s loss=12.449, TAw acc= 88.0% | lr=9.2e-03
| Epoch  14, time= 40.6s | Train: skip eval | Valid: time=  2.9s loss=12.374, TAw acc= 89.6% | * lr=9.1e-03
| Epoch  15, time= 39.5s | Train: skip eval | Valid: time=  3.1s loss=12.372, TAw acc= 88.1% | * lr=8.9e-03
| Epoch  16, time= 37.1s | Train: skip eval | Valid: time=  2.9s loss=12.343, TAw acc= 89.6% | * lr=8.8e-03
| Epoch  17, time= 34.9s | Train: skip eval | Valid: time=  2.9s loss=12.394, TAw acc= 88.0% | lr=8.6e-03
| Epoch  18, time= 35.7s | Train: skip eval | Valid: time=  3.0s loss=12.359, TAw acc= 87.9% | lr=8.5e-03
| Epoch  19, time= 38.4s | Train: skip eval | Valid: time=  3.4s loss=12.345, TAw acc= 88.7% | lr=8.3e-03
| Epoch  20, time= 37.5s | Train: skip eval | Valid: time=  2.9s loss=12.332, TAw acc= 88.5% | * lr=8.1e-03
| Epoch  21, time= 36.7s | Train: skip eval | Valid: time=  3.0s loss=12.311, TAw acc= 88.9% | * lr=8.0e-03
| Epoch  22, time= 38.8s | Train: skip eval | Valid: time=  2.8s loss=12.314, TAw acc= 89.3% | lr=7.8e-03
| Epoch  23, time= 36.6s | Train: skip eval | Valid: time=  3.1s loss=12.313, TAw acc= 88.9% | lr=7.6e-03
| Epoch  24, time= 36.5s | Train: skip eval | Valid: time=  3.0s loss=12.305, TAw acc= 89.2% | * lr=7.4e-03
| Epoch  25, time= 35.5s | Train: skip eval | Valid: time=  3.1s loss=12.291, TAw acc= 88.9% | * lr=7.2e-03
| Epoch  26, time= 38.4s | Train: skip eval | Valid: time=  3.0s loss=12.300, TAw acc= 89.5% | lr=7.0e-03
| Epoch  27, time= 35.4s | Train: skip eval | Valid: time=  3.1s loss=12.284, TAw acc= 89.2% | * lr=6.8e-03
| Epoch  28, time= 37.0s | Train: skip eval | Valid: time=  3.0s loss=12.297, TAw acc= 89.1% | lr=6.6e-03
| Epoch  29, time= 37.1s | Train: skip eval | Valid: time=  3.3s loss=12.291, TAw acc= 88.8% | lr=6.4e-03
| Epoch  30, time= 38.1s | Train: skip eval | Valid: time=  3.7s loss=12.288, TAw acc= 88.8% | lr=6.2e-03
| Epoch  31, time= 38.4s | Train: skip eval | Valid: time=  3.0s loss=12.285, TAw acc= 89.7% | lr=5.9e-03
| Epoch  32, time= 39.7s | Train: skip eval | Valid: time=  3.0s loss=12.276, TAw acc= 89.2% | * lr=5.7e-03
| Epoch  33, time= 37.1s | Train: skip eval | Valid: time=  2.9s loss=12.267, TAw acc= 88.7% | * lr=5.5e-03
| Epoch  34, time= 34.6s | Train: skip eval | Valid: time=  3.4s loss=12.277, TAw acc= 88.8% | lr=5.3e-03
| Epoch  35, time= 37.8s | Train: skip eval | Valid: time=  2.9s loss=12.280, TAw acc= 88.9% | lr=5.1e-03
| Epoch  36, time= 37.6s | Train: skip eval | Valid: time=  2.9s loss=12.272, TAw acc= 89.5% | lr=4.8e-03
| Epoch  37, time= 36.4s | Train: skip eval | Valid: time=  2.9s loss=12.270, TAw acc= 89.3% | lr=4.6e-03
| Epoch  38, time= 40.2s | Train: skip eval | Valid: time=  3.2s loss=12.263, TAw acc= 89.2% | * lr=4.4e-03
| Epoch  39, time= 38.4s | Train: skip eval | Valid: time=  3.6s loss=12.264, TAw acc= 89.2% | lr=4.2e-03
| Epoch  40, time= 34.4s | Train: skip eval | Valid: time=  3.0s loss=12.265, TAw acc= 89.1% | lr=3.9e-03
| Epoch  41, time= 36.7s | Train: skip eval | Valid: time=  2.9s loss=12.261, TAw acc= 88.9% | * lr=3.7e-03
| Epoch  42, time= 39.1s | Train: skip eval | Valid: time=  3.2s loss=12.264, TAw acc= 89.1% | lr=3.5e-03
| Epoch  43, time= 35.1s | Train: skip eval | Valid: time=  2.9s loss=12.258, TAw acc= 89.5% | * lr=3.3e-03
| Epoch  44, time= 39.3s | Train: skip eval | Valid: time=  3.0s loss=12.254, TAw acc= 89.2% | * lr=3.1e-03
| Epoch  45, time= 37.7s | Train: skip eval | Valid: time=  3.7s loss=12.251, TAw acc= 89.5% | * lr=2.9e-03
| Epoch  46, time= 40.2s | Train: skip eval | Valid: time=  2.9s loss=12.255, TAw acc= 89.3% | lr=2.7e-03
| Epoch  47, time= 35.2s | Train: skip eval | Valid: time=  3.3s loss=12.254, TAw acc= 89.6% | lr=2.5e-03
| Epoch  48, time= 36.0s | Train: skip eval | Valid: time=  3.2s loss=12.251, TAw acc= 89.1% | * lr=2.3e-03
| Epoch  49, time= 38.8s | Train: skip eval | Valid: time=  3.2s loss=12.253, TAw acc= 89.2% | lr=2.1e-03
| Epoch  50, time= 34.8s | Train: skip eval | Valid: time=  3.3s loss=12.247, TAw acc= 89.2% | * lr=2.0e-03
| Epoch  51, time= 36.7s | Train: skip eval | Valid: time=  2.8s loss=12.247, TAw acc= 88.9% | * lr=1.8e-03
| Epoch  52, time= 38.2s | Train: skip eval | Valid: time=  3.0s loss=12.241, TAw acc= 88.9% | * lr=1.6e-03
| Epoch  53, time= 34.6s | Train: skip eval | Valid: time=  2.9s loss=12.247, TAw acc= 88.8% | lr=1.5e-03
| Epoch  54, time= 37.5s | Train: skip eval | Valid: time=  3.5s loss=12.250, TAw acc= 89.5% | lr=1.3e-03
| Epoch  55, time= 40.2s | Train: skip eval | Valid: time=  2.9s loss=12.246, TAw acc= 88.9% | lr=1.2e-03
| Epoch  56, time= 34.7s | Train: skip eval | Valid: time=  2.9s loss=12.244, TAw acc= 89.1% | lr=1.0e-03
| Epoch  57, time= 37.2s | Train: skip eval | Valid: time=  2.9s loss=12.242, TAw acc= 89.3% | lr=9.2e-04
| Epoch  58, time= 38.2s | Train: skip eval | Valid: time=  3.1s loss=12.242, TAw acc= 89.2% | lr=8.0e-04
| Epoch  59, time= 36.3s | Train: skip eval | Valid: time=  3.7s loss=12.242, TAw acc= 88.9% | lr=6.9e-04
| Epoch  60, time= 38.6s | Train: skip eval | Valid: time=  3.7s loss=12.245, TAw acc= 89.1% | lr=5.9e-04
| Epoch  61, time= 40.1s | Train: skip eval | Valid: time=  3.5s loss=12.242, TAw acc= 89.1% | lr=5.0e-04
| Epoch  62, time= 35.6s | Train: skip eval | Valid: time=  3.2s loss=12.242, TAw acc= 89.3% | lr=4.2e-04
| Epoch  63, time= 38.8s | Train: skip eval | Valid: time=  3.0s loss=12.241, TAw acc= 89.1% | * lr=3.4e-04
| Epoch  64, time= 37.4s | Train: skip eval | Valid: time=  3.7s loss=12.242, TAw acc= 89.1% | lr=2.8e-04
| Epoch  65, time= 34.4s | Train: skip eval | Valid: time=  3.5s loss=12.242, TAw acc= 89.3% | lr=2.2e-04
| Epoch  66, time= 39.7s | Train: skip eval | Valid: time=  3.2s loss=12.240, TAw acc= 89.2% | * lr=1.8e-04
| Epoch  67, time= 34.7s | Train: skip eval | Valid: time=  3.3s loss=12.240, TAw acc= 89.3% | lr=1.4e-04
| Epoch  68, time= 41.0s | Train: skip eval | Valid: time=  3.1s loss=12.241, TAw acc= 89.2% | lr=1.2e-04
| Epoch  69, time= 35.9s | Train: skip eval | Valid: time=  3.0s loss=12.241, TAw acc= 89.2% | lr=1.0e-04
| Epoch  70, time= 34.6s | Train: skip eval | Valid: time=  3.1s loss=12.241, TAw acc= 89.3% | lr=1.0e-04
| Selected 2000 train exemplars, time=  2.1s
------------------------------------------------------------------------------------------------------------
>>> Test on task  0 : loss=2.869 | TAw acc= 95.8%, forg=  0.0% | TAg acc= 77.7%, forg= 17.8% <<<
>>> Test on task  1 : loss=6.061 | TAw acc= 96.9%, forg= -0.2% | TAg acc= 77.0%, forg= 11.6% <<<
>>> Test on task  2 : loss=9.308 | TAw acc= 95.0%, forg=  0.1% | TAg acc= 72.6%, forg= 12.8% <<<
>>> Test on task  3 : loss=10.876 | TAw acc= 94.3%, forg= -0.0% | TAg acc= 73.6%, forg=  8.4% <<<
>>> Test on task  4 : loss=12.134 | TAw acc= 93.0%, forg=  0.0% | TAg acc= 69.5%, forg=  8.5% <<<
>>> Test on task  5 : loss=11.912 | TAw acc= 92.0%, forg= -0.2% | TAg acc= 68.6%, forg=  7.2% <<<
>>> Test on task  6 : loss=13.132 | TAw acc= 91.0%, forg= -0.1% | TAg acc= 63.7%, forg= 11.0% <<<
>>> Test on task  7 : loss=12.953 | TAw acc= 93.1%, forg= -0.2% | TAg acc= 72.4%, forg=  6.7% <<<
>>> Test on task  8 : loss=12.676 | TAw acc= 92.9%, forg=  0.0% | TAg acc= 73.8%, forg=  3.5% <<<
>>> Test on task  9 : loss=12.086 | TAw acc= 89.0%, forg=  0.0% | TAg acc= 72.4%, forg=  0.0% <<<
Save at ./results/./results/vit_small_patch16_224.augreg_in1k/food101/icarl/10
************************************************************************************************************
TAw Acc
	 95.5%   0.0%   0.0%   0.0%   0.0%   0.0%   0.0%   0.0%   0.0%   0.0% 	Avg.: 95.5% 
	 95.8%  95.4%   0.0%   0.0%   0.0%   0.0%   0.0%   0.0%   0.0%   0.0% 	Avg.: 95.6% 
	 95.6%  95.8%  93.0%   0.0%   0.0%   0.0%   0.0%   0.0%   0.0%   0.0% 	Avg.: 94.8% 
	 95.4%  96.2%  93.2%  93.0%   0.0%   0.0%   0.0%   0.0%   0.0%   0.0% 	Avg.: 94.4% 
	 95.5%  96.2%  94.0%  93.2%  91.3%   0.0%   0.0%   0.0%   0.0%   0.0% 	Avg.: 94.0% 
	 95.6%  96.2%  94.5%  93.6%  91.4%  90.8%   0.0%   0.0%   0.0%   0.0% 	Avg.: 93.7% 
	 95.4%  96.4%  94.9%  93.8%  92.6%  91.1%  89.6%   0.0%   0.0%   0.0% 	Avg.: 93.4% 
	 95.6%  96.5%  95.0%  94.2%  92.7%  91.8%  90.6%  92.6%   0.0%   0.0% 	Avg.: 93.6% 
	 95.5%  96.7%  95.1%  94.3%  93.0%  91.8%  90.9%  92.9%  92.9%   0.0% 	Avg.: 93.7% 
	 95.8%  96.9%  95.0%  94.3%  93.0%  92.0%  91.0%  93.1%  92.9%  89.0% 	Avg.: 93.3% 
************************************************************************************************************
TAg Acc
	 95.5%   0.0%   0.0%   0.0%   0.0%   0.0%   0.0%   0.0%   0.0%   0.0% 	Avg.: 95.5% 
	 93.1%  88.6%   0.0%   0.0%   0.0%   0.0%   0.0%   0.0%   0.0%   0.0% 	Avg.: 90.8% 
	 92.2%  87.0%  85.4%   0.0%   0.0%   0.0%   0.0%   0.0%   0.0%   0.0% 	Avg.: 88.2% 
	 91.0%  85.4%  82.6%  82.0%   0.0%   0.0%   0.0%   0.0%   0.0%   0.0% 	Avg.: 85.3% 
	 89.0%  83.7%  80.1%  78.2%  78.0%   0.0%   0.0%   0.0%   0.0%   0.0% 	Avg.: 81.8% 
	 88.4%  82.5%  77.9%  77.0%  75.7%  75.8%   0.0%   0.0%   0.0%   0.0% 	Avg.: 79.5% 
	 85.3%  81.3%  75.6%  75.7%  74.4%  73.0%  74.7%   0.0%   0.0%   0.0% 	Avg.: 77.1% 
	 82.0%  79.1%  75.5%  74.0%  72.5%  71.1%  70.1%  79.1%   0.0%   0.0% 	Avg.: 75.4% 
	 79.0%  78.1%  73.7%  73.8%  71.1%  69.7%  69.5%  75.0%  77.3%   0.0% 	Avg.: 74.1% 
	 77.7%  77.0%  72.6%  73.6%  69.5%  68.6%  63.7%  72.4%  73.8%  72.4% 	Avg.: 72.1% 
************************************************************************************************************
TAw Forg
	  0.0%   0.0%   0.0%   0.0%   0.0%   0.0%   0.0%   0.0%   0.0%   0.0% 
	 -0.3%   0.0%   0.0%   0.0%   0.0%   0.0%   0.0%   0.0%   0.0%   0.0% 	Avg.: -0.3% 
	  0.2%  -0.4%   0.0%   0.0%   0.0%   0.0%   0.0%   0.0%   0.0%   0.0% 	Avg.: -0.1% 
	  0.4%  -0.4%  -0.2%   0.0%   0.0%   0.0%   0.0%   0.0%   0.0%   0.0% 	Avg.: -0.1% 
	  0.3%  -0.0%  -0.8%  -0.2%   0.0%   0.0%   0.0%   0.0%   0.0%   0.0% 	Avg.: -0.2% 
	  0.2%  -0.0%  -0.5%  -0.4%  -0.2%   0.0%   0.0%   0.0%   0.0%   0.0% 	Avg.: -0.2% 
	  0.4%  -0.2%  -0.4%  -0.2%  -1.2%  -0.4%   0.0%   0.0%   0.0%   0.0% 	Avg.: -0.3% 
	  0.2%  -0.1%  -0.1%  -0.4%  -0.1%  -0.7%  -1.0%   0.0%   0.0%   0.0% 	Avg.: -0.3% 
	  0.3%  -0.2%  -0.2%  -0.1%  -0.3%   0.0%  -0.3%  -0.3%   0.0%   0.0% 	Avg.: -0.1% 
	  0.0%  -0.2%   0.1%  -0.0%   0.0%  -0.2%  -0.1%  -0.2%   0.0%   0.0% 	Avg.: -0.1% 
************************************************************************************************************
TAg Forg
	  0.0%   0.0%   0.0%   0.0%   0.0%   0.0%   0.0%   0.0%   0.0%   0.0% 
	  2.4%   0.0%   0.0%   0.0%   0.0%   0.0%   0.0%   0.0%   0.0%   0.0% 	Avg.:  2.4% 
	  3.2%   1.6%   0.0%   0.0%   0.0%   0.0%   0.0%   0.0%   0.0%   0.0% 	Avg.:  2.4% 
	  4.4%   3.2%   2.8%   0.0%   0.0%   0.0%   0.0%   0.0%   0.0%   0.0% 	Avg.:  3.5% 
	  6.5%   4.9%   5.3%   3.8%   0.0%   0.0%   0.0%   0.0%   0.0%   0.0% 	Avg.:  5.1% 
	  7.1%   6.1%   7.5%   5.0%   2.4%   0.0%   0.0%   0.0%   0.0%   0.0% 	Avg.:  5.6% 
	 10.2%   7.3%   9.8%   6.3%   3.6%   2.8%   0.0%   0.0%   0.0%   0.0% 	Avg.:  6.7% 
	 13.5%   9.5%   9.9%   8.0%   5.6%   4.7%   4.6%   0.0%   0.0%   0.0% 	Avg.:  8.0% 
	 16.5%  10.5%  11.7%   8.2%   6.9%   6.1%   5.2%   4.1%   0.0%   0.0% 	Avg.:  8.6% 
	 17.8%  11.6%  12.8%   8.4%   8.5%   7.2%  11.0%   6.7%   3.5%   0.0% 	Avg.:  9.7% 
************************************************************************************************************
[Elapsed time = 0.8 h]
Done!
