START_TASK=1 STOP_TASK=2
============================================================================================================
Arguments =
	all_outputs: False
	approach: icarl
	batch_size: 64
	classes_first_task: None
	clipping: 10000
	crop: 224
	data_path: ../data/food101
	dataset: food101
	eval_on_train: False
	experiment_path: None
	fix_bn: False
	freeze_backbone: False
	gpu: 0
	gpus: [0]
	increment: 10
	last_layer_analysis: False
	log: ['disk']
	lr: 0.01
	lr_factor: None
	lr_min: 0.0001
	lr_patience: None
	lr_scheduler: cosine
	lr_warmup_epochs: 0
	momentum: 0.0
	multi_softmax: False
	nepochs: 70
	network: vit_small_patch16_224.augreg_in1k
	no_cudnn_deterministic: False
	normalize: in1k
	num_workers: 2
	optimizer_name: sgd
	pin_memory: False
	pretrained: True
	resize: 224
	results_path: ./results
	save_models: True
	seed: 0
	start_at_task: 1
	start_epoch: 0
	stop_at_task: 2
	stop_epoch: 0
	use_valid_only: False
	warmup_lr_factor: 1.0
	warmup_nepochs: 0
	weight_decay: 0.0
============================================================================================================
Approach arguments =
	lamb: 1.0
============================================================================================================
Exemplars arguments =
	exemplar_selection: random
	num_exemplars: 2000
============================================================================================================
WARNING: ./results/vit_small_patch16_224.augreg_in1k/food101/icarl/10 already exists!
Loaded acc_taw from: ./results/vit_small_patch16_224.augreg_in1k/food101/icarl/10/acc_taw-0.txt
Loaded acc_tag from: ./results/vit_small_patch16_224.augreg_in1k/food101/icarl/10/acc_tag-0.txt
Loaded forg_taw from: ./results/vit_small_patch16_224.augreg_in1k/food101/icarl/10/forg_taw-0.txt
Loaded forg_tag from: ./results/vit_small_patch16_224.augreg_in1k/food101/icarl/10/forg_tag-0.txt
Loaded 2000 exemplars from ./results/vit_small_patch16_224.augreg_in1k/food101/icarl/10/task0_exemplars.pth
Loaded 10 exemplar means from ./results/vit_small_patch16_224.augreg_in1k/food101/icarl/10/task0_exemplar_means.pth
************************************************************************************************************
Task  1  [epochs 0-70]
************************************************************************************************************
[params] total:21,673,364  trainable:21,673,364  tensors:154  trainable_tensors:154
| Epoch   1, time= 38.9s | Train: skip eval | Valid: time=  3.5s loss=4.574, TAw acc= 88.5% | * lr=1.0e-02
| Epoch   2, time= 36.4s | Train: skip eval | Valid: time=  2.8s loss=4.568, TAw acc= 92.5% | * lr=1.0e-02
| Epoch   3, time= 35.6s | Train: skip eval | Valid: time=  2.9s loss=4.347, TAw acc= 92.1% | * lr=1.0e-02
| Epoch   4, time= 34.6s | Train: skip eval | Valid: time=  3.0s loss=4.407, TAw acc= 92.1% | lr=9.9e-03
| Epoch   5, time= 33.5s | Train: skip eval | Valid: time=  2.9s loss=4.543, TAw acc= 93.6% | lr=9.9e-03
| Epoch   6, time= 36.7s | Train: skip eval | Valid: time=  2.8s loss=4.231, TAw acc= 92.9% | * lr=9.8e-03
| Epoch   7, time= 37.0s | Train: skip eval | Valid: time=  3.4s loss=4.214, TAw acc= 94.3% | * lr=9.8e-03
| Epoch   8, time= 36.5s | Train: skip eval | Valid: time=  3.6s loss=4.178, TAw acc= 93.3% | * lr=9.7e-03
| Epoch   9, time= 36.4s | Train: skip eval | Valid: time=  3.4s loss=4.141, TAw acc= 94.7% | * lr=9.6e-03
| Epoch  10, time= 35.8s | Train: skip eval | Valid: time=  2.9s loss=4.089, TAw acc= 94.8% | * lr=9.5e-03
| Epoch  11, time= 34.2s | Train: skip eval | Valid: time=  3.8s loss=4.046, TAw acc= 94.0% | * lr=9.4e-03
| Epoch  12, time= 37.0s | Train: skip eval | Valid: time=  3.2s loss=4.113, TAw acc= 94.7% | lr=9.3e-03
| Epoch  13, time= 38.7s | Train: skip eval | Valid: time=  2.9s loss=4.088, TAw acc= 94.7% | lr=9.2e-03
| Epoch  14, time= 36.4s | Train: skip eval | Valid: time=  3.5s loss=4.044, TAw acc= 94.1% | * lr=9.1e-03
| Epoch  15, time= 35.2s | Train: skip eval | Valid: time=  3.0s loss=4.119, TAw acc= 94.7% | lr=8.9e-03
| Epoch  16, time= 36.3s | Train: skip eval | Valid: time=  3.5s loss=4.089, TAw acc= 93.1% | lr=8.8e-03
| Epoch  17, time= 34.8s | Train: skip eval | Valid: time=  3.3s loss=4.017, TAw acc= 93.7% | * lr=8.6e-03
| Epoch  18, time= 33.3s | Train: skip eval | Valid: time=  3.3s loss=4.038, TAw acc= 94.4% | lr=8.5e-03
| Epoch  19, time= 37.0s | Train: skip eval | Valid: time=  3.1s loss=3.990, TAw acc= 94.8% | * lr=8.3e-03
| Epoch  20, time= 36.7s | Train: skip eval | Valid: time=  3.1s loss=4.127, TAw acc= 94.1% | lr=8.1e-03
| Epoch  21, time= 36.7s | Train: skip eval | Valid: time=  3.1s loss=4.043, TAw acc= 93.7% | lr=8.0e-03
| Epoch  22, time= 38.8s | Train: skip eval | Valid: time=  3.2s loss=4.031, TAw acc= 94.5% | lr=7.8e-03
| Epoch  23, time= 37.2s | Train: skip eval | Valid: time=  3.1s loss=4.012, TAw acc= 93.5% | lr=7.6e-03
| Epoch  24, time= 35.4s | Train: skip eval | Valid: time=  2.9s loss=3.997, TAw acc= 93.6% | lr=7.4e-03
| Epoch  25, time= 35.2s | Train: skip eval | Valid: time=  3.0s loss=4.002, TAw acc= 93.9% | lr=7.2e-03
| Epoch  26, time= 39.8s | Train: skip eval | Valid: time=  3.1s loss=4.017, TAw acc= 93.3% | lr=7.0e-03
| Epoch  27, time= 39.6s | Train: skip eval | Valid: time=  3.3s loss=3.995, TAw acc= 93.9% | lr=6.8e-03
| Epoch  28, time= 38.3s | Train: skip eval | Valid: time=  3.2s loss=3.973, TAw acc= 94.1% | * lr=6.6e-03
| Epoch  29, time= 36.9s | Train: skip eval | Valid: time=  3.0s loss=3.981, TAw acc= 94.3% | lr=6.4e-03
| Epoch  30, time= 35.3s | Train: skip eval | Valid: time=  3.2s loss=3.959, TAw acc= 94.1% | * lr=6.2e-03
| Epoch  31, time= 38.8s | Train: skip eval | Valid: time=  3.4s loss=3.963, TAw acc= 94.4% | lr=5.9e-03
| Epoch  32, time= 34.7s | Train: skip eval | Valid: time=  3.3s loss=3.957, TAw acc= 93.3% | * lr=5.7e-03
| Epoch  33, time= 36.6s | Train: skip eval | Valid: time=  3.3s loss=3.952, TAw acc= 94.1% | * lr=5.5e-03
| Epoch  34, time= 39.1s | Train: skip eval | Valid: time=  3.2s loss=3.948, TAw acc= 94.7% | * lr=5.3e-03
| Epoch  35, time= 36.8s | Train: skip eval | Valid: time=  2.9s loss=3.955, TAw acc= 94.4% | lr=5.1e-03
| Epoch  36, time= 41.2s | Train: skip eval | Valid: time=  3.5s loss=3.916, TAw acc= 93.9% | * lr=4.8e-03
| Epoch  37, time= 33.3s | Train: skip eval | Valid: time=  3.0s loss=3.939, TAw acc= 94.1% | lr=4.6e-03
| Epoch  38, time= 36.1s | Train: skip eval | Valid: time=  2.9s loss=3.923, TAw acc= 94.7% | lr=4.4e-03
| Epoch  39, time= 36.7s | Train: skip eval | Valid: time=  3.0s loss=3.914, TAw acc= 94.3% | * lr=4.2e-03
| Epoch  40, time= 39.3s | Train: skip eval | Valid: time=  3.1s loss=3.919, TAw acc= 94.3% | lr=3.9e-03
| Epoch  41, time= 36.8s | Train: skip eval | Valid: time=  2.9s loss=3.906, TAw acc= 94.3% | * lr=3.7e-03
| Epoch  42, time= 37.8s | Train: skip eval | Valid: time=  3.3s loss=3.897, TAw acc= 94.4% | * lr=3.5e-03
| Epoch  43, time= 38.4s | Train: skip eval | Valid: time=  3.0s loss=3.900, TAw acc= 94.3% | lr=3.3e-03
| Epoch  44, time= 39.8s | Train: skip eval | Valid: time=  3.0s loss=3.906, TAw acc= 94.3% | lr=3.1e-03
| Epoch  45, time= 37.1s | Train: skip eval | Valid: time=  3.2s loss=3.904, TAw acc= 94.3% | lr=2.9e-03
| Epoch  46, time= 41.9s | Train: skip eval | Valid: time=  3.3s loss=3.908, TAw acc= 94.5% | lr=2.7e-03
| Epoch  47, time= 41.5s | Train: skip eval | Valid: time=  3.2s loss=3.901, TAw acc= 94.7% | lr=2.5e-03
| Epoch  48, time= 35.6s | Train: skip eval | Valid: time=  3.0s loss=3.895, TAw acc= 93.9% | * lr=2.3e-03
| Epoch  49, time= 38.3s | Train: skip eval | Valid: time=  3.1s loss=3.891, TAw acc= 94.8% | * lr=2.1e-03
| Epoch  50, time= 36.6s | Train: skip eval | Valid: time=  3.1s loss=3.893, TAw acc= 94.1% | lr=2.0e-03
| Epoch  51, time= 36.6s | Train: skip eval | Valid: time=  3.5s loss=3.892, TAw acc= 94.7% | lr=1.8e-03
| Epoch  52, time= 40.5s | Train: skip eval | Valid: time=  3.5s loss=3.892, TAw acc= 94.1% | lr=1.6e-03
| Epoch  53, time= 36.0s | Train: skip eval | Valid: time=  3.3s loss=3.893, TAw acc= 94.7% | lr=1.5e-03
| Epoch  54, time= 38.3s | Train: skip eval | Valid: time=  3.4s loss=3.892, TAw acc= 94.0% | lr=1.3e-03
| Epoch  55, time= 38.4s | Train: skip eval | Valid: time=  3.2s loss=3.883, TAw acc= 94.1% | * lr=1.2e-03
| Epoch  56, time= 39.4s | Train: skip eval | Valid: time=  3.4s loss=3.881, TAw acc= 94.1% | * lr=1.0e-03
| Epoch  57, time= 38.7s | Train: skip eval | Valid: time=  3.6s loss=3.885, TAw acc= 94.3% | lr=9.2e-04
| Epoch  58, time= 40.4s | Train: skip eval | Valid: time=  2.9s loss=3.881, TAw acc= 94.1% | * lr=8.0e-04
| Epoch  59, time= 40.9s | Train: skip eval | Valid: time=  3.4s loss=3.879, TAw acc= 94.1% | * lr=6.9e-04
| Epoch  60, time= 38.7s | Train: skip eval | Valid: time=  3.3s loss=3.881, TAw acc= 94.0% | lr=5.9e-04
| Epoch  61, time= 35.6s | Train: skip eval | Valid: time=  2.9s loss=3.879, TAw acc= 94.0% | lr=5.0e-04
| Epoch  62, time= 39.0s | Train: skip eval | Valid: time=  3.1s loss=3.877, TAw acc= 94.3% | * lr=4.2e-04
| Epoch  63, time= 37.4s | Train: skip eval | Valid: time=  3.8s loss=3.877, TAw acc= 94.4% | * lr=3.4e-04
| Epoch  64, time= 36.5s | Train: skip eval | Valid: time=  3.1s loss=3.877, TAw acc= 94.1% | lr=2.8e-04
| Epoch  65, time= 38.7s | Train: skip eval | Valid: time=  3.6s loss=3.878, TAw acc= 94.0% | lr=2.2e-04
| Epoch  66, time= 36.7s | Train: skip eval | Valid: time=  2.9s loss=3.879, TAw acc= 94.3% | lr=1.8e-04
| Epoch  67, time= 38.4s | Train: skip eval | Valid: time=  3.1s loss=3.878, TAw acc= 94.1% | lr=1.4e-04
| Epoch  68, time= 36.4s | Train: skip eval | Valid: time=  2.9s loss=3.879, TAw acc= 94.0% | lr=1.2e-04
| Epoch  69, time= 36.6s | Train: skip eval | Valid: time=  2.9s loss=3.877, TAw acc= 94.1% | lr=1.0e-04
| Epoch  70, time= 38.8s | Train: skip eval | Valid: time=  3.0s loss=3.878, TAw acc= 94.1% | lr=1.0e-04
| Selected 2000 train exemplars, time=  3.1s
------------------------------------------------------------------------------------------------------------
>>> Test on task  0 : loss=0.415 | TAw acc= 95.8%, forg= -0.3% | TAg acc= 93.1%, forg=  2.4% <<<
>>> Test on task  1 : loss=3.791 | TAw acc= 95.4%, forg=  0.0% | TAg acc= 88.6%, forg=  0.0% <<<
Save at ./results/./results/vit_small_patch16_224.augreg_in1k/food101/icarl/10
************************************************************************************************************
TAw Acc
	 95.5%   0.0%   0.0%   0.0%   0.0%   0.0%   0.0%   0.0%   0.0%   0.0% 	Avg.: 95.5% 
	 95.8%  95.4%   0.0%   0.0%   0.0%   0.0%   0.0%   0.0%   0.0%   0.0% 	Avg.: 95.6% 
	  0.0%   0.0%   0.0%   0.0%   0.0%   0.0%   0.0%   0.0%   0.0%   0.0% 	Avg.:  0.0% 
	  0.0%   0.0%   0.0%   0.0%   0.0%   0.0%   0.0%   0.0%   0.0%   0.0% 	Avg.:  0.0% 
	  0.0%   0.0%   0.0%   0.0%   0.0%   0.0%   0.0%   0.0%   0.0%   0.0% 	Avg.:  0.0% 
	  0.0%   0.0%   0.0%   0.0%   0.0%   0.0%   0.0%   0.0%   0.0%   0.0% 	Avg.:  0.0% 
	  0.0%   0.0%   0.0%   0.0%   0.0%   0.0%   0.0%   0.0%   0.0%   0.0% 	Avg.:  0.0% 
	  0.0%   0.0%   0.0%   0.0%   0.0%   0.0%   0.0%   0.0%   0.0%   0.0% 	Avg.:  0.0% 
	  0.0%   0.0%   0.0%   0.0%   0.0%   0.0%   0.0%   0.0%   0.0%   0.0% 	Avg.:  0.0% 
	  0.0%   0.0%   0.0%   0.0%   0.0%   0.0%   0.0%   0.0%   0.0%   0.0% 	Avg.:  0.0% 
************************************************************************************************************
TAg Acc
	 95.5%   0.0%   0.0%   0.0%   0.0%   0.0%   0.0%   0.0%   0.0%   0.0% 	Avg.: 95.5% 
	 93.1%  88.6%   0.0%   0.0%   0.0%   0.0%   0.0%   0.0%   0.0%   0.0% 	Avg.: 90.8% 
	  0.0%   0.0%   0.0%   0.0%   0.0%   0.0%   0.0%   0.0%   0.0%   0.0% 	Avg.:  0.0% 
	  0.0%   0.0%   0.0%   0.0%   0.0%   0.0%   0.0%   0.0%   0.0%   0.0% 	Avg.:  0.0% 
	  0.0%   0.0%   0.0%   0.0%   0.0%   0.0%   0.0%   0.0%   0.0%   0.0% 	Avg.:  0.0% 
	  0.0%   0.0%   0.0%   0.0%   0.0%   0.0%   0.0%   0.0%   0.0%   0.0% 	Avg.:  0.0% 
	  0.0%   0.0%   0.0%   0.0%   0.0%   0.0%   0.0%   0.0%   0.0%   0.0% 	Avg.:  0.0% 
	  0.0%   0.0%   0.0%   0.0%   0.0%   0.0%   0.0%   0.0%   0.0%   0.0% 	Avg.:  0.0% 
	  0.0%   0.0%   0.0%   0.0%   0.0%   0.0%   0.0%   0.0%   0.0%   0.0% 	Avg.:  0.0% 
	  0.0%   0.0%   0.0%   0.0%   0.0%   0.0%   0.0%   0.0%   0.0%   0.0% 	Avg.:  0.0% 
************************************************************************************************************
TAw Forg
	  0.0%   0.0%   0.0%   0.0%   0.0%   0.0%   0.0%   0.0%   0.0%   0.0% 
	 -0.3%   0.0%   0.0%   0.0%   0.0%   0.0%   0.0%   0.0%   0.0%   0.0% 	Avg.: -0.3% 
	  0.0%   0.0%   0.0%   0.0%   0.0%   0.0%   0.0%   0.0%   0.0%   0.0% 	Avg.:  0.0% 
	  0.0%   0.0%   0.0%   0.0%   0.0%   0.0%   0.0%   0.0%   0.0%   0.0% 	Avg.:  0.0% 
	  0.0%   0.0%   0.0%   0.0%   0.0%   0.0%   0.0%   0.0%   0.0%   0.0% 	Avg.:  0.0% 
	  0.0%   0.0%   0.0%   0.0%   0.0%   0.0%   0.0%   0.0%   0.0%   0.0% 	Avg.:  0.0% 
	  0.0%   0.0%   0.0%   0.0%   0.0%   0.0%   0.0%   0.0%   0.0%   0.0% 	Avg.:  0.0% 
	  0.0%   0.0%   0.0%   0.0%   0.0%   0.0%   0.0%   0.0%   0.0%   0.0% 	Avg.:  0.0% 
	  0.0%   0.0%   0.0%   0.0%   0.0%   0.0%   0.0%   0.0%   0.0%   0.0% 	Avg.:  0.0% 
	  0.0%   0.0%   0.0%   0.0%   0.0%   0.0%   0.0%   0.0%   0.0%   0.0% 	Avg.:  0.0% 
************************************************************************************************************
TAg Forg
	  0.0%   0.0%   0.0%   0.0%   0.0%   0.0%   0.0%   0.0%   0.0%   0.0% 
	  2.4%   0.0%   0.0%   0.0%   0.0%   0.0%   0.0%   0.0%   0.0%   0.0% 	Avg.:  2.4% 
	  0.0%   0.0%   0.0%   0.0%   0.0%   0.0%   0.0%   0.0%   0.0%   0.0% 	Avg.:  0.0% 
	  0.0%   0.0%   0.0%   0.0%   0.0%   0.0%   0.0%   0.0%   0.0%   0.0% 	Avg.:  0.0% 
	  0.0%   0.0%   0.0%   0.0%   0.0%   0.0%   0.0%   0.0%   0.0%   0.0% 	Avg.:  0.0% 
	  0.0%   0.0%   0.0%   0.0%   0.0%   0.0%   0.0%   0.0%   0.0%   0.0% 	Avg.:  0.0% 
	  0.0%   0.0%   0.0%   0.0%   0.0%   0.0%   0.0%   0.0%   0.0%   0.0% 	Avg.:  0.0% 
	  0.0%   0.0%   0.0%   0.0%   0.0%   0.0%   0.0%   0.0%   0.0%   0.0% 	Avg.:  0.0% 
	  0.0%   0.0%   0.0%   0.0%   0.0%   0.0%   0.0%   0.0%   0.0%   0.0% 	Avg.:  0.0% 
	  0.0%   0.0%   0.0%   0.0%   0.0%   0.0%   0.0%   0.0%   0.0%   0.0% 	Avg.:  0.0% 
************************************************************************************************************
[Elapsed time = 0.8 h]
Done!
