START_TASK=15 STOP_TASK=16 START_EPOCH=66 STOP_EPOCH=90
============================================================================================================
Arguments =
	all_outputs: False
	approach: joint
	batch_size: 64
	classes_first_task: None
	clipping: 10000
	crop: 224
	data_path: ../data/inat200
	dataset: inat200
	eval_on_train: False
	experiment_path: None
	fix_bn: False
	freeze_backbone: False
	gpu: 0
	gpus: [0]
	increment: 10
	last_layer_analysis: False
	log: ['disk']
	lr: 0.01
	lr_factor: None
	lr_min: 0.0001
	lr_patience: None
	lr_scheduler: cosine
	lr_warmup_epochs: 0
	momentum: 0.0
	multi_softmax: False
	nepochs: 90
	network: vit_base_patch16_224.orig_in21k
	no_cudnn_deterministic: False
	normalize: in21k
	num_workers: 2
	optimizer_name: sgd
	pin_memory: False
	pretrained: True
	resize: 224
	results_path: ./results
	save_models: True
	seed: 0
	start_at_task: 15
	start_epoch: 66
	stop_at_task: 16
	stop_epoch: 90
	use_valid_only: False
	warmup_lr_factor: 1.0
	warmup_nepochs: 0
	weight_decay: 0.0
============================================================================================================
Approach arguments =
============================================================================================================
Exemplars arguments =
============================================================================================================
WARNING: ./results/vit_base_patch16_224.orig_in21k/inat200/joint/10 already exists!
Loaded acc_taw from: ./results/vit_base_patch16_224.orig_in21k/inat200/joint/10/acc_taw-14.txt
Loaded acc_tag from: ./results/vit_base_patch16_224.orig_in21k/inat200/joint/10/acc_tag-14.txt
Loaded forg_taw from: ./results/vit_base_patch16_224.orig_in21k/inat200/joint/10/forg_taw-14.txt
Loaded forg_tag from: ./results/vit_base_patch16_224.orig_in21k/inat200/joint/10/forg_tag-14.txt
[joint] Loaded accumulated datasets up to task 15 from ./results/vit_base_patch16_224.orig_in21k/inat200/joint/10/joint_progress
************************************************************************************************************
Task 15  [epochs 66-90]
************************************************************************************************************
[params] total:85,921,696  trainable:85,921,696  tensors:182  trainable_tensors:182
| Epoch  67, time=422.8s | Train: skip eval | Valid: time= 27.1s loss=1.121, TAw acc= 93.6% | lr=1.6e-03
| Epoch  68, time=428.1s | Train: skip eval | Valid: time= 27.0s loss=1.074, TAw acc= 93.8% | lr=1.5e-03
| Epoch  69, time=425.8s | Train: skip eval | Valid: time= 26.5s loss=1.066, TAw acc= 93.8% | lr=1.4e-03
| Epoch  70, time=425.8s | Train: skip eval | Valid: time= 26.3s loss=1.062, TAw acc= 93.9% | lr=1.3e-03
| Epoch  71, time=427.0s | Train: skip eval | Valid: time= 26.4s loss=1.056, TAw acc= 93.9% | lr=1.1e-03
| Epoch  72, time=426.3s | Train: skip eval | Valid: time= 26.0s loss=1.062, TAw acc= 93.8% | lr=1.0e-03
| Epoch  73, time=425.5s | Train: skip eval | Valid: time= 26.0s loss=1.062, TAw acc= 93.8% | lr=9.5e-04
| Epoch  74, time=426.6s | Train: skip eval | Valid: time= 27.2s loss=1.056, TAw acc= 93.7% | lr=8.5e-04
| Epoch  75, time=426.8s | Train: skip eval | Valid: time= 25.5s loss=1.058, TAw acc= 93.9% | lr=7.6e-04
| Epoch  76, time=428.5s | Train: skip eval | Valid: time= 28.3s loss=1.054, TAw acc= 94.0% | lr=6.8e-04
| Epoch  77, time=426.2s | Train: skip eval | Valid: time= 26.1s loss=1.052, TAw acc= 93.9% | lr=6.0e-04
| Epoch  78, time=425.6s | Train: skip eval | Valid: time= 26.8s loss=1.055, TAw acc= 94.1% | lr=5.3e-04
| Epoch  79, time=426.8s | Train: skip eval | Valid: time= 26.8s loss=1.056, TAw acc= 94.0% | lr=4.6e-04
| Epoch  80, time=427.1s | Train: skip eval | Valid: time= 26.5s loss=1.055, TAw acc= 94.0% | lr=4.0e-04
| Epoch  81, time=426.8s | Train: skip eval | Valid: time= 27.1s loss=1.052, TAw acc= 93.9% | lr=3.4e-04
| Epoch  82, time=427.1s | Train: skip eval | Valid: time= 26.9s loss=1.052, TAw acc= 94.0% | lr=2.9e-04
| Epoch  83, time=426.4s | Train: skip eval | Valid: time= 25.9s loss=1.054, TAw acc= 93.9% | lr=2.5e-04
| Epoch  84, time=425.8s | Train: skip eval | Valid: time= 26.9s loss=1.054, TAw acc= 94.0% | lr=2.1e-04
| Epoch  85, time=426.6s | Train: skip eval | Valid: time= 26.7s loss=1.055, TAw acc= 94.0% | lr=1.8e-04
| Epoch  86, time=425.4s | Train: skip eval | Valid: time= 25.8s loss=1.056, TAw acc= 94.0% | lr=1.5e-04
| Epoch  87, time=426.2s | Train: skip eval | Valid: time= 26.4s loss=1.054, TAw acc= 94.0% | lr=1.3e-04
| Epoch  88, time=427.4s | Train: skip eval | Valid: time= 27.2s loss=1.054, TAw acc= 94.0% | lr=1.1e-04
| Epoch  89, time=426.6s | Train: skip eval | Valid: time= 26.7s loss=1.052, TAw acc= 94.0% | lr=1.0e-04
| Epoch  90, time=427.5s | Train: skip eval | Valid: time= 26.9s loss=1.052, TAw acc= 94.0% | lr=1.0e-04
------------------------------------------------------------------------------------------------------------
>>> Test on task  0 : loss=1.277 | TAw acc= 94.9%, forg=  0.7% | TAg acc= 73.2%, forg= 21.8% <<<
>>> Test on task  1 : loss=1.560 | TAw acc= 92.6%, forg=  1.2% | TAg acc= 67.7%, forg= 21.6% <<<
>>> Test on task  2 : loss=1.007 | TAw acc= 95.9%, forg=  0.3% | TAg acc= 79.9%, forg= 10.7% <<<
>>> Test on task  3 : loss=1.477 | TAw acc= 90.2%, forg=  1.6% | TAg acc= 69.4%, forg= 15.6% <<<
>>> Test on task  4 : loss=1.395 | TAw acc= 92.9%, forg=  0.6% | TAg acc= 68.7%, forg= 13.2% <<<
>>> Test on task  5 : loss=1.446 | TAw acc= 92.5%, forg=  0.6% | TAg acc= 69.9%, forg= 10.3% <<<
>>> Test on task  6 : loss=0.857 | TAw acc= 94.2%, forg=  0.5% | TAg acc= 80.1%, forg=  3.2% <<<
>>> Test on task  7 : loss=1.118 | TAw acc= 94.0%, forg= -0.2% | TAg acc= 74.2%, forg=  3.1% <<<
>>> Test on task  8 : loss=0.918 | TAw acc= 93.1%, forg=  0.3% | TAg acc= 77.6%, forg=  2.9% <<<
>>> Test on task  9 : loss=1.049 | TAw acc= 94.6%, forg=  0.1% | TAg acc= 73.2%, forg=  4.7% <<<
>>> Test on task 10 : loss=0.924 | TAw acc= 93.1%, forg= -0.7% | TAg acc= 74.7%, forg=  1.9% <<<
>>> Test on task 11 : loss=0.922 | TAw acc= 94.9%, forg= -0.3% | TAg acc= 76.3%, forg=  0.8% <<<
>>> Test on task 12 : loss=0.882 | TAw acc= 95.1%, forg= -0.4% | TAg acc= 78.5%, forg= -1.1% <<<
>>> Test on task 13 : loss=0.733 | TAw acc= 97.1%, forg=  0.3% | TAg acc= 78.5%, forg= -1.1% <<<
>>> Test on task 14 : loss=0.784 | TAw acc= 96.7%, forg= -0.7% | TAg acc= 76.1%, forg= -0.2% <<<
>>> Test on task 15 : loss=0.907 | TAw acc= 93.0%, forg=  0.0% | TAg acc= 73.6%, forg=  0.0% <<<
Save at ./results/./results/vit_base_patch16_224.orig_in21k/inat200/joint/10
[joint] Saved accumulated datasets up to task 15 → ./results/vit_base_patch16_224.orig_in21k/inat200/joint/10/joint_progress
************************************************************************************************************
TAw Acc
	 95.0%   0.0%   0.0%   0.0%   0.0%   0.0%   0.0%   0.0%   0.0%   0.0%   0.0%   0.0%   0.0%   0.0%   0.0%   0.0%   0.0%   0.0%   0.0%   0.0% 	Avg.: 95.0% 
	 95.5%  93.5%   0.0%   0.0%   0.0%   0.0%   0.0%   0.0%   0.0%   0.0%   0.0%   0.0%   0.0%   0.0%   0.0%   0.0%   0.0%   0.0%   0.0%   0.0% 	Avg.: 94.5% 
	 95.5%  93.5%  95.8%   0.0%   0.0%   0.0%   0.0%   0.0%   0.0%   0.0%   0.0%   0.0%   0.0%   0.0%   0.0%   0.0%   0.0%   0.0%   0.0%   0.0% 	Avg.: 94.9% 
	 95.6%  92.0%  95.6%  90.8%   0.0%   0.0%   0.0%   0.0%   0.0%   0.0%   0.0%   0.0%   0.0%   0.0%   0.0%   0.0%   0.0%   0.0%   0.0%   0.0% 	Avg.: 93.5% 
	 94.8%  92.7%  96.2%  90.8%  91.9%   0.0%   0.0%   0.0%   0.0%   0.0%   0.0%   0.0%   0.0%   0.0%   0.0%   0.0%   0.0%   0.0%   0.0%   0.0% 	Avg.: 93.3% 
	 94.8%  92.4%  95.2%  90.2%  92.4%  91.2%   0.0%   0.0%   0.0%   0.0%   0.0%   0.0%   0.0%   0.0%   0.0%   0.0%   0.0%   0.0%   0.0%   0.0% 	Avg.: 92.7% 
	 95.1%  92.7%  95.9%  91.0%  92.1%  92.5%  93.5%   0.0%   0.0%   0.0%   0.0%   0.0%   0.0%   0.0%   0.0%   0.0%   0.0%   0.0%   0.0%   0.0% 	Avg.: 93.3% 
	 94.9%  92.6%  95.9%  90.3%  93.0%  92.2%  93.2%  91.6%   0.0%   0.0%   0.0%   0.0%   0.0%   0.0%   0.0%   0.0%   0.0%   0.0%   0.0%   0.0% 	Avg.: 93.0% 
	 94.6%  92.9%  95.4%  91.8%  92.4%  92.5%  93.8%  91.8%  91.3%   0.0%   0.0%   0.0%   0.0%   0.0%   0.0%   0.0%   0.0%   0.0%   0.0%   0.0% 	Avg.: 92.9% 
	 95.1%  93.0%  95.3%  91.4%  92.8%  92.4%  93.9%  92.5%  92.6%  93.5%   0.0%   0.0%   0.0%   0.0%   0.0%   0.0%   0.0%   0.0%   0.0%   0.0% 	Avg.: 93.3% 
	 94.5%  92.7%  95.3%  89.9%  92.0%  93.1%  94.3%  93.3%  92.6%  94.0%  87.8%   0.0%   0.0%   0.0%   0.0%   0.0%   0.0%   0.0%   0.0%   0.0% 	Avg.: 92.7% 
	 94.7%  93.4%  95.6%  91.1%  91.9%  92.5%  93.6%  93.8%  93.4%  94.7%  90.3%  93.3%   0.0%   0.0%   0.0%   0.0%   0.0%   0.0%   0.0%   0.0% 	Avg.: 93.2% 
	 94.9%  93.1%  95.9%  91.8%  91.9%  92.1%  93.8%  93.3%  92.7%  94.2%  91.6%  93.8%  94.1%   0.0%   0.0%   0.0%   0.0%   0.0%   0.0%   0.0% 	Avg.: 93.3% 
	 95.1%  93.8%  95.3%  91.1%  92.6%  92.1%  94.7%  93.6%  92.1%  94.6%  91.6%  94.6%  94.4%  96.7%   0.0%   0.0%   0.0%   0.0%   0.0%   0.0% 	Avg.: 93.7% 
	 95.1%  93.1%  95.9%  91.0%  93.5%  92.1%  94.5%  93.5%  93.2%  94.1%  92.4%  94.4%  94.7%  97.4%  96.0%   0.0%   0.0%   0.0%   0.0%   0.0% 	Avg.: 94.1% 
	 94.9%  92.6%  95.9%  90.2%  92.9%  92.5%  94.2%  94.0%  93.1%  94.6%  93.1%  94.9%  95.1%  97.1%  96.7%  93.0%   0.0%   0.0%   0.0%   0.0% 	Avg.: 94.1% 
	  0.0%   0.0%   0.0%   0.0%   0.0%   0.0%   0.0%   0.0%   0.0%   0.0%   0.0%   0.0%   0.0%   0.0%   0.0%   0.0%   0.0%   0.0%   0.0%   0.0% 	Avg.:  0.0% 
	  0.0%   0.0%   0.0%   0.0%   0.0%   0.0%   0.0%   0.0%   0.0%   0.0%   0.0%   0.0%   0.0%   0.0%   0.0%   0.0%   0.0%   0.0%   0.0%   0.0% 	Avg.:  0.0% 
	  0.0%   0.0%   0.0%   0.0%   0.0%   0.0%   0.0%   0.0%   0.0%   0.0%   0.0%   0.0%   0.0%   0.0%   0.0%   0.0%   0.0%   0.0%   0.0%   0.0% 	Avg.:  0.0% 
	  0.0%   0.0%   0.0%   0.0%   0.0%   0.0%   0.0%   0.0%   0.0%   0.0%   0.0%   0.0%   0.0%   0.0%   0.0%   0.0%   0.0%   0.0%   0.0%   0.0% 	Avg.:  0.0% 
************************************************************************************************************
TAg Acc
	 95.0%   0.0%   0.0%   0.0%   0.0%   0.0%   0.0%   0.0%   0.0%   0.0%   0.0%   0.0%   0.0%   0.0%   0.0%   0.0%   0.0%   0.0%   0.0%   0.0% 	Avg.: 95.0% 
	 92.2%  89.3%   0.0%   0.0%   0.0%   0.0%   0.0%   0.0%   0.0%   0.0%   0.0%   0.0%   0.0%   0.0%   0.0%   0.0%   0.0%   0.0%   0.0%   0.0% 	Avg.: 90.8% 
	 89.1%  87.1%  90.6%   0.0%   0.0%   0.0%   0.0%   0.0%   0.0%   0.0%   0.0%   0.0%   0.0%   0.0%   0.0%   0.0%   0.0%   0.0%   0.0%   0.0% 	Avg.: 88.9% 
	 87.4%  83.2%  89.4%  85.0%   0.0%   0.0%   0.0%   0.0%   0.0%   0.0%   0.0%   0.0%   0.0%   0.0%   0.0%   0.0%   0.0%   0.0%   0.0%   0.0% 	Avg.: 86.3% 
	 83.3%  81.8%  87.6%  82.4%  81.9%   0.0%   0.0%   0.0%   0.0%   0.0%   0.0%   0.0%   0.0%   0.0%   0.0%   0.0%   0.0%   0.0%   0.0%   0.0% 	Avg.: 83.4% 
	 78.2%  79.5%  86.1%  79.7%  81.7%  80.2%   0.0%   0.0%   0.0%   0.0%   0.0%   0.0%   0.0%   0.0%   0.0%   0.0%   0.0%   0.0%   0.0%   0.0% 	Avg.: 80.9% 
	 77.9%  79.9%  85.9%  81.2%  80.7%  78.9%  80.8%   0.0%   0.0%   0.0%   0.0%   0.0%   0.0%   0.0%   0.0%   0.0%   0.0%   0.0%   0.0%   0.0% 	Avg.: 80.8% 
	 76.8%  77.6%  84.5%  79.7%  78.3%  80.1%  81.5%  77.3%   0.0%   0.0%   0.0%   0.0%   0.0%   0.0%   0.0%   0.0%   0.0%   0.0%   0.0%   0.0% 	Avg.: 79.5% 
	 77.3%  73.4%  84.1%  77.4%  75.2%  80.1%  82.2%  76.8%  77.5%   0.0%   0.0%   0.0%   0.0%   0.0%   0.0%   0.0%   0.0%   0.0%   0.0%   0.0% 	Avg.: 78.2% 
	 75.8%  70.2%  82.6%  75.9%  74.1%  76.9%  83.2%  77.0%  77.9%  77.9%   0.0%   0.0%   0.0%   0.0%   0.0%   0.0%   0.0%   0.0%   0.0%   0.0% 	Avg.: 77.2% 
	 74.4%  72.1%  81.3%  73.6%  72.3%  75.3%  83.3%  77.0%  80.5%  77.7%  71.1%   0.0%   0.0%   0.0%   0.0%   0.0%   0.0%   0.0%   0.0%   0.0% 	Avg.: 76.2% 
	 77.4%  71.6%  80.6%  73.2%  72.9%  75.0%  81.2%  77.1%  79.9%  76.8%  73.0%  72.1%   0.0%   0.0%   0.0%   0.0%   0.0%   0.0%   0.0%   0.0% 	Avg.: 75.9% 
	 75.7%  69.6%  80.5%  74.0%  69.3%  70.7%  81.1%  75.1%  78.3%  75.2%  74.3%  75.9%  77.4%   0.0%   0.0%   0.0%   0.0%   0.0%   0.0%   0.0% 	Avg.: 75.2% 
	 73.4%  70.8%  78.8%  68.6%  71.6%  71.3%  81.7%  76.1%  76.9%  74.2%  74.9%  75.2%  76.4%  73.4%   0.0%   0.0%   0.0%   0.0%   0.0%   0.0% 	Avg.: 74.5% 
	 71.2%  68.3%  78.7%  70.0%  69.4%  72.3%  81.7%  74.4%  78.9%  74.2%  76.6%  77.1%  75.0%  77.4%  75.9%   0.0%   0.0%   0.0%   0.0%   0.0% 	Avg.: 74.7% 
	 73.2%  67.7%  79.9%  69.4%  68.7%  69.9%  80.1%  74.2%  77.6%  73.2%  74.7%  76.3%  78.5%  78.5%  76.1%  73.6%   0.0%   0.0%   0.0%   0.0% 	Avg.: 74.5% 
	  0.0%   0.0%   0.0%   0.0%   0.0%   0.0%   0.0%   0.0%   0.0%   0.0%   0.0%   0.0%   0.0%   0.0%   0.0%   0.0%   0.0%   0.0%   0.0%   0.0% 	Avg.:  0.0% 
	  0.0%   0.0%   0.0%   0.0%   0.0%   0.0%   0.0%   0.0%   0.0%   0.0%   0.0%   0.0%   0.0%   0.0%   0.0%   0.0%   0.0%   0.0%   0.0%   0.0% 	Avg.:  0.0% 
	  0.0%   0.0%   0.0%   0.0%   0.0%   0.0%   0.0%   0.0%   0.0%   0.0%   0.0%   0.0%   0.0%   0.0%   0.0%   0.0%   0.0%   0.0%   0.0%   0.0% 	Avg.:  0.0% 
	  0.0%   0.0%   0.0%   0.0%   0.0%   0.0%   0.0%   0.0%   0.0%   0.0%   0.0%   0.0%   0.0%   0.0%   0.0%   0.0%   0.0%   0.0%   0.0%   0.0% 	Avg.:  0.0% 
************************************************************************************************************
TAw Forg
	  0.0%   0.0%   0.0%   0.0%   0.0%   0.0%   0.0%   0.0%   0.0%   0.0%   0.0%   0.0%   0.0%   0.0%   0.0%   0.0%   0.0%   0.0%   0.0%   0.0% 
	 -0.5%   0.0%   0.0%   0.0%   0.0%   0.0%   0.0%   0.0%   0.0%   0.0%   0.0%   0.0%   0.0%   0.0%   0.0%   0.0%   0.0%   0.0%   0.0%   0.0% 	Avg.: -0.5% 
	  0.0%   0.0%   0.0%   0.0%   0.0%   0.0%   0.0%   0.0%   0.0%   0.0%   0.0%   0.0%   0.0%   0.0%   0.0%   0.0%   0.0%   0.0%   0.0%   0.0% 	Avg.:  0.0% 
	 -0.1%   1.5%   0.2%   0.0%   0.0%   0.0%   0.0%   0.0%   0.0%   0.0%   0.0%   0.0%   0.0%   0.0%   0.0%   0.0%   0.0%   0.0%   0.0%   0.0% 	Avg.:  0.5% 
	  0.8%   0.8%  -0.4%   0.0%   0.0%   0.0%   0.0%   0.0%   0.0%   0.0%   0.0%   0.0%   0.0%   0.0%   0.0%   0.0%   0.0%   0.0%   0.0%   0.0% 	Avg.:  0.3% 
	  0.8%   1.1%   1.0%   0.6%  -0.5%   0.0%   0.0%   0.0%   0.0%   0.0%   0.0%   0.0%   0.0%   0.0%   0.0%   0.0%   0.0%   0.0%   0.0%   0.0% 	Avg.:  0.6% 
	  0.5%   0.8%   0.3%  -0.2%   0.3%  -1.3%   0.0%   0.0%   0.0%   0.0%   0.0%   0.0%   0.0%   0.0%   0.0%   0.0%   0.0%   0.0%   0.0%   0.0% 	Avg.:  0.1% 
	  0.7%   0.9%   0.3%   0.7%  -0.6%   0.3%   0.3%   0.0%   0.0%   0.0%   0.0%   0.0%   0.0%   0.0%   0.0%   0.0%   0.0%   0.0%   0.0%   0.0% 	Avg.:  0.4% 
	  1.0%   0.6%   0.8%  -0.8%   0.6%   0.0%  -0.3%  -0.2%   0.0%   0.0%   0.0%   0.0%   0.0%   0.0%   0.0%   0.0%   0.0%   0.0%   0.0%   0.0% 	Avg.:  0.2% 
	  0.5%   0.5%   0.9%   0.4%   0.2%   0.1%  -0.1%  -0.7%  -1.3%   0.0%   0.0%   0.0%   0.0%   0.0%   0.0%   0.0%   0.0%   0.0%   0.0%   0.0% 	Avg.:  0.1% 
	  1.1%   0.8%   0.9%   1.9%   1.0%  -0.6%  -0.4%  -0.8%   0.0%  -0.5%   0.0%   0.0%   0.0%   0.0%   0.0%   0.0%   0.0%   0.0%   0.0%   0.0% 	Avg.:  0.3% 
	  0.9%   0.1%   0.6%   0.7%   1.1%   0.6%   0.7%  -0.5%  -0.8%  -0.7%  -2.5%   0.0%   0.0%   0.0%   0.0%   0.0%   0.0%   0.0%   0.0%   0.0% 	Avg.:  0.0% 
	  0.7%   0.4%   0.3%   0.0%   1.1%   1.0%   0.5%   0.5%   0.7%   0.5%  -1.3%  -0.5%   0.0%   0.0%   0.0%   0.0%   0.0%   0.0%   0.0%   0.0% 	Avg.:  0.3% 
	  0.5%  -0.3%   0.9%   0.7%   0.4%   1.0%  -0.4%   0.2%   1.3%   0.1%   0.0%  -0.8%  -0.3%   0.0%   0.0%   0.0%   0.0%   0.0%   0.0%   0.0% 	Avg.:  0.3% 
	  0.5%   0.7%   0.3%   0.8%  -0.5%   1.0%   0.2%   0.3%   0.2%   0.6%  -0.8%   0.2%  -0.3%  -0.7%   0.0%   0.0%   0.0%   0.0%   0.0%   0.0% 	Avg.:  0.2% 
	  0.7%   1.2%   0.3%   1.6%   0.6%   0.6%   0.5%  -0.2%   0.3%   0.1%  -0.7%  -0.3%  -0.4%   0.3%  -0.7%   0.0%   0.0%   0.0%   0.0%   0.0% 	Avg.:  0.3% 
	  0.0%   0.0%   0.0%   0.0%   0.0%   0.0%   0.0%   0.0%   0.0%   0.0%   0.0%   0.0%   0.0%   0.0%   0.0%   0.0%   0.0%   0.0%   0.0%   0.0% 	Avg.:  0.0% 
	  0.0%   0.0%   0.0%   0.0%   0.0%   0.0%   0.0%   0.0%   0.0%   0.0%   0.0%   0.0%   0.0%   0.0%   0.0%   0.0%   0.0%   0.0%   0.0%   0.0% 	Avg.:  0.0% 
	  0.0%   0.0%   0.0%   0.0%   0.0%   0.0%   0.0%   0.0%   0.0%   0.0%   0.0%   0.0%   0.0%   0.0%   0.0%   0.0%   0.0%   0.0%   0.0%   0.0% 	Avg.:  0.0% 
	  0.0%   0.0%   0.0%   0.0%   0.0%   0.0%   0.0%   0.0%   0.0%   0.0%   0.0%   0.0%   0.0%   0.0%   0.0%   0.0%   0.0%   0.0%   0.0%   0.0% 	Avg.:  0.0% 
************************************************************************************************************
TAg Forg
	  0.0%   0.0%   0.0%   0.0%   0.0%   0.0%   0.0%   0.0%   0.0%   0.0%   0.0%   0.0%   0.0%   0.0%   0.0%   0.0%   0.0%   0.0%   0.0%   0.0% 
	  2.8%   0.0%   0.0%   0.0%   0.0%   0.0%   0.0%   0.0%   0.0%   0.0%   0.0%   0.0%   0.0%   0.0%   0.0%   0.0%   0.0%   0.0%   0.0%   0.0% 	Avg.:  2.8% 
	  5.9%   2.2%   0.0%   0.0%   0.0%   0.0%   0.0%   0.0%   0.0%   0.0%   0.0%   0.0%   0.0%   0.0%   0.0%   0.0%   0.0%   0.0%   0.0%   0.0% 	Avg.:  4.1% 
	  7.6%   6.1%   1.2%   0.0%   0.0%   0.0%   0.0%   0.0%   0.0%   0.0%   0.0%   0.0%   0.0%   0.0%   0.0%   0.0%   0.0%   0.0%   0.0%   0.0% 	Avg.:  5.0% 
	 11.7%   7.5%   3.0%   2.6%   0.0%   0.0%   0.0%   0.0%   0.0%   0.0%   0.0%   0.0%   0.0%   0.0%   0.0%   0.0%   0.0%   0.0%   0.0%   0.0% 	Avg.:  6.2% 
	 16.8%   9.8%   4.5%   5.3%   0.2%   0.0%   0.0%   0.0%   0.0%   0.0%   0.0%   0.0%   0.0%   0.0%   0.0%   0.0%   0.0%   0.0%   0.0%   0.0% 	Avg.:  7.3% 
	 17.1%   9.4%   4.7%   3.8%   1.2%   1.3%   0.0%   0.0%   0.0%   0.0%   0.0%   0.0%   0.0%   0.0%   0.0%   0.0%   0.0%   0.0%   0.0%   0.0% 	Avg.:  6.2% 
	 18.2%  11.7%   6.1%   5.3%   3.6%   0.1%  -0.7%   0.0%   0.0%   0.0%   0.0%   0.0%   0.0%   0.0%   0.0%   0.0%   0.0%   0.0%   0.0%   0.0% 	Avg.:  6.3% 
	 17.7%  15.9%   6.5%   7.6%   6.7%   0.1%  -0.7%   0.5%   0.0%   0.0%   0.0%   0.0%   0.0%   0.0%   0.0%   0.0%   0.0%   0.0%   0.0%   0.0% 	Avg.:  6.8% 
	 19.2%  19.1%   8.0%   9.1%   7.8%   3.3%  -1.0%   0.3%  -0.4%   0.0%   0.0%   0.0%   0.0%   0.0%   0.0%   0.0%   0.0%   0.0%   0.0%   0.0% 	Avg.:  7.3% 
	 20.6%  17.2%   9.3%  11.4%   9.6%   4.9%  -0.1%   0.3%  -2.6%   0.2%   0.0%   0.0%   0.0%   0.0%   0.0%   0.0%   0.0%   0.0%   0.0%   0.0% 	Avg.:  7.1% 
	 17.6%  17.7%  10.0%  11.8%   9.0%   5.2%   2.1%   0.2%   0.6%   1.1%  -1.9%   0.0%   0.0%   0.0%   0.0%   0.0%   0.0%   0.0%   0.0%   0.0% 	Avg.:  6.7% 
	 19.3%  19.7%  10.1%  11.0%  12.6%   9.5%   2.2%   2.2%   2.2%   2.7%  -1.3%  -3.8%   0.0%   0.0%   0.0%   0.0%   0.0%   0.0%   0.0%   0.0% 	Avg.:  7.2% 
	 21.6%  18.5%  11.8%  16.4%  10.3%   8.9%   1.6%   1.2%   3.6%   3.7%  -0.6%   0.7%   1.0%   0.0%   0.0%   0.0%   0.0%   0.0%   0.0%   0.0% 	Avg.:  7.6% 
	 23.8%  21.0%  11.9%  15.0%  12.5%   7.9%   1.6%   2.9%   1.6%   3.7%  -1.7%  -1.2%   2.4%  -4.0%   0.0%   0.0%   0.0%   0.0%   0.0%   0.0% 	Avg.:  7.0% 
	 21.8%  21.6%  10.7%  15.6%  13.2%  10.3%   3.2%   3.1%   2.9%   4.7%   1.9%   0.8%  -1.1%  -1.1%  -0.2%   0.0%   0.0%   0.0%   0.0%   0.0% 	Avg.:  7.2% 
	  0.0%   0.0%   0.0%   0.0%   0.0%   0.0%   0.0%   0.0%   0.0%   0.0%   0.0%   0.0%   0.0%   0.0%   0.0%   0.0%   0.0%   0.0%   0.0%   0.0% 	Avg.:  0.0% 
	  0.0%   0.0%   0.0%   0.0%   0.0%   0.0%   0.0%   0.0%   0.0%   0.0%   0.0%   0.0%   0.0%   0.0%   0.0%   0.0%   0.0%   0.0%   0.0%   0.0% 	Avg.:  0.0% 
	  0.0%   0.0%   0.0%   0.0%   0.0%   0.0%   0.0%   0.0%   0.0%   0.0%   0.0%   0.0%   0.0%   0.0%   0.0%   0.0%   0.0%   0.0%   0.0%   0.0% 	Avg.:  0.0% 
	  0.0%   0.0%   0.0%   0.0%   0.0%   0.0%   0.0%   0.0%   0.0%   0.0%   0.0%   0.0%   0.0%   0.0%   0.0%   0.0%   0.0%   0.0%   0.0%   0.0% 	Avg.:  0.0% 
************************************************************************************************************
[Elapsed time = 3.0 h]
Done!
