START_TASK=8 STOP_TASK=9 START_EPOCH=45 STOP_EPOCH=90
============================================================================================================
Arguments =
	all_outputs: False
	approach: joint
	batch_size: 64
	classes_first_task: None
	clipping: 10000
	crop: 224
	data_path: ../data/inat200
	dataset: inat200
	eval_on_train: False
	experiment_path: None
	fix_bn: False
	freeze_backbone: False
	gpu: 0
	gpus: [0]
	increment: 10
	last_layer_analysis: False
	log: ['disk']
	lr: 0.01
	lr_factor: None
	lr_min: 0.0001
	lr_patience: None
	lr_scheduler: cosine
	lr_warmup_epochs: 0
	momentum: 0.0
	multi_softmax: False
	nepochs: 90
	network: vit_base_patch16_224.orig_in21k
	no_cudnn_deterministic: False
	normalize: in21k
	num_workers: 2
	optimizer_name: sgd
	pin_memory: False
	pretrained: True
	resize: 224
	results_path: ./results
	save_models: True
	seed: 0
	start_at_task: 8
	start_epoch: 45
	stop_at_task: 9
	stop_epoch: 90
	use_valid_only: False
	warmup_lr_factor: 1.0
	warmup_nepochs: 0
	weight_decay: 0.0
============================================================================================================
Approach arguments =
============================================================================================================
Exemplars arguments =
============================================================================================================
WARNING: ./results/vit_base_patch16_224.orig_in21k/inat200/joint/10 already exists!
Loaded acc_taw from: ./results/vit_base_patch16_224.orig_in21k/inat200/joint/10/acc_taw-7.txt
Loaded acc_tag from: ./results/vit_base_patch16_224.orig_in21k/inat200/joint/10/acc_tag-7.txt
Loaded forg_taw from: ./results/vit_base_patch16_224.orig_in21k/inat200/joint/10/forg_taw-7.txt
Loaded forg_tag from: ./results/vit_base_patch16_224.orig_in21k/inat200/joint/10/forg_tag-7.txt
[joint] Loaded accumulated datasets up to task 8 from ./results/vit_base_patch16_224.orig_in21k/inat200/joint/10/joint_progress
************************************************************************************************************
Task  8  [epochs 45-90]
************************************************************************************************************
[params] total:85,867,866  trainable:85,867,866  tensors:168  trainable_tensors:168
| Epoch  46, time=235.9s | Train: skip eval | Valid: time= 13.9s loss=0.951, TAw acc= 92.4% | lr=4.9e-03
| Epoch  47, time=237.1s | Train: skip eval | Valid: time= 15.1s loss=0.902, TAw acc= 92.8% | lr=4.7e-03
| Epoch  48, time=236.5s | Train: skip eval | Valid: time= 16.8s loss=0.857, TAw acc= 93.1% | lr=4.5e-03
| Epoch  49, time=236.5s | Train: skip eval | Valid: time= 13.5s loss=0.852, TAw acc= 93.4% | lr=4.4e-03
| Epoch  50, time=236.6s | Train: skip eval | Valid: time= 15.1s loss=0.833, TAw acc= 93.1% | lr=4.2e-03
| Epoch  51, time=236.5s | Train: skip eval | Valid: time= 14.8s loss=0.828, TAw acc= 93.4% | lr=4.0e-03
| Epoch  52, time=236.2s | Train: skip eval | Valid: time= 14.0s loss=0.845, TAw acc= 92.9% | lr=3.9e-03
| Epoch  53, time=236.0s | Train: skip eval | Valid: time= 14.1s loss=0.843, TAw acc= 93.1% | lr=3.7e-03
| Epoch  54, time=235.7s | Train: skip eval | Valid: time= 13.6s loss=0.835, TAw acc= 92.9% | lr=3.5e-03
| Epoch  55, time=236.4s | Train: skip eval | Valid: time= 13.8s loss=0.833, TAw acc= 92.9% | lr=3.4e-03
| Epoch  56, time=236.7s | Train: skip eval | Valid: time= 14.5s loss=0.851, TAw acc= 93.0% | lr=3.2e-03
| Epoch  57, time=237.1s | Train: skip eval | Valid: time= 13.4s loss=0.834, TAw acc= 93.0% | lr=3.0e-03
| Epoch  58, time=237.0s | Train: skip eval | Valid: time= 14.8s loss=0.834, TAw acc= 93.1% | lr=2.9e-03
| Epoch  59, time=236.4s | Train: skip eval | Valid: time= 14.0s loss=0.823, TAw acc= 93.2% | * lr=2.7e-03
| Epoch  60, time=236.6s | Train: skip eval | Valid: time= 14.7s loss=0.826, TAw acc= 93.2% | lr=2.6e-03
| Epoch  61, time=238.0s | Train: skip eval | Valid: time= 13.5s loss=0.830, TAw acc= 93.2% | lr=2.4e-03
| Epoch  62, time=236.4s | Train: skip eval | Valid: time= 13.8s loss=0.832, TAw acc= 93.3% | lr=2.3e-03
| Epoch  63, time=237.4s | Train: skip eval | Valid: time= 14.2s loss=0.833, TAw acc= 93.1% | lr=2.1e-03
| Epoch  64, time=238.2s | Train: skip eval | Valid: time= 14.1s loss=0.840, TAw acc= 93.1% | lr=2.0e-03
| Epoch  65, time=237.6s | Train: skip eval | Valid: time= 15.1s loss=0.825, TAw acc= 93.3% | lr=1.9e-03
| Epoch  66, time=236.6s | Train: skip eval | Valid: time= 15.2s loss=0.833, TAw acc= 93.2% | lr=1.7e-03
| Epoch  67, time=237.3s | Train: skip eval | Valid: time= 13.7s loss=0.835, TAw acc= 93.2% | lr=1.6e-03
| Epoch  68, time=237.2s | Train: skip eval | Valid: time= 13.9s loss=0.825, TAw acc= 93.1% | lr=1.5e-03
| Epoch  69, time=236.4s | Train: skip eval | Valid: time= 15.1s loss=0.832, TAw acc= 93.1% | lr=1.4e-03
| Epoch  70, time=236.6s | Train: skip eval | Valid: time= 14.5s loss=0.828, TAw acc= 93.2% | lr=1.3e-03
| Epoch  71, time=237.9s | Train: skip eval | Valid: time= 14.6s loss=0.831, TAw acc= 93.2% | lr=1.1e-03
| Epoch  72, time=236.7s | Train: skip eval | Valid: time= 14.0s loss=0.828, TAw acc= 93.1% | lr=1.0e-03
| Epoch  73, time=236.3s | Train: skip eval | Valid: time= 14.0s loss=0.833, TAw acc= 93.0% | lr=9.5e-04
| Epoch  74, time=236.7s | Train: skip eval | Valid: time= 14.3s loss=0.837, TAw acc= 93.1% | lr=8.5e-04
| Epoch  75, time=237.0s | Train: skip eval | Valid: time= 13.3s loss=0.827, TAw acc= 93.2% | lr=7.6e-04
| Epoch  76, time=237.0s | Train: skip eval | Valid: time= 13.4s loss=0.829, TAw acc= 93.2% | lr=6.8e-04
| Epoch  77, time=236.8s | Train: skip eval | Valid: time= 13.3s loss=0.837, TAw acc= 93.1% | lr=6.0e-04
| Epoch  78, time=237.1s | Train: skip eval | Valid: time= 13.9s loss=0.834, TAw acc= 93.1% | lr=5.3e-04
| Epoch  79, time=237.8s | Train: skip eval | Valid: time= 14.3s loss=0.832, TAw acc= 93.3% | lr=4.6e-04
| Epoch  80, time=238.1s | Train: skip eval | Valid: time= 14.3s loss=0.832, TAw acc= 93.1% | lr=4.0e-04
| Epoch  81, time=236.3s | Train: skip eval | Valid: time= 15.2s loss=0.833, TAw acc= 93.1% | lr=3.4e-04
| Epoch  82, time=237.0s | Train: skip eval | Valid: time= 16.1s loss=0.832, TAw acc= 93.1% | lr=2.9e-04
| Epoch  83, time=236.6s | Train: skip eval | Valid: time= 15.9s loss=0.833, TAw acc= 93.0% | lr=2.5e-04
| Epoch  84, time=236.1s | Train: skip eval | Valid: time= 14.5s loss=0.834, TAw acc= 93.1% | lr=2.1e-04
| Epoch  85, time=236.6s | Train: skip eval | Valid: time= 15.8s loss=0.834, TAw acc= 93.1% | lr=1.8e-04
| Epoch  86, time=235.8s | Train: skip eval | Valid: time= 14.0s loss=0.836, TAw acc= 93.1% | lr=1.5e-04
| Epoch  87, time=237.4s | Train: skip eval | Valid: time= 16.3s loss=0.835, TAw acc= 93.2% | lr=1.3e-04
| Epoch  88, time=236.8s | Train: skip eval | Valid: time= 15.0s loss=0.836, TAw acc= 93.2% | lr=1.1e-04
| Epoch  89, time=236.0s | Train: skip eval | Valid: time= 13.9s loss=0.837, TAw acc= 93.1% | lr=1.0e-04
| Epoch  90, time=237.2s | Train: skip eval | Valid: time= 14.5s loss=0.837, TAw acc= 93.1% | lr=1.0e-04
------------------------------------------------------------------------------------------------------------
>>> Test on task  0 : loss=1.031 | TAw acc= 94.6%, forg=  1.0% | TAg acc= 77.3%, forg= 17.7% <<<
>>> Test on task  1 : loss=1.169 | TAw acc= 92.9%, forg=  0.6% | TAg acc= 73.4%, forg= 15.9% <<<
>>> Test on task  2 : loss=0.666 | TAw acc= 95.4%, forg=  0.8% | TAg acc= 84.1%, forg=  6.5% <<<
>>> Test on task  3 : loss=0.937 | TAw acc= 91.8%, forg= -0.8% | TAg acc= 77.4%, forg=  7.6% <<<
>>> Test on task  4 : loss=0.979 | TAw acc= 92.4%, forg=  0.6% | TAg acc= 75.2%, forg=  6.7% <<<
>>> Test on task  5 : loss=0.855 | TAw acc= 92.5%, forg=  0.0% | TAg acc= 80.1%, forg=  0.1% <<<
>>> Test on task  6 : loss=0.632 | TAw acc= 93.8%, forg= -0.3% | TAg acc= 82.2%, forg= -0.7% <<<
>>> Test on task  7 : loss=0.823 | TAw acc= 91.8%, forg= -0.2% | TAg acc= 76.8%, forg=  0.5% <<<
>>> Test on task  8 : loss=0.818 | TAw acc= 91.3%, forg=  0.0% | TAg acc= 77.5%, forg=  0.0% <<<
Save at ./results/./results/vit_base_patch16_224.orig_in21k/inat200/joint/10
[joint] Saved accumulated datasets up to task 8 → ./results/vit_base_patch16_224.orig_in21k/inat200/joint/10/joint_progress
************************************************************************************************************
TAw Acc
	 95.0%   0.0%   0.0%   0.0%   0.0%   0.0%   0.0%   0.0%   0.0%   0.0%   0.0%   0.0%   0.0%   0.0%   0.0%   0.0%   0.0%   0.0%   0.0%   0.0% 	Avg.: 95.0% 
	 95.5%  93.5%   0.0%   0.0%   0.0%   0.0%   0.0%   0.0%   0.0%   0.0%   0.0%   0.0%   0.0%   0.0%   0.0%   0.0%   0.0%   0.0%   0.0%   0.0% 	Avg.: 94.5% 
	 95.5%  93.5%  95.8%   0.0%   0.0%   0.0%   0.0%   0.0%   0.0%   0.0%   0.0%   0.0%   0.0%   0.0%   0.0%   0.0%   0.0%   0.0%   0.0%   0.0% 	Avg.: 94.9% 
	 95.6%  92.0%  95.6%  90.8%   0.0%   0.0%   0.0%   0.0%   0.0%   0.0%   0.0%   0.0%   0.0%   0.0%   0.0%   0.0%   0.0%   0.0%   0.0%   0.0% 	Avg.: 93.5% 
	 94.8%  92.7%  96.2%  90.8%  91.9%   0.0%   0.0%   0.0%   0.0%   0.0%   0.0%   0.0%   0.0%   0.0%   0.0%   0.0%   0.0%   0.0%   0.0%   0.0% 	Avg.: 93.3% 
	 94.8%  92.4%  95.2%  90.2%  92.4%  91.2%   0.0%   0.0%   0.0%   0.0%   0.0%   0.0%   0.0%   0.0%   0.0%   0.0%   0.0%   0.0%   0.0%   0.0% 	Avg.: 92.7% 
	 95.1%  92.7%  95.9%  91.0%  92.1%  92.5%  93.5%   0.0%   0.0%   0.0%   0.0%   0.0%   0.0%   0.0%   0.0%   0.0%   0.0%   0.0%   0.0%   0.0% 	Avg.: 93.3% 
	 94.9%  92.6%  95.9%  90.3%  93.0%  92.2%  93.2%  91.6%   0.0%   0.0%   0.0%   0.0%   0.0%   0.0%   0.0%   0.0%   0.0%   0.0%   0.0%   0.0% 	Avg.: 93.0% 
	 94.6%  92.9%  95.4%  91.8%  92.4%  92.5%  93.8%  91.8%  91.3%   0.0%   0.0%   0.0%   0.0%   0.0%   0.0%   0.0%   0.0%   0.0%   0.0%   0.0% 	Avg.: 92.9% 
	  0.0%   0.0%   0.0%   0.0%   0.0%   0.0%   0.0%   0.0%   0.0%   0.0%   0.0%   0.0%   0.0%   0.0%   0.0%   0.0%   0.0%   0.0%   0.0%   0.0% 	Avg.:  0.0% 
	  0.0%   0.0%   0.0%   0.0%   0.0%   0.0%   0.0%   0.0%   0.0%   0.0%   0.0%   0.0%   0.0%   0.0%   0.0%   0.0%   0.0%   0.0%   0.0%   0.0% 	Avg.:  0.0% 
	  0.0%   0.0%   0.0%   0.0%   0.0%   0.0%   0.0%   0.0%   0.0%   0.0%   0.0%   0.0%   0.0%   0.0%   0.0%   0.0%   0.0%   0.0%   0.0%   0.0% 	Avg.:  0.0% 
	  0.0%   0.0%   0.0%   0.0%   0.0%   0.0%   0.0%   0.0%   0.0%   0.0%   0.0%   0.0%   0.0%   0.0%   0.0%   0.0%   0.0%   0.0%   0.0%   0.0% 	Avg.:  0.0% 
	  0.0%   0.0%   0.0%   0.0%   0.0%   0.0%   0.0%   0.0%   0.0%   0.0%   0.0%   0.0%   0.0%   0.0%   0.0%   0.0%   0.0%   0.0%   0.0%   0.0% 	Avg.:  0.0% 
	  0.0%   0.0%   0.0%   0.0%   0.0%   0.0%   0.0%   0.0%   0.0%   0.0%   0.0%   0.0%   0.0%   0.0%   0.0%   0.0%   0.0%   0.0%   0.0%   0.0% 	Avg.:  0.0% 
	  0.0%   0.0%   0.0%   0.0%   0.0%   0.0%   0.0%   0.0%   0.0%   0.0%   0.0%   0.0%   0.0%   0.0%   0.0%   0.0%   0.0%   0.0%   0.0%   0.0% 	Avg.:  0.0% 
	  0.0%   0.0%   0.0%   0.0%   0.0%   0.0%   0.0%   0.0%   0.0%   0.0%   0.0%   0.0%   0.0%   0.0%   0.0%   0.0%   0.0%   0.0%   0.0%   0.0% 	Avg.:  0.0% 
	  0.0%   0.0%   0.0%   0.0%   0.0%   0.0%   0.0%   0.0%   0.0%   0.0%   0.0%   0.0%   0.0%   0.0%   0.0%   0.0%   0.0%   0.0%   0.0%   0.0% 	Avg.:  0.0% 
	  0.0%   0.0%   0.0%   0.0%   0.0%   0.0%   0.0%   0.0%   0.0%   0.0%   0.0%   0.0%   0.0%   0.0%   0.0%   0.0%   0.0%   0.0%   0.0%   0.0% 	Avg.:  0.0% 
	  0.0%   0.0%   0.0%   0.0%   0.0%   0.0%   0.0%   0.0%   0.0%   0.0%   0.0%   0.0%   0.0%   0.0%   0.0%   0.0%   0.0%   0.0%   0.0%   0.0% 	Avg.:  0.0% 
************************************************************************************************************
TAg Acc
	 95.0%   0.0%   0.0%   0.0%   0.0%   0.0%   0.0%   0.0%   0.0%   0.0%   0.0%   0.0%   0.0%   0.0%   0.0%   0.0%   0.0%   0.0%   0.0%   0.0% 	Avg.: 95.0% 
	 92.2%  89.3%   0.0%   0.0%   0.0%   0.0%   0.0%   0.0%   0.0%   0.0%   0.0%   0.0%   0.0%   0.0%   0.0%   0.0%   0.0%   0.0%   0.0%   0.0% 	Avg.: 90.8% 
	 89.1%  87.1%  90.6%   0.0%   0.0%   0.0%   0.0%   0.0%   0.0%   0.0%   0.0%   0.0%   0.0%   0.0%   0.0%   0.0%   0.0%   0.0%   0.0%   0.0% 	Avg.: 88.9% 
	 87.4%  83.2%  89.4%  85.0%   0.0%   0.0%   0.0%   0.0%   0.0%   0.0%   0.0%   0.0%   0.0%   0.0%   0.0%   0.0%   0.0%   0.0%   0.0%   0.0% 	Avg.: 86.3% 
	 83.3%  81.8%  87.6%  82.4%  81.9%   0.0%   0.0%   0.0%   0.0%   0.0%   0.0%   0.0%   0.0%   0.0%   0.0%   0.0%   0.0%   0.0%   0.0%   0.0% 	Avg.: 83.4% 
	 78.2%  79.5%  86.1%  79.7%  81.7%  80.2%   0.0%   0.0%   0.0%   0.0%   0.0%   0.0%   0.0%   0.0%   0.0%   0.0%   0.0%   0.0%   0.0%   0.0% 	Avg.: 80.9% 
	 77.9%  79.9%  85.9%  81.2%  80.7%  78.9%  80.8%   0.0%   0.0%   0.0%   0.0%   0.0%   0.0%   0.0%   0.0%   0.0%   0.0%   0.0%   0.0%   0.0% 	Avg.: 80.8% 
	 76.8%  77.6%  84.5%  79.7%  78.3%  80.1%  81.5%  77.3%   0.0%   0.0%   0.0%   0.0%   0.0%   0.0%   0.0%   0.0%   0.0%   0.0%   0.0%   0.0% 	Avg.: 79.5% 
	 77.3%  73.4%  84.1%  77.4%  75.2%  80.1%  82.2%  76.8%  77.5%   0.0%   0.0%   0.0%   0.0%   0.0%   0.0%   0.0%   0.0%   0.0%   0.0%   0.0% 	Avg.: 78.2% 
	  0.0%   0.0%   0.0%   0.0%   0.0%   0.0%   0.0%   0.0%   0.0%   0.0%   0.0%   0.0%   0.0%   0.0%   0.0%   0.0%   0.0%   0.0%   0.0%   0.0% 	Avg.:  0.0% 
	  0.0%   0.0%   0.0%   0.0%   0.0%   0.0%   0.0%   0.0%   0.0%   0.0%   0.0%   0.0%   0.0%   0.0%   0.0%   0.0%   0.0%   0.0%   0.0%   0.0% 	Avg.:  0.0% 
	  0.0%   0.0%   0.0%   0.0%   0.0%   0.0%   0.0%   0.0%   0.0%   0.0%   0.0%   0.0%   0.0%   0.0%   0.0%   0.0%   0.0%   0.0%   0.0%   0.0% 	Avg.:  0.0% 
	  0.0%   0.0%   0.0%   0.0%   0.0%   0.0%   0.0%   0.0%   0.0%   0.0%   0.0%   0.0%   0.0%   0.0%   0.0%   0.0%   0.0%   0.0%   0.0%   0.0% 	Avg.:  0.0% 
	  0.0%   0.0%   0.0%   0.0%   0.0%   0.0%   0.0%   0.0%   0.0%   0.0%   0.0%   0.0%   0.0%   0.0%   0.0%   0.0%   0.0%   0.0%   0.0%   0.0% 	Avg.:  0.0% 
	  0.0%   0.0%   0.0%   0.0%   0.0%   0.0%   0.0%   0.0%   0.0%   0.0%   0.0%   0.0%   0.0%   0.0%   0.0%   0.0%   0.0%   0.0%   0.0%   0.0% 	Avg.:  0.0% 
	  0.0%   0.0%   0.0%   0.0%   0.0%   0.0%   0.0%   0.0%   0.0%   0.0%   0.0%   0.0%   0.0%   0.0%   0.0%   0.0%   0.0%   0.0%   0.0%   0.0% 	Avg.:  0.0% 
	  0.0%   0.0%   0.0%   0.0%   0.0%   0.0%   0.0%   0.0%   0.0%   0.0%   0.0%   0.0%   0.0%   0.0%   0.0%   0.0%   0.0%   0.0%   0.0%   0.0% 	Avg.:  0.0% 
	  0.0%   0.0%   0.0%   0.0%   0.0%   0.0%   0.0%   0.0%   0.0%   0.0%   0.0%   0.0%   0.0%   0.0%   0.0%   0.0%   0.0%   0.0%   0.0%   0.0% 	Avg.:  0.0% 
	  0.0%   0.0%   0.0%   0.0%   0.0%   0.0%   0.0%   0.0%   0.0%   0.0%   0.0%   0.0%   0.0%   0.0%   0.0%   0.0%   0.0%   0.0%   0.0%   0.0% 	Avg.:  0.0% 
	  0.0%   0.0%   0.0%   0.0%   0.0%   0.0%   0.0%   0.0%   0.0%   0.0%   0.0%   0.0%   0.0%   0.0%   0.0%   0.0%   0.0%   0.0%   0.0%   0.0% 	Avg.:  0.0% 
************************************************************************************************************
TAw Forg
	  0.0%   0.0%   0.0%   0.0%   0.0%   0.0%   0.0%   0.0%   0.0%   0.0%   0.0%   0.0%   0.0%   0.0%   0.0%   0.0%   0.0%   0.0%   0.0%   0.0% 
	 -0.5%   0.0%   0.0%   0.0%   0.0%   0.0%   0.0%   0.0%   0.0%   0.0%   0.0%   0.0%   0.0%   0.0%   0.0%   0.0%   0.0%   0.0%   0.0%   0.0% 	Avg.: -0.5% 
	  0.0%   0.0%   0.0%   0.0%   0.0%   0.0%   0.0%   0.0%   0.0%   0.0%   0.0%   0.0%   0.0%   0.0%   0.0%   0.0%   0.0%   0.0%   0.0%   0.0% 	Avg.:  0.0% 
	 -0.1%   1.5%   0.2%   0.0%   0.0%   0.0%   0.0%   0.0%   0.0%   0.0%   0.0%   0.0%   0.0%   0.0%   0.0%   0.0%   0.0%   0.0%   0.0%   0.0% 	Avg.:  0.5% 
	  0.8%   0.8%  -0.4%   0.0%   0.0%   0.0%   0.0%   0.0%   0.0%   0.0%   0.0%   0.0%   0.0%   0.0%   0.0%   0.0%   0.0%   0.0%   0.0%   0.0% 	Avg.:  0.3% 
	  0.8%   1.1%   1.0%   0.6%  -0.5%   0.0%   0.0%   0.0%   0.0%   0.0%   0.0%   0.0%   0.0%   0.0%   0.0%   0.0%   0.0%   0.0%   0.0%   0.0% 	Avg.:  0.6% 
	  0.5%   0.8%   0.3%  -0.2%   0.3%  -1.3%   0.0%   0.0%   0.0%   0.0%   0.0%   0.0%   0.0%   0.0%   0.0%   0.0%   0.0%   0.0%   0.0%   0.0% 	Avg.:  0.1% 
	  0.7%   0.9%   0.3%   0.7%  -0.6%   0.3%   0.3%   0.0%   0.0%   0.0%   0.0%   0.0%   0.0%   0.0%   0.0%   0.0%   0.0%   0.0%   0.0%   0.0% 	Avg.:  0.4% 
	  1.0%   0.6%   0.8%  -0.8%   0.6%   0.0%  -0.3%  -0.2%   0.0%   0.0%   0.0%   0.0%   0.0%   0.0%   0.0%   0.0%   0.0%   0.0%   0.0%   0.0% 	Avg.:  0.2% 
	  0.0%   0.0%   0.0%   0.0%   0.0%   0.0%   0.0%   0.0%   0.0%   0.0%   0.0%   0.0%   0.0%   0.0%   0.0%   0.0%   0.0%   0.0%   0.0%   0.0% 	Avg.:  0.0% 
	  0.0%   0.0%   0.0%   0.0%   0.0%   0.0%   0.0%   0.0%   0.0%   0.0%   0.0%   0.0%   0.0%   0.0%   0.0%   0.0%   0.0%   0.0%   0.0%   0.0% 	Avg.:  0.0% 
	  0.0%   0.0%   0.0%   0.0%   0.0%   0.0%   0.0%   0.0%   0.0%   0.0%   0.0%   0.0%   0.0%   0.0%   0.0%   0.0%   0.0%   0.0%   0.0%   0.0% 	Avg.:  0.0% 
	  0.0%   0.0%   0.0%   0.0%   0.0%   0.0%   0.0%   0.0%   0.0%   0.0%   0.0%   0.0%   0.0%   0.0%   0.0%   0.0%   0.0%   0.0%   0.0%   0.0% 	Avg.:  0.0% 
	  0.0%   0.0%   0.0%   0.0%   0.0%   0.0%   0.0%   0.0%   0.0%   0.0%   0.0%   0.0%   0.0%   0.0%   0.0%   0.0%   0.0%   0.0%   0.0%   0.0% 	Avg.:  0.0% 
	  0.0%   0.0%   0.0%   0.0%   0.0%   0.0%   0.0%   0.0%   0.0%   0.0%   0.0%   0.0%   0.0%   0.0%   0.0%   0.0%   0.0%   0.0%   0.0%   0.0% 	Avg.:  0.0% 
	  0.0%   0.0%   0.0%   0.0%   0.0%   0.0%   0.0%   0.0%   0.0%   0.0%   0.0%   0.0%   0.0%   0.0%   0.0%   0.0%   0.0%   0.0%   0.0%   0.0% 	Avg.:  0.0% 
	  0.0%   0.0%   0.0%   0.0%   0.0%   0.0%   0.0%   0.0%   0.0%   0.0%   0.0%   0.0%   0.0%   0.0%   0.0%   0.0%   0.0%   0.0%   0.0%   0.0% 	Avg.:  0.0% 
	  0.0%   0.0%   0.0%   0.0%   0.0%   0.0%   0.0%   0.0%   0.0%   0.0%   0.0%   0.0%   0.0%   0.0%   0.0%   0.0%   0.0%   0.0%   0.0%   0.0% 	Avg.:  0.0% 
	  0.0%   0.0%   0.0%   0.0%   0.0%   0.0%   0.0%   0.0%   0.0%   0.0%   0.0%   0.0%   0.0%   0.0%   0.0%   0.0%   0.0%   0.0%   0.0%   0.0% 	Avg.:  0.0% 
	  0.0%   0.0%   0.0%   0.0%   0.0%   0.0%   0.0%   0.0%   0.0%   0.0%   0.0%   0.0%   0.0%   0.0%   0.0%   0.0%   0.0%   0.0%   0.0%   0.0% 	Avg.:  0.0% 
************************************************************************************************************
TAg Forg
	  0.0%   0.0%   0.0%   0.0%   0.0%   0.0%   0.0%   0.0%   0.0%   0.0%   0.0%   0.0%   0.0%   0.0%   0.0%   0.0%   0.0%   0.0%   0.0%   0.0% 
	  2.8%   0.0%   0.0%   0.0%   0.0%   0.0%   0.0%   0.0%   0.0%   0.0%   0.0%   0.0%   0.0%   0.0%   0.0%   0.0%   0.0%   0.0%   0.0%   0.0% 	Avg.:  2.8% 
	  5.9%   2.2%   0.0%   0.0%   0.0%   0.0%   0.0%   0.0%   0.0%   0.0%   0.0%   0.0%   0.0%   0.0%   0.0%   0.0%   0.0%   0.0%   0.0%   0.0% 	Avg.:  4.1% 
	  7.6%   6.1%   1.2%   0.0%   0.0%   0.0%   0.0%   0.0%   0.0%   0.0%   0.0%   0.0%   0.0%   0.0%   0.0%   0.0%   0.0%   0.0%   0.0%   0.0% 	Avg.:  5.0% 
	 11.7%   7.5%   3.0%   2.6%   0.0%   0.0%   0.0%   0.0%   0.0%   0.0%   0.0%   0.0%   0.0%   0.0%   0.0%   0.0%   0.0%   0.0%   0.0%   0.0% 	Avg.:  6.2% 
	 16.8%   9.8%   4.5%   5.3%   0.2%   0.0%   0.0%   0.0%   0.0%   0.0%   0.0%   0.0%   0.0%   0.0%   0.0%   0.0%   0.0%   0.0%   0.0%   0.0% 	Avg.:  7.3% 
	 17.1%   9.4%   4.7%   3.8%   1.2%   1.3%   0.0%   0.0%   0.0%   0.0%   0.0%   0.0%   0.0%   0.0%   0.0%   0.0%   0.0%   0.0%   0.0%   0.0% 	Avg.:  6.2% 
	 18.2%  11.7%   6.1%   5.3%   3.6%   0.1%  -0.7%   0.0%   0.0%   0.0%   0.0%   0.0%   0.0%   0.0%   0.0%   0.0%   0.0%   0.0%   0.0%   0.0% 	Avg.:  6.3% 
	 17.7%  15.9%   6.5%   7.6%   6.7%   0.1%  -0.7%   0.5%   0.0%   0.0%   0.0%   0.0%   0.0%   0.0%   0.0%   0.0%   0.0%   0.0%   0.0%   0.0% 	Avg.:  6.8% 
	  0.0%   0.0%   0.0%   0.0%   0.0%   0.0%   0.0%   0.0%   0.0%   0.0%   0.0%   0.0%   0.0%   0.0%   0.0%   0.0%   0.0%   0.0%   0.0%   0.0% 	Avg.:  0.0% 
	  0.0%   0.0%   0.0%   0.0%   0.0%   0.0%   0.0%   0.0%   0.0%   0.0%   0.0%   0.0%   0.0%   0.0%   0.0%   0.0%   0.0%   0.0%   0.0%   0.0% 	Avg.:  0.0% 
	  0.0%   0.0%   0.0%   0.0%   0.0%   0.0%   0.0%   0.0%   0.0%   0.0%   0.0%   0.0%   0.0%   0.0%   0.0%   0.0%   0.0%   0.0%   0.0%   0.0% 	Avg.:  0.0% 
	  0.0%   0.0%   0.0%   0.0%   0.0%   0.0%   0.0%   0.0%   0.0%   0.0%   0.0%   0.0%   0.0%   0.0%   0.0%   0.0%   0.0%   0.0%   0.0%   0.0% 	Avg.:  0.0% 
	  0.0%   0.0%   0.0%   0.0%   0.0%   0.0%   0.0%   0.0%   0.0%   0.0%   0.0%   0.0%   0.0%   0.0%   0.0%   0.0%   0.0%   0.0%   0.0%   0.0% 	Avg.:  0.0% 
	  0.0%   0.0%   0.0%   0.0%   0.0%   0.0%   0.0%   0.0%   0.0%   0.0%   0.0%   0.0%   0.0%   0.0%   0.0%   0.0%   0.0%   0.0%   0.0%   0.0% 	Avg.:  0.0% 
	  0.0%   0.0%   0.0%   0.0%   0.0%   0.0%   0.0%   0.0%   0.0%   0.0%   0.0%   0.0%   0.0%   0.0%   0.0%   0.0%   0.0%   0.0%   0.0%   0.0% 	Avg.:  0.0% 
	  0.0%   0.0%   0.0%   0.0%   0.0%   0.0%   0.0%   0.0%   0.0%   0.0%   0.0%   0.0%   0.0%   0.0%   0.0%   0.0%   0.0%   0.0%   0.0%   0.0% 	Avg.:  0.0% 
	  0.0%   0.0%   0.0%   0.0%   0.0%   0.0%   0.0%   0.0%   0.0%   0.0%   0.0%   0.0%   0.0%   0.0%   0.0%   0.0%   0.0%   0.0%   0.0%   0.0% 	Avg.:  0.0% 
	  0.0%   0.0%   0.0%   0.0%   0.0%   0.0%   0.0%   0.0%   0.0%   0.0%   0.0%   0.0%   0.0%   0.0%   0.0%   0.0%   0.0%   0.0%   0.0%   0.0% 	Avg.:  0.0% 
	  0.0%   0.0%   0.0%   0.0%   0.0%   0.0%   0.0%   0.0%   0.0%   0.0%   0.0%   0.0%   0.0%   0.0%   0.0%   0.0%   0.0%   0.0%   0.0%   0.0% 	Avg.:  0.0% 
************************************************************************************************************
[Elapsed time = 3.2 h]
Done!
