START_TASK=19 STOP_TASK=20
============================================================================================================
Arguments =
	approach: freezing
	batch_size: 64
	classes_first_task: None
	clipping: 10000
	crop: 224
	data_path: ../data/inat200
	dataset: inat200
	eval_on_train: False
	experiment_path: None
	fix_bn: True
	freeze_backbone: True
	gpu: 0
	gpus: [0]
	increment: 10
	last_layer_analysis: False
	log: ['disk']
	lr: 0.01
	lr_factor: None
	lr_min: 0.0001
	lr_patience: None
	lr_scheduler: cosine
	lr_warmup_epochs: 0
	momentum: 0.0
	multi_softmax: False
	nepochs: 90
	network: resnet50.a1_in1k
	no_cudnn_deterministic: False
	normalize: in1k
	num_workers: 2
	optimizer_name: sgd
	pin_memory: False
	pretrained: True
	resize: 224
	results_path: ./results
	save_models: True
	seed: 0
	start_at_task: 19
	start_epoch: 0
	stop_at_task: 20
	stop_epoch: 0
	use_valid_only: False
	warmup_lr_factor: 1.0
	warmup_nepochs: 0
	weight_decay: 0.0
============================================================================================================
Approach arguments =
============================================================================================================
Exemplars arguments =
============================================================================================================
WARNING: ./results/resnet50.a1_in1k/inat200/freezing/10 already exists!
Loaded acc_taw from: ./results/resnet50.a1_in1k/inat200/freezing/10/acc_taw-18.txt
Loaded acc_tag from: ./results/resnet50.a1_in1k/inat200/freezing/10/acc_tag-18.txt
Loaded forg_taw from: ./results/resnet50.a1_in1k/inat200/freezing/10/forg_taw-18.txt
Loaded forg_tag from: ./results/resnet50.a1_in1k/inat200/freezing/10/forg_tag-18.txt
************************************************************************************************************
Task 19  [epochs 0-90]
************************************************************************************************************
[DEBUG] trainable params -> backbone:0 heads:409800 total:409800
[params] total:23,917,832  trainable:409,800  tensors:199  trainable_tensors:40
| Epoch   1, time= 14.9s | Train: skip eval | Valid: time=  1.7s loss=2.221, TAw acc= 42.0% | * lr=1.0e-02
| Epoch   2, time= 13.5s | Train: skip eval | Valid: time=  1.4s loss=2.145, TAw acc= 54.8% | * lr=1.0e-02
| Epoch   3, time= 13.7s | Train: skip eval | Valid: time=  1.4s loss=2.073, TAw acc= 63.5% | * lr=1.0e-02
| Epoch   4, time= 13.1s | Train: skip eval | Valid: time=  1.4s loss=2.007, TAw acc= 69.0% | * lr=1.0e-02
| Epoch   5, time= 12.9s | Train: skip eval | Valid: time=  1.6s loss=1.945, TAw acc= 69.0% | * lr=9.9e-03
| Epoch   6, time= 13.1s | Train: skip eval | Valid: time=  1.4s loss=1.888, TAw acc= 69.8% | * lr=9.9e-03
| Epoch   7, time= 14.6s | Train: skip eval | Valid: time=  1.5s loss=1.835, TAw acc= 69.0% | * lr=9.9e-03
| Epoch   8, time= 15.5s | Train: skip eval | Valid: time=  1.4s loss=1.785, TAw acc= 70.5% | * lr=9.8e-03
| Epoch   9, time= 12.0s | Train: skip eval | Valid: time=  1.4s loss=1.737, TAw acc= 71.0% | * lr=9.8e-03
| Epoch  10, time= 13.0s | Train: skip eval | Valid: time=  1.4s loss=1.695, TAw acc= 71.0% | * lr=9.7e-03
| Epoch  11, time= 13.1s | Train: skip eval | Valid: time=  1.5s loss=1.655, TAw acc= 70.5% | * lr=9.6e-03
| Epoch  12, time= 13.7s | Train: skip eval | Valid: time=  1.8s loss=1.619, TAw acc= 70.5% | * lr=9.6e-03
| Epoch  13, time= 12.3s | Train: skip eval | Valid: time=  1.4s loss=1.584, TAw acc= 72.0% | * lr=9.5e-03
| Epoch  14, time= 12.6s | Train: skip eval | Valid: time=  1.7s loss=1.552, TAw acc= 70.5% | * lr=9.4e-03
| Epoch  15, time= 17.3s | Train: skip eval | Valid: time=  1.4s loss=1.524, TAw acc= 70.8% | * lr=9.3e-03
| Epoch  16, time= 14.5s | Train: skip eval | Valid: time=  1.7s loss=1.494, TAw acc= 72.2% | * lr=9.2e-03
| Epoch  17, time= 16.2s | Train: skip eval | Valid: time=  1.5s loss=1.468, TAw acc= 72.5% | * lr=9.2e-03
| Epoch  18, time= 13.8s | Train: skip eval | Valid: time=  1.4s loss=1.444, TAw acc= 73.2% | * lr=9.1e-03
| Epoch  19, time= 13.3s | Train: skip eval | Valid: time=  1.4s loss=1.421, TAw acc= 73.2% | * lr=9.0e-03
| Epoch  20, time= 13.1s | Train: skip eval | Valid: time=  1.4s loss=1.400, TAw acc= 73.0% | * lr=8.8e-03
| Epoch  21, time= 12.5s | Train: skip eval | Valid: time=  1.5s loss=1.380, TAw acc= 73.0% | * lr=8.7e-03
| Epoch  22, time= 13.5s | Train: skip eval | Valid: time=  1.4s loss=1.361, TAw acc= 73.5% | * lr=8.6e-03
| Epoch  23, time= 12.7s | Train: skip eval | Valid: time=  1.6s loss=1.344, TAw acc= 73.2% | * lr=8.5e-03
| Epoch  24, time= 14.4s | Train: skip eval | Valid: time=  1.5s loss=1.327, TAw acc= 73.5% | * lr=8.4e-03
| Epoch  25, time= 13.0s | Train: skip eval | Valid: time=  1.7s loss=1.312, TAw acc= 73.5% | * lr=8.2e-03
| Epoch  26, time= 13.6s | Train: skip eval | Valid: time=  1.4s loss=1.298, TAw acc= 74.0% | * lr=8.1e-03
| Epoch  27, time= 13.1s | Train: skip eval | Valid: time=  1.3s loss=1.283, TAw acc= 73.5% | * lr=8.0e-03
| Epoch  28, time= 13.6s | Train: skip eval | Valid: time=  1.4s loss=1.271, TAw acc= 73.8% | * lr=7.8e-03
| Epoch  29, time= 12.9s | Train: skip eval | Valid: time=  1.3s loss=1.259, TAw acc= 73.2% | * lr=7.7e-03
| Epoch  30, time= 13.8s | Train: skip eval | Valid: time=  1.5s loss=1.247, TAw acc= 73.2% | * lr=7.5e-03
| Epoch  31, time= 13.2s | Train: skip eval | Valid: time=  1.4s loss=1.237, TAw acc= 73.2% | * lr=7.4e-03
| Epoch  32, time= 13.8s | Train: skip eval | Valid: time=  1.8s loss=1.226, TAw acc= 73.5% | * lr=7.2e-03
| Epoch  33, time= 14.4s | Train: skip eval | Valid: time=  1.4s loss=1.215, TAw acc= 73.2% | * lr=7.1e-03
| Epoch  34, time= 12.9s | Train: skip eval | Valid: time=  1.5s loss=1.206, TAw acc= 73.2% | * lr=6.9e-03
| Epoch  35, time= 12.7s | Train: skip eval | Valid: time=  1.9s loss=1.198, TAw acc= 73.2% | * lr=6.7e-03
| Epoch  36, time= 12.4s | Train: skip eval | Valid: time=  1.4s loss=1.190, TAw acc= 73.5% | * lr=6.6e-03
| Epoch  37, time= 12.4s | Train: skip eval | Valid: time=  1.4s loss=1.182, TAw acc= 72.8% | * lr=6.4e-03
| Epoch  38, time= 12.8s | Train: skip eval | Valid: time=  1.7s loss=1.175, TAw acc= 72.5% | * lr=6.2e-03
| Epoch  39, time= 13.1s | Train: skip eval | Valid: time=  1.3s loss=1.167, TAw acc= 72.8% | * lr=6.1e-03
| Epoch  40, time= 14.5s | Train: skip eval | Valid: time=  1.3s loss=1.161, TAw acc= 72.8% | * lr=5.9e-03
| Epoch  41, time= 12.6s | Train: skip eval | Valid: time=  1.7s loss=1.154, TAw acc= 72.8% | * lr=5.7e-03
| Epoch  42, time= 13.7s | Train: skip eval | Valid: time=  1.4s loss=1.148, TAw acc= 73.0% | * lr=5.6e-03
| Epoch  43, time= 12.6s | Train: skip eval | Valid: time=  1.4s loss=1.142, TAw acc= 72.8% | * lr=5.4e-03
| Epoch  44, time= 12.7s | Train: skip eval | Valid: time=  1.3s loss=1.137, TAw acc= 73.0% | * lr=5.2e-03
| Epoch  45, time= 12.9s | Train: skip eval | Valid: time=  1.3s loss=1.132, TAw acc= 73.0% | * lr=5.1e-03
| Epoch  46, time= 13.3s | Train: skip eval | Valid: time=  1.4s loss=1.127, TAw acc= 72.8% | * lr=4.9e-03
| Epoch  47, time= 13.0s | Train: skip eval | Valid: time=  1.4s loss=1.123, TAw acc= 72.8% | * lr=4.7e-03
| Epoch  48, time= 12.7s | Train: skip eval | Valid: time=  1.7s loss=1.119, TAw acc= 72.8% | * lr=4.5e-03
| Epoch  49, time= 13.7s | Train: skip eval | Valid: time=  1.3s loss=1.115, TAw acc= 73.0% | * lr=4.4e-03
| Epoch  50, time= 12.5s | Train: skip eval | Valid: time=  1.8s loss=1.111, TAw acc= 72.5% | * lr=4.2e-03
| Epoch  51, time= 12.7s | Train: skip eval | Valid: time=  1.3s loss=1.107, TAw acc= 72.5% | * lr=4.0e-03
| Epoch  52, time= 13.9s | Train: skip eval | Valid: time=  1.4s loss=1.103, TAw acc= 72.2% | * lr=3.9e-03
| Epoch  53, time= 14.1s | Train: skip eval | Valid: time=  1.3s loss=1.100, TAw acc= 72.2% | * lr=3.7e-03
| Epoch  54, time= 12.4s | Train: skip eval | Valid: time=  1.6s loss=1.097, TAw acc= 72.5% | * lr=3.5e-03
| Epoch  55, time= 12.2s | Train: skip eval | Valid: time=  1.3s loss=1.094, TAw acc= 72.5% | * lr=3.4e-03
| Epoch  56, time= 12.6s | Train: skip eval | Valid: time=  1.4s loss=1.091, TAw acc= 72.5% | * lr=3.2e-03
| Epoch  57, time= 13.5s | Train: skip eval | Valid: time=  1.9s loss=1.088, TAw acc= 72.2% | * lr=3.0e-03
| Epoch  58, time= 12.8s | Train: skip eval | Valid: time=  1.9s loss=1.086, TAw acc= 72.2% | * lr=2.9e-03
| Epoch  59, time= 14.2s | Train: skip eval | Valid: time=  1.8s loss=1.084, TAw acc= 72.2% | * lr=2.7e-03
| Epoch  60, time= 14.7s | Train: skip eval | Valid: time=  2.4s loss=1.081, TAw acc= 72.5% | * lr=2.6e-03
| Epoch  61, time= 18.1s | Train: skip eval | Valid: time=  1.3s loss=1.079, TAw acc= 72.2% | * lr=2.4e-03
| Epoch  62, time= 12.7s | Train: skip eval | Valid: time=  1.3s loss=1.078, TAw acc= 72.2% | * lr=2.3e-03
| Epoch  63, time= 12.6s | Train: skip eval | Valid: time=  1.4s loss=1.076, TAw acc= 72.2% | * lr=2.1e-03
| Epoch  64, time= 13.7s | Train: skip eval | Valid: time=  1.7s loss=1.075, TAw acc= 72.5% | * lr=2.0e-03
| Epoch  65, time= 13.1s | Train: skip eval | Valid: time=  1.4s loss=1.073, TAw acc= 72.5% | * lr=1.9e-03
| Epoch  66, time= 13.3s | Train: skip eval | Valid: time=  1.4s loss=1.072, TAw acc= 72.5% | * lr=1.7e-03
| Epoch  67, time= 15.4s | Train: skip eval | Valid: time=  1.3s loss=1.071, TAw acc= 72.5% | * lr=1.6e-03
| Epoch  68, time= 12.9s | Train: skip eval | Valid: time=  1.3s loss=1.069, TAw acc= 72.5% | * lr=1.5e-03
| Epoch  69, time= 13.2s | Train: skip eval | Valid: time=  1.4s loss=1.068, TAw acc= 72.5% | * lr=1.4e-03
| Epoch  70, time= 13.6s | Train: skip eval | Valid: time=  1.3s loss=1.067, TAw acc= 72.5% | * lr=1.3e-03
| Epoch  71, time= 16.5s | Train: skip eval | Valid: time=  1.4s loss=1.066, TAw acc= 72.5% | * lr=1.1e-03
| Epoch  72, time= 16.4s | Train: skip eval | Valid: time=  1.4s loss=1.066, TAw acc= 72.8% | * lr=1.0e-03
| Epoch  73, time= 13.2s | Train: skip eval | Valid: time=  1.3s loss=1.065, TAw acc= 73.0% | * lr=9.5e-04
| Epoch  74, time= 12.6s | Train: skip eval | Valid: time=  1.3s loss=1.064, TAw acc= 72.5% | * lr=8.5e-04
| Epoch  75, time= 14.1s | Train: skip eval | Valid: time=  1.4s loss=1.064, TAw acc= 72.5% | * lr=7.6e-04
| Epoch  76, time= 13.5s | Train: skip eval | Valid: time=  1.3s loss=1.063, TAw acc= 72.5% | * lr=6.8e-04
| Epoch  77, time= 14.5s | Train: skip eval | Valid: time=  1.3s loss=1.063, TAw acc= 72.5% | * lr=6.0e-04
| Epoch  78, time= 12.5s | Train: skip eval | Valid: time=  1.7s loss=1.062, TAw acc= 72.5% | * lr=5.3e-04
| Epoch  79, time= 13.5s | Train: skip eval | Valid: time=  1.4s loss=1.062, TAw acc= 72.5% | * lr=4.6e-04
| Epoch  80, time= 12.7s | Train: skip eval | Valid: time=  1.5s loss=1.061, TAw acc= 72.5% | * lr=4.0e-04
| Epoch  81, time= 12.6s | Train: skip eval | Valid: time=  1.8s loss=1.061, TAw acc= 72.5% | * lr=3.4e-04
| Epoch  82, time= 14.1s | Train: skip eval | Valid: time=  1.3s loss=1.061, TAw acc= 72.5% | * lr=2.9e-04
| Epoch  83, time= 13.3s | Train: skip eval | Valid: time=  1.4s loss=1.061, TAw acc= 72.5% | * lr=2.5e-04
| Epoch  84, time= 13.1s | Train: skip eval | Valid: time=  1.3s loss=1.060, TAw acc= 72.5% | * lr=2.1e-04
| Epoch  85, time= 13.2s | Train: skip eval | Valid: time=  1.8s loss=1.060, TAw acc= 72.5% | * lr=1.8e-04
| Epoch  86, time= 12.4s | Train: skip eval | Valid: time=  1.6s loss=1.060, TAw acc= 72.5% | * lr=1.5e-04
| Epoch  87, time= 12.9s | Train: skip eval | Valid: time=  1.3s loss=1.060, TAw acc= 72.5% | * lr=1.3e-04
| Epoch  88, time= 12.6s | Train: skip eval | Valid: time=  1.3s loss=1.060, TAw acc= 72.5% | * lr=1.1e-04
| Epoch  89, time= 12.9s | Train: skip eval | Valid: time=  1.3s loss=1.060, TAw acc= 72.5% | * lr=1.0e-04
| Epoch  90, time= 12.9s | Train: skip eval | Valid: time=  1.4s loss=1.060, TAw acc= 72.5% | * lr=1.0e-04
------------------------------------------------------------------------------------------------------------
>>> Test on task  0 : loss=1.263 | TAw acc= 70.6%, forg=  0.0% | TAg acc= 14.6%, forg= 56.0% <<<
>>> Test on task  1 : loss=1.140 | TAw acc= 73.4%, forg=  0.0% | TAg acc= 21.2%, forg= 35.2% <<<
>>> Test on task  2 : loss=1.091 | TAw acc= 73.3%, forg=  0.0% | TAg acc= 21.7%, forg= 34.4% <<<
>>> Test on task  3 : loss=1.130 | TAw acc= 69.0%, forg=  0.0% | TAg acc= 25.7%, forg= 16.5% <<<
>>> Test on task  4 : loss=1.165 | TAw acc= 70.0%, forg=  0.0% | TAg acc= 24.6%, forg= 20.9% <<<
>>> Test on task  5 : loss=1.260 | TAw acc= 69.8%, forg=  0.0% | TAg acc= 14.4%, forg= 23.9% <<<
>>> Test on task  6 : loss=1.015 | TAw acc= 77.2%, forg=  0.0% | TAg acc= 38.4%, forg= 12.3% <<<
>>> Test on task  7 : loss=0.990 | TAw acc= 76.3%, forg=  0.0% | TAg acc= 38.6%, forg= 11.4% <<<
>>> Test on task  8 : loss=0.990 | TAw acc= 75.3%, forg=  0.0% | TAg acc= 43.3%, forg=  6.7% <<<
>>> Test on task  9 : loss=1.166 | TAw acc= 73.4%, forg=  0.0% | TAg acc= 18.4%, forg= 14.2% <<<
>>> Test on task 10 : loss=1.168 | TAw acc= 69.3%, forg=  0.0% | TAg acc= 25.3%, forg=  5.0% <<<
>>> Test on task 11 : loss=1.189 | TAw acc= 70.6%, forg=  0.0% | TAg acc= 18.3%, forg=  7.0% <<<
>>> Test on task 12 : loss=1.023 | TAw acc= 75.1%, forg=  0.0% | TAg acc= 25.7%, forg= 11.2% <<<
>>> Test on task 13 : loss=0.937 | TAw acc= 77.4%, forg=  0.0% | TAg acc= 38.1%, forg=  4.1% <<<
>>> Test on task 14 : loss=0.974 | TAw acc= 77.6%, forg=  0.0% | TAg acc= 38.0%, forg=  4.7% <<<
>>> Test on task 15 : loss=1.097 | TAw acc= 74.7%, forg=  0.0% | TAg acc= 36.5%, forg=  0.6% <<<
>>> Test on task 16 : loss=1.395 | TAw acc= 63.4%, forg=  0.0% | TAg acc= 10.3%, forg=  1.4% <<<
>>> Test on task 17 : loss=1.111 | TAw acc= 74.8%, forg=  0.0% | TAg acc= 29.6%, forg=  1.2% <<<
>>> Test on task 18 : loss=1.240 | TAw acc= 67.1%, forg=  0.0% | TAg acc= 16.3%, forg=  0.5% <<<
>>> Test on task 19 : loss=1.081 | TAw acc= 73.8%, forg=  0.0% | TAg acc= 30.5%, forg=  0.0% <<<
Save at ./results/./results/resnet50.a1_in1k/inat200/freezing/10
************************************************************************************************************
TAw Acc
	 70.6%   0.0%   0.0%   0.0%   0.0%   0.0%   0.0%   0.0%   0.0%   0.0%   0.0%   0.0%   0.0%   0.0%   0.0%   0.0%   0.0%   0.0%   0.0%   0.0% 	Avg.: 70.6% 
	 70.6%  73.4%   0.0%   0.0%   0.0%   0.0%   0.0%   0.0%   0.0%   0.0%   0.0%   0.0%   0.0%   0.0%   0.0%   0.0%   0.0%   0.0%   0.0%   0.0% 	Avg.: 72.0% 
	 70.6%  73.4%  73.3%   0.0%   0.0%   0.0%   0.0%   0.0%   0.0%   0.0%   0.0%   0.0%   0.0%   0.0%   0.0%   0.0%   0.0%   0.0%   0.0%   0.0% 	Avg.: 72.4% 
	 70.6%  73.4%  73.3%  69.0%   0.0%   0.0%   0.0%   0.0%   0.0%   0.0%   0.0%   0.0%   0.0%   0.0%   0.0%   0.0%   0.0%   0.0%   0.0%   0.0% 	Avg.: 71.6% 
	 70.6%  73.4%  73.3%  69.0%  70.0%   0.0%   0.0%   0.0%   0.0%   0.0%   0.0%   0.0%   0.0%   0.0%   0.0%   0.0%   0.0%   0.0%   0.0%   0.0% 	Avg.: 71.3% 
	 70.6%  73.4%  73.3%  69.0%  70.0%  69.8%   0.0%   0.0%   0.0%   0.0%   0.0%   0.0%   0.0%   0.0%   0.0%   0.0%   0.0%   0.0%   0.0%   0.0% 	Avg.: 71.0% 
	 70.6%  73.4%  73.3%  69.0%  70.0%  69.8%  77.2%   0.0%   0.0%   0.0%   0.0%   0.0%   0.0%   0.0%   0.0%   0.0%   0.0%   0.0%   0.0%   0.0% 	Avg.: 71.9% 
	 70.6%  73.4%  73.3%  69.0%  70.0%  69.8%  77.2%  76.3%   0.0%   0.0%   0.0%   0.0%   0.0%   0.0%   0.0%   0.0%   0.0%   0.0%   0.0%   0.0% 	Avg.: 72.4% 
	 70.6%  73.4%  73.3%  69.0%  70.0%  69.8%  77.2%  76.3%  75.3%   0.0%   0.0%   0.0%   0.0%   0.0%   0.0%   0.0%   0.0%   0.0%   0.0%   0.0% 	Avg.: 72.8% 
	 70.6%  73.4%  73.3%  69.0%  70.0%  69.8%  77.2%  76.3%  75.3%  73.4%   0.0%   0.0%   0.0%   0.0%   0.0%   0.0%   0.0%   0.0%   0.0%   0.0% 	Avg.: 72.8% 
	 70.6%  73.4%  73.3%  69.0%  70.0%  69.8%  77.2%  76.3%  75.3%  73.4%  69.3%   0.0%   0.0%   0.0%   0.0%   0.0%   0.0%   0.0%   0.0%   0.0% 	Avg.: 72.5% 
	 70.6%  73.4%  73.3%  69.0%  70.0%  69.8%  77.2%  76.3%  75.3%  73.4%  69.3%  70.6%   0.0%   0.0%   0.0%   0.0%   0.0%   0.0%   0.0%   0.0% 	Avg.: 72.3% 
	 70.6%  73.4%  73.3%  69.0%  70.0%  69.8%  77.2%  76.3%  75.3%  73.4%  69.3%  70.6%  75.1%   0.0%   0.0%   0.0%   0.0%   0.0%   0.0%   0.0% 	Avg.: 72.6% 
	 70.6%  73.4%  73.3%  69.0%  70.0%  69.8%  77.2%  76.3%  75.3%  73.4%  69.3%  70.6%  75.1%  77.4%   0.0%   0.0%   0.0%   0.0%   0.0%   0.0% 	Avg.: 72.9% 
	 70.6%  73.4%  73.3%  69.0%  70.0%  69.8%  77.2%  76.3%  75.3%  73.4%  69.3%  70.6%  75.1%  77.4%  77.6%   0.0%   0.0%   0.0%   0.0%   0.0% 	Avg.: 73.2% 
	 70.6%  73.4%  73.3%  69.0%  70.0%  69.8%  77.2%  76.3%  75.3%  73.4%  69.3%  70.6%  75.1%  77.4%  77.6%  74.7%   0.0%   0.0%   0.0%   0.0% 	Avg.: 73.3% 
	 70.6%  73.4%  73.3%  69.0%  70.0%  69.8%  77.2%  76.3%  75.3%  73.4%  69.3%  70.6%  75.1%  77.4%  77.6%  74.7%  63.4%   0.0%   0.0%   0.0% 	Avg.: 72.7% 
	 70.6%  73.4%  73.3%  69.0%  70.0%  69.8%  77.2%  76.3%  75.3%  73.4%  69.3%  70.6%  75.1%  77.4%  77.6%  74.7%  63.4%  74.8%   0.0%   0.0% 	Avg.: 72.8% 
	 70.6%  73.4%  73.3%  69.0%  70.0%  69.8%  77.2%  76.3%  75.3%  73.4%  69.3%  70.6%  75.1%  77.4%  77.6%  74.7%  63.4%  74.8%  67.1%   0.0% 	Avg.: 72.5% 
	 70.6%  73.4%  73.3%  69.0%  70.0%  69.8%  77.2%  76.3%  75.3%  73.4%  69.3%  70.6%  75.1%  77.4%  77.6%  74.7%  63.4%  74.8%  67.1%  73.8% 	Avg.: 72.6% 
************************************************************************************************************
TAg Acc
	 70.6%   0.0%   0.0%   0.0%   0.0%   0.0%   0.0%   0.0%   0.0%   0.0%   0.0%   0.0%   0.0%   0.0%   0.0%   0.0%   0.0%   0.0%   0.0%   0.0% 	Avg.: 70.6% 
	 58.8%  56.4%   0.0%   0.0%   0.0%   0.0%   0.0%   0.0%   0.0%   0.0%   0.0%   0.0%   0.0%   0.0%   0.0%   0.0%   0.0%   0.0%   0.0%   0.0% 	Avg.: 57.6% 
	 47.0%  50.8%  56.1%   0.0%   0.0%   0.0%   0.0%   0.0%   0.0%   0.0%   0.0%   0.0%   0.0%   0.0%   0.0%   0.0%   0.0%   0.0%   0.0%   0.0% 	Avg.: 51.3% 
	 41.3%  49.0%  50.1%  42.2%   0.0%   0.0%   0.0%   0.0%   0.0%   0.0%   0.0%   0.0%   0.0%   0.0%   0.0%   0.0%   0.0%   0.0%   0.0%   0.0% 	Avg.: 45.6% 
	 37.4%  45.9%  47.3%  39.2%  45.5%   0.0%   0.0%   0.0%   0.0%   0.0%   0.0%   0.0%   0.0%   0.0%   0.0%   0.0%   0.0%   0.0%   0.0%   0.0% 	Avg.: 43.1% 
	 32.8%  44.8%  46.5%  37.5%  42.5%  38.3%   0.0%   0.0%   0.0%   0.0%   0.0%   0.0%   0.0%   0.0%   0.0%   0.0%   0.0%   0.0%   0.0%   0.0% 	Avg.: 40.4% 
	 27.8%  39.2%  42.7%  36.7%  41.0%  34.7%  50.7%   0.0%   0.0%   0.0%   0.0%   0.0%   0.0%   0.0%   0.0%   0.0%   0.0%   0.0%   0.0%   0.0% 	Avg.: 39.0% 
	 24.8%  36.0%  34.6%  34.0%  37.8%  32.4%  46.2%  50.0%   0.0%   0.0%   0.0%   0.0%   0.0%   0.0%   0.0%   0.0%   0.0%   0.0%   0.0%   0.0% 	Avg.: 37.0% 
	 23.8%  30.3%  33.0%  33.2%  36.5%  31.2%  45.7%  49.3%  50.0%   0.0%   0.0%   0.0%   0.0%   0.0%   0.0%   0.0%   0.0%   0.0%   0.0%   0.0% 	Avg.: 37.0% 
	 22.7%  29.4%  32.3%  33.2%  35.5%  30.3%  44.5%  46.7%  49.0%  32.6%   0.0%   0.0%   0.0%   0.0%   0.0%   0.0%   0.0%   0.0%   0.0%   0.0% 	Avg.: 35.6% 
	 19.8%  29.0%  31.1%  32.8%  33.2%  27.7%  44.2%  44.5%  48.0%  31.5%  30.3%   0.0%   0.0%   0.0%   0.0%   0.0%   0.0%   0.0%   0.0%   0.0% 	Avg.: 33.8% 
	 19.1%  28.8%  31.0%  32.6%  32.9%  27.0%  43.8%  43.9%  47.1%  30.7%  29.5%  25.3%   0.0%   0.0%   0.0%   0.0%   0.0%   0.0%   0.0%   0.0% 	Avg.: 32.6% 
	 18.2%  27.7%  28.9%  31.1%  30.6%  25.2%  43.0%  43.0%  45.9%  28.5%  28.8%  24.1%  36.9%   0.0%   0.0%   0.0%   0.0%   0.0%   0.0%   0.0% 	Avg.: 31.7% 
	 17.6%  24.4%  27.3%  29.9%  29.9%  22.3%  42.3%  41.5%  45.5%  25.1%  28.1%  22.6%  30.7%  42.2%   0.0%   0.0%   0.0%   0.0%   0.0%   0.0% 	Avg.: 30.7% 
	 16.7%  23.0%  24.9%  28.9%  29.4%  21.7%  41.1%  40.5%  45.2%  23.8%  27.5%  21.9%  28.0%  41.0%  42.7%   0.0%   0.0%   0.0%   0.0%   0.0% 	Avg.: 30.4% 
	 16.6%  22.7%  24.5%  28.7%  27.3%  20.2%  40.9%  40.2%  44.7%  20.2%  27.1%  21.8%  27.6%  40.9%  41.2%  37.1%   0.0%   0.0%   0.0%   0.0% 	Avg.: 30.1% 
	 16.4%  21.9%  24.4%  28.7%  26.2%  19.6%  40.7%  39.9%  44.2%  19.9%  26.8%  21.7%  27.6%  40.5%  40.6%  37.1%  11.7%   0.0%   0.0%   0.0% 	Avg.: 28.7% 
	 15.7%  21.5%  24.1%  27.2%  24.9%  16.4%  39.9%  39.0%  43.8%  19.1%  26.5%  21.1%  27.0%  39.7%  39.7%  36.9%  10.9%  30.8%   0.0%   0.0% 	Avg.: 28.0% 
	 15.6%  21.3%  24.0%  26.5%  24.9%  15.7%  39.4%  38.8%  43.6%  18.8%  26.0%  18.7%  26.5%  39.3%  39.4%  36.7%  10.8%  30.1%  16.8%   0.0% 	Avg.: 27.0% 
	 14.6%  21.2%  21.7%  25.7%  24.6%  14.4%  38.4%  38.6%  43.3%  18.4%  25.3%  18.3%  25.7%  38.1%  38.0%  36.5%  10.3%  29.6%  16.3%  30.5% 	Avg.: 26.5% 
************************************************************************************************************
TAw Forg
	  0.0%   0.0%   0.0%   0.0%   0.0%   0.0%   0.0%   0.0%   0.0%   0.0%   0.0%   0.0%   0.0%   0.0%   0.0%   0.0%   0.0%   0.0%   0.0%   0.0% 
	  0.0%   0.0%   0.0%   0.0%   0.0%   0.0%   0.0%   0.0%   0.0%   0.0%   0.0%   0.0%   0.0%   0.0%   0.0%   0.0%   0.0%   0.0%   0.0%   0.0% 	Avg.:  0.0% 
	  0.0%   0.0%   0.0%   0.0%   0.0%   0.0%   0.0%   0.0%   0.0%   0.0%   0.0%   0.0%   0.0%   0.0%   0.0%   0.0%   0.0%   0.0%   0.0%   0.0% 	Avg.:  0.0% 
	  0.0%   0.0%   0.0%   0.0%   0.0%   0.0%   0.0%   0.0%   0.0%   0.0%   0.0%   0.0%   0.0%   0.0%   0.0%   0.0%   0.0%   0.0%   0.0%   0.0% 	Avg.:  0.0% 
	  0.0%   0.0%   0.0%   0.0%   0.0%   0.0%   0.0%   0.0%   0.0%   0.0%   0.0%   0.0%   0.0%   0.0%   0.0%   0.0%   0.0%   0.0%   0.0%   0.0% 	Avg.:  0.0% 
	  0.0%   0.0%   0.0%   0.0%   0.0%   0.0%   0.0%   0.0%   0.0%   0.0%   0.0%   0.0%   0.0%   0.0%   0.0%   0.0%   0.0%   0.0%   0.0%   0.0% 	Avg.:  0.0% 
	  0.0%   0.0%   0.0%   0.0%   0.0%   0.0%   0.0%   0.0%   0.0%   0.0%   0.0%   0.0%   0.0%   0.0%   0.0%   0.0%   0.0%   0.0%   0.0%   0.0% 	Avg.:  0.0% 
	  0.0%   0.0%   0.0%   0.0%   0.0%   0.0%   0.0%   0.0%   0.0%   0.0%   0.0%   0.0%   0.0%   0.0%   0.0%   0.0%   0.0%   0.0%   0.0%   0.0% 	Avg.:  0.0% 
	  0.0%   0.0%   0.0%   0.0%   0.0%   0.0%   0.0%   0.0%   0.0%   0.0%   0.0%   0.0%   0.0%   0.0%   0.0%   0.0%   0.0%   0.0%   0.0%   0.0% 	Avg.:  0.0% 
	  0.0%   0.0%   0.0%   0.0%   0.0%   0.0%   0.0%   0.0%   0.0%   0.0%   0.0%   0.0%   0.0%   0.0%   0.0%   0.0%   0.0%   0.0%   0.0%   0.0% 	Avg.:  0.0% 
	  0.0%   0.0%   0.0%   0.0%   0.0%   0.0%   0.0%   0.0%   0.0%   0.0%   0.0%   0.0%   0.0%   0.0%   0.0%   0.0%   0.0%   0.0%   0.0%   0.0% 	Avg.:  0.0% 
	  0.0%   0.0%   0.0%   0.0%   0.0%   0.0%   0.0%   0.0%   0.0%   0.0%   0.0%   0.0%   0.0%   0.0%   0.0%   0.0%   0.0%   0.0%   0.0%   0.0% 	Avg.:  0.0% 
	  0.0%   0.0%   0.0%   0.0%   0.0%   0.0%   0.0%   0.0%   0.0%   0.0%   0.0%   0.0%   0.0%   0.0%   0.0%   0.0%   0.0%   0.0%   0.0%   0.0% 	Avg.:  0.0% 
	  0.0%   0.0%   0.0%   0.0%   0.0%   0.0%   0.0%   0.0%   0.0%   0.0%   0.0%   0.0%   0.0%   0.0%   0.0%   0.0%   0.0%   0.0%   0.0%   0.0% 	Avg.:  0.0% 
	  0.0%   0.0%   0.0%   0.0%   0.0%   0.0%   0.0%   0.0%   0.0%   0.0%   0.0%   0.0%   0.0%   0.0%   0.0%   0.0%   0.0%   0.0%   0.0%   0.0% 	Avg.:  0.0% 
	  0.0%   0.0%   0.0%   0.0%   0.0%   0.0%   0.0%   0.0%   0.0%   0.0%   0.0%   0.0%   0.0%   0.0%   0.0%   0.0%   0.0%   0.0%   0.0%   0.0% 	Avg.:  0.0% 
	  0.0%   0.0%   0.0%   0.0%   0.0%   0.0%   0.0%   0.0%   0.0%   0.0%   0.0%   0.0%   0.0%   0.0%   0.0%   0.0%   0.0%   0.0%   0.0%   0.0% 	Avg.:  0.0% 
	  0.0%   0.0%   0.0%   0.0%   0.0%   0.0%   0.0%   0.0%   0.0%   0.0%   0.0%   0.0%   0.0%   0.0%   0.0%   0.0%   0.0%   0.0%   0.0%   0.0% 	Avg.:  0.0% 
	  0.0%   0.0%   0.0%   0.0%   0.0%   0.0%   0.0%   0.0%   0.0%   0.0%   0.0%   0.0%   0.0%   0.0%   0.0%   0.0%   0.0%   0.0%   0.0%   0.0% 	Avg.:  0.0% 
	  0.0%   0.0%   0.0%   0.0%   0.0%   0.0%   0.0%   0.0%   0.0%   0.0%   0.0%   0.0%   0.0%   0.0%   0.0%   0.0%   0.0%   0.0%   0.0%   0.0% 	Avg.:  0.0% 
************************************************************************************************************
TAg Forg
	  0.0%   0.0%   0.0%   0.0%   0.0%   0.0%   0.0%   0.0%   0.0%   0.0%   0.0%   0.0%   0.0%   0.0%   0.0%   0.0%   0.0%   0.0%   0.0%   0.0% 
	 11.8%   0.0%   0.0%   0.0%   0.0%   0.0%   0.0%   0.0%   0.0%   0.0%   0.0%   0.0%   0.0%   0.0%   0.0%   0.0%   0.0%   0.0%   0.0%   0.0% 	Avg.: 11.8% 
	 23.6%   5.6%   0.0%   0.0%   0.0%   0.0%   0.0%   0.0%   0.0%   0.0%   0.0%   0.0%   0.0%   0.0%   0.0%   0.0%   0.0%   0.0%   0.0%   0.0% 	Avg.: 14.6% 
	 29.3%   7.4%   6.0%   0.0%   0.0%   0.0%   0.0%   0.0%   0.0%   0.0%   0.0%   0.0%   0.0%   0.0%   0.0%   0.0%   0.0%   0.0%   0.0%   0.0% 	Avg.: 14.2% 
	 33.2%  10.5%   8.8%   3.0%   0.0%   0.0%   0.0%   0.0%   0.0%   0.0%   0.0%   0.0%   0.0%   0.0%   0.0%   0.0%   0.0%   0.0%   0.0%   0.0% 	Avg.: 13.9% 
	 37.8%  11.6%   9.6%   4.7%   3.0%   0.0%   0.0%   0.0%   0.0%   0.0%   0.0%   0.0%   0.0%   0.0%   0.0%   0.0%   0.0%   0.0%   0.0%   0.0% 	Avg.: 13.3% 
	 42.8%  17.2%  13.4%   5.5%   4.5%   3.6%   0.0%   0.0%   0.0%   0.0%   0.0%   0.0%   0.0%   0.0%   0.0%   0.0%   0.0%   0.0%   0.0%   0.0% 	Avg.: 14.5% 
	 45.8%  20.4%  21.5%   8.2%   7.7%   5.9%   4.5%   0.0%   0.0%   0.0%   0.0%   0.0%   0.0%   0.0%   0.0%   0.0%   0.0%   0.0%   0.0%   0.0% 	Avg.: 16.3% 
	 46.8%  26.1%  23.1%   9.0%   9.0%   7.1%   5.0%   0.7%   0.0%   0.0%   0.0%   0.0%   0.0%   0.0%   0.0%   0.0%   0.0%   0.0%   0.0%   0.0% 	Avg.: 15.9% 
	 47.9%  27.0%  23.8%   9.0%  10.0%   8.0%   6.2%   3.3%   1.0%   0.0%   0.0%   0.0%   0.0%   0.0%   0.0%   0.0%   0.0%   0.0%   0.0%   0.0% 	Avg.: 15.1% 
	 50.8%  27.4%  25.0%   9.4%  12.3%  10.6%   6.5%   5.5%   2.0%   1.1%   0.0%   0.0%   0.0%   0.0%   0.0%   0.0%   0.0%   0.0%   0.0%   0.0% 	Avg.: 15.1% 
	 51.5%  27.6%  25.1%   9.6%  12.6%  11.3%   6.9%   6.1%   2.9%   1.9%   0.8%   0.0%   0.0%   0.0%   0.0%   0.0%   0.0%   0.0%   0.0%   0.0% 	Avg.: 14.2% 
	 52.4%  28.7%  27.2%  11.1%  14.9%  13.1%   7.7%   7.0%   4.1%   4.1%   1.5%   1.2%   0.0%   0.0%   0.0%   0.0%   0.0%   0.0%   0.0%   0.0% 	Avg.: 14.4% 
	 53.0%  32.0%  28.8%  12.3%  15.6%  16.0%   8.4%   8.5%   4.5%   7.5%   2.2%   2.7%   6.2%   0.0%   0.0%   0.0%   0.0%   0.0%   0.0%   0.0% 	Avg.: 15.2% 
	 53.9%  33.4%  31.2%  13.3%  16.1%  16.6%   9.6%   9.5%   4.8%   8.8%   2.8%   3.4%   8.9%   1.2%   0.0%   0.0%   0.0%   0.0%   0.0%   0.0% 	Avg.: 15.2% 
	 54.0%  33.7%  31.6%  13.5%  18.2%  18.1%   9.8%   9.8%   5.3%  12.4%   3.2%   3.5%   9.3%   1.3%   1.5%   0.0%   0.0%   0.0%   0.0%   0.0% 	Avg.: 15.0% 
	 54.2%  34.5%  31.7%  13.5%  19.3%  18.7%  10.0%  10.1%   5.8%  12.7%   3.5%   3.6%   9.3%   1.7%   2.1%   0.0%   0.0%   0.0%   0.0%   0.0% 	Avg.: 14.4% 
	 54.9%  34.9%  32.0%  15.0%  20.6%  21.9%  10.8%  11.0%   6.2%  13.5%   3.8%   4.2%   9.9%   2.5%   3.0%   0.2%   0.8%   0.0%   0.0%   0.0% 	Avg.: 14.4% 
	 55.0%  35.1%  32.1%  15.7%  20.6%  22.6%  11.3%  11.2%   6.4%  13.8%   4.3%   6.6%  10.4%   2.9%   3.3%   0.4%   0.9%   0.7%   0.0%   0.0% 	Avg.: 14.1% 
	 56.0%  35.2%  34.4%  16.5%  20.9%  23.9%  12.3%  11.4%   6.7%  14.2%   5.0%   7.0%  11.2%   4.1%   4.7%   0.6%   1.4%   1.2%   0.5%   0.0% 	Avg.: 14.1% 
************************************************************************************************************
[Elapsed time = 0.4 h]
Done!
