START_TASK=19 STOP_TASK=20
============================================================================================================
Arguments =
	all_outputs: False
	approach: ewc
	batch_size: 64
	classes_first_task: None
	clipping: 10000
	crop: 224
	data_path: ../data/inat200
	dataset: inat200
	eval_on_train: False
	experiment_path: None
	fix_bn: False
	freeze_backbone: False
	gpu: 0
	gpus: [0]
	increment: 10
	last_layer_analysis: False
	log: ['disk']
	lr: 0.01
	lr_factor: None
	lr_min: 0.0001
	lr_patience: None
	lr_scheduler: cosine
	lr_warmup_epochs: 0
	momentum: 0.0
	multi_softmax: False
	nepochs: 90
	network: resnet50.a1_in1k
	no_cudnn_deterministic: False
	normalize: in1k
	num_workers: 2
	optimizer_name: sgd
	pin_memory: False
	pretrained: True
	resize: 224
	results_path: ./results
	save_models: True
	seed: 0
	start_at_task: 19
	start_epoch: 0
	stop_at_task: 20
	stop_epoch: 0
	use_valid_only: False
	warmup_lr_factor: 1.0
	warmup_nepochs: 0
	weight_decay: 0.0
============================================================================================================
Approach arguments =
	alpha: -1
	fi_num_samples: -1
	fi_sampling_type: true
	lamb: 5000
============================================================================================================
Exemplars arguments =
============================================================================================================
WARNING: ./results/resnet50.a1_in1k/inat200/ewc/10 already exists!
Loaded acc_taw from: ./results/resnet50.a1_in1k/inat200/ewc/10/acc_taw-18.txt
Loaded acc_tag from: ./results/resnet50.a1_in1k/inat200/ewc/10/acc_tag-18.txt
Loaded forg_taw from: ./results/resnet50.a1_in1k/inat200/ewc/10/forg_taw-18.txt
Loaded forg_tag from: ./results/resnet50.a1_in1k/inat200/ewc/10/forg_tag-18.txt
Fisher: 159 layers | older_params: 159 layers loaded
************************************************************************************************************
Task 19  [epochs 0-90]
************************************************************************************************************
[params] total:23,917,832  trainable:23,917,832  tensors:199  trainable_tensors:199
| Epoch   1, time= 17.6s | Train: skip eval | Valid: time=  1.7s loss=1.148, TAw acc= 82.5% | * lr=1.0e-02
| Epoch   2, time= 13.4s | Train: skip eval | Valid: time=  1.7s loss=0.818, TAw acc= 83.5% | * lr=1.0e-02
| Epoch   3, time= 13.5s | Train: skip eval | Valid: time=  1.3s loss=0.697, TAw acc= 85.2% | * lr=1.0e-02
| Epoch   4, time= 13.0s | Train: skip eval | Valid: time=  1.7s loss=0.630, TAw acc= 84.0% | * lr=1.0e-02
| Epoch   5, time= 15.9s | Train: skip eval | Valid: time=  1.8s loss=0.588, TAw acc= 85.2% | * lr=9.9e-03
| Epoch   6, time= 13.0s | Train: skip eval | Valid: time=  1.3s loss=0.548, TAw acc= 84.8% | * lr=9.9e-03
| Epoch   7, time= 12.6s | Train: skip eval | Valid: time=  1.3s loss=0.531, TAw acc= 85.5% | * lr=9.9e-03
| Epoch   8, time= 14.0s | Train: skip eval | Valid: time=  1.3s loss=0.499, TAw acc= 86.2% | * lr=9.8e-03
| Epoch   9, time= 14.7s | Train: skip eval | Valid: time=  1.8s loss=0.490, TAw acc= 86.0% | * lr=9.8e-03
| Epoch  10, time= 13.7s | Train: skip eval | Valid: time=  1.3s loss=0.484, TAw acc= 85.8% | * lr=9.7e-03
| Epoch  11, time= 12.4s | Train: skip eval | Valid: time=  1.3s loss=0.480, TAw acc= 86.0% | * lr=9.6e-03
| Epoch  12, time= 12.3s | Train: skip eval | Valid: time=  1.3s loss=0.467, TAw acc= 85.8% | * lr=9.6e-03
| Epoch  13, time= 17.3s | Train: skip eval | Valid: time=  1.3s loss=0.452, TAw acc= 86.0% | * lr=9.5e-03
| Epoch  14, time= 12.5s | Train: skip eval | Valid: time=  1.6s loss=0.497, TAw acc= 85.5% | lr=9.4e-03
| Epoch  15, time= 21.7s | Train: skip eval | Valid: time=  2.1s loss=0.447, TAw acc= 86.5% | * lr=9.3e-03
| Epoch  16, time= 16.6s | Train: skip eval | Valid: time=  1.3s loss=0.446, TAw acc= 86.0% | * lr=9.2e-03
| Epoch  17, time= 12.3s | Train: skip eval | Valid: time=  1.4s loss=0.440, TAw acc= 85.8% | * lr=9.2e-03
| Epoch  18, time= 12.1s | Train: skip eval | Valid: time=  1.3s loss=0.447, TAw acc= 85.2% | lr=9.1e-03
| Epoch  19, time= 12.2s | Train: skip eval | Valid: time=  1.3s loss=0.438, TAw acc= 86.8% | * lr=9.0e-03
| Epoch  20, time= 12.7s | Train: skip eval | Valid: time=  1.3s loss=0.431, TAw acc= 86.0% | * lr=8.8e-03
| Epoch  21, time= 15.0s | Train: skip eval | Valid: time=  1.6s loss=0.426, TAw acc= 87.2% | * lr=8.7e-03
| Epoch  22, time= 12.7s | Train: skip eval | Valid: time=  1.5s loss=0.430, TAw acc= 86.8% | lr=8.6e-03
| Epoch  23, time= 12.4s | Train: skip eval | Valid: time=  1.3s loss=0.410, TAw acc= 87.2% | * lr=8.5e-03
| Epoch  24, time= 12.3s | Train: skip eval | Valid: time=  1.3s loss=0.404, TAw acc= 87.2% | * lr=8.4e-03
| Epoch  25, time= 12.9s | Train: skip eval | Valid: time=  1.5s loss=0.409, TAw acc= 86.2% | lr=8.2e-03
| Epoch  26, time= 17.5s | Train: skip eval | Valid: time=  1.3s loss=0.439, TAw acc= 88.0% | lr=8.1e-03
| Epoch  27, time= 16.0s | Train: skip eval | Valid: time=  1.3s loss=0.420, TAw acc= 86.2% | lr=8.0e-03
| Epoch  28, time= 12.6s | Train: skip eval | Valid: time=  1.3s loss=0.425, TAw acc= 86.5% | lr=7.8e-03
| Epoch  29, time= 12.3s | Train: skip eval | Valid: time=  1.4s loss=0.396, TAw acc= 87.8% | * lr=7.7e-03
| Epoch  30, time= 14.5s | Train: skip eval | Valid: time=  1.3s loss=0.402, TAw acc= 87.0% | lr=7.5e-03
| Epoch  31, time= 12.7s | Train: skip eval | Valid: time=  1.8s loss=0.378, TAw acc= 88.2% | * lr=7.4e-03
| Epoch  32, time= 12.4s | Train: skip eval | Valid: time=  1.4s loss=0.393, TAw acc= 87.8% | lr=7.2e-03
| Epoch  33, time= 17.4s | Train: skip eval | Valid: time=  1.3s loss=0.404, TAw acc= 87.0% | lr=7.1e-03
| Epoch  34, time= 12.7s | Train: skip eval | Valid: time=  1.3s loss=0.385, TAw acc= 87.8% | lr=6.9e-03
| Epoch  35, time= 13.8s | Train: skip eval | Valid: time=  1.3s loss=0.387, TAw acc= 87.0% | lr=6.7e-03
| Epoch  36, time= 12.5s | Train: skip eval | Valid: time=  1.3s loss=0.371, TAw acc= 87.0% | * lr=6.6e-03
| Epoch  37, time= 13.1s | Train: skip eval | Valid: time=  1.3s loss=0.373, TAw acc= 87.5% | lr=6.4e-03
| Epoch  38, time= 12.4s | Train: skip eval | Valid: time=  1.3s loss=0.367, TAw acc= 87.8% | * lr=6.2e-03
| Epoch  39, time= 12.3s | Train: skip eval | Valid: time=  1.3s loss=0.363, TAw acc= 87.2% | * lr=6.1e-03
| Epoch  40, time= 14.6s | Train: skip eval | Valid: time=  1.6s loss=0.380, TAw acc= 87.5% | lr=5.9e-03
| Epoch  41, time= 12.3s | Train: skip eval | Valid: time=  1.8s loss=0.373, TAw acc= 87.0% | lr=5.7e-03
| Epoch  42, time= 13.4s | Train: skip eval | Valid: time=  2.2s loss=0.364, TAw acc= 88.2% | lr=5.6e-03
| Epoch  43, time= 18.9s | Train: skip eval | Valid: time=  3.1s loss=0.434, TAw acc= 86.5% | lr=5.4e-03
| Epoch  44, time= 18.1s | Train: skip eval | Valid: time=  1.5s loss=0.387, TAw acc= 87.2% | lr=5.2e-03
| Epoch  45, time= 12.8s | Train: skip eval | Valid: time=  1.3s loss=0.362, TAw acc= 87.0% | * lr=5.1e-03
| Epoch  46, time= 12.5s | Train: skip eval | Valid: time=  1.3s loss=0.397, TAw acc= 86.5% | lr=4.9e-03
| Epoch  47, time= 12.6s | Train: skip eval | Valid: time=  1.4s loss=0.363, TAw acc= 88.0% | lr=4.7e-03
| Epoch  48, time= 13.2s | Train: skip eval | Valid: time=  1.4s loss=0.361, TAw acc= 87.5% | * lr=4.5e-03
| Epoch  49, time= 12.3s | Train: skip eval | Valid: time=  1.3s loss=0.362, TAw acc= 88.5% | lr=4.4e-03
| Epoch  50, time= 14.0s | Train: skip eval | Valid: time=  1.4s loss=0.360, TAw acc= 88.5% | * lr=4.2e-03
| Epoch  51, time= 12.4s | Train: skip eval | Valid: time=  1.3s loss=0.362, TAw acc= 87.0% | lr=4.0e-03
| Epoch  52, time= 14.4s | Train: skip eval | Valid: time=  1.3s loss=0.360, TAw acc= 87.5% | * lr=3.9e-03
| Epoch  53, time= 12.3s | Train: skip eval | Valid: time=  1.3s loss=0.361, TAw acc= 88.0% | lr=3.7e-03
| Epoch  54, time= 12.4s | Train: skip eval | Valid: time=  1.9s loss=0.344, TAw acc= 87.5% | * lr=3.5e-03
| Epoch  55, time= 16.0s | Train: skip eval | Valid: time=  1.7s loss=0.354, TAw acc= 88.2% | lr=3.4e-03
| Epoch  56, time= 12.6s | Train: skip eval | Valid: time=  1.5s loss=0.353, TAw acc= 88.0% | lr=3.2e-03
| Epoch  57, time= 16.1s | Train: skip eval | Valid: time=  1.3s loss=0.355, TAw acc= 88.0% | lr=3.0e-03
| Epoch  58, time= 16.0s | Train: skip eval | Valid: time=  1.3s loss=0.351, TAw acc= 87.5% | lr=2.9e-03
| Epoch  59, time= 12.5s | Train: skip eval | Valid: time=  1.4s loss=0.359, TAw acc= 87.8% | lr=2.7e-03
| Epoch  60, time= 14.7s | Train: skip eval | Valid: time=  1.5s loss=0.349, TAw acc= 87.5% | lr=2.6e-03
| Epoch  61, time= 14.3s | Train: skip eval | Valid: time=  1.6s loss=0.354, TAw acc= 87.8% | lr=2.4e-03
| Epoch  62, time= 13.7s | Train: skip eval | Valid: time=  1.6s loss=0.359, TAw acc= 87.8% | lr=2.3e-03
| Epoch  63, time= 14.1s | Train: skip eval | Valid: time=  1.6s loss=0.349, TAw acc= 88.0% | lr=2.1e-03
| Epoch  64, time= 12.1s | Train: skip eval | Valid: time=  1.8s loss=0.353, TAw acc= 88.0% | lr=2.0e-03
| Epoch  65, time= 16.5s | Train: skip eval | Valid: time=  1.3s loss=0.350, TAw acc= 88.0% | lr=1.9e-03
| Epoch  66, time= 12.0s | Train: skip eval | Valid: time=  1.8s loss=0.359, TAw acc= 87.5% | lr=1.7e-03
| Epoch  67, time= 12.8s | Train: skip eval | Valid: time=  1.5s loss=0.356, TAw acc= 88.0% | lr=1.6e-03
| Epoch  68, time= 14.0s | Train: skip eval | Valid: time=  1.3s loss=0.344, TAw acc= 88.0% | * lr=1.5e-03
| Epoch  69, time= 13.0s | Train: skip eval | Valid: time=  1.2s loss=0.344, TAw acc= 88.2% | lr=1.4e-03
| Epoch  70, time= 11.7s | Train: skip eval | Valid: time=  1.3s loss=0.351, TAw acc= 88.5% | lr=1.3e-03
| Epoch  71, time= 12.0s | Train: skip eval | Valid: time=  1.2s loss=0.346, TAw acc= 87.8% | lr=1.1e-03
| Epoch  72, time= 14.6s | Train: skip eval | Valid: time=  1.3s loss=0.346, TAw acc= 88.0% | lr=1.0e-03
| Epoch  73, time= 13.7s | Train: skip eval | Valid: time=  1.3s loss=0.343, TAw acc= 88.5% | * lr=9.5e-04
| Epoch  74, time= 14.8s | Train: skip eval | Valid: time=  1.4s loss=0.351, TAw acc= 88.2% | lr=8.5e-04
| Epoch  75, time= 13.3s | Train: skip eval | Valid: time=  1.3s loss=0.344, TAw acc= 88.2% | lr=7.6e-04
| Epoch  76, time= 12.6s | Train: skip eval | Valid: time=  1.3s loss=0.344, TAw acc= 87.8% | lr=6.8e-04
| Epoch  77, time= 15.8s | Train: skip eval | Valid: time=  1.3s loss=0.342, TAw acc= 88.0% | * lr=6.0e-04
| Epoch  78, time= 12.7s | Train: skip eval | Valid: time=  1.3s loss=0.343, TAw acc= 88.0% | lr=5.3e-04
| Epoch  79, time= 12.1s | Train: skip eval | Valid: time=  1.3s loss=0.350, TAw acc= 89.0% | lr=4.6e-04
| Epoch  80, time= 15.1s | Train: skip eval | Valid: time=  1.3s loss=0.339, TAw acc= 88.2% | * lr=4.0e-04
| Epoch  81, time= 13.7s | Train: skip eval | Valid: time=  1.3s loss=0.350, TAw acc= 87.5% | lr=3.4e-04
| Epoch  82, time= 12.3s | Train: skip eval | Valid: time=  1.3s loss=0.342, TAw acc= 88.2% | lr=2.9e-04
| Epoch  83, time= 11.9s | Train: skip eval | Valid: time=  1.3s loss=0.342, TAw acc= 88.0% | lr=2.5e-04
| Epoch  84, time= 13.2s | Train: skip eval | Valid: time=  1.3s loss=0.343, TAw acc= 88.0% | lr=2.1e-04
| Epoch  85, time= 15.4s | Train: skip eval | Valid: time=  1.3s loss=0.345, TAw acc= 87.5% | lr=1.8e-04
| Epoch  86, time= 13.0s | Train: skip eval | Valid: time=  1.3s loss=0.343, TAw acc= 88.0% | lr=1.5e-04
| Epoch  87, time= 16.0s | Train: skip eval | Valid: time=  1.3s loss=0.345, TAw acc= 87.5% | lr=1.3e-04
| Epoch  88, time= 12.3s | Train: skip eval | Valid: time=  1.3s loss=0.347, TAw acc= 87.8% | lr=1.1e-04
| Epoch  89, time= 14.7s | Train: skip eval | Valid: time=  1.3s loss=0.347, TAw acc= 88.0% | lr=1.0e-04
| Epoch  90, time= 13.1s | Train: skip eval | Valid: time=  1.4s loss=0.338, TAw acc= 88.5% | * lr=1.0e-04
------------------------------------------------------------------------------------------------------------
>>> Test on task  0 : loss=0.582 | TAw acc= 83.7%, forg= -0.7% | TAg acc= 54.0%, forg= 26.5% <<<
>>> Test on task  1 : loss=0.595 | TAw acc= 82.5%, forg=  2.2% | TAg acc= 53.3%, forg= 12.0% <<<
>>> Test on task  2 : loss=0.381 | TAw acc= 87.3%, forg= -0.6% | TAg acc= 49.2%, forg= 13.4% <<<
>>> Test on task  3 : loss=0.511 | TAw acc= 82.5%, forg=  1.7% | TAg acc= 36.9%, forg= 11.3% <<<
>>> Test on task  4 : loss=0.543 | TAw acc= 84.0%, forg=  1.2% | TAg acc= 34.3%, forg= 10.5% <<<
>>> Test on task  5 : loss=0.560 | TAw acc= 81.1%, forg=  1.5% | TAg acc= 38.5%, forg=  0.2% <<<
>>> Test on task  6 : loss=0.349 | TAw acc= 88.2%, forg= -0.5% | TAg acc= 38.5%, forg= 10.2% <<<
>>> Test on task  7 : loss=0.396 | TAw acc= 87.2%, forg=  0.7% | TAg acc= 36.7%, forg=  6.9% <<<
>>> Test on task  8 : loss=0.429 | TAw acc= 85.6%, forg=  0.8% | TAg acc= 41.0%, forg=  3.3% <<<
>>> Test on task  9 : loss=0.404 | TAw acc= 86.8%, forg=  1.2% | TAg acc= 35.5%, forg= 10.0% <<<
>>> Test on task 10 : loss=0.506 | TAw acc= 82.8%, forg=  2.2% | TAg acc= 24.1%, forg=  5.0% <<<
>>> Test on task 11 : loss=0.369 | TAw acc= 87.7%, forg=  0.4% | TAg acc= 24.0%, forg=  1.7% <<<
>>> Test on task 12 : loss=0.414 | TAw acc= 85.2%, forg=  3.5% | TAg acc= 23.1%, forg=  8.6% <<<
>>> Test on task 13 : loss=0.212 | TAw acc= 92.5%, forg=  1.7% | TAg acc= 15.3%, forg=  7.4% <<<
>>> Test on task 14 : loss=0.271 | TAw acc= 89.8%, forg=  1.7% | TAg acc= 15.8%, forg=  4.0% <<<
>>> Test on task 15 : loss=0.390 | TAw acc= 87.0%, forg=  0.8% | TAg acc= 39.9%, forg= -2.0% <<<
>>> Test on task 16 : loss=0.722 | TAw acc= 73.6%, forg=  4.0% | TAg acc= 12.4%, forg=  2.1% <<<
>>> Test on task 17 : loss=0.390 | TAw acc= 87.6%, forg=  2.2% | TAg acc= 18.8%, forg=  4.1% <<<
>>> Test on task 18 : loss=0.537 | TAw acc= 81.8%, forg=  2.8% | TAg acc=  4.8%, forg=  1.1% <<<
>>> Test on task 19 : loss=0.379 | TAw acc= 87.2%, forg=  0.0% | TAg acc= 22.8%, forg=  0.0% <<<
Save at ./results/./results/resnet50.a1_in1k/inat200/ewc/10
************************************************************************************************************
TAw Acc
	 80.5%   0.0%   0.0%   0.0%   0.0%   0.0%   0.0%   0.0%   0.0%   0.0%   0.0%   0.0%   0.0%   0.0%   0.0%   0.0%   0.0%   0.0%   0.0%   0.0% 	Avg.: 80.5% 
	 82.6%  83.5%   0.0%   0.0%   0.0%   0.0%   0.0%   0.0%   0.0%   0.0%   0.0%   0.0%   0.0%   0.0%   0.0%   0.0%   0.0%   0.0%   0.0%   0.0% 	Avg.: 83.1% 
	 79.0%  80.1%  86.4%   0.0%   0.0%   0.0%   0.0%   0.0%   0.0%   0.0%   0.0%   0.0%   0.0%   0.0%   0.0%   0.0%   0.0%   0.0%   0.0%   0.0% 	Avg.: 81.8% 
	 81.4%  81.0%  85.8%  84.2%   0.0%   0.0%   0.0%   0.0%   0.0%   0.0%   0.0%   0.0%   0.0%   0.0%   0.0%   0.0%   0.0%   0.0%   0.0%   0.0% 	Avg.: 83.1% 
	 81.7%  83.1%  85.5%  82.6%  85.0%   0.0%   0.0%   0.0%   0.0%   0.0%   0.0%   0.0%   0.0%   0.0%   0.0%   0.0%   0.0%   0.0%   0.0%   0.0% 	Avg.: 83.6% 
	 82.4%  82.6%  86.7%  82.0%  84.7%  82.6%   0.0%   0.0%   0.0%   0.0%   0.0%   0.0%   0.0%   0.0%   0.0%   0.0%   0.0%   0.0%   0.0%   0.0% 	Avg.: 83.5% 
	 79.4%  79.2%  84.4%  79.8%  82.2%  78.7%  87.7%   0.0%   0.0%   0.0%   0.0%   0.0%   0.0%   0.0%   0.0%   0.0%   0.0%   0.0%   0.0%   0.0% 	Avg.: 81.6% 
	 80.5%  81.0%  86.4%  81.2%  82.7%  80.9%  86.9%  87.9%   0.0%   0.0%   0.0%   0.0%   0.0%   0.0%   0.0%   0.0%   0.0%   0.0%   0.0%   0.0% 	Avg.: 83.4% 
	 81.9%  83.4%  86.4%  80.7%  82.1%  78.8%  87.5%  85.4%  86.1%   0.0%   0.0%   0.0%   0.0%   0.0%   0.0%   0.0%   0.0%   0.0%   0.0%   0.0% 	Avg.: 83.6% 
	 80.5%  82.0%  84.4%  83.1%  84.4%  80.2%  85.2%  86.5%  84.0%  88.0%   0.0%   0.0%   0.0%   0.0%   0.0%   0.0%   0.0%   0.0%   0.0%   0.0% 	Avg.: 83.8% 
	 82.1%  81.9%  83.5%  82.4%  83.8%  80.4%  83.0%  85.1%  84.0%  87.0%  85.0%   0.0%   0.0%   0.0%   0.0%   0.0%   0.0%   0.0%   0.0%   0.0% 	Avg.: 83.5% 
	 83.0%  82.8%  86.4%  82.8%  84.6%  80.3%  84.1%  86.6%  85.1%  86.8%  83.0%  88.1%   0.0%   0.0%   0.0%   0.0%   0.0%   0.0%   0.0%   0.0% 	Avg.: 84.5% 
	 82.4%  81.8%  84.4%  80.4%  85.2%  81.5%  85.1%  86.1%  83.0%  84.7%  82.5%  83.0%  88.7%   0.0%   0.0%   0.0%   0.0%   0.0%   0.0%   0.0% 	Avg.: 83.8% 
	 82.8%  81.9%  81.2%  83.0%  83.6%  80.9%  84.8%  84.3%  85.5%  87.0%  83.0%  84.9%  86.9%  94.2%   0.0%   0.0%   0.0%   0.0%   0.0%   0.0% 	Avg.: 84.6% 
	 81.6%  81.7%  81.3%  81.9%  82.0%  79.8%  87.0%  85.6%  82.7%  85.8%  81.9%  85.6%  85.3%  92.4%  91.5%   0.0%   0.0%   0.0%   0.0%   0.0% 	Avg.: 84.4% 
	 81.7%  84.7%  85.5%  80.9%  83.2%  80.8%  87.3%  83.8%  86.4%  85.6%  82.2%  86.0%  84.6%  91.6%  90.2%  87.6%   0.0%   0.0%   0.0%   0.0% 	Avg.: 85.1% 
	 82.7%  83.8%  81.1%  80.5%  83.1%  79.2%  82.5%  82.2%  86.1%  84.4%  84.0%  85.5%  82.5%  92.9%  89.0%  87.8%  77.6%   0.0%   0.0%   0.0% 	Avg.: 83.8% 
	 82.8%  83.4%  81.9%  80.8%  83.4%  82.1%  83.6%  84.7%  84.0%  84.5%  82.4%  84.0%  86.9%  93.2%  89.4%  86.0%  74.9%  89.8%   0.0%   0.0% 	Avg.: 84.3% 
	 81.7%  83.2%  85.9%  79.7%  82.8%  81.3%  85.2%  84.8%  84.0%  82.4%  82.5%  84.3%  86.5%  91.9%  87.8%  84.8%  73.2%  86.4%  84.6%   0.0% 	Avg.: 83.8% 
	 83.7%  82.5%  87.3%  82.5%  84.0%  81.1%  88.2%  87.2%  85.6%  86.8%  82.8%  87.7%  85.2%  92.5%  89.8%  87.0%  73.6%  87.6%  81.8%  87.2% 	Avg.: 85.2% 
************************************************************************************************************
TAg Acc
	 80.5%   0.0%   0.0%   0.0%   0.0%   0.0%   0.0%   0.0%   0.0%   0.0%   0.0%   0.0%   0.0%   0.0%   0.0%   0.0%   0.0%   0.0%   0.0%   0.0% 	Avg.: 80.5% 
	 73.0%  65.3%   0.0%   0.0%   0.0%   0.0%   0.0%   0.0%   0.0%   0.0%   0.0%   0.0%   0.0%   0.0%   0.0%   0.0%   0.0%   0.0%   0.0%   0.0% 	Avg.: 69.2% 
	 62.6%  56.5%  62.6%   0.0%   0.0%   0.0%   0.0%   0.0%   0.0%   0.0%   0.0%   0.0%   0.0%   0.0%   0.0%   0.0%   0.0%   0.0%   0.0%   0.0% 	Avg.: 60.6% 
	 65.0%  61.7%  48.1%  48.2%   0.0%   0.0%   0.0%   0.0%   0.0%   0.0%   0.0%   0.0%   0.0%   0.0%   0.0%   0.0%   0.0%   0.0%   0.0%   0.0% 	Avg.: 55.8% 
	 63.0%  62.4%  49.7%  45.8%  44.8%   0.0%   0.0%   0.0%   0.0%   0.0%   0.0%   0.0%   0.0%   0.0%   0.0%   0.0%   0.0%   0.0%   0.0%   0.0% 	Avg.: 53.1% 
	 59.5%  56.5%  53.7%  43.6%  42.8%  38.5%   0.0%   0.0%   0.0%   0.0%   0.0%   0.0%   0.0%   0.0%   0.0%   0.0%   0.0%   0.0%   0.0%   0.0% 	Avg.: 49.1% 
	 53.5%  52.2%  46.5%  40.0%  40.0%  33.7%  48.7%   0.0%   0.0%   0.0%   0.0%   0.0%   0.0%   0.0%   0.0%   0.0%   0.0%   0.0%   0.0%   0.0% 	Avg.: 44.9% 
	 56.1%  55.5%  41.3%  37.4%  40.3%  36.3%  40.4%  43.6%   0.0%   0.0%   0.0%   0.0%   0.0%   0.0%   0.0%   0.0%   0.0%   0.0%   0.0%   0.0% 	Avg.: 43.9% 
	 57.3%  55.9%  54.5%  38.8%  40.7%  36.4%  40.3%  35.0%  38.5%   0.0%   0.0%   0.0%   0.0%   0.0%   0.0%   0.0%   0.0%   0.0%   0.0%   0.0% 	Avg.: 44.2% 
	 56.2%  56.8%  41.3%  44.1%  43.5%  33.8%  38.5%  34.3%  42.4%  45.5%   0.0%   0.0%   0.0%   0.0%   0.0%   0.0%   0.0%   0.0%   0.0%   0.0% 	Avg.: 43.6% 
	 58.3%  54.3%  47.9%  38.7%  39.9%  37.2%  31.9%  31.6%  41.0%  42.2%  28.8%   0.0%   0.0%   0.0%   0.0%   0.0%   0.0%   0.0%   0.0%   0.0% 	Avg.: 41.1% 
	 53.5%  53.4%  49.4%  38.3%  39.0%  38.2%  34.3%  34.1%  44.2%  41.8%  24.8%  25.7%   0.0%   0.0%   0.0%   0.0%   0.0%   0.0%   0.0%   0.0% 	Avg.: 39.7% 
	 52.5%  57.5%  47.4%  40.1%  38.3%  37.7%  30.9%  35.8%  40.4%  40.1%  23.5%  22.9%  31.7%   0.0%   0.0%   0.0%   0.0%   0.0%   0.0%   0.0% 	Avg.: 38.4% 
	 55.0%  56.0%  49.0%  39.9%  39.0%  36.2%  38.9%  31.2%  42.0%  41.8%  24.8%  21.9%  23.1%  22.7%   0.0%   0.0%   0.0%   0.0%   0.0%   0.0% 	Avg.: 37.2% 
	 52.9%  51.1%  49.0%  37.0%  31.1%  36.3%  43.6%  33.0%  42.8%  38.4%  24.5%  21.4%  20.8%  17.2%  19.8%   0.0%   0.0%   0.0%   0.0%   0.0% 	Avg.: 34.6% 
	 55.9%  58.8%  46.6%  37.7%  36.8%  34.4%  41.4%  30.8%  44.3%  37.0%  22.7%  21.2%  18.9%  15.1%  14.8%  34.5%   0.0%   0.0%   0.0%   0.0% 	Avg.: 34.4% 
	 57.6%  57.1%  51.5%  37.0%  38.1%  36.9%  33.9%  27.5%  39.7%  35.1%  29.1%  21.6%  17.7%  19.2%  12.0%  37.9%  14.5%   0.0%   0.0%   0.0% 	Avg.: 33.3% 
	 54.0%  55.2%  49.5%  36.8%  34.7%  38.7%  30.8%  30.5%  38.0%  32.1%  25.5%  21.9%  25.8%  14.3%  12.3%  35.4%  12.2%  22.9%   0.0%   0.0% 	Avg.: 31.7% 
	 51.2%  55.6%  48.2%  29.2%  33.9%  36.3%  31.5%  33.9%  37.2%  30.7%  22.5%  22.3%  24.6%  13.1%  10.8%  33.8%  11.9%  20.3%   5.9%   0.0% 	Avg.: 29.1% 
	 54.0%  53.3%  49.2%  36.9%  34.3%  38.5%  38.5%  36.7%  41.0%  35.5%  24.1%  24.0%  23.1%  15.3%  15.8%  39.9%  12.4%  18.8%   4.8%  22.8% 	Avg.: 30.9% 
************************************************************************************************************
TAw Forg
	  0.0%   0.0%   0.0%   0.0%   0.0%   0.0%   0.0%   0.0%   0.0%   0.0%   0.0%   0.0%   0.0%   0.0%   0.0%   0.0%   0.0%   0.0%   0.0%   0.0% 
	 -2.1%   0.0%   0.0%   0.0%   0.0%   0.0%   0.0%   0.0%   0.0%   0.0%   0.0%   0.0%   0.0%   0.0%   0.0%   0.0%   0.0%   0.0%   0.0%   0.0% 	Avg.: -2.1% 
	  3.6%   3.4%   0.0%   0.0%   0.0%   0.0%   0.0%   0.0%   0.0%   0.0%   0.0%   0.0%   0.0%   0.0%   0.0%   0.0%   0.0%   0.0%   0.0%   0.0% 	Avg.:  3.5% 
	  1.2%   2.5%   0.6%   0.0%   0.0%   0.0%   0.0%   0.0%   0.0%   0.0%   0.0%   0.0%   0.0%   0.0%   0.0%   0.0%   0.0%   0.0%   0.0%   0.0% 	Avg.:  1.4% 
	  0.9%   0.4%   0.9%   1.6%   0.0%   0.0%   0.0%   0.0%   0.0%   0.0%   0.0%   0.0%   0.0%   0.0%   0.0%   0.0%   0.0%   0.0%   0.0%   0.0% 	Avg.:  1.0% 
	  0.2%   0.9%  -0.3%   2.2%   0.3%   0.0%   0.0%   0.0%   0.0%   0.0%   0.0%   0.0%   0.0%   0.0%   0.0%   0.0%   0.0%   0.0%   0.0%   0.0% 	Avg.:  0.7% 
	  3.2%   4.3%   2.3%   4.4%   2.8%   3.9%   0.0%   0.0%   0.0%   0.0%   0.0%   0.0%   0.0%   0.0%   0.0%   0.0%   0.0%   0.0%   0.0%   0.0% 	Avg.:  3.5% 
	  2.1%   2.5%   0.3%   3.0%   2.3%   1.7%   0.8%   0.0%   0.0%   0.0%   0.0%   0.0%   0.0%   0.0%   0.0%   0.0%   0.0%   0.0%   0.0%   0.0% 	Avg.:  1.8% 
	  0.7%   0.1%   0.3%   3.5%   2.9%   3.8%   0.2%   2.5%   0.0%   0.0%   0.0%   0.0%   0.0%   0.0%   0.0%   0.0%   0.0%   0.0%   0.0%   0.0% 	Avg.:  1.8% 
	  2.1%   1.5%   2.3%   1.1%   0.6%   2.4%   2.5%   1.4%   2.1%   0.0%   0.0%   0.0%   0.0%   0.0%   0.0%   0.0%   0.0%   0.0%   0.0%   0.0% 	Avg.:  1.8% 
	  0.5%   1.6%   3.2%   1.8%   1.2%   2.2%   4.7%   2.8%   2.1%   1.0%   0.0%   0.0%   0.0%   0.0%   0.0%   0.0%   0.0%   0.0%   0.0%   0.0% 	Avg.:  2.1% 
	 -0.4%   0.7%   0.3%   1.4%   0.4%   2.3%   3.6%   1.3%   1.0%   1.2%   2.0%   0.0%   0.0%   0.0%   0.0%   0.0%   0.0%   0.0%   0.0%   0.0% 	Avg.:  1.3% 
	  0.6%   1.7%   2.3%   3.8%  -0.2%   1.1%   2.6%   1.8%   3.1%   3.3%   2.5%   5.1%   0.0%   0.0%   0.0%   0.0%   0.0%   0.0%   0.0%   0.0% 	Avg.:  2.3% 
	  0.2%   1.6%   5.5%   1.2%   1.6%   1.7%   2.9%   3.6%   0.6%   1.0%   2.0%   3.2%   1.8%   0.0%   0.0%   0.0%   0.0%   0.0%   0.0%   0.0% 	Avg.:  2.1% 
	  1.4%   1.8%   5.4%   2.3%   3.2%   2.8%   0.7%   2.3%   3.4%   2.2%   3.1%   2.5%   3.4%   1.8%   0.0%   0.0%   0.0%   0.0%   0.0%   0.0% 	Avg.:  2.6% 
	  1.3%  -1.2%   1.2%   3.3%   2.0%   1.8%   0.4%   4.1%  -0.3%   2.4%   2.8%   2.1%   4.1%   2.6%   1.3%   0.0%   0.0%   0.0%   0.0%   0.0% 	Avg.:  1.9% 
	  0.3%   0.9%   5.6%   3.7%   2.1%   3.4%   5.2%   5.7%   0.3%   3.6%   1.0%   2.6%   6.2%   1.3%   2.5%  -0.2%   0.0%   0.0%   0.0%   0.0% 	Avg.:  2.8% 
	  0.2%   1.3%   4.8%   3.4%   1.8%   0.5%   4.1%   3.2%   2.4%   3.5%   2.6%   4.1%   1.8%   1.0%   2.1%   1.8%   2.7%   0.0%   0.0%   0.0% 	Avg.:  2.4% 
	  1.3%   1.5%   0.8%   4.5%   2.4%   1.3%   2.5%   3.1%   2.4%   5.6%   2.5%   3.8%   2.2%   2.3%   3.7%   3.0%   4.4%   3.4%   0.0%   0.0% 	Avg.:  2.8% 
	 -0.7%   2.2%  -0.6%   1.7%   1.2%   1.5%  -0.5%   0.7%   0.8%   1.2%   2.2%   0.4%   3.5%   1.7%   1.7%   0.8%   4.0%   2.2%   2.8%   0.0% 	Avg.:  1.4% 
************************************************************************************************************
TAg Forg
	  0.0%   0.0%   0.0%   0.0%   0.0%   0.0%   0.0%   0.0%   0.0%   0.0%   0.0%   0.0%   0.0%   0.0%   0.0%   0.0%   0.0%   0.0%   0.0%   0.0% 
	  7.5%   0.0%   0.0%   0.0%   0.0%   0.0%   0.0%   0.0%   0.0%   0.0%   0.0%   0.0%   0.0%   0.0%   0.0%   0.0%   0.0%   0.0%   0.0%   0.0% 	Avg.:  7.5% 
	 17.9%   8.8%   0.0%   0.0%   0.0%   0.0%   0.0%   0.0%   0.0%   0.0%   0.0%   0.0%   0.0%   0.0%   0.0%   0.0%   0.0%   0.0%   0.0%   0.0% 	Avg.: 13.4% 
	 15.5%   3.6%  14.5%   0.0%   0.0%   0.0%   0.0%   0.0%   0.0%   0.0%   0.0%   0.0%   0.0%   0.0%   0.0%   0.0%   0.0%   0.0%   0.0%   0.0% 	Avg.: 11.2% 
	 17.5%   2.9%  12.9%   2.4%   0.0%   0.0%   0.0%   0.0%   0.0%   0.0%   0.0%   0.0%   0.0%   0.0%   0.0%   0.0%   0.0%   0.0%   0.0%   0.0% 	Avg.:  8.9% 
	 21.0%   8.8%   8.9%   4.6%   2.0%   0.0%   0.0%   0.0%   0.0%   0.0%   0.0%   0.0%   0.0%   0.0%   0.0%   0.0%   0.0%   0.0%   0.0%   0.0% 	Avg.:  9.1% 
	 27.0%  13.1%  16.1%   8.2%   4.8%   4.8%   0.0%   0.0%   0.0%   0.0%   0.0%   0.0%   0.0%   0.0%   0.0%   0.0%   0.0%   0.0%   0.0%   0.0% 	Avg.: 12.3% 
	 24.4%   9.8%  21.3%  10.8%   4.5%   2.2%   8.3%   0.0%   0.0%   0.0%   0.0%   0.0%   0.0%   0.0%   0.0%   0.0%   0.0%   0.0%   0.0%   0.0% 	Avg.: 11.6% 
	 23.2%   9.4%   8.1%   9.4%   4.1%   2.1%   8.4%   8.6%   0.0%   0.0%   0.0%   0.0%   0.0%   0.0%   0.0%   0.0%   0.0%   0.0%   0.0%   0.0% 	Avg.:  9.2% 
	 24.3%   8.5%  21.3%   4.1%   1.3%   4.7%  10.2%   9.3%  -3.9%   0.0%   0.0%   0.0%   0.0%   0.0%   0.0%   0.0%   0.0%   0.0%   0.0%   0.0% 	Avg.:  8.9% 
	 22.2%  11.0%  14.7%   9.5%   4.9%   1.3%  16.8%  12.0%   1.4%   3.3%   0.0%   0.0%   0.0%   0.0%   0.0%   0.0%   0.0%   0.0%   0.0%   0.0% 	Avg.:  9.7% 
	 27.0%  11.9%  13.2%   9.9%   5.8%   0.3%  14.4%   9.5%  -1.8%   3.7%   4.0%   0.0%   0.0%   0.0%   0.0%   0.0%   0.0%   0.0%   0.0%   0.0% 	Avg.:  8.9% 
	 28.0%   7.8%  15.2%   8.1%   6.5%   0.8%  17.8%   7.8%   3.8%   5.4%   5.3%   2.8%   0.0%   0.0%   0.0%   0.0%   0.0%   0.0%   0.0%   0.0% 	Avg.:  9.1% 
	 25.5%   9.3%  13.6%   8.3%   5.8%   2.3%   9.8%  12.4%   2.2%   3.7%   4.0%   3.8%   8.6%   0.0%   0.0%   0.0%   0.0%   0.0%   0.0%   0.0% 	Avg.:  8.4% 
	 27.6%  14.2%  13.6%  11.2%  13.7%   2.2%   5.1%  10.6%   1.4%   7.1%   4.3%   4.3%  10.9%   5.5%   0.0%   0.0%   0.0%   0.0%   0.0%   0.0% 	Avg.:  9.4% 
	 24.6%   6.5%  16.0%  10.5%   8.0%   4.1%   7.3%  12.8%  -0.1%   8.5%   6.1%   4.5%  12.8%   7.6%   5.0%   0.0%   0.0%   0.0%   0.0%   0.0% 	Avg.:  8.9% 
	 22.9%   8.2%  11.1%  11.2%   6.7%   1.6%  14.8%  16.1%   4.6%  10.4%  -0.3%   4.1%  14.0%   3.5%   7.8%  -3.4%   0.0%   0.0%   0.0%   0.0% 	Avg.:  8.3% 
	 26.5%  10.1%  13.1%  11.4%  10.1%  -0.2%  17.9%  13.1%   6.3%  13.4%   3.6%   3.8%   5.9%   8.4%   7.5%   2.5%   2.3%   0.0%   0.0%   0.0% 	Avg.:  9.2% 
	 29.3%   9.7%  14.4%  19.0%  10.9%   2.4%  17.2%   9.7%   7.1%  14.8%   6.6%   3.4%   7.1%   9.6%   9.0%   4.1%   2.6%   2.6%   0.0%   0.0% 	Avg.: 10.0% 
	 26.5%  12.0%  13.4%  11.3%  10.5%   0.2%  10.2%   6.9%   3.3%  10.0%   5.0%   1.7%   8.6%   7.4%   4.0%  -2.0%   2.1%   4.1%   1.1%   0.0% 	Avg.:  7.2% 
************************************************************************************************************
[Elapsed time = 0.4 h]
Done!
