START_TASK=4 STOP_TASK=5
============================================================================================================
Arguments =
	all_outputs: False
	approach: hydra
	batch_size: 64
	classes_first_task: None
	clipping: 10000
	crop: 224
	dataset: cifar100
	distilled: True
	eval_on_train: False
	experiment_path: None
	fix_bn: False
	freeze_backbone: False
	gpu: 0
	gpus: [0]
	increment: 10
	last_layer_analysis: False
	log: ['disk']
	lr: 0.01
	lr_factor: None
	lr_min: 0.0001
	lr_patience: None
	lr_scheduler: cosine
	lr_warmup_epochs: 0
	momentum: 0.0
	multi_softmax: False
	nepochs: 50
	network: deit_base_distilled_patch16_224_cil
	no_cudnn_deterministic: False
	normalize: in1k
	num_workers: 2
	optimizer_name: sgd
	pin_memory: False
	pretrained: True
	resize: 224
	results_path: ./results
	save_models: True
	seed: 0
	start_at_task: 4
	start_epoch: 0
	stop_at_task: 5
	stop_epoch: 0
	use_valid_only: False
	warmup_lr_factor: 1.0
	warmup_nepochs: 0
	weight_decay: 0.0
============================================================================================================
Approach arguments =
	T: 2
	lamb: 1.0
	lamb_cos: 1.0
	lamb_dist: 1.0
	lamb_dist_kd: 1.0
============================================================================================================
Exemplars arguments =
============================================================================================================
WARNING: ./results/deit_base_distilled_patch16_224_cil/cifar100/hydra/10 already exists!
Loaded acc_taw from: ./results/deit_base_distilled_patch16_224_cil/cifar100/hydra/10/acc_taw-3.txt
Loaded acc_tag from: ./results/deit_base_distilled_patch16_224_cil/cifar100/hydra/10/acc_tag-3.txt
Loaded forg_taw from: ./results/deit_base_distilled_patch16_224_cil/cifar100/hydra/10/forg_taw-3.txt
Loaded forg_tag from: ./results/deit_base_distilled_patch16_224_cil/cifar100/hydra/10/forg_tag-3.txt
************************************************************************************************************
Task  4  [epochs 0-50]
************************************************************************************************************
[params] total:87,415,092  trainable:87,392,022  tensors:175  trainable_tensors:169
| Epoch   1, time= 43.5s | Train: skip eval | Valid: time=  2.7s loss=5.870, TAw acc= 97.0% | * lr=1.0e-02
| Epoch   2, time= 42.9s | Train: skip eval | Valid: time=  2.7s loss=5.785, TAw acc= 98.0% | * lr=1.0e-02
| Epoch   3, time= 43.0s | Train: skip eval | Valid: time=  2.7s loss=5.733, TAw acc= 98.4% | * lr=9.9e-03
| Epoch   4, time= 43.1s | Train: skip eval | Valid: time=  2.7s loss=5.713, TAw acc= 99.0% | * lr=9.8e-03
| Epoch   5, time= 43.3s | Train: skip eval | Valid: time=  2.7s loss=5.714, TAw acc= 98.6% | lr=9.8e-03
| Epoch   6, time= 43.4s | Train: skip eval | Valid: time=  2.7s loss=5.712, TAw acc= 98.4% | * lr=9.7e-03
| Epoch   7, time= 43.4s | Train: skip eval | Valid: time=  2.7s loss=5.734, TAw acc= 98.4% | lr=9.5e-03
| Epoch   8, time= 43.3s | Train: skip eval | Valid: time=  2.7s loss=5.683, TAw acc= 98.8% | * lr=9.4e-03
| Epoch   9, time= 43.3s | Train: skip eval | Valid: time=  2.7s loss=5.695, TAw acc= 98.6% | lr=9.2e-03
| Epoch  10, time= 43.4s | Train: skip eval | Valid: time=  2.8s loss=5.696, TAw acc= 98.6% | lr=9.1e-03
| Epoch  11, time= 43.4s | Train: skip eval | Valid: time=  2.7s loss=5.700, TAw acc= 98.6% | lr=8.9e-03
| Epoch  12, time= 43.4s | Train: skip eval | Valid: time=  2.8s loss=5.702, TAw acc= 98.8% | lr=8.7e-03
| Epoch  13, time= 43.4s | Train: skip eval | Valid: time=  2.7s loss=5.688, TAw acc= 98.8% | lr=8.4e-03
| Epoch  14, time= 43.4s | Train: skip eval | Valid: time=  2.7s loss=5.679, TAw acc= 98.6% | * lr=8.2e-03
| Epoch  15, time= 43.3s | Train: skip eval | Valid: time=  2.7s loss=5.673, TAw acc= 98.8% | * lr=8.0e-03
| Epoch  16, time= 43.3s | Train: skip eval | Valid: time=  2.7s loss=5.682, TAw acc= 98.8% | lr=7.7e-03
| Epoch  17, time= 43.6s | Train: skip eval | Valid: time=  3.3s loss=5.684, TAw acc= 98.6% | lr=7.4e-03
| Epoch  18, time= 44.0s | Train: skip eval | Valid: time=  2.7s loss=5.685, TAw acc= 99.0% | lr=7.2e-03
| Epoch  19, time= 43.5s | Train: skip eval | Valid: time=  2.7s loss=5.676, TAw acc= 98.6% | lr=6.9e-03
| Epoch  20, time= 43.4s | Train: skip eval | Valid: time=  2.7s loss=5.670, TAw acc= 98.6% | * lr=6.6e-03
| Epoch  21, time= 43.4s | Train: skip eval | Valid: time=  2.7s loss=5.669, TAw acc= 99.0% | * lr=6.3e-03
| Epoch  22, time= 43.3s | Train: skip eval | Valid: time=  2.7s loss=5.705, TAw acc= 98.2% | lr=6.0e-03
| Epoch  23, time= 43.3s | Train: skip eval | Valid: time=  2.7s loss=5.671, TAw acc= 98.8% | lr=5.7e-03
| Epoch  24, time= 43.4s | Train: skip eval | Valid: time=  2.7s loss=5.673, TAw acc= 98.4% | lr=5.4e-03
| Epoch  25, time= 43.3s | Train: skip eval | Valid: time=  2.8s loss=5.667, TAw acc= 98.4% | * lr=5.1e-03
| Epoch  26, time= 43.4s | Train: skip eval | Valid: time=  2.7s loss=5.677, TAw acc= 98.4% | lr=4.7e-03
| Epoch  27, time= 43.4s | Train: skip eval | Valid: time=  2.7s loss=5.668, TAw acc= 98.4% | lr=4.4e-03
| Epoch  28, time= 43.2s | Train: skip eval | Valid: time=  2.7s loss=5.662, TAw acc= 98.6% | * lr=4.1e-03
| Epoch  29, time= 43.3s | Train: skip eval | Valid: time=  2.8s loss=5.667, TAw acc= 98.4% | lr=3.8e-03
| Epoch  30, time= 43.3s | Train: skip eval | Valid: time=  2.7s loss=5.663, TAw acc= 98.4% | lr=3.5e-03
| Epoch  31, time= 43.4s | Train: skip eval | Valid: time=  2.7s loss=5.668, TAw acc= 98.4% | lr=3.2e-03
| Epoch  32, time= 43.4s | Train: skip eval | Valid: time=  2.7s loss=5.664, TAw acc= 98.6% | lr=2.9e-03
| Epoch  33, time= 43.4s | Train: skip eval | Valid: time=  2.7s loss=5.664, TAw acc= 98.6% | lr=2.7e-03
| Epoch  34, time= 43.3s | Train: skip eval | Valid: time=  2.7s loss=5.660, TAw acc= 98.4% | * lr=2.4e-03
| Epoch  35, time= 43.4s | Train: skip eval | Valid: time=  2.7s loss=5.660, TAw acc= 98.4% | lr=2.1e-03
| Epoch  36, time= 43.3s | Train: skip eval | Valid: time=  2.7s loss=5.663, TAw acc= 98.4% | lr=1.9e-03
| Epoch  37, time= 43.4s | Train: skip eval | Valid: time=  2.7s loss=5.659, TAw acc= 98.6% | * lr=1.7e-03
| Epoch  38, time= 43.4s | Train: skip eval | Valid: time=  2.7s loss=5.661, TAw acc= 98.6% | lr=1.4e-03
| Epoch  39, time= 43.4s | Train: skip eval | Valid: time=  2.7s loss=5.663, TAw acc= 98.6% | lr=1.2e-03
| Epoch  40, time= 43.5s | Train: skip eval | Valid: time=  2.7s loss=5.660, TAw acc= 98.6% | lr=1.0e-03
| Epoch  41, time= 43.3s | Train: skip eval | Valid: time=  2.7s loss=5.660, TAw acc= 98.6% | lr=8.7e-04
| Epoch  42, time= 43.4s | Train: skip eval | Valid: time=  2.7s loss=5.659, TAw acc= 98.6% | * lr=7.1e-04
| Epoch  43, time= 43.4s | Train: skip eval | Valid: time=  2.7s loss=5.658, TAw acc= 98.6% | * lr=5.7e-04
| Epoch  44, time= 43.4s | Train: skip eval | Valid: time=  2.7s loss=5.660, TAw acc= 98.6% | lr=4.5e-04
| Epoch  45, time= 43.5s | Train: skip eval | Valid: time=  2.8s loss=5.660, TAw acc= 98.6% | lr=3.4e-04
| Epoch  46, time= 43.4s | Train: skip eval | Valid: time=  2.7s loss=5.660, TAw acc= 98.6% | lr=2.6e-04
| Epoch  47, time= 43.4s | Train: skip eval | Valid: time=  2.7s loss=5.659, TAw acc= 98.6% | lr=1.9e-04
| Epoch  48, time= 43.4s | Train: skip eval | Valid: time=  2.7s loss=5.660, TAw acc= 98.6% | lr=1.4e-04
| Epoch  49, time= 43.4s | Train: skip eval | Valid: time=  2.7s loss=5.660, TAw acc= 98.6% | lr=1.1e-04
| Epoch  50, time= 43.5s | Train: skip eval | Valid: time=  2.7s loss=5.660, TAw acc= 98.6% | lr=1.0e-04
------------------------------------------------------------------------------------------------------------
>>> Test on task  0 : loss=0.183 | TAw acc= 96.8%, forg=  0.1% | TAg acc= 92.2%, forg=  4.7% <<<
>>> Test on task  1 : loss=3.203 | TAw acc= 98.8%, forg=  0.2% | TAg acc= 88.4%, forg=  0.3% <<<
>>> Test on task  2 : loss=4.107 | TAw acc= 99.0%, forg=  0.1% | TAg acc= 89.2%, forg=  0.6% <<<
>>> Test on task  3 : loss=5.291 | TAw acc= 95.6%, forg=  0.4% | TAg acc= 83.7%, forg=  0.0% <<<
>>> Test on task  4 : loss=5.676 | TAw acc= 98.2%, forg=  0.0% | TAg acc= 89.0%, forg=  0.0% <<<
Save at ./results/./results/deit_base_distilled_patch16_224_cil/cifar100/hydra/10
************************************************************************************************************
TAw Acc
	 96.9%   0.0%   0.0%   0.0%   0.0%   0.0%   0.0%   0.0%   0.0%   0.0% 	Avg.: 96.9% 
	 96.7%  99.0%   0.0%   0.0%   0.0%   0.0%   0.0%   0.0%   0.0%   0.0% 	Avg.: 97.8% 
	 96.6%  98.8%  98.9%   0.0%   0.0%   0.0%   0.0%   0.0%   0.0%   0.0% 	Avg.: 98.1% 
	 96.8%  98.9%  99.1%  96.0%   0.0%   0.0%   0.0%   0.0%   0.0%   0.0% 	Avg.: 97.7% 
	 96.8%  98.8%  99.0%  95.6%  98.2%   0.0%   0.0%   0.0%   0.0%   0.0% 	Avg.: 97.7% 
	  0.0%   0.0%   0.0%   0.0%   0.0%   0.0%   0.0%   0.0%   0.0%   0.0% 	Avg.:  0.0% 
	  0.0%   0.0%   0.0%   0.0%   0.0%   0.0%   0.0%   0.0%   0.0%   0.0% 	Avg.:  0.0% 
	  0.0%   0.0%   0.0%   0.0%   0.0%   0.0%   0.0%   0.0%   0.0%   0.0% 	Avg.:  0.0% 
	  0.0%   0.0%   0.0%   0.0%   0.0%   0.0%   0.0%   0.0%   0.0%   0.0% 	Avg.:  0.0% 
	  0.0%   0.0%   0.0%   0.0%   0.0%   0.0%   0.0%   0.0%   0.0%   0.0% 	Avg.:  0.0% 
************************************************************************************************************
TAg Acc
	 96.9%   0.0%   0.0%   0.0%   0.0%   0.0%   0.0%   0.0%   0.0%   0.0% 	Avg.: 96.9% 
	 95.2%  88.1%   0.0%   0.0%   0.0%   0.0%   0.0%   0.0%   0.0%   0.0% 	Avg.: 91.6% 
	 94.0%  87.9%  89.8%   0.0%   0.0%   0.0%   0.0%   0.0%   0.0%   0.0% 	Avg.: 90.6% 
	 93.3%  88.7%  89.8%  83.7%   0.0%   0.0%   0.0%   0.0%   0.0%   0.0% 	Avg.: 88.9% 
	 92.2%  88.4%  89.2%  83.7%  89.0%   0.0%   0.0%   0.0%   0.0%   0.0% 	Avg.: 88.5% 
	  0.0%   0.0%   0.0%   0.0%   0.0%   0.0%   0.0%   0.0%   0.0%   0.0% 	Avg.:  0.0% 
	  0.0%   0.0%   0.0%   0.0%   0.0%   0.0%   0.0%   0.0%   0.0%   0.0% 	Avg.:  0.0% 
	  0.0%   0.0%   0.0%   0.0%   0.0%   0.0%   0.0%   0.0%   0.0%   0.0% 	Avg.:  0.0% 
	  0.0%   0.0%   0.0%   0.0%   0.0%   0.0%   0.0%   0.0%   0.0%   0.0% 	Avg.:  0.0% 
	  0.0%   0.0%   0.0%   0.0%   0.0%   0.0%   0.0%   0.0%   0.0%   0.0% 	Avg.:  0.0% 
************************************************************************************************************
TAw Forg
	  0.0%   0.0%   0.0%   0.0%   0.0%   0.0%   0.0%   0.0%   0.0%   0.0% 
	  0.2%   0.0%   0.0%   0.0%   0.0%   0.0%   0.0%   0.0%   0.0%   0.0% 	Avg.:  0.2% 
	  0.3%   0.2%   0.0%   0.0%   0.0%   0.0%   0.0%   0.0%   0.0%   0.0% 	Avg.:  0.2% 
	  0.1%   0.1%  -0.2%   0.0%   0.0%   0.0%   0.0%   0.0%   0.0%   0.0% 	Avg.:  0.0% 
	  0.1%   0.2%   0.1%   0.4%   0.0%   0.0%   0.0%   0.0%   0.0%   0.0% 	Avg.:  0.2% 
	  0.0%   0.0%   0.0%   0.0%   0.0%   0.0%   0.0%   0.0%   0.0%   0.0% 	Avg.:  0.0% 
	  0.0%   0.0%   0.0%   0.0%   0.0%   0.0%   0.0%   0.0%   0.0%   0.0% 	Avg.:  0.0% 
	  0.0%   0.0%   0.0%   0.0%   0.0%   0.0%   0.0%   0.0%   0.0%   0.0% 	Avg.:  0.0% 
	  0.0%   0.0%   0.0%   0.0%   0.0%   0.0%   0.0%   0.0%   0.0%   0.0% 	Avg.:  0.0% 
	  0.0%   0.0%   0.0%   0.0%   0.0%   0.0%   0.0%   0.0%   0.0%   0.0% 	Avg.:  0.0% 
************************************************************************************************************
TAg Forg
	  0.0%   0.0%   0.0%   0.0%   0.0%   0.0%   0.0%   0.0%   0.0%   0.0% 
	  1.7%   0.0%   0.0%   0.0%   0.0%   0.0%   0.0%   0.0%   0.0%   0.0% 	Avg.:  1.7% 
	  2.9%   0.2%   0.0%   0.0%   0.0%   0.0%   0.0%   0.0%   0.0%   0.0% 	Avg.:  1.5% 
	  3.6%  -0.6%   0.0%   0.0%   0.0%   0.0%   0.0%   0.0%   0.0%   0.0% 	Avg.:  1.0% 
	  4.7%   0.3%   0.6%   0.0%   0.0%   0.0%   0.0%   0.0%   0.0%   0.0% 	Avg.:  1.4% 
	  0.0%   0.0%   0.0%   0.0%   0.0%   0.0%   0.0%   0.0%   0.0%   0.0% 	Avg.:  0.0% 
	  0.0%   0.0%   0.0%   0.0%   0.0%   0.0%   0.0%   0.0%   0.0%   0.0% 	Avg.:  0.0% 
	  0.0%   0.0%   0.0%   0.0%   0.0%   0.0%   0.0%   0.0%   0.0%   0.0% 	Avg.:  0.0% 
	  0.0%   0.0%   0.0%   0.0%   0.0%   0.0%   0.0%   0.0%   0.0%   0.0% 	Avg.:  0.0% 
	  0.0%   0.0%   0.0%   0.0%   0.0%   0.0%   0.0%   0.0%   0.0%   0.0% 	Avg.:  0.0% 
************************************************************************************************************
[Elapsed time = 0.6 h]
Done!
