START_TASK=2 STOP_TASK=3
============================================================================================================
Arguments =
	all_outputs: False
	approach: icarl
	batch_size: 64
	classes_first_task: None
	clipping: 10000
	crop: 224
	data_path: ../data/inat200
	dataset: inat200
	eval_on_train: False
	experiment_path: None
	fix_bn: False
	freeze_backbone: False
	gpu: 0
	gpus: [0]
	increment: 10
	last_layer_analysis: False
	log: ['disk']
	lr: 0.01
	lr_factor: None
	lr_min: 0.0001
	lr_patience: None
	lr_scheduler: cosine
	lr_warmup_epochs: 0
	momentum: 0.0
	multi_softmax: False
	nepochs: 90
	network: vit_small_patch16_224.augreg_in1k
	no_cudnn_deterministic: False
	normalize: in1k
	num_workers: 2
	optimizer_name: sgd
	pin_memory: False
	pretrained: True
	resize: 224
	results_path: ./results
	save_models: True
	seed: 0
	start_at_task: 2
	start_epoch: 0
	stop_at_task: 3
	stop_epoch: 0
	use_valid_only: False
	warmup_lr_factor: 1.0
	warmup_nepochs: 0
	weight_decay: 0.0
============================================================================================================
Approach arguments =
	lamb: 1.0
============================================================================================================
Exemplars arguments =
	exemplar_selection: random
	num_exemplars: 4000
============================================================================================================
WARNING: ./results/vit_small_patch16_224.augreg_in1k/inat200/icarl/10 already exists!
Loaded acc_taw from: ./results/vit_small_patch16_224.augreg_in1k/inat200/icarl/10/acc_taw-1.txt
Loaded acc_tag from: ./results/vit_small_patch16_224.augreg_in1k/inat200/icarl/10/acc_tag-1.txt
Loaded forg_taw from: ./results/vit_small_patch16_224.augreg_in1k/inat200/icarl/10/forg_taw-1.txt
Loaded forg_tag from: ./results/vit_small_patch16_224.augreg_in1k/inat200/icarl/10/forg_tag-1.txt
Loaded 4000 exemplars from ./results/vit_small_patch16_224.augreg_in1k/inat200/icarl/10/task1_exemplars.pth
Loaded 20 exemplar means from ./results/vit_small_patch16_224.augreg_in1k/inat200/icarl/10/task1_exemplar_means.pth
************************************************************************************************************
Task  2  [epochs 0-90]
************************************************************************************************************
[params] total:21,677,214  trainable:21,677,214  tensors:156  trainable_tensors:156
| Epoch   1, time= 33.8s | Train: skip eval | Valid: time=  2.5s loss=8.196, TAw acc= 88.5% | * lr=1.0e-02
| Epoch   2, time= 36.1s | Train: skip eval | Valid: time=  2.2s loss=7.939, TAw acc= 88.8% | * lr=1.0e-02
| Epoch   3, time= 29.2s | Train: skip eval | Valid: time=  2.1s loss=7.916, TAw acc= 88.8% | * lr=1.0e-02
| Epoch   4, time= 31.6s | Train: skip eval | Valid: time=  1.9s loss=7.707, TAw acc= 90.0% | * lr=1.0e-02
| Epoch   5, time= 32.9s | Train: skip eval | Valid: time=  2.2s loss=7.711, TAw acc= 90.2% | lr=9.9e-03
| Epoch   6, time= 29.8s | Train: skip eval | Valid: time=  2.3s loss=7.776, TAw acc= 90.0% | lr=9.9e-03
| Epoch   7, time= 31.7s | Train: skip eval | Valid: time=  2.3s loss=7.630, TAw acc= 91.0% | * lr=9.9e-03
| Epoch   8, time= 31.4s | Train: skip eval | Valid: time=  2.0s loss=7.695, TAw acc= 90.8% | lr=9.8e-03
| Epoch   9, time= 30.3s | Train: skip eval | Valid: time=  2.0s loss=7.601, TAw acc= 91.0% | * lr=9.8e-03
| Epoch  10, time= 30.3s | Train: skip eval | Valid: time=  2.2s loss=7.642, TAw acc= 91.2% | lr=9.7e-03
| Epoch  11, time= 32.6s | Train: skip eval | Valid: time=  2.2s loss=7.660, TAw acc= 91.8% | lr=9.6e-03
| Epoch  12, time= 33.2s | Train: skip eval | Valid: time=  2.1s loss=7.554, TAw acc= 92.2% | * lr=9.6e-03
| Epoch  13, time= 32.1s | Train: skip eval | Valid: time=  2.3s loss=7.581, TAw acc= 91.5% | lr=9.5e-03
| Epoch  14, time= 31.6s | Train: skip eval | Valid: time=  2.1s loss=7.551, TAw acc= 92.0% | * lr=9.4e-03
| Epoch  15, time= 33.1s | Train: skip eval | Valid: time=  2.0s loss=7.613, TAw acc= 91.8% | lr=9.3e-03
| Epoch  16, time= 29.4s | Train: skip eval | Valid: time=  2.3s loss=7.586, TAw acc= 92.0% | lr=9.2e-03
| Epoch  17, time= 31.5s | Train: skip eval | Valid: time=  2.2s loss=7.564, TAw acc= 91.5% | lr=9.2e-03
| Epoch  18, time= 32.8s | Train: skip eval | Valid: time=  2.0s loss=7.623, TAw acc= 90.8% | lr=9.1e-03
| Epoch  19, time= 32.5s | Train: skip eval | Valid: time=  2.0s loss=7.660, TAw acc= 91.5% | lr=9.0e-03
| Epoch  20, time= 31.7s | Train: skip eval | Valid: time=  2.0s loss=7.563, TAw acc= 91.5% | lr=8.8e-03
| Epoch  21, time= 31.8s | Train: skip eval | Valid: time=  2.3s loss=7.537, TAw acc= 92.5% | * lr=8.7e-03
| Epoch  22, time= 34.5s | Train: skip eval | Valid: time=  2.2s loss=7.469, TAw acc= 92.5% | * lr=8.6e-03
| Epoch  23, time= 34.7s | Train: skip eval | Valid: time=  2.6s loss=7.505, TAw acc= 93.2% | lr=8.5e-03
| Epoch  24, time= 34.0s | Train: skip eval | Valid: time=  2.6s loss=7.496, TAw acc= 93.0% | lr=8.4e-03
| Epoch  25, time= 31.2s | Train: skip eval | Valid: time=  2.0s loss=7.588, TAw acc= 91.5% | lr=8.2e-03
| Epoch  26, time= 34.7s | Train: skip eval | Valid: time=  2.4s loss=7.487, TAw acc= 92.2% | lr=8.1e-03
| Epoch  27, time= 35.3s | Train: skip eval | Valid: time=  2.2s loss=7.548, TAw acc= 92.2% | lr=8.0e-03
| Epoch  28, time= 29.0s | Train: skip eval | Valid: time=  2.5s loss=7.480, TAw acc= 93.5% | lr=7.8e-03
| Epoch  29, time= 31.0s | Train: skip eval | Valid: time=  2.6s loss=7.421, TAw acc= 92.5% | * lr=7.7e-03
| Epoch  30, time= 30.2s | Train: skip eval | Valid: time=  2.2s loss=7.456, TAw acc= 92.2% | lr=7.5e-03
| Epoch  31, time= 32.2s | Train: skip eval | Valid: time=  2.1s loss=7.468, TAw acc= 92.8% | lr=7.4e-03
| Epoch  32, time= 33.5s | Train: skip eval | Valid: time=  2.2s loss=7.469, TAw acc= 92.2% | lr=7.2e-03
| Epoch  33, time= 29.4s | Train: skip eval | Valid: time=  2.2s loss=7.453, TAw acc= 93.2% | lr=7.1e-03
| Epoch  34, time= 30.9s | Train: skip eval | Valid: time=  2.2s loss=7.465, TAw acc= 91.8% | lr=6.9e-03
| Epoch  35, time= 28.9s | Train: skip eval | Valid: time=  2.0s loss=7.423, TAw acc= 91.8% | lr=6.7e-03
| Epoch  36, time= 30.4s | Train: skip eval | Valid: time=  2.0s loss=7.469, TAw acc= 92.8% | lr=6.6e-03
| Epoch  37, time= 33.2s | Train: skip eval | Valid: time=  2.1s loss=7.470, TAw acc= 91.8% | lr=6.4e-03
| Epoch  38, time= 31.7s | Train: skip eval | Valid: time=  2.3s loss=7.455, TAw acc= 92.5% | lr=6.2e-03
| Epoch  39, time= 33.2s | Train: skip eval | Valid: time=  2.0s loss=7.418, TAw acc= 92.5% | * lr=6.1e-03
| Epoch  40, time= 29.8s | Train: skip eval | Valid: time=  2.3s loss=7.433, TAw acc= 92.0% | lr=5.9e-03
| Epoch  41, time= 29.8s | Train: skip eval | Valid: time=  2.2s loss=7.420, TAw acc= 92.2% | lr=5.7e-03
| Epoch  42, time= 29.8s | Train: skip eval | Valid: time=  2.1s loss=7.435, TAw acc= 92.8% | lr=5.6e-03
| Epoch  43, time= 30.3s | Train: skip eval | Valid: time=  2.2s loss=7.406, TAw acc= 92.2% | * lr=5.4e-03
| Epoch  44, time= 32.0s | Train: skip eval | Valid: time=  2.1s loss=7.392, TAw acc= 93.5% | * lr=5.2e-03
| Epoch  45, time= 31.2s | Train: skip eval | Valid: time=  2.1s loss=7.410, TAw acc= 92.0% | lr=5.1e-03
| Epoch  46, time= 29.7s | Train: skip eval | Valid: time=  2.2s loss=7.394, TAw acc= 92.2% | lr=4.9e-03
| Epoch  47, time= 34.3s | Train: skip eval | Valid: time=  2.3s loss=7.412, TAw acc= 92.5% | lr=4.7e-03
| Epoch  48, time= 31.3s | Train: skip eval | Valid: time=  2.1s loss=7.376, TAw acc= 92.5% | * lr=4.5e-03
| Epoch  49, time= 32.4s | Train: skip eval | Valid: time=  2.3s loss=7.404, TAw acc= 92.5% | lr=4.4e-03
| Epoch  50, time= 34.7s | Train: skip eval | Valid: time=  2.1s loss=7.404, TAw acc= 92.8% | lr=4.2e-03
| Epoch  51, time= 29.4s | Train: skip eval | Valid: time=  2.1s loss=7.388, TAw acc= 92.5% | lr=4.0e-03
| Epoch  52, time= 34.4s | Train: skip eval | Valid: time=  2.3s loss=7.392, TAw acc= 92.5% | lr=3.9e-03
| Epoch  53, time= 30.1s | Train: skip eval | Valid: time=  2.2s loss=7.387, TAw acc= 92.5% | lr=3.7e-03
| Epoch  54, time= 31.2s | Train: skip eval | Valid: time=  2.6s loss=7.385, TAw acc= 92.8% | lr=3.5e-03
| Epoch  55, time= 29.7s | Train: skip eval | Valid: time=  2.1s loss=7.371, TAw acc= 92.5% | * lr=3.4e-03
| Epoch  56, time= 31.9s | Train: skip eval | Valid: time=  2.1s loss=7.401, TAw acc= 92.5% | lr=3.2e-03
| Epoch  57, time= 30.0s | Train: skip eval | Valid: time=  2.4s loss=7.379, TAw acc= 92.5% | lr=3.0e-03
| Epoch  58, time= 33.9s | Train: skip eval | Valid: time=  2.1s loss=7.376, TAw acc= 92.8% | lr=2.9e-03
| Epoch  59, time= 29.2s | Train: skip eval | Valid: time=  2.0s loss=7.381, TAw acc= 92.0% | lr=2.7e-03
| Epoch  60, time= 32.2s | Train: skip eval | Valid: time=  2.1s loss=7.384, TAw acc= 92.0% | lr=2.6e-03
| Epoch  61, time= 32.1s | Train: skip eval | Valid: time=  2.1s loss=7.366, TAw acc= 93.0% | * lr=2.4e-03
| Epoch  62, time= 32.1s | Train: skip eval | Valid: time=  2.4s loss=7.381, TAw acc= 92.5% | lr=2.3e-03
| Epoch  63, time= 30.4s | Train: skip eval | Valid: time=  2.3s loss=7.382, TAw acc= 91.8% | lr=2.1e-03
| Epoch  64, time= 31.9s | Train: skip eval | Valid: time=  2.4s loss=7.388, TAw acc= 92.5% | lr=2.0e-03
| Epoch  65, time= 30.2s | Train: skip eval | Valid: time=  2.1s loss=7.388, TAw acc= 92.2% | lr=1.9e-03
| Epoch  66, time= 30.2s | Train: skip eval | Valid: time=  2.3s loss=7.364, TAw acc= 92.2% | * lr=1.7e-03
| Epoch  67, time= 33.1s | Train: skip eval | Valid: time=  2.2s loss=7.374, TAw acc= 92.2% | lr=1.6e-03
| Epoch  68, time= 32.9s | Train: skip eval | Valid: time=  2.0s loss=7.373, TAw acc= 92.5% | lr=1.5e-03
| Epoch  69, time= 33.3s | Train: skip eval | Valid: time=  2.3s loss=7.371, TAw acc= 92.2% | lr=1.4e-03
| Epoch  70, time= 34.5s | Train: skip eval | Valid: time=  2.2s loss=7.370, TAw acc= 92.2% | lr=1.3e-03
| Epoch  71, time= 33.2s | Train: skip eval | Valid: time=  2.4s loss=7.371, TAw acc= 92.8% | lr=1.1e-03
| Epoch  72, time= 34.2s | Train: skip eval | Valid: time=  2.1s loss=7.361, TAw acc= 92.8% | * lr=1.0e-03
| Epoch  73, time= 31.8s | Train: skip eval | Valid: time=  2.0s loss=7.367, TAw acc= 92.8% | lr=9.5e-04
| Epoch  74, time= 33.8s | Train: skip eval | Valid: time=  2.0s loss=7.369, TAw acc= 92.5% | lr=8.5e-04
| Epoch  75, time= 30.5s | Train: skip eval | Valid: time=  2.1s loss=7.368, TAw acc= 92.8% | lr=7.6e-04
| Epoch  76, time= 34.9s | Train: skip eval | Valid: time=  2.0s loss=7.371, TAw acc= 92.2% | lr=6.8e-04
| Epoch  77, time= 33.8s | Train: skip eval | Valid: time=  2.1s loss=7.366, TAw acc= 92.0% | lr=6.0e-04
| Epoch  78, time= 31.0s | Train: skip eval | Valid: time=  2.3s loss=7.369, TAw acc= 92.0% | lr=5.3e-04
| Epoch  79, time= 33.4s | Train: skip eval | Valid: time=  2.5s loss=7.366, TAw acc= 92.8% | lr=4.6e-04
| Epoch  80, time= 32.4s | Train: skip eval | Valid: time=  2.2s loss=7.366, TAw acc= 92.8% | lr=4.0e-04
| Epoch  81, time= 31.5s | Train: skip eval | Valid: time=  2.4s loss=7.367, TAw acc= 92.8% | lr=3.4e-04
| Epoch  82, time= 30.4s | Train: skip eval | Valid: time=  2.4s loss=7.365, TAw acc= 92.8% | lr=2.9e-04
| Epoch  83, time= 33.1s | Train: skip eval | Valid: time=  2.0s loss=7.365, TAw acc= 92.8% | lr=2.5e-04
| Epoch  84, time= 34.7s | Train: skip eval | Valid: time=  2.1s loss=7.368, TAw acc= 92.8% | lr=2.1e-04
| Epoch  85, time= 33.2s | Train: skip eval | Valid: time=  2.5s loss=7.366, TAw acc= 92.5% | lr=1.8e-04
| Epoch  86, time= 29.5s | Train: skip eval | Valid: time=  2.1s loss=7.366, TAw acc= 92.8% | lr=1.5e-04
| Epoch  87, time= 31.9s | Train: skip eval | Valid: time=  2.2s loss=7.366, TAw acc= 92.8% | lr=1.3e-04
| Epoch  88, time= 30.6s | Train: skip eval | Valid: time=  2.0s loss=7.365, TAw acc= 92.8% | lr=1.1e-04
| Epoch  89, time= 28.8s | Train: skip eval | Valid: time=  2.0s loss=7.363, TAw acc= 92.8% | lr=1.0e-04
| Epoch  90, time= 31.0s | Train: skip eval | Valid: time=  2.0s loss=7.361, TAw acc= 92.8% | * lr=1.0e-04
| Selected 4020 train exemplars, time=  5.6s
------------------------------------------------------------------------------------------------------------
>>> Test on task  0 : loss=0.668 | TAw acc= 93.3%, forg= -0.2% | TAg acc= 85.5%, forg=  6.4% <<<
>>> Test on task  1 : loss=4.531 | TAw acc= 88.2%, forg=  0.1% | TAg acc= 75.1%, forg=  1.4% <<<
>>> Test on task  2 : loss=7.301 | TAw acc= 89.2%, forg=  0.0% | TAg acc= 76.9%, forg=  0.0% <<<
Save at ./results/./results/vit_small_patch16_224.augreg_in1k/inat200/icarl/10
************************************************************************************************************
TAw Acc
	 91.9%   0.0%   0.0%   0.0%   0.0%   0.0%   0.0%   0.0%   0.0%   0.0%   0.0%   0.0%   0.0%   0.0%   0.0%   0.0%   0.0%   0.0%   0.0%   0.0% 	Avg.: 91.9% 
	 93.1%  88.3%   0.0%   0.0%   0.0%   0.0%   0.0%   0.0%   0.0%   0.0%   0.0%   0.0%   0.0%   0.0%   0.0%   0.0%   0.0%   0.0%   0.0%   0.0% 	Avg.: 90.7% 
	 93.3%  88.2%  89.2%   0.0%   0.0%   0.0%   0.0%   0.0%   0.0%   0.0%   0.0%   0.0%   0.0%   0.0%   0.0%   0.0%   0.0%   0.0%   0.0%   0.0% 	Avg.: 90.2% 
	  0.0%   0.0%   0.0%   0.0%   0.0%   0.0%   0.0%   0.0%   0.0%   0.0%   0.0%   0.0%   0.0%   0.0%   0.0%   0.0%   0.0%   0.0%   0.0%   0.0% 	Avg.:  0.0% 
	  0.0%   0.0%   0.0%   0.0%   0.0%   0.0%   0.0%   0.0%   0.0%   0.0%   0.0%   0.0%   0.0%   0.0%   0.0%   0.0%   0.0%   0.0%   0.0%   0.0% 	Avg.:  0.0% 
	  0.0%   0.0%   0.0%   0.0%   0.0%   0.0%   0.0%   0.0%   0.0%   0.0%   0.0%   0.0%   0.0%   0.0%   0.0%   0.0%   0.0%   0.0%   0.0%   0.0% 	Avg.:  0.0% 
	  0.0%   0.0%   0.0%   0.0%   0.0%   0.0%   0.0%   0.0%   0.0%   0.0%   0.0%   0.0%   0.0%   0.0%   0.0%   0.0%   0.0%   0.0%   0.0%   0.0% 	Avg.:  0.0% 
	  0.0%   0.0%   0.0%   0.0%   0.0%   0.0%   0.0%   0.0%   0.0%   0.0%   0.0%   0.0%   0.0%   0.0%   0.0%   0.0%   0.0%   0.0%   0.0%   0.0% 	Avg.:  0.0% 
	  0.0%   0.0%   0.0%   0.0%   0.0%   0.0%   0.0%   0.0%   0.0%   0.0%   0.0%   0.0%   0.0%   0.0%   0.0%   0.0%   0.0%   0.0%   0.0%   0.0% 	Avg.:  0.0% 
	  0.0%   0.0%   0.0%   0.0%   0.0%   0.0%   0.0%   0.0%   0.0%   0.0%   0.0%   0.0%   0.0%   0.0%   0.0%   0.0%   0.0%   0.0%   0.0%   0.0% 	Avg.:  0.0% 
	  0.0%   0.0%   0.0%   0.0%   0.0%   0.0%   0.0%   0.0%   0.0%   0.0%   0.0%   0.0%   0.0%   0.0%   0.0%   0.0%   0.0%   0.0%   0.0%   0.0% 	Avg.:  0.0% 
	  0.0%   0.0%   0.0%   0.0%   0.0%   0.0%   0.0%   0.0%   0.0%   0.0%   0.0%   0.0%   0.0%   0.0%   0.0%   0.0%   0.0%   0.0%   0.0%   0.0% 	Avg.:  0.0% 
	  0.0%   0.0%   0.0%   0.0%   0.0%   0.0%   0.0%   0.0%   0.0%   0.0%   0.0%   0.0%   0.0%   0.0%   0.0%   0.0%   0.0%   0.0%   0.0%   0.0% 	Avg.:  0.0% 
	  0.0%   0.0%   0.0%   0.0%   0.0%   0.0%   0.0%   0.0%   0.0%   0.0%   0.0%   0.0%   0.0%   0.0%   0.0%   0.0%   0.0%   0.0%   0.0%   0.0% 	Avg.:  0.0% 
	  0.0%   0.0%   0.0%   0.0%   0.0%   0.0%   0.0%   0.0%   0.0%   0.0%   0.0%   0.0%   0.0%   0.0%   0.0%   0.0%   0.0%   0.0%   0.0%   0.0% 	Avg.:  0.0% 
	  0.0%   0.0%   0.0%   0.0%   0.0%   0.0%   0.0%   0.0%   0.0%   0.0%   0.0%   0.0%   0.0%   0.0%   0.0%   0.0%   0.0%   0.0%   0.0%   0.0% 	Avg.:  0.0% 
	  0.0%   0.0%   0.0%   0.0%   0.0%   0.0%   0.0%   0.0%   0.0%   0.0%   0.0%   0.0%   0.0%   0.0%   0.0%   0.0%   0.0%   0.0%   0.0%   0.0% 	Avg.:  0.0% 
	  0.0%   0.0%   0.0%   0.0%   0.0%   0.0%   0.0%   0.0%   0.0%   0.0%   0.0%   0.0%   0.0%   0.0%   0.0%   0.0%   0.0%   0.0%   0.0%   0.0% 	Avg.:  0.0% 
	  0.0%   0.0%   0.0%   0.0%   0.0%   0.0%   0.0%   0.0%   0.0%   0.0%   0.0%   0.0%   0.0%   0.0%   0.0%   0.0%   0.0%   0.0%   0.0%   0.0% 	Avg.:  0.0% 
	  0.0%   0.0%   0.0%   0.0%   0.0%   0.0%   0.0%   0.0%   0.0%   0.0%   0.0%   0.0%   0.0%   0.0%   0.0%   0.0%   0.0%   0.0%   0.0%   0.0% 	Avg.:  0.0% 
************************************************************************************************************
TAg Acc
	 91.9%   0.0%   0.0%   0.0%   0.0%   0.0%   0.0%   0.0%   0.0%   0.0%   0.0%   0.0%   0.0%   0.0%   0.0%   0.0%   0.0%   0.0%   0.0%   0.0% 	Avg.: 91.9% 
	 89.7%  76.5%   0.0%   0.0%   0.0%   0.0%   0.0%   0.0%   0.0%   0.0%   0.0%   0.0%   0.0%   0.0%   0.0%   0.0%   0.0%   0.0%   0.0%   0.0% 	Avg.: 83.1% 
	 85.5%  75.1%  76.9%   0.0%   0.0%   0.0%   0.0%   0.0%   0.0%   0.0%   0.0%   0.0%   0.0%   0.0%   0.0%   0.0%   0.0%   0.0%   0.0%   0.0% 	Avg.: 79.2% 
	  0.0%   0.0%   0.0%   0.0%   0.0%   0.0%   0.0%   0.0%   0.0%   0.0%   0.0%   0.0%   0.0%   0.0%   0.0%   0.0%   0.0%   0.0%   0.0%   0.0% 	Avg.:  0.0% 
	  0.0%   0.0%   0.0%   0.0%   0.0%   0.0%   0.0%   0.0%   0.0%   0.0%   0.0%   0.0%   0.0%   0.0%   0.0%   0.0%   0.0%   0.0%   0.0%   0.0% 	Avg.:  0.0% 
	  0.0%   0.0%   0.0%   0.0%   0.0%   0.0%   0.0%   0.0%   0.0%   0.0%   0.0%   0.0%   0.0%   0.0%   0.0%   0.0%   0.0%   0.0%   0.0%   0.0% 	Avg.:  0.0% 
	  0.0%   0.0%   0.0%   0.0%   0.0%   0.0%   0.0%   0.0%   0.0%   0.0%   0.0%   0.0%   0.0%   0.0%   0.0%   0.0%   0.0%   0.0%   0.0%   0.0% 	Avg.:  0.0% 
	  0.0%   0.0%   0.0%   0.0%   0.0%   0.0%   0.0%   0.0%   0.0%   0.0%   0.0%   0.0%   0.0%   0.0%   0.0%   0.0%   0.0%   0.0%   0.0%   0.0% 	Avg.:  0.0% 
	  0.0%   0.0%   0.0%   0.0%   0.0%   0.0%   0.0%   0.0%   0.0%   0.0%   0.0%   0.0%   0.0%   0.0%   0.0%   0.0%   0.0%   0.0%   0.0%   0.0% 	Avg.:  0.0% 
	  0.0%   0.0%   0.0%   0.0%   0.0%   0.0%   0.0%   0.0%   0.0%   0.0%   0.0%   0.0%   0.0%   0.0%   0.0%   0.0%   0.0%   0.0%   0.0%   0.0% 	Avg.:  0.0% 
	  0.0%   0.0%   0.0%   0.0%   0.0%   0.0%   0.0%   0.0%   0.0%   0.0%   0.0%   0.0%   0.0%   0.0%   0.0%   0.0%   0.0%   0.0%   0.0%   0.0% 	Avg.:  0.0% 
	  0.0%   0.0%   0.0%   0.0%   0.0%   0.0%   0.0%   0.0%   0.0%   0.0%   0.0%   0.0%   0.0%   0.0%   0.0%   0.0%   0.0%   0.0%   0.0%   0.0% 	Avg.:  0.0% 
	  0.0%   0.0%   0.0%   0.0%   0.0%   0.0%   0.0%   0.0%   0.0%   0.0%   0.0%   0.0%   0.0%   0.0%   0.0%   0.0%   0.0%   0.0%   0.0%   0.0% 	Avg.:  0.0% 
	  0.0%   0.0%   0.0%   0.0%   0.0%   0.0%   0.0%   0.0%   0.0%   0.0%   0.0%   0.0%   0.0%   0.0%   0.0%   0.0%   0.0%   0.0%   0.0%   0.0% 	Avg.:  0.0% 
	  0.0%   0.0%   0.0%   0.0%   0.0%   0.0%   0.0%   0.0%   0.0%   0.0%   0.0%   0.0%   0.0%   0.0%   0.0%   0.0%   0.0%   0.0%   0.0%   0.0% 	Avg.:  0.0% 
	  0.0%   0.0%   0.0%   0.0%   0.0%   0.0%   0.0%   0.0%   0.0%   0.0%   0.0%   0.0%   0.0%   0.0%   0.0%   0.0%   0.0%   0.0%   0.0%   0.0% 	Avg.:  0.0% 
	  0.0%   0.0%   0.0%   0.0%   0.0%   0.0%   0.0%   0.0%   0.0%   0.0%   0.0%   0.0%   0.0%   0.0%   0.0%   0.0%   0.0%   0.0%   0.0%   0.0% 	Avg.:  0.0% 
	  0.0%   0.0%   0.0%   0.0%   0.0%   0.0%   0.0%   0.0%   0.0%   0.0%   0.0%   0.0%   0.0%   0.0%   0.0%   0.0%   0.0%   0.0%   0.0%   0.0% 	Avg.:  0.0% 
	  0.0%   0.0%   0.0%   0.0%   0.0%   0.0%   0.0%   0.0%   0.0%   0.0%   0.0%   0.0%   0.0%   0.0%   0.0%   0.0%   0.0%   0.0%   0.0%   0.0% 	Avg.:  0.0% 
	  0.0%   0.0%   0.0%   0.0%   0.0%   0.0%   0.0%   0.0%   0.0%   0.0%   0.0%   0.0%   0.0%   0.0%   0.0%   0.0%   0.0%   0.0%   0.0%   0.0% 	Avg.:  0.0% 
************************************************************************************************************
TAw Forg
	  0.0%   0.0%   0.0%   0.0%   0.0%   0.0%   0.0%   0.0%   0.0%   0.0%   0.0%   0.0%   0.0%   0.0%   0.0%   0.0%   0.0%   0.0%   0.0%   0.0% 
	 -1.2%   0.0%   0.0%   0.0%   0.0%   0.0%   0.0%   0.0%   0.0%   0.0%   0.0%   0.0%   0.0%   0.0%   0.0%   0.0%   0.0%   0.0%   0.0%   0.0% 	Avg.: -1.2% 
	 -0.2%   0.1%   0.0%   0.0%   0.0%   0.0%   0.0%   0.0%   0.0%   0.0%   0.0%   0.0%   0.0%   0.0%   0.0%   0.0%   0.0%   0.0%   0.0%   0.0% 	Avg.: -0.1% 
	  0.0%   0.0%   0.0%   0.0%   0.0%   0.0%   0.0%   0.0%   0.0%   0.0%   0.0%   0.0%   0.0%   0.0%   0.0%   0.0%   0.0%   0.0%   0.0%   0.0% 	Avg.:  0.0% 
	  0.0%   0.0%   0.0%   0.0%   0.0%   0.0%   0.0%   0.0%   0.0%   0.0%   0.0%   0.0%   0.0%   0.0%   0.0%   0.0%   0.0%   0.0%   0.0%   0.0% 	Avg.:  0.0% 
	  0.0%   0.0%   0.0%   0.0%   0.0%   0.0%   0.0%   0.0%   0.0%   0.0%   0.0%   0.0%   0.0%   0.0%   0.0%   0.0%   0.0%   0.0%   0.0%   0.0% 	Avg.:  0.0% 
	  0.0%   0.0%   0.0%   0.0%   0.0%   0.0%   0.0%   0.0%   0.0%   0.0%   0.0%   0.0%   0.0%   0.0%   0.0%   0.0%   0.0%   0.0%   0.0%   0.0% 	Avg.:  0.0% 
	  0.0%   0.0%   0.0%   0.0%   0.0%   0.0%   0.0%   0.0%   0.0%   0.0%   0.0%   0.0%   0.0%   0.0%   0.0%   0.0%   0.0%   0.0%   0.0%   0.0% 	Avg.:  0.0% 
	  0.0%   0.0%   0.0%   0.0%   0.0%   0.0%   0.0%   0.0%   0.0%   0.0%   0.0%   0.0%   0.0%   0.0%   0.0%   0.0%   0.0%   0.0%   0.0%   0.0% 	Avg.:  0.0% 
	  0.0%   0.0%   0.0%   0.0%   0.0%   0.0%   0.0%   0.0%   0.0%   0.0%   0.0%   0.0%   0.0%   0.0%   0.0%   0.0%   0.0%   0.0%   0.0%   0.0% 	Avg.:  0.0% 
	  0.0%   0.0%   0.0%   0.0%   0.0%   0.0%   0.0%   0.0%   0.0%   0.0%   0.0%   0.0%   0.0%   0.0%   0.0%   0.0%   0.0%   0.0%   0.0%   0.0% 	Avg.:  0.0% 
	  0.0%   0.0%   0.0%   0.0%   0.0%   0.0%   0.0%   0.0%   0.0%   0.0%   0.0%   0.0%   0.0%   0.0%   0.0%   0.0%   0.0%   0.0%   0.0%   0.0% 	Avg.:  0.0% 
	  0.0%   0.0%   0.0%   0.0%   0.0%   0.0%   0.0%   0.0%   0.0%   0.0%   0.0%   0.0%   0.0%   0.0%   0.0%   0.0%   0.0%   0.0%   0.0%   0.0% 	Avg.:  0.0% 
	  0.0%   0.0%   0.0%   0.0%   0.0%   0.0%   0.0%   0.0%   0.0%   0.0%   0.0%   0.0%   0.0%   0.0%   0.0%   0.0%   0.0%   0.0%   0.0%   0.0% 	Avg.:  0.0% 
	  0.0%   0.0%   0.0%   0.0%   0.0%   0.0%   0.0%   0.0%   0.0%   0.0%   0.0%   0.0%   0.0%   0.0%   0.0%   0.0%   0.0%   0.0%   0.0%   0.0% 	Avg.:  0.0% 
	  0.0%   0.0%   0.0%   0.0%   0.0%   0.0%   0.0%   0.0%   0.0%   0.0%   0.0%   0.0%   0.0%   0.0%   0.0%   0.0%   0.0%   0.0%   0.0%   0.0% 	Avg.:  0.0% 
	  0.0%   0.0%   0.0%   0.0%   0.0%   0.0%   0.0%   0.0%   0.0%   0.0%   0.0%   0.0%   0.0%   0.0%   0.0%   0.0%   0.0%   0.0%   0.0%   0.0% 	Avg.:  0.0% 
	  0.0%   0.0%   0.0%   0.0%   0.0%   0.0%   0.0%   0.0%   0.0%   0.0%   0.0%   0.0%   0.0%   0.0%   0.0%   0.0%   0.0%   0.0%   0.0%   0.0% 	Avg.:  0.0% 
	  0.0%   0.0%   0.0%   0.0%   0.0%   0.0%   0.0%   0.0%   0.0%   0.0%   0.0%   0.0%   0.0%   0.0%   0.0%   0.0%   0.0%   0.0%   0.0%   0.0% 	Avg.:  0.0% 
	  0.0%   0.0%   0.0%   0.0%   0.0%   0.0%   0.0%   0.0%   0.0%   0.0%   0.0%   0.0%   0.0%   0.0%   0.0%   0.0%   0.0%   0.0%   0.0%   0.0% 	Avg.:  0.0% 
************************************************************************************************************
TAg Forg
	  0.0%   0.0%   0.0%   0.0%   0.0%   0.0%   0.0%   0.0%   0.0%   0.0%   0.0%   0.0%   0.0%   0.0%   0.0%   0.0%   0.0%   0.0%   0.0%   0.0% 
	  2.2%   0.0%   0.0%   0.0%   0.0%   0.0%   0.0%   0.0%   0.0%   0.0%   0.0%   0.0%   0.0%   0.0%   0.0%   0.0%   0.0%   0.0%   0.0%   0.0% 	Avg.:  2.2% 
	  6.4%   1.4%   0.0%   0.0%   0.0%   0.0%   0.0%   0.0%   0.0%   0.0%   0.0%   0.0%   0.0%   0.0%   0.0%   0.0%   0.0%   0.0%   0.0%   0.0% 	Avg.:  3.9% 
	  0.0%   0.0%   0.0%   0.0%   0.0%   0.0%   0.0%   0.0%   0.0%   0.0%   0.0%   0.0%   0.0%   0.0%   0.0%   0.0%   0.0%   0.0%   0.0%   0.0% 	Avg.:  0.0% 
	  0.0%   0.0%   0.0%   0.0%   0.0%   0.0%   0.0%   0.0%   0.0%   0.0%   0.0%   0.0%   0.0%   0.0%   0.0%   0.0%   0.0%   0.0%   0.0%   0.0% 	Avg.:  0.0% 
	  0.0%   0.0%   0.0%   0.0%   0.0%   0.0%   0.0%   0.0%   0.0%   0.0%   0.0%   0.0%   0.0%   0.0%   0.0%   0.0%   0.0%   0.0%   0.0%   0.0% 	Avg.:  0.0% 
	  0.0%   0.0%   0.0%   0.0%   0.0%   0.0%   0.0%   0.0%   0.0%   0.0%   0.0%   0.0%   0.0%   0.0%   0.0%   0.0%   0.0%   0.0%   0.0%   0.0% 	Avg.:  0.0% 
	  0.0%   0.0%   0.0%   0.0%   0.0%   0.0%   0.0%   0.0%   0.0%   0.0%   0.0%   0.0%   0.0%   0.0%   0.0%   0.0%   0.0%   0.0%   0.0%   0.0% 	Avg.:  0.0% 
	  0.0%   0.0%   0.0%   0.0%   0.0%   0.0%   0.0%   0.0%   0.0%   0.0%   0.0%   0.0%   0.0%   0.0%   0.0%   0.0%   0.0%   0.0%   0.0%   0.0% 	Avg.:  0.0% 
	  0.0%   0.0%   0.0%   0.0%   0.0%   0.0%   0.0%   0.0%   0.0%   0.0%   0.0%   0.0%   0.0%   0.0%   0.0%   0.0%   0.0%   0.0%   0.0%   0.0% 	Avg.:  0.0% 
	  0.0%   0.0%   0.0%   0.0%   0.0%   0.0%   0.0%   0.0%   0.0%   0.0%   0.0%   0.0%   0.0%   0.0%   0.0%   0.0%   0.0%   0.0%   0.0%   0.0% 	Avg.:  0.0% 
	  0.0%   0.0%   0.0%   0.0%   0.0%   0.0%   0.0%   0.0%   0.0%   0.0%   0.0%   0.0%   0.0%   0.0%   0.0%   0.0%   0.0%   0.0%   0.0%   0.0% 	Avg.:  0.0% 
	  0.0%   0.0%   0.0%   0.0%   0.0%   0.0%   0.0%   0.0%   0.0%   0.0%   0.0%   0.0%   0.0%   0.0%   0.0%   0.0%   0.0%   0.0%   0.0%   0.0% 	Avg.:  0.0% 
	  0.0%   0.0%   0.0%   0.0%   0.0%   0.0%   0.0%   0.0%   0.0%   0.0%   0.0%   0.0%   0.0%   0.0%   0.0%   0.0%   0.0%   0.0%   0.0%   0.0% 	Avg.:  0.0% 
	  0.0%   0.0%   0.0%   0.0%   0.0%   0.0%   0.0%   0.0%   0.0%   0.0%   0.0%   0.0%   0.0%   0.0%   0.0%   0.0%   0.0%   0.0%   0.0%   0.0% 	Avg.:  0.0% 
	  0.0%   0.0%   0.0%   0.0%   0.0%   0.0%   0.0%   0.0%   0.0%   0.0%   0.0%   0.0%   0.0%   0.0%   0.0%   0.0%   0.0%   0.0%   0.0%   0.0% 	Avg.:  0.0% 
	  0.0%   0.0%   0.0%   0.0%   0.0%   0.0%   0.0%   0.0%   0.0%   0.0%   0.0%   0.0%   0.0%   0.0%   0.0%   0.0%   0.0%   0.0%   0.0%   0.0% 	Avg.:  0.0% 
	  0.0%   0.0%   0.0%   0.0%   0.0%   0.0%   0.0%   0.0%   0.0%   0.0%   0.0%   0.0%   0.0%   0.0%   0.0%   0.0%   0.0%   0.0%   0.0%   0.0% 	Avg.:  0.0% 
	  0.0%   0.0%   0.0%   0.0%   0.0%   0.0%   0.0%   0.0%   0.0%   0.0%   0.0%   0.0%   0.0%   0.0%   0.0%   0.0%   0.0%   0.0%   0.0%   0.0% 	Avg.:  0.0% 
	  0.0%   0.0%   0.0%   0.0%   0.0%   0.0%   0.0%   0.0%   0.0%   0.0%   0.0%   0.0%   0.0%   0.0%   0.0%   0.0%   0.0%   0.0%   0.0%   0.0% 	Avg.:  0.0% 
************************************************************************************************************
[Elapsed time = 0.9 h]
Done!
