START_TASK=6 STOP_TASK=7
============================================================================================================
Arguments =
	all_outputs: False
	approach: icarl
	batch_size: 64
	classes_first_task: None
	clipping: 10000
	crop: 224
	data_path: ../data/inat200
	dataset: inat200
	eval_on_train: False
	experiment_path: None
	fix_bn: False
	freeze_backbone: False
	gpu: 0
	gpus: [0]
	increment: 10
	last_layer_analysis: False
	log: ['disk']
	lr: 0.01
	lr_factor: None
	lr_min: 0.0001
	lr_patience: None
	lr_scheduler: cosine
	lr_warmup_epochs: 0
	momentum: 0.0
	multi_softmax: False
	nepochs: 90
	network: vit_small_patch16_224.augreg_in1k
	no_cudnn_deterministic: False
	normalize: in1k
	num_workers: 2
	optimizer_name: sgd
	pin_memory: False
	pretrained: True
	resize: 224
	results_path: ./results
	save_models: True
	seed: 0
	start_at_task: 6
	start_epoch: 0
	stop_at_task: 7
	stop_epoch: 0
	use_valid_only: False
	warmup_lr_factor: 1.0
	warmup_nepochs: 0
	weight_decay: 0.0
============================================================================================================
Approach arguments =
	lamb: 1.0
============================================================================================================
Exemplars arguments =
	exemplar_selection: random
	num_exemplars: 4000
============================================================================================================
WARNING: ./results/vit_small_patch16_224.augreg_in1k/inat200/icarl/10 already exists!
Loaded acc_taw from: ./results/vit_small_patch16_224.augreg_in1k/inat200/icarl/10/acc_taw-5.txt
Loaded acc_tag from: ./results/vit_small_patch16_224.augreg_in1k/inat200/icarl/10/acc_tag-5.txt
Loaded forg_taw from: ./results/vit_small_patch16_224.augreg_in1k/inat200/icarl/10/forg_taw-5.txt
Loaded forg_tag from: ./results/vit_small_patch16_224.augreg_in1k/inat200/icarl/10/forg_tag-5.txt
Loaded 4020 exemplars from ./results/vit_small_patch16_224.augreg_in1k/inat200/icarl/10/task5_exemplars.pth
Loaded 60 exemplar means from ./results/vit_small_patch16_224.augreg_in1k/inat200/icarl/10/task5_exemplar_means.pth
************************************************************************************************************
Task  6  [epochs 0-90]
************************************************************************************************************
[params] total:21,692,614  trainable:21,692,614  tensors:164  trainable_tensors:164
| Epoch   1, time= 35.2s | Train: skip eval | Valid: time=  2.5s loss=23.009, TAw acc= 81.0% | * lr=1.0e-02
| Epoch   2, time= 31.3s | Train: skip eval | Valid: time=  2.0s loss=18.283, TAw acc= 89.8% | * lr=1.0e-02
| Epoch   3, time= 32.4s | Train: skip eval | Valid: time=  2.2s loss=22.292, TAw acc= 88.0% | lr=1.0e-02
| Epoch   4, time= 31.7s | Train: skip eval | Valid: time=  1.9s loss=22.375, TAw acc= 82.8% | lr=1.0e-02
| Epoch   5, time= 34.8s | Train: skip eval | Valid: time=  2.1s loss=20.952, TAw acc= 78.0% | lr=9.9e-03
| Epoch   6, time= 34.2s | Train: skip eval | Valid: time=  2.1s loss=18.771, TAw acc= 90.5% | lr=9.9e-03
| Epoch   7, time= 33.7s | Train: skip eval | Valid: time=  2.0s loss=18.327, TAw acc= 88.5% | lr=9.9e-03
| Epoch   8, time= 32.7s | Train: skip eval | Valid: time=  2.3s loss=20.581, TAw acc= 87.8% | lr=9.8e-03
| Epoch   9, time= 31.6s | Train: skip eval | Valid: time=  2.0s loss=18.143, TAw acc= 89.8% | * lr=9.8e-03
| Epoch  10, time= 31.4s | Train: skip eval | Valid: time=  2.3s loss=19.758, TAw acc= 90.5% | lr=9.7e-03
| Epoch  11, time= 33.2s | Train: skip eval | Valid: time=  2.1s loss=18.229, TAw acc= 92.2% | lr=9.6e-03
| Epoch  12, time= 32.1s | Train: skip eval | Valid: time=  2.3s loss=18.206, TAw acc= 90.8% | lr=9.6e-03
| Epoch  13, time= 36.1s | Train: skip eval | Valid: time=  2.0s loss=17.457, TAw acc= 91.2% | * lr=9.5e-03
| Epoch  14, time= 33.6s | Train: skip eval | Valid: time=  2.3s loss=17.788, TAw acc= 89.0% | lr=9.4e-03
| Epoch  15, time= 32.1s | Train: skip eval | Valid: time=  2.3s loss=17.785, TAw acc= 91.0% | lr=9.3e-03
| Epoch  16, time= 29.8s | Train: skip eval | Valid: time=  2.3s loss=18.250, TAw acc= 90.8% | lr=9.2e-03
| Epoch  17, time= 30.6s | Train: skip eval | Valid: time=  1.9s loss=17.858, TAw acc= 91.5% | lr=9.2e-03
| Epoch  18, time= 33.6s | Train: skip eval | Valid: time=  2.3s loss=17.578, TAw acc= 91.8% | lr=9.1e-03
| Epoch  19, time= 30.6s | Train: skip eval | Valid: time=  2.5s loss=17.597, TAw acc= 91.8% | lr=9.0e-03
| Epoch  20, time= 31.1s | Train: skip eval | Valid: time=  2.3s loss=17.589, TAw acc= 91.5% | lr=8.8e-03
| Epoch  21, time= 35.7s | Train: skip eval | Valid: time=  2.0s loss=20.585, TAw acc= 77.5% | lr=8.7e-03
| Epoch  22, time= 33.4s | Train: skip eval | Valid: time=  2.0s loss=17.718, TAw acc= 91.8% | lr=8.6e-03
| Epoch  23, time= 34.6s | Train: skip eval | Valid: time=  2.0s loss=17.539, TAw acc= 92.0% | lr=8.5e-03
| Epoch  24, time= 33.7s | Train: skip eval | Valid: time=  2.1s loss=17.593, TAw acc= 90.8% | lr=8.4e-03
| Epoch  25, time= 33.3s | Train: skip eval | Valid: time=  2.0s loss=17.626, TAw acc= 90.8% | lr=8.2e-03
| Epoch  26, time= 32.5s | Train: skip eval | Valid: time=  1.9s loss=17.213, TAw acc= 91.0% | * lr=8.1e-03
| Epoch  27, time= 29.7s | Train: skip eval | Valid: time=  2.1s loss=17.729, TAw acc= 90.8% | lr=8.0e-03
| Epoch  28, time= 34.1s | Train: skip eval | Valid: time=  2.1s loss=17.017, TAw acc= 92.8% | * lr=7.8e-03
| Epoch  29, time= 34.0s | Train: skip eval | Valid: time=  2.0s loss=17.414, TAw acc= 91.5% | lr=7.7e-03
| Epoch  30, time= 31.8s | Train: skip eval | Valid: time=  2.0s loss=17.214, TAw acc= 91.8% | lr=7.5e-03
| Epoch  31, time= 34.7s | Train: skip eval | Valid: time=  2.3s loss=17.199, TAw acc= 91.8% | lr=7.4e-03
| Epoch  32, time= 31.0s | Train: skip eval | Valid: time=  1.9s loss=17.117, TAw acc= 91.0% | lr=7.2e-03
| Epoch  33, time= 33.6s | Train: skip eval | Valid: time=  2.4s loss=17.050, TAw acc= 91.5% | lr=7.1e-03
| Epoch  34, time= 34.5s | Train: skip eval | Valid: time=  2.0s loss=17.488, TAw acc= 90.5% | lr=6.9e-03
| Epoch  35, time= 36.3s | Train: skip eval | Valid: time=  2.3s loss=17.143, TAw acc= 91.0% | lr=6.7e-03
| Epoch  36, time= 31.4s | Train: skip eval | Valid: time=  2.0s loss=17.036, TAw acc= 91.8% | lr=6.6e-03
| Epoch  37, time= 31.5s | Train: skip eval | Valid: time=  2.0s loss=17.746, TAw acc= 90.8% | lr=6.4e-03
| Epoch  38, time= 31.0s | Train: skip eval | Valid: time=  2.3s loss=17.003, TAw acc= 91.0% | * lr=6.2e-03
| Epoch  39, time= 30.7s | Train: skip eval | Valid: time=  2.3s loss=17.157, TAw acc= 92.0% | lr=6.1e-03
| Epoch  40, time= 30.9s | Train: skip eval | Valid: time=  2.0s loss=17.002, TAw acc= 92.0% | * lr=5.9e-03
| Epoch  41, time= 29.6s | Train: skip eval | Valid: time=  2.5s loss=17.073, TAw acc= 91.5% | lr=5.7e-03
| Epoch  42, time= 29.4s | Train: skip eval | Valid: time=  2.2s loss=16.947, TAw acc= 92.0% | * lr=5.6e-03
| Epoch  43, time= 33.7s | Train: skip eval | Valid: time=  2.0s loss=17.318, TAw acc= 91.8% | lr=5.4e-03
| Epoch  44, time= 37.0s | Train: skip eval | Valid: time=  4.0s loss=16.947, TAw acc= 92.5% | lr=5.2e-03
| Epoch  45, time= 35.3s | Train: skip eval | Valid: time=  2.0s loss=17.019, TAw acc= 89.8% | lr=5.1e-03
| Epoch  46, time= 33.3s | Train: skip eval | Valid: time=  2.0s loss=16.890, TAw acc= 91.2% | * lr=4.9e-03
| Epoch  47, time= 32.6s | Train: skip eval | Valid: time=  2.3s loss=16.979, TAw acc= 91.8% | lr=4.7e-03
| Epoch  48, time= 32.8s | Train: skip eval | Valid: time=  1.9s loss=16.890, TAw acc= 92.0% | lr=4.5e-03
| Epoch  49, time= 30.3s | Train: skip eval | Valid: time=  2.2s loss=16.917, TAw acc= 91.5% | lr=4.4e-03
| Epoch  50, time= 30.0s | Train: skip eval | Valid: time=  2.4s loss=16.977, TAw acc= 91.5% | lr=4.2e-03
| Epoch  51, time= 34.7s | Train: skip eval | Valid: time=  2.0s loss=16.882, TAw acc= 92.0% | * lr=4.0e-03
| Epoch  52, time= 30.7s | Train: skip eval | Valid: time=  2.0s loss=16.912, TAw acc= 92.0% | lr=3.9e-03
| Epoch  53, time= 30.5s | Train: skip eval | Valid: time=  2.0s loss=16.880, TAw acc= 92.2% | * lr=3.7e-03
| Epoch  54, time= 31.9s | Train: skip eval | Valid: time=  2.0s loss=16.945, TAw acc= 91.5% | lr=3.5e-03
| Epoch  55, time= 33.2s | Train: skip eval | Valid: time=  2.3s loss=16.879, TAw acc= 92.5% | * lr=3.4e-03
| Epoch  56, time= 34.8s | Train: skip eval | Valid: time=  2.0s loss=16.862, TAw acc= 92.2% | * lr=3.2e-03
| Epoch  57, time= 34.5s | Train: skip eval | Valid: time=  2.3s loss=16.855, TAw acc= 92.8% | * lr=3.0e-03
| Epoch  58, time= 32.6s | Train: skip eval | Valid: time=  2.3s loss=16.845, TAw acc= 92.2% | * lr=2.9e-03
| Epoch  59, time= 36.3s | Train: skip eval | Valid: time=  1.9s loss=16.841, TAw acc= 92.2% | * lr=2.7e-03
| Epoch  60, time= 32.1s | Train: skip eval | Valid: time=  1.9s loss=16.858, TAw acc= 92.0% | lr=2.6e-03
| Epoch  61, time= 30.9s | Train: skip eval | Valid: time=  2.2s loss=16.847, TAw acc= 92.0% | lr=2.4e-03
| Epoch  62, time= 30.6s | Train: skip eval | Valid: time=  2.3s loss=16.878, TAw acc= 91.8% | lr=2.3e-03
| Epoch  63, time= 30.8s | Train: skip eval | Valid: time=  2.0s loss=16.833, TAw acc= 92.5% | * lr=2.1e-03
| Epoch  64, time= 36.4s | Train: skip eval | Valid: time=  2.4s loss=16.836, TAw acc= 92.0% | lr=2.0e-03
| Epoch  65, time= 32.6s | Train: skip eval | Valid: time=  1.9s loss=16.831, TAw acc= 92.5% | * lr=1.9e-03
| Epoch  66, time= 35.6s | Train: skip eval | Valid: time=  2.0s loss=16.821, TAw acc= 92.2% | * lr=1.7e-03
| Epoch  67, time= 29.3s | Train: skip eval | Valid: time=  2.0s loss=16.889, TAw acc= 91.5% | lr=1.6e-03
| Epoch  68, time= 32.7s | Train: skip eval | Valid: time=  2.2s loss=16.819, TAw acc= 92.5% | * lr=1.5e-03
| Epoch  69, time= 32.0s | Train: skip eval | Valid: time=  1.9s loss=16.841, TAw acc= 92.2% | lr=1.4e-03
| Epoch  70, time= 34.1s | Train: skip eval | Valid: time=  2.3s loss=16.819, TAw acc= 92.5% | * lr=1.3e-03
| Epoch  71, time= 30.8s | Train: skip eval | Valid: time=  2.0s loss=16.819, TAw acc= 92.5% | * lr=1.1e-03
| Epoch  72, time= 30.3s | Train: skip eval | Valid: time=  2.1s loss=16.828, TAw acc= 92.8% | lr=1.0e-03
| Epoch  73, time= 34.3s | Train: skip eval | Valid: time=  2.0s loss=16.821, TAw acc= 92.2% | lr=9.5e-04
| Epoch  74, time= 30.1s | Train: skip eval | Valid: time=  2.0s loss=16.822, TAw acc= 92.2% | lr=8.5e-04
| Epoch  75, time= 35.7s | Train: skip eval | Valid: time=  2.1s loss=16.819, TAw acc= 92.8% | * lr=7.6e-04
| Epoch  76, time= 29.8s | Train: skip eval | Valid: time=  1.9s loss=16.814, TAw acc= 92.5% | * lr=6.8e-04
| Epoch  77, time= 32.7s | Train: skip eval | Valid: time=  2.0s loss=16.825, TAw acc= 91.8% | lr=6.0e-04
| Epoch  78, time= 30.9s | Train: skip eval | Valid: time=  1.9s loss=16.810, TAw acc= 92.8% | * lr=5.3e-04
| Epoch  79, time= 35.4s | Train: skip eval | Valid: time=  2.0s loss=16.812, TAw acc= 92.5% | lr=4.6e-04
| Epoch  80, time= 34.0s | Train: skip eval | Valid: time=  2.1s loss=16.814, TAw acc= 92.5% | lr=4.0e-04
| Epoch  81, time= 30.6s | Train: skip eval | Valid: time=  2.1s loss=16.812, TAw acc= 92.5% | lr=3.4e-04
| Epoch  82, time= 33.2s | Train: skip eval | Valid: time=  2.0s loss=16.809, TAw acc= 92.5% | * lr=2.9e-04
| Epoch  83, time= 32.7s | Train: skip eval | Valid: time=  2.4s loss=16.809, TAw acc= 92.8% | * lr=2.5e-04
| Epoch  84, time= 29.8s | Train: skip eval | Valid: time=  1.9s loss=16.809, TAw acc= 92.5% | * lr=2.1e-04
| Epoch  85, time= 31.7s | Train: skip eval | Valid: time=  1.9s loss=16.809, TAw acc= 92.5% | * lr=1.8e-04
| Epoch  86, time= 30.1s | Train: skip eval | Valid: time=  2.1s loss=16.808, TAw acc= 92.5% | * lr=1.5e-04
| Epoch  87, time= 34.3s | Train: skip eval | Valid: time=  2.5s loss=16.809, TAw acc= 92.5% | lr=1.3e-04
| Epoch  88, time= 33.1s | Train: skip eval | Valid: time=  2.0s loss=16.810, TAw acc= 92.5% | lr=1.1e-04
| Epoch  89, time= 31.8s | Train: skip eval | Valid: time=  2.3s loss=16.809, TAw acc= 92.5% | lr=1.0e-04
| Epoch  90, time= 35.2s | Train: skip eval | Valid: time=  2.1s loss=16.809, TAw acc= 92.5% | lr=1.0e-04
| Selected 4060 train exemplars, time=  4.3s
------------------------------------------------------------------------------------------------------------
>>> Test on task  0 : loss=1.981 | TAw acc= 93.4%, forg=  0.0% | TAg acc= 71.3%, forg= 20.6% <<<
>>> Test on task  1 : loss=5.842 | TAw acc= 89.0%, forg=  0.1% | TAg acc= 65.5%, forg= 11.0% <<<
>>> Test on task  2 : loss=8.268 | TAw acc= 91.1%, forg=  0.2% | TAg acc= 72.1%, forg=  4.8% <<<
>>> Test on task  3 : loss=11.831 | TAw acc= 85.2%, forg= -0.4% | TAg acc= 58.9%, forg=  9.4% <<<
>>> Test on task  4 : loss=13.874 | TAw acc= 86.0%, forg=  0.7% | TAg acc= 65.8%, forg=  4.7% <<<
>>> Test on task  5 : loss=15.358 | TAw acc= 83.4%, forg= -0.5% | TAg acc= 61.9%, forg=  1.2% <<<
>>> Test on task  6 : loss=16.838 | TAw acc= 89.8%, forg=  0.0% | TAg acc= 71.4%, forg=  0.0% <<<
Save at ./results/./results/vit_small_patch16_224.augreg_in1k/inat200/icarl/10
************************************************************************************************************
TAw Acc
	 91.9%   0.0%   0.0%   0.0%   0.0%   0.0%   0.0%   0.0%   0.0%   0.0%   0.0%   0.0%   0.0%   0.0%   0.0%   0.0%   0.0%   0.0%   0.0%   0.0% 	Avg.: 91.9% 
	 93.1%  88.3%   0.0%   0.0%   0.0%   0.0%   0.0%   0.0%   0.0%   0.0%   0.0%   0.0%   0.0%   0.0%   0.0%   0.0%   0.0%   0.0%   0.0%   0.0% 	Avg.: 90.7% 
	 93.3%  88.2%  89.2%   0.0%   0.0%   0.0%   0.0%   0.0%   0.0%   0.0%   0.0%   0.0%   0.0%   0.0%   0.0%   0.0%   0.0%   0.0%   0.0%   0.0% 	Avg.: 90.2% 
	 93.4%  88.6%  90.4%  84.8%   0.0%   0.0%   0.0%   0.0%   0.0%   0.0%   0.0%   0.0%   0.0%   0.0%   0.0%   0.0%   0.0%   0.0%   0.0%   0.0% 	Avg.: 89.3% 
	 93.3%  88.9%  90.8%  84.7%  86.1%   0.0%   0.0%   0.0%   0.0%   0.0%   0.0%   0.0%   0.0%   0.0%   0.0%   0.0%   0.0%   0.0%   0.0%   0.0% 	Avg.: 88.8% 
	 93.4%  89.1%  91.3%  84.2%  86.7%  82.9%   0.0%   0.0%   0.0%   0.0%   0.0%   0.0%   0.0%   0.0%   0.0%   0.0%   0.0%   0.0%   0.0%   0.0% 	Avg.: 87.9% 
	 93.4%  89.0%  91.1%  85.2%  86.0%  83.4%  89.8%   0.0%   0.0%   0.0%   0.0%   0.0%   0.0%   0.0%   0.0%   0.0%   0.0%   0.0%   0.0%   0.0% 	Avg.: 88.3% 
	  0.0%   0.0%   0.0%   0.0%   0.0%   0.0%   0.0%   0.0%   0.0%   0.0%   0.0%   0.0%   0.0%   0.0%   0.0%   0.0%   0.0%   0.0%   0.0%   0.0% 	Avg.:  0.0% 
	  0.0%   0.0%   0.0%   0.0%   0.0%   0.0%   0.0%   0.0%   0.0%   0.0%   0.0%   0.0%   0.0%   0.0%   0.0%   0.0%   0.0%   0.0%   0.0%   0.0% 	Avg.:  0.0% 
	  0.0%   0.0%   0.0%   0.0%   0.0%   0.0%   0.0%   0.0%   0.0%   0.0%   0.0%   0.0%   0.0%   0.0%   0.0%   0.0%   0.0%   0.0%   0.0%   0.0% 	Avg.:  0.0% 
	  0.0%   0.0%   0.0%   0.0%   0.0%   0.0%   0.0%   0.0%   0.0%   0.0%   0.0%   0.0%   0.0%   0.0%   0.0%   0.0%   0.0%   0.0%   0.0%   0.0% 	Avg.:  0.0% 
	  0.0%   0.0%   0.0%   0.0%   0.0%   0.0%   0.0%   0.0%   0.0%   0.0%   0.0%   0.0%   0.0%   0.0%   0.0%   0.0%   0.0%   0.0%   0.0%   0.0% 	Avg.:  0.0% 
	  0.0%   0.0%   0.0%   0.0%   0.0%   0.0%   0.0%   0.0%   0.0%   0.0%   0.0%   0.0%   0.0%   0.0%   0.0%   0.0%   0.0%   0.0%   0.0%   0.0% 	Avg.:  0.0% 
	  0.0%   0.0%   0.0%   0.0%   0.0%   0.0%   0.0%   0.0%   0.0%   0.0%   0.0%   0.0%   0.0%   0.0%   0.0%   0.0%   0.0%   0.0%   0.0%   0.0% 	Avg.:  0.0% 
	  0.0%   0.0%   0.0%   0.0%   0.0%   0.0%   0.0%   0.0%   0.0%   0.0%   0.0%   0.0%   0.0%   0.0%   0.0%   0.0%   0.0%   0.0%   0.0%   0.0% 	Avg.:  0.0% 
	  0.0%   0.0%   0.0%   0.0%   0.0%   0.0%   0.0%   0.0%   0.0%   0.0%   0.0%   0.0%   0.0%   0.0%   0.0%   0.0%   0.0%   0.0%   0.0%   0.0% 	Avg.:  0.0% 
	  0.0%   0.0%   0.0%   0.0%   0.0%   0.0%   0.0%   0.0%   0.0%   0.0%   0.0%   0.0%   0.0%   0.0%   0.0%   0.0%   0.0%   0.0%   0.0%   0.0% 	Avg.:  0.0% 
	  0.0%   0.0%   0.0%   0.0%   0.0%   0.0%   0.0%   0.0%   0.0%   0.0%   0.0%   0.0%   0.0%   0.0%   0.0%   0.0%   0.0%   0.0%   0.0%   0.0% 	Avg.:  0.0% 
	  0.0%   0.0%   0.0%   0.0%   0.0%   0.0%   0.0%   0.0%   0.0%   0.0%   0.0%   0.0%   0.0%   0.0%   0.0%   0.0%   0.0%   0.0%   0.0%   0.0% 	Avg.:  0.0% 
	  0.0%   0.0%   0.0%   0.0%   0.0%   0.0%   0.0%   0.0%   0.0%   0.0%   0.0%   0.0%   0.0%   0.0%   0.0%   0.0%   0.0%   0.0%   0.0%   0.0% 	Avg.:  0.0% 
************************************************************************************************************
TAg Acc
	 91.9%   0.0%   0.0%   0.0%   0.0%   0.0%   0.0%   0.0%   0.0%   0.0%   0.0%   0.0%   0.0%   0.0%   0.0%   0.0%   0.0%   0.0%   0.0%   0.0% 	Avg.: 91.9% 
	 89.7%  76.5%   0.0%   0.0%   0.0%   0.0%   0.0%   0.0%   0.0%   0.0%   0.0%   0.0%   0.0%   0.0%   0.0%   0.0%   0.0%   0.0%   0.0%   0.0% 	Avg.: 83.1% 
	 85.5%  75.1%  76.9%   0.0%   0.0%   0.0%   0.0%   0.0%   0.0%   0.0%   0.0%   0.0%   0.0%   0.0%   0.0%   0.0%   0.0%   0.0%   0.0%   0.0% 	Avg.: 79.2% 
	 84.9%  72.7%  76.8%  68.3%   0.0%   0.0%   0.0%   0.0%   0.0%   0.0%   0.0%   0.0%   0.0%   0.0%   0.0%   0.0%   0.0%   0.0%   0.0%   0.0% 	Avg.: 75.7% 
	 79.4%  69.1%  75.0%  63.2%  70.5%   0.0%   0.0%   0.0%   0.0%   0.0%   0.0%   0.0%   0.0%   0.0%   0.0%   0.0%   0.0%   0.0%   0.0%   0.0% 	Avg.: 71.4% 
	 75.8%  68.9%  73.7%  58.7%  66.3%  63.1%   0.0%   0.0%   0.0%   0.0%   0.0%   0.0%   0.0%   0.0%   0.0%   0.0%   0.0%   0.0%   0.0%   0.0% 	Avg.: 67.8% 
	 71.3%  65.5%  72.1%  58.9%  65.8%  61.9%  71.4%   0.0%   0.0%   0.0%   0.0%   0.0%   0.0%   0.0%   0.0%   0.0%   0.0%   0.0%   0.0%   0.0% 	Avg.: 66.7% 
	  0.0%   0.0%   0.0%   0.0%   0.0%   0.0%   0.0%   0.0%   0.0%   0.0%   0.0%   0.0%   0.0%   0.0%   0.0%   0.0%   0.0%   0.0%   0.0%   0.0% 	Avg.:  0.0% 
	  0.0%   0.0%   0.0%   0.0%   0.0%   0.0%   0.0%   0.0%   0.0%   0.0%   0.0%   0.0%   0.0%   0.0%   0.0%   0.0%   0.0%   0.0%   0.0%   0.0% 	Avg.:  0.0% 
	  0.0%   0.0%   0.0%   0.0%   0.0%   0.0%   0.0%   0.0%   0.0%   0.0%   0.0%   0.0%   0.0%   0.0%   0.0%   0.0%   0.0%   0.0%   0.0%   0.0% 	Avg.:  0.0% 
	  0.0%   0.0%   0.0%   0.0%   0.0%   0.0%   0.0%   0.0%   0.0%   0.0%   0.0%   0.0%   0.0%   0.0%   0.0%   0.0%   0.0%   0.0%   0.0%   0.0% 	Avg.:  0.0% 
	  0.0%   0.0%   0.0%   0.0%   0.0%   0.0%   0.0%   0.0%   0.0%   0.0%   0.0%   0.0%   0.0%   0.0%   0.0%   0.0%   0.0%   0.0%   0.0%   0.0% 	Avg.:  0.0% 
	  0.0%   0.0%   0.0%   0.0%   0.0%   0.0%   0.0%   0.0%   0.0%   0.0%   0.0%   0.0%   0.0%   0.0%   0.0%   0.0%   0.0%   0.0%   0.0%   0.0% 	Avg.:  0.0% 
	  0.0%   0.0%   0.0%   0.0%   0.0%   0.0%   0.0%   0.0%   0.0%   0.0%   0.0%   0.0%   0.0%   0.0%   0.0%   0.0%   0.0%   0.0%   0.0%   0.0% 	Avg.:  0.0% 
	  0.0%   0.0%   0.0%   0.0%   0.0%   0.0%   0.0%   0.0%   0.0%   0.0%   0.0%   0.0%   0.0%   0.0%   0.0%   0.0%   0.0%   0.0%   0.0%   0.0% 	Avg.:  0.0% 
	  0.0%   0.0%   0.0%   0.0%   0.0%   0.0%   0.0%   0.0%   0.0%   0.0%   0.0%   0.0%   0.0%   0.0%   0.0%   0.0%   0.0%   0.0%   0.0%   0.0% 	Avg.:  0.0% 
	  0.0%   0.0%   0.0%   0.0%   0.0%   0.0%   0.0%   0.0%   0.0%   0.0%   0.0%   0.0%   0.0%   0.0%   0.0%   0.0%   0.0%   0.0%   0.0%   0.0% 	Avg.:  0.0% 
	  0.0%   0.0%   0.0%   0.0%   0.0%   0.0%   0.0%   0.0%   0.0%   0.0%   0.0%   0.0%   0.0%   0.0%   0.0%   0.0%   0.0%   0.0%   0.0%   0.0% 	Avg.:  0.0% 
	  0.0%   0.0%   0.0%   0.0%   0.0%   0.0%   0.0%   0.0%   0.0%   0.0%   0.0%   0.0%   0.0%   0.0%   0.0%   0.0%   0.0%   0.0%   0.0%   0.0% 	Avg.:  0.0% 
	  0.0%   0.0%   0.0%   0.0%   0.0%   0.0%   0.0%   0.0%   0.0%   0.0%   0.0%   0.0%   0.0%   0.0%   0.0%   0.0%   0.0%   0.0%   0.0%   0.0% 	Avg.:  0.0% 
************************************************************************************************************
TAw Forg
	  0.0%   0.0%   0.0%   0.0%   0.0%   0.0%   0.0%   0.0%   0.0%   0.0%   0.0%   0.0%   0.0%   0.0%   0.0%   0.0%   0.0%   0.0%   0.0%   0.0% 
	 -1.2%   0.0%   0.0%   0.0%   0.0%   0.0%   0.0%   0.0%   0.0%   0.0%   0.0%   0.0%   0.0%   0.0%   0.0%   0.0%   0.0%   0.0%   0.0%   0.0% 	Avg.: -1.2% 
	 -0.2%   0.1%   0.0%   0.0%   0.0%   0.0%   0.0%   0.0%   0.0%   0.0%   0.0%   0.0%   0.0%   0.0%   0.0%   0.0%   0.0%   0.0%   0.0%   0.0% 	Avg.: -0.1% 
	 -0.1%  -0.3%  -1.2%   0.0%   0.0%   0.0%   0.0%   0.0%   0.0%   0.0%   0.0%   0.0%   0.0%   0.0%   0.0%   0.0%   0.0%   0.0%   0.0%   0.0% 	Avg.: -0.5% 
	  0.1%  -0.3%  -0.4%   0.1%   0.0%   0.0%   0.0%   0.0%   0.0%   0.0%   0.0%   0.0%   0.0%   0.0%   0.0%   0.0%   0.0%   0.0%   0.0%   0.0% 	Avg.: -0.1% 
	  0.0%  -0.2%  -0.5%   0.6%  -0.6%   0.0%   0.0%   0.0%   0.0%   0.0%   0.0%   0.0%   0.0%   0.0%   0.0%   0.0%   0.0%   0.0%   0.0%   0.0% 	Avg.: -0.1% 
	  0.0%   0.1%   0.2%  -0.4%   0.7%  -0.5%   0.0%   0.0%   0.0%   0.0%   0.0%   0.0%   0.0%   0.0%   0.0%   0.0%   0.0%   0.0%   0.0%   0.0% 	Avg.:  0.0% 
	  0.0%   0.0%   0.0%   0.0%   0.0%   0.0%   0.0%   0.0%   0.0%   0.0%   0.0%   0.0%   0.0%   0.0%   0.0%   0.0%   0.0%   0.0%   0.0%   0.0% 	Avg.:  0.0% 
	  0.0%   0.0%   0.0%   0.0%   0.0%   0.0%   0.0%   0.0%   0.0%   0.0%   0.0%   0.0%   0.0%   0.0%   0.0%   0.0%   0.0%   0.0%   0.0%   0.0% 	Avg.:  0.0% 
	  0.0%   0.0%   0.0%   0.0%   0.0%   0.0%   0.0%   0.0%   0.0%   0.0%   0.0%   0.0%   0.0%   0.0%   0.0%   0.0%   0.0%   0.0%   0.0%   0.0% 	Avg.:  0.0% 
	  0.0%   0.0%   0.0%   0.0%   0.0%   0.0%   0.0%   0.0%   0.0%   0.0%   0.0%   0.0%   0.0%   0.0%   0.0%   0.0%   0.0%   0.0%   0.0%   0.0% 	Avg.:  0.0% 
	  0.0%   0.0%   0.0%   0.0%   0.0%   0.0%   0.0%   0.0%   0.0%   0.0%   0.0%   0.0%   0.0%   0.0%   0.0%   0.0%   0.0%   0.0%   0.0%   0.0% 	Avg.:  0.0% 
	  0.0%   0.0%   0.0%   0.0%   0.0%   0.0%   0.0%   0.0%   0.0%   0.0%   0.0%   0.0%   0.0%   0.0%   0.0%   0.0%   0.0%   0.0%   0.0%   0.0% 	Avg.:  0.0% 
	  0.0%   0.0%   0.0%   0.0%   0.0%   0.0%   0.0%   0.0%   0.0%   0.0%   0.0%   0.0%   0.0%   0.0%   0.0%   0.0%   0.0%   0.0%   0.0%   0.0% 	Avg.:  0.0% 
	  0.0%   0.0%   0.0%   0.0%   0.0%   0.0%   0.0%   0.0%   0.0%   0.0%   0.0%   0.0%   0.0%   0.0%   0.0%   0.0%   0.0%   0.0%   0.0%   0.0% 	Avg.:  0.0% 
	  0.0%   0.0%   0.0%   0.0%   0.0%   0.0%   0.0%   0.0%   0.0%   0.0%   0.0%   0.0%   0.0%   0.0%   0.0%   0.0%   0.0%   0.0%   0.0%   0.0% 	Avg.:  0.0% 
	  0.0%   0.0%   0.0%   0.0%   0.0%   0.0%   0.0%   0.0%   0.0%   0.0%   0.0%   0.0%   0.0%   0.0%   0.0%   0.0%   0.0%   0.0%   0.0%   0.0% 	Avg.:  0.0% 
	  0.0%   0.0%   0.0%   0.0%   0.0%   0.0%   0.0%   0.0%   0.0%   0.0%   0.0%   0.0%   0.0%   0.0%   0.0%   0.0%   0.0%   0.0%   0.0%   0.0% 	Avg.:  0.0% 
	  0.0%   0.0%   0.0%   0.0%   0.0%   0.0%   0.0%   0.0%   0.0%   0.0%   0.0%   0.0%   0.0%   0.0%   0.0%   0.0%   0.0%   0.0%   0.0%   0.0% 	Avg.:  0.0% 
	  0.0%   0.0%   0.0%   0.0%   0.0%   0.0%   0.0%   0.0%   0.0%   0.0%   0.0%   0.0%   0.0%   0.0%   0.0%   0.0%   0.0%   0.0%   0.0%   0.0% 	Avg.:  0.0% 
************************************************************************************************************
TAg Forg
	  0.0%   0.0%   0.0%   0.0%   0.0%   0.0%   0.0%   0.0%   0.0%   0.0%   0.0%   0.0%   0.0%   0.0%   0.0%   0.0%   0.0%   0.0%   0.0%   0.0% 
	  2.2%   0.0%   0.0%   0.0%   0.0%   0.0%   0.0%   0.0%   0.0%   0.0%   0.0%   0.0%   0.0%   0.0%   0.0%   0.0%   0.0%   0.0%   0.0%   0.0% 	Avg.:  2.2% 
	  6.4%   1.4%   0.0%   0.0%   0.0%   0.0%   0.0%   0.0%   0.0%   0.0%   0.0%   0.0%   0.0%   0.0%   0.0%   0.0%   0.0%   0.0%   0.0%   0.0% 	Avg.:  3.9% 
	  7.0%   3.8%   0.1%   0.0%   0.0%   0.0%   0.0%   0.0%   0.0%   0.0%   0.0%   0.0%   0.0%   0.0%   0.0%   0.0%   0.0%   0.0%   0.0%   0.0% 	Avg.:  3.6% 
	 12.5%   7.4%   1.9%   5.1%   0.0%   0.0%   0.0%   0.0%   0.0%   0.0%   0.0%   0.0%   0.0%   0.0%   0.0%   0.0%   0.0%   0.0%   0.0%   0.0% 	Avg.:  6.7% 
	 16.1%   7.6%   3.2%   9.6%   4.2%   0.0%   0.0%   0.0%   0.0%   0.0%   0.0%   0.0%   0.0%   0.0%   0.0%   0.0%   0.0%   0.0%   0.0%   0.0% 	Avg.:  8.1% 
	 20.6%  11.0%   4.8%   9.4%   4.7%   1.2%   0.0%   0.0%   0.0%   0.0%   0.0%   0.0%   0.0%   0.0%   0.0%   0.0%   0.0%   0.0%   0.0%   0.0% 	Avg.:  8.6% 
	  0.0%   0.0%   0.0%   0.0%   0.0%   0.0%   0.0%   0.0%   0.0%   0.0%   0.0%   0.0%   0.0%   0.0%   0.0%   0.0%   0.0%   0.0%   0.0%   0.0% 	Avg.:  0.0% 
	  0.0%   0.0%   0.0%   0.0%   0.0%   0.0%   0.0%   0.0%   0.0%   0.0%   0.0%   0.0%   0.0%   0.0%   0.0%   0.0%   0.0%   0.0%   0.0%   0.0% 	Avg.:  0.0% 
	  0.0%   0.0%   0.0%   0.0%   0.0%   0.0%   0.0%   0.0%   0.0%   0.0%   0.0%   0.0%   0.0%   0.0%   0.0%   0.0%   0.0%   0.0%   0.0%   0.0% 	Avg.:  0.0% 
	  0.0%   0.0%   0.0%   0.0%   0.0%   0.0%   0.0%   0.0%   0.0%   0.0%   0.0%   0.0%   0.0%   0.0%   0.0%   0.0%   0.0%   0.0%   0.0%   0.0% 	Avg.:  0.0% 
	  0.0%   0.0%   0.0%   0.0%   0.0%   0.0%   0.0%   0.0%   0.0%   0.0%   0.0%   0.0%   0.0%   0.0%   0.0%   0.0%   0.0%   0.0%   0.0%   0.0% 	Avg.:  0.0% 
	  0.0%   0.0%   0.0%   0.0%   0.0%   0.0%   0.0%   0.0%   0.0%   0.0%   0.0%   0.0%   0.0%   0.0%   0.0%   0.0%   0.0%   0.0%   0.0%   0.0% 	Avg.:  0.0% 
	  0.0%   0.0%   0.0%   0.0%   0.0%   0.0%   0.0%   0.0%   0.0%   0.0%   0.0%   0.0%   0.0%   0.0%   0.0%   0.0%   0.0%   0.0%   0.0%   0.0% 	Avg.:  0.0% 
	  0.0%   0.0%   0.0%   0.0%   0.0%   0.0%   0.0%   0.0%   0.0%   0.0%   0.0%   0.0%   0.0%   0.0%   0.0%   0.0%   0.0%   0.0%   0.0%   0.0% 	Avg.:  0.0% 
	  0.0%   0.0%   0.0%   0.0%   0.0%   0.0%   0.0%   0.0%   0.0%   0.0%   0.0%   0.0%   0.0%   0.0%   0.0%   0.0%   0.0%   0.0%   0.0%   0.0% 	Avg.:  0.0% 
	  0.0%   0.0%   0.0%   0.0%   0.0%   0.0%   0.0%   0.0%   0.0%   0.0%   0.0%   0.0%   0.0%   0.0%   0.0%   0.0%   0.0%   0.0%   0.0%   0.0% 	Avg.:  0.0% 
	  0.0%   0.0%   0.0%   0.0%   0.0%   0.0%   0.0%   0.0%   0.0%   0.0%   0.0%   0.0%   0.0%   0.0%   0.0%   0.0%   0.0%   0.0%   0.0%   0.0% 	Avg.:  0.0% 
	  0.0%   0.0%   0.0%   0.0%   0.0%   0.0%   0.0%   0.0%   0.0%   0.0%   0.0%   0.0%   0.0%   0.0%   0.0%   0.0%   0.0%   0.0%   0.0%   0.0% 	Avg.:  0.0% 
	  0.0%   0.0%   0.0%   0.0%   0.0%   0.0%   0.0%   0.0%   0.0%   0.0%   0.0%   0.0%   0.0%   0.0%   0.0%   0.0%   0.0%   0.0%   0.0%   0.0% 	Avg.:  0.0% 
************************************************************************************************************
[Elapsed time = 0.9 h]
Done!
