START_TASK=11 STOP_TASK=12
============================================================================================================
Arguments =
	all_outputs: False
	approach: icarl
	batch_size: 64
	classes_first_task: None
	clipping: 10000
	crop: 224
	data_path: ../data/inat200
	dataset: inat200
	eval_on_train: False
	experiment_path: None
	fix_bn: False
	freeze_backbone: False
	gpu: 0
	gpus: [0]
	increment: 10
	last_layer_analysis: False
	log: ['disk']
	lr: 0.01
	lr_factor: None
	lr_min: 0.0001
	lr_patience: None
	lr_scheduler: cosine
	lr_warmup_epochs: 0
	momentum: 0.0
	multi_softmax: False
	nepochs: 90
	network: vit_small_patch16_224.augreg_in1k
	no_cudnn_deterministic: False
	normalize: in1k
	num_workers: 2
	optimizer_name: sgd
	pin_memory: False
	pretrained: True
	resize: 224
	results_path: ./results
	save_models: True
	seed: 0
	start_at_task: 11
	start_epoch: 0
	stop_at_task: 12
	stop_epoch: 0
	use_valid_only: False
	warmup_lr_factor: 1.0
	warmup_nepochs: 0
	weight_decay: 0.0
============================================================================================================
Approach arguments =
	lamb: 1.0
============================================================================================================
Exemplars arguments =
	exemplar_selection: random
	num_exemplars: 4000
============================================================================================================
WARNING: ./results/vit_small_patch16_224.augreg_in1k/inat200/icarl/10 already exists!
Loaded acc_taw from: ./results/vit_small_patch16_224.augreg_in1k/inat200/icarl/10/acc_taw-10.txt
Loaded acc_tag from: ./results/vit_small_patch16_224.augreg_in1k/inat200/icarl/10/acc_tag-10.txt
Loaded forg_taw from: ./results/vit_small_patch16_224.augreg_in1k/inat200/icarl/10/forg_taw-10.txt
Loaded forg_tag from: ./results/vit_small_patch16_224.augreg_in1k/inat200/icarl/10/forg_tag-10.txt
Loaded 4070 exemplars from ./results/vit_small_patch16_224.augreg_in1k/inat200/icarl/10/task10_exemplars.pth
Loaded 110 exemplar means from ./results/vit_small_patch16_224.augreg_in1k/inat200/icarl/10/task10_exemplar_means.pth
************************************************************************************************************
Task 11  [epochs 0-90]
************************************************************************************************************
[params] total:21,711,864  trainable:21,711,864  tensors:174  trainable_tensors:174
| Epoch   1, time= 33.6s | Train: skip eval | Valid: time=  2.0s loss=19.940, TAw acc= 89.2% | * lr=1.0e-02
| Epoch   2, time= 30.5s | Train: skip eval | Valid: time=  2.1s loss=19.315, TAw acc= 90.8% | * lr=1.0e-02
| Epoch   3, time= 31.8s | Train: skip eval | Valid: time=  2.3s loss=18.998, TAw acc= 90.8% | * lr=1.0e-02
| Epoch   4, time= 30.6s | Train: skip eval | Valid: time=  1.9s loss=18.961, TAw acc= 92.0% | * lr=1.0e-02
| Epoch   5, time= 33.1s | Train: skip eval | Valid: time=  2.1s loss=18.788, TAw acc= 91.0% | * lr=9.9e-03
| Epoch   6, time= 29.3s | Train: skip eval | Valid: time=  2.3s loss=19.048, TAw acc= 92.2% | lr=9.9e-03
| Epoch   7, time= 29.0s | Train: skip eval | Valid: time=  2.0s loss=18.879, TAw acc= 90.8% | lr=9.9e-03
| Epoch   8, time= 30.8s | Train: skip eval | Valid: time=  2.3s loss=18.716, TAw acc= 92.5% | * lr=9.8e-03
| Epoch   9, time= 33.0s | Train: skip eval | Valid: time=  2.0s loss=19.240, TAw acc= 91.2% | lr=9.8e-03
| Epoch  10, time= 31.8s | Train: skip eval | Valid: time=  2.0s loss=18.757, TAw acc= 91.8% | lr=9.7e-03
| Epoch  11, time= 33.6s | Train: skip eval | Valid: time=  2.1s loss=18.802, TAw acc= 91.8% | lr=9.6e-03
| Epoch  12, time= 31.9s | Train: skip eval | Valid: time=  2.1s loss=18.779, TAw acc= 91.5% | lr=9.6e-03
| Epoch  13, time= 33.5s | Train: skip eval | Valid: time=  2.0s loss=18.713, TAw acc= 92.2% | * lr=9.5e-03
| Epoch  14, time= 32.5s | Train: skip eval | Valid: time=  2.0s loss=18.651, TAw acc= 92.0% | * lr=9.4e-03
| Epoch  15, time= 30.5s | Train: skip eval | Valid: time=  2.3s loss=18.669, TAw acc= 92.0% | lr=9.3e-03
| Epoch  16, time= 31.9s | Train: skip eval | Valid: time=  2.1s loss=18.662, TAw acc= 91.8% | lr=9.2e-03
| Epoch  17, time= 33.8s | Train: skip eval | Valid: time=  2.0s loss=18.624, TAw acc= 92.0% | * lr=9.2e-03
| Epoch  18, time= 34.4s | Train: skip eval | Valid: time=  2.0s loss=18.625, TAw acc= 91.5% | lr=9.1e-03
| Epoch  19, time= 33.2s | Train: skip eval | Valid: time=  2.0s loss=18.642, TAw acc= 92.0% | lr=9.0e-03
| Epoch  20, time= 32.0s | Train: skip eval | Valid: time=  2.0s loss=18.650, TAw acc= 92.0% | lr=8.8e-03
| Epoch  21, time= 32.7s | Train: skip eval | Valid: time=  2.0s loss=18.612, TAw acc= 92.0% | * lr=8.7e-03
| Epoch  22, time= 31.5s | Train: skip eval | Valid: time=  1.9s loss=18.624, TAw acc= 91.2% | lr=8.6e-03
| Epoch  23, time= 31.7s | Train: skip eval | Valid: time=  2.3s loss=18.637, TAw acc= 91.0% | lr=8.5e-03
| Epoch  24, time= 33.0s | Train: skip eval | Valid: time=  1.9s loss=18.579, TAw acc= 92.2% | * lr=8.4e-03
| Epoch  25, time= 34.8s | Train: skip eval | Valid: time=  2.2s loss=18.607, TAw acc= 92.0% | lr=8.2e-03
| Epoch  26, time= 29.5s | Train: skip eval | Valid: time=  2.1s loss=18.553, TAw acc= 92.2% | * lr=8.1e-03
| Epoch  27, time= 29.5s | Train: skip eval | Valid: time=  2.0s loss=18.550, TAw acc= 92.2% | * lr=8.0e-03
| Epoch  28, time= 30.5s | Train: skip eval | Valid: time=  2.1s loss=18.547, TAw acc= 92.2% | * lr=7.8e-03
| Epoch  29, time= 29.7s | Train: skip eval | Valid: time=  2.1s loss=18.539, TAw acc= 92.5% | * lr=7.7e-03
| Epoch  30, time= 29.8s | Train: skip eval | Valid: time=  2.0s loss=18.568, TAw acc= 91.2% | lr=7.5e-03
| Epoch  31, time= 30.1s | Train: skip eval | Valid: time=  2.0s loss=18.523, TAw acc= 91.5% | * lr=7.4e-03
| Epoch  32, time= 31.1s | Train: skip eval | Valid: time=  2.0s loss=18.549, TAw acc= 91.5% | lr=7.2e-03
| Epoch  33, time= 31.1s | Train: skip eval | Valid: time=  2.5s loss=18.521, TAw acc= 91.8% | * lr=7.1e-03
| Epoch  34, time= 33.4s | Train: skip eval | Valid: time=  2.5s loss=18.522, TAw acc= 91.2% | lr=6.9e-03
| Epoch  35, time= 32.7s | Train: skip eval | Valid: time=  2.2s loss=18.517, TAw acc= 92.8% | * lr=6.7e-03
| Epoch  36, time= 29.3s | Train: skip eval | Valid: time=  2.1s loss=18.508, TAw acc= 91.8% | * lr=6.6e-03
| Epoch  37, time= 29.8s | Train: skip eval | Valid: time=  2.0s loss=18.522, TAw acc= 92.0% | lr=6.4e-03
| Epoch  38, time= 31.0s | Train: skip eval | Valid: time=  2.2s loss=18.520, TAw acc= 92.2% | lr=6.2e-03
| Epoch  39, time= 30.6s | Train: skip eval | Valid: time=  1.9s loss=18.500, TAw acc= 91.8% | * lr=6.1e-03
| Epoch  40, time= 31.3s | Train: skip eval | Valid: time=  2.0s loss=18.507, TAw acc= 91.2% | lr=5.9e-03
| Epoch  41, time= 33.0s | Train: skip eval | Valid: time=  2.3s loss=18.500, TAw acc= 91.8% | lr=5.7e-03
| Epoch  42, time= 33.1s | Train: skip eval | Valid: time=  2.0s loss=18.500, TAw acc= 92.0% | lr=5.6e-03
| Epoch  43, time= 32.1s | Train: skip eval | Valid: time=  2.1s loss=18.489, TAw acc= 91.5% | * lr=5.4e-03
| Epoch  44, time= 33.0s | Train: skip eval | Valid: time=  2.1s loss=18.504, TAw acc= 92.2% | lr=5.2e-03
| Epoch  45, time= 30.4s | Train: skip eval | Valid: time=  2.1s loss=18.491, TAw acc= 91.5% | lr=5.1e-03
| Epoch  46, time= 34.1s | Train: skip eval | Valid: time=  2.1s loss=18.496, TAw acc= 91.8% | lr=4.9e-03
| Epoch  47, time= 30.1s | Train: skip eval | Valid: time=  2.0s loss=18.483, TAw acc= 92.0% | * lr=4.7e-03
| Epoch  48, time= 31.4s | Train: skip eval | Valid: time=  2.0s loss=18.473, TAw acc= 92.5% | * lr=4.5e-03
| Epoch  49, time= 31.3s | Train: skip eval | Valid: time=  2.0s loss=18.490, TAw acc= 92.2% | lr=4.4e-03
| Epoch  50, time= 32.6s | Train: skip eval | Valid: time=  2.0s loss=18.488, TAw acc= 92.2% | lr=4.2e-03
| Epoch  51, time= 30.6s | Train: skip eval | Valid: time=  2.0s loss=18.481, TAw acc= 92.2% | lr=4.0e-03
| Epoch  52, time= 30.5s | Train: skip eval | Valid: time=  1.9s loss=18.478, TAw acc= 92.0% | lr=3.9e-03
| Epoch  53, time= 30.1s | Train: skip eval | Valid: time=  2.1s loss=18.483, TAw acc= 91.8% | lr=3.7e-03
| Epoch  54, time= 29.9s | Train: skip eval | Valid: time=  2.0s loss=18.482, TAw acc= 92.5% | lr=3.5e-03
| Epoch  55, time= 31.9s | Train: skip eval | Valid: time=  2.0s loss=18.464, TAw acc= 92.2% | * lr=3.4e-03
| Epoch  56, time= 34.4s | Train: skip eval | Valid: time=  1.9s loss=18.479, TAw acc= 91.8% | lr=3.2e-03
| Epoch  57, time= 30.8s | Train: skip eval | Valid: time=  2.5s loss=18.473, TAw acc= 92.5% | lr=3.0e-03
| Epoch  58, time= 32.5s | Train: skip eval | Valid: time=  2.1s loss=18.472, TAw acc= 92.2% | lr=2.9e-03
| Epoch  59, time= 29.1s | Train: skip eval | Valid: time=  2.2s loss=18.473, TAw acc= 92.0% | lr=2.7e-03
| Epoch  60, time= 33.8s | Train: skip eval | Valid: time=  2.0s loss=18.468, TAw acc= 92.0% | lr=2.6e-03
| Epoch  61, time= 31.0s | Train: skip eval | Valid: time=  2.0s loss=18.469, TAw acc= 92.2% | lr=2.4e-03
| Epoch  62, time= 31.9s | Train: skip eval | Valid: time=  2.3s loss=18.462, TAw acc= 92.0% | * lr=2.3e-03
| Epoch  63, time= 33.1s | Train: skip eval | Valid: time=  2.0s loss=18.465, TAw acc= 92.0% | lr=2.1e-03
| Epoch  64, time= 30.5s | Train: skip eval | Valid: time=  2.0s loss=18.464, TAw acc= 92.0% | lr=2.0e-03
| Epoch  65, time= 30.9s | Train: skip eval | Valid: time=  2.2s loss=18.456, TAw acc= 91.8% | * lr=1.9e-03
| Epoch  66, time= 32.4s | Train: skip eval | Valid: time=  2.3s loss=18.458, TAw acc= 91.8% | lr=1.7e-03
| Epoch  67, time= 29.5s | Train: skip eval | Valid: time=  2.0s loss=18.464, TAw acc= 92.0% | lr=1.6e-03
| Epoch  68, time= 30.4s | Train: skip eval | Valid: time=  2.0s loss=18.459, TAw acc= 92.0% | lr=1.5e-03
| Epoch  69, time= 30.6s | Train: skip eval | Valid: time=  2.3s loss=18.457, TAw acc= 91.8% | lr=1.4e-03
| Epoch  70, time= 33.1s | Train: skip eval | Valid: time=  2.1s loss=18.455, TAw acc= 92.0% | * lr=1.3e-03
| Epoch  71, time= 32.9s | Train: skip eval | Valid: time=  1.9s loss=18.455, TAw acc= 91.8% | lr=1.1e-03
| Epoch  72, time= 29.6s | Train: skip eval | Valid: time=  1.9s loss=18.458, TAw acc= 92.2% | lr=1.0e-03
| Epoch  73, time= 34.0s | Train: skip eval | Valid: time=  1.9s loss=18.456, TAw acc= 92.2% | lr=9.5e-04
| Epoch  74, time= 33.8s | Train: skip eval | Valid: time=  2.0s loss=18.453, TAw acc= 92.0% | * lr=8.5e-04
| Epoch  75, time= 32.9s | Train: skip eval | Valid: time=  2.3s loss=18.455, TAw acc= 92.2% | lr=7.6e-04
| Epoch  76, time= 32.9s | Train: skip eval | Valid: time=  2.0s loss=18.456, TAw acc= 92.0% | lr=6.8e-04
| Epoch  77, time= 30.7s | Train: skip eval | Valid: time=  2.2s loss=18.454, TAw acc= 92.2% | lr=6.0e-04
| Epoch  78, time= 34.4s | Train: skip eval | Valid: time=  2.3s loss=18.454, TAw acc= 92.2% | lr=5.3e-04
| Epoch  79, time= 30.8s | Train: skip eval | Valid: time=  2.5s loss=18.453, TAw acc= 92.2% | lr=4.6e-04
| Epoch  80, time= 29.9s | Train: skip eval | Valid: time=  2.3s loss=18.456, TAw acc= 92.0% | lr=4.0e-04
| Epoch  81, time= 28.8s | Train: skip eval | Valid: time=  2.0s loss=18.455, TAw acc= 92.0% | lr=3.4e-04
| Epoch  82, time= 30.3s | Train: skip eval | Valid: time=  2.2s loss=18.454, TAw acc= 91.8% | lr=2.9e-04
| Epoch  83, time= 32.4s | Train: skip eval | Valid: time=  2.2s loss=18.455, TAw acc= 91.8% | lr=2.5e-04
| Epoch  84, time= 33.1s | Train: skip eval | Valid: time=  2.0s loss=18.455, TAw acc= 92.0% | lr=2.1e-04
| Epoch  85, time= 28.9s | Train: skip eval | Valid: time=  2.0s loss=18.454, TAw acc= 92.0% | lr=1.8e-04
| Epoch  86, time= 30.3s | Train: skip eval | Valid: time=  2.0s loss=18.454, TAw acc= 92.0% | lr=1.5e-04
| Epoch  87, time= 31.9s | Train: skip eval | Valid: time=  1.9s loss=18.455, TAw acc= 92.0% | lr=1.3e-04
| Epoch  88, time= 31.6s | Train: skip eval | Valid: time=  2.1s loss=18.455, TAw acc= 92.0% | lr=1.1e-04
| Epoch  89, time= 30.5s | Train: skip eval | Valid: time=  2.0s loss=18.455, TAw acc= 92.0% | lr=1.0e-04
| Epoch  90, time= 32.9s | Train: skip eval | Valid: time=  2.2s loss=18.455, TAw acc= 92.0% | lr=1.0e-04
| Selected 4080 train exemplars, time=  3.7s
------------------------------------------------------------------------------------------------------------
>>> Test on task  0 : loss=3.465 | TAw acc= 93.8%, forg=  0.0% | TAg acc= 63.0%, forg= 28.9% <<<
>>> Test on task  1 : loss=7.523 | TAw acc= 89.2%, forg=  0.3% | TAg acc= 55.7%, forg= 20.8% <<<
>>> Test on task  2 : loss=9.303 | TAw acc= 91.8%, forg=  0.3% | TAg acc= 66.4%, forg= 10.5% <<<
>>> Test on task  3 : loss=13.364 | TAw acc= 85.6%, forg= -0.4% | TAg acc= 51.5%, forg= 16.8% <<<
>>> Test on task  4 : loss=15.490 | TAw acc= 88.6%, forg= -0.1% | TAg acc= 50.6%, forg= 19.9% <<<
>>> Test on task  5 : loss=16.803 | TAw acc= 83.9%, forg=  0.4% | TAg acc= 52.2%, forg= 10.9% <<<
>>> Test on task  6 : loss=17.836 | TAw acc= 88.6%, forg=  1.7% | TAg acc= 66.0%, forg=  5.4% <<<
>>> Test on task  7 : loss=17.670 | TAw acc= 87.0%, forg=  0.5% | TAg acc= 54.9%, forg=  9.2% <<<
>>> Test on task  8 : loss=18.299 | TAw acc= 87.0%, forg= -0.6% | TAg acc= 67.2%, forg=  3.1% <<<
>>> Test on task  9 : loss=18.490 | TAw acc= 86.6%, forg=  0.2% | TAg acc= 59.8%, forg=  4.9% <<<
>>> Test on task 10 : loss=19.363 | TAw acc= 83.2%, forg=  0.3% | TAg acc= 58.9%, forg=  2.9% <<<
>>> Test on task 11 : loss=18.437 | TAw acc= 86.1%, forg=  0.0% | TAg acc= 60.8%, forg=  0.0% <<<
Save at ./results/./results/vit_small_patch16_224.augreg_in1k/inat200/icarl/10
************************************************************************************************************
TAw Acc
	 91.9%   0.0%   0.0%   0.0%   0.0%   0.0%   0.0%   0.0%   0.0%   0.0%   0.0%   0.0%   0.0%   0.0%   0.0%   0.0%   0.0%   0.0%   0.0%   0.0% 	Avg.: 91.9% 
	 93.1%  88.3%   0.0%   0.0%   0.0%   0.0%   0.0%   0.0%   0.0%   0.0%   0.0%   0.0%   0.0%   0.0%   0.0%   0.0%   0.0%   0.0%   0.0%   0.0% 	Avg.: 90.7% 
	 93.3%  88.2%  89.2%   0.0%   0.0%   0.0%   0.0%   0.0%   0.0%   0.0%   0.0%   0.0%   0.0%   0.0%   0.0%   0.0%   0.0%   0.0%   0.0%   0.0% 	Avg.: 90.2% 
	 93.4%  88.6%  90.4%  84.8%   0.0%   0.0%   0.0%   0.0%   0.0%   0.0%   0.0%   0.0%   0.0%   0.0%   0.0%   0.0%   0.0%   0.0%   0.0%   0.0% 	Avg.: 89.3% 
	 93.3%  88.9%  90.8%  84.7%  86.1%   0.0%   0.0%   0.0%   0.0%   0.0%   0.0%   0.0%   0.0%   0.0%   0.0%   0.0%   0.0%   0.0%   0.0%   0.0% 	Avg.: 88.8% 
	 93.4%  89.1%  91.3%  84.2%  86.7%  82.9%   0.0%   0.0%   0.0%   0.0%   0.0%   0.0%   0.0%   0.0%   0.0%   0.0%   0.0%   0.0%   0.0%   0.0% 	Avg.: 87.9% 
	 93.4%  89.0%  91.1%  85.2%  86.0%  83.4%  89.8%   0.0%   0.0%   0.0%   0.0%   0.0%   0.0%   0.0%   0.0%   0.0%   0.0%   0.0%   0.0%   0.0% 	Avg.: 88.3% 
	 93.6%  89.3%  91.8%  84.8%  86.9%  84.1%  90.1%  87.1%   0.0%   0.0%   0.0%   0.0%   0.0%   0.0%   0.0%   0.0%   0.0%   0.0%   0.0%   0.0% 	Avg.: 88.5% 
	 93.5%  89.5%  91.9%  85.0%  87.7%  84.3%  90.3%  87.5%  85.6%   0.0%   0.0%   0.0%   0.0%   0.0%   0.0%   0.0%   0.0%   0.0%   0.0%   0.0% 	Avg.: 88.4% 
	 93.7%  89.1%  92.1%  85.2%  87.2%  84.2%  89.9%  87.1%  86.1%  85.8%   0.0%   0.0%   0.0%   0.0%   0.0%   0.0%   0.0%   0.0%   0.0%   0.0% 	Avg.: 88.0% 
	 93.8%  89.0%  92.1%  85.0%  88.5%  84.3%  89.2%  87.1%  86.4%  86.8%  83.5%   0.0%   0.0%   0.0%   0.0%   0.0%   0.0%   0.0%   0.0%   0.0% 	Avg.: 87.8% 
	 93.8%  89.2%  91.8%  85.6%  88.6%  83.9%  88.6%  87.0%  87.0%  86.6%  83.2%  86.1%   0.0%   0.0%   0.0%   0.0%   0.0%   0.0%   0.0%   0.0% 	Avg.: 87.6% 
	  0.0%   0.0%   0.0%   0.0%   0.0%   0.0%   0.0%   0.0%   0.0%   0.0%   0.0%   0.0%   0.0%   0.0%   0.0%   0.0%   0.0%   0.0%   0.0%   0.0% 	Avg.:  0.0% 
	  0.0%   0.0%   0.0%   0.0%   0.0%   0.0%   0.0%   0.0%   0.0%   0.0%   0.0%   0.0%   0.0%   0.0%   0.0%   0.0%   0.0%   0.0%   0.0%   0.0% 	Avg.:  0.0% 
	  0.0%   0.0%   0.0%   0.0%   0.0%   0.0%   0.0%   0.0%   0.0%   0.0%   0.0%   0.0%   0.0%   0.0%   0.0%   0.0%   0.0%   0.0%   0.0%   0.0% 	Avg.:  0.0% 
	  0.0%   0.0%   0.0%   0.0%   0.0%   0.0%   0.0%   0.0%   0.0%   0.0%   0.0%   0.0%   0.0%   0.0%   0.0%   0.0%   0.0%   0.0%   0.0%   0.0% 	Avg.:  0.0% 
	  0.0%   0.0%   0.0%   0.0%   0.0%   0.0%   0.0%   0.0%   0.0%   0.0%   0.0%   0.0%   0.0%   0.0%   0.0%   0.0%   0.0%   0.0%   0.0%   0.0% 	Avg.:  0.0% 
	  0.0%   0.0%   0.0%   0.0%   0.0%   0.0%   0.0%   0.0%   0.0%   0.0%   0.0%   0.0%   0.0%   0.0%   0.0%   0.0%   0.0%   0.0%   0.0%   0.0% 	Avg.:  0.0% 
	  0.0%   0.0%   0.0%   0.0%   0.0%   0.0%   0.0%   0.0%   0.0%   0.0%   0.0%   0.0%   0.0%   0.0%   0.0%   0.0%   0.0%   0.0%   0.0%   0.0% 	Avg.:  0.0% 
	  0.0%   0.0%   0.0%   0.0%   0.0%   0.0%   0.0%   0.0%   0.0%   0.0%   0.0%   0.0%   0.0%   0.0%   0.0%   0.0%   0.0%   0.0%   0.0%   0.0% 	Avg.:  0.0% 
************************************************************************************************************
TAg Acc
	 91.9%   0.0%   0.0%   0.0%   0.0%   0.0%   0.0%   0.0%   0.0%   0.0%   0.0%   0.0%   0.0%   0.0%   0.0%   0.0%   0.0%   0.0%   0.0%   0.0% 	Avg.: 91.9% 
	 89.7%  76.5%   0.0%   0.0%   0.0%   0.0%   0.0%   0.0%   0.0%   0.0%   0.0%   0.0%   0.0%   0.0%   0.0%   0.0%   0.0%   0.0%   0.0%   0.0% 	Avg.: 83.1% 
	 85.5%  75.1%  76.9%   0.0%   0.0%   0.0%   0.0%   0.0%   0.0%   0.0%   0.0%   0.0%   0.0%   0.0%   0.0%   0.0%   0.0%   0.0%   0.0%   0.0% 	Avg.: 79.2% 
	 84.9%  72.7%  76.8%  68.3%   0.0%   0.0%   0.0%   0.0%   0.0%   0.0%   0.0%   0.0%   0.0%   0.0%   0.0%   0.0%   0.0%   0.0%   0.0%   0.0% 	Avg.: 75.7% 
	 79.4%  69.1%  75.0%  63.2%  70.5%   0.0%   0.0%   0.0%   0.0%   0.0%   0.0%   0.0%   0.0%   0.0%   0.0%   0.0%   0.0%   0.0%   0.0%   0.0% 	Avg.: 71.4% 
	 75.8%  68.9%  73.7%  58.7%  66.3%  63.1%   0.0%   0.0%   0.0%   0.0%   0.0%   0.0%   0.0%   0.0%   0.0%   0.0%   0.0%   0.0%   0.0%   0.0% 	Avg.: 67.8% 
	 71.3%  65.5%  72.1%  58.9%  65.8%  61.9%  71.4%   0.0%   0.0%   0.0%   0.0%   0.0%   0.0%   0.0%   0.0%   0.0%   0.0%   0.0%   0.0%   0.0% 	Avg.: 66.7% 
	 70.5%  64.7%  70.4%  56.7%  59.4%  60.8%  69.8%  64.1%   0.0%   0.0%   0.0%   0.0%   0.0%   0.0%   0.0%   0.0%   0.0%   0.0%   0.0%   0.0% 	Avg.: 64.5% 
	 71.1%  57.8%  69.2%  54.8%  57.2%  58.3%  69.4%  60.1%  70.3%   0.0%   0.0%   0.0%   0.0%   0.0%   0.0%   0.0%   0.0%   0.0%   0.0%   0.0% 	Avg.: 63.1% 
	 68.4%  56.9%  68.2%  53.0%  56.2%  55.7%  67.7%  58.1%  69.0%  64.7%   0.0%   0.0%   0.0%   0.0%   0.0%   0.0%   0.0%   0.0%   0.0%   0.0% 	Avg.: 61.8% 
	 64.7%  56.2%  67.3%  53.4%  52.3%  53.6%  67.5%  56.9%  68.5%  62.9%  61.8%   0.0%   0.0%   0.0%   0.0%   0.0%   0.0%   0.0%   0.0%   0.0% 	Avg.: 60.5% 
	 63.0%  55.7%  66.4%  51.5%  50.6%  52.2%  66.0%  54.9%  67.2%  59.8%  58.9%  60.8%   0.0%   0.0%   0.0%   0.0%   0.0%   0.0%   0.0%   0.0% 	Avg.: 58.9% 
	  0.0%   0.0%   0.0%   0.0%   0.0%   0.0%   0.0%   0.0%   0.0%   0.0%   0.0%   0.0%   0.0%   0.0%   0.0%   0.0%   0.0%   0.0%   0.0%   0.0% 	Avg.:  0.0% 
	  0.0%   0.0%   0.0%   0.0%   0.0%   0.0%   0.0%   0.0%   0.0%   0.0%   0.0%   0.0%   0.0%   0.0%   0.0%   0.0%   0.0%   0.0%   0.0%   0.0% 	Avg.:  0.0% 
	  0.0%   0.0%   0.0%   0.0%   0.0%   0.0%   0.0%   0.0%   0.0%   0.0%   0.0%   0.0%   0.0%   0.0%   0.0%   0.0%   0.0%   0.0%   0.0%   0.0% 	Avg.:  0.0% 
	  0.0%   0.0%   0.0%   0.0%   0.0%   0.0%   0.0%   0.0%   0.0%   0.0%   0.0%   0.0%   0.0%   0.0%   0.0%   0.0%   0.0%   0.0%   0.0%   0.0% 	Avg.:  0.0% 
	  0.0%   0.0%   0.0%   0.0%   0.0%   0.0%   0.0%   0.0%   0.0%   0.0%   0.0%   0.0%   0.0%   0.0%   0.0%   0.0%   0.0%   0.0%   0.0%   0.0% 	Avg.:  0.0% 
	  0.0%   0.0%   0.0%   0.0%   0.0%   0.0%   0.0%   0.0%   0.0%   0.0%   0.0%   0.0%   0.0%   0.0%   0.0%   0.0%   0.0%   0.0%   0.0%   0.0% 	Avg.:  0.0% 
	  0.0%   0.0%   0.0%   0.0%   0.0%   0.0%   0.0%   0.0%   0.0%   0.0%   0.0%   0.0%   0.0%   0.0%   0.0%   0.0%   0.0%   0.0%   0.0%   0.0% 	Avg.:  0.0% 
	  0.0%   0.0%   0.0%   0.0%   0.0%   0.0%   0.0%   0.0%   0.0%   0.0%   0.0%   0.0%   0.0%   0.0%   0.0%   0.0%   0.0%   0.0%   0.0%   0.0% 	Avg.:  0.0% 
************************************************************************************************************
TAw Forg
	  0.0%   0.0%   0.0%   0.0%   0.0%   0.0%   0.0%   0.0%   0.0%   0.0%   0.0%   0.0%   0.0%   0.0%   0.0%   0.0%   0.0%   0.0%   0.0%   0.0% 
	 -1.2%   0.0%   0.0%   0.0%   0.0%   0.0%   0.0%   0.0%   0.0%   0.0%   0.0%   0.0%   0.0%   0.0%   0.0%   0.0%   0.0%   0.0%   0.0%   0.0% 	Avg.: -1.2% 
	 -0.2%   0.1%   0.0%   0.0%   0.0%   0.0%   0.0%   0.0%   0.0%   0.0%   0.0%   0.0%   0.0%   0.0%   0.0%   0.0%   0.0%   0.0%   0.0%   0.0% 	Avg.: -0.1% 
	 -0.1%  -0.3%  -1.2%   0.0%   0.0%   0.0%   0.0%   0.0%   0.0%   0.0%   0.0%   0.0%   0.0%   0.0%   0.0%   0.0%   0.0%   0.0%   0.0%   0.0% 	Avg.: -0.5% 
	  0.1%  -0.3%  -0.4%   0.1%   0.0%   0.0%   0.0%   0.0%   0.0%   0.0%   0.0%   0.0%   0.0%   0.0%   0.0%   0.0%   0.0%   0.0%   0.0%   0.0% 	Avg.: -0.1% 
	  0.0%  -0.2%  -0.5%   0.6%  -0.6%   0.0%   0.0%   0.0%   0.0%   0.0%   0.0%   0.0%   0.0%   0.0%   0.0%   0.0%   0.0%   0.0%   0.0%   0.0% 	Avg.: -0.1% 
	  0.0%   0.1%   0.2%  -0.4%   0.7%  -0.5%   0.0%   0.0%   0.0%   0.0%   0.0%   0.0%   0.0%   0.0%   0.0%   0.0%   0.0%   0.0%   0.0%   0.0% 	Avg.:  0.0% 
	 -0.2%  -0.2%  -0.5%   0.4%  -0.2%  -0.7%  -0.3%   0.0%   0.0%   0.0%   0.0%   0.0%   0.0%   0.0%   0.0%   0.0%   0.0%   0.0%   0.0%   0.0% 	Avg.: -0.2% 
	  0.1%  -0.2%  -0.1%   0.2%  -0.8%  -0.2%  -0.2%  -0.4%   0.0%   0.0%   0.0%   0.0%   0.0%   0.0%   0.0%   0.0%   0.0%   0.0%   0.0%   0.0% 	Avg.: -0.2% 
	 -0.1%   0.4%  -0.2%   0.0%   0.5%   0.1%   0.4%   0.4%  -0.5%   0.0%   0.0%   0.0%   0.0%   0.0%   0.0%   0.0%   0.0%   0.0%   0.0%   0.0% 	Avg.:  0.1% 
	 -0.1%   0.5%   0.0%   0.2%  -0.8%   0.0%   1.1%   0.4%  -0.3%  -1.0%   0.0%   0.0%   0.0%   0.0%   0.0%   0.0%   0.0%   0.0%   0.0%   0.0% 	Avg.:  0.0% 
	  0.0%   0.3%   0.3%  -0.4%  -0.1%   0.4%   1.7%   0.5%  -0.6%   0.2%   0.3%   0.0%   0.0%   0.0%   0.0%   0.0%   0.0%   0.0%   0.0%   0.0% 	Avg.:  0.2% 
	  0.0%   0.0%   0.0%   0.0%   0.0%   0.0%   0.0%   0.0%   0.0%   0.0%   0.0%   0.0%   0.0%   0.0%   0.0%   0.0%   0.0%   0.0%   0.0%   0.0% 	Avg.:  0.0% 
	  0.0%   0.0%   0.0%   0.0%   0.0%   0.0%   0.0%   0.0%   0.0%   0.0%   0.0%   0.0%   0.0%   0.0%   0.0%   0.0%   0.0%   0.0%   0.0%   0.0% 	Avg.:  0.0% 
	  0.0%   0.0%   0.0%   0.0%   0.0%   0.0%   0.0%   0.0%   0.0%   0.0%   0.0%   0.0%   0.0%   0.0%   0.0%   0.0%   0.0%   0.0%   0.0%   0.0% 	Avg.:  0.0% 
	  0.0%   0.0%   0.0%   0.0%   0.0%   0.0%   0.0%   0.0%   0.0%   0.0%   0.0%   0.0%   0.0%   0.0%   0.0%   0.0%   0.0%   0.0%   0.0%   0.0% 	Avg.:  0.0% 
	  0.0%   0.0%   0.0%   0.0%   0.0%   0.0%   0.0%   0.0%   0.0%   0.0%   0.0%   0.0%   0.0%   0.0%   0.0%   0.0%   0.0%   0.0%   0.0%   0.0% 	Avg.:  0.0% 
	  0.0%   0.0%   0.0%   0.0%   0.0%   0.0%   0.0%   0.0%   0.0%   0.0%   0.0%   0.0%   0.0%   0.0%   0.0%   0.0%   0.0%   0.0%   0.0%   0.0% 	Avg.:  0.0% 
	  0.0%   0.0%   0.0%   0.0%   0.0%   0.0%   0.0%   0.0%   0.0%   0.0%   0.0%   0.0%   0.0%   0.0%   0.0%   0.0%   0.0%   0.0%   0.0%   0.0% 	Avg.:  0.0% 
	  0.0%   0.0%   0.0%   0.0%   0.0%   0.0%   0.0%   0.0%   0.0%   0.0%   0.0%   0.0%   0.0%   0.0%   0.0%   0.0%   0.0%   0.0%   0.0%   0.0% 	Avg.:  0.0% 
************************************************************************************************************
TAg Forg
	  0.0%   0.0%   0.0%   0.0%   0.0%   0.0%   0.0%   0.0%   0.0%   0.0%   0.0%   0.0%   0.0%   0.0%   0.0%   0.0%   0.0%   0.0%   0.0%   0.0% 
	  2.2%   0.0%   0.0%   0.0%   0.0%   0.0%   0.0%   0.0%   0.0%   0.0%   0.0%   0.0%   0.0%   0.0%   0.0%   0.0%   0.0%   0.0%   0.0%   0.0% 	Avg.:  2.2% 
	  6.4%   1.4%   0.0%   0.0%   0.0%   0.0%   0.0%   0.0%   0.0%   0.0%   0.0%   0.0%   0.0%   0.0%   0.0%   0.0%   0.0%   0.0%   0.0%   0.0% 	Avg.:  3.9% 
	  7.0%   3.8%   0.1%   0.0%   0.0%   0.0%   0.0%   0.0%   0.0%   0.0%   0.0%   0.0%   0.0%   0.0%   0.0%   0.0%   0.0%   0.0%   0.0%   0.0% 	Avg.:  3.6% 
	 12.5%   7.4%   1.9%   5.1%   0.0%   0.0%   0.0%   0.0%   0.0%   0.0%   0.0%   0.0%   0.0%   0.0%   0.0%   0.0%   0.0%   0.0%   0.0%   0.0% 	Avg.:  6.7% 
	 16.1%   7.6%   3.2%   9.6%   4.2%   0.0%   0.0%   0.0%   0.0%   0.0%   0.0%   0.0%   0.0%   0.0%   0.0%   0.0%   0.0%   0.0%   0.0%   0.0% 	Avg.:  8.1% 
	 20.6%  11.0%   4.8%   9.4%   4.7%   1.2%   0.0%   0.0%   0.0%   0.0%   0.0%   0.0%   0.0%   0.0%   0.0%   0.0%   0.0%   0.0%   0.0%   0.0% 	Avg.:  8.6% 
	 21.4%  11.8%   6.5%  11.6%  11.1%   2.3%   1.6%   0.0%   0.0%   0.0%   0.0%   0.0%   0.0%   0.0%   0.0%   0.0%   0.0%   0.0%   0.0%   0.0% 	Avg.:  9.5% 
	 20.8%  18.7%   7.7%  13.5%  13.3%   4.8%   2.0%   4.0%   0.0%   0.0%   0.0%   0.0%   0.0%   0.0%   0.0%   0.0%   0.0%   0.0%   0.0%   0.0% 	Avg.: 10.6% 
	 23.5%  19.6%   8.7%  15.3%  14.3%   7.4%   3.7%   6.0%   1.3%   0.0%   0.0%   0.0%   0.0%   0.0%   0.0%   0.0%   0.0%   0.0%   0.0%   0.0% 	Avg.: 11.1% 
	 27.2%  20.3%   9.6%  14.9%  18.2%   9.5%   3.9%   7.2%   1.8%   1.8%   0.0%   0.0%   0.0%   0.0%   0.0%   0.0%   0.0%   0.0%   0.0%   0.0% 	Avg.: 11.4% 
	 28.9%  20.8%  10.5%  16.8%  19.9%  10.9%   5.4%   9.2%   3.1%   4.9%   2.9%   0.0%   0.0%   0.0%   0.0%   0.0%   0.0%   0.0%   0.0%   0.0% 	Avg.: 12.1% 
	  0.0%   0.0%   0.0%   0.0%   0.0%   0.0%   0.0%   0.0%   0.0%   0.0%   0.0%   0.0%   0.0%   0.0%   0.0%   0.0%   0.0%   0.0%   0.0%   0.0% 	Avg.:  0.0% 
	  0.0%   0.0%   0.0%   0.0%   0.0%   0.0%   0.0%   0.0%   0.0%   0.0%   0.0%   0.0%   0.0%   0.0%   0.0%   0.0%   0.0%   0.0%   0.0%   0.0% 	Avg.:  0.0% 
	  0.0%   0.0%   0.0%   0.0%   0.0%   0.0%   0.0%   0.0%   0.0%   0.0%   0.0%   0.0%   0.0%   0.0%   0.0%   0.0%   0.0%   0.0%   0.0%   0.0% 	Avg.:  0.0% 
	  0.0%   0.0%   0.0%   0.0%   0.0%   0.0%   0.0%   0.0%   0.0%   0.0%   0.0%   0.0%   0.0%   0.0%   0.0%   0.0%   0.0%   0.0%   0.0%   0.0% 	Avg.:  0.0% 
	  0.0%   0.0%   0.0%   0.0%   0.0%   0.0%   0.0%   0.0%   0.0%   0.0%   0.0%   0.0%   0.0%   0.0%   0.0%   0.0%   0.0%   0.0%   0.0%   0.0% 	Avg.:  0.0% 
	  0.0%   0.0%   0.0%   0.0%   0.0%   0.0%   0.0%   0.0%   0.0%   0.0%   0.0%   0.0%   0.0%   0.0%   0.0%   0.0%   0.0%   0.0%   0.0%   0.0% 	Avg.:  0.0% 
	  0.0%   0.0%   0.0%   0.0%   0.0%   0.0%   0.0%   0.0%   0.0%   0.0%   0.0%   0.0%   0.0%   0.0%   0.0%   0.0%   0.0%   0.0%   0.0%   0.0% 	Avg.:  0.0% 
	  0.0%   0.0%   0.0%   0.0%   0.0%   0.0%   0.0%   0.0%   0.0%   0.0%   0.0%   0.0%   0.0%   0.0%   0.0%   0.0%   0.0%   0.0%   0.0%   0.0% 	Avg.:  0.0% 
************************************************************************************************************
[Elapsed time = 0.9 h]
Done!
