START_TASK=9 STOP_TASK=10
============================================================================================================
Arguments =
	all_outputs: False
	approach: icarl
	batch_size: 64
	classes_first_task: None
	clipping: 10000
	crop: 224
	data_path: ../data/inat200
	dataset: inat200
	eval_on_train: False
	experiment_path: None
	fix_bn: False
	freeze_backbone: False
	gpu: 0
	gpus: [0]
	increment: 10
	last_layer_analysis: False
	log: ['disk']
	lr: 0.01
	lr_factor: None
	lr_min: 0.0001
	lr_patience: None
	lr_scheduler: cosine
	lr_warmup_epochs: 0
	momentum: 0.0
	multi_softmax: False
	nepochs: 90
	network: vit_small_patch16_224.augreg_in1k
	no_cudnn_deterministic: False
	normalize: in1k
	num_workers: 2
	optimizer_name: sgd
	pin_memory: False
	pretrained: True
	resize: 224
	results_path: ./results
	save_models: True
	seed: 0
	start_at_task: 9
	start_epoch: 0
	stop_at_task: 10
	stop_epoch: 0
	use_valid_only: False
	warmup_lr_factor: 1.0
	warmup_nepochs: 0
	weight_decay: 0.0
============================================================================================================
Approach arguments =
	lamb: 1.0
============================================================================================================
Exemplars arguments =
	exemplar_selection: random
	num_exemplars: 4000
============================================================================================================
WARNING: ./results/vit_small_patch16_224.augreg_in1k/inat200/icarl/10 already exists!
Loaded acc_taw from: ./results/vit_small_patch16_224.augreg_in1k/inat200/icarl/10/acc_taw-8.txt
Loaded acc_tag from: ./results/vit_small_patch16_224.augreg_in1k/inat200/icarl/10/acc_tag-8.txt
Loaded forg_taw from: ./results/vit_small_patch16_224.augreg_in1k/inat200/icarl/10/forg_taw-8.txt
Loaded forg_tag from: ./results/vit_small_patch16_224.augreg_in1k/inat200/icarl/10/forg_tag-8.txt
Loaded 4050 exemplars from ./results/vit_small_patch16_224.augreg_in1k/inat200/icarl/10/task8_exemplars.pth
Loaded 90 exemplar means from ./results/vit_small_patch16_224.augreg_in1k/inat200/icarl/10/task8_exemplar_means.pth
************************************************************************************************************
Task  9  [epochs 0-90]
************************************************************************************************************
[params] total:21,704,164  trainable:21,704,164  tensors:170  trainable_tensors:170
| Epoch   1, time= 33.7s | Train: skip eval | Valid: time=  2.2s loss=18.267, TAw acc= 87.5% | * lr=1.0e-02
| Epoch   2, time= 34.7s | Train: skip eval | Valid: time=  2.1s loss=18.344, TAw acc= 89.8% | lr=1.0e-02
| Epoch   3, time= 33.7s | Train: skip eval | Valid: time=  2.4s loss=18.759, TAw acc= 90.5% | lr=1.0e-02
| Epoch   4, time= 32.9s | Train: skip eval | Valid: time=  2.1s loss=18.458, TAw acc= 91.2% | lr=1.0e-02
| Epoch   5, time= 37.0s | Train: skip eval | Valid: time=  2.6s loss=19.512, TAw acc= 90.5% | lr=9.9e-03
| Epoch   6, time= 33.8s | Train: skip eval | Valid: time=  2.6s loss=17.560, TAw acc= 92.5% | * lr=9.9e-03
| Epoch   7, time= 34.2s | Train: skip eval | Valid: time=  2.4s loss=18.393, TAw acc= 92.5% | lr=9.9e-03
| Epoch   8, time= 32.2s | Train: skip eval | Valid: time=  2.1s loss=17.533, TAw acc= 92.2% | * lr=9.8e-03
| Epoch   9, time= 32.3s | Train: skip eval | Valid: time=  2.1s loss=17.592, TAw acc= 92.8% | lr=9.8e-03
| Epoch  10, time= 32.6s | Train: skip eval | Valid: time=  2.2s loss=17.424, TAw acc= 92.5% | * lr=9.7e-03
| Epoch  11, time= 33.2s | Train: skip eval | Valid: time=  2.1s loss=17.916, TAw acc= 92.5% | lr=9.6e-03
| Epoch  12, time= 32.2s | Train: skip eval | Valid: time=  2.1s loss=17.670, TAw acc= 92.8% | lr=9.6e-03
| Epoch  13, time= 34.0s | Train: skip eval | Valid: time=  2.2s loss=17.431, TAw acc= 91.2% | lr=9.5e-03
| Epoch  14, time= 30.4s | Train: skip eval | Valid: time=  2.1s loss=17.471, TAw acc= 92.0% | lr=9.4e-03
| Epoch  15, time= 34.2s | Train: skip eval | Valid: time=  2.1s loss=17.345, TAw acc= 92.8% | * lr=9.3e-03
| Epoch  16, time= 33.0s | Train: skip eval | Valid: time=  2.1s loss=17.370, TAw acc= 92.2% | lr=9.2e-03
| Epoch  17, time= 30.0s | Train: skip eval | Valid: time=  2.1s loss=17.264, TAw acc= 92.2% | * lr=9.2e-03
| Epoch  18, time= 32.3s | Train: skip eval | Valid: time=  2.1s loss=17.287, TAw acc= 93.0% | lr=9.1e-03
| Epoch  19, time= 35.3s | Train: skip eval | Valid: time=  2.2s loss=17.265, TAw acc= 92.5% | lr=9.0e-03
| Epoch  20, time= 31.7s | Train: skip eval | Valid: time=  2.1s loss=17.289, TAw acc= 92.5% | lr=8.8e-03
| Epoch  21, time= 31.3s | Train: skip eval | Valid: time=  2.1s loss=17.243, TAw acc= 92.0% | * lr=8.7e-03
| Epoch  22, time= 31.3s | Train: skip eval | Valid: time=  2.5s loss=17.319, TAw acc= 92.8% | lr=8.6e-03
| Epoch  23, time= 32.9s | Train: skip eval | Valid: time=  2.1s loss=17.282, TAw acc= 93.2% | lr=8.5e-03
| Epoch  24, time= 37.1s | Train: skip eval | Valid: time=  2.1s loss=17.266, TAw acc= 93.2% | lr=8.4e-03
| Epoch  25, time= 30.0s | Train: skip eval | Valid: time=  2.1s loss=17.247, TAw acc= 93.5% | lr=8.2e-03
| Epoch  26, time= 31.0s | Train: skip eval | Valid: time=  2.4s loss=17.203, TAw acc= 93.8% | * lr=8.1e-03
| Epoch  27, time= 31.0s | Train: skip eval | Valid: time=  2.4s loss=17.216, TAw acc= 93.8% | lr=8.0e-03
| Epoch  28, time= 34.6s | Train: skip eval | Valid: time=  2.1s loss=17.160, TAw acc= 93.2% | * lr=7.8e-03
| Epoch  29, time= 31.5s | Train: skip eval | Valid: time=  2.4s loss=17.140, TAw acc= 93.5% | * lr=7.7e-03
| Epoch  30, time= 29.6s | Train: skip eval | Valid: time=  2.2s loss=17.167, TAw acc= 93.5% | lr=7.5e-03
| Epoch  31, time= 31.0s | Train: skip eval | Valid: time=  2.3s loss=17.144, TAw acc= 92.8% | lr=7.4e-03
| Epoch  32, time= 33.0s | Train: skip eval | Valid: time=  2.2s loss=17.145, TAw acc= 92.5% | lr=7.2e-03
| Epoch  33, time= 32.5s | Train: skip eval | Valid: time=  2.2s loss=17.126, TAw acc= 94.0% | * lr=7.1e-03
| Epoch  34, time= 31.4s | Train: skip eval | Valid: time=  2.1s loss=17.121, TAw acc= 94.0% | * lr=6.9e-03
| Epoch  35, time= 32.6s | Train: skip eval | Valid: time=  2.1s loss=17.137, TAw acc= 93.5% | lr=6.7e-03
| Epoch  36, time= 33.5s | Train: skip eval | Valid: time=  2.1s loss=17.124, TAw acc= 94.0% | lr=6.6e-03
| Epoch  37, time= 32.2s | Train: skip eval | Valid: time=  2.2s loss=17.104, TAw acc= 94.0% | * lr=6.4e-03
| Epoch  38, time= 35.0s | Train: skip eval | Valid: time=  2.3s loss=17.109, TAw acc= 93.5% | lr=6.2e-03
| Epoch  39, time= 32.2s | Train: skip eval | Valid: time=  2.1s loss=17.113, TAw acc= 94.0% | lr=6.1e-03
| Epoch  40, time= 31.8s | Train: skip eval | Valid: time=  2.1s loss=17.112, TAw acc= 94.5% | lr=5.9e-03
| Epoch  41, time= 31.6s | Train: skip eval | Valid: time=  2.4s loss=17.121, TAw acc= 93.2% | lr=5.7e-03
| Epoch  42, time= 30.6s | Train: skip eval | Valid: time=  2.1s loss=17.094, TAw acc= 93.5% | * lr=5.6e-03
| Epoch  43, time= 32.1s | Train: skip eval | Valid: time=  2.2s loss=17.091, TAw acc= 93.8% | * lr=5.4e-03
| Epoch  44, time= 31.0s | Train: skip eval | Valid: time=  2.2s loss=17.089, TAw acc= 93.8% | * lr=5.2e-03
| Epoch  45, time= 33.4s | Train: skip eval | Valid: time=  2.1s loss=17.083, TAw acc= 93.8% | * lr=5.1e-03
| Epoch  46, time= 31.4s | Train: skip eval | Valid: time=  2.1s loss=17.088, TAw acc= 94.2% | lr=4.9e-03
| Epoch  47, time= 30.8s | Train: skip eval | Valid: time=  2.1s loss=17.077, TAw acc= 93.0% | * lr=4.7e-03
| Epoch  48, time= 32.1s | Train: skip eval | Valid: time=  2.6s loss=17.083, TAw acc= 93.2% | lr=4.5e-03
| Epoch  49, time= 34.5s | Train: skip eval | Valid: time=  2.2s loss=17.101, TAw acc= 92.5% | lr=4.4e-03
| Epoch  50, time= 33.3s | Train: skip eval | Valid: time=  2.1s loss=17.072, TAw acc= 93.5% | * lr=4.2e-03
| Epoch  51, time= 32.1s | Train: skip eval | Valid: time=  2.1s loss=17.066, TAw acc= 93.0% | * lr=4.0e-03
| Epoch  52, time= 36.7s | Train: skip eval | Valid: time=  2.3s loss=17.065, TAw acc= 93.5% | * lr=3.9e-03
| Epoch  53, time= 31.2s | Train: skip eval | Valid: time=  2.1s loss=17.068, TAw acc= 93.0% | lr=3.7e-03
| Epoch  54, time= 33.6s | Train: skip eval | Valid: time=  2.4s loss=17.062, TAw acc= 93.2% | * lr=3.5e-03
| Epoch  55, time= 32.0s | Train: skip eval | Valid: time=  2.2s loss=17.064, TAw acc= 93.5% | lr=3.4e-03
| Epoch  56, time= 33.1s | Train: skip eval | Valid: time=  2.1s loss=17.068, TAw acc= 93.8% | lr=3.2e-03
| Epoch  57, time= 35.7s | Train: skip eval | Valid: time=  2.1s loss=17.056, TAw acc= 93.2% | * lr=3.0e-03
| Epoch  58, time= 34.1s | Train: skip eval | Valid: time=  2.4s loss=17.066, TAw acc= 93.2% | lr=2.9e-03
| Epoch  59, time= 31.0s | Train: skip eval | Valid: time=  2.2s loss=17.060, TAw acc= 94.0% | lr=2.7e-03
| Epoch  60, time= 31.8s | Train: skip eval | Valid: time=  2.0s loss=17.055, TAw acc= 93.5% | * lr=2.6e-03
| Epoch  61, time= 34.0s | Train: skip eval | Valid: time=  2.3s loss=17.057, TAw acc= 93.5% | lr=2.4e-03
| Epoch  62, time= 31.6s | Train: skip eval | Valid: time=  2.1s loss=17.049, TAw acc= 94.0% | * lr=2.3e-03
| Epoch  63, time= 36.6s | Train: skip eval | Valid: time=  2.3s loss=17.065, TAw acc= 94.0% | lr=2.1e-03
| Epoch  64, time= 31.5s | Train: skip eval | Valid: time=  2.1s loss=17.058, TAw acc= 94.0% | lr=2.0e-03
| Epoch  65, time= 32.7s | Train: skip eval | Valid: time=  2.2s loss=17.056, TAw acc= 93.5% | lr=1.9e-03
| Epoch  66, time= 31.9s | Train: skip eval | Valid: time=  2.1s loss=17.050, TAw acc= 94.0% | lr=1.7e-03
| Epoch  67, time= 33.8s | Train: skip eval | Valid: time=  2.6s loss=17.053, TAw acc= 93.8% | lr=1.6e-03
| Epoch  68, time= 32.9s | Train: skip eval | Valid: time=  2.2s loss=17.058, TAw acc= 94.0% | lr=1.5e-03
| Epoch  69, time= 33.4s | Train: skip eval | Valid: time=  2.2s loss=17.050, TAw acc= 93.8% | lr=1.4e-03
| Epoch  70, time= 30.3s | Train: skip eval | Valid: time=  2.3s loss=17.050, TAw acc= 94.0% | lr=1.3e-03
| Epoch  71, time= 32.1s | Train: skip eval | Valid: time=  2.1s loss=17.050, TAw acc= 93.8% | lr=1.1e-03
| Epoch  72, time= 31.1s | Train: skip eval | Valid: time=  2.1s loss=17.049, TAw acc= 93.8% | lr=1.0e-03
| Epoch  73, time= 30.5s | Train: skip eval | Valid: time=  2.1s loss=17.050, TAw acc= 93.8% | lr=9.5e-04
| Epoch  74, time= 30.7s | Train: skip eval | Valid: time=  2.1s loss=17.049, TAw acc= 93.8% | * lr=8.5e-04
| Epoch  75, time= 31.1s | Train: skip eval | Valid: time=  2.2s loss=17.050, TAw acc= 93.8% | lr=7.6e-04
| Epoch  76, time= 36.4s | Train: skip eval | Valid: time=  2.1s loss=17.049, TAw acc= 93.8% | lr=6.8e-04
| Epoch  77, time= 32.9s | Train: skip eval | Valid: time=  2.7s loss=17.047, TAw acc= 93.8% | * lr=6.0e-04
| Epoch  78, time= 34.9s | Train: skip eval | Valid: time=  2.1s loss=17.049, TAw acc= 94.0% | lr=5.3e-04
| Epoch  79, time= 33.7s | Train: skip eval | Valid: time=  2.2s loss=17.047, TAw acc= 93.8% | * lr=4.6e-04
| Epoch  80, time= 33.3s | Train: skip eval | Valid: time=  2.6s loss=17.047, TAw acc= 93.8% | lr=4.0e-04
| Epoch  81, time= 30.3s | Train: skip eval | Valid: time=  2.5s loss=17.047, TAw acc= 93.8% | lr=3.4e-04
| Epoch  82, time= 34.3s | Train: skip eval | Valid: time=  2.1s loss=17.046, TAw acc= 93.8% | * lr=2.9e-04
| Epoch  83, time= 32.7s | Train: skip eval | Valid: time=  2.0s loss=17.047, TAw acc= 93.8% | lr=2.5e-04
| Epoch  84, time= 33.2s | Train: skip eval | Valid: time=  2.1s loss=17.046, TAw acc= 93.8% | lr=2.1e-04
| Epoch  85, time= 33.0s | Train: skip eval | Valid: time=  2.1s loss=17.046, TAw acc= 93.8% | lr=1.8e-04
| Epoch  86, time= 32.7s | Train: skip eval | Valid: time=  2.1s loss=17.046, TAw acc= 93.8% | lr=1.5e-04
| Epoch  87, time= 35.9s | Train: skip eval | Valid: time=  2.1s loss=17.046, TAw acc= 93.8% | lr=1.3e-04
| Epoch  88, time= 32.0s | Train: skip eval | Valid: time=  2.1s loss=17.047, TAw acc= 93.8% | lr=1.1e-04
| Epoch  89, time= 33.2s | Train: skip eval | Valid: time=  2.1s loss=17.046, TAw acc= 93.8% | lr=1.0e-04
| Epoch  90, time= 35.7s | Train: skip eval | Valid: time=  2.1s loss=17.046, TAw acc= 93.8% | lr=1.0e-04
| Selected 4000 train exemplars, time=  3.9s
------------------------------------------------------------------------------------------------------------
>>> Test on task  0 : loss=2.635 | TAw acc= 93.7%, forg= -0.1% | TAg acc= 68.4%, forg= 23.5% <<<
>>> Test on task  1 : loss=6.890 | TAw acc= 89.1%, forg=  0.4% | TAg acc= 56.9%, forg= 19.6% <<<
>>> Test on task  2 : loss=8.784 | TAw acc= 92.1%, forg= -0.2% | TAg acc= 68.2%, forg=  8.7% <<<
>>> Test on task  3 : loss=12.696 | TAw acc= 85.2%, forg=  0.0% | TAg acc= 53.0%, forg= 15.3% <<<
>>> Test on task  4 : loss=14.860 | TAw acc= 87.2%, forg=  0.5% | TAg acc= 56.2%, forg= 14.3% <<<
>>> Test on task  5 : loss=16.218 | TAw acc= 84.2%, forg=  0.1% | TAg acc= 55.7%, forg=  7.4% <<<
>>> Test on task  6 : loss=17.541 | TAw acc= 89.9%, forg=  0.4% | TAg acc= 67.7%, forg=  3.7% <<<
>>> Test on task  7 : loss=17.137 | TAw acc= 87.1%, forg=  0.4% | TAg acc= 58.1%, forg=  6.0% <<<
>>> Test on task  8 : loss=17.684 | TAw acc= 86.1%, forg= -0.5% | TAg acc= 69.0%, forg=  1.3% <<<
>>> Test on task  9 : loss=17.407 | TAw acc= 85.8%, forg=  0.0% | TAg acc= 64.7%, forg=  0.0% <<<
Save at ./results/./results/vit_small_patch16_224.augreg_in1k/inat200/icarl/10
************************************************************************************************************
TAw Acc
	 91.9%   0.0%   0.0%   0.0%   0.0%   0.0%   0.0%   0.0%   0.0%   0.0%   0.0%   0.0%   0.0%   0.0%   0.0%   0.0%   0.0%   0.0%   0.0%   0.0% 	Avg.: 91.9% 
	 93.1%  88.3%   0.0%   0.0%   0.0%   0.0%   0.0%   0.0%   0.0%   0.0%   0.0%   0.0%   0.0%   0.0%   0.0%   0.0%   0.0%   0.0%   0.0%   0.0% 	Avg.: 90.7% 
	 93.3%  88.2%  89.2%   0.0%   0.0%   0.0%   0.0%   0.0%   0.0%   0.0%   0.0%   0.0%   0.0%   0.0%   0.0%   0.0%   0.0%   0.0%   0.0%   0.0% 	Avg.: 90.2% 
	 93.4%  88.6%  90.4%  84.8%   0.0%   0.0%   0.0%   0.0%   0.0%   0.0%   0.0%   0.0%   0.0%   0.0%   0.0%   0.0%   0.0%   0.0%   0.0%   0.0% 	Avg.: 89.3% 
	 93.3%  88.9%  90.8%  84.7%  86.1%   0.0%   0.0%   0.0%   0.0%   0.0%   0.0%   0.0%   0.0%   0.0%   0.0%   0.0%   0.0%   0.0%   0.0%   0.0% 	Avg.: 88.8% 
	 93.4%  89.1%  91.3%  84.2%  86.7%  82.9%   0.0%   0.0%   0.0%   0.0%   0.0%   0.0%   0.0%   0.0%   0.0%   0.0%   0.0%   0.0%   0.0%   0.0% 	Avg.: 87.9% 
	 93.4%  89.0%  91.1%  85.2%  86.0%  83.4%  89.8%   0.0%   0.0%   0.0%   0.0%   0.0%   0.0%   0.0%   0.0%   0.0%   0.0%   0.0%   0.0%   0.0% 	Avg.: 88.3% 
	 93.6%  89.3%  91.8%  84.8%  86.9%  84.1%  90.1%  87.1%   0.0%   0.0%   0.0%   0.0%   0.0%   0.0%   0.0%   0.0%   0.0%   0.0%   0.0%   0.0% 	Avg.: 88.5% 
	 93.5%  89.5%  91.9%  85.0%  87.7%  84.3%  90.3%  87.5%  85.6%   0.0%   0.0%   0.0%   0.0%   0.0%   0.0%   0.0%   0.0%   0.0%   0.0%   0.0% 	Avg.: 88.4% 
	 93.7%  89.1%  92.1%  85.2%  87.2%  84.2%  89.9%  87.1%  86.1%  85.8%   0.0%   0.0%   0.0%   0.0%   0.0%   0.0%   0.0%   0.0%   0.0%   0.0% 	Avg.: 88.0% 
	  0.0%   0.0%   0.0%   0.0%   0.0%   0.0%   0.0%   0.0%   0.0%   0.0%   0.0%   0.0%   0.0%   0.0%   0.0%   0.0%   0.0%   0.0%   0.0%   0.0% 	Avg.:  0.0% 
	  0.0%   0.0%   0.0%   0.0%   0.0%   0.0%   0.0%   0.0%   0.0%   0.0%   0.0%   0.0%   0.0%   0.0%   0.0%   0.0%   0.0%   0.0%   0.0%   0.0% 	Avg.:  0.0% 
	  0.0%   0.0%   0.0%   0.0%   0.0%   0.0%   0.0%   0.0%   0.0%   0.0%   0.0%   0.0%   0.0%   0.0%   0.0%   0.0%   0.0%   0.0%   0.0%   0.0% 	Avg.:  0.0% 
	  0.0%   0.0%   0.0%   0.0%   0.0%   0.0%   0.0%   0.0%   0.0%   0.0%   0.0%   0.0%   0.0%   0.0%   0.0%   0.0%   0.0%   0.0%   0.0%   0.0% 	Avg.:  0.0% 
	  0.0%   0.0%   0.0%   0.0%   0.0%   0.0%   0.0%   0.0%   0.0%   0.0%   0.0%   0.0%   0.0%   0.0%   0.0%   0.0%   0.0%   0.0%   0.0%   0.0% 	Avg.:  0.0% 
	  0.0%   0.0%   0.0%   0.0%   0.0%   0.0%   0.0%   0.0%   0.0%   0.0%   0.0%   0.0%   0.0%   0.0%   0.0%   0.0%   0.0%   0.0%   0.0%   0.0% 	Avg.:  0.0% 
	  0.0%   0.0%   0.0%   0.0%   0.0%   0.0%   0.0%   0.0%   0.0%   0.0%   0.0%   0.0%   0.0%   0.0%   0.0%   0.0%   0.0%   0.0%   0.0%   0.0% 	Avg.:  0.0% 
	  0.0%   0.0%   0.0%   0.0%   0.0%   0.0%   0.0%   0.0%   0.0%   0.0%   0.0%   0.0%   0.0%   0.0%   0.0%   0.0%   0.0%   0.0%   0.0%   0.0% 	Avg.:  0.0% 
	  0.0%   0.0%   0.0%   0.0%   0.0%   0.0%   0.0%   0.0%   0.0%   0.0%   0.0%   0.0%   0.0%   0.0%   0.0%   0.0%   0.0%   0.0%   0.0%   0.0% 	Avg.:  0.0% 
	  0.0%   0.0%   0.0%   0.0%   0.0%   0.0%   0.0%   0.0%   0.0%   0.0%   0.0%   0.0%   0.0%   0.0%   0.0%   0.0%   0.0%   0.0%   0.0%   0.0% 	Avg.:  0.0% 
************************************************************************************************************
TAg Acc
	 91.9%   0.0%   0.0%   0.0%   0.0%   0.0%   0.0%   0.0%   0.0%   0.0%   0.0%   0.0%   0.0%   0.0%   0.0%   0.0%   0.0%   0.0%   0.0%   0.0% 	Avg.: 91.9% 
	 89.7%  76.5%   0.0%   0.0%   0.0%   0.0%   0.0%   0.0%   0.0%   0.0%   0.0%   0.0%   0.0%   0.0%   0.0%   0.0%   0.0%   0.0%   0.0%   0.0% 	Avg.: 83.1% 
	 85.5%  75.1%  76.9%   0.0%   0.0%   0.0%   0.0%   0.0%   0.0%   0.0%   0.0%   0.0%   0.0%   0.0%   0.0%   0.0%   0.0%   0.0%   0.0%   0.0% 	Avg.: 79.2% 
	 84.9%  72.7%  76.8%  68.3%   0.0%   0.0%   0.0%   0.0%   0.0%   0.0%   0.0%   0.0%   0.0%   0.0%   0.0%   0.0%   0.0%   0.0%   0.0%   0.0% 	Avg.: 75.7% 
	 79.4%  69.1%  75.0%  63.2%  70.5%   0.0%   0.0%   0.0%   0.0%   0.0%   0.0%   0.0%   0.0%   0.0%   0.0%   0.0%   0.0%   0.0%   0.0%   0.0% 	Avg.: 71.4% 
	 75.8%  68.9%  73.7%  58.7%  66.3%  63.1%   0.0%   0.0%   0.0%   0.0%   0.0%   0.0%   0.0%   0.0%   0.0%   0.0%   0.0%   0.0%   0.0%   0.0% 	Avg.: 67.8% 
	 71.3%  65.5%  72.1%  58.9%  65.8%  61.9%  71.4%   0.0%   0.0%   0.0%   0.0%   0.0%   0.0%   0.0%   0.0%   0.0%   0.0%   0.0%   0.0%   0.0% 	Avg.: 66.7% 
	 70.5%  64.7%  70.4%  56.7%  59.4%  60.8%  69.8%  64.1%   0.0%   0.0%   0.0%   0.0%   0.0%   0.0%   0.0%   0.0%   0.0%   0.0%   0.0%   0.0% 	Avg.: 64.5% 
	 71.1%  57.8%  69.2%  54.8%  57.2%  58.3%  69.4%  60.1%  70.3%   0.0%   0.0%   0.0%   0.0%   0.0%   0.0%   0.0%   0.0%   0.0%   0.0%   0.0% 	Avg.: 63.1% 
	 68.4%  56.9%  68.2%  53.0%  56.2%  55.7%  67.7%  58.1%  69.0%  64.7%   0.0%   0.0%   0.0%   0.0%   0.0%   0.0%   0.0%   0.0%   0.0%   0.0% 	Avg.: 61.8% 
	  0.0%   0.0%   0.0%   0.0%   0.0%   0.0%   0.0%   0.0%   0.0%   0.0%   0.0%   0.0%   0.0%   0.0%   0.0%   0.0%   0.0%   0.0%   0.0%   0.0% 	Avg.:  0.0% 
	  0.0%   0.0%   0.0%   0.0%   0.0%   0.0%   0.0%   0.0%   0.0%   0.0%   0.0%   0.0%   0.0%   0.0%   0.0%   0.0%   0.0%   0.0%   0.0%   0.0% 	Avg.:  0.0% 
	  0.0%   0.0%   0.0%   0.0%   0.0%   0.0%   0.0%   0.0%   0.0%   0.0%   0.0%   0.0%   0.0%   0.0%   0.0%   0.0%   0.0%   0.0%   0.0%   0.0% 	Avg.:  0.0% 
	  0.0%   0.0%   0.0%   0.0%   0.0%   0.0%   0.0%   0.0%   0.0%   0.0%   0.0%   0.0%   0.0%   0.0%   0.0%   0.0%   0.0%   0.0%   0.0%   0.0% 	Avg.:  0.0% 
	  0.0%   0.0%   0.0%   0.0%   0.0%   0.0%   0.0%   0.0%   0.0%   0.0%   0.0%   0.0%   0.0%   0.0%   0.0%   0.0%   0.0%   0.0%   0.0%   0.0% 	Avg.:  0.0% 
	  0.0%   0.0%   0.0%   0.0%   0.0%   0.0%   0.0%   0.0%   0.0%   0.0%   0.0%   0.0%   0.0%   0.0%   0.0%   0.0%   0.0%   0.0%   0.0%   0.0% 	Avg.:  0.0% 
	  0.0%   0.0%   0.0%   0.0%   0.0%   0.0%   0.0%   0.0%   0.0%   0.0%   0.0%   0.0%   0.0%   0.0%   0.0%   0.0%   0.0%   0.0%   0.0%   0.0% 	Avg.:  0.0% 
	  0.0%   0.0%   0.0%   0.0%   0.0%   0.0%   0.0%   0.0%   0.0%   0.0%   0.0%   0.0%   0.0%   0.0%   0.0%   0.0%   0.0%   0.0%   0.0%   0.0% 	Avg.:  0.0% 
	  0.0%   0.0%   0.0%   0.0%   0.0%   0.0%   0.0%   0.0%   0.0%   0.0%   0.0%   0.0%   0.0%   0.0%   0.0%   0.0%   0.0%   0.0%   0.0%   0.0% 	Avg.:  0.0% 
	  0.0%   0.0%   0.0%   0.0%   0.0%   0.0%   0.0%   0.0%   0.0%   0.0%   0.0%   0.0%   0.0%   0.0%   0.0%   0.0%   0.0%   0.0%   0.0%   0.0% 	Avg.:  0.0% 
************************************************************************************************************
TAw Forg
	  0.0%   0.0%   0.0%   0.0%   0.0%   0.0%   0.0%   0.0%   0.0%   0.0%   0.0%   0.0%   0.0%   0.0%   0.0%   0.0%   0.0%   0.0%   0.0%   0.0% 
	 -1.2%   0.0%   0.0%   0.0%   0.0%   0.0%   0.0%   0.0%   0.0%   0.0%   0.0%   0.0%   0.0%   0.0%   0.0%   0.0%   0.0%   0.0%   0.0%   0.0% 	Avg.: -1.2% 
	 -0.2%   0.1%   0.0%   0.0%   0.0%   0.0%   0.0%   0.0%   0.0%   0.0%   0.0%   0.0%   0.0%   0.0%   0.0%   0.0%   0.0%   0.0%   0.0%   0.0% 	Avg.: -0.1% 
	 -0.1%  -0.3%  -1.2%   0.0%   0.0%   0.0%   0.0%   0.0%   0.0%   0.0%   0.0%   0.0%   0.0%   0.0%   0.0%   0.0%   0.0%   0.0%   0.0%   0.0% 	Avg.: -0.5% 
	  0.1%  -0.3%  -0.4%   0.1%   0.0%   0.0%   0.0%   0.0%   0.0%   0.0%   0.0%   0.0%   0.0%   0.0%   0.0%   0.0%   0.0%   0.0%   0.0%   0.0% 	Avg.: -0.1% 
	  0.0%  -0.2%  -0.5%   0.6%  -0.6%   0.0%   0.0%   0.0%   0.0%   0.0%   0.0%   0.0%   0.0%   0.0%   0.0%   0.0%   0.0%   0.0%   0.0%   0.0% 	Avg.: -0.1% 
	  0.0%   0.1%   0.2%  -0.4%   0.7%  -0.5%   0.0%   0.0%   0.0%   0.0%   0.0%   0.0%   0.0%   0.0%   0.0%   0.0%   0.0%   0.0%   0.0%   0.0% 	Avg.:  0.0% 
	 -0.2%  -0.2%  -0.5%   0.4%  -0.2%  -0.7%  -0.3%   0.0%   0.0%   0.0%   0.0%   0.0%   0.0%   0.0%   0.0%   0.0%   0.0%   0.0%   0.0%   0.0% 	Avg.: -0.2% 
	  0.1%  -0.2%  -0.1%   0.2%  -0.8%  -0.2%  -0.2%  -0.4%   0.0%   0.0%   0.0%   0.0%   0.0%   0.0%   0.0%   0.0%   0.0%   0.0%   0.0%   0.0% 	Avg.: -0.2% 
	 -0.1%   0.4%  -0.2%   0.0%   0.5%   0.1%   0.4%   0.4%  -0.5%   0.0%   0.0%   0.0%   0.0%   0.0%   0.0%   0.0%   0.0%   0.0%   0.0%   0.0% 	Avg.:  0.1% 
	  0.0%   0.0%   0.0%   0.0%   0.0%   0.0%   0.0%   0.0%   0.0%   0.0%   0.0%   0.0%   0.0%   0.0%   0.0%   0.0%   0.0%   0.0%   0.0%   0.0% 	Avg.:  0.0% 
	  0.0%   0.0%   0.0%   0.0%   0.0%   0.0%   0.0%   0.0%   0.0%   0.0%   0.0%   0.0%   0.0%   0.0%   0.0%   0.0%   0.0%   0.0%   0.0%   0.0% 	Avg.:  0.0% 
	  0.0%   0.0%   0.0%   0.0%   0.0%   0.0%   0.0%   0.0%   0.0%   0.0%   0.0%   0.0%   0.0%   0.0%   0.0%   0.0%   0.0%   0.0%   0.0%   0.0% 	Avg.:  0.0% 
	  0.0%   0.0%   0.0%   0.0%   0.0%   0.0%   0.0%   0.0%   0.0%   0.0%   0.0%   0.0%   0.0%   0.0%   0.0%   0.0%   0.0%   0.0%   0.0%   0.0% 	Avg.:  0.0% 
	  0.0%   0.0%   0.0%   0.0%   0.0%   0.0%   0.0%   0.0%   0.0%   0.0%   0.0%   0.0%   0.0%   0.0%   0.0%   0.0%   0.0%   0.0%   0.0%   0.0% 	Avg.:  0.0% 
	  0.0%   0.0%   0.0%   0.0%   0.0%   0.0%   0.0%   0.0%   0.0%   0.0%   0.0%   0.0%   0.0%   0.0%   0.0%   0.0%   0.0%   0.0%   0.0%   0.0% 	Avg.:  0.0% 
	  0.0%   0.0%   0.0%   0.0%   0.0%   0.0%   0.0%   0.0%   0.0%   0.0%   0.0%   0.0%   0.0%   0.0%   0.0%   0.0%   0.0%   0.0%   0.0%   0.0% 	Avg.:  0.0% 
	  0.0%   0.0%   0.0%   0.0%   0.0%   0.0%   0.0%   0.0%   0.0%   0.0%   0.0%   0.0%   0.0%   0.0%   0.0%   0.0%   0.0%   0.0%   0.0%   0.0% 	Avg.:  0.0% 
	  0.0%   0.0%   0.0%   0.0%   0.0%   0.0%   0.0%   0.0%   0.0%   0.0%   0.0%   0.0%   0.0%   0.0%   0.0%   0.0%   0.0%   0.0%   0.0%   0.0% 	Avg.:  0.0% 
	  0.0%   0.0%   0.0%   0.0%   0.0%   0.0%   0.0%   0.0%   0.0%   0.0%   0.0%   0.0%   0.0%   0.0%   0.0%   0.0%   0.0%   0.0%   0.0%   0.0% 	Avg.:  0.0% 
************************************************************************************************************
TAg Forg
	  0.0%   0.0%   0.0%   0.0%   0.0%   0.0%   0.0%   0.0%   0.0%   0.0%   0.0%   0.0%   0.0%   0.0%   0.0%   0.0%   0.0%   0.0%   0.0%   0.0% 
	  2.2%   0.0%   0.0%   0.0%   0.0%   0.0%   0.0%   0.0%   0.0%   0.0%   0.0%   0.0%   0.0%   0.0%   0.0%   0.0%   0.0%   0.0%   0.0%   0.0% 	Avg.:  2.2% 
	  6.4%   1.4%   0.0%   0.0%   0.0%   0.0%   0.0%   0.0%   0.0%   0.0%   0.0%   0.0%   0.0%   0.0%   0.0%   0.0%   0.0%   0.0%   0.0%   0.0% 	Avg.:  3.9% 
	  7.0%   3.8%   0.1%   0.0%   0.0%   0.0%   0.0%   0.0%   0.0%   0.0%   0.0%   0.0%   0.0%   0.0%   0.0%   0.0%   0.0%   0.0%   0.0%   0.0% 	Avg.:  3.6% 
	 12.5%   7.4%   1.9%   5.1%   0.0%   0.0%   0.0%   0.0%   0.0%   0.0%   0.0%   0.0%   0.0%   0.0%   0.0%   0.0%   0.0%   0.0%   0.0%   0.0% 	Avg.:  6.7% 
	 16.1%   7.6%   3.2%   9.6%   4.2%   0.0%   0.0%   0.0%   0.0%   0.0%   0.0%   0.0%   0.0%   0.0%   0.0%   0.0%   0.0%   0.0%   0.0%   0.0% 	Avg.:  8.1% 
	 20.6%  11.0%   4.8%   9.4%   4.7%   1.2%   0.0%   0.0%   0.0%   0.0%   0.0%   0.0%   0.0%   0.0%   0.0%   0.0%   0.0%   0.0%   0.0%   0.0% 	Avg.:  8.6% 
	 21.4%  11.8%   6.5%  11.6%  11.1%   2.3%   1.6%   0.0%   0.0%   0.0%   0.0%   0.0%   0.0%   0.0%   0.0%   0.0%   0.0%   0.0%   0.0%   0.0% 	Avg.:  9.5% 
	 20.8%  18.7%   7.7%  13.5%  13.3%   4.8%   2.0%   4.0%   0.0%   0.0%   0.0%   0.0%   0.0%   0.0%   0.0%   0.0%   0.0%   0.0%   0.0%   0.0% 	Avg.: 10.6% 
	 23.5%  19.6%   8.7%  15.3%  14.3%   7.4%   3.7%   6.0%   1.3%   0.0%   0.0%   0.0%   0.0%   0.0%   0.0%   0.0%   0.0%   0.0%   0.0%   0.0% 	Avg.: 11.1% 
	  0.0%   0.0%   0.0%   0.0%   0.0%   0.0%   0.0%   0.0%   0.0%   0.0%   0.0%   0.0%   0.0%   0.0%   0.0%   0.0%   0.0%   0.0%   0.0%   0.0% 	Avg.:  0.0% 
	  0.0%   0.0%   0.0%   0.0%   0.0%   0.0%   0.0%   0.0%   0.0%   0.0%   0.0%   0.0%   0.0%   0.0%   0.0%   0.0%   0.0%   0.0%   0.0%   0.0% 	Avg.:  0.0% 
	  0.0%   0.0%   0.0%   0.0%   0.0%   0.0%   0.0%   0.0%   0.0%   0.0%   0.0%   0.0%   0.0%   0.0%   0.0%   0.0%   0.0%   0.0%   0.0%   0.0% 	Avg.:  0.0% 
	  0.0%   0.0%   0.0%   0.0%   0.0%   0.0%   0.0%   0.0%   0.0%   0.0%   0.0%   0.0%   0.0%   0.0%   0.0%   0.0%   0.0%   0.0%   0.0%   0.0% 	Avg.:  0.0% 
	  0.0%   0.0%   0.0%   0.0%   0.0%   0.0%   0.0%   0.0%   0.0%   0.0%   0.0%   0.0%   0.0%   0.0%   0.0%   0.0%   0.0%   0.0%   0.0%   0.0% 	Avg.:  0.0% 
	  0.0%   0.0%   0.0%   0.0%   0.0%   0.0%   0.0%   0.0%   0.0%   0.0%   0.0%   0.0%   0.0%   0.0%   0.0%   0.0%   0.0%   0.0%   0.0%   0.0% 	Avg.:  0.0% 
	  0.0%   0.0%   0.0%   0.0%   0.0%   0.0%   0.0%   0.0%   0.0%   0.0%   0.0%   0.0%   0.0%   0.0%   0.0%   0.0%   0.0%   0.0%   0.0%   0.0% 	Avg.:  0.0% 
	  0.0%   0.0%   0.0%   0.0%   0.0%   0.0%   0.0%   0.0%   0.0%   0.0%   0.0%   0.0%   0.0%   0.0%   0.0%   0.0%   0.0%   0.0%   0.0%   0.0% 	Avg.:  0.0% 
	  0.0%   0.0%   0.0%   0.0%   0.0%   0.0%   0.0%   0.0%   0.0%   0.0%   0.0%   0.0%   0.0%   0.0%   0.0%   0.0%   0.0%   0.0%   0.0%   0.0% 	Avg.:  0.0% 
	  0.0%   0.0%   0.0%   0.0%   0.0%   0.0%   0.0%   0.0%   0.0%   0.0%   0.0%   0.0%   0.0%   0.0%   0.0%   0.0%   0.0%   0.0%   0.0%   0.0% 	Avg.:  0.0% 
************************************************************************************************************
[Elapsed time = 0.9 h]
Done!
