START_TASK=16 STOP_TASK=17
============================================================================================================
Arguments =
	approach: eeil
	batch_size: 64
	classes_first_task: None
	clipping: 10000
	crop: 224
	data_path: ../data/inat200
	dataset: inat200
	eval_on_train: False
	experiment_path: None
	fix_bn: False
	freeze_backbone: False
	gpu: 0
	gpus: [0]
	increment: 10
	last_layer_analysis: False
	log: ['disk']
	lr: 0.01
	lr_factor: None
	lr_min: 0.0001
	lr_patience: None
	lr_scheduler: cosine
	lr_warmup_epochs: 0
	momentum: 0.0
	multi_softmax: False
	nepochs: 90
	network: resnet50.a1_in1k
	no_cudnn_deterministic: False
	normalize: in1k
	num_workers: 2
	optimizer_name: sgd
	pin_memory: False
	pretrained: True
	resize: 224
	results_path: ./results
	save_models: True
	seed: 0
	start_at_task: 16
	start_epoch: 0
	stop_at_task: 17
	stop_epoch: 0
	use_valid_only: False
	warmup_lr_factor: 1.0
	warmup_nepochs: 0
	weight_decay: 0.0
============================================================================================================
Approach arguments =
	T: 2
	lamb: 1.0
	lr_finetuning_factor: 0.01
	nepochs_finetuning: 40
	noise_grad: False
============================================================================================================
Exemplars arguments =
	exemplar_selection: random
	num_exemplars: 4000
============================================================================================================
WARNING: ./results/resnet50.a1_in1k/inat200/eeil/10 already exists!
Loaded acc_taw from: ./results/resnet50.a1_in1k/inat200/eeil/10/acc_taw-15.txt
Loaded acc_tag from: ./results/resnet50.a1_in1k/inat200/eeil/10/acc_tag-15.txt
Loaded forg_taw from: ./results/resnet50.a1_in1k/inat200/eeil/10/forg_taw-15.txt
Loaded forg_tag from: ./results/resnet50.a1_in1k/inat200/eeil/10/forg_tag-15.txt
Loaded 4000 exemplars from ./results/resnet50.a1_in1k/inat200/eeil/10/task15_exemplars.pth
************************************************************************************************************
Task 16  [epochs 0-90]
************************************************************************************************************
[params] total:23,856,362  trainable:23,856,362  tensors:193  trainable_tensors:193
| Epoch   1, time= 32.1s | Train: skip eval | Valid: time=  2.8s loss=5.607, TAw acc= 66.0% | * lr=1.0e-02
| Epoch   2, time= 27.9s | Train: skip eval | Valid: time=  2.3s loss=4.718, TAw acc= 69.2% | * lr=1.0e-02
| Epoch   3, time= 28.0s | Train: skip eval | Valid: time=  2.1s loss=4.527, TAw acc= 72.5% | * lr=1.0e-02
| Epoch   4, time= 31.8s | Train: skip eval | Valid: time=  1.9s loss=4.434, TAw acc= 73.5% | * lr=1.0e-02
| Epoch   5, time= 28.4s | Train: skip eval | Valid: time=  1.9s loss=4.367, TAw acc= 75.2% | * lr=9.9e-03
| Epoch   6, time= 28.5s | Train: skip eval | Valid: time=  1.9s loss=4.313, TAw acc= 77.0% | * lr=9.9e-03
| Epoch   7, time= 29.9s | Train: skip eval | Valid: time=  2.0s loss=4.294, TAw acc= 75.8% | * lr=9.9e-03
| Epoch   8, time= 27.4s | Train: skip eval | Valid: time=  1.9s loss=4.282, TAw acc= 76.2% | * lr=9.8e-03
| Epoch   9, time= 29.4s | Train: skip eval | Valid: time=  1.9s loss=4.250, TAw acc= 78.0% | * lr=9.8e-03
| Epoch  10, time= 34.9s | Train: skip eval | Valid: time=  2.0s loss=4.239, TAw acc= 77.8% | * lr=9.7e-03
| Epoch  11, time= 28.4s | Train: skip eval | Valid: time=  1.9s loss=4.214, TAw acc= 79.0% | * lr=9.6e-03
| Epoch  12, time= 35.9s | Train: skip eval | Valid: time=  3.2s loss=4.200, TAw acc= 79.0% | * lr=9.6e-03
| Epoch  13, time= 37.1s | Train: skip eval | Valid: time=  3.1s loss=4.194, TAw acc= 79.5% | * lr=9.5e-03
| Epoch  14, time= 33.0s | Train: skip eval | Valid: time=  1.9s loss=4.177, TAw acc= 79.5% | * lr=9.4e-03
| Epoch  15, time= 27.2s | Train: skip eval | Valid: time=  1.9s loss=4.168, TAw acc= 80.2% | * lr=9.3e-03
| Epoch  16, time= 26.2s | Train: skip eval | Valid: time=  2.5s loss=4.162, TAw acc= 79.5% | * lr=9.2e-03
| Epoch  17, time= 32.8s | Train: skip eval | Valid: time=  2.2s loss=4.154, TAw acc= 80.2% | * lr=9.2e-03
| Epoch  18, time= 32.4s | Train: skip eval | Valid: time=  2.1s loss=4.146, TAw acc= 80.0% | * lr=9.1e-03
| Epoch  19, time= 30.2s | Train: skip eval | Valid: time=  2.0s loss=4.136, TAw acc= 80.2% | * lr=9.0e-03
| Epoch  20, time= 28.1s | Train: skip eval | Valid: time=  2.1s loss=4.141, TAw acc= 81.2% | lr=8.8e-03
| Epoch  21, time= 29.3s | Train: skip eval | Valid: time=  2.2s loss=4.141, TAw acc= 79.8% | lr=8.7e-03
| Epoch  22, time= 30.7s | Train: skip eval | Valid: time=  2.0s loss=4.130, TAw acc= 80.0% | * lr=8.6e-03
| Epoch  23, time= 35.4s | Train: skip eval | Valid: time=  1.9s loss=4.138, TAw acc= 79.5% | lr=8.5e-03
| Epoch  24, time= 31.4s | Train: skip eval | Valid: time=  2.3s loss=4.127, TAw acc= 80.2% | * lr=8.4e-03
| Epoch  25, time= 29.5s | Train: skip eval | Valid: time=  2.2s loss=4.115, TAw acc= 80.5% | * lr=8.2e-03
| Epoch  26, time= 31.9s | Train: skip eval | Valid: time=  1.9s loss=4.115, TAw acc= 81.0% | * lr=8.1e-03
| Epoch  27, time= 30.6s | Train: skip eval | Valid: time=  2.0s loss=4.113, TAw acc= 80.8% | * lr=8.0e-03
| Epoch  28, time= 30.7s | Train: skip eval | Valid: time=  2.0s loss=4.096, TAw acc= 81.0% | * lr=7.8e-03
| Epoch  29, time= 28.6s | Train: skip eval | Valid: time=  2.6s loss=4.126, TAw acc= 79.8% | lr=7.7e-03
| Epoch  30, time= 29.1s | Train: skip eval | Valid: time=  2.1s loss=4.104, TAw acc= 81.2% | lr=7.5e-03
| Epoch  31, time= 30.1s | Train: skip eval | Valid: time=  2.0s loss=4.110, TAw acc= 81.8% | lr=7.4e-03
| Epoch  32, time= 29.0s | Train: skip eval | Valid: time=  2.4s loss=4.082, TAw acc= 80.5% | * lr=7.2e-03
| Epoch  33, time= 29.5s | Train: skip eval | Valid: time=  2.3s loss=4.080, TAw acc= 80.5% | * lr=7.1e-03
| Epoch  34, time= 30.7s | Train: skip eval | Valid: time=  2.5s loss=4.097, TAw acc= 81.0% | lr=6.9e-03
| Epoch  35, time= 29.0s | Train: skip eval | Valid: time=  2.0s loss=4.083, TAw acc= 81.0% | lr=6.7e-03
| Epoch  36, time= 31.3s | Train: skip eval | Valid: time=  1.9s loss=4.079, TAw acc= 81.8% | * lr=6.6e-03
| Epoch  37, time= 32.6s | Train: skip eval | Valid: time=  2.1s loss=4.075, TAw acc= 81.0% | * lr=6.4e-03
| Epoch  38, time= 34.4s | Train: skip eval | Valid: time=  3.4s loss=4.068, TAw acc= 81.0% | * lr=6.2e-03
| Epoch  39, time= 30.5s | Train: skip eval | Valid: time=  2.3s loss=4.074, TAw acc= 81.2% | lr=6.1e-03
| Epoch  40, time= 32.4s | Train: skip eval | Valid: time=  1.9s loss=4.082, TAw acc= 81.5% | lr=5.9e-03
| Epoch  41, time= 30.8s | Train: skip eval | Valid: time=  1.9s loss=4.068, TAw acc= 81.0% | * lr=5.7e-03
| Epoch  42, time= 27.4s | Train: skip eval | Valid: time=  2.0s loss=4.071, TAw acc= 81.5% | lr=5.6e-03
| Epoch  43, time= 29.5s | Train: skip eval | Valid: time=  2.2s loss=4.075, TAw acc= 80.8% | lr=5.4e-03
| Epoch  44, time= 31.0s | Train: skip eval | Valid: time=  1.9s loss=4.062, TAw acc= 80.8% | * lr=5.2e-03
| Epoch  45, time= 28.9s | Train: skip eval | Valid: time=  1.9s loss=4.061, TAw acc= 81.0% | * lr=5.1e-03
| Epoch  46, time= 28.8s | Train: skip eval | Valid: time=  1.9s loss=4.077, TAw acc= 81.2% | lr=4.9e-03
| Epoch  47, time= 28.4s | Train: skip eval | Valid: time=  2.0s loss=4.060, TAw acc= 81.2% | * lr=4.7e-03
| Epoch  48, time= 27.5s | Train: skip eval | Valid: time=  1.9s loss=4.068, TAw acc= 82.2% | lr=4.5e-03
| Epoch  49, time= 30.2s | Train: skip eval | Valid: time=  2.1s loss=4.067, TAw acc= 81.5% | lr=4.4e-03
| Epoch  50, time= 26.5s | Train: skip eval | Valid: time=  1.9s loss=4.064, TAw acc= 81.2% | lr=4.2e-03
| Epoch  51, time= 28.8s | Train: skip eval | Valid: time=  2.0s loss=4.065, TAw acc= 81.0% | lr=4.0e-03
| Epoch  52, time= 31.2s | Train: skip eval | Valid: time=  2.0s loss=4.063, TAw acc= 80.2% | lr=3.9e-03
| Epoch  53, time= 29.7s | Train: skip eval | Valid: time=  1.9s loss=4.063, TAw acc= 81.2% | lr=3.7e-03
| Epoch  54, time= 30.3s | Train: skip eval | Valid: time=  1.9s loss=4.065, TAw acc= 80.5% | lr=3.5e-03
| Epoch  55, time= 31.2s | Train: skip eval | Valid: time=  2.3s loss=4.063, TAw acc= 81.5% | lr=3.4e-03
| Epoch  56, time= 27.2s | Train: skip eval | Valid: time=  2.5s loss=4.061, TAw acc= 81.8% | lr=3.2e-03
| Epoch  57, time= 34.8s | Train: skip eval | Valid: time=  2.4s loss=4.057, TAw acc= 82.0% | * lr=3.0e-03
| Epoch  58, time= 29.3s | Train: skip eval | Valid: time=  2.3s loss=4.063, TAw acc= 81.5% | lr=2.9e-03
| Epoch  59, time= 29.2s | Train: skip eval | Valid: time=  2.1s loss=4.048, TAw acc= 82.2% | * lr=2.7e-03
| Epoch  60, time= 28.6s | Train: skip eval | Valid: time=  2.3s loss=4.046, TAw acc= 81.0% | * lr=2.6e-03
| Epoch  61, time= 27.2s | Train: skip eval | Valid: time=  1.9s loss=4.054, TAw acc= 81.2% | lr=2.4e-03
| Epoch  62, time= 28.4s | Train: skip eval | Valid: time=  2.0s loss=4.045, TAw acc= 81.2% | * lr=2.3e-03
| Epoch  63, time= 27.6s | Train: skip eval | Valid: time=  2.2s loss=4.047, TAw acc= 81.0% | lr=2.1e-03
| Epoch  64, time= 27.6s | Train: skip eval | Valid: time=  1.9s loss=4.045, TAw acc= 82.2% | lr=2.0e-03
| Epoch  65, time= 26.7s | Train: skip eval | Valid: time=  2.0s loss=4.049, TAw acc= 81.0% | lr=1.9e-03
| Epoch  66, time= 26.3s | Train: skip eval | Valid: time=  2.3s loss=4.039, TAw acc= 81.8% | * lr=1.7e-03
| Epoch  67, time= 29.5s | Train: skip eval | Valid: time=  2.0s loss=4.052, TAw acc= 81.2% | lr=1.6e-03
| Epoch  68, time= 32.3s | Train: skip eval | Valid: time=  2.0s loss=4.047, TAw acc= 82.0% | lr=1.5e-03
| Epoch  69, time= 30.6s | Train: skip eval | Valid: time=  2.0s loss=4.047, TAw acc= 81.5% | lr=1.4e-03
| Epoch  70, time= 31.6s | Train: skip eval | Valid: time=  2.0s loss=4.051, TAw acc= 81.5% | lr=1.3e-03
| Epoch  71, time= 27.2s | Train: skip eval | Valid: time=  1.9s loss=4.046, TAw acc= 80.8% | lr=1.1e-03
| Epoch  72, time= 27.5s | Train: skip eval | Valid: time=  2.1s loss=4.046, TAw acc= 81.2% | lr=1.0e-03
| Epoch  73, time= 28.1s | Train: skip eval | Valid: time=  2.0s loss=4.051, TAw acc= 81.5% | lr=9.5e-04
| Epoch  74, time= 31.3s | Train: skip eval | Valid: time=  1.9s loss=4.039, TAw acc= 82.0% | * lr=8.5e-04
| Epoch  75, time= 28.0s | Train: skip eval | Valid: time=  2.3s loss=4.044, TAw acc= 81.5% | lr=7.6e-04
| Epoch  76, time= 27.4s | Train: skip eval | Valid: time=  2.5s loss=4.037, TAw acc= 81.5% | * lr=6.8e-04
| Epoch  77, time= 29.3s | Train: skip eval | Valid: time=  2.3s loss=4.046, TAw acc= 81.8% | lr=6.0e-04
| Epoch  78, time= 28.7s | Train: skip eval | Valid: time=  2.0s loss=4.035, TAw acc= 82.0% | * lr=5.3e-04
| Epoch  79, time= 29.5s | Train: skip eval | Valid: time=  2.1s loss=4.029, TAw acc= 81.5% | * lr=4.6e-04
| Epoch  80, time= 31.8s | Train: skip eval | Valid: time=  1.9s loss=4.043, TAw acc= 81.0% | lr=4.0e-04
| Epoch  81, time= 29.3s | Train: skip eval | Valid: time=  2.1s loss=4.043, TAw acc= 81.8% | lr=3.4e-04
| Epoch  82, time= 29.6s | Train: skip eval | Valid: time=  2.1s loss=4.053, TAw acc= 81.8% | lr=2.9e-04
| Epoch  83, time= 30.4s | Train: skip eval | Valid: time=  2.2s loss=4.045, TAw acc= 81.5% | lr=2.5e-04
| Epoch  84, time= 33.1s | Train: skip eval | Valid: time=  2.1s loss=4.046, TAw acc= 82.2% | lr=2.1e-04
| Epoch  85, time= 29.9s | Train: skip eval | Valid: time=  2.1s loss=4.033, TAw acc= 81.8% | lr=1.8e-04
| Epoch  86, time= 32.4s | Train: skip eval | Valid: time=  2.0s loss=4.039, TAw acc= 82.0% | lr=1.5e-04
| Epoch  87, time= 28.3s | Train: skip eval | Valid: time=  2.1s loss=4.043, TAw acc= 81.5% | lr=1.3e-04
| Epoch  88, time= 33.2s | Train: skip eval | Valid: time=  2.2s loss=4.046, TAw acc= 81.2% | lr=1.1e-04
| Epoch  89, time= 30.1s | Train: skip eval | Valid: time=  2.0s loss=4.043, TAw acc= 82.2% | lr=1.0e-04
| Epoch  90, time= 30.8s | Train: skip eval | Valid: time=  2.1s loss=4.043, TAw acc= 81.2% | lr=1.0e-04
[params] total:23,856,362  trainable:23,856,362  tensors:193  trainable_tensors:193
| Epoch   1, time= 31.0s | Train: skip eval | Valid: time=  2.0s loss=4.299, TAw acc= 81.0% | * lr=1.0e-04
| Epoch   2, time= 29.5s | Train: skip eval | Valid: time=  1.9s loss=4.306, TAw acc= 80.5% | lr=1.0e-04
| Epoch   3, time= 31.3s | Train: skip eval | Valid: time=  1.9s loss=4.302, TAw acc= 81.8% | lr=1.0e-04
| Epoch   4, time= 31.6s | Train: skip eval | Valid: time=  2.2s loss=4.296, TAw acc= 81.8% | * lr=1.0e-04
| Epoch   5, time= 30.1s | Train: skip eval | Valid: time=  2.3s loss=4.317, TAw acc= 81.8% | lr=1.0e-04
| Epoch   6, time= 28.3s | Train: skip eval | Valid: time=  2.1s loss=4.300, TAw acc= 81.5% | lr=1.0e-04
| Epoch   7, time= 29.6s | Train: skip eval | Valid: time=  2.2s loss=4.307, TAw acc= 82.0% | lr=1.0e-04
| Epoch   8, time= 27.8s | Train: skip eval | Valid: time=  2.5s loss=4.300, TAw acc= 81.5% | lr=1.0e-04
| Epoch   9, time= 27.9s | Train: skip eval | Valid: time=  2.0s loss=4.303, TAw acc= 81.0% | lr=1.0e-04
| Epoch  10, time= 28.8s | Train: skip eval | Valid: time=  2.1s loss=4.307, TAw acc= 82.0% | lr=1.0e-04
| Epoch  11, time= 29.0s | Train: skip eval | Valid: time=  2.1s loss=4.302, TAw acc= 81.0% | lr=1.0e-04
| Epoch  12, time= 29.5s | Train: skip eval | Valid: time=  2.6s loss=4.301, TAw acc= 81.8% | lr=1.0e-04
| Epoch  13, time= 28.0s | Train: skip eval | Valid: time=  2.0s loss=4.300, TAw acc= 81.0% | lr=1.0e-04
| Epoch  14, time= 30.2s | Train: skip eval | Valid: time=  2.1s loss=4.305, TAw acc= 81.2% | lr=1.0e-04
| Epoch  15, time= 28.3s | Train: skip eval | Valid: time=  2.5s loss=4.296, TAw acc= 81.8% | * lr=1.0e-04
| Epoch  16, time= 30.9s | Train: skip eval | Valid: time=  2.0s loss=4.309, TAw acc= 81.5% | lr=1.0e-04
| Epoch  17, time= 29.1s | Train: skip eval | Valid: time=  2.2s loss=4.301, TAw acc= 82.0% | lr=1.0e-04
| Epoch  18, time= 29.5s | Train: skip eval | Valid: time=  2.2s loss=4.304, TAw acc= 81.2% | lr=1.0e-04
| Epoch  19, time= 29.0s | Train: skip eval | Valid: time=  2.3s loss=4.297, TAw acc= 80.8% | lr=1.0e-04
| Epoch  20, time= 29.4s | Train: skip eval | Valid: time=  2.4s loss=4.306, TAw acc= 81.2% | lr=1.0e-04
| Epoch  21, time= 28.9s | Train: skip eval | Valid: time=  2.0s loss=4.306, TAw acc= 81.5% | lr=1.0e-04
| Epoch  22, time= 28.3s | Train: skip eval | Valid: time=  2.0s loss=4.309, TAw acc= 81.5% | lr=1.0e-04
| Epoch  23, time= 30.4s | Train: skip eval | Valid: time=  2.0s loss=4.303, TAw acc= 82.0% | lr=1.0e-04
| Epoch  24, time= 29.5s | Train: skip eval | Valid: time=  2.0s loss=4.304, TAw acc= 81.5% | lr=1.0e-04
| Epoch  25, time= 31.2s | Train: skip eval | Valid: time=  1.9s loss=4.308, TAw acc= 82.0% | lr=1.0e-04
| Epoch  26, time= 28.4s | Train: skip eval | Valid: time=  2.0s loss=4.307, TAw acc= 81.5% | lr=1.0e-04
| Epoch  27, time= 31.3s | Train: skip eval | Valid: time=  2.0s loss=4.308, TAw acc= 82.0% | lr=1.0e-04
| Epoch  28, time= 31.7s | Train: skip eval | Valid: time=  2.1s loss=4.308, TAw acc= 81.2% | lr=1.0e-04
| Epoch  29, time= 26.3s | Train: skip eval | Valid: time=  2.3s loss=4.308, TAw acc= 81.5% | lr=1.0e-04
| Epoch  30, time= 30.3s | Train: skip eval | Valid: time=  2.2s loss=4.307, TAw acc= 81.8% | lr=1.0e-04
| Epoch  31, time= 32.1s | Train: skip eval | Valid: time=  2.1s loss=4.300, TAw acc= 81.8% | lr=1.0e-04
| Epoch  32, time= 30.3s | Train: skip eval | Valid: time=  2.2s loss=4.295, TAw acc= 81.2% | * lr=1.0e-04
| Epoch  33, time= 30.9s | Train: skip eval | Valid: time=  2.4s loss=4.297, TAw acc= 81.2% | lr=1.0e-04
| Epoch  34, time= 33.9s | Train: skip eval | Valid: time=  2.3s loss=4.299, TAw acc= 81.2% | lr=1.0e-04
| Epoch  35, time= 32.1s | Train: skip eval | Valid: time=  2.1s loss=4.296, TAw acc= 81.2% | lr=1.0e-04
| Epoch  36, time= 28.3s | Train: skip eval | Valid: time=  2.0s loss=4.303, TAw acc= 81.8% | lr=1.0e-04
| Epoch  37, time= 28.0s | Train: skip eval | Valid: time=  2.0s loss=4.291, TAw acc= 82.2% | * lr=1.0e-04
| Epoch  38, time= 29.8s | Train: skip eval | Valid: time=  2.0s loss=4.303, TAw acc= 81.5% | lr=1.0e-04
| Epoch  39, time= 32.8s | Train: skip eval | Valid: time=  2.2s loss=4.297, TAw acc= 81.2% | lr=1.0e-04
| Epoch  40, time= 32.9s | Train: skip eval | Valid: time=  1.9s loss=4.307, TAw acc= 81.8% | lr=1.0e-04
| Selected 4080 train exemplars, time=  3.7s
------------------------------------------------------------------------------------------------------------
>>> Test on task  0 : loss=2.215 | TAw acc= 90.4%, forg=  1.5% | TAg acc= 50.8%, forg= 30.5% <<<
>>> Test on task  1 : loss=2.511 | TAw acc= 89.2%, forg=  0.8% | TAg acc= 43.7%, forg= 31.0% <<<
>>> Test on task  2 : loss=2.066 | TAw acc= 92.4%, forg=  0.6% | TAg acc= 61.6%, forg= 20.1% <<<
>>> Test on task  3 : loss=2.669 | TAw acc= 87.0%, forg=  0.3% | TAg acc= 52.1%, forg= 28.4% <<<
>>> Test on task  4 : loss=3.289 | TAw acc= 89.4%, forg=  1.0% | TAg acc= 40.5%, forg= 40.8% <<<
>>> Test on task  5 : loss=3.465 | TAw acc= 85.3%, forg=  1.5% | TAg acc= 43.5%, forg= 34.7% <<<
>>> Test on task  6 : loss=2.762 | TAw acc= 91.4%, forg=  1.2% | TAg acc= 64.0%, forg= 22.0% <<<
>>> Test on task  7 : loss=3.447 | TAw acc= 90.1%, forg=  1.0% | TAg acc= 54.8%, forg= 29.8% <<<
>>> Test on task  8 : loss=3.479 | TAw acc= 88.6%, forg=  1.3% | TAg acc= 59.4%, forg= 26.3% <<<
>>> Test on task  9 : loss=4.000 | TAw acc= 91.1%, forg=  0.8% | TAg acc= 49.1%, forg= 37.2% <<<
>>> Test on task 10 : loss=4.108 | TAw acc= 85.3%, forg=  1.6% | TAg acc= 44.4%, forg= 39.1% <<<
>>> Test on task 11 : loss=4.218 | TAw acc= 89.6%, forg=  1.2% | TAg acc= 52.9%, forg= 32.5% <<<
>>> Test on task 12 : loss=4.229 | TAw acc= 90.9%, forg=  1.0% | TAg acc= 55.7%, forg= 32.4% <<<
>>> Test on task 13 : loss=4.194 | TAw acc= 95.5%, forg= -0.1% | TAg acc= 57.5%, forg= 34.6% <<<
>>> Test on task 14 : loss=4.592 | TAw acc= 93.9%, forg=  0.7% | TAg acc= 57.2%, forg= 32.2% <<<
>>> Test on task 15 : loss=5.095 | TAw acc= 89.8%, forg=  0.6% | TAg acc= 58.8%, forg= 27.7% <<<
>>> Test on task 16 : loss=4.251 | TAw acc= 81.5%, forg=  0.0% | TAg acc= 77.8%, forg=  0.0% <<<
Save at ./results/./results/resnet50.a1_in1k/inat200/eeil/10
************************************************************************************************************
TAw Acc
	 81.3%   0.0%   0.0%   0.0%   0.0%   0.0%   0.0%   0.0%   0.0%   0.0%   0.0%   0.0%   0.0%   0.0%   0.0%   0.0%   0.0%   0.0%   0.0%   0.0% 	Avg.: 81.3% 
	 87.7%  84.5%   0.0%   0.0%   0.0%   0.0%   0.0%   0.0%   0.0%   0.0%   0.0%   0.0%   0.0%   0.0%   0.0%   0.0%   0.0%   0.0%   0.0%   0.0% 	Avg.: 86.1% 
	 89.1%  86.3%  88.7%   0.0%   0.0%   0.0%   0.0%   0.0%   0.0%   0.0%   0.0%   0.0%   0.0%   0.0%   0.0%   0.0%   0.0%   0.0%   0.0%   0.0% 	Avg.: 88.0% 
	 90.4%  88.0%  90.0%  85.1%   0.0%   0.0%   0.0%   0.0%   0.0%   0.0%   0.0%   0.0%   0.0%   0.0%   0.0%   0.0%   0.0%   0.0%   0.0%   0.0% 	Avg.: 88.4% 
	 91.2%  88.4%  90.3%  86.1%  87.7%   0.0%   0.0%   0.0%   0.0%   0.0%   0.0%   0.0%   0.0%   0.0%   0.0%   0.0%   0.0%   0.0%   0.0%   0.0% 	Avg.: 88.7% 
	 90.9%  87.7%  91.5%  85.5%  89.3%  86.2%   0.0%   0.0%   0.0%   0.0%   0.0%   0.0%   0.0%   0.0%   0.0%   0.0%   0.0%   0.0%   0.0%   0.0% 	Avg.: 88.5% 
	 91.7%  87.5%  91.0%  86.0%  89.5%  86.4%  91.2%   0.0%   0.0%   0.0%   0.0%   0.0%   0.0%   0.0%   0.0%   0.0%   0.0%   0.0%   0.0%   0.0% 	Avg.: 89.0% 
	 91.9%  88.5%  91.6%  86.9%  89.4%  85.6%  91.8%  90.5%   0.0%   0.0%   0.0%   0.0%   0.0%   0.0%   0.0%   0.0%   0.0%   0.0%   0.0%   0.0% 	Avg.: 89.5% 
	 91.7%  87.8%  91.8%  86.8%  89.6%  85.7%  92.0%  90.7%  89.9%   0.0%   0.0%   0.0%   0.0%   0.0%   0.0%   0.0%   0.0%   0.0%   0.0%   0.0% 	Avg.: 89.6% 
	 91.8%  89.1%  92.2%  86.7%  89.9%  86.3%  92.2%  91.1%  89.4%  91.0%   0.0%   0.0%   0.0%   0.0%   0.0%   0.0%   0.0%   0.0%   0.0%   0.0% 	Avg.: 90.0% 
	 91.7%  88.8%  92.0%  86.8%  89.9%  85.7%  92.1%  90.7%  89.5%  91.1%  86.9%   0.0%   0.0%   0.0%   0.0%   0.0%   0.0%   0.0%   0.0%   0.0% 	Avg.: 89.6% 
	 91.4%  89.7%  93.0%  86.6%  89.7%  86.3%  91.8%  90.8%  89.2%  91.4%  85.9%  90.8%   0.0%   0.0%   0.0%   0.0%   0.0%   0.0%   0.0%   0.0% 	Avg.: 89.7% 
	 90.5%  89.4%  92.5%  86.9%  90.4%  86.4%  92.2%  90.8%  89.5%  91.7%  86.0%  88.9%  91.9%   0.0%   0.0%   0.0%   0.0%   0.0%   0.0%   0.0% 	Avg.: 89.8% 
	 91.0%  90.0%  92.2%  86.6%  90.2%  86.8%  92.6%  90.1%  89.8%  91.4%  85.7%  89.6%  91.8%  95.4%   0.0%   0.0%   0.0%   0.0%   0.0%   0.0% 	Avg.: 90.2% 
	 90.6%  90.0%  92.3%  87.3%  90.0%  86.1%  92.0%  89.8%  89.0%  91.9%  85.4%  88.8%  91.0%  95.3%  94.3%   0.0%   0.0%   0.0%   0.0%   0.0% 	Avg.: 90.3% 
	 90.4%  89.9%  92.6%  86.9%  89.7%  85.8%  92.0%  89.7%  88.6%  91.4%  86.2%  89.1%  90.4%  95.2%  94.6%  90.4%   0.0%   0.0%   0.0%   0.0% 	Avg.: 90.2% 
	 90.4%  89.2%  92.4%  87.0%  89.4%  85.3%  91.4%  90.1%  88.6%  91.1%  85.3%  89.6%  90.9%  95.5%  93.9%  89.8%  81.5%   0.0%   0.0%   0.0% 	Avg.: 89.5% 
	  0.0%   0.0%   0.0%   0.0%   0.0%   0.0%   0.0%   0.0%   0.0%   0.0%   0.0%   0.0%   0.0%   0.0%   0.0%   0.0%   0.0%   0.0%   0.0%   0.0% 	Avg.:  0.0% 
	  0.0%   0.0%   0.0%   0.0%   0.0%   0.0%   0.0%   0.0%   0.0%   0.0%   0.0%   0.0%   0.0%   0.0%   0.0%   0.0%   0.0%   0.0%   0.0%   0.0% 	Avg.:  0.0% 
	  0.0%   0.0%   0.0%   0.0%   0.0%   0.0%   0.0%   0.0%   0.0%   0.0%   0.0%   0.0%   0.0%   0.0%   0.0%   0.0%   0.0%   0.0%   0.0%   0.0% 	Avg.:  0.0% 
************************************************************************************************************
TAg Acc
	 81.3%   0.0%   0.0%   0.0%   0.0%   0.0%   0.0%   0.0%   0.0%   0.0%   0.0%   0.0%   0.0%   0.0%   0.0%   0.0%   0.0%   0.0%   0.0%   0.0% 	Avg.: 81.3% 
	 80.3%  73.9%   0.0%   0.0%   0.0%   0.0%   0.0%   0.0%   0.0%   0.0%   0.0%   0.0%   0.0%   0.0%   0.0%   0.0%   0.0%   0.0%   0.0%   0.0% 	Avg.: 77.1% 
	 74.9%  74.7%  81.7%   0.0%   0.0%   0.0%   0.0%   0.0%   0.0%   0.0%   0.0%   0.0%   0.0%   0.0%   0.0%   0.0%   0.0%   0.0%   0.0%   0.0% 	Avg.: 77.1% 
	 72.9%  67.0%  74.1%  80.5%   0.0%   0.0%   0.0%   0.0%   0.0%   0.0%   0.0%   0.0%   0.0%   0.0%   0.0%   0.0%   0.0%   0.0%   0.0%   0.0% 	Avg.: 73.6% 
	 67.1%  67.7%  71.9%  65.4%  81.3%   0.0%   0.0%   0.0%   0.0%   0.0%   0.0%   0.0%   0.0%   0.0%   0.0%   0.0%   0.0%   0.0%   0.0%   0.0% 	Avg.: 70.7% 
	 62.0%  69.1%  71.0%  61.9%  63.1%  78.2%   0.0%   0.0%   0.0%   0.0%   0.0%   0.0%   0.0%   0.0%   0.0%   0.0%   0.0%   0.0%   0.0%   0.0% 	Avg.: 67.5% 
	 52.9%  62.6%  68.7%  64.1%  64.8%  55.9%  86.0%   0.0%   0.0%   0.0%   0.0%   0.0%   0.0%   0.0%   0.0%   0.0%   0.0%   0.0%   0.0%   0.0% 	Avg.: 65.0% 
	 60.4%  64.0%  67.2%  60.4%  52.8%  57.4%  65.2%  84.6%   0.0%   0.0%   0.0%   0.0%   0.0%   0.0%   0.0%   0.0%   0.0%   0.0%   0.0%   0.0% 	Avg.: 64.0% 
	 62.4%  56.3%  69.4%  60.8%  56.0%  57.3%  70.7%  61.7%  85.7%   0.0%   0.0%   0.0%   0.0%   0.0%   0.0%   0.0%   0.0%   0.0%   0.0%   0.0% 	Avg.: 64.5% 
	 57.2%  53.5%  68.1%  58.0%  58.1%  51.5%  63.8%  56.9%  66.6%  86.3%   0.0%   0.0%   0.0%   0.0%   0.0%   0.0%   0.0%   0.0%   0.0%   0.0% 	Avg.: 62.0% 
	 52.4%  57.6%  62.4%  58.9%  51.1%  45.7%  63.8%  60.0%  65.2%  59.0%  83.5%   0.0%   0.0%   0.0%   0.0%   0.0%   0.0%   0.0%   0.0%   0.0% 	Avg.: 60.0% 
	 51.5%  56.7%  64.8%  53.3%  55.0%  50.2%  66.8%  58.9%  62.5%  57.1%  55.2%  85.4%   0.0%   0.0%   0.0%   0.0%   0.0%   0.0%   0.0%   0.0% 	Avg.: 59.8% 
	 56.7%  55.4%  65.6%  54.5%  53.5%  46.8%  64.8%  55.3%  64.1%  55.4%  53.7%  54.7%  88.1%   0.0%   0.0%   0.0%   0.0%   0.0%   0.0%   0.0% 	Avg.: 59.1% 
	 54.2%  48.8%  63.3%  52.9%  51.8%  44.3%  62.3%  54.6%  65.6%  48.4%  56.1%  54.7%  52.4%  92.1%   0.0%   0.0%   0.0%   0.0%   0.0%   0.0% 	Avg.: 57.3% 
	 51.8%  48.1%  59.6%  52.9%  53.1%  46.9%  62.6%  55.5%  62.5%  51.2%  56.4%  55.1%  55.8%  57.8%  89.4%   0.0%   0.0%   0.0%   0.0%   0.0% 	Avg.: 57.2% 
	 51.1%  48.0%  61.0%  53.3%  43.7%  42.6%  63.9%  56.0%  61.1%  48.2%  54.7%  53.9%  57.9%  58.8%  52.0%  86.5%   0.0%   0.0%   0.0%   0.0% 	Avg.: 55.8% 
	 50.8%  43.7%  61.6%  52.1%  40.5%  43.5%  64.0%  54.8%  59.4%  49.1%  44.4%  52.9%  55.7%  57.5%  57.2%  58.8%  77.8%   0.0%   0.0%   0.0% 	Avg.: 54.3% 
	  0.0%   0.0%   0.0%   0.0%   0.0%   0.0%   0.0%   0.0%   0.0%   0.0%   0.0%   0.0%   0.0%   0.0%   0.0%   0.0%   0.0%   0.0%   0.0%   0.0% 	Avg.:  0.0% 
	  0.0%   0.0%   0.0%   0.0%   0.0%   0.0%   0.0%   0.0%   0.0%   0.0%   0.0%   0.0%   0.0%   0.0%   0.0%   0.0%   0.0%   0.0%   0.0%   0.0% 	Avg.:  0.0% 
	  0.0%   0.0%   0.0%   0.0%   0.0%   0.0%   0.0%   0.0%   0.0%   0.0%   0.0%   0.0%   0.0%   0.0%   0.0%   0.0%   0.0%   0.0%   0.0%   0.0% 	Avg.:  0.0% 
************************************************************************************************************
TAw Forg
	  0.0%   0.0%   0.0%   0.0%   0.0%   0.0%   0.0%   0.0%   0.0%   0.0%   0.0%   0.0%   0.0%   0.0%   0.0%   0.0%   0.0%   0.0%   0.0%   0.0% 
	 -6.4%   0.0%   0.0%   0.0%   0.0%   0.0%   0.0%   0.0%   0.0%   0.0%   0.0%   0.0%   0.0%   0.0%   0.0%   0.0%   0.0%   0.0%   0.0%   0.0% 	Avg.: -6.4% 
	 -1.4%  -1.8%   0.0%   0.0%   0.0%   0.0%   0.0%   0.0%   0.0%   0.0%   0.0%   0.0%   0.0%   0.0%   0.0%   0.0%   0.0%   0.0%   0.0%   0.0% 	Avg.: -1.6% 
	 -1.3%  -1.7%  -1.3%   0.0%   0.0%   0.0%   0.0%   0.0%   0.0%   0.0%   0.0%   0.0%   0.0%   0.0%   0.0%   0.0%   0.0%   0.0%   0.0%   0.0% 	Avg.: -1.4% 
	 -0.8%  -0.4%  -0.3%  -1.0%   0.0%   0.0%   0.0%   0.0%   0.0%   0.0%   0.0%   0.0%   0.0%   0.0%   0.0%   0.0%   0.0%   0.0%   0.0%   0.0% 	Avg.: -0.6% 
	  0.3%   0.7%  -1.2%   0.6%  -1.6%   0.0%   0.0%   0.0%   0.0%   0.0%   0.0%   0.0%   0.0%   0.0%   0.0%   0.0%   0.0%   0.0%   0.0%   0.0% 	Avg.: -0.2% 
	 -0.5%   0.9%   0.5%   0.1%  -0.2%  -0.2%   0.0%   0.0%   0.0%   0.0%   0.0%   0.0%   0.0%   0.0%   0.0%   0.0%   0.0%   0.0%   0.0%   0.0% 	Avg.:  0.1% 
	 -0.2%  -0.1%  -0.1%  -0.8%   0.1%   0.8%  -0.6%   0.0%   0.0%   0.0%   0.0%   0.0%   0.0%   0.0%   0.0%   0.0%   0.0%   0.0%   0.0%   0.0% 	Avg.: -0.1% 
	  0.2%   0.7%  -0.2%   0.1%  -0.1%   0.7%  -0.2%  -0.2%   0.0%   0.0%   0.0%   0.0%   0.0%   0.0%   0.0%   0.0%   0.0%   0.0%   0.0%   0.0% 	Avg.:  0.1% 
	  0.1%  -0.6%  -0.4%   0.2%  -0.3%   0.1%  -0.2%  -0.4%   0.5%   0.0%   0.0%   0.0%   0.0%   0.0%   0.0%   0.0%   0.0%   0.0%   0.0%   0.0% 	Avg.: -0.1% 
	  0.2%   0.3%   0.2%   0.1%   0.0%   0.7%   0.1%   0.4%   0.4%  -0.1%   0.0%   0.0%   0.0%   0.0%   0.0%   0.0%   0.0%   0.0%   0.0%   0.0% 	Avg.:  0.2% 
	  0.5%  -0.6%  -0.8%   0.3%   0.2%   0.1%   0.4%   0.3%   0.7%  -0.3%   1.0%   0.0%   0.0%   0.0%   0.0%   0.0%   0.0%   0.0%   0.0%   0.0% 	Avg.:  0.2% 
	  1.4%   0.3%   0.5%   0.0%  -0.5%   0.0%   0.0%   0.3%   0.4%  -0.3%   0.9%   1.9%   0.0%   0.0%   0.0%   0.0%   0.0%   0.0%   0.0%   0.0% 	Avg.:  0.4% 
	  0.9%  -0.3%   0.8%   0.3%   0.2%  -0.4%  -0.4%   1.0%   0.1%   0.3%   1.2%   1.2%   0.1%   0.0%   0.0%   0.0%   0.0%   0.0%   0.0%   0.0% 	Avg.:  0.4% 
	  1.3%   0.0%   0.7%  -0.4%   0.4%   0.7%   0.6%   1.3%   0.9%  -0.2%   1.5%   2.0%   0.9%   0.1%   0.0%   0.0%   0.0%   0.0%   0.0%   0.0% 	Avg.:  0.7% 
	  1.5%   0.1%   0.4%   0.4%   0.7%   1.0%   0.6%   1.4%   1.3%   0.5%   0.7%   1.7%   1.5%   0.2%  -0.3%   0.0%   0.0%   0.0%   0.0%   0.0% 	Avg.:  0.8% 
	  1.5%   0.8%   0.6%   0.3%   1.0%   1.5%   1.2%   1.0%   1.3%   0.8%   1.6%   1.2%   1.0%  -0.1%   0.7%   0.6%   0.0%   0.0%   0.0%   0.0% 	Avg.:  0.9% 
	  0.0%   0.0%   0.0%   0.0%   0.0%   0.0%   0.0%   0.0%   0.0%   0.0%   0.0%   0.0%   0.0%   0.0%   0.0%   0.0%   0.0%   0.0%   0.0%   0.0% 	Avg.:  0.0% 
	  0.0%   0.0%   0.0%   0.0%   0.0%   0.0%   0.0%   0.0%   0.0%   0.0%   0.0%   0.0%   0.0%   0.0%   0.0%   0.0%   0.0%   0.0%   0.0%   0.0% 	Avg.:  0.0% 
	  0.0%   0.0%   0.0%   0.0%   0.0%   0.0%   0.0%   0.0%   0.0%   0.0%   0.0%   0.0%   0.0%   0.0%   0.0%   0.0%   0.0%   0.0%   0.0%   0.0% 	Avg.:  0.0% 
************************************************************************************************************
TAg Forg
	  0.0%   0.0%   0.0%   0.0%   0.0%   0.0%   0.0%   0.0%   0.0%   0.0%   0.0%   0.0%   0.0%   0.0%   0.0%   0.0%   0.0%   0.0%   0.0%   0.0% 
	  1.0%   0.0%   0.0%   0.0%   0.0%   0.0%   0.0%   0.0%   0.0%   0.0%   0.0%   0.0%   0.0%   0.0%   0.0%   0.0%   0.0%   0.0%   0.0%   0.0% 	Avg.:  1.0% 
	  6.4%  -0.8%   0.0%   0.0%   0.0%   0.0%   0.0%   0.0%   0.0%   0.0%   0.0%   0.0%   0.0%   0.0%   0.0%   0.0%   0.0%   0.0%   0.0%   0.0% 	Avg.:  2.8% 
	  8.4%   7.7%   7.6%   0.0%   0.0%   0.0%   0.0%   0.0%   0.0%   0.0%   0.0%   0.0%   0.0%   0.0%   0.0%   0.0%   0.0%   0.0%   0.0%   0.0% 	Avg.:  7.9% 
	 14.2%   7.0%   9.8%  15.1%   0.0%   0.0%   0.0%   0.0%   0.0%   0.0%   0.0%   0.0%   0.0%   0.0%   0.0%   0.0%   0.0%   0.0%   0.0%   0.0% 	Avg.: 11.5% 
	 19.3%   5.6%  10.7%  18.6%  18.2%   0.0%   0.0%   0.0%   0.0%   0.0%   0.0%   0.0%   0.0%   0.0%   0.0%   0.0%   0.0%   0.0%   0.0%   0.0% 	Avg.: 14.5% 
	 28.4%  12.1%  13.0%  16.4%  16.5%  22.3%   0.0%   0.0%   0.0%   0.0%   0.0%   0.0%   0.0%   0.0%   0.0%   0.0%   0.0%   0.0%   0.0%   0.0% 	Avg.: 18.1% 
	 20.9%  10.7%  14.5%  20.1%  28.5%  20.8%  20.8%   0.0%   0.0%   0.0%   0.0%   0.0%   0.0%   0.0%   0.0%   0.0%   0.0%   0.0%   0.0%   0.0% 	Avg.: 19.5% 
	 18.9%  18.4%  12.3%  19.7%  25.3%  20.9%  15.3%  22.9%   0.0%   0.0%   0.0%   0.0%   0.0%   0.0%   0.0%   0.0%   0.0%   0.0%   0.0%   0.0% 	Avg.: 19.2% 
	 24.1%  21.2%  13.6%  22.5%  23.2%  26.7%  22.2%  27.7%  19.1%   0.0%   0.0%   0.0%   0.0%   0.0%   0.0%   0.0%   0.0%   0.0%   0.0%   0.0% 	Avg.: 22.3% 
	 28.9%  17.1%  19.3%  21.6%  30.2%  32.5%  22.2%  24.6%  20.5%  27.3%   0.0%   0.0%   0.0%   0.0%   0.0%   0.0%   0.0%   0.0%   0.0%   0.0% 	Avg.: 24.4% 
	 29.8%  18.0%  16.9%  27.2%  26.3%  28.0%  19.2%  25.7%  23.2%  29.2%  28.3%   0.0%   0.0%   0.0%   0.0%   0.0%   0.0%   0.0%   0.0%   0.0% 	Avg.: 24.7% 
	 24.6%  19.3%  16.1%  26.0%  27.8%  31.4%  21.2%  29.3%  21.6%  30.9%  29.8%  30.7%   0.0%   0.0%   0.0%   0.0%   0.0%   0.0%   0.0%   0.0% 	Avg.: 25.7% 
	 27.1%  25.9%  18.4%  27.6%  29.5%  33.9%  23.7%  30.0%  20.1%  37.9%  27.4%  30.7%  35.7%   0.0%   0.0%   0.0%   0.0%   0.0%   0.0%   0.0% 	Avg.: 28.3% 
	 29.5%  26.6%  22.1%  27.6%  28.2%  31.3%  23.4%  29.1%  23.2%  35.1%  27.1%  30.3%  32.3%  34.3%   0.0%   0.0%   0.0%   0.0%   0.0%   0.0% 	Avg.: 28.6% 
	 30.2%  26.7%  20.7%  27.2%  37.6%  35.6%  22.1%  28.6%  24.6%  38.1%  28.8%  31.5%  30.2%  33.3%  37.4%   0.0%   0.0%   0.0%   0.0%   0.0% 	Avg.: 30.2% 
	 30.5%  31.0%  20.1%  28.4%  40.8%  34.7%  22.0%  29.8%  26.3%  37.2%  39.1%  32.5%  32.4%  34.6%  32.2%  27.7%   0.0%   0.0%   0.0%   0.0% 	Avg.: 31.2% 
	  0.0%   0.0%   0.0%   0.0%   0.0%   0.0%   0.0%   0.0%   0.0%   0.0%   0.0%   0.0%   0.0%   0.0%   0.0%   0.0%   0.0%   0.0%   0.0%   0.0% 	Avg.:  0.0% 
	  0.0%   0.0%   0.0%   0.0%   0.0%   0.0%   0.0%   0.0%   0.0%   0.0%   0.0%   0.0%   0.0%   0.0%   0.0%   0.0%   0.0%   0.0%   0.0%   0.0% 	Avg.:  0.0% 
	  0.0%   0.0%   0.0%   0.0%   0.0%   0.0%   0.0%   0.0%   0.0%   0.0%   0.0%   0.0%   0.0%   0.0%   0.0%   0.0%   0.0%   0.0%   0.0%   0.0% 	Avg.:  0.0% 
************************************************************************************************************
[Elapsed time = 1.2 h]
Done!
