START_TASK=2 STOP_TASK=3
============================================================================================================
Arguments =
	approach: finetuning
	batch_size: 64
	classes_first_task: None
	clipping: 10000
	crop: 224
	dataset: cifar100
	eval_on_train: False
	experiment_path: None
	fix_bn: False
	freeze_backbone: False
	gpu: 0
	gpus: [0]
	increment: 10
	last_layer_analysis: False
	log: ['disk']
	lr: 0.01
	lr_factor: None
	lr_min: 0.0001
	lr_patience: None
	lr_scheduler: cosine
	lr_warmup_epochs: 0
	momentum: 0.0
	multi_softmax: False
	nepochs: 50
	network: resnet50.a1_in1k
	no_cudnn_deterministic: False
	normalize: in1k
	num_workers: 2
	optimizer_name: sgd
	pin_memory: False
	pretrained: True
	resize: 224
	results_path: ./results
	save_models: True
	seed: 0
	start_at_task: 2
	start_epoch: 0
	stop_at_task: 3
	stop_epoch: 0
	use_valid_only: False
	warmup_lr_factor: 1.0
	warmup_nepochs: 0
	weight_decay: 0.0
============================================================================================================
Approach arguments =
	all_outputs: False
============================================================================================================
Exemplars arguments =
============================================================================================================
WARNING: ./results/resnet50.a1_in1k/cifar100/finetuning/10 already exists!
Loaded acc_taw from: ./results/resnet50.a1_in1k/cifar100/finetuning/10/acc_taw-1.txt
Loaded acc_tag from: ./results/resnet50.a1_in1k/cifar100/finetuning/10/acc_tag-1.txt
Loaded forg_taw from: ./results/resnet50.a1_in1k/cifar100/finetuning/10/forg_taw-1.txt
Loaded forg_tag from: ./results/resnet50.a1_in1k/cifar100/finetuning/10/forg_tag-1.txt
************************************************************************************************************
Task  2  [epochs 0-50]
************************************************************************************************************
[params] total:23,569,502  trainable:23,569,502  tensors:165  trainable_tensors:165
| Epoch   1, time=  7.3s | Train: skip eval | Valid: time=  0.7s loss=1.874, TAw acc= 63.8% | * lr=1.0e-02
| Epoch   2, time=  8.2s | Train: skip eval | Valid: time=  0.7s loss=1.563, TAw acc= 71.2% | * lr=1.0e-02
| Epoch   3, time=  8.3s | Train: skip eval | Valid: time=  0.7s loss=1.330, TAw acc= 78.6% | * lr=9.9e-03
| Epoch   4, time=  7.2s | Train: skip eval | Valid: time=  0.7s loss=1.178, TAw acc= 80.0% | * lr=9.8e-03
| Epoch   5, time=  8.7s | Train: skip eval | Valid: time=  0.7s loss=1.048, TAw acc= 82.6% | * lr=9.8e-03
| Epoch   6, time=  7.2s | Train: skip eval | Valid: time=  0.7s loss=0.927, TAw acc= 82.0% | * lr=9.7e-03
| Epoch   7, time=  7.3s | Train: skip eval | Valid: time=  0.7s loss=0.840, TAw acc= 83.2% | * lr=9.5e-03
| Epoch   8, time=  7.3s | Train: skip eval | Valid: time=  0.7s loss=0.789, TAw acc= 84.8% | * lr=9.4e-03
| Epoch   9, time=  8.9s | Train: skip eval | Valid: time=  0.7s loss=0.748, TAw acc= 83.4% | * lr=9.2e-03
| Epoch  10, time=  7.3s | Train: skip eval | Valid: time=  0.7s loss=0.686, TAw acc= 83.8% | * lr=9.1e-03
| Epoch  11, time=  7.4s | Train: skip eval | Valid: time=  0.7s loss=0.652, TAw acc= 86.0% | * lr=8.9e-03
| Epoch  12, time=  7.7s | Train: skip eval | Valid: time=  0.8s loss=0.619, TAw acc= 85.6% | * lr=8.7e-03
| Epoch  13, time=  7.3s | Train: skip eval | Valid: time=  0.8s loss=0.594, TAw acc= 84.2% | * lr=8.4e-03
| Epoch  14, time=  7.3s | Train: skip eval | Valid: time=  0.7s loss=0.555, TAw acc= 87.0% | * lr=8.2e-03
| Epoch  15, time=  8.8s | Train: skip eval | Valid: time=  0.7s loss=0.559, TAw acc= 86.0% | lr=8.0e-03
| Epoch  16, time=  8.8s | Train: skip eval | Valid: time=  0.8s loss=0.533, TAw acc= 86.6% | * lr=7.7e-03
| Epoch  17, time=  7.9s | Train: skip eval | Valid: time=  0.8s loss=0.502, TAw acc= 87.0% | * lr=7.4e-03
| Epoch  18, time=  7.7s | Train: skip eval | Valid: time=  0.8s loss=0.485, TAw acc= 89.2% | * lr=7.2e-03
| Epoch  19, time=  7.6s | Train: skip eval | Valid: time=  0.9s loss=0.464, TAw acc= 88.0% | * lr=6.9e-03
| Epoch  20, time=  8.9s | Train: skip eval | Valid: time=  0.8s loss=0.468, TAw acc= 87.8% | lr=6.6e-03
| Epoch  21, time=  8.6s | Train: skip eval | Valid: time=  0.7s loss=0.490, TAw acc= 87.4% | lr=6.3e-03
| Epoch  22, time=  7.1s | Train: skip eval | Valid: time=  0.7s loss=0.429, TAw acc= 88.4% | * lr=6.0e-03
| Epoch  23, time=  8.0s | Train: skip eval | Valid: time=  1.2s loss=0.417, TAw acc= 90.0% | * lr=5.7e-03
| Epoch  24, time=  7.4s | Train: skip eval | Valid: time=  1.5s loss=0.457, TAw acc= 88.4% | lr=5.4e-03
| Epoch  25, time=  7.3s | Train: skip eval | Valid: time=  1.4s loss=0.426, TAw acc= 89.4% | lr=5.1e-03
| Epoch  26, time=  7.0s | Train: skip eval | Valid: time=  0.8s loss=0.401, TAw acc= 89.4% | * lr=4.7e-03
| Epoch  27, time=  7.5s | Train: skip eval | Valid: time=  1.2s loss=0.400, TAw acc= 89.2% | * lr=4.4e-03
| Epoch  28, time=  8.7s | Train: skip eval | Valid: time=  1.4s loss=0.390, TAw acc= 90.4% | * lr=4.1e-03
| Epoch  29, time=  7.8s | Train: skip eval | Valid: time=  0.7s loss=0.396, TAw acc= 89.8% | lr=3.8e-03
| Epoch  30, time=  8.2s | Train: skip eval | Valid: time=  1.4s loss=0.383, TAw acc= 90.0% | * lr=3.5e-03
| Epoch  31, time=  7.1s | Train: skip eval | Valid: time=  1.4s loss=0.370, TAw acc= 89.0% | * lr=3.2e-03
| Epoch  32, time=  7.3s | Train: skip eval | Valid: time=  1.3s loss=0.385, TAw acc= 89.6% | lr=2.9e-03
| Epoch  33, time=  7.4s | Train: skip eval | Valid: time=  0.7s loss=0.369, TAw acc= 90.2% | * lr=2.7e-03
| Epoch  34, time=  8.8s | Train: skip eval | Valid: time=  1.5s loss=0.379, TAw acc= 90.2% | lr=2.4e-03
| Epoch  35, time=  7.6s | Train: skip eval | Valid: time=  0.9s loss=0.374, TAw acc= 90.6% | lr=2.1e-03
| Epoch  36, time=  7.3s | Train: skip eval | Valid: time=  1.4s loss=0.363, TAw acc= 89.8% | * lr=1.9e-03
| Epoch  37, time=  7.8s | Train: skip eval | Valid: time=  0.8s loss=0.366, TAw acc= 89.0% | lr=1.7e-03
| Epoch  38, time=  7.8s | Train: skip eval | Valid: time=  1.5s loss=0.355, TAw acc= 90.2% | * lr=1.4e-03
| Epoch  39, time=  7.7s | Train: skip eval | Valid: time=  0.9s loss=0.365, TAw acc= 89.8% | lr=1.2e-03
| Epoch  40, time=  7.3s | Train: skip eval | Valid: time=  1.2s loss=0.373, TAw acc= 90.8% | lr=1.0e-03
| Epoch  41, time=  7.4s | Train: skip eval | Valid: time=  0.8s loss=0.365, TAw acc= 90.2% | lr=8.7e-04
| Epoch  42, time=  8.0s | Train: skip eval | Valid: time=  1.6s loss=0.368, TAw acc= 89.4% | lr=7.1e-04
| Epoch  43, time=  7.5s | Train: skip eval | Valid: time=  1.0s loss=0.364, TAw acc= 90.2% | lr=5.7e-04
| Epoch  44, time=  8.4s | Train: skip eval | Valid: time=  0.7s loss=0.361, TAw acc= 90.0% | lr=4.5e-04
| Epoch  45, time=  7.8s | Train: skip eval | Valid: time=  0.8s loss=0.363, TAw acc= 89.4% | lr=3.4e-04
| Epoch  46, time=  7.1s | Train: skip eval | Valid: time=  1.1s loss=0.356, TAw acc= 90.6% | lr=2.6e-04
| Epoch  47, time=  8.0s | Train: skip eval | Valid: time=  1.5s loss=0.358, TAw acc= 90.4% | lr=1.9e-04
| Epoch  48, time=  7.1s | Train: skip eval | Valid: time=  0.7s loss=0.356, TAw acc= 90.6% | lr=1.4e-04
| Epoch  49, time=  7.2s | Train: skip eval | Valid: time=  1.3s loss=0.359, TAw acc= 90.0% | lr=1.1e-04
| Epoch  50, time=  7.3s | Train: skip eval | Valid: time=  1.6s loss=0.359, TAw acc= 90.0% | lr=1.0e-04
------------------------------------------------------------------------------------------------------------
>>> Test on task  0 : loss=0.708 | TAw acc= 78.0%, forg= -1.3% | TAg acc= 51.5%, forg= 20.1% <<<
>>> Test on task  1 : loss=0.414 | TAw acc= 89.5%, forg=  1.1% | TAg acc= 71.9%, forg=  9.7% <<<
>>> Test on task  2 : loss=0.343 | TAw acc= 91.3%, forg=  0.0% | TAg acc= 76.8%, forg=  0.0% <<<
Save at ./results/./results/resnet50.a1_in1k/cifar100/finetuning/10
************************************************************************************************************
TAw Acc
	 71.6%   0.0%   0.0%   0.0%   0.0%   0.0%   0.0%   0.0%   0.0%   0.0% 	Avg.: 71.6% 
	 76.7%  90.6%   0.0%   0.0%   0.0%   0.0%   0.0%   0.0%   0.0%   0.0% 	Avg.: 83.7% 
	 78.0%  89.5%  91.3%   0.0%   0.0%   0.0%   0.0%   0.0%   0.0%   0.0% 	Avg.: 86.3% 
	  0.0%   0.0%   0.0%   0.0%   0.0%   0.0%   0.0%   0.0%   0.0%   0.0% 	Avg.:  0.0% 
	  0.0%   0.0%   0.0%   0.0%   0.0%   0.0%   0.0%   0.0%   0.0%   0.0% 	Avg.:  0.0% 
	  0.0%   0.0%   0.0%   0.0%   0.0%   0.0%   0.0%   0.0%   0.0%   0.0% 	Avg.:  0.0% 
	  0.0%   0.0%   0.0%   0.0%   0.0%   0.0%   0.0%   0.0%   0.0%   0.0% 	Avg.:  0.0% 
	  0.0%   0.0%   0.0%   0.0%   0.0%   0.0%   0.0%   0.0%   0.0%   0.0% 	Avg.:  0.0% 
	  0.0%   0.0%   0.0%   0.0%   0.0%   0.0%   0.0%   0.0%   0.0%   0.0% 	Avg.:  0.0% 
	  0.0%   0.0%   0.0%   0.0%   0.0%   0.0%   0.0%   0.0%   0.0%   0.0% 	Avg.:  0.0% 
************************************************************************************************************
TAg Acc
	 71.6%   0.0%   0.0%   0.0%   0.0%   0.0%   0.0%   0.0%   0.0%   0.0% 	Avg.: 71.6% 
	 56.7%  81.6%   0.0%   0.0%   0.0%   0.0%   0.0%   0.0%   0.0%   0.0% 	Avg.: 69.1% 
	 51.5%  71.9%  76.8%   0.0%   0.0%   0.0%   0.0%   0.0%   0.0%   0.0% 	Avg.: 66.7% 
	  0.0%   0.0%   0.0%   0.0%   0.0%   0.0%   0.0%   0.0%   0.0%   0.0% 	Avg.:  0.0% 
	  0.0%   0.0%   0.0%   0.0%   0.0%   0.0%   0.0%   0.0%   0.0%   0.0% 	Avg.:  0.0% 
	  0.0%   0.0%   0.0%   0.0%   0.0%   0.0%   0.0%   0.0%   0.0%   0.0% 	Avg.:  0.0% 
	  0.0%   0.0%   0.0%   0.0%   0.0%   0.0%   0.0%   0.0%   0.0%   0.0% 	Avg.:  0.0% 
	  0.0%   0.0%   0.0%   0.0%   0.0%   0.0%   0.0%   0.0%   0.0%   0.0% 	Avg.:  0.0% 
	  0.0%   0.0%   0.0%   0.0%   0.0%   0.0%   0.0%   0.0%   0.0%   0.0% 	Avg.:  0.0% 
	  0.0%   0.0%   0.0%   0.0%   0.0%   0.0%   0.0%   0.0%   0.0%   0.0% 	Avg.:  0.0% 
************************************************************************************************************
TAw Forg
	  0.0%   0.0%   0.0%   0.0%   0.0%   0.0%   0.0%   0.0%   0.0%   0.0% 
	 -5.1%   0.0%   0.0%   0.0%   0.0%   0.0%   0.0%   0.0%   0.0%   0.0% 	Avg.: -5.1% 
	 -1.3%   1.1%   0.0%   0.0%   0.0%   0.0%   0.0%   0.0%   0.0%   0.0% 	Avg.: -0.1% 
	  0.0%   0.0%   0.0%   0.0%   0.0%   0.0%   0.0%   0.0%   0.0%   0.0% 	Avg.:  0.0% 
	  0.0%   0.0%   0.0%   0.0%   0.0%   0.0%   0.0%   0.0%   0.0%   0.0% 	Avg.:  0.0% 
	  0.0%   0.0%   0.0%   0.0%   0.0%   0.0%   0.0%   0.0%   0.0%   0.0% 	Avg.:  0.0% 
	  0.0%   0.0%   0.0%   0.0%   0.0%   0.0%   0.0%   0.0%   0.0%   0.0% 	Avg.:  0.0% 
	  0.0%   0.0%   0.0%   0.0%   0.0%   0.0%   0.0%   0.0%   0.0%   0.0% 	Avg.:  0.0% 
	  0.0%   0.0%   0.0%   0.0%   0.0%   0.0%   0.0%   0.0%   0.0%   0.0% 	Avg.:  0.0% 
	  0.0%   0.0%   0.0%   0.0%   0.0%   0.0%   0.0%   0.0%   0.0%   0.0% 	Avg.:  0.0% 
************************************************************************************************************
TAg Forg
	  0.0%   0.0%   0.0%   0.0%   0.0%   0.0%   0.0%   0.0%   0.0%   0.0% 
	 14.9%   0.0%   0.0%   0.0%   0.0%   0.0%   0.0%   0.0%   0.0%   0.0% 	Avg.: 14.9% 
	 20.1%   9.7%   0.0%   0.0%   0.0%   0.0%   0.0%   0.0%   0.0%   0.0% 	Avg.: 14.9% 
	  0.0%   0.0%   0.0%   0.0%   0.0%   0.0%   0.0%   0.0%   0.0%   0.0% 	Avg.:  0.0% 
	  0.0%   0.0%   0.0%   0.0%   0.0%   0.0%   0.0%   0.0%   0.0%   0.0% 	Avg.:  0.0% 
	  0.0%   0.0%   0.0%   0.0%   0.0%   0.0%   0.0%   0.0%   0.0%   0.0% 	Avg.:  0.0% 
	  0.0%   0.0%   0.0%   0.0%   0.0%   0.0%   0.0%   0.0%   0.0%   0.0% 	Avg.:  0.0% 
	  0.0%   0.0%   0.0%   0.0%   0.0%   0.0%   0.0%   0.0%   0.0%   0.0% 	Avg.:  0.0% 
	  0.0%   0.0%   0.0%   0.0%   0.0%   0.0%   0.0%   0.0%   0.0%   0.0% 	Avg.:  0.0% 
	  0.0%   0.0%   0.0%   0.0%   0.0%   0.0%   0.0%   0.0%   0.0%   0.0% 	Avg.:  0.0% 
************************************************************************************************************
[Elapsed time = 0.1 h]
Done!
