START_TASK=12 STOP_TASK=13
============================================================================================================
Arguments =
	approach: icarl
	batch_size: 64
	classes_first_task: None
	clipping: 10000
	crop: 224
	data_path: ../data/inat200
	dataset: inat200
	eval_on_train: False
	experiment_path: None
	fix_bn: False
	freeze_backbone: False
	gpu: 0
	gpus: [0]
	increment: 10
	last_layer_analysis: True
	log: ['disk']
	lr: 0.01
	lr_factor: None
	lr_min: 0.0001
	lr_patience: None
	lr_scheduler: cosine
	lr_warmup_epochs: 0
	momentum: 0.0
	multi_softmax: False
	nepochs: 90
	network: resnetv2_101x1_bit.goog_in21k
	no_cudnn_deterministic: False
	normalize: in21k
	num_workers: 2
	optimizer_name: sgd
	pin_memory: False
	pretrained: True
	resize: 224
	results_path: ./results
	save_models: True
	seed: 0
	start_at_task: 12
	start_epoch: 0
	stop_at_task: 13
	stop_epoch: 0
	use_valid_only: False
	warmup_lr_factor: 1.0
	warmup_nepochs: 0
	weight_decay: 0.0
============================================================================================================
Approach arguments =
	lamb: 1.0
============================================================================================================
Exemplars arguments =
	exemplar_selection: random
	num_exemplars: 4000
============================================================================================================
WARNING: ./results/resnetv2_101x1_bit.goog_in21k/inat200/icarl/10 already exists!
Loaded acc_taw from: ./results/resnetv2_101x1_bit.goog_in21k/inat200/icarl/10/acc_taw-11.txt
Loaded acc_tag from: ./results/resnetv2_101x1_bit.goog_in21k/inat200/icarl/10/acc_tag-11.txt
Loaded forg_taw from: ./results/resnetv2_101x1_bit.goog_in21k/inat200/icarl/10/forg_taw-11.txt
Loaded forg_tag from: ./results/resnetv2_101x1_bit.goog_in21k/inat200/icarl/10/forg_tag-11.txt
Loaded 4080 exemplars from ./results/resnetv2_101x1_bit.goog_in21k/inat200/icarl/10/task11_exemplars.pth
Loaded 120 exemplar means from ./results/resnetv2_101x1_bit.goog_in21k/inat200/icarl/10/task11_exemplar_means.pth
************************************************************************************************************
Task 12  [epochs 0-90]
************************************************************************************************************
[params] total:42,758,850  trainable:42,758,850  tensors:330  trainable_tensors:330
| Epoch   1, time= 32.0s | Train: skip eval | Valid: time=  2.2s loss=12.747, TAw acc= 90.0% | * lr=1.0e-02
| Epoch   2, time= 34.1s | Train: skip eval | Valid: time=  2.2s loss=12.800, TAw acc= 92.8% | lr=1.0e-02
| Epoch   3, time= 27.4s | Train: skip eval | Valid: time=  2.3s loss=12.600, TAw acc= 92.5% | * lr=1.0e-02
| Epoch   4, time= 28.6s | Train: skip eval | Valid: time=  2.0s loss=12.561, TAw acc= 91.8% | * lr=1.0e-02
| Epoch   5, time= 32.2s | Train: skip eval | Valid: time=  2.5s loss=12.495, TAw acc= 93.8% | * lr=9.9e-03
| Epoch   6, time= 31.1s | Train: skip eval | Valid: time=  2.1s loss=12.632, TAw acc= 93.5% | lr=9.9e-03
| Epoch   7, time= 27.7s | Train: skip eval | Valid: time=  2.0s loss=12.555, TAw acc= 92.8% | lr=9.9e-03
| Epoch   8, time= 28.5s | Train: skip eval | Valid: time=  2.2s loss=12.605, TAw acc= 93.5% | lr=9.8e-03
| Epoch   9, time= 32.9s | Train: skip eval | Valid: time=  2.0s loss=12.472, TAw acc= 93.2% | * lr=9.8e-03
| Epoch  10, time= 29.8s | Train: skip eval | Valid: time=  2.2s loss=12.478, TAw acc= 93.0% | lr=9.7e-03
| Epoch  11, time= 30.2s | Train: skip eval | Valid: time=  2.0s loss=12.591, TAw acc= 92.8% | lr=9.6e-03
| Epoch  12, time= 34.4s | Train: skip eval | Valid: time=  2.1s loss=12.510, TAw acc= 93.2% | lr=9.6e-03
| Epoch  13, time= 29.4s | Train: skip eval | Valid: time=  2.0s loss=12.495, TAw acc= 93.5% | lr=9.5e-03
| Epoch  14, time= 28.1s | Train: skip eval | Valid: time=  2.0s loss=12.468, TAw acc= 92.8% | * lr=9.4e-03
| Epoch  15, time= 28.2s | Train: skip eval | Valid: time=  1.9s loss=12.486, TAw acc= 94.0% | lr=9.3e-03
| Epoch  16, time= 29.2s | Train: skip eval | Valid: time=  2.0s loss=12.442, TAw acc= 93.8% | * lr=9.2e-03
| Epoch  17, time= 29.2s | Train: skip eval | Valid: time=  1.9s loss=12.453, TAw acc= 93.8% | lr=9.2e-03
| Epoch  18, time= 29.1s | Train: skip eval | Valid: time=  2.3s loss=12.468, TAw acc= 93.2% | lr=9.1e-03
| Epoch  19, time= 31.3s | Train: skip eval | Valid: time=  1.9s loss=12.452, TAw acc= 92.0% | lr=9.0e-03
| Epoch  20, time= 28.0s | Train: skip eval | Valid: time=  2.0s loss=12.440, TAw acc= 93.0% | * lr=8.8e-03
| Epoch  21, time= 29.4s | Train: skip eval | Valid: time=  2.0s loss=12.494, TAw acc= 93.0% | lr=8.7e-03
| Epoch  22, time= 30.0s | Train: skip eval | Valid: time=  2.0s loss=12.437, TAw acc= 93.8% | * lr=8.6e-03
| Epoch  23, time= 30.1s | Train: skip eval | Valid: time=  2.3s loss=12.421, TAw acc= 93.2% | * lr=8.5e-03
| Epoch  24, time= 28.8s | Train: skip eval | Valid: time=  2.0s loss=12.426, TAw acc= 93.0% | lr=8.4e-03
| Epoch  25, time= 27.9s | Train: skip eval | Valid: time=  2.5s loss=12.401, TAw acc= 93.2% | * lr=8.2e-03
| Epoch  26, time= 29.7s | Train: skip eval | Valid: time=  2.3s loss=12.410, TAw acc= 94.5% | lr=8.1e-03
| Epoch  27, time= 28.4s | Train: skip eval | Valid: time=  2.0s loss=12.417, TAw acc= 93.8% | lr=8.0e-03
| Epoch  28, time= 32.7s | Train: skip eval | Valid: time=  2.1s loss=12.409, TAw acc= 94.0% | lr=7.8e-03
| Epoch  29, time= 29.6s | Train: skip eval | Valid: time=  2.3s loss=12.409, TAw acc= 94.0% | lr=7.7e-03
| Epoch  30, time= 32.4s | Train: skip eval | Valid: time=  2.4s loss=12.420, TAw acc= 93.0% | lr=7.5e-03
| Epoch  31, time= 32.1s | Train: skip eval | Valid: time=  2.2s loss=12.411, TAw acc= 93.0% | lr=7.4e-03
| Epoch  32, time= 32.6s | Train: skip eval | Valid: time=  2.0s loss=12.421, TAw acc= 93.0% | lr=7.2e-03
| Epoch  33, time= 32.1s | Train: skip eval | Valid: time=  2.0s loss=12.432, TAw acc= 94.0% | lr=7.1e-03
| Epoch  34, time= 33.1s | Train: skip eval | Valid: time=  2.0s loss=12.423, TAw acc= 93.2% | lr=6.9e-03
| Epoch  35, time= 32.5s | Train: skip eval | Valid: time=  2.1s loss=12.413, TAw acc= 93.2% | lr=6.7e-03
| Epoch  36, time= 30.6s | Train: skip eval | Valid: time=  2.0s loss=12.414, TAw acc= 94.0% | lr=6.6e-03
| Epoch  37, time= 30.2s | Train: skip eval | Valid: time=  2.0s loss=12.403, TAw acc= 94.0% | lr=6.4e-03
| Epoch  38, time= 30.8s | Train: skip eval | Valid: time=  2.5s loss=12.400, TAw acc= 94.2% | * lr=6.2e-03
| Epoch  39, time= 31.3s | Train: skip eval | Valid: time=  2.1s loss=12.404, TAw acc= 94.5% | lr=6.1e-03
| Epoch  40, time= 34.0s | Train: skip eval | Valid: time=  2.0s loss=12.403, TAw acc= 94.5% | lr=5.9e-03
| Epoch  41, time= 29.5s | Train: skip eval | Valid: time=  2.0s loss=12.398, TAw acc= 94.0% | * lr=5.7e-03
| Epoch  42, time= 28.5s | Train: skip eval | Valid: time=  2.4s loss=12.395, TAw acc= 93.8% | * lr=5.6e-03
| Epoch  43, time= 33.9s | Train: skip eval | Valid: time=  2.0s loss=12.394, TAw acc= 93.8% | * lr=5.4e-03
| Epoch  44, time= 30.3s | Train: skip eval | Valid: time=  2.3s loss=12.389, TAw acc= 93.5% | * lr=5.2e-03
| Epoch  45, time= 32.4s | Train: skip eval | Valid: time=  2.0s loss=12.399, TAw acc= 94.2% | lr=5.1e-03
| Epoch  46, time= 27.6s | Train: skip eval | Valid: time=  2.0s loss=12.409, TAw acc= 93.2% | lr=4.9e-03
| Epoch  47, time= 30.1s | Train: skip eval | Valid: time=  2.0s loss=12.405, TAw acc= 93.8% | lr=4.7e-03
| Epoch  48, time= 32.1s | Train: skip eval | Valid: time=  1.9s loss=12.394, TAw acc= 93.8% | lr=4.5e-03
| Epoch  49, time= 31.4s | Train: skip eval | Valid: time=  2.0s loss=12.397, TAw acc= 93.0% | lr=4.4e-03
| Epoch  50, time= 27.6s | Train: skip eval | Valid: time=  1.9s loss=12.389, TAw acc= 93.8% | * lr=4.2e-03
| Epoch  51, time= 29.5s | Train: skip eval | Valid: time=  2.0s loss=12.397, TAw acc= 93.0% | lr=4.0e-03
| Epoch  52, time= 28.6s | Train: skip eval | Valid: time=  2.1s loss=12.395, TAw acc= 93.5% | lr=3.9e-03
| Epoch  53, time= 32.4s | Train: skip eval | Valid: time=  2.0s loss=12.388, TAw acc= 93.5% | * lr=3.7e-03
| Epoch  54, time= 30.2s | Train: skip eval | Valid: time=  2.0s loss=12.383, TAw acc= 94.0% | * lr=3.5e-03
| Epoch  55, time= 32.7s | Train: skip eval | Valid: time=  2.0s loss=12.390, TAw acc= 93.8% | lr=3.4e-03
| Epoch  56, time= 28.9s | Train: skip eval | Valid: time=  2.0s loss=12.395, TAw acc= 93.8% | lr=3.2e-03
| Epoch  57, time= 29.9s | Train: skip eval | Valid: time=  2.4s loss=12.388, TAw acc= 94.0% | lr=3.0e-03
| Epoch  58, time= 30.0s | Train: skip eval | Valid: time=  2.2s loss=12.391, TAw acc= 94.0% | lr=2.9e-03
| Epoch  59, time= 28.4s | Train: skip eval | Valid: time=  2.0s loss=12.388, TAw acc= 94.2% | lr=2.7e-03
| Epoch  60, time= 28.8s | Train: skip eval | Valid: time=  2.1s loss=12.397, TAw acc= 94.2% | lr=2.6e-03
| Epoch  61, time= 31.0s | Train: skip eval | Valid: time=  1.9s loss=12.388, TAw acc= 93.8% | lr=2.4e-03
| Epoch  62, time= 29.2s | Train: skip eval | Valid: time=  2.0s loss=12.386, TAw acc= 94.0% | lr=2.3e-03
| Epoch  63, time= 28.1s | Train: skip eval | Valid: time=  2.1s loss=12.387, TAw acc= 93.5% | lr=2.1e-03
| Epoch  64, time= 30.8s | Train: skip eval | Valid: time=  2.1s loss=12.380, TAw acc= 94.0% | * lr=2.0e-03
| Epoch  65, time= 28.4s | Train: skip eval | Valid: time=  2.1s loss=12.385, TAw acc= 93.8% | lr=1.9e-03
| Epoch  66, time= 29.0s | Train: skip eval | Valid: time=  2.1s loss=12.385, TAw acc= 93.5% | lr=1.7e-03
| Epoch  67, time= 30.7s | Train: skip eval | Valid: time=  2.0s loss=12.385, TAw acc= 93.8% | lr=1.6e-03
| Epoch  68, time= 29.5s | Train: skip eval | Valid: time=  2.1s loss=12.382, TAw acc= 93.8% | lr=1.5e-03
| Epoch  69, time= 28.9s | Train: skip eval | Valid: time=  2.0s loss=12.384, TAw acc= 94.2% | lr=1.4e-03
| Epoch  70, time= 32.6s | Train: skip eval | Valid: time=  2.3s loss=12.387, TAw acc= 93.8% | lr=1.3e-03
| Epoch  71, time= 30.3s | Train: skip eval | Valid: time=  2.3s loss=12.384, TAw acc= 94.0% | lr=1.1e-03
| Epoch  72, time= 27.5s | Train: skip eval | Valid: time=  2.3s loss=12.382, TAw acc= 94.0% | lr=1.0e-03
| Epoch  73, time= 27.9s | Train: skip eval | Valid: time=  2.0s loss=12.381, TAw acc= 94.0% | lr=9.5e-04
| Epoch  74, time= 30.4s | Train: skip eval | Valid: time=  2.3s loss=12.383, TAw acc= 94.0% | lr=8.5e-04
| Epoch  75, time= 31.4s | Train: skip eval | Valid: time=  2.3s loss=12.382, TAw acc= 94.0% | lr=7.6e-04
| Epoch  76, time= 30.1s | Train: skip eval | Valid: time=  2.0s loss=12.379, TAw acc= 94.0% | * lr=6.8e-04
| Epoch  77, time= 33.6s | Train: skip eval | Valid: time=  2.2s loss=12.381, TAw acc= 94.0% | lr=6.0e-04
| Epoch  78, time= 32.6s | Train: skip eval | Valid: time=  2.3s loss=12.384, TAw acc= 94.0% | lr=5.3e-04
| Epoch  79, time= 31.6s | Train: skip eval | Valid: time=  1.9s loss=12.383, TAw acc= 94.0% | lr=4.6e-04
| Epoch  80, time= 33.9s | Train: skip eval | Valid: time=  2.3s loss=12.382, TAw acc= 94.0% | lr=4.0e-04
| Epoch  81, time= 34.0s | Train: skip eval | Valid: time=  2.3s loss=12.381, TAw acc= 94.0% | lr=3.4e-04
| Epoch  82, time= 28.1s | Train: skip eval | Valid: time=  2.0s loss=12.379, TAw acc= 94.0% | lr=2.9e-04
| Epoch  83, time= 29.3s | Train: skip eval | Valid: time=  2.0s loss=12.380, TAw acc= 94.0% | lr=2.5e-04
| Epoch  84, time= 30.1s | Train: skip eval | Valid: time=  2.0s loss=12.380, TAw acc= 94.0% | lr=2.1e-04
| Epoch  85, time= 32.3s | Train: skip eval | Valid: time=  2.1s loss=12.380, TAw acc= 93.8% | lr=1.8e-04
| Epoch  86, time= 30.6s | Train: skip eval | Valid: time=  2.0s loss=12.381, TAw acc= 93.8% | lr=1.5e-04
| Epoch  87, time= 28.4s | Train: skip eval | Valid: time=  2.1s loss=12.381, TAw acc= 93.8% | lr=1.3e-04
| Epoch  88, time= 28.6s | Train: skip eval | Valid: time=  2.4s loss=12.381, TAw acc= 93.8% | lr=1.1e-04
| Epoch  89, time= 28.5s | Train: skip eval | Valid: time=  2.0s loss=12.380, TAw acc= 93.8% | lr=1.0e-04
| Epoch  90, time= 27.3s | Train: skip eval | Valid: time=  2.3s loss=12.380, TAw acc= 94.0% | lr=1.0e-04
| Selected 4030 train exemplars, time=  3.7s
------------------------------------------------------------------------------------------------------------
>>> Test on task  0 : loss=4.645 | TAw acc= 94.6%, forg= -0.3% | TAg acc= 64.0%, forg= 28.8% <<<
>>> Test on task  1 : loss=8.511 | TAw acc= 90.9%, forg=  0.2% | TAg acc= 54.3%, forg= 29.5% <<<
>>> Test on task  2 : loss=10.133 | TAw acc= 94.7%, forg=  0.2% | TAg acc= 67.0%, forg= 19.5% <<<
>>> Test on task  3 : loss=14.145 | TAw acc= 87.7%, forg= -0.1% | TAg acc= 51.5%, forg= 27.2% <<<
>>> Test on task  4 : loss=15.471 | TAw acc= 89.1%, forg=  0.3% | TAg acc= 52.0%, forg= 23.8% <<<
>>> Test on task  5 : loss=16.145 | TAw acc= 86.9%, forg=  0.6% | TAg acc= 54.4%, forg= 19.9% <<<
>>> Test on task  6 : loss=14.356 | TAw acc= 91.0%, forg=  1.0% | TAg acc= 67.0%, forg= 11.2% <<<
>>> Test on task  7 : loss=14.757 | TAw acc= 89.1%, forg= -0.2% | TAg acc= 56.3%, forg= 14.2% <<<
>>> Test on task  8 : loss=14.188 | TAw acc= 89.2%, forg=  0.2% | TAg acc= 68.0%, forg=  9.8% <<<
>>> Test on task  9 : loss=14.556 | TAw acc= 89.5%, forg=  0.2% | TAg acc= 59.6%, forg= 10.3% <<<
>>> Test on task 10 : loss=14.658 | TAw acc= 85.1%, forg=  1.2% | TAg acc= 63.3%, forg=  6.0% <<<
>>> Test on task 11 : loss=13.901 | TAw acc= 89.3%, forg= -0.4% | TAg acc= 64.7%, forg=  0.6% <<<
>>> Test on task 12 : loss=12.493 | TAw acc= 88.9%, forg=  0.0% | TAg acc= 72.8%, forg=  0.0% <<<
Save at ./results/./results/resnetv2_101x1_bit.goog_in21k/inat200/icarl/10
************************************************************************************************************
TAw Acc
	 92.8%   0.0%   0.0%   0.0%   0.0%   0.0%   0.0%   0.0%   0.0%   0.0%   0.0%   0.0%   0.0%   0.0%   0.0%   0.0%   0.0%   0.0%   0.0%   0.0% 	Avg.: 92.8% 
	 93.8%  90.4%   0.0%   0.0%   0.0%   0.0%   0.0%   0.0%   0.0%   0.0%   0.0%   0.0%   0.0%   0.0%   0.0%   0.0%   0.0%   0.0%   0.0%   0.0% 	Avg.: 92.1% 
	 94.0%  90.4%  93.4%   0.0%   0.0%   0.0%   0.0%   0.0%   0.0%   0.0%   0.0%   0.0%   0.0%   0.0%   0.0%   0.0%   0.0%   0.0%   0.0%   0.0% 	Avg.: 92.6% 
	 94.1%  90.6%  94.3%  86.4%   0.0%   0.0%   0.0%   0.0%   0.0%   0.0%   0.0%   0.0%   0.0%   0.0%   0.0%   0.0%   0.0%   0.0%   0.0%   0.0% 	Avg.: 91.3% 
	 94.3%  90.8%  94.1%  86.7%  87.1%   0.0%   0.0%   0.0%   0.0%   0.0%   0.0%   0.0%   0.0%   0.0%   0.0%   0.0%   0.0%   0.0%   0.0%   0.0% 	Avg.: 90.6% 
	 94.3%  90.9%  94.1%  86.7%  88.4%  85.5%   0.0%   0.0%   0.0%   0.0%   0.0%   0.0%   0.0%   0.0%   0.0%   0.0%   0.0%   0.0%   0.0%   0.0% 	Avg.: 90.0% 
	 93.7%  90.9%  94.2%  87.0%  88.2%  85.9%  91.1%   0.0%   0.0%   0.0%   0.0%   0.0%   0.0%   0.0%   0.0%   0.0%   0.0%   0.0%   0.0%   0.0% 	Avg.: 90.1% 
	 94.3%  90.8%  94.9%  87.3%  88.6%  86.6%  92.0%  88.4%   0.0%   0.0%   0.0%   0.0%   0.0%   0.0%   0.0%   0.0%   0.0%   0.0%   0.0%   0.0% 	Avg.: 90.4% 
	 93.9%  90.7%  94.9%  87.1%  89.1%  86.8%  92.0%  88.9%  87.9%   0.0%   0.0%   0.0%   0.0%   0.0%   0.0%   0.0%   0.0%   0.0%   0.0%   0.0% 	Avg.: 90.1% 
	 94.3%  90.7%  94.7%  87.6%  89.4%  87.1%  90.9%  88.8%  88.7%  88.5%   0.0%   0.0%   0.0%   0.0%   0.0%   0.0%   0.0%   0.0%   0.0%   0.0% 	Avg.: 90.1% 
	 94.1%  91.1%  94.6%  87.5%  89.0%  86.8%  91.4%  88.9%  89.2%  89.7%  85.5%   0.0%   0.0%   0.0%   0.0%   0.0%   0.0%   0.0%   0.0%   0.0% 	Avg.: 89.8% 
	 94.3%  90.6%  94.9%  87.6%  89.2%  87.5%  90.6%  88.8%  89.4%  89.3%  86.3%  88.9%   0.0%   0.0%   0.0%   0.0%   0.0%   0.0%   0.0%   0.0% 	Avg.: 89.8% 
	 94.6%  90.9%  94.7%  87.7%  89.1%  86.9%  91.0%  89.1%  89.2%  89.5%  85.1%  89.3%  88.9%   0.0%   0.0%   0.0%   0.0%   0.0%   0.0%   0.0% 	Avg.: 89.7% 
	  0.0%   0.0%   0.0%   0.0%   0.0%   0.0%   0.0%   0.0%   0.0%   0.0%   0.0%   0.0%   0.0%   0.0%   0.0%   0.0%   0.0%   0.0%   0.0%   0.0% 	Avg.:  0.0% 
	  0.0%   0.0%   0.0%   0.0%   0.0%   0.0%   0.0%   0.0%   0.0%   0.0%   0.0%   0.0%   0.0%   0.0%   0.0%   0.0%   0.0%   0.0%   0.0%   0.0% 	Avg.:  0.0% 
	  0.0%   0.0%   0.0%   0.0%   0.0%   0.0%   0.0%   0.0%   0.0%   0.0%   0.0%   0.0%   0.0%   0.0%   0.0%   0.0%   0.0%   0.0%   0.0%   0.0% 	Avg.:  0.0% 
	  0.0%   0.0%   0.0%   0.0%   0.0%   0.0%   0.0%   0.0%   0.0%   0.0%   0.0%   0.0%   0.0%   0.0%   0.0%   0.0%   0.0%   0.0%   0.0%   0.0% 	Avg.:  0.0% 
	  0.0%   0.0%   0.0%   0.0%   0.0%   0.0%   0.0%   0.0%   0.0%   0.0%   0.0%   0.0%   0.0%   0.0%   0.0%   0.0%   0.0%   0.0%   0.0%   0.0% 	Avg.:  0.0% 
	  0.0%   0.0%   0.0%   0.0%   0.0%   0.0%   0.0%   0.0%   0.0%   0.0%   0.0%   0.0%   0.0%   0.0%   0.0%   0.0%   0.0%   0.0%   0.0%   0.0% 	Avg.:  0.0% 
	  0.0%   0.0%   0.0%   0.0%   0.0%   0.0%   0.0%   0.0%   0.0%   0.0%   0.0%   0.0%   0.0%   0.0%   0.0%   0.0%   0.0%   0.0%   0.0%   0.0% 	Avg.:  0.0% 
************************************************************************************************************
TAg Acc
	 92.8%   0.0%   0.0%   0.0%   0.0%   0.0%   0.0%   0.0%   0.0%   0.0%   0.0%   0.0%   0.0%   0.0%   0.0%   0.0%   0.0%   0.0%   0.0%   0.0% 	Avg.: 92.8% 
	 88.6%  83.8%   0.0%   0.0%   0.0%   0.0%   0.0%   0.0%   0.0%   0.0%   0.0%   0.0%   0.0%   0.0%   0.0%   0.0%   0.0%   0.0%   0.0%   0.0% 	Avg.: 86.2% 
	 84.8%  82.9%  86.5%   0.0%   0.0%   0.0%   0.0%   0.0%   0.0%   0.0%   0.0%   0.0%   0.0%   0.0%   0.0%   0.0%   0.0%   0.0%   0.0%   0.0% 	Avg.: 84.7% 
	 81.2%  77.4%  84.1%  78.7%   0.0%   0.0%   0.0%   0.0%   0.0%   0.0%   0.0%   0.0%   0.0%   0.0%   0.0%   0.0%   0.0%   0.0%   0.0%   0.0% 	Avg.: 80.3% 
	 77.3%  72.6%  80.6%  71.1%  75.8%   0.0%   0.0%   0.0%   0.0%   0.0%   0.0%   0.0%   0.0%   0.0%   0.0%   0.0%   0.0%   0.0%   0.0%   0.0% 	Avg.: 75.5% 
	 74.6%  72.1%  77.9%  66.7%  70.5%  74.3%   0.0%   0.0%   0.0%   0.0%   0.0%   0.0%   0.0%   0.0%   0.0%   0.0%   0.0%   0.0%   0.0%   0.0% 	Avg.: 72.7% 
	 71.6%  68.5%  75.7%  66.1%  70.1%  71.9%  78.2%   0.0%   0.0%   0.0%   0.0%   0.0%   0.0%   0.0%   0.0%   0.0%   0.0%   0.0%   0.0%   0.0% 	Avg.: 71.7% 
	 70.2%  67.3%  72.9%  61.5%  65.0%  71.4%  76.1%  70.5%   0.0%   0.0%   0.0%   0.0%   0.0%   0.0%   0.0%   0.0%   0.0%   0.0%   0.0%   0.0% 	Avg.: 69.4% 
	 70.6%  60.3%  71.3%  59.7%  59.5%  67.7%  74.6%  66.5%  77.8%   0.0%   0.0%   0.0%   0.0%   0.0%   0.0%   0.0%   0.0%   0.0%   0.0%   0.0% 	Avg.: 67.6% 
	 68.9%  56.7%  70.5%  58.2%  58.5%  64.6%  71.4%  62.6%  75.6%  69.9%   0.0%   0.0%   0.0%   0.0%   0.0%   0.0%   0.0%   0.0%   0.0%   0.0% 	Avg.: 65.7% 
	 65.3%  56.7%  68.7%  56.5%  55.0%  59.7%  69.8%  61.6%  73.5%  67.9%  69.3%   0.0%   0.0%   0.0%   0.0%   0.0%   0.0%   0.0%   0.0%   0.0% 	Avg.: 64.0% 
	 64.0%  55.2%  67.6%  53.8%  52.9%  57.2%  67.9%  58.8%  71.4%  65.1%  66.3%  65.3%   0.0%   0.0%   0.0%   0.0%   0.0%   0.0%   0.0%   0.0% 	Avg.: 62.1% 
	 64.0%  54.3%  67.0%  51.5%  52.0%  54.4%  67.0%  56.3%  68.0%  59.6%  63.3%  64.7%  72.8%   0.0%   0.0%   0.0%   0.0%   0.0%   0.0%   0.0% 	Avg.: 61.1% 
	  0.0%   0.0%   0.0%   0.0%   0.0%   0.0%   0.0%   0.0%   0.0%   0.0%   0.0%   0.0%   0.0%   0.0%   0.0%   0.0%   0.0%   0.0%   0.0%   0.0% 	Avg.:  0.0% 
	  0.0%   0.0%   0.0%   0.0%   0.0%   0.0%   0.0%   0.0%   0.0%   0.0%   0.0%   0.0%   0.0%   0.0%   0.0%   0.0%   0.0%   0.0%   0.0%   0.0% 	Avg.:  0.0% 
	  0.0%   0.0%   0.0%   0.0%   0.0%   0.0%   0.0%   0.0%   0.0%   0.0%   0.0%   0.0%   0.0%   0.0%   0.0%   0.0%   0.0%   0.0%   0.0%   0.0% 	Avg.:  0.0% 
	  0.0%   0.0%   0.0%   0.0%   0.0%   0.0%   0.0%   0.0%   0.0%   0.0%   0.0%   0.0%   0.0%   0.0%   0.0%   0.0%   0.0%   0.0%   0.0%   0.0% 	Avg.:  0.0% 
	  0.0%   0.0%   0.0%   0.0%   0.0%   0.0%   0.0%   0.0%   0.0%   0.0%   0.0%   0.0%   0.0%   0.0%   0.0%   0.0%   0.0%   0.0%   0.0%   0.0% 	Avg.:  0.0% 
	  0.0%   0.0%   0.0%   0.0%   0.0%   0.0%   0.0%   0.0%   0.0%   0.0%   0.0%   0.0%   0.0%   0.0%   0.0%   0.0%   0.0%   0.0%   0.0%   0.0% 	Avg.:  0.0% 
	  0.0%   0.0%   0.0%   0.0%   0.0%   0.0%   0.0%   0.0%   0.0%   0.0%   0.0%   0.0%   0.0%   0.0%   0.0%   0.0%   0.0%   0.0%   0.0%   0.0% 	Avg.:  0.0% 
************************************************************************************************************
TAw Forg
	  0.0%   0.0%   0.0%   0.0%   0.0%   0.0%   0.0%   0.0%   0.0%   0.0%   0.0%   0.0%   0.0%   0.0%   0.0%   0.0%   0.0%   0.0%   0.0%   0.0% 
	 -1.0%   0.0%   0.0%   0.0%   0.0%   0.0%   0.0%   0.0%   0.0%   0.0%   0.0%   0.0%   0.0%   0.0%   0.0%   0.0%   0.0%   0.0%   0.0%   0.0% 	Avg.: -1.0% 
	 -0.2%   0.0%   0.0%   0.0%   0.0%   0.0%   0.0%   0.0%   0.0%   0.0%   0.0%   0.0%   0.0%   0.0%   0.0%   0.0%   0.0%   0.0%   0.0%   0.0% 	Avg.: -0.1% 
	 -0.1%  -0.2%  -0.9%   0.0%   0.0%   0.0%   0.0%   0.0%   0.0%   0.0%   0.0%   0.0%   0.0%   0.0%   0.0%   0.0%   0.0%   0.0%   0.0%   0.0% 	Avg.: -0.4% 
	 -0.2%  -0.2%   0.2%  -0.3%   0.0%   0.0%   0.0%   0.0%   0.0%   0.0%   0.0%   0.0%   0.0%   0.0%   0.0%   0.0%   0.0%   0.0%   0.0%   0.0% 	Avg.: -0.1% 
	  0.0%  -0.1%   0.2%   0.0%  -1.3%   0.0%   0.0%   0.0%   0.0%   0.0%   0.0%   0.0%   0.0%   0.0%   0.0%   0.0%   0.0%   0.0%   0.0%   0.0% 	Avg.: -0.2% 
	  0.6%   0.0%   0.1%  -0.3%   0.2%  -0.4%   0.0%   0.0%   0.0%   0.0%   0.0%   0.0%   0.0%   0.0%   0.0%   0.0%   0.0%   0.0%   0.0%   0.0% 	Avg.:  0.0% 
	  0.0%   0.1%  -0.6%  -0.3%  -0.2%  -0.7%  -0.9%   0.0%   0.0%   0.0%   0.0%   0.0%   0.0%   0.0%   0.0%   0.0%   0.0%   0.0%   0.0%   0.0% 	Avg.: -0.4% 
	  0.4%   0.2%   0.0%   0.2%  -0.5%  -0.2%   0.0%  -0.5%   0.0%   0.0%   0.0%   0.0%   0.0%   0.0%   0.0%   0.0%   0.0%   0.0%   0.0%   0.0% 	Avg.: -0.0% 
	  0.0%   0.2%   0.2%  -0.3%  -0.3%  -0.3%   1.1%   0.1%  -0.8%   0.0%   0.0%   0.0%   0.0%   0.0%   0.0%   0.0%   0.0%   0.0%   0.0%   0.0% 	Avg.: -0.0% 
	  0.2%  -0.2%   0.3%   0.1%   0.4%   0.3%   0.6%   0.0%  -0.5%  -1.2%   0.0%   0.0%   0.0%   0.0%   0.0%   0.0%   0.0%   0.0%   0.0%   0.0% 	Avg.:  0.0% 
	  0.0%   0.5%   0.0%   0.0%   0.2%  -0.4%   1.4%   0.1%  -0.2%   0.4%  -0.8%   0.0%   0.0%   0.0%   0.0%   0.0%   0.0%   0.0%   0.0%   0.0% 	Avg.:  0.1% 
	 -0.3%   0.2%   0.2%  -0.1%   0.3%   0.6%   1.0%  -0.2%   0.2%   0.2%   1.2%  -0.4%   0.0%   0.0%   0.0%   0.0%   0.0%   0.0%   0.0%   0.0% 	Avg.:  0.2% 
	  0.0%   0.0%   0.0%   0.0%   0.0%   0.0%   0.0%   0.0%   0.0%   0.0%   0.0%   0.0%   0.0%   0.0%   0.0%   0.0%   0.0%   0.0%   0.0%   0.0% 	Avg.:  0.0% 
	  0.0%   0.0%   0.0%   0.0%   0.0%   0.0%   0.0%   0.0%   0.0%   0.0%   0.0%   0.0%   0.0%   0.0%   0.0%   0.0%   0.0%   0.0%   0.0%   0.0% 	Avg.:  0.0% 
	  0.0%   0.0%   0.0%   0.0%   0.0%   0.0%   0.0%   0.0%   0.0%   0.0%   0.0%   0.0%   0.0%   0.0%   0.0%   0.0%   0.0%   0.0%   0.0%   0.0% 	Avg.:  0.0% 
	  0.0%   0.0%   0.0%   0.0%   0.0%   0.0%   0.0%   0.0%   0.0%   0.0%   0.0%   0.0%   0.0%   0.0%   0.0%   0.0%   0.0%   0.0%   0.0%   0.0% 	Avg.:  0.0% 
	  0.0%   0.0%   0.0%   0.0%   0.0%   0.0%   0.0%   0.0%   0.0%   0.0%   0.0%   0.0%   0.0%   0.0%   0.0%   0.0%   0.0%   0.0%   0.0%   0.0% 	Avg.:  0.0% 
	  0.0%   0.0%   0.0%   0.0%   0.0%   0.0%   0.0%   0.0%   0.0%   0.0%   0.0%   0.0%   0.0%   0.0%   0.0%   0.0%   0.0%   0.0%   0.0%   0.0% 	Avg.:  0.0% 
	  0.0%   0.0%   0.0%   0.0%   0.0%   0.0%   0.0%   0.0%   0.0%   0.0%   0.0%   0.0%   0.0%   0.0%   0.0%   0.0%   0.0%   0.0%   0.0%   0.0% 	Avg.:  0.0% 
************************************************************************************************************
TAg Forg
	  0.0%   0.0%   0.0%   0.0%   0.0%   0.0%   0.0%   0.0%   0.0%   0.0%   0.0%   0.0%   0.0%   0.0%   0.0%   0.0%   0.0%   0.0%   0.0%   0.0% 
	  4.2%   0.0%   0.0%   0.0%   0.0%   0.0%   0.0%   0.0%   0.0%   0.0%   0.0%   0.0%   0.0%   0.0%   0.0%   0.0%   0.0%   0.0%   0.0%   0.0% 	Avg.:  4.2% 
	  8.0%   0.9%   0.0%   0.0%   0.0%   0.0%   0.0%   0.0%   0.0%   0.0%   0.0%   0.0%   0.0%   0.0%   0.0%   0.0%   0.0%   0.0%   0.0%   0.0% 	Avg.:  4.5% 
	 11.6%   6.4%   2.4%   0.0%   0.0%   0.0%   0.0%   0.0%   0.0%   0.0%   0.0%   0.0%   0.0%   0.0%   0.0%   0.0%   0.0%   0.0%   0.0%   0.0% 	Avg.:  6.8% 
	 15.5%  11.2%   5.9%   7.6%   0.0%   0.0%   0.0%   0.0%   0.0%   0.0%   0.0%   0.0%   0.0%   0.0%   0.0%   0.0%   0.0%   0.0%   0.0%   0.0% 	Avg.: 10.1% 
	 18.2%  11.7%   8.6%  12.0%   5.3%   0.0%   0.0%   0.0%   0.0%   0.0%   0.0%   0.0%   0.0%   0.0%   0.0%   0.0%   0.0%   0.0%   0.0%   0.0% 	Avg.: 11.2% 
	 21.2%  15.3%  10.8%  12.6%   5.7%   2.4%   0.0%   0.0%   0.0%   0.0%   0.0%   0.0%   0.0%   0.0%   0.0%   0.0%   0.0%   0.0%   0.0%   0.0% 	Avg.: 11.3% 
	 22.6%  16.5%  13.6%  17.2%  10.8%   2.9%   2.1%   0.0%   0.0%   0.0%   0.0%   0.0%   0.0%   0.0%   0.0%   0.0%   0.0%   0.0%   0.0%   0.0% 	Avg.: 12.2% 
	 22.2%  23.5%  15.2%  19.0%  16.3%   6.6%   3.6%   4.0%   0.0%   0.0%   0.0%   0.0%   0.0%   0.0%   0.0%   0.0%   0.0%   0.0%   0.0%   0.0% 	Avg.: 13.8% 
	 23.9%  27.1%  16.0%  20.5%  17.3%   9.7%   6.8%   7.9%   2.2%   0.0%   0.0%   0.0%   0.0%   0.0%   0.0%   0.0%   0.0%   0.0%   0.0%   0.0% 	Avg.: 14.6% 
	 27.5%  27.1%  17.8%  22.2%  20.8%  14.6%   8.4%   8.9%   4.3%   2.0%   0.0%   0.0%   0.0%   0.0%   0.0%   0.0%   0.0%   0.0%   0.0%   0.0% 	Avg.: 15.4% 
	 28.8%  28.6%  18.9%  24.9%  22.9%  17.1%  10.3%  11.7%   6.4%   4.8%   3.0%   0.0%   0.0%   0.0%   0.0%   0.0%   0.0%   0.0%   0.0%   0.0% 	Avg.: 16.1% 
	 28.8%  29.5%  19.5%  27.2%  23.8%  19.9%  11.2%  14.2%   9.8%  10.3%   6.0%   0.6%   0.0%   0.0%   0.0%   0.0%   0.0%   0.0%   0.0%   0.0% 	Avg.: 16.7% 
	  0.0%   0.0%   0.0%   0.0%   0.0%   0.0%   0.0%   0.0%   0.0%   0.0%   0.0%   0.0%   0.0%   0.0%   0.0%   0.0%   0.0%   0.0%   0.0%   0.0% 	Avg.:  0.0% 
	  0.0%   0.0%   0.0%   0.0%   0.0%   0.0%   0.0%   0.0%   0.0%   0.0%   0.0%   0.0%   0.0%   0.0%   0.0%   0.0%   0.0%   0.0%   0.0%   0.0% 	Avg.:  0.0% 
	  0.0%   0.0%   0.0%   0.0%   0.0%   0.0%   0.0%   0.0%   0.0%   0.0%   0.0%   0.0%   0.0%   0.0%   0.0%   0.0%   0.0%   0.0%   0.0%   0.0% 	Avg.:  0.0% 
	  0.0%   0.0%   0.0%   0.0%   0.0%   0.0%   0.0%   0.0%   0.0%   0.0%   0.0%   0.0%   0.0%   0.0%   0.0%   0.0%   0.0%   0.0%   0.0%   0.0% 	Avg.:  0.0% 
	  0.0%   0.0%   0.0%   0.0%   0.0%   0.0%   0.0%   0.0%   0.0%   0.0%   0.0%   0.0%   0.0%   0.0%   0.0%   0.0%   0.0%   0.0%   0.0%   0.0% 	Avg.:  0.0% 
	  0.0%   0.0%   0.0%   0.0%   0.0%   0.0%   0.0%   0.0%   0.0%   0.0%   0.0%   0.0%   0.0%   0.0%   0.0%   0.0%   0.0%   0.0%   0.0%   0.0% 	Avg.:  0.0% 
	  0.0%   0.0%   0.0%   0.0%   0.0%   0.0%   0.0%   0.0%   0.0%   0.0%   0.0%   0.0%   0.0%   0.0%   0.0%   0.0%   0.0%   0.0%   0.0%   0.0% 	Avg.:  0.0% 
************************************************************************************************************
[Elapsed time = 0.8 h]
Done!
