START_TASK=3 STOP_TASK=4
============================================================================================================
Arguments =
	approach: icarl
	batch_size: 64
	classes_first_task: None
	clipping: 10000
	crop: 224
	data_path: ../data/inat200
	dataset: inat200
	eval_on_train: False
	experiment_path: None
	fix_bn: False
	freeze_backbone: False
	gpu: 0
	gpus: [0]
	increment: 10
	last_layer_analysis: True
	log: ['disk']
	lr: 0.01
	lr_factor: None
	lr_min: 0.0001
	lr_patience: None
	lr_scheduler: cosine
	lr_warmup_epochs: 0
	momentum: 0.0
	multi_softmax: False
	nepochs: 90
	network: resnetv2_101x1_bit.goog_in21k
	no_cudnn_deterministic: False
	normalize: in21k
	num_workers: 2
	optimizer_name: sgd
	pin_memory: False
	pretrained: True
	resize: 224
	results_path: ./results
	save_models: True
	seed: 0
	start_at_task: 3
	start_epoch: 0
	stop_at_task: 4
	stop_epoch: 0
	use_valid_only: False
	warmup_lr_factor: 1.0
	warmup_nepochs: 0
	weight_decay: 0.0
============================================================================================================
Approach arguments =
	lamb: 1.0
============================================================================================================
Exemplars arguments =
	exemplar_selection: random
	num_exemplars: 4000
============================================================================================================
WARNING: ./results/resnetv2_101x1_bit.goog_in21k/inat200/icarl/10 already exists!
Loaded acc_taw from: ./results/resnetv2_101x1_bit.goog_in21k/inat200/icarl/10/acc_taw-2.txt
Loaded acc_tag from: ./results/resnetv2_101x1_bit.goog_in21k/inat200/icarl/10/acc_tag-2.txt
Loaded forg_taw from: ./results/resnetv2_101x1_bit.goog_in21k/inat200/icarl/10/forg_taw-2.txt
Loaded forg_tag from: ./results/resnetv2_101x1_bit.goog_in21k/inat200/icarl/10/forg_tag-2.txt
Loaded 4020 exemplars from ./results/resnetv2_101x1_bit.goog_in21k/inat200/icarl/10/task2_exemplars.pth
Loaded 30 exemplar means from ./results/resnetv2_101x1_bit.goog_in21k/inat200/icarl/10/task2_exemplar_means.pth
************************************************************************************************************
Task  3  [epochs 0-90]
************************************************************************************************************
[params] total:42,574,440  trainable:42,574,440  tensors:312  trainable_tensors:312
| Epoch   1, time= 33.9s | Train: skip eval | Valid: time=  2.4s loss=11.829, TAw acc= 83.0% | * lr=1.0e-02
| Epoch   2, time= 32.8s | Train: skip eval | Valid: time=  2.3s loss=12.025, TAw acc= 85.0% | lr=1.0e-02
| Epoch   3, time= 33.2s | Train: skip eval | Valid: time=  2.1s loss=11.540, TAw acc= 82.2% | * lr=1.0e-02
| Epoch   4, time= 31.4s | Train: skip eval | Valid: time=  2.3s loss=13.289, TAw acc= 74.0% | lr=1.0e-02
| Epoch   5, time= 31.9s | Train: skip eval | Valid: time=  2.1s loss=10.936, TAw acc= 88.2% | * lr=9.9e-03
| Epoch   6, time= 39.4s | Train: skip eval | Valid: time=  4.1s loss=11.069, TAw acc= 86.8% | lr=9.9e-03
| Epoch   7, time= 32.9s | Train: skip eval | Valid: time=  2.2s loss=10.991, TAw acc= 89.2% | lr=9.9e-03
| Epoch   8, time= 33.6s | Train: skip eval | Valid: time=  2.3s loss=12.420, TAw acc= 80.8% | lr=9.8e-03
| Epoch   9, time= 30.3s | Train: skip eval | Valid: time=  2.5s loss=10.674, TAw acc= 87.0% | * lr=9.8e-03
| Epoch  10, time= 28.7s | Train: skip eval | Valid: time=  2.2s loss=10.632, TAw acc= 88.8% | * lr=9.7e-03
| Epoch  11, time= 32.4s | Train: skip eval | Valid: time=  2.4s loss=12.367, TAw acc= 87.2% | lr=9.6e-03
| Epoch  12, time= 35.0s | Train: skip eval | Valid: time=  2.6s loss=10.938, TAw acc= 89.5% | lr=9.6e-03
| Epoch  13, time= 29.7s | Train: skip eval | Valid: time=  2.1s loss=10.633, TAw acc= 88.0% | lr=9.5e-03
| Epoch  14, time= 28.8s | Train: skip eval | Valid: time=  2.3s loss=10.641, TAw acc= 89.2% | lr=9.4e-03
| Epoch  15, time= 33.6s | Train: skip eval | Valid: time=  2.3s loss=10.955, TAw acc= 87.8% | lr=9.3e-03
| Epoch  16, time= 31.7s | Train: skip eval | Valid: time=  2.2s loss=10.450, TAw acc= 90.5% | * lr=9.2e-03
| Epoch  17, time= 30.3s | Train: skip eval | Valid: time=  2.1s loss=10.621, TAw acc= 90.2% | lr=9.2e-03
| Epoch  18, time= 30.8s | Train: skip eval | Valid: time=  2.1s loss=10.370, TAw acc= 89.5% | * lr=9.1e-03
| Epoch  19, time= 33.8s | Train: skip eval | Valid: time=  2.5s loss=10.625, TAw acc= 87.8% | lr=9.0e-03
| Epoch  20, time= 30.1s | Train: skip eval | Valid: time=  2.5s loss=10.576, TAw acc= 90.0% | lr=8.8e-03
| Epoch  21, time= 31.9s | Train: skip eval | Valid: time=  2.5s loss=10.948, TAw acc= 87.8% | lr=8.7e-03
| Epoch  22, time= 29.3s | Train: skip eval | Valid: time=  2.0s loss=10.493, TAw acc= 88.0% | lr=8.6e-03
| Epoch  23, time= 29.1s | Train: skip eval | Valid: time=  2.1s loss=10.360, TAw acc= 90.8% | * lr=8.5e-03
| Epoch  24, time= 40.6s | Train: skip eval | Valid: time=  3.1s loss=10.264, TAw acc= 90.8% | * lr=8.4e-03
| Epoch  25, time= 29.2s | Train: skip eval | Valid: time=  2.0s loss=11.753, TAw acc= 81.0% | lr=8.2e-03
| Epoch  26, time= 28.9s | Train: skip eval | Valid: time=  2.1s loss=10.665, TAw acc= 88.5% | lr=8.1e-03
| Epoch  27, time= 29.3s | Train: skip eval | Valid: time=  2.1s loss=11.438, TAw acc= 88.8% | lr=8.0e-03
| Epoch  28, time= 32.8s | Train: skip eval | Valid: time=  2.1s loss=10.551, TAw acc= 90.0% | lr=7.8e-03
| Epoch  29, time= 33.1s | Train: skip eval | Valid: time=  2.1s loss=10.653, TAw acc= 90.0% | lr=7.7e-03
| Epoch  30, time= 31.7s | Train: skip eval | Valid: time=  2.1s loss=10.781, TAw acc= 87.8% | lr=7.5e-03
| Epoch  31, time= 31.2s | Train: skip eval | Valid: time=  2.6s loss=10.320, TAw acc= 89.8% | lr=7.4e-03
| Epoch  32, time= 30.7s | Train: skip eval | Valid: time=  2.1s loss=10.343, TAw acc= 89.2% | lr=7.2e-03
| Epoch  33, time= 32.6s | Train: skip eval | Valid: time=  2.5s loss=10.441, TAw acc= 89.5% | lr=7.1e-03
| Epoch  34, time= 28.9s | Train: skip eval | Valid: time=  2.0s loss=10.623, TAw acc= 90.2% | lr=6.9e-03
| Epoch  35, time= 32.1s | Train: skip eval | Valid: time=  2.0s loss=10.352, TAw acc= 90.0% | lr=6.7e-03
| Epoch  36, time= 29.1s | Train: skip eval | Valid: time=  2.1s loss=10.560, TAw acc= 87.0% | lr=6.6e-03
| Epoch  37, time= 33.7s | Train: skip eval | Valid: time=  2.1s loss=10.497, TAw acc= 89.0% | lr=6.4e-03
| Epoch  38, time= 34.5s | Train: skip eval | Valid: time=  2.1s loss=10.270, TAw acc= 88.0% | lr=6.2e-03
| Epoch  39, time= 36.9s | Train: skip eval | Valid: time=  2.1s loss=10.382, TAw acc= 87.0% | lr=6.1e-03
| Epoch  40, time= 29.9s | Train: skip eval | Valid: time=  2.1s loss=10.219, TAw acc= 90.8% | * lr=5.9e-03
| Epoch  41, time= 33.6s | Train: skip eval | Valid: time=  2.1s loss=10.348, TAw acc= 89.2% | lr=5.7e-03
| Epoch  42, time= 32.9s | Train: skip eval | Valid: time=  2.3s loss=10.243, TAw acc= 89.0% | lr=5.6e-03
| Epoch  43, time= 32.5s | Train: skip eval | Valid: time=  2.1s loss=10.273, TAw acc= 90.5% | lr=5.4e-03
| Epoch  44, time= 29.0s | Train: skip eval | Valid: time=  2.1s loss=10.210, TAw acc= 89.8% | * lr=5.2e-03
| Epoch  45, time= 32.9s | Train: skip eval | Valid: time=  2.0s loss=10.354, TAw acc= 90.2% | lr=5.1e-03
| Epoch  46, time= 32.8s | Train: skip eval | Valid: time=  2.1s loss=10.304, TAw acc= 89.5% | lr=4.9e-03
| Epoch  47, time= 31.9s | Train: skip eval | Valid: time=  2.0s loss=10.222, TAw acc= 91.5% | lr=4.7e-03
| Epoch  48, time= 29.5s | Train: skip eval | Valid: time=  2.4s loss=10.211, TAw acc= 89.5% | lr=4.5e-03
| Epoch  49, time= 31.1s | Train: skip eval | Valid: time=  2.2s loss=10.197, TAw acc= 90.2% | * lr=4.4e-03
| Epoch  50, time= 34.5s | Train: skip eval | Valid: time=  2.1s loss=10.203, TAw acc= 89.8% | lr=4.2e-03
| Epoch  51, time= 34.8s | Train: skip eval | Valid: time=  2.4s loss=10.191, TAw acc= 89.8% | * lr=4.0e-03
| Epoch  52, time= 29.5s | Train: skip eval | Valid: time=  2.3s loss=10.188, TAw acc= 89.5% | * lr=3.9e-03
| Epoch  53, time= 30.4s | Train: skip eval | Valid: time=  2.4s loss=10.261, TAw acc= 90.2% | lr=3.7e-03
| Epoch  54, time= 32.0s | Train: skip eval | Valid: time=  2.2s loss=10.188, TAw acc= 90.5% | lr=3.5e-03
| Epoch  55, time= 35.6s | Train: skip eval | Valid: time=  2.0s loss=10.184, TAw acc= 90.2% | * lr=3.4e-03
| Epoch  56, time= 35.2s | Train: skip eval | Valid: time=  2.6s loss=10.162, TAw acc= 90.8% | * lr=3.2e-03
| Epoch  57, time= 35.6s | Train: skip eval | Valid: time=  2.5s loss=10.145, TAw acc= 90.2% | * lr=3.0e-03
| Epoch  58, time= 30.8s | Train: skip eval | Valid: time=  2.0s loss=10.144, TAw acc= 90.2% | * lr=2.9e-03
| Epoch  59, time= 30.4s | Train: skip eval | Valid: time=  2.1s loss=10.225, TAw acc= 88.8% | lr=2.7e-03
| Epoch  60, time= 30.9s | Train: skip eval | Valid: time=  2.1s loss=10.590, TAw acc= 88.2% | lr=2.6e-03
| Epoch  61, time= 33.3s | Train: skip eval | Valid: time=  2.1s loss=10.161, TAw acc= 89.5% | lr=2.4e-03
| Epoch  62, time= 31.5s | Train: skip eval | Valid: time=  2.1s loss=10.163, TAw acc= 89.5% | lr=2.3e-03
| Epoch  63, time= 32.3s | Train: skip eval | Valid: time=  2.0s loss=10.153, TAw acc= 89.8% | lr=2.1e-03
| Epoch  64, time= 30.5s | Train: skip eval | Valid: time=  2.1s loss=10.131, TAw acc= 90.0% | * lr=2.0e-03
| Epoch  65, time= 35.9s | Train: skip eval | Valid: time=  2.1s loss=10.130, TAw acc= 89.5% | * lr=1.9e-03
| Epoch  66, time= 31.8s | Train: skip eval | Valid: time=  2.0s loss=10.358, TAw acc= 90.0% | lr=1.7e-03
| Epoch  67, time= 33.8s | Train: skip eval | Valid: time=  2.1s loss=10.129, TAw acc= 90.2% | * lr=1.6e-03
| Epoch  68, time= 29.6s | Train: skip eval | Valid: time=  2.1s loss=10.125, TAw acc= 90.2% | * lr=1.5e-03
| Epoch  69, time= 34.5s | Train: skip eval | Valid: time=  2.0s loss=10.167, TAw acc= 90.2% | lr=1.4e-03
| Epoch  70, time= 35.1s | Train: skip eval | Valid: time=  2.3s loss=10.140, TAw acc= 89.8% | lr=1.3e-03
| Epoch  71, time= 30.7s | Train: skip eval | Valid: time=  2.1s loss=10.126, TAw acc= 90.2% | lr=1.1e-03
| Epoch  72, time= 29.5s | Train: skip eval | Valid: time=  2.6s loss=10.118, TAw acc= 90.0% | * lr=1.0e-03
| Epoch  73, time= 34.1s | Train: skip eval | Valid: time=  2.1s loss=10.115, TAw acc= 90.8% | * lr=9.5e-04
| Epoch  74, time= 30.2s | Train: skip eval | Valid: time=  2.0s loss=10.123, TAw acc= 90.0% | lr=8.5e-04
| Epoch  75, time= 30.6s | Train: skip eval | Valid: time=  2.6s loss=10.120, TAw acc= 90.0% | lr=7.6e-04
| Epoch  76, time= 31.4s | Train: skip eval | Valid: time=  2.3s loss=10.108, TAw acc= 90.2% | * lr=6.8e-04
| Epoch  77, time= 31.4s | Train: skip eval | Valid: time=  2.2s loss=10.113, TAw acc= 90.5% | lr=6.0e-04
| Epoch  78, time= 29.4s | Train: skip eval | Valid: time=  2.1s loss=10.131, TAw acc= 90.8% | lr=5.3e-04
| Epoch  79, time= 30.8s | Train: skip eval | Valid: time=  2.1s loss=10.122, TAw acc= 90.2% | lr=4.6e-04
| Epoch  80, time= 28.7s | Train: skip eval | Valid: time=  2.1s loss=10.120, TAw acc= 90.0% | lr=4.0e-04
| Epoch  81, time= 32.1s | Train: skip eval | Valid: time=  2.1s loss=10.121, TAw acc= 90.5% | lr=3.4e-04
| Epoch  82, time= 29.8s | Train: skip eval | Valid: time=  2.1s loss=10.117, TAw acc= 90.5% | lr=2.9e-04
| Epoch  83, time= 28.6s | Train: skip eval | Valid: time=  2.0s loss=10.117, TAw acc= 90.2% | lr=2.5e-04
| Epoch  84, time= 30.6s | Train: skip eval | Valid: time=  2.1s loss=10.116, TAw acc= 90.2% | lr=2.1e-04
| Epoch  85, time= 30.4s | Train: skip eval | Valid: time=  2.1s loss=10.114, TAw acc= 90.2% | lr=1.8e-04
| Epoch  86, time= 31.4s | Train: skip eval | Valid: time=  2.6s loss=10.119, TAw acc= 90.2% | lr=1.5e-04
| Epoch  87, time= 29.0s | Train: skip eval | Valid: time=  2.0s loss=10.120, TAw acc= 90.2% | lr=1.3e-04
| Epoch  88, time= 28.3s | Train: skip eval | Valid: time=  2.4s loss=10.120, TAw acc= 90.2% | lr=1.1e-04
| Epoch  89, time= 34.9s | Train: skip eval | Valid: time=  2.2s loss=10.120, TAw acc= 90.2% | lr=1.0e-04
| Epoch  90, time= 31.5s | Train: skip eval | Valid: time=  2.0s loss=10.120, TAw acc= 90.2% | lr=1.0e-04
| Selected 4000 train exemplars, time=  5.0s
------------------------------------------------------------------------------------------------------------
>>> Test on task  0 : loss=1.061 | TAw acc= 94.1%, forg= -0.1% | TAg acc= 81.2%, forg= 11.6% <<<
>>> Test on task  1 : loss=4.553 | TAw acc= 90.6%, forg= -0.2% | TAg acc= 77.4%, forg=  6.4% <<<
>>> Test on task  2 : loss=7.359 | TAw acc= 94.3%, forg= -0.9% | TAg acc= 84.1%, forg=  2.4% <<<
>>> Test on task  3 : loss=10.034 | TAw acc= 86.4%, forg=  0.0% | TAg acc= 78.7%, forg=  0.0% <<<
Save at ./results/./results/resnetv2_101x1_bit.goog_in21k/inat200/icarl/10
************************************************************************************************************
TAw Acc
	 92.8%   0.0%   0.0%   0.0%   0.0%   0.0%   0.0%   0.0%   0.0%   0.0%   0.0%   0.0%   0.0%   0.0%   0.0%   0.0%   0.0%   0.0%   0.0%   0.0% 	Avg.: 92.8% 
	 93.8%  90.4%   0.0%   0.0%   0.0%   0.0%   0.0%   0.0%   0.0%   0.0%   0.0%   0.0%   0.0%   0.0%   0.0%   0.0%   0.0%   0.0%   0.0%   0.0% 	Avg.: 92.1% 
	 94.0%  90.4%  93.4%   0.0%   0.0%   0.0%   0.0%   0.0%   0.0%   0.0%   0.0%   0.0%   0.0%   0.0%   0.0%   0.0%   0.0%   0.0%   0.0%   0.0% 	Avg.: 92.6% 
	 94.1%  90.6%  94.3%  86.4%   0.0%   0.0%   0.0%   0.0%   0.0%   0.0%   0.0%   0.0%   0.0%   0.0%   0.0%   0.0%   0.0%   0.0%   0.0%   0.0% 	Avg.: 91.3% 
	  0.0%   0.0%   0.0%   0.0%   0.0%   0.0%   0.0%   0.0%   0.0%   0.0%   0.0%   0.0%   0.0%   0.0%   0.0%   0.0%   0.0%   0.0%   0.0%   0.0% 	Avg.:  0.0% 
	  0.0%   0.0%   0.0%   0.0%   0.0%   0.0%   0.0%   0.0%   0.0%   0.0%   0.0%   0.0%   0.0%   0.0%   0.0%   0.0%   0.0%   0.0%   0.0%   0.0% 	Avg.:  0.0% 
	  0.0%   0.0%   0.0%   0.0%   0.0%   0.0%   0.0%   0.0%   0.0%   0.0%   0.0%   0.0%   0.0%   0.0%   0.0%   0.0%   0.0%   0.0%   0.0%   0.0% 	Avg.:  0.0% 
	  0.0%   0.0%   0.0%   0.0%   0.0%   0.0%   0.0%   0.0%   0.0%   0.0%   0.0%   0.0%   0.0%   0.0%   0.0%   0.0%   0.0%   0.0%   0.0%   0.0% 	Avg.:  0.0% 
	  0.0%   0.0%   0.0%   0.0%   0.0%   0.0%   0.0%   0.0%   0.0%   0.0%   0.0%   0.0%   0.0%   0.0%   0.0%   0.0%   0.0%   0.0%   0.0%   0.0% 	Avg.:  0.0% 
	  0.0%   0.0%   0.0%   0.0%   0.0%   0.0%   0.0%   0.0%   0.0%   0.0%   0.0%   0.0%   0.0%   0.0%   0.0%   0.0%   0.0%   0.0%   0.0%   0.0% 	Avg.:  0.0% 
	  0.0%   0.0%   0.0%   0.0%   0.0%   0.0%   0.0%   0.0%   0.0%   0.0%   0.0%   0.0%   0.0%   0.0%   0.0%   0.0%   0.0%   0.0%   0.0%   0.0% 	Avg.:  0.0% 
	  0.0%   0.0%   0.0%   0.0%   0.0%   0.0%   0.0%   0.0%   0.0%   0.0%   0.0%   0.0%   0.0%   0.0%   0.0%   0.0%   0.0%   0.0%   0.0%   0.0% 	Avg.:  0.0% 
	  0.0%   0.0%   0.0%   0.0%   0.0%   0.0%   0.0%   0.0%   0.0%   0.0%   0.0%   0.0%   0.0%   0.0%   0.0%   0.0%   0.0%   0.0%   0.0%   0.0% 	Avg.:  0.0% 
	  0.0%   0.0%   0.0%   0.0%   0.0%   0.0%   0.0%   0.0%   0.0%   0.0%   0.0%   0.0%   0.0%   0.0%   0.0%   0.0%   0.0%   0.0%   0.0%   0.0% 	Avg.:  0.0% 
	  0.0%   0.0%   0.0%   0.0%   0.0%   0.0%   0.0%   0.0%   0.0%   0.0%   0.0%   0.0%   0.0%   0.0%   0.0%   0.0%   0.0%   0.0%   0.0%   0.0% 	Avg.:  0.0% 
	  0.0%   0.0%   0.0%   0.0%   0.0%   0.0%   0.0%   0.0%   0.0%   0.0%   0.0%   0.0%   0.0%   0.0%   0.0%   0.0%   0.0%   0.0%   0.0%   0.0% 	Avg.:  0.0% 
	  0.0%   0.0%   0.0%   0.0%   0.0%   0.0%   0.0%   0.0%   0.0%   0.0%   0.0%   0.0%   0.0%   0.0%   0.0%   0.0%   0.0%   0.0%   0.0%   0.0% 	Avg.:  0.0% 
	  0.0%   0.0%   0.0%   0.0%   0.0%   0.0%   0.0%   0.0%   0.0%   0.0%   0.0%   0.0%   0.0%   0.0%   0.0%   0.0%   0.0%   0.0%   0.0%   0.0% 	Avg.:  0.0% 
	  0.0%   0.0%   0.0%   0.0%   0.0%   0.0%   0.0%   0.0%   0.0%   0.0%   0.0%   0.0%   0.0%   0.0%   0.0%   0.0%   0.0%   0.0%   0.0%   0.0% 	Avg.:  0.0% 
	  0.0%   0.0%   0.0%   0.0%   0.0%   0.0%   0.0%   0.0%   0.0%   0.0%   0.0%   0.0%   0.0%   0.0%   0.0%   0.0%   0.0%   0.0%   0.0%   0.0% 	Avg.:  0.0% 
************************************************************************************************************
TAg Acc
	 92.8%   0.0%   0.0%   0.0%   0.0%   0.0%   0.0%   0.0%   0.0%   0.0%   0.0%   0.0%   0.0%   0.0%   0.0%   0.0%   0.0%   0.0%   0.0%   0.0% 	Avg.: 92.8% 
	 88.6%  83.8%   0.0%   0.0%   0.0%   0.0%   0.0%   0.0%   0.0%   0.0%   0.0%   0.0%   0.0%   0.0%   0.0%   0.0%   0.0%   0.0%   0.0%   0.0% 	Avg.: 86.2% 
	 84.8%  82.9%  86.5%   0.0%   0.0%   0.0%   0.0%   0.0%   0.0%   0.0%   0.0%   0.0%   0.0%   0.0%   0.0%   0.0%   0.0%   0.0%   0.0%   0.0% 	Avg.: 84.7% 
	 81.2%  77.4%  84.1%  78.7%   0.0%   0.0%   0.0%   0.0%   0.0%   0.0%   0.0%   0.0%   0.0%   0.0%   0.0%   0.0%   0.0%   0.0%   0.0%   0.0% 	Avg.: 80.3% 
	  0.0%   0.0%   0.0%   0.0%   0.0%   0.0%   0.0%   0.0%   0.0%   0.0%   0.0%   0.0%   0.0%   0.0%   0.0%   0.0%   0.0%   0.0%   0.0%   0.0% 	Avg.:  0.0% 
	  0.0%   0.0%   0.0%   0.0%   0.0%   0.0%   0.0%   0.0%   0.0%   0.0%   0.0%   0.0%   0.0%   0.0%   0.0%   0.0%   0.0%   0.0%   0.0%   0.0% 	Avg.:  0.0% 
	  0.0%   0.0%   0.0%   0.0%   0.0%   0.0%   0.0%   0.0%   0.0%   0.0%   0.0%   0.0%   0.0%   0.0%   0.0%   0.0%   0.0%   0.0%   0.0%   0.0% 	Avg.:  0.0% 
	  0.0%   0.0%   0.0%   0.0%   0.0%   0.0%   0.0%   0.0%   0.0%   0.0%   0.0%   0.0%   0.0%   0.0%   0.0%   0.0%   0.0%   0.0%   0.0%   0.0% 	Avg.:  0.0% 
	  0.0%   0.0%   0.0%   0.0%   0.0%   0.0%   0.0%   0.0%   0.0%   0.0%   0.0%   0.0%   0.0%   0.0%   0.0%   0.0%   0.0%   0.0%   0.0%   0.0% 	Avg.:  0.0% 
	  0.0%   0.0%   0.0%   0.0%   0.0%   0.0%   0.0%   0.0%   0.0%   0.0%   0.0%   0.0%   0.0%   0.0%   0.0%   0.0%   0.0%   0.0%   0.0%   0.0% 	Avg.:  0.0% 
	  0.0%   0.0%   0.0%   0.0%   0.0%   0.0%   0.0%   0.0%   0.0%   0.0%   0.0%   0.0%   0.0%   0.0%   0.0%   0.0%   0.0%   0.0%   0.0%   0.0% 	Avg.:  0.0% 
	  0.0%   0.0%   0.0%   0.0%   0.0%   0.0%   0.0%   0.0%   0.0%   0.0%   0.0%   0.0%   0.0%   0.0%   0.0%   0.0%   0.0%   0.0%   0.0%   0.0% 	Avg.:  0.0% 
	  0.0%   0.0%   0.0%   0.0%   0.0%   0.0%   0.0%   0.0%   0.0%   0.0%   0.0%   0.0%   0.0%   0.0%   0.0%   0.0%   0.0%   0.0%   0.0%   0.0% 	Avg.:  0.0% 
	  0.0%   0.0%   0.0%   0.0%   0.0%   0.0%   0.0%   0.0%   0.0%   0.0%   0.0%   0.0%   0.0%   0.0%   0.0%   0.0%   0.0%   0.0%   0.0%   0.0% 	Avg.:  0.0% 
	  0.0%   0.0%   0.0%   0.0%   0.0%   0.0%   0.0%   0.0%   0.0%   0.0%   0.0%   0.0%   0.0%   0.0%   0.0%   0.0%   0.0%   0.0%   0.0%   0.0% 	Avg.:  0.0% 
	  0.0%   0.0%   0.0%   0.0%   0.0%   0.0%   0.0%   0.0%   0.0%   0.0%   0.0%   0.0%   0.0%   0.0%   0.0%   0.0%   0.0%   0.0%   0.0%   0.0% 	Avg.:  0.0% 
	  0.0%   0.0%   0.0%   0.0%   0.0%   0.0%   0.0%   0.0%   0.0%   0.0%   0.0%   0.0%   0.0%   0.0%   0.0%   0.0%   0.0%   0.0%   0.0%   0.0% 	Avg.:  0.0% 
	  0.0%   0.0%   0.0%   0.0%   0.0%   0.0%   0.0%   0.0%   0.0%   0.0%   0.0%   0.0%   0.0%   0.0%   0.0%   0.0%   0.0%   0.0%   0.0%   0.0% 	Avg.:  0.0% 
	  0.0%   0.0%   0.0%   0.0%   0.0%   0.0%   0.0%   0.0%   0.0%   0.0%   0.0%   0.0%   0.0%   0.0%   0.0%   0.0%   0.0%   0.0%   0.0%   0.0% 	Avg.:  0.0% 
	  0.0%   0.0%   0.0%   0.0%   0.0%   0.0%   0.0%   0.0%   0.0%   0.0%   0.0%   0.0%   0.0%   0.0%   0.0%   0.0%   0.0%   0.0%   0.0%   0.0% 	Avg.:  0.0% 
************************************************************************************************************
TAw Forg
	  0.0%   0.0%   0.0%   0.0%   0.0%   0.0%   0.0%   0.0%   0.0%   0.0%   0.0%   0.0%   0.0%   0.0%   0.0%   0.0%   0.0%   0.0%   0.0%   0.0% 
	 -1.0%   0.0%   0.0%   0.0%   0.0%   0.0%   0.0%   0.0%   0.0%   0.0%   0.0%   0.0%   0.0%   0.0%   0.0%   0.0%   0.0%   0.0%   0.0%   0.0% 	Avg.: -1.0% 
	 -0.2%   0.0%   0.0%   0.0%   0.0%   0.0%   0.0%   0.0%   0.0%   0.0%   0.0%   0.0%   0.0%   0.0%   0.0%   0.0%   0.0%   0.0%   0.0%   0.0% 	Avg.: -0.1% 
	 -0.1%  -0.2%  -0.9%   0.0%   0.0%   0.0%   0.0%   0.0%   0.0%   0.0%   0.0%   0.0%   0.0%   0.0%   0.0%   0.0%   0.0%   0.0%   0.0%   0.0% 	Avg.: -0.4% 
	  0.0%   0.0%   0.0%   0.0%   0.0%   0.0%   0.0%   0.0%   0.0%   0.0%   0.0%   0.0%   0.0%   0.0%   0.0%   0.0%   0.0%   0.0%   0.0%   0.0% 	Avg.:  0.0% 
	  0.0%   0.0%   0.0%   0.0%   0.0%   0.0%   0.0%   0.0%   0.0%   0.0%   0.0%   0.0%   0.0%   0.0%   0.0%   0.0%   0.0%   0.0%   0.0%   0.0% 	Avg.:  0.0% 
	  0.0%   0.0%   0.0%   0.0%   0.0%   0.0%   0.0%   0.0%   0.0%   0.0%   0.0%   0.0%   0.0%   0.0%   0.0%   0.0%   0.0%   0.0%   0.0%   0.0% 	Avg.:  0.0% 
	  0.0%   0.0%   0.0%   0.0%   0.0%   0.0%   0.0%   0.0%   0.0%   0.0%   0.0%   0.0%   0.0%   0.0%   0.0%   0.0%   0.0%   0.0%   0.0%   0.0% 	Avg.:  0.0% 
	  0.0%   0.0%   0.0%   0.0%   0.0%   0.0%   0.0%   0.0%   0.0%   0.0%   0.0%   0.0%   0.0%   0.0%   0.0%   0.0%   0.0%   0.0%   0.0%   0.0% 	Avg.:  0.0% 
	  0.0%   0.0%   0.0%   0.0%   0.0%   0.0%   0.0%   0.0%   0.0%   0.0%   0.0%   0.0%   0.0%   0.0%   0.0%   0.0%   0.0%   0.0%   0.0%   0.0% 	Avg.:  0.0% 
	  0.0%   0.0%   0.0%   0.0%   0.0%   0.0%   0.0%   0.0%   0.0%   0.0%   0.0%   0.0%   0.0%   0.0%   0.0%   0.0%   0.0%   0.0%   0.0%   0.0% 	Avg.:  0.0% 
	  0.0%   0.0%   0.0%   0.0%   0.0%   0.0%   0.0%   0.0%   0.0%   0.0%   0.0%   0.0%   0.0%   0.0%   0.0%   0.0%   0.0%   0.0%   0.0%   0.0% 	Avg.:  0.0% 
	  0.0%   0.0%   0.0%   0.0%   0.0%   0.0%   0.0%   0.0%   0.0%   0.0%   0.0%   0.0%   0.0%   0.0%   0.0%   0.0%   0.0%   0.0%   0.0%   0.0% 	Avg.:  0.0% 
	  0.0%   0.0%   0.0%   0.0%   0.0%   0.0%   0.0%   0.0%   0.0%   0.0%   0.0%   0.0%   0.0%   0.0%   0.0%   0.0%   0.0%   0.0%   0.0%   0.0% 	Avg.:  0.0% 
	  0.0%   0.0%   0.0%   0.0%   0.0%   0.0%   0.0%   0.0%   0.0%   0.0%   0.0%   0.0%   0.0%   0.0%   0.0%   0.0%   0.0%   0.0%   0.0%   0.0% 	Avg.:  0.0% 
	  0.0%   0.0%   0.0%   0.0%   0.0%   0.0%   0.0%   0.0%   0.0%   0.0%   0.0%   0.0%   0.0%   0.0%   0.0%   0.0%   0.0%   0.0%   0.0%   0.0% 	Avg.:  0.0% 
	  0.0%   0.0%   0.0%   0.0%   0.0%   0.0%   0.0%   0.0%   0.0%   0.0%   0.0%   0.0%   0.0%   0.0%   0.0%   0.0%   0.0%   0.0%   0.0%   0.0% 	Avg.:  0.0% 
	  0.0%   0.0%   0.0%   0.0%   0.0%   0.0%   0.0%   0.0%   0.0%   0.0%   0.0%   0.0%   0.0%   0.0%   0.0%   0.0%   0.0%   0.0%   0.0%   0.0% 	Avg.:  0.0% 
	  0.0%   0.0%   0.0%   0.0%   0.0%   0.0%   0.0%   0.0%   0.0%   0.0%   0.0%   0.0%   0.0%   0.0%   0.0%   0.0%   0.0%   0.0%   0.0%   0.0% 	Avg.:  0.0% 
	  0.0%   0.0%   0.0%   0.0%   0.0%   0.0%   0.0%   0.0%   0.0%   0.0%   0.0%   0.0%   0.0%   0.0%   0.0%   0.0%   0.0%   0.0%   0.0%   0.0% 	Avg.:  0.0% 
************************************************************************************************************
TAg Forg
	  0.0%   0.0%   0.0%   0.0%   0.0%   0.0%   0.0%   0.0%   0.0%   0.0%   0.0%   0.0%   0.0%   0.0%   0.0%   0.0%   0.0%   0.0%   0.0%   0.0% 
	  4.2%   0.0%   0.0%   0.0%   0.0%   0.0%   0.0%   0.0%   0.0%   0.0%   0.0%   0.0%   0.0%   0.0%   0.0%   0.0%   0.0%   0.0%   0.0%   0.0% 	Avg.:  4.2% 
	  8.0%   0.9%   0.0%   0.0%   0.0%   0.0%   0.0%   0.0%   0.0%   0.0%   0.0%   0.0%   0.0%   0.0%   0.0%   0.0%   0.0%   0.0%   0.0%   0.0% 	Avg.:  4.5% 
	 11.6%   6.4%   2.4%   0.0%   0.0%   0.0%   0.0%   0.0%   0.0%   0.0%   0.0%   0.0%   0.0%   0.0%   0.0%   0.0%   0.0%   0.0%   0.0%   0.0% 	Avg.:  6.8% 
	  0.0%   0.0%   0.0%   0.0%   0.0%   0.0%   0.0%   0.0%   0.0%   0.0%   0.0%   0.0%   0.0%   0.0%   0.0%   0.0%   0.0%   0.0%   0.0%   0.0% 	Avg.:  0.0% 
	  0.0%   0.0%   0.0%   0.0%   0.0%   0.0%   0.0%   0.0%   0.0%   0.0%   0.0%   0.0%   0.0%   0.0%   0.0%   0.0%   0.0%   0.0%   0.0%   0.0% 	Avg.:  0.0% 
	  0.0%   0.0%   0.0%   0.0%   0.0%   0.0%   0.0%   0.0%   0.0%   0.0%   0.0%   0.0%   0.0%   0.0%   0.0%   0.0%   0.0%   0.0%   0.0%   0.0% 	Avg.:  0.0% 
	  0.0%   0.0%   0.0%   0.0%   0.0%   0.0%   0.0%   0.0%   0.0%   0.0%   0.0%   0.0%   0.0%   0.0%   0.0%   0.0%   0.0%   0.0%   0.0%   0.0% 	Avg.:  0.0% 
	  0.0%   0.0%   0.0%   0.0%   0.0%   0.0%   0.0%   0.0%   0.0%   0.0%   0.0%   0.0%   0.0%   0.0%   0.0%   0.0%   0.0%   0.0%   0.0%   0.0% 	Avg.:  0.0% 
	  0.0%   0.0%   0.0%   0.0%   0.0%   0.0%   0.0%   0.0%   0.0%   0.0%   0.0%   0.0%   0.0%   0.0%   0.0%   0.0%   0.0%   0.0%   0.0%   0.0% 	Avg.:  0.0% 
	  0.0%   0.0%   0.0%   0.0%   0.0%   0.0%   0.0%   0.0%   0.0%   0.0%   0.0%   0.0%   0.0%   0.0%   0.0%   0.0%   0.0%   0.0%   0.0%   0.0% 	Avg.:  0.0% 
	  0.0%   0.0%   0.0%   0.0%   0.0%   0.0%   0.0%   0.0%   0.0%   0.0%   0.0%   0.0%   0.0%   0.0%   0.0%   0.0%   0.0%   0.0%   0.0%   0.0% 	Avg.:  0.0% 
	  0.0%   0.0%   0.0%   0.0%   0.0%   0.0%   0.0%   0.0%   0.0%   0.0%   0.0%   0.0%   0.0%   0.0%   0.0%   0.0%   0.0%   0.0%   0.0%   0.0% 	Avg.:  0.0% 
	  0.0%   0.0%   0.0%   0.0%   0.0%   0.0%   0.0%   0.0%   0.0%   0.0%   0.0%   0.0%   0.0%   0.0%   0.0%   0.0%   0.0%   0.0%   0.0%   0.0% 	Avg.:  0.0% 
	  0.0%   0.0%   0.0%   0.0%   0.0%   0.0%   0.0%   0.0%   0.0%   0.0%   0.0%   0.0%   0.0%   0.0%   0.0%   0.0%   0.0%   0.0%   0.0%   0.0% 	Avg.:  0.0% 
	  0.0%   0.0%   0.0%   0.0%   0.0%   0.0%   0.0%   0.0%   0.0%   0.0%   0.0%   0.0%   0.0%   0.0%   0.0%   0.0%   0.0%   0.0%   0.0%   0.0% 	Avg.:  0.0% 
	  0.0%   0.0%   0.0%   0.0%   0.0%   0.0%   0.0%   0.0%   0.0%   0.0%   0.0%   0.0%   0.0%   0.0%   0.0%   0.0%   0.0%   0.0%   0.0%   0.0% 	Avg.:  0.0% 
	  0.0%   0.0%   0.0%   0.0%   0.0%   0.0%   0.0%   0.0%   0.0%   0.0%   0.0%   0.0%   0.0%   0.0%   0.0%   0.0%   0.0%   0.0%   0.0%   0.0% 	Avg.:  0.0% 
	  0.0%   0.0%   0.0%   0.0%   0.0%   0.0%   0.0%   0.0%   0.0%   0.0%   0.0%   0.0%   0.0%   0.0%   0.0%   0.0%   0.0%   0.0%   0.0%   0.0% 	Avg.:  0.0% 
	  0.0%   0.0%   0.0%   0.0%   0.0%   0.0%   0.0%   0.0%   0.0%   0.0%   0.0%   0.0%   0.0%   0.0%   0.0%   0.0%   0.0%   0.0%   0.0%   0.0% 	Avg.:  0.0% 
************************************************************************************************************
[Elapsed time = 0.9 h]
Done!
