START_TASK=4 STOP_TASK=5
============================================================================================================
Arguments =
	approach: hydra
	batch_size: 64
	classes_first_task: None
	clipping: 10000
	crop: 224
	dataset: cifar100
	distilled: True
	eval_on_train: False
	experiment_path: None
	fix_bn: False
	freeze_backbone: False
	gpu: 0
	gpus: [0]
	increment: 10
	last_layer_analysis: False
	log: ['disk']
	lr: 0.01
	lr_factor: None
	lr_min: 0.0001
	lr_patience: None
	lr_scheduler: cosine
	lr_warmup_epochs: 0
	momentum: 0.0
	multi_softmax: False
	nepochs: 50
	network: vit_small_patch16_224_dist
	no_cudnn_deterministic: False
	normalize: in1k
	num_workers: 2
	optimizer_name: sgd
	pin_memory: False
	pretrained: True
	resize: 224
	results_path: ./results
	save_models: True
	seed: 0
	start_at_task: 4
	start_epoch: 0
	stop_at_task: 5
	stop_epoch: 0
	use_valid_only: False
	warmup_lr_factor: 1.0
	warmup_nepochs: 0
	weight_decay: 0.0
============================================================================================================
Approach arguments =
	T: 2
	lamb: 1.0
	lamb_cos: 1.0
	lamb_dist: 1.0
	lamb_dist_kd: 1.0
============================================================================================================
Exemplars arguments =
============================================================================================================
WARNING: ./results/vit_small_patch16_224_dist/cifar100/hydra/10 already exists!
Loaded acc_taw from: ./results/vit_small_patch16_224_dist/cifar100/hydra/10/acc_taw-3.txt
Loaded acc_tag from: ./results/vit_small_patch16_224_dist/cifar100/hydra/10/acc_tag-3.txt
Loaded forg_taw from: ./results/vit_small_patch16_224_dist/cifar100/hydra/10/forg_taw-3.txt
Loaded forg_tag from: ./results/vit_small_patch16_224_dist/cifar100/hydra/10/forg_tag-3.txt
************************************************************************************************************
Task  4  [epochs 0-50]
************************************************************************************************************
[params] total:22,089,164  trainable:22,077,614  tensors:173  trainable_tensors:167
| Epoch   1, time= 15.6s | Train: skip eval | Valid: time=  1.1s loss=5.556, TAw acc= 94.2% | * lr=1.0e-02
| Epoch   2, time= 15.1s | Train: skip eval | Valid: time=  1.1s loss=5.660, TAw acc= 91.6% | lr=1.0e-02
| Epoch   3, time= 14.9s | Train: skip eval | Valid: time=  1.1s loss=5.511, TAw acc= 97.0% | * lr=9.9e-03
| Epoch   4, time= 15.2s | Train: skip eval | Valid: time=  1.1s loss=5.375, TAw acc= 97.0% | * lr=9.8e-03
| Epoch   5, time= 15.2s | Train: skip eval | Valid: time=  1.1s loss=5.313, TAw acc= 98.0% | * lr=9.8e-03
| Epoch   6, time= 15.2s | Train: skip eval | Valid: time=  1.1s loss=5.394, TAw acc= 96.6% | lr=9.7e-03
| Epoch   7, time= 15.0s | Train: skip eval | Valid: time=  1.1s loss=5.262, TAw acc= 97.6% | * lr=9.5e-03
| Epoch   8, time= 15.0s | Train: skip eval | Valid: time=  1.1s loss=5.249, TAw acc= 98.6% | * lr=9.4e-03
| Epoch   9, time= 14.9s | Train: skip eval | Valid: time=  1.1s loss=5.471, TAw acc= 95.8% | lr=9.2e-03
| Epoch  10, time= 15.0s | Train: skip eval | Valid: time=  1.1s loss=5.263, TAw acc= 98.0% | lr=9.1e-03
| Epoch  11, time= 15.2s | Train: skip eval | Valid: time=  1.2s loss=5.279, TAw acc= 97.4% | lr=8.9e-03
| Epoch  12, time= 15.1s | Train: skip eval | Valid: time=  1.2s loss=5.224, TAw acc= 98.0% | * lr=8.7e-03
| Epoch  13, time= 15.2s | Train: skip eval | Valid: time=  1.2s loss=5.289, TAw acc= 96.8% | lr=8.4e-03
| Epoch  14, time= 15.3s | Train: skip eval | Valid: time=  1.1s loss=5.305, TAw acc= 97.6% | lr=8.2e-03
| Epoch  15, time= 15.3s | Train: skip eval | Valid: time=  1.1s loss=5.218, TAw acc= 98.2% | * lr=8.0e-03
| Epoch  16, time= 15.2s | Train: skip eval | Valid: time=  1.2s loss=5.321, TAw acc= 97.2% | lr=7.7e-03
| Epoch  17, time= 15.1s | Train: skip eval | Valid: time=  1.2s loss=5.192, TAw acc= 98.2% | * lr=7.4e-03
| Epoch  18, time= 15.3s | Train: skip eval | Valid: time=  1.2s loss=5.180, TAw acc= 98.4% | * lr=7.2e-03
| Epoch  19, time= 15.1s | Train: skip eval | Valid: time=  1.1s loss=5.264, TAw acc= 97.0% | lr=6.9e-03
| Epoch  20, time= 15.1s | Train: skip eval | Valid: time=  1.2s loss=5.182, TAw acc= 98.4% | lr=6.6e-03
| Epoch  21, time= 15.1s | Train: skip eval | Valid: time=  1.2s loss=5.200, TAw acc= 97.8% | lr=6.3e-03
| Epoch  22, time= 15.1s | Train: skip eval | Valid: time=  1.2s loss=5.203, TAw acc= 98.0% | lr=6.0e-03
| Epoch  23, time= 15.1s | Train: skip eval | Valid: time=  1.1s loss=5.200, TAw acc= 98.2% | lr=5.7e-03
| Epoch  24, time= 15.2s | Train: skip eval | Valid: time=  1.2s loss=5.183, TAw acc= 98.2% | lr=5.4e-03
| Epoch  25, time= 15.3s | Train: skip eval | Valid: time=  1.1s loss=5.200, TAw acc= 98.2% | lr=5.1e-03
| Epoch  26, time= 15.1s | Train: skip eval | Valid: time=  1.2s loss=5.219, TAw acc= 97.4% | lr=4.7e-03
| Epoch  27, time= 15.2s | Train: skip eval | Valid: time=  1.2s loss=5.193, TAw acc= 97.6% | lr=4.4e-03
| Epoch  28, time= 15.3s | Train: skip eval | Valid: time=  1.2s loss=5.181, TAw acc= 98.4% | lr=4.1e-03
| Epoch  29, time= 15.1s | Train: skip eval | Valid: time=  1.1s loss=5.182, TAw acc= 98.8% | lr=3.8e-03
| Epoch  30, time= 15.1s | Train: skip eval | Valid: time=  1.1s loss=5.159, TAw acc= 98.6% | * lr=3.5e-03
| Epoch  31, time= 15.3s | Train: skip eval | Valid: time=  1.2s loss=5.172, TAw acc= 98.8% | lr=3.2e-03
| Epoch  32, time= 15.0s | Train: skip eval | Valid: time=  1.2s loss=5.156, TAw acc= 98.2% | * lr=2.9e-03
| Epoch  33, time= 15.0s | Train: skip eval | Valid: time=  1.1s loss=5.158, TAw acc= 98.2% | lr=2.7e-03
| Epoch  34, time= 15.1s | Train: skip eval | Valid: time=  1.1s loss=5.172, TAw acc= 98.4% | lr=2.4e-03
| Epoch  35, time= 15.3s | Train: skip eval | Valid: time=  1.2s loss=5.161, TAw acc= 98.6% | lr=2.1e-03
| Epoch  36, time= 15.1s | Train: skip eval | Valid: time=  1.2s loss=5.163, TAw acc= 98.4% | lr=1.9e-03
| Epoch  37, time= 15.1s | Train: skip eval | Valid: time=  1.2s loss=5.164, TAw acc= 98.6% | lr=1.7e-03
| Epoch  38, time= 15.1s | Train: skip eval | Valid: time=  1.2s loss=5.162, TAw acc= 98.2% | lr=1.4e-03
| Epoch  39, time= 15.0s | Train: skip eval | Valid: time=  1.1s loss=5.156, TAw acc= 98.4% | lr=1.2e-03
| Epoch  40, time= 15.0s | Train: skip eval | Valid: time=  1.1s loss=5.154, TAw acc= 98.8% | * lr=1.0e-03
| Epoch  41, time= 15.0s | Train: skip eval | Valid: time=  1.1s loss=5.154, TAw acc= 98.4% | lr=8.7e-04
| Epoch  42, time= 15.1s | Train: skip eval | Valid: time=  1.1s loss=5.155, TAw acc= 98.6% | lr=7.1e-04
| Epoch  43, time= 16.6s | Train: skip eval | Valid: time=  1.1s loss=5.153, TAw acc= 98.6% | * lr=5.7e-04
| Epoch  44, time= 15.1s | Train: skip eval | Valid: time=  1.1s loss=5.150, TAw acc= 98.6% | * lr=4.5e-04
| Epoch  45, time= 15.1s | Train: skip eval | Valid: time=  1.1s loss=5.152, TAw acc= 98.4% | lr=3.4e-04
| Epoch  46, time= 15.3s | Train: skip eval | Valid: time=  1.3s loss=5.151, TAw acc= 98.6% | lr=2.6e-04
| Epoch  47, time= 15.6s | Train: skip eval | Valid: time=  1.1s loss=5.150, TAw acc= 98.8% | lr=1.9e-04
| Epoch  48, time= 15.1s | Train: skip eval | Valid: time=  1.1s loss=5.150, TAw acc= 98.6% | * lr=1.4e-04
| Epoch  49, time= 15.1s | Train: skip eval | Valid: time=  1.2s loss=5.150, TAw acc= 98.6% | lr=1.1e-04
| Epoch  50, time= 15.0s | Train: skip eval | Valid: time=  1.1s loss=5.150, TAw acc= 98.6% | * lr=1.0e-04
------------------------------------------------------------------------------------------------------------
>>> Test on task  0 : loss=0.351 | TAw acc= 95.0%, forg=  0.7% | TAg acc= 86.2%, forg=  9.5% <<<
>>> Test on task  1 : loss=2.679 | TAw acc= 98.5%, forg=  0.2% | TAg acc= 84.5%, forg=  0.6% <<<
>>> Test on task  2 : loss=3.699 | TAw acc= 97.6%, forg=  0.1% | TAg acc= 81.8%, forg=  0.7% <<<
>>> Test on task  3 : loss=4.857 | TAw acc= 94.2%, forg= -0.5% | TAg acc= 73.6%, forg=  0.4% <<<
>>> Test on task  4 : loss=5.271 | TAw acc= 96.9%, forg=  0.0% | TAg acc= 81.0%, forg=  0.0% <<<
Save at ./results/./results/vit_small_patch16_224_dist/cifar100/hydra/10
************************************************************************************************************
TAw Acc
	 95.7%   0.0%   0.0%   0.0%   0.0%   0.0%   0.0%   0.0%   0.0%   0.0% 	Avg.: 95.7% 
	 95.4%  98.6%   0.0%   0.0%   0.0%   0.0%   0.0%   0.0%   0.0%   0.0% 	Avg.: 97.0% 
	 95.4%  98.7%  97.7%   0.0%   0.0%   0.0%   0.0%   0.0%   0.0%   0.0% 	Avg.: 97.3% 
	 95.3%  98.5%  97.3%  93.7%   0.0%   0.0%   0.0%   0.0%   0.0%   0.0% 	Avg.: 96.2% 
	 95.0%  98.5%  97.6%  94.2%  96.9%   0.0%   0.0%   0.0%   0.0%   0.0% 	Avg.: 96.4% 
	  0.0%   0.0%   0.0%   0.0%   0.0%   0.0%   0.0%   0.0%   0.0%   0.0% 	Avg.:  0.0% 
	  0.0%   0.0%   0.0%   0.0%   0.0%   0.0%   0.0%   0.0%   0.0%   0.0% 	Avg.:  0.0% 
	  0.0%   0.0%   0.0%   0.0%   0.0%   0.0%   0.0%   0.0%   0.0%   0.0% 	Avg.:  0.0% 
	  0.0%   0.0%   0.0%   0.0%   0.0%   0.0%   0.0%   0.0%   0.0%   0.0% 	Avg.:  0.0% 
	  0.0%   0.0%   0.0%   0.0%   0.0%   0.0%   0.0%   0.0%   0.0%   0.0% 	Avg.:  0.0% 
************************************************************************************************************
TAg Acc
	 95.7%   0.0%   0.0%   0.0%   0.0%   0.0%   0.0%   0.0%   0.0%   0.0% 	Avg.: 95.7% 
	 92.0%  85.1%   0.0%   0.0%   0.0%   0.0%   0.0%   0.0%   0.0%   0.0% 	Avg.: 88.6% 
	 90.3%  84.6%  82.5%   0.0%   0.0%   0.0%   0.0%   0.0%   0.0%   0.0% 	Avg.: 85.8% 
	 88.9%  85.0%  82.4%  74.0%   0.0%   0.0%   0.0%   0.0%   0.0%   0.0% 	Avg.: 82.6% 
	 86.2%  84.5%  81.8%  73.6%  81.0%   0.0%   0.0%   0.0%   0.0%   0.0% 	Avg.: 81.4% 
	  0.0%   0.0%   0.0%   0.0%   0.0%   0.0%   0.0%   0.0%   0.0%   0.0% 	Avg.:  0.0% 
	  0.0%   0.0%   0.0%   0.0%   0.0%   0.0%   0.0%   0.0%   0.0%   0.0% 	Avg.:  0.0% 
	  0.0%   0.0%   0.0%   0.0%   0.0%   0.0%   0.0%   0.0%   0.0%   0.0% 	Avg.:  0.0% 
	  0.0%   0.0%   0.0%   0.0%   0.0%   0.0%   0.0%   0.0%   0.0%   0.0% 	Avg.:  0.0% 
	  0.0%   0.0%   0.0%   0.0%   0.0%   0.0%   0.0%   0.0%   0.0%   0.0% 	Avg.:  0.0% 
************************************************************************************************************
TAw Forg
	  0.0%   0.0%   0.0%   0.0%   0.0%   0.0%   0.0%   0.0%   0.0%   0.0% 
	  0.3%   0.0%   0.0%   0.0%   0.0%   0.0%   0.0%   0.0%   0.0%   0.0% 	Avg.:  0.3% 
	  0.3%  -0.1%   0.0%   0.0%   0.0%   0.0%   0.0%   0.0%   0.0%   0.0% 	Avg.:  0.1% 
	  0.4%   0.2%   0.4%   0.0%   0.0%   0.0%   0.0%   0.0%   0.0%   0.0% 	Avg.:  0.3% 
	  0.7%   0.2%   0.1%  -0.5%   0.0%   0.0%   0.0%   0.0%   0.0%   0.0% 	Avg.:  0.1% 
	  0.0%   0.0%   0.0%   0.0%   0.0%   0.0%   0.0%   0.0%   0.0%   0.0% 	Avg.:  0.0% 
	  0.0%   0.0%   0.0%   0.0%   0.0%   0.0%   0.0%   0.0%   0.0%   0.0% 	Avg.:  0.0% 
	  0.0%   0.0%   0.0%   0.0%   0.0%   0.0%   0.0%   0.0%   0.0%   0.0% 	Avg.:  0.0% 
	  0.0%   0.0%   0.0%   0.0%   0.0%   0.0%   0.0%   0.0%   0.0%   0.0% 	Avg.:  0.0% 
	  0.0%   0.0%   0.0%   0.0%   0.0%   0.0%   0.0%   0.0%   0.0%   0.0% 	Avg.:  0.0% 
************************************************************************************************************
TAg Forg
	  0.0%   0.0%   0.0%   0.0%   0.0%   0.0%   0.0%   0.0%   0.0%   0.0% 
	  3.7%   0.0%   0.0%   0.0%   0.0%   0.0%   0.0%   0.0%   0.0%   0.0% 	Avg.:  3.7% 
	  5.4%   0.5%   0.0%   0.0%   0.0%   0.0%   0.0%   0.0%   0.0%   0.0% 	Avg.:  3.0% 
	  6.8%   0.1%   0.1%   0.0%   0.0%   0.0%   0.0%   0.0%   0.0%   0.0% 	Avg.:  2.3% 
	  9.5%   0.6%   0.7%   0.4%   0.0%   0.0%   0.0%   0.0%   0.0%   0.0% 	Avg.:  2.8% 
	  0.0%   0.0%   0.0%   0.0%   0.0%   0.0%   0.0%   0.0%   0.0%   0.0% 	Avg.:  0.0% 
	  0.0%   0.0%   0.0%   0.0%   0.0%   0.0%   0.0%   0.0%   0.0%   0.0% 	Avg.:  0.0% 
	  0.0%   0.0%   0.0%   0.0%   0.0%   0.0%   0.0%   0.0%   0.0%   0.0% 	Avg.:  0.0% 
	  0.0%   0.0%   0.0%   0.0%   0.0%   0.0%   0.0%   0.0%   0.0%   0.0% 	Avg.:  0.0% 
	  0.0%   0.0%   0.0%   0.0%   0.0%   0.0%   0.0%   0.0%   0.0%   0.0% 	Avg.:  0.0% 
************************************************************************************************************
[Elapsed time = 0.2 h]
Done!
