START_TASK=7 STOP_TASK=8
============================================================================================================
Arguments =
	approach: lwf
	batch_size: 64
	classes_first_task: None
	clipping: 10000
	crop: 224
	dataset: cifar100
	eval_on_train: False
	experiment_path: None
	fix_bn: False
	freeze_backbone: False
	gpu: 0
	gpus: [0]
	increment: 10
	last_layer_analysis: True
	log: ['disk']
	lr: 0.01
	lr_factor: None
	lr_min: 0.0001
	lr_patience: None
	lr_scheduler: cosine
	lr_warmup_epochs: 0
	momentum: 0.0
	multi_softmax: False
	nepochs: 50
	network: resnetv2_101x1_bit.goog_in21k
	no_cudnn_deterministic: False
	normalize: in21k
	num_workers: 2
	optimizer_name: sgd
	pin_memory: False
	pretrained: True
	resize: 224
	results_path: ./results
	save_models: True
	seed: 0
	start_at_task: 7
	start_epoch: 0
	stop_at_task: 8
	stop_epoch: 0
	use_valid_only: False
	warmup_lr_factor: 1.0
	warmup_nepochs: 0
	weight_decay: 0.0
============================================================================================================
Approach arguments =
	T: 2
	lamb: 1.0
============================================================================================================
Exemplars arguments =
============================================================================================================
WARNING: ./results/resnetv2_101x1_bit.goog_in21k/cifar100/lwf/10 already exists!
Loaded acc_taw from: ./results/resnetv2_101x1_bit.goog_in21k/cifar100/lwf/10/acc_taw-6.txt
Loaded acc_tag from: ./results/resnetv2_101x1_bit.goog_in21k/cifar100/lwf/10/acc_tag-6.txt
Loaded forg_taw from: ./results/resnetv2_101x1_bit.goog_in21k/cifar100/lwf/10/forg_taw-6.txt
Loaded forg_tag from: ./results/resnetv2_101x1_bit.goog_in21k/cifar100/lwf/10/forg_tag-6.txt
************************************************************************************************************
Task  7  [epochs 0-50]
************************************************************************************************************
[params] total:42,656,400  trainable:42,656,400  tensors:320  trainable_tensors:320
| Epoch   1, time= 14.4s | Train: skip eval | Valid: time=  1.2s loss=2.307, TAw acc= 96.8% | * lr=1.0e-02
| Epoch   2, time= 13.7s | Train: skip eval | Valid: time=  1.2s loss=2.302, TAw acc= 97.8% | * lr=1.0e-02
| Epoch   3, time= 13.7s | Train: skip eval | Valid: time=  1.2s loss=2.256, TAw acc= 98.4% | * lr=9.9e-03
| Epoch   4, time= 13.9s | Train: skip eval | Valid: time=  1.2s loss=2.276, TAw acc= 96.6% | lr=9.8e-03
| Epoch   5, time= 13.7s | Train: skip eval | Valid: time=  1.2s loss=2.239, TAw acc= 98.4% | * lr=9.8e-03
| Epoch   6, time= 13.9s | Train: skip eval | Valid: time=  1.2s loss=2.246, TAw acc= 98.6% | lr=9.7e-03
| Epoch   7, time= 13.7s | Train: skip eval | Valid: time=  1.2s loss=2.246, TAw acc= 98.4% | lr=9.5e-03
| Epoch   8, time= 14.1s | Train: skip eval | Valid: time=  1.2s loss=2.236, TAw acc= 99.0% | * lr=9.4e-03
| Epoch   9, time= 13.9s | Train: skip eval | Valid: time=  1.2s loss=2.266, TAw acc= 98.6% | lr=9.2e-03
| Epoch  10, time= 13.9s | Train: skip eval | Valid: time=  1.2s loss=2.263, TAw acc= 98.2% | lr=9.1e-03
| Epoch  11, time= 13.9s | Train: skip eval | Valid: time=  1.2s loss=2.263, TAw acc= 98.2% | lr=8.9e-03
| Epoch  12, time= 13.9s | Train: skip eval | Valid: time=  1.2s loss=2.275, TAw acc= 98.2% | lr=8.7e-03
| Epoch  13, time= 13.8s | Train: skip eval | Valid: time=  1.2s loss=2.234, TAw acc= 99.2% | * lr=8.4e-03
| Epoch  14, time= 13.9s | Train: skip eval | Valid: time=  1.1s loss=2.238, TAw acc= 98.6% | lr=8.2e-03
| Epoch  15, time= 14.0s | Train: skip eval | Valid: time=  1.2s loss=2.246, TAw acc= 98.4% | lr=8.0e-03
| Epoch  16, time= 13.9s | Train: skip eval | Valid: time=  1.2s loss=2.237, TAw acc= 98.8% | lr=7.7e-03
| Epoch  17, time= 13.9s | Train: skip eval | Valid: time=  1.2s loss=2.266, TAw acc= 98.4% | lr=7.4e-03
| Epoch  18, time= 13.7s | Train: skip eval | Valid: time=  1.1s loss=2.236, TAw acc= 98.4% | lr=7.2e-03
| Epoch  19, time= 13.9s | Train: skip eval | Valid: time=  1.2s loss=2.234, TAw acc= 98.6% | lr=6.9e-03
| Epoch  20, time= 13.9s | Train: skip eval | Valid: time=  1.2s loss=2.229, TAw acc= 98.8% | * lr=6.6e-03
| Epoch  21, time= 13.9s | Train: skip eval | Valid: time=  1.2s loss=2.236, TAw acc= 99.0% | lr=6.3e-03
| Epoch  22, time= 13.8s | Train: skip eval | Valid: time=  1.2s loss=2.233, TAw acc= 98.6% | lr=6.0e-03
| Epoch  23, time= 13.9s | Train: skip eval | Valid: time=  1.2s loss=2.239, TAw acc= 98.6% | lr=5.7e-03
| Epoch  24, time= 13.9s | Train: skip eval | Valid: time=  1.2s loss=2.261, TAw acc= 98.0% | lr=5.4e-03
| Epoch  25, time= 13.7s | Train: skip eval | Valid: time=  1.2s loss=2.243, TAw acc= 98.6% | lr=5.1e-03
| Epoch  26, time= 13.7s | Train: skip eval | Valid: time=  1.2s loss=2.222, TAw acc= 98.4% | * lr=4.7e-03
| Epoch  27, time= 14.1s | Train: skip eval | Valid: time=  1.2s loss=2.222, TAw acc= 98.8% | * lr=4.4e-03
| Epoch  28, time= 13.7s | Train: skip eval | Valid: time=  1.2s loss=2.220, TAw acc= 99.2% | * lr=4.1e-03
| Epoch  29, time= 14.0s | Train: skip eval | Valid: time=  1.2s loss=2.223, TAw acc= 99.2% | lr=3.8e-03
| Epoch  30, time= 13.9s | Train: skip eval | Valid: time=  1.2s loss=2.238, TAw acc= 99.0% | lr=3.5e-03
| Epoch  31, time= 13.9s | Train: skip eval | Valid: time=  1.1s loss=2.225, TAw acc= 98.8% | lr=3.2e-03
| Epoch  32, time= 13.7s | Train: skip eval | Valid: time=  1.1s loss=2.220, TAw acc= 99.0% | * lr=2.9e-03
| Epoch  33, time= 13.8s | Train: skip eval | Valid: time=  1.2s loss=2.217, TAw acc= 99.2% | * lr=2.7e-03
| Epoch  34, time= 13.9s | Train: skip eval | Valid: time=  1.2s loss=2.223, TAw acc= 98.8% | lr=2.4e-03
| Epoch  35, time= 13.8s | Train: skip eval | Valid: time=  1.2s loss=2.220, TAw acc= 99.2% | lr=2.1e-03
| Epoch  36, time= 13.9s | Train: skip eval | Valid: time=  1.2s loss=2.222, TAw acc= 99.0% | lr=1.9e-03
| Epoch  37, time= 13.9s | Train: skip eval | Valid: time=  1.2s loss=2.223, TAw acc= 99.0% | lr=1.7e-03
| Epoch  38, time= 14.0s | Train: skip eval | Valid: time=  1.2s loss=2.222, TAw acc= 98.8% | lr=1.4e-03
| Epoch  39, time= 14.0s | Train: skip eval | Valid: time=  1.2s loss=2.219, TAw acc= 98.8% | lr=1.2e-03
| Epoch  40, time= 14.0s | Train: skip eval | Valid: time=  1.2s loss=2.220, TAw acc= 98.8% | lr=1.0e-03
| Epoch  41, time= 13.8s | Train: skip eval | Valid: time=  1.2s loss=2.219, TAw acc= 99.0% | lr=8.7e-04
| Epoch  42, time= 13.9s | Train: skip eval | Valid: time=  1.2s loss=2.222, TAw acc= 98.6% | lr=7.1e-04
| Epoch  43, time= 13.9s | Train: skip eval | Valid: time=  1.2s loss=2.220, TAw acc= 98.4% | lr=5.7e-04
| Epoch  44, time= 14.0s | Train: skip eval | Valid: time=  1.2s loss=2.218, TAw acc= 98.6% | lr=4.5e-04
| Epoch  45, time= 14.1s | Train: skip eval | Valid: time=  1.1s loss=2.219, TAw acc= 98.6% | lr=3.4e-04
| Epoch  46, time= 13.9s | Train: skip eval | Valid: time=  1.2s loss=2.219, TAw acc= 98.6% | lr=2.6e-04
| Epoch  47, time= 13.9s | Train: skip eval | Valid: time=  1.2s loss=2.218, TAw acc= 98.6% | lr=1.9e-04
| Epoch  48, time= 13.9s | Train: skip eval | Valid: time=  1.2s loss=2.218, TAw acc= 98.6% | lr=1.4e-04
| Epoch  49, time= 14.0s | Train: skip eval | Valid: time=  1.1s loss=2.218, TAw acc= 98.6% | lr=1.1e-04
| Epoch  50, time= 13.7s | Train: skip eval | Valid: time=  1.2s loss=2.218, TAw acc= 98.6% | lr=1.0e-04
------------------------------------------------------------------------------------------------------------
>>> Test on task  0 : loss=0.182 | TAw acc= 93.7%, forg=  3.0% | TAg acc= 70.2%, forg= 26.5% <<<
>>> Test on task  1 : loss=1.197 | TAw acc= 97.7%, forg=  0.9% | TAg acc= 61.0%, forg= 25.8% <<<
>>> Test on task  2 : loss=1.552 | TAw acc= 98.3%, forg=  0.0% | TAg acc= 84.6%, forg=  8.6% <<<
>>> Test on task  3 : loss=2.163 | TAw acc= 95.5%, forg=  1.1% | TAg acc= 77.0%, forg= 11.2% <<<
>>> Test on task  4 : loss=2.140 | TAw acc= 97.4%, forg=  0.4% | TAg acc= 81.5%, forg=  8.9% <<<
>>> Test on task  5 : loss=2.062 | TAw acc= 93.8%, forg=  0.6% | TAg acc= 61.7%, forg= 10.5% <<<
>>> Test on task  6 : loss=2.405 | TAw acc= 97.4%, forg=  0.8% | TAg acc= 84.6%, forg=  2.6% <<<
>>> Test on task  7 : loss=2.337 | TAw acc= 97.3%, forg=  0.0% | TAg acc= 89.7%, forg=  0.0% <<<
Save at ./results/./results/resnetv2_101x1_bit.goog_in21k/cifar100/lwf/10
************************************************************************************************************
TAw Acc
	 96.7%   0.0%   0.0%   0.0%   0.0%   0.0%   0.0%   0.0%   0.0%   0.0% 	Avg.: 96.7% 
	 96.7%  98.6%   0.0%   0.0%   0.0%   0.0%   0.0%   0.0%   0.0%   0.0% 	Avg.: 97.7% 
	 96.4%  98.6%  97.8%   0.0%   0.0%   0.0%   0.0%   0.0%   0.0%   0.0% 	Avg.: 97.6% 
	 96.4%  98.3%  98.0%  96.5%   0.0%   0.0%   0.0%   0.0%   0.0%   0.0% 	Avg.: 97.3% 
	 95.4%  97.9%  98.3%  96.4%  97.7%   0.0%   0.0%   0.0%   0.0%   0.0% 	Avg.: 97.1% 
	 94.6%  98.1%  98.1%  96.6%  97.7%  93.8%   0.0%   0.0%   0.0%   0.0% 	Avg.: 96.5% 
	 93.7%  98.0%  98.2%  95.9%  97.8%  94.4%  98.2%   0.0%   0.0%   0.0% 	Avg.: 96.6% 
	 93.7%  97.7%  98.3%  95.5%  97.4%  93.8%  97.4%  97.3%   0.0%   0.0% 	Avg.: 96.4% 
	  0.0%   0.0%   0.0%   0.0%   0.0%   0.0%   0.0%   0.0%   0.0%   0.0% 	Avg.:  0.0% 
	  0.0%   0.0%   0.0%   0.0%   0.0%   0.0%   0.0%   0.0%   0.0%   0.0% 	Avg.:  0.0% 
************************************************************************************************************
TAg Acc
	 96.7%   0.0%   0.0%   0.0%   0.0%   0.0%   0.0%   0.0%   0.0%   0.0% 	Avg.: 96.7% 
	 92.1%  86.8%   0.0%   0.0%   0.0%   0.0%   0.0%   0.0%   0.0%   0.0% 	Avg.: 89.5% 
	 87.8%  79.3%  93.2%   0.0%   0.0%   0.0%   0.0%   0.0%   0.0%   0.0% 	Avg.: 86.8% 
	 85.9%  72.4%  92.2%  88.2%   0.0%   0.0%   0.0%   0.0%   0.0%   0.0% 	Avg.: 84.7% 
	 81.2%  68.8%  90.1%  84.8%  90.4%   0.0%   0.0%   0.0%   0.0%   0.0% 	Avg.: 83.1% 
	 80.3%  67.3%  87.8%  81.5%  89.6%  72.2%   0.0%   0.0%   0.0%   0.0% 	Avg.: 79.8% 
	 76.2%  64.2%  88.1%  79.2%  85.2%  69.3%  87.2%   0.0%   0.0%   0.0% 	Avg.: 78.5% 
	 70.2%  61.0%  84.6%  77.0%  81.5%  61.7%  84.6%  89.7%   0.0%   0.0% 	Avg.: 76.3% 
	  0.0%   0.0%   0.0%   0.0%   0.0%   0.0%   0.0%   0.0%   0.0%   0.0% 	Avg.:  0.0% 
	  0.0%   0.0%   0.0%   0.0%   0.0%   0.0%   0.0%   0.0%   0.0%   0.0% 	Avg.:  0.0% 
************************************************************************************************************
TAw Forg
	  0.0%   0.0%   0.0%   0.0%   0.0%   0.0%   0.0%   0.0%   0.0%   0.0% 
	  0.0%   0.0%   0.0%   0.0%   0.0%   0.0%   0.0%   0.0%   0.0%   0.0% 	Avg.:  0.0% 
	  0.3%   0.0%   0.0%   0.0%   0.0%   0.0%   0.0%   0.0%   0.0%   0.0% 	Avg.:  0.2% 
	  0.3%   0.3%  -0.2%   0.0%   0.0%   0.0%   0.0%   0.0%   0.0%   0.0% 	Avg.:  0.1% 
	  1.3%   0.7%  -0.3%   0.1%   0.0%   0.0%   0.0%   0.0%   0.0%   0.0% 	Avg.:  0.4% 
	  2.1%   0.5%   0.2%  -0.1%   0.0%   0.0%   0.0%   0.0%   0.0%   0.0% 	Avg.:  0.5% 
	  3.0%   0.6%   0.1%   0.7%  -0.1%  -0.6%   0.0%   0.0%   0.0%   0.0% 	Avg.:  0.6% 
	  3.0%   0.9%   0.0%   1.1%   0.4%   0.6%   0.8%   0.0%   0.0%   0.0% 	Avg.:  1.0% 
	  0.0%   0.0%   0.0%   0.0%   0.0%   0.0%   0.0%   0.0%   0.0%   0.0% 	Avg.:  0.0% 
	  0.0%   0.0%   0.0%   0.0%   0.0%   0.0%   0.0%   0.0%   0.0%   0.0% 	Avg.:  0.0% 
************************************************************************************************************
TAg Forg
	  0.0%   0.0%   0.0%   0.0%   0.0%   0.0%   0.0%   0.0%   0.0%   0.0% 
	  4.6%   0.0%   0.0%   0.0%   0.0%   0.0%   0.0%   0.0%   0.0%   0.0% 	Avg.:  4.6% 
	  8.9%   7.5%   0.0%   0.0%   0.0%   0.0%   0.0%   0.0%   0.0%   0.0% 	Avg.:  8.2% 
	 10.8%  14.4%   1.0%   0.0%   0.0%   0.0%   0.0%   0.0%   0.0%   0.0% 	Avg.:  8.7% 
	 15.5%  18.0%   3.1%   3.4%   0.0%   0.0%   0.0%   0.0%   0.0%   0.0% 	Avg.: 10.0% 
	 16.4%  19.5%   5.4%   6.7%   0.8%   0.0%   0.0%   0.0%   0.0%   0.0% 	Avg.:  9.8% 
	 20.5%  22.6%   5.1%   9.0%   5.2%   2.9%   0.0%   0.0%   0.0%   0.0% 	Avg.: 10.9% 
	 26.5%  25.8%   8.6%  11.2%   8.9%  10.5%   2.6%   0.0%   0.0%   0.0% 	Avg.: 13.4% 
	  0.0%   0.0%   0.0%   0.0%   0.0%   0.0%   0.0%   0.0%   0.0%   0.0% 	Avg.:  0.0% 
	  0.0%   0.0%   0.0%   0.0%   0.0%   0.0%   0.0%   0.0%   0.0%   0.0% 	Avg.:  0.0% 
************************************************************************************************************
[Elapsed time = 0.2 h]
Done!
