START_TASK=8 STOP_TASK=9
============================================================================================================
Arguments =
	approach: bic
	batch_size: 64
	classes_first_task: None
	clipping: 10000
	crop: 224
	data_path: ../data/food101
	dataset: food101
	eval_on_train: False
	experiment_path: None
	fix_bn: False
	freeze_backbone: False
	gpu: 0
	gpus: [0]
	increment: 10
	last_layer_analysis: True
	log: ['disk']
	lr: 0.01
	lr_factor: None
	lr_min: 0.0001
	lr_patience: None
	lr_scheduler: cosine
	lr_warmup_epochs: 0
	momentum: 0.0
	multi_softmax: False
	nepochs: 70
	network: resnet50.a1_in1k
	no_cudnn_deterministic: False
	normalize: in1k
	num_workers: 2
	optimizer_name: sgd
	pin_memory: False
	pretrained: True
	resize: 224
	results_path: ./results
	save_models: True
	seed: 0
	start_at_task: 8
	start_epoch: 0
	stop_at_task: 9
	stop_epoch: 0
	use_valid_only: False
	warmup_lr_factor: 1.0
	warmup_nepochs: 0
	weight_decay: 0.0
============================================================================================================
Approach arguments =
	T: 2
	lamb: -1
	num_bias_epochs: 200
	val_exemplar_percentage: 0.1
============================================================================================================
Exemplars arguments =
	exemplar_selection: random
	num_exemplars: 2000
============================================================================================================
WARNING: ./results/resnet50.a1_in1k/food101/bic/10 already exists!
Loaded acc_taw from: ./results/resnet50.a1_in1k/food101/bic/10/acc_taw-7.txt
Loaded acc_tag from: ./results/resnet50.a1_in1k/food101/bic/10/acc_tag-7.txt
Loaded forg_taw from: ./results/resnet50.a1_in1k/food101/bic/10/forg_taw-7.txt
Loaded forg_tag from: ./results/resnet50.a1_in1k/food101/bic/10/forg_tag-7.txt
Loaded 8 bias layers from ./results/resnet50.a1_in1k/food101/bic/10/task7_bias_layers.pth
Loaded 1760 training exemplars from ./results/resnet50.a1_in1k/food101/bic/10/task7_exemplars.pth
Loaded val exemplars from ./results/resnet50.a1_in1k/food101/bic/10/task7_val_exemplars.pth
************************************************************************************************************
Task  8  [epochs 0-70]
************************************************************************************************************
Stage 0: Select validation exemplars for bias correction
 > Selected 270 val exemplars, time=0.0s
Stage 1: Backbone training with distillation
[params] total:23,692,442  trainable:23,692,442  tensors:177  trainable_tensors:177
| Epoch   1, time= 32.8s | Train: skip eval | Valid: time=  2.9s loss=4.130, TAw acc= 37.6% | * lr=1.0e-02
| Epoch   2, time= 32.8s | Train: skip eval | Valid: time=  3.0s loss=4.063, TAw acc= 54.3% | * lr=1.0e-02
| Epoch   3, time= 31.2s | Train: skip eval | Valid: time=  3.0s loss=4.007, TAw acc= 63.7% | * lr=1.0e-02
| Epoch   4, time= 34.1s | Train: skip eval | Valid: time=  5.9s loss=3.963, TAw acc= 68.5% | * lr=9.9e-03
| Epoch   5, time= 36.4s | Train: skip eval | Valid: time=  2.7s loss=3.931, TAw acc= 71.6% | * lr=9.9e-03
| Epoch   6, time= 33.9s | Train: skip eval | Valid: time=  2.8s loss=3.904, TAw acc= 73.3% | * lr=9.8e-03
| Epoch   7, time= 30.2s | Train: skip eval | Valid: time=  3.3s loss=3.886, TAw acc= 73.9% | * lr=9.8e-03
| Epoch   8, time= 33.5s | Train: skip eval | Valid: time=  3.1s loss=3.868, TAw acc= 75.1% | * lr=9.7e-03
| Epoch   9, time= 28.7s | Train: skip eval | Valid: time=  2.8s loss=3.860, TAw acc= 76.1% | * lr=9.6e-03
| Epoch  10, time= 36.6s | Train: skip eval | Valid: time=  3.6s loss=3.845, TAw acc= 75.7% | * lr=9.5e-03
| Epoch  11, time= 31.0s | Train: skip eval | Valid: time=  2.7s loss=3.836, TAw acc= 75.6% | * lr=9.4e-03
| Epoch  12, time= 31.2s | Train: skip eval | Valid: time=  2.7s loss=3.830, TAw acc= 76.8% | * lr=9.3e-03
| Epoch  13, time= 32.9s | Train: skip eval | Valid: time=  2.8s loss=3.821, TAw acc= 76.8% | * lr=9.2e-03
| Epoch  14, time= 31.0s | Train: skip eval | Valid: time=  2.7s loss=3.817, TAw acc= 76.9% | * lr=9.1e-03
| Epoch  15, time= 33.6s | Train: skip eval | Valid: time=  2.7s loss=3.814, TAw acc= 77.9% | * lr=8.9e-03
| Epoch  16, time= 34.2s | Train: skip eval | Valid: time=  2.8s loss=3.810, TAw acc= 77.9% | * lr=8.8e-03
| Epoch  17, time= 32.1s | Train: skip eval | Valid: time=  2.9s loss=3.804, TAw acc= 77.6% | * lr=8.6e-03
| Epoch  18, time= 33.7s | Train: skip eval | Valid: time=  3.7s loss=3.802, TAw acc= 78.4% | * lr=8.5e-03
| Epoch  19, time= 30.0s | Train: skip eval | Valid: time=  3.0s loss=3.799, TAw acc= 78.5% | * lr=8.3e-03
| Epoch  20, time= 30.9s | Train: skip eval | Valid: time=  2.7s loss=3.797, TAw acc= 78.3% | * lr=8.1e-03
| Epoch  21, time= 31.9s | Train: skip eval | Valid: time=  2.7s loss=3.794, TAw acc= 79.1% | * lr=8.0e-03
| Epoch  22, time= 34.5s | Train: skip eval | Valid: time=  3.0s loss=3.794, TAw acc= 78.8% | * lr=7.8e-03
| Epoch  23, time= 31.2s | Train: skip eval | Valid: time=  2.9s loss=3.790, TAw acc= 78.9% | * lr=7.6e-03
| Epoch  24, time= 29.5s | Train: skip eval | Valid: time=  2.8s loss=3.789, TAw acc= 79.1% | * lr=7.4e-03
| Epoch  25, time= 34.7s | Train: skip eval | Valid: time=  2.8s loss=3.787, TAw acc= 79.7% | * lr=7.2e-03
| Epoch  26, time= 32.3s | Train: skip eval | Valid: time=  2.8s loss=3.785, TAw acc= 78.5% | * lr=7.0e-03
| Epoch  27, time= 36.6s | Train: skip eval | Valid: time=  3.2s loss=3.783, TAw acc= 79.6% | * lr=6.8e-03
| Epoch  28, time= 29.5s | Train: skip eval | Valid: time=  2.7s loss=3.783, TAw acc= 79.1% | * lr=6.6e-03
| Epoch  29, time= 29.2s | Train: skip eval | Valid: time=  3.3s loss=3.783, TAw acc= 79.2% | lr=6.4e-03
| Epoch  30, time= 34.6s | Train: skip eval | Valid: time=  3.0s loss=3.780, TAw acc= 78.5% | * lr=6.2e-03
| Epoch  31, time= 31.2s | Train: skip eval | Valid: time=  2.7s loss=3.783, TAw acc= 79.1% | lr=5.9e-03
| Epoch  32, time= 32.8s | Train: skip eval | Valid: time=  2.8s loss=3.781, TAw acc= 79.9% | lr=5.7e-03
| Epoch  33, time= 32.2s | Train: skip eval | Valid: time=  2.7s loss=3.778, TAw acc= 79.9% | * lr=5.5e-03
| Epoch  34, time= 31.3s | Train: skip eval | Valid: time=  2.9s loss=3.777, TAw acc= 79.6% | * lr=5.3e-03
| Epoch  35, time= 30.1s | Train: skip eval | Valid: time=  3.2s loss=3.778, TAw acc= 78.9% | lr=5.1e-03
| Epoch  36, time= 30.0s | Train: skip eval | Valid: time=  2.7s loss=3.777, TAw acc= 80.7% | * lr=4.8e-03
| Epoch  37, time= 30.2s | Train: skip eval | Valid: time=  3.0s loss=3.777, TAw acc= 79.7% | lr=4.6e-03
| Epoch  38, time= 31.0s | Train: skip eval | Valid: time=  3.1s loss=3.776, TAw acc= 79.9% | * lr=4.4e-03
| Epoch  39, time= 31.7s | Train: skip eval | Valid: time=  3.1s loss=3.776, TAw acc= 79.6% | lr=4.2e-03
| Epoch  40, time= 30.9s | Train: skip eval | Valid: time=  3.7s loss=3.774, TAw acc= 80.7% | * lr=3.9e-03
| Epoch  41, time= 32.1s | Train: skip eval | Valid: time=  3.2s loss=3.774, TAw acc= 80.5% | lr=3.7e-03
| Epoch  42, time= 30.6s | Train: skip eval | Valid: time=  3.6s loss=3.773, TAw acc= 79.1% | * lr=3.5e-03
| Epoch  43, time= 30.8s | Train: skip eval | Valid: time=  2.9s loss=3.775, TAw acc= 79.5% | lr=3.3e-03
| Epoch  44, time= 32.5s | Train: skip eval | Valid: time=  3.2s loss=3.773, TAw acc= 80.9% | lr=3.1e-03
| Epoch  45, time= 29.9s | Train: skip eval | Valid: time=  3.4s loss=3.775, TAw acc= 80.1% | lr=2.9e-03
| Epoch  46, time= 31.1s | Train: skip eval | Valid: time=  3.0s loss=3.773, TAw acc= 80.3% | * lr=2.7e-03
| Epoch  47, time= 34.1s | Train: skip eval | Valid: time=  2.9s loss=3.773, TAw acc= 80.7% | lr=2.5e-03
| Epoch  48, time= 32.5s | Train: skip eval | Valid: time=  2.8s loss=3.771, TAw acc= 80.3% | * lr=2.3e-03
| Epoch  49, time= 30.8s | Train: skip eval | Valid: time=  2.7s loss=3.773, TAw acc= 81.1% | lr=2.1e-03
| Epoch  50, time= 33.5s | Train: skip eval | Valid: time=  3.2s loss=3.772, TAw acc= 80.5% | lr=2.0e-03
| Epoch  51, time= 31.8s | Train: skip eval | Valid: time=  3.1s loss=3.772, TAw acc= 80.7% | lr=1.8e-03
| Epoch  52, time= 31.3s | Train: skip eval | Valid: time=  2.8s loss=3.770, TAw acc= 79.7% | * lr=1.6e-03
| Epoch  53, time= 36.1s | Train: skip eval | Valid: time=  2.8s loss=3.772, TAw acc= 80.7% | lr=1.5e-03
| Epoch  54, time= 33.0s | Train: skip eval | Valid: time=  2.9s loss=3.772, TAw acc= 80.7% | lr=1.3e-03
| Epoch  55, time= 28.7s | Train: skip eval | Valid: time=  2.9s loss=3.770, TAw acc= 80.4% | * lr=1.2e-03
| Epoch  56, time= 34.1s | Train: skip eval | Valid: time=  2.8s loss=3.771, TAw acc= 80.4% | lr=1.0e-03
| Epoch  57, time= 30.9s | Train: skip eval | Valid: time=  2.8s loss=3.770, TAw acc= 80.5% | lr=9.2e-04
| Epoch  58, time= 29.7s | Train: skip eval | Valid: time=  3.3s loss=3.771, TAw acc= 81.1% | lr=8.0e-04
| Epoch  59, time= 33.3s | Train: skip eval | Valid: time=  2.8s loss=3.771, TAw acc= 80.4% | lr=6.9e-04
| Epoch  60, time= 31.0s | Train: skip eval | Valid: time=  2.8s loss=3.770, TAw acc= 80.5% | * lr=5.9e-04
| Epoch  61, time= 30.4s | Train: skip eval | Valid: time=  3.0s loss=3.770, TAw acc= 81.1% | lr=5.0e-04
| Epoch  62, time= 31.6s | Train: skip eval | Valid: time=  2.8s loss=3.769, TAw acc= 80.4% | * lr=4.2e-04
| Epoch  63, time= 33.4s | Train: skip eval | Valid: time=  2.9s loss=3.772, TAw acc= 80.8% | lr=3.4e-04
| Epoch  64, time= 34.2s | Train: skip eval | Valid: time=  3.3s loss=3.770, TAw acc= 79.9% | lr=2.8e-04
| Epoch  65, time= 35.0s | Train: skip eval | Valid: time=  3.2s loss=3.771, TAw acc= 79.5% | lr=2.2e-04
| Epoch  66, time= 29.2s | Train: skip eval | Valid: time=  2.8s loss=3.770, TAw acc= 81.1% | lr=1.8e-04
| Epoch  67, time= 32.6s | Train: skip eval | Valid: time=  2.7s loss=3.769, TAw acc= 80.0% | * lr=1.4e-04
| Epoch  68, time= 34.0s | Train: skip eval | Valid: time=  3.0s loss=3.772, TAw acc= 80.8% | lr=1.2e-04
| Epoch  69, time= 33.8s | Train: skip eval | Valid: time=  2.7s loss=3.772, TAw acc= 80.7% | lr=1.0e-04
| Epoch  70, time= 35.2s | Train: skip eval | Valid: time=  2.8s loss=3.769, TAw acc= 80.8% | * lr=1.0e-04
Stage 2: Training bias correction layers
| Epoch  50, time=1.3s | Train: loss=2.853, TAg acc= 36.3% |
| Epoch 100, time=1.3s | Train: loss=2.921, TAg acc= 34.8% |
| Epoch 150, time=1.4s | Train: loss=2.926, TAg acc= 34.4% |
| Epoch 200, time=1.4s | Train: loss=2.795, TAg acc= 41.5% |
Stage 2: BiC Task 0: alpha=1.00000, beta=0.00000
Stage 2: BiC Task 1: alpha=1.08757, beta=-0.76935
Stage 2: BiC Task 2: alpha=0.85977, beta=-0.92790
Stage 2: BiC Task 3: alpha=0.76305, beta=-1.04168
Stage 2: BiC Task 4: alpha=0.64272, beta=-0.88451
Stage 2: BiC Task 5: alpha=0.59169, beta=-0.86538
Stage 2: BiC Task 6: alpha=0.40935, beta=-0.66605
Stage 2: BiC Task 7: alpha=0.46170, beta=-0.67585
Stage 2: BiC Task 8: alpha=0.41845, beta=-0.57686
| Selected 1710 train exemplars, time=  1.9s
------------------------------------------------------------------------------------------------------------
>>> Test on task  0 : loss=1.675 | TAw acc= 89.3%, forg= -0.2% | TAg acc= 74.0%, forg= 12.1% <<<
>>> Test on task  1 : loss=1.793 | TAw acc= 89.6%, forg=  0.0% | TAg acc= 71.0%, forg= 12.8% <<<
>>> Test on task  2 : loss=2.234 | TAw acc= 82.8%, forg= -0.2% | TAg acc= 61.4%, forg=  9.5% <<<
>>> Test on task  3 : loss=2.428 | TAw acc= 84.0%, forg=  0.3% | TAg acc= 57.0%, forg=  7.5% <<<
>>> Test on task  4 : loss=2.984 | TAw acc= 80.8%, forg=  0.0% | TAg acc= 34.5%, forg= 14.6% <<<
>>> Test on task  5 : loss=3.257 | TAw acc= 79.7%, forg=  0.2% | TAg acc= 39.6%, forg=  9.8% <<<
>>> Test on task  6 : loss=3.634 | TAw acc= 77.7%, forg= -0.1% | TAg acc= 12.7%, forg=  6.5% <<<
>>> Test on task  7 : loss=3.719 | TAw acc= 82.2%, forg=  0.1% | TAg acc= 29.9%, forg=  5.7% <<<
>>> Test on task  8 : loss=3.971 | TAw acc= 81.8%, forg=  0.0% | TAg acc= 26.5%, forg=  0.0% <<<
Save at ./results/./results/resnet50.a1_in1k/food101/bic/10
************************************************************************************************************
TAw Acc
	 86.1%   0.0%   0.0%   0.0%   0.0%   0.0%   0.0%   0.0%   0.0%   0.0% 	Avg.: 86.1% 
	 87.9%  87.4%   0.0%   0.0%   0.0%   0.0%   0.0%   0.0%   0.0%   0.0% 	Avg.: 87.6% 
	 87.9%  88.1%  81.3%   0.0%   0.0%   0.0%   0.0%   0.0%   0.0%   0.0% 	Avg.: 85.8% 
	 88.4%  88.8%  81.2%  84.2%   0.0%   0.0%   0.0%   0.0%   0.0%   0.0% 	Avg.: 85.7% 
	 88.3%  88.5%  82.4%  83.9%  80.6%   0.0%   0.0%   0.0%   0.0%   0.0% 	Avg.: 84.7% 
	 88.4%  88.5%  82.1%  84.0%  80.2%  78.4%   0.0%   0.0%   0.0%   0.0% 	Avg.: 83.6% 
	 88.9%  89.4%  82.6%  84.3%  80.7%  79.8%  77.6%   0.0%   0.0%   0.0% 	Avg.: 83.3% 
	 89.0%  89.6%  82.6%  84.1%  80.8%  79.9%  77.1%  82.3%   0.0%   0.0% 	Avg.: 83.2% 
	 89.3%  89.6%  82.8%  84.0%  80.8%  79.7%  77.7%  82.2%  81.8%   0.0% 	Avg.: 83.1% 
	  0.0%   0.0%   0.0%   0.0%   0.0%   0.0%   0.0%   0.0%   0.0%   0.0% 	Avg.:  0.0% 
************************************************************************************************************
TAg Acc
	 86.1%   0.0%   0.0%   0.0%   0.0%   0.0%   0.0%   0.0%   0.0%   0.0% 	Avg.: 86.1% 
	 70.7%  83.8%   0.0%   0.0%   0.0%   0.0%   0.0%   0.0%   0.0%   0.0% 	Avg.: 77.3% 
	 70.4%  75.5%  70.9%   0.0%   0.0%   0.0%   0.0%   0.0%   0.0%   0.0% 	Avg.: 72.3% 
	 72.3%  72.6%  63.4%  64.5%   0.0%   0.0%   0.0%   0.0%   0.0%   0.0% 	Avg.: 68.2% 
	 70.5%  70.2%  60.2%  60.6%  49.1%   0.0%   0.0%   0.0%   0.0%   0.0% 	Avg.: 62.1% 
	 72.0%  69.5%  59.4%  57.4%  43.0%  49.4%   0.0%   0.0%   0.0%   0.0% 	Avg.: 58.5% 
	 73.2%  71.4%  60.6%  57.9%  41.6%  49.1%  19.2%   0.0%   0.0%   0.0% 	Avg.: 53.3% 
	 72.9%  70.4%  61.2%  56.8%  37.8%  43.0%  14.5%  35.6%   0.0%   0.0% 	Avg.: 49.0% 
	 74.0%  71.0%  61.4%  57.0%  34.5%  39.6%  12.7%  29.9%  26.5%   0.0% 	Avg.: 45.2% 
	  0.0%   0.0%   0.0%   0.0%   0.0%   0.0%   0.0%   0.0%   0.0%   0.0% 	Avg.:  0.0% 
************************************************************************************************************
TAw Forg
	  0.0%   0.0%   0.0%   0.0%   0.0%   0.0%   0.0%   0.0%   0.0%   0.0% 
	 -1.8%   0.0%   0.0%   0.0%   0.0%   0.0%   0.0%   0.0%   0.0%   0.0% 	Avg.: -1.8% 
	  0.0%  -0.7%   0.0%   0.0%   0.0%   0.0%   0.0%   0.0%   0.0%   0.0% 	Avg.: -0.4% 
	 -0.6%  -0.6%   0.1%   0.0%   0.0%   0.0%   0.0%   0.0%   0.0%   0.0% 	Avg.: -0.4% 
	  0.1%   0.3%  -1.2%   0.4%   0.0%   0.0%   0.0%   0.0%   0.0%   0.0% 	Avg.: -0.1% 
	  0.0%   0.2%   0.3%   0.2%   0.4%   0.0%   0.0%   0.0%   0.0%   0.0% 	Avg.:  0.2% 
	 -0.4%  -0.7%  -0.2%  -0.1%  -0.2%  -1.4%   0.0%   0.0%   0.0%   0.0% 	Avg.: -0.5% 
	 -0.2%  -0.2%  -0.0%   0.2%  -0.1%  -0.1%   0.5%   0.0%   0.0%   0.0% 	Avg.:  0.0% 
	 -0.2%   0.0%  -0.2%   0.3%   0.0%   0.2%  -0.1%   0.1%   0.0%   0.0% 	Avg.:  0.0% 
	  0.0%   0.0%   0.0%   0.0%   0.0%   0.0%   0.0%   0.0%   0.0%   0.0% 	Avg.:  0.0% 
************************************************************************************************************
TAg Forg
	  0.0%   0.0%   0.0%   0.0%   0.0%   0.0%   0.0%   0.0%   0.0%   0.0% 
	 15.4%   0.0%   0.0%   0.0%   0.0%   0.0%   0.0%   0.0%   0.0%   0.0% 	Avg.: 15.4% 
	 15.7%   8.3%   0.0%   0.0%   0.0%   0.0%   0.0%   0.0%   0.0%   0.0% 	Avg.: 12.0% 
	 13.8%  11.2%   7.5%   0.0%   0.0%   0.0%   0.0%   0.0%   0.0%   0.0% 	Avg.: 10.8% 
	 15.6%  13.6%  10.6%   3.9%   0.0%   0.0%   0.0%   0.0%   0.0%   0.0% 	Avg.: 11.0% 
	 14.2%  14.3%  11.4%   7.1%   6.0%   0.0%   0.0%   0.0%   0.0%   0.0% 	Avg.: 10.6% 
	 12.9%  12.4%  10.2%   6.6%   7.4%   0.3%   0.0%   0.0%   0.0%   0.0% 	Avg.:  8.3% 
	 13.2%  13.4%   9.7%   7.7%  11.3%   6.4%   4.8%   0.0%   0.0%   0.0% 	Avg.:  9.5% 
	 12.1%  12.8%   9.5%   7.5%  14.6%   9.8%   6.5%   5.7%   0.0%   0.0% 	Avg.:  9.8% 
	  0.0%   0.0%   0.0%   0.0%   0.0%   0.0%   0.0%   0.0%   0.0%   0.0% 	Avg.:  0.0% 
************************************************************************************************************
[Elapsed time = 0.8 h]
Done!
