START_TASK=3 STOP_TASK=4
============================================================================================================
Arguments =
	approach: bic
	batch_size: 64
	classes_first_task: None
	clipping: 10000
	crop: 224
	data_path: ../data/food101
	dataset: food101
	eval_on_train: False
	experiment_path: None
	fix_bn: False
	freeze_backbone: False
	gpu: 0
	gpus: [0]
	increment: 10
	last_layer_analysis: True
	log: ['disk']
	lr: 0.01
	lr_factor: None
	lr_min: 0.0001
	lr_patience: None
	lr_scheduler: cosine
	lr_warmup_epochs: 0
	momentum: 0.0
	multi_softmax: False
	nepochs: 70
	network: resnet50.a1_in1k
	no_cudnn_deterministic: False
	normalize: in1k
	num_workers: 2
	optimizer_name: sgd
	pin_memory: False
	pretrained: True
	resize: 224
	results_path: ./results
	save_models: True
	seed: 0
	start_at_task: 3
	start_epoch: 0
	stop_at_task: 4
	stop_epoch: 0
	use_valid_only: False
	warmup_lr_factor: 1.0
	warmup_nepochs: 0
	weight_decay: 0.0
============================================================================================================
Approach arguments =
	T: 2
	lamb: -1
	num_bias_epochs: 200
	val_exemplar_percentage: 0.1
============================================================================================================
Exemplars arguments =
	exemplar_selection: random
	num_exemplars: 2000
============================================================================================================
WARNING: ./results/resnet50.a1_in1k/food101/bic/10 already exists!
Loaded acc_taw from: ./results/resnet50.a1_in1k/food101/bic/10/acc_taw-2.txt
Loaded acc_tag from: ./results/resnet50.a1_in1k/food101/bic/10/acc_tag-2.txt
Loaded forg_taw from: ./results/resnet50.a1_in1k/food101/bic/10/forg_taw-2.txt
Loaded forg_tag from: ./results/resnet50.a1_in1k/food101/bic/10/forg_tag-2.txt
Loaded 3 bias layers from ./results/resnet50.a1_in1k/food101/bic/10/task2_bias_layers.pth
Loaded 1770 training exemplars from ./results/resnet50.a1_in1k/food101/bic/10/task2_exemplars.pth
Loaded val exemplars from ./results/resnet50.a1_in1k/food101/bic/10/task2_val_exemplars.pth
************************************************************************************************************
Task  3  [epochs 0-70]
************************************************************************************************************
Stage 0: Select validation exemplars for bias correction
 > Selected 200 val exemplars, time=0.0s
Stage 1: Backbone training with distillation
[params] total:23,589,992  trainable:23,589,992  tensors:167  trainable_tensors:167
| Epoch   1, time= 37.8s | Train: skip eval | Valid: time=  3.3s loss=3.127, TAw acc= 49.6% | * lr=1.0e-02
| Epoch   2, time= 30.8s | Train: skip eval | Valid: time=  2.7s loss=2.979, TAw acc= 64.5% | * lr=1.0e-02
| Epoch   3, time= 33.9s | Train: skip eval | Valid: time=  2.7s loss=2.888, TAw acc= 71.6% | * lr=1.0e-02
| Epoch   4, time= 30.2s | Train: skip eval | Valid: time=  2.9s loss=2.828, TAw acc= 71.6% | * lr=9.9e-03
| Epoch   5, time= 31.8s | Train: skip eval | Valid: time=  2.8s loss=2.782, TAw acc= 74.0% | * lr=9.9e-03
| Epoch   6, time= 31.2s | Train: skip eval | Valid: time=  2.8s loss=2.747, TAw acc= 74.3% | * lr=9.8e-03
| Epoch   7, time= 28.3s | Train: skip eval | Valid: time=  2.8s loss=2.719, TAw acc= 73.7% | * lr=9.8e-03
| Epoch   8, time= 32.1s | Train: skip eval | Valid: time=  2.9s loss=2.692, TAw acc= 74.3% | * lr=9.7e-03
| Epoch   9, time= 31.9s | Train: skip eval | Valid: time=  2.8s loss=2.672, TAw acc= 74.4% | * lr=9.6e-03
| Epoch  10, time= 28.9s | Train: skip eval | Valid: time=  2.8s loss=2.651, TAw acc= 74.9% | * lr=9.5e-03
| Epoch  11, time= 28.9s | Train: skip eval | Valid: time=  2.8s loss=2.644, TAw acc= 74.3% | * lr=9.4e-03
| Epoch  12, time= 38.4s | Train: skip eval | Valid: time=  2.8s loss=2.629, TAw acc= 75.6% | * lr=9.3e-03
| Epoch  13, time= 31.5s | Train: skip eval | Valid: time=  3.5s loss=2.616, TAw acc= 75.9% | * lr=9.2e-03
| Epoch  14, time= 34.2s | Train: skip eval | Valid: time=  2.7s loss=2.612, TAw acc= 76.0% | * lr=9.1e-03
| Epoch  15, time= 31.8s | Train: skip eval | Valid: time=  2.8s loss=2.595, TAw acc= 76.3% | * lr=8.9e-03
| Epoch  16, time= 32.3s | Train: skip eval | Valid: time=  2.7s loss=2.591, TAw acc= 77.1% | * lr=8.8e-03
| Epoch  17, time= 30.9s | Train: skip eval | Valid: time=  2.7s loss=2.580, TAw acc= 77.1% | * lr=8.6e-03
| Epoch  18, time= 32.1s | Train: skip eval | Valid: time=  3.5s loss=2.578, TAw acc= 77.6% | * lr=8.5e-03
| Epoch  19, time= 30.5s | Train: skip eval | Valid: time=  2.8s loss=2.576, TAw acc= 76.5% | * lr=8.3e-03
| Epoch  20, time= 31.6s | Train: skip eval | Valid: time=  2.8s loss=2.571, TAw acc= 77.7% | * lr=8.1e-03
| Epoch  21, time= 37.5s | Train: skip eval | Valid: time=  2.9s loss=2.560, TAw acc= 78.4% | * lr=8.0e-03
| Epoch  22, time= 34.0s | Train: skip eval | Valid: time=  2.7s loss=2.554, TAw acc= 77.5% | * lr=7.8e-03
| Epoch  23, time= 30.6s | Train: skip eval | Valid: time=  2.8s loss=2.553, TAw acc= 78.3% | * lr=7.6e-03
| Epoch  24, time= 32.5s | Train: skip eval | Valid: time=  3.7s loss=2.550, TAw acc= 78.7% | * lr=7.4e-03
| Epoch  25, time= 29.0s | Train: skip eval | Valid: time=  2.8s loss=2.547, TAw acc= 79.1% | * lr=7.2e-03
| Epoch  26, time= 39.3s | Train: skip eval | Valid: time=  3.6s loss=2.542, TAw acc= 79.6% | * lr=7.0e-03
| Epoch  27, time= 36.0s | Train: skip eval | Valid: time=  3.1s loss=2.543, TAw acc= 79.3% | lr=6.8e-03
| Epoch  28, time= 33.8s | Train: skip eval | Valid: time=  2.7s loss=2.538, TAw acc= 79.2% | * lr=6.6e-03
| Epoch  29, time= 32.2s | Train: skip eval | Valid: time=  3.7s loss=2.533, TAw acc= 78.8% | * lr=6.4e-03
| Epoch  30, time= 31.2s | Train: skip eval | Valid: time=  2.7s loss=2.534, TAw acc= 79.2% | lr=6.2e-03
| Epoch  31, time= 30.3s | Train: skip eval | Valid: time=  2.8s loss=2.530, TAw acc= 80.0% | * lr=5.9e-03
| Epoch  32, time= 30.1s | Train: skip eval | Valid: time=  2.7s loss=2.530, TAw acc= 79.9% | lr=5.7e-03
| Epoch  33, time= 29.7s | Train: skip eval | Valid: time=  3.2s loss=2.528, TAw acc= 80.4% | * lr=5.5e-03
| Epoch  34, time= 31.9s | Train: skip eval | Valid: time=  2.7s loss=2.525, TAw acc= 78.7% | * lr=5.3e-03
| Epoch  35, time= 30.9s | Train: skip eval | Valid: time=  2.9s loss=2.524, TAw acc= 80.4% | * lr=5.1e-03
| Epoch  36, time= 35.7s | Train: skip eval | Valid: time=  2.7s loss=2.524, TAw acc= 80.5% | lr=4.8e-03
| Epoch  37, time= 31.6s | Train: skip eval | Valid: time=  2.7s loss=2.524, TAw acc= 80.8% | lr=4.6e-03
| Epoch  38, time= 28.8s | Train: skip eval | Valid: time=  3.4s loss=2.521, TAw acc= 80.4% | * lr=4.4e-03
| Epoch  39, time= 31.7s | Train: skip eval | Valid: time=  2.6s loss=2.521, TAw acc= 80.5% | lr=4.2e-03
| Epoch  40, time= 35.5s | Train: skip eval | Valid: time=  2.8s loss=2.519, TAw acc= 79.9% | * lr=3.9e-03
| Epoch  41, time= 30.9s | Train: skip eval | Valid: time=  2.9s loss=2.517, TAw acc= 80.8% | * lr=3.7e-03
| Epoch  42, time= 30.3s | Train: skip eval | Valid: time=  3.5s loss=2.519, TAw acc= 79.7% | lr=3.5e-03
| Epoch  43, time= 32.5s | Train: skip eval | Valid: time=  2.7s loss=2.517, TAw acc= 80.0% | lr=3.3e-03
| Epoch  44, time= 33.1s | Train: skip eval | Valid: time=  2.8s loss=2.520, TAw acc= 80.1% | lr=3.1e-03
| Epoch  45, time= 31.4s | Train: skip eval | Valid: time=  2.7s loss=2.521, TAw acc= 80.1% | lr=2.9e-03
| Epoch  46, time= 32.5s | Train: skip eval | Valid: time=  3.7s loss=2.514, TAw acc= 80.7% | * lr=2.7e-03
| Epoch  47, time= 34.8s | Train: skip eval | Valid: time=  2.8s loss=2.514, TAw acc= 80.8% | * lr=2.5e-03
| Epoch  48, time= 34.0s | Train: skip eval | Valid: time=  2.8s loss=2.517, TAw acc= 81.2% | lr=2.3e-03
| Epoch  49, time= 33.2s | Train: skip eval | Valid: time=  2.6s loss=2.513, TAw acc= 80.5% | * lr=2.1e-03
| Epoch  50, time= 29.4s | Train: skip eval | Valid: time=  2.8s loss=2.511, TAw acc= 80.4% | * lr=2.0e-03
| Epoch  51, time= 34.2s | Train: skip eval | Valid: time=  2.7s loss=2.509, TAw acc= 80.9% | * lr=1.8e-03
| Epoch  52, time= 37.3s | Train: skip eval | Valid: time=  2.9s loss=2.513, TAw acc= 80.8% | lr=1.6e-03
| Epoch  53, time= 32.7s | Train: skip eval | Valid: time=  3.0s loss=2.511, TAw acc= 80.9% | lr=1.5e-03
| Epoch  54, time= 31.2s | Train: skip eval | Valid: time=  2.7s loss=2.508, TAw acc= 80.5% | * lr=1.3e-03
| Epoch  55, time= 32.6s | Train: skip eval | Valid: time=  2.9s loss=2.513, TAw acc= 80.3% | lr=1.2e-03
| Epoch  56, time= 34.0s | Train: skip eval | Valid: time=  2.7s loss=2.519, TAw acc= 80.7% | lr=1.0e-03
| Epoch  57, time= 30.3s | Train: skip eval | Valid: time=  2.8s loss=2.508, TAw acc= 81.2% | * lr=9.2e-04
| Epoch  58, time= 34.5s | Train: skip eval | Valid: time=  3.0s loss=2.511, TAw acc= 80.8% | lr=8.0e-04
| Epoch  59, time= 30.9s | Train: skip eval | Valid: time=  2.9s loss=2.509, TAw acc= 81.6% | lr=6.9e-04
| Epoch  60, time= 32.2s | Train: skip eval | Valid: time=  3.5s loss=2.508, TAw acc= 81.5% | lr=5.9e-04
| Epoch  61, time= 30.6s | Train: skip eval | Valid: time=  2.7s loss=2.508, TAw acc= 81.2% | lr=5.0e-04
| Epoch  62, time= 29.6s | Train: skip eval | Valid: time=  2.6s loss=2.514, TAw acc= 81.3% | lr=4.2e-04
| Epoch  63, time= 32.5s | Train: skip eval | Valid: time=  2.7s loss=2.512, TAw acc= 81.5% | lr=3.4e-04
| Epoch  64, time= 31.2s | Train: skip eval | Valid: time=  3.1s loss=2.509, TAw acc= 80.7% | lr=2.8e-04
| Epoch  65, time= 31.2s | Train: skip eval | Valid: time=  2.8s loss=2.508, TAw acc= 80.8% | lr=2.2e-04
| Epoch  66, time= 31.3s | Train: skip eval | Valid: time=  3.4s loss=2.510, TAw acc= 81.2% | lr=1.8e-04
| Epoch  67, time= 31.6s | Train: skip eval | Valid: time=  2.9s loss=2.512, TAw acc= 81.2% | lr=1.4e-04
| Epoch  68, time= 30.9s | Train: skip eval | Valid: time=  2.8s loss=2.510, TAw acc= 80.8% | lr=1.2e-04
| Epoch  69, time= 33.0s | Train: skip eval | Valid: time=  2.8s loss=2.509, TAw acc= 81.3% | lr=1.0e-04
| Epoch  70, time= 30.0s | Train: skip eval | Valid: time=  2.9s loss=2.510, TAw acc= 81.3% | lr=1.0e-04
Stage 2: Training bias correction layers
| Epoch  50, time=1.2s | Train: loss=1.791, TAg acc= 58.5% |
| Epoch 100, time=1.2s | Train: loss=1.769, TAg acc= 58.5% |
| Epoch 150, time=1.2s | Train: loss=1.772, TAg acc= 53.5% |
| Epoch 200, time=1.2s | Train: loss=1.718, TAg acc= 57.0% |
Stage 2: BiC Task 0: alpha=1.00000, beta=0.00000
Stage 2: BiC Task 1: alpha=1.08757, beta=-0.76935
Stage 2: BiC Task 2: alpha=0.85977, beta=-0.92790
Stage 2: BiC Task 3: alpha=0.76305, beta=-1.04168
| Selected 1800 train exemplars, time=  2.2s
------------------------------------------------------------------------------------------------------------
>>> Test on task  0 : loss=1.240 | TAw acc= 88.4%, forg= -0.6% | TAg acc= 72.3%, forg= 13.8% <<<
>>> Test on task  1 : loss=1.406 | TAw acc= 88.8%, forg= -0.6% | TAg acc= 72.6%, forg= 11.2% <<<
>>> Test on task  2 : loss=2.036 | TAw acc= 81.2%, forg=  0.1% | TAg acc= 63.4%, forg=  7.5% <<<
>>> Test on task  3 : loss=2.612 | TAw acc= 84.2%, forg=  0.0% | TAg acc= 64.5%, forg=  0.0% <<<
Save at ./results/./results/resnet50.a1_in1k/food101/bic/10
************************************************************************************************************
TAw Acc
	 86.1%   0.0%   0.0%   0.0%   0.0%   0.0%   0.0%   0.0%   0.0%   0.0% 	Avg.: 86.1% 
	 87.9%  87.4%   0.0%   0.0%   0.0%   0.0%   0.0%   0.0%   0.0%   0.0% 	Avg.: 87.6% 
	 87.9%  88.1%  81.3%   0.0%   0.0%   0.0%   0.0%   0.0%   0.0%   0.0% 	Avg.: 85.8% 
	 88.4%  88.8%  81.2%  84.2%   0.0%   0.0%   0.0%   0.0%   0.0%   0.0% 	Avg.: 85.7% 
	  0.0%   0.0%   0.0%   0.0%   0.0%   0.0%   0.0%   0.0%   0.0%   0.0% 	Avg.:  0.0% 
	  0.0%   0.0%   0.0%   0.0%   0.0%   0.0%   0.0%   0.0%   0.0%   0.0% 	Avg.:  0.0% 
	  0.0%   0.0%   0.0%   0.0%   0.0%   0.0%   0.0%   0.0%   0.0%   0.0% 	Avg.:  0.0% 
	  0.0%   0.0%   0.0%   0.0%   0.0%   0.0%   0.0%   0.0%   0.0%   0.0% 	Avg.:  0.0% 
	  0.0%   0.0%   0.0%   0.0%   0.0%   0.0%   0.0%   0.0%   0.0%   0.0% 	Avg.:  0.0% 
	  0.0%   0.0%   0.0%   0.0%   0.0%   0.0%   0.0%   0.0%   0.0%   0.0% 	Avg.:  0.0% 
************************************************************************************************************
TAg Acc
	 86.1%   0.0%   0.0%   0.0%   0.0%   0.0%   0.0%   0.0%   0.0%   0.0% 	Avg.: 86.1% 
	 70.7%  83.8%   0.0%   0.0%   0.0%   0.0%   0.0%   0.0%   0.0%   0.0% 	Avg.: 77.3% 
	 70.4%  75.5%  70.9%   0.0%   0.0%   0.0%   0.0%   0.0%   0.0%   0.0% 	Avg.: 72.3% 
	 72.3%  72.6%  63.4%  64.5%   0.0%   0.0%   0.0%   0.0%   0.0%   0.0% 	Avg.: 68.2% 
	  0.0%   0.0%   0.0%   0.0%   0.0%   0.0%   0.0%   0.0%   0.0%   0.0% 	Avg.:  0.0% 
	  0.0%   0.0%   0.0%   0.0%   0.0%   0.0%   0.0%   0.0%   0.0%   0.0% 	Avg.:  0.0% 
	  0.0%   0.0%   0.0%   0.0%   0.0%   0.0%   0.0%   0.0%   0.0%   0.0% 	Avg.:  0.0% 
	  0.0%   0.0%   0.0%   0.0%   0.0%   0.0%   0.0%   0.0%   0.0%   0.0% 	Avg.:  0.0% 
	  0.0%   0.0%   0.0%   0.0%   0.0%   0.0%   0.0%   0.0%   0.0%   0.0% 	Avg.:  0.0% 
	  0.0%   0.0%   0.0%   0.0%   0.0%   0.0%   0.0%   0.0%   0.0%   0.0% 	Avg.:  0.0% 
************************************************************************************************************
TAw Forg
	  0.0%   0.0%   0.0%   0.0%   0.0%   0.0%   0.0%   0.0%   0.0%   0.0% 
	 -1.8%   0.0%   0.0%   0.0%   0.0%   0.0%   0.0%   0.0%   0.0%   0.0% 	Avg.: -1.8% 
	  0.0%  -0.7%   0.0%   0.0%   0.0%   0.0%   0.0%   0.0%   0.0%   0.0% 	Avg.: -0.4% 
	 -0.6%  -0.6%   0.1%   0.0%   0.0%   0.0%   0.0%   0.0%   0.0%   0.0% 	Avg.: -0.4% 
	  0.0%   0.0%   0.0%   0.0%   0.0%   0.0%   0.0%   0.0%   0.0%   0.0% 	Avg.:  0.0% 
	  0.0%   0.0%   0.0%   0.0%   0.0%   0.0%   0.0%   0.0%   0.0%   0.0% 	Avg.:  0.0% 
	  0.0%   0.0%   0.0%   0.0%   0.0%   0.0%   0.0%   0.0%   0.0%   0.0% 	Avg.:  0.0% 
	  0.0%   0.0%   0.0%   0.0%   0.0%   0.0%   0.0%   0.0%   0.0%   0.0% 	Avg.:  0.0% 
	  0.0%   0.0%   0.0%   0.0%   0.0%   0.0%   0.0%   0.0%   0.0%   0.0% 	Avg.:  0.0% 
	  0.0%   0.0%   0.0%   0.0%   0.0%   0.0%   0.0%   0.0%   0.0%   0.0% 	Avg.:  0.0% 
************************************************************************************************************
TAg Forg
	  0.0%   0.0%   0.0%   0.0%   0.0%   0.0%   0.0%   0.0%   0.0%   0.0% 
	 15.4%   0.0%   0.0%   0.0%   0.0%   0.0%   0.0%   0.0%   0.0%   0.0% 	Avg.: 15.4% 
	 15.7%   8.3%   0.0%   0.0%   0.0%   0.0%   0.0%   0.0%   0.0%   0.0% 	Avg.: 12.0% 
	 13.8%  11.2%   7.5%   0.0%   0.0%   0.0%   0.0%   0.0%   0.0%   0.0% 	Avg.: 10.8% 
	  0.0%   0.0%   0.0%   0.0%   0.0%   0.0%   0.0%   0.0%   0.0%   0.0% 	Avg.:  0.0% 
	  0.0%   0.0%   0.0%   0.0%   0.0%   0.0%   0.0%   0.0%   0.0%   0.0% 	Avg.:  0.0% 
	  0.0%   0.0%   0.0%   0.0%   0.0%   0.0%   0.0%   0.0%   0.0%   0.0% 	Avg.:  0.0% 
	  0.0%   0.0%   0.0%   0.0%   0.0%   0.0%   0.0%   0.0%   0.0%   0.0% 	Avg.:  0.0% 
	  0.0%   0.0%   0.0%   0.0%   0.0%   0.0%   0.0%   0.0%   0.0%   0.0% 	Avg.:  0.0% 
	  0.0%   0.0%   0.0%   0.0%   0.0%   0.0%   0.0%   0.0%   0.0%   0.0% 	Avg.:  0.0% 
************************************************************************************************************
[Elapsed time = 0.8 h]
Done!
