START_TASK=8 STOP_TASK=9 START_EPOCH=51 STOP_EPOCH=70
============================================================================================================
Arguments =
	all_outputs: False
	approach: joint
	batch_size: 64
	classes_first_task: None
	clipping: 10000
	crop: 224
	data_path: ../data/food101
	dataset: food101
	eval_on_train: False
	experiment_path: None
	fix_bn: False
	freeze_backbone: False
	gpu: 0
	gpus: [0]
	increment: 10
	last_layer_analysis: False
	log: ['disk']
	lr: 0.01
	lr_factor: None
	lr_min: 0.0001
	lr_patience: None
	lr_scheduler: cosine
	lr_warmup_epochs: 0
	momentum: 0.0
	multi_softmax: False
	nepochs: 70
	network: resnetv2_101x1_bit.goog_in21k
	no_cudnn_deterministic: False
	normalize: in21k
	num_workers: 2
	optimizer_name: sgd
	pin_memory: False
	pretrained: True
	resize: 224
	results_path: ./results
	save_models: True
	seed: 0
	start_at_task: 8
	start_epoch: 51
	stop_at_task: 9
	stop_epoch: 70
	use_valid_only: False
	warmup_lr_factor: 1.0
	warmup_nepochs: 0
	weight_decay: 0.0
============================================================================================================
Approach arguments =
============================================================================================================
Exemplars arguments =
============================================================================================================
WARNING: ./results/resnetv2_101x1_bit.goog_in21k/food101/joint/10 already exists!
Loaded acc_taw from: ./results/resnetv2_101x1_bit.goog_in21k/food101/joint/10/acc_taw-7.txt
Loaded acc_tag from: ./results/resnetv2_101x1_bit.goog_in21k/food101/joint/10/acc_tag-7.txt
Loaded forg_taw from: ./results/resnetv2_101x1_bit.goog_in21k/food101/joint/10/forg_taw-7.txt
Loaded forg_tag from: ./results/resnetv2_101x1_bit.goog_in21k/food101/joint/10/forg_tag-7.txt
[joint] Loaded accumulated datasets up to task 8 from ./results/resnetv2_101x1_bit.goog_in21k/food101/joint/10/joint_progress
************************************************************************************************************
Task  8  [epochs 51-70]
************************************************************************************************************
[params] total:42,676,890  trainable:42,676,890  tensors:322  trainable_tensors:322
| Epoch  52, time=243.8s | Train: skip eval | Valid: time= 22.2s loss=0.922, TAw acc= 94.4% | lr=1.6e-03
| Epoch  53, time=240.9s | Train: skip eval | Valid: time= 24.0s loss=0.835, TAw acc= 95.1% | * lr=1.5e-03
| Epoch  54, time=247.4s | Train: skip eval | Valid: time= 21.6s loss=0.854, TAw acc= 95.2% | lr=1.3e-03
| Epoch  55, time=231.6s | Train: skip eval | Valid: time= 20.7s loss=0.860, TAw acc= 95.3% | lr=1.2e-03
| Epoch  56, time=221.3s | Train: skip eval | Valid: time= 23.1s loss=0.846, TAw acc= 95.5% | lr=1.0e-03
| Epoch  57, time=238.4s | Train: skip eval | Valid: time= 24.8s loss=0.853, TAw acc= 95.4% | lr=9.2e-04
| Epoch  58, time=223.2s | Train: skip eval | Valid: time= 21.5s loss=0.856, TAw acc= 95.3% | lr=8.0e-04
| Epoch  59, time=234.4s | Train: skip eval | Valid: time= 21.8s loss=0.838, TAw acc= 95.4% | lr=6.9e-04
| Epoch  60, time=230.7s | Train: skip eval | Valid: time= 21.3s loss=0.844, TAw acc= 95.3% | lr=5.9e-04
| Epoch  61, time=229.9s | Train: skip eval | Valid: time= 23.4s loss=0.850, TAw acc= 95.4% | lr=5.0e-04
| Epoch  62, time=232.7s | Train: skip eval | Valid: time= 22.3s loss=0.840, TAw acc= 95.5% | lr=4.2e-04
| Epoch  63, time=235.1s | Train: skip eval | Valid: time= 23.5s loss=0.842, TAw acc= 95.5% | lr=3.4e-04
| Epoch  64, time=235.2s | Train: skip eval | Valid: time= 20.9s loss=0.844, TAw acc= 95.4% | lr=2.8e-04
| Epoch  65, time=235.2s | Train: skip eval | Valid: time= 20.9s loss=0.839, TAw acc= 95.4% | lr=2.2e-04
| Epoch  66, time=227.2s | Train: skip eval | Valid: time= 22.5s loss=0.841, TAw acc= 95.4% | lr=1.8e-04
| Epoch  67, time=235.3s | Train: skip eval | Valid: time= 24.0s loss=0.839, TAw acc= 95.6% | lr=1.4e-04
| Epoch  68, time=238.7s | Train: skip eval | Valid: time= 20.4s loss=0.841, TAw acc= 95.5% | lr=1.2e-04
| Epoch  69, time=230.2s | Train: skip eval | Valid: time= 21.3s loss=0.843, TAw acc= 95.4% | lr=1.0e-04
| Epoch  70, time=241.3s | Train: skip eval | Valid: time= 22.1s loss=0.840, TAw acc= 95.5% | lr=1.0e-04
------------------------------------------------------------------------------------------------------------
>>> Test on task  0 : loss=0.931 | TAw acc= 96.3%, forg=  0.6% | TAg acc= 81.6%, forg= 15.4% <<<
>>> Test on task  1 : loss=0.667 | TAw acc= 98.1%, forg=  0.2% | TAg acc= 85.8%, forg=  9.9% <<<
>>> Test on task  2 : loss=0.687 | TAw acc= 96.9%, forg=  0.5% | TAg acc= 85.1%, forg= 10.2% <<<
>>> Test on task  3 : loss=0.457 | TAw acc= 98.5%, forg=  0.0% | TAg acc= 90.4%, forg=  4.7% <<<
>>> Test on task  4 : loss=0.564 | TAw acc= 96.6%, forg=  0.7% | TAg acc= 87.2%, forg=  5.5% <<<
>>> Test on task  5 : loss=0.471 | TAw acc= 97.0%, forg= -0.1% | TAg acc= 88.1%, forg=  4.9% <<<
>>> Test on task  6 : loss=0.487 | TAw acc= 96.9%, forg= -0.2% | TAg acc= 87.0%, forg=  2.8% <<<
>>> Test on task  7 : loss=0.308 | TAw acc= 97.8%, forg= -0.5% | TAg acc= 91.2%, forg=  1.6% <<<
>>> Test on task  8 : loss=0.374 | TAw acc= 97.1%, forg=  0.0% | TAg acc= 88.2%, forg=  0.0% <<<
Save at ./results/./results/resnetv2_101x1_bit.goog_in21k/food101/joint/10
[joint] Saved accumulated datasets up to task 8 → ./results/resnetv2_101x1_bit.goog_in21k/food101/joint/10/joint_progress
************************************************************************************************************
TAw Acc
	 97.0%   0.0%   0.0%   0.0%   0.0%   0.0%   0.0%   0.0%   0.0%   0.0% 	Avg.: 97.0% 
	 96.5%  97.9%   0.0%   0.0%   0.0%   0.0%   0.0%   0.0%   0.0%   0.0% 	Avg.: 97.2% 
	 96.8%  98.2%  96.8%   0.0%   0.0%   0.0%   0.0%   0.0%   0.0%   0.0% 	Avg.: 97.3% 
	 96.8%  98.1%  97.2%  98.5%   0.0%   0.0%   0.0%   0.0%   0.0%   0.0% 	Avg.: 97.6% 
	 96.7%  98.1%  96.8%  97.8%  97.2%   0.0%   0.0%   0.0%   0.0%   0.0% 	Avg.: 97.3% 
	 96.7%  98.3%  97.2%  98.0%  96.8%  96.9%   0.0%   0.0%   0.0%   0.0% 	Avg.: 97.3% 
	 96.5%  98.1%  97.4%  98.6%  97.0%  96.3%  96.8%   0.0%   0.0%   0.0% 	Avg.: 97.2% 
	 96.5%  98.2%  96.6%  98.1%  97.3%  97.0%  96.8%  97.4%   0.0%   0.0% 	Avg.: 97.2% 
	 96.3%  98.1%  96.9%  98.5%  96.6%  97.0%  96.9%  97.8%  97.1%   0.0% 	Avg.: 97.3% 
	  0.0%   0.0%   0.0%   0.0%   0.0%   0.0%   0.0%   0.0%   0.0%   0.0% 	Avg.:  0.0% 
************************************************************************************************************
TAg Acc
	 97.0%   0.0%   0.0%   0.0%   0.0%   0.0%   0.0%   0.0%   0.0%   0.0% 	Avg.: 97.0% 
	 94.0%  95.8%   0.0%   0.0%   0.0%   0.0%   0.0%   0.0%   0.0%   0.0% 	Avg.: 94.9% 
	 94.0%  94.7%  95.3%   0.0%   0.0%   0.0%   0.0%   0.0%   0.0%   0.0% 	Avg.: 94.7% 
	 93.2%  93.1%  93.7%  95.0%   0.0%   0.0%   0.0%   0.0%   0.0%   0.0% 	Avg.: 93.8% 
	 91.0%  91.3%  91.0%  93.9%  92.7%   0.0%   0.0%   0.0%   0.0%   0.0% 	Avg.: 92.0% 
	 89.1%  90.0%  88.4%  92.0%  90.9%  93.0%   0.0%   0.0%   0.0%   0.0% 	Avg.: 90.6% 
	 87.5%  88.4%  88.2%  90.9%  89.8%  90.0%  89.7%   0.0%   0.0%   0.0% 	Avg.: 89.2% 
	 85.5%  88.3%  86.6%  90.7%  88.8%  89.6%  89.0%  92.7%   0.0%   0.0% 	Avg.: 88.9% 
	 81.6%  85.8%  85.1%  90.4%  87.2%  88.1%  87.0%  91.2%  88.2%   0.0% 	Avg.: 87.2% 
	  0.0%   0.0%   0.0%   0.0%   0.0%   0.0%   0.0%   0.0%   0.0%   0.0% 	Avg.:  0.0% 
************************************************************************************************************
TAw Forg
	  0.0%   0.0%   0.0%   0.0%   0.0%   0.0%   0.0%   0.0%   0.0%   0.0% 
	  0.4%   0.0%   0.0%   0.0%   0.0%   0.0%   0.0%   0.0%   0.0%   0.0% 	Avg.:  0.4% 
	  0.2%  -0.3%   0.0%   0.0%   0.0%   0.0%   0.0%   0.0%   0.0%   0.0% 	Avg.: -0.1% 
	  0.1%   0.1%  -0.4%   0.0%   0.0%   0.0%   0.0%   0.0%   0.0%   0.0% 	Avg.: -0.0% 
	  0.3%   0.1%   0.3%   0.6%   0.0%   0.0%   0.0%   0.0%   0.0%   0.0% 	Avg.:  0.3% 
	  0.3%  -0.1%  -0.1%   0.4%   0.4%   0.0%   0.0%   0.0%   0.0%   0.0% 	Avg.:  0.2% 
	  0.4%   0.2%  -0.2%  -0.1%   0.2%   0.6%   0.0%   0.0%   0.0%   0.0% 	Avg.:  0.2% 
	  0.4%   0.1%   0.8%   0.4%  -0.1%  -0.0%   0.0%   0.0%   0.0%   0.0% 	Avg.:  0.2% 
	  0.6%   0.2%   0.5%   0.0%   0.7%  -0.1%  -0.2%  -0.5%   0.0%   0.0% 	Avg.:  0.2% 
	  0.0%   0.0%   0.0%   0.0%   0.0%   0.0%   0.0%   0.0%   0.0%   0.0% 	Avg.:  0.0% 
************************************************************************************************************
TAg Forg
	  0.0%   0.0%   0.0%   0.0%   0.0%   0.0%   0.0%   0.0%   0.0%   0.0% 
	  3.0%   0.0%   0.0%   0.0%   0.0%   0.0%   0.0%   0.0%   0.0%   0.0% 	Avg.:  3.0% 
	  3.0%   1.0%   0.0%   0.0%   0.0%   0.0%   0.0%   0.0%   0.0%   0.0% 	Avg.:  2.0% 
	  3.8%   2.6%   1.6%   0.0%   0.0%   0.0%   0.0%   0.0%   0.0%   0.0% 	Avg.:  2.7% 
	  5.9%   4.4%   4.3%   1.2%   0.0%   0.0%   0.0%   0.0%   0.0%   0.0% 	Avg.:  4.0% 
	  7.8%   5.7%   6.9%   3.0%   1.8%   0.0%   0.0%   0.0%   0.0%   0.0% 	Avg.:  5.1% 
	  9.5%   7.4%   7.1%   4.1%   2.9%   3.0%   0.0%   0.0%   0.0%   0.0% 	Avg.:  5.7% 
	 11.5%   7.5%   8.8%   4.3%   3.8%   3.4%   0.7%   0.0%   0.0%   0.0% 	Avg.:  5.7% 
	 15.4%   9.9%  10.2%   4.7%   5.5%   4.9%   2.8%   1.6%   0.0%   0.0% 	Avg.:  6.9% 
	  0.0%   0.0%   0.0%   0.0%   0.0%   0.0%   0.0%   0.0%   0.0%   0.0% 	Avg.:  0.0% 
************************************************************************************************************
[Elapsed time = 1.4 h]
Done!
