START_TASK=7 STOP_TASK=8 START_EPOCH=35 STOP_EPOCH=70
============================================================================================================
Arguments =
	all_outputs: False
	approach: joint
	batch_size: 64
	classes_first_task: None
	clipping: 10000
	crop: 224
	data_path: ../data/food101
	dataset: food101
	eval_on_train: False
	experiment_path: None
	fix_bn: False
	freeze_backbone: False
	gpu: 0
	gpus: [0]
	increment: 10
	last_layer_analysis: False
	log: ['disk']
	lr: 0.01
	lr_factor: None
	lr_min: 0.0001
	lr_patience: None
	lr_scheduler: cosine
	lr_warmup_epochs: 0
	momentum: 0.0
	multi_softmax: False
	nepochs: 70
	network: resnetv2_101x1_bit.goog_in21k
	no_cudnn_deterministic: False
	normalize: in21k
	num_workers: 2
	optimizer_name: sgd
	pin_memory: False
	pretrained: True
	resize: 224
	results_path: ./results
	save_models: True
	seed: 0
	start_at_task: 7
	start_epoch: 35
	stop_at_task: 8
	stop_epoch: 70
	use_valid_only: False
	warmup_lr_factor: 1.0
	warmup_nepochs: 0
	weight_decay: 0.0
============================================================================================================
Approach arguments =
============================================================================================================
Exemplars arguments =
============================================================================================================
WARNING: ./results/resnetv2_101x1_bit.goog_in21k/food101/joint/10 already exists!
Loaded acc_taw from: ./results/resnetv2_101x1_bit.goog_in21k/food101/joint/10/acc_taw-6.txt
Loaded acc_tag from: ./results/resnetv2_101x1_bit.goog_in21k/food101/joint/10/acc_tag-6.txt
Loaded forg_taw from: ./results/resnetv2_101x1_bit.goog_in21k/food101/joint/10/forg_taw-6.txt
Loaded forg_tag from: ./results/resnetv2_101x1_bit.goog_in21k/food101/joint/10/forg_tag-6.txt
[joint] Loaded accumulated datasets up to task 7 from ./results/resnetv2_101x1_bit.goog_in21k/food101/joint/10/joint_progress
************************************************************************************************************
Task  7  [epochs 35-70]
************************************************************************************************************
[params] total:42,656,400  trainable:42,656,400  tensors:320  trainable_tensors:320
| Epoch  36, time=216.6s | Train: skip eval | Valid: time= 18.8s loss=0.890, TAw acc= 94.0% | lr=4.8e-03
| Epoch  37, time=214.0s | Train: skip eval | Valid: time= 19.8s loss=0.850, TAw acc= 94.6% | lr=4.6e-03
| Epoch  38, time=208.1s | Train: skip eval | Valid: time= 19.7s loss=0.825, TAw acc= 94.8% | * lr=4.4e-03
| Epoch  39, time=211.6s | Train: skip eval | Valid: time= 19.0s loss=0.843, TAw acc= 94.9% | lr=4.2e-03
| Epoch  40, time=215.1s | Train: skip eval | Valid: time= 19.1s loss=0.827, TAw acc= 94.9% | lr=3.9e-03
| Epoch  41, time=212.6s | Train: skip eval | Valid: time= 19.6s loss=0.823, TAw acc= 94.9% | * lr=3.7e-03
| Epoch  42, time=209.6s | Train: skip eval | Valid: time= 20.1s loss=0.825, TAw acc= 95.0% | lr=3.5e-03
| Epoch  43, time=213.1s | Train: skip eval | Valid: time= 20.3s loss=0.829, TAw acc= 95.0% | lr=3.3e-03
| Epoch  44, time=217.3s | Train: skip eval | Valid: time= 18.3s loss=0.822, TAw acc= 95.0% | * lr=3.1e-03
| Epoch  45, time=206.7s | Train: skip eval | Valid: time= 19.6s loss=0.829, TAw acc= 95.0% | lr=2.9e-03
| Epoch  46, time=218.7s | Train: skip eval | Valid: time= 19.5s loss=0.822, TAw acc= 95.2% | lr=2.7e-03
| Epoch  47, time=200.0s | Train: skip eval | Valid: time= 20.3s loss=0.856, TAw acc= 95.0% | lr=2.5e-03
| Epoch  48, time=214.3s | Train: skip eval | Valid: time= 18.8s loss=0.816, TAw acc= 95.2% | * lr=2.3e-03
| Epoch  49, time=214.5s | Train: skip eval | Valid: time= 19.3s loss=0.817, TAw acc= 95.1% | lr=2.1e-03
| Epoch  50, time=209.4s | Train: skip eval | Valid: time= 19.3s loss=0.826, TAw acc= 95.0% | lr=2.0e-03
| Epoch  51, time=206.7s | Train: skip eval | Valid: time= 20.9s loss=0.800, TAw acc= 95.2% | * lr=1.8e-03
| Epoch  52, time=208.3s | Train: skip eval | Valid: time= 20.5s loss=0.808, TAw acc= 95.0% | lr=1.6e-03
| Epoch  53, time=216.8s | Train: skip eval | Valid: time= 21.6s loss=0.792, TAw acc= 95.2% | * lr=1.5e-03
| Epoch  54, time=216.6s | Train: skip eval | Valid: time= 20.2s loss=0.803, TAw acc= 95.2% | lr=1.3e-03
| Epoch  55, time=209.5s | Train: skip eval | Valid: time= 19.1s loss=0.812, TAw acc= 95.0% | lr=1.2e-03
| Epoch  56, time=217.6s | Train: skip eval | Valid: time= 20.0s loss=0.797, TAw acc= 95.0% | lr=1.0e-03
| Epoch  57, time=208.3s | Train: skip eval | Valid: time= 19.5s loss=0.807, TAw acc= 95.2% | lr=9.2e-04
| Epoch  58, time=218.2s | Train: skip eval | Valid: time= 19.3s loss=0.797, TAw acc= 95.1% | lr=8.0e-04
| Epoch  59, time=204.4s | Train: skip eval | Valid: time= 18.9s loss=0.799, TAw acc= 95.2% | lr=6.9e-04
| Epoch  60, time=207.8s | Train: skip eval | Valid: time= 18.2s loss=0.794, TAw acc= 95.2% | lr=5.9e-04
| Epoch  61, time=216.4s | Train: skip eval | Valid: time= 20.0s loss=0.804, TAw acc= 95.2% | lr=5.0e-04
| Epoch  62, time=206.6s | Train: skip eval | Valid: time= 19.5s loss=0.804, TAw acc= 95.1% | lr=4.2e-04
| Epoch  63, time=214.4s | Train: skip eval | Valid: time= 19.4s loss=0.801, TAw acc= 95.3% | lr=3.4e-04
| Epoch  64, time=213.3s | Train: skip eval | Valid: time= 21.7s loss=0.801, TAw acc= 95.2% | lr=2.8e-04
| Epoch  65, time=226.6s | Train: skip eval | Valid: time= 20.6s loss=0.799, TAw acc= 95.2% | lr=2.2e-04
| Epoch  66, time=205.6s | Train: skip eval | Valid: time= 18.6s loss=0.801, TAw acc= 95.2% | lr=1.8e-04
| Epoch  67, time=206.3s | Train: skip eval | Valid: time= 18.6s loss=0.799, TAw acc= 95.2% | lr=1.4e-04
| Epoch  68, time=203.7s | Train: skip eval | Valid: time= 19.9s loss=0.800, TAw acc= 95.2% | lr=1.2e-04
| Epoch  69, time=218.3s | Train: skip eval | Valid: time= 21.3s loss=0.800, TAw acc= 95.2% | lr=1.0e-04
| Epoch  70, time=215.5s | Train: skip eval | Valid: time= 19.9s loss=0.797, TAw acc= 95.2% | lr=1.0e-04
------------------------------------------------------------------------------------------------------------
>>> Test on task  0 : loss=0.862 | TAw acc= 96.5%, forg=  0.4% | TAg acc= 85.5%, forg= 11.5% <<<
>>> Test on task  1 : loss=0.610 | TAw acc= 98.2%, forg=  0.1% | TAg acc= 88.3%, forg=  7.5% <<<
>>> Test on task  2 : loss=0.652 | TAw acc= 96.6%, forg=  0.8% | TAg acc= 86.6%, forg=  8.8% <<<
>>> Test on task  3 : loss=0.423 | TAw acc= 98.1%, forg=  0.4% | TAg acc= 90.7%, forg=  4.3% <<<
>>> Test on task  4 : loss=0.512 | TAw acc= 97.3%, forg= -0.1% | TAg acc= 88.8%, forg=  3.8% <<<
>>> Test on task  5 : loss=0.412 | TAw acc= 97.0%, forg= -0.0% | TAg acc= 89.6%, forg=  3.4% <<<
>>> Test on task  6 : loss=0.432 | TAw acc= 96.8%, forg=  0.0% | TAg acc= 89.0%, forg=  0.7% <<<
>>> Test on task  7 : loss=0.244 | TAw acc= 97.4%, forg=  0.0% | TAg acc= 92.7%, forg=  0.0% <<<
Save at ./results/./results/resnetv2_101x1_bit.goog_in21k/food101/joint/10
[joint] Saved accumulated datasets up to task 7 → ./results/resnetv2_101x1_bit.goog_in21k/food101/joint/10/joint_progress
************************************************************************************************************
TAw Acc
	 97.0%   0.0%   0.0%   0.0%   0.0%   0.0%   0.0%   0.0%   0.0%   0.0% 	Avg.: 97.0% 
	 96.5%  97.9%   0.0%   0.0%   0.0%   0.0%   0.0%   0.0%   0.0%   0.0% 	Avg.: 97.2% 
	 96.8%  98.2%  96.8%   0.0%   0.0%   0.0%   0.0%   0.0%   0.0%   0.0% 	Avg.: 97.3% 
	 96.8%  98.1%  97.2%  98.5%   0.0%   0.0%   0.0%   0.0%   0.0%   0.0% 	Avg.: 97.6% 
	 96.7%  98.1%  96.8%  97.8%  97.2%   0.0%   0.0%   0.0%   0.0%   0.0% 	Avg.: 97.3% 
	 96.7%  98.3%  97.2%  98.0%  96.8%  96.9%   0.0%   0.0%   0.0%   0.0% 	Avg.: 97.3% 
	 96.5%  98.1%  97.4%  98.6%  97.0%  96.3%  96.8%   0.0%   0.0%   0.0% 	Avg.: 97.2% 
	 96.5%  98.2%  96.6%  98.1%  97.3%  97.0%  96.8%  97.4%   0.0%   0.0% 	Avg.: 97.2% 
	  0.0%   0.0%   0.0%   0.0%   0.0%   0.0%   0.0%   0.0%   0.0%   0.0% 	Avg.:  0.0% 
	  0.0%   0.0%   0.0%   0.0%   0.0%   0.0%   0.0%   0.0%   0.0%   0.0% 	Avg.:  0.0% 
************************************************************************************************************
TAg Acc
	 97.0%   0.0%   0.0%   0.0%   0.0%   0.0%   0.0%   0.0%   0.0%   0.0% 	Avg.: 97.0% 
	 94.0%  95.8%   0.0%   0.0%   0.0%   0.0%   0.0%   0.0%   0.0%   0.0% 	Avg.: 94.9% 
	 94.0%  94.7%  95.3%   0.0%   0.0%   0.0%   0.0%   0.0%   0.0%   0.0% 	Avg.: 94.7% 
	 93.2%  93.1%  93.7%  95.0%   0.0%   0.0%   0.0%   0.0%   0.0%   0.0% 	Avg.: 93.8% 
	 91.0%  91.3%  91.0%  93.9%  92.7%   0.0%   0.0%   0.0%   0.0%   0.0% 	Avg.: 92.0% 
	 89.1%  90.0%  88.4%  92.0%  90.9%  93.0%   0.0%   0.0%   0.0%   0.0% 	Avg.: 90.6% 
	 87.5%  88.4%  88.2%  90.9%  89.8%  90.0%  89.7%   0.0%   0.0%   0.0% 	Avg.: 89.2% 
	 85.5%  88.3%  86.6%  90.7%  88.8%  89.6%  89.0%  92.7%   0.0%   0.0% 	Avg.: 88.9% 
	  0.0%   0.0%   0.0%   0.0%   0.0%   0.0%   0.0%   0.0%   0.0%   0.0% 	Avg.:  0.0% 
	  0.0%   0.0%   0.0%   0.0%   0.0%   0.0%   0.0%   0.0%   0.0%   0.0% 	Avg.:  0.0% 
************************************************************************************************************
TAw Forg
	  0.0%   0.0%   0.0%   0.0%   0.0%   0.0%   0.0%   0.0%   0.0%   0.0% 
	  0.4%   0.0%   0.0%   0.0%   0.0%   0.0%   0.0%   0.0%   0.0%   0.0% 	Avg.:  0.4% 
	  0.2%  -0.3%   0.0%   0.0%   0.0%   0.0%   0.0%   0.0%   0.0%   0.0% 	Avg.: -0.1% 
	  0.1%   0.1%  -0.4%   0.0%   0.0%   0.0%   0.0%   0.0%   0.0%   0.0% 	Avg.: -0.0% 
	  0.3%   0.1%   0.3%   0.6%   0.0%   0.0%   0.0%   0.0%   0.0%   0.0% 	Avg.:  0.3% 
	  0.3%  -0.1%  -0.1%   0.4%   0.4%   0.0%   0.0%   0.0%   0.0%   0.0% 	Avg.:  0.2% 
	  0.4%   0.2%  -0.2%  -0.1%   0.2%   0.6%   0.0%   0.0%   0.0%   0.0% 	Avg.:  0.2% 
	  0.4%   0.1%   0.8%   0.4%  -0.1%  -0.0%   0.0%   0.0%   0.0%   0.0% 	Avg.:  0.2% 
	  0.0%   0.0%   0.0%   0.0%   0.0%   0.0%   0.0%   0.0%   0.0%   0.0% 	Avg.:  0.0% 
	  0.0%   0.0%   0.0%   0.0%   0.0%   0.0%   0.0%   0.0%   0.0%   0.0% 	Avg.:  0.0% 
************************************************************************************************************
TAg Forg
	  0.0%   0.0%   0.0%   0.0%   0.0%   0.0%   0.0%   0.0%   0.0%   0.0% 
	  3.0%   0.0%   0.0%   0.0%   0.0%   0.0%   0.0%   0.0%   0.0%   0.0% 	Avg.:  3.0% 
	  3.0%   1.0%   0.0%   0.0%   0.0%   0.0%   0.0%   0.0%   0.0%   0.0% 	Avg.:  2.0% 
	  3.8%   2.6%   1.6%   0.0%   0.0%   0.0%   0.0%   0.0%   0.0%   0.0% 	Avg.:  2.7% 
	  5.9%   4.4%   4.3%   1.2%   0.0%   0.0%   0.0%   0.0%   0.0%   0.0% 	Avg.:  4.0% 
	  7.8%   5.7%   6.9%   3.0%   1.8%   0.0%   0.0%   0.0%   0.0%   0.0% 	Avg.:  5.1% 
	  9.5%   7.4%   7.1%   4.1%   2.9%   3.0%   0.0%   0.0%   0.0%   0.0% 	Avg.:  5.7% 
	 11.5%   7.5%   8.8%   4.3%   3.8%   3.4%   0.7%   0.0%   0.0%   0.0% 	Avg.:  5.7% 
	  0.0%   0.0%   0.0%   0.0%   0.0%   0.0%   0.0%   0.0%   0.0%   0.0% 	Avg.:  0.0% 
	  0.0%   0.0%   0.0%   0.0%   0.0%   0.0%   0.0%   0.0%   0.0%   0.0% 	Avg.:  0.0% 
************************************************************************************************************
[Elapsed time = 2.3 h]
Done!
