START_TASK=8 STOP_TASK=9
============================================================================================================
Arguments =
	approach: finetuning
	batch_size: 64
	classes_first_task: None
	clipping: 10000
	crop: 224
	data_path: ../data/food101
	dataset: food101
	eval_on_train: False
	experiment_path: None
	fix_bn: False
	freeze_backbone: False
	gpu: 0
	gpus: [0]
	increment: 10
	last_layer_analysis: True
	log: ['disk']
	lr: 0.01
	lr_factor: None
	lr_min: 0.0001
	lr_patience: None
	lr_scheduler: cosine
	lr_warmup_epochs: 0
	momentum: 0.0
	multi_softmax: False
	nepochs: 70
	network: vit_base_patch16_224.orig_in21k
	no_cudnn_deterministic: False
	normalize: in21k
	num_workers: 2
	optimizer_name: sgd
	pin_memory: False
	pretrained: True
	resize: 224
	results_path: ./results
	save_models: True
	seed: 0
	start_at_task: 8
	start_epoch: 0
	stop_at_task: 9
	stop_epoch: 0
	use_valid_only: False
	warmup_lr_factor: 1.0
	warmup_nepochs: 0
	weight_decay: 0.0
============================================================================================================
Approach arguments =
	all_outputs: False
============================================================================================================
Exemplars arguments =
============================================================================================================
WARNING: ./results/vit_base_patch16_224.orig_in21k/food101/finetuning/10 already exists!
Loaded acc_taw from: ./results/vit_base_patch16_224.orig_in21k/food101/finetuning/10/acc_taw-7.txt
Loaded acc_tag from: ./results/vit_base_patch16_224.orig_in21k/food101/finetuning/10/acc_tag-7.txt
Loaded forg_taw from: ./results/vit_base_patch16_224.orig_in21k/food101/finetuning/10/forg_taw-7.txt
Loaded forg_tag from: ./results/vit_base_patch16_224.orig_in21k/food101/finetuning/10/forg_tag-7.txt
************************************************************************************************************
Task  8  [epochs 0-70]
************************************************************************************************************
[params] total:85,867,866  trainable:85,867,866  tensors:168  trainable_tensors:168
| Epoch   1, time= 48.9s | Train: skip eval | Valid: time=  2.8s loss=0.418, TAw acc= 93.5% | * lr=1.0e-02
| Epoch   2, time= 48.6s | Train: skip eval | Valid: time=  3.3s loss=0.233, TAw acc= 94.8% | * lr=1.0e-02
| Epoch   3, time= 49.0s | Train: skip eval | Valid: time=  3.1s loss=0.169, TAw acc= 96.1% | * lr=1.0e-02
| Epoch   4, time= 49.1s | Train: skip eval | Valid: time=  2.8s loss=0.145, TAw acc= 96.3% | * lr=9.9e-03
| Epoch   5, time= 49.2s | Train: skip eval | Valid: time=  2.9s loss=0.135, TAw acc= 96.1% | * lr=9.9e-03
| Epoch   6, time= 49.4s | Train: skip eval | Valid: time=  3.4s loss=0.110, TAw acc= 96.9% | * lr=9.8e-03
| Epoch   7, time= 49.4s | Train: skip eval | Valid: time=  2.8s loss=0.108, TAw acc= 96.8% | * lr=9.8e-03
| Epoch   8, time= 49.7s | Train: skip eval | Valid: time=  2.8s loss=0.103, TAw acc= 96.9% | * lr=9.7e-03
| Epoch   9, time= 49.6s | Train: skip eval | Valid: time=  3.5s loss=0.097, TAw acc= 97.2% | * lr=9.6e-03
| Epoch  10, time= 49.8s | Train: skip eval | Valid: time=  2.8s loss=0.097, TAw acc= 96.9% | * lr=9.5e-03
| Epoch  11, time= 49.7s | Train: skip eval | Valid: time=  2.8s loss=0.100, TAw acc= 96.7% | lr=9.4e-03
| Epoch  12, time= 49.6s | Train: skip eval | Valid: time=  3.3s loss=0.091, TAw acc= 96.9% | * lr=9.3e-03
| Epoch  13, time= 49.5s | Train: skip eval | Valid: time=  3.6s loss=0.095, TAw acc= 97.1% | lr=9.2e-03
| Epoch  14, time= 49.3s | Train: skip eval | Valid: time=  2.9s loss=0.098, TAw acc= 96.8% | lr=9.1e-03
| Epoch  15, time= 49.5s | Train: skip eval | Valid: time=  3.0s loss=0.089, TAw acc= 97.2% | * lr=8.9e-03
| Epoch  16, time= 49.8s | Train: skip eval | Valid: time=  3.1s loss=0.083, TAw acc= 97.5% | * lr=8.8e-03
| Epoch  17, time= 49.7s | Train: skip eval | Valid: time=  3.1s loss=0.089, TAw acc= 97.1% | lr=8.6e-03
| Epoch  18, time= 49.6s | Train: skip eval | Valid: time=  3.0s loss=0.088, TAw acc= 97.5% | lr=8.5e-03
| Epoch  19, time= 49.6s | Train: skip eval | Valid: time=  3.4s loss=0.088, TAw acc= 97.2% | lr=8.3e-03
| Epoch  20, time= 49.7s | Train: skip eval | Valid: time=  2.8s loss=0.081, TAw acc= 96.9% | * lr=8.1e-03
| Epoch  21, time= 49.5s | Train: skip eval | Valid: time=  3.4s loss=0.081, TAw acc= 97.5% | * lr=8.0e-03
| Epoch  22, time= 49.6s | Train: skip eval | Valid: time=  3.3s loss=0.087, TAw acc= 96.9% | lr=7.8e-03
| Epoch  23, time= 49.3s | Train: skip eval | Valid: time=  3.0s loss=0.094, TAw acc= 96.9% | lr=7.6e-03
| Epoch  24, time= 49.4s | Train: skip eval | Valid: time=  2.9s loss=0.083, TAw acc= 97.5% | lr=7.4e-03
| Epoch  25, time= 49.4s | Train: skip eval | Valid: time=  3.2s loss=0.076, TAw acc= 97.6% | * lr=7.2e-03
| Epoch  26, time= 49.6s | Train: skip eval | Valid: time=  2.9s loss=0.077, TAw acc= 97.6% | lr=7.0e-03
| Epoch  27, time= 49.4s | Train: skip eval | Valid: time=  3.3s loss=0.081, TAw acc= 97.6% | lr=6.8e-03
| Epoch  28, time= 49.3s | Train: skip eval | Valid: time=  3.0s loss=0.078, TAw acc= 97.5% | lr=6.6e-03
| Epoch  29, time= 49.2s | Train: skip eval | Valid: time=  2.9s loss=0.078, TAw acc= 97.3% | lr=6.4e-03
| Epoch  30, time= 49.2s | Train: skip eval | Valid: time=  3.0s loss=0.077, TAw acc= 97.2% | lr=6.2e-03
| Epoch  31, time= 49.3s | Train: skip eval | Valid: time=  2.7s loss=0.082, TAw acc= 97.2% | lr=5.9e-03
| Epoch  32, time= 49.5s | Train: skip eval | Valid: time=  2.7s loss=0.081, TAw acc= 97.3% | lr=5.7e-03
| Epoch  33, time= 49.6s | Train: skip eval | Valid: time=  3.0s loss=0.079, TAw acc= 97.3% | lr=5.5e-03
| Epoch  34, time= 49.6s | Train: skip eval | Valid: time=  2.9s loss=0.080, TAw acc= 97.2% | lr=5.3e-03
| Epoch  35, time= 49.5s | Train: skip eval | Valid: time=  3.4s loss=0.085, TAw acc= 97.2% | lr=5.1e-03
| Epoch  36, time= 49.5s | Train: skip eval | Valid: time=  3.2s loss=0.078, TAw acc= 97.2% | lr=4.8e-03
| Epoch  37, time= 49.6s | Train: skip eval | Valid: time=  3.0s loss=0.076, TAw acc= 97.3% | lr=4.6e-03
| Epoch  38, time= 49.7s | Train: skip eval | Valid: time=  3.5s loss=0.096, TAw acc= 96.8% | lr=4.4e-03
| Epoch  39, time= 49.8s | Train: skip eval | Valid: time=  3.2s loss=0.086, TAw acc= 96.8% | lr=4.2e-03
| Epoch  40, time= 49.8s | Train: skip eval | Valid: time=  3.0s loss=0.084, TAw acc= 96.8% | lr=3.9e-03
| Epoch  41, time= 49.8s | Train: skip eval | Valid: time=  3.0s loss=0.082, TAw acc= 96.8% | lr=3.7e-03
| Epoch  42, time= 49.8s | Train: skip eval | Valid: time=  3.5s loss=0.078, TAw acc= 96.9% | lr=3.5e-03
| Epoch  43, time= 49.3s | Train: skip eval | Valid: time=  3.1s loss=0.078, TAw acc= 96.9% | lr=3.3e-03
| Epoch  44, time= 49.5s | Train: skip eval | Valid: time=  3.2s loss=0.077, TAw acc= 97.3% | lr=3.1e-03
| Epoch  45, time= 49.5s | Train: skip eval | Valid: time=  2.9s loss=0.077, TAw acc= 97.2% | lr=2.9e-03
| Epoch  46, time= 49.5s | Train: skip eval | Valid: time=  2.9s loss=0.079, TAw acc= 97.2% | lr=2.7e-03
| Epoch  47, time= 49.7s | Train: skip eval | Valid: time=  2.9s loss=0.079, TAw acc= 96.9% | lr=2.5e-03
| Epoch  48, time= 49.9s | Train: skip eval | Valid: time=  3.4s loss=0.077, TAw acc= 96.9% | lr=2.3e-03
| Epoch  49, time= 49.6s | Train: skip eval | Valid: time=  3.2s loss=0.074, TAw acc= 97.2% | * lr=2.1e-03
| Epoch  50, time= 49.5s | Train: skip eval | Valid: time=  3.1s loss=0.075, TAw acc= 97.3% | lr=2.0e-03
| Epoch  51, time= 49.5s | Train: skip eval | Valid: time=  2.8s loss=0.076, TAw acc= 96.8% | lr=1.8e-03
| Epoch  52, time= 49.7s | Train: skip eval | Valid: time=  2.9s loss=0.073, TAw acc= 97.2% | * lr=1.6e-03
| Epoch  53, time= 49.9s | Train: skip eval | Valid: time=  3.3s loss=0.071, TAw acc= 97.2% | * lr=1.5e-03
| Epoch  54, time= 49.6s | Train: skip eval | Valid: time=  3.1s loss=0.073, TAw acc= 97.3% | lr=1.3e-03
| Epoch  55, time= 49.7s | Train: skip eval | Valid: time=  3.0s loss=0.073, TAw acc= 97.5% | lr=1.2e-03
| Epoch  56, time= 49.8s | Train: skip eval | Valid: time=  2.9s loss=0.074, TAw acc= 97.5% | lr=1.0e-03
| Epoch  57, time= 49.8s | Train: skip eval | Valid: time=  3.3s loss=0.074, TAw acc= 97.2% | lr=9.2e-04
| Epoch  58, time= 49.6s | Train: skip eval | Valid: time=  3.4s loss=0.074, TAw acc= 97.5% | lr=8.0e-04
| Epoch  59, time= 49.6s | Train: skip eval | Valid: time=  3.3s loss=0.072, TAw acc= 97.1% | lr=6.9e-04
| Epoch  60, time= 49.6s | Train: skip eval | Valid: time=  2.8s loss=0.071, TAw acc= 97.3% | lr=5.9e-04
| Epoch  61, time= 49.4s | Train: skip eval | Valid: time=  3.1s loss=0.071, TAw acc= 97.3% | lr=5.0e-04
| Epoch  62, time= 49.4s | Train: skip eval | Valid: time=  3.1s loss=0.072, TAw acc= 97.2% | lr=4.2e-04
| Epoch  63, time= 49.5s | Train: skip eval | Valid: time=  3.2s loss=0.073, TAw acc= 97.2% | lr=3.4e-04
| Epoch  64, time= 49.6s | Train: skip eval | Valid: time=  2.8s loss=0.072, TAw acc= 97.2% | lr=2.8e-04
| Epoch  65, time= 49.6s | Train: skip eval | Valid: time=  3.4s loss=0.073, TAw acc= 97.1% | lr=2.2e-04
| Epoch  66, time= 49.6s | Train: skip eval | Valid: time=  3.1s loss=0.073, TAw acc= 97.2% | lr=1.8e-04
| Epoch  67, time= 49.8s | Train: skip eval | Valid: time=  3.1s loss=0.073, TAw acc= 97.2% | lr=1.4e-04
| Epoch  68, time= 49.8s | Train: skip eval | Valid: time=  3.4s loss=0.073, TAw acc= 97.2% | lr=1.2e-04
| Epoch  69, time= 50.0s | Train: skip eval | Valid: time=  3.3s loss=0.073, TAw acc= 97.2% | lr=1.0e-04
| Epoch  70, time= 49.7s | Train: skip eval | Valid: time=  3.4s loss=0.072, TAw acc= 97.3% | lr=1.0e-04
------------------------------------------------------------------------------------------------------------
>>> Test on task  0 : loss=0.478 | TAw acc= 83.9%, forg= 13.2% | TAg acc= 66.0%, forg= 31.2% <<<
>>> Test on task  1 : loss=0.418 | TAw acc= 86.8%, forg= 12.0% | TAg acc= 66.4%, forg= 30.7% <<<
>>> Test on task  2 : loss=0.501 | TAw acc= 83.0%, forg= 14.7% | TAg acc= 53.5%, forg= 42.6% <<<
>>> Test on task  3 : loss=0.378 | TAw acc= 89.0%, forg=  9.6% | TAg acc= 64.0%, forg= 23.2% <<<
>>> Test on task  4 : loss=0.364 | TAw acc= 88.4%, forg=  9.7% | TAg acc= 43.8%, forg= 44.0% <<<
>>> Test on task  5 : loss=0.492 | TAw acc= 85.5%, forg= 12.3% | TAg acc= 54.4%, forg= 32.2% <<<
>>> Test on task  6 : loss=0.328 | TAw acc= 90.0%, forg=  7.7% | TAg acc= 45.3%, forg= 27.8% <<<
>>> Test on task  7 : loss=0.312 | TAw acc= 89.8%, forg=  8.2% | TAg acc= 38.9%, forg= 18.8% <<<
>>> Test on task  8 : loss=0.065 | TAw acc= 98.1%, forg=  0.0% | TAg acc= 74.7%, forg=  0.0% <<<
Save at ./results/./results/vit_base_patch16_224.orig_in21k/food101/finetuning/10
************************************************************************************************************
TAw Acc
	 97.1%   0.0%   0.0%   0.0%   0.0%   0.0%   0.0%   0.0%   0.0%   0.0% 	Avg.: 97.1% 
	 93.8%  98.8%   0.0%   0.0%   0.0%   0.0%   0.0%   0.0%   0.0%   0.0% 	Avg.: 96.3% 
	 90.0%  94.7%  97.7%   0.0%   0.0%   0.0%   0.0%   0.0%   0.0%   0.0% 	Avg.: 94.2% 
	 90.8%  92.8%  95.7%  98.6%   0.0%   0.0%   0.0%   0.0%   0.0%   0.0% 	Avg.: 94.5% 
	 92.2%  93.6%  88.0%  95.0%  98.1%   0.0%   0.0%   0.0%   0.0%   0.0% 	Avg.: 93.4% 
	 92.8%  91.9%  85.3%  92.6%  92.6%  97.8%   0.0%   0.0%   0.0%   0.0% 	Avg.: 92.2% 
	 90.2%  91.3%  86.2%  91.5%  92.0%  95.0%  97.8%   0.0%   0.0%   0.0% 	Avg.: 92.0% 
	 92.5%  93.0%  89.1%  93.0%  89.7%  94.1%  95.4%  98.1%   0.0%   0.0% 	Avg.: 93.1% 
	 83.9%  86.8%  83.0%  89.0%  88.4%  85.5%  90.0%  89.8%  98.1%   0.0% 	Avg.: 88.3% 
	  0.0%   0.0%   0.0%   0.0%   0.0%   0.0%   0.0%   0.0%   0.0%   0.0% 	Avg.:  0.0% 
************************************************************************************************************
TAg Acc
	 97.1%   0.0%   0.0%   0.0%   0.0%   0.0%   0.0%   0.0%   0.0%   0.0% 	Avg.: 97.1% 
	 86.2%  97.1%   0.0%   0.0%   0.0%   0.0%   0.0%   0.0%   0.0%   0.0% 	Avg.: 91.7% 
	 72.9%  83.4%  96.1%   0.0%   0.0%   0.0%   0.0%   0.0%   0.0%   0.0% 	Avg.: 84.1% 
	 70.7%  78.5%  82.5%  87.3%   0.0%   0.0%   0.0%   0.0%   0.0%   0.0% 	Avg.: 79.7% 
	 66.8%  78.5%  63.4%  79.3%  87.8%   0.0%   0.0%   0.0%   0.0%   0.0% 	Avg.: 75.2% 
	 65.1%  74.7%  57.9%  74.8%  64.0%  86.6%   0.0%   0.0%   0.0%   0.0% 	Avg.: 70.5% 
	 70.2%  71.2%  55.8%  68.7%  56.2%  74.1%  73.2%   0.0%   0.0%   0.0% 	Avg.: 67.1% 
	 79.1%  75.5%  59.5%  75.6%  53.4%  66.6%  58.6%  57.7%   0.0%   0.0% 	Avg.: 65.8% 
	 66.0%  66.4%  53.5%  64.0%  43.8%  54.4%  45.3%  38.9%  74.7%   0.0% 	Avg.: 56.3% 
	  0.0%   0.0%   0.0%   0.0%   0.0%   0.0%   0.0%   0.0%   0.0%   0.0% 	Avg.:  0.0% 
************************************************************************************************************
TAw Forg
	  0.0%   0.0%   0.0%   0.0%   0.0%   0.0%   0.0%   0.0%   0.0%   0.0% 
	  3.4%   0.0%   0.0%   0.0%   0.0%   0.0%   0.0%   0.0%   0.0%   0.0% 	Avg.:  3.4% 
	  7.1%   4.0%   0.0%   0.0%   0.0%   0.0%   0.0%   0.0%   0.0%   0.0% 	Avg.:  5.6% 
	  6.3%   6.0%   2.0%   0.0%   0.0%   0.0%   0.0%   0.0%   0.0%   0.0% 	Avg.:  4.8% 
	  4.9%   5.2%   9.7%   3.5%   0.0%   0.0%   0.0%   0.0%   0.0%   0.0% 	Avg.:  5.8% 
	  4.3%   6.8%  12.4%   6.0%   5.6%   0.0%   0.0%   0.0%   0.0%   0.0% 	Avg.:  7.0% 
	  6.9%   7.4%  11.5%   7.0%   6.1%   2.7%   0.0%   0.0%   0.0%   0.0% 	Avg.:  6.9% 
	  4.6%   5.8%   8.6%   5.6%   8.4%   3.7%   2.4%   0.0%   0.0%   0.0% 	Avg.:  5.6% 
	 13.2%  12.0%  14.7%   9.6%   9.7%  12.3%   7.7%   8.2%   0.0%   0.0% 	Avg.: 10.9% 
	  0.0%   0.0%   0.0%   0.0%   0.0%   0.0%   0.0%   0.0%   0.0%   0.0% 	Avg.:  0.0% 
************************************************************************************************************
TAg Forg
	  0.0%   0.0%   0.0%   0.0%   0.0%   0.0%   0.0%   0.0%   0.0%   0.0% 
	 10.9%   0.0%   0.0%   0.0%   0.0%   0.0%   0.0%   0.0%   0.0%   0.0% 	Avg.: 10.9% 
	 24.2%  13.7%   0.0%   0.0%   0.0%   0.0%   0.0%   0.0%   0.0%   0.0% 	Avg.: 19.0% 
	 26.4%  18.6%  13.6%   0.0%   0.0%   0.0%   0.0%   0.0%   0.0%   0.0% 	Avg.: 19.5% 
	 30.4%  18.6%  32.6%   8.0%   0.0%   0.0%   0.0%   0.0%   0.0%   0.0% 	Avg.: 22.4% 
	 32.0%  22.4%  38.2%  12.5%  23.8%   0.0%   0.0%   0.0%   0.0%   0.0% 	Avg.: 25.8% 
	 26.9%  25.8%  40.2%  18.6%  31.6%  12.5%   0.0%   0.0%   0.0%   0.0% 	Avg.: 25.9% 
	 18.0%  21.6%  36.6%  11.6%  34.4%  19.9%  14.6%   0.0%   0.0%   0.0% 	Avg.: 22.4% 
	 31.2%  30.7%  42.6%  23.2%  44.0%  32.2%  27.8%  18.8%   0.0%   0.0% 	Avg.: 31.3% 
	  0.0%   0.0%   0.0%   0.0%   0.0%   0.0%   0.0%   0.0%   0.0%   0.0% 	Avg.:  0.0% 
************************************************************************************************************
[Elapsed time = 1.0 h]
Done!
