START_TASK=3 STOP_TASK=4
============================================================================================================
Arguments =
	approach: finetuning
	batch_size: 64
	classes_first_task: None
	clipping: 10000
	crop: 224
	data_path: ../data/food101
	dataset: food101
	eval_on_train: False
	experiment_path: None
	fix_bn: False
	freeze_backbone: False
	gpu: 0
	gpus: [0]
	increment: 10
	last_layer_analysis: True
	log: ['disk']
	lr: 0.01
	lr_factor: None
	lr_min: 0.0001
	lr_patience: None
	lr_scheduler: cosine
	lr_warmup_epochs: 0
	momentum: 0.0
	multi_softmax: False
	nepochs: 70
	network: vit_base_patch16_224.orig_in21k
	no_cudnn_deterministic: False
	normalize: in21k
	num_workers: 2
	optimizer_name: sgd
	pin_memory: False
	pretrained: True
	resize: 224
	results_path: ./results
	save_models: True
	seed: 0
	start_at_task: 3
	start_epoch: 0
	stop_at_task: 4
	stop_epoch: 0
	use_valid_only: False
	warmup_lr_factor: 1.0
	warmup_nepochs: 0
	weight_decay: 0.0
============================================================================================================
Approach arguments =
	all_outputs: False
============================================================================================================
Exemplars arguments =
============================================================================================================
WARNING: ./results/vit_base_patch16_224.orig_in21k/food101/finetuning/10 already exists!
Loaded acc_taw from: ./results/vit_base_patch16_224.orig_in21k/food101/finetuning/10/acc_taw-2.txt
Loaded acc_tag from: ./results/vit_base_patch16_224.orig_in21k/food101/finetuning/10/acc_tag-2.txt
Loaded forg_taw from: ./results/vit_base_patch16_224.orig_in21k/food101/finetuning/10/forg_taw-2.txt
Loaded forg_tag from: ./results/vit_base_patch16_224.orig_in21k/food101/finetuning/10/forg_tag-2.txt
************************************************************************************************************
Task  3  [epochs 0-70]
************************************************************************************************************
[params] total:85,829,416  trainable:85,829,416  tensors:158  trainable_tensors:158
| Epoch   1, time= 49.2s | Train: skip eval | Valid: time=  3.1s loss=0.660, TAw acc= 92.4% | * lr=1.0e-02
| Epoch   2, time= 49.0s | Train: skip eval | Valid: time=  3.3s loss=0.322, TAw acc= 94.3% | * lr=1.0e-02
| Epoch   3, time= 49.1s | Train: skip eval | Valid: time=  2.9s loss=0.222, TAw acc= 95.3% | * lr=1.0e-02
| Epoch   4, time= 49.2s | Train: skip eval | Valid: time=  3.6s loss=0.179, TAw acc= 95.6% | * lr=9.9e-03
| Epoch   5, time= 49.4s | Train: skip eval | Valid: time=  2.8s loss=0.156, TAw acc= 95.7% | * lr=9.9e-03
| Epoch   6, time= 49.4s | Train: skip eval | Valid: time=  2.9s loss=0.141, TAw acc= 96.3% | * lr=9.8e-03
| Epoch   7, time= 49.4s | Train: skip eval | Valid: time=  3.0s loss=0.129, TAw acc= 96.7% | * lr=9.8e-03
| Epoch   8, time= 49.7s | Train: skip eval | Valid: time=  3.4s loss=0.132, TAw acc= 96.1% | lr=9.7e-03
| Epoch   9, time= 49.5s | Train: skip eval | Valid: time=  3.4s loss=0.116, TAw acc= 96.9% | * lr=9.6e-03
| Epoch  10, time= 49.4s | Train: skip eval | Valid: time=  3.2s loss=0.117, TAw acc= 96.9% | lr=9.5e-03
| Epoch  11, time= 49.4s | Train: skip eval | Valid: time=  3.4s loss=0.111, TAw acc= 96.7% | * lr=9.4e-03
| Epoch  12, time= 49.3s | Train: skip eval | Valid: time=  3.0s loss=0.115, TAw acc= 96.8% | lr=9.3e-03
| Epoch  13, time= 49.2s | Train: skip eval | Valid: time=  3.2s loss=0.124, TAw acc= 96.1% | lr=9.2e-03
| Epoch  14, time= 49.4s | Train: skip eval | Valid: time=  3.5s loss=0.109, TAw acc= 96.7% | * lr=9.1e-03
| Epoch  15, time= 49.5s | Train: skip eval | Valid: time=  3.5s loss=0.103, TAw acc= 96.7% | * lr=8.9e-03
| Epoch  16, time= 49.6s | Train: skip eval | Valid: time=  2.9s loss=0.107, TAw acc= 97.1% | lr=8.8e-03
| Epoch  17, time= 49.3s | Train: skip eval | Valid: time=  3.1s loss=0.101, TAw acc= 96.9% | * lr=8.6e-03
| Epoch  18, time= 49.3s | Train: skip eval | Valid: time=  3.0s loss=0.102, TAw acc= 97.1% | lr=8.5e-03
| Epoch  19, time= 49.2s | Train: skip eval | Valid: time=  3.1s loss=0.097, TAw acc= 96.9% | * lr=8.3e-03
| Epoch  20, time= 49.3s | Train: skip eval | Valid: time=  3.0s loss=0.097, TAw acc= 97.1% | lr=8.1e-03
| Epoch  21, time= 49.5s | Train: skip eval | Valid: time=  3.4s loss=0.104, TAw acc= 96.7% | lr=8.0e-03
| Epoch  22, time= 49.8s | Train: skip eval | Valid: time=  2.9s loss=0.094, TAw acc= 97.1% | * lr=7.8e-03
| Epoch  23, time= 49.6s | Train: skip eval | Valid: time=  3.2s loss=0.096, TAw acc= 97.1% | lr=7.6e-03
| Epoch  24, time= 49.5s | Train: skip eval | Valid: time=  3.4s loss=0.099, TAw acc= 97.1% | lr=7.4e-03
| Epoch  25, time= 49.5s | Train: skip eval | Valid: time=  3.2s loss=0.109, TAw acc= 96.7% | lr=7.2e-03
| Epoch  26, time= 49.6s | Train: skip eval | Valid: time=  2.8s loss=0.099, TAw acc= 96.8% | lr=7.0e-03
| Epoch  27, time= 49.6s | Train: skip eval | Valid: time=  3.4s loss=0.097, TAw acc= 97.1% | lr=6.8e-03
| Epoch  28, time= 49.7s | Train: skip eval | Valid: time=  3.4s loss=0.104, TAw acc= 96.8% | lr=6.6e-03
| Epoch  29, time= 49.7s | Train: skip eval | Valid: time=  3.3s loss=0.102, TAw acc= 96.8% | lr=6.4e-03
| Epoch  30, time= 49.8s | Train: skip eval | Valid: time=  2.9s loss=0.104, TAw acc= 96.8% | lr=6.2e-03
| Epoch  31, time= 49.8s | Train: skip eval | Valid: time=  3.4s loss=0.096, TAw acc= 96.7% | lr=5.9e-03
| Epoch  32, time= 49.7s | Train: skip eval | Valid: time=  2.8s loss=0.093, TAw acc= 96.7% | * lr=5.7e-03
| Epoch  33, time= 49.6s | Train: skip eval | Valid: time=  2.9s loss=0.093, TAw acc= 97.1% | lr=5.5e-03
| Epoch  34, time= 49.6s | Train: skip eval | Valid: time=  2.8s loss=0.093, TAw acc= 97.2% | * lr=5.3e-03
| Epoch  35, time= 50.1s | Train: skip eval | Valid: time=  3.2s loss=0.095, TAw acc= 97.5% | lr=5.1e-03
| Epoch  36, time= 49.7s | Train: skip eval | Valid: time=  3.3s loss=0.092, TAw acc= 97.3% | * lr=4.8e-03
| Epoch  37, time= 50.5s | Train: skip eval | Valid: time=  3.6s loss=0.102, TAw acc= 96.9% | lr=4.6e-03
| Epoch  38, time= 49.5s | Train: skip eval | Valid: time=  3.6s loss=0.091, TAw acc= 97.2% | * lr=4.4e-03
| Epoch  39, time= 49.6s | Train: skip eval | Valid: time=  3.6s loss=0.099, TAw acc= 97.1% | lr=4.2e-03
| Epoch  40, time= 49.6s | Train: skip eval | Valid: time=  2.8s loss=0.104, TAw acc= 96.7% | lr=3.9e-03
| Epoch  41, time= 49.7s | Train: skip eval | Valid: time=  2.9s loss=0.095, TAw acc= 97.3% | lr=3.7e-03
| Epoch  42, time= 49.7s | Train: skip eval | Valid: time=  2.9s loss=0.097, TAw acc= 97.2% | lr=3.5e-03
| Epoch  43, time= 49.7s | Train: skip eval | Valid: time=  3.0s loss=0.088, TAw acc= 97.5% | * lr=3.3e-03
| Epoch  44, time= 49.7s | Train: skip eval | Valid: time=  3.0s loss=0.090, TAw acc= 97.5% | lr=3.1e-03
| Epoch  45, time= 49.9s | Train: skip eval | Valid: time=  2.9s loss=0.092, TAw acc= 97.3% | lr=2.9e-03
| Epoch  46, time= 49.7s | Train: skip eval | Valid: time=  2.9s loss=0.095, TAw acc= 97.1% | lr=2.7e-03
| Epoch  47, time= 49.8s | Train: skip eval | Valid: time=  3.3s loss=0.094, TAw acc= 97.1% | lr=2.5e-03
| Epoch  48, time= 49.9s | Train: skip eval | Valid: time=  2.9s loss=0.092, TAw acc= 97.2% | lr=2.3e-03
| Epoch  49, time= 49.7s | Train: skip eval | Valid: time=  3.0s loss=0.092, TAw acc= 97.1% | lr=2.1e-03
| Epoch  50, time= 49.7s | Train: skip eval | Valid: time=  3.5s loss=0.087, TAw acc= 97.2% | * lr=2.0e-03
| Epoch  51, time= 49.7s | Train: skip eval | Valid: time=  3.1s loss=0.091, TAw acc= 97.1% | lr=1.8e-03
| Epoch  52, time= 49.6s | Train: skip eval | Valid: time=  2.8s loss=0.092, TAw acc= 97.1% | lr=1.6e-03
| Epoch  53, time= 49.7s | Train: skip eval | Valid: time=  2.9s loss=0.093, TAw acc= 96.9% | lr=1.5e-03
| Epoch  54, time= 49.6s | Train: skip eval | Valid: time=  2.9s loss=0.091, TAw acc= 97.2% | lr=1.3e-03
| Epoch  55, time= 49.8s | Train: skip eval | Valid: time=  3.1s loss=0.091, TAw acc= 96.9% | lr=1.2e-03
| Epoch  56, time= 49.6s | Train: skip eval | Valid: time=  2.8s loss=0.089, TAw acc= 97.3% | lr=1.0e-03
| Epoch  57, time= 49.6s | Train: skip eval | Valid: time=  3.0s loss=0.091, TAw acc= 97.1% | lr=9.2e-04
| Epoch  58, time= 49.6s | Train: skip eval | Valid: time=  3.0s loss=0.089, TAw acc= 97.3% | lr=8.0e-04
| Epoch  59, time= 49.7s | Train: skip eval | Valid: time=  3.2s loss=0.089, TAw acc= 97.3% | lr=6.9e-04
| Epoch  60, time= 49.9s | Train: skip eval | Valid: time=  2.8s loss=0.090, TAw acc= 97.3% | lr=5.9e-04
| Epoch  61, time= 49.7s | Train: skip eval | Valid: time=  2.7s loss=0.090, TAw acc= 97.2% | lr=5.0e-04
| Epoch  62, time= 49.8s | Train: skip eval | Valid: time=  3.4s loss=0.092, TAw acc= 96.8% | lr=4.2e-04
| Epoch  63, time= 49.7s | Train: skip eval | Valid: time=  3.4s loss=0.092, TAw acc= 97.1% | lr=3.4e-04
| Epoch  64, time= 49.7s | Train: skip eval | Valid: time=  3.1s loss=0.091, TAw acc= 97.2% | lr=2.8e-04
| Epoch  65, time= 49.9s | Train: skip eval | Valid: time=  3.4s loss=0.092, TAw acc= 97.2% | lr=2.2e-04
| Epoch  66, time= 50.4s | Train: skip eval | Valid: time=  3.6s loss=0.091, TAw acc= 97.2% | lr=1.8e-04
| Epoch  67, time= 49.4s | Train: skip eval | Valid: time=  3.5s loss=0.091, TAw acc= 97.2% | lr=1.4e-04
| Epoch  68, time= 49.4s | Train: skip eval | Valid: time=  3.0s loss=0.091, TAw acc= 97.2% | lr=1.2e-04
| Epoch  69, time= 49.5s | Train: skip eval | Valid: time=  2.7s loss=0.091, TAw acc= 97.2% | lr=1.0e-04
| Epoch  70, time= 49.4s | Train: skip eval | Valid: time=  2.9s loss=0.091, TAw acc= 97.2% | lr=1.0e-04
------------------------------------------------------------------------------------------------------------
>>> Test on task  0 : loss=0.280 | TAw acc= 90.8%, forg=  6.3% | TAg acc= 70.7%, forg= 26.4% <<<
>>> Test on task  1 : loss=0.225 | TAw acc= 92.8%, forg=  6.0% | TAg acc= 78.5%, forg= 18.6% <<<
>>> Test on task  2 : loss=0.144 | TAw acc= 95.7%, forg=  2.0% | TAg acc= 82.5%, forg= 13.6% <<<
>>> Test on task  3 : loss=0.048 | TAw acc= 98.6%, forg=  0.0% | TAg acc= 87.3%, forg=  0.0% <<<
Save at ./results/./results/vit_base_patch16_224.orig_in21k/food101/finetuning/10
************************************************************************************************************
TAw Acc
	 97.1%   0.0%   0.0%   0.0%   0.0%   0.0%   0.0%   0.0%   0.0%   0.0% 	Avg.: 97.1% 
	 93.8%  98.8%   0.0%   0.0%   0.0%   0.0%   0.0%   0.0%   0.0%   0.0% 	Avg.: 96.3% 
	 90.0%  94.7%  97.7%   0.0%   0.0%   0.0%   0.0%   0.0%   0.0%   0.0% 	Avg.: 94.2% 
	 90.8%  92.8%  95.7%  98.6%   0.0%   0.0%   0.0%   0.0%   0.0%   0.0% 	Avg.: 94.5% 
	  0.0%   0.0%   0.0%   0.0%   0.0%   0.0%   0.0%   0.0%   0.0%   0.0% 	Avg.:  0.0% 
	  0.0%   0.0%   0.0%   0.0%   0.0%   0.0%   0.0%   0.0%   0.0%   0.0% 	Avg.:  0.0% 
	  0.0%   0.0%   0.0%   0.0%   0.0%   0.0%   0.0%   0.0%   0.0%   0.0% 	Avg.:  0.0% 
	  0.0%   0.0%   0.0%   0.0%   0.0%   0.0%   0.0%   0.0%   0.0%   0.0% 	Avg.:  0.0% 
	  0.0%   0.0%   0.0%   0.0%   0.0%   0.0%   0.0%   0.0%   0.0%   0.0% 	Avg.:  0.0% 
	  0.0%   0.0%   0.0%   0.0%   0.0%   0.0%   0.0%   0.0%   0.0%   0.0% 	Avg.:  0.0% 
************************************************************************************************************
TAg Acc
	 97.1%   0.0%   0.0%   0.0%   0.0%   0.0%   0.0%   0.0%   0.0%   0.0% 	Avg.: 97.1% 
	 86.2%  97.1%   0.0%   0.0%   0.0%   0.0%   0.0%   0.0%   0.0%   0.0% 	Avg.: 91.7% 
	 72.9%  83.4%  96.1%   0.0%   0.0%   0.0%   0.0%   0.0%   0.0%   0.0% 	Avg.: 84.1% 
	 70.7%  78.5%  82.5%  87.3%   0.0%   0.0%   0.0%   0.0%   0.0%   0.0% 	Avg.: 79.7% 
	  0.0%   0.0%   0.0%   0.0%   0.0%   0.0%   0.0%   0.0%   0.0%   0.0% 	Avg.:  0.0% 
	  0.0%   0.0%   0.0%   0.0%   0.0%   0.0%   0.0%   0.0%   0.0%   0.0% 	Avg.:  0.0% 
	  0.0%   0.0%   0.0%   0.0%   0.0%   0.0%   0.0%   0.0%   0.0%   0.0% 	Avg.:  0.0% 
	  0.0%   0.0%   0.0%   0.0%   0.0%   0.0%   0.0%   0.0%   0.0%   0.0% 	Avg.:  0.0% 
	  0.0%   0.0%   0.0%   0.0%   0.0%   0.0%   0.0%   0.0%   0.0%   0.0% 	Avg.:  0.0% 
	  0.0%   0.0%   0.0%   0.0%   0.0%   0.0%   0.0%   0.0%   0.0%   0.0% 	Avg.:  0.0% 
************************************************************************************************************
TAw Forg
	  0.0%   0.0%   0.0%   0.0%   0.0%   0.0%   0.0%   0.0%   0.0%   0.0% 
	  3.4%   0.0%   0.0%   0.0%   0.0%   0.0%   0.0%   0.0%   0.0%   0.0% 	Avg.:  3.4% 
	  7.1%   4.0%   0.0%   0.0%   0.0%   0.0%   0.0%   0.0%   0.0%   0.0% 	Avg.:  5.6% 
	  6.3%   6.0%   2.0%   0.0%   0.0%   0.0%   0.0%   0.0%   0.0%   0.0% 	Avg.:  4.8% 
	  0.0%   0.0%   0.0%   0.0%   0.0%   0.0%   0.0%   0.0%   0.0%   0.0% 	Avg.:  0.0% 
	  0.0%   0.0%   0.0%   0.0%   0.0%   0.0%   0.0%   0.0%   0.0%   0.0% 	Avg.:  0.0% 
	  0.0%   0.0%   0.0%   0.0%   0.0%   0.0%   0.0%   0.0%   0.0%   0.0% 	Avg.:  0.0% 
	  0.0%   0.0%   0.0%   0.0%   0.0%   0.0%   0.0%   0.0%   0.0%   0.0% 	Avg.:  0.0% 
	  0.0%   0.0%   0.0%   0.0%   0.0%   0.0%   0.0%   0.0%   0.0%   0.0% 	Avg.:  0.0% 
	  0.0%   0.0%   0.0%   0.0%   0.0%   0.0%   0.0%   0.0%   0.0%   0.0% 	Avg.:  0.0% 
************************************************************************************************************
TAg Forg
	  0.0%   0.0%   0.0%   0.0%   0.0%   0.0%   0.0%   0.0%   0.0%   0.0% 
	 10.9%   0.0%   0.0%   0.0%   0.0%   0.0%   0.0%   0.0%   0.0%   0.0% 	Avg.: 10.9% 
	 24.2%  13.7%   0.0%   0.0%   0.0%   0.0%   0.0%   0.0%   0.0%   0.0% 	Avg.: 19.0% 
	 26.4%  18.6%  13.6%   0.0%   0.0%   0.0%   0.0%   0.0%   0.0%   0.0% 	Avg.: 19.5% 
	  0.0%   0.0%   0.0%   0.0%   0.0%   0.0%   0.0%   0.0%   0.0%   0.0% 	Avg.:  0.0% 
	  0.0%   0.0%   0.0%   0.0%   0.0%   0.0%   0.0%   0.0%   0.0%   0.0% 	Avg.:  0.0% 
	  0.0%   0.0%   0.0%   0.0%   0.0%   0.0%   0.0%   0.0%   0.0%   0.0% 	Avg.:  0.0% 
	  0.0%   0.0%   0.0%   0.0%   0.0%   0.0%   0.0%   0.0%   0.0%   0.0% 	Avg.:  0.0% 
	  0.0%   0.0%   0.0%   0.0%   0.0%   0.0%   0.0%   0.0%   0.0%   0.0% 	Avg.:  0.0% 
	  0.0%   0.0%   0.0%   0.0%   0.0%   0.0%   0.0%   0.0%   0.0%   0.0% 	Avg.:  0.0% 
************************************************************************************************************
[Elapsed time = 1.0 h]
Done!
