START_TASK=9 STOP_TASK=10
============================================================================================================
Arguments =
	approach: icarl
	batch_size: 64
	classes_first_task: None
	clipping: 10000
	crop: 224
	dataset: cifar100
	eval_on_train: False
	experiment_path: None
	fix_bn: False
	freeze_backbone: False
	gpu: 0
	gpus: [0]
	increment: 10
	last_layer_analysis: True
	log: ['disk']
	lr: 0.01
	lr_factor: None
	lr_min: 0.0001
	lr_patience: None
	lr_scheduler: cosine
	lr_warmup_epochs: 0
	momentum: 0.0
	multi_softmax: False
	nepochs: 50
	network: resnet50.a1_in1k
	no_cudnn_deterministic: False
	normalize: in1k
	num_workers: 2
	optimizer_name: sgd
	pin_memory: False
	pretrained: True
	resize: 224
	results_path: ./results
	save_models: True
	seed: 0
	start_at_task: 9
	start_epoch: 0
	stop_at_task: 10
	stop_epoch: 0
	use_valid_only: False
	warmup_lr_factor: 1.0
	warmup_nepochs: 0
	weight_decay: 0.0
============================================================================================================
Approach arguments =
	lamb: 1.0
============================================================================================================
Exemplars arguments =
	exemplar_selection: random
	num_exemplars: 2000
============================================================================================================
WARNING: ./results/resnet50.a1_in1k/cifar100/icarl/10 already exists!
Loaded acc_taw from: ./results/resnet50.a1_in1k/cifar100/icarl/10/acc_taw-8.txt
Loaded acc_tag from: ./results/resnet50.a1_in1k/cifar100/icarl/10/acc_tag-8.txt
Loaded forg_taw from: ./results/resnet50.a1_in1k/cifar100/icarl/10/forg_taw-8.txt
Loaded forg_tag from: ./results/resnet50.a1_in1k/cifar100/icarl/10/forg_tag-8.txt
Loaded 2070 exemplars from ./results/resnet50.a1_in1k/cifar100/icarl/10/task8_exemplars.pth
Loaded 90 exemplar means from ./results/resnet50.a1_in1k/cifar100/icarl/10/task8_exemplar_means.pth
************************************************************************************************************
Task  9  [epochs 0-50]
************************************************************************************************************
[params] total:23,712,932  trainable:23,712,932  tensors:179  trainable_tensors:179
| Epoch   1, time= 14.4s | Train: skip eval | Valid: time=  1.1s loss=31.077, TAw acc= 83.8% | * lr=1.0e-02
| Epoch   2, time= 15.2s | Train: skip eval | Valid: time=  1.0s loss=28.388, TAw acc= 88.2% | * lr=1.0e-02
| Epoch   3, time= 14.6s | Train: skip eval | Valid: time=  1.0s loss=27.998, TAw acc= 89.0% | * lr=9.9e-03
| Epoch   4, time= 14.7s | Train: skip eval | Valid: time=  1.0s loss=27.883, TAw acc= 89.8% | * lr=9.8e-03
| Epoch   5, time= 14.0s | Train: skip eval | Valid: time=  1.0s loss=27.857, TAw acc= 89.6% | * lr=9.8e-03
| Epoch   6, time= 15.2s | Train: skip eval | Valid: time=  1.0s loss=27.813, TAw acc= 90.8% | * lr=9.7e-03
| Epoch   7, time= 14.1s | Train: skip eval | Valid: time=  1.0s loss=27.782, TAw acc= 89.8% | * lr=9.5e-03
| Epoch   8, time= 15.0s | Train: skip eval | Valid: time=  0.9s loss=27.786, TAw acc= 90.4% | lr=9.4e-03
| Epoch   9, time= 15.0s | Train: skip eval | Valid: time=  1.0s loss=27.759, TAw acc= 92.0% | * lr=9.2e-03
| Epoch  10, time= 14.8s | Train: skip eval | Valid: time=  1.0s loss=27.753, TAw acc= 91.4% | * lr=9.1e-03
| Epoch  11, time= 15.2s | Train: skip eval | Valid: time=  0.9s loss=27.729, TAw acc= 91.6% | * lr=8.9e-03
| Epoch  12, time= 15.0s | Train: skip eval | Valid: time=  1.0s loss=27.696, TAw acc= 92.2% | * lr=8.7e-03
| Epoch  13, time= 15.2s | Train: skip eval | Valid: time=  1.0s loss=27.713, TAw acc= 92.2% | lr=8.4e-03
| Epoch  14, time= 15.2s | Train: skip eval | Valid: time=  0.9s loss=27.705, TAw acc= 92.6% | lr=8.2e-03
| Epoch  15, time= 14.5s | Train: skip eval | Valid: time=  1.0s loss=27.685, TAw acc= 92.2% | * lr=8.0e-03
| Epoch  16, time= 15.2s | Train: skip eval | Valid: time=  1.0s loss=27.675, TAw acc= 92.6% | * lr=7.7e-03
| Epoch  17, time= 15.2s | Train: skip eval | Valid: time=  1.0s loss=27.683, TAw acc= 92.2% | lr=7.4e-03
| Epoch  18, time= 15.2s | Train: skip eval | Valid: time=  1.0s loss=27.710, TAw acc= 92.8% | lr=7.2e-03
| Epoch  19, time= 15.2s | Train: skip eval | Valid: time=  1.0s loss=27.671, TAw acc= 92.6% | * lr=6.9e-03
| Epoch  20, time= 14.5s | Train: skip eval | Valid: time=  1.0s loss=27.668, TAw acc= 92.8% | * lr=6.6e-03
| Epoch  21, time= 15.3s | Train: skip eval | Valid: time=  1.0s loss=27.665, TAw acc= 92.6% | * lr=6.3e-03
| Epoch  22, time= 15.3s | Train: skip eval | Valid: time=  1.0s loss=27.659, TAw acc= 92.8% | * lr=6.0e-03
| Epoch  23, time= 15.0s | Train: skip eval | Valid: time=  0.9s loss=27.651, TAw acc= 92.6% | * lr=5.7e-03
| Epoch  24, time= 15.2s | Train: skip eval | Valid: time=  1.1s loss=27.646, TAw acc= 93.4% | * lr=5.4e-03
| Epoch  25, time= 14.7s | Train: skip eval | Valid: time=  1.0s loss=27.635, TAw acc= 93.4% | * lr=5.1e-03
| Epoch  26, time= 15.2s | Train: skip eval | Valid: time=  1.0s loss=27.635, TAw acc= 94.0% | * lr=4.7e-03
| Epoch  27, time= 14.2s | Train: skip eval | Valid: time=  1.0s loss=27.631, TAw acc= 93.2% | * lr=4.4e-03
| Epoch  28, time= 15.2s | Train: skip eval | Valid: time=  0.9s loss=27.629, TAw acc= 93.8% | * lr=4.1e-03
| Epoch  29, time= 14.5s | Train: skip eval | Valid: time=  1.0s loss=27.637, TAw acc= 93.4% | lr=3.8e-03
| Epoch  30, time= 14.7s | Train: skip eval | Valid: time=  1.0s loss=27.622, TAw acc= 94.2% | * lr=3.5e-03
| Epoch  31, time= 15.3s | Train: skip eval | Valid: time=  1.0s loss=27.636, TAw acc= 93.2% | lr=3.2e-03
| Epoch  32, time= 15.2s | Train: skip eval | Valid: time=  1.0s loss=27.644, TAw acc= 94.0% | lr=2.9e-03
| Epoch  33, time= 15.2s | Train: skip eval | Valid: time=  1.0s loss=27.625, TAw acc= 94.0% | lr=2.7e-03
| Epoch  34, time= 15.2s | Train: skip eval | Valid: time=  1.0s loss=27.614, TAw acc= 93.2% | * lr=2.4e-03
| Epoch  35, time= 14.0s | Train: skip eval | Valid: time=  0.9s loss=27.633, TAw acc= 92.8% | lr=2.1e-03
| Epoch  36, time= 15.3s | Train: skip eval | Valid: time=  1.0s loss=27.615, TAw acc= 94.0% | lr=1.9e-03
| Epoch  37, time= 14.8s | Train: skip eval | Valid: time=  1.0s loss=27.612, TAw acc= 93.8% | * lr=1.7e-03
| Epoch  38, time= 15.3s | Train: skip eval | Valid: time=  1.0s loss=27.616, TAw acc= 94.0% | lr=1.4e-03
| Epoch  39, time= 15.2s | Train: skip eval | Valid: time=  1.0s loss=27.604, TAw acc= 93.6% | * lr=1.2e-03
| Epoch  40, time= 15.2s | Train: skip eval | Valid: time=  1.0s loss=27.617, TAw acc= 94.0% | lr=1.0e-03
| Epoch  41, time= 15.2s | Train: skip eval | Valid: time=  1.0s loss=27.615, TAw acc= 93.6% | lr=8.7e-04
| Epoch  42, time= 15.2s | Train: skip eval | Valid: time=  1.0s loss=27.610, TAw acc= 93.8% | lr=7.1e-04
| Epoch  43, time= 14.1s | Train: skip eval | Valid: time=  1.0s loss=27.607, TAw acc= 93.6% | lr=5.7e-04
| Epoch  44, time= 14.6s | Train: skip eval | Valid: time=  1.0s loss=27.634, TAw acc= 93.8% | lr=4.5e-04
| Epoch  45, time= 14.9s | Train: skip eval | Valid: time=  1.0s loss=27.617, TAw acc= 94.2% | lr=3.4e-04
| Epoch  46, time= 14.5s | Train: skip eval | Valid: time=  1.1s loss=27.617, TAw acc= 94.0% | lr=2.6e-04
| Epoch  47, time= 15.2s | Train: skip eval | Valid: time=  1.0s loss=27.628, TAw acc= 93.6% | lr=1.9e-04
| Epoch  48, time= 14.0s | Train: skip eval | Valid: time=  1.0s loss=27.625, TAw acc= 93.8% | lr=1.4e-04
| Epoch  49, time= 14.6s | Train: skip eval | Valid: time=  0.9s loss=27.605, TAw acc= 94.0% | lr=1.1e-04
| Epoch  50, time= 14.3s | Train: skip eval | Valid: time=  1.0s loss=27.604, TAw acc= 94.2% | * lr=1.0e-04
| Selected 2000 train exemplars, time=  0.7s
------------------------------------------------------------------------------------------------------------
>>> Test on task  0 : loss=2.002 | TAw acc= 87.3%, forg=  0.3% | TAg acc= 65.9%, forg=  7.2% <<<
>>> Test on task  1 : loss=7.363 | TAw acc= 94.4%, forg=  0.1% | TAg acc= 67.1%, forg= 12.5% <<<
>>> Test on task  2 : loss=12.157 | TAw acc= 94.8%, forg= -0.7% | TAg acc= 73.1%, forg=  7.3% <<<
>>> Test on task  3 : loss=17.477 | TAw acc= 84.8%, forg= -0.3% | TAg acc= 63.1%, forg=  4.2% <<<
>>> Test on task  4 : loss=20.514 | TAw acc= 93.7%, forg=  0.3% | TAg acc= 71.3%, forg=  6.7% <<<
>>> Test on task  5 : loss=23.868 | TAw acc= 83.5%, forg=  1.2% | TAg acc= 56.6%, forg= 10.1% <<<
>>> Test on task  6 : loss=24.864 | TAw acc= 89.6%, forg=  0.6% | TAg acc= 66.5%, forg=  4.4% <<<
>>> Test on task  7 : loss=26.142 | TAw acc= 92.1%, forg= -0.5% | TAg acc= 70.4%, forg=  1.8% <<<
>>> Test on task  8 : loss=27.644 | TAw acc= 93.9%, forg= -0.2% | TAg acc= 71.0%, forg=  0.9% <<<
>>> Test on task  9 : loss=27.714 | TAw acc= 87.8%, forg=  0.0% | TAg acc= 61.5%, forg=  0.0% <<<
Save at ./results/./results/resnet50.a1_in1k/cifar100/icarl/10
Plotting last layer analysis...
************************************************************************************************************
TAw Acc
	 70.5%   0.0%   0.0%   0.0%   0.0%   0.0%   0.0%   0.0%   0.0%   0.0% 	Avg.: 70.5% 
	 76.4%  89.9%   0.0%   0.0%   0.0%   0.0%   0.0%   0.0%   0.0%   0.0% 	Avg.: 83.2% 
	 82.5%  92.9%  89.8%   0.0%   0.0%   0.0%   0.0%   0.0%   0.0%   0.0% 	Avg.: 88.4% 
	 85.0%  93.7%  91.2%  80.5%   0.0%   0.0%   0.0%   0.0%   0.0%   0.0% 	Avg.: 87.6% 
	 85.2%  94.3%  91.7%  81.3%  91.6%   0.0%   0.0%   0.0%   0.0%   0.0% 	Avg.: 88.8% 
	 86.9%  94.4%  92.6%  83.2%  92.5%  84.7%   0.0%   0.0%   0.0%   0.0% 	Avg.: 89.1% 
	 86.2%  94.5%  92.5%  83.8%  92.9%  83.8%  90.0%   0.0%   0.0%   0.0% 	Avg.: 89.1% 
	 86.5%  94.5%  93.0%  84.3%  93.9%  84.0%  90.2%  91.6%   0.0%   0.0% 	Avg.: 89.8% 
	 87.6%  94.4%  94.1%  84.5%  94.0%  84.2%  90.2%  91.4%  93.7%   0.0% 	Avg.: 90.5% 
	 87.3%  94.4%  94.8%  84.8%  93.7%  83.5%  89.6%  92.1%  93.9%  87.8% 	Avg.: 90.2% 
************************************************************************************************************
TAg Acc
	 70.5%   0.0%   0.0%   0.0%   0.0%   0.0%   0.0%   0.0%   0.0%   0.0% 	Avg.: 70.5% 
	 70.7%  79.6%   0.0%   0.0%   0.0%   0.0%   0.0%   0.0%   0.0%   0.0% 	Avg.: 75.2% 
	 71.7%  76.5%  79.5%   0.0%   0.0%   0.0%   0.0%   0.0%   0.0%   0.0% 	Avg.: 75.9% 
	 73.1%  74.1%  80.4%  67.3%   0.0%   0.0%   0.0%   0.0%   0.0%   0.0% 	Avg.: 73.7% 
	 72.9%  72.2%  77.5%  66.4%  78.0%   0.0%   0.0%   0.0%   0.0%   0.0% 	Avg.: 73.4% 
	 70.2%  73.5%  75.9%  65.1%  76.9%  66.7%   0.0%   0.0%   0.0%   0.0% 	Avg.: 71.4% 
	 67.4%  71.9%  74.8%  64.8%  75.3%  63.7%  70.9%   0.0%   0.0%   0.0% 	Avg.: 69.8% 
	 67.5%  71.0%  73.9%  63.9%  73.3%  59.8%  69.2%  72.2%   0.0%   0.0% 	Avg.: 68.8% 
	 67.2%  67.2%  73.6%  62.7%  71.0%  59.7%  67.6%  70.5%  71.9%   0.0% 	Avg.: 67.9% 
	 65.9%  67.1%  73.1%  63.1%  71.3%  56.6%  66.5%  70.4%  71.0%  61.5% 	Avg.: 66.6% 
************************************************************************************************************
TAw Forg
	  0.0%   0.0%   0.0%   0.0%   0.0%   0.0%   0.0%   0.0%   0.0%   0.0% 
	 -5.9%   0.0%   0.0%   0.0%   0.0%   0.0%   0.0%   0.0%   0.0%   0.0% 	Avg.: -5.9% 
	 -6.1%  -3.0%   0.0%   0.0%   0.0%   0.0%   0.0%   0.0%   0.0%   0.0% 	Avg.: -4.5% 
	 -2.5%  -0.8%  -1.4%   0.0%   0.0%   0.0%   0.0%   0.0%   0.0%   0.0% 	Avg.: -1.6% 
	 -0.2%  -0.6%  -0.5%  -0.8%   0.0%   0.0%   0.0%   0.0%   0.0%   0.0% 	Avg.: -0.5% 
	 -1.7%  -0.1%  -0.9%  -1.9%  -0.9%   0.0%   0.0%   0.0%   0.0%   0.0% 	Avg.: -1.1% 
	  0.7%  -0.1%   0.1%  -0.6%  -0.4%   0.9%   0.0%   0.0%   0.0%   0.0% 	Avg.:  0.1% 
	  0.4%   0.0%  -0.4%  -0.5%  -1.0%   0.7%  -0.2%   0.0%   0.0%   0.0% 	Avg.: -0.1% 
	 -0.7%   0.1%  -1.1%  -0.2%  -0.1%   0.5%   0.0%   0.2%   0.0%   0.0% 	Avg.: -0.2% 
	  0.3%   0.1%  -0.7%  -0.3%   0.3%   1.2%   0.6%  -0.5%  -0.2%   0.0% 	Avg.:  0.1% 
************************************************************************************************************
TAg Forg
	  0.0%   0.0%   0.0%   0.0%   0.0%   0.0%   0.0%   0.0%   0.0%   0.0% 
	 -0.2%   0.0%   0.0%   0.0%   0.0%   0.0%   0.0%   0.0%   0.0%   0.0% 	Avg.: -0.2% 
	 -1.0%   3.1%   0.0%   0.0%   0.0%   0.0%   0.0%   0.0%   0.0%   0.0% 	Avg.:  1.0% 
	 -1.4%   5.5%  -0.9%   0.0%   0.0%   0.0%   0.0%   0.0%   0.0%   0.0% 	Avg.:  1.1% 
	  0.2%   7.4%   2.9%   0.9%   0.0%   0.0%   0.0%   0.0%   0.0%   0.0% 	Avg.:  2.8% 
	  2.9%   6.1%   4.5%   2.2%   1.1%   0.0%   0.0%   0.0%   0.0%   0.0% 	Avg.:  3.4% 
	  5.7%   7.7%   5.6%   2.5%   2.7%   3.0%   0.0%   0.0%   0.0%   0.0% 	Avg.:  4.5% 
	  5.6%   8.6%   6.5%   3.4%   4.7%   6.9%   1.7%   0.0%   0.0%   0.0% 	Avg.:  5.3% 
	  5.9%  12.4%   6.8%   4.6%   7.0%   7.0%   3.3%   1.7%   0.0%   0.0% 	Avg.:  6.1% 
	  7.2%  12.5%   7.3%   4.2%   6.7%  10.1%   4.4%   1.8%   0.9%   0.0% 	Avg.:  6.1% 
************************************************************************************************************
[Elapsed time = 0.2 h]
Done!
