START_TASK=8 STOP_TASK=9
============================================================================================================
Arguments =
	approach: lucir
	batch_size: 64
	classes_first_task: None
	clipping: 10000
	crop: 224
	data_path: ../data/food101
	dataset: food101
	eval_on_train: False
	experiment_path: None
	fix_bn: False
	freeze_backbone: False
	gpu: 0
	gpus: [0]
	increment: 10
	last_layer_analysis: True
	log: ['disk']
	lr: 0.01
	lr_factor: None
	lr_min: 0.0001
	lr_patience: None
	lr_scheduler: cosine
	lr_warmup_epochs: 0
	momentum: 0.0
	multi_softmax: False
	nepochs: 70
	network: vit_base_patch16_224.orig_in21k
	no_cudnn_deterministic: False
	normalize: in21k
	num_workers: 2
	optimizer_name: sgd
	pin_memory: False
	pretrained: True
	resize: 224
	results_path: ./results
	save_models: True
	seed: 0
	start_at_task: 8
	start_epoch: 0
	stop_at_task: 9
	stop_epoch: 0
	use_valid_only: False
	warmup_lr_factor: 1.0
	warmup_nepochs: 0
	weight_decay: 0.0
============================================================================================================
Approach arguments =
	K: 2
	dist: 0.5
	lamb: 5.0
	lamb_mr: 1.0
============================================================================================================
Exemplars arguments =
	exemplar_selection: random
	num_exemplars: 2000
============================================================================================================
WARNING: ./results/vit_base_patch16_224.orig_in21k/food101/lucir/10 already exists!
Loaded acc_taw from: ./results/vit_base_patch16_224.orig_in21k/food101/lucir/10/acc_taw-7.txt
Loaded acc_tag from: ./results/vit_base_patch16_224.orig_in21k/food101/lucir/10/acc_tag-7.txt
Loaded forg_taw from: ./results/vit_base_patch16_224.orig_in21k/food101/lucir/10/forg_taw-7.txt
Loaded forg_tag from: ./results/vit_base_patch16_224.orig_in21k/food101/lucir/10/forg_tag-7.txt
Restored CosineLinear heads from ./results/vit_base_patch16_224.orig_in21k/food101/lucir/10/task7_cosine_heads.pth
Loaded 2000 exemplars from ./results/vit_base_patch16_224.orig_in21k/food101/lucir/10/task7_exemplars.pth
************************************************************************************************************
Task  8  [epochs 0-70]
************************************************************************************************************
[params] total:85,867,777  trainable:85,806,337  tensors:160  trainable_tensors:152
| Epoch   1, time= 84.7s | Train: skip eval | Valid: time=  4.5s loss=0.861, TAw acc= 95.1% | * lr=1.0e-02
| Epoch   2, time= 84.7s | Train: skip eval | Valid: time=  4.5s loss=0.670, TAw acc= 96.0% | * lr=1.0e-02
| Epoch   3, time= 85.4s | Train: skip eval | Valid: time=  4.4s loss=0.659, TAw acc= 96.3% | * lr=1.0e-02
| Epoch   4, time= 86.4s | Train: skip eval | Valid: time=  6.6s loss=0.649, TAw acc= 95.7% | * lr=9.9e-03
| Epoch   5, time= 86.5s | Train: skip eval | Valid: time=  4.4s loss=0.657, TAw acc= 96.3% | lr=9.9e-03
| Epoch   6, time= 85.7s | Train: skip eval | Valid: time=  4.5s loss=0.638, TAw acc= 96.3% | * lr=9.8e-03
| Epoch   7, time= 86.0s | Train: skip eval | Valid: time=  4.5s loss=0.626, TAw acc= 96.5% | * lr=9.8e-03
| Epoch   8, time= 86.1s | Train: skip eval | Valid: time=  4.5s loss=0.637, TAw acc= 96.4% | lr=9.7e-03
| Epoch   9, time= 86.3s | Train: skip eval | Valid: time=  4.6s loss=0.648, TAw acc= 96.7% | lr=9.6e-03
| Epoch  10, time= 86.1s | Train: skip eval | Valid: time=  4.5s loss=0.633, TAw acc= 96.7% | lr=9.5e-03
| Epoch  11, time= 85.9s | Train: skip eval | Valid: time=  4.5s loss=0.609, TAw acc= 96.7% | * lr=9.4e-03
| Epoch  12, time= 85.8s | Train: skip eval | Valid: time=  4.6s loss=0.632, TAw acc= 96.8% | lr=9.3e-03
| Epoch  13, time= 85.2s | Train: skip eval | Valid: time=  4.6s loss=0.619, TAw acc= 96.4% | lr=9.2e-03
| Epoch  14, time= 85.3s | Train: skip eval | Valid: time=  4.5s loss=0.634, TAw acc= 96.8% | lr=9.1e-03
| Epoch  15, time= 86.0s | Train: skip eval | Valid: time=  4.5s loss=0.623, TAw acc= 96.5% | lr=8.9e-03
| Epoch  16, time= 86.5s | Train: skip eval | Valid: time=  4.5s loss=0.622, TAw acc= 96.3% | lr=8.8e-03
| Epoch  17, time= 86.4s | Train: skip eval | Valid: time=  4.5s loss=0.626, TAw acc= 96.9% | lr=8.6e-03
| Epoch  18, time= 86.4s | Train: skip eval | Valid: time=  4.5s loss=0.624, TAw acc= 96.7% | lr=8.5e-03
| Epoch  19, time= 86.5s | Train: skip eval | Valid: time=  4.5s loss=0.625, TAw acc= 96.7% | lr=8.3e-03
| Epoch  20, time= 87.0s | Train: skip eval | Valid: time=  6.3s loss=0.609, TAw acc= 96.5% | lr=8.1e-03
| Epoch  21, time= 87.1s | Train: skip eval | Valid: time=  4.5s loss=0.637, TAw acc= 96.5% | lr=8.0e-03
| Epoch  22, time= 86.0s | Train: skip eval | Valid: time=  4.5s loss=0.624, TAw acc= 96.5% | lr=7.8e-03
| Epoch  23, time= 85.6s | Train: skip eval | Valid: time=  4.5s loss=0.627, TAw acc= 96.5% | lr=7.6e-03
| Epoch  24, time= 86.0s | Train: skip eval | Valid: time=  4.6s loss=0.647, TAw acc= 96.4% | lr=7.4e-03
| Epoch  25, time= 86.2s | Train: skip eval | Valid: time=  4.5s loss=0.626, TAw acc= 96.5% | lr=7.2e-03
| Epoch  26, time= 86.7s | Train: skip eval | Valid: time=  4.5s loss=0.611, TAw acc= 96.7% | lr=7.0e-03
| Epoch  27, time= 86.5s | Train: skip eval | Valid: time=  4.6s loss=0.611, TAw acc= 96.7% | lr=6.8e-03
| Epoch  28, time= 86.4s | Train: skip eval | Valid: time=  4.7s loss=0.623, TAw acc= 96.5% | lr=6.6e-03
| Epoch  29, time= 86.3s | Train: skip eval | Valid: time=  4.8s loss=0.608, TAw acc= 96.8% | * lr=6.4e-03
| Epoch  30, time= 85.8s | Train: skip eval | Valid: time=  4.5s loss=0.603, TAw acc= 96.7% | * lr=6.2e-03
| Epoch  31, time= 85.3s | Train: skip eval | Valid: time=  4.5s loss=0.604, TAw acc= 96.8% | lr=5.9e-03
| Epoch  32, time= 84.8s | Train: skip eval | Valid: time=  4.5s loss=0.602, TAw acc= 96.7% | * lr=5.7e-03
| Epoch  33, time= 84.9s | Train: skip eval | Valid: time=  4.4s loss=0.610, TAw acc= 96.8% | lr=5.5e-03
| Epoch  34, time= 85.4s | Train: skip eval | Valid: time=  4.7s loss=0.607, TAw acc= 96.4% | lr=5.3e-03
| Epoch  35, time= 85.5s | Train: skip eval | Valid: time=  4.5s loss=0.610, TAw acc= 96.7% | lr=5.1e-03
| Epoch  36, time= 85.7s | Train: skip eval | Valid: time=  4.7s loss=0.611, TAw acc= 96.7% | lr=4.8e-03
| Epoch  37, time= 85.9s | Train: skip eval | Valid: time=  4.5s loss=0.600, TAw acc= 96.8% | * lr=4.6e-03
| Epoch  38, time= 86.2s | Train: skip eval | Valid: time=  4.5s loss=0.606, TAw acc= 96.5% | lr=4.4e-03
| Epoch  39, time= 86.1s | Train: skip eval | Valid: time=  4.6s loss=0.604, TAw acc= 96.8% | lr=4.2e-03
| Epoch  40, time= 85.6s | Train: skip eval | Valid: time=  4.6s loss=0.613, TAw acc= 96.8% | lr=3.9e-03
| Epoch  41, time= 85.6s | Train: skip eval | Valid: time=  4.5s loss=0.598, TAw acc= 96.9% | * lr=3.7e-03
| Epoch  42, time= 85.7s | Train: skip eval | Valid: time=  4.9s loss=0.598, TAw acc= 97.1% | * lr=3.5e-03
| Epoch  43, time= 87.4s | Train: skip eval | Valid: time=  5.2s loss=0.597, TAw acc= 96.7% | * lr=3.3e-03
| Epoch  44, time= 85.7s | Train: skip eval | Valid: time=  4.6s loss=0.599, TAw acc= 96.5% | lr=3.1e-03
| Epoch  45, time= 85.7s | Train: skip eval | Valid: time=  4.7s loss=0.592, TAw acc= 96.8% | * lr=2.9e-03
| Epoch  46, time= 86.0s | Train: skip eval | Valid: time=  4.5s loss=0.598, TAw acc= 96.8% | lr=2.7e-03
| Epoch  47, time= 85.6s | Train: skip eval | Valid: time=  4.5s loss=0.594, TAw acc= 96.8% | lr=2.5e-03
| Epoch  48, time= 85.2s | Train: skip eval | Valid: time=  4.5s loss=0.594, TAw acc= 96.8% | lr=2.3e-03
| Epoch  49, time= 85.6s | Train: skip eval | Valid: time=  4.7s loss=0.594, TAw acc= 96.8% | lr=2.1e-03
| Epoch  50, time= 86.5s | Train: skip eval | Valid: time=  4.7s loss=0.593, TAw acc= 96.8% | lr=2.0e-03
| Epoch  51, time= 86.2s | Train: skip eval | Valid: time=  4.5s loss=0.590, TAw acc= 96.8% | * lr=1.8e-03
| Epoch  52, time= 86.1s | Train: skip eval | Valid: time=  4.6s loss=0.593, TAw acc= 96.8% | lr=1.6e-03
| Epoch  53, time= 86.5s | Train: skip eval | Valid: time=  4.5s loss=0.594, TAw acc= 96.9% | lr=1.5e-03
| Epoch  54, time= 86.6s | Train: skip eval | Valid: time=  4.5s loss=0.620, TAw acc= 96.9% | lr=1.3e-03
| Epoch  55, time= 86.5s | Train: skip eval | Valid: time=  4.5s loss=0.594, TAw acc= 96.9% | lr=1.2e-03
| Epoch  56, time= 86.0s | Train: skip eval | Valid: time=  4.5s loss=0.591, TAw acc= 96.9% | lr=1.0e-03
| Epoch  57, time= 86.3s | Train: skip eval | Valid: time=  4.5s loss=0.591, TAw acc= 96.8% | lr=9.2e-04
| Epoch  58, time= 86.2s | Train: skip eval | Valid: time=  4.5s loss=0.591, TAw acc= 96.8% | lr=8.0e-04
| Epoch  59, time= 86.4s | Train: skip eval | Valid: time=  4.5s loss=0.592, TAw acc= 96.8% | lr=6.9e-04
| Epoch  60, time= 86.1s | Train: skip eval | Valid: time=  4.5s loss=0.593, TAw acc= 96.8% | lr=5.9e-04
| Epoch  61, time= 86.5s | Train: skip eval | Valid: time=  4.5s loss=0.592, TAw acc= 96.8% | lr=5.0e-04
| Epoch  62, time= 85.8s | Train: skip eval | Valid: time=  4.5s loss=0.592, TAw acc= 96.9% | lr=4.2e-04
| Epoch  63, time= 85.2s | Train: skip eval | Valid: time=  4.6s loss=0.592, TAw acc= 96.8% | lr=3.4e-04
| Epoch  64, time= 85.8s | Train: skip eval | Valid: time=  4.5s loss=0.591, TAw acc= 96.8% | lr=2.8e-04
| Epoch  65, time= 85.5s | Train: skip eval | Valid: time=  4.5s loss=0.591, TAw acc= 96.8% | lr=2.2e-04
| Epoch  66, time= 85.4s | Train: skip eval | Valid: time=  4.4s loss=0.590, TAw acc= 96.8% | lr=1.8e-04
| Epoch  67, time= 85.5s | Train: skip eval | Valid: time=  4.5s loss=0.590, TAw acc= 96.8% | * lr=1.4e-04
| Epoch  68, time= 86.0s | Train: skip eval | Valid: time=  4.5s loss=0.590, TAw acc= 96.8% | lr=1.2e-04
| Epoch  69, time= 85.5s | Train: skip eval | Valid: time=  4.5s loss=0.589, TAw acc= 96.8% | * lr=1.0e-04
| Epoch  70, time= 85.5s | Train: skip eval | Valid: time=  4.5s loss=0.590, TAw acc= 96.8% | lr=1.0e-04
| Selected 2070 train exemplars, time=  2.2s
------------------------------------------------------------------------------------------------------------
>>> Test on task  0 : loss=0.848 | TAw acc= 97.0%, forg=  0.6% | TAg acc= 80.2%, forg= 17.2% <<<
>>> Test on task  1 : loss=0.824 | TAw acc= 98.3%, forg=  0.1% | TAg acc= 84.8%, forg=  5.8% <<<
>>> Test on task  2 : loss=0.746 | TAw acc= 97.2%, forg=  0.1% | TAg acc= 82.0%, forg=  7.7% <<<
>>> Test on task  3 : loss=0.604 | TAw acc= 98.2%, forg=  0.0% | TAg acc= 87.0%, forg=  3.3% <<<
>>> Test on task  4 : loss=0.795 | TAw acc= 96.8%, forg=  0.2% | TAg acc= 82.9%, forg=  5.3% <<<
>>> Test on task  5 : loss=0.739 | TAw acc= 96.9%, forg=  0.0% | TAg acc= 83.0%, forg=  6.5% <<<
>>> Test on task  6 : loss=0.650 | TAw acc= 96.8%, forg= -0.0% | TAg acc= 84.5%, forg=  5.5% <<<
>>> Test on task  7 : loss=0.588 | TAw acc= 97.4%, forg= -0.3% | TAg acc= 85.3%, forg=  5.9% <<<
>>> Test on task  8 : loss=0.386 | TAw acc= 96.8%, forg=  0.0% | TAg acc= 89.8%, forg=  0.0% <<<
Save at ./results/./results/vit_base_patch16_224.orig_in21k/food101/lucir/10
************************************************************************************************************
TAw Acc
	 97.4%   0.0%   0.0%   0.0%   0.0%   0.0%   0.0%   0.0%   0.0%   0.0% 	Avg.: 97.4% 
	 97.5%  98.0%   0.0%   0.0%   0.0%   0.0%   0.0%   0.0%   0.0%   0.0% 	Avg.: 97.7% 
	 97.3%  98.2%  96.4%   0.0%   0.0%   0.0%   0.0%   0.0%   0.0%   0.0% 	Avg.: 97.3% 
	 97.2%  98.3%  96.9%  97.4%   0.0%   0.0%   0.0%   0.0%   0.0%   0.0% 	Avg.: 97.4% 
	 97.4%  98.4%  97.3%  98.0%  96.5%   0.0%   0.0%   0.0%   0.0%   0.0% 	Avg.: 97.5% 
	 97.1%  98.3%  97.3%  98.1%  96.9%  96.3%   0.0%   0.0%   0.0%   0.0% 	Avg.: 97.3% 
	 96.8%  98.2%  97.3%  98.3%  97.0%  96.8%  96.8%   0.0%   0.0%   0.0% 	Avg.: 97.3% 
	 97.0%  98.3%  97.2%  98.2%  97.0%  96.9%  96.7%  97.1%   0.0%   0.0% 	Avg.: 97.3% 
	 97.0%  98.3%  97.2%  98.2%  96.8%  96.9%  96.8%  97.4%  96.8%   0.0% 	Avg.: 97.3% 
	  0.0%   0.0%   0.0%   0.0%   0.0%   0.0%   0.0%   0.0%   0.0%   0.0% 	Avg.:  0.0% 
************************************************************************************************************
TAg Acc
	 97.4%   0.0%   0.0%   0.0%   0.0%   0.0%   0.0%   0.0%   0.0%   0.0% 	Avg.: 97.4% 
	 96.6%  88.4%   0.0%   0.0%   0.0%   0.0%   0.0%   0.0%   0.0%   0.0% 	Avg.: 92.5% 
	 95.8%  90.6%  89.4%   0.0%   0.0%   0.0%   0.0%   0.0%   0.0%   0.0% 	Avg.: 91.9% 
	 95.1%  89.9%  89.8%  90.2%   0.0%   0.0%   0.0%   0.0%   0.0%   0.0% 	Avg.: 91.2% 
	 94.0%  88.8%  86.0%  90.3%  88.2%   0.0%   0.0%   0.0%   0.0%   0.0% 	Avg.: 89.4% 
	 93.0%  87.0%  85.0%  88.8%  87.5%  89.4%   0.0%   0.0%   0.0%   0.0% 	Avg.: 88.5% 
	 86.8%  86.7%  83.5%  87.9%  86.8%  85.0%  90.0%   0.0%   0.0%   0.0% 	Avg.: 86.7% 
	 84.7%  85.3%  84.1%  87.1%  84.4%  84.4%  87.5%  91.2%   0.0%   0.0% 	Avg.: 86.1% 
	 80.2%  84.8%  82.0%  87.0%  82.9%  83.0%  84.5%  85.3%  89.8%   0.0% 	Avg.: 84.4% 
	  0.0%   0.0%   0.0%   0.0%   0.0%   0.0%   0.0%   0.0%   0.0%   0.0% 	Avg.:  0.0% 
************************************************************************************************************
TAw Forg
	  0.0%   0.0%   0.0%   0.0%   0.0%   0.0%   0.0%   0.0%   0.0%   0.0% 
	 -0.1%   0.0%   0.0%   0.0%   0.0%   0.0%   0.0%   0.0%   0.0%   0.0% 	Avg.: -0.1% 
	  0.2%  -0.2%   0.0%   0.0%   0.0%   0.0%   0.0%   0.0%   0.0%   0.0% 	Avg.:  0.0% 
	  0.3%  -0.1%  -0.5%   0.0%   0.0%   0.0%   0.0%   0.0%   0.0%   0.0% 	Avg.: -0.1% 
	  0.2%  -0.1%  -0.4%  -0.6%   0.0%   0.0%   0.0%   0.0%   0.0%   0.0% 	Avg.: -0.2% 
	  0.4%   0.1%   0.0%  -0.1%  -0.4%   0.0%   0.0%   0.0%   0.0%   0.0% 	Avg.:  0.0% 
	  0.7%   0.2%   0.0%  -0.2%  -0.1%  -0.5%   0.0%   0.0%   0.0%   0.0% 	Avg.:  0.0% 
	  0.5%   0.1%   0.1%   0.0%  -0.0%  -0.1%   0.0%   0.0%   0.0%   0.0% 	Avg.:  0.1% 
	  0.6%   0.1%   0.1%   0.0%   0.2%   0.0%  -0.0%  -0.3%   0.0%   0.0% 	Avg.:  0.1% 
	  0.0%   0.0%   0.0%   0.0%   0.0%   0.0%   0.0%   0.0%   0.0%   0.0% 	Avg.:  0.0% 
************************************************************************************************************
TAg Forg
	  0.0%   0.0%   0.0%   0.0%   0.0%   0.0%   0.0%   0.0%   0.0%   0.0% 
	  0.8%   0.0%   0.0%   0.0%   0.0%   0.0%   0.0%   0.0%   0.0%   0.0% 	Avg.:  0.8% 
	  1.6%  -2.2%   0.0%   0.0%   0.0%   0.0%   0.0%   0.0%   0.0%   0.0% 	Avg.: -0.3% 
	  2.3%   0.7%  -0.3%   0.0%   0.0%   0.0%   0.0%   0.0%   0.0%   0.0% 	Avg.:  0.9% 
	  3.4%   1.8%   3.8%  -0.0%   0.0%   0.0%   0.0%   0.0%   0.0%   0.0% 	Avg.:  2.2% 
	  4.4%   3.5%   4.8%   1.4%   0.6%   0.0%   0.0%   0.0%   0.0%   0.0% 	Avg.:  3.0% 
	 10.6%   3.8%   6.2%   2.4%   1.4%   4.5%   0.0%   0.0%   0.0%   0.0% 	Avg.:  4.8% 
	 12.7%   5.2%   5.6%   3.2%   3.8%   5.1%   2.5%   0.0%   0.0%   0.0% 	Avg.:  5.4% 
	 17.2%   5.8%   7.7%   3.3%   5.3%   6.5%   5.5%   5.9%   0.0%   0.0% 	Avg.:  7.1% 
	  0.0%   0.0%   0.0%   0.0%   0.0%   0.0%   0.0%   0.0%   0.0%   0.0% 	Avg.:  0.0% 
************************************************************************************************************
[Elapsed time = 1.8 h]
Done!
