START_TASK=3 STOP_TASK=4 START_EPOCH=0 STOP_EPOCH=90
============================================================================================================
Arguments =
	all_outputs: False
	approach: joint
	batch_size: 64
	classes_first_task: None
	clipping: 10000
	crop: 224
	data_path: ../data/inat200
	dataset: inat200
	eval_on_train: False
	experiment_path: None
	fix_bn: False
	freeze_backbone: False
	gpu: 0
	gpus: [0]
	increment: 10
	last_layer_analysis: False
	log: ['disk']
	lr: 0.01
	lr_factor: None
	lr_min: 0.0001
	lr_patience: None
	lr_scheduler: cosine
	lr_warmup_epochs: 0
	momentum: 0.0
	multi_softmax: False
	nepochs: 90
	network: resnetv2_101x1_bit.goog_in21k
	no_cudnn_deterministic: False
	normalize: in21k
	num_workers: 2
	optimizer_name: sgd
	pin_memory: False
	pretrained: True
	resize: 224
	results_path: ./results
	save_models: True
	seed: 0
	start_at_task: 3
	start_epoch: 0
	stop_at_task: 4
	stop_epoch: 90
	use_valid_only: False
	warmup_lr_factor: 1.0
	warmup_nepochs: 0
	weight_decay: 0.0
============================================================================================================
Approach arguments =
============================================================================================================
Exemplars arguments =
============================================================================================================
WARNING: ./results/resnetv2_101x1_bit.goog_in21k/inat200/joint/10 already exists!
Loaded acc_taw from: ./results/resnetv2_101x1_bit.goog_in21k/inat200/joint/10/acc_taw-2.txt
Loaded acc_tag from: ./results/resnetv2_101x1_bit.goog_in21k/inat200/joint/10/acc_tag-2.txt
Loaded forg_taw from: ./results/resnetv2_101x1_bit.goog_in21k/inat200/joint/10/forg_taw-2.txt
Loaded forg_tag from: ./results/resnetv2_101x1_bit.goog_in21k/inat200/joint/10/forg_tag-2.txt
[joint] Loaded accumulated datasets up to task 2 from ./results/resnetv2_101x1_bit.goog_in21k/inat200/joint/10/joint_progress
************************************************************************************************************
Task  3  [epochs 0-90]
************************************************************************************************************
[params] total:42,574,440  trainable:42,574,440  tensors:312  trainable_tensors:312
| Epoch   1, time= 55.8s | Train: skip eval | Valid: time=  6.1s loss=0.801, TAw acc= 91.8% | * lr=1.0e-02
| Epoch   2, time= 54.2s | Train: skip eval | Valid: time=  5.5s loss=0.855, TAw acc= 91.4% | lr=1.0e-02
| Epoch   3, time= 57.0s | Train: skip eval | Valid: time=  5.3s loss=0.836, TAw acc= 91.4% | lr=1.0e-02
| Epoch   4, time= 59.1s | Train: skip eval | Valid: time=  5.5s loss=0.851, TAw acc= 91.6% | lr=1.0e-02
| Epoch   5, time= 55.2s | Train: skip eval | Valid: time=  5.7s loss=0.855, TAw acc= 91.9% | lr=9.9e-03
| Epoch   6, time= 57.4s | Train: skip eval | Valid: time=  5.5s loss=0.879, TAw acc= 91.2% | lr=9.9e-03
| Epoch   7, time= 56.0s | Train: skip eval | Valid: time=  5.3s loss=0.975, TAw acc= 90.6% | lr=9.9e-03
| Epoch   8, time= 60.7s | Train: skip eval | Valid: time=  5.4s loss=0.861, TAw acc= 92.2% | lr=9.8e-03
| Epoch   9, time= 53.6s | Train: skip eval | Valid: time=  5.8s loss=0.924, TAw acc= 90.9% | lr=9.8e-03
| Epoch  10, time= 54.2s | Train: skip eval | Valid: time=  5.9s loss=0.888, TAw acc= 91.9% | lr=9.7e-03
| Epoch  11, time= 54.3s | Train: skip eval | Valid: time=  5.7s loss=0.837, TAw acc= 92.1% | lr=9.6e-03
| Epoch  12, time= 55.3s | Train: skip eval | Valid: time=  5.1s loss=0.883, TAw acc= 91.2% | lr=9.6e-03
| Epoch  13, time= 56.1s | Train: skip eval | Valid: time=  5.7s loss=0.857, TAw acc= 91.6% | lr=9.5e-03
| Epoch  14, time= 53.5s | Train: skip eval | Valid: time=  6.0s loss=0.841, TAw acc= 92.1% | lr=9.4e-03
| Epoch  15, time= 55.8s | Train: skip eval | Valid: time=  5.5s loss=0.896, TAw acc= 92.0% | lr=9.3e-03
| Epoch  16, time= 60.6s | Train: skip eval | Valid: time=  5.3s loss=0.944, TAw acc= 90.9% | lr=9.2e-03
| Epoch  17, time= 55.9s | Train: skip eval | Valid: time=  6.1s loss=0.898, TAw acc= 91.2% | lr=9.2e-03
| Epoch  18, time= 56.0s | Train: skip eval | Valid: time=  5.7s loss=0.911, TAw acc= 91.5% | lr=9.1e-03
| Epoch  19, time= 55.9s | Train: skip eval | Valid: time=  5.1s loss=0.982, TAw acc= 92.1% | lr=9.0e-03
| Epoch  20, time= 54.7s | Train: skip eval | Valid: time=  5.9s loss=0.932, TAw acc= 92.1% | lr=8.8e-03
| Epoch  21, time= 70.9s | Train: skip eval | Valid: time=  5.8s loss=0.894, TAw acc= 92.2% | lr=8.7e-03
| Epoch  22, time= 54.2s | Train: skip eval | Valid: time=  5.7s loss=0.870, TAw acc= 92.2% | lr=8.6e-03
| Epoch  23, time= 55.8s | Train: skip eval | Valid: time=  5.2s loss=0.873, TAw acc= 91.9% | lr=8.5e-03
| Epoch  24, time= 53.2s | Train: skip eval | Valid: time=  5.3s loss=0.853, TAw acc= 92.5% | lr=8.4e-03
| Epoch  25, time= 56.7s | Train: skip eval | Valid: time=  5.4s loss=0.899, TAw acc= 91.5% | lr=8.2e-03
| Epoch  26, time= 51.1s | Train: skip eval | Valid: time=  5.6s loss=0.872, TAw acc= 91.5% | lr=8.1e-03
| Epoch  27, time= 52.4s | Train: skip eval | Valid: time=  5.2s loss=0.863, TAw acc= 92.1% | lr=8.0e-03
| Epoch  28, time= 54.4s | Train: skip eval | Valid: time=  5.7s loss=0.928, TAw acc= 91.6% | lr=7.8e-03
| Epoch  29, time= 59.6s | Train: skip eval | Valid: time=  5.1s loss=0.934, TAw acc= 91.1% | lr=7.7e-03
| Epoch  30, time= 53.0s | Train: skip eval | Valid: time=  5.7s loss=0.868, TAw acc= 91.8% | lr=7.5e-03
| Epoch  31, time= 57.0s | Train: skip eval | Valid: time=  6.6s loss=0.881, TAw acc= 92.1% | lr=7.4e-03
| Epoch  32, time= 52.8s | Train: skip eval | Valid: time=  5.5s loss=0.867, TAw acc= 92.4% | lr=7.2e-03
| Epoch  33, time= 53.7s | Train: skip eval | Valid: time=  5.1s loss=0.882, TAw acc= 92.4% | lr=7.1e-03
| Epoch  34, time= 55.2s | Train: skip eval | Valid: time=  5.3s loss=0.869, TAw acc= 91.9% | lr=6.9e-03
| Epoch  35, time= 53.9s | Train: skip eval | Valid: time=  5.9s loss=0.878, TAw acc= 92.4% | lr=6.7e-03
| Epoch  36, time= 54.6s | Train: skip eval | Valid: time=  5.9s loss=0.931, TAw acc= 91.4% | lr=6.6e-03
| Epoch  37, time= 54.2s | Train: skip eval | Valid: time=  5.3s loss=0.916, TAw acc= 91.9% | lr=6.4e-03
| Epoch  38, time= 56.7s | Train: skip eval | Valid: time=  5.6s loss=0.939, TAw acc= 92.1% | lr=6.2e-03
| Epoch  39, time= 58.0s | Train: skip eval | Valid: time=  5.5s loss=0.911, TAw acc= 92.2% | lr=6.1e-03
| Epoch  40, time= 60.8s | Train: skip eval | Valid: time=  5.3s loss=0.920, TAw acc= 91.8% | lr=5.9e-03
| Epoch  41, time= 56.8s | Train: skip eval | Valid: time=  6.1s loss=0.894, TAw acc= 92.1% | lr=5.7e-03
| Epoch  42, time= 54.3s | Train: skip eval | Valid: time=  5.3s loss=0.910, TAw acc= 92.2% | lr=5.6e-03
| Epoch  43, time= 52.6s | Train: skip eval | Valid: time=  5.6s loss=0.901, TAw acc= 91.9% | lr=5.4e-03
| Epoch  44, time= 52.5s | Train: skip eval | Valid: time=  5.2s loss=0.881, TAw acc= 91.7% | lr=5.2e-03
| Epoch  45, time= 53.9s | Train: skip eval | Valid: time=  5.1s loss=0.877, TAw acc= 92.1% | lr=5.1e-03
| Epoch  46, time= 54.1s | Train: skip eval | Valid: time=  5.2s loss=0.872, TAw acc= 92.4% | lr=4.9e-03
| Epoch  47, time= 55.4s | Train: skip eval | Valid: time=  5.5s loss=0.903, TAw acc= 92.9% | lr=4.7e-03
| Epoch  48, time= 58.2s | Train: skip eval | Valid: time=  5.6s loss=0.896, TAw acc= 91.9% | lr=4.5e-03
| Epoch  49, time= 53.0s | Train: skip eval | Valid: time=  6.2s loss=0.899, TAw acc= 92.6% | lr=4.4e-03
| Epoch  50, time= 54.4s | Train: skip eval | Valid: time=  6.3s loss=0.891, TAw acc= 91.9% | lr=4.2e-03
| Epoch  51, time= 57.2s | Train: skip eval | Valid: time=  5.8s loss=0.906, TAw acc= 91.9% | lr=4.0e-03
| Epoch  52, time= 52.4s | Train: skip eval | Valid: time=  5.1s loss=0.882, TAw acc= 92.7% | lr=3.9e-03
| Epoch  53, time= 55.7s | Train: skip eval | Valid: time=  5.9s loss=0.915, TAw acc= 92.4% | lr=3.7e-03
| Epoch  54, time= 56.1s | Train: skip eval | Valid: time=  5.5s loss=0.887, TAw acc= 92.2% | lr=3.5e-03
| Epoch  55, time= 58.6s | Train: skip eval | Valid: time=  5.2s loss=0.869, TAw acc= 91.8% | lr=3.4e-03
| Epoch  56, time= 56.0s | Train: skip eval | Valid: time=  5.4s loss=0.841, TAw acc= 92.4% | lr=3.2e-03
| Epoch  57, time= 52.2s | Train: skip eval | Valid: time=  5.4s loss=0.885, TAw acc= 92.3% | lr=3.0e-03
| Epoch  58, time= 53.7s | Train: skip eval | Valid: time=  5.2s loss=0.866, TAw acc= 92.5% | lr=2.9e-03
| Epoch  59, time= 55.4s | Train: skip eval | Valid: time=  5.5s loss=0.893, TAw acc= 92.2% | lr=2.7e-03
| Epoch  60, time= 52.4s | Train: skip eval | Valid: time=  5.1s loss=0.855, TAw acc= 92.4% | lr=2.6e-03
| Epoch  61, time= 57.6s | Train: skip eval | Valid: time=  5.4s loss=0.863, TAw acc= 92.3% | lr=2.4e-03
| Epoch  62, time= 55.8s | Train: skip eval | Valid: time=  5.7s loss=0.836, TAw acc= 92.2% | lr=2.3e-03
| Epoch  63, time= 57.8s | Train: skip eval | Valid: time=  5.2s loss=0.855, TAw acc= 92.0% | lr=2.1e-03
| Epoch  64, time= 54.3s | Train: skip eval | Valid: time=  5.0s loss=0.853, TAw acc= 92.2% | lr=2.0e-03
| Epoch  65, time= 53.6s | Train: skip eval | Valid: time=  4.9s loss=0.862, TAw acc= 92.4% | lr=1.9e-03
| Epoch  66, time= 52.1s | Train: skip eval | Valid: time=  5.3s loss=0.871, TAw acc= 92.4% | lr=1.7e-03
| Epoch  67, time= 55.7s | Train: skip eval | Valid: time=  5.1s loss=0.854, TAw acc= 92.1% | lr=1.6e-03
| Epoch  68, time= 56.5s | Train: skip eval | Valid: time=  6.0s loss=0.859, TAw acc= 92.1% | lr=1.5e-03
| Epoch  69, time= 51.3s | Train: skip eval | Valid: time=  5.3s loss=0.855, TAw acc= 92.1% | lr=1.4e-03
| Epoch  70, time= 57.9s | Train: skip eval | Valid: time=  5.5s loss=0.852, TAw acc= 92.4% | lr=1.3e-03
| Epoch  71, time= 55.7s | Train: skip eval | Valid: time=  5.1s loss=0.856, TAw acc= 92.2% | lr=1.1e-03
| Epoch  72, time= 57.3s | Train: skip eval | Valid: time=  5.1s loss=0.849, TAw acc= 92.2% | lr=1.0e-03
| Epoch  73, time= 55.0s | Train: skip eval | Valid: time=  5.7s loss=0.851, TAw acc= 92.2% | lr=9.5e-04
| Epoch  74, time= 52.6s | Train: skip eval | Valid: time=  5.2s loss=0.853, TAw acc= 92.4% | lr=8.5e-04
| Epoch  75, time= 55.3s | Train: skip eval | Valid: time=  6.7s loss=0.858, TAw acc= 92.2% | lr=7.6e-04
| Epoch  76, time= 64.4s | Train: skip eval | Valid: time=  5.3s loss=0.859, TAw acc= 92.1% | lr=6.8e-04
| Epoch  77, time= 55.7s | Train: skip eval | Valid: time=  5.2s loss=0.864, TAw acc= 92.3% | lr=6.0e-04
| Epoch  78, time= 57.4s | Train: skip eval | Valid: time=  6.5s loss=0.859, TAw acc= 92.2% | lr=5.3e-04
| Epoch  79, time= 58.4s | Train: skip eval | Valid: time=  5.6s loss=0.858, TAw acc= 92.1% | lr=4.6e-04
| Epoch  80, time= 54.6s | Train: skip eval | Valid: time=  5.5s loss=0.862, TAw acc= 92.3% | lr=4.0e-04
| Epoch  81, time= 57.3s | Train: skip eval | Valid: time=  5.2s loss=0.864, TAw acc= 92.2% | lr=3.4e-04
| Epoch  82, time= 56.7s | Train: skip eval | Valid: time=  5.3s loss=0.863, TAw acc= 92.1% | lr=2.9e-04
| Epoch  83, time= 61.0s | Train: skip eval | Valid: time=  5.3s loss=0.858, TAw acc= 92.3% | lr=2.5e-04
| Epoch  84, time= 56.2s | Train: skip eval | Valid: time=  5.7s loss=0.855, TAw acc= 92.1% | lr=2.1e-04
| Epoch  85, time= 54.4s | Train: skip eval | Valid: time=  5.9s loss=0.854, TAw acc= 92.2% | lr=1.8e-04
| Epoch  86, time= 58.5s | Train: skip eval | Valid: time=  5.3s loss=0.854, TAw acc= 92.2% | lr=1.5e-04
| Epoch  87, time= 55.4s | Train: skip eval | Valid: time=  6.4s loss=0.855, TAw acc= 92.3% | lr=1.3e-04
| Epoch  88, time= 56.7s | Train: skip eval | Valid: time=  6.6s loss=0.854, TAw acc= 92.2% | lr=1.1e-04
| Epoch  89, time= 55.5s | Train: skip eval | Valid: time=  5.8s loss=0.853, TAw acc= 92.3% | lr=1.0e-04
| Epoch  90, time= 56.1s | Train: skip eval | Valid: time=  5.4s loss=0.853, TAw acc= 92.1% | lr=1.0e-04
------------------------------------------------------------------------------------------------------------
>>> Test on task  0 : loss=0.965 | TAw acc= 94.5%, forg=  0.2% | TAg acc= 79.4%, forg= 15.0% <<<
>>> Test on task  1 : loss=1.020 | TAw acc= 91.8%, forg=  0.1% | TAg acc= 77.5%, forg=  9.6% <<<
>>> Test on task  2 : loss=0.526 | TAw acc= 95.2%, forg=  0.3% | TAg acc= 86.1%, forg=  4.3% <<<
>>> Test on task  3 : loss=0.601 | TAw acc= 85.6%, forg=  0.0% | TAg acc= 79.6%, forg=  0.0% <<<
Save at ./results/./results/resnetv2_101x1_bit.goog_in21k/inat200/joint/10
[joint] Saved accumulated datasets up to task 3 → ./results/resnetv2_101x1_bit.goog_in21k/inat200/joint/10/joint_progress
************************************************************************************************************
TAw Acc
	 94.4%   0.0%   0.0%   0.0%   0.0%   0.0%   0.0%   0.0%   0.0%   0.0%   0.0%   0.0%   0.0%   0.0%   0.0%   0.0%   0.0%   0.0%   0.0%   0.0% 	Avg.: 94.4% 
	 92.6%  91.7%   0.0%   0.0%   0.0%   0.0%   0.0%   0.0%   0.0%   0.0%   0.0%   0.0%   0.0%   0.0%   0.0%   0.0%   0.0%   0.0%   0.0%   0.0% 	Avg.: 92.1% 
	 94.7%  91.9%  95.5%   0.0%   0.0%   0.0%   0.0%   0.0%   0.0%   0.0%   0.0%   0.0%   0.0%   0.0%   0.0%   0.0%   0.0%   0.0%   0.0%   0.0% 	Avg.: 94.0% 
	 94.5%  91.8%  95.2%  85.6%   0.0%   0.0%   0.0%   0.0%   0.0%   0.0%   0.0%   0.0%   0.0%   0.0%   0.0%   0.0%   0.0%   0.0%   0.0%   0.0% 	Avg.: 91.8% 
	  0.0%   0.0%   0.0%   0.0%   0.0%   0.0%   0.0%   0.0%   0.0%   0.0%   0.0%   0.0%   0.0%   0.0%   0.0%   0.0%   0.0%   0.0%   0.0%   0.0% 	Avg.:  0.0% 
	  0.0%   0.0%   0.0%   0.0%   0.0%   0.0%   0.0%   0.0%   0.0%   0.0%   0.0%   0.0%   0.0%   0.0%   0.0%   0.0%   0.0%   0.0%   0.0%   0.0% 	Avg.:  0.0% 
	  0.0%   0.0%   0.0%   0.0%   0.0%   0.0%   0.0%   0.0%   0.0%   0.0%   0.0%   0.0%   0.0%   0.0%   0.0%   0.0%   0.0%   0.0%   0.0%   0.0% 	Avg.:  0.0% 
	  0.0%   0.0%   0.0%   0.0%   0.0%   0.0%   0.0%   0.0%   0.0%   0.0%   0.0%   0.0%   0.0%   0.0%   0.0%   0.0%   0.0%   0.0%   0.0%   0.0% 	Avg.:  0.0% 
	  0.0%   0.0%   0.0%   0.0%   0.0%   0.0%   0.0%   0.0%   0.0%   0.0%   0.0%   0.0%   0.0%   0.0%   0.0%   0.0%   0.0%   0.0%   0.0%   0.0% 	Avg.:  0.0% 
	  0.0%   0.0%   0.0%   0.0%   0.0%   0.0%   0.0%   0.0%   0.0%   0.0%   0.0%   0.0%   0.0%   0.0%   0.0%   0.0%   0.0%   0.0%   0.0%   0.0% 	Avg.:  0.0% 
	  0.0%   0.0%   0.0%   0.0%   0.0%   0.0%   0.0%   0.0%   0.0%   0.0%   0.0%   0.0%   0.0%   0.0%   0.0%   0.0%   0.0%   0.0%   0.0%   0.0% 	Avg.:  0.0% 
	  0.0%   0.0%   0.0%   0.0%   0.0%   0.0%   0.0%   0.0%   0.0%   0.0%   0.0%   0.0%   0.0%   0.0%   0.0%   0.0%   0.0%   0.0%   0.0%   0.0% 	Avg.:  0.0% 
	  0.0%   0.0%   0.0%   0.0%   0.0%   0.0%   0.0%   0.0%   0.0%   0.0%   0.0%   0.0%   0.0%   0.0%   0.0%   0.0%   0.0%   0.0%   0.0%   0.0% 	Avg.:  0.0% 
	  0.0%   0.0%   0.0%   0.0%   0.0%   0.0%   0.0%   0.0%   0.0%   0.0%   0.0%   0.0%   0.0%   0.0%   0.0%   0.0%   0.0%   0.0%   0.0%   0.0% 	Avg.:  0.0% 
	  0.0%   0.0%   0.0%   0.0%   0.0%   0.0%   0.0%   0.0%   0.0%   0.0%   0.0%   0.0%   0.0%   0.0%   0.0%   0.0%   0.0%   0.0%   0.0%   0.0% 	Avg.:  0.0% 
	  0.0%   0.0%   0.0%   0.0%   0.0%   0.0%   0.0%   0.0%   0.0%   0.0%   0.0%   0.0%   0.0%   0.0%   0.0%   0.0%   0.0%   0.0%   0.0%   0.0% 	Avg.:  0.0% 
	  0.0%   0.0%   0.0%   0.0%   0.0%   0.0%   0.0%   0.0%   0.0%   0.0%   0.0%   0.0%   0.0%   0.0%   0.0%   0.0%   0.0%   0.0%   0.0%   0.0% 	Avg.:  0.0% 
	  0.0%   0.0%   0.0%   0.0%   0.0%   0.0%   0.0%   0.0%   0.0%   0.0%   0.0%   0.0%   0.0%   0.0%   0.0%   0.0%   0.0%   0.0%   0.0%   0.0% 	Avg.:  0.0% 
	  0.0%   0.0%   0.0%   0.0%   0.0%   0.0%   0.0%   0.0%   0.0%   0.0%   0.0%   0.0%   0.0%   0.0%   0.0%   0.0%   0.0%   0.0%   0.0%   0.0% 	Avg.:  0.0% 
	  0.0%   0.0%   0.0%   0.0%   0.0%   0.0%   0.0%   0.0%   0.0%   0.0%   0.0%   0.0%   0.0%   0.0%   0.0%   0.0%   0.0%   0.0%   0.0%   0.0% 	Avg.:  0.0% 
************************************************************************************************************
TAg Acc
	 94.4%   0.0%   0.0%   0.0%   0.0%   0.0%   0.0%   0.0%   0.0%   0.0%   0.0%   0.0%   0.0%   0.0%   0.0%   0.0%   0.0%   0.0%   0.0%   0.0% 	Avg.: 94.4% 
	 87.6%  87.1%   0.0%   0.0%   0.0%   0.0%   0.0%   0.0%   0.0%   0.0%   0.0%   0.0%   0.0%   0.0%   0.0%   0.0%   0.0%   0.0%   0.0%   0.0% 	Avg.: 87.3% 
	 86.5%  85.3%  90.4%   0.0%   0.0%   0.0%   0.0%   0.0%   0.0%   0.0%   0.0%   0.0%   0.0%   0.0%   0.0%   0.0%   0.0%   0.0%   0.0%   0.0% 	Avg.: 87.4% 
	 79.4%  77.5%  86.1%  79.6%   0.0%   0.0%   0.0%   0.0%   0.0%   0.0%   0.0%   0.0%   0.0%   0.0%   0.0%   0.0%   0.0%   0.0%   0.0%   0.0% 	Avg.: 80.7% 
	  0.0%   0.0%   0.0%   0.0%   0.0%   0.0%   0.0%   0.0%   0.0%   0.0%   0.0%   0.0%   0.0%   0.0%   0.0%   0.0%   0.0%   0.0%   0.0%   0.0% 	Avg.:  0.0% 
	  0.0%   0.0%   0.0%   0.0%   0.0%   0.0%   0.0%   0.0%   0.0%   0.0%   0.0%   0.0%   0.0%   0.0%   0.0%   0.0%   0.0%   0.0%   0.0%   0.0% 	Avg.:  0.0% 
	  0.0%   0.0%   0.0%   0.0%   0.0%   0.0%   0.0%   0.0%   0.0%   0.0%   0.0%   0.0%   0.0%   0.0%   0.0%   0.0%   0.0%   0.0%   0.0%   0.0% 	Avg.:  0.0% 
	  0.0%   0.0%   0.0%   0.0%   0.0%   0.0%   0.0%   0.0%   0.0%   0.0%   0.0%   0.0%   0.0%   0.0%   0.0%   0.0%   0.0%   0.0%   0.0%   0.0% 	Avg.:  0.0% 
	  0.0%   0.0%   0.0%   0.0%   0.0%   0.0%   0.0%   0.0%   0.0%   0.0%   0.0%   0.0%   0.0%   0.0%   0.0%   0.0%   0.0%   0.0%   0.0%   0.0% 	Avg.:  0.0% 
	  0.0%   0.0%   0.0%   0.0%   0.0%   0.0%   0.0%   0.0%   0.0%   0.0%   0.0%   0.0%   0.0%   0.0%   0.0%   0.0%   0.0%   0.0%   0.0%   0.0% 	Avg.:  0.0% 
	  0.0%   0.0%   0.0%   0.0%   0.0%   0.0%   0.0%   0.0%   0.0%   0.0%   0.0%   0.0%   0.0%   0.0%   0.0%   0.0%   0.0%   0.0%   0.0%   0.0% 	Avg.:  0.0% 
	  0.0%   0.0%   0.0%   0.0%   0.0%   0.0%   0.0%   0.0%   0.0%   0.0%   0.0%   0.0%   0.0%   0.0%   0.0%   0.0%   0.0%   0.0%   0.0%   0.0% 	Avg.:  0.0% 
	  0.0%   0.0%   0.0%   0.0%   0.0%   0.0%   0.0%   0.0%   0.0%   0.0%   0.0%   0.0%   0.0%   0.0%   0.0%   0.0%   0.0%   0.0%   0.0%   0.0% 	Avg.:  0.0% 
	  0.0%   0.0%   0.0%   0.0%   0.0%   0.0%   0.0%   0.0%   0.0%   0.0%   0.0%   0.0%   0.0%   0.0%   0.0%   0.0%   0.0%   0.0%   0.0%   0.0% 	Avg.:  0.0% 
	  0.0%   0.0%   0.0%   0.0%   0.0%   0.0%   0.0%   0.0%   0.0%   0.0%   0.0%   0.0%   0.0%   0.0%   0.0%   0.0%   0.0%   0.0%   0.0%   0.0% 	Avg.:  0.0% 
	  0.0%   0.0%   0.0%   0.0%   0.0%   0.0%   0.0%   0.0%   0.0%   0.0%   0.0%   0.0%   0.0%   0.0%   0.0%   0.0%   0.0%   0.0%   0.0%   0.0% 	Avg.:  0.0% 
	  0.0%   0.0%   0.0%   0.0%   0.0%   0.0%   0.0%   0.0%   0.0%   0.0%   0.0%   0.0%   0.0%   0.0%   0.0%   0.0%   0.0%   0.0%   0.0%   0.0% 	Avg.:  0.0% 
	  0.0%   0.0%   0.0%   0.0%   0.0%   0.0%   0.0%   0.0%   0.0%   0.0%   0.0%   0.0%   0.0%   0.0%   0.0%   0.0%   0.0%   0.0%   0.0%   0.0% 	Avg.:  0.0% 
	  0.0%   0.0%   0.0%   0.0%   0.0%   0.0%   0.0%   0.0%   0.0%   0.0%   0.0%   0.0%   0.0%   0.0%   0.0%   0.0%   0.0%   0.0%   0.0%   0.0% 	Avg.:  0.0% 
	  0.0%   0.0%   0.0%   0.0%   0.0%   0.0%   0.0%   0.0%   0.0%   0.0%   0.0%   0.0%   0.0%   0.0%   0.0%   0.0%   0.0%   0.0%   0.0%   0.0% 	Avg.:  0.0% 
************************************************************************************************************
TAw Forg
	  0.0%   0.0%   0.0%   0.0%   0.0%   0.0%   0.0%   0.0%   0.0%   0.0%   0.0%   0.0%   0.0%   0.0%   0.0%   0.0%   0.0%   0.0%   0.0%   0.0% 
	  1.8%   0.0%   0.0%   0.0%   0.0%   0.0%   0.0%   0.0%   0.0%   0.0%   0.0%   0.0%   0.0%   0.0%   0.0%   0.0%   0.0%   0.0%   0.0%   0.0% 	Avg.:  1.8% 
	 -0.3%  -0.2%   0.0%   0.0%   0.0%   0.0%   0.0%   0.0%   0.0%   0.0%   0.0%   0.0%   0.0%   0.0%   0.0%   0.0%   0.0%   0.0%   0.0%   0.0% 	Avg.: -0.2% 
	  0.2%   0.1%   0.3%   0.0%   0.0%   0.0%   0.0%   0.0%   0.0%   0.0%   0.0%   0.0%   0.0%   0.0%   0.0%   0.0%   0.0%   0.0%   0.0%   0.0% 	Avg.:  0.2% 
	  0.0%   0.0%   0.0%   0.0%   0.0%   0.0%   0.0%   0.0%   0.0%   0.0%   0.0%   0.0%   0.0%   0.0%   0.0%   0.0%   0.0%   0.0%   0.0%   0.0% 	Avg.:  0.0% 
	  0.0%   0.0%   0.0%   0.0%   0.0%   0.0%   0.0%   0.0%   0.0%   0.0%   0.0%   0.0%   0.0%   0.0%   0.0%   0.0%   0.0%   0.0%   0.0%   0.0% 	Avg.:  0.0% 
	  0.0%   0.0%   0.0%   0.0%   0.0%   0.0%   0.0%   0.0%   0.0%   0.0%   0.0%   0.0%   0.0%   0.0%   0.0%   0.0%   0.0%   0.0%   0.0%   0.0% 	Avg.:  0.0% 
	  0.0%   0.0%   0.0%   0.0%   0.0%   0.0%   0.0%   0.0%   0.0%   0.0%   0.0%   0.0%   0.0%   0.0%   0.0%   0.0%   0.0%   0.0%   0.0%   0.0% 	Avg.:  0.0% 
	  0.0%   0.0%   0.0%   0.0%   0.0%   0.0%   0.0%   0.0%   0.0%   0.0%   0.0%   0.0%   0.0%   0.0%   0.0%   0.0%   0.0%   0.0%   0.0%   0.0% 	Avg.:  0.0% 
	  0.0%   0.0%   0.0%   0.0%   0.0%   0.0%   0.0%   0.0%   0.0%   0.0%   0.0%   0.0%   0.0%   0.0%   0.0%   0.0%   0.0%   0.0%   0.0%   0.0% 	Avg.:  0.0% 
	  0.0%   0.0%   0.0%   0.0%   0.0%   0.0%   0.0%   0.0%   0.0%   0.0%   0.0%   0.0%   0.0%   0.0%   0.0%   0.0%   0.0%   0.0%   0.0%   0.0% 	Avg.:  0.0% 
	  0.0%   0.0%   0.0%   0.0%   0.0%   0.0%   0.0%   0.0%   0.0%   0.0%   0.0%   0.0%   0.0%   0.0%   0.0%   0.0%   0.0%   0.0%   0.0%   0.0% 	Avg.:  0.0% 
	  0.0%   0.0%   0.0%   0.0%   0.0%   0.0%   0.0%   0.0%   0.0%   0.0%   0.0%   0.0%   0.0%   0.0%   0.0%   0.0%   0.0%   0.0%   0.0%   0.0% 	Avg.:  0.0% 
	  0.0%   0.0%   0.0%   0.0%   0.0%   0.0%   0.0%   0.0%   0.0%   0.0%   0.0%   0.0%   0.0%   0.0%   0.0%   0.0%   0.0%   0.0%   0.0%   0.0% 	Avg.:  0.0% 
	  0.0%   0.0%   0.0%   0.0%   0.0%   0.0%   0.0%   0.0%   0.0%   0.0%   0.0%   0.0%   0.0%   0.0%   0.0%   0.0%   0.0%   0.0%   0.0%   0.0% 	Avg.:  0.0% 
	  0.0%   0.0%   0.0%   0.0%   0.0%   0.0%   0.0%   0.0%   0.0%   0.0%   0.0%   0.0%   0.0%   0.0%   0.0%   0.0%   0.0%   0.0%   0.0%   0.0% 	Avg.:  0.0% 
	  0.0%   0.0%   0.0%   0.0%   0.0%   0.0%   0.0%   0.0%   0.0%   0.0%   0.0%   0.0%   0.0%   0.0%   0.0%   0.0%   0.0%   0.0%   0.0%   0.0% 	Avg.:  0.0% 
	  0.0%   0.0%   0.0%   0.0%   0.0%   0.0%   0.0%   0.0%   0.0%   0.0%   0.0%   0.0%   0.0%   0.0%   0.0%   0.0%   0.0%   0.0%   0.0%   0.0% 	Avg.:  0.0% 
	  0.0%   0.0%   0.0%   0.0%   0.0%   0.0%   0.0%   0.0%   0.0%   0.0%   0.0%   0.0%   0.0%   0.0%   0.0%   0.0%   0.0%   0.0%   0.0%   0.0% 	Avg.:  0.0% 
	  0.0%   0.0%   0.0%   0.0%   0.0%   0.0%   0.0%   0.0%   0.0%   0.0%   0.0%   0.0%   0.0%   0.0%   0.0%   0.0%   0.0%   0.0%   0.0%   0.0% 	Avg.:  0.0% 
************************************************************************************************************
TAg Forg
	  0.0%   0.0%   0.0%   0.0%   0.0%   0.0%   0.0%   0.0%   0.0%   0.0%   0.0%   0.0%   0.0%   0.0%   0.0%   0.0%   0.0%   0.0%   0.0%   0.0% 
	  6.8%   0.0%   0.0%   0.0%   0.0%   0.0%   0.0%   0.0%   0.0%   0.0%   0.0%   0.0%   0.0%   0.0%   0.0%   0.0%   0.0%   0.0%   0.0%   0.0% 	Avg.:  6.8% 
	  7.9%   1.8%   0.0%   0.0%   0.0%   0.0%   0.0%   0.0%   0.0%   0.0%   0.0%   0.0%   0.0%   0.0%   0.0%   0.0%   0.0%   0.0%   0.0%   0.0% 	Avg.:  4.9% 
	 15.0%   9.6%   4.3%   0.0%   0.0%   0.0%   0.0%   0.0%   0.0%   0.0%   0.0%   0.0%   0.0%   0.0%   0.0%   0.0%   0.0%   0.0%   0.0%   0.0% 	Avg.:  9.6% 
	  0.0%   0.0%   0.0%   0.0%   0.0%   0.0%   0.0%   0.0%   0.0%   0.0%   0.0%   0.0%   0.0%   0.0%   0.0%   0.0%   0.0%   0.0%   0.0%   0.0% 	Avg.:  0.0% 
	  0.0%   0.0%   0.0%   0.0%   0.0%   0.0%   0.0%   0.0%   0.0%   0.0%   0.0%   0.0%   0.0%   0.0%   0.0%   0.0%   0.0%   0.0%   0.0%   0.0% 	Avg.:  0.0% 
	  0.0%   0.0%   0.0%   0.0%   0.0%   0.0%   0.0%   0.0%   0.0%   0.0%   0.0%   0.0%   0.0%   0.0%   0.0%   0.0%   0.0%   0.0%   0.0%   0.0% 	Avg.:  0.0% 
	  0.0%   0.0%   0.0%   0.0%   0.0%   0.0%   0.0%   0.0%   0.0%   0.0%   0.0%   0.0%   0.0%   0.0%   0.0%   0.0%   0.0%   0.0%   0.0%   0.0% 	Avg.:  0.0% 
	  0.0%   0.0%   0.0%   0.0%   0.0%   0.0%   0.0%   0.0%   0.0%   0.0%   0.0%   0.0%   0.0%   0.0%   0.0%   0.0%   0.0%   0.0%   0.0%   0.0% 	Avg.:  0.0% 
	  0.0%   0.0%   0.0%   0.0%   0.0%   0.0%   0.0%   0.0%   0.0%   0.0%   0.0%   0.0%   0.0%   0.0%   0.0%   0.0%   0.0%   0.0%   0.0%   0.0% 	Avg.:  0.0% 
	  0.0%   0.0%   0.0%   0.0%   0.0%   0.0%   0.0%   0.0%   0.0%   0.0%   0.0%   0.0%   0.0%   0.0%   0.0%   0.0%   0.0%   0.0%   0.0%   0.0% 	Avg.:  0.0% 
	  0.0%   0.0%   0.0%   0.0%   0.0%   0.0%   0.0%   0.0%   0.0%   0.0%   0.0%   0.0%   0.0%   0.0%   0.0%   0.0%   0.0%   0.0%   0.0%   0.0% 	Avg.:  0.0% 
	  0.0%   0.0%   0.0%   0.0%   0.0%   0.0%   0.0%   0.0%   0.0%   0.0%   0.0%   0.0%   0.0%   0.0%   0.0%   0.0%   0.0%   0.0%   0.0%   0.0% 	Avg.:  0.0% 
	  0.0%   0.0%   0.0%   0.0%   0.0%   0.0%   0.0%   0.0%   0.0%   0.0%   0.0%   0.0%   0.0%   0.0%   0.0%   0.0%   0.0%   0.0%   0.0%   0.0% 	Avg.:  0.0% 
	  0.0%   0.0%   0.0%   0.0%   0.0%   0.0%   0.0%   0.0%   0.0%   0.0%   0.0%   0.0%   0.0%   0.0%   0.0%   0.0%   0.0%   0.0%   0.0%   0.0% 	Avg.:  0.0% 
	  0.0%   0.0%   0.0%   0.0%   0.0%   0.0%   0.0%   0.0%   0.0%   0.0%   0.0%   0.0%   0.0%   0.0%   0.0%   0.0%   0.0%   0.0%   0.0%   0.0% 	Avg.:  0.0% 
	  0.0%   0.0%   0.0%   0.0%   0.0%   0.0%   0.0%   0.0%   0.0%   0.0%   0.0%   0.0%   0.0%   0.0%   0.0%   0.0%   0.0%   0.0%   0.0%   0.0% 	Avg.:  0.0% 
	  0.0%   0.0%   0.0%   0.0%   0.0%   0.0%   0.0%   0.0%   0.0%   0.0%   0.0%   0.0%   0.0%   0.0%   0.0%   0.0%   0.0%   0.0%   0.0%   0.0% 	Avg.:  0.0% 
	  0.0%   0.0%   0.0%   0.0%   0.0%   0.0%   0.0%   0.0%   0.0%   0.0%   0.0%   0.0%   0.0%   0.0%   0.0%   0.0%   0.0%   0.0%   0.0%   0.0% 	Avg.:  0.0% 
	  0.0%   0.0%   0.0%   0.0%   0.0%   0.0%   0.0%   0.0%   0.0%   0.0%   0.0%   0.0%   0.0%   0.0%   0.0%   0.0%   0.0%   0.0%   0.0%   0.0% 	Avg.:  0.0% 
************************************************************************************************************
[Elapsed time = 1.5 h]
Done!
