START_TASK=12 STOP_TASK=13
============================================================================================================
Arguments =
	all_outputs: False
	approach: finetuning
	batch_size: 64
	classes_first_task: None
	clipping: 10000
	crop: 224
	data_path: ../data/inat200
	dataset: inat200
	eval_on_train: False
	experiment_path: None
	fix_bn: False
	freeze_backbone: False
	gpu: 0
	gpus: [0]
	increment: 10
	last_layer_analysis: False
	log: ['disk']
	lr: 0.01
	lr_factor: None
	lr_min: 0.0001
	lr_patience: None
	lr_scheduler: cosine
	lr_warmup_epochs: 0
	momentum: 0.0
	multi_softmax: False
	nepochs: 90
	network: vit_small_patch16_224.augreg_in1k
	no_cudnn_deterministic: False
	normalize: in1k
	num_workers: 2
	optimizer_name: sgd
	pin_memory: False
	pretrained: True
	resize: 224
	results_path: ./results
	save_models: True
	seed: 0
	start_at_task: 12
	start_epoch: 0
	stop_at_task: 13
	stop_epoch: 0
	use_valid_only: False
	warmup_lr_factor: 1.0
	warmup_nepochs: 0
	weight_decay: 0.0
============================================================================================================
Approach arguments =
============================================================================================================
Exemplars arguments =
============================================================================================================
WARNING: ./results/vit_small_patch16_224.augreg_in1k/inat200/finetuning/10 already exists!
Loaded acc_taw from: ./results/vit_small_patch16_224.augreg_in1k/inat200/finetuning/10/acc_taw-11.txt
Loaded acc_tag from: ./results/vit_small_patch16_224.augreg_in1k/inat200/finetuning/10/acc_tag-11.txt
Loaded forg_taw from: ./results/vit_small_patch16_224.augreg_in1k/inat200/finetuning/10/forg_taw-11.txt
Loaded forg_tag from: ./results/vit_small_patch16_224.augreg_in1k/inat200/finetuning/10/forg_tag-11.txt
************************************************************************************************************
Task 12  [epochs 0-90]
************************************************************************************************************
[params] total:21,715,714  trainable:21,715,714  tensors:176  trainable_tensors:176
| Epoch   1, time= 14.6s | Train: skip eval | Valid: time=  1.7s loss=0.400, TAw acc= 85.2% | * lr=1.0e-02
| Epoch   2, time= 13.1s | Train: skip eval | Valid: time=  1.7s loss=0.327, TAw acc= 90.8% | * lr=1.0e-02
| Epoch   3, time= 14.1s | Train: skip eval | Valid: time=  1.7s loss=0.399, TAw acc= 88.0% | lr=1.0e-02
| Epoch   4, time= 18.0s | Train: skip eval | Valid: time=  1.4s loss=0.297, TAw acc= 91.0% | * lr=1.0e-02
| Epoch   5, time= 15.7s | Train: skip eval | Valid: time=  1.7s loss=0.336, TAw acc= 90.2% | lr=9.9e-03
| Epoch   6, time= 15.3s | Train: skip eval | Valid: time=  1.4s loss=0.305, TAw acc= 90.8% | lr=9.9e-03
| Epoch   7, time= 13.2s | Train: skip eval | Valid: time=  1.7s loss=0.530, TAw acc= 81.8% | lr=9.9e-03
| Epoch   8, time= 17.4s | Train: skip eval | Valid: time=  1.4s loss=0.394, TAw acc= 87.2% | lr=9.8e-03
| Epoch   9, time= 16.5s | Train: skip eval | Valid: time=  1.8s loss=0.345, TAw acc= 87.8% | lr=9.8e-03
| Epoch  10, time= 14.1s | Train: skip eval | Valid: time=  1.3s loss=0.282, TAw acc= 92.0% | * lr=9.7e-03
| Epoch  11, time= 13.1s | Train: skip eval | Valid: time=  1.4s loss=0.309, TAw acc= 91.0% | lr=9.6e-03
| Epoch  12, time= 15.0s | Train: skip eval | Valid: time=  1.4s loss=0.276, TAw acc= 92.2% | * lr=9.6e-03
| Epoch  13, time= 17.4s | Train: skip eval | Valid: time=  1.3s loss=0.304, TAw acc= 90.5% | lr=9.5e-03
| Epoch  14, time= 13.8s | Train: skip eval | Valid: time=  1.3s loss=0.297, TAw acc= 91.8% | lr=9.4e-03
| Epoch  15, time= 14.2s | Train: skip eval | Valid: time=  1.3s loss=0.276, TAw acc= 92.5% | * lr=9.3e-03
| Epoch  16, time= 14.5s | Train: skip eval | Valid: time=  1.5s loss=0.285, TAw acc= 91.5% | lr=9.2e-03
| Epoch  17, time= 16.2s | Train: skip eval | Valid: time=  2.0s loss=0.364, TAw acc= 91.2% | lr=9.2e-03
| Epoch  18, time= 13.4s | Train: skip eval | Valid: time=  1.6s loss=0.279, TAw acc= 92.5% | lr=9.1e-03
| Epoch  19, time= 15.6s | Train: skip eval | Valid: time=  1.7s loss=0.317, TAw acc= 91.8% | lr=9.0e-03
| Epoch  20, time= 14.0s | Train: skip eval | Valid: time=  1.7s loss=0.315, TAw acc= 92.8% | lr=8.8e-03
| Epoch  21, time= 13.4s | Train: skip eval | Valid: time=  1.6s loss=0.292, TAw acc= 92.0% | lr=8.7e-03
| Epoch  22, time= 14.1s | Train: skip eval | Valid: time=  1.4s loss=0.322, TAw acc= 91.8% | lr=8.6e-03
| Epoch  23, time= 16.8s | Train: skip eval | Valid: time=  1.7s loss=0.318, TAw acc= 92.0% | lr=8.5e-03
| Epoch  24, time= 12.8s | Train: skip eval | Valid: time=  1.4s loss=0.286, TAw acc= 92.0% | lr=8.4e-03
| Epoch  25, time= 17.7s | Train: skip eval | Valid: time=  1.4s loss=0.326, TAw acc= 91.0% | lr=8.2e-03
| Epoch  26, time= 13.3s | Train: skip eval | Valid: time=  1.4s loss=0.335, TAw acc= 90.0% | lr=8.1e-03
| Epoch  27, time= 13.4s | Train: skip eval | Valid: time=  1.7s loss=0.387, TAw acc= 90.2% | lr=8.0e-03
| Epoch  28, time= 14.6s | Train: skip eval | Valid: time=  1.8s loss=0.374, TAw acc= 90.5% | lr=7.8e-03
| Epoch  29, time= 15.7s | Train: skip eval | Valid: time=  1.9s loss=0.304, TAw acc= 92.2% | lr=7.7e-03
| Epoch  30, time= 16.4s | Train: skip eval | Valid: time=  1.4s loss=0.360, TAw acc= 90.2% | lr=7.5e-03
| Epoch  31, time= 12.8s | Train: skip eval | Valid: time=  1.4s loss=0.397, TAw acc= 87.8% | lr=7.4e-03
| Epoch  32, time= 13.6s | Train: skip eval | Valid: time=  1.6s loss=0.319, TAw acc= 92.5% | lr=7.2e-03
| Epoch  33, time= 12.9s | Train: skip eval | Valid: time=  1.4s loss=0.317, TAw acc= 92.8% | lr=7.1e-03
| Epoch  34, time= 13.8s | Train: skip eval | Valid: time=  1.4s loss=0.307, TAw acc= 92.2% | lr=6.9e-03
| Epoch  35, time= 12.9s | Train: skip eval | Valid: time=  1.4s loss=0.319, TAw acc= 91.5% | lr=6.7e-03
| Epoch  36, time= 13.1s | Train: skip eval | Valid: time=  1.4s loss=0.320, TAw acc= 91.8% | lr=6.6e-03
| Epoch  37, time= 15.3s | Train: skip eval | Valid: time=  1.6s loss=0.318, TAw acc= 91.8% | lr=6.4e-03
| Epoch  38, time= 15.2s | Train: skip eval | Valid: time=  1.4s loss=0.296, TAw acc= 92.8% | lr=6.2e-03
| Epoch  39, time= 13.9s | Train: skip eval | Valid: time=  1.5s loss=0.303, TAw acc= 92.0% | lr=6.1e-03
| Epoch  40, time= 12.9s | Train: skip eval | Valid: time=  1.4s loss=0.312, TAw acc= 92.0% | lr=5.9e-03
| Epoch  41, time= 16.2s | Train: skip eval | Valid: time=  1.7s loss=0.300, TAw acc= 92.8% | lr=5.7e-03
| Epoch  42, time= 15.7s | Train: skip eval | Valid: time=  1.7s loss=0.312, TAw acc= 92.2% | lr=5.6e-03
| Epoch  43, time= 12.8s | Train: skip eval | Valid: time=  1.7s loss=0.343, TAw acc= 91.0% | lr=5.4e-03
| Epoch  44, time= 13.5s | Train: skip eval | Valid: time=  1.5s loss=0.321, TAw acc= 92.5% | lr=5.2e-03
| Epoch  45, time= 15.1s | Train: skip eval | Valid: time=  1.4s loss=0.296, TAw acc= 92.5% | lr=5.1e-03
| Epoch  46, time= 17.7s | Train: skip eval | Valid: time=  1.7s loss=0.299, TAw acc= 92.0% | lr=4.9e-03
| Epoch  47, time= 14.9s | Train: skip eval | Valid: time=  1.4s loss=0.314, TAw acc= 91.5% | lr=4.7e-03
| Epoch  48, time= 13.3s | Train: skip eval | Valid: time=  1.5s loss=0.320, TAw acc= 92.2% | lr=4.5e-03
| Epoch  49, time= 14.0s | Train: skip eval | Valid: time=  1.5s loss=0.322, TAw acc= 91.5% | lr=4.4e-03
| Epoch  50, time= 16.2s | Train: skip eval | Valid: time=  1.4s loss=0.301, TAw acc= 92.8% | lr=4.2e-03
| Epoch  51, time= 12.7s | Train: skip eval | Valid: time=  1.4s loss=0.318, TAw acc= 92.5% | lr=4.0e-03
| Epoch  52, time= 15.8s | Train: skip eval | Valid: time=  1.4s loss=0.320, TAw acc= 92.0% | lr=3.9e-03
| Epoch  53, time= 13.4s | Train: skip eval | Valid: time=  1.4s loss=0.327, TAw acc= 92.5% | lr=3.7e-03
| Epoch  54, time= 17.6s | Train: skip eval | Valid: time=  1.6s loss=0.325, TAw acc= 92.0% | lr=3.5e-03
| Epoch  55, time= 17.7s | Train: skip eval | Valid: time=  1.5s loss=0.316, TAw acc= 91.8% | lr=3.4e-03
| Epoch  56, time= 13.6s | Train: skip eval | Valid: time=  1.5s loss=0.322, TAw acc= 91.2% | lr=3.2e-03
| Epoch  57, time= 13.0s | Train: skip eval | Valid: time=  1.5s loss=0.319, TAw acc= 91.8% | lr=3.0e-03
| Epoch  58, time= 13.1s | Train: skip eval | Valid: time=  1.7s loss=0.309, TAw acc= 92.8% | lr=2.9e-03
| Epoch  59, time= 13.6s | Train: skip eval | Valid: time=  1.4s loss=0.320, TAw acc= 91.8% | lr=2.7e-03
| Epoch  60, time= 13.9s | Train: skip eval | Valid: time=  1.6s loss=0.319, TAw acc= 92.5% | lr=2.6e-03
| Epoch  61, time= 16.3s | Train: skip eval | Valid: time=  1.4s loss=0.321, TAw acc= 91.8% | lr=2.4e-03
| Epoch  62, time= 14.4s | Train: skip eval | Valid: time=  1.4s loss=0.311, TAw acc= 92.8% | lr=2.3e-03
| Epoch  63, time= 16.9s | Train: skip eval | Valid: time=  1.9s loss=0.326, TAw acc= 92.5% | lr=2.1e-03
| Epoch  64, time= 14.2s | Train: skip eval | Valid: time=  1.4s loss=0.314, TAw acc= 93.0% | lr=2.0e-03
| Epoch  65, time= 16.1s | Train: skip eval | Valid: time=  1.7s loss=0.315, TAw acc= 92.8% | lr=1.9e-03
| Epoch  66, time= 16.3s | Train: skip eval | Valid: time=  1.7s loss=0.322, TAw acc= 92.5% | lr=1.7e-03
| Epoch  67, time= 13.4s | Train: skip eval | Valid: time=  1.5s loss=0.313, TAw acc= 92.5% | lr=1.6e-03
| Epoch  68, time= 17.4s | Train: skip eval | Valid: time=  1.4s loss=0.306, TAw acc= 93.2% | lr=1.5e-03
| Epoch  69, time= 13.8s | Train: skip eval | Valid: time=  1.9s loss=0.311, TAw acc= 92.8% | lr=1.4e-03
| Epoch  70, time= 15.6s | Train: skip eval | Valid: time=  1.4s loss=0.312, TAw acc= 92.8% | lr=1.3e-03
| Epoch  71, time= 12.9s | Train: skip eval | Valid: time=  1.5s loss=0.307, TAw acc= 93.2% | lr=1.1e-03
| Epoch  72, time= 16.0s | Train: skip eval | Valid: time=  1.4s loss=0.308, TAw acc= 93.2% | lr=1.0e-03
| Epoch  73, time= 13.1s | Train: skip eval | Valid: time=  1.4s loss=0.309, TAw acc= 92.8% | lr=9.5e-04
| Epoch  74, time= 13.9s | Train: skip eval | Valid: time=  1.9s loss=0.314, TAw acc= 92.5% | lr=8.5e-04
| Epoch  75, time= 15.9s | Train: skip eval | Valid: time=  1.5s loss=0.312, TAw acc= 93.0% | lr=7.6e-04
| Epoch  76, time= 13.1s | Train: skip eval | Valid: time=  1.9s loss=0.311, TAw acc= 92.8% | lr=6.8e-04
| Epoch  77, time= 13.3s | Train: skip eval | Valid: time=  1.5s loss=0.313, TAw acc= 93.0% | lr=6.0e-04
| Epoch  78, time= 14.0s | Train: skip eval | Valid: time=  1.4s loss=0.312, TAw acc= 92.8% | lr=5.3e-04
| Epoch  79, time= 14.5s | Train: skip eval | Valid: time=  1.7s loss=0.312, TAw acc= 92.8% | lr=4.6e-04
| Epoch  80, time= 13.7s | Train: skip eval | Valid: time=  1.7s loss=0.311, TAw acc= 92.8% | lr=4.0e-04
| Epoch  81, time= 13.7s | Train: skip eval | Valid: time=  1.4s loss=0.313, TAw acc= 92.8% | lr=3.4e-04
| Epoch  82, time= 13.6s | Train: skip eval | Valid: time=  1.9s loss=0.312, TAw acc= 92.5% | lr=2.9e-04
| Epoch  83, time= 13.6s | Train: skip eval | Valid: time=  1.9s loss=0.312, TAw acc= 92.5% | lr=2.5e-04
| Epoch  84, time= 12.7s | Train: skip eval | Valid: time=  1.4s loss=0.311, TAw acc= 92.5% | lr=2.1e-04
| Epoch  85, time= 17.4s | Train: skip eval | Valid: time=  1.4s loss=0.310, TAw acc= 92.5% | lr=1.8e-04
| Epoch  86, time= 13.2s | Train: skip eval | Valid: time=  1.4s loss=0.310, TAw acc= 92.8% | lr=1.5e-04
| Epoch  87, time= 13.1s | Train: skip eval | Valid: time=  1.4s loss=0.311, TAw acc= 92.5% | lr=1.3e-04
| Epoch  88, time= 13.3s | Train: skip eval | Valid: time=  1.5s loss=0.311, TAw acc= 92.8% | lr=1.1e-04
| Epoch  89, time= 13.3s | Train: skip eval | Valid: time=  1.7s loss=0.311, TAw acc= 92.5% | lr=1.0e-04
| Epoch  90, time= 14.2s | Train: skip eval | Valid: time=  1.4s loss=0.310, TAw acc= 92.5% | lr=1.0e-04
------------------------------------------------------------------------------------------------------------
>>> Test on task  0 : loss=0.658 | TAw acc= 78.4%, forg= 13.5% | TAg acc= 14.3%, forg= 77.6% <<<
>>> Test on task  1 : loss=0.696 | TAw acc= 76.1%, forg= 13.9% | TAg acc= 14.2%, forg= 67.7% <<<
>>> Test on task  2 : loss=0.633 | TAw acc= 78.8%, forg= 13.5% | TAg acc=  5.4%, forg= 80.5% <<<
>>> Test on task  3 : loss=0.676 | TAw acc= 77.5%, forg= 10.3% | TAg acc=  6.8%, forg= 65.2% <<<
>>> Test on task  4 : loss=0.787 | TAw acc= 77.5%, forg= 12.9% | TAg acc= 24.8%, forg= 60.0% <<<
>>> Test on task  5 : loss=0.595 | TAw acc= 82.0%, forg=  7.0% | TAg acc= 32.4%, forg= 50.0% <<<
>>> Test on task  6 : loss=0.488 | TAw acc= 83.9%, forg=  8.1% | TAg acc= 44.9%, forg= 40.0% <<<
>>> Test on task  7 : loss=0.584 | TAw acc= 80.4%, forg= 10.4% | TAg acc= 26.7%, forg= 43.2% <<<
>>> Test on task  8 : loss=0.498 | TAw acc= 84.6%, forg=  5.9% | TAg acc= 32.1%, forg= 48.7% <<<
>>> Test on task  9 : loss=0.527 | TAw acc= 83.1%, forg=  7.9% | TAg acc= 40.2%, forg= 36.5% <<<
>>> Test on task 10 : loss=0.525 | TAw acc= 83.5%, forg=  6.5% | TAg acc= 41.0%, forg= 33.3% <<<
>>> Test on task 11 : loss=0.353 | TAw acc= 87.5%, forg=  3.9% | TAg acc= 65.8%, forg= 17.3% <<<
>>> Test on task 12 : loss=0.231 | TAw acc= 92.2%, forg=  0.0% | TAg acc= 80.9%, forg=  0.0% <<<
Save at ./results/./results/vit_small_patch16_224.augreg_in1k/inat200/finetuning/10
************************************************************************************************************
TAw Acc
	 91.9%   0.0%   0.0%   0.0%   0.0%   0.0%   0.0%   0.0%   0.0%   0.0%   0.0%   0.0%   0.0%   0.0%   0.0%   0.0%   0.0%   0.0%   0.0%   0.0% 	Avg.: 91.9% 
	 88.6%  90.0%   0.0%   0.0%   0.0%   0.0%   0.0%   0.0%   0.0%   0.0%   0.0%   0.0%   0.0%   0.0%   0.0%   0.0%   0.0%   0.0%   0.0%   0.0% 	Avg.: 89.3% 
	 85.2%  87.3%  92.3%   0.0%   0.0%   0.0%   0.0%   0.0%   0.0%   0.0%   0.0%   0.0%   0.0%   0.0%   0.0%   0.0%   0.0%   0.0%   0.0%   0.0% 	Avg.: 88.3% 
	 83.2%  86.7%  90.3%  87.8%   0.0%   0.0%   0.0%   0.0%   0.0%   0.0%   0.0%   0.0%   0.0%   0.0%   0.0%   0.0%   0.0%   0.0%   0.0%   0.0% 	Avg.: 87.0% 
	 83.6%  84.8%  88.2%  83.5%  90.4%   0.0%   0.0%   0.0%   0.0%   0.0%   0.0%   0.0%   0.0%   0.0%   0.0%   0.0%   0.0%   0.0%   0.0%   0.0% 	Avg.: 86.1% 
	 81.5%  82.7%  84.1%  79.7%  86.4%  89.0%   0.0%   0.0%   0.0%   0.0%   0.0%   0.0%   0.0%   0.0%   0.0%   0.0%   0.0%   0.0%   0.0%   0.0% 	Avg.: 83.9% 
	 82.6%  81.9%  83.8%  79.7%  82.3%  85.6%  92.0%   0.0%   0.0%   0.0%   0.0%   0.0%   0.0%   0.0%   0.0%   0.0%   0.0%   0.0%   0.0%   0.0% 	Avg.: 84.0% 
	 80.5%  80.8%  83.0%  76.9%  79.7%  85.0%  89.4%  90.8%   0.0%   0.0%   0.0%   0.0%   0.0%   0.0%   0.0%   0.0%   0.0%   0.0%   0.0%   0.0% 	Avg.: 83.3% 
	 78.6%  79.1%  82.1%  78.8%  82.1%  84.1%  88.4%  87.4%  90.5%   0.0%   0.0%   0.0%   0.0%   0.0%   0.0%   0.0%   0.0%   0.0%   0.0%   0.0% 	Avg.: 83.5% 
	 77.4%  77.8%  77.7%  77.9%  80.6%  82.5%  85.5%  84.7%  86.5%  91.0%   0.0%   0.0%   0.0%   0.0%   0.0%   0.0%   0.0%   0.0%   0.0%   0.0% 	Avg.: 82.2% 
	 79.3%  79.8%  75.9%  73.0%  79.8%  81.2%  84.7%  83.5%  86.2%  86.7%  90.0%   0.0%   0.0%   0.0%   0.0%   0.0%   0.0%   0.0%   0.0%   0.0% 	Avg.: 81.8% 
	 77.5%  77.5%  76.5%  72.1%  76.4%  81.3%  82.0%  82.2%  86.4%  84.5%  86.1%  91.4%   0.0%   0.0%   0.0%   0.0%   0.0%   0.0%   0.0%   0.0% 	Avg.: 81.2% 
	 78.4%  76.1%  78.8%  77.5%  77.5%  82.0%  83.9%  80.4%  84.6%  83.1%  83.5%  87.5%  92.2%   0.0%   0.0%   0.0%   0.0%   0.0%   0.0%   0.0% 	Avg.: 82.0% 
	  0.0%   0.0%   0.0%   0.0%   0.0%   0.0%   0.0%   0.0%   0.0%   0.0%   0.0%   0.0%   0.0%   0.0%   0.0%   0.0%   0.0%   0.0%   0.0%   0.0% 	Avg.:  0.0% 
	  0.0%   0.0%   0.0%   0.0%   0.0%   0.0%   0.0%   0.0%   0.0%   0.0%   0.0%   0.0%   0.0%   0.0%   0.0%   0.0%   0.0%   0.0%   0.0%   0.0% 	Avg.:  0.0% 
	  0.0%   0.0%   0.0%   0.0%   0.0%   0.0%   0.0%   0.0%   0.0%   0.0%   0.0%   0.0%   0.0%   0.0%   0.0%   0.0%   0.0%   0.0%   0.0%   0.0% 	Avg.:  0.0% 
	  0.0%   0.0%   0.0%   0.0%   0.0%   0.0%   0.0%   0.0%   0.0%   0.0%   0.0%   0.0%   0.0%   0.0%   0.0%   0.0%   0.0%   0.0%   0.0%   0.0% 	Avg.:  0.0% 
	  0.0%   0.0%   0.0%   0.0%   0.0%   0.0%   0.0%   0.0%   0.0%   0.0%   0.0%   0.0%   0.0%   0.0%   0.0%   0.0%   0.0%   0.0%   0.0%   0.0% 	Avg.:  0.0% 
	  0.0%   0.0%   0.0%   0.0%   0.0%   0.0%   0.0%   0.0%   0.0%   0.0%   0.0%   0.0%   0.0%   0.0%   0.0%   0.0%   0.0%   0.0%   0.0%   0.0% 	Avg.:  0.0% 
	  0.0%   0.0%   0.0%   0.0%   0.0%   0.0%   0.0%   0.0%   0.0%   0.0%   0.0%   0.0%   0.0%   0.0%   0.0%   0.0%   0.0%   0.0%   0.0%   0.0% 	Avg.:  0.0% 
************************************************************************************************************
TAg Acc
	 91.9%   0.0%   0.0%   0.0%   0.0%   0.0%   0.0%   0.0%   0.0%   0.0%   0.0%   0.0%   0.0%   0.0%   0.0%   0.0%   0.0%   0.0%   0.0%   0.0% 	Avg.: 91.9% 
	 75.0%  81.9%   0.0%   0.0%   0.0%   0.0%   0.0%   0.0%   0.0%   0.0%   0.0%   0.0%   0.0%   0.0%   0.0%   0.0%   0.0%   0.0%   0.0%   0.0% 	Avg.: 78.4% 
	 52.6%  68.6%  85.9%   0.0%   0.0%   0.0%   0.0%   0.0%   0.0%   0.0%   0.0%   0.0%   0.0%   0.0%   0.0%   0.0%   0.0%   0.0%   0.0%   0.0% 	Avg.: 69.0% 
	 53.7%  60.4%  70.8%  72.0%   0.0%   0.0%   0.0%   0.0%   0.0%   0.0%   0.0%   0.0%   0.0%   0.0%   0.0%   0.0%   0.0%   0.0%   0.0%   0.0% 	Avg.: 64.2% 
	 42.3%  44.5%  47.1%  48.6%  84.8%   0.0%   0.0%   0.0%   0.0%   0.0%   0.0%   0.0%   0.0%   0.0%   0.0%   0.0%   0.0%   0.0%   0.0%   0.0% 	Avg.: 53.5% 
	 24.7%  36.3%  26.3%  22.2%  61.8%  82.4%   0.0%   0.0%   0.0%   0.0%   0.0%   0.0%   0.0%   0.0%   0.0%   0.0%   0.0%   0.0%   0.0%   0.0% 	Avg.: 42.3% 
	 14.9%  26.3%  17.2%  15.1%  46.6%  64.1%  84.9%   0.0%   0.0%   0.0%   0.0%   0.0%   0.0%   0.0%   0.0%   0.0%   0.0%   0.0%   0.0%   0.0% 	Avg.: 38.4% 
	 16.1%  25.3%  14.2%  13.5%  38.5%  59.5%  76.0%  69.9%   0.0%   0.0%   0.0%   0.0%   0.0%   0.0%   0.0%   0.0%   0.0%   0.0%   0.0%   0.0% 	Avg.: 39.1% 
	 16.5%  19.8%  13.0%  14.7%  43.8%  59.6%  70.6%  48.1%  80.8%   0.0%   0.0%   0.0%   0.0%   0.0%   0.0%   0.0%   0.0%   0.0%   0.0%   0.0% 	Avg.: 40.8% 
	 11.3%  15.6%  10.0%  10.2%  39.0%  46.6%  60.8%  34.2%  61.0%  76.7%   0.0%   0.0%   0.0%   0.0%   0.0%   0.0%   0.0%   0.0%   0.0%   0.0% 	Avg.: 36.5% 
	 13.9%  14.7%  10.0%   7.5%  31.8%  39.5%  53.4%  34.2%  53.4%  57.8%  74.3%   0.0%   0.0%   0.0%   0.0%   0.0%   0.0%   0.0%   0.0%   0.0% 	Avg.: 35.5% 
	 10.5%  11.4%   6.3%   5.3%  23.0%  34.9%  46.0%  24.8%  34.4%  46.5%  48.9%  83.1%   0.0%   0.0%   0.0%   0.0%   0.0%   0.0%   0.0%   0.0% 	Avg.: 31.3% 
	 14.3%  14.2%   5.4%   6.8%  24.8%  32.4%  44.9%  26.7%  32.1%  40.2%  41.0%  65.8%  80.9%   0.0%   0.0%   0.0%   0.0%   0.0%   0.0%   0.0% 	Avg.: 33.0% 
	  0.0%   0.0%   0.0%   0.0%   0.0%   0.0%   0.0%   0.0%   0.0%   0.0%   0.0%   0.0%   0.0%   0.0%   0.0%   0.0%   0.0%   0.0%   0.0%   0.0% 	Avg.:  0.0% 
	  0.0%   0.0%   0.0%   0.0%   0.0%   0.0%   0.0%   0.0%   0.0%   0.0%   0.0%   0.0%   0.0%   0.0%   0.0%   0.0%   0.0%   0.0%   0.0%   0.0% 	Avg.:  0.0% 
	  0.0%   0.0%   0.0%   0.0%   0.0%   0.0%   0.0%   0.0%   0.0%   0.0%   0.0%   0.0%   0.0%   0.0%   0.0%   0.0%   0.0%   0.0%   0.0%   0.0% 	Avg.:  0.0% 
	  0.0%   0.0%   0.0%   0.0%   0.0%   0.0%   0.0%   0.0%   0.0%   0.0%   0.0%   0.0%   0.0%   0.0%   0.0%   0.0%   0.0%   0.0%   0.0%   0.0% 	Avg.:  0.0% 
	  0.0%   0.0%   0.0%   0.0%   0.0%   0.0%   0.0%   0.0%   0.0%   0.0%   0.0%   0.0%   0.0%   0.0%   0.0%   0.0%   0.0%   0.0%   0.0%   0.0% 	Avg.:  0.0% 
	  0.0%   0.0%   0.0%   0.0%   0.0%   0.0%   0.0%   0.0%   0.0%   0.0%   0.0%   0.0%   0.0%   0.0%   0.0%   0.0%   0.0%   0.0%   0.0%   0.0% 	Avg.:  0.0% 
	  0.0%   0.0%   0.0%   0.0%   0.0%   0.0%   0.0%   0.0%   0.0%   0.0%   0.0%   0.0%   0.0%   0.0%   0.0%   0.0%   0.0%   0.0%   0.0%   0.0% 	Avg.:  0.0% 
************************************************************************************************************
TAw Forg
	  0.0%   0.0%   0.0%   0.0%   0.0%   0.0%   0.0%   0.0%   0.0%   0.0%   0.0%   0.0%   0.0%   0.0%   0.0%   0.0%   0.0%   0.0%   0.0%   0.0% 
	  3.3%   0.0%   0.0%   0.0%   0.0%   0.0%   0.0%   0.0%   0.0%   0.0%   0.0%   0.0%   0.0%   0.0%   0.0%   0.0%   0.0%   0.0%   0.0%   0.0% 	Avg.:  3.3% 
	  6.7%   2.7%   0.0%   0.0%   0.0%   0.0%   0.0%   0.0%   0.0%   0.0%   0.0%   0.0%   0.0%   0.0%   0.0%   0.0%   0.0%   0.0%   0.0%   0.0% 	Avg.:  4.7% 
	  8.7%   3.3%   2.0%   0.0%   0.0%   0.0%   0.0%   0.0%   0.0%   0.0%   0.0%   0.0%   0.0%   0.0%   0.0%   0.0%   0.0%   0.0%   0.0%   0.0% 	Avg.:  4.7% 
	  8.3%   5.2%   4.1%   4.3%   0.0%   0.0%   0.0%   0.0%   0.0%   0.0%   0.0%   0.0%   0.0%   0.0%   0.0%   0.0%   0.0%   0.0%   0.0%   0.0% 	Avg.:  5.5% 
	 10.4%   7.3%   8.2%   8.1%   4.0%   0.0%   0.0%   0.0%   0.0%   0.0%   0.0%   0.0%   0.0%   0.0%   0.0%   0.0%   0.0%   0.0%   0.0%   0.0% 	Avg.:  7.6% 
	  9.3%   8.1%   8.5%   8.1%   8.1%   3.4%   0.0%   0.0%   0.0%   0.0%   0.0%   0.0%   0.0%   0.0%   0.0%   0.0%   0.0%   0.0%   0.0%   0.0% 	Avg.:  7.6% 
	 11.4%   9.2%   9.3%  10.9%  10.7%   4.0%   2.6%   0.0%   0.0%   0.0%   0.0%   0.0%   0.0%   0.0%   0.0%   0.0%   0.0%   0.0%   0.0%   0.0% 	Avg.:  8.3% 
	 13.3%  10.9%  10.2%   9.0%   8.3%   4.9%   3.6%   3.4%   0.0%   0.0%   0.0%   0.0%   0.0%   0.0%   0.0%   0.0%   0.0%   0.0%   0.0%   0.0% 	Avg.:  8.0% 
	 14.5%  12.2%  14.6%   9.9%   9.8%   6.5%   6.5%   6.1%   4.0%   0.0%   0.0%   0.0%   0.0%   0.0%   0.0%   0.0%   0.0%   0.0%   0.0%   0.0% 	Avg.:  9.3% 
	 12.6%  10.2%  16.4%  14.8%  10.6%   7.8%   7.3%   7.3%   4.3%   4.3%   0.0%   0.0%   0.0%   0.0%   0.0%   0.0%   0.0%   0.0%   0.0%   0.0% 	Avg.:  9.6% 
	 14.4%  12.5%  15.8%  15.7%  14.0%   7.7%  10.0%   8.6%   4.1%   6.5%   3.9%   0.0%   0.0%   0.0%   0.0%   0.0%   0.0%   0.0%   0.0%   0.0% 	Avg.: 10.3% 
	 13.5%  13.9%  13.5%  10.3%  12.9%   7.0%   8.1%  10.4%   5.9%   7.9%   6.5%   3.9%   0.0%   0.0%   0.0%   0.0%   0.0%   0.0%   0.0%   0.0% 	Avg.:  9.5% 
	  0.0%   0.0%   0.0%   0.0%   0.0%   0.0%   0.0%   0.0%   0.0%   0.0%   0.0%   0.0%   0.0%   0.0%   0.0%   0.0%   0.0%   0.0%   0.0%   0.0% 	Avg.:  0.0% 
	  0.0%   0.0%   0.0%   0.0%   0.0%   0.0%   0.0%   0.0%   0.0%   0.0%   0.0%   0.0%   0.0%   0.0%   0.0%   0.0%   0.0%   0.0%   0.0%   0.0% 	Avg.:  0.0% 
	  0.0%   0.0%   0.0%   0.0%   0.0%   0.0%   0.0%   0.0%   0.0%   0.0%   0.0%   0.0%   0.0%   0.0%   0.0%   0.0%   0.0%   0.0%   0.0%   0.0% 	Avg.:  0.0% 
	  0.0%   0.0%   0.0%   0.0%   0.0%   0.0%   0.0%   0.0%   0.0%   0.0%   0.0%   0.0%   0.0%   0.0%   0.0%   0.0%   0.0%   0.0%   0.0%   0.0% 	Avg.:  0.0% 
	  0.0%   0.0%   0.0%   0.0%   0.0%   0.0%   0.0%   0.0%   0.0%   0.0%   0.0%   0.0%   0.0%   0.0%   0.0%   0.0%   0.0%   0.0%   0.0%   0.0% 	Avg.:  0.0% 
	  0.0%   0.0%   0.0%   0.0%   0.0%   0.0%   0.0%   0.0%   0.0%   0.0%   0.0%   0.0%   0.0%   0.0%   0.0%   0.0%   0.0%   0.0%   0.0%   0.0% 	Avg.:  0.0% 
	  0.0%   0.0%   0.0%   0.0%   0.0%   0.0%   0.0%   0.0%   0.0%   0.0%   0.0%   0.0%   0.0%   0.0%   0.0%   0.0%   0.0%   0.0%   0.0%   0.0% 	Avg.:  0.0% 
************************************************************************************************************
TAg Forg
	  0.0%   0.0%   0.0%   0.0%   0.0%   0.0%   0.0%   0.0%   0.0%   0.0%   0.0%   0.0%   0.0%   0.0%   0.0%   0.0%   0.0%   0.0%   0.0%   0.0% 
	 16.9%   0.0%   0.0%   0.0%   0.0%   0.0%   0.0%   0.0%   0.0%   0.0%   0.0%   0.0%   0.0%   0.0%   0.0%   0.0%   0.0%   0.0%   0.0%   0.0% 	Avg.: 16.9% 
	 39.3%  13.3%   0.0%   0.0%   0.0%   0.0%   0.0%   0.0%   0.0%   0.0%   0.0%   0.0%   0.0%   0.0%   0.0%   0.0%   0.0%   0.0%   0.0%   0.0% 	Avg.: 26.3% 
	 38.2%  21.5%  15.1%   0.0%   0.0%   0.0%   0.0%   0.0%   0.0%   0.0%   0.0%   0.0%   0.0%   0.0%   0.0%   0.0%   0.0%   0.0%   0.0%   0.0% 	Avg.: 24.9% 
	 49.6%  37.4%  38.8%  23.4%   0.0%   0.0%   0.0%   0.0%   0.0%   0.0%   0.0%   0.0%   0.0%   0.0%   0.0%   0.0%   0.0%   0.0%   0.0%   0.0% 	Avg.: 37.3% 
	 67.2%  45.6%  59.6%  49.8%  23.0%   0.0%   0.0%   0.0%   0.0%   0.0%   0.0%   0.0%   0.0%   0.0%   0.0%   0.0%   0.0%   0.0%   0.0%   0.0% 	Avg.: 49.0% 
	 77.0%  55.6%  68.7%  56.9%  38.2%  18.3%   0.0%   0.0%   0.0%   0.0%   0.0%   0.0%   0.0%   0.0%   0.0%   0.0%   0.0%   0.0%   0.0%   0.0% 	Avg.: 52.5% 
	 75.8%  56.6%  71.7%  58.5%  46.3%  22.9%   8.9%   0.0%   0.0%   0.0%   0.0%   0.0%   0.0%   0.0%   0.0%   0.0%   0.0%   0.0%   0.0%   0.0% 	Avg.: 48.7% 
	 75.4%  62.1%  72.9%  57.3%  41.0%  22.8%  14.3%  21.8%   0.0%   0.0%   0.0%   0.0%   0.0%   0.0%   0.0%   0.0%   0.0%   0.0%   0.0%   0.0% 	Avg.: 46.0% 
	 80.6%  66.3%  75.9%  61.8%  45.8%  35.8%  24.1%  35.7%  19.8%   0.0%   0.0%   0.0%   0.0%   0.0%   0.0%   0.0%   0.0%   0.0%   0.0%   0.0% 	Avg.: 49.5% 
	 78.0%  67.2%  75.9%  64.5%  53.0%  42.9%  31.5%  35.7%  27.4%  18.9%   0.0%   0.0%   0.0%   0.0%   0.0%   0.0%   0.0%   0.0%   0.0%   0.0% 	Avg.: 49.5% 
	 81.4%  70.5%  79.6%  66.7%  61.8%  47.5%  38.9%  45.1%  46.4%  30.2%  25.4%   0.0%   0.0%   0.0%   0.0%   0.0%   0.0%   0.0%   0.0%   0.0% 	Avg.: 54.0% 
	 77.6%  67.7%  80.5%  65.2%  60.0%  50.0%  40.0%  43.2%  48.7%  36.5%  33.3%  17.3%   0.0%   0.0%   0.0%   0.0%   0.0%   0.0%   0.0%   0.0% 	Avg.: 51.7% 
	  0.0%   0.0%   0.0%   0.0%   0.0%   0.0%   0.0%   0.0%   0.0%   0.0%   0.0%   0.0%   0.0%   0.0%   0.0%   0.0%   0.0%   0.0%   0.0%   0.0% 	Avg.:  0.0% 
	  0.0%   0.0%   0.0%   0.0%   0.0%   0.0%   0.0%   0.0%   0.0%   0.0%   0.0%   0.0%   0.0%   0.0%   0.0%   0.0%   0.0%   0.0%   0.0%   0.0% 	Avg.:  0.0% 
	  0.0%   0.0%   0.0%   0.0%   0.0%   0.0%   0.0%   0.0%   0.0%   0.0%   0.0%   0.0%   0.0%   0.0%   0.0%   0.0%   0.0%   0.0%   0.0%   0.0% 	Avg.:  0.0% 
	  0.0%   0.0%   0.0%   0.0%   0.0%   0.0%   0.0%   0.0%   0.0%   0.0%   0.0%   0.0%   0.0%   0.0%   0.0%   0.0%   0.0%   0.0%   0.0%   0.0% 	Avg.:  0.0% 
	  0.0%   0.0%   0.0%   0.0%   0.0%   0.0%   0.0%   0.0%   0.0%   0.0%   0.0%   0.0%   0.0%   0.0%   0.0%   0.0%   0.0%   0.0%   0.0%   0.0% 	Avg.:  0.0% 
	  0.0%   0.0%   0.0%   0.0%   0.0%   0.0%   0.0%   0.0%   0.0%   0.0%   0.0%   0.0%   0.0%   0.0%   0.0%   0.0%   0.0%   0.0%   0.0%   0.0% 	Avg.:  0.0% 
	  0.0%   0.0%   0.0%   0.0%   0.0%   0.0%   0.0%   0.0%   0.0%   0.0%   0.0%   0.0%   0.0%   0.0%   0.0%   0.0%   0.0%   0.0%   0.0%   0.0% 	Avg.:  0.0% 
************************************************************************************************************
[Elapsed time = 0.4 h]
Done!
