START_TASK=7 STOP_TASK=8 START_EPOCH=0 STOP_EPOCH=25
============================================================================================================
Arguments =
	all_outputs: False
	approach: joint_v2
	batch_size: 64
	classes_first_task: None
	clipping: 10000
	crop: 224
	dataset: cifar100
	eval_on_train: False
	experiment_path: None
	fix_bn: False
	freeze_backbone: False
	gpu: 0
	increment: 10
	log: ['disk']
	lr: 0.01
	lr_factor: None
	lr_min: 0.0001
	lr_patience: None
	lr_scheduler: cosine
	lr_warmup_epochs: 0
	momentum: 0.0
	multi_softmax: False
	nepochs: 50
	network: vit_small_patch16_224.augreg_in1k
	no_cudnn_deterministic: False
	normalize: in1k
	num_workers: 2
	optimizer_name: sgd
	pin_memory: False
	pretrained: True
	resize: 224
	results_path: ../results
	save_models: True
	seed: 0
	start_at_task: 7
	start_epoch: 0
	stop_at_task: 8
	stop_epoch: 25
	use_valid_only: False
	warmup_lr_factor: 1.0
	warmup_nepochs: 0
	weight_decay: 0.0
============================================================================================================
Approach arguments =
============================================================================================================
Exemplars dataset arguments =
============================================================================================================
WARNING: ../results/vit_small_patch16_224.augreg_in1k/cifar100/joint_v2/10 already exists!
Loaded acc_taw from: ../results/vit_small_patch16_224.augreg_in1k/cifar100/joint_v2/10/acc_taw-6.txt
Loaded acc_tag from: ../results/vit_small_patch16_224.augreg_in1k/cifar100/joint_v2/10/acc_tag-6.txt
Loaded forg_taw from: ../results/vit_small_patch16_224.augreg_in1k/cifar100/joint_v2/10/forg_taw-6.txt
Loaded forg_tag from: ../results/vit_small_patch16_224.augreg_in1k/cifar100/joint_v2/10/forg_tag-6.txt
[joint] Loaded accumulated datasets up to task 6 from ../results/vit_small_patch16_224.augreg_in1k/cifar100/joint_v2/10/joint_progress
************************************************************************************************************
Task  7  [epochs 0-25]
************************************************************************************************************
| Epoch   1, time= 87.2s | Train: skip eval | Valid: time=  5.4s loss=0.513, TAw acc= 96.6% | * lr=1.0e-02
| Epoch   2, time= 87.5s | Train: skip eval | Valid: time=  5.1s loss=0.471, TAw acc= 97.1% | * lr=1.0e-02
| Epoch   3, time= 88.2s | Train: skip eval | Valid: time=  5.3s loss=0.462, TAw acc= 97.2% | * lr=9.9e-03
| Epoch   4, time= 88.1s | Train: skip eval | Valid: time=  5.2s loss=0.489, TAw acc= 96.9% | lr=9.8e-03
| Epoch   5, time= 88.5s | Train: skip eval | Valid: time=  5.0s loss=0.485, TAw acc= 96.6% | lr=9.8e-03
| Epoch   6, time= 88.4s | Train: skip eval | Valid: time=  5.1s loss=0.479, TAw acc= 96.9% | lr=9.7e-03
| Epoch   7, time= 89.0s | Train: skip eval | Valid: time=  5.2s loss=0.487, TAw acc= 96.2% | lr=9.5e-03
| Epoch   8, time= 88.3s | Train: skip eval | Valid: time=  5.1s loss=0.456, TAw acc= 97.0% | * lr=9.4e-03
| Epoch   9, time= 88.2s | Train: skip eval | Valid: time=  5.0s loss=0.502, TAw acc= 96.8% | lr=9.2e-03
| Epoch  10, time= 88.6s | Train: skip eval | Valid: time=  5.0s loss=0.467, TAw acc= 97.1% | lr=9.1e-03
| Epoch  11, time= 88.7s | Train: skip eval | Valid: time=  5.0s loss=0.511, TAw acc= 96.6% | lr=8.9e-03
| Epoch  12, time= 88.8s | Train: skip eval | Valid: time=  4.9s loss=0.483, TAw acc= 97.2% | lr=8.7e-03
| Epoch  13, time= 88.4s | Train: skip eval | Valid: time=  5.0s loss=0.475, TAw acc= 96.8% | lr=8.4e-03
| Epoch  14, time= 88.5s | Train: skip eval | Valid: time=  4.9s loss=0.487, TAw acc= 97.0% | lr=8.2e-03
| Epoch  15, time= 88.5s | Train: skip eval | Valid: time=  4.9s loss=0.465, TAw acc= 96.9% | lr=8.0e-03
| Epoch  16, time= 88.8s | Train: skip eval | Valid: time=  5.0s loss=0.471, TAw acc= 97.0% | lr=7.7e-03
| Epoch  17, time= 89.1s | Train: skip eval | Valid: time=  5.0s loss=0.488, TAw acc= 96.9% | lr=7.4e-03
| Epoch  18, time= 88.5s | Train: skip eval | Valid: time=  4.9s loss=0.476, TAw acc= 96.9% | lr=7.2e-03
| Epoch  19, time= 88.4s | Train: skip eval | Valid: time=  5.1s loss=0.475, TAw acc= 96.8% | lr=6.9e-03
| Epoch  20, time= 88.4s | Train: skip eval | Valid: time=  5.3s loss=0.465, TAw acc= 97.4% | lr=6.6e-03
| Epoch  21, time= 88.9s | Train: skip eval | Valid: time=  5.0s loss=0.483, TAw acc= 96.8% | lr=6.3e-03
| Epoch  22, time= 88.7s | Train: skip eval | Valid: time=  5.3s loss=0.478, TAw acc= 97.2% | lr=6.0e-03
| Epoch  23, time= 88.8s | Train: skip eval | Valid: time=  4.9s loss=0.489, TAw acc= 97.2% | lr=5.7e-03
| Epoch  24, time= 88.8s | Train: skip eval | Valid: time=  5.3s loss=0.483, TAw acc= 96.9% | lr=5.4e-03
| Epoch  25, time= 88.8s | Train: skip eval | Valid: time=  4.9s loss=0.460, TAw acc= 97.3% | lr=5.1e-03
------------------------------------------------------------------------------------------------------------
[joint] Saved accumulated datasets up to task 7 → ../results/vit_small_patch16_224.augreg_in1k/cifar100/joint_v2/10/joint_progress
[Elapsed time = 0.7 h]
Done!
