START_TASK=2 STOP_TASK=3
============================================================================================================
Arguments =
	approach: bic
	batch_size: 64
	classes_first_task: None
	clipping: 10000
	crop: 224
	data_path: ../data/food101
	dataset: food101
	eval_on_train: False
	experiment_path: None
	fix_bn: False
	freeze_backbone: False
	gpu: 0
	gpus: [0]
	increment: 10
	last_layer_analysis: True
	log: ['disk']
	lr: 0.01
	lr_factor: None
	lr_min: 0.0001
	lr_patience: None
	lr_scheduler: cosine
	lr_warmup_epochs: 0
	momentum: 0.0
	multi_softmax: False
	nepochs: 70
	network: vit_base_patch16_224.orig_in21k
	no_cudnn_deterministic: False
	normalize: in21k
	num_workers: 2
	optimizer_name: sgd
	pin_memory: False
	pretrained: True
	resize: 224
	results_path: ./results
	save_models: True
	seed: 0
	start_at_task: 2
	start_epoch: 0
	stop_at_task: 3
	stop_epoch: 0
	use_valid_only: False
	warmup_lr_factor: 1.0
	warmup_nepochs: 0
	weight_decay: 0.0
============================================================================================================
Approach arguments =
	T: 2
	lamb: -1
	num_bias_epochs: 200
	val_exemplar_percentage: 0.1
============================================================================================================
Exemplars arguments =
	exemplar_selection: random
	num_exemplars: 2000
============================================================================================================
WARNING: ./results/vit_base_patch16_224.orig_in21k/food101/bic/10 already exists!
Loaded acc_taw from: ./results/vit_base_patch16_224.orig_in21k/food101/bic/10/acc_taw-1.txt
Loaded acc_tag from: ./results/vit_base_patch16_224.orig_in21k/food101/bic/10/acc_tag-1.txt
Loaded forg_taw from: ./results/vit_base_patch16_224.orig_in21k/food101/bic/10/forg_taw-1.txt
Loaded forg_tag from: ./results/vit_base_patch16_224.orig_in21k/food101/bic/10/forg_tag-1.txt
Loaded 2 bias layers from ./results/vit_base_patch16_224.orig_in21k/food101/bic/10/task1_bias_layers.pth
Loaded 1800 training exemplars from ./results/vit_base_patch16_224.orig_in21k/food101/bic/10/task1_exemplars.pth
Loaded val exemplars from ./results/vit_base_patch16_224.orig_in21k/food101/bic/10/task1_val_exemplars.pth
************************************************************************************************************
Task  2  [epochs 0-70]
************************************************************************************************************
Stage 0: Select validation exemplars for bias correction
 > Selected 210 val exemplars, time=0.0s
Stage 1: Backbone training with distillation
[params] total:85,821,726  trainable:85,821,726  tensors:156  trainable_tensors:156
| Epoch   1, time= 80.0s | Train: skip eval | Valid: time=  4.4s loss=2.672, TAw acc= 74.8% | * lr=1.0e-02
| Epoch   2, time= 80.1s | Train: skip eval | Valid: time=  4.4s loss=2.368, TAw acc= 82.7% | * lr=1.0e-02
| Epoch   3, time= 80.8s | Train: skip eval | Valid: time=  4.5s loss=2.163, TAw acc= 87.7% | * lr=1.0e-02
| Epoch   4, time= 80.9s | Train: skip eval | Valid: time=  4.4s loss=2.038, TAw acc= 89.7% | * lr=9.9e-03
| Epoch   5, time= 80.8s | Train: skip eval | Valid: time=  4.4s loss=1.963, TAw acc= 90.9% | * lr=9.9e-03
| Epoch   6, time= 81.0s | Train: skip eval | Valid: time=  4.4s loss=1.914, TAw acc= 91.7% | * lr=9.8e-03
| Epoch   7, time= 81.3s | Train: skip eval | Valid: time=  4.5s loss=1.880, TAw acc= 92.5% | * lr=9.8e-03
| Epoch   8, time= 81.6s | Train: skip eval | Valid: time=  4.5s loss=1.856, TAw acc= 92.5% | * lr=9.7e-03
| Epoch   9, time= 81.6s | Train: skip eval | Valid: time=  4.4s loss=1.839, TAw acc= 92.7% | * lr=9.6e-03
| Epoch  10, time= 81.6s | Train: skip eval | Valid: time=  4.4s loss=1.825, TAw acc= 93.2% | * lr=9.5e-03
| Epoch  11, time= 81.5s | Train: skip eval | Valid: time=  4.6s loss=1.815, TAw acc= 92.8% | * lr=9.4e-03
| Epoch  12, time= 81.7s | Train: skip eval | Valid: time=  4.4s loss=1.808, TAw acc= 92.5% | * lr=9.3e-03
| Epoch  13, time= 81.5s | Train: skip eval | Valid: time=  4.5s loss=1.801, TAw acc= 92.4% | * lr=9.2e-03
| Epoch  14, time= 81.7s | Train: skip eval | Valid: time=  4.5s loss=1.796, TAw acc= 92.5% | * lr=9.1e-03
| Epoch  15, time= 81.7s | Train: skip eval | Valid: time=  4.5s loss=1.791, TAw acc= 92.8% | * lr=8.9e-03
| Epoch  16, time= 81.7s | Train: skip eval | Valid: time=  4.5s loss=1.787, TAw acc= 92.5% | * lr=8.8e-03
| Epoch  17, time= 81.6s | Train: skip eval | Valid: time=  4.5s loss=1.784, TAw acc= 92.9% | * lr=8.6e-03
| Epoch  18, time= 81.7s | Train: skip eval | Valid: time=  4.4s loss=1.780, TAw acc= 92.5% | * lr=8.5e-03
| Epoch  19, time= 81.7s | Train: skip eval | Valid: time=  4.5s loss=1.779, TAw acc= 92.8% | * lr=8.3e-03
| Epoch  20, time= 81.6s | Train: skip eval | Valid: time=  4.5s loss=1.775, TAw acc= 93.1% | * lr=8.1e-03
| Epoch  21, time= 81.6s | Train: skip eval | Valid: time=  4.5s loss=1.772, TAw acc= 93.5% | * lr=8.0e-03
| Epoch  22, time= 81.8s | Train: skip eval | Valid: time=  4.6s loss=1.771, TAw acc= 93.5% | * lr=7.8e-03
| Epoch  23, time= 81.8s | Train: skip eval | Valid: time=  4.5s loss=1.770, TAw acc= 92.8% | * lr=7.6e-03
| Epoch  24, time= 81.7s | Train: skip eval | Valid: time=  4.6s loss=1.768, TAw acc= 93.1% | * lr=7.4e-03
| Epoch  25, time= 81.8s | Train: skip eval | Valid: time=  4.5s loss=1.766, TAw acc= 92.8% | * lr=7.2e-03
| Epoch  26, time= 81.7s | Train: skip eval | Valid: time=  4.7s loss=1.765, TAw acc= 93.3% | * lr=7.0e-03
| Epoch  27, time= 81.8s | Train: skip eval | Valid: time=  4.4s loss=1.763, TAw acc= 93.1% | * lr=6.8e-03
| Epoch  28, time= 81.7s | Train: skip eval | Valid: time=  4.6s loss=1.763, TAw acc= 93.1% | * lr=6.6e-03
| Epoch  29, time= 81.5s | Train: skip eval | Valid: time=  4.5s loss=1.762, TAw acc= 93.6% | * lr=6.4e-03
| Epoch  30, time= 81.0s | Train: skip eval | Valid: time=  4.6s loss=1.762, TAw acc= 93.5% | lr=6.2e-03
| Epoch  31, time= 81.1s | Train: skip eval | Valid: time=  4.4s loss=1.760, TAw acc= 93.5% | * lr=5.9e-03
| Epoch  32, time= 81.6s | Train: skip eval | Valid: time=  4.5s loss=1.760, TAw acc= 93.6% | * lr=5.7e-03
| Epoch  33, time= 81.5s | Train: skip eval | Valid: time=  4.5s loss=1.759, TAw acc= 93.5% | * lr=5.5e-03
| Epoch  34, time= 81.7s | Train: skip eval | Valid: time=  4.4s loss=1.758, TAw acc= 93.6% | * lr=5.3e-03
| Epoch  35, time= 81.5s | Train: skip eval | Valid: time=  4.5s loss=1.758, TAw acc= 93.5% | * lr=5.1e-03
| Epoch  36, time= 81.6s | Train: skip eval | Valid: time=  4.4s loss=1.757, TAw acc= 93.9% | * lr=4.8e-03
| Epoch  37, time= 81.1s | Train: skip eval | Valid: time=  4.5s loss=1.756, TAw acc= 93.7% | * lr=4.6e-03
| Epoch  38, time= 81.3s | Train: skip eval | Valid: time=  4.5s loss=1.757, TAw acc= 93.9% | lr=4.4e-03
| Epoch  39, time= 81.3s | Train: skip eval | Valid: time=  4.4s loss=1.756, TAw acc= 93.7% | * lr=4.2e-03
| Epoch  40, time= 80.9s | Train: skip eval | Valid: time=  4.5s loss=1.755, TAw acc= 93.6% | * lr=3.9e-03
| Epoch  41, time= 82.6s | Train: skip eval | Valid: time=  4.8s loss=1.756, TAw acc= 93.7% | lr=3.7e-03
| Epoch  42, time= 81.1s | Train: skip eval | Valid: time=  4.4s loss=1.755, TAw acc= 93.6% | * lr=3.5e-03
| Epoch  43, time= 81.5s | Train: skip eval | Valid: time=  4.5s loss=1.755, TAw acc= 93.6% | lr=3.3e-03
| Epoch  44, time= 81.7s | Train: skip eval | Valid: time=  4.4s loss=1.754, TAw acc= 93.9% | * lr=3.1e-03
| Epoch  45, time= 81.2s | Train: skip eval | Valid: time=  4.6s loss=1.754, TAw acc= 93.6% | * lr=2.9e-03
| Epoch  46, time= 81.5s | Train: skip eval | Valid: time=  4.7s loss=1.754, TAw acc= 93.7% | lr=2.7e-03
| Epoch  47, time= 81.6s | Train: skip eval | Valid: time=  4.7s loss=1.754, TAw acc= 93.9% | * lr=2.5e-03
| Epoch  48, time= 81.2s | Train: skip eval | Valid: time=  4.5s loss=1.753, TAw acc= 94.0% | * lr=2.3e-03
| Epoch  49, time= 81.4s | Train: skip eval | Valid: time=  4.5s loss=1.753, TAw acc= 94.0% | * lr=2.1e-03
| Epoch  50, time= 81.4s | Train: skip eval | Valid: time=  4.5s loss=1.753, TAw acc= 93.9% | * lr=2.0e-03
| Epoch  51, time= 81.5s | Train: skip eval | Valid: time=  4.5s loss=1.753, TAw acc= 94.0% | lr=1.8e-03
| Epoch  52, time= 81.7s | Train: skip eval | Valid: time=  4.5s loss=1.753, TAw acc= 93.9% | * lr=1.6e-03
| Epoch  53, time= 81.6s | Train: skip eval | Valid: time=  4.5s loss=1.753, TAw acc= 94.0% | * lr=1.5e-03
| Epoch  54, time= 81.9s | Train: skip eval | Valid: time=  4.5s loss=1.753, TAw acc= 93.9% | lr=1.3e-03
| Epoch  55, time= 81.7s | Train: skip eval | Valid: time=  4.5s loss=1.753, TAw acc= 93.9% | * lr=1.2e-03
| Epoch  56, time= 82.0s | Train: skip eval | Valid: time=  4.5s loss=1.753, TAw acc= 94.0% | lr=1.0e-03
| Epoch  57, time= 81.2s | Train: skip eval | Valid: time=  4.5s loss=1.752, TAw acc= 93.9% | * lr=9.2e-04
| Epoch  58, time= 81.3s | Train: skip eval | Valid: time=  4.5s loss=1.752, TAw acc= 93.9% | * lr=8.0e-04
| Epoch  59, time= 81.4s | Train: skip eval | Valid: time=  4.5s loss=1.752, TAw acc= 93.9% | * lr=6.9e-04
| Epoch  60, time= 81.5s | Train: skip eval | Valid: time=  4.4s loss=1.752, TAw acc= 94.0% | lr=5.9e-04
| Epoch  61, time= 81.4s | Train: skip eval | Valid: time=  4.6s loss=1.752, TAw acc= 93.7% | lr=5.0e-04
| Epoch  62, time= 81.6s | Train: skip eval | Valid: time=  4.5s loss=1.752, TAw acc= 93.7% | lr=4.2e-04
| Epoch  63, time= 81.6s | Train: skip eval | Valid: time=  4.4s loss=1.752, TAw acc= 93.7% | lr=3.4e-04
| Epoch  64, time= 81.7s | Train: skip eval | Valid: time=  4.5s loss=1.752, TAw acc= 93.7% | lr=2.8e-04
| Epoch  65, time= 81.6s | Train: skip eval | Valid: time=  4.6s loss=1.752, TAw acc= 93.7% | * lr=2.2e-04
| Epoch  66, time= 81.1s | Train: skip eval | Valid: time=  4.5s loss=1.752, TAw acc= 93.7% | * lr=1.8e-04
| Epoch  67, time= 80.8s | Train: skip eval | Valid: time=  4.4s loss=1.752, TAw acc= 93.7% | * lr=1.4e-04
| Epoch  68, time= 80.9s | Train: skip eval | Valid: time=  4.5s loss=1.752, TAw acc= 93.7% | * lr=1.2e-04
| Epoch  69, time= 81.3s | Train: skip eval | Valid: time=  4.7s loss=1.752, TAw acc= 93.9% | * lr=1.0e-04
| Epoch  70, time= 81.2s | Train: skip eval | Valid: time=  4.5s loss=1.752, TAw acc= 93.9% | lr=1.0e-04
Stage 2: Training bias correction layers
| Epoch  50, time=1.4s | Train: loss=0.473, TAg acc= 88.1% |
| Epoch 100, time=1.3s | Train: loss=0.504, TAg acc= 87.1% |
| Epoch 150, time=1.4s | Train: loss=0.492, TAg acc= 90.0% |
| Epoch 200, time=1.3s | Train: loss=0.533, TAg acc= 87.6% |
Stage 2: BiC Task 0: alpha=1.00000, beta=0.00000
Stage 2: BiC Task 1: alpha=0.89409, beta=-0.24688
Stage 2: BiC Task 2: alpha=0.82815, beta=-0.33308
| Selected 1770 train exemplars, time=  2.5s
------------------------------------------------------------------------------------------------------------
>>> Test on task  0 : loss=0.247 | TAw acc= 97.1%, forg=  0.2% | TAg acc= 94.2%, forg=  3.1% <<<
>>> Test on task  1 : loss=0.772 | TAw acc= 98.8%, forg= -0.1% | TAg acc= 95.4%, forg=  1.0% <<<
>>> Test on task  2 : loss=1.771 | TAw acc= 97.3%, forg=  0.0% | TAg acc= 95.1%, forg=  0.0% <<<
Save at ./results/./results/vit_base_patch16_224.orig_in21k/food101/bic/10
************************************************************************************************************
TAw Acc
	 97.3%   0.0%   0.0%   0.0%   0.0%   0.0%   0.0%   0.0%   0.0%   0.0% 	Avg.: 97.3% 
	 97.0%  98.7%   0.0%   0.0%   0.0%   0.0%   0.0%   0.0%   0.0%   0.0% 	Avg.: 97.9% 
	 97.1%  98.8%  97.3%   0.0%   0.0%   0.0%   0.0%   0.0%   0.0%   0.0% 	Avg.: 97.7% 
	  0.0%   0.0%   0.0%   0.0%   0.0%   0.0%   0.0%   0.0%   0.0%   0.0% 	Avg.:  0.0% 
	  0.0%   0.0%   0.0%   0.0%   0.0%   0.0%   0.0%   0.0%   0.0%   0.0% 	Avg.:  0.0% 
	  0.0%   0.0%   0.0%   0.0%   0.0%   0.0%   0.0%   0.0%   0.0%   0.0% 	Avg.:  0.0% 
	  0.0%   0.0%   0.0%   0.0%   0.0%   0.0%   0.0%   0.0%   0.0%   0.0% 	Avg.:  0.0% 
	  0.0%   0.0%   0.0%   0.0%   0.0%   0.0%   0.0%   0.0%   0.0%   0.0% 	Avg.:  0.0% 
	  0.0%   0.0%   0.0%   0.0%   0.0%   0.0%   0.0%   0.0%   0.0%   0.0% 	Avg.:  0.0% 
	  0.0%   0.0%   0.0%   0.0%   0.0%   0.0%   0.0%   0.0%   0.0%   0.0% 	Avg.:  0.0% 
************************************************************************************************************
TAg Acc
	 97.3%   0.0%   0.0%   0.0%   0.0%   0.0%   0.0%   0.0%   0.0%   0.0% 	Avg.: 97.3% 
	 94.7%  96.4%   0.0%   0.0%   0.0%   0.0%   0.0%   0.0%   0.0%   0.0% 	Avg.: 95.5% 
	 94.2%  95.4%  95.1%   0.0%   0.0%   0.0%   0.0%   0.0%   0.0%   0.0% 	Avg.: 94.9% 
	  0.0%   0.0%   0.0%   0.0%   0.0%   0.0%   0.0%   0.0%   0.0%   0.0% 	Avg.:  0.0% 
	  0.0%   0.0%   0.0%   0.0%   0.0%   0.0%   0.0%   0.0%   0.0%   0.0% 	Avg.:  0.0% 
	  0.0%   0.0%   0.0%   0.0%   0.0%   0.0%   0.0%   0.0%   0.0%   0.0% 	Avg.:  0.0% 
	  0.0%   0.0%   0.0%   0.0%   0.0%   0.0%   0.0%   0.0%   0.0%   0.0% 	Avg.:  0.0% 
	  0.0%   0.0%   0.0%   0.0%   0.0%   0.0%   0.0%   0.0%   0.0%   0.0% 	Avg.:  0.0% 
	  0.0%   0.0%   0.0%   0.0%   0.0%   0.0%   0.0%   0.0%   0.0%   0.0% 	Avg.:  0.0% 
	  0.0%   0.0%   0.0%   0.0%   0.0%   0.0%   0.0%   0.0%   0.0%   0.0% 	Avg.:  0.0% 
************************************************************************************************************
TAw Forg
	  0.0%   0.0%   0.0%   0.0%   0.0%   0.0%   0.0%   0.0%   0.0%   0.0% 
	  0.3%   0.0%   0.0%   0.0%   0.0%   0.0%   0.0%   0.0%   0.0%   0.0% 	Avg.:  0.3% 
	  0.2%  -0.1%   0.0%   0.0%   0.0%   0.0%   0.0%   0.0%   0.0%   0.0% 	Avg.:  0.1% 
	  0.0%   0.0%   0.0%   0.0%   0.0%   0.0%   0.0%   0.0%   0.0%   0.0% 	Avg.:  0.0% 
	  0.0%   0.0%   0.0%   0.0%   0.0%   0.0%   0.0%   0.0%   0.0%   0.0% 	Avg.:  0.0% 
	  0.0%   0.0%   0.0%   0.0%   0.0%   0.0%   0.0%   0.0%   0.0%   0.0% 	Avg.:  0.0% 
	  0.0%   0.0%   0.0%   0.0%   0.0%   0.0%   0.0%   0.0%   0.0%   0.0% 	Avg.:  0.0% 
	  0.0%   0.0%   0.0%   0.0%   0.0%   0.0%   0.0%   0.0%   0.0%   0.0% 	Avg.:  0.0% 
	  0.0%   0.0%   0.0%   0.0%   0.0%   0.0%   0.0%   0.0%   0.0%   0.0% 	Avg.:  0.0% 
	  0.0%   0.0%   0.0%   0.0%   0.0%   0.0%   0.0%   0.0%   0.0%   0.0% 	Avg.:  0.0% 
************************************************************************************************************
TAg Forg
	  0.0%   0.0%   0.0%   0.0%   0.0%   0.0%   0.0%   0.0%   0.0%   0.0% 
	  2.6%   0.0%   0.0%   0.0%   0.0%   0.0%   0.0%   0.0%   0.0%   0.0% 	Avg.:  2.6% 
	  3.1%   1.0%   0.0%   0.0%   0.0%   0.0%   0.0%   0.0%   0.0%   0.0% 	Avg.:  2.1% 
	  0.0%   0.0%   0.0%   0.0%   0.0%   0.0%   0.0%   0.0%   0.0%   0.0% 	Avg.:  0.0% 
	  0.0%   0.0%   0.0%   0.0%   0.0%   0.0%   0.0%   0.0%   0.0%   0.0% 	Avg.:  0.0% 
	  0.0%   0.0%   0.0%   0.0%   0.0%   0.0%   0.0%   0.0%   0.0%   0.0% 	Avg.:  0.0% 
	  0.0%   0.0%   0.0%   0.0%   0.0%   0.0%   0.0%   0.0%   0.0%   0.0% 	Avg.:  0.0% 
	  0.0%   0.0%   0.0%   0.0%   0.0%   0.0%   0.0%   0.0%   0.0%   0.0% 	Avg.:  0.0% 
	  0.0%   0.0%   0.0%   0.0%   0.0%   0.0%   0.0%   0.0%   0.0%   0.0% 	Avg.:  0.0% 
	  0.0%   0.0%   0.0%   0.0%   0.0%   0.0%   0.0%   0.0%   0.0%   0.0% 	Avg.:  0.0% 
************************************************************************************************************
[Elapsed time = 1.8 h]
Done!
