START_TASK=5 STOP_TASK=6
============================================================================================================
Arguments =
	all_outputs: False
	approach: finetuning
	batch_size: 64
	classes_first_task: None
	clipping: 10000
	crop: 224
	data_path: ../data/inat200
	dataset: inat200
	eval_on_train: False
	experiment_path: None
	fix_bn: False
	freeze_backbone: False
	gpu: 0
	gpus: [0]
	increment: 10
	last_layer_analysis: False
	log: ['disk']
	lr: 0.01
	lr_factor: None
	lr_min: 0.0001
	lr_patience: None
	lr_scheduler: cosine
	lr_warmup_epochs: 0
	momentum: 0.0
	multi_softmax: False
	nepochs: 90
	network: resnet50.a1_in1k
	no_cudnn_deterministic: False
	normalize: in1k
	num_workers: 2
	optimizer_name: sgd
	pin_memory: False
	pretrained: True
	resize: 224
	results_path: ./results
	save_models: True
	seed: 0
	start_at_task: 5
	start_epoch: 0
	stop_at_task: 6
	stop_epoch: 0
	use_valid_only: False
	warmup_lr_factor: 1.0
	warmup_nepochs: 0
	weight_decay: 0.0
============================================================================================================
Approach arguments =
============================================================================================================
Exemplars arguments =
============================================================================================================
WARNING: ./results/resnet50.a1_in1k/inat200/finetuning/10 already exists!
Loaded acc_taw from: ./results/resnet50.a1_in1k/inat200/finetuning/10/acc_taw-4.txt
Loaded acc_tag from: ./results/resnet50.a1_in1k/inat200/finetuning/10/acc_tag-4.txt
Loaded forg_taw from: ./results/resnet50.a1_in1k/inat200/finetuning/10/forg_taw-4.txt
Loaded forg_tag from: ./results/resnet50.a1_in1k/inat200/finetuning/10/forg_tag-4.txt
************************************************************************************************************
Task  5  [epochs 0-90]
************************************************************************************************************
[params] total:23,630,972  trainable:23,630,972  tensors:171  trainable_tensors:171
| Epoch   1, time= 13.2s | Train: skip eval | Valid: time=  1.4s loss=1.649, TAw acc= 64.8% | * lr=1.0e-02
| Epoch   2, time= 15.0s | Train: skip eval | Valid: time=  1.3s loss=1.292, TAw acc= 72.5% | * lr=1.0e-02
| Epoch   3, time= 13.6s | Train: skip eval | Valid: time=  1.5s loss=1.102, TAw acc= 74.2% | * lr=1.0e-02
| Epoch   4, time= 12.3s | Train: skip eval | Valid: time=  1.4s loss=1.005, TAw acc= 73.0% | * lr=1.0e-02
| Epoch   5, time= 13.6s | Train: skip eval | Valid: time=  1.3s loss=0.922, TAw acc= 74.8% | * lr=9.9e-03
| Epoch   6, time= 12.8s | Train: skip eval | Valid: time=  1.3s loss=0.864, TAw acc= 75.5% | * lr=9.9e-03
| Epoch   7, time= 15.9s | Train: skip eval | Valid: time=  1.4s loss=0.790, TAw acc= 76.8% | * lr=9.9e-03
| Epoch   8, time= 13.5s | Train: skip eval | Valid: time=  1.6s loss=0.775, TAw acc= 75.5% | * lr=9.8e-03
| Epoch   9, time= 13.5s | Train: skip eval | Valid: time=  1.3s loss=0.759, TAw acc= 76.8% | * lr=9.8e-03
| Epoch  10, time= 12.4s | Train: skip eval | Valid: time=  1.4s loss=0.717, TAw acc= 76.8% | * lr=9.7e-03
| Epoch  11, time= 13.6s | Train: skip eval | Valid: time=  1.3s loss=0.697, TAw acc= 78.0% | * lr=9.6e-03
| Epoch  12, time= 12.5s | Train: skip eval | Valid: time=  1.3s loss=0.675, TAw acc= 79.5% | * lr=9.6e-03
| Epoch  13, time= 14.5s | Train: skip eval | Valid: time=  1.7s loss=0.678, TAw acc= 79.0% | lr=9.5e-03
| Epoch  14, time= 12.0s | Train: skip eval | Valid: time=  1.3s loss=0.656, TAw acc= 79.0% | * lr=9.4e-03
| Epoch  15, time= 14.1s | Train: skip eval | Valid: time=  1.3s loss=0.643, TAw acc= 79.2% | * lr=9.3e-03
| Epoch  16, time= 13.6s | Train: skip eval | Valid: time=  1.3s loss=0.641, TAw acc= 79.5% | * lr=9.2e-03
| Epoch  17, time= 12.0s | Train: skip eval | Valid: time=  1.3s loss=0.625, TAw acc= 78.8% | * lr=9.2e-03
| Epoch  18, time= 13.5s | Train: skip eval | Valid: time=  1.3s loss=0.606, TAw acc= 80.2% | * lr=9.1e-03
| Epoch  19, time= 13.7s | Train: skip eval | Valid: time=  1.3s loss=0.609, TAw acc= 79.2% | lr=9.0e-03
| Epoch  20, time= 12.4s | Train: skip eval | Valid: time=  1.3s loss=0.608, TAw acc= 79.5% | lr=8.8e-03
| Epoch  21, time= 12.0s | Train: skip eval | Valid: time=  1.3s loss=0.609, TAw acc= 78.5% | lr=8.7e-03
| Epoch  22, time= 11.9s | Train: skip eval | Valid: time=  1.3s loss=0.599, TAw acc= 79.2% | * lr=8.6e-03
| Epoch  23, time= 13.1s | Train: skip eval | Valid: time=  1.3s loss=0.592, TAw acc= 80.5% | * lr=8.5e-03
| Epoch  24, time= 16.6s | Train: skip eval | Valid: time=  1.3s loss=0.568, TAw acc= 80.0% | * lr=8.4e-03
| Epoch  25, time= 12.3s | Train: skip eval | Valid: time=  1.3s loss=0.573, TAw acc= 79.8% | lr=8.2e-03
| Epoch  26, time= 16.1s | Train: skip eval | Valid: time=  1.7s loss=0.544, TAw acc= 81.2% | * lr=8.1e-03
| Epoch  27, time= 12.2s | Train: skip eval | Valid: time=  1.6s loss=0.539, TAw acc= 82.2% | * lr=8.0e-03
| Epoch  28, time= 12.4s | Train: skip eval | Valid: time=  1.3s loss=0.535, TAw acc= 81.5% | * lr=7.8e-03
| Epoch  29, time= 13.1s | Train: skip eval | Valid: time=  1.3s loss=0.540, TAw acc= 81.0% | lr=7.7e-03
| Epoch  30, time= 15.6s | Train: skip eval | Valid: time=  1.3s loss=0.560, TAw acc= 81.5% | lr=7.5e-03
| Epoch  31, time= 11.9s | Train: skip eval | Valid: time=  1.3s loss=0.527, TAw acc= 82.0% | * lr=7.4e-03
| Epoch  32, time= 15.8s | Train: skip eval | Valid: time=  1.3s loss=0.524, TAw acc= 82.0% | * lr=7.2e-03
| Epoch  33, time= 12.6s | Train: skip eval | Valid: time=  1.8s loss=0.539, TAw acc= 80.5% | lr=7.1e-03
| Epoch  34, time= 12.7s | Train: skip eval | Valid: time=  1.3s loss=0.604, TAw acc= 78.8% | lr=6.9e-03
| Epoch  35, time= 14.6s | Train: skip eval | Valid: time=  1.6s loss=0.518, TAw acc= 81.8% | * lr=6.7e-03
| Epoch  36, time= 13.7s | Train: skip eval | Valid: time=  1.6s loss=0.528, TAw acc= 82.0% | lr=6.6e-03
| Epoch  37, time= 12.5s | Train: skip eval | Valid: time=  1.3s loss=0.510, TAw acc= 82.8% | * lr=6.4e-03
| Epoch  38, time= 15.4s | Train: skip eval | Valid: time=  1.3s loss=0.515, TAw acc= 83.0% | lr=6.2e-03
| Epoch  39, time= 12.0s | Train: skip eval | Valid: time=  1.4s loss=0.499, TAw acc= 84.2% | * lr=6.1e-03
| Epoch  40, time= 13.6s | Train: skip eval | Valid: time=  1.3s loss=0.506, TAw acc= 82.0% | lr=5.9e-03
| Epoch  41, time= 12.1s | Train: skip eval | Valid: time=  1.3s loss=0.508, TAw acc= 81.5% | lr=5.7e-03
| Epoch  42, time= 13.0s | Train: skip eval | Valid: time=  1.3s loss=0.537, TAw acc= 79.0% | lr=5.6e-03
| Epoch  43, time= 12.2s | Train: skip eval | Valid: time=  1.3s loss=0.503, TAw acc= 81.2% | lr=5.4e-03
| Epoch  44, time= 12.5s | Train: skip eval | Valid: time=  1.3s loss=0.510, TAw acc= 81.8% | lr=5.2e-03
| Epoch  45, time= 13.8s | Train: skip eval | Valid: time=  1.3s loss=0.507, TAw acc= 83.0% | lr=5.1e-03
| Epoch  46, time= 12.1s | Train: skip eval | Valid: time=  1.3s loss=0.492, TAw acc= 83.0% | * lr=4.9e-03
| Epoch  47, time= 13.7s | Train: skip eval | Valid: time=  1.3s loss=0.486, TAw acc= 82.8% | * lr=4.7e-03
| Epoch  48, time= 13.7s | Train: skip eval | Valid: time=  1.3s loss=0.492, TAw acc= 83.0% | lr=4.5e-03
| Epoch  49, time= 12.7s | Train: skip eval | Valid: time=  1.3s loss=0.505, TAw acc= 82.5% | lr=4.4e-03
| Epoch  50, time= 13.5s | Train: skip eval | Valid: time=  1.6s loss=0.492, TAw acc= 83.5% | lr=4.2e-03
| Epoch  51, time= 13.3s | Train: skip eval | Valid: time=  1.6s loss=0.482, TAw acc= 84.0% | * lr=4.0e-03
| Epoch  52, time= 19.3s | Train: skip eval | Valid: time=  3.0s loss=0.484, TAw acc= 82.8% | lr=3.9e-03
| Epoch  53, time= 13.7s | Train: skip eval | Valid: time=  1.3s loss=0.480, TAw acc= 82.5% | * lr=3.7e-03
| Epoch  54, time= 12.1s | Train: skip eval | Valid: time=  1.3s loss=0.467, TAw acc= 84.5% | * lr=3.5e-03
| Epoch  55, time= 15.6s | Train: skip eval | Valid: time=  1.3s loss=0.477, TAw acc= 83.5% | lr=3.4e-03
| Epoch  56, time= 16.5s | Train: skip eval | Valid: time=  1.4s loss=0.493, TAw acc= 83.2% | lr=3.2e-03
| Epoch  57, time= 12.4s | Train: skip eval | Valid: time=  1.3s loss=0.470, TAw acc= 83.0% | lr=3.0e-03
| Epoch  58, time= 12.2s | Train: skip eval | Valid: time=  1.5s loss=0.485, TAw acc= 83.5% | lr=2.9e-03
| Epoch  59, time= 12.4s | Train: skip eval | Valid: time=  1.3s loss=0.464, TAw acc= 83.5% | * lr=2.7e-03
| Epoch  60, time= 12.5s | Train: skip eval | Valid: time=  1.3s loss=0.493, TAw acc= 85.0% | lr=2.6e-03
| Epoch  61, time= 12.6s | Train: skip eval | Valid: time=  1.5s loss=0.477, TAw acc= 82.8% | lr=2.4e-03
| Epoch  62, time= 16.3s | Train: skip eval | Valid: time=  1.3s loss=0.486, TAw acc= 83.8% | lr=2.3e-03
| Epoch  63, time= 12.4s | Train: skip eval | Valid: time=  1.3s loss=0.468, TAw acc= 84.2% | lr=2.1e-03
| Epoch  64, time= 13.7s | Train: skip eval | Valid: time=  1.3s loss=0.472, TAw acc= 83.0% | lr=2.0e-03
| Epoch  65, time= 12.2s | Train: skip eval | Valid: time=  1.3s loss=0.471, TAw acc= 83.8% | lr=1.9e-03
| Epoch  66, time= 12.6s | Train: skip eval | Valid: time=  1.3s loss=0.465, TAw acc= 84.2% | lr=1.7e-03
| Epoch  67, time= 15.9s | Train: skip eval | Valid: time=  1.3s loss=0.469, TAw acc= 84.5% | lr=1.6e-03
| Epoch  68, time= 15.5s | Train: skip eval | Valid: time=  1.6s loss=0.476, TAw acc= 82.2% | lr=1.5e-03
| Epoch  69, time= 13.0s | Train: skip eval | Valid: time=  1.7s loss=0.468, TAw acc= 82.5% | lr=1.4e-03
| Epoch  70, time= 12.4s | Train: skip eval | Valid: time=  1.3s loss=0.475, TAw acc= 82.8% | lr=1.3e-03
| Epoch  71, time= 17.2s | Train: skip eval | Valid: time=  1.3s loss=0.477, TAw acc= 83.8% | lr=1.1e-03
| Epoch  72, time= 12.3s | Train: skip eval | Valid: time=  1.3s loss=0.484, TAw acc= 82.8% | lr=1.0e-03
| Epoch  73, time= 16.2s | Train: skip eval | Valid: time=  1.3s loss=0.475, TAw acc= 83.8% | lr=9.5e-04
| Epoch  74, time= 13.1s | Train: skip eval | Valid: time=  1.3s loss=0.477, TAw acc= 83.2% | lr=8.5e-04
| Epoch  75, time= 17.4s | Train: skip eval | Valid: time=  1.6s loss=0.480, TAw acc= 83.2% | lr=7.6e-04
| Epoch  76, time= 17.0s | Train: skip eval | Valid: time=  1.3s loss=0.480, TAw acc= 84.5% | lr=6.8e-04
| Epoch  77, time= 15.0s | Train: skip eval | Valid: time=  1.3s loss=0.473, TAw acc= 83.0% | lr=6.0e-04
| Epoch  78, time= 13.1s | Train: skip eval | Valid: time=  1.7s loss=0.478, TAw acc= 83.8% | lr=5.3e-04
| Epoch  79, time= 12.6s | Train: skip eval | Valid: time=  1.3s loss=0.486, TAw acc= 83.0% | lr=4.6e-04
| Epoch  80, time= 13.2s | Train: skip eval | Valid: time=  1.3s loss=0.472, TAw acc= 83.2% | lr=4.0e-04
| Epoch  81, time= 13.1s | Train: skip eval | Valid: time=  1.3s loss=0.468, TAw acc= 84.0% | lr=3.4e-04
| Epoch  82, time= 13.2s | Train: skip eval | Valid: time=  1.3s loss=0.470, TAw acc= 83.2% | lr=2.9e-04
| Epoch  83, time= 12.3s | Train: skip eval | Valid: time=  1.3s loss=0.467, TAw acc= 83.5% | lr=2.5e-04
| Epoch  84, time= 13.0s | Train: skip eval | Valid: time=  1.3s loss=0.473, TAw acc= 83.8% | lr=2.1e-04
| Epoch  85, time= 13.9s | Train: skip eval | Valid: time=  1.3s loss=0.487, TAw acc= 83.2% | lr=1.8e-04
| Epoch  86, time= 12.7s | Train: skip eval | Valid: time=  1.3s loss=0.477, TAw acc= 83.5% | lr=1.5e-04
| Epoch  87, time= 15.0s | Train: skip eval | Valid: time=  1.3s loss=0.469, TAw acc= 84.5% | lr=1.3e-04
| Epoch  88, time= 14.3s | Train: skip eval | Valid: time=  1.3s loss=0.488, TAw acc= 82.8% | lr=1.1e-04
| Epoch  89, time= 14.6s | Train: skip eval | Valid: time=  1.3s loss=0.479, TAw acc= 83.2% | lr=1.0e-04
| Epoch  90, time= 12.0s | Train: skip eval | Valid: time=  1.3s loss=0.475, TAw acc= 84.5% | lr=1.0e-04
------------------------------------------------------------------------------------------------------------
>>> Test on task  0 : loss=0.597 | TAw acc= 81.2%, forg=  0.8% | TAg acc= 60.8%, forg= 20.5% <<<
>>> Test on task  1 : loss=0.521 | TAw acc= 83.4%, forg=  0.2% | TAg acc= 56.7%, forg=  8.1% <<<
>>> Test on task  2 : loss=0.406 | TAw acc= 86.7%, forg=  0.1% | TAg acc= 51.5%, forg= 10.1% <<<
>>> Test on task  3 : loss=0.499 | TAw acc= 81.8%, forg=  3.1% | TAg acc= 38.9%, forg=  7.4% <<<
>>> Test on task  4 : loss=0.456 | TAw acc= 86.1%, forg=  1.1% | TAg acc= 43.6%, forg=  0.7% <<<
>>> Test on task  5 : loss=0.521 | TAw acc= 82.4%, forg=  0.0% | TAg acc= 34.6%, forg=  0.0% <<<
Save at ./results/./results/resnet50.a1_in1k/inat200/finetuning/10
************************************************************************************************************
TAw Acc
	 81.3%   0.0%   0.0%   0.0%   0.0%   0.0%   0.0%   0.0%   0.0%   0.0%   0.0%   0.0%   0.0%   0.0%   0.0%   0.0%   0.0%   0.0%   0.0%   0.0% 	Avg.: 81.3% 
	 82.0%  82.9%   0.0%   0.0%   0.0%   0.0%   0.0%   0.0%   0.0%   0.0%   0.0%   0.0%   0.0%   0.0%   0.0%   0.0%   0.0%   0.0%   0.0%   0.0% 	Avg.: 82.4% 
	 79.3%  81.0%  86.8%   0.0%   0.0%   0.0%   0.0%   0.0%   0.0%   0.0%   0.0%   0.0%   0.0%   0.0%   0.0%   0.0%   0.0%   0.0%   0.0%   0.0% 	Avg.: 82.4% 
	 80.7%  82.1%  86.7%  84.9%   0.0%   0.0%   0.0%   0.0%   0.0%   0.0%   0.0%   0.0%   0.0%   0.0%   0.0%   0.0%   0.0%   0.0%   0.0%   0.0% 	Avg.: 83.6% 
	 81.2%  83.6%  85.3%  82.1%  87.2%   0.0%   0.0%   0.0%   0.0%   0.0%   0.0%   0.0%   0.0%   0.0%   0.0%   0.0%   0.0%   0.0%   0.0%   0.0% 	Avg.: 83.9% 
	 81.2%  83.4%  86.7%  81.8%  86.1%  82.4%   0.0%   0.0%   0.0%   0.0%   0.0%   0.0%   0.0%   0.0%   0.0%   0.0%   0.0%   0.0%   0.0%   0.0% 	Avg.: 83.6% 
	  0.0%   0.0%   0.0%   0.0%   0.0%   0.0%   0.0%   0.0%   0.0%   0.0%   0.0%   0.0%   0.0%   0.0%   0.0%   0.0%   0.0%   0.0%   0.0%   0.0% 	Avg.:  0.0% 
	  0.0%   0.0%   0.0%   0.0%   0.0%   0.0%   0.0%   0.0%   0.0%   0.0%   0.0%   0.0%   0.0%   0.0%   0.0%   0.0%   0.0%   0.0%   0.0%   0.0% 	Avg.:  0.0% 
	  0.0%   0.0%   0.0%   0.0%   0.0%   0.0%   0.0%   0.0%   0.0%   0.0%   0.0%   0.0%   0.0%   0.0%   0.0%   0.0%   0.0%   0.0%   0.0%   0.0% 	Avg.:  0.0% 
	  0.0%   0.0%   0.0%   0.0%   0.0%   0.0%   0.0%   0.0%   0.0%   0.0%   0.0%   0.0%   0.0%   0.0%   0.0%   0.0%   0.0%   0.0%   0.0%   0.0% 	Avg.:  0.0% 
	  0.0%   0.0%   0.0%   0.0%   0.0%   0.0%   0.0%   0.0%   0.0%   0.0%   0.0%   0.0%   0.0%   0.0%   0.0%   0.0%   0.0%   0.0%   0.0%   0.0% 	Avg.:  0.0% 
	  0.0%   0.0%   0.0%   0.0%   0.0%   0.0%   0.0%   0.0%   0.0%   0.0%   0.0%   0.0%   0.0%   0.0%   0.0%   0.0%   0.0%   0.0%   0.0%   0.0% 	Avg.:  0.0% 
	  0.0%   0.0%   0.0%   0.0%   0.0%   0.0%   0.0%   0.0%   0.0%   0.0%   0.0%   0.0%   0.0%   0.0%   0.0%   0.0%   0.0%   0.0%   0.0%   0.0% 	Avg.:  0.0% 
	  0.0%   0.0%   0.0%   0.0%   0.0%   0.0%   0.0%   0.0%   0.0%   0.0%   0.0%   0.0%   0.0%   0.0%   0.0%   0.0%   0.0%   0.0%   0.0%   0.0% 	Avg.:  0.0% 
	  0.0%   0.0%   0.0%   0.0%   0.0%   0.0%   0.0%   0.0%   0.0%   0.0%   0.0%   0.0%   0.0%   0.0%   0.0%   0.0%   0.0%   0.0%   0.0%   0.0% 	Avg.:  0.0% 
	  0.0%   0.0%   0.0%   0.0%   0.0%   0.0%   0.0%   0.0%   0.0%   0.0%   0.0%   0.0%   0.0%   0.0%   0.0%   0.0%   0.0%   0.0%   0.0%   0.0% 	Avg.:  0.0% 
	  0.0%   0.0%   0.0%   0.0%   0.0%   0.0%   0.0%   0.0%   0.0%   0.0%   0.0%   0.0%   0.0%   0.0%   0.0%   0.0%   0.0%   0.0%   0.0%   0.0% 	Avg.:  0.0% 
	  0.0%   0.0%   0.0%   0.0%   0.0%   0.0%   0.0%   0.0%   0.0%   0.0%   0.0%   0.0%   0.0%   0.0%   0.0%   0.0%   0.0%   0.0%   0.0%   0.0% 	Avg.:  0.0% 
	  0.0%   0.0%   0.0%   0.0%   0.0%   0.0%   0.0%   0.0%   0.0%   0.0%   0.0%   0.0%   0.0%   0.0%   0.0%   0.0%   0.0%   0.0%   0.0%   0.0% 	Avg.:  0.0% 
	  0.0%   0.0%   0.0%   0.0%   0.0%   0.0%   0.0%   0.0%   0.0%   0.0%   0.0%   0.0%   0.0%   0.0%   0.0%   0.0%   0.0%   0.0%   0.0%   0.0% 	Avg.:  0.0% 
************************************************************************************************************
TAg Acc
	 81.3%   0.0%   0.0%   0.0%   0.0%   0.0%   0.0%   0.0%   0.0%   0.0%   0.0%   0.0%   0.0%   0.0%   0.0%   0.0%   0.0%   0.0%   0.0%   0.0% 	Avg.: 81.3% 
	 73.6%  64.8%   0.0%   0.0%   0.0%   0.0%   0.0%   0.0%   0.0%   0.0%   0.0%   0.0%   0.0%   0.0%   0.0%   0.0%   0.0%   0.0%   0.0%   0.0% 	Avg.: 69.2% 
	 63.8%  58.0%  61.6%   0.0%   0.0%   0.0%   0.0%   0.0%   0.0%   0.0%   0.0%   0.0%   0.0%   0.0%   0.0%   0.0%   0.0%   0.0%   0.0%   0.0% 	Avg.: 61.1% 
	 64.5%  62.3%  45.4%  46.3%   0.0%   0.0%   0.0%   0.0%   0.0%   0.0%   0.0%   0.0%   0.0%   0.0%   0.0%   0.0%   0.0%   0.0%   0.0%   0.0% 	Avg.: 54.6% 
	 63.7%  63.0%  47.5%  41.2%  44.3%   0.0%   0.0%   0.0%   0.0%   0.0%   0.0%   0.0%   0.0%   0.0%   0.0%   0.0%   0.0%   0.0%   0.0%   0.0% 	Avg.: 51.9% 
	 60.8%  56.7%  51.5%  38.9%  43.6%  34.6%   0.0%   0.0%   0.0%   0.0%   0.0%   0.0%   0.0%   0.0%   0.0%   0.0%   0.0%   0.0%   0.0%   0.0% 	Avg.: 47.7% 
	  0.0%   0.0%   0.0%   0.0%   0.0%   0.0%   0.0%   0.0%   0.0%   0.0%   0.0%   0.0%   0.0%   0.0%   0.0%   0.0%   0.0%   0.0%   0.0%   0.0% 	Avg.:  0.0% 
	  0.0%   0.0%   0.0%   0.0%   0.0%   0.0%   0.0%   0.0%   0.0%   0.0%   0.0%   0.0%   0.0%   0.0%   0.0%   0.0%   0.0%   0.0%   0.0%   0.0% 	Avg.:  0.0% 
	  0.0%   0.0%   0.0%   0.0%   0.0%   0.0%   0.0%   0.0%   0.0%   0.0%   0.0%   0.0%   0.0%   0.0%   0.0%   0.0%   0.0%   0.0%   0.0%   0.0% 	Avg.:  0.0% 
	  0.0%   0.0%   0.0%   0.0%   0.0%   0.0%   0.0%   0.0%   0.0%   0.0%   0.0%   0.0%   0.0%   0.0%   0.0%   0.0%   0.0%   0.0%   0.0%   0.0% 	Avg.:  0.0% 
	  0.0%   0.0%   0.0%   0.0%   0.0%   0.0%   0.0%   0.0%   0.0%   0.0%   0.0%   0.0%   0.0%   0.0%   0.0%   0.0%   0.0%   0.0%   0.0%   0.0% 	Avg.:  0.0% 
	  0.0%   0.0%   0.0%   0.0%   0.0%   0.0%   0.0%   0.0%   0.0%   0.0%   0.0%   0.0%   0.0%   0.0%   0.0%   0.0%   0.0%   0.0%   0.0%   0.0% 	Avg.:  0.0% 
	  0.0%   0.0%   0.0%   0.0%   0.0%   0.0%   0.0%   0.0%   0.0%   0.0%   0.0%   0.0%   0.0%   0.0%   0.0%   0.0%   0.0%   0.0%   0.0%   0.0% 	Avg.:  0.0% 
	  0.0%   0.0%   0.0%   0.0%   0.0%   0.0%   0.0%   0.0%   0.0%   0.0%   0.0%   0.0%   0.0%   0.0%   0.0%   0.0%   0.0%   0.0%   0.0%   0.0% 	Avg.:  0.0% 
	  0.0%   0.0%   0.0%   0.0%   0.0%   0.0%   0.0%   0.0%   0.0%   0.0%   0.0%   0.0%   0.0%   0.0%   0.0%   0.0%   0.0%   0.0%   0.0%   0.0% 	Avg.:  0.0% 
	  0.0%   0.0%   0.0%   0.0%   0.0%   0.0%   0.0%   0.0%   0.0%   0.0%   0.0%   0.0%   0.0%   0.0%   0.0%   0.0%   0.0%   0.0%   0.0%   0.0% 	Avg.:  0.0% 
	  0.0%   0.0%   0.0%   0.0%   0.0%   0.0%   0.0%   0.0%   0.0%   0.0%   0.0%   0.0%   0.0%   0.0%   0.0%   0.0%   0.0%   0.0%   0.0%   0.0% 	Avg.:  0.0% 
	  0.0%   0.0%   0.0%   0.0%   0.0%   0.0%   0.0%   0.0%   0.0%   0.0%   0.0%   0.0%   0.0%   0.0%   0.0%   0.0%   0.0%   0.0%   0.0%   0.0% 	Avg.:  0.0% 
	  0.0%   0.0%   0.0%   0.0%   0.0%   0.0%   0.0%   0.0%   0.0%   0.0%   0.0%   0.0%   0.0%   0.0%   0.0%   0.0%   0.0%   0.0%   0.0%   0.0% 	Avg.:  0.0% 
	  0.0%   0.0%   0.0%   0.0%   0.0%   0.0%   0.0%   0.0%   0.0%   0.0%   0.0%   0.0%   0.0%   0.0%   0.0%   0.0%   0.0%   0.0%   0.0%   0.0% 	Avg.:  0.0% 
************************************************************************************************************
TAw Forg
	  0.0%   0.0%   0.0%   0.0%   0.0%   0.0%   0.0%   0.0%   0.0%   0.0%   0.0%   0.0%   0.0%   0.0%   0.0%   0.0%   0.0%   0.0%   0.0%   0.0% 
	 -0.7%   0.0%   0.0%   0.0%   0.0%   0.0%   0.0%   0.0%   0.0%   0.0%   0.0%   0.0%   0.0%   0.0%   0.0%   0.0%   0.0%   0.0%   0.0%   0.0% 	Avg.: -0.7% 
	  2.7%   1.9%   0.0%   0.0%   0.0%   0.0%   0.0%   0.0%   0.0%   0.0%   0.0%   0.0%   0.0%   0.0%   0.0%   0.0%   0.0%   0.0%   0.0%   0.0% 	Avg.:  2.3% 
	  1.3%   0.8%   0.1%   0.0%   0.0%   0.0%   0.0%   0.0%   0.0%   0.0%   0.0%   0.0%   0.0%   0.0%   0.0%   0.0%   0.0%   0.0%   0.0%   0.0% 	Avg.:  0.7% 
	  0.8%  -0.7%   1.5%   2.8%   0.0%   0.0%   0.0%   0.0%   0.0%   0.0%   0.0%   0.0%   0.0%   0.0%   0.0%   0.0%   0.0%   0.0%   0.0%   0.0% 	Avg.:  1.1% 
	  0.8%   0.2%   0.1%   3.1%   1.1%   0.0%   0.0%   0.0%   0.0%   0.0%   0.0%   0.0%   0.0%   0.0%   0.0%   0.0%   0.0%   0.0%   0.0%   0.0% 	Avg.:  1.1% 
	  0.0%   0.0%   0.0%   0.0%   0.0%   0.0%   0.0%   0.0%   0.0%   0.0%   0.0%   0.0%   0.0%   0.0%   0.0%   0.0%   0.0%   0.0%   0.0%   0.0% 	Avg.:  0.0% 
	  0.0%   0.0%   0.0%   0.0%   0.0%   0.0%   0.0%   0.0%   0.0%   0.0%   0.0%   0.0%   0.0%   0.0%   0.0%   0.0%   0.0%   0.0%   0.0%   0.0% 	Avg.:  0.0% 
	  0.0%   0.0%   0.0%   0.0%   0.0%   0.0%   0.0%   0.0%   0.0%   0.0%   0.0%   0.0%   0.0%   0.0%   0.0%   0.0%   0.0%   0.0%   0.0%   0.0% 	Avg.:  0.0% 
	  0.0%   0.0%   0.0%   0.0%   0.0%   0.0%   0.0%   0.0%   0.0%   0.0%   0.0%   0.0%   0.0%   0.0%   0.0%   0.0%   0.0%   0.0%   0.0%   0.0% 	Avg.:  0.0% 
	  0.0%   0.0%   0.0%   0.0%   0.0%   0.0%   0.0%   0.0%   0.0%   0.0%   0.0%   0.0%   0.0%   0.0%   0.0%   0.0%   0.0%   0.0%   0.0%   0.0% 	Avg.:  0.0% 
	  0.0%   0.0%   0.0%   0.0%   0.0%   0.0%   0.0%   0.0%   0.0%   0.0%   0.0%   0.0%   0.0%   0.0%   0.0%   0.0%   0.0%   0.0%   0.0%   0.0% 	Avg.:  0.0% 
	  0.0%   0.0%   0.0%   0.0%   0.0%   0.0%   0.0%   0.0%   0.0%   0.0%   0.0%   0.0%   0.0%   0.0%   0.0%   0.0%   0.0%   0.0%   0.0%   0.0% 	Avg.:  0.0% 
	  0.0%   0.0%   0.0%   0.0%   0.0%   0.0%   0.0%   0.0%   0.0%   0.0%   0.0%   0.0%   0.0%   0.0%   0.0%   0.0%   0.0%   0.0%   0.0%   0.0% 	Avg.:  0.0% 
	  0.0%   0.0%   0.0%   0.0%   0.0%   0.0%   0.0%   0.0%   0.0%   0.0%   0.0%   0.0%   0.0%   0.0%   0.0%   0.0%   0.0%   0.0%   0.0%   0.0% 	Avg.:  0.0% 
	  0.0%   0.0%   0.0%   0.0%   0.0%   0.0%   0.0%   0.0%   0.0%   0.0%   0.0%   0.0%   0.0%   0.0%   0.0%   0.0%   0.0%   0.0%   0.0%   0.0% 	Avg.:  0.0% 
	  0.0%   0.0%   0.0%   0.0%   0.0%   0.0%   0.0%   0.0%   0.0%   0.0%   0.0%   0.0%   0.0%   0.0%   0.0%   0.0%   0.0%   0.0%   0.0%   0.0% 	Avg.:  0.0% 
	  0.0%   0.0%   0.0%   0.0%   0.0%   0.0%   0.0%   0.0%   0.0%   0.0%   0.0%   0.0%   0.0%   0.0%   0.0%   0.0%   0.0%   0.0%   0.0%   0.0% 	Avg.:  0.0% 
	  0.0%   0.0%   0.0%   0.0%   0.0%   0.0%   0.0%   0.0%   0.0%   0.0%   0.0%   0.0%   0.0%   0.0%   0.0%   0.0%   0.0%   0.0%   0.0%   0.0% 	Avg.:  0.0% 
	  0.0%   0.0%   0.0%   0.0%   0.0%   0.0%   0.0%   0.0%   0.0%   0.0%   0.0%   0.0%   0.0%   0.0%   0.0%   0.0%   0.0%   0.0%   0.0%   0.0% 	Avg.:  0.0% 
************************************************************************************************************
TAg Forg
	  0.0%   0.0%   0.0%   0.0%   0.0%   0.0%   0.0%   0.0%   0.0%   0.0%   0.0%   0.0%   0.0%   0.0%   0.0%   0.0%   0.0%   0.0%   0.0%   0.0% 
	  7.7%   0.0%   0.0%   0.0%   0.0%   0.0%   0.0%   0.0%   0.0%   0.0%   0.0%   0.0%   0.0%   0.0%   0.0%   0.0%   0.0%   0.0%   0.0%   0.0% 	Avg.:  7.7% 
	 17.5%   6.8%   0.0%   0.0%   0.0%   0.0%   0.0%   0.0%   0.0%   0.0%   0.0%   0.0%   0.0%   0.0%   0.0%   0.0%   0.0%   0.0%   0.0%   0.0% 	Avg.: 12.1% 
	 16.8%   2.5%  16.2%   0.0%   0.0%   0.0%   0.0%   0.0%   0.0%   0.0%   0.0%   0.0%   0.0%   0.0%   0.0%   0.0%   0.0%   0.0%   0.0%   0.0% 	Avg.: 11.8% 
	 17.6%   1.8%  14.1%   5.1%   0.0%   0.0%   0.0%   0.0%   0.0%   0.0%   0.0%   0.0%   0.0%   0.0%   0.0%   0.0%   0.0%   0.0%   0.0%   0.0% 	Avg.:  9.7% 
	 20.5%   8.1%  10.1%   7.4%   0.7%   0.0%   0.0%   0.0%   0.0%   0.0%   0.0%   0.0%   0.0%   0.0%   0.0%   0.0%   0.0%   0.0%   0.0%   0.0% 	Avg.:  9.4% 
	  0.0%   0.0%   0.0%   0.0%   0.0%   0.0%   0.0%   0.0%   0.0%   0.0%   0.0%   0.0%   0.0%   0.0%   0.0%   0.0%   0.0%   0.0%   0.0%   0.0% 	Avg.:  0.0% 
	  0.0%   0.0%   0.0%   0.0%   0.0%   0.0%   0.0%   0.0%   0.0%   0.0%   0.0%   0.0%   0.0%   0.0%   0.0%   0.0%   0.0%   0.0%   0.0%   0.0% 	Avg.:  0.0% 
	  0.0%   0.0%   0.0%   0.0%   0.0%   0.0%   0.0%   0.0%   0.0%   0.0%   0.0%   0.0%   0.0%   0.0%   0.0%   0.0%   0.0%   0.0%   0.0%   0.0% 	Avg.:  0.0% 
	  0.0%   0.0%   0.0%   0.0%   0.0%   0.0%   0.0%   0.0%   0.0%   0.0%   0.0%   0.0%   0.0%   0.0%   0.0%   0.0%   0.0%   0.0%   0.0%   0.0% 	Avg.:  0.0% 
	  0.0%   0.0%   0.0%   0.0%   0.0%   0.0%   0.0%   0.0%   0.0%   0.0%   0.0%   0.0%   0.0%   0.0%   0.0%   0.0%   0.0%   0.0%   0.0%   0.0% 	Avg.:  0.0% 
	  0.0%   0.0%   0.0%   0.0%   0.0%   0.0%   0.0%   0.0%   0.0%   0.0%   0.0%   0.0%   0.0%   0.0%   0.0%   0.0%   0.0%   0.0%   0.0%   0.0% 	Avg.:  0.0% 
	  0.0%   0.0%   0.0%   0.0%   0.0%   0.0%   0.0%   0.0%   0.0%   0.0%   0.0%   0.0%   0.0%   0.0%   0.0%   0.0%   0.0%   0.0%   0.0%   0.0% 	Avg.:  0.0% 
	  0.0%   0.0%   0.0%   0.0%   0.0%   0.0%   0.0%   0.0%   0.0%   0.0%   0.0%   0.0%   0.0%   0.0%   0.0%   0.0%   0.0%   0.0%   0.0%   0.0% 	Avg.:  0.0% 
	  0.0%   0.0%   0.0%   0.0%   0.0%   0.0%   0.0%   0.0%   0.0%   0.0%   0.0%   0.0%   0.0%   0.0%   0.0%   0.0%   0.0%   0.0%   0.0%   0.0% 	Avg.:  0.0% 
	  0.0%   0.0%   0.0%   0.0%   0.0%   0.0%   0.0%   0.0%   0.0%   0.0%   0.0%   0.0%   0.0%   0.0%   0.0%   0.0%   0.0%   0.0%   0.0%   0.0% 	Avg.:  0.0% 
	  0.0%   0.0%   0.0%   0.0%   0.0%   0.0%   0.0%   0.0%   0.0%   0.0%   0.0%   0.0%   0.0%   0.0%   0.0%   0.0%   0.0%   0.0%   0.0%   0.0% 	Avg.:  0.0% 
	  0.0%   0.0%   0.0%   0.0%   0.0%   0.0%   0.0%   0.0%   0.0%   0.0%   0.0%   0.0%   0.0%   0.0%   0.0%   0.0%   0.0%   0.0%   0.0%   0.0% 	Avg.:  0.0% 
	  0.0%   0.0%   0.0%   0.0%   0.0%   0.0%   0.0%   0.0%   0.0%   0.0%   0.0%   0.0%   0.0%   0.0%   0.0%   0.0%   0.0%   0.0%   0.0%   0.0% 	Avg.:  0.0% 
	  0.0%   0.0%   0.0%   0.0%   0.0%   0.0%   0.0%   0.0%   0.0%   0.0%   0.0%   0.0%   0.0%   0.0%   0.0%   0.0%   0.0%   0.0%   0.0%   0.0% 	Avg.:  0.0% 
************************************************************************************************************
[Elapsed time = 0.4 h]
Done!
