START_TASK=13 STOP_TASK=14
============================================================================================================
Arguments =
	all_outputs: False
	approach: finetuning
	batch_size: 64
	classes_first_task: None
	clipping: 10000
	crop: 224
	data_path: ../data/inat200
	dataset: inat200
	eval_on_train: False
	experiment_path: None
	fix_bn: False
	freeze_backbone: False
	gpu: 0
	gpus: [0]
	increment: 10
	last_layer_analysis: False
	log: ['disk']
	lr: 0.01
	lr_factor: None
	lr_min: 0.0001
	lr_patience: None
	lr_scheduler: cosine
	lr_warmup_epochs: 0
	momentum: 0.0
	multi_softmax: False
	nepochs: 90
	network: resnet50.a1_in1k
	no_cudnn_deterministic: False
	normalize: in1k
	num_workers: 2
	optimizer_name: sgd
	pin_memory: False
	pretrained: True
	resize: 224
	results_path: ./results
	save_models: True
	seed: 0
	start_at_task: 13
	start_epoch: 0
	stop_at_task: 14
	stop_epoch: 0
	use_valid_only: False
	warmup_lr_factor: 1.0
	warmup_nepochs: 0
	weight_decay: 0.0
============================================================================================================
Approach arguments =
============================================================================================================
Exemplars arguments =
============================================================================================================
WARNING: ./results/resnet50.a1_in1k/inat200/finetuning/10 already exists!
Loaded acc_taw from: ./results/resnet50.a1_in1k/inat200/finetuning/10/acc_taw-12.txt
Loaded acc_tag from: ./results/resnet50.a1_in1k/inat200/finetuning/10/acc_tag-12.txt
Loaded forg_taw from: ./results/resnet50.a1_in1k/inat200/finetuning/10/forg_taw-12.txt
Loaded forg_tag from: ./results/resnet50.a1_in1k/inat200/finetuning/10/forg_tag-12.txt
************************************************************************************************************
Task 13  [epochs 0-90]
************************************************************************************************************
[params] total:23,794,892  trainable:23,794,892  tensors:187  trainable_tensors:187
| Epoch   1, time= 14.3s | Train: skip eval | Valid: time=  1.4s loss=0.983, TAw acc= 89.2% | * lr=1.0e-02
| Epoch   2, time= 16.4s | Train: skip eval | Valid: time=  1.3s loss=0.653, TAw acc= 92.5% | * lr=1.0e-02
| Epoch   3, time= 12.8s | Train: skip eval | Valid: time=  1.8s loss=0.507, TAw acc= 93.2% | * lr=1.0e-02
| Epoch   4, time= 13.5s | Train: skip eval | Valid: time=  1.6s loss=0.415, TAw acc= 94.2% | * lr=1.0e-02
| Epoch   5, time= 13.3s | Train: skip eval | Valid: time=  1.3s loss=0.380, TAw acc= 93.2% | * lr=9.9e-03
| Epoch   6, time= 13.3s | Train: skip eval | Valid: time=  1.8s loss=0.339, TAw acc= 93.8% | * lr=9.9e-03
| Epoch   7, time= 13.3s | Train: skip eval | Valid: time=  1.3s loss=0.317, TAw acc= 92.8% | * lr=9.9e-03
| Epoch   8, time= 12.3s | Train: skip eval | Valid: time=  1.3s loss=0.305, TAw acc= 93.2% | * lr=9.8e-03
| Epoch   9, time= 12.3s | Train: skip eval | Valid: time=  1.3s loss=0.295, TAw acc= 93.0% | * lr=9.8e-03
| Epoch  10, time= 15.5s | Train: skip eval | Valid: time=  1.3s loss=0.275, TAw acc= 93.5% | * lr=9.7e-03
| Epoch  11, time= 13.3s | Train: skip eval | Valid: time=  1.3s loss=0.268, TAw acc= 93.2% | * lr=9.6e-03
| Epoch  12, time= 12.1s | Train: skip eval | Valid: time=  1.3s loss=0.261, TAw acc= 94.8% | * lr=9.6e-03
| Epoch  13, time= 14.2s | Train: skip eval | Valid: time=  1.3s loss=0.250, TAw acc= 94.0% | * lr=9.5e-03
| Epoch  14, time= 12.4s | Train: skip eval | Valid: time=  1.8s loss=0.231, TAw acc= 95.0% | * lr=9.4e-03
| Epoch  15, time= 13.2s | Train: skip eval | Valid: time=  1.3s loss=0.229, TAw acc= 94.8% | * lr=9.3e-03
| Epoch  16, time= 12.5s | Train: skip eval | Valid: time=  1.5s loss=0.240, TAw acc= 94.2% | lr=9.2e-03
| Epoch  17, time= 12.4s | Train: skip eval | Valid: time=  1.6s loss=0.234, TAw acc= 94.0% | lr=9.2e-03
| Epoch  18, time= 12.6s | Train: skip eval | Valid: time=  1.7s loss=0.225, TAw acc= 95.2% | * lr=9.1e-03
| Epoch  19, time= 13.2s | Train: skip eval | Valid: time=  1.6s loss=0.215, TAw acc= 95.0% | * lr=9.0e-03
| Epoch  20, time= 13.1s | Train: skip eval | Valid: time=  1.3s loss=0.200, TAw acc= 95.0% | * lr=8.8e-03
| Epoch  21, time= 12.2s | Train: skip eval | Valid: time=  1.3s loss=0.208, TAw acc= 94.0% | lr=8.7e-03
| Epoch  22, time= 12.7s | Train: skip eval | Valid: time=  1.4s loss=0.210, TAw acc= 94.0% | lr=8.6e-03
| Epoch  23, time= 13.5s | Train: skip eval | Valid: time=  1.4s loss=0.196, TAw acc= 94.2% | * lr=8.5e-03
| Epoch  24, time= 14.0s | Train: skip eval | Valid: time=  1.3s loss=0.202, TAw acc= 94.5% | lr=8.4e-03
| Epoch  25, time= 12.8s | Train: skip eval | Valid: time=  1.4s loss=0.201, TAw acc= 94.8% | lr=8.2e-03
| Epoch  26, time= 13.1s | Train: skip eval | Valid: time=  1.5s loss=0.188, TAw acc= 94.8% | * lr=8.1e-03
| Epoch  27, time= 12.8s | Train: skip eval | Valid: time=  1.3s loss=0.197, TAw acc= 94.0% | lr=8.0e-03
| Epoch  28, time= 12.8s | Train: skip eval | Valid: time=  1.3s loss=0.188, TAw acc= 95.0% | lr=7.8e-03
| Epoch  29, time= 13.3s | Train: skip eval | Valid: time=  1.3s loss=0.188, TAw acc= 94.8% | lr=7.7e-03
| Epoch  30, time= 12.0s | Train: skip eval | Valid: time=  1.3s loss=0.186, TAw acc= 95.5% | * lr=7.5e-03
| Epoch  31, time= 12.6s | Train: skip eval | Valid: time=  1.8s loss=0.185, TAw acc= 95.0% | * lr=7.4e-03
| Epoch  32, time= 15.3s | Train: skip eval | Valid: time=  1.3s loss=0.184, TAw acc= 94.8% | * lr=7.2e-03
| Epoch  33, time= 11.9s | Train: skip eval | Valid: time=  1.4s loss=0.186, TAw acc= 95.2% | lr=7.1e-03
| Epoch  34, time= 13.0s | Train: skip eval | Valid: time=  1.3s loss=0.189, TAw acc= 95.0% | lr=6.9e-03
| Epoch  35, time= 12.9s | Train: skip eval | Valid: time=  1.3s loss=0.171, TAw acc= 95.5% | * lr=6.7e-03
| Epoch  36, time= 12.9s | Train: skip eval | Valid: time=  1.4s loss=0.182, TAw acc= 95.0% | lr=6.6e-03
| Epoch  37, time= 12.1s | Train: skip eval | Valid: time=  1.3s loss=0.177, TAw acc= 95.0% | lr=6.4e-03
| Epoch  38, time= 12.1s | Train: skip eval | Valid: time=  1.3s loss=0.180, TAw acc= 95.0% | lr=6.2e-03
| Epoch  39, time= 12.1s | Train: skip eval | Valid: time=  1.8s loss=0.176, TAw acc= 94.8% | lr=6.1e-03
| Epoch  40, time= 12.7s | Train: skip eval | Valid: time=  1.3s loss=0.180, TAw acc= 94.8% | lr=5.9e-03
| Epoch  41, time= 14.4s | Train: skip eval | Valid: time=  1.3s loss=0.174, TAw acc= 95.8% | lr=5.7e-03
| Epoch  42, time= 12.2s | Train: skip eval | Valid: time=  1.4s loss=0.169, TAw acc= 96.2% | * lr=5.6e-03
| Epoch  43, time= 16.8s | Train: skip eval | Valid: time=  1.3s loss=0.162, TAw acc= 96.0% | * lr=5.4e-03
| Epoch  44, time= 12.1s | Train: skip eval | Valid: time=  1.6s loss=0.168, TAw acc= 96.2% | lr=5.2e-03
| Epoch  45, time= 12.6s | Train: skip eval | Valid: time=  1.6s loss=0.177, TAw acc= 95.2% | lr=5.1e-03
| Epoch  46, time= 12.0s | Train: skip eval | Valid: time=  1.3s loss=0.168, TAw acc= 95.8% | lr=4.9e-03
| Epoch  47, time= 13.1s | Train: skip eval | Valid: time=  1.3s loss=0.181, TAw acc= 95.0% | lr=4.7e-03
| Epoch  48, time= 12.2s | Train: skip eval | Valid: time=  1.8s loss=0.162, TAw acc= 95.2% | * lr=4.5e-03
| Epoch  49, time= 12.1s | Train: skip eval | Valid: time=  1.8s loss=0.172, TAw acc= 94.8% | lr=4.4e-03
| Epoch  50, time= 12.1s | Train: skip eval | Valid: time=  1.3s loss=0.160, TAw acc= 95.5% | * lr=4.2e-03
| Epoch  51, time= 12.5s | Train: skip eval | Valid: time=  1.3s loss=0.159, TAw acc= 95.0% | * lr=4.0e-03
| Epoch  52, time= 12.5s | Train: skip eval | Valid: time=  1.3s loss=0.159, TAw acc= 95.5% | * lr=3.9e-03
| Epoch  53, time= 12.1s | Train: skip eval | Valid: time=  1.6s loss=0.159, TAw acc= 96.0% | * lr=3.7e-03
| Epoch  54, time= 12.0s | Train: skip eval | Valid: time=  1.8s loss=0.153, TAw acc= 96.0% | * lr=3.5e-03
| Epoch  55, time= 13.2s | Train: skip eval | Valid: time=  1.3s loss=0.160, TAw acc= 95.8% | lr=3.4e-03
| Epoch  56, time= 12.2s | Train: skip eval | Valid: time=  1.3s loss=0.168, TAw acc= 95.0% | lr=3.2e-03
| Epoch  57, time= 12.0s | Train: skip eval | Valid: time=  1.3s loss=0.172, TAw acc= 94.5% | lr=3.0e-03
| Epoch  58, time= 13.3s | Train: skip eval | Valid: time=  1.3s loss=0.162, TAw acc= 96.2% | lr=2.9e-03
| Epoch  59, time= 13.3s | Train: skip eval | Valid: time=  1.3s loss=0.157, TAw acc= 95.5% | lr=2.7e-03
| Epoch  60, time= 14.4s | Train: skip eval | Valid: time=  1.3s loss=0.164, TAw acc= 95.2% | lr=2.6e-03
| Epoch  61, time= 13.3s | Train: skip eval | Valid: time=  1.3s loss=0.156, TAw acc= 95.5% | lr=2.4e-03
| Epoch  62, time= 15.5s | Train: skip eval | Valid: time=  1.3s loss=0.166, TAw acc= 95.5% | lr=2.3e-03
| Epoch  63, time= 13.6s | Train: skip eval | Valid: time=  1.3s loss=0.163, TAw acc= 95.0% | lr=2.1e-03
| Epoch  64, time= 16.4s | Train: skip eval | Valid: time=  1.2s loss=0.156, TAw acc= 96.0% | lr=2.0e-03
| Epoch  65, time= 12.6s | Train: skip eval | Valid: time=  1.5s loss=0.165, TAw acc= 95.5% | lr=1.9e-03
| Epoch  66, time= 12.1s | Train: skip eval | Valid: time=  1.4s loss=0.152, TAw acc= 96.0% | * lr=1.7e-03
| Epoch  67, time= 12.7s | Train: skip eval | Valid: time=  1.4s loss=0.159, TAw acc= 95.8% | lr=1.6e-03
| Epoch  68, time= 13.3s | Train: skip eval | Valid: time=  1.3s loss=0.156, TAw acc= 95.2% | lr=1.5e-03
| Epoch  69, time= 14.5s | Train: skip eval | Valid: time=  1.3s loss=0.154, TAw acc= 96.2% | lr=1.4e-03
| Epoch  70, time= 14.0s | Train: skip eval | Valid: time=  1.4s loss=0.158, TAw acc= 95.5% | lr=1.3e-03
| Epoch  71, time= 12.2s | Train: skip eval | Valid: time=  1.3s loss=0.155, TAw acc= 96.2% | lr=1.1e-03
| Epoch  72, time= 13.0s | Train: skip eval | Valid: time=  1.3s loss=0.154, TAw acc= 95.5% | lr=1.0e-03
| Epoch  73, time= 12.8s | Train: skip eval | Valid: time=  1.6s loss=0.161, TAw acc= 96.2% | lr=9.5e-04
| Epoch  74, time= 12.6s | Train: skip eval | Valid: time=  1.4s loss=0.160, TAw acc= 95.5% | lr=8.5e-04
| Epoch  75, time= 12.3s | Train: skip eval | Valid: time=  1.3s loss=0.157, TAw acc= 95.8% | lr=7.6e-04
| Epoch  76, time= 12.7s | Train: skip eval | Valid: time=  1.8s loss=0.156, TAw acc= 95.0% | lr=6.8e-04
| Epoch  77, time= 14.8s | Train: skip eval | Valid: time=  1.3s loss=0.155, TAw acc= 95.8% | lr=6.0e-04
| Epoch  78, time= 17.3s | Train: skip eval | Valid: time=  1.6s loss=0.157, TAw acc= 95.8% | lr=5.3e-04
| Epoch  79, time= 13.8s | Train: skip eval | Valid: time=  1.3s loss=0.164, TAw acc= 95.8% | lr=4.6e-04
| Epoch  80, time= 12.0s | Train: skip eval | Valid: time=  1.3s loss=0.152, TAw acc= 95.5% | lr=4.0e-04
| Epoch  81, time= 12.4s | Train: skip eval | Valid: time=  1.3s loss=0.163, TAw acc= 95.5% | lr=3.4e-04
| Epoch  82, time= 12.4s | Train: skip eval | Valid: time=  1.3s loss=0.157, TAw acc= 95.2% | lr=2.9e-04
| Epoch  83, time= 12.2s | Train: skip eval | Valid: time=  1.3s loss=0.165, TAw acc= 95.0% | lr=2.5e-04
| Epoch  84, time= 12.8s | Train: skip eval | Valid: time=  1.3s loss=0.154, TAw acc= 95.5% | lr=2.1e-04
| Epoch  85, time= 14.6s | Train: skip eval | Valid: time=  1.6s loss=0.155, TAw acc= 96.0% | lr=1.8e-04
| Epoch  86, time= 13.8s | Train: skip eval | Valid: time=  1.4s loss=0.161, TAw acc= 95.5% | lr=1.5e-04
| Epoch  87, time= 12.0s | Train: skip eval | Valid: time=  1.3s loss=0.152, TAw acc= 96.0% | * lr=1.3e-04
| Epoch  88, time= 12.5s | Train: skip eval | Valid: time=  1.5s loss=0.163, TAw acc= 95.5% | lr=1.1e-04
| Epoch  89, time= 13.3s | Train: skip eval | Valid: time=  1.3s loss=0.157, TAw acc= 95.2% | lr=1.0e-04
| Epoch  90, time= 16.4s | Train: skip eval | Valid: time=  1.3s loss=0.156, TAw acc= 95.5% | lr=1.0e-04
------------------------------------------------------------------------------------------------------------
>>> Test on task  0 : loss=0.583 | TAw acc= 83.6%, forg= -0.8% | TAg acc= 58.6%, forg= 22.7% <<<
>>> Test on task  1 : loss=0.539 | TAw acc= 82.8%, forg=  1.1% | TAg acc= 56.7%, forg=  8.1% <<<
>>> Test on task  2 : loss=0.525 | TAw acc= 81.6%, forg=  5.8% | TAg acc= 47.9%, forg= 13.7% <<<
>>> Test on task  3 : loss=0.472 | TAw acc= 84.1%, forg=  0.8% | TAg acc= 39.0%, forg=  7.3% <<<
>>> Test on task  4 : loss=0.545 | TAw acc= 83.1%, forg=  4.1% | TAg acc= 39.9%, forg=  4.4% <<<
>>> Test on task  5 : loss=0.548 | TAw acc= 80.8%, forg=  1.6% | TAg acc= 32.5%, forg=  2.1% <<<
>>> Test on task  6 : loss=0.400 | TAw acc= 85.3%, forg=  3.4% | TAg acc= 36.5%, forg=  9.3% <<<
>>> Test on task  7 : loss=0.435 | TAw acc= 85.6%, forg=  2.7% | TAg acc= 30.1%, forg=  8.2% <<<
>>> Test on task  8 : loss=0.412 | TAw acc= 86.0%, forg=  0.6% | TAg acc= 38.8%, forg=  2.1% <<<
>>> Test on task  9 : loss=0.389 | TAw acc= 87.6%, forg=  2.0% | TAg acc= 40.5%, forg=  2.5% <<<
>>> Test on task 10 : loss=0.487 | TAw acc= 83.1%, forg=  1.7% | TAg acc= 23.9%, forg=  3.1% <<<
>>> Test on task 11 : loss=0.440 | TAw acc= 83.6%, forg=  4.7% | TAg acc= 19.2%, forg=  3.1% <<<
>>> Test on task 12 : loss=0.357 | TAw acc= 87.5%, forg=  2.3% | TAg acc= 17.4%, forg=  9.0% <<<
>>> Test on task 13 : loss=0.174 | TAw acc= 94.9%, forg=  0.0% | TAg acc= 19.9%, forg=  0.0% <<<
Save at ./results/./results/resnet50.a1_in1k/inat200/finetuning/10
************************************************************************************************************
TAw Acc
	 81.3%   0.0%   0.0%   0.0%   0.0%   0.0%   0.0%   0.0%   0.0%   0.0%   0.0%   0.0%   0.0%   0.0%   0.0%   0.0%   0.0%   0.0%   0.0%   0.0% 	Avg.: 81.3% 
	 82.0%  82.9%   0.0%   0.0%   0.0%   0.0%   0.0%   0.0%   0.0%   0.0%   0.0%   0.0%   0.0%   0.0%   0.0%   0.0%   0.0%   0.0%   0.0%   0.0% 	Avg.: 82.4% 
	 79.3%  81.0%  86.8%   0.0%   0.0%   0.0%   0.0%   0.0%   0.0%   0.0%   0.0%   0.0%   0.0%   0.0%   0.0%   0.0%   0.0%   0.0%   0.0%   0.0% 	Avg.: 82.4% 
	 80.7%  82.1%  86.7%  84.9%   0.0%   0.0%   0.0%   0.0%   0.0%   0.0%   0.0%   0.0%   0.0%   0.0%   0.0%   0.0%   0.0%   0.0%   0.0%   0.0% 	Avg.: 83.6% 
	 81.2%  83.6%  85.3%  82.1%  87.2%   0.0%   0.0%   0.0%   0.0%   0.0%   0.0%   0.0%   0.0%   0.0%   0.0%   0.0%   0.0%   0.0%   0.0%   0.0% 	Avg.: 83.9% 
	 81.2%  83.4%  86.7%  81.8%  86.1%  82.4%   0.0%   0.0%   0.0%   0.0%   0.0%   0.0%   0.0%   0.0%   0.0%   0.0%   0.0%   0.0%   0.0%   0.0% 	Avg.: 83.6% 
	 79.2%  80.5%  84.8%  78.9%  82.3%  77.9%  87.9%   0.0%   0.0%   0.0%   0.0%   0.0%   0.0%   0.0%   0.0%   0.0%   0.0%   0.0%   0.0%   0.0% 	Avg.: 81.6% 
	 81.4%  83.2%  86.7%  80.6%  83.7%  81.4%  88.7%  88.3%   0.0%   0.0%   0.0%   0.0%   0.0%   0.0%   0.0%   0.0%   0.0%   0.0%   0.0%   0.0% 	Avg.: 84.2% 
	 82.5%  83.9%  87.4%  79.6%  83.2%  77.4%  88.0%  85.4%  86.6%   0.0%   0.0%   0.0%   0.0%   0.0%   0.0%   0.0%   0.0%   0.0%   0.0%   0.0% 	Avg.: 83.8% 
	 78.9%  82.7%  84.7%  83.4%  85.1%  80.1%  86.1%  86.8%  84.9%  89.6%   0.0%   0.0%   0.0%   0.0%   0.0%   0.0%   0.0%   0.0%   0.0%   0.0% 	Avg.: 84.2% 
	 81.3%  82.8%  82.7%  81.7%  84.0%  79.6%  83.2%  87.0%  84.6%  87.7%  84.8%   0.0%   0.0%   0.0%   0.0%   0.0%   0.0%   0.0%   0.0%   0.0% 	Avg.: 83.6% 
	 82.8%  82.7%  85.9%  82.6%  85.6%  79.8%  85.1%  86.5%  84.8%  86.9%  81.4%  88.3%   0.0%   0.0%   0.0%   0.0%   0.0%   0.0%   0.0%   0.0% 	Avg.: 84.4% 
	 81.8%  82.4%  85.3%  81.1%  86.6%  81.6%  85.0%  86.4%  84.6%  84.5%  82.6%  83.9%  89.8%   0.0%   0.0%   0.0%   0.0%   0.0%   0.0%   0.0% 	Avg.: 84.3% 
	 83.6%  82.8%  81.6%  84.1%  83.1%  80.8%  85.3%  85.6%  86.0%  87.6%  83.1%  83.6%  87.5%  94.9%   0.0%   0.0%   0.0%   0.0%   0.0%   0.0% 	Avg.: 85.0% 
	  0.0%   0.0%   0.0%   0.0%   0.0%   0.0%   0.0%   0.0%   0.0%   0.0%   0.0%   0.0%   0.0%   0.0%   0.0%   0.0%   0.0%   0.0%   0.0%   0.0% 	Avg.:  0.0% 
	  0.0%   0.0%   0.0%   0.0%   0.0%   0.0%   0.0%   0.0%   0.0%   0.0%   0.0%   0.0%   0.0%   0.0%   0.0%   0.0%   0.0%   0.0%   0.0%   0.0% 	Avg.:  0.0% 
	  0.0%   0.0%   0.0%   0.0%   0.0%   0.0%   0.0%   0.0%   0.0%   0.0%   0.0%   0.0%   0.0%   0.0%   0.0%   0.0%   0.0%   0.0%   0.0%   0.0% 	Avg.:  0.0% 
	  0.0%   0.0%   0.0%   0.0%   0.0%   0.0%   0.0%   0.0%   0.0%   0.0%   0.0%   0.0%   0.0%   0.0%   0.0%   0.0%   0.0%   0.0%   0.0%   0.0% 	Avg.:  0.0% 
	  0.0%   0.0%   0.0%   0.0%   0.0%   0.0%   0.0%   0.0%   0.0%   0.0%   0.0%   0.0%   0.0%   0.0%   0.0%   0.0%   0.0%   0.0%   0.0%   0.0% 	Avg.:  0.0% 
	  0.0%   0.0%   0.0%   0.0%   0.0%   0.0%   0.0%   0.0%   0.0%   0.0%   0.0%   0.0%   0.0%   0.0%   0.0%   0.0%   0.0%   0.0%   0.0%   0.0% 	Avg.:  0.0% 
************************************************************************************************************
TAg Acc
	 81.3%   0.0%   0.0%   0.0%   0.0%   0.0%   0.0%   0.0%   0.0%   0.0%   0.0%   0.0%   0.0%   0.0%   0.0%   0.0%   0.0%   0.0%   0.0%   0.0% 	Avg.: 81.3% 
	 73.6%  64.8%   0.0%   0.0%   0.0%   0.0%   0.0%   0.0%   0.0%   0.0%   0.0%   0.0%   0.0%   0.0%   0.0%   0.0%   0.0%   0.0%   0.0%   0.0% 	Avg.: 69.2% 
	 63.8%  58.0%  61.6%   0.0%   0.0%   0.0%   0.0%   0.0%   0.0%   0.0%   0.0%   0.0%   0.0%   0.0%   0.0%   0.0%   0.0%   0.0%   0.0%   0.0% 	Avg.: 61.1% 
	 64.5%  62.3%  45.4%  46.3%   0.0%   0.0%   0.0%   0.0%   0.0%   0.0%   0.0%   0.0%   0.0%   0.0%   0.0%   0.0%   0.0%   0.0%   0.0%   0.0% 	Avg.: 54.6% 
	 63.7%  63.0%  47.5%  41.2%  44.3%   0.0%   0.0%   0.0%   0.0%   0.0%   0.0%   0.0%   0.0%   0.0%   0.0%   0.0%   0.0%   0.0%   0.0%   0.0% 	Avg.: 51.9% 
	 60.8%  56.7%  51.5%  38.9%  43.6%  34.6%   0.0%   0.0%   0.0%   0.0%   0.0%   0.0%   0.0%   0.0%   0.0%   0.0%   0.0%   0.0%   0.0%   0.0% 	Avg.: 47.7% 
	 56.0%  52.3%  43.4%  36.6%  40.3%  29.7%  45.8%   0.0%   0.0%   0.0%   0.0%   0.0%   0.0%   0.0%   0.0%   0.0%   0.0%   0.0%   0.0%   0.0% 	Avg.: 43.4% 
	 60.6%  56.9%  39.6%  34.9%  42.3%  32.1%  36.4%  38.3%   0.0%   0.0%   0.0%   0.0%   0.0%   0.0%   0.0%   0.0%   0.0%   0.0%   0.0%   0.0% 	Avg.: 42.6% 
	 60.2%  56.2%  52.3%  37.5%  41.6%  30.1%  36.4%  32.0%  36.5%   0.0%   0.0%   0.0%   0.0%   0.0%   0.0%   0.0%   0.0%   0.0%   0.0%   0.0% 	Avg.: 42.5% 
	 58.9%  57.0%  37.6%  40.2%  44.3%  29.3%  35.3%  32.4%  40.2%  43.0%   0.0%   0.0%   0.0%   0.0%   0.0%   0.0%   0.0%   0.0%   0.0%   0.0% 	Avg.: 41.8% 
	 60.5%  53.7%  48.2%  35.3%  40.2%  32.2%  29.6%  28.0%  36.8%  37.9%  27.0%   0.0%   0.0%   0.0%   0.0%   0.0%   0.0%   0.0%   0.0%   0.0% 	Avg.: 39.0% 
	 57.9%  54.3%  48.9%  35.9%  39.1%  34.4%  32.4%  30.8%  40.9%  40.4%  23.6%  22.3%   0.0%   0.0%   0.0%   0.0%   0.0%   0.0%   0.0%   0.0% 	Avg.: 38.4% 
	 56.5%  57.6%  45.9%  38.4%  37.5%  34.5%  27.4%  33.5%  38.0%  36.4%  22.7%  19.3%  26.4%   0.0%   0.0%   0.0%   0.0%   0.0%   0.0%   0.0% 	Avg.: 36.5% 
	 58.6%  56.7%  47.9%  39.0%  39.9%  32.5%  36.5%  30.1%  38.8%  40.5%  23.9%  19.2%  17.4%  19.9%   0.0%   0.0%   0.0%   0.0%   0.0%   0.0% 	Avg.: 35.8% 
	  0.0%   0.0%   0.0%   0.0%   0.0%   0.0%   0.0%   0.0%   0.0%   0.0%   0.0%   0.0%   0.0%   0.0%   0.0%   0.0%   0.0%   0.0%   0.0%   0.0% 	Avg.:  0.0% 
	  0.0%   0.0%   0.0%   0.0%   0.0%   0.0%   0.0%   0.0%   0.0%   0.0%   0.0%   0.0%   0.0%   0.0%   0.0%   0.0%   0.0%   0.0%   0.0%   0.0% 	Avg.:  0.0% 
	  0.0%   0.0%   0.0%   0.0%   0.0%   0.0%   0.0%   0.0%   0.0%   0.0%   0.0%   0.0%   0.0%   0.0%   0.0%   0.0%   0.0%   0.0%   0.0%   0.0% 	Avg.:  0.0% 
	  0.0%   0.0%   0.0%   0.0%   0.0%   0.0%   0.0%   0.0%   0.0%   0.0%   0.0%   0.0%   0.0%   0.0%   0.0%   0.0%   0.0%   0.0%   0.0%   0.0% 	Avg.:  0.0% 
	  0.0%   0.0%   0.0%   0.0%   0.0%   0.0%   0.0%   0.0%   0.0%   0.0%   0.0%   0.0%   0.0%   0.0%   0.0%   0.0%   0.0%   0.0%   0.0%   0.0% 	Avg.:  0.0% 
	  0.0%   0.0%   0.0%   0.0%   0.0%   0.0%   0.0%   0.0%   0.0%   0.0%   0.0%   0.0%   0.0%   0.0%   0.0%   0.0%   0.0%   0.0%   0.0%   0.0% 	Avg.:  0.0% 
************************************************************************************************************
TAw Forg
	  0.0%   0.0%   0.0%   0.0%   0.0%   0.0%   0.0%   0.0%   0.0%   0.0%   0.0%   0.0%   0.0%   0.0%   0.0%   0.0%   0.0%   0.0%   0.0%   0.0% 
	 -0.7%   0.0%   0.0%   0.0%   0.0%   0.0%   0.0%   0.0%   0.0%   0.0%   0.0%   0.0%   0.0%   0.0%   0.0%   0.0%   0.0%   0.0%   0.0%   0.0% 	Avg.: -0.7% 
	  2.7%   1.9%   0.0%   0.0%   0.0%   0.0%   0.0%   0.0%   0.0%   0.0%   0.0%   0.0%   0.0%   0.0%   0.0%   0.0%   0.0%   0.0%   0.0%   0.0% 	Avg.:  2.3% 
	  1.3%   0.8%   0.1%   0.0%   0.0%   0.0%   0.0%   0.0%   0.0%   0.0%   0.0%   0.0%   0.0%   0.0%   0.0%   0.0%   0.0%   0.0%   0.0%   0.0% 	Avg.:  0.7% 
	  0.8%  -0.7%   1.5%   2.8%   0.0%   0.0%   0.0%   0.0%   0.0%   0.0%   0.0%   0.0%   0.0%   0.0%   0.0%   0.0%   0.0%   0.0%   0.0%   0.0% 	Avg.:  1.1% 
	  0.8%   0.2%   0.1%   3.1%   1.1%   0.0%   0.0%   0.0%   0.0%   0.0%   0.0%   0.0%   0.0%   0.0%   0.0%   0.0%   0.0%   0.0%   0.0%   0.0% 	Avg.:  1.1% 
	  2.8%   3.1%   2.0%   6.0%   4.9%   4.5%   0.0%   0.0%   0.0%   0.0%   0.0%   0.0%   0.0%   0.0%   0.0%   0.0%   0.0%   0.0%   0.0%   0.0% 	Avg.:  3.9% 
	  0.6%   0.4%   0.1%   4.3%   3.5%   1.0%  -0.8%   0.0%   0.0%   0.0%   0.0%   0.0%   0.0%   0.0%   0.0%   0.0%   0.0%   0.0%   0.0%   0.0% 	Avg.:  1.3% 
	 -0.5%  -0.3%  -0.6%   5.3%   4.0%   5.0%   0.7%   2.9%   0.0%   0.0%   0.0%   0.0%   0.0%   0.0%   0.0%   0.0%   0.0%   0.0%   0.0%   0.0% 	Avg.:  2.1% 
	  3.6%   1.2%   2.7%   1.5%   2.1%   2.3%   2.6%   1.5%   1.7%   0.0%   0.0%   0.0%   0.0%   0.0%   0.0%   0.0%   0.0%   0.0%   0.0%   0.0% 	Avg.:  2.1% 
	  1.2%   1.1%   4.7%   3.2%   3.2%   2.8%   5.5%   1.3%   2.0%   1.9%   0.0%   0.0%   0.0%   0.0%   0.0%   0.0%   0.0%   0.0%   0.0%   0.0% 	Avg.:  2.7% 
	 -0.3%   1.2%   1.5%   2.3%   1.6%   2.6%   3.6%   1.8%   1.8%   2.7%   3.4%   0.0%   0.0%   0.0%   0.0%   0.0%   0.0%   0.0%   0.0%   0.0% 	Avg.:  2.0% 
	  1.0%   1.5%   2.1%   3.8%   0.6%   0.8%   3.7%   1.9%   2.0%   5.1%   2.2%   4.4%   0.0%   0.0%   0.0%   0.0%   0.0%   0.0%   0.0%   0.0% 	Avg.:  2.4% 
	 -0.8%   1.1%   5.8%   0.8%   4.1%   1.6%   3.4%   2.7%   0.6%   2.0%   1.7%   4.7%   2.3%   0.0%   0.0%   0.0%   0.0%   0.0%   0.0%   0.0% 	Avg.:  2.3% 
	  0.0%   0.0%   0.0%   0.0%   0.0%   0.0%   0.0%   0.0%   0.0%   0.0%   0.0%   0.0%   0.0%   0.0%   0.0%   0.0%   0.0%   0.0%   0.0%   0.0% 	Avg.:  0.0% 
	  0.0%   0.0%   0.0%   0.0%   0.0%   0.0%   0.0%   0.0%   0.0%   0.0%   0.0%   0.0%   0.0%   0.0%   0.0%   0.0%   0.0%   0.0%   0.0%   0.0% 	Avg.:  0.0% 
	  0.0%   0.0%   0.0%   0.0%   0.0%   0.0%   0.0%   0.0%   0.0%   0.0%   0.0%   0.0%   0.0%   0.0%   0.0%   0.0%   0.0%   0.0%   0.0%   0.0% 	Avg.:  0.0% 
	  0.0%   0.0%   0.0%   0.0%   0.0%   0.0%   0.0%   0.0%   0.0%   0.0%   0.0%   0.0%   0.0%   0.0%   0.0%   0.0%   0.0%   0.0%   0.0%   0.0% 	Avg.:  0.0% 
	  0.0%   0.0%   0.0%   0.0%   0.0%   0.0%   0.0%   0.0%   0.0%   0.0%   0.0%   0.0%   0.0%   0.0%   0.0%   0.0%   0.0%   0.0%   0.0%   0.0% 	Avg.:  0.0% 
	  0.0%   0.0%   0.0%   0.0%   0.0%   0.0%   0.0%   0.0%   0.0%   0.0%   0.0%   0.0%   0.0%   0.0%   0.0%   0.0%   0.0%   0.0%   0.0%   0.0% 	Avg.:  0.0% 
************************************************************************************************************
TAg Forg
	  0.0%   0.0%   0.0%   0.0%   0.0%   0.0%   0.0%   0.0%   0.0%   0.0%   0.0%   0.0%   0.0%   0.0%   0.0%   0.0%   0.0%   0.0%   0.0%   0.0% 
	  7.7%   0.0%   0.0%   0.0%   0.0%   0.0%   0.0%   0.0%   0.0%   0.0%   0.0%   0.0%   0.0%   0.0%   0.0%   0.0%   0.0%   0.0%   0.0%   0.0% 	Avg.:  7.7% 
	 17.5%   6.8%   0.0%   0.0%   0.0%   0.0%   0.0%   0.0%   0.0%   0.0%   0.0%   0.0%   0.0%   0.0%   0.0%   0.0%   0.0%   0.0%   0.0%   0.0% 	Avg.: 12.1% 
	 16.8%   2.5%  16.2%   0.0%   0.0%   0.0%   0.0%   0.0%   0.0%   0.0%   0.0%   0.0%   0.0%   0.0%   0.0%   0.0%   0.0%   0.0%   0.0%   0.0% 	Avg.: 11.8% 
	 17.6%   1.8%  14.1%   5.1%   0.0%   0.0%   0.0%   0.0%   0.0%   0.0%   0.0%   0.0%   0.0%   0.0%   0.0%   0.0%   0.0%   0.0%   0.0%   0.0% 	Avg.:  9.7% 
	 20.5%   8.1%  10.1%   7.4%   0.7%   0.0%   0.0%   0.0%   0.0%   0.0%   0.0%   0.0%   0.0%   0.0%   0.0%   0.0%   0.0%   0.0%   0.0%   0.0% 	Avg.:  9.4% 
	 25.3%  12.5%  18.2%   9.7%   4.0%   4.9%   0.0%   0.0%   0.0%   0.0%   0.0%   0.0%   0.0%   0.0%   0.0%   0.0%   0.0%   0.0%   0.0%   0.0% 	Avg.: 12.4% 
	 20.7%   7.9%  22.0%  11.4%   2.0%   2.5%   9.4%   0.0%   0.0%   0.0%   0.0%   0.0%   0.0%   0.0%   0.0%   0.0%   0.0%   0.0%   0.0%   0.0% 	Avg.: 10.8% 
	 21.1%   8.6%   9.3%   8.8%   2.7%   4.5%   9.4%   6.3%   0.0%   0.0%   0.0%   0.0%   0.0%   0.0%   0.0%   0.0%   0.0%   0.0%   0.0%   0.0% 	Avg.:  8.8% 
	 22.4%   7.8%  24.0%   6.1%   0.0%   5.3%  10.5%   5.9%  -3.7%   0.0%   0.0%   0.0%   0.0%   0.0%   0.0%   0.0%   0.0%   0.0%   0.0%   0.0% 	Avg.:  8.7% 
	 20.8%  11.1%  13.4%  11.0%   4.1%   2.4%  16.2%  10.3%   3.4%   5.1%   0.0%   0.0%   0.0%   0.0%   0.0%   0.0%   0.0%   0.0%   0.0%   0.0% 	Avg.:  9.8% 
	 23.4%  10.5%  12.7%  10.4%   5.2%   0.2%  13.4%   7.5%  -0.7%   2.6%   3.4%   0.0%   0.0%   0.0%   0.0%   0.0%   0.0%   0.0%   0.0%   0.0% 	Avg.:  8.1% 
	 24.8%   7.2%  15.7%   7.9%   6.8%   0.1%  18.4%   4.8%   2.9%   6.6%   4.3%   3.0%   0.0%   0.0%   0.0%   0.0%   0.0%   0.0%   0.0%   0.0% 	Avg.:  8.5% 
	 22.7%   8.1%  13.7%   7.3%   4.4%   2.1%   9.3%   8.2%   2.1%   2.5%   3.1%   3.1%   9.0%   0.0%   0.0%   0.0%   0.0%   0.0%   0.0%   0.0% 	Avg.:  7.4% 
	  0.0%   0.0%   0.0%   0.0%   0.0%   0.0%   0.0%   0.0%   0.0%   0.0%   0.0%   0.0%   0.0%   0.0%   0.0%   0.0%   0.0%   0.0%   0.0%   0.0% 	Avg.:  0.0% 
	  0.0%   0.0%   0.0%   0.0%   0.0%   0.0%   0.0%   0.0%   0.0%   0.0%   0.0%   0.0%   0.0%   0.0%   0.0%   0.0%   0.0%   0.0%   0.0%   0.0% 	Avg.:  0.0% 
	  0.0%   0.0%   0.0%   0.0%   0.0%   0.0%   0.0%   0.0%   0.0%   0.0%   0.0%   0.0%   0.0%   0.0%   0.0%   0.0%   0.0%   0.0%   0.0%   0.0% 	Avg.:  0.0% 
	  0.0%   0.0%   0.0%   0.0%   0.0%   0.0%   0.0%   0.0%   0.0%   0.0%   0.0%   0.0%   0.0%   0.0%   0.0%   0.0%   0.0%   0.0%   0.0%   0.0% 	Avg.:  0.0% 
	  0.0%   0.0%   0.0%   0.0%   0.0%   0.0%   0.0%   0.0%   0.0%   0.0%   0.0%   0.0%   0.0%   0.0%   0.0%   0.0%   0.0%   0.0%   0.0%   0.0% 	Avg.:  0.0% 
	  0.0%   0.0%   0.0%   0.0%   0.0%   0.0%   0.0%   0.0%   0.0%   0.0%   0.0%   0.0%   0.0%   0.0%   0.0%   0.0%   0.0%   0.0%   0.0%   0.0% 	Avg.:  0.0% 
************************************************************************************************************
[Elapsed time = 0.4 h]
Done!
