START_TASK=4 STOP_TASK=5
============================================================================================================
Arguments =
	all_outputs: False
	approach: lwf_dual
	batch_size: 64
	classes_first_task: None
	clipping: 10000
	crop: 224
	dataset: cifar100
	distilled: True
	eval_on_train: False
	experiment_path: None
	fix_bn: False
	freeze_backbone: False
	gpu: 0
	gpus: [0]
	increment: 10
	last_layer_analysis: False
	log: ['disk']
	lr: 0.01
	lr_factor: None
	lr_min: 0.0001
	lr_patience: None
	lr_scheduler: cosine
	lr_warmup_epochs: 0
	momentum: 0.0
	multi_softmax: False
	nepochs: 50
	network: deit_base_distilled_patch16_224_cil
	no_cudnn_deterministic: False
	normalize: in1k
	num_workers: 2
	optimizer_name: sgd
	pin_memory: False
	pretrained: True
	resize: 224
	results_path: ./results
	save_models: True
	seed: 0
	start_at_task: 4
	start_epoch: 0
	stop_at_task: 5
	stop_epoch: 0
	use_valid_only: False
	warmup_lr_factor: 1.0
	warmup_nepochs: 0
	weight_decay: 0.0
============================================================================================================
Approach arguments =
	T: 2
	lamb: 1.0
============================================================================================================
Exemplars arguments =
============================================================================================================
WARNING: ./results/deit_base_distilled_patch16_224_cil/cifar100/lwf_dual/10 already exists!
Loaded acc_taw from: ./results/deit_base_distilled_patch16_224_cil/cifar100/lwf_dual/10/acc_taw-3.txt
Loaded acc_tag from: ./results/deit_base_distilled_patch16_224_cil/cifar100/lwf_dual/10/acc_tag-3.txt
Loaded forg_taw from: ./results/deit_base_distilled_patch16_224_cil/cifar100/lwf_dual/10/forg_taw-3.txt
Loaded forg_tag from: ./results/deit_base_distilled_patch16_224_cil/cifar100/lwf_dual/10/forg_tag-3.txt
************************************************************************************************************
Task  4  [epochs 0-50]
************************************************************************************************************
[params] total:87,415,092  trainable:87,415,092  tensors:175  trainable_tensors:175
| Epoch   1, time= 43.4s | Train: skip eval | Valid: time=  2.8s loss=5.649, TAw acc= 96.6% | * lr=1.0e-02
| Epoch   2, time= 47.1s | Train: skip eval | Valid: time=  2.8s loss=5.573, TAw acc= 97.6% | * lr=1.0e-02
| Epoch   3, time= 44.9s | Train: skip eval | Valid: time=  2.9s loss=5.529, TAw acc= 98.8% | * lr=9.9e-03
| Epoch   4, time= 42.9s | Train: skip eval | Valid: time=  2.7s loss=5.508, TAw acc= 99.4% | * lr=9.8e-03
| Epoch   5, time= 42.9s | Train: skip eval | Valid: time=  2.7s loss=5.495, TAw acc= 98.8% | * lr=9.8e-03
| Epoch   6, time= 46.9s | Train: skip eval | Valid: time=  2.8s loss=5.492, TAw acc= 98.8% | * lr=9.7e-03
| Epoch   7, time= 42.9s | Train: skip eval | Valid: time=  2.7s loss=5.494, TAw acc= 98.6% | lr=9.5e-03
| Epoch   8, time= 43.0s | Train: skip eval | Valid: time=  2.7s loss=5.471, TAw acc= 98.8% | * lr=9.4e-03
| Epoch   9, time= 43.2s | Train: skip eval | Valid: time=  3.0s loss=5.466, TAw acc= 99.0% | * lr=9.2e-03
| Epoch  10, time= 43.6s | Train: skip eval | Valid: time=  2.8s loss=5.470, TAw acc= 98.8% | lr=9.1e-03
| Epoch  11, time= 43.0s | Train: skip eval | Valid: time=  2.8s loss=5.491, TAw acc= 98.6% | lr=8.9e-03
| Epoch  12, time= 43.7s | Train: skip eval | Valid: time=  3.3s loss=5.463, TAw acc= 99.0% | * lr=8.7e-03
| Epoch  13, time= 43.8s | Train: skip eval | Valid: time=  2.7s loss=5.462, TAw acc= 99.0% | * lr=8.4e-03
| Epoch  14, time= 42.8s | Train: skip eval | Valid: time=  2.7s loss=5.457, TAw acc= 99.2% | * lr=8.2e-03
| Epoch  15, time= 42.8s | Train: skip eval | Valid: time=  2.7s loss=5.453, TAw acc= 99.2% | * lr=8.0e-03
| Epoch  16, time= 42.9s | Train: skip eval | Valid: time=  6.8s loss=5.455, TAw acc= 99.4% | lr=7.7e-03
| Epoch  17, time= 43.0s | Train: skip eval | Valid: time=  2.8s loss=5.454, TAw acc= 98.8% | lr=7.4e-03
| Epoch  18, time= 43.2s | Train: skip eval | Valid: time=  2.8s loss=5.460, TAw acc= 98.6% | lr=7.2e-03
| Epoch  19, time= 43.0s | Train: skip eval | Valid: time=  2.7s loss=5.449, TAw acc= 99.0% | * lr=6.9e-03
| Epoch  20, time= 42.8s | Train: skip eval | Valid: time=  2.7s loss=5.445, TAw acc= 99.2% | * lr=6.6e-03
| Epoch  21, time= 42.9s | Train: skip eval | Valid: time=  2.7s loss=5.444, TAw acc= 99.4% | * lr=6.3e-03
| Epoch  22, time= 43.0s | Train: skip eval | Valid: time=  2.7s loss=5.458, TAw acc= 98.4% | lr=6.0e-03
| Epoch  23, time= 43.1s | Train: skip eval | Valid: time=  2.7s loss=5.442, TAw acc= 99.4% | * lr=5.7e-03
| Epoch  24, time= 43.2s | Train: skip eval | Valid: time=  2.8s loss=5.441, TAw acc= 99.2% | * lr=5.4e-03
| Epoch  25, time= 43.4s | Train: skip eval | Valid: time=  2.7s loss=5.440, TAw acc= 99.4% | * lr=5.1e-03
| Epoch  26, time= 46.2s | Train: skip eval | Valid: time=  2.9s loss=5.444, TAw acc= 98.8% | lr=4.7e-03
| Epoch  27, time= 43.0s | Train: skip eval | Valid: time=  4.9s loss=5.440, TAw acc= 99.0% | lr=4.4e-03
| Epoch  28, time= 42.9s | Train: skip eval | Valid: time=  2.7s loss=5.437, TAw acc= 99.4% | * lr=4.1e-03
| Epoch  29, time= 42.8s | Train: skip eval | Valid: time=  2.7s loss=5.438, TAw acc= 99.0% | lr=3.8e-03
| Epoch  30, time= 42.9s | Train: skip eval | Valid: time=  2.7s loss=5.435, TAw acc= 99.4% | * lr=3.5e-03
| Epoch  31, time= 43.0s | Train: skip eval | Valid: time=  2.8s loss=5.436, TAw acc= 99.2% | lr=3.2e-03
| Epoch  32, time= 43.1s | Train: skip eval | Valid: time=  2.7s loss=5.436, TAw acc= 99.4% | lr=2.9e-03
| Epoch  33, time= 43.8s | Train: skip eval | Valid: time=  2.8s loss=5.435, TAw acc= 99.2% | * lr=2.7e-03
| Epoch  34, time= 43.3s | Train: skip eval | Valid: time=  2.7s loss=5.433, TAw acc= 99.4% | * lr=2.4e-03
| Epoch  35, time= 43.4s | Train: skip eval | Valid: time=  2.8s loss=5.433, TAw acc= 99.2% | lr=2.1e-03
| Epoch  36, time= 43.3s | Train: skip eval | Valid: time=  2.8s loss=5.433, TAw acc= 99.2% | * lr=1.9e-03
| Epoch  37, time= 43.3s | Train: skip eval | Valid: time=  2.8s loss=5.432, TAw acc= 99.2% | * lr=1.7e-03
| Epoch  38, time= 43.3s | Train: skip eval | Valid: time=  2.8s loss=5.433, TAw acc= 99.0% | lr=1.4e-03
| Epoch  39, time= 43.3s | Train: skip eval | Valid: time=  2.7s loss=5.433, TAw acc= 99.0% | lr=1.2e-03
| Epoch  40, time= 43.3s | Train: skip eval | Valid: time=  2.8s loss=5.432, TAw acc= 99.2% | lr=1.0e-03
| Epoch  41, time= 43.2s | Train: skip eval | Valid: time=  2.8s loss=5.432, TAw acc= 99.2% | lr=8.7e-04
| Epoch  42, time= 43.2s | Train: skip eval | Valid: time=  2.7s loss=5.432, TAw acc= 99.0% | lr=7.1e-04
| Epoch  43, time= 43.3s | Train: skip eval | Valid: time=  3.4s loss=5.431, TAw acc= 99.4% | * lr=5.7e-04
| Epoch  44, time= 43.4s | Train: skip eval | Valid: time=  2.8s loss=5.432, TAw acc= 99.2% | lr=4.5e-04
| Epoch  45, time= 43.7s | Train: skip eval | Valid: time=  2.8s loss=5.432, TAw acc= 99.2% | lr=3.4e-04
| Epoch  46, time= 43.2s | Train: skip eval | Valid: time=  2.7s loss=5.432, TAw acc= 99.0% | lr=2.6e-04
| Epoch  47, time= 43.3s | Train: skip eval | Valid: time=  2.8s loss=5.431, TAw acc= 99.4% | lr=1.9e-04
| Epoch  48, time= 43.3s | Train: skip eval | Valid: time=  2.8s loss=5.432, TAw acc= 99.0% | lr=1.4e-04
| Epoch  49, time= 43.8s | Train: skip eval | Valid: time=  2.8s loss=5.432, TAw acc= 99.0% | lr=1.1e-04
| Epoch  50, time= 43.4s | Train: skip eval | Valid: time=  2.8s loss=5.432, TAw acc= 99.0% | lr=1.0e-04
------------------------------------------------------------------------------------------------------------
>>> Test on task  0 : loss=0.089 | TAw acc= 97.0%, forg=  0.2% | TAg acc= 85.8%, forg= 11.4% <<<
>>> Test on task  1 : loss=3.129 | TAw acc= 98.6%, forg=  0.2% | TAg acc= 87.2%, forg=  4.5% <<<
>>> Test on task  2 : loss=3.913 | TAw acc= 98.6%, forg=  0.4% | TAg acc= 89.1%, forg=  3.0% <<<
>>> Test on task  3 : loss=4.940 | TAw acc= 95.6%, forg=  0.1% | TAg acc= 86.3%, forg=  0.9% <<<
>>> Test on task  4 : loss=5.461 | TAw acc= 98.2%, forg=  0.0% | TAg acc= 90.7%, forg=  0.0% <<<
Save at ./results/./results/deit_base_distilled_patch16_224_cil/cifar100/lwf_dual/10
************************************************************************************************************
TAw Acc
	 97.2%   0.0%   0.0%   0.0%   0.0%   0.0%   0.0%   0.0%   0.0%   0.0% 	Avg.: 97.2% 
	 96.9%  98.8%   0.0%   0.0%   0.0%   0.0%   0.0%   0.0%   0.0%   0.0% 	Avg.: 97.8% 
	 97.0%  98.8%  98.9%   0.0%   0.0%   0.0%   0.0%   0.0%   0.0%   0.0% 	Avg.: 98.2% 
	 96.8%  98.7%  99.0%  95.7%   0.0%   0.0%   0.0%   0.0%   0.0%   0.0% 	Avg.: 97.5% 
	 97.0%  98.6%  98.6%  95.6%  98.2%   0.0%   0.0%   0.0%   0.0%   0.0% 	Avg.: 97.6% 
	  0.0%   0.0%   0.0%   0.0%   0.0%   0.0%   0.0%   0.0%   0.0%   0.0% 	Avg.:  0.0% 
	  0.0%   0.0%   0.0%   0.0%   0.0%   0.0%   0.0%   0.0%   0.0%   0.0% 	Avg.:  0.0% 
	  0.0%   0.0%   0.0%   0.0%   0.0%   0.0%   0.0%   0.0%   0.0%   0.0% 	Avg.:  0.0% 
	  0.0%   0.0%   0.0%   0.0%   0.0%   0.0%   0.0%   0.0%   0.0%   0.0% 	Avg.:  0.0% 
	  0.0%   0.0%   0.0%   0.0%   0.0%   0.0%   0.0%   0.0%   0.0%   0.0% 	Avg.:  0.0% 
************************************************************************************************************
TAg Acc
	 97.2%   0.0%   0.0%   0.0%   0.0%   0.0%   0.0%   0.0%   0.0%   0.0% 	Avg.: 97.2% 
	 91.8%  91.7%   0.0%   0.0%   0.0%   0.0%   0.0%   0.0%   0.0%   0.0% 	Avg.: 91.8% 
	 90.1%  88.5%  92.1%   0.0%   0.0%   0.0%   0.0%   0.0%   0.0%   0.0% 	Avg.: 90.2% 
	 88.5%  87.9%  90.5%  87.2%   0.0%   0.0%   0.0%   0.0%   0.0%   0.0% 	Avg.: 88.5% 
	 85.8%  87.2%  89.1%  86.3%  90.7%   0.0%   0.0%   0.0%   0.0%   0.0% 	Avg.: 87.8% 
	  0.0%   0.0%   0.0%   0.0%   0.0%   0.0%   0.0%   0.0%   0.0%   0.0% 	Avg.:  0.0% 
	  0.0%   0.0%   0.0%   0.0%   0.0%   0.0%   0.0%   0.0%   0.0%   0.0% 	Avg.:  0.0% 
	  0.0%   0.0%   0.0%   0.0%   0.0%   0.0%   0.0%   0.0%   0.0%   0.0% 	Avg.:  0.0% 
	  0.0%   0.0%   0.0%   0.0%   0.0%   0.0%   0.0%   0.0%   0.0%   0.0% 	Avg.:  0.0% 
	  0.0%   0.0%   0.0%   0.0%   0.0%   0.0%   0.0%   0.0%   0.0%   0.0% 	Avg.:  0.0% 
************************************************************************************************************
TAw Forg
	  0.0%   0.0%   0.0%   0.0%   0.0%   0.0%   0.0%   0.0%   0.0%   0.0% 
	  0.3%   0.0%   0.0%   0.0%   0.0%   0.0%   0.0%   0.0%   0.0%   0.0% 	Avg.:  0.3% 
	  0.2%   0.0%   0.0%   0.0%   0.0%   0.0%   0.0%   0.0%   0.0%   0.0% 	Avg.:  0.1% 
	  0.4%   0.1%  -0.1%   0.0%   0.0%   0.0%   0.0%   0.0%   0.0%   0.0% 	Avg.:  0.1% 
	  0.2%   0.2%   0.4%   0.1%   0.0%   0.0%   0.0%   0.0%   0.0%   0.0% 	Avg.:  0.2% 
	  0.0%   0.0%   0.0%   0.0%   0.0%   0.0%   0.0%   0.0%   0.0%   0.0% 	Avg.:  0.0% 
	  0.0%   0.0%   0.0%   0.0%   0.0%   0.0%   0.0%   0.0%   0.0%   0.0% 	Avg.:  0.0% 
	  0.0%   0.0%   0.0%   0.0%   0.0%   0.0%   0.0%   0.0%   0.0%   0.0% 	Avg.:  0.0% 
	  0.0%   0.0%   0.0%   0.0%   0.0%   0.0%   0.0%   0.0%   0.0%   0.0% 	Avg.:  0.0% 
	  0.0%   0.0%   0.0%   0.0%   0.0%   0.0%   0.0%   0.0%   0.0%   0.0% 	Avg.:  0.0% 
************************************************************************************************************
TAg Forg
	  0.0%   0.0%   0.0%   0.0%   0.0%   0.0%   0.0%   0.0%   0.0%   0.0% 
	  5.4%   0.0%   0.0%   0.0%   0.0%   0.0%   0.0%   0.0%   0.0%   0.0% 	Avg.:  5.4% 
	  7.1%   3.2%   0.0%   0.0%   0.0%   0.0%   0.0%   0.0%   0.0%   0.0% 	Avg.:  5.2% 
	  8.7%   3.8%   1.6%   0.0%   0.0%   0.0%   0.0%   0.0%   0.0%   0.0% 	Avg.:  4.7% 
	 11.4%   4.5%   3.0%   0.9%   0.0%   0.0%   0.0%   0.0%   0.0%   0.0% 	Avg.:  5.0% 
	  0.0%   0.0%   0.0%   0.0%   0.0%   0.0%   0.0%   0.0%   0.0%   0.0% 	Avg.:  0.0% 
	  0.0%   0.0%   0.0%   0.0%   0.0%   0.0%   0.0%   0.0%   0.0%   0.0% 	Avg.:  0.0% 
	  0.0%   0.0%   0.0%   0.0%   0.0%   0.0%   0.0%   0.0%   0.0%   0.0% 	Avg.:  0.0% 
	  0.0%   0.0%   0.0%   0.0%   0.0%   0.0%   0.0%   0.0%   0.0%   0.0% 	Avg.:  0.0% 
	  0.0%   0.0%   0.0%   0.0%   0.0%   0.0%   0.0%   0.0%   0.0%   0.0% 	Avg.:  0.0% 
************************************************************************************************************
[Elapsed time = 0.7 h]
Done!
