START_TASK=7 STOP_TASK=8
============================================================================================================
Arguments =
	all_outputs: False
	approach: lwf_dual
	batch_size: 64
	classes_first_task: None
	clipping: 10000
	crop: 224
	dataset: cifar100
	distilled: True
	eval_on_train: False
	experiment_path: None
	fix_bn: False
	freeze_backbone: False
	gpu: 0
	gpus: [0]
	increment: 10
	last_layer_analysis: False
	log: ['disk']
	lr: 0.01
	lr_factor: None
	lr_min: 0.0001
	lr_patience: None
	lr_scheduler: cosine
	lr_warmup_epochs: 0
	momentum: 0.0
	multi_softmax: False
	nepochs: 50
	network: deit_base_distilled_patch16_224_cil
	no_cudnn_deterministic: False
	normalize: in1k
	num_workers: 2
	optimizer_name: sgd
	pin_memory: False
	pretrained: True
	resize: 224
	results_path: ./results
	save_models: True
	seed: 0
	start_at_task: 7
	start_epoch: 0
	stop_at_task: 8
	stop_epoch: 0
	use_valid_only: False
	warmup_lr_factor: 1.0
	warmup_nepochs: 0
	weight_decay: 0.0
============================================================================================================
Approach arguments =
	T: 2
	lamb: 1.0
============================================================================================================
Exemplars arguments =
============================================================================================================
WARNING: ./results/deit_base_distilled_patch16_224_cil/cifar100/lwf_dual/10 already exists!
Loaded acc_taw from: ./results/deit_base_distilled_patch16_224_cil/cifar100/lwf_dual/10/acc_taw-6.txt
Loaded acc_tag from: ./results/deit_base_distilled_patch16_224_cil/cifar100/lwf_dual/10/acc_tag-6.txt
Loaded forg_taw from: ./results/deit_base_distilled_patch16_224_cil/cifar100/lwf_dual/10/forg_taw-6.txt
Loaded forg_tag from: ./results/deit_base_distilled_patch16_224_cil/cifar100/lwf_dual/10/forg_tag-6.txt
************************************************************************************************************
Task  7  [epochs 0-50]
************************************************************************************************************
[params] total:87,461,232  trainable:87,461,232  tensors:187  trainable_tensors:187
| Epoch   1, time= 48.6s | Train: skip eval | Valid: time=  7.6s loss=5.969, TAw acc= 99.0% | * lr=1.0e-02
| Epoch   2, time= 46.1s | Train: skip eval | Valid: time=  7.7s loss=5.920, TAw acc= 99.2% | * lr=1.0e-02
| Epoch   3, time= 47.9s | Train: skip eval | Valid: time=  7.7s loss=5.901, TAw acc= 99.4% | * lr=9.9e-03
| Epoch   4, time= 47.8s | Train: skip eval | Valid: time=  7.7s loss=5.889, TAw acc= 99.6% | * lr=9.8e-03
| Epoch   5, time= 47.9s | Train: skip eval | Valid: time=  7.6s loss=5.888, TAw acc= 99.4% | * lr=9.8e-03
| Epoch   6, time= 48.0s | Train: skip eval | Valid: time=  7.7s loss=5.874, TAw acc= 99.6% | * lr=9.7e-03
| Epoch   7, time= 46.0s | Train: skip eval | Valid: time=  6.4s loss=5.867, TAw acc= 99.4% | * lr=9.5e-03
| Epoch   8, time= 47.9s | Train: skip eval | Valid: time=  7.6s loss=5.859, TAw acc= 99.6% | * lr=9.4e-03
| Epoch   9, time= 49.9s | Train: skip eval | Valid: time=  7.7s loss=5.854, TAw acc= 99.6% | * lr=9.2e-03
| Epoch  10, time= 47.9s | Train: skip eval | Valid: time=  7.7s loss=5.861, TAw acc= 99.4% | lr=9.1e-03
| Epoch  11, time= 50.0s | Train: skip eval | Valid: time=  7.7s loss=5.866, TAw acc= 98.8% | lr=8.9e-03
| Epoch  12, time= 47.9s | Train: skip eval | Valid: time=  7.7s loss=5.857, TAw acc= 99.6% | lr=8.7e-03
| Epoch  13, time= 47.9s | Train: skip eval | Valid: time=  7.7s loss=5.848, TAw acc= 99.6% | * lr=8.4e-03
| Epoch  14, time= 47.9s | Train: skip eval | Valid: time=  7.7s loss=5.846, TAw acc= 99.4% | * lr=8.2e-03
| Epoch  15, time= 47.9s | Train: skip eval | Valid: time= 11.5s loss=5.843, TAw acc= 99.6% | * lr=8.0e-03
| Epoch  16, time= 48.9s | Train: skip eval | Valid: time=  6.0s loss=5.851, TAw acc= 99.4% | lr=7.7e-03
| Epoch  17, time= 42.7s | Train: skip eval | Valid: time=  2.7s loss=5.843, TAw acc= 99.8% | * lr=7.4e-03
| Epoch  18, time= 44.7s | Train: skip eval | Valid: time=  7.6s loss=5.842, TAw acc= 99.6% | * lr=7.2e-03
| Epoch  19, time= 44.4s | Train: skip eval | Valid: time=  2.7s loss=5.842, TAw acc= 99.6% | * lr=6.9e-03
| Epoch  20, time= 42.9s | Train: skip eval | Valid: time=  2.7s loss=5.837, TAw acc= 99.6% | * lr=6.6e-03
| Epoch  21, time= 43.0s | Train: skip eval | Valid: time=  2.8s loss=5.834, TAw acc= 99.6% | * lr=6.3e-03
| Epoch  22, time= 43.1s | Train: skip eval | Valid: time=  2.7s loss=5.836, TAw acc= 99.6% | lr=6.0e-03
| Epoch  23, time= 43.4s | Train: skip eval | Valid: time=  4.7s loss=5.835, TAw acc= 99.6% | lr=5.7e-03
| Epoch  24, time= 43.0s | Train: skip eval | Valid: time=  2.7s loss=5.832, TAw acc= 99.6% | * lr=5.4e-03
| Epoch  25, time= 43.1s | Train: skip eval | Valid: time=  2.7s loss=5.831, TAw acc= 99.6% | * lr=5.1e-03
| Epoch  26, time= 44.0s | Train: skip eval | Valid: time=  3.5s loss=5.832, TAw acc= 99.6% | lr=4.7e-03
| Epoch  27, time= 44.2s | Train: skip eval | Valid: time=  2.7s loss=5.832, TAw acc= 99.6% | lr=4.4e-03
| Epoch  28, time= 43.2s | Train: skip eval | Valid: time=  2.7s loss=5.831, TAw acc= 99.6% | * lr=4.1e-03
| Epoch  29, time= 43.4s | Train: skip eval | Valid: time=  2.7s loss=5.832, TAw acc= 99.8% | lr=3.8e-03
| Epoch  30, time= 43.8s | Train: skip eval | Valid: time=  3.2s loss=5.830, TAw acc= 99.6% | * lr=3.5e-03
| Epoch  31, time= 43.1s | Train: skip eval | Valid: time=  2.7s loss=5.830, TAw acc= 99.6% | lr=3.2e-03
| Epoch  32, time= 43.2s | Train: skip eval | Valid: time=  2.8s loss=5.828, TAw acc= 99.8% | * lr=2.9e-03
| Epoch  33, time= 43.3s | Train: skip eval | Valid: time=  2.8s loss=5.828, TAw acc= 99.6% | lr=2.7e-03
| Epoch  34, time= 43.3s | Train: skip eval | Valid: time=  2.8s loss=5.827, TAw acc= 99.8% | * lr=2.4e-03
| Epoch  35, time= 43.3s | Train: skip eval | Valid: time=  2.7s loss=5.828, TAw acc= 99.4% | lr=2.1e-03
| Epoch  36, time= 43.5s | Train: skip eval | Valid: time=  2.8s loss=5.827, TAw acc= 99.6% | * lr=1.9e-03
| Epoch  37, time= 43.4s | Train: skip eval | Valid: time=  2.7s loss=5.827, TAw acc= 99.6% | lr=1.7e-03
| Epoch  38, time= 43.3s | Train: skip eval | Valid: time=  2.8s loss=5.827, TAw acc= 99.6% | * lr=1.4e-03
| Epoch  39, time= 43.4s | Train: skip eval | Valid: time=  2.7s loss=5.826, TAw acc= 99.6% | * lr=1.2e-03
| Epoch  40, time= 43.3s | Train: skip eval | Valid: time=  2.7s loss=5.826, TAw acc= 99.6% | * lr=1.0e-03
| Epoch  41, time= 43.1s | Train: skip eval | Valid: time=  2.7s loss=5.826, TAw acc= 99.6% | lr=8.7e-04
| Epoch  42, time= 43.0s | Train: skip eval | Valid: time=  2.7s loss=5.826, TAw acc= 99.6% | lr=7.1e-04
| Epoch  43, time= 43.1s | Train: skip eval | Valid: time=  2.8s loss=5.825, TAw acc= 99.6% | * lr=5.7e-04
| Epoch  44, time= 43.2s | Train: skip eval | Valid: time=  2.8s loss=5.825, TAw acc= 99.6% | * lr=4.5e-04
| Epoch  45, time= 43.3s | Train: skip eval | Valid: time=  2.7s loss=5.825, TAw acc= 99.6% | lr=3.4e-04
| Epoch  46, time= 43.3s | Train: skip eval | Valid: time=  2.8s loss=5.825, TAw acc= 99.6% | * lr=2.6e-04
| Epoch  47, time= 43.4s | Train: skip eval | Valid: time=  2.8s loss=5.825, TAw acc= 99.6% | * lr=1.9e-04
| Epoch  48, time= 43.4s | Train: skip eval | Valid: time=  2.8s loss=5.825, TAw acc= 99.6% | lr=1.4e-04
| Epoch  49, time= 44.0s | Train: skip eval | Valid: time=  2.8s loss=5.825, TAw acc= 99.6% | * lr=1.1e-04
| Epoch  50, time= 43.4s | Train: skip eval | Valid: time=  2.7s loss=5.825, TAw acc= 99.6% | lr=1.0e-04
------------------------------------------------------------------------------------------------------------
>>> Test on task  0 : loss=0.091 | TAw acc= 97.1%, forg=  0.3% | TAg acc= 80.3%, forg= 16.9% <<<
>>> Test on task  1 : loss=3.047 | TAw acc= 98.5%, forg=  0.3% | TAg acc= 83.8%, forg=  7.9% <<<
>>> Test on task  2 : loss=3.768 | TAw acc= 98.5%, forg=  0.5% | TAg acc= 85.0%, forg=  7.1% <<<
>>> Test on task  3 : loss=4.936 | TAw acc= 95.9%, forg=  0.2% | TAg acc= 80.1%, forg=  7.1% <<<
>>> Test on task  4 : loss=5.416 | TAw acc= 98.5%, forg=  0.0% | TAg acc= 86.3%, forg=  4.4% <<<
>>> Test on task  5 : loss=4.769 | TAw acc= 94.1%, forg=  0.1% | TAg acc= 73.3%, forg=  2.6% <<<
>>> Test on task  6 : loss=5.960 | TAw acc= 98.2%, forg=  0.1% | TAg acc= 82.9%, forg=  1.1% <<<
>>> Test on task  7 : loss=5.940 | TAw acc= 98.5%, forg=  0.0% | TAg acc= 84.2%, forg=  0.0% <<<
Save at ./results/./results/deit_base_distilled_patch16_224_cil/cifar100/lwf_dual/10
************************************************************************************************************
TAw Acc
	 97.2%   0.0%   0.0%   0.0%   0.0%   0.0%   0.0%   0.0%   0.0%   0.0% 	Avg.: 97.2% 
	 96.9%  98.8%   0.0%   0.0%   0.0%   0.0%   0.0%   0.0%   0.0%   0.0% 	Avg.: 97.8% 
	 97.0%  98.8%  98.9%   0.0%   0.0%   0.0%   0.0%   0.0%   0.0%   0.0% 	Avg.: 98.2% 
	 96.8%  98.7%  99.0%  95.7%   0.0%   0.0%   0.0%   0.0%   0.0%   0.0% 	Avg.: 97.5% 
	 97.0%  98.6%  98.6%  95.6%  98.2%   0.0%   0.0%   0.0%   0.0%   0.0% 	Avg.: 97.6% 
	 96.9%  98.5%  98.8%  96.1%  98.2%  93.9%   0.0%   0.0%   0.0%   0.0% 	Avg.: 97.1% 
	 97.4%  98.4%  98.7%  95.9%  98.5%  94.2%  98.3%   0.0%   0.0%   0.0% 	Avg.: 97.3% 
	 97.1%  98.5%  98.5%  95.9%  98.5%  94.1%  98.2%  98.5%   0.0%   0.0% 	Avg.: 97.4% 
	  0.0%   0.0%   0.0%   0.0%   0.0%   0.0%   0.0%   0.0%   0.0%   0.0% 	Avg.:  0.0% 
	  0.0%   0.0%   0.0%   0.0%   0.0%   0.0%   0.0%   0.0%   0.0%   0.0% 	Avg.:  0.0% 
************************************************************************************************************
TAg Acc
	 97.2%   0.0%   0.0%   0.0%   0.0%   0.0%   0.0%   0.0%   0.0%   0.0% 	Avg.: 97.2% 
	 91.8%  91.7%   0.0%   0.0%   0.0%   0.0%   0.0%   0.0%   0.0%   0.0% 	Avg.: 91.8% 
	 90.1%  88.5%  92.1%   0.0%   0.0%   0.0%   0.0%   0.0%   0.0%   0.0% 	Avg.: 90.2% 
	 88.5%  87.9%  90.5%  87.2%   0.0%   0.0%   0.0%   0.0%   0.0%   0.0% 	Avg.: 88.5% 
	 85.8%  87.2%  89.1%  86.3%  90.7%   0.0%   0.0%   0.0%   0.0%   0.0% 	Avg.: 87.8% 
	 83.5%  85.9%  87.6%  82.0%  89.5%  75.9%   0.0%   0.0%   0.0%   0.0% 	Avg.: 84.1% 
	 82.8%  85.1%  86.5%  81.9%  87.3%  75.3%  84.0%   0.0%   0.0%   0.0% 	Avg.: 83.3% 
	 80.3%  83.8%  85.0%  80.1%  86.3%  73.3%  82.9%  84.2%   0.0%   0.0% 	Avg.: 82.0% 
	  0.0%   0.0%   0.0%   0.0%   0.0%   0.0%   0.0%   0.0%   0.0%   0.0% 	Avg.:  0.0% 
	  0.0%   0.0%   0.0%   0.0%   0.0%   0.0%   0.0%   0.0%   0.0%   0.0% 	Avg.:  0.0% 
************************************************************************************************************
TAw Forg
	  0.0%   0.0%   0.0%   0.0%   0.0%   0.0%   0.0%   0.0%   0.0%   0.0% 
	  0.3%   0.0%   0.0%   0.0%   0.0%   0.0%   0.0%   0.0%   0.0%   0.0% 	Avg.:  0.3% 
	  0.2%   0.0%   0.0%   0.0%   0.0%   0.0%   0.0%   0.0%   0.0%   0.0% 	Avg.:  0.1% 
	  0.4%   0.1%  -0.1%   0.0%   0.0%   0.0%   0.0%   0.0%   0.0%   0.0% 	Avg.:  0.1% 
	  0.2%   0.2%   0.4%   0.1%   0.0%   0.0%   0.0%   0.0%   0.0%   0.0% 	Avg.:  0.2% 
	  0.3%   0.3%   0.2%  -0.4%   0.0%   0.0%   0.0%   0.0%   0.0%   0.0% 	Avg.:  0.1% 
	 -0.2%   0.4%   0.3%   0.2%  -0.3%  -0.3%   0.0%   0.0%   0.0%   0.0% 	Avg.:  0.0% 
	  0.3%   0.3%   0.5%   0.2%   0.0%   0.1%   0.1%   0.0%   0.0%   0.0% 	Avg.:  0.2% 
	  0.0%   0.0%   0.0%   0.0%   0.0%   0.0%   0.0%   0.0%   0.0%   0.0% 	Avg.:  0.0% 
	  0.0%   0.0%   0.0%   0.0%   0.0%   0.0%   0.0%   0.0%   0.0%   0.0% 	Avg.:  0.0% 
************************************************************************************************************
TAg Forg
	  0.0%   0.0%   0.0%   0.0%   0.0%   0.0%   0.0%   0.0%   0.0%   0.0% 
	  5.4%   0.0%   0.0%   0.0%   0.0%   0.0%   0.0%   0.0%   0.0%   0.0% 	Avg.:  5.4% 
	  7.1%   3.2%   0.0%   0.0%   0.0%   0.0%   0.0%   0.0%   0.0%   0.0% 	Avg.:  5.2% 
	  8.7%   3.8%   1.6%   0.0%   0.0%   0.0%   0.0%   0.0%   0.0%   0.0% 	Avg.:  4.7% 
	 11.4%   4.5%   3.0%   0.9%   0.0%   0.0%   0.0%   0.0%   0.0%   0.0% 	Avg.:  5.0% 
	 13.7%   5.8%   4.5%   5.2%   1.2%   0.0%   0.0%   0.0%   0.0%   0.0% 	Avg.:  6.1% 
	 14.4%   6.6%   5.6%   5.3%   3.4%   0.6%   0.0%   0.0%   0.0%   0.0% 	Avg.:  6.0% 
	 16.9%   7.9%   7.1%   7.1%   4.4%   2.6%   1.1%   0.0%   0.0%   0.0% 	Avg.:  6.7% 
	  0.0%   0.0%   0.0%   0.0%   0.0%   0.0%   0.0%   0.0%   0.0%   0.0% 	Avg.:  0.0% 
	  0.0%   0.0%   0.0%   0.0%   0.0%   0.0%   0.0%   0.0%   0.0%   0.0% 	Avg.:  0.0% 
************************************************************************************************************
[Elapsed time = 0.7 h]
Done!
