START_TASK=9 STOP_TASK=10
============================================================================================================
Arguments =
	approach: eeil
	batch_size: 64
	classes_first_task: None
	clipping: 10000
	crop: 224
	data_path: ../data/food101
	dataset: food101
	eval_on_train: False
	experiment_path: None
	fix_bn: False
	freeze_backbone: False
	gpu: 0
	gpus: [0]
	increment: 10
	last_layer_analysis: True
	log: ['disk']
	lr: 0.01
	lr_factor: None
	lr_min: 0.0001
	lr_patience: None
	lr_scheduler: cosine
	lr_warmup_epochs: 0
	momentum: 0.0
	multi_softmax: False
	nepochs: 70
	network: resnetv2_101x1_bit.goog_in21k
	no_cudnn_deterministic: False
	normalize: in21k
	num_workers: 2
	optimizer_name: sgd
	pin_memory: False
	pretrained: True
	resize: 224
	results_path: ./results
	save_models: True
	seed: 0
	start_at_task: 9
	start_epoch: 0
	stop_at_task: 10
	stop_epoch: 0
	use_valid_only: False
	warmup_lr_factor: 1.0
	warmup_nepochs: 0
	weight_decay: 0.0
============================================================================================================
Approach arguments =
	T: 2
	lamb: 1.0
	lr_finetuning_factor: 0.01
	nepochs_finetuning: 40
	noise_grad: False
============================================================================================================
Exemplars arguments =
	exemplar_selection: random
	num_exemplars: 2000
============================================================================================================
WARNING: ./results/resnetv2_101x1_bit.goog_in21k/food101/eeil/10 already exists!
Loaded acc_taw from: ./results/resnetv2_101x1_bit.goog_in21k/food101/eeil/10/acc_taw-8.txt
Loaded acc_tag from: ./results/resnetv2_101x1_bit.goog_in21k/food101/eeil/10/acc_tag-8.txt
Loaded forg_taw from: ./results/resnetv2_101x1_bit.goog_in21k/food101/eeil/10/forg_taw-8.txt
Loaded forg_tag from: ./results/resnetv2_101x1_bit.goog_in21k/food101/eeil/10/forg_tag-8.txt
Loaded 2070 exemplars from ./results/resnetv2_101x1_bit.goog_in21k/food101/eeil/10/task8_exemplars.pth
************************************************************************************************************
Task  9  [epochs 0-70]
************************************************************************************************************
[params] total:42,697,380  trainable:42,697,380  tensors:324  trainable_tensors:324
| Epoch   1, time= 37.7s | Train: skip eval | Valid: time=  3.0s loss=2.036, TAw acc= 85.1% | * lr=1.0e-02
| Epoch   2, time= 34.5s | Train: skip eval | Valid: time=  3.5s loss=2.011, TAw acc= 85.5% | * lr=1.0e-02
| Epoch   3, time= 36.5s | Train: skip eval | Valid: time=  3.4s loss=1.901, TAw acc= 89.2% | * lr=1.0e-02
| Epoch   4, time= 35.9s | Train: skip eval | Valid: time=  2.7s loss=1.940, TAw acc= 88.7% | lr=9.9e-03
| Epoch   5, time= 37.3s | Train: skip eval | Valid: time=  2.8s loss=1.944, TAw acc= 88.9% | lr=9.9e-03
| Epoch   6, time= 33.3s | Train: skip eval | Valid: time=  3.5s loss=1.928, TAw acc= 88.7% | lr=9.8e-03
| Epoch   7, time= 35.9s | Train: skip eval | Valid: time=  2.7s loss=1.902, TAw acc= 88.5% | lr=9.8e-03
| Epoch   8, time= 32.9s | Train: skip eval | Valid: time=  2.7s loss=1.917, TAw acc= 88.9% | lr=9.7e-03
| Epoch   9, time= 35.8s | Train: skip eval | Valid: time=  3.3s loss=1.909, TAw acc= 89.6% | lr=9.6e-03
| Epoch  10, time= 35.5s | Train: skip eval | Valid: time=  2.7s loss=1.892, TAw acc= 89.5% | * lr=9.5e-03
| Epoch  11, time= 35.7s | Train: skip eval | Valid: time=  3.0s loss=1.906, TAw acc= 89.7% | lr=9.4e-03
| Epoch  12, time= 34.6s | Train: skip eval | Valid: time=  3.0s loss=1.899, TAw acc= 90.5% | lr=9.3e-03
| Epoch  13, time= 34.6s | Train: skip eval | Valid: time=  3.0s loss=1.865, TAw acc= 91.1% | * lr=9.2e-03
| Epoch  14, time= 35.0s | Train: skip eval | Valid: time=  2.8s loss=1.892, TAw acc= 89.7% | lr=9.1e-03
| Epoch  15, time= 33.1s | Train: skip eval | Valid: time=  3.0s loss=1.913, TAw acc= 89.3% | lr=8.9e-03
| Epoch  16, time= 38.0s | Train: skip eval | Valid: time=  2.9s loss=1.857, TAw acc= 90.4% | * lr=8.8e-03
| Epoch  17, time= 35.7s | Train: skip eval | Valid: time=  2.8s loss=1.882, TAw acc= 90.3% | lr=8.6e-03
| Epoch  18, time= 36.6s | Train: skip eval | Valid: time=  3.1s loss=1.872, TAw acc= 90.9% | lr=8.5e-03
| Epoch  19, time= 36.0s | Train: skip eval | Valid: time=  2.8s loss=1.903, TAw acc= 89.7% | lr=8.3e-03
| Epoch  20, time= 34.2s | Train: skip eval | Valid: time=  2.8s loss=1.886, TAw acc= 90.1% | lr=8.1e-03
| Epoch  21, time= 35.8s | Train: skip eval | Valid: time=  2.8s loss=1.876, TAw acc= 90.1% | lr=8.0e-03
| Epoch  22, time= 35.9s | Train: skip eval | Valid: time=  3.0s loss=1.877, TAw acc= 90.4% | lr=7.8e-03
| Epoch  23, time= 42.4s | Train: skip eval | Valid: time=  2.9s loss=1.885, TAw acc= 91.1% | lr=7.6e-03
| Epoch  24, time= 33.5s | Train: skip eval | Valid: time=  2.8s loss=1.857, TAw acc= 91.2% | * lr=7.4e-03
| Epoch  25, time= 39.6s | Train: skip eval | Valid: time=  5.9s loss=1.869, TAw acc= 90.8% | lr=7.2e-03
| Epoch  26, time= 54.4s | Train: skip eval | Valid: time=  4.0s loss=1.867, TAw acc= 90.9% | lr=7.0e-03
| Epoch  27, time= 34.2s | Train: skip eval | Valid: time=  2.8s loss=1.840, TAw acc= 92.4% | * lr=6.8e-03
| Epoch  28, time= 34.6s | Train: skip eval | Valid: time=  2.8s loss=1.848, TAw acc= 91.2% | lr=6.6e-03
| Epoch  29, time= 36.1s | Train: skip eval | Valid: time=  2.8s loss=1.871, TAw acc= 90.1% | lr=6.4e-03
| Epoch  30, time= 37.8s | Train: skip eval | Valid: time=  2.7s loss=1.895, TAw acc= 90.0% | lr=6.2e-03
| Epoch  31, time= 36.6s | Train: skip eval | Valid: time=  2.9s loss=1.845, TAw acc= 91.9% | lr=5.9e-03
| Epoch  32, time= 36.6s | Train: skip eval | Valid: time=  3.5s loss=1.858, TAw acc= 91.2% | lr=5.7e-03
| Epoch  33, time= 43.2s | Train: skip eval | Valid: time=  3.1s loss=1.862, TAw acc= 90.7% | lr=5.5e-03
| Epoch  34, time= 56.6s | Train: skip eval | Valid: time=  5.6s loss=1.873, TAw acc= 90.5% | lr=5.3e-03
| Epoch  35, time= 36.7s | Train: skip eval | Valid: time=  2.7s loss=1.854, TAw acc= 90.8% | lr=5.1e-03
| Epoch  36, time= 40.6s | Train: skip eval | Valid: time=  3.3s loss=1.867, TAw acc= 90.9% | lr=4.8e-03
| Epoch  37, time= 37.0s | Train: skip eval | Valid: time=  2.8s loss=1.875, TAw acc= 90.1% | lr=4.6e-03
| Epoch  38, time= 38.8s | Train: skip eval | Valid: time=  2.8s loss=1.858, TAw acc= 90.9% | lr=4.4e-03
| Epoch  39, time= 34.5s | Train: skip eval | Valid: time=  3.2s loss=1.851, TAw acc= 91.1% | lr=4.2e-03
| Epoch  40, time= 40.7s | Train: skip eval | Valid: time=  3.6s loss=1.848, TAw acc= 90.8% | lr=3.9e-03
| Epoch  41, time= 39.7s | Train: skip eval | Valid: time=  2.9s loss=1.851, TAw acc= 91.2% | lr=3.7e-03
| Epoch  42, time= 40.2s | Train: skip eval | Valid: time=  3.0s loss=1.867, TAw acc= 90.9% | lr=3.5e-03
| Epoch  43, time= 33.9s | Train: skip eval | Valid: time=  3.1s loss=1.849, TAw acc= 90.9% | lr=3.3e-03
| Epoch  44, time= 34.0s | Train: skip eval | Valid: time=  2.9s loss=1.836, TAw acc= 91.3% | * lr=3.1e-03
| Epoch  45, time= 40.5s | Train: skip eval | Valid: time=  3.5s loss=1.850, TAw acc= 91.2% | lr=2.9e-03
| Epoch  46, time= 34.6s | Train: skip eval | Valid: time=  3.7s loss=1.854, TAw acc= 90.9% | lr=2.7e-03
| Epoch  47, time= 37.8s | Train: skip eval | Valid: time=  2.8s loss=1.854, TAw acc= 91.3% | lr=2.5e-03
| Epoch  48, time= 33.7s | Train: skip eval | Valid: time=  2.7s loss=1.833, TAw acc= 91.1% | * lr=2.3e-03
| Epoch  49, time= 32.4s | Train: skip eval | Valid: time=  2.7s loss=1.833, TAw acc= 91.2% | lr=2.1e-03
| Epoch  50, time= 35.5s | Train: skip eval | Valid: time=  3.3s loss=1.851, TAw acc= 90.8% | lr=2.0e-03
| Epoch  51, time= 35.3s | Train: skip eval | Valid: time=  2.8s loss=1.848, TAw acc= 91.2% | lr=1.8e-03
| Epoch  52, time= 36.8s | Train: skip eval | Valid: time=  2.9s loss=1.841, TAw acc= 91.2% | lr=1.6e-03
| Epoch  53, time= 32.0s | Train: skip eval | Valid: time=  2.8s loss=1.833, TAw acc= 90.7% | lr=1.5e-03
| Epoch  54, time= 35.0s | Train: skip eval | Valid: time=  2.7s loss=1.847, TAw acc= 90.4% | lr=1.3e-03
| Epoch  55, time= 35.4s | Train: skip eval | Valid: time=  3.3s loss=1.838, TAw acc= 90.8% | lr=1.2e-03
| Epoch  56, time= 33.5s | Train: skip eval | Valid: time=  2.8s loss=1.837, TAw acc= 90.9% | lr=1.0e-03
| Epoch  57, time= 34.6s | Train: skip eval | Valid: time=  2.7s loss=1.839, TAw acc= 91.1% | lr=9.2e-04
| Epoch  58, time= 33.7s | Train: skip eval | Valid: time=  3.3s loss=1.836, TAw acc= 90.5% | lr=8.0e-04
| Epoch  59, time= 38.1s | Train: skip eval | Valid: time=  2.8s loss=1.835, TAw acc= 90.9% | lr=6.9e-04
| Epoch  60, time= 39.5s | Train: skip eval | Valid: time=  3.2s loss=1.837, TAw acc= 90.8% | lr=5.9e-04
| Epoch  61, time= 34.8s | Train: skip eval | Valid: time=  2.7s loss=1.837, TAw acc= 90.9% | lr=5.0e-04
| Epoch  62, time= 35.0s | Train: skip eval | Valid: time=  2.8s loss=1.835, TAw acc= 91.1% | lr=4.2e-04
| Epoch  63, time= 33.1s | Train: skip eval | Valid: time=  2.8s loss=1.835, TAw acc= 91.2% | lr=3.4e-04
| Epoch  64, time= 33.9s | Train: skip eval | Valid: time=  3.0s loss=1.833, TAw acc= 91.1% | lr=2.8e-04
| Epoch  65, time= 32.7s | Train: skip eval | Valid: time=  2.8s loss=1.835, TAw acc= 91.1% | lr=2.2e-04
| Epoch  66, time= 33.0s | Train: skip eval | Valid: time=  3.2s loss=1.835, TAw acc= 90.9% | lr=1.8e-04
| Epoch  67, time= 33.9s | Train: skip eval | Valid: time=  3.3s loss=1.835, TAw acc= 90.8% | lr=1.4e-04
| Epoch  68, time= 36.2s | Train: skip eval | Valid: time=  2.8s loss=1.833, TAw acc= 91.2% | lr=1.2e-04
| Epoch  69, time= 35.2s | Train: skip eval | Valid: time=  2.8s loss=1.834, TAw acc= 91.2% | lr=1.0e-04
| Epoch  70, time= 32.2s | Train: skip eval | Valid: time=  3.6s loss=1.833, TAw acc= 91.1% | lr=1.0e-04
[params] total:42,697,380  trainable:42,697,380  tensors:324  trainable_tensors:324
| Epoch   1, time= 17.5s | Train: skip eval | Valid: time=  2.8s loss=2.022, TAw acc= 90.9% | * lr=1.0e-04
| Epoch   2, time= 18.3s | Train: skip eval | Valid: time=  3.0s loss=2.021, TAw acc= 91.1% | * lr=1.0e-04
| Epoch   3, time= 17.1s | Train: skip eval | Valid: time=  3.6s loss=2.022, TAw acc= 91.1% | lr=1.0e-04
| Epoch   4, time= 18.0s | Train: skip eval | Valid: time=  3.0s loss=2.022, TAw acc= 91.1% | lr=1.0e-04
| Epoch   5, time= 17.1s | Train: skip eval | Valid: time=  2.8s loss=2.022, TAw acc= 90.9% | lr=1.0e-04
| Epoch   6, time= 17.3s | Train: skip eval | Valid: time=  2.7s loss=2.022, TAw acc= 91.1% | lr=1.0e-04
| Epoch   7, time= 15.3s | Train: skip eval | Valid: time=  2.7s loss=2.023, TAw acc= 91.1% | lr=1.0e-04
| Epoch   8, time= 14.8s | Train: skip eval | Valid: time=  2.8s loss=2.023, TAw acc= 91.1% | lr=1.0e-04
| Epoch   9, time= 14.4s | Train: skip eval | Valid: time=  2.9s loss=2.023, TAw acc= 91.2% | lr=1.0e-04
| Epoch  10, time= 15.2s | Train: skip eval | Valid: time=  3.6s loss=2.024, TAw acc= 91.2% | lr=1.0e-04
| Epoch  11, time= 15.6s | Train: skip eval | Valid: time=  2.9s loss=2.025, TAw acc= 91.1% | lr=1.0e-04
| Epoch  12, time= 16.9s | Train: skip eval | Valid: time=  2.8s loss=2.025, TAw acc= 91.1% | lr=1.0e-04
| Epoch  13, time= 15.2s | Train: skip eval | Valid: time=  2.8s loss=2.025, TAw acc= 91.1% | lr=1.0e-04
| Epoch  14, time= 18.5s | Train: skip eval | Valid: time=  2.9s loss=2.025, TAw acc= 91.1% | lr=1.0e-04
| Epoch  15, time= 17.1s | Train: skip eval | Valid: time=  2.8s loss=2.025, TAw acc= 91.1% | lr=1.0e-04
| Epoch  16, time= 15.6s | Train: skip eval | Valid: time=  2.7s loss=2.025, TAw acc= 91.1% | lr=1.0e-04
| Epoch  17, time= 14.6s | Train: skip eval | Valid: time=  2.8s loss=2.026, TAw acc= 91.1% | lr=1.0e-04
| Epoch  18, time= 14.6s | Train: skip eval | Valid: time=  2.8s loss=2.026, TAw acc= 90.9% | lr=1.0e-04
| Epoch  19, time= 16.5s | Train: skip eval | Valid: time=  2.7s loss=2.026, TAw acc= 90.9% | lr=1.0e-04
| Epoch  20, time= 15.8s | Train: skip eval | Valid: time=  2.8s loss=2.028, TAw acc= 90.9% | lr=1.0e-04
| Epoch  21, time= 18.2s | Train: skip eval | Valid: time=  2.7s loss=2.028, TAw acc= 90.9% | lr=1.0e-04
| Epoch  22, time= 13.9s | Train: skip eval | Valid: time=  3.3s loss=2.029, TAw acc= 90.9% | lr=1.0e-04
| Epoch  23, time= 14.9s | Train: skip eval | Valid: time=  2.8s loss=2.029, TAw acc= 90.9% | lr=1.0e-04
| Epoch  24, time= 15.1s | Train: skip eval | Valid: time=  2.8s loss=2.029, TAw acc= 90.9% | lr=1.0e-04
| Epoch  25, time= 16.5s | Train: skip eval | Valid: time=  3.1s loss=2.030, TAw acc= 90.9% | lr=1.0e-04
| Epoch  26, time= 17.1s | Train: skip eval | Valid: time=  2.7s loss=2.030, TAw acc= 90.9% | lr=1.0e-04
| Epoch  27, time= 14.8s | Train: skip eval | Valid: time=  2.8s loss=2.030, TAw acc= 90.9% | lr=1.0e-04
| Epoch  28, time= 14.5s | Train: skip eval | Valid: time=  2.7s loss=2.030, TAw acc= 90.9% | lr=1.0e-04
| Epoch  29, time= 15.4s | Train: skip eval | Valid: time=  2.8s loss=2.030, TAw acc= 90.9% | lr=1.0e-04
| Epoch  30, time= 16.1s | Train: skip eval | Valid: time=  2.8s loss=2.030, TAw acc= 90.9% | lr=1.0e-04
| Epoch  31, time= 14.3s | Train: skip eval | Valid: time=  2.7s loss=2.030, TAw acc= 90.9% | lr=1.0e-04
| Epoch  32, time= 15.4s | Train: skip eval | Valid: time=  2.7s loss=2.030, TAw acc= 90.9% | lr=1.0e-04
| Epoch  33, time= 15.6s | Train: skip eval | Valid: time=  2.8s loss=2.030, TAw acc= 91.1% | lr=1.0e-04
| Epoch  34, time= 17.2s | Train: skip eval | Valid: time=  2.8s loss=2.031, TAw acc= 90.9% | lr=1.0e-04
| Epoch  35, time= 16.5s | Train: skip eval | Valid: time=  2.8s loss=2.031, TAw acc= 90.9% | lr=1.0e-04
| Epoch  36, time= 14.6s | Train: skip eval | Valid: time=  2.8s loss=2.031, TAw acc= 90.9% | lr=1.0e-04
| Epoch  37, time= 17.9s | Train: skip eval | Valid: time=  2.8s loss=2.031, TAw acc= 91.1% | lr=1.0e-04
| Epoch  38, time= 15.1s | Train: skip eval | Valid: time=  3.6s loss=2.031, TAw acc= 90.9% | lr=1.0e-04
| Epoch  39, time= 14.9s | Train: skip eval | Valid: time=  3.1s loss=2.032, TAw acc= 90.8% | lr=1.0e-04
| Epoch  40, time= 16.3s | Train: skip eval | Valid: time=  2.7s loss=2.032, TAw acc= 90.8% | lr=1.0e-04
| Selected 2000 train exemplars, time=  2.1s
------------------------------------------------------------------------------------------------------------
>>> Test on task  0 : loss=2.596 | TAw acc= 95.1%, forg=  1.8% | TAg acc= 57.0%, forg= 40.0% <<<
>>> Test on task  1 : loss=2.433 | TAw acc= 97.2%, forg=  1.2% | TAg acc= 62.2%, forg= 35.5% <<<
>>> Test on task  2 : loss=2.850 | TAw acc= 94.9%, forg=  1.8% | TAg acc= 54.5%, forg= 41.7% <<<
>>> Test on task  3 : loss=2.214 | TAw acc= 97.2%, forg=  0.9% | TAg acc= 67.1%, forg= 30.6% <<<
>>> Test on task  4 : loss=2.473 | TAw acc= 96.1%, forg=  0.5% | TAg acc= 64.9%, forg= 31.1% <<<
>>> Test on task  5 : loss=2.605 | TAw acc= 96.2%, forg=  0.8% | TAg acc= 64.9%, forg= 31.5% <<<
>>> Test on task  6 : loss=3.236 | TAw acc= 95.5%, forg=  1.2% | TAg acc= 57.1%, forg= 38.9% <<<
>>> Test on task  7 : loss=2.855 | TAw acc= 96.8%, forg=  0.6% | TAg acc= 65.2%, forg= 31.9% <<<
>>> Test on task  8 : loss=2.544 | TAw acc= 96.7%, forg=  0.7% | TAg acc= 74.5%, forg= 22.3% <<<
>>> Test on task  9 : loss=1.880 | TAw acc= 94.9%, forg=  0.0% | TAg acc= 94.3%, forg=  0.0% <<<
Save at ./results/./results/resnetv2_101x1_bit.goog_in21k/food101/eeil/10
Plotting last layer analysis...
************************************************************************************************************
TAw Acc
	 97.0%   0.0%   0.0%   0.0%   0.0%   0.0%   0.0%   0.0%   0.0%   0.0% 	Avg.: 97.0% 
	 96.3%  98.4%   0.0%   0.0%   0.0%   0.0%   0.0%   0.0%   0.0%   0.0% 	Avg.: 97.4% 
	 96.8%  98.1%  96.7%   0.0%   0.0%   0.0%   0.0%   0.0%   0.0%   0.0% 	Avg.: 97.2% 
	 96.4%  98.3%  96.4%  98.1%   0.0%   0.0%   0.0%   0.0%   0.0%   0.0% 	Avg.: 97.3% 
	 96.0%  97.9%  95.9%  97.5%  96.6%   0.0%   0.0%   0.0%   0.0%   0.0% 	Avg.: 96.8% 
	 95.8%  97.7%  96.0%  97.3%  96.4%  97.1%   0.0%   0.0%   0.0%   0.0% 	Avg.: 96.7% 
	 95.9%  97.8%  95.8%  97.2%  96.5%  96.8%  96.7%   0.0%   0.0%   0.0% 	Avg.: 96.7% 
	 95.8%  97.7%  95.3%  97.4%  96.1%  96.7%  95.9%  97.4%   0.0%   0.0% 	Avg.: 96.5% 
	 95.4%  97.4%  95.4%  97.2%  96.2%  96.9%  95.7%  96.8%  97.4%   0.0% 	Avg.: 96.5% 
	 95.1%  97.2%  94.9%  97.2%  96.1%  96.2%  95.5%  96.8%  96.7%  94.9% 	Avg.: 96.1% 
************************************************************************************************************
TAg Acc
	 97.0%   0.0%   0.0%   0.0%   0.0%   0.0%   0.0%   0.0%   0.0%   0.0% 	Avg.: 97.0% 
	 90.7%  97.7%   0.0%   0.0%   0.0%   0.0%   0.0%   0.0%   0.0%   0.0% 	Avg.: 94.2% 
	 89.0%  91.0%  96.2%   0.0%   0.0%   0.0%   0.0%   0.0%   0.0%   0.0% 	Avg.: 92.1% 
	 85.7%  82.4%  86.8%  97.7%   0.0%   0.0%   0.0%   0.0%   0.0%   0.0% 	Avg.: 88.2% 
	 78.0%  78.9%  74.0%  85.8%  96.0%   0.0%   0.0%   0.0%   0.0%   0.0% 	Avg.: 82.5% 
	 76.7%  75.3%  71.4%  81.2%  82.4%  96.4%   0.0%   0.0%   0.0%   0.0% 	Avg.: 80.6% 
	 69.0%  72.8%  66.4%  75.4%  74.9%  76.2%  96.0%   0.0%   0.0%   0.0% 	Avg.: 75.8% 
	 63.1%  68.6%  67.0%  73.4%  68.8%  73.8%  73.6%  97.1%   0.0%   0.0% 	Avg.: 73.2% 
	 58.1%  65.9%  58.5%  70.8%  66.2%  68.8%  70.9%  75.8%  96.8%   0.0% 	Avg.: 70.2% 
	 57.0%  62.2%  54.5%  67.1%  64.9%  64.9%  57.1%  65.2%  74.5%  94.3% 	Avg.: 66.2% 
************************************************************************************************************
TAw Forg
	  0.0%   0.0%   0.0%   0.0%   0.0%   0.0%   0.0%   0.0%   0.0%   0.0% 
	  0.6%   0.0%   0.0%   0.0%   0.0%   0.0%   0.0%   0.0%   0.0%   0.0% 	Avg.:  0.6% 
	  0.2%   0.3%   0.0%   0.0%   0.0%   0.0%   0.0%   0.0%   0.0%   0.0% 	Avg.:  0.3% 
	  0.6%   0.1%   0.3%   0.0%   0.0%   0.0%   0.0%   0.0%   0.0%   0.0% 	Avg.:  0.3% 
	  1.0%   0.5%   0.8%   0.6%   0.0%   0.0%   0.0%   0.0%   0.0%   0.0% 	Avg.:  0.7% 
	  1.1%   0.7%   0.7%   0.8%   0.2%   0.0%   0.0%   0.0%   0.0%   0.0% 	Avg.:  0.7% 
	  1.0%   0.6%   0.9%   1.0%   0.1%   0.3%   0.0%   0.0%   0.0%   0.0% 	Avg.:  0.7% 
	  1.2%   0.8%   1.4%   0.7%   0.5%   0.4%   0.8%   0.0%   0.0%   0.0% 	Avg.:  0.8% 
	  1.5%   1.0%   1.3%   0.9%   0.3%   0.2%   1.0%   0.6%   0.0%   0.0% 	Avg.:  0.9% 
	  1.8%   1.2%   1.8%   0.9%   0.5%   0.8%   1.2%   0.6%   0.7%   0.0% 	Avg.:  1.1% 
************************************************************************************************************
TAg Forg
	  0.0%   0.0%   0.0%   0.0%   0.0%   0.0%   0.0%   0.0%   0.0%   0.0% 
	  6.2%   0.0%   0.0%   0.0%   0.0%   0.0%   0.0%   0.0%   0.0%   0.0% 	Avg.:  6.2% 
	  8.0%   6.7%   0.0%   0.0%   0.0%   0.0%   0.0%   0.0%   0.0%   0.0% 	Avg.:  7.3% 
	 11.3%  15.3%   9.4%   0.0%   0.0%   0.0%   0.0%   0.0%   0.0%   0.0% 	Avg.: 12.0% 
	 18.9%  18.8%  22.3%  11.9%   0.0%   0.0%   0.0%   0.0%   0.0%   0.0% 	Avg.: 18.0% 
	 20.2%  22.4%  24.9%  16.4%  13.5%   0.0%   0.0%   0.0%   0.0%   0.0% 	Avg.: 19.5% 
	 27.9%  24.9%  29.8%  22.2%  21.1%  20.2%   0.0%   0.0%   0.0%   0.0% 	Avg.: 24.4% 
	 33.9%  29.0%  29.3%  24.3%  27.2%  22.7%  22.5%   0.0%   0.0%   0.0% 	Avg.: 27.0% 
	 38.9%  31.8%  37.7%  26.8%  29.8%  27.6%  25.1%  21.3%   0.0%   0.0% 	Avg.: 29.9% 
	 40.0%  35.5%  41.7%  30.6%  31.1%  31.5%  38.9%  31.9%  22.3%   0.0% 	Avg.: 33.7% 
************************************************************************************************************
[Elapsed time = 1.0 h]
Done!
