START_TASK=7 STOP_TASK=8
============================================================================================================
Arguments =
	approach: eeil
	batch_size: 64
	classes_first_task: None
	clipping: 10000
	crop: 224
	data_path: ../data/food101
	dataset: food101
	eval_on_train: False
	experiment_path: None
	fix_bn: False
	freeze_backbone: False
	gpu: 0
	gpus: [0]
	increment: 10
	last_layer_analysis: True
	log: ['disk']
	lr: 0.01
	lr_factor: None
	lr_min: 0.0001
	lr_patience: None
	lr_scheduler: cosine
	lr_warmup_epochs: 0
	momentum: 0.0
	multi_softmax: False
	nepochs: 70
	network: resnetv2_101x1_bit.goog_in21k
	no_cudnn_deterministic: False
	normalize: in21k
	num_workers: 2
	optimizer_name: sgd
	pin_memory: False
	pretrained: True
	resize: 224
	results_path: ./results
	save_models: True
	seed: 0
	start_at_task: 7
	start_epoch: 0
	stop_at_task: 8
	stop_epoch: 0
	use_valid_only: False
	warmup_lr_factor: 1.0
	warmup_nepochs: 0
	weight_decay: 0.0
============================================================================================================
Approach arguments =
	T: 2
	lamb: 1.0
	lr_finetuning_factor: 0.01
	nepochs_finetuning: 40
	noise_grad: False
============================================================================================================
Exemplars arguments =
	exemplar_selection: random
	num_exemplars: 2000
============================================================================================================
WARNING: ./results/resnetv2_101x1_bit.goog_in21k/food101/eeil/10 already exists!
Loaded acc_taw from: ./results/resnetv2_101x1_bit.goog_in21k/food101/eeil/10/acc_taw-6.txt
Loaded acc_tag from: ./results/resnetv2_101x1_bit.goog_in21k/food101/eeil/10/acc_tag-6.txt
Loaded forg_taw from: ./results/resnetv2_101x1_bit.goog_in21k/food101/eeil/10/forg_taw-6.txt
Loaded forg_tag from: ./results/resnetv2_101x1_bit.goog_in21k/food101/eeil/10/forg_tag-6.txt
Loaded 2030 exemplars from ./results/resnetv2_101x1_bit.goog_in21k/food101/eeil/10/task6_exemplars.pth
************************************************************************************************************
Task  7  [epochs 0-70]
************************************************************************************************************
[params] total:42,656,400  trainable:42,656,400  tensors:320  trainable_tensors:320
| Epoch   1, time= 37.9s | Train: skip eval | Valid: time=  3.2s loss=1.913, TAw acc= 80.5% | * lr=1.0e-02
| Epoch   2, time= 36.6s | Train: skip eval | Valid: time=  3.0s loss=1.971, TAw acc= 84.3% | lr=1.0e-02
| Epoch   3, time= 37.7s | Train: skip eval | Valid: time=  3.1s loss=1.464, TAw acc= 90.7% | * lr=1.0e-02
| Epoch   4, time= 34.7s | Train: skip eval | Valid: time=  2.8s loss=1.425, TAw acc= 93.6% | * lr=9.9e-03
| Epoch   5, time= 33.6s | Train: skip eval | Valid: time=  3.4s loss=1.390, TAw acc= 93.9% | * lr=9.9e-03
| Epoch   6, time= 32.0s | Train: skip eval | Valid: time=  3.1s loss=1.362, TAw acc= 94.9% | * lr=9.8e-03
| Epoch   7, time= 32.6s | Train: skip eval | Valid: time=  2.7s loss=1.462, TAw acc= 94.5% | lr=9.8e-03
| Epoch   8, time= 33.8s | Train: skip eval | Valid: time=  2.6s loss=1.361, TAw acc= 95.1% | * lr=9.7e-03
| Epoch   9, time= 36.0s | Train: skip eval | Valid: time=  2.7s loss=1.376, TAw acc= 92.9% | lr=9.6e-03
| Epoch  10, time= 38.8s | Train: skip eval | Valid: time=  2.7s loss=2.288, TAw acc= 80.4% | lr=9.5e-03
| Epoch  11, time= 35.7s | Train: skip eval | Valid: time=  2.6s loss=1.469, TAw acc= 93.3% | lr=9.4e-03
| Epoch  12, time= 33.3s | Train: skip eval | Valid: time=  3.6s loss=1.486, TAw acc= 92.5% | lr=9.3e-03
| Epoch  13, time= 37.0s | Train: skip eval | Valid: time=  2.7s loss=1.392, TAw acc= 94.0% | lr=9.2e-03
| Epoch  14, time= 36.2s | Train: skip eval | Valid: time=  2.7s loss=1.369, TAw acc= 94.0% | lr=9.1e-03
| Epoch  15, time= 36.6s | Train: skip eval | Valid: time=  2.8s loss=1.376, TAw acc= 93.9% | lr=8.9e-03
| Epoch  16, time= 34.2s | Train: skip eval | Valid: time=  2.7s loss=1.374, TAw acc= 94.4% | lr=8.8e-03
| Epoch  17, time= 31.9s | Train: skip eval | Valid: time=  2.8s loss=1.490, TAw acc= 93.3% | lr=8.6e-03
| Epoch  18, time= 34.4s | Train: skip eval | Valid: time=  2.7s loss=1.479, TAw acc= 91.1% | lr=8.5e-03
| Epoch  19, time= 37.6s | Train: skip eval | Valid: time=  2.8s loss=1.397, TAw acc= 93.9% | lr=8.3e-03
| Epoch  20, time= 40.1s | Train: skip eval | Valid: time=  2.7s loss=1.357, TAw acc= 94.4% | * lr=8.1e-03
| Epoch  21, time= 34.0s | Train: skip eval | Valid: time=  2.8s loss=1.356, TAw acc= 94.1% | * lr=8.0e-03
| Epoch  22, time= 32.2s | Train: skip eval | Valid: time=  2.8s loss=1.423, TAw acc= 92.9% | lr=7.8e-03
| Epoch  23, time= 34.1s | Train: skip eval | Valid: time=  3.1s loss=1.366, TAw acc= 94.5% | lr=7.6e-03
| Epoch  24, time= 34.0s | Train: skip eval | Valid: time=  2.8s loss=1.406, TAw acc= 93.9% | lr=7.4e-03
| Epoch  25, time= 33.5s | Train: skip eval | Valid: time=  3.4s loss=1.369, TAw acc= 94.1% | lr=7.2e-03
| Epoch  26, time= 34.4s | Train: skip eval | Valid: time=  2.7s loss=1.375, TAw acc= 94.5% | lr=7.0e-03
| Epoch  27, time= 35.0s | Train: skip eval | Valid: time=  2.7s loss=1.465, TAw acc= 92.5% | lr=6.8e-03
| Epoch  28, time= 32.7s | Train: skip eval | Valid: time=  2.8s loss=1.406, TAw acc= 94.3% | lr=6.6e-03
| Epoch  29, time= 37.2s | Train: skip eval | Valid: time=  2.8s loss=1.356, TAw acc= 93.9% | lr=6.4e-03
| Epoch  30, time= 38.9s | Train: skip eval | Valid: time=  3.6s loss=1.368, TAw acc= 94.7% | lr=6.2e-03
| Epoch  31, time= 36.9s | Train: skip eval | Valid: time=  2.8s loss=1.446, TAw acc= 92.8% | lr=5.9e-03
| Epoch  32, time= 33.0s | Train: skip eval | Valid: time=  2.9s loss=1.372, TAw acc= 94.0% | lr=5.7e-03
| Epoch  33, time= 34.4s | Train: skip eval | Valid: time=  2.8s loss=1.351, TAw acc= 94.5% | * lr=5.5e-03
| Epoch  34, time= 34.1s | Train: skip eval | Valid: time=  2.7s loss=1.378, TAw acc= 92.8% | lr=5.3e-03
| Epoch  35, time= 37.7s | Train: skip eval | Valid: time=  2.7s loss=1.351, TAw acc= 94.7% | lr=5.1e-03
| Epoch  36, time= 36.8s | Train: skip eval | Valid: time=  2.9s loss=1.353, TAw acc= 94.4% | lr=4.8e-03
| Epoch  37, time= 35.5s | Train: skip eval | Valid: time=  2.8s loss=1.353, TAw acc= 94.7% | lr=4.6e-03
| Epoch  38, time= 33.5s | Train: skip eval | Valid: time=  2.8s loss=1.347, TAw acc= 93.9% | * lr=4.4e-03
| Epoch  39, time= 38.1s | Train: skip eval | Valid: time=  2.8s loss=1.347, TAw acc= 94.4% | * lr=4.2e-03
| Epoch  40, time= 35.4s | Train: skip eval | Valid: time=  3.1s loss=1.348, TAw acc= 94.4% | lr=3.9e-03
| Epoch  41, time= 32.6s | Train: skip eval | Valid: time=  3.5s loss=1.346, TAw acc= 94.1% | * lr=3.7e-03
| Epoch  42, time= 37.9s | Train: skip eval | Valid: time=  2.7s loss=1.344, TAw acc= 94.4% | * lr=3.5e-03
| Epoch  43, time= 34.7s | Train: skip eval | Valid: time=  2.8s loss=1.380, TAw acc= 94.4% | lr=3.3e-03
| Epoch  44, time= 38.3s | Train: skip eval | Valid: time=  2.8s loss=1.351, TAw acc= 94.1% | lr=3.1e-03
| Epoch  45, time= 38.8s | Train: skip eval | Valid: time=  2.7s loss=1.351, TAw acc= 94.5% | lr=2.9e-03
| Epoch  46, time= 37.6s | Train: skip eval | Valid: time=  2.7s loss=1.349, TAw acc= 94.7% | lr=2.7e-03
| Epoch  47, time= 36.0s | Train: skip eval | Valid: time=  2.8s loss=1.352, TAw acc= 94.3% | lr=2.5e-03
| Epoch  48, time= 33.5s | Train: skip eval | Valid: time=  2.7s loss=1.354, TAw acc= 94.5% | lr=2.3e-03
| Epoch  49, time= 32.0s | Train: skip eval | Valid: time=  2.8s loss=1.353, TAw acc= 94.0% | lr=2.1e-03
| Epoch  50, time= 36.0s | Train: skip eval | Valid: time=  3.2s loss=1.352, TAw acc= 94.3% | lr=2.0e-03
| Epoch  51, time= 34.0s | Train: skip eval | Valid: time=  2.7s loss=1.341, TAw acc= 94.0% | * lr=1.8e-03
| Epoch  52, time= 36.3s | Train: skip eval | Valid: time=  2.9s loss=1.346, TAw acc= 94.4% | lr=1.6e-03
| Epoch  53, time= 36.8s | Train: skip eval | Valid: time=  3.5s loss=1.344, TAw acc= 94.0% | lr=1.5e-03
| Epoch  54, time= 33.4s | Train: skip eval | Valid: time=  3.2s loss=1.346, TAw acc= 94.0% | lr=1.3e-03
| Epoch  55, time= 38.1s | Train: skip eval | Valid: time=  2.7s loss=1.346, TAw acc= 94.0% | lr=1.2e-03
| Epoch  56, time= 35.7s | Train: skip eval | Valid: time=  3.1s loss=1.347, TAw acc= 94.3% | lr=1.0e-03
| Epoch  57, time= 33.9s | Train: skip eval | Valid: time=  3.0s loss=1.345, TAw acc= 94.3% | lr=9.2e-04
| Epoch  58, time= 36.3s | Train: skip eval | Valid: time=  3.6s loss=1.352, TAw acc= 94.5% | lr=8.0e-04
| Epoch  59, time= 35.2s | Train: skip eval | Valid: time=  3.4s loss=1.347, TAw acc= 93.9% | lr=6.9e-04
| Epoch  60, time= 34.4s | Train: skip eval | Valid: time=  2.7s loss=1.349, TAw acc= 94.3% | lr=5.9e-04
| Epoch  61, time= 31.7s | Train: skip eval | Valid: time=  3.6s loss=1.348, TAw acc= 94.1% | lr=5.0e-04
| Epoch  62, time= 33.6s | Train: skip eval | Valid: time=  2.7s loss=1.351, TAw acc= 94.1% | lr=4.2e-04
| Epoch  63, time= 31.4s | Train: skip eval | Valid: time=  2.7s loss=1.352, TAw acc= 94.1% | lr=3.4e-04
| Epoch  64, time= 33.2s | Train: skip eval | Valid: time=  2.7s loss=1.351, TAw acc= 94.3% | lr=2.8e-04
| Epoch  65, time= 37.1s | Train: skip eval | Valid: time=  2.8s loss=1.347, TAw acc= 94.3% | lr=2.2e-04
| Epoch  66, time= 31.6s | Train: skip eval | Valid: time=  2.8s loss=1.348, TAw acc= 94.1% | lr=1.8e-04
| Epoch  67, time= 35.3s | Train: skip eval | Valid: time=  2.7s loss=1.348, TAw acc= 94.3% | lr=1.4e-04
| Epoch  68, time= 32.7s | Train: skip eval | Valid: time=  2.6s loss=1.348, TAw acc= 94.1% | lr=1.2e-04
| Epoch  69, time= 36.5s | Train: skip eval | Valid: time=  2.7s loss=1.348, TAw acc= 94.3% | lr=1.0e-04
| Epoch  70, time= 39.7s | Train: skip eval | Valid: time=  2.7s loss=1.348, TAw acc= 94.3% | lr=1.0e-04
[params] total:42,656,400  trainable:42,656,400  tensors:320  trainable_tensors:320
| Epoch   1, time= 15.7s | Train: skip eval | Valid: time=  2.7s loss=1.530, TAw acc= 94.0% | * lr=1.0e-04
| Epoch   2, time= 17.2s | Train: skip eval | Valid: time=  2.8s loss=1.529, TAw acc= 94.1% | * lr=1.0e-04
| Epoch   3, time= 14.4s | Train: skip eval | Valid: time=  3.4s loss=1.529, TAw acc= 94.1% | * lr=1.0e-04
| Epoch   4, time= 16.6s | Train: skip eval | Valid: time=  2.8s loss=1.529, TAw acc= 94.1% | lr=1.0e-04
| Epoch   5, time= 15.2s | Train: skip eval | Valid: time=  2.7s loss=1.529, TAw acc= 94.1% | lr=1.0e-04
| Epoch   6, time= 18.1s | Train: skip eval | Valid: time=  3.3s loss=1.529, TAw acc= 94.3% | lr=1.0e-04
| Epoch   7, time= 16.4s | Train: skip eval | Valid: time=  2.7s loss=1.529, TAw acc= 94.1% | lr=1.0e-04
| Epoch   8, time= 16.2s | Train: skip eval | Valid: time=  2.7s loss=1.529, TAw acc= 94.1% | lr=1.0e-04
| Epoch   9, time= 17.9s | Train: skip eval | Valid: time=  3.5s loss=1.529, TAw acc= 94.3% | lr=1.0e-04
| Epoch  10, time= 15.8s | Train: skip eval | Valid: time=  2.9s loss=1.529, TAw acc= 94.3% | lr=1.0e-04
| Epoch  11, time= 14.5s | Train: skip eval | Valid: time=  3.4s loss=1.529, TAw acc= 94.3% | lr=1.0e-04
| Epoch  12, time= 14.6s | Train: skip eval | Valid: time=  2.6s loss=1.529, TAw acc= 94.3% | lr=1.0e-04
| Epoch  13, time= 14.2s | Train: skip eval | Valid: time=  2.7s loss=1.529, TAw acc= 94.3% | lr=1.0e-04
| Epoch  14, time= 17.7s | Train: skip eval | Valid: time=  2.8s loss=1.529, TAw acc= 94.3% | lr=1.0e-04
| Epoch  15, time= 18.0s | Train: skip eval | Valid: time=  2.8s loss=1.529, TAw acc= 94.3% | lr=1.0e-04
| Epoch  16, time= 14.4s | Train: skip eval | Valid: time=  2.7s loss=1.529, TAw acc= 94.3% | lr=1.0e-04
| Epoch  17, time= 16.5s | Train: skip eval | Valid: time=  2.7s loss=1.529, TAw acc= 94.4% | lr=1.0e-04
| Epoch  18, time= 17.6s | Train: skip eval | Valid: time=  3.6s loss=1.528, TAw acc= 94.3% | * lr=1.0e-04
| Epoch  19, time= 16.3s | Train: skip eval | Valid: time=  2.7s loss=1.529, TAw acc= 94.4% | lr=1.0e-04
| Epoch  20, time= 14.9s | Train: skip eval | Valid: time=  3.6s loss=1.529, TAw acc= 94.4% | lr=1.0e-04
| Epoch  21, time= 15.3s | Train: skip eval | Valid: time=  2.6s loss=1.530, TAw acc= 94.5% | lr=1.0e-04
| Epoch  22, time= 15.1s | Train: skip eval | Valid: time=  2.7s loss=1.530, TAw acc= 94.5% | lr=1.0e-04
| Epoch  23, time= 15.0s | Train: skip eval | Valid: time=  2.8s loss=1.530, TAw acc= 94.5% | lr=1.0e-04
| Epoch  24, time= 17.8s | Train: skip eval | Valid: time=  2.7s loss=1.529, TAw acc= 94.4% | lr=1.0e-04
| Epoch  25, time= 15.4s | Train: skip eval | Valid: time=  3.3s loss=1.529, TAw acc= 94.4% | lr=1.0e-04
| Epoch  26, time= 14.5s | Train: skip eval | Valid: time=  2.7s loss=1.529, TAw acc= 94.4% | lr=1.0e-04
| Epoch  27, time= 14.1s | Train: skip eval | Valid: time=  3.4s loss=1.529, TAw acc= 94.4% | lr=1.0e-04
| Epoch  28, time= 16.2s | Train: skip eval | Valid: time=  2.7s loss=1.529, TAw acc= 94.3% | lr=1.0e-04
| Epoch  29, time= 17.8s | Train: skip eval | Valid: time=  2.6s loss=1.529, TAw acc= 94.4% | lr=1.0e-04
| Epoch  30, time= 16.0s | Train: skip eval | Valid: time=  2.6s loss=1.529, TAw acc= 94.3% | lr=1.0e-04
| Epoch  31, time= 16.2s | Train: skip eval | Valid: time=  2.7s loss=1.529, TAw acc= 94.4% | lr=1.0e-04
| Epoch  32, time= 14.0s | Train: skip eval | Valid: time=  2.7s loss=1.529, TAw acc= 94.4% | lr=1.0e-04
| Epoch  33, time= 15.2s | Train: skip eval | Valid: time=  2.7s loss=1.529, TAw acc= 94.4% | lr=1.0e-04
| Epoch  34, time= 15.6s | Train: skip eval | Valid: time=  2.7s loss=1.529, TAw acc= 94.4% | lr=1.0e-04
| Epoch  35, time= 17.6s | Train: skip eval | Valid: time=  2.7s loss=1.530, TAw acc= 94.4% | lr=1.0e-04
| Epoch  36, time= 15.0s | Train: skip eval | Valid: time=  2.7s loss=1.529, TAw acc= 94.3% | lr=1.0e-04
| Epoch  37, time= 17.4s | Train: skip eval | Valid: time=  3.1s loss=1.530, TAw acc= 94.3% | lr=1.0e-04
| Epoch  38, time= 16.1s | Train: skip eval | Valid: time=  2.8s loss=1.530, TAw acc= 94.3% | lr=1.0e-04
| Epoch  39, time= 15.8s | Train: skip eval | Valid: time=  2.8s loss=1.529, TAw acc= 94.3% | lr=1.0e-04
| Epoch  40, time= 14.5s | Train: skip eval | Valid: time=  2.7s loss=1.530, TAw acc= 94.3% | lr=1.0e-04
| Selected 2000 train exemplars, time=  2.2s
------------------------------------------------------------------------------------------------------------
>>> Test on task  0 : loss=2.269 | TAw acc= 95.8%, forg=  1.2% | TAg acc= 63.1%, forg= 33.9% <<<
>>> Test on task  1 : loss=1.916 | TAw acc= 97.7%, forg=  0.8% | TAg acc= 68.6%, forg= 29.0% <<<
>>> Test on task  2 : loss=2.001 | TAw acc= 95.3%, forg=  1.4% | TAg acc= 67.0%, forg= 29.3% <<<
>>> Test on task  3 : loss=1.829 | TAw acc= 97.4%, forg=  0.7% | TAg acc= 73.4%, forg= 24.3% <<<
>>> Test on task  4 : loss=2.149 | TAw acc= 96.1%, forg=  0.5% | TAg acc= 68.8%, forg= 27.2% <<<
>>> Test on task  5 : loss=2.094 | TAw acc= 96.7%, forg=  0.4% | TAg acc= 73.8%, forg= 22.7% <<<
>>> Test on task  6 : loss=2.215 | TAw acc= 95.9%, forg=  0.8% | TAg acc= 73.6%, forg= 22.5% <<<
>>> Test on task  7 : loss=1.354 | TAw acc= 97.4%, forg=  0.0% | TAg acc= 97.1%, forg=  0.0% <<<
Save at ./results/./results/resnetv2_101x1_bit.goog_in21k/food101/eeil/10
************************************************************************************************************
TAw Acc
	 97.0%   0.0%   0.0%   0.0%   0.0%   0.0%   0.0%   0.0%   0.0%   0.0% 	Avg.: 97.0% 
	 96.3%  98.4%   0.0%   0.0%   0.0%   0.0%   0.0%   0.0%   0.0%   0.0% 	Avg.: 97.4% 
	 96.8%  98.1%  96.7%   0.0%   0.0%   0.0%   0.0%   0.0%   0.0%   0.0% 	Avg.: 97.2% 
	 96.4%  98.3%  96.4%  98.1%   0.0%   0.0%   0.0%   0.0%   0.0%   0.0% 	Avg.: 97.3% 
	 96.0%  97.9%  95.9%  97.5%  96.6%   0.0%   0.0%   0.0%   0.0%   0.0% 	Avg.: 96.8% 
	 95.8%  97.7%  96.0%  97.3%  96.4%  97.1%   0.0%   0.0%   0.0%   0.0% 	Avg.: 96.7% 
	 95.9%  97.8%  95.8%  97.2%  96.5%  96.8%  96.7%   0.0%   0.0%   0.0% 	Avg.: 96.7% 
	 95.8%  97.7%  95.3%  97.4%  96.1%  96.7%  95.9%  97.4%   0.0%   0.0% 	Avg.: 96.5% 
	  0.0%   0.0%   0.0%   0.0%   0.0%   0.0%   0.0%   0.0%   0.0%   0.0% 	Avg.:  0.0% 
	  0.0%   0.0%   0.0%   0.0%   0.0%   0.0%   0.0%   0.0%   0.0%   0.0% 	Avg.:  0.0% 
************************************************************************************************************
TAg Acc
	 97.0%   0.0%   0.0%   0.0%   0.0%   0.0%   0.0%   0.0%   0.0%   0.0% 	Avg.: 97.0% 
	 90.7%  97.7%   0.0%   0.0%   0.0%   0.0%   0.0%   0.0%   0.0%   0.0% 	Avg.: 94.2% 
	 89.0%  91.0%  96.2%   0.0%   0.0%   0.0%   0.0%   0.0%   0.0%   0.0% 	Avg.: 92.1% 
	 85.7%  82.4%  86.8%  97.7%   0.0%   0.0%   0.0%   0.0%   0.0%   0.0% 	Avg.: 88.2% 
	 78.0%  78.9%  74.0%  85.8%  96.0%   0.0%   0.0%   0.0%   0.0%   0.0% 	Avg.: 82.5% 
	 76.7%  75.3%  71.4%  81.2%  82.4%  96.4%   0.0%   0.0%   0.0%   0.0% 	Avg.: 80.6% 
	 69.0%  72.8%  66.4%  75.4%  74.9%  76.2%  96.0%   0.0%   0.0%   0.0% 	Avg.: 75.8% 
	 63.1%  68.6%  67.0%  73.4%  68.8%  73.8%  73.6%  97.1%   0.0%   0.0% 	Avg.: 73.2% 
	  0.0%   0.0%   0.0%   0.0%   0.0%   0.0%   0.0%   0.0%   0.0%   0.0% 	Avg.:  0.0% 
	  0.0%   0.0%   0.0%   0.0%   0.0%   0.0%   0.0%   0.0%   0.0%   0.0% 	Avg.:  0.0% 
************************************************************************************************************
TAw Forg
	  0.0%   0.0%   0.0%   0.0%   0.0%   0.0%   0.0%   0.0%   0.0%   0.0% 
	  0.6%   0.0%   0.0%   0.0%   0.0%   0.0%   0.0%   0.0%   0.0%   0.0% 	Avg.:  0.6% 
	  0.2%   0.3%   0.0%   0.0%   0.0%   0.0%   0.0%   0.0%   0.0%   0.0% 	Avg.:  0.3% 
	  0.6%   0.1%   0.3%   0.0%   0.0%   0.0%   0.0%   0.0%   0.0%   0.0% 	Avg.:  0.3% 
	  1.0%   0.5%   0.8%   0.6%   0.0%   0.0%   0.0%   0.0%   0.0%   0.0% 	Avg.:  0.7% 
	  1.1%   0.7%   0.7%   0.8%   0.2%   0.0%   0.0%   0.0%   0.0%   0.0% 	Avg.:  0.7% 
	  1.0%   0.6%   0.9%   1.0%   0.1%   0.3%   0.0%   0.0%   0.0%   0.0% 	Avg.:  0.7% 
	  1.2%   0.8%   1.4%   0.7%   0.5%   0.4%   0.8%   0.0%   0.0%   0.0% 	Avg.:  0.8% 
	  0.0%   0.0%   0.0%   0.0%   0.0%   0.0%   0.0%   0.0%   0.0%   0.0% 	Avg.:  0.0% 
	  0.0%   0.0%   0.0%   0.0%   0.0%   0.0%   0.0%   0.0%   0.0%   0.0% 	Avg.:  0.0% 
************************************************************************************************************
TAg Forg
	  0.0%   0.0%   0.0%   0.0%   0.0%   0.0%   0.0%   0.0%   0.0%   0.0% 
	  6.2%   0.0%   0.0%   0.0%   0.0%   0.0%   0.0%   0.0%   0.0%   0.0% 	Avg.:  6.2% 
	  8.0%   6.7%   0.0%   0.0%   0.0%   0.0%   0.0%   0.0%   0.0%   0.0% 	Avg.:  7.3% 
	 11.3%  15.3%   9.4%   0.0%   0.0%   0.0%   0.0%   0.0%   0.0%   0.0% 	Avg.: 12.0% 
	 18.9%  18.8%  22.3%  11.9%   0.0%   0.0%   0.0%   0.0%   0.0%   0.0% 	Avg.: 18.0% 
	 20.2%  22.4%  24.9%  16.4%  13.5%   0.0%   0.0%   0.0%   0.0%   0.0% 	Avg.: 19.5% 
	 27.9%  24.9%  29.8%  22.2%  21.1%  20.2%   0.0%   0.0%   0.0%   0.0% 	Avg.: 24.4% 
	 33.9%  29.0%  29.3%  24.3%  27.2%  22.7%  22.5%   0.0%   0.0%   0.0% 	Avg.: 27.0% 
	  0.0%   0.0%   0.0%   0.0%   0.0%   0.0%   0.0%   0.0%   0.0%   0.0% 	Avg.:  0.0% 
	  0.0%   0.0%   0.0%   0.0%   0.0%   0.0%   0.0%   0.0%   0.0%   0.0% 	Avg.:  0.0% 
************************************************************************************************************
[Elapsed time = 1.0 h]
Done!
