START_TASK=5 STOP_TASK=6
============================================================================================================
Arguments =
	approach: eeil
	batch_size: 64
	classes_first_task: None
	clipping: 10000
	crop: 224
	data_path: ../data/food101
	dataset: food101
	eval_on_train: False
	experiment_path: None
	fix_bn: False
	freeze_backbone: False
	gpu: 0
	gpus: [0]
	increment: 10
	last_layer_analysis: True
	log: ['disk']
	lr: 0.01
	lr_factor: None
	lr_min: 0.0001
	lr_patience: None
	lr_scheduler: cosine
	lr_warmup_epochs: 0
	momentum: 0.0
	multi_softmax: False
	nepochs: 70
	network: resnetv2_101x1_bit.goog_in21k
	no_cudnn_deterministic: False
	normalize: in21k
	num_workers: 2
	optimizer_name: sgd
	pin_memory: False
	pretrained: True
	resize: 224
	results_path: ./results
	save_models: True
	seed: 0
	start_at_task: 5
	start_epoch: 0
	stop_at_task: 6
	stop_epoch: 0
	use_valid_only: False
	warmup_lr_factor: 1.0
	warmup_nepochs: 0
	weight_decay: 0.0
============================================================================================================
Approach arguments =
	T: 2
	lamb: 1.0
	lr_finetuning_factor: 0.01
	nepochs_finetuning: 40
	noise_grad: False
============================================================================================================
Exemplars arguments =
	exemplar_selection: random
	num_exemplars: 2000
============================================================================================================
WARNING: ./results/resnetv2_101x1_bit.goog_in21k/food101/eeil/10 already exists!
Loaded acc_taw from: ./results/resnetv2_101x1_bit.goog_in21k/food101/eeil/10/acc_taw-4.txt
Loaded acc_tag from: ./results/resnetv2_101x1_bit.goog_in21k/food101/eeil/10/acc_tag-4.txt
Loaded forg_taw from: ./results/resnetv2_101x1_bit.goog_in21k/food101/eeil/10/forg_taw-4.txt
Loaded forg_tag from: ./results/resnetv2_101x1_bit.goog_in21k/food101/eeil/10/forg_tag-4.txt
Loaded 2000 exemplars from ./results/resnetv2_101x1_bit.goog_in21k/food101/eeil/10/task4_exemplars.pth
************************************************************************************************************
Task  5  [epochs 0-70]
************************************************************************************************************
[params] total:42,615,420  trainable:42,615,420  tensors:316  trainable_tensors:316
| Epoch   1, time= 35.5s | Train: skip eval | Valid: time=  3.0s loss=1.224, TAw acc= 87.9% | * lr=1.0e-02
| Epoch   2, time= 37.3s | Train: skip eval | Valid: time=  3.2s loss=1.148, TAw acc= 90.3% | * lr=1.0e-02
| Epoch   3, time= 36.0s | Train: skip eval | Valid: time=  3.0s loss=1.050, TAw acc= 91.9% | * lr=1.0e-02
| Epoch   4, time= 35.9s | Train: skip eval | Valid: time=  3.5s loss=1.044, TAw acc= 93.3% | * lr=9.9e-03
| Epoch   5, time= 34.5s | Train: skip eval | Valid: time=  3.0s loss=1.062, TAw acc= 93.3% | lr=9.9e-03
| Epoch   6, time= 35.3s | Train: skip eval | Valid: time=  3.1s loss=1.102, TAw acc= 91.6% | lr=9.8e-03
| Epoch   7, time= 38.1s | Train: skip eval | Valid: time=  2.9s loss=1.026, TAw acc= 92.9% | * lr=9.8e-03
| Epoch   8, time= 34.1s | Train: skip eval | Valid: time=  3.1s loss=1.063, TAw acc= 92.1% | lr=9.7e-03
| Epoch   9, time= 34.1s | Train: skip eval | Valid: time=  3.1s loss=1.047, TAw acc= 93.6% | lr=9.6e-03
| Epoch  10, time= 37.2s | Train: skip eval | Valid: time=  2.9s loss=1.064, TAw acc= 93.1% | lr=9.5e-03
| Epoch  11, time= 36.1s | Train: skip eval | Valid: time=  3.0s loss=1.038, TAw acc= 92.8% | lr=9.4e-03
| Epoch  12, time= 34.2s | Train: skip eval | Valid: time=  2.9s loss=1.035, TAw acc= 92.9% | lr=9.3e-03
| Epoch  13, time= 38.9s | Train: skip eval | Valid: time=  3.4s loss=1.047, TAw acc= 92.9% | lr=9.2e-03
| Epoch  14, time= 33.5s | Train: skip eval | Valid: time=  2.9s loss=1.037, TAw acc= 93.7% | lr=9.1e-03
| Epoch  15, time= 33.9s | Train: skip eval | Valid: time=  2.9s loss=1.040, TAw acc= 93.2% | lr=8.9e-03
| Epoch  16, time= 33.5s | Train: skip eval | Valid: time=  3.0s loss=1.017, TAw acc= 92.4% | * lr=8.8e-03
| Epoch  17, time= 35.6s | Train: skip eval | Valid: time=  3.1s loss=1.017, TAw acc= 93.9% | lr=8.6e-03
| Epoch  18, time= 38.4s | Train: skip eval | Valid: time=  2.9s loss=1.033, TAw acc= 93.9% | lr=8.5e-03
| Epoch  19, time= 34.7s | Train: skip eval | Valid: time=  3.0s loss=1.023, TAw acc= 94.0% | lr=8.3e-03
| Epoch  20, time= 36.8s | Train: skip eval | Valid: time=  2.9s loss=1.029, TAw acc= 93.3% | lr=8.1e-03
| Epoch  21, time= 34.0s | Train: skip eval | Valid: time=  3.0s loss=1.024, TAw acc= 93.9% | lr=8.0e-03
| Epoch  22, time= 36.1s | Train: skip eval | Valid: time=  3.2s loss=1.000, TAw acc= 93.9% | * lr=7.8e-03
| Epoch  23, time= 35.3s | Train: skip eval | Valid: time=  3.1s loss=1.061, TAw acc= 92.4% | lr=7.6e-03
| Epoch  24, time= 34.6s | Train: skip eval | Valid: time=  2.9s loss=1.029, TAw acc= 93.6% | lr=7.4e-03
| Epoch  25, time= 36.4s | Train: skip eval | Valid: time=  2.9s loss=1.045, TAw acc= 92.9% | lr=7.2e-03
| Epoch  26, time= 35.2s | Train: skip eval | Valid: time=  3.4s loss=1.030, TAw acc= 93.3% | lr=7.0e-03
| Epoch  27, time= 35.5s | Train: skip eval | Valid: time=  3.7s loss=1.012, TAw acc= 94.0% | lr=6.8e-03
| Epoch  28, time= 36.3s | Train: skip eval | Valid: time=  3.4s loss=1.014, TAw acc= 93.7% | lr=6.6e-03
| Epoch  29, time= 36.2s | Train: skip eval | Valid: time=  3.2s loss=1.007, TAw acc= 94.1% | lr=6.4e-03
| Epoch  30, time= 34.5s | Train: skip eval | Valid: time=  3.0s loss=1.003, TAw acc= 93.7% | lr=6.2e-03
| Epoch  31, time= 36.4s | Train: skip eval | Valid: time=  3.0s loss=1.016, TAw acc= 94.1% | lr=5.9e-03
| Epoch  32, time= 34.1s | Train: skip eval | Valid: time=  3.0s loss=1.039, TAw acc= 93.1% | lr=5.7e-03
| Epoch  33, time= 36.0s | Train: skip eval | Valid: time=  2.9s loss=1.008, TAw acc= 93.6% | lr=5.5e-03
| Epoch  34, time= 36.1s | Train: skip eval | Valid: time=  2.9s loss=1.026, TAw acc= 93.6% | lr=5.3e-03
| Epoch  35, time= 35.5s | Train: skip eval | Valid: time=  3.2s loss=1.014, TAw acc= 93.2% | lr=5.1e-03
| Epoch  36, time= 36.6s | Train: skip eval | Valid: time=  3.0s loss=1.049, TAw acc= 93.1% | lr=4.8e-03
| Epoch  37, time= 33.3s | Train: skip eval | Valid: time=  3.7s loss=1.002, TAw acc= 93.9% | lr=4.6e-03
| Epoch  38, time= 36.1s | Train: skip eval | Valid: time=  3.1s loss=1.021, TAw acc= 93.3% | lr=4.4e-03
| Epoch  39, time= 36.3s | Train: skip eval | Valid: time=  3.1s loss=0.999, TAw acc= 94.1% | * lr=4.2e-03
| Epoch  40, time= 35.6s | Train: skip eval | Valid: time=  3.7s loss=1.000, TAw acc= 93.6% | lr=3.9e-03
| Epoch  41, time= 40.0s | Train: skip eval | Valid: time=  3.0s loss=0.997, TAw acc= 93.9% | * lr=3.7e-03
| Epoch  42, time= 34.4s | Train: skip eval | Valid: time=  3.1s loss=1.009, TAw acc= 93.9% | lr=3.5e-03
| Epoch  43, time= 34.3s | Train: skip eval | Valid: time=  3.2s loss=0.998, TAw acc= 94.4% | lr=3.3e-03
| Epoch  44, time= 34.0s | Train: skip eval | Valid: time=  3.5s loss=0.992, TAw acc= 93.9% | * lr=3.1e-03
| Epoch  45, time= 36.0s | Train: skip eval | Valid: time=  3.2s loss=1.007, TAw acc= 94.3% | lr=2.9e-03
| Epoch  46, time= 36.7s | Train: skip eval | Valid: time=  2.9s loss=1.002, TAw acc= 94.4% | lr=2.7e-03
| Epoch  47, time= 38.5s | Train: skip eval | Valid: time=  2.9s loss=1.002, TAw acc= 94.1% | lr=2.5e-03
| Epoch  48, time= 35.4s | Train: skip eval | Valid: time=  3.4s loss=0.999, TAw acc= 93.9% | lr=2.3e-03
| Epoch  49, time= 35.1s | Train: skip eval | Valid: time=  3.0s loss=1.013, TAw acc= 94.0% | lr=2.1e-03
| Epoch  50, time= 34.6s | Train: skip eval | Valid: time=  3.3s loss=1.011, TAw acc= 93.6% | lr=2.0e-03
| Epoch  51, time= 36.6s | Train: skip eval | Valid: time=  3.4s loss=1.002, TAw acc= 93.7% | lr=1.8e-03
| Epoch  52, time= 33.9s | Train: skip eval | Valid: time=  3.1s loss=1.000, TAw acc= 93.7% | lr=1.6e-03
| Epoch  53, time= 35.0s | Train: skip eval | Valid: time=  3.2s loss=0.997, TAw acc= 94.3% | lr=1.5e-03
| Epoch  54, time= 36.0s | Train: skip eval | Valid: time=  3.3s loss=1.006, TAw acc= 94.0% | lr=1.3e-03
| Epoch  55, time= 34.6s | Train: skip eval | Valid: time=  2.9s loss=1.003, TAw acc= 94.3% | lr=1.2e-03
| Epoch  56, time= 34.3s | Train: skip eval | Valid: time=  3.0s loss=0.995, TAw acc= 94.3% | lr=1.0e-03
| Epoch  57, time= 40.7s | Train: skip eval | Valid: time=  3.6s loss=0.995, TAw acc= 94.1% | lr=9.2e-04
| Epoch  58, time= 36.6s | Train: skip eval | Valid: time=  3.2s loss=0.995, TAw acc= 94.3% | lr=8.0e-04
| Epoch  59, time= 33.0s | Train: skip eval | Valid: time=  3.1s loss=0.988, TAw acc= 94.4% | * lr=6.9e-04
| Epoch  60, time= 34.9s | Train: skip eval | Valid: time=  3.1s loss=0.986, TAw acc= 94.5% | * lr=5.9e-04
| Epoch  61, time= 35.7s | Train: skip eval | Valid: time=  3.1s loss=0.986, TAw acc= 94.4% | lr=5.0e-04
| Epoch  62, time= 35.4s | Train: skip eval | Valid: time=  3.0s loss=0.983, TAw acc= 94.4% | * lr=4.2e-04
| Epoch  63, time= 37.1s | Train: skip eval | Valid: time=  3.2s loss=0.984, TAw acc= 94.3% | lr=3.4e-04
| Epoch  64, time= 40.8s | Train: skip eval | Valid: time=  2.9s loss=0.983, TAw acc= 94.4% | lr=2.8e-04
| Epoch  65, time= 35.2s | Train: skip eval | Valid: time=  3.2s loss=0.983, TAw acc= 94.4% | lr=2.2e-04
| Epoch  66, time= 39.5s | Train: skip eval | Valid: time=  3.0s loss=0.984, TAw acc= 94.4% | lr=1.8e-04
| Epoch  67, time= 33.3s | Train: skip eval | Valid: time=  2.9s loss=0.984, TAw acc= 94.5% | lr=1.4e-04
| Epoch  68, time= 32.8s | Train: skip eval | Valid: time=  3.5s loss=0.984, TAw acc= 94.4% | lr=1.2e-04
| Epoch  69, time= 33.7s | Train: skip eval | Valid: time=  3.0s loss=0.984, TAw acc= 94.4% | lr=1.0e-04
| Epoch  70, time= 35.3s | Train: skip eval | Valid: time=  3.2s loss=0.983, TAw acc= 94.4% | lr=1.0e-04
[params] total:42,615,420  trainable:42,615,420  tensors:316  trainable_tensors:316
| Epoch   1, time= 17.8s | Train: skip eval | Valid: time=  3.1s loss=1.188, TAw acc= 94.4% | * lr=1.0e-04
| Epoch   2, time= 18.7s | Train: skip eval | Valid: time=  3.8s loss=1.188, TAw acc= 94.3% | lr=1.0e-04
| Epoch   3, time= 15.4s | Train: skip eval | Valid: time=  3.0s loss=1.188, TAw acc= 94.4% | lr=1.0e-04
| Epoch   4, time= 16.8s | Train: skip eval | Valid: time=  2.9s loss=1.188, TAw acc= 94.4% | * lr=1.0e-04
| Epoch   5, time= 15.4s | Train: skip eval | Valid: time=  3.0s loss=1.188, TAw acc= 94.4% | lr=1.0e-04
| Epoch   6, time= 15.3s | Train: skip eval | Valid: time=  3.1s loss=1.188, TAw acc= 94.4% | lr=1.0e-04
| Epoch   7, time= 14.7s | Train: skip eval | Valid: time=  3.1s loss=1.188, TAw acc= 94.5% | * lr=1.0e-04
| Epoch   8, time= 14.8s | Train: skip eval | Valid: time=  3.4s loss=1.188, TAw acc= 94.5% | lr=1.0e-04
| Epoch   9, time= 16.9s | Train: skip eval | Valid: time=  3.0s loss=1.188, TAw acc= 94.5% | lr=1.0e-04
| Epoch  10, time= 15.9s | Train: skip eval | Valid: time=  3.1s loss=1.188, TAw acc= 94.4% | lr=1.0e-04
| Epoch  11, time= 15.3s | Train: skip eval | Valid: time=  2.9s loss=1.188, TAw acc= 94.4% | lr=1.0e-04
| Epoch  12, time= 16.2s | Train: skip eval | Valid: time=  3.2s loss=1.189, TAw acc= 94.5% | lr=1.0e-04
| Epoch  13, time= 16.1s | Train: skip eval | Valid: time=  2.9s loss=1.189, TAw acc= 94.5% | lr=1.0e-04
| Epoch  14, time= 15.1s | Train: skip eval | Valid: time=  3.7s loss=1.190, TAw acc= 94.5% | lr=1.0e-04
| Epoch  15, time= 15.1s | Train: skip eval | Valid: time=  2.9s loss=1.191, TAw acc= 94.5% | lr=1.0e-04
| Epoch  16, time= 15.7s | Train: skip eval | Valid: time=  3.9s loss=1.190, TAw acc= 94.5% | lr=1.0e-04
| Epoch  17, time= 15.7s | Train: skip eval | Valid: time=  2.9s loss=1.191, TAw acc= 94.5% | lr=1.0e-04
| Epoch  18, time= 15.3s | Train: skip eval | Valid: time=  2.8s loss=1.191, TAw acc= 94.4% | lr=1.0e-04
| Epoch  19, time= 16.9s | Train: skip eval | Valid: time=  2.9s loss=1.191, TAw acc= 94.5% | lr=1.0e-04
| Epoch  20, time= 16.6s | Train: skip eval | Valid: time=  3.1s loss=1.191, TAw acc= 94.5% | lr=1.0e-04
| Epoch  21, time= 16.9s | Train: skip eval | Valid: time=  3.7s loss=1.192, TAw acc= 94.5% | lr=1.0e-04
| Epoch  22, time= 18.1s | Train: skip eval | Valid: time=  3.0s loss=1.192, TAw acc= 94.5% | lr=1.0e-04
| Epoch  23, time= 18.0s | Train: skip eval | Valid: time=  3.2s loss=1.192, TAw acc= 94.5% | lr=1.0e-04
| Epoch  24, time= 18.8s | Train: skip eval | Valid: time=  3.0s loss=1.193, TAw acc= 94.4% | lr=1.0e-04
| Epoch  25, time= 15.5s | Train: skip eval | Valid: time=  3.0s loss=1.193, TAw acc= 94.5% | lr=1.0e-04
| Epoch  26, time= 18.6s | Train: skip eval | Valid: time=  3.0s loss=1.193, TAw acc= 94.7% | lr=1.0e-04
| Epoch  27, time= 14.5s | Train: skip eval | Valid: time=  3.1s loss=1.192, TAw acc= 94.7% | lr=1.0e-04
| Epoch  28, time= 14.4s | Train: skip eval | Valid: time=  3.8s loss=1.192, TAw acc= 94.7% | lr=1.0e-04
| Epoch  29, time= 17.6s | Train: skip eval | Valid: time=  3.7s loss=1.192, TAw acc= 94.5% | lr=1.0e-04
| Epoch  30, time= 15.4s | Train: skip eval | Valid: time=  3.5s loss=1.193, TAw acc= 94.5% | lr=1.0e-04
| Epoch  31, time= 17.5s | Train: skip eval | Valid: time=  3.0s loss=1.192, TAw acc= 94.5% | lr=1.0e-04
| Epoch  32, time= 15.6s | Train: skip eval | Valid: time=  3.4s loss=1.192, TAw acc= 94.5% | lr=1.0e-04
| Epoch  33, time= 16.3s | Train: skip eval | Valid: time=  3.0s loss=1.193, TAw acc= 94.5% | lr=1.0e-04
| Epoch  34, time= 14.6s | Train: skip eval | Valid: time=  3.6s loss=1.194, TAw acc= 94.5% | lr=1.0e-04
| Epoch  35, time= 17.6s | Train: skip eval | Valid: time=  3.1s loss=1.195, TAw acc= 94.4% | lr=1.0e-04
| Epoch  36, time= 16.2s | Train: skip eval | Valid: time=  3.5s loss=1.195, TAw acc= 94.4% | lr=1.0e-04
| Epoch  37, time= 14.6s | Train: skip eval | Valid: time=  3.0s loss=1.195, TAw acc= 94.4% | lr=1.0e-04
| Epoch  38, time= 17.7s | Train: skip eval | Valid: time=  3.0s loss=1.196, TAw acc= 94.4% | lr=1.0e-04
| Epoch  39, time= 15.3s | Train: skip eval | Valid: time=  2.9s loss=1.196, TAw acc= 94.4% | lr=1.0e-04
| Epoch  40, time= 15.2s | Train: skip eval | Valid: time=  3.0s loss=1.196, TAw acc= 94.4% | lr=1.0e-04
| Selected 2040 train exemplars, time=  2.3s
------------------------------------------------------------------------------------------------------------
>>> Test on task  0 : loss=1.255 | TAw acc= 95.8%, forg=  1.1% | TAg acc= 76.7%, forg= 20.2% <<<
>>> Test on task  1 : loss=1.464 | TAw acc= 97.7%, forg=  0.7% | TAg acc= 75.3%, forg= 22.4% <<<
>>> Test on task  2 : loss=1.802 | TAw acc= 96.0%, forg=  0.7% | TAg acc= 71.4%, forg= 24.9% <<<
>>> Test on task  3 : loss=1.367 | TAw acc= 97.3%, forg=  0.8% | TAg acc= 81.2%, forg= 16.4% <<<
>>> Test on task  4 : loss=1.419 | TAw acc= 96.4%, forg=  0.2% | TAg acc= 82.4%, forg= 13.5% <<<
>>> Test on task  5 : loss=1.064 | TAw acc= 97.1%, forg=  0.0% | TAg acc= 96.4%, forg=  0.0% <<<
Save at ./results/./results/resnetv2_101x1_bit.goog_in21k/food101/eeil/10
************************************************************************************************************
TAw Acc
	 97.0%   0.0%   0.0%   0.0%   0.0%   0.0%   0.0%   0.0%   0.0%   0.0% 	Avg.: 97.0% 
	 96.3%  98.4%   0.0%   0.0%   0.0%   0.0%   0.0%   0.0%   0.0%   0.0% 	Avg.: 97.4% 
	 96.8%  98.1%  96.7%   0.0%   0.0%   0.0%   0.0%   0.0%   0.0%   0.0% 	Avg.: 97.2% 
	 96.4%  98.3%  96.4%  98.1%   0.0%   0.0%   0.0%   0.0%   0.0%   0.0% 	Avg.: 97.3% 
	 96.0%  97.9%  95.9%  97.5%  96.6%   0.0%   0.0%   0.0%   0.0%   0.0% 	Avg.: 96.8% 
	 95.8%  97.7%  96.0%  97.3%  96.4%  97.1%   0.0%   0.0%   0.0%   0.0% 	Avg.: 96.7% 
	  0.0%   0.0%   0.0%   0.0%   0.0%   0.0%   0.0%   0.0%   0.0%   0.0% 	Avg.:  0.0% 
	  0.0%   0.0%   0.0%   0.0%   0.0%   0.0%   0.0%   0.0%   0.0%   0.0% 	Avg.:  0.0% 
	  0.0%   0.0%   0.0%   0.0%   0.0%   0.0%   0.0%   0.0%   0.0%   0.0% 	Avg.:  0.0% 
	  0.0%   0.0%   0.0%   0.0%   0.0%   0.0%   0.0%   0.0%   0.0%   0.0% 	Avg.:  0.0% 
************************************************************************************************************
TAg Acc
	 97.0%   0.0%   0.0%   0.0%   0.0%   0.0%   0.0%   0.0%   0.0%   0.0% 	Avg.: 97.0% 
	 90.7%  97.7%   0.0%   0.0%   0.0%   0.0%   0.0%   0.0%   0.0%   0.0% 	Avg.: 94.2% 
	 89.0%  91.0%  96.2%   0.0%   0.0%   0.0%   0.0%   0.0%   0.0%   0.0% 	Avg.: 92.1% 
	 85.7%  82.4%  86.8%  97.7%   0.0%   0.0%   0.0%   0.0%   0.0%   0.0% 	Avg.: 88.2% 
	 78.0%  78.9%  74.0%  85.8%  96.0%   0.0%   0.0%   0.0%   0.0%   0.0% 	Avg.: 82.5% 
	 76.7%  75.3%  71.4%  81.2%  82.4%  96.4%   0.0%   0.0%   0.0%   0.0% 	Avg.: 80.6% 
	  0.0%   0.0%   0.0%   0.0%   0.0%   0.0%   0.0%   0.0%   0.0%   0.0% 	Avg.:  0.0% 
	  0.0%   0.0%   0.0%   0.0%   0.0%   0.0%   0.0%   0.0%   0.0%   0.0% 	Avg.:  0.0% 
	  0.0%   0.0%   0.0%   0.0%   0.0%   0.0%   0.0%   0.0%   0.0%   0.0% 	Avg.:  0.0% 
	  0.0%   0.0%   0.0%   0.0%   0.0%   0.0%   0.0%   0.0%   0.0%   0.0% 	Avg.:  0.0% 
************************************************************************************************************
TAw Forg
	  0.0%   0.0%   0.0%   0.0%   0.0%   0.0%   0.0%   0.0%   0.0%   0.0% 
	  0.6%   0.0%   0.0%   0.0%   0.0%   0.0%   0.0%   0.0%   0.0%   0.0% 	Avg.:  0.6% 
	  0.2%   0.3%   0.0%   0.0%   0.0%   0.0%   0.0%   0.0%   0.0%   0.0% 	Avg.:  0.3% 
	  0.6%   0.1%   0.3%   0.0%   0.0%   0.0%   0.0%   0.0%   0.0%   0.0% 	Avg.:  0.3% 
	  1.0%   0.5%   0.8%   0.6%   0.0%   0.0%   0.0%   0.0%   0.0%   0.0% 	Avg.:  0.7% 
	  1.1%   0.7%   0.7%   0.8%   0.2%   0.0%   0.0%   0.0%   0.0%   0.0% 	Avg.:  0.7% 
	  0.0%   0.0%   0.0%   0.0%   0.0%   0.0%   0.0%   0.0%   0.0%   0.0% 	Avg.:  0.0% 
	  0.0%   0.0%   0.0%   0.0%   0.0%   0.0%   0.0%   0.0%   0.0%   0.0% 	Avg.:  0.0% 
	  0.0%   0.0%   0.0%   0.0%   0.0%   0.0%   0.0%   0.0%   0.0%   0.0% 	Avg.:  0.0% 
	  0.0%   0.0%   0.0%   0.0%   0.0%   0.0%   0.0%   0.0%   0.0%   0.0% 	Avg.:  0.0% 
************************************************************************************************************
TAg Forg
	  0.0%   0.0%   0.0%   0.0%   0.0%   0.0%   0.0%   0.0%   0.0%   0.0% 
	  6.2%   0.0%   0.0%   0.0%   0.0%   0.0%   0.0%   0.0%   0.0%   0.0% 	Avg.:  6.2% 
	  8.0%   6.7%   0.0%   0.0%   0.0%   0.0%   0.0%   0.0%   0.0%   0.0% 	Avg.:  7.3% 
	 11.3%  15.3%   9.4%   0.0%   0.0%   0.0%   0.0%   0.0%   0.0%   0.0% 	Avg.: 12.0% 
	 18.9%  18.8%  22.3%  11.9%   0.0%   0.0%   0.0%   0.0%   0.0%   0.0% 	Avg.: 18.0% 
	 20.2%  22.4%  24.9%  16.4%  13.5%   0.0%   0.0%   0.0%   0.0%   0.0% 	Avg.: 19.5% 
	  0.0%   0.0%   0.0%   0.0%   0.0%   0.0%   0.0%   0.0%   0.0%   0.0% 	Avg.:  0.0% 
	  0.0%   0.0%   0.0%   0.0%   0.0%   0.0%   0.0%   0.0%   0.0%   0.0% 	Avg.:  0.0% 
	  0.0%   0.0%   0.0%   0.0%   0.0%   0.0%   0.0%   0.0%   0.0%   0.0% 	Avg.:  0.0% 
	  0.0%   0.0%   0.0%   0.0%   0.0%   0.0%   0.0%   0.0%   0.0%   0.0% 	Avg.:  0.0% 
************************************************************************************************************
[Elapsed time = 1.0 h]
Done!
