START_TASK=2 STOP_TASK=3
============================================================================================================
Arguments =
	approach: lwf
	batch_size: 64
	classes_first_task: None
	clipping: 10000
	crop: 224
	dataset: cifar100
	eval_on_train: False
	experiment_path: None
	fix_bn: False
	freeze_backbone: False
	gpu: 0
	gpus: [0]
	increment: 10
	last_layer_analysis: True
	log: ['disk']
	lr: 0.01
	lr_factor: None
	lr_min: 0.0001
	lr_patience: None
	lr_scheduler: cosine
	lr_warmup_epochs: 0
	momentum: 0.0
	multi_softmax: False
	nepochs: 50
	network: vit_small_patch16_224.augreg_in1k
	no_cudnn_deterministic: False
	normalize: in1k
	num_workers: 2
	optimizer_name: sgd
	pin_memory: False
	pretrained: True
	resize: 224
	results_path: ./results
	save_models: True
	seed: 0
	start_at_task: 2
	start_epoch: 0
	stop_at_task: 3
	stop_epoch: 0
	use_valid_only: False
	warmup_lr_factor: 1.0
	warmup_nepochs: 0
	weight_decay: 0.0
============================================================================================================
Approach arguments =
	T: 2
	lamb: 1.0
============================================================================================================
Exemplars arguments =
============================================================================================================
WARNING: ./results/vit_small_patch16_224.augreg_in1k/cifar100/lwf/10 already exists!
Loaded acc_taw from: ./results/vit_small_patch16_224.augreg_in1k/cifar100/lwf/10/acc_taw-1.txt
Loaded acc_tag from: ./results/vit_small_patch16_224.augreg_in1k/cifar100/lwf/10/acc_tag-1.txt
Loaded forg_taw from: ./results/vit_small_patch16_224.augreg_in1k/cifar100/lwf/10/forg_taw-1.txt
Loaded forg_tag from: ./results/vit_small_patch16_224.augreg_in1k/cifar100/lwf/10/forg_tag-1.txt
************************************************************************************************************
Task  2  [epochs 0-50]
************************************************************************************************************
[params] total:21,677,214  trainable:21,677,214  tensors:156  trainable_tensors:156
| Epoch   1, time= 15.5s | Train: skip eval | Valid: time=  1.2s loss=1.875, TAw acc= 94.2% | * lr=1.0e-02
| Epoch   2, time= 14.9s | Train: skip eval | Valid: time=  1.2s loss=1.894, TAw acc= 92.8% | lr=1.0e-02
| Epoch   3, time= 14.7s | Train: skip eval | Valid: time=  1.2s loss=1.807, TAw acc= 96.0% | * lr=9.9e-03
| Epoch   4, time= 14.9s | Train: skip eval | Valid: time=  1.2s loss=1.809, TAw acc= 96.6% | lr=9.8e-03
| Epoch   5, time= 14.8s | Train: skip eval | Valid: time=  1.2s loss=1.783, TAw acc= 97.0% | * lr=9.8e-03
| Epoch   6, time= 15.0s | Train: skip eval | Valid: time=  1.2s loss=1.809, TAw acc= 97.0% | lr=9.7e-03
| Epoch   7, time= 15.0s | Train: skip eval | Valid: time=  1.2s loss=1.848, TAw acc= 95.0% | lr=9.5e-03
| Epoch   8, time= 15.0s | Train: skip eval | Valid: time=  1.2s loss=1.818, TAw acc= 96.8% | lr=9.4e-03
| Epoch   9, time= 15.0s | Train: skip eval | Valid: time=  1.2s loss=1.884, TAw acc= 93.4% | lr=9.2e-03
| Epoch  10, time= 15.0s | Train: skip eval | Valid: time=  1.2s loss=1.770, TAw acc= 97.8% | * lr=9.1e-03
| Epoch  11, time= 15.1s | Train: skip eval | Valid: time=  1.2s loss=1.780, TAw acc= 97.8% | lr=8.9e-03
| Epoch  12, time= 14.9s | Train: skip eval | Valid: time=  1.2s loss=1.822, TAw acc= 96.0% | lr=8.7e-03
| Epoch  13, time= 15.0s | Train: skip eval | Valid: time=  1.2s loss=1.773, TAw acc= 97.2% | lr=8.4e-03
| Epoch  14, time= 14.9s | Train: skip eval | Valid: time=  1.2s loss=1.767, TAw acc= 97.8% | * lr=8.2e-03
| Epoch  15, time= 15.1s | Train: skip eval | Valid: time=  1.2s loss=1.758, TAw acc= 98.2% | * lr=8.0e-03
| Epoch  16, time= 15.1s | Train: skip eval | Valid: time=  1.2s loss=1.756, TAw acc= 98.0% | * lr=7.7e-03
| Epoch  17, time= 15.0s | Train: skip eval | Valid: time=  1.2s loss=1.763, TAw acc= 97.6% | lr=7.4e-03
| Epoch  18, time= 15.0s | Train: skip eval | Valid: time=  1.2s loss=1.775, TAw acc= 97.6% | lr=7.2e-03
| Epoch  19, time= 14.9s | Train: skip eval | Valid: time=  1.2s loss=1.774, TAw acc= 97.0% | lr=6.9e-03
| Epoch  20, time= 15.1s | Train: skip eval | Valid: time=  1.2s loss=1.779, TAw acc= 96.4% | lr=6.6e-03
| Epoch  21, time= 14.9s | Train: skip eval | Valid: time=  1.2s loss=1.766, TAw acc= 97.0% | lr=6.3e-03
| Epoch  22, time= 15.0s | Train: skip eval | Valid: time=  1.2s loss=1.770, TAw acc= 97.4% | lr=6.0e-03
| Epoch  23, time= 14.9s | Train: skip eval | Valid: time=  1.2s loss=1.759, TAw acc= 97.2% | lr=5.7e-03
| Epoch  24, time= 14.9s | Train: skip eval | Valid: time=  1.2s loss=1.754, TAw acc= 97.4% | * lr=5.4e-03
| Epoch  25, time= 14.9s | Train: skip eval | Valid: time=  1.2s loss=1.756, TAw acc= 97.8% | lr=5.1e-03
| Epoch  26, time= 14.9s | Train: skip eval | Valid: time=  1.2s loss=1.754, TAw acc= 97.6% | lr=4.7e-03
| Epoch  27, time= 14.9s | Train: skip eval | Valid: time=  1.2s loss=1.756, TAw acc= 97.4% | lr=4.4e-03
| Epoch  28, time= 14.9s | Train: skip eval | Valid: time=  1.2s loss=1.758, TAw acc= 97.4% | lr=4.1e-03
| Epoch  29, time= 15.0s | Train: skip eval | Valid: time=  1.2s loss=1.755, TAw acc= 97.4% | lr=3.8e-03
| Epoch  30, time= 14.9s | Train: skip eval | Valid: time=  1.2s loss=1.760, TAw acc= 96.8% | lr=3.5e-03
| Epoch  31, time= 15.0s | Train: skip eval | Valid: time=  1.3s loss=1.751, TAw acc= 98.0% | * lr=3.2e-03
| Epoch  32, time= 15.0s | Train: skip eval | Valid: time=  1.2s loss=1.747, TAw acc= 98.0% | * lr=2.9e-03
| Epoch  33, time= 14.9s | Train: skip eval | Valid: time=  1.2s loss=1.757, TAw acc= 97.6% | lr=2.7e-03
| Epoch  34, time= 14.9s | Train: skip eval | Valid: time=  1.2s loss=1.756, TAw acc= 98.0% | lr=2.4e-03
| Epoch  35, time= 15.1s | Train: skip eval | Valid: time=  1.2s loss=1.755, TAw acc= 97.6% | lr=2.1e-03
| Epoch  36, time= 15.0s | Train: skip eval | Valid: time=  1.2s loss=1.758, TAw acc= 97.4% | lr=1.9e-03
| Epoch  37, time= 15.1s | Train: skip eval | Valid: time=  1.2s loss=1.755, TAw acc= 97.4% | lr=1.7e-03
| Epoch  38, time= 14.9s | Train: skip eval | Valid: time=  1.2s loss=1.751, TAw acc= 97.8% | lr=1.4e-03
| Epoch  39, time= 15.1s | Train: skip eval | Valid: time=  1.2s loss=1.755, TAw acc= 97.2% | lr=1.2e-03
| Epoch  40, time= 15.0s | Train: skip eval | Valid: time=  1.2s loss=1.755, TAw acc= 97.4% | lr=1.0e-03
| Epoch  41, time= 15.0s | Train: skip eval | Valid: time=  1.2s loss=1.751, TAw acc= 97.6% | lr=8.7e-04
| Epoch  42, time= 14.8s | Train: skip eval | Valid: time=  1.2s loss=1.754, TAw acc= 97.4% | lr=7.1e-04
| Epoch  43, time= 14.9s | Train: skip eval | Valid: time=  1.2s loss=1.753, TAw acc= 97.4% | lr=5.7e-04
| Epoch  44, time= 15.0s | Train: skip eval | Valid: time=  1.2s loss=1.751, TAw acc= 97.4% | lr=4.5e-04
| Epoch  45, time= 14.8s | Train: skip eval | Valid: time=  1.2s loss=1.750, TAw acc= 97.4% | lr=3.4e-04
| Epoch  46, time= 15.0s | Train: skip eval | Valid: time=  1.2s loss=1.750, TAw acc= 97.8% | lr=2.6e-04
| Epoch  47, time= 14.8s | Train: skip eval | Valid: time=  1.2s loss=1.750, TAw acc= 97.8% | lr=1.9e-04
| Epoch  48, time= 15.1s | Train: skip eval | Valid: time=  1.2s loss=1.750, TAw acc= 97.8% | lr=1.4e-04
| Epoch  49, time= 15.1s | Train: skip eval | Valid: time=  1.2s loss=1.750, TAw acc= 97.8% | lr=1.1e-04
| Epoch  50, time= 15.1s | Train: skip eval | Valid: time=  1.2s loss=1.750, TAw acc= 97.8% | lr=1.0e-04
------------------------------------------------------------------------------------------------------------
>>> Test on task  0 : loss=0.142 | TAw acc= 95.7%, forg=  0.4% | TAg acc= 87.3%, forg=  8.4% <<<
>>> Test on task  1 : loss=1.407 | TAw acc= 98.4%, forg=  0.0% | TAg acc= 88.1%, forg=  3.8% <<<
>>> Test on task  2 : loss=1.738 | TAw acc= 98.0%, forg=  0.0% | TAg acc= 87.2%, forg=  0.0% <<<
Save at ./results/./results/vit_small_patch16_224.augreg_in1k/cifar100/lwf/10
************************************************************************************************************
TAw Acc
	 95.7%   0.0%   0.0%   0.0%   0.0%   0.0%   0.0%   0.0%   0.0%   0.0% 	Avg.: 95.7% 
	 96.1%  98.4%   0.0%   0.0%   0.0%   0.0%   0.0%   0.0%   0.0%   0.0% 	Avg.: 97.2% 
	 95.7%  98.4%  98.0%   0.0%   0.0%   0.0%   0.0%   0.0%   0.0%   0.0% 	Avg.: 97.4% 
	  0.0%   0.0%   0.0%   0.0%   0.0%   0.0%   0.0%   0.0%   0.0%   0.0% 	Avg.:  0.0% 
	  0.0%   0.0%   0.0%   0.0%   0.0%   0.0%   0.0%   0.0%   0.0%   0.0% 	Avg.:  0.0% 
	  0.0%   0.0%   0.0%   0.0%   0.0%   0.0%   0.0%   0.0%   0.0%   0.0% 	Avg.:  0.0% 
	  0.0%   0.0%   0.0%   0.0%   0.0%   0.0%   0.0%   0.0%   0.0%   0.0% 	Avg.:  0.0% 
	  0.0%   0.0%   0.0%   0.0%   0.0%   0.0%   0.0%   0.0%   0.0%   0.0% 	Avg.:  0.0% 
	  0.0%   0.0%   0.0%   0.0%   0.0%   0.0%   0.0%   0.0%   0.0%   0.0% 	Avg.:  0.0% 
	  0.0%   0.0%   0.0%   0.0%   0.0%   0.0%   0.0%   0.0%   0.0%   0.0% 	Avg.:  0.0% 
************************************************************************************************************
TAg Acc
	 95.7%   0.0%   0.0%   0.0%   0.0%   0.0%   0.0%   0.0%   0.0%   0.0% 	Avg.: 95.7% 
	 89.7%  91.9%   0.0%   0.0%   0.0%   0.0%   0.0%   0.0%   0.0%   0.0% 	Avg.: 90.8% 
	 87.3%  88.1%  87.2%   0.0%   0.0%   0.0%   0.0%   0.0%   0.0%   0.0% 	Avg.: 87.5% 
	  0.0%   0.0%   0.0%   0.0%   0.0%   0.0%   0.0%   0.0%   0.0%   0.0% 	Avg.:  0.0% 
	  0.0%   0.0%   0.0%   0.0%   0.0%   0.0%   0.0%   0.0%   0.0%   0.0% 	Avg.:  0.0% 
	  0.0%   0.0%   0.0%   0.0%   0.0%   0.0%   0.0%   0.0%   0.0%   0.0% 	Avg.:  0.0% 
	  0.0%   0.0%   0.0%   0.0%   0.0%   0.0%   0.0%   0.0%   0.0%   0.0% 	Avg.:  0.0% 
	  0.0%   0.0%   0.0%   0.0%   0.0%   0.0%   0.0%   0.0%   0.0%   0.0% 	Avg.:  0.0% 
	  0.0%   0.0%   0.0%   0.0%   0.0%   0.0%   0.0%   0.0%   0.0%   0.0% 	Avg.:  0.0% 
	  0.0%   0.0%   0.0%   0.0%   0.0%   0.0%   0.0%   0.0%   0.0%   0.0% 	Avg.:  0.0% 
************************************************************************************************************
TAw Forg
	  0.0%   0.0%   0.0%   0.0%   0.0%   0.0%   0.0%   0.0%   0.0%   0.0% 
	 -0.4%   0.0%   0.0%   0.0%   0.0%   0.0%   0.0%   0.0%   0.0%   0.0% 	Avg.: -0.4% 
	  0.4%   0.0%   0.0%   0.0%   0.0%   0.0%   0.0%   0.0%   0.0%   0.0% 	Avg.:  0.2% 
	  0.0%   0.0%   0.0%   0.0%   0.0%   0.0%   0.0%   0.0%   0.0%   0.0% 	Avg.:  0.0% 
	  0.0%   0.0%   0.0%   0.0%   0.0%   0.0%   0.0%   0.0%   0.0%   0.0% 	Avg.:  0.0% 
	  0.0%   0.0%   0.0%   0.0%   0.0%   0.0%   0.0%   0.0%   0.0%   0.0% 	Avg.:  0.0% 
	  0.0%   0.0%   0.0%   0.0%   0.0%   0.0%   0.0%   0.0%   0.0%   0.0% 	Avg.:  0.0% 
	  0.0%   0.0%   0.0%   0.0%   0.0%   0.0%   0.0%   0.0%   0.0%   0.0% 	Avg.:  0.0% 
	  0.0%   0.0%   0.0%   0.0%   0.0%   0.0%   0.0%   0.0%   0.0%   0.0% 	Avg.:  0.0% 
	  0.0%   0.0%   0.0%   0.0%   0.0%   0.0%   0.0%   0.0%   0.0%   0.0% 	Avg.:  0.0% 
************************************************************************************************************
TAg Forg
	  0.0%   0.0%   0.0%   0.0%   0.0%   0.0%   0.0%   0.0%   0.0%   0.0% 
	  6.0%   0.0%   0.0%   0.0%   0.0%   0.0%   0.0%   0.0%   0.0%   0.0% 	Avg.:  6.0% 
	  8.4%   3.8%   0.0%   0.0%   0.0%   0.0%   0.0%   0.0%   0.0%   0.0% 	Avg.:  6.1% 
	  0.0%   0.0%   0.0%   0.0%   0.0%   0.0%   0.0%   0.0%   0.0%   0.0% 	Avg.:  0.0% 
	  0.0%   0.0%   0.0%   0.0%   0.0%   0.0%   0.0%   0.0%   0.0%   0.0% 	Avg.:  0.0% 
	  0.0%   0.0%   0.0%   0.0%   0.0%   0.0%   0.0%   0.0%   0.0%   0.0% 	Avg.:  0.0% 
	  0.0%   0.0%   0.0%   0.0%   0.0%   0.0%   0.0%   0.0%   0.0%   0.0% 	Avg.:  0.0% 
	  0.0%   0.0%   0.0%   0.0%   0.0%   0.0%   0.0%   0.0%   0.0%   0.0% 	Avg.:  0.0% 
	  0.0%   0.0%   0.0%   0.0%   0.0%   0.0%   0.0%   0.0%   0.0%   0.0% 	Avg.:  0.0% 
	  0.0%   0.0%   0.0%   0.0%   0.0%   0.0%   0.0%   0.0%   0.0%   0.0% 	Avg.:  0.0% 
************************************************************************************************************
[Elapsed time = 0.2 h]
Done!
