START_TASK=2 STOP_TASK=3
============================================================================================================
Arguments =
	T: 2
	all_outputs: False
	approach: lwf_v2
	batch_size: 64
	classes_first_task: None
	clipping: 10000
	crop: 224
	dataset: cifar100
	eval_on_train: False
	experiment_path: None
	fix_bn: False
	freeze_backbone: False
	gpu: 0
	increment: 10
	lamb: 1.0
	log: ['disk']
	lr: 0.01
	lr_factor: None
	lr_min: 0.0001
	lr_patience: None
	lr_scheduler: cosine
	lr_warmup_epochs: 0
	momentum: 0.0
	multi_softmax: False
	nepochs: 50
	network: vit_small_patch16_224.augreg_in1k
	no_cudnn_deterministic: False
	normalize: in1k
	num_workers: 2
	optimizer_name: sgd
	pin_memory: False
	pretrained: True
	resize: 224
	results_path: ../results
	save_models: True
	seed: 0
	start_at_task: 2
	stop_at_task: 3
	use_valid_only: False
	warmup_lr_factor: 1.0
	warmup_nepochs: 0
	weight_decay: 0.0
============================================================================================================
Approach arguments =
============================================================================================================
Exemplars dataset arguments =
============================================================================================================
WARNING: ../results/vit_small_patch16_224.augreg_in1k/cifar100/lwf_v2/10 already exists!
Loaded acc_taw from: ../results/vit_small_patch16_224.augreg_in1k/cifar100/lwf_v2/10/acc_taw-1.txt
Loaded acc_tag from: ../results/vit_small_patch16_224.augreg_in1k/cifar100/lwf_v2/10/acc_tag-1.txt
Loaded forg_taw from: ../results/vit_small_patch16_224.augreg_in1k/cifar100/lwf_v2/10/forg_taw-1.txt
Loaded forg_tag from: ../results/vit_small_patch16_224.augreg_in1k/cifar100/lwf_v2/10/forg_tag-1.txt
************************************************************************************************************
Task  2
************************************************************************************************************
| Epoch   1, time= 14.9s | Train: skip eval | Valid: time=  1.2s loss=1.933, TAw acc= 94.4% | * lr=1.0e-02
| Epoch   2, time= 14.6s | Train: skip eval | Valid: time=  1.2s loss=1.879, TAw acc= 95.2% | * lr=1.0e-02
| Epoch   3, time= 14.5s | Train: skip eval | Valid: time=  1.2s loss=1.837, TAw acc= 96.4% | * lr=9.9e-03
| Epoch   4, time= 14.7s | Train: skip eval | Valid: time=  1.2s loss=1.830, TAw acc= 97.0% | * lr=9.8e-03
| Epoch   5, time= 14.5s | Train: skip eval | Valid: time=  1.2s loss=1.805, TAw acc= 97.4% | * lr=9.8e-03
| Epoch   6, time= 14.6s | Train: skip eval | Valid: time=  1.2s loss=1.833, TAw acc= 97.0% | lr=9.7e-03
| Epoch   7, time= 14.5s | Train: skip eval | Valid: time=  1.2s loss=1.861, TAw acc= 95.6% | lr=9.5e-03
| Epoch   8, time= 14.7s | Train: skip eval | Valid: time=  1.2s loss=1.827, TAw acc= 96.6% | lr=9.4e-03
| Epoch   9, time= 14.8s | Train: skip eval | Valid: time=  1.2s loss=1.907, TAw acc= 94.6% | lr=9.2e-03
| Epoch  10, time= 14.6s | Train: skip eval | Valid: time=  1.1s loss=1.795, TAw acc= 97.2% | * lr=9.1e-03
| Epoch  11, time= 14.6s | Train: skip eval | Valid: time=  1.2s loss=1.802, TAw acc= 98.2% | lr=8.9e-03
| Epoch  12, time= 14.8s | Train: skip eval | Valid: time=  1.2s loss=1.819, TAw acc= 97.2% | lr=8.7e-03
| Epoch  13, time= 14.8s | Train: skip eval | Valid: time=  1.2s loss=1.797, TAw acc= 97.8% | lr=8.4e-03
| Epoch  14, time= 14.8s | Train: skip eval | Valid: time=  1.2s loss=1.793, TAw acc= 97.4% | * lr=8.2e-03
| Epoch  15, time= 14.8s | Train: skip eval | Valid: time=  1.2s loss=1.789, TAw acc= 98.2% | * lr=8.0e-03
| Epoch  16, time= 14.6s | Train: skip eval | Valid: time=  1.2s loss=1.786, TAw acc= 98.2% | * lr=7.7e-03
| Epoch  17, time= 14.6s | Train: skip eval | Valid: time=  1.1s loss=1.797, TAw acc= 97.4% | lr=7.4e-03
| Epoch  18, time= 14.8s | Train: skip eval | Valid: time=  1.2s loss=1.802, TAw acc= 97.8% | lr=7.2e-03
| Epoch  19, time= 14.8s | Train: skip eval | Valid: time=  1.2s loss=1.806, TAw acc= 97.4% | lr=6.9e-03
| Epoch  20, time= 14.8s | Train: skip eval | Valid: time=  1.2s loss=1.805, TAw acc= 97.0% | lr=6.6e-03
| Epoch  21, time= 14.6s | Train: skip eval | Valid: time=  1.2s loss=1.785, TAw acc= 97.6% | * lr=6.3e-03
| Epoch  22, time= 14.7s | Train: skip eval | Valid: time=  1.2s loss=1.798, TAw acc= 97.0% | lr=6.0e-03
| Epoch  23, time= 14.7s | Train: skip eval | Valid: time=  1.2s loss=1.781, TAw acc= 98.0% | * lr=5.7e-03
| Epoch  24, time= 14.7s | Train: skip eval | Valid: time=  1.2s loss=1.781, TAw acc= 97.4% | * lr=5.4e-03
| Epoch  25, time= 14.9s | Train: skip eval | Valid: time=  1.2s loss=1.781, TAw acc= 98.0% | lr=5.1e-03
| Epoch  26, time= 14.6s | Train: skip eval | Valid: time=  1.2s loss=1.775, TAw acc= 98.2% | * lr=4.7e-03
| Epoch  27, time= 14.8s | Train: skip eval | Valid: time=  1.2s loss=1.778, TAw acc= 98.2% | lr=4.4e-03
| Epoch  28, time= 14.8s | Train: skip eval | Valid: time=  1.2s loss=1.782, TAw acc= 97.4% | lr=4.1e-03
| Epoch  29, time= 14.7s | Train: skip eval | Valid: time=  1.1s loss=1.780, TAw acc= 97.8% | lr=3.8e-03
| Epoch  30, time= 14.7s | Train: skip eval | Valid: time=  1.2s loss=1.782, TAw acc= 97.6% | lr=3.5e-03
| Epoch  31, time= 14.7s | Train: skip eval | Valid: time=  1.2s loss=1.776, TAw acc= 98.2% | lr=3.2e-03
| Epoch  32, time= 14.7s | Train: skip eval | Valid: time=  1.2s loss=1.774, TAw acc= 98.2% | * lr=2.9e-03
| Epoch  33, time= 14.8s | Train: skip eval | Valid: time=  1.2s loss=1.780, TAw acc= 97.4% | lr=2.7e-03
| Epoch  34, time= 14.7s | Train: skip eval | Valid: time=  1.2s loss=1.780, TAw acc= 97.8% | lr=2.4e-03
| Epoch  35, time= 14.7s | Train: skip eval | Valid: time=  1.2s loss=1.778, TAw acc= 97.8% | lr=2.1e-03
| Epoch  36, time= 14.8s | Train: skip eval | Valid: time=  1.2s loss=1.783, TAw acc= 98.0% | lr=1.9e-03
| Epoch  37, time= 14.8s | Train: skip eval | Valid: time=  1.2s loss=1.778, TAw acc= 98.0% | lr=1.7e-03
| Epoch  38, time= 14.7s | Train: skip eval | Valid: time=  1.2s loss=1.776, TAw acc= 98.2% | lr=1.4e-03
| Epoch  39, time= 14.6s | Train: skip eval | Valid: time=  1.1s loss=1.778, TAw acc= 97.8% | lr=1.2e-03
| Epoch  40, time= 14.7s | Train: skip eval | Valid: time=  1.2s loss=1.778, TAw acc= 97.6% | lr=1.0e-03
| Epoch  41, time= 14.6s | Train: skip eval | Valid: time=  1.2s loss=1.773, TAw acc= 98.2% | * lr=8.7e-04
| Epoch  42, time= 14.8s | Train: skip eval | Valid: time=  1.2s loss=1.776, TAw acc= 97.8% | lr=7.1e-04
| Epoch  43, time= 14.6s | Train: skip eval | Valid: time=  1.2s loss=1.776, TAw acc= 98.0% | lr=5.7e-04
| Epoch  44, time= 14.6s | Train: skip eval | Valid: time=  1.2s loss=1.774, TAw acc= 98.2% | lr=4.5e-04
| Epoch  45, time= 14.8s | Train: skip eval | Valid: time=  1.2s loss=1.774, TAw acc= 98.0% | lr=3.4e-04
| Epoch  46, time= 14.8s | Train: skip eval | Valid: time=  1.1s loss=1.773, TAw acc= 98.2% | * lr=2.6e-04
| Epoch  47, time= 14.8s | Train: skip eval | Valid: time=  1.2s loss=1.773, TAw acc= 98.2% | * lr=1.9e-04
| Epoch  48, time= 14.6s | Train: skip eval | Valid: time=  1.2s loss=1.773, TAw acc= 98.2% | lr=1.4e-04
| Epoch  49, time= 14.7s | Train: skip eval | Valid: time=  1.2s loss=1.773, TAw acc= 98.2% | lr=1.1e-04
| Epoch  50, time= 14.6s | Train: skip eval | Valid: time=  1.2s loss=1.773, TAw acc= 98.2% | lr=1.0e-04
------------------------------------------------------------------------------------------------------------
>>> Test on task  0 : loss=0.146 | TAw acc= 95.7%, forg=  0.3%| TAg acc= 88.3%, forg=  7.7% <<<
>>> Test on task  1 : loss=1.454 | TAw acc= 98.7%, forg= -0.1%| TAg acc= 87.6%, forg=  4.5% <<<
>>> Test on task  2 : loss=1.761 | TAw acc= 98.5%, forg=  0.0%| TAg acc= 88.4%, forg=  0.0% <<<
Save at ../results/../results/vit_small_patch16_224.augreg_in1k/cifar100/lwf_v2/10
************************************************************************************************************
TAw Acc
	 96.0%   0.0%   0.0%   0.0%   0.0%   0.0%   0.0%   0.0%   0.0%   0.0% 	Avg.: 96.0% 
	 95.9%  98.6%   0.0%   0.0%   0.0%   0.0%   0.0%   0.0%   0.0%   0.0% 	Avg.: 97.2% 
	 95.7%  98.7%  98.5%   0.0%   0.0%   0.0%   0.0%   0.0%   0.0%   0.0% 	Avg.: 97.6% 
	  0.0%   0.0%   0.0%   0.0%   0.0%   0.0%   0.0%   0.0%   0.0%   0.0% 	Avg.:  0.0% 
	  0.0%   0.0%   0.0%   0.0%   0.0%   0.0%   0.0%   0.0%   0.0%   0.0% 	Avg.:  0.0% 
	  0.0%   0.0%   0.0%   0.0%   0.0%   0.0%   0.0%   0.0%   0.0%   0.0% 	Avg.:  0.0% 
	  0.0%   0.0%   0.0%   0.0%   0.0%   0.0%   0.0%   0.0%   0.0%   0.0% 	Avg.:  0.0% 
	  0.0%   0.0%   0.0%   0.0%   0.0%   0.0%   0.0%   0.0%   0.0%   0.0% 	Avg.:  0.0% 
	  0.0%   0.0%   0.0%   0.0%   0.0%   0.0%   0.0%   0.0%   0.0%   0.0% 	Avg.:  0.0% 
	  0.0%   0.0%   0.0%   0.0%   0.0%   0.0%   0.0%   0.0%   0.0%   0.0% 	Avg.:  0.0% 
************************************************************************************************************
TAg Acc
	 96.0%   0.0%   0.0%   0.0%   0.0%   0.0%   0.0%   0.0%   0.0%   0.0% 	Avg.: 96.0% 
	 90.5%  92.1%   0.0%   0.0%   0.0%   0.0%   0.0%   0.0%   0.0%   0.0% 	Avg.: 91.3% 
	 88.3%  87.6%  88.4%   0.0%   0.0%   0.0%   0.0%   0.0%   0.0%   0.0% 	Avg.: 88.1% 
	  0.0%   0.0%   0.0%   0.0%   0.0%   0.0%   0.0%   0.0%   0.0%   0.0% 	Avg.:  0.0% 
	  0.0%   0.0%   0.0%   0.0%   0.0%   0.0%   0.0%   0.0%   0.0%   0.0% 	Avg.:  0.0% 
	  0.0%   0.0%   0.0%   0.0%   0.0%   0.0%   0.0%   0.0%   0.0%   0.0% 	Avg.:  0.0% 
	  0.0%   0.0%   0.0%   0.0%   0.0%   0.0%   0.0%   0.0%   0.0%   0.0% 	Avg.:  0.0% 
	  0.0%   0.0%   0.0%   0.0%   0.0%   0.0%   0.0%   0.0%   0.0%   0.0% 	Avg.:  0.0% 
	  0.0%   0.0%   0.0%   0.0%   0.0%   0.0%   0.0%   0.0%   0.0%   0.0% 	Avg.:  0.0% 
	  0.0%   0.0%   0.0%   0.0%   0.0%   0.0%   0.0%   0.0%   0.0%   0.0% 	Avg.:  0.0% 
************************************************************************************************************
TAw Forg
	  0.0%   0.0%   0.0%   0.0%   0.0%   0.0%   0.0%   0.0%   0.0%   0.0% 
	  0.1%   0.0%   0.0%   0.0%   0.0%   0.0%   0.0%   0.0%   0.0%   0.0% 	Avg.:  0.1% 
	  0.3%  -0.1%   0.0%   0.0%   0.0%   0.0%   0.0%   0.0%   0.0%   0.0% 	Avg.:  0.1% 
	  0.0%   0.0%   0.0%   0.0%   0.0%   0.0%   0.0%   0.0%   0.0%   0.0% 	Avg.:  0.0% 
	  0.0%   0.0%   0.0%   0.0%   0.0%   0.0%   0.0%   0.0%   0.0%   0.0% 	Avg.:  0.0% 
	  0.0%   0.0%   0.0%   0.0%   0.0%   0.0%   0.0%   0.0%   0.0%   0.0% 	Avg.:  0.0% 
	  0.0%   0.0%   0.0%   0.0%   0.0%   0.0%   0.0%   0.0%   0.0%   0.0% 	Avg.:  0.0% 
	  0.0%   0.0%   0.0%   0.0%   0.0%   0.0%   0.0%   0.0%   0.0%   0.0% 	Avg.:  0.0% 
	  0.0%   0.0%   0.0%   0.0%   0.0%   0.0%   0.0%   0.0%   0.0%   0.0% 	Avg.:  0.0% 
	  0.0%   0.0%   0.0%   0.0%   0.0%   0.0%   0.0%   0.0%   0.0%   0.0% 	Avg.:  0.0% 
************************************************************************************************************
TAg Forg
	  0.0%   0.0%   0.0%   0.0%   0.0%   0.0%   0.0%   0.0%   0.0%   0.0% 
	  5.5%   0.0%   0.0%   0.0%   0.0%   0.0%   0.0%   0.0%   0.0%   0.0% 	Avg.:  5.5% 
	  7.7%   4.5%   0.0%   0.0%   0.0%   0.0%   0.0%   0.0%   0.0%   0.0% 	Avg.:  6.1% 
	  0.0%   0.0%   0.0%   0.0%   0.0%   0.0%   0.0%   0.0%   0.0%   0.0% 	Avg.:  0.0% 
	  0.0%   0.0%   0.0%   0.0%   0.0%   0.0%   0.0%   0.0%   0.0%   0.0% 	Avg.:  0.0% 
	  0.0%   0.0%   0.0%   0.0%   0.0%   0.0%   0.0%   0.0%   0.0%   0.0% 	Avg.:  0.0% 
	  0.0%   0.0%   0.0%   0.0%   0.0%   0.0%   0.0%   0.0%   0.0%   0.0% 	Avg.:  0.0% 
	  0.0%   0.0%   0.0%   0.0%   0.0%   0.0%   0.0%   0.0%   0.0%   0.0% 	Avg.:  0.0% 
	  0.0%   0.0%   0.0%   0.0%   0.0%   0.0%   0.0%   0.0%   0.0%   0.0% 	Avg.:  0.0% 
	  0.0%   0.0%   0.0%   0.0%   0.0%   0.0%   0.0%   0.0%   0.0%   0.0% 	Avg.:  0.0% 
************************************************************************************************************
[Elapsed time = 0.2 h]
Done!
