START_TASK=4 STOP_TASK=5
============================================================================================================
Arguments =
	approach: lwf
	batch_size: 64
	classes_first_task: None
	clipping: 10000
	crop: 224
	dataset: cifar100
	eval_on_train: False
	experiment_path: None
	fix_bn: False
	freeze_backbone: False
	gpu: 0
	gpus: [0]
	increment: 10
	last_layer_analysis: True
	log: ['disk']
	lr: 0.01
	lr_factor: None
	lr_min: 0.0001
	lr_patience: None
	lr_scheduler: cosine
	lr_warmup_epochs: 0
	momentum: 0.0
	multi_softmax: False
	nepochs: 50
	network: vit_small_patch16_224.augreg_in1k
	no_cudnn_deterministic: False
	normalize: in1k
	num_workers: 2
	optimizer_name: sgd
	pin_memory: False
	pretrained: True
	resize: 224
	results_path: ./results
	save_models: True
	seed: 0
	start_at_task: 4
	start_epoch: 0
	stop_at_task: 5
	stop_epoch: 0
	use_valid_only: False
	warmup_lr_factor: 1.0
	warmup_nepochs: 0
	weight_decay: 0.0
============================================================================================================
Approach arguments =
	T: 2
	lamb: 1.0
============================================================================================================
Exemplars arguments =
============================================================================================================
WARNING: ./results/vit_small_patch16_224.augreg_in1k/cifar100/lwf/10 already exists!
Loaded acc_taw from: ./results/vit_small_patch16_224.augreg_in1k/cifar100/lwf/10/acc_taw-3.txt
Loaded acc_tag from: ./results/vit_small_patch16_224.augreg_in1k/cifar100/lwf/10/acc_tag-3.txt
Loaded forg_taw from: ./results/vit_small_patch16_224.augreg_in1k/cifar100/lwf/10/forg_taw-3.txt
Loaded forg_tag from: ./results/vit_small_patch16_224.augreg_in1k/cifar100/lwf/10/forg_tag-3.txt
************************************************************************************************************
Task  4  [epochs 0-50]
************************************************************************************************************
[params] total:21,684,914  trainable:21,684,914  tensors:160  trainable_tensors:160
| Epoch   1, time= 15.4s | Train: skip eval | Valid: time=  1.3s loss=2.419, TAw acc= 98.0% | * lr=1.0e-02
| Epoch   2, time= 15.0s | Train: skip eval | Valid: time=  1.2s loss=2.450, TAw acc= 95.6% | lr=1.0e-02
| Epoch   3, time= 14.9s | Train: skip eval | Valid: time=  1.1s loss=2.417, TAw acc= 97.8% | * lr=9.9e-03
| Epoch   4, time= 14.7s | Train: skip eval | Valid: time=  1.2s loss=2.400, TAw acc= 97.2% | * lr=9.8e-03
| Epoch   5, time= 14.8s | Train: skip eval | Valid: time=  1.2s loss=2.377, TAw acc= 98.0% | * lr=9.8e-03
| Epoch   6, time= 14.8s | Train: skip eval | Valid: time=  1.2s loss=2.364, TAw acc= 98.2% | * lr=9.7e-03
| Epoch   7, time= 14.8s | Train: skip eval | Valid: time=  1.2s loss=2.379, TAw acc= 98.8% | lr=9.5e-03
| Epoch   8, time= 14.8s | Train: skip eval | Valid: time=  1.1s loss=2.383, TAw acc= 98.2% | lr=9.4e-03
| Epoch   9, time= 14.9s | Train: skip eval | Valid: time=  1.2s loss=2.385, TAw acc= 97.8% | lr=9.2e-03
| Epoch  10, time= 14.8s | Train: skip eval | Valid: time=  1.2s loss=2.367, TAw acc= 98.0% | lr=9.1e-03
| Epoch  11, time= 14.8s | Train: skip eval | Valid: time=  1.1s loss=2.400, TAw acc= 98.4% | lr=8.9e-03
| Epoch  12, time= 14.8s | Train: skip eval | Valid: time=  1.2s loss=2.369, TAw acc= 98.6% | lr=8.7e-03
| Epoch  13, time= 15.0s | Train: skip eval | Valid: time=  1.2s loss=2.375, TAw acc= 98.8% | lr=8.4e-03
| Epoch  14, time= 14.8s | Train: skip eval | Valid: time=  1.2s loss=2.374, TAw acc= 98.4% | lr=8.2e-03
| Epoch  15, time= 14.8s | Train: skip eval | Valid: time=  1.2s loss=2.366, TAw acc= 98.0% | lr=8.0e-03
| Epoch  16, time= 14.8s | Train: skip eval | Valid: time=  1.2s loss=2.362, TAw acc= 98.6% | * lr=7.7e-03
| Epoch  17, time= 14.9s | Train: skip eval | Valid: time=  1.2s loss=2.351, TAw acc= 98.8% | * lr=7.4e-03
| Epoch  18, time= 14.9s | Train: skip eval | Valid: time=  1.2s loss=2.364, TAw acc= 98.0% | lr=7.2e-03
| Epoch  19, time= 14.9s | Train: skip eval | Valid: time=  1.2s loss=2.349, TAw acc= 98.8% | * lr=6.9e-03
| Epoch  20, time= 14.8s | Train: skip eval | Valid: time=  1.3s loss=2.349, TAw acc= 98.8% | * lr=6.6e-03
| Epoch  21, time= 15.4s | Train: skip eval | Valid: time=  1.6s loss=2.351, TAw acc= 98.8% | lr=6.3e-03
| Epoch  22, time= 15.2s | Train: skip eval | Valid: time=  1.2s loss=2.369, TAw acc= 98.6% | lr=6.0e-03
| Epoch  23, time= 15.0s | Train: skip eval | Valid: time=  1.3s loss=2.350, TAw acc= 99.0% | lr=5.7e-03
| Epoch  24, time= 15.0s | Train: skip eval | Valid: time=  1.2s loss=2.345, TAw acc= 99.2% | * lr=5.4e-03
| Epoch  25, time= 15.1s | Train: skip eval | Valid: time=  1.2s loss=2.345, TAw acc= 98.8% | * lr=5.1e-03
| Epoch  26, time= 14.8s | Train: skip eval | Valid: time=  1.2s loss=2.342, TAw acc= 99.0% | * lr=4.7e-03
| Epoch  27, time= 14.9s | Train: skip eval | Valid: time=  1.2s loss=2.347, TAw acc= 99.0% | lr=4.4e-03
| Epoch  28, time= 15.1s | Train: skip eval | Valid: time=  1.2s loss=2.344, TAw acc= 99.0% | lr=4.1e-03
| Epoch  29, time= 15.1s | Train: skip eval | Valid: time=  1.2s loss=2.345, TAw acc= 98.8% | lr=3.8e-03
| Epoch  30, time= 15.0s | Train: skip eval | Valid: time=  1.2s loss=2.339, TAw acc= 99.2% | * lr=3.5e-03
| Epoch  31, time= 15.1s | Train: skip eval | Valid: time=  1.2s loss=2.343, TAw acc= 98.6% | lr=3.2e-03
| Epoch  32, time= 15.0s | Train: skip eval | Valid: time=  1.3s loss=2.342, TAw acc= 99.0% | lr=2.9e-03
| Epoch  33, time= 15.1s | Train: skip eval | Valid: time=  1.2s loss=2.344, TAw acc= 99.0% | lr=2.7e-03
| Epoch  34, time= 15.0s | Train: skip eval | Valid: time=  1.2s loss=2.340, TAw acc= 98.8% | lr=2.4e-03
| Epoch  35, time= 14.9s | Train: skip eval | Valid: time=  1.2s loss=2.339, TAw acc= 99.2% | * lr=2.1e-03
| Epoch  36, time= 15.0s | Train: skip eval | Valid: time=  1.2s loss=2.338, TAw acc= 99.2% | * lr=1.9e-03
| Epoch  37, time= 15.1s | Train: skip eval | Valid: time=  1.2s loss=2.344, TAw acc= 99.0% | lr=1.7e-03
| Epoch  38, time= 15.0s | Train: skip eval | Valid: time=  1.2s loss=2.342, TAw acc= 99.0% | lr=1.4e-03
| Epoch  39, time= 14.9s | Train: skip eval | Valid: time=  1.2s loss=2.341, TAw acc= 99.0% | lr=1.2e-03
| Epoch  40, time= 14.9s | Train: skip eval | Valid: time=  1.3s loss=2.340, TAw acc= 99.0% | lr=1.0e-03
| Epoch  41, time= 14.9s | Train: skip eval | Valid: time=  1.2s loss=2.341, TAw acc= 99.2% | lr=8.7e-04
| Epoch  42, time= 15.1s | Train: skip eval | Valid: time=  1.2s loss=2.340, TAw acc= 99.2% | lr=7.1e-04
| Epoch  43, time= 15.1s | Train: skip eval | Valid: time=  1.2s loss=2.341, TAw acc= 99.2% | lr=5.7e-04
| Epoch  44, time= 14.9s | Train: skip eval | Valid: time=  1.2s loss=2.340, TAw acc= 99.2% | lr=4.5e-04
| Epoch  45, time= 15.0s | Train: skip eval | Valid: time=  1.2s loss=2.342, TAw acc= 99.2% | lr=3.4e-04
| Epoch  46, time= 15.1s | Train: skip eval | Valid: time=  1.2s loss=2.341, TAw acc= 99.2% | lr=2.6e-04
| Epoch  47, time= 14.9s | Train: skip eval | Valid: time=  1.2s loss=2.340, TAw acc= 99.2% | lr=1.9e-04
| Epoch  48, time= 15.0s | Train: skip eval | Valid: time=  1.2s loss=2.341, TAw acc= 99.2% | lr=1.4e-04
| Epoch  49, time= 15.1s | Train: skip eval | Valid: time=  1.3s loss=2.341, TAw acc= 99.2% | lr=1.1e-04
| Epoch  50, time= 14.9s | Train: skip eval | Valid: time=  1.2s loss=2.341, TAw acc= 99.2% | lr=1.0e-04
------------------------------------------------------------------------------------------------------------
>>> Test on task  0 : loss=0.149 | TAw acc= 95.7%, forg=  0.4% | TAg acc= 83.3%, forg= 12.4% <<<
>>> Test on task  1 : loss=1.319 | TAw acc= 98.6%, forg=  0.1% | TAg acc= 83.1%, forg=  8.8% <<<
>>> Test on task  2 : loss=1.655 | TAw acc= 97.5%, forg=  0.5% | TAg acc= 83.8%, forg=  3.4% <<<
>>> Test on task  3 : loss=2.234 | TAw acc= 94.9%, forg= -0.5% | TAg acc= 76.7%, forg=  3.1% <<<
>>> Test on task  4 : loss=2.430 | TAw acc= 97.5%, forg=  0.0% | TAg acc= 84.0%, forg=  0.0% <<<
Save at ./results/./results/vit_small_patch16_224.augreg_in1k/cifar100/lwf/10
************************************************************************************************************
TAw Acc
	 95.7%   0.0%   0.0%   0.0%   0.0%   0.0%   0.0%   0.0%   0.0%   0.0% 	Avg.: 95.7% 
	 96.1%  98.4%   0.0%   0.0%   0.0%   0.0%   0.0%   0.0%   0.0%   0.0% 	Avg.: 97.2% 
	 95.7%  98.4%  98.0%   0.0%   0.0%   0.0%   0.0%   0.0%   0.0%   0.0% 	Avg.: 97.4% 
	 95.5%  98.7%  97.4%  94.4%   0.0%   0.0%   0.0%   0.0%   0.0%   0.0% 	Avg.: 96.5% 
	 95.7%  98.6%  97.5%  94.9%  97.5%   0.0%   0.0%   0.0%   0.0%   0.0% 	Avg.: 96.8% 
	  0.0%   0.0%   0.0%   0.0%   0.0%   0.0%   0.0%   0.0%   0.0%   0.0% 	Avg.:  0.0% 
	  0.0%   0.0%   0.0%   0.0%   0.0%   0.0%   0.0%   0.0%   0.0%   0.0% 	Avg.:  0.0% 
	  0.0%   0.0%   0.0%   0.0%   0.0%   0.0%   0.0%   0.0%   0.0%   0.0% 	Avg.:  0.0% 
	  0.0%   0.0%   0.0%   0.0%   0.0%   0.0%   0.0%   0.0%   0.0%   0.0% 	Avg.:  0.0% 
	  0.0%   0.0%   0.0%   0.0%   0.0%   0.0%   0.0%   0.0%   0.0%   0.0% 	Avg.:  0.0% 
************************************************************************************************************
TAg Acc
	 95.7%   0.0%   0.0%   0.0%   0.0%   0.0%   0.0%   0.0%   0.0%   0.0% 	Avg.: 95.7% 
	 89.7%  91.9%   0.0%   0.0%   0.0%   0.0%   0.0%   0.0%   0.0%   0.0% 	Avg.: 90.8% 
	 87.3%  88.1%  87.2%   0.0%   0.0%   0.0%   0.0%   0.0%   0.0%   0.0% 	Avg.: 87.5% 
	 85.6%  84.9%  84.7%  79.8%   0.0%   0.0%   0.0%   0.0%   0.0%   0.0% 	Avg.: 83.8% 
	 83.3%  83.1%  83.8%  76.7%  84.0%   0.0%   0.0%   0.0%   0.0%   0.0% 	Avg.: 82.2% 
	  0.0%   0.0%   0.0%   0.0%   0.0%   0.0%   0.0%   0.0%   0.0%   0.0% 	Avg.:  0.0% 
	  0.0%   0.0%   0.0%   0.0%   0.0%   0.0%   0.0%   0.0%   0.0%   0.0% 	Avg.:  0.0% 
	  0.0%   0.0%   0.0%   0.0%   0.0%   0.0%   0.0%   0.0%   0.0%   0.0% 	Avg.:  0.0% 
	  0.0%   0.0%   0.0%   0.0%   0.0%   0.0%   0.0%   0.0%   0.0%   0.0% 	Avg.:  0.0% 
	  0.0%   0.0%   0.0%   0.0%   0.0%   0.0%   0.0%   0.0%   0.0%   0.0% 	Avg.:  0.0% 
************************************************************************************************************
TAw Forg
	  0.0%   0.0%   0.0%   0.0%   0.0%   0.0%   0.0%   0.0%   0.0%   0.0% 
	 -0.4%   0.0%   0.0%   0.0%   0.0%   0.0%   0.0%   0.0%   0.0%   0.0% 	Avg.: -0.4% 
	  0.4%   0.0%   0.0%   0.0%   0.0%   0.0%   0.0%   0.0%   0.0%   0.0% 	Avg.:  0.2% 
	  0.6%  -0.3%   0.6%   0.0%   0.0%   0.0%   0.0%   0.0%   0.0%   0.0% 	Avg.:  0.3% 
	  0.4%   0.1%   0.5%  -0.5%   0.0%   0.0%   0.0%   0.0%   0.0%   0.0% 	Avg.:  0.1% 
	  0.0%   0.0%   0.0%   0.0%   0.0%   0.0%   0.0%   0.0%   0.0%   0.0% 	Avg.:  0.0% 
	  0.0%   0.0%   0.0%   0.0%   0.0%   0.0%   0.0%   0.0%   0.0%   0.0% 	Avg.:  0.0% 
	  0.0%   0.0%   0.0%   0.0%   0.0%   0.0%   0.0%   0.0%   0.0%   0.0% 	Avg.:  0.0% 
	  0.0%   0.0%   0.0%   0.0%   0.0%   0.0%   0.0%   0.0%   0.0%   0.0% 	Avg.:  0.0% 
	  0.0%   0.0%   0.0%   0.0%   0.0%   0.0%   0.0%   0.0%   0.0%   0.0% 	Avg.:  0.0% 
************************************************************************************************************
TAg Forg
	  0.0%   0.0%   0.0%   0.0%   0.0%   0.0%   0.0%   0.0%   0.0%   0.0% 
	  6.0%   0.0%   0.0%   0.0%   0.0%   0.0%   0.0%   0.0%   0.0%   0.0% 	Avg.:  6.0% 
	  8.4%   3.8%   0.0%   0.0%   0.0%   0.0%   0.0%   0.0%   0.0%   0.0% 	Avg.:  6.1% 
	 10.1%   7.0%   2.5%   0.0%   0.0%   0.0%   0.0%   0.0%   0.0%   0.0% 	Avg.:  6.5% 
	 12.4%   8.8%   3.4%   3.1%   0.0%   0.0%   0.0%   0.0%   0.0%   0.0% 	Avg.:  6.9% 
	  0.0%   0.0%   0.0%   0.0%   0.0%   0.0%   0.0%   0.0%   0.0%   0.0% 	Avg.:  0.0% 
	  0.0%   0.0%   0.0%   0.0%   0.0%   0.0%   0.0%   0.0%   0.0%   0.0% 	Avg.:  0.0% 
	  0.0%   0.0%   0.0%   0.0%   0.0%   0.0%   0.0%   0.0%   0.0%   0.0% 	Avg.:  0.0% 
	  0.0%   0.0%   0.0%   0.0%   0.0%   0.0%   0.0%   0.0%   0.0%   0.0% 	Avg.:  0.0% 
	  0.0%   0.0%   0.0%   0.0%   0.0%   0.0%   0.0%   0.0%   0.0%   0.0% 	Avg.:  0.0% 
************************************************************************************************************
[Elapsed time = 0.2 h]
Done!
