START_TASK=0 STOP_TASK=1
============================================================================================================
Arguments =
	approach: replay
	batch_size: 64
	classes_first_task: None
	clipping: 10000
	crop: 224
	data_path: ../data/food101
	dataset: food101
	eval_on_train: False
	experiment_path: None
	fix_bn: False
	freeze_backbone: False
	gpu: 0
	gpus: [0]
	increment: 10
	last_layer_analysis: False
	log: ['disk']
	lr: 0.01
	lr_factor: None
	lr_min: 0.0001
	lr_patience: None
	lr_scheduler: cosine
	lr_warmup_epochs: 0
	momentum: 0.0
	multi_softmax: False
	nepochs: 70
	network: vit_small_patch16_224.augreg_in1k
	no_cudnn_deterministic: False
	normalize: in1k
	num_workers: 2
	optimizer_name: sgd
	pin_memory: False
	pretrained: True
	resize: 224
	results_path: ./results
	save_models: True
	seed: 0
	start_at_task: 0
	start_epoch: 0
	stop_at_task: 1
	stop_epoch: 0
	use_valid_only: False
	warmup_lr_factor: 1.0
	warmup_nepochs: 0
	weight_decay: 0.0
============================================================================================================
Approach arguments =
============================================================================================================
Exemplars arguments =
	exemplar_selection: random
	num_exemplars: 2000
============================================================================================================
************************************************************************************************************
Task  0  [epochs 0-70]
************************************************************************************************************
[params] total:21,669,514  trainable:21,669,514  tensors:152  trainable_tensors:152
| Epoch   1, time= 25.3s | Train: skip eval | Valid: time=  2.6s loss=0.755, TAw acc= 72.8% | * lr=1.0e-02
| Epoch   2, time= 24.6s | Train: skip eval | Valid: time=  2.3s loss=0.360, TAw acc= 87.7% | * lr=1.0e-02
| Epoch   3, time= 24.7s | Train: skip eval | Valid: time=  2.3s loss=0.352, TAw acc= 87.7% | * lr=1.0e-02
| Epoch   4, time= 24.1s | Train: skip eval | Valid: time=  3.2s loss=0.340, TAw acc= 87.7% | * lr=9.9e-03
| Epoch   5, time= 23.2s | Train: skip eval | Valid: time=  2.3s loss=0.315, TAw acc= 89.5% | * lr=9.9e-03
| Epoch   6, time= 22.8s | Train: skip eval | Valid: time=  2.3s loss=0.313, TAw acc= 89.2% | * lr=9.8e-03
| Epoch   7, time= 25.5s | Train: skip eval | Valid: time=  2.3s loss=0.333, TAw acc= 89.7% | lr=9.8e-03
| Epoch   8, time= 25.6s | Train: skip eval | Valid: time=  2.9s loss=0.374, TAw acc= 88.0% | lr=9.7e-03
| Epoch   9, time= 25.6s | Train: skip eval | Valid: time=  2.4s loss=0.306, TAw acc= 89.6% | * lr=9.6e-03
| Epoch  10, time= 28.4s | Train: skip eval | Valid: time=  2.7s loss=0.307, TAw acc= 88.9% | lr=9.5e-03
| Epoch  11, time= 26.4s | Train: skip eval | Valid: time=  2.9s loss=0.289, TAw acc= 90.0% | * lr=9.4e-03
| Epoch  12, time= 24.8s | Train: skip eval | Valid: time=  2.6s loss=0.483, TAw acc= 87.6% | lr=9.3e-03
| Epoch  13, time= 24.4s | Train: skip eval | Valid: time=  2.3s loss=0.305, TAw acc= 90.4% | lr=9.2e-03
| Epoch  14, time= 24.8s | Train: skip eval | Valid: time=  3.3s loss=0.277, TAw acc= 91.2% | * lr=9.1e-03
| Epoch  15, time= 25.7s | Train: skip eval | Valid: time=  2.4s loss=0.260, TAw acc= 92.3% | * lr=8.9e-03
| Epoch  16, time= 24.4s | Train: skip eval | Valid: time=  2.5s loss=0.273, TAw acc= 91.7% | lr=8.8e-03
| Epoch  17, time= 26.1s | Train: skip eval | Valid: time=  2.3s loss=0.282, TAw acc= 91.1% | lr=8.6e-03
| Epoch  18, time= 24.2s | Train: skip eval | Valid: time=  3.2s loss=0.236, TAw acc= 92.7% | * lr=8.5e-03
| Epoch  19, time= 29.1s | Train: skip eval | Valid: time=  2.4s loss=0.288, TAw acc= 91.9% | lr=8.3e-03
| Epoch  20, time= 24.5s | Train: skip eval | Valid: time=  2.2s loss=0.251, TAw acc= 92.0% | lr=8.1e-03
| Epoch  21, time= 23.8s | Train: skip eval | Valid: time=  2.3s loss=0.275, TAw acc= 90.7% | lr=8.0e-03
| Epoch  22, time= 24.5s | Train: skip eval | Valid: time=  2.3s loss=0.262, TAw acc= 91.1% | lr=7.8e-03
| Epoch  23, time= 23.3s | Train: skip eval | Valid: time=  3.1s loss=0.240, TAw acc= 92.1% | lr=7.6e-03
| Epoch  24, time= 25.1s | Train: skip eval | Valid: time=  2.2s loss=0.247, TAw acc= 91.9% | lr=7.4e-03
| Epoch  25, time= 23.3s | Train: skip eval | Valid: time=  2.4s loss=0.238, TAw acc= 92.0% | lr=7.2e-03
| Epoch  26, time= 26.5s | Train: skip eval | Valid: time=  3.1s loss=0.297, TAw acc= 91.2% | lr=7.0e-03
| Epoch  27, time= 23.9s | Train: skip eval | Valid: time=  2.3s loss=0.273, TAw acc= 91.1% | lr=6.8e-03
| Epoch  28, time= 24.7s | Train: skip eval | Valid: time=  2.3s loss=0.254, TAw acc= 91.7% | lr=6.6e-03
| Epoch  29, time= 24.9s | Train: skip eval | Valid: time=  2.4s loss=0.236, TAw acc= 92.4% | * lr=6.4e-03
| Epoch  30, time= 23.5s | Train: skip eval | Valid: time=  2.3s loss=0.238, TAw acc= 92.7% | lr=6.2e-03
| Epoch  31, time= 26.5s | Train: skip eval | Valid: time=  2.3s loss=0.233, TAw acc= 92.7% | * lr=5.9e-03
| Epoch  32, time= 36.5s | Train: skip eval | Valid: time=  4.2s loss=0.243, TAw acc= 92.9% | lr=5.7e-03
| Epoch  33, time= 25.9s | Train: skip eval | Valid: time=  2.6s loss=0.243, TAw acc= 91.7% | lr=5.5e-03
| Epoch  34, time= 26.3s | Train: skip eval | Valid: time=  2.3s loss=0.233, TAw acc= 92.4% | * lr=5.3e-03
| Epoch  35, time= 27.0s | Train: skip eval | Valid: time=  2.3s loss=0.241, TAw acc= 92.4% | lr=5.1e-03
| Epoch  36, time= 22.7s | Train: skip eval | Valid: time=  3.1s loss=0.254, TAw acc= 92.3% | lr=4.8e-03
| Epoch  37, time= 24.1s | Train: skip eval | Valid: time=  2.6s loss=0.239, TAw acc= 91.9% | lr=4.6e-03
| Epoch  38, time= 24.6s | Train: skip eval | Valid: time=  2.8s loss=0.249, TAw acc= 91.7% | lr=4.4e-03
| Epoch  39, time= 24.9s | Train: skip eval | Valid: time=  2.3s loss=0.251, TAw acc= 91.5% | lr=4.2e-03
| Epoch  40, time= 23.5s | Train: skip eval | Valid: time=  2.2s loss=0.249, TAw acc= 92.0% | lr=3.9e-03
| Epoch  41, time= 27.2s | Train: skip eval | Valid: time=  2.5s loss=0.261, TAw acc= 92.3% | lr=3.7e-03
| Epoch  42, time= 22.9s | Train: skip eval | Valid: time=  2.8s loss=0.259, TAw acc= 91.9% | lr=3.5e-03
| Epoch  43, time= 25.8s | Train: skip eval | Valid: time=  2.5s loss=0.257, TAw acc= 92.5% | lr=3.3e-03
| Epoch  44, time= 25.1s | Train: skip eval | Valid: time=  2.3s loss=0.259, TAw acc= 91.9% | lr=3.1e-03
| Epoch  45, time= 22.3s | Train: skip eval | Valid: time=  2.4s loss=0.240, TAw acc= 92.1% | lr=2.9e-03
| Epoch  46, time= 27.2s | Train: skip eval | Valid: time=  3.0s loss=0.240, TAw acc= 92.5% | lr=2.7e-03
| Epoch  47, time= 25.4s | Train: skip eval | Valid: time=  2.3s loss=0.241, TAw acc= 92.4% | lr=2.5e-03
| Epoch  48, time= 22.0s | Train: skip eval | Valid: time=  2.2s loss=0.246, TAw acc= 92.0% | lr=2.3e-03
| Epoch  49, time= 25.3s | Train: skip eval | Valid: time=  2.3s loss=0.246, TAw acc= 92.7% | lr=2.1e-03
| Epoch  50, time= 26.7s | Train: skip eval | Valid: time=  2.5s loss=0.236, TAw acc= 92.1% | lr=2.0e-03
| Epoch  51, time= 24.0s | Train: skip eval | Valid: time=  2.3s loss=0.240, TAw acc= 92.4% | lr=1.8e-03
| Epoch  52, time= 24.8s | Train: skip eval | Valid: time=  2.5s loss=0.241, TAw acc= 91.9% | lr=1.6e-03
| Epoch  53, time= 25.5s | Train: skip eval | Valid: time=  2.8s loss=0.242, TAw acc= 92.3% | lr=1.5e-03
| Epoch  54, time= 24.5s | Train: skip eval | Valid: time=  2.5s loss=0.241, TAw acc= 92.3% | lr=1.3e-03
| Epoch  55, time= 26.5s | Train: skip eval | Valid: time=  2.6s loss=0.249, TAw acc= 92.3% | lr=1.2e-03
| Epoch  56, time= 24.9s | Train: skip eval | Valid: time=  2.9s loss=0.240, TAw acc= 92.1% | lr=1.0e-03
| Epoch  57, time= 25.1s | Train: skip eval | Valid: time=  2.3s loss=0.247, TAw acc= 92.8% | lr=9.2e-04
| Epoch  58, time= 25.3s | Train: skip eval | Valid: time=  2.4s loss=0.243, TAw acc= 92.3% | lr=8.0e-04
| Epoch  59, time= 24.9s | Train: skip eval | Valid: time=  2.3s loss=0.240, TAw acc= 92.7% | lr=6.9e-04
| Epoch  60, time= 25.0s | Train: skip eval | Valid: time=  2.3s loss=0.242, TAw acc= 92.5% | lr=5.9e-04
| Epoch  61, time= 25.5s | Train: skip eval | Valid: time=  2.7s loss=0.238, TAw acc= 92.1% | lr=5.0e-04
| Epoch  62, time= 26.6s | Train: skip eval | Valid: time=  2.4s loss=0.239, TAw acc= 92.3% | lr=4.2e-04
| Epoch  63, time= 28.1s | Train: skip eval | Valid: time=  2.3s loss=0.243, TAw acc= 92.1% | lr=3.4e-04
| Epoch  64, time= 23.7s | Train: skip eval | Valid: time=  2.3s loss=0.245, TAw acc= 92.4% | lr=2.8e-04
| Epoch  65, time= 25.3s | Train: skip eval | Valid: time=  2.6s loss=0.243, TAw acc= 92.0% | lr=2.2e-04
| Epoch  66, time= 27.1s | Train: skip eval | Valid: time=  2.2s loss=0.245, TAw acc= 92.4% | lr=1.8e-04
| Epoch  67, time= 23.9s | Train: skip eval | Valid: time=  2.3s loss=0.242, TAw acc= 92.4% | lr=1.4e-04
| Epoch  68, time= 25.0s | Train: skip eval | Valid: time=  2.7s loss=0.242, TAw acc= 92.3% | lr=1.2e-04
| Epoch  69, time= 24.7s | Train: skip eval | Valid: time=  3.1s loss=0.242, TAw acc= 92.3% | lr=1.0e-04
| Epoch  70, time= 26.5s | Train: skip eval | Valid: time=  2.9s loss=0.244, TAw acc= 92.4% | lr=1.0e-04
| Selected 2000 train exemplars, time=  4.0s
------------------------------------------------------------------------------------------------------------
>>> Test on task  0 : loss=0.164 | TAw acc= 95.1%, forg=  0.0% | TAg acc= 95.1%, forg=  0.0% <<<
Save at ./results/./results/vit_small_patch16_224.augreg_in1k/food101/replay/10
************************************************************************************************************
TAw Acc
	 95.1%   0.0%   0.0%   0.0%   0.0%   0.0%   0.0%   0.0%   0.0%   0.0% 	Avg.: 95.1% 
	  0.0%   0.0%   0.0%   0.0%   0.0%   0.0%   0.0%   0.0%   0.0%   0.0% 	Avg.:  0.0% 
	  0.0%   0.0%   0.0%   0.0%   0.0%   0.0%   0.0%   0.0%   0.0%   0.0% 	Avg.:  0.0% 
	  0.0%   0.0%   0.0%   0.0%   0.0%   0.0%   0.0%   0.0%   0.0%   0.0% 	Avg.:  0.0% 
	  0.0%   0.0%   0.0%   0.0%   0.0%   0.0%   0.0%   0.0%   0.0%   0.0% 	Avg.:  0.0% 
	  0.0%   0.0%   0.0%   0.0%   0.0%   0.0%   0.0%   0.0%   0.0%   0.0% 	Avg.:  0.0% 
	  0.0%   0.0%   0.0%   0.0%   0.0%   0.0%   0.0%   0.0%   0.0%   0.0% 	Avg.:  0.0% 
	  0.0%   0.0%   0.0%   0.0%   0.0%   0.0%   0.0%   0.0%   0.0%   0.0% 	Avg.:  0.0% 
	  0.0%   0.0%   0.0%   0.0%   0.0%   0.0%   0.0%   0.0%   0.0%   0.0% 	Avg.:  0.0% 
	  0.0%   0.0%   0.0%   0.0%   0.0%   0.0%   0.0%   0.0%   0.0%   0.0% 	Avg.:  0.0% 
************************************************************************************************************
TAg Acc
	 95.1%   0.0%   0.0%   0.0%   0.0%   0.0%   0.0%   0.0%   0.0%   0.0% 	Avg.: 95.1% 
	  0.0%   0.0%   0.0%   0.0%   0.0%   0.0%   0.0%   0.0%   0.0%   0.0% 	Avg.:  0.0% 
	  0.0%   0.0%   0.0%   0.0%   0.0%   0.0%   0.0%   0.0%   0.0%   0.0% 	Avg.:  0.0% 
	  0.0%   0.0%   0.0%   0.0%   0.0%   0.0%   0.0%   0.0%   0.0%   0.0% 	Avg.:  0.0% 
	  0.0%   0.0%   0.0%   0.0%   0.0%   0.0%   0.0%   0.0%   0.0%   0.0% 	Avg.:  0.0% 
	  0.0%   0.0%   0.0%   0.0%   0.0%   0.0%   0.0%   0.0%   0.0%   0.0% 	Avg.:  0.0% 
	  0.0%   0.0%   0.0%   0.0%   0.0%   0.0%   0.0%   0.0%   0.0%   0.0% 	Avg.:  0.0% 
	  0.0%   0.0%   0.0%   0.0%   0.0%   0.0%   0.0%   0.0%   0.0%   0.0% 	Avg.:  0.0% 
	  0.0%   0.0%   0.0%   0.0%   0.0%   0.0%   0.0%   0.0%   0.0%   0.0% 	Avg.:  0.0% 
	  0.0%   0.0%   0.0%   0.0%   0.0%   0.0%   0.0%   0.0%   0.0%   0.0% 	Avg.:  0.0% 
************************************************************************************************************
TAw Forg
	  0.0%   0.0%   0.0%   0.0%   0.0%   0.0%   0.0%   0.0%   0.0%   0.0% 
	  0.0%   0.0%   0.0%   0.0%   0.0%   0.0%   0.0%   0.0%   0.0%   0.0% 	Avg.:  0.0% 
	  0.0%   0.0%   0.0%   0.0%   0.0%   0.0%   0.0%   0.0%   0.0%   0.0% 	Avg.:  0.0% 
	  0.0%   0.0%   0.0%   0.0%   0.0%   0.0%   0.0%   0.0%   0.0%   0.0% 	Avg.:  0.0% 
	  0.0%   0.0%   0.0%   0.0%   0.0%   0.0%   0.0%   0.0%   0.0%   0.0% 	Avg.:  0.0% 
	  0.0%   0.0%   0.0%   0.0%   0.0%   0.0%   0.0%   0.0%   0.0%   0.0% 	Avg.:  0.0% 
	  0.0%   0.0%   0.0%   0.0%   0.0%   0.0%   0.0%   0.0%   0.0%   0.0% 	Avg.:  0.0% 
	  0.0%   0.0%   0.0%   0.0%   0.0%   0.0%   0.0%   0.0%   0.0%   0.0% 	Avg.:  0.0% 
	  0.0%   0.0%   0.0%   0.0%   0.0%   0.0%   0.0%   0.0%   0.0%   0.0% 	Avg.:  0.0% 
	  0.0%   0.0%   0.0%   0.0%   0.0%   0.0%   0.0%   0.0%   0.0%   0.0% 	Avg.:  0.0% 
************************************************************************************************************
TAg Forg
	  0.0%   0.0%   0.0%   0.0%   0.0%   0.0%   0.0%   0.0%   0.0%   0.0% 
	  0.0%   0.0%   0.0%   0.0%   0.0%   0.0%   0.0%   0.0%   0.0%   0.0% 	Avg.:  0.0% 
	  0.0%   0.0%   0.0%   0.0%   0.0%   0.0%   0.0%   0.0%   0.0%   0.0% 	Avg.:  0.0% 
	  0.0%   0.0%   0.0%   0.0%   0.0%   0.0%   0.0%   0.0%   0.0%   0.0% 	Avg.:  0.0% 
	  0.0%   0.0%   0.0%   0.0%   0.0%   0.0%   0.0%   0.0%   0.0%   0.0% 	Avg.:  0.0% 
	  0.0%   0.0%   0.0%   0.0%   0.0%   0.0%   0.0%   0.0%   0.0%   0.0% 	Avg.:  0.0% 
	  0.0%   0.0%   0.0%   0.0%   0.0%   0.0%   0.0%   0.0%   0.0%   0.0% 	Avg.:  0.0% 
	  0.0%   0.0%   0.0%   0.0%   0.0%   0.0%   0.0%   0.0%   0.0%   0.0% 	Avg.:  0.0% 
	  0.0%   0.0%   0.0%   0.0%   0.0%   0.0%   0.0%   0.0%   0.0%   0.0% 	Avg.:  0.0% 
	  0.0%   0.0%   0.0%   0.0%   0.0%   0.0%   0.0%   0.0%   0.0%   0.0% 	Avg.:  0.0% 
************************************************************************************************************
[Elapsed time = 0.5 h]
Done!
