START_TASK=9 STOP_TASK=10
============================================================================================================
Arguments =
	approach: replay
	batch_size: 64
	classes_first_task: None
	clipping: 10000
	crop: 224
	data_path: ../data/food101
	dataset: food101
	eval_on_train: False
	experiment_path: None
	fix_bn: False
	freeze_backbone: False
	gpu: 0
	gpus: [0]
	increment: 10
	last_layer_analysis: False
	log: ['disk']
	lr: 0.01
	lr_factor: None
	lr_min: 0.0001
	lr_patience: None
	lr_scheduler: cosine
	lr_warmup_epochs: 0
	momentum: 0.0
	multi_softmax: False
	nepochs: 70
	network: vit_small_patch16_224.augreg_in1k
	no_cudnn_deterministic: False
	normalize: in1k
	num_workers: 2
	optimizer_name: sgd
	pin_memory: False
	pretrained: True
	resize: 224
	results_path: ./results
	save_models: True
	seed: 0
	start_at_task: 9
	start_epoch: 0
	stop_at_task: 10
	stop_epoch: 0
	use_valid_only: False
	warmup_lr_factor: 1.0
	warmup_nepochs: 0
	weight_decay: 0.0
============================================================================================================
Approach arguments =
============================================================================================================
Exemplars arguments =
	exemplar_selection: random
	num_exemplars: 2000
============================================================================================================
WARNING: ./results/vit_small_patch16_224.augreg_in1k/food101/replay/10 already exists!
Loaded acc_taw from: ./results/vit_small_patch16_224.augreg_in1k/food101/replay/10/acc_taw-8.txt
Loaded acc_tag from: ./results/vit_small_patch16_224.augreg_in1k/food101/replay/10/acc_tag-8.txt
Loaded forg_taw from: ./results/vit_small_patch16_224.augreg_in1k/food101/replay/10/forg_taw-8.txt
Loaded forg_tag from: ./results/vit_small_patch16_224.augreg_in1k/food101/replay/10/forg_tag-8.txt
Loaded 2070 exemplars from ./results/vit_small_patch16_224.augreg_in1k/food101/replay/10/task8_exemplars.pth
************************************************************************************************************
Task  9  [epochs 0-70]
************************************************************************************************************
[params] total:21,704,164  trainable:21,704,164  tensors:170  trainable_tensors:170
| Epoch   1, time= 38.2s | Train: skip eval | Valid: time=  3.3s loss=0.526, TAw acc= 84.0% | * lr=1.0e-02
| Epoch   2, time= 33.7s | Train: skip eval | Valid: time=  3.0s loss=0.439, TAw acc= 86.1% | * lr=1.0e-02
| Epoch   3, time= 33.4s | Train: skip eval | Valid: time=  2.6s loss=0.415, TAw acc= 87.9% | * lr=1.0e-02
| Epoch   4, time= 30.6s | Train: skip eval | Valid: time=  3.7s loss=0.392, TAw acc= 89.3% | * lr=9.9e-03
| Epoch   5, time= 31.1s | Train: skip eval | Valid: time=  2.8s loss=0.448, TAw acc= 86.9% | lr=9.9e-03
| Epoch   6, time= 31.6s | Train: skip eval | Valid: time=  2.7s loss=0.407, TAw acc= 89.3% | lr=9.8e-03
| Epoch   7, time= 35.8s | Train: skip eval | Valid: time=  2.6s loss=0.374, TAw acc= 89.1% | * lr=9.8e-03
| Epoch   8, time= 33.6s | Train: skip eval | Valid: time=  2.7s loss=0.410, TAw acc= 87.3% | lr=9.7e-03
| Epoch   9, time= 31.5s | Train: skip eval | Valid: time=  3.2s loss=0.414, TAw acc= 89.2% | lr=9.6e-03
| Epoch  10, time= 31.7s | Train: skip eval | Valid: time=  3.2s loss=0.357, TAw acc= 88.8% | * lr=9.5e-03
| Epoch  11, time= 36.4s | Train: skip eval | Valid: time=  2.6s loss=0.395, TAw acc= 89.3% | lr=9.4e-03
| Epoch  12, time= 31.9s | Train: skip eval | Valid: time=  2.7s loss=0.404, TAw acc= 88.3% | lr=9.3e-03
| Epoch  13, time= 36.4s | Train: skip eval | Valid: time=  2.9s loss=0.364, TAw acc= 89.2% | lr=9.2e-03
| Epoch  14, time= 31.1s | Train: skip eval | Valid: time=  2.8s loss=0.377, TAw acc= 88.9% | lr=9.1e-03
| Epoch  15, time= 33.4s | Train: skip eval | Valid: time=  3.5s loss=0.406, TAw acc= 88.9% | lr=8.9e-03
| Epoch  16, time= 31.3s | Train: skip eval | Valid: time=  2.6s loss=0.392, TAw acc= 89.1% | lr=8.8e-03
| Epoch  17, time= 36.6s | Train: skip eval | Valid: time=  2.8s loss=0.378, TAw acc= 89.5% | lr=8.6e-03
| Epoch  18, time= 35.3s | Train: skip eval | Valid: time=  3.0s loss=0.394, TAw acc= 88.8% | lr=8.5e-03
| Epoch  19, time= 37.1s | Train: skip eval | Valid: time=  3.2s loss=0.401, TAw acc= 89.7% | lr=8.3e-03
| Epoch  20, time= 31.3s | Train: skip eval | Valid: time=  2.9s loss=0.401, TAw acc= 88.9% | lr=8.1e-03
| Epoch  21, time= 29.2s | Train: skip eval | Valid: time=  2.9s loss=0.361, TAw acc= 90.5% | lr=8.0e-03
| Epoch  22, time= 29.6s | Train: skip eval | Valid: time=  3.2s loss=0.396, TAw acc= 90.1% | lr=7.8e-03
| Epoch  23, time= 33.5s | Train: skip eval | Valid: time=  3.4s loss=0.410, TAw acc= 89.6% | lr=7.6e-03
| Epoch  24, time= 31.4s | Train: skip eval | Valid: time=  3.5s loss=0.371, TAw acc= 89.6% | lr=7.4e-03
| Epoch  25, time= 32.8s | Train: skip eval | Valid: time=  3.0s loss=0.378, TAw acc= 89.9% | lr=7.2e-03
| Epoch  26, time= 34.2s | Train: skip eval | Valid: time=  2.7s loss=0.382, TAw acc= 90.1% | lr=7.0e-03
| Epoch  27, time= 33.7s | Train: skip eval | Valid: time=  2.8s loss=0.399, TAw acc= 90.5% | lr=6.8e-03
| Epoch  28, time= 34.0s | Train: skip eval | Valid: time=  2.8s loss=0.387, TAw acc= 90.1% | lr=6.6e-03
| Epoch  29, time= 32.6s | Train: skip eval | Valid: time=  2.9s loss=0.369, TAw acc= 90.3% | lr=6.4e-03
| Epoch  30, time= 31.1s | Train: skip eval | Valid: time=  3.5s loss=0.401, TAw acc= 90.0% | lr=6.2e-03
| Epoch  31, time= 33.5s | Train: skip eval | Valid: time=  2.7s loss=0.385, TAw acc= 90.4% | lr=5.9e-03
| Epoch  32, time= 32.7s | Train: skip eval | Valid: time=  3.6s loss=0.402, TAw acc= 89.3% | lr=5.7e-03
| Epoch  33, time= 34.1s | Train: skip eval | Valid: time=  2.8s loss=0.384, TAw acc= 90.1% | lr=5.5e-03
| Epoch  34, time= 37.6s | Train: skip eval | Valid: time=  2.8s loss=0.398, TAw acc= 90.1% | lr=5.3e-03
| Epoch  35, time= 31.8s | Train: skip eval | Valid: time=  2.8s loss=0.410, TAw acc= 89.3% | lr=5.1e-03
| Epoch  36, time= 34.0s | Train: skip eval | Valid: time=  2.8s loss=0.382, TAw acc= 89.6% | lr=4.8e-03
| Epoch  37, time= 32.0s | Train: skip eval | Valid: time=  2.7s loss=0.413, TAw acc= 89.7% | lr=4.6e-03
| Epoch  38, time= 32.2s | Train: skip eval | Valid: time=  2.9s loss=0.357, TAw acc= 90.1% | lr=4.4e-03
| Epoch  39, time= 31.1s | Train: skip eval | Valid: time=  2.7s loss=0.384, TAw acc= 89.5% | lr=4.2e-03
| Epoch  40, time= 34.9s | Train: skip eval | Valid: time=  2.7s loss=0.377, TAw acc= 90.3% | lr=3.9e-03
| Epoch  41, time= 34.0s | Train: skip eval | Valid: time=  3.1s loss=0.373, TAw acc= 90.4% | lr=3.7e-03
| Epoch  42, time= 35.4s | Train: skip eval | Valid: time=  2.7s loss=0.372, TAw acc= 89.9% | lr=3.5e-03
| Epoch  43, time= 36.8s | Train: skip eval | Valid: time=  2.6s loss=0.384, TAw acc= 90.3% | lr=3.3e-03
| Epoch  44, time= 34.8s | Train: skip eval | Valid: time=  2.6s loss=0.387, TAw acc= 89.7% | lr=3.1e-03
| Epoch  45, time= 33.5s | Train: skip eval | Valid: time=  2.7s loss=0.374, TAw acc= 90.3% | lr=2.9e-03
| Epoch  46, time= 32.4s | Train: skip eval | Valid: time=  3.6s loss=0.392, TAw acc= 89.3% | lr=2.7e-03
| Epoch  47, time= 30.8s | Train: skip eval | Valid: time=  2.7s loss=0.387, TAw acc= 90.1% | lr=2.5e-03
| Epoch  48, time= 34.2s | Train: skip eval | Valid: time=  3.6s loss=0.369, TAw acc= 90.0% | lr=2.3e-03
| Epoch  49, time= 35.8s | Train: skip eval | Valid: time=  2.9s loss=0.375, TAw acc= 90.3% | lr=2.1e-03
| Epoch  50, time= 35.1s | Train: skip eval | Valid: time=  3.3s loss=0.371, TAw acc= 90.1% | lr=2.0e-03
| Epoch  51, time= 32.9s | Train: skip eval | Valid: time=  2.7s loss=0.374, TAw acc= 89.9% | lr=1.8e-03
| Epoch  52, time= 37.3s | Train: skip eval | Valid: time=  3.0s loss=0.380, TAw acc= 90.0% | lr=1.6e-03
| Epoch  53, time= 33.0s | Train: skip eval | Valid: time=  2.6s loss=0.379, TAw acc= 89.7% | lr=1.5e-03
| Epoch  54, time= 32.6s | Train: skip eval | Valid: time=  2.6s loss=0.404, TAw acc= 89.6% | lr=1.3e-03
| Epoch  55, time= 33.6s | Train: skip eval | Valid: time=  2.7s loss=0.385, TAw acc= 89.3% | lr=1.2e-03
| Epoch  56, time= 37.4s | Train: skip eval | Valid: time=  3.9s loss=0.385, TAw acc= 89.7% | lr=1.0e-03
| Epoch  57, time= 33.0s | Train: skip eval | Valid: time=  2.9s loss=0.379, TAw acc= 89.7% | lr=9.2e-04
| Epoch  58, time= 36.3s | Train: skip eval | Valid: time=  2.8s loss=0.371, TAw acc= 90.1% | lr=8.0e-04
| Epoch  59, time= 34.3s | Train: skip eval | Valid: time=  2.9s loss=0.365, TAw acc= 90.5% | lr=6.9e-04
| Epoch  60, time= 36.1s | Train: skip eval | Valid: time=  2.7s loss=0.369, TAw acc= 90.3% | lr=5.9e-04
| Epoch  61, time= 34.5s | Train: skip eval | Valid: time=  3.4s loss=0.366, TAw acc= 90.4% | lr=5.0e-04
| Epoch  62, time= 31.2s | Train: skip eval | Valid: time=  2.7s loss=0.368, TAw acc= 90.1% | lr=4.2e-04
| Epoch  63, time= 32.2s | Train: skip eval | Valid: time=  2.7s loss=0.370, TAw acc= 90.0% | lr=3.4e-04
| Epoch  64, time= 33.3s | Train: skip eval | Valid: time=  2.8s loss=0.370, TAw acc= 89.7% | lr=2.8e-04
| Epoch  65, time= 32.9s | Train: skip eval | Valid: time=  3.1s loss=0.369, TAw acc= 89.7% | lr=2.2e-04
| Epoch  66, time= 32.6s | Train: skip eval | Valid: time=  2.6s loss=0.371, TAw acc= 89.9% | lr=1.8e-04
| Epoch  67, time= 31.4s | Train: skip eval | Valid: time=  2.7s loss=0.370, TAw acc= 89.7% | lr=1.4e-04
| Epoch  68, time= 33.8s | Train: skip eval | Valid: time=  2.6s loss=0.369, TAw acc= 90.1% | lr=1.2e-04
| Epoch  69, time= 29.5s | Train: skip eval | Valid: time=  2.9s loss=0.368, TAw acc= 90.1% | lr=1.0e-04
| Epoch  70, time= 35.6s | Train: skip eval | Valid: time=  2.8s loss=0.368, TAw acc= 90.0% | lr=1.0e-04
| Selected 2000 train exemplars, time=  2.1s
------------------------------------------------------------------------------------------------------------
>>> Test on task  0 : loss=0.375 | TAw acc= 89.4%, forg=  5.7% | TAg acc= 47.5%, forg= 47.6% <<<
>>> Test on task  1 : loss=0.417 | TAw acc= 91.7%, forg=  5.4% | TAg acc= 54.8%, forg= 41.1% <<<
>>> Test on task  2 : loss=0.638 | TAw acc= 88.9%, forg=  6.7% | TAg acc= 43.3%, forg= 51.7% <<<
>>> Test on task  3 : loss=0.627 | TAw acc= 91.7%, forg=  5.0% | TAg acc= 55.8%, forg= 40.2% <<<
>>> Test on task  4 : loss=0.758 | TAw acc= 91.3%, forg=  5.0% | TAg acc= 50.6%, forg= 45.0% <<<
>>> Test on task  5 : loss=0.609 | TAw acc= 91.7%, forg=  5.1% | TAg acc= 54.8%, forg= 41.6% <<<
>>> Test on task  6 : loss=0.739 | TAw acc= 92.7%, forg=  2.8% | TAg acc= 46.6%, forg= 48.4% <<<
>>> Test on task  7 : loss=0.627 | TAw acc= 93.9%, forg=  3.3% | TAg acc= 52.4%, forg= 44.5% <<<
>>> Test on task  8 : loss=0.429 | TAw acc= 94.6%, forg=  1.8% | TAg acc= 67.8%, forg= 28.0% <<<
>>> Test on task  9 : loss=0.240 | TAw acc= 93.6%, forg=  0.0% | TAg acc= 92.7%, forg=  0.0% <<<
Save at ./results/./results/vit_small_patch16_224.augreg_in1k/food101/replay/10
************************************************************************************************************
TAw Acc
	 95.1%   0.0%   0.0%   0.0%   0.0%   0.0%   0.0%   0.0%   0.0%   0.0% 	Avg.: 95.1% 
	 94.4%  97.1%   0.0%   0.0%   0.0%   0.0%   0.0%   0.0%   0.0%   0.0% 	Avg.: 95.8% 
	 94.4%  96.3%  95.6%   0.0%   0.0%   0.0%   0.0%   0.0%   0.0%   0.0% 	Avg.: 95.4% 
	 93.7%  95.9%  95.2%  96.7%   0.0%   0.0%   0.0%   0.0%   0.0%   0.0% 	Avg.: 95.4% 
	 93.2%  94.8%  94.2%  96.2%  96.4%   0.0%   0.0%   0.0%   0.0%   0.0% 	Avg.: 95.0% 
	 91.9%  94.6%  93.0%  95.8%  95.0%  96.8%   0.0%   0.0%   0.0%   0.0% 	Avg.: 94.5% 
	 91.5%  94.1%  91.7%  94.4%  93.9%  94.2%  95.5%   0.0%   0.0%   0.0% 	Avg.: 93.6% 
	 90.9%  93.6%  91.7%  94.3%  92.8%  93.7%  94.3%  97.2%   0.0%   0.0% 	Avg.: 93.6% 
	 89.8%  91.4%  90.8%  93.0%  92.3%  92.5%  92.8%  95.2%  96.4%   0.0% 	Avg.: 92.7% 
	 89.4%  91.7%  88.9%  91.7%  91.3%  91.7%  92.7%  93.9%  94.6%  93.6% 	Avg.: 92.0% 
************************************************************************************************************
TAg Acc
	 95.1%   0.0%   0.0%   0.0%   0.0%   0.0%   0.0%   0.0%   0.0%   0.0% 	Avg.: 95.1% 
	 87.1%  95.9%   0.0%   0.0%   0.0%   0.0%   0.0%   0.0%   0.0%   0.0% 	Avg.: 91.5% 
	 82.8%  85.3%  95.0%   0.0%   0.0%   0.0%   0.0%   0.0%   0.0%   0.0% 	Avg.: 87.7% 
	 78.8%  78.5%  82.0%  96.0%   0.0%   0.0%   0.0%   0.0%   0.0%   0.0% 	Avg.: 83.8% 
	 70.4%  71.6%  69.6%  81.3%  95.6%   0.0%   0.0%   0.0%   0.0%   0.0% 	Avg.: 77.7% 
	 69.2%  69.7%  67.0%  73.3%  74.5%  96.4%   0.0%   0.0%   0.0%   0.0% 	Avg.: 75.0% 
	 61.0%  66.5%  57.7%  67.7%  66.9%  70.8%  95.0%   0.0%   0.0%   0.0% 	Avg.: 69.4% 
	 56.1%  62.2%  58.6%  66.6%  58.6%  64.2%  65.7%  96.8%   0.0%   0.0% 	Avg.: 66.1% 
	 48.6%  57.2%  50.8%  63.3%  53.2%  59.3%  62.2%  64.7%  95.8%   0.0% 	Avg.: 61.7% 
	 47.5%  54.8%  43.3%  55.8%  50.6%  54.8%  46.6%  52.4%  67.8%  92.7% 	Avg.: 56.6% 
************************************************************************************************************
TAw Forg
	  0.0%   0.0%   0.0%   0.0%   0.0%   0.0%   0.0%   0.0%   0.0%   0.0% 
	  0.7%   0.0%   0.0%   0.0%   0.0%   0.0%   0.0%   0.0%   0.0%   0.0% 	Avg.:  0.7% 
	  0.8%   0.8%   0.0%   0.0%   0.0%   0.0%   0.0%   0.0%   0.0%   0.0% 	Avg.:  0.8% 
	  1.4%   1.2%   0.5%   0.0%   0.0%   0.0%   0.0%   0.0%   0.0%   0.0% 	Avg.:  1.0% 
	  1.9%   2.3%   1.5%   0.6%   0.0%   0.0%   0.0%   0.0%   0.0%   0.0% 	Avg.:  1.5% 
	  3.2%   2.6%   2.7%   0.9%   1.3%   0.0%   0.0%   0.0%   0.0%   0.0% 	Avg.:  2.1% 
	  3.6%   3.0%   3.9%   2.3%   2.4%   2.6%   0.0%   0.0%   0.0%   0.0% 	Avg.:  3.0% 
	  4.2%   3.6%   4.0%   2.4%   3.6%   3.1%   1.2%   0.0%   0.0%   0.0% 	Avg.:  3.1% 
	  5.3%   5.7%   4.8%   3.7%   4.0%   4.3%   2.8%   2.0%   0.0%   0.0% 	Avg.:  4.1% 
	  5.7%   5.4%   6.7%   5.0%   5.0%   5.1%   2.8%   3.3%   1.8%   0.0% 	Avg.:  4.5% 
************************************************************************************************************
TAg Forg
	  0.0%   0.0%   0.0%   0.0%   0.0%   0.0%   0.0%   0.0%   0.0%   0.0% 
	  8.0%   0.0%   0.0%   0.0%   0.0%   0.0%   0.0%   0.0%   0.0%   0.0% 	Avg.:  8.0% 
	 12.4%  10.6%   0.0%   0.0%   0.0%   0.0%   0.0%   0.0%   0.0%   0.0% 	Avg.: 11.5% 
	 16.3%  17.4%  13.0%   0.0%   0.0%   0.0%   0.0%   0.0%   0.0%   0.0% 	Avg.: 15.5% 
	 24.7%  24.2%  25.4%  14.7%   0.0%   0.0%   0.0%   0.0%   0.0%   0.0% 	Avg.: 22.2% 
	 26.0%  26.2%  28.0%  22.7%  21.2%   0.0%   0.0%   0.0%   0.0%   0.0% 	Avg.: 24.8% 
	 34.1%  29.4%  37.3%  28.3%  28.7%  25.6%   0.0%   0.0%   0.0%   0.0% 	Avg.: 30.6% 
	 39.0%  33.7%  36.4%  29.4%  37.0%  32.3%  29.2%   0.0%   0.0%   0.0% 	Avg.: 33.9% 
	 46.6%  38.7%  44.2%  32.7%  42.4%  37.2%  32.8%  32.2%   0.0%   0.0% 	Avg.: 38.3% 
	 47.6%  41.1%  51.7%  40.2%  45.0%  41.6%  48.4%  44.5%  28.0%   0.0% 	Avg.: 43.1% 
************************************************************************************************************
[Elapsed time = 0.7 h]
Done!
