START_TASK=4 STOP_TASK=5
============================================================================================================
Arguments =
	approach: icarl
	batch_size: 64
	classes_first_task: None
	clipping: 10000
	crop: 224
	dataset: cifar100
	eval_on_train: False
	experiment_path: None
	fix_bn: False
	freeze_backbone: False
	gpu: 0
	gpus: [0]
	increment: 10
	last_layer_analysis: True
	log: ['disk']
	lr: 0.01
	lr_factor: None
	lr_min: 0.0001
	lr_patience: None
	lr_scheduler: cosine
	lr_warmup_epochs: 0
	momentum: 0.0
	multi_softmax: False
	nepochs: 50
	network: resnet50.a1_in1k
	no_cudnn_deterministic: False
	normalize: in1k
	num_workers: 2
	optimizer_name: sgd
	pin_memory: False
	pretrained: True
	resize: 224
	results_path: ./results
	save_models: True
	seed: 0
	start_at_task: 4
	start_epoch: 0
	stop_at_task: 5
	stop_epoch: 0
	use_valid_only: False
	warmup_lr_factor: 1.0
	warmup_nepochs: 0
	weight_decay: 0.0
============================================================================================================
Approach arguments =
	lamb: 1.0
============================================================================================================
Exemplars arguments =
	exemplar_selection: random
	num_exemplars: 2000
============================================================================================================
WARNING: ./results/resnet50.a1_in1k/cifar100/icarl/10 already exists!
Loaded acc_taw from: ./results/resnet50.a1_in1k/cifar100/icarl/10/acc_taw-3.txt
Loaded acc_tag from: ./results/resnet50.a1_in1k/cifar100/icarl/10/acc_tag-3.txt
Loaded forg_taw from: ./results/resnet50.a1_in1k/cifar100/icarl/10/forg_taw-3.txt
Loaded forg_tag from: ./results/resnet50.a1_in1k/cifar100/icarl/10/forg_tag-3.txt
Loaded 2000 exemplars from ./results/resnet50.a1_in1k/cifar100/icarl/10/task3_exemplars.pth
Loaded 40 exemplar means from ./results/resnet50.a1_in1k/cifar100/icarl/10/task3_exemplar_means.pth
************************************************************************************************************
Task  4  [epochs 0-50]
************************************************************************************************************
[params] total:23,610,482  trainable:23,610,482  tensors:169  trainable_tensors:169
| Epoch   1, time= 14.6s | Train: skip eval | Valid: time=  1.0s loss=21.890, TAw acc= 79.8% | * lr=1.0e-02
| Epoch   2, time= 14.0s | Train: skip eval | Valid: time=  1.0s loss=20.399, TAw acc= 83.8% | * lr=1.0e-02
| Epoch   3, time= 13.9s | Train: skip eval | Valid: time=  0.9s loss=19.936, TAw acc= 85.8% | * lr=9.9e-03
| Epoch   4, time= 14.0s | Train: skip eval | Valid: time=  1.0s loss=19.715, TAw acc= 88.2% | * lr=9.8e-03
| Epoch   5, time= 14.1s | Train: skip eval | Valid: time=  0.9s loss=19.613, TAw acc= 88.6% | * lr=9.8e-03
| Epoch   6, time= 13.7s | Train: skip eval | Valid: time=  1.0s loss=19.660, TAw acc= 88.6% | lr=9.7e-03
| Epoch   7, time= 14.1s | Train: skip eval | Valid: time=  1.0s loss=19.464, TAw acc= 89.8% | * lr=9.5e-03
| Epoch   8, time= 14.1s | Train: skip eval | Valid: time=  1.0s loss=19.417, TAw acc= 89.6% | * lr=9.4e-03
| Epoch   9, time= 14.1s | Train: skip eval | Valid: time=  1.0s loss=19.407, TAw acc= 90.0% | * lr=9.2e-03
| Epoch  10, time= 14.0s | Train: skip eval | Valid: time=  1.0s loss=19.363, TAw acc= 88.8% | * lr=9.1e-03
| Epoch  11, time= 14.1s | Train: skip eval | Valid: time=  1.0s loss=19.368, TAw acc= 89.6% | lr=8.9e-03
| Epoch  12, time= 14.0s | Train: skip eval | Valid: time=  1.0s loss=19.316, TAw acc= 91.0% | * lr=8.7e-03
| Epoch  13, time= 14.0s | Train: skip eval | Valid: time=  1.0s loss=19.301, TAw acc= 90.2% | * lr=8.4e-03
| Epoch  14, time= 14.1s | Train: skip eval | Valid: time=  0.9s loss=19.304, TAw acc= 90.4% | lr=8.2e-03
| Epoch  15, time= 13.9s | Train: skip eval | Valid: time=  1.0s loss=19.277, TAw acc= 90.4% | * lr=8.0e-03
| Epoch  16, time= 13.6s | Train: skip eval | Valid: time=  1.0s loss=19.299, TAw acc= 91.8% | lr=7.7e-03
| Epoch  17, time= 14.1s | Train: skip eval | Valid: time=  1.0s loss=19.263, TAw acc= 90.8% | * lr=7.4e-03
| Epoch  18, time= 14.1s | Train: skip eval | Valid: time=  1.0s loss=19.272, TAw acc= 90.6% | lr=7.2e-03
| Epoch  19, time= 14.1s | Train: skip eval | Valid: time=  0.9s loss=19.271, TAw acc= 91.4% | lr=6.9e-03
| Epoch  20, time= 13.6s | Train: skip eval | Valid: time=  0.9s loss=19.226, TAw acc= 91.4% | * lr=6.6e-03
| Epoch  21, time= 14.1s | Train: skip eval | Valid: time=  0.9s loss=19.243, TAw acc= 90.4% | lr=6.3e-03
| Epoch  22, time= 14.1s | Train: skip eval | Valid: time=  0.9s loss=19.229, TAw acc= 90.2% | lr=6.0e-03
| Epoch  23, time= 14.1s | Train: skip eval | Valid: time=  1.0s loss=19.233, TAw acc= 91.2% | lr=5.7e-03
| Epoch  24, time= 14.0s | Train: skip eval | Valid: time=  1.0s loss=19.210, TAw acc= 91.6% | * lr=5.4e-03
| Epoch  25, time= 14.1s | Train: skip eval | Valid: time=  1.0s loss=19.219, TAw acc= 91.4% | lr=5.1e-03
| Epoch  26, time= 14.1s | Train: skip eval | Valid: time=  1.0s loss=19.200, TAw acc= 91.4% | * lr=4.7e-03
| Epoch  27, time= 14.1s | Train: skip eval | Valid: time=  1.0s loss=19.205, TAw acc= 90.8% | lr=4.4e-03
| Epoch  28, time= 13.9s | Train: skip eval | Valid: time=  0.9s loss=19.201, TAw acc= 92.0% | lr=4.1e-03
| Epoch  29, time= 14.1s | Train: skip eval | Valid: time=  0.9s loss=19.208, TAw acc= 91.2% | lr=3.8e-03
| Epoch  30, time= 13.4s | Train: skip eval | Valid: time=  1.0s loss=19.196, TAw acc= 91.2% | * lr=3.5e-03
| Epoch  31, time= 13.9s | Train: skip eval | Valid: time=  1.0s loss=19.188, TAw acc= 91.4% | * lr=3.2e-03
| Epoch  32, time= 13.5s | Train: skip eval | Valid: time=  1.0s loss=19.182, TAw acc= 91.4% | * lr=2.9e-03
| Epoch  33, time= 13.6s | Train: skip eval | Valid: time=  1.0s loss=19.205, TAw acc= 91.8% | lr=2.7e-03
| Epoch  34, time= 13.8s | Train: skip eval | Valid: time=  1.0s loss=19.178, TAw acc= 91.2% | * lr=2.4e-03
| Epoch  35, time= 14.1s | Train: skip eval | Valid: time=  1.1s loss=19.189, TAw acc= 91.8% | lr=2.1e-03
| Epoch  36, time= 14.1s | Train: skip eval | Valid: time=  1.0s loss=19.194, TAw acc= 91.4% | lr=1.9e-03
| Epoch  37, time= 14.1s | Train: skip eval | Valid: time=  0.9s loss=19.176, TAw acc= 91.2% | * lr=1.7e-03
| Epoch  38, time= 14.1s | Train: skip eval | Valid: time=  1.0s loss=19.171, TAw acc= 91.6% | * lr=1.4e-03
| Epoch  39, time= 13.2s | Train: skip eval | Valid: time=  1.0s loss=19.166, TAw acc= 91.0% | * lr=1.2e-03
| Epoch  40, time= 14.1s | Train: skip eval | Valid: time=  1.0s loss=19.177, TAw acc= 91.6% | lr=1.0e-03
| Epoch  41, time= 14.1s | Train: skip eval | Valid: time=  1.0s loss=19.172, TAw acc= 91.4% | lr=8.7e-04
| Epoch  42, time= 14.2s | Train: skip eval | Valid: time=  1.0s loss=19.174, TAw acc= 91.6% | lr=7.1e-04
| Epoch  43, time= 13.8s | Train: skip eval | Valid: time=  1.0s loss=19.177, TAw acc= 91.6% | lr=5.7e-04
| Epoch  44, time= 14.1s | Train: skip eval | Valid: time=  1.0s loss=19.163, TAw acc= 92.2% | * lr=4.5e-04
| Epoch  45, time= 14.0s | Train: skip eval | Valid: time=  1.0s loss=19.160, TAw acc= 91.4% | * lr=3.4e-04
| Epoch  46, time= 14.1s | Train: skip eval | Valid: time=  0.9s loss=19.189, TAw acc= 92.0% | lr=2.6e-04
| Epoch  47, time= 13.5s | Train: skip eval | Valid: time=  1.0s loss=19.195, TAw acc= 91.6% | lr=1.9e-04
| Epoch  48, time= 14.0s | Train: skip eval | Valid: time=  1.0s loss=19.182, TAw acc= 91.8% | lr=1.4e-04
| Epoch  49, time= 14.1s | Train: skip eval | Valid: time=  1.0s loss=19.172, TAw acc= 91.4% | lr=1.1e-04
| Epoch  50, time= 14.1s | Train: skip eval | Valid: time=  1.0s loss=19.171, TAw acc= 91.8% | lr=1.0e-04
| Selected 2000 train exemplars, time=  0.7s
------------------------------------------------------------------------------------------------------------
>>> Test on task  0 : loss=1.714 | TAw acc= 85.2%, forg= -0.2% | TAg acc= 72.9%, forg=  0.2% <<<
>>> Test on task  1 : loss=6.885 | TAw acc= 94.3%, forg= -0.6% | TAg acc= 72.2%, forg=  7.4% <<<
>>> Test on task  2 : loss=11.950 | TAw acc= 91.7%, forg= -0.5% | TAg acc= 77.5%, forg=  2.9% <<<
>>> Test on task  3 : loss=16.867 | TAw acc= 81.3%, forg= -0.8% | TAg acc= 66.4%, forg=  0.9% <<<
>>> Test on task  4 : loss=19.327 | TAw acc= 91.6%, forg=  0.0% | TAg acc= 78.0%, forg=  0.0% <<<
Save at ./results/./results/resnet50.a1_in1k/cifar100/icarl/10
************************************************************************************************************
TAw Acc
	 70.5%   0.0%   0.0%   0.0%   0.0%   0.0%   0.0%   0.0%   0.0%   0.0% 	Avg.: 70.5% 
	 76.4%  89.9%   0.0%   0.0%   0.0%   0.0%   0.0%   0.0%   0.0%   0.0% 	Avg.: 83.2% 
	 82.5%  92.9%  89.8%   0.0%   0.0%   0.0%   0.0%   0.0%   0.0%   0.0% 	Avg.: 88.4% 
	 85.0%  93.7%  91.2%  80.5%   0.0%   0.0%   0.0%   0.0%   0.0%   0.0% 	Avg.: 87.6% 
	 85.2%  94.3%  91.7%  81.3%  91.6%   0.0%   0.0%   0.0%   0.0%   0.0% 	Avg.: 88.8% 
	  0.0%   0.0%   0.0%   0.0%   0.0%   0.0%   0.0%   0.0%   0.0%   0.0% 	Avg.:  0.0% 
	  0.0%   0.0%   0.0%   0.0%   0.0%   0.0%   0.0%   0.0%   0.0%   0.0% 	Avg.:  0.0% 
	  0.0%   0.0%   0.0%   0.0%   0.0%   0.0%   0.0%   0.0%   0.0%   0.0% 	Avg.:  0.0% 
	  0.0%   0.0%   0.0%   0.0%   0.0%   0.0%   0.0%   0.0%   0.0%   0.0% 	Avg.:  0.0% 
	  0.0%   0.0%   0.0%   0.0%   0.0%   0.0%   0.0%   0.0%   0.0%   0.0% 	Avg.:  0.0% 
************************************************************************************************************
TAg Acc
	 70.5%   0.0%   0.0%   0.0%   0.0%   0.0%   0.0%   0.0%   0.0%   0.0% 	Avg.: 70.5% 
	 70.7%  79.6%   0.0%   0.0%   0.0%   0.0%   0.0%   0.0%   0.0%   0.0% 	Avg.: 75.2% 
	 71.7%  76.5%  79.5%   0.0%   0.0%   0.0%   0.0%   0.0%   0.0%   0.0% 	Avg.: 75.9% 
	 73.1%  74.1%  80.4%  67.3%   0.0%   0.0%   0.0%   0.0%   0.0%   0.0% 	Avg.: 73.7% 
	 72.9%  72.2%  77.5%  66.4%  78.0%   0.0%   0.0%   0.0%   0.0%   0.0% 	Avg.: 73.4% 
	  0.0%   0.0%   0.0%   0.0%   0.0%   0.0%   0.0%   0.0%   0.0%   0.0% 	Avg.:  0.0% 
	  0.0%   0.0%   0.0%   0.0%   0.0%   0.0%   0.0%   0.0%   0.0%   0.0% 	Avg.:  0.0% 
	  0.0%   0.0%   0.0%   0.0%   0.0%   0.0%   0.0%   0.0%   0.0%   0.0% 	Avg.:  0.0% 
	  0.0%   0.0%   0.0%   0.0%   0.0%   0.0%   0.0%   0.0%   0.0%   0.0% 	Avg.:  0.0% 
	  0.0%   0.0%   0.0%   0.0%   0.0%   0.0%   0.0%   0.0%   0.0%   0.0% 	Avg.:  0.0% 
************************************************************************************************************
TAw Forg
	  0.0%   0.0%   0.0%   0.0%   0.0%   0.0%   0.0%   0.0%   0.0%   0.0% 
	 -5.9%   0.0%   0.0%   0.0%   0.0%   0.0%   0.0%   0.0%   0.0%   0.0% 	Avg.: -5.9% 
	 -6.1%  -3.0%   0.0%   0.0%   0.0%   0.0%   0.0%   0.0%   0.0%   0.0% 	Avg.: -4.5% 
	 -2.5%  -0.8%  -1.4%   0.0%   0.0%   0.0%   0.0%   0.0%   0.0%   0.0% 	Avg.: -1.6% 
	 -0.2%  -0.6%  -0.5%  -0.8%   0.0%   0.0%   0.0%   0.0%   0.0%   0.0% 	Avg.: -0.5% 
	  0.0%   0.0%   0.0%   0.0%   0.0%   0.0%   0.0%   0.0%   0.0%   0.0% 	Avg.:  0.0% 
	  0.0%   0.0%   0.0%   0.0%   0.0%   0.0%   0.0%   0.0%   0.0%   0.0% 	Avg.:  0.0% 
	  0.0%   0.0%   0.0%   0.0%   0.0%   0.0%   0.0%   0.0%   0.0%   0.0% 	Avg.:  0.0% 
	  0.0%   0.0%   0.0%   0.0%   0.0%   0.0%   0.0%   0.0%   0.0%   0.0% 	Avg.:  0.0% 
	  0.0%   0.0%   0.0%   0.0%   0.0%   0.0%   0.0%   0.0%   0.0%   0.0% 	Avg.:  0.0% 
************************************************************************************************************
TAg Forg
	  0.0%   0.0%   0.0%   0.0%   0.0%   0.0%   0.0%   0.0%   0.0%   0.0% 
	 -0.2%   0.0%   0.0%   0.0%   0.0%   0.0%   0.0%   0.0%   0.0%   0.0% 	Avg.: -0.2% 
	 -1.0%   3.1%   0.0%   0.0%   0.0%   0.0%   0.0%   0.0%   0.0%   0.0% 	Avg.:  1.0% 
	 -1.4%   5.5%  -0.9%   0.0%   0.0%   0.0%   0.0%   0.0%   0.0%   0.0% 	Avg.:  1.1% 
	  0.2%   7.4%   2.9%   0.9%   0.0%   0.0%   0.0%   0.0%   0.0%   0.0% 	Avg.:  2.9% 
	  0.0%   0.0%   0.0%   0.0%   0.0%   0.0%   0.0%   0.0%   0.0%   0.0% 	Avg.:  0.0% 
	  0.0%   0.0%   0.0%   0.0%   0.0%   0.0%   0.0%   0.0%   0.0%   0.0% 	Avg.:  0.0% 
	  0.0%   0.0%   0.0%   0.0%   0.0%   0.0%   0.0%   0.0%   0.0%   0.0% 	Avg.:  0.0% 
	  0.0%   0.0%   0.0%   0.0%   0.0%   0.0%   0.0%   0.0%   0.0%   0.0% 	Avg.:  0.0% 
	  0.0%   0.0%   0.0%   0.0%   0.0%   0.0%   0.0%   0.0%   0.0%   0.0% 	Avg.:  0.0% 
************************************************************************************************************
[Elapsed time = 0.2 h]
Done!
