START_TASK=9 STOP_TASK=10
============================================================================================================
Arguments =
	approach: finetuning
	batch_size: 64
	classes_first_task: None
	clipping: 10000
	crop: 224
	dataset: cifar100
	eval_on_train: False
	experiment_path: None
	fix_bn: False
	freeze_backbone: False
	gpu: 0
	gpus: [0]
	increment: 10
	log: ['disk']
	lr: 0.01
	lr_factor: None
	lr_min: 0.0001
	lr_patience: None
	lr_scheduler: cosine
	lr_warmup_epochs: 0
	momentum: 0.0
	multi_softmax: False
	nepochs: 50
	network: vit_small_patch16_224.augreg_in1k
	no_cudnn_deterministic: False
	normalize: in1k
	num_workers: 2
	optimizer_name: sgd
	pin_memory: False
	pretrained: True
	resize: 224
	results_path: ./results
	save_models: True
	seed: 0
	start_at_task: 9
	start_epoch: 0
	stop_at_task: 10
	stop_epoch: 0
	use_valid_only: False
	warmup_lr_factor: 1.0
	warmup_nepochs: 0
	weight_decay: 0.0
============================================================================================================
Approach arguments =
	all_outputs: False
============================================================================================================
Exemplars arguments =
============================================================================================================
WARNING: ./results/vit_small_patch16_224.augreg_in1k/cifar100/finetuning/10 already exists!
Loaded acc_taw from: ./results/vit_small_patch16_224.augreg_in1k/cifar100/finetuning/10/acc_taw-8.txt
Loaded acc_tag from: ./results/vit_small_patch16_224.augreg_in1k/cifar100/finetuning/10/acc_tag-8.txt
Loaded forg_taw from: ./results/vit_small_patch16_224.augreg_in1k/cifar100/finetuning/10/forg_taw-8.txt
Loaded forg_tag from: ./results/vit_small_patch16_224.augreg_in1k/cifar100/finetuning/10/forg_tag-8.txt
************************************************************************************************************
Task  9  [epochs 0-50]
************************************************************************************************************
[params] total:21,704,164  trainable:21,704,164  tensors:170  trainable_tensors:170
| Epoch   1, time= 11.4s | Train: skip eval | Valid: time=  0.8s loss=0.191, TAw acc= 92.6% | * lr=1.0e-02
| Epoch   2, time= 11.0s | Train: skip eval | Valid: time=  0.8s loss=0.166, TAw acc= 93.0% | * lr=1.0e-02
| Epoch   3, time= 10.9s | Train: skip eval | Valid: time=  0.8s loss=0.142, TAw acc= 94.2% | * lr=9.9e-03
| Epoch   4, time= 11.0s | Train: skip eval | Valid: time=  0.8s loss=0.242, TAw acc= 89.6% | lr=9.8e-03
| Epoch   5, time= 11.0s | Train: skip eval | Valid: time=  0.8s loss=0.132, TAw acc= 94.8% | * lr=9.8e-03
| Epoch   6, time= 11.0s | Train: skip eval | Valid: time=  0.8s loss=0.143, TAw acc= 93.6% | lr=9.7e-03
| Epoch   7, time= 11.1s | Train: skip eval | Valid: time=  0.8s loss=0.256, TAw acc= 90.8% | lr=9.5e-03
| Epoch   8, time= 11.0s | Train: skip eval | Valid: time=  0.7s loss=0.123, TAw acc= 96.0% | * lr=9.4e-03
| Epoch   9, time= 11.0s | Train: skip eval | Valid: time=  0.8s loss=0.122, TAw acc= 96.4% | * lr=9.2e-03
| Epoch  10, time= 11.1s | Train: skip eval | Valid: time=  0.8s loss=0.106, TAw acc= 95.4% | * lr=9.1e-03
| Epoch  11, time= 11.2s | Train: skip eval | Valid: time=  0.8s loss=0.138, TAw acc= 95.6% | lr=8.9e-03
| Epoch  12, time= 11.1s | Train: skip eval | Valid: time=  0.8s loss=0.111, TAw acc= 96.0% | lr=8.7e-03
| Epoch  13, time= 11.0s | Train: skip eval | Valid: time=  0.8s loss=0.157, TAw acc= 95.0% | lr=8.4e-03
| Epoch  14, time= 11.2s | Train: skip eval | Valid: time=  0.8s loss=0.172, TAw acc= 93.0% | lr=8.2e-03
| Epoch  15, time= 11.1s | Train: skip eval | Valid: time=  0.8s loss=0.106, TAw acc= 96.2% | lr=8.0e-03
| Epoch  16, time= 11.0s | Train: skip eval | Valid: time=  0.8s loss=0.110, TAw acc= 97.0% | lr=7.7e-03
| Epoch  17, time= 11.1s | Train: skip eval | Valid: time=  0.8s loss=0.117, TAw acc= 95.8% | lr=7.4e-03
| Epoch  18, time= 11.1s | Train: skip eval | Valid: time=  0.8s loss=0.183, TAw acc= 93.8% | lr=7.2e-03
| Epoch  19, time= 11.2s | Train: skip eval | Valid: time=  0.8s loss=0.202, TAw acc= 93.4% | lr=6.9e-03
| Epoch  20, time= 11.1s | Train: skip eval | Valid: time=  0.8s loss=0.111, TAw acc= 96.0% | lr=6.6e-03
| Epoch  21, time= 11.2s | Train: skip eval | Valid: time=  0.8s loss=0.107, TAw acc= 97.4% | lr=6.3e-03
| Epoch  22, time= 11.2s | Train: skip eval | Valid: time=  0.8s loss=0.114, TAw acc= 96.6% | lr=6.0e-03
| Epoch  23, time= 11.1s | Train: skip eval | Valid: time=  0.8s loss=0.141, TAw acc= 95.0% | lr=5.7e-03
| Epoch  24, time= 11.1s | Train: skip eval | Valid: time=  0.8s loss=0.117, TAw acc= 96.4% | lr=5.4e-03
| Epoch  25, time= 11.1s | Train: skip eval | Valid: time=  0.7s loss=0.120, TAw acc= 96.6% | lr=5.1e-03
| Epoch  26, time= 11.1s | Train: skip eval | Valid: time=  0.9s loss=0.134, TAw acc= 96.2% | lr=4.7e-03
| Epoch  27, time= 11.2s | Train: skip eval | Valid: time=  0.8s loss=0.133, TAw acc= 96.4% | lr=4.4e-03
| Epoch  28, time= 11.1s | Train: skip eval | Valid: time=  0.8s loss=0.129, TAw acc= 96.6% | lr=4.1e-03
| Epoch  29, time= 11.2s | Train: skip eval | Valid: time=  0.8s loss=0.127, TAw acc= 96.2% | lr=3.8e-03
| Epoch  30, time= 11.2s | Train: skip eval | Valid: time=  0.8s loss=0.123, TAw acc= 96.0% | lr=3.5e-03
| Epoch  31, time= 11.2s | Train: skip eval | Valid: time=  0.8s loss=0.120, TAw acc= 95.8% | lr=3.2e-03
| Epoch  32, time= 11.2s | Train: skip eval | Valid: time=  0.8s loss=0.129, TAw acc= 96.2% | lr=2.9e-03
| Epoch  33, time= 11.1s | Train: skip eval | Valid: time=  0.8s loss=0.117, TAw acc= 96.4% | lr=2.7e-03
| Epoch  34, time= 11.2s | Train: skip eval | Valid: time=  0.8s loss=0.122, TAw acc= 96.2% | lr=2.4e-03
| Epoch  35, time= 11.1s | Train: skip eval | Valid: time=  0.8s loss=0.122, TAw acc= 96.0% | lr=2.1e-03
| Epoch  36, time= 11.2s | Train: skip eval | Valid: time=  0.8s loss=0.124, TAw acc= 95.8% | lr=1.9e-03
| Epoch  37, time= 11.2s | Train: skip eval | Valid: time=  0.8s loss=0.126, TAw acc= 95.8% | lr=1.7e-03
| Epoch  38, time= 11.2s | Train: skip eval | Valid: time=  0.8s loss=0.125, TAw acc= 96.0% | lr=1.4e-03
| Epoch  39, time= 11.1s | Train: skip eval | Valid: time=  0.8s loss=0.128, TAw acc= 96.0% | lr=1.2e-03
| Epoch  40, time= 11.1s | Train: skip eval | Valid: time=  0.8s loss=0.132, TAw acc= 96.2% | lr=1.0e-03
| Epoch  41, time= 11.2s | Train: skip eval | Valid: time=  0.8s loss=0.126, TAw acc= 96.4% | lr=8.7e-04
| Epoch  42, time= 11.1s | Train: skip eval | Valid: time=  0.8s loss=0.133, TAw acc= 96.4% | lr=7.1e-04
| Epoch  43, time= 11.0s | Train: skip eval | Valid: time=  0.8s loss=0.121, TAw acc= 96.2% | lr=5.7e-04
| Epoch  44, time= 11.1s | Train: skip eval | Valid: time=  0.8s loss=0.120, TAw acc= 96.4% | lr=4.5e-04
| Epoch  45, time= 11.1s | Train: skip eval | Valid: time=  0.8s loss=0.119, TAw acc= 96.0% | lr=3.4e-04
| Epoch  46, time= 11.1s | Train: skip eval | Valid: time=  0.8s loss=0.120, TAw acc= 96.4% | lr=2.6e-04
| Epoch  47, time= 11.1s | Train: skip eval | Valid: time=  0.8s loss=0.119, TAw acc= 96.0% | lr=1.9e-04
| Epoch  48, time= 11.2s | Train: skip eval | Valid: time=  0.7s loss=0.118, TAw acc= 96.2% | lr=1.4e-04
| Epoch  49, time= 11.1s | Train: skip eval | Valid: time=  0.8s loss=0.119, TAw acc= 96.4% | lr=1.1e-04
| Epoch  50, time= 11.2s | Train: skip eval | Valid: time=  0.8s loss=0.118, TAw acc= 96.2% | lr=1.0e-04
------------------------------------------------------------------------------------------------------------
>>> Test on task  0 : loss=0.265 | TAw acc= 90.9%, forg=  5.6% | TAg acc= 38.4%, forg= 58.1% <<<
>>> Test on task  1 : loss=0.278 | TAw acc= 92.2%, forg=  5.4% | TAg acc= 25.1%, forg= 58.2% <<<
>>> Test on task  2 : loss=0.272 | TAw acc= 91.5%, forg=  7.1% | TAg acc= 44.2%, forg= 53.8% <<<
>>> Test on task  3 : loss=0.279 | TAw acc= 90.7%, forg=  4.2% | TAg acc= 48.5%, forg= 44.7% <<<
>>> Test on task  4 : loss=0.160 | TAw acc= 94.8%, forg=  2.5% | TAg acc= 64.1%, forg= 31.6% <<<
>>> Test on task  5 : loss=0.285 | TAw acc= 89.8%, forg=  4.6% | TAg acc= 37.0%, forg= 50.2% <<<
>>> Test on task  6 : loss=0.188 | TAw acc= 94.5%, forg=  2.8% | TAg acc= 62.1%, forg= 31.3% <<<
>>> Test on task  7 : loss=0.119 | TAw acc= 96.6%, forg=  1.4% | TAg acc= 74.6%, forg= 20.9% <<<
>>> Test on task  8 : loss=0.102 | TAw acc= 97.0%, forg=  1.1% | TAg acc= 83.9%, forg=  9.0% <<<
>>> Test on task  9 : loss=0.136 | TAw acc= 95.1%, forg=  0.0% | TAg acc= 89.8%, forg=  0.0% <<<
Save at ./results/./results/vit_small_patch16_224.augreg_in1k/cifar100/finetuning/10
************************************************************************************************************
TAw Acc
	 96.5%   0.0%   0.0%   0.0%   0.0%   0.0%   0.0%   0.0%   0.0%   0.0% 	Avg.: 96.5% 
	 93.8%  97.6%   0.0%   0.0%   0.0%   0.0%   0.0%   0.0%   0.0%   0.0% 	Avg.: 95.7% 
	 93.6%  96.0%  98.6%   0.0%   0.0%   0.0%   0.0%   0.0%   0.0%   0.0% 	Avg.: 96.1% 
	 92.2%  95.1%  97.8%  94.9%   0.0%   0.0%   0.0%   0.0%   0.0%   0.0% 	Avg.: 95.0% 
	 91.0%  93.8%  96.7%  93.4%  97.3%   0.0%   0.0%   0.0%   0.0%   0.0% 	Avg.: 94.4% 
	 88.2%  94.0%  94.1%  90.0%  96.8%  94.4%   0.0%   0.0%   0.0%   0.0% 	Avg.: 92.9% 
	 91.1%  94.3%  92.7%  92.1%  96.9%  91.3%  97.3%   0.0%   0.0%   0.0% 	Avg.: 93.7% 
	 90.9%  92.4%  90.6%  90.1%  96.2%  91.0%  96.5%  98.0%   0.0%   0.0% 	Avg.: 93.2% 
	 91.0%  91.7%  92.0%  90.0%  92.6%  89.4%  92.7%  96.7%  98.1%   0.0% 	Avg.: 92.7% 
	 90.9%  92.2%  91.5%  90.7%  94.8%  89.8%  94.5%  96.6%  97.0%  95.1% 	Avg.: 93.3% 
************************************************************************************************************
TAg Acc
	 96.5%   0.0%   0.0%   0.0%   0.0%   0.0%   0.0%   0.0%   0.0%   0.0% 	Avg.: 96.5% 
	 90.0%  83.3%   0.0%   0.0%   0.0%   0.0%   0.0%   0.0%   0.0%   0.0% 	Avg.: 86.7% 
	 77.9%  58.4%  98.0%   0.0%   0.0%   0.0%   0.0%   0.0%   0.0%   0.0% 	Avg.: 78.1% 
	 74.2%  45.6%  88.8%  93.2%   0.0%   0.0%   0.0%   0.0%   0.0%   0.0% 	Avg.: 75.4% 
	 66.8%  42.5%  74.1%  80.1%  95.7%   0.0%   0.0%   0.0%   0.0%   0.0% 	Avg.: 71.8% 
	 56.3%  35.2%  63.6%  68.4%  87.1%  87.2%   0.0%   0.0%   0.0%   0.0% 	Avg.: 66.3% 
	 54.0%  32.5%  61.1%  64.6%  75.4%  70.3%  93.4%   0.0%   0.0%   0.0% 	Avg.: 64.5% 
	 45.6%  28.8%  52.1%  60.6%  69.1%  45.3%  81.4%  95.5%   0.0%   0.0% 	Avg.: 59.8% 
	 44.4%  25.6%  35.2%  51.7%  60.7%  39.0%  69.7%  78.9%  92.9%   0.0% 	Avg.: 55.3% 
	 38.4%  25.1%  44.2%  48.5%  64.1%  37.0%  62.1%  74.6%  83.9%  89.8% 	Avg.: 56.8% 
************************************************************************************************************
TAw Forg
	  0.0%   0.0%   0.0%   0.0%   0.0%   0.0%   0.0%   0.0%   0.0%   0.0% 
	  2.7%   0.0%   0.0%   0.0%   0.0%   0.0%   0.0%   0.0%   0.0%   0.0% 	Avg.:  2.7% 
	  2.9%   1.6%   0.0%   0.0%   0.0%   0.0%   0.0%   0.0%   0.0%   0.0% 	Avg.:  2.2% 
	  4.3%   2.5%   0.8%   0.0%   0.0%   0.0%   0.0%   0.0%   0.0%   0.0% 	Avg.:  2.5% 
	  5.5%   3.8%   1.9%   1.5%   0.0%   0.0%   0.0%   0.0%   0.0%   0.0% 	Avg.:  3.2% 
	  8.3%   3.6%   4.5%   4.9%   0.5%   0.0%   0.0%   0.0%   0.0%   0.0% 	Avg.:  4.4% 
	  5.4%   3.3%   5.9%   2.8%   0.4%   3.1%   0.0%   0.0%   0.0%   0.0% 	Avg.:  3.5% 
	  5.6%   5.2%   8.0%   4.8%   1.1%   3.4%   0.8%   0.0%   0.0%   0.0% 	Avg.:  4.1% 
	  5.5%   5.9%   6.6%   4.9%   4.7%   5.0%   4.6%   1.3%   0.0%   0.0% 	Avg.:  4.8% 
	  5.6%   5.4%   7.1%   4.2%   2.5%   4.6%   2.8%   1.4%   1.1%   0.0% 	Avg.:  3.9% 
************************************************************************************************************
TAg Forg
	  0.0%   0.0%   0.0%   0.0%   0.0%   0.0%   0.0%   0.0%   0.0%   0.0% 
	  6.5%   0.0%   0.0%   0.0%   0.0%   0.0%   0.0%   0.0%   0.0%   0.0% 	Avg.:  6.5% 
	 18.6%  24.9%   0.0%   0.0%   0.0%   0.0%   0.0%   0.0%   0.0%   0.0% 	Avg.: 21.8% 
	 22.3%  37.7%   9.2%   0.0%   0.0%   0.0%   0.0%   0.0%   0.0%   0.0% 	Avg.: 23.1% 
	 29.7%  40.8%  23.9%  13.1%   0.0%   0.0%   0.0%   0.0%   0.0%   0.0% 	Avg.: 26.9% 
	 40.2%  48.1%  34.4%  24.8%   8.6%   0.0%   0.0%   0.0%   0.0%   0.0% 	Avg.: 31.2% 
	 42.5%  50.8%  36.9%  28.6%  20.3%  16.9%   0.0%   0.0%   0.0%   0.0% 	Avg.: 32.7% 
	 50.9%  54.5%  45.9%  32.6%  26.6%  41.9%  12.0%   0.0%   0.0%   0.0% 	Avg.: 37.8% 
	 52.1%  57.7%  62.8%  41.5%  35.0%  48.2%  23.7%  16.6%   0.0%   0.0% 	Avg.: 42.2% 
	 58.1%  58.2%  53.8%  44.7%  31.6%  50.2%  31.3%  20.9%   9.0%   0.0% 	Avg.: 39.8% 
************************************************************************************************************
[Elapsed time = 0.2 h]
Done!
