START_TASK=5 STOP_TASK=6
============================================================================================================
Arguments =
	approach: eeil
	batch_size: 64
	classes_first_task: None
	clipping: 10000
	crop: 224
	data_path: ../data/inat200
	dataset: inat200
	eval_on_train: False
	experiment_path: None
	fix_bn: False
	freeze_backbone: False
	gpu: 0
	gpus: [0]
	increment: 10
	last_layer_analysis: False
	log: ['disk']
	lr: 0.01
	lr_factor: None
	lr_min: 0.0001
	lr_patience: None
	lr_scheduler: cosine
	lr_warmup_epochs: 0
	momentum: 0.0
	multi_softmax: False
	nepochs: 90
	network: resnet50.a1_in1k
	no_cudnn_deterministic: False
	normalize: in1k
	num_workers: 2
	optimizer_name: sgd
	pin_memory: False
	pretrained: True
	resize: 224
	results_path: ./results
	save_models: True
	seed: 0
	start_at_task: 5
	start_epoch: 0
	stop_at_task: 6
	stop_epoch: 0
	use_valid_only: False
	warmup_lr_factor: 1.0
	warmup_nepochs: 0
	weight_decay: 0.0
============================================================================================================
Approach arguments =
	T: 2
	lamb: 1.0
	lr_finetuning_factor: 0.01
	nepochs_finetuning: 40
	noise_grad: False
============================================================================================================
Exemplars arguments =
	exemplar_selection: random
	num_exemplars: 4000
============================================================================================================
WARNING: ./results/resnet50.a1_in1k/inat200/eeil/10 already exists!
Loaded acc_taw from: ./results/resnet50.a1_in1k/inat200/eeil/10/acc_taw-4.txt
Loaded acc_tag from: ./results/resnet50.a1_in1k/inat200/eeil/10/acc_tag-4.txt
Loaded forg_taw from: ./results/resnet50.a1_in1k/inat200/eeil/10/forg_taw-4.txt
Loaded forg_tag from: ./results/resnet50.a1_in1k/inat200/eeil/10/forg_tag-4.txt
Loaded 4000 exemplars from ./results/resnet50.a1_in1k/inat200/eeil/10/task4_exemplars.pth
************************************************************************************************************
Task  5  [epochs 0-90]
************************************************************************************************************
[params] total:23,630,972  trainable:23,630,972  tensors:171  trainable_tensors:171
| Epoch   1, time= 31.0s | Train: skip eval | Valid: time=  2.1s loss=3.780, TAw acc= 70.2% | * lr=1.0e-02
| Epoch   2, time= 27.5s | Train: skip eval | Valid: time=  2.4s loss=2.579, TAw acc= 76.8% | * lr=1.0e-02
| Epoch   3, time= 30.0s | Train: skip eval | Valid: time=  2.4s loss=2.263, TAw acc= 78.0% | * lr=1.0e-02
| Epoch   4, time= 31.5s | Train: skip eval | Valid: time=  1.9s loss=2.112, TAw acc= 78.8% | * lr=1.0e-02
| Epoch   5, time= 27.4s | Train: skip eval | Valid: time=  2.0s loss=2.041, TAw acc= 81.5% | * lr=9.9e-03
| Epoch   6, time= 28.9s | Train: skip eval | Valid: time=  2.2s loss=1.959, TAw acc= 80.0% | * lr=9.9e-03
| Epoch   7, time= 27.3s | Train: skip eval | Valid: time=  1.9s loss=1.935, TAw acc= 82.2% | * lr=9.9e-03
| Epoch   8, time= 33.8s | Train: skip eval | Valid: time=  2.2s loss=1.881, TAw acc= 82.2% | * lr=9.8e-03
| Epoch   9, time= 27.5s | Train: skip eval | Valid: time=  2.2s loss=1.846, TAw acc= 82.8% | * lr=9.8e-03
| Epoch  10, time= 27.8s | Train: skip eval | Valid: time=  2.2s loss=1.837, TAw acc= 83.0% | * lr=9.7e-03
| Epoch  11, time= 31.9s | Train: skip eval | Valid: time=  2.2s loss=1.824, TAw acc= 82.8% | * lr=9.6e-03
| Epoch  12, time= 31.9s | Train: skip eval | Valid: time=  2.0s loss=1.805, TAw acc= 82.8% | * lr=9.6e-03
| Epoch  13, time= 29.8s | Train: skip eval | Valid: time=  2.2s loss=1.799, TAw acc= 83.5% | * lr=9.5e-03
| Epoch  14, time= 26.8s | Train: skip eval | Valid: time=  2.1s loss=1.781, TAw acc= 82.5% | * lr=9.4e-03
| Epoch  15, time= 29.6s | Train: skip eval | Valid: time=  2.1s loss=1.770, TAw acc= 82.2% | * lr=9.3e-03
| Epoch  16, time= 28.7s | Train: skip eval | Valid: time=  1.9s loss=1.772, TAw acc= 84.2% | lr=9.2e-03
| Epoch  17, time= 28.7s | Train: skip eval | Valid: time=  1.9s loss=1.731, TAw acc= 82.8% | * lr=9.2e-03
| Epoch  18, time= 30.4s | Train: skip eval | Valid: time=  1.9s loss=1.752, TAw acc= 82.8% | lr=9.1e-03
| Epoch  19, time= 27.2s | Train: skip eval | Valid: time=  1.9s loss=1.755, TAw acc= 82.2% | lr=9.0e-03
| Epoch  20, time= 34.1s | Train: skip eval | Valid: time=  1.9s loss=1.720, TAw acc= 83.5% | * lr=8.8e-03
| Epoch  21, time= 28.4s | Train: skip eval | Valid: time=  1.9s loss=1.730, TAw acc= 84.0% | lr=8.7e-03
| Epoch  22, time= 26.9s | Train: skip eval | Valid: time=  1.9s loss=1.722, TAw acc= 83.0% | lr=8.6e-03
| Epoch  23, time= 28.1s | Train: skip eval | Valid: time=  1.9s loss=1.684, TAw acc= 84.5% | * lr=8.5e-03
| Epoch  24, time= 26.8s | Train: skip eval | Valid: time=  2.1s loss=1.704, TAw acc= 83.5% | lr=8.4e-03
| Epoch  25, time= 28.0s | Train: skip eval | Valid: time=  2.2s loss=1.666, TAw acc= 85.2% | * lr=8.2e-03
| Epoch  26, time= 33.6s | Train: skip eval | Valid: time=  2.3s loss=1.682, TAw acc= 85.0% | lr=8.1e-03
| Epoch  27, time= 33.8s | Train: skip eval | Valid: time=  1.9s loss=1.688, TAw acc= 84.2% | lr=8.0e-03
| Epoch  28, time= 26.3s | Train: skip eval | Valid: time=  1.9s loss=1.665, TAw acc= 84.8% | * lr=7.8e-03
| Epoch  29, time= 35.2s | Train: skip eval | Valid: time=  2.1s loss=1.657, TAw acc= 85.0% | * lr=7.7e-03
| Epoch  30, time= 28.5s | Train: skip eval | Valid: time=  2.2s loss=1.669, TAw acc= 85.2% | lr=7.5e-03
| Epoch  31, time= 31.1s | Train: skip eval | Valid: time=  1.9s loss=1.672, TAw acc= 84.2% | lr=7.4e-03
| Epoch  32, time= 27.2s | Train: skip eval | Valid: time=  1.9s loss=1.658, TAw acc= 84.0% | lr=7.2e-03
| Epoch  33, time= 30.7s | Train: skip eval | Valid: time=  1.9s loss=1.649, TAw acc= 84.5% | * lr=7.1e-03
| Epoch  34, time= 26.8s | Train: skip eval | Valid: time=  2.2s loss=1.643, TAw acc= 85.0% | * lr=6.9e-03
| Epoch  35, time= 28.7s | Train: skip eval | Valid: time=  1.9s loss=1.650, TAw acc= 84.5% | lr=6.7e-03
| Epoch  36, time= 27.1s | Train: skip eval | Valid: time=  2.4s loss=1.632, TAw acc= 84.5% | * lr=6.6e-03
| Epoch  37, time= 32.1s | Train: skip eval | Valid: time=  1.9s loss=1.643, TAw acc= 84.2% | lr=6.4e-03
| Epoch  38, time= 29.7s | Train: skip eval | Valid: time=  1.9s loss=1.649, TAw acc= 84.0% | lr=6.2e-03
| Epoch  39, time= 33.2s | Train: skip eval | Valid: time=  1.9s loss=1.629, TAw acc= 84.8% | * lr=6.1e-03
| Epoch  40, time= 29.4s | Train: skip eval | Valid: time=  1.9s loss=1.618, TAw acc= 85.0% | * lr=5.9e-03
| Epoch  41, time= 34.4s | Train: skip eval | Valid: time=  1.9s loss=1.625, TAw acc= 85.5% | lr=5.7e-03
| Epoch  42, time= 29.5s | Train: skip eval | Valid: time=  1.9s loss=1.627, TAw acc= 85.0% | lr=5.6e-03
| Epoch  43, time= 26.7s | Train: skip eval | Valid: time=  2.2s loss=1.623, TAw acc= 85.0% | lr=5.4e-03
| Epoch  44, time= 31.3s | Train: skip eval | Valid: time=  1.9s loss=1.621, TAw acc= 85.0% | lr=5.2e-03
| Epoch  45, time= 26.3s | Train: skip eval | Valid: time=  2.4s loss=1.628, TAw acc= 87.0% | lr=5.1e-03
| Epoch  46, time= 32.7s | Train: skip eval | Valid: time=  1.9s loss=1.599, TAw acc= 86.0% | * lr=4.9e-03
| Epoch  47, time= 26.7s | Train: skip eval | Valid: time=  2.5s loss=1.633, TAw acc= 85.2% | lr=4.7e-03
| Epoch  48, time= 29.7s | Train: skip eval | Valid: time=  2.2s loss=1.590, TAw acc= 86.8% | * lr=4.5e-03
| Epoch  49, time= 28.9s | Train: skip eval | Valid: time=  1.9s loss=1.603, TAw acc= 86.0% | lr=4.4e-03
| Epoch  50, time= 29.2s | Train: skip eval | Valid: time=  1.9s loss=1.610, TAw acc= 85.8% | lr=4.2e-03
| Epoch  51, time= 28.5s | Train: skip eval | Valid: time=  2.2s loss=1.625, TAw acc= 87.0% | lr=4.0e-03
| Epoch  52, time= 27.5s | Train: skip eval | Valid: time=  2.4s loss=1.589, TAw acc= 86.8% | * lr=3.9e-03
| Epoch  53, time= 30.0s | Train: skip eval | Valid: time=  2.0s loss=1.599, TAw acc= 85.5% | lr=3.7e-03
| Epoch  54, time= 26.4s | Train: skip eval | Valid: time=  2.2s loss=1.595, TAw acc= 86.5% | lr=3.5e-03
| Epoch  55, time= 31.8s | Train: skip eval | Valid: time=  2.0s loss=1.592, TAw acc= 86.8% | lr=3.4e-03
| Epoch  56, time= 26.5s | Train: skip eval | Valid: time=  2.2s loss=1.594, TAw acc= 85.8% | lr=3.2e-03
| Epoch  57, time= 32.4s | Train: skip eval | Valid: time=  2.0s loss=1.603, TAw acc= 85.8% | lr=3.0e-03
| Epoch  58, time= 32.0s | Train: skip eval | Valid: time=  2.3s loss=1.591, TAw acc= 86.2% | lr=2.9e-03
| Epoch  59, time= 32.3s | Train: skip eval | Valid: time=  2.3s loss=1.612, TAw acc= 85.8% | lr=2.7e-03
| Epoch  60, time= 29.4s | Train: skip eval | Valid: time=  1.9s loss=1.587, TAw acc= 86.2% | * lr=2.6e-03
| Epoch  61, time= 31.6s | Train: skip eval | Valid: time=  2.2s loss=1.595, TAw acc= 87.5% | lr=2.4e-03
| Epoch  62, time= 30.7s | Train: skip eval | Valid: time=  1.9s loss=1.601, TAw acc= 85.5% | lr=2.3e-03
| Epoch  63, time= 27.3s | Train: skip eval | Valid: time=  1.9s loss=1.600, TAw acc= 86.8% | lr=2.1e-03
| Epoch  64, time= 34.9s | Train: skip eval | Valid: time=  1.9s loss=1.581, TAw acc= 86.5% | * lr=2.0e-03
| Epoch  65, time= 29.4s | Train: skip eval | Valid: time=  2.3s loss=1.603, TAw acc= 86.0% | lr=1.9e-03
| Epoch  66, time= 29.3s | Train: skip eval | Valid: time=  2.4s loss=1.590, TAw acc= 86.0% | lr=1.7e-03
| Epoch  67, time= 27.6s | Train: skip eval | Valid: time=  1.9s loss=1.591, TAw acc= 85.5% | lr=1.6e-03
| Epoch  68, time= 29.4s | Train: skip eval | Valid: time=  2.2s loss=1.602, TAw acc= 86.5% | lr=1.5e-03
| Epoch  69, time= 28.2s | Train: skip eval | Valid: time=  1.9s loss=1.586, TAw acc= 86.8% | lr=1.4e-03
| Epoch  70, time= 29.5s | Train: skip eval | Valid: time=  2.0s loss=1.592, TAw acc= 87.0% | lr=1.3e-03
| Epoch  71, time= 27.3s | Train: skip eval | Valid: time=  1.9s loss=1.575, TAw acc= 87.2% | * lr=1.1e-03
| Epoch  72, time= 28.8s | Train: skip eval | Valid: time=  1.9s loss=1.590, TAw acc= 86.8% | lr=1.0e-03
| Epoch  73, time= 28.4s | Train: skip eval | Valid: time=  2.4s loss=1.584, TAw acc= 87.5% | lr=9.5e-04
| Epoch  74, time= 28.6s | Train: skip eval | Valid: time=  1.9s loss=1.577, TAw acc= 86.8% | lr=8.5e-04
| Epoch  75, time= 31.9s | Train: skip eval | Valid: time=  2.3s loss=1.590, TAw acc= 87.0% | lr=7.6e-04
| Epoch  76, time= 27.2s | Train: skip eval | Valid: time=  1.9s loss=1.592, TAw acc= 85.8% | lr=6.8e-04
| Epoch  77, time= 27.3s | Train: skip eval | Valid: time=  1.9s loss=1.597, TAw acc= 86.0% | lr=6.0e-04
| Epoch  78, time= 34.7s | Train: skip eval | Valid: time=  1.9s loss=1.579, TAw acc= 86.2% | lr=5.3e-04
| Epoch  79, time= 30.1s | Train: skip eval | Valid: time=  2.2s loss=1.584, TAw acc= 86.5% | lr=4.6e-04
| Epoch  80, time= 33.4s | Train: skip eval | Valid: time=  2.0s loss=1.582, TAw acc= 86.8% | lr=4.0e-04
| Epoch  81, time= 27.8s | Train: skip eval | Valid: time=  1.9s loss=1.594, TAw acc= 85.8% | lr=3.4e-04
| Epoch  82, time= 26.7s | Train: skip eval | Valid: time=  1.9s loss=1.594, TAw acc= 86.8% | lr=2.9e-04
| Epoch  83, time= 28.2s | Train: skip eval | Valid: time=  1.9s loss=1.595, TAw acc= 86.2% | lr=2.5e-04
| Epoch  84, time= 27.2s | Train: skip eval | Valid: time=  1.9s loss=1.595, TAw acc= 85.5% | lr=2.1e-04
| Epoch  85, time= 31.8s | Train: skip eval | Valid: time=  1.9s loss=1.589, TAw acc= 87.0% | lr=1.8e-04
| Epoch  86, time= 26.6s | Train: skip eval | Valid: time=  2.0s loss=1.582, TAw acc= 86.5% | lr=1.5e-04
| Epoch  87, time= 33.8s | Train: skip eval | Valid: time=  1.9s loss=1.591, TAw acc= 86.2% | lr=1.3e-04
| Epoch  88, time= 31.7s | Train: skip eval | Valid: time=  1.9s loss=1.585, TAw acc= 87.0% | lr=1.1e-04
| Epoch  89, time= 26.7s | Train: skip eval | Valid: time=  1.9s loss=1.586, TAw acc= 85.5% | lr=1.0e-04
| Epoch  90, time= 29.5s | Train: skip eval | Valid: time=  1.9s loss=1.595, TAw acc= 87.0% | lr=1.0e-04
[params] total:23,630,972  trainable:23,630,972  tensors:171  trainable_tensors:171
| Epoch   1, time= 31.6s | Train: skip eval | Valid: time=  1.9s loss=1.838, TAw acc= 87.2% | * lr=1.0e-04
| Epoch   2, time= 30.6s | Train: skip eval | Valid: time=  2.4s loss=1.848, TAw acc= 86.0% | lr=1.0e-04
| Epoch   3, time= 27.4s | Train: skip eval | Valid: time=  2.3s loss=1.845, TAw acc= 86.0% | lr=1.0e-04
| Epoch   4, time= 28.7s | Train: skip eval | Valid: time=  1.9s loss=1.844, TAw acc= 85.5% | lr=1.0e-04
| Epoch   5, time= 26.1s | Train: skip eval | Valid: time=  2.0s loss=1.840, TAw acc= 86.8% | lr=1.0e-04
| Epoch   6, time= 26.5s | Train: skip eval | Valid: time=  2.5s loss=1.848, TAw acc= 85.8% | lr=1.0e-04
| Epoch   7, time= 33.9s | Train: skip eval | Valid: time=  2.1s loss=1.848, TAw acc= 86.0% | lr=1.0e-04
| Epoch   8, time= 28.8s | Train: skip eval | Valid: time=  2.2s loss=1.839, TAw acc= 86.5% | lr=1.0e-04
| Epoch   9, time= 30.5s | Train: skip eval | Valid: time=  1.9s loss=1.854, TAw acc= 86.5% | lr=1.0e-04
| Epoch  10, time= 28.4s | Train: skip eval | Valid: time=  2.0s loss=1.847, TAw acc= 86.8% | lr=1.0e-04
| Epoch  11, time= 32.8s | Train: skip eval | Valid: time=  1.9s loss=1.851, TAw acc= 87.0% | lr=1.0e-04
| Epoch  12, time= 26.5s | Train: skip eval | Valid: time=  2.3s loss=1.865, TAw acc= 85.5% | lr=1.0e-04
| Epoch  13, time= 34.1s | Train: skip eval | Valid: time=  1.9s loss=1.842, TAw acc= 87.0% | lr=1.0e-04
| Epoch  14, time= 27.4s | Train: skip eval | Valid: time=  1.9s loss=1.837, TAw acc= 86.2% | * lr=1.0e-04
| Epoch  15, time= 26.6s | Train: skip eval | Valid: time=  2.2s loss=1.849, TAw acc= 86.2% | lr=1.0e-04
| Epoch  16, time= 27.2s | Train: skip eval | Valid: time=  1.9s loss=1.844, TAw acc= 86.5% | lr=1.0e-04
| Epoch  17, time= 33.3s | Train: skip eval | Valid: time=  2.0s loss=1.838, TAw acc= 86.2% | lr=1.0e-04
| Epoch  18, time= 27.9s | Train: skip eval | Valid: time=  1.9s loss=1.844, TAw acc= 86.0% | lr=1.0e-04
| Epoch  19, time= 28.3s | Train: skip eval | Valid: time=  1.9s loss=1.866, TAw acc= 85.8% | lr=1.0e-04
| Epoch  20, time= 32.7s | Train: skip eval | Valid: time=  2.0s loss=1.848, TAw acc= 86.5% | lr=1.0e-04
| Epoch  21, time= 30.1s | Train: skip eval | Valid: time=  1.9s loss=1.842, TAw acc= 86.8% | lr=1.0e-04
| Epoch  22, time= 28.1s | Train: skip eval | Valid: time=  2.2s loss=1.851, TAw acc= 86.5% | lr=1.0e-04
| Epoch  23, time= 27.8s | Train: skip eval | Valid: time=  2.4s loss=1.857, TAw acc= 86.2% | lr=1.0e-04
| Epoch  24, time= 29.9s | Train: skip eval | Valid: time=  2.0s loss=1.840, TAw acc= 87.2% | lr=1.0e-04
| Epoch  25, time= 26.1s | Train: skip eval | Valid: time=  1.9s loss=1.848, TAw acc= 86.8% | lr=1.0e-04
| Epoch  26, time= 31.1s | Train: skip eval | Valid: time=  2.1s loss=1.848, TAw acc= 86.5% | lr=1.0e-04
| Epoch  27, time= 27.5s | Train: skip eval | Valid: time=  2.3s loss=1.844, TAw acc= 86.8% | lr=1.0e-04
| Epoch  28, time= 28.8s | Train: skip eval | Valid: time=  1.9s loss=1.843, TAw acc= 86.5% | lr=1.0e-04
| Epoch  29, time= 26.6s | Train: skip eval | Valid: time=  1.9s loss=1.847, TAw acc= 87.0% | lr=1.0e-04
| Epoch  30, time= 29.6s | Train: skip eval | Valid: time=  2.3s loss=1.848, TAw acc= 86.2% | lr=1.0e-04
| Epoch  31, time= 29.4s | Train: skip eval | Valid: time=  2.2s loss=1.856, TAw acc= 86.5% | lr=1.0e-04
| Epoch  32, time= 31.2s | Train: skip eval | Valid: time=  1.9s loss=1.851, TAw acc= 86.2% | lr=1.0e-04
| Epoch  33, time= 30.1s | Train: skip eval | Valid: time=  1.9s loss=1.836, TAw acc= 86.2% | * lr=1.0e-04
| Epoch  34, time= 27.6s | Train: skip eval | Valid: time=  2.4s loss=1.845, TAw acc= 87.0% | lr=1.0e-04
| Epoch  35, time= 28.4s | Train: skip eval | Valid: time=  2.1s loss=1.841, TAw acc= 85.8% | lr=1.0e-04
| Epoch  36, time= 28.6s | Train: skip eval | Valid: time=  1.9s loss=1.849, TAw acc= 86.2% | lr=1.0e-04
| Epoch  37, time= 28.6s | Train: skip eval | Valid: time=  1.9s loss=1.850, TAw acc= 86.2% | lr=1.0e-04
| Epoch  38, time= 28.5s | Train: skip eval | Valid: time=  1.9s loss=1.839, TAw acc= 88.0% | lr=1.0e-04
| Epoch  39, time= 26.1s | Train: skip eval | Valid: time=  1.9s loss=1.841, TAw acc= 87.2% | lr=1.0e-04
| Epoch  40, time= 31.1s | Train: skip eval | Valid: time=  2.2s loss=1.848, TAw acc= 86.0% | lr=1.0e-04
| Selected 4020 train exemplars, time=  4.3s
------------------------------------------------------------------------------------------------------------
>>> Test on task  0 : loss=1.320 | TAw acc= 90.9%, forg=  0.3% | TAg acc= 62.0%, forg= 19.3% <<<
>>> Test on task  1 : loss=1.404 | TAw acc= 87.7%, forg=  0.7% | TAg acc= 69.1%, forg=  5.6% <<<
>>> Test on task  2 : loss=1.475 | TAw acc= 91.5%, forg= -1.2% | TAg acc= 71.0%, forg= 10.7% <<<
>>> Test on task  3 : loss=1.982 | TAw acc= 85.5%, forg=  0.6% | TAg acc= 61.9%, forg= 18.6% <<<
>>> Test on task  4 : loss=2.289 | TAw acc= 89.3%, forg= -1.6% | TAg acc= 63.1%, forg= 18.2% <<<
>>> Test on task  5 : loss=1.947 | TAw acc= 86.2%, forg=  0.0% | TAg acc= 78.2%, forg=  0.0% <<<
Save at ./results/./results/resnet50.a1_in1k/inat200/eeil/10
************************************************************************************************************
TAw Acc
	 81.3%   0.0%   0.0%   0.0%   0.0%   0.0%   0.0%   0.0%   0.0%   0.0%   0.0%   0.0%   0.0%   0.0%   0.0%   0.0%   0.0%   0.0%   0.0%   0.0% 	Avg.: 81.3% 
	 87.7%  84.5%   0.0%   0.0%   0.0%   0.0%   0.0%   0.0%   0.0%   0.0%   0.0%   0.0%   0.0%   0.0%   0.0%   0.0%   0.0%   0.0%   0.0%   0.0% 	Avg.: 86.1% 
	 89.1%  86.3%  88.7%   0.0%   0.0%   0.0%   0.0%   0.0%   0.0%   0.0%   0.0%   0.0%   0.0%   0.0%   0.0%   0.0%   0.0%   0.0%   0.0%   0.0% 	Avg.: 88.0% 
	 90.4%  88.0%  90.0%  85.1%   0.0%   0.0%   0.0%   0.0%   0.0%   0.0%   0.0%   0.0%   0.0%   0.0%   0.0%   0.0%   0.0%   0.0%   0.0%   0.0% 	Avg.: 88.4% 
	 91.2%  88.4%  90.3%  86.1%  87.7%   0.0%   0.0%   0.0%   0.0%   0.0%   0.0%   0.0%   0.0%   0.0%   0.0%   0.0%   0.0%   0.0%   0.0%   0.0% 	Avg.: 88.7% 
	 90.9%  87.7%  91.5%  85.5%  89.3%  86.2%   0.0%   0.0%   0.0%   0.0%   0.0%   0.0%   0.0%   0.0%   0.0%   0.0%   0.0%   0.0%   0.0%   0.0% 	Avg.: 88.5% 
	  0.0%   0.0%   0.0%   0.0%   0.0%   0.0%   0.0%   0.0%   0.0%   0.0%   0.0%   0.0%   0.0%   0.0%   0.0%   0.0%   0.0%   0.0%   0.0%   0.0% 	Avg.:  0.0% 
	  0.0%   0.0%   0.0%   0.0%   0.0%   0.0%   0.0%   0.0%   0.0%   0.0%   0.0%   0.0%   0.0%   0.0%   0.0%   0.0%   0.0%   0.0%   0.0%   0.0% 	Avg.:  0.0% 
	  0.0%   0.0%   0.0%   0.0%   0.0%   0.0%   0.0%   0.0%   0.0%   0.0%   0.0%   0.0%   0.0%   0.0%   0.0%   0.0%   0.0%   0.0%   0.0%   0.0% 	Avg.:  0.0% 
	  0.0%   0.0%   0.0%   0.0%   0.0%   0.0%   0.0%   0.0%   0.0%   0.0%   0.0%   0.0%   0.0%   0.0%   0.0%   0.0%   0.0%   0.0%   0.0%   0.0% 	Avg.:  0.0% 
	  0.0%   0.0%   0.0%   0.0%   0.0%   0.0%   0.0%   0.0%   0.0%   0.0%   0.0%   0.0%   0.0%   0.0%   0.0%   0.0%   0.0%   0.0%   0.0%   0.0% 	Avg.:  0.0% 
	  0.0%   0.0%   0.0%   0.0%   0.0%   0.0%   0.0%   0.0%   0.0%   0.0%   0.0%   0.0%   0.0%   0.0%   0.0%   0.0%   0.0%   0.0%   0.0%   0.0% 	Avg.:  0.0% 
	  0.0%   0.0%   0.0%   0.0%   0.0%   0.0%   0.0%   0.0%   0.0%   0.0%   0.0%   0.0%   0.0%   0.0%   0.0%   0.0%   0.0%   0.0%   0.0%   0.0% 	Avg.:  0.0% 
	  0.0%   0.0%   0.0%   0.0%   0.0%   0.0%   0.0%   0.0%   0.0%   0.0%   0.0%   0.0%   0.0%   0.0%   0.0%   0.0%   0.0%   0.0%   0.0%   0.0% 	Avg.:  0.0% 
	  0.0%   0.0%   0.0%   0.0%   0.0%   0.0%   0.0%   0.0%   0.0%   0.0%   0.0%   0.0%   0.0%   0.0%   0.0%   0.0%   0.0%   0.0%   0.0%   0.0% 	Avg.:  0.0% 
	  0.0%   0.0%   0.0%   0.0%   0.0%   0.0%   0.0%   0.0%   0.0%   0.0%   0.0%   0.0%   0.0%   0.0%   0.0%   0.0%   0.0%   0.0%   0.0%   0.0% 	Avg.:  0.0% 
	  0.0%   0.0%   0.0%   0.0%   0.0%   0.0%   0.0%   0.0%   0.0%   0.0%   0.0%   0.0%   0.0%   0.0%   0.0%   0.0%   0.0%   0.0%   0.0%   0.0% 	Avg.:  0.0% 
	  0.0%   0.0%   0.0%   0.0%   0.0%   0.0%   0.0%   0.0%   0.0%   0.0%   0.0%   0.0%   0.0%   0.0%   0.0%   0.0%   0.0%   0.0%   0.0%   0.0% 	Avg.:  0.0% 
	  0.0%   0.0%   0.0%   0.0%   0.0%   0.0%   0.0%   0.0%   0.0%   0.0%   0.0%   0.0%   0.0%   0.0%   0.0%   0.0%   0.0%   0.0%   0.0%   0.0% 	Avg.:  0.0% 
	  0.0%   0.0%   0.0%   0.0%   0.0%   0.0%   0.0%   0.0%   0.0%   0.0%   0.0%   0.0%   0.0%   0.0%   0.0%   0.0%   0.0%   0.0%   0.0%   0.0% 	Avg.:  0.0% 
************************************************************************************************************
TAg Acc
	 81.3%   0.0%   0.0%   0.0%   0.0%   0.0%   0.0%   0.0%   0.0%   0.0%   0.0%   0.0%   0.0%   0.0%   0.0%   0.0%   0.0%   0.0%   0.0%   0.0% 	Avg.: 81.3% 
	 80.3%  73.9%   0.0%   0.0%   0.0%   0.0%   0.0%   0.0%   0.0%   0.0%   0.0%   0.0%   0.0%   0.0%   0.0%   0.0%   0.0%   0.0%   0.0%   0.0% 	Avg.: 77.1% 
	 74.9%  74.7%  81.7%   0.0%   0.0%   0.0%   0.0%   0.0%   0.0%   0.0%   0.0%   0.0%   0.0%   0.0%   0.0%   0.0%   0.0%   0.0%   0.0%   0.0% 	Avg.: 77.1% 
	 72.9%  67.0%  74.1%  80.5%   0.0%   0.0%   0.0%   0.0%   0.0%   0.0%   0.0%   0.0%   0.0%   0.0%   0.0%   0.0%   0.0%   0.0%   0.0%   0.0% 	Avg.: 73.6% 
	 67.1%  67.7%  71.9%  65.4%  81.3%   0.0%   0.0%   0.0%   0.0%   0.0%   0.0%   0.0%   0.0%   0.0%   0.0%   0.0%   0.0%   0.0%   0.0%   0.0% 	Avg.: 70.7% 
	 62.0%  69.1%  71.0%  61.9%  63.1%  78.2%   0.0%   0.0%   0.0%   0.0%   0.0%   0.0%   0.0%   0.0%   0.0%   0.0%   0.0%   0.0%   0.0%   0.0% 	Avg.: 67.5% 
	  0.0%   0.0%   0.0%   0.0%   0.0%   0.0%   0.0%   0.0%   0.0%   0.0%   0.0%   0.0%   0.0%   0.0%   0.0%   0.0%   0.0%   0.0%   0.0%   0.0% 	Avg.:  0.0% 
	  0.0%   0.0%   0.0%   0.0%   0.0%   0.0%   0.0%   0.0%   0.0%   0.0%   0.0%   0.0%   0.0%   0.0%   0.0%   0.0%   0.0%   0.0%   0.0%   0.0% 	Avg.:  0.0% 
	  0.0%   0.0%   0.0%   0.0%   0.0%   0.0%   0.0%   0.0%   0.0%   0.0%   0.0%   0.0%   0.0%   0.0%   0.0%   0.0%   0.0%   0.0%   0.0%   0.0% 	Avg.:  0.0% 
	  0.0%   0.0%   0.0%   0.0%   0.0%   0.0%   0.0%   0.0%   0.0%   0.0%   0.0%   0.0%   0.0%   0.0%   0.0%   0.0%   0.0%   0.0%   0.0%   0.0% 	Avg.:  0.0% 
	  0.0%   0.0%   0.0%   0.0%   0.0%   0.0%   0.0%   0.0%   0.0%   0.0%   0.0%   0.0%   0.0%   0.0%   0.0%   0.0%   0.0%   0.0%   0.0%   0.0% 	Avg.:  0.0% 
	  0.0%   0.0%   0.0%   0.0%   0.0%   0.0%   0.0%   0.0%   0.0%   0.0%   0.0%   0.0%   0.0%   0.0%   0.0%   0.0%   0.0%   0.0%   0.0%   0.0% 	Avg.:  0.0% 
	  0.0%   0.0%   0.0%   0.0%   0.0%   0.0%   0.0%   0.0%   0.0%   0.0%   0.0%   0.0%   0.0%   0.0%   0.0%   0.0%   0.0%   0.0%   0.0%   0.0% 	Avg.:  0.0% 
	  0.0%   0.0%   0.0%   0.0%   0.0%   0.0%   0.0%   0.0%   0.0%   0.0%   0.0%   0.0%   0.0%   0.0%   0.0%   0.0%   0.0%   0.0%   0.0%   0.0% 	Avg.:  0.0% 
	  0.0%   0.0%   0.0%   0.0%   0.0%   0.0%   0.0%   0.0%   0.0%   0.0%   0.0%   0.0%   0.0%   0.0%   0.0%   0.0%   0.0%   0.0%   0.0%   0.0% 	Avg.:  0.0% 
	  0.0%   0.0%   0.0%   0.0%   0.0%   0.0%   0.0%   0.0%   0.0%   0.0%   0.0%   0.0%   0.0%   0.0%   0.0%   0.0%   0.0%   0.0%   0.0%   0.0% 	Avg.:  0.0% 
	  0.0%   0.0%   0.0%   0.0%   0.0%   0.0%   0.0%   0.0%   0.0%   0.0%   0.0%   0.0%   0.0%   0.0%   0.0%   0.0%   0.0%   0.0%   0.0%   0.0% 	Avg.:  0.0% 
	  0.0%   0.0%   0.0%   0.0%   0.0%   0.0%   0.0%   0.0%   0.0%   0.0%   0.0%   0.0%   0.0%   0.0%   0.0%   0.0%   0.0%   0.0%   0.0%   0.0% 	Avg.:  0.0% 
	  0.0%   0.0%   0.0%   0.0%   0.0%   0.0%   0.0%   0.0%   0.0%   0.0%   0.0%   0.0%   0.0%   0.0%   0.0%   0.0%   0.0%   0.0%   0.0%   0.0% 	Avg.:  0.0% 
	  0.0%   0.0%   0.0%   0.0%   0.0%   0.0%   0.0%   0.0%   0.0%   0.0%   0.0%   0.0%   0.0%   0.0%   0.0%   0.0%   0.0%   0.0%   0.0%   0.0% 	Avg.:  0.0% 
************************************************************************************************************
TAw Forg
	  0.0%   0.0%   0.0%   0.0%   0.0%   0.0%   0.0%   0.0%   0.0%   0.0%   0.0%   0.0%   0.0%   0.0%   0.0%   0.0%   0.0%   0.0%   0.0%   0.0% 
	 -6.4%   0.0%   0.0%   0.0%   0.0%   0.0%   0.0%   0.0%   0.0%   0.0%   0.0%   0.0%   0.0%   0.0%   0.0%   0.0%   0.0%   0.0%   0.0%   0.0% 	Avg.: -6.4% 
	 -1.4%  -1.8%   0.0%   0.0%   0.0%   0.0%   0.0%   0.0%   0.0%   0.0%   0.0%   0.0%   0.0%   0.0%   0.0%   0.0%   0.0%   0.0%   0.0%   0.0% 	Avg.: -1.6% 
	 -1.3%  -1.7%  -1.3%   0.0%   0.0%   0.0%   0.0%   0.0%   0.0%   0.0%   0.0%   0.0%   0.0%   0.0%   0.0%   0.0%   0.0%   0.0%   0.0%   0.0% 	Avg.: -1.4% 
	 -0.8%  -0.4%  -0.3%  -1.0%   0.0%   0.0%   0.0%   0.0%   0.0%   0.0%   0.0%   0.0%   0.0%   0.0%   0.0%   0.0%   0.0%   0.0%   0.0%   0.0% 	Avg.: -0.6% 
	  0.3%   0.7%  -1.2%   0.6%  -1.6%   0.0%   0.0%   0.0%   0.0%   0.0%   0.0%   0.0%   0.0%   0.0%   0.0%   0.0%   0.0%   0.0%   0.0%   0.0% 	Avg.: -0.2% 
	  0.0%   0.0%   0.0%   0.0%   0.0%   0.0%   0.0%   0.0%   0.0%   0.0%   0.0%   0.0%   0.0%   0.0%   0.0%   0.0%   0.0%   0.0%   0.0%   0.0% 	Avg.:  0.0% 
	  0.0%   0.0%   0.0%   0.0%   0.0%   0.0%   0.0%   0.0%   0.0%   0.0%   0.0%   0.0%   0.0%   0.0%   0.0%   0.0%   0.0%   0.0%   0.0%   0.0% 	Avg.:  0.0% 
	  0.0%   0.0%   0.0%   0.0%   0.0%   0.0%   0.0%   0.0%   0.0%   0.0%   0.0%   0.0%   0.0%   0.0%   0.0%   0.0%   0.0%   0.0%   0.0%   0.0% 	Avg.:  0.0% 
	  0.0%   0.0%   0.0%   0.0%   0.0%   0.0%   0.0%   0.0%   0.0%   0.0%   0.0%   0.0%   0.0%   0.0%   0.0%   0.0%   0.0%   0.0%   0.0%   0.0% 	Avg.:  0.0% 
	  0.0%   0.0%   0.0%   0.0%   0.0%   0.0%   0.0%   0.0%   0.0%   0.0%   0.0%   0.0%   0.0%   0.0%   0.0%   0.0%   0.0%   0.0%   0.0%   0.0% 	Avg.:  0.0% 
	  0.0%   0.0%   0.0%   0.0%   0.0%   0.0%   0.0%   0.0%   0.0%   0.0%   0.0%   0.0%   0.0%   0.0%   0.0%   0.0%   0.0%   0.0%   0.0%   0.0% 	Avg.:  0.0% 
	  0.0%   0.0%   0.0%   0.0%   0.0%   0.0%   0.0%   0.0%   0.0%   0.0%   0.0%   0.0%   0.0%   0.0%   0.0%   0.0%   0.0%   0.0%   0.0%   0.0% 	Avg.:  0.0% 
	  0.0%   0.0%   0.0%   0.0%   0.0%   0.0%   0.0%   0.0%   0.0%   0.0%   0.0%   0.0%   0.0%   0.0%   0.0%   0.0%   0.0%   0.0%   0.0%   0.0% 	Avg.:  0.0% 
	  0.0%   0.0%   0.0%   0.0%   0.0%   0.0%   0.0%   0.0%   0.0%   0.0%   0.0%   0.0%   0.0%   0.0%   0.0%   0.0%   0.0%   0.0%   0.0%   0.0% 	Avg.:  0.0% 
	  0.0%   0.0%   0.0%   0.0%   0.0%   0.0%   0.0%   0.0%   0.0%   0.0%   0.0%   0.0%   0.0%   0.0%   0.0%   0.0%   0.0%   0.0%   0.0%   0.0% 	Avg.:  0.0% 
	  0.0%   0.0%   0.0%   0.0%   0.0%   0.0%   0.0%   0.0%   0.0%   0.0%   0.0%   0.0%   0.0%   0.0%   0.0%   0.0%   0.0%   0.0%   0.0%   0.0% 	Avg.:  0.0% 
	  0.0%   0.0%   0.0%   0.0%   0.0%   0.0%   0.0%   0.0%   0.0%   0.0%   0.0%   0.0%   0.0%   0.0%   0.0%   0.0%   0.0%   0.0%   0.0%   0.0% 	Avg.:  0.0% 
	  0.0%   0.0%   0.0%   0.0%   0.0%   0.0%   0.0%   0.0%   0.0%   0.0%   0.0%   0.0%   0.0%   0.0%   0.0%   0.0%   0.0%   0.0%   0.0%   0.0% 	Avg.:  0.0% 
	  0.0%   0.0%   0.0%   0.0%   0.0%   0.0%   0.0%   0.0%   0.0%   0.0%   0.0%   0.0%   0.0%   0.0%   0.0%   0.0%   0.0%   0.0%   0.0%   0.0% 	Avg.:  0.0% 
************************************************************************************************************
TAg Forg
	  0.0%   0.0%   0.0%   0.0%   0.0%   0.0%   0.0%   0.0%   0.0%   0.0%   0.0%   0.0%   0.0%   0.0%   0.0%   0.0%   0.0%   0.0%   0.0%   0.0% 
	  1.0%   0.0%   0.0%   0.0%   0.0%   0.0%   0.0%   0.0%   0.0%   0.0%   0.0%   0.0%   0.0%   0.0%   0.0%   0.0%   0.0%   0.0%   0.0%   0.0% 	Avg.:  1.0% 
	  6.4%  -0.8%   0.0%   0.0%   0.0%   0.0%   0.0%   0.0%   0.0%   0.0%   0.0%   0.0%   0.0%   0.0%   0.0%   0.0%   0.0%   0.0%   0.0%   0.0% 	Avg.:  2.8% 
	  8.4%   7.7%   7.6%   0.0%   0.0%   0.0%   0.0%   0.0%   0.0%   0.0%   0.0%   0.0%   0.0%   0.0%   0.0%   0.0%   0.0%   0.0%   0.0%   0.0% 	Avg.:  7.9% 
	 14.2%   7.0%   9.8%  15.1%   0.0%   0.0%   0.0%   0.0%   0.0%   0.0%   0.0%   0.0%   0.0%   0.0%   0.0%   0.0%   0.0%   0.0%   0.0%   0.0% 	Avg.: 11.5% 
	 19.3%   5.6%  10.7%  18.6%  18.2%   0.0%   0.0%   0.0%   0.0%   0.0%   0.0%   0.0%   0.0%   0.0%   0.0%   0.0%   0.0%   0.0%   0.0%   0.0% 	Avg.: 14.5% 
	  0.0%   0.0%   0.0%   0.0%   0.0%   0.0%   0.0%   0.0%   0.0%   0.0%   0.0%   0.0%   0.0%   0.0%   0.0%   0.0%   0.0%   0.0%   0.0%   0.0% 	Avg.:  0.0% 
	  0.0%   0.0%   0.0%   0.0%   0.0%   0.0%   0.0%   0.0%   0.0%   0.0%   0.0%   0.0%   0.0%   0.0%   0.0%   0.0%   0.0%   0.0%   0.0%   0.0% 	Avg.:  0.0% 
	  0.0%   0.0%   0.0%   0.0%   0.0%   0.0%   0.0%   0.0%   0.0%   0.0%   0.0%   0.0%   0.0%   0.0%   0.0%   0.0%   0.0%   0.0%   0.0%   0.0% 	Avg.:  0.0% 
	  0.0%   0.0%   0.0%   0.0%   0.0%   0.0%   0.0%   0.0%   0.0%   0.0%   0.0%   0.0%   0.0%   0.0%   0.0%   0.0%   0.0%   0.0%   0.0%   0.0% 	Avg.:  0.0% 
	  0.0%   0.0%   0.0%   0.0%   0.0%   0.0%   0.0%   0.0%   0.0%   0.0%   0.0%   0.0%   0.0%   0.0%   0.0%   0.0%   0.0%   0.0%   0.0%   0.0% 	Avg.:  0.0% 
	  0.0%   0.0%   0.0%   0.0%   0.0%   0.0%   0.0%   0.0%   0.0%   0.0%   0.0%   0.0%   0.0%   0.0%   0.0%   0.0%   0.0%   0.0%   0.0%   0.0% 	Avg.:  0.0% 
	  0.0%   0.0%   0.0%   0.0%   0.0%   0.0%   0.0%   0.0%   0.0%   0.0%   0.0%   0.0%   0.0%   0.0%   0.0%   0.0%   0.0%   0.0%   0.0%   0.0% 	Avg.:  0.0% 
	  0.0%   0.0%   0.0%   0.0%   0.0%   0.0%   0.0%   0.0%   0.0%   0.0%   0.0%   0.0%   0.0%   0.0%   0.0%   0.0%   0.0%   0.0%   0.0%   0.0% 	Avg.:  0.0% 
	  0.0%   0.0%   0.0%   0.0%   0.0%   0.0%   0.0%   0.0%   0.0%   0.0%   0.0%   0.0%   0.0%   0.0%   0.0%   0.0%   0.0%   0.0%   0.0%   0.0% 	Avg.:  0.0% 
	  0.0%   0.0%   0.0%   0.0%   0.0%   0.0%   0.0%   0.0%   0.0%   0.0%   0.0%   0.0%   0.0%   0.0%   0.0%   0.0%   0.0%   0.0%   0.0%   0.0% 	Avg.:  0.0% 
	  0.0%   0.0%   0.0%   0.0%   0.0%   0.0%   0.0%   0.0%   0.0%   0.0%   0.0%   0.0%   0.0%   0.0%   0.0%   0.0%   0.0%   0.0%   0.0%   0.0% 	Avg.:  0.0% 
	  0.0%   0.0%   0.0%   0.0%   0.0%   0.0%   0.0%   0.0%   0.0%   0.0%   0.0%   0.0%   0.0%   0.0%   0.0%   0.0%   0.0%   0.0%   0.0%   0.0% 	Avg.:  0.0% 
	  0.0%   0.0%   0.0%   0.0%   0.0%   0.0%   0.0%   0.0%   0.0%   0.0%   0.0%   0.0%   0.0%   0.0%   0.0%   0.0%   0.0%   0.0%   0.0%   0.0% 	Avg.:  0.0% 
	  0.0%   0.0%   0.0%   0.0%   0.0%   0.0%   0.0%   0.0%   0.0%   0.0%   0.0%   0.0%   0.0%   0.0%   0.0%   0.0%   0.0%   0.0%   0.0%   0.0% 	Avg.:  0.0% 
************************************************************************************************************
[Elapsed time = 1.2 h]
Done!
