START_TASK=18 STOP_TASK=19
============================================================================================================
Arguments =
	approach: eeil
	batch_size: 64
	classes_first_task: None
	clipping: 10000
	crop: 224
	data_path: ../data/inat200
	dataset: inat200
	eval_on_train: False
	experiment_path: None
	fix_bn: False
	freeze_backbone: False
	gpu: 0
	gpus: [0]
	increment: 10
	last_layer_analysis: False
	log: ['disk']
	lr: 0.01
	lr_factor: None
	lr_min: 0.0001
	lr_patience: None
	lr_scheduler: cosine
	lr_warmup_epochs: 0
	momentum: 0.0
	multi_softmax: False
	nepochs: 90
	network: resnet50.a1_in1k
	no_cudnn_deterministic: False
	normalize: in1k
	num_workers: 2
	optimizer_name: sgd
	pin_memory: False
	pretrained: True
	resize: 224
	results_path: ./results
	save_models: True
	seed: 0
	start_at_task: 18
	start_epoch: 0
	stop_at_task: 19
	stop_epoch: 0
	use_valid_only: False
	warmup_lr_factor: 1.0
	warmup_nepochs: 0
	weight_decay: 0.0
============================================================================================================
Approach arguments =
	T: 2
	lamb: 1.0
	lr_finetuning_factor: 0.01
	nepochs_finetuning: 40
	noise_grad: False
============================================================================================================
Exemplars arguments =
	exemplar_selection: random
	num_exemplars: 4000
============================================================================================================
WARNING: ./results/resnet50.a1_in1k/inat200/eeil/10 already exists!
Loaded acc_taw from: ./results/resnet50.a1_in1k/inat200/eeil/10/acc_taw-17.txt
Loaded acc_tag from: ./results/resnet50.a1_in1k/inat200/eeil/10/acc_tag-17.txt
Loaded forg_taw from: ./results/resnet50.a1_in1k/inat200/eeil/10/forg_taw-17.txt
Loaded forg_tag from: ./results/resnet50.a1_in1k/inat200/eeil/10/forg_tag-17.txt
Loaded 4140 exemplars from ./results/resnet50.a1_in1k/inat200/eeil/10/task17_exemplars.pth
************************************************************************************************************
Task 18  [epochs 0-90]
************************************************************************************************************
[params] total:23,897,342  trainable:23,897,342  tensors:197  trainable_tensors:197
| Epoch   1, time= 30.6s | Train: skip eval | Valid: time=  2.0s loss=5.825, TAw acc= 74.0% | * lr=1.0e-02
| Epoch   2, time= 31.2s | Train: skip eval | Valid: time=  2.4s loss=4.985, TAw acc= 79.0% | * lr=1.0e-02
| Epoch   3, time= 30.0s | Train: skip eval | Valid: time=  2.1s loss=4.811, TAw acc= 80.5% | * lr=1.0e-02
| Epoch   4, time= 29.3s | Train: skip eval | Valid: time=  2.1s loss=4.750, TAw acc= 81.2% | * lr=1.0e-02
| Epoch   5, time= 32.0s | Train: skip eval | Valid: time=  2.1s loss=4.704, TAw acc= 82.2% | * lr=9.9e-03
| Epoch   6, time= 29.9s | Train: skip eval | Valid: time=  2.5s loss=4.663, TAw acc= 81.5% | * lr=9.9e-03
| Epoch   7, time= 29.7s | Train: skip eval | Valid: time=  2.2s loss=4.668, TAw acc= 82.2% | lr=9.9e-03
| Epoch   8, time= 29.0s | Train: skip eval | Valid: time=  2.3s loss=4.611, TAw acc= 83.2% | * lr=9.8e-03
| Epoch   9, time= 31.9s | Train: skip eval | Valid: time=  1.9s loss=4.596, TAw acc= 84.5% | * lr=9.8e-03
| Epoch  10, time= 31.4s | Train: skip eval | Valid: time=  2.2s loss=4.606, TAw acc= 84.0% | lr=9.7e-03
| Epoch  11, time= 32.0s | Train: skip eval | Valid: time=  2.2s loss=4.571, TAw acc= 85.2% | * lr=9.6e-03
| Epoch  12, time= 28.2s | Train: skip eval | Valid: time=  2.0s loss=4.561, TAw acc= 85.2% | * lr=9.6e-03
| Epoch  13, time= 30.0s | Train: skip eval | Valid: time=  2.4s loss=4.557, TAw acc= 83.8% | * lr=9.5e-03
| Epoch  14, time= 29.6s | Train: skip eval | Valid: time=  2.5s loss=4.541, TAw acc= 85.2% | * lr=9.4e-03
| Epoch  15, time= 29.7s | Train: skip eval | Valid: time=  2.1s loss=4.544, TAw acc= 84.0% | lr=9.3e-03
| Epoch  16, time= 31.1s | Train: skip eval | Valid: time=  2.0s loss=4.530, TAw acc= 85.2% | * lr=9.2e-03
| Epoch  17, time= 31.7s | Train: skip eval | Valid: time=  2.4s loss=4.531, TAw acc= 86.0% | lr=9.2e-03
| Epoch  18, time= 31.8s | Train: skip eval | Valid: time=  2.0s loss=4.537, TAw acc= 85.2% | lr=9.1e-03
| Epoch  19, time= 29.6s | Train: skip eval | Valid: time=  2.1s loss=4.527, TAw acc= 85.5% | * lr=9.0e-03
| Epoch  20, time= 31.1s | Train: skip eval | Valid: time=  2.1s loss=4.532, TAw acc= 86.5% | lr=8.8e-03
| Epoch  21, time= 30.2s | Train: skip eval | Valid: time=  2.1s loss=4.507, TAw acc= 85.5% | * lr=8.7e-03
| Epoch  22, time= 30.0s | Train: skip eval | Valid: time=  2.1s loss=4.532, TAw acc= 85.0% | lr=8.6e-03
| Epoch  23, time= 30.6s | Train: skip eval | Valid: time=  2.2s loss=4.524, TAw acc= 86.8% | lr=8.5e-03
| Epoch  24, time= 30.3s | Train: skip eval | Valid: time=  2.0s loss=4.502, TAw acc= 87.5% | * lr=8.4e-03
| Epoch  25, time= 28.0s | Train: skip eval | Valid: time=  2.0s loss=4.504, TAw acc= 86.2% | lr=8.2e-03
| Epoch  26, time= 31.2s | Train: skip eval | Valid: time=  2.1s loss=4.494, TAw acc= 85.8% | * lr=8.1e-03
| Epoch  27, time= 31.1s | Train: skip eval | Valid: time=  2.1s loss=4.496, TAw acc= 86.8% | lr=8.0e-03
| Epoch  28, time= 27.9s | Train: skip eval | Valid: time=  2.1s loss=4.489, TAw acc= 87.5% | * lr=7.8e-03
| Epoch  29, time= 30.1s | Train: skip eval | Valid: time=  2.4s loss=4.497, TAw acc= 86.2% | lr=7.7e-03
| Epoch  30, time= 32.3s | Train: skip eval | Valid: time=  2.0s loss=4.487, TAw acc= 87.5% | * lr=7.5e-03
| Epoch  31, time= 30.5s | Train: skip eval | Valid: time=  2.6s loss=4.486, TAw acc= 86.5% | * lr=7.4e-03
| Epoch  32, time= 29.6s | Train: skip eval | Valid: time=  2.0s loss=4.478, TAw acc= 86.5% | * lr=7.2e-03
| Epoch  33, time= 29.7s | Train: skip eval | Valid: time=  2.4s loss=4.480, TAw acc= 87.0% | lr=7.1e-03
| Epoch  34, time= 29.7s | Train: skip eval | Valid: time=  2.0s loss=4.477, TAw acc= 86.2% | * lr=6.9e-03
| Epoch  35, time= 29.3s | Train: skip eval | Valid: time=  2.0s loss=4.484, TAw acc= 87.2% | lr=6.7e-03
| Epoch  36, time= 28.8s | Train: skip eval | Valid: time=  2.0s loss=4.477, TAw acc= 86.8% | * lr=6.6e-03
| Epoch  37, time= 31.1s | Train: skip eval | Valid: time=  2.0s loss=4.464, TAw acc= 88.0% | * lr=6.4e-03
| Epoch  38, time= 29.2s | Train: skip eval | Valid: time=  2.0s loss=4.486, TAw acc= 86.8% | lr=6.2e-03
| Epoch  39, time= 31.5s | Train: skip eval | Valid: time=  2.6s loss=4.478, TAw acc= 86.8% | lr=6.1e-03
| Epoch  40, time= 36.5s | Train: skip eval | Valid: time=  2.3s loss=4.472, TAw acc= 86.8% | lr=5.9e-03
| Epoch  41, time= 30.2s | Train: skip eval | Valid: time=  2.0s loss=4.468, TAw acc= 87.5% | lr=5.7e-03
| Epoch  42, time= 32.4s | Train: skip eval | Valid: time=  2.0s loss=4.477, TAw acc= 87.0% | lr=5.6e-03
| Epoch  43, time= 31.3s | Train: skip eval | Valid: time=  2.0s loss=4.463, TAw acc= 87.2% | * lr=5.4e-03
| Epoch  44, time= 29.4s | Train: skip eval | Valid: time=  2.1s loss=4.472, TAw acc= 87.8% | lr=5.2e-03
| Epoch  45, time= 30.9s | Train: skip eval | Valid: time=  2.2s loss=4.464, TAw acc= 87.0% | lr=5.1e-03
| Epoch  46, time= 28.7s | Train: skip eval | Valid: time=  2.1s loss=4.457, TAw acc= 86.8% | * lr=4.9e-03
| Epoch  47, time= 31.4s | Train: skip eval | Valid: time=  1.9s loss=4.474, TAw acc= 86.8% | lr=4.7e-03
| Epoch  48, time= 32.1s | Train: skip eval | Valid: time=  2.3s loss=4.474, TAw acc= 87.0% | lr=4.5e-03
| Epoch  49, time= 31.0s | Train: skip eval | Valid: time=  2.1s loss=4.467, TAw acc= 87.2% | lr=4.4e-03
| Epoch  50, time= 29.2s | Train: skip eval | Valid: time=  2.1s loss=4.469, TAw acc= 87.5% | lr=4.2e-03
| Epoch  51, time= 29.6s | Train: skip eval | Valid: time=  2.1s loss=4.470, TAw acc= 87.2% | lr=4.0e-03
| Epoch  52, time= 35.2s | Train: skip eval | Valid: time=  2.0s loss=4.469, TAw acc= 88.5% | lr=3.9e-03
| Epoch  53, time= 30.4s | Train: skip eval | Valid: time=  2.4s loss=4.453, TAw acc= 87.8% | * lr=3.7e-03
| Epoch  54, time= 30.3s | Train: skip eval | Valid: time=  2.0s loss=4.451, TAw acc= 87.2% | * lr=3.5e-03
| Epoch  55, time= 35.4s | Train: skip eval | Valid: time=  2.4s loss=4.462, TAw acc= 88.5% | lr=3.4e-03
| Epoch  56, time= 33.9s | Train: skip eval | Valid: time=  2.5s loss=4.459, TAw acc= 87.2% | lr=3.2e-03
| Epoch  57, time= 30.1s | Train: skip eval | Valid: time=  2.0s loss=4.449, TAw acc= 88.0% | * lr=3.0e-03
| Epoch  58, time= 30.1s | Train: skip eval | Valid: time=  1.9s loss=4.461, TAw acc= 87.5% | lr=2.9e-03
| Epoch  59, time= 29.0s | Train: skip eval | Valid: time=  2.2s loss=4.454, TAw acc= 88.8% | lr=2.7e-03
| Epoch  60, time= 30.3s | Train: skip eval | Valid: time=  2.3s loss=4.452, TAw acc= 87.5% | lr=2.6e-03
| Epoch  61, time= 27.2s | Train: skip eval | Valid: time=  2.0s loss=4.448, TAw acc= 87.8% | * lr=2.4e-03
| Epoch  62, time= 29.8s | Train: skip eval | Valid: time=  2.1s loss=4.455, TAw acc= 87.8% | lr=2.3e-03
| Epoch  63, time= 33.0s | Train: skip eval | Valid: time=  1.9s loss=4.449, TAw acc= 87.0% | lr=2.1e-03
| Epoch  64, time= 27.5s | Train: skip eval | Valid: time=  2.4s loss=4.457, TAw acc= 88.0% | lr=2.0e-03
| Epoch  65, time= 31.1s | Train: skip eval | Valid: time=  2.0s loss=4.450, TAw acc= 87.0% | lr=1.9e-03
| Epoch  66, time= 28.7s | Train: skip eval | Valid: time=  2.1s loss=4.457, TAw acc= 87.5% | lr=1.7e-03
| Epoch  67, time= 32.4s | Train: skip eval | Valid: time=  2.1s loss=4.450, TAw acc= 87.5% | lr=1.6e-03
| Epoch  68, time= 28.3s | Train: skip eval | Valid: time=  2.0s loss=4.450, TAw acc= 88.0% | lr=1.5e-03
| Epoch  69, time= 31.0s | Train: skip eval | Valid: time=  2.3s loss=4.448, TAw acc= 87.2% | lr=1.4e-03
| Epoch  70, time= 30.6s | Train: skip eval | Valid: time=  2.1s loss=4.451, TAw acc= 88.2% | lr=1.3e-03
| Epoch  71, time= 29.6s | Train: skip eval | Valid: time=  2.0s loss=4.447, TAw acc= 88.2% | * lr=1.1e-03
| Epoch  72, time= 32.2s | Train: skip eval | Valid: time=  2.3s loss=4.441, TAw acc= 87.0% | * lr=1.0e-03
| Epoch  73, time= 29.4s | Train: skip eval | Valid: time=  2.2s loss=4.445, TAw acc= 87.5% | lr=9.5e-04
| Epoch  74, time= 34.3s | Train: skip eval | Valid: time=  2.0s loss=4.446, TAw acc= 87.0% | lr=8.5e-04
| Epoch  75, time= 30.8s | Train: skip eval | Valid: time=  2.5s loss=4.448, TAw acc= 87.8% | lr=7.6e-04
| Epoch  76, time= 27.9s | Train: skip eval | Valid: time=  2.0s loss=4.456, TAw acc= 87.2% | lr=6.8e-04
| Epoch  77, time= 27.8s | Train: skip eval | Valid: time=  2.0s loss=4.453, TAw acc= 88.2% | lr=6.0e-04
| Epoch  78, time= 31.3s | Train: skip eval | Valid: time=  2.0s loss=4.445, TAw acc= 87.8% | lr=5.3e-04
| Epoch  79, time= 27.4s | Train: skip eval | Valid: time=  2.3s loss=4.447, TAw acc= 87.8% | lr=4.6e-04
| Epoch  80, time= 28.0s | Train: skip eval | Valid: time=  2.0s loss=4.444, TAw acc= 88.0% | lr=4.0e-04
| Epoch  81, time= 28.6s | Train: skip eval | Valid: time=  2.0s loss=4.449, TAw acc= 87.2% | lr=3.4e-04
| Epoch  82, time= 29.2s | Train: skip eval | Valid: time=  2.2s loss=4.439, TAw acc= 87.8% | * lr=2.9e-04
| Epoch  83, time= 28.6s | Train: skip eval | Valid: time=  2.1s loss=4.448, TAw acc= 87.5% | lr=2.5e-04
| Epoch  84, time= 29.8s | Train: skip eval | Valid: time=  2.1s loss=4.452, TAw acc= 87.5% | lr=2.1e-04
| Epoch  85, time= 28.2s | Train: skip eval | Valid: time=  2.1s loss=4.449, TAw acc= 87.2% | lr=1.8e-04
| Epoch  86, time= 33.7s | Train: skip eval | Valid: time=  2.0s loss=4.444, TAw acc= 87.0% | lr=1.5e-04
| Epoch  87, time= 29.0s | Train: skip eval | Valid: time=  2.0s loss=4.450, TAw acc= 87.5% | lr=1.3e-04
| Epoch  88, time= 28.3s | Train: skip eval | Valid: time=  1.9s loss=4.447, TAw acc= 87.5% | lr=1.1e-04
| Epoch  89, time= 31.6s | Train: skip eval | Valid: time=  2.3s loss=4.452, TAw acc= 87.5% | lr=1.0e-04
| Epoch  90, time= 32.4s | Train: skip eval | Valid: time=  1.9s loss=4.448, TAw acc= 88.2% | lr=1.0e-04
[params] total:23,897,342  trainable:23,897,342  tensors:197  trainable_tensors:197
| Epoch   1, time= 31.9s | Train: skip eval | Valid: time=  2.1s loss=4.684, TAw acc= 87.2% | * lr=1.0e-04
| Epoch   2, time= 30.3s | Train: skip eval | Valid: time=  1.9s loss=4.682, TAw acc= 87.2% | * lr=1.0e-04
| Epoch   3, time= 28.7s | Train: skip eval | Valid: time=  2.5s loss=4.682, TAw acc= 87.8% | * lr=1.0e-04
| Epoch   4, time= 30.0s | Train: skip eval | Valid: time=  1.9s loss=4.678, TAw acc= 87.8% | * lr=1.0e-04
| Epoch   5, time= 29.0s | Train: skip eval | Valid: time=  2.0s loss=4.701, TAw acc= 88.2% | lr=1.0e-04
| Epoch   6, time= 30.7s | Train: skip eval | Valid: time=  2.0s loss=4.677, TAw acc= 87.8% | * lr=1.0e-04
| Epoch   7, time= 29.6s | Train: skip eval | Valid: time=  1.9s loss=4.685, TAw acc= 87.5% | lr=1.0e-04
| Epoch   8, time= 29.0s | Train: skip eval | Valid: time=  2.0s loss=4.682, TAw acc= 87.5% | lr=1.0e-04
| Epoch   9, time= 29.6s | Train: skip eval | Valid: time=  2.0s loss=4.693, TAw acc= 88.0% | lr=1.0e-04
| Epoch  10, time= 36.2s | Train: skip eval | Valid: time=  2.1s loss=4.685, TAw acc= 87.2% | lr=1.0e-04
| Epoch  11, time= 30.7s | Train: skip eval | Valid: time=  1.9s loss=4.685, TAw acc= 88.0% | lr=1.0e-04
| Epoch  12, time= 30.2s | Train: skip eval | Valid: time=  1.9s loss=4.686, TAw acc= 87.8% | lr=1.0e-04
| Epoch  13, time= 33.6s | Train: skip eval | Valid: time=  2.5s loss=4.681, TAw acc= 86.8% | lr=1.0e-04
| Epoch  14, time= 30.9s | Train: skip eval | Valid: time=  2.4s loss=4.682, TAw acc= 87.5% | lr=1.0e-04
| Epoch  15, time= 33.8s | Train: skip eval | Valid: time=  2.7s loss=4.682, TAw acc= 87.5% | lr=1.0e-04
| Epoch  16, time= 31.7s | Train: skip eval | Valid: time=  2.0s loss=4.679, TAw acc= 88.0% | lr=1.0e-04
| Epoch  17, time= 30.1s | Train: skip eval | Valid: time=  2.3s loss=4.693, TAw acc= 88.0% | lr=1.0e-04
| Epoch  18, time= 31.0s | Train: skip eval | Valid: time=  2.0s loss=4.680, TAw acc= 87.5% | lr=1.0e-04
| Epoch  19, time= 28.6s | Train: skip eval | Valid: time=  2.4s loss=4.687, TAw acc= 87.5% | lr=1.0e-04
| Epoch  20, time= 29.1s | Train: skip eval | Valid: time=  2.0s loss=4.684, TAw acc= 87.5% | lr=1.0e-04
| Epoch  21, time= 32.2s | Train: skip eval | Valid: time=  2.6s loss=4.683, TAw acc= 87.5% | lr=1.0e-04
| Epoch  22, time= 29.4s | Train: skip eval | Valid: time=  2.0s loss=4.684, TAw acc= 87.2% | lr=1.0e-04
| Epoch  23, time= 28.8s | Train: skip eval | Valid: time=  2.0s loss=4.686, TAw acc= 87.5% | lr=1.0e-04
| Epoch  24, time= 34.4s | Train: skip eval | Valid: time=  2.1s loss=4.684, TAw acc= 87.2% | lr=1.0e-04
| Epoch  25, time= 29.5s | Train: skip eval | Valid: time=  2.0s loss=4.686, TAw acc= 87.8% | lr=1.0e-04
| Epoch  26, time= 29.1s | Train: skip eval | Valid: time=  2.0s loss=4.693, TAw acc= 88.0% | lr=1.0e-04
| Epoch  27, time= 32.5s | Train: skip eval | Valid: time=  2.1s loss=4.692, TAw acc= 87.8% | lr=1.0e-04
| Epoch  28, time= 29.8s | Train: skip eval | Valid: time=  2.0s loss=4.684, TAw acc= 87.2% | lr=1.0e-04
| Epoch  29, time= 27.6s | Train: skip eval | Valid: time=  2.4s loss=4.694, TAw acc= 88.2% | lr=1.0e-04
| Epoch  30, time= 31.4s | Train: skip eval | Valid: time=  2.0s loss=4.679, TAw acc= 86.8% | lr=1.0e-04
| Epoch  31, time= 29.5s | Train: skip eval | Valid: time=  2.1s loss=4.692, TAw acc= 88.0% | lr=1.0e-04
| Epoch  32, time= 31.7s | Train: skip eval | Valid: time=  2.7s loss=4.689, TAw acc= 87.8% | lr=1.0e-04
| Epoch  33, time= 31.6s | Train: skip eval | Valid: time=  2.4s loss=4.683, TAw acc= 87.8% | lr=1.0e-04
| Epoch  34, time= 28.5s | Train: skip eval | Valid: time=  2.0s loss=4.685, TAw acc= 88.0% | lr=1.0e-04
| Epoch  35, time= 28.8s | Train: skip eval | Valid: time=  2.2s loss=4.691, TAw acc= 87.8% | lr=1.0e-04
| Epoch  36, time= 31.9s | Train: skip eval | Valid: time=  2.0s loss=4.679, TAw acc= 87.8% | lr=1.0e-04
| Epoch  37, time= 31.9s | Train: skip eval | Valid: time=  2.1s loss=4.687, TAw acc= 87.2% | lr=1.0e-04
| Epoch  38, time= 28.6s | Train: skip eval | Valid: time=  2.0s loss=4.689, TAw acc= 87.8% | lr=1.0e-04
| Epoch  39, time= 31.4s | Train: skip eval | Valid: time=  2.1s loss=4.681, TAw acc= 87.5% | lr=1.0e-04
| Epoch  40, time= 35.3s | Train: skip eval | Valid: time=  4.1s loss=4.684, TAw acc= 88.0% | lr=1.0e-04
| Selected 4180 train exemplars, time=  6.9s
------------------------------------------------------------------------------------------------------------
>>> Test on task  0 : loss=2.312 | TAw acc= 91.0%, forg=  0.9% | TAg acc= 51.0%, forg= 30.3% <<<
>>> Test on task  1 : loss=2.527 | TAw acc= 90.1%, forg= -0.1% | TAg acc= 46.4%, forg= 28.3% <<<
>>> Test on task  2 : loss=2.110 | TAw acc= 92.3%, forg=  0.7% | TAg acc= 61.0%, forg= 20.7% <<<
>>> Test on task  3 : loss=2.936 | TAw acc= 87.3%, forg=  0.0% | TAg acc= 46.1%, forg= 34.4% <<<
>>> Test on task  4 : loss=3.291 | TAw acc= 88.5%, forg=  1.9% | TAg acc= 44.1%, forg= 37.2% <<<
>>> Test on task  5 : loss=3.697 | TAw acc= 85.5%, forg=  1.3% | TAg acc= 40.8%, forg= 37.4% <<<
>>> Test on task  6 : loss=2.797 | TAw acc= 91.3%, forg=  1.3% | TAg acc= 63.1%, forg= 22.9% <<<
>>> Test on task  7 : loss=3.715 | TAw acc= 89.2%, forg=  1.9% | TAg acc= 49.4%, forg= 35.2% <<<
>>> Test on task  8 : loss=3.451 | TAw acc= 88.9%, forg=  1.0% | TAg acc= 60.7%, forg= 25.0% <<<
>>> Test on task  9 : loss=3.990 | TAw acc= 91.6%, forg=  0.3% | TAg acc= 49.5%, forg= 36.8% <<<
>>> Test on task 10 : loss=3.916 | TAw acc= 86.4%, forg=  0.5% | TAg acc= 52.8%, forg= 30.7% <<<
>>> Test on task 11 : loss=4.663 | TAw acc= 89.6%, forg=  1.2% | TAg acc= 38.4%, forg= 47.0% <<<
>>> Test on task 12 : loss=4.507 | TAw acc= 91.4%, forg=  0.5% | TAg acc= 48.2%, forg= 39.9% <<<
>>> Test on task 13 : loss=4.137 | TAw acc= 95.1%, forg=  0.4% | TAg acc= 59.7%, forg= 32.4% <<<
>>> Test on task 14 : loss=4.644 | TAw acc= 93.0%, forg=  1.6% | TAg acc= 56.1%, forg= 33.3% <<<
>>> Test on task 15 : loss=5.069 | TAw acc= 89.9%, forg=  0.5% | TAg acc= 58.5%, forg= 28.0% <<<
>>> Test on task 16 : loss=5.563 | TAw acc= 79.5%, forg=  2.0% | TAg acc= 42.7%, forg= 35.1% <<<
>>> Test on task 17 : loss=5.515 | TAw acc= 91.0%, forg=  1.4% | TAg acc= 51.9%, forg= 36.0% <<<
>>> Test on task 18 : loss=4.642 | TAw acc= 88.4%, forg=  0.0% | TAg acc= 84.0%, forg=  0.0% <<<
Save at ./results/./results/resnet50.a1_in1k/inat200/eeil/10
************************************************************************************************************
TAw Acc
	 81.3%   0.0%   0.0%   0.0%   0.0%   0.0%   0.0%   0.0%   0.0%   0.0%   0.0%   0.0%   0.0%   0.0%   0.0%   0.0%   0.0%   0.0%   0.0%   0.0% 	Avg.: 81.3% 
	 87.7%  84.5%   0.0%   0.0%   0.0%   0.0%   0.0%   0.0%   0.0%   0.0%   0.0%   0.0%   0.0%   0.0%   0.0%   0.0%   0.0%   0.0%   0.0%   0.0% 	Avg.: 86.1% 
	 89.1%  86.3%  88.7%   0.0%   0.0%   0.0%   0.0%   0.0%   0.0%   0.0%   0.0%   0.0%   0.0%   0.0%   0.0%   0.0%   0.0%   0.0%   0.0%   0.0% 	Avg.: 88.0% 
	 90.4%  88.0%  90.0%  85.1%   0.0%   0.0%   0.0%   0.0%   0.0%   0.0%   0.0%   0.0%   0.0%   0.0%   0.0%   0.0%   0.0%   0.0%   0.0%   0.0% 	Avg.: 88.4% 
	 91.2%  88.4%  90.3%  86.1%  87.7%   0.0%   0.0%   0.0%   0.0%   0.0%   0.0%   0.0%   0.0%   0.0%   0.0%   0.0%   0.0%   0.0%   0.0%   0.0% 	Avg.: 88.7% 
	 90.9%  87.7%  91.5%  85.5%  89.3%  86.2%   0.0%   0.0%   0.0%   0.0%   0.0%   0.0%   0.0%   0.0%   0.0%   0.0%   0.0%   0.0%   0.0%   0.0% 	Avg.: 88.5% 
	 91.7%  87.5%  91.0%  86.0%  89.5%  86.4%  91.2%   0.0%   0.0%   0.0%   0.0%   0.0%   0.0%   0.0%   0.0%   0.0%   0.0%   0.0%   0.0%   0.0% 	Avg.: 89.0% 
	 91.9%  88.5%  91.6%  86.9%  89.4%  85.6%  91.8%  90.5%   0.0%   0.0%   0.0%   0.0%   0.0%   0.0%   0.0%   0.0%   0.0%   0.0%   0.0%   0.0% 	Avg.: 89.5% 
	 91.7%  87.8%  91.8%  86.8%  89.6%  85.7%  92.0%  90.7%  89.9%   0.0%   0.0%   0.0%   0.0%   0.0%   0.0%   0.0%   0.0%   0.0%   0.0%   0.0% 	Avg.: 89.6% 
	 91.8%  89.1%  92.2%  86.7%  89.9%  86.3%  92.2%  91.1%  89.4%  91.0%   0.0%   0.0%   0.0%   0.0%   0.0%   0.0%   0.0%   0.0%   0.0%   0.0% 	Avg.: 90.0% 
	 91.7%  88.8%  92.0%  86.8%  89.9%  85.7%  92.1%  90.7%  89.5%  91.1%  86.9%   0.0%   0.0%   0.0%   0.0%   0.0%   0.0%   0.0%   0.0%   0.0% 	Avg.: 89.6% 
	 91.4%  89.7%  93.0%  86.6%  89.7%  86.3%  91.8%  90.8%  89.2%  91.4%  85.9%  90.8%   0.0%   0.0%   0.0%   0.0%   0.0%   0.0%   0.0%   0.0% 	Avg.: 89.7% 
	 90.5%  89.4%  92.5%  86.9%  90.4%  86.4%  92.2%  90.8%  89.5%  91.7%  86.0%  88.9%  91.9%   0.0%   0.0%   0.0%   0.0%   0.0%   0.0%   0.0% 	Avg.: 89.8% 
	 91.0%  90.0%  92.2%  86.6%  90.2%  86.8%  92.6%  90.1%  89.8%  91.4%  85.7%  89.6%  91.8%  95.4%   0.0%   0.0%   0.0%   0.0%   0.0%   0.0% 	Avg.: 90.2% 
	 90.6%  90.0%  92.3%  87.3%  90.0%  86.1%  92.0%  89.8%  89.0%  91.9%  85.4%  88.8%  91.0%  95.3%  94.3%   0.0%   0.0%   0.0%   0.0%   0.0% 	Avg.: 90.3% 
	 90.4%  89.9%  92.6%  86.9%  89.7%  85.8%  92.0%  89.7%  88.6%  91.4%  86.2%  89.1%  90.4%  95.2%  94.6%  90.4%   0.0%   0.0%   0.0%   0.0% 	Avg.: 90.2% 
	 90.4%  89.2%  92.4%  87.0%  89.4%  85.3%  91.4%  90.1%  88.6%  91.1%  85.3%  89.6%  90.9%  95.5%  93.9%  89.8%  81.5%   0.0%   0.0%   0.0% 	Avg.: 89.5% 
	 90.3%  89.3%  92.6%  87.2%  89.3%  85.3%  91.9%  89.9%  88.5%  90.6%  85.3%  89.6%  90.3%  95.3%  93.0%  89.5%  79.5%  92.4%   0.0%   0.0% 	Avg.: 89.4% 
	 91.0%  90.1%  92.3%  87.3%  88.5%  85.5%  91.3%  89.2%  88.9%  91.6%  86.4%  89.6%  91.4%  95.1%  93.0%  89.9%  79.5%  91.0%  88.4%   0.0% 	Avg.: 89.5% 
	  0.0%   0.0%   0.0%   0.0%   0.0%   0.0%   0.0%   0.0%   0.0%   0.0%   0.0%   0.0%   0.0%   0.0%   0.0%   0.0%   0.0%   0.0%   0.0%   0.0% 	Avg.:  0.0% 
************************************************************************************************************
TAg Acc
	 81.3%   0.0%   0.0%   0.0%   0.0%   0.0%   0.0%   0.0%   0.0%   0.0%   0.0%   0.0%   0.0%   0.0%   0.0%   0.0%   0.0%   0.0%   0.0%   0.0% 	Avg.: 81.3% 
	 80.3%  73.9%   0.0%   0.0%   0.0%   0.0%   0.0%   0.0%   0.0%   0.0%   0.0%   0.0%   0.0%   0.0%   0.0%   0.0%   0.0%   0.0%   0.0%   0.0% 	Avg.: 77.1% 
	 74.9%  74.7%  81.7%   0.0%   0.0%   0.0%   0.0%   0.0%   0.0%   0.0%   0.0%   0.0%   0.0%   0.0%   0.0%   0.0%   0.0%   0.0%   0.0%   0.0% 	Avg.: 77.1% 
	 72.9%  67.0%  74.1%  80.5%   0.0%   0.0%   0.0%   0.0%   0.0%   0.0%   0.0%   0.0%   0.0%   0.0%   0.0%   0.0%   0.0%   0.0%   0.0%   0.0% 	Avg.: 73.6% 
	 67.1%  67.7%  71.9%  65.4%  81.3%   0.0%   0.0%   0.0%   0.0%   0.0%   0.0%   0.0%   0.0%   0.0%   0.0%   0.0%   0.0%   0.0%   0.0%   0.0% 	Avg.: 70.7% 
	 62.0%  69.1%  71.0%  61.9%  63.1%  78.2%   0.0%   0.0%   0.0%   0.0%   0.0%   0.0%   0.0%   0.0%   0.0%   0.0%   0.0%   0.0%   0.0%   0.0% 	Avg.: 67.5% 
	 52.9%  62.6%  68.7%  64.1%  64.8%  55.9%  86.0%   0.0%   0.0%   0.0%   0.0%   0.0%   0.0%   0.0%   0.0%   0.0%   0.0%   0.0%   0.0%   0.0% 	Avg.: 65.0% 
	 60.4%  64.0%  67.2%  60.4%  52.8%  57.4%  65.2%  84.6%   0.0%   0.0%   0.0%   0.0%   0.0%   0.0%   0.0%   0.0%   0.0%   0.0%   0.0%   0.0% 	Avg.: 64.0% 
	 62.4%  56.3%  69.4%  60.8%  56.0%  57.3%  70.7%  61.7%  85.7%   0.0%   0.0%   0.0%   0.0%   0.0%   0.0%   0.0%   0.0%   0.0%   0.0%   0.0% 	Avg.: 64.5% 
	 57.2%  53.5%  68.1%  58.0%  58.1%  51.5%  63.8%  56.9%  66.6%  86.3%   0.0%   0.0%   0.0%   0.0%   0.0%   0.0%   0.0%   0.0%   0.0%   0.0% 	Avg.: 62.0% 
	 52.4%  57.6%  62.4%  58.9%  51.1%  45.7%  63.8%  60.0%  65.2%  59.0%  83.5%   0.0%   0.0%   0.0%   0.0%   0.0%   0.0%   0.0%   0.0%   0.0% 	Avg.: 60.0% 
	 51.5%  56.7%  64.8%  53.3%  55.0%  50.2%  66.8%  58.9%  62.5%  57.1%  55.2%  85.4%   0.0%   0.0%   0.0%   0.0%   0.0%   0.0%   0.0%   0.0% 	Avg.: 59.8% 
	 56.7%  55.4%  65.6%  54.5%  53.5%  46.8%  64.8%  55.3%  64.1%  55.4%  53.7%  54.7%  88.1%   0.0%   0.0%   0.0%   0.0%   0.0%   0.0%   0.0% 	Avg.: 59.1% 
	 54.2%  48.8%  63.3%  52.9%  51.8%  44.3%  62.3%  54.6%  65.6%  48.4%  56.1%  54.7%  52.4%  92.1%   0.0%   0.0%   0.0%   0.0%   0.0%   0.0% 	Avg.: 57.3% 
	 51.8%  48.1%  59.6%  52.9%  53.1%  46.9%  62.6%  55.5%  62.5%  51.2%  56.4%  55.1%  55.8%  57.8%  89.4%   0.0%   0.0%   0.0%   0.0%   0.0% 	Avg.: 57.2% 
	 51.1%  48.0%  61.0%  53.3%  43.7%  42.6%  63.9%  56.0%  61.1%  48.2%  54.7%  53.9%  57.9%  58.8%  52.0%  86.5%   0.0%   0.0%   0.0%   0.0% 	Avg.: 55.8% 
	 50.8%  43.7%  61.6%  52.1%  40.5%  43.5%  64.0%  54.8%  59.4%  49.1%  44.4%  52.9%  55.7%  57.5%  57.2%  58.8%  77.8%   0.0%   0.0%   0.0% 	Avg.: 54.3% 
	 48.4%  45.3%  59.7%  47.8%  45.6%  36.4%  63.2%  47.9%  61.8%  51.1%  54.2%  52.3%  54.8%  58.2%  58.7%  59.8%  42.0%  87.9%   0.0%   0.0% 	Avg.: 54.2% 
	 51.0%  46.4%  61.0%  46.1%  44.1%  40.8%  63.1%  49.4%  60.7%  49.5%  52.8%  38.4%  48.2%  59.7%  56.1%  58.5%  42.7%  51.9%  84.0%   0.0% 	Avg.: 52.9% 
	  0.0%   0.0%   0.0%   0.0%   0.0%   0.0%   0.0%   0.0%   0.0%   0.0%   0.0%   0.0%   0.0%   0.0%   0.0%   0.0%   0.0%   0.0%   0.0%   0.0% 	Avg.:  0.0% 
************************************************************************************************************
TAw Forg
	  0.0%   0.0%   0.0%   0.0%   0.0%   0.0%   0.0%   0.0%   0.0%   0.0%   0.0%   0.0%   0.0%   0.0%   0.0%   0.0%   0.0%   0.0%   0.0%   0.0% 
	 -6.4%   0.0%   0.0%   0.0%   0.0%   0.0%   0.0%   0.0%   0.0%   0.0%   0.0%   0.0%   0.0%   0.0%   0.0%   0.0%   0.0%   0.0%   0.0%   0.0% 	Avg.: -6.4% 
	 -1.4%  -1.8%   0.0%   0.0%   0.0%   0.0%   0.0%   0.0%   0.0%   0.0%   0.0%   0.0%   0.0%   0.0%   0.0%   0.0%   0.0%   0.0%   0.0%   0.0% 	Avg.: -1.6% 
	 -1.3%  -1.7%  -1.3%   0.0%   0.0%   0.0%   0.0%   0.0%   0.0%   0.0%   0.0%   0.0%   0.0%   0.0%   0.0%   0.0%   0.0%   0.0%   0.0%   0.0% 	Avg.: -1.4% 
	 -0.8%  -0.4%  -0.3%  -1.0%   0.0%   0.0%   0.0%   0.0%   0.0%   0.0%   0.0%   0.0%   0.0%   0.0%   0.0%   0.0%   0.0%   0.0%   0.0%   0.0% 	Avg.: -0.6% 
	  0.3%   0.7%  -1.2%   0.6%  -1.6%   0.0%   0.0%   0.0%   0.0%   0.0%   0.0%   0.0%   0.0%   0.0%   0.0%   0.0%   0.0%   0.0%   0.0%   0.0% 	Avg.: -0.2% 
	 -0.5%   0.9%   0.5%   0.1%  -0.2%  -0.2%   0.0%   0.0%   0.0%   0.0%   0.0%   0.0%   0.0%   0.0%   0.0%   0.0%   0.0%   0.0%   0.0%   0.0% 	Avg.:  0.1% 
	 -0.2%  -0.1%  -0.1%  -0.8%   0.1%   0.8%  -0.6%   0.0%   0.0%   0.0%   0.0%   0.0%   0.0%   0.0%   0.0%   0.0%   0.0%   0.0%   0.0%   0.0% 	Avg.: -0.1% 
	  0.2%   0.7%  -0.2%   0.1%  -0.1%   0.7%  -0.2%  -0.2%   0.0%   0.0%   0.0%   0.0%   0.0%   0.0%   0.0%   0.0%   0.0%   0.0%   0.0%   0.0% 	Avg.:  0.1% 
	  0.1%  -0.6%  -0.4%   0.2%  -0.3%   0.1%  -0.2%  -0.4%   0.5%   0.0%   0.0%   0.0%   0.0%   0.0%   0.0%   0.0%   0.0%   0.0%   0.0%   0.0% 	Avg.: -0.1% 
	  0.2%   0.3%   0.2%   0.1%   0.0%   0.7%   0.1%   0.4%   0.4%  -0.1%   0.0%   0.0%   0.0%   0.0%   0.0%   0.0%   0.0%   0.0%   0.0%   0.0% 	Avg.:  0.2% 
	  0.5%  -0.6%  -0.8%   0.3%   0.2%   0.1%   0.4%   0.3%   0.7%  -0.3%   1.0%   0.0%   0.0%   0.0%   0.0%   0.0%   0.0%   0.0%   0.0%   0.0% 	Avg.:  0.2% 
	  1.4%   0.3%   0.5%   0.0%  -0.5%   0.0%   0.0%   0.3%   0.4%  -0.3%   0.9%   1.9%   0.0%   0.0%   0.0%   0.0%   0.0%   0.0%   0.0%   0.0% 	Avg.:  0.4% 
	  0.9%  -0.3%   0.8%   0.3%   0.2%  -0.4%  -0.4%   1.0%   0.1%   0.3%   1.2%   1.2%   0.1%   0.0%   0.0%   0.0%   0.0%   0.0%   0.0%   0.0% 	Avg.:  0.4% 
	  1.3%   0.0%   0.7%  -0.4%   0.4%   0.7%   0.6%   1.3%   0.9%  -0.2%   1.5%   2.0%   0.9%   0.1%   0.0%   0.0%   0.0%   0.0%   0.0%   0.0% 	Avg.:  0.7% 
	  1.5%   0.1%   0.4%   0.4%   0.7%   1.0%   0.6%   1.4%   1.3%   0.5%   0.7%   1.7%   1.5%   0.2%  -0.3%   0.0%   0.0%   0.0%   0.0%   0.0% 	Avg.:  0.8% 
	  1.5%   0.8%   0.6%   0.3%   1.0%   1.5%   1.2%   1.0%   1.3%   0.8%   1.6%   1.2%   1.0%  -0.1%   0.7%   0.6%   0.0%   0.0%   0.0%   0.0% 	Avg.:  0.9% 
	  1.6%   0.7%   0.4%   0.1%   1.1%   1.5%   0.7%   1.2%   1.4%   1.3%   1.6%   1.2%   1.6%   0.2%   1.6%   0.9%   2.0%   0.0%   0.0%   0.0% 	Avg.:  1.1% 
	  0.9%  -0.1%   0.7%   0.0%   1.9%   1.3%   1.3%   1.9%   1.0%   0.3%   0.5%   1.2%   0.5%   0.4%   1.6%   0.5%   2.0%   1.4%   0.0%   0.0% 	Avg.:  1.0% 
	  0.0%   0.0%   0.0%   0.0%   0.0%   0.0%   0.0%   0.0%   0.0%   0.0%   0.0%   0.0%   0.0%   0.0%   0.0%   0.0%   0.0%   0.0%   0.0%   0.0% 	Avg.:  0.0% 
************************************************************************************************************
TAg Forg
	  0.0%   0.0%   0.0%   0.0%   0.0%   0.0%   0.0%   0.0%   0.0%   0.0%   0.0%   0.0%   0.0%   0.0%   0.0%   0.0%   0.0%   0.0%   0.0%   0.0% 
	  1.0%   0.0%   0.0%   0.0%   0.0%   0.0%   0.0%   0.0%   0.0%   0.0%   0.0%   0.0%   0.0%   0.0%   0.0%   0.0%   0.0%   0.0%   0.0%   0.0% 	Avg.:  1.0% 
	  6.4%  -0.8%   0.0%   0.0%   0.0%   0.0%   0.0%   0.0%   0.0%   0.0%   0.0%   0.0%   0.0%   0.0%   0.0%   0.0%   0.0%   0.0%   0.0%   0.0% 	Avg.:  2.8% 
	  8.4%   7.7%   7.6%   0.0%   0.0%   0.0%   0.0%   0.0%   0.0%   0.0%   0.0%   0.0%   0.0%   0.0%   0.0%   0.0%   0.0%   0.0%   0.0%   0.0% 	Avg.:  7.9% 
	 14.2%   7.0%   9.8%  15.1%   0.0%   0.0%   0.0%   0.0%   0.0%   0.0%   0.0%   0.0%   0.0%   0.0%   0.0%   0.0%   0.0%   0.0%   0.0%   0.0% 	Avg.: 11.5% 
	 19.3%   5.6%  10.7%  18.6%  18.2%   0.0%   0.0%   0.0%   0.0%   0.0%   0.0%   0.0%   0.0%   0.0%   0.0%   0.0%   0.0%   0.0%   0.0%   0.0% 	Avg.: 14.5% 
	 28.4%  12.1%  13.0%  16.4%  16.5%  22.3%   0.0%   0.0%   0.0%   0.0%   0.0%   0.0%   0.0%   0.0%   0.0%   0.0%   0.0%   0.0%   0.0%   0.0% 	Avg.: 18.1% 
	 20.9%  10.7%  14.5%  20.1%  28.5%  20.8%  20.8%   0.0%   0.0%   0.0%   0.0%   0.0%   0.0%   0.0%   0.0%   0.0%   0.0%   0.0%   0.0%   0.0% 	Avg.: 19.5% 
	 18.9%  18.4%  12.3%  19.7%  25.3%  20.9%  15.3%  22.9%   0.0%   0.0%   0.0%   0.0%   0.0%   0.0%   0.0%   0.0%   0.0%   0.0%   0.0%   0.0% 	Avg.: 19.2% 
	 24.1%  21.2%  13.6%  22.5%  23.2%  26.7%  22.2%  27.7%  19.1%   0.0%   0.0%   0.0%   0.0%   0.0%   0.0%   0.0%   0.0%   0.0%   0.0%   0.0% 	Avg.: 22.3% 
	 28.9%  17.1%  19.3%  21.6%  30.2%  32.5%  22.2%  24.6%  20.5%  27.3%   0.0%   0.0%   0.0%   0.0%   0.0%   0.0%   0.0%   0.0%   0.0%   0.0% 	Avg.: 24.4% 
	 29.8%  18.0%  16.9%  27.2%  26.3%  28.0%  19.2%  25.7%  23.2%  29.2%  28.3%   0.0%   0.0%   0.0%   0.0%   0.0%   0.0%   0.0%   0.0%   0.0% 	Avg.: 24.7% 
	 24.6%  19.3%  16.1%  26.0%  27.8%  31.4%  21.2%  29.3%  21.6%  30.9%  29.8%  30.7%   0.0%   0.0%   0.0%   0.0%   0.0%   0.0%   0.0%   0.0% 	Avg.: 25.7% 
	 27.1%  25.9%  18.4%  27.6%  29.5%  33.9%  23.7%  30.0%  20.1%  37.9%  27.4%  30.7%  35.7%   0.0%   0.0%   0.0%   0.0%   0.0%   0.0%   0.0% 	Avg.: 28.3% 
	 29.5%  26.6%  22.1%  27.6%  28.2%  31.3%  23.4%  29.1%  23.2%  35.1%  27.1%  30.3%  32.3%  34.3%   0.0%   0.0%   0.0%   0.0%   0.0%   0.0% 	Avg.: 28.6% 
	 30.2%  26.7%  20.7%  27.2%  37.6%  35.6%  22.1%  28.6%  24.6%  38.1%  28.8%  31.5%  30.2%  33.3%  37.4%   0.0%   0.0%   0.0%   0.0%   0.0% 	Avg.: 30.2% 
	 30.5%  31.0%  20.1%  28.4%  40.8%  34.7%  22.0%  29.8%  26.3%  37.2%  39.1%  32.5%  32.4%  34.6%  32.2%  27.7%   0.0%   0.0%   0.0%   0.0% 	Avg.: 31.2% 
	 32.9%  29.4%  22.0%  32.7%  35.7%  41.8%  22.8%  36.7%  23.9%  35.2%  29.3%  33.1%  33.3%  33.9%  30.7%  26.7%  35.8%   0.0%   0.0%   0.0% 	Avg.: 31.5% 
	 30.3%  28.3%  20.7%  34.4%  37.2%  37.4%  22.9%  35.2%  25.0%  36.8%  30.7%  47.0%  39.9%  32.4%  33.3%  28.0%  35.1%  36.0%   0.0%   0.0% 	Avg.: 32.8% 
	  0.0%   0.0%   0.0%   0.0%   0.0%   0.0%   0.0%   0.0%   0.0%   0.0%   0.0%   0.0%   0.0%   0.0%   0.0%   0.0%   0.0%   0.0%   0.0%   0.0% 	Avg.:  0.0% 
************************************************************************************************************
[Elapsed time = 1.2 h]
Done!
