START_TASK=8 STOP_TASK=9
============================================================================================================
Arguments =
	approach: eeil
	batch_size: 64
	classes_first_task: None
	clipping: 10000
	crop: 224
	data_path: ../data/inat200
	dataset: inat200
	eval_on_train: False
	experiment_path: None
	fix_bn: False
	freeze_backbone: False
	gpu: 0
	gpus: [0]
	increment: 10
	last_layer_analysis: True
	log: ['disk']
	lr: 0.01
	lr_factor: None
	lr_min: 0.0001
	lr_patience: None
	lr_scheduler: cosine
	lr_warmup_epochs: 0
	momentum: 0.0
	multi_softmax: False
	nepochs: 90
	network: vit_base_patch16_224.orig_in21k
	no_cudnn_deterministic: False
	normalize: in21k
	num_workers: 2
	optimizer_name: sgd
	pin_memory: False
	pretrained: True
	resize: 224
	results_path: ./results
	save_models: True
	seed: 0
	start_at_task: 8
	start_epoch: 0
	stop_at_task: 9
	stop_epoch: 0
	use_valid_only: False
	warmup_lr_factor: 1.0
	warmup_nepochs: 0
	weight_decay: 0.0
============================================================================================================
Approach arguments =
	T: 2
	lamb: 1.0
	lr_finetuning_factor: 0.01
	nepochs_finetuning: 40
	noise_grad: False
============================================================================================================
Exemplars arguments =
	exemplar_selection: random
	num_exemplars: 4000
============================================================================================================
WARNING: ./results/vit_base_patch16_224.orig_in21k/inat200/eeil/10 already exists!
Loaded acc_taw from: ./results/vit_base_patch16_224.orig_in21k/inat200/eeil/10/acc_taw-7.txt
Loaded acc_tag from: ./results/vit_base_patch16_224.orig_in21k/inat200/eeil/10/acc_tag-7.txt
Loaded forg_taw from: ./results/vit_base_patch16_224.orig_in21k/inat200/eeil/10/forg_taw-7.txt
Loaded forg_tag from: ./results/vit_base_patch16_224.orig_in21k/inat200/eeil/10/forg_tag-7.txt
Loaded 4000 exemplars from ./results/vit_base_patch16_224.orig_in21k/inat200/eeil/10/task7_exemplars.pth
************************************************************************************************************
Task  8  [epochs 0-90]
************************************************************************************************************
[params] total:85,867,866  trainable:85,867,866  tensors:168  trainable_tensors:168
| Epoch   1, time= 74.2s | Train: skip eval | Valid: time=  2.9s loss=3.356, TAw acc= 83.0% | * lr=1.0e-02
| Epoch   2, time= 73.9s | Train: skip eval | Valid: time=  2.6s loss=2.752, TAw acc= 86.8% | * lr=1.0e-02
| Epoch   3, time= 74.3s | Train: skip eval | Valid: time=  2.7s loss=2.519, TAw acc= 88.0% | * lr=1.0e-02
| Epoch   4, time= 74.9s | Train: skip eval | Valid: time=  2.7s loss=2.447, TAw acc= 88.2% | * lr=1.0e-02
| Epoch   5, time= 75.3s | Train: skip eval | Valid: time=  2.7s loss=2.432, TAw acc= 88.0% | * lr=9.9e-03
| Epoch   6, time= 75.2s | Train: skip eval | Valid: time=  2.7s loss=2.393, TAw acc= 88.0% | * lr=9.9e-03
| Epoch   7, time= 75.1s | Train: skip eval | Valid: time=  2.7s loss=2.383, TAw acc= 89.0% | * lr=9.9e-03
| Epoch   8, time= 75.1s | Train: skip eval | Valid: time=  2.7s loss=2.347, TAw acc= 88.8% | * lr=9.8e-03
| Epoch   9, time= 75.2s | Train: skip eval | Valid: time=  2.8s loss=2.305, TAw acc= 89.2% | * lr=9.8e-03
| Epoch  10, time= 74.8s | Train: skip eval | Valid: time=  2.8s loss=2.330, TAw acc= 89.2% | lr=9.7e-03
| Epoch  11, time= 75.1s | Train: skip eval | Valid: time=  2.7s loss=2.331, TAw acc= 89.2% | lr=9.6e-03
| Epoch  12, time= 75.5s | Train: skip eval | Valid: time=  2.7s loss=2.329, TAw acc= 89.2% | lr=9.6e-03
| Epoch  13, time= 75.0s | Train: skip eval | Valid: time=  2.6s loss=2.288, TAw acc= 89.8% | * lr=9.5e-03
| Epoch  14, time= 75.2s | Train: skip eval | Valid: time=  2.7s loss=2.296, TAw acc= 88.8% | lr=9.4e-03
| Epoch  15, time= 75.6s | Train: skip eval | Valid: time=  2.7s loss=2.300, TAw acc= 88.8% | lr=9.3e-03
| Epoch  16, time= 75.7s | Train: skip eval | Valid: time=  2.7s loss=2.281, TAw acc= 90.8% | * lr=9.2e-03
| Epoch  17, time= 75.5s | Train: skip eval | Valid: time=  2.6s loss=2.328, TAw acc= 90.2% | lr=9.2e-03
| Epoch  18, time= 74.8s | Train: skip eval | Valid: time=  2.6s loss=2.255, TAw acc= 90.5% | * lr=9.1e-03
| Epoch  19, time= 75.2s | Train: skip eval | Valid: time=  2.7s loss=2.271, TAw acc= 89.0% | lr=9.0e-03
| Epoch  20, time= 75.6s | Train: skip eval | Valid: time=  2.8s loss=2.313, TAw acc= 90.5% | lr=8.8e-03
| Epoch  21, time= 75.3s | Train: skip eval | Valid: time=  2.7s loss=2.281, TAw acc= 90.0% | lr=8.7e-03
| Epoch  22, time= 74.9s | Train: skip eval | Valid: time=  2.7s loss=2.248, TAw acc= 89.8% | * lr=8.6e-03
| Epoch  23, time= 75.3s | Train: skip eval | Valid: time=  2.7s loss=2.267, TAw acc= 91.5% | lr=8.5e-03
| Epoch  24, time= 75.6s | Train: skip eval | Valid: time=  2.6s loss=2.255, TAw acc= 90.8% | lr=8.4e-03
| Epoch  25, time= 75.6s | Train: skip eval | Valid: time=  2.6s loss=2.259, TAw acc= 90.2% | lr=8.2e-03
| Epoch  26, time= 75.5s | Train: skip eval | Valid: time=  2.8s loss=2.242, TAw acc= 91.0% | * lr=8.1e-03
| Epoch  27, time= 74.1s | Train: skip eval | Valid: time=  2.6s loss=2.233, TAw acc= 91.5% | * lr=8.0e-03
| Epoch  28, time= 74.3s | Train: skip eval | Valid: time=  2.8s loss=2.252, TAw acc= 90.2% | lr=7.8e-03
| Epoch  29, time= 74.8s | Train: skip eval | Valid: time=  2.8s loss=2.282, TAw acc= 90.0% | lr=7.7e-03
| Epoch  30, time= 75.0s | Train: skip eval | Valid: time=  2.6s loss=2.267, TAw acc= 90.0% | lr=7.5e-03
| Epoch  31, time= 75.3s | Train: skip eval | Valid: time=  2.7s loss=2.249, TAw acc= 89.8% | lr=7.4e-03
| Epoch  32, time= 75.4s | Train: skip eval | Valid: time=  2.7s loss=2.246, TAw acc= 90.8% | lr=7.2e-03
| Epoch  33, time= 75.7s | Train: skip eval | Valid: time=  2.7s loss=2.265, TAw acc= 90.0% | lr=7.1e-03
| Epoch  34, time= 75.7s | Train: skip eval | Valid: time=  2.6s loss=2.260, TAw acc= 90.5% | lr=6.9e-03
| Epoch  35, time= 75.3s | Train: skip eval | Valid: time=  2.7s loss=2.269, TAw acc= 89.8% | lr=6.7e-03
| Epoch  36, time= 75.6s | Train: skip eval | Valid: time=  2.7s loss=2.242, TAw acc= 89.5% | lr=6.6e-03
| Epoch  37, time= 75.6s | Train: skip eval | Valid: time=  2.7s loss=2.264, TAw acc= 90.2% | lr=6.4e-03
| Epoch  38, time= 75.6s | Train: skip eval | Valid: time=  2.9s loss=2.250, TAw acc= 90.5% | lr=6.2e-03
| Epoch  39, time= 75.8s | Train: skip eval | Valid: time=  2.7s loss=2.261, TAw acc= 89.5% | lr=6.1e-03
| Epoch  40, time= 76.0s | Train: skip eval | Valid: time=  2.7s loss=2.277, TAw acc= 90.5% | lr=5.9e-03
| Epoch  41, time= 75.6s | Train: skip eval | Valid: time=  2.7s loss=2.248, TAw acc= 90.5% | lr=5.7e-03
| Epoch  42, time= 75.1s | Train: skip eval | Valid: time=  2.7s loss=2.247, TAw acc= 90.2% | lr=5.6e-03
| Epoch  43, time= 75.3s | Train: skip eval | Valid: time=  2.7s loss=2.264, TAw acc= 90.0% | lr=5.4e-03
| Epoch  44, time= 75.4s | Train: skip eval | Valid: time=  2.7s loss=2.246, TAw acc= 89.8% | lr=5.2e-03
| Epoch  45, time= 75.3s | Train: skip eval | Valid: time=  2.7s loss=2.263, TAw acc= 89.8% | lr=5.1e-03
| Epoch  46, time= 75.3s | Train: skip eval | Valid: time=  2.7s loss=2.247, TAw acc= 90.2% | lr=4.9e-03
| Epoch  47, time= 75.4s | Train: skip eval | Valid: time=  2.7s loss=2.267, TAw acc= 90.8% | lr=4.7e-03
| Epoch  48, time= 75.6s | Train: skip eval | Valid: time=  2.8s loss=2.262, TAw acc= 90.0% | lr=4.5e-03
| Epoch  49, time= 75.8s | Train: skip eval | Valid: time=  2.7s loss=2.257, TAw acc= 89.8% | lr=4.4e-03
| Epoch  50, time= 75.8s | Train: skip eval | Valid: time=  2.7s loss=2.242, TAw acc= 91.0% | lr=4.2e-03
| Epoch  51, time= 74.9s | Train: skip eval | Valid: time=  2.6s loss=2.254, TAw acc= 90.2% | lr=4.0e-03
| Epoch  52, time= 74.9s | Train: skip eval | Valid: time=  2.7s loss=2.257, TAw acc= 90.0% | lr=3.9e-03
| Epoch  53, time= 74.9s | Train: skip eval | Valid: time=  2.7s loss=2.266, TAw acc= 89.8% | lr=3.7e-03
| Epoch  54, time= 75.2s | Train: skip eval | Valid: time=  2.7s loss=2.261, TAw acc= 90.0% | lr=3.5e-03
| Epoch  55, time= 75.4s | Train: skip eval | Valid: time=  2.6s loss=2.267, TAw acc= 89.8% | lr=3.4e-03
| Epoch  56, time= 75.5s | Train: skip eval | Valid: time=  2.7s loss=2.256, TAw acc= 89.8% | lr=3.2e-03
| Epoch  57, time= 75.7s | Train: skip eval | Valid: time=  2.7s loss=2.252, TAw acc= 90.0% | lr=3.0e-03
| Epoch  58, time= 75.4s | Train: skip eval | Valid: time=  2.7s loss=2.253, TAw acc= 90.2% | lr=2.9e-03
| Epoch  59, time= 75.3s | Train: skip eval | Valid: time=  2.8s loss=2.251, TAw acc= 89.8% | lr=2.7e-03
| Epoch  60, time= 75.0s | Train: skip eval | Valid: time=  2.7s loss=2.252, TAw acc= 90.0% | lr=2.6e-03
| Epoch  61, time= 75.2s | Train: skip eval | Valid: time=  2.7s loss=2.260, TAw acc= 89.8% | lr=2.4e-03
| Epoch  62, time= 75.4s | Train: skip eval | Valid: time=  2.7s loss=2.258, TAw acc= 90.5% | lr=2.3e-03
| Epoch  63, time= 75.4s | Train: skip eval | Valid: time=  2.7s loss=2.245, TAw acc= 89.8% | lr=2.1e-03
| Epoch  64, time= 75.7s | Train: skip eval | Valid: time=  2.7s loss=2.260, TAw acc= 90.0% | lr=2.0e-03
| Epoch  65, time= 75.8s | Train: skip eval | Valid: time=  2.7s loss=2.262, TAw acc= 90.2% | lr=1.9e-03
| Epoch  66, time= 75.9s | Train: skip eval | Valid: time=  2.7s loss=2.246, TAw acc= 90.2% | lr=1.7e-03
| Epoch  67, time= 75.1s | Train: skip eval | Valid: time=  2.7s loss=2.254, TAw acc= 90.0% | lr=1.6e-03
| Epoch  68, time= 75.1s | Train: skip eval | Valid: time=  2.7s loss=2.256, TAw acc= 89.8% | lr=1.5e-03
| Epoch  69, time= 74.8s | Train: skip eval | Valid: time=  2.7s loss=2.260, TAw acc= 89.8% | lr=1.4e-03
| Epoch  70, time= 74.8s | Train: skip eval | Valid: time=  2.7s loss=2.259, TAw acc= 89.8% | lr=1.3e-03
| Epoch  71, time= 74.7s | Train: skip eval | Valid: time=  2.7s loss=2.257, TAw acc= 90.0% | lr=1.1e-03
| Epoch  72, time= 75.1s | Train: skip eval | Valid: time=  2.7s loss=2.261, TAw acc= 89.8% | lr=1.0e-03
| Epoch  73, time= 75.3s | Train: skip eval | Valid: time=  2.7s loss=2.257, TAw acc= 90.2% | lr=9.5e-04
| Epoch  74, time= 75.5s | Train: skip eval | Valid: time=  2.7s loss=2.253, TAw acc= 90.0% | lr=8.5e-04
| Epoch  75, time= 75.7s | Train: skip eval | Valid: time=  2.7s loss=2.253, TAw acc= 90.0% | lr=7.6e-04
| Epoch  76, time= 75.7s | Train: skip eval | Valid: time=  2.7s loss=2.255, TAw acc= 90.0% | lr=6.8e-04
| Epoch  77, time= 75.2s | Train: skip eval | Valid: time=  2.6s loss=2.260, TAw acc= 90.0% | lr=6.0e-04
| Epoch  78, time= 74.7s | Train: skip eval | Valid: time=  2.7s loss=2.254, TAw acc= 89.8% | lr=5.3e-04
| Epoch  79, time= 75.1s | Train: skip eval | Valid: time=  2.7s loss=2.258, TAw acc= 90.0% | lr=4.6e-04
| Epoch  80, time= 75.4s | Train: skip eval | Valid: time=  2.7s loss=2.254, TAw acc= 90.0% | lr=4.0e-04
| Epoch  81, time= 75.5s | Train: skip eval | Valid: time=  2.7s loss=2.253, TAw acc= 90.0% | lr=3.4e-04
| Epoch  82, time= 75.8s | Train: skip eval | Valid: time=  2.7s loss=2.253, TAw acc= 90.0% | lr=2.9e-04
| Epoch  83, time= 75.6s | Train: skip eval | Valid: time=  2.7s loss=2.255, TAw acc= 90.0% | lr=2.5e-04
| Epoch  84, time= 75.6s | Train: skip eval | Valid: time=  2.7s loss=2.254, TAw acc= 90.0% | lr=2.1e-04
| Epoch  85, time= 75.7s | Train: skip eval | Valid: time=  2.8s loss=2.254, TAw acc= 90.0% | lr=1.8e-04
| Epoch  86, time= 75.6s | Train: skip eval | Valid: time=  2.7s loss=2.256, TAw acc= 90.0% | lr=1.5e-04
| Epoch  87, time= 75.7s | Train: skip eval | Valid: time=  2.7s loss=2.254, TAw acc= 90.0% | lr=1.3e-04
| Epoch  88, time= 75.6s | Train: skip eval | Valid: time=  2.7s loss=2.254, TAw acc= 90.0% | lr=1.1e-04
| Epoch  89, time= 75.6s | Train: skip eval | Valid: time=  2.7s loss=2.254, TAw acc= 90.0% | lr=1.0e-04
| Epoch  90, time= 75.7s | Train: skip eval | Valid: time=  2.7s loss=2.255, TAw acc= 90.0% | lr=1.0e-04
[params] total:85,867,866  trainable:85,867,866  tensors:168  trainable_tensors:168
| Epoch   1, time= 75.6s | Train: skip eval | Valid: time=  2.7s loss=2.491, TAw acc= 91.5% | * lr=1.0e-04
| Epoch   2, time= 74.9s | Train: skip eval | Valid: time=  2.7s loss=2.491, TAw acc= 91.8% | lr=1.0e-04
| Epoch   3, time= 75.1s | Train: skip eval | Valid: time=  2.7s loss=2.491, TAw acc= 92.0% | lr=1.0e-04
| Epoch   4, time= 74.8s | Train: skip eval | Valid: time=  2.7s loss=2.492, TAw acc= 91.8% | lr=1.0e-04
| Epoch   5, time= 75.2s | Train: skip eval | Valid: time=  2.7s loss=2.491, TAw acc= 91.8% | lr=1.0e-04
| Epoch   6, time= 75.7s | Train: skip eval | Valid: time=  2.7s loss=2.492, TAw acc= 91.8% | lr=1.0e-04
| Epoch   7, time= 75.6s | Train: skip eval | Valid: time=  2.7s loss=2.492, TAw acc= 91.5% | lr=1.0e-04
| Epoch   8, time= 75.7s | Train: skip eval | Valid: time=  2.8s loss=2.492, TAw acc= 91.8% | lr=1.0e-04
| Epoch   9, time= 75.6s | Train: skip eval | Valid: time=  2.7s loss=2.493, TAw acc= 91.8% | lr=1.0e-04
| Epoch  10, time= 75.1s | Train: skip eval | Valid: time=  2.7s loss=2.493, TAw acc= 91.8% | lr=1.0e-04
| Epoch  11, time= 75.3s | Train: skip eval | Valid: time=  2.7s loss=2.493, TAw acc= 91.5% | lr=1.0e-04
| Epoch  12, time= 75.4s | Train: skip eval | Valid: time=  2.7s loss=2.494, TAw acc= 91.5% | lr=1.0e-04
| Epoch  13, time= 75.3s | Train: skip eval | Valid: time=  2.7s loss=2.493, TAw acc= 91.2% | lr=1.0e-04
| Epoch  14, time= 75.6s | Train: skip eval | Valid: time=  2.7s loss=2.494, TAw acc= 91.2% | lr=1.0e-04
| Epoch  15, time= 75.8s | Train: skip eval | Valid: time=  2.8s loss=2.493, TAw acc= 91.0% | lr=1.0e-04
| Epoch  16, time= 75.7s | Train: skip eval | Valid: time=  2.7s loss=2.494, TAw acc= 91.2% | lr=1.0e-04
| Epoch  17, time= 75.3s | Train: skip eval | Valid: time=  2.7s loss=2.495, TAw acc= 91.2% | lr=1.0e-04
| Epoch  18, time= 75.0s | Train: skip eval | Valid: time=  2.7s loss=2.495, TAw acc= 91.2% | lr=1.0e-04
| Epoch  19, time= 74.9s | Train: skip eval | Valid: time=  2.7s loss=2.495, TAw acc= 91.2% | lr=1.0e-04
| Epoch  20, time= 74.8s | Train: skip eval | Valid: time=  2.7s loss=2.496, TAw acc= 91.2% | lr=1.0e-04
| Epoch  21, time= 75.1s | Train: skip eval | Valid: time=  2.7s loss=2.496, TAw acc= 91.0% | lr=1.0e-04
| Epoch  22, time= 74.9s | Train: skip eval | Valid: time=  2.7s loss=2.495, TAw acc= 91.0% | lr=1.0e-04
| Epoch  23, time= 74.7s | Train: skip eval | Valid: time=  2.7s loss=2.497, TAw acc= 91.0% | lr=1.0e-04
| Epoch  24, time= 74.9s | Train: skip eval | Valid: time=  2.7s loss=2.497, TAw acc= 91.0% | lr=1.0e-04
| Epoch  25, time= 75.1s | Train: skip eval | Valid: time=  2.7s loss=2.497, TAw acc= 91.0% | lr=1.0e-04
| Epoch  26, time= 74.0s | Train: skip eval | Valid: time=  2.6s loss=2.497, TAw acc= 91.0% | lr=1.0e-04
| Epoch  27, time= 74.2s | Train: skip eval | Valid: time=  2.8s loss=2.497, TAw acc= 91.2% | lr=1.0e-04
| Epoch  28, time= 74.6s | Train: skip eval | Valid: time=  2.6s loss=2.497, TAw acc= 91.0% | lr=1.0e-04
| Epoch  29, time= 74.5s | Train: skip eval | Valid: time=  2.6s loss=2.497, TAw acc= 91.2% | lr=1.0e-04
| Epoch  30, time= 74.8s | Train: skip eval | Valid: time=  2.6s loss=2.498, TAw acc= 91.0% | lr=1.0e-04
| Epoch  31, time= 74.5s | Train: skip eval | Valid: time=  2.8s loss=2.497, TAw acc= 91.2% | lr=1.0e-04
| Epoch  32, time= 75.0s | Train: skip eval | Valid: time=  2.8s loss=2.499, TAw acc= 91.0% | lr=1.0e-04
| Epoch  33, time= 75.3s | Train: skip eval | Valid: time=  2.7s loss=2.498, TAw acc= 91.2% | lr=1.0e-04
| Epoch  34, time= 74.5s | Train: skip eval | Valid: time=  2.6s loss=2.498, TAw acc= 91.2% | lr=1.0e-04
| Epoch  35, time= 74.7s | Train: skip eval | Valid: time=  2.6s loss=2.498, TAw acc= 91.2% | lr=1.0e-04
| Epoch  36, time= 75.4s | Train: skip eval | Valid: time=  2.7s loss=2.498, TAw acc= 91.2% | lr=1.0e-04
| Epoch  37, time= 75.6s | Train: skip eval | Valid: time=  2.7s loss=2.499, TAw acc= 91.2% | lr=1.0e-04
| Epoch  38, time= 75.5s | Train: skip eval | Valid: time=  2.6s loss=2.498, TAw acc= 91.2% | lr=1.0e-04
| Epoch  39, time= 74.7s | Train: skip eval | Valid: time=  2.6s loss=2.499, TAw acc= 91.2% | lr=1.0e-04
| Epoch  40, time= 74.4s | Train: skip eval | Valid: time=  2.8s loss=2.499, TAw acc= 91.0% | lr=1.0e-04
| Selected 4050 train exemplars, time=  3.4s
------------------------------------------------------------------------------------------------------------
>>> Test on task  0 : loss=1.978 | TAw acc= 93.4%, forg=  2.4% | TAg acc= 62.0%, forg= 33.3% <<<
>>> Test on task  1 : loss=2.837 | TAw acc= 90.2%, forg=  2.7% | TAg acc= 52.6%, forg= 37.8% <<<
>>> Test on task  2 : loss=2.039 | TAw acc= 94.7%, forg=  1.9% | TAg acc= 69.5%, forg= 25.6% <<<
>>> Test on task  3 : loss=2.948 | TAw acc= 87.5%, forg=  3.7% | TAg acc= 57.5%, forg= 31.4% <<<
>>> Test on task  4 : loss=3.733 | TAw acc= 90.9%, forg=  1.4% | TAg acc= 52.2%, forg= 38.6% <<<
>>> Test on task  5 : loss=2.759 | TAw acc= 90.2%, forg=  1.4% | TAg acc= 70.5%, forg= 18.6% <<<
>>> Test on task  6 : loss=2.581 | TAw acc= 92.5%, forg=  2.2% | TAg acc= 76.7%, forg= 16.3% <<<
>>> Test on task  7 : loss=2.886 | TAw acc= 91.8%, forg=  1.0% | TAg acc= 71.2%, forg= 19.6% <<<
>>> Test on task  8 : loss=2.478 | TAw acc= 91.8%, forg=  0.0% | TAg acc= 90.5%, forg=  0.0% <<<
Save at ./results/./results/vit_base_patch16_224.orig_in21k/inat200/eeil/10
************************************************************************************************************
TAw Acc
	 95.3%   0.0%   0.0%   0.0%   0.0%   0.0%   0.0%   0.0%   0.0%   0.0%   0.0%   0.0%   0.0%   0.0%   0.0%   0.0%   0.0%   0.0%   0.0%   0.0% 	Avg.: 95.3% 
	 95.8%  92.9%   0.0%   0.0%   0.0%   0.0%   0.0%   0.0%   0.0%   0.0%   0.0%   0.0%   0.0%   0.0%   0.0%   0.0%   0.0%   0.0%   0.0%   0.0% 	Avg.: 94.4% 
	 95.4%  91.7%  96.6%   0.0%   0.0%   0.0%   0.0%   0.0%   0.0%   0.0%   0.0%   0.0%   0.0%   0.0%   0.0%   0.0%   0.0%   0.0%   0.0%   0.0% 	Avg.: 94.6% 
	 94.2%  90.3%  95.9%  90.8%   0.0%   0.0%   0.0%   0.0%   0.0%   0.0%   0.0%   0.0%   0.0%   0.0%   0.0%   0.0%   0.0%   0.0%   0.0%   0.0% 	Avg.: 92.8% 
	 93.7%  90.5%  95.2%  91.2%  92.3%   0.0%   0.0%   0.0%   0.0%   0.0%   0.0%   0.0%   0.0%   0.0%   0.0%   0.0%   0.0%   0.0%   0.0%   0.0% 	Avg.: 92.6% 
	 93.7%  90.1%  95.3%  90.1%  92.1%  91.6%   0.0%   0.0%   0.0%   0.0%   0.0%   0.0%   0.0%   0.0%   0.0%   0.0%   0.0%   0.0%   0.0%   0.0% 	Avg.: 92.1% 
	 93.5%  89.5%  94.7%  89.0%  92.0%  90.6%  94.7%   0.0%   0.0%   0.0%   0.0%   0.0%   0.0%   0.0%   0.0%   0.0%   0.0%   0.0%   0.0%   0.0% 	Avg.: 92.0% 
	 93.2%  88.8%  94.8%  87.5%  91.1%  90.3%  93.1%  92.8%   0.0%   0.0%   0.0%   0.0%   0.0%   0.0%   0.0%   0.0%   0.0%   0.0%   0.0%   0.0% 	Avg.: 91.4% 
	 93.4%  90.2%  94.7%  87.5%  90.9%  90.2%  92.5%  91.8%  91.8%   0.0%   0.0%   0.0%   0.0%   0.0%   0.0%   0.0%   0.0%   0.0%   0.0%   0.0% 	Avg.: 91.4% 
	  0.0%   0.0%   0.0%   0.0%   0.0%   0.0%   0.0%   0.0%   0.0%   0.0%   0.0%   0.0%   0.0%   0.0%   0.0%   0.0%   0.0%   0.0%   0.0%   0.0% 	Avg.:  0.0% 
	  0.0%   0.0%   0.0%   0.0%   0.0%   0.0%   0.0%   0.0%   0.0%   0.0%   0.0%   0.0%   0.0%   0.0%   0.0%   0.0%   0.0%   0.0%   0.0%   0.0% 	Avg.:  0.0% 
	  0.0%   0.0%   0.0%   0.0%   0.0%   0.0%   0.0%   0.0%   0.0%   0.0%   0.0%   0.0%   0.0%   0.0%   0.0%   0.0%   0.0%   0.0%   0.0%   0.0% 	Avg.:  0.0% 
	  0.0%   0.0%   0.0%   0.0%   0.0%   0.0%   0.0%   0.0%   0.0%   0.0%   0.0%   0.0%   0.0%   0.0%   0.0%   0.0%   0.0%   0.0%   0.0%   0.0% 	Avg.:  0.0% 
	  0.0%   0.0%   0.0%   0.0%   0.0%   0.0%   0.0%   0.0%   0.0%   0.0%   0.0%   0.0%   0.0%   0.0%   0.0%   0.0%   0.0%   0.0%   0.0%   0.0% 	Avg.:  0.0% 
	  0.0%   0.0%   0.0%   0.0%   0.0%   0.0%   0.0%   0.0%   0.0%   0.0%   0.0%   0.0%   0.0%   0.0%   0.0%   0.0%   0.0%   0.0%   0.0%   0.0% 	Avg.:  0.0% 
	  0.0%   0.0%   0.0%   0.0%   0.0%   0.0%   0.0%   0.0%   0.0%   0.0%   0.0%   0.0%   0.0%   0.0%   0.0%   0.0%   0.0%   0.0%   0.0%   0.0% 	Avg.:  0.0% 
	  0.0%   0.0%   0.0%   0.0%   0.0%   0.0%   0.0%   0.0%   0.0%   0.0%   0.0%   0.0%   0.0%   0.0%   0.0%   0.0%   0.0%   0.0%   0.0%   0.0% 	Avg.:  0.0% 
	  0.0%   0.0%   0.0%   0.0%   0.0%   0.0%   0.0%   0.0%   0.0%   0.0%   0.0%   0.0%   0.0%   0.0%   0.0%   0.0%   0.0%   0.0%   0.0%   0.0% 	Avg.:  0.0% 
	  0.0%   0.0%   0.0%   0.0%   0.0%   0.0%   0.0%   0.0%   0.0%   0.0%   0.0%   0.0%   0.0%   0.0%   0.0%   0.0%   0.0%   0.0%   0.0%   0.0% 	Avg.:  0.0% 
	  0.0%   0.0%   0.0%   0.0%   0.0%   0.0%   0.0%   0.0%   0.0%   0.0%   0.0%   0.0%   0.0%   0.0%   0.0%   0.0%   0.0%   0.0%   0.0%   0.0% 	Avg.:  0.0% 
************************************************************************************************************
TAg Acc
	 95.3%   0.0%   0.0%   0.0%   0.0%   0.0%   0.0%   0.0%   0.0%   0.0%   0.0%   0.0%   0.0%   0.0%   0.0%   0.0%   0.0%   0.0%   0.0%   0.0% 	Avg.: 95.3% 
	 90.6%  90.4%   0.0%   0.0%   0.0%   0.0%   0.0%   0.0%   0.0%   0.0%   0.0%   0.0%   0.0%   0.0%   0.0%   0.0%   0.0%   0.0%   0.0%   0.0% 	Avg.: 90.5% 
	 83.7%  83.0%  95.1%   0.0%   0.0%   0.0%   0.0%   0.0%   0.0%   0.0%   0.0%   0.0%   0.0%   0.0%   0.0%   0.0%   0.0%   0.0%   0.0%   0.0% 	Avg.: 87.3% 
	 77.0%  74.6%  84.5%  88.9%   0.0%   0.0%   0.0%   0.0%   0.0%   0.0%   0.0%   0.0%   0.0%   0.0%   0.0%   0.0%   0.0%   0.0%   0.0%   0.0% 	Avg.: 81.2% 
	 73.2%  71.6%  79.1%  73.9%  90.8%   0.0%   0.0%   0.0%   0.0%   0.0%   0.0%   0.0%   0.0%   0.0%   0.0%   0.0%   0.0%   0.0%   0.0%   0.0% 	Avg.: 77.7% 
	 65.6%  70.6%  76.8%  68.2%  71.7%  89.1%   0.0%   0.0%   0.0%   0.0%   0.0%   0.0%   0.0%   0.0%   0.0%   0.0%   0.0%   0.0%   0.0%   0.0% 	Avg.: 73.7% 
	 59.8%  63.1%  74.0%  64.5%  73.7%  75.1%  93.0%   0.0%   0.0%   0.0%   0.0%   0.0%   0.0%   0.0%   0.0%   0.0%   0.0%   0.0%   0.0%   0.0% 	Avg.: 71.9% 
	 60.4%  62.4%  68.5%  59.7%  58.6%  68.7%  75.4%  90.8%   0.0%   0.0%   0.0%   0.0%   0.0%   0.0%   0.0%   0.0%   0.0%   0.0%   0.0%   0.0% 	Avg.: 68.1% 
	 62.0%  52.6%  69.5%  57.5%  52.2%  70.5%  76.7%  71.2%  90.5%   0.0%   0.0%   0.0%   0.0%   0.0%   0.0%   0.0%   0.0%   0.0%   0.0%   0.0% 	Avg.: 67.0% 
	  0.0%   0.0%   0.0%   0.0%   0.0%   0.0%   0.0%   0.0%   0.0%   0.0%   0.0%   0.0%   0.0%   0.0%   0.0%   0.0%   0.0%   0.0%   0.0%   0.0% 	Avg.:  0.0% 
	  0.0%   0.0%   0.0%   0.0%   0.0%   0.0%   0.0%   0.0%   0.0%   0.0%   0.0%   0.0%   0.0%   0.0%   0.0%   0.0%   0.0%   0.0%   0.0%   0.0% 	Avg.:  0.0% 
	  0.0%   0.0%   0.0%   0.0%   0.0%   0.0%   0.0%   0.0%   0.0%   0.0%   0.0%   0.0%   0.0%   0.0%   0.0%   0.0%   0.0%   0.0%   0.0%   0.0% 	Avg.:  0.0% 
	  0.0%   0.0%   0.0%   0.0%   0.0%   0.0%   0.0%   0.0%   0.0%   0.0%   0.0%   0.0%   0.0%   0.0%   0.0%   0.0%   0.0%   0.0%   0.0%   0.0% 	Avg.:  0.0% 
	  0.0%   0.0%   0.0%   0.0%   0.0%   0.0%   0.0%   0.0%   0.0%   0.0%   0.0%   0.0%   0.0%   0.0%   0.0%   0.0%   0.0%   0.0%   0.0%   0.0% 	Avg.:  0.0% 
	  0.0%   0.0%   0.0%   0.0%   0.0%   0.0%   0.0%   0.0%   0.0%   0.0%   0.0%   0.0%   0.0%   0.0%   0.0%   0.0%   0.0%   0.0%   0.0%   0.0% 	Avg.:  0.0% 
	  0.0%   0.0%   0.0%   0.0%   0.0%   0.0%   0.0%   0.0%   0.0%   0.0%   0.0%   0.0%   0.0%   0.0%   0.0%   0.0%   0.0%   0.0%   0.0%   0.0% 	Avg.:  0.0% 
	  0.0%   0.0%   0.0%   0.0%   0.0%   0.0%   0.0%   0.0%   0.0%   0.0%   0.0%   0.0%   0.0%   0.0%   0.0%   0.0%   0.0%   0.0%   0.0%   0.0% 	Avg.:  0.0% 
	  0.0%   0.0%   0.0%   0.0%   0.0%   0.0%   0.0%   0.0%   0.0%   0.0%   0.0%   0.0%   0.0%   0.0%   0.0%   0.0%   0.0%   0.0%   0.0%   0.0% 	Avg.:  0.0% 
	  0.0%   0.0%   0.0%   0.0%   0.0%   0.0%   0.0%   0.0%   0.0%   0.0%   0.0%   0.0%   0.0%   0.0%   0.0%   0.0%   0.0%   0.0%   0.0%   0.0% 	Avg.:  0.0% 
	  0.0%   0.0%   0.0%   0.0%   0.0%   0.0%   0.0%   0.0%   0.0%   0.0%   0.0%   0.0%   0.0%   0.0%   0.0%   0.0%   0.0%   0.0%   0.0%   0.0% 	Avg.:  0.0% 
************************************************************************************************************
TAw Forg
	  0.0%   0.0%   0.0%   0.0%   0.0%   0.0%   0.0%   0.0%   0.0%   0.0%   0.0%   0.0%   0.0%   0.0%   0.0%   0.0%   0.0%   0.0%   0.0%   0.0% 
	 -0.5%   0.0%   0.0%   0.0%   0.0%   0.0%   0.0%   0.0%   0.0%   0.0%   0.0%   0.0%   0.0%   0.0%   0.0%   0.0%   0.0%   0.0%   0.0%   0.0% 	Avg.: -0.5% 
	  0.4%   1.2%   0.0%   0.0%   0.0%   0.0%   0.0%   0.0%   0.0%   0.0%   0.0%   0.0%   0.0%   0.0%   0.0%   0.0%   0.0%   0.0%   0.0%   0.0% 	Avg.:  0.8% 
	  1.6%   2.6%   0.7%   0.0%   0.0%   0.0%   0.0%   0.0%   0.0%   0.0%   0.0%   0.0%   0.0%   0.0%   0.0%   0.0%   0.0%   0.0%   0.0%   0.0% 	Avg.:  1.6% 
	  2.1%   2.4%   1.4%  -0.4%   0.0%   0.0%   0.0%   0.0%   0.0%   0.0%   0.0%   0.0%   0.0%   0.0%   0.0%   0.0%   0.0%   0.0%   0.0%   0.0% 	Avg.:  1.4% 
	  2.1%   2.8%   1.3%   1.1%   0.2%   0.0%   0.0%   0.0%   0.0%   0.0%   0.0%   0.0%   0.0%   0.0%   0.0%   0.0%   0.0%   0.0%   0.0%   0.0% 	Avg.:  1.5% 
	  2.3%   3.4%   1.9%   2.2%   0.3%   1.0%   0.0%   0.0%   0.0%   0.0%   0.0%   0.0%   0.0%   0.0%   0.0%   0.0%   0.0%   0.0%   0.0%   0.0% 	Avg.:  1.9% 
	  2.6%   4.1%   1.8%   3.7%   1.2%   1.3%   1.6%   0.0%   0.0%   0.0%   0.0%   0.0%   0.0%   0.0%   0.0%   0.0%   0.0%   0.0%   0.0%   0.0% 	Avg.:  2.3% 
	  2.4%   2.7%   1.9%   3.7%   1.4%   1.4%   2.2%   1.0%   0.0%   0.0%   0.0%   0.0%   0.0%   0.0%   0.0%   0.0%   0.0%   0.0%   0.0%   0.0% 	Avg.:  2.1% 
	  0.0%   0.0%   0.0%   0.0%   0.0%   0.0%   0.0%   0.0%   0.0%   0.0%   0.0%   0.0%   0.0%   0.0%   0.0%   0.0%   0.0%   0.0%   0.0%   0.0% 	Avg.:  0.0% 
	  0.0%   0.0%   0.0%   0.0%   0.0%   0.0%   0.0%   0.0%   0.0%   0.0%   0.0%   0.0%   0.0%   0.0%   0.0%   0.0%   0.0%   0.0%   0.0%   0.0% 	Avg.:  0.0% 
	  0.0%   0.0%   0.0%   0.0%   0.0%   0.0%   0.0%   0.0%   0.0%   0.0%   0.0%   0.0%   0.0%   0.0%   0.0%   0.0%   0.0%   0.0%   0.0%   0.0% 	Avg.:  0.0% 
	  0.0%   0.0%   0.0%   0.0%   0.0%   0.0%   0.0%   0.0%   0.0%   0.0%   0.0%   0.0%   0.0%   0.0%   0.0%   0.0%   0.0%   0.0%   0.0%   0.0% 	Avg.:  0.0% 
	  0.0%   0.0%   0.0%   0.0%   0.0%   0.0%   0.0%   0.0%   0.0%   0.0%   0.0%   0.0%   0.0%   0.0%   0.0%   0.0%   0.0%   0.0%   0.0%   0.0% 	Avg.:  0.0% 
	  0.0%   0.0%   0.0%   0.0%   0.0%   0.0%   0.0%   0.0%   0.0%   0.0%   0.0%   0.0%   0.0%   0.0%   0.0%   0.0%   0.0%   0.0%   0.0%   0.0% 	Avg.:  0.0% 
	  0.0%   0.0%   0.0%   0.0%   0.0%   0.0%   0.0%   0.0%   0.0%   0.0%   0.0%   0.0%   0.0%   0.0%   0.0%   0.0%   0.0%   0.0%   0.0%   0.0% 	Avg.:  0.0% 
	  0.0%   0.0%   0.0%   0.0%   0.0%   0.0%   0.0%   0.0%   0.0%   0.0%   0.0%   0.0%   0.0%   0.0%   0.0%   0.0%   0.0%   0.0%   0.0%   0.0% 	Avg.:  0.0% 
	  0.0%   0.0%   0.0%   0.0%   0.0%   0.0%   0.0%   0.0%   0.0%   0.0%   0.0%   0.0%   0.0%   0.0%   0.0%   0.0%   0.0%   0.0%   0.0%   0.0% 	Avg.:  0.0% 
	  0.0%   0.0%   0.0%   0.0%   0.0%   0.0%   0.0%   0.0%   0.0%   0.0%   0.0%   0.0%   0.0%   0.0%   0.0%   0.0%   0.0%   0.0%   0.0%   0.0% 	Avg.:  0.0% 
	  0.0%   0.0%   0.0%   0.0%   0.0%   0.0%   0.0%   0.0%   0.0%   0.0%   0.0%   0.0%   0.0%   0.0%   0.0%   0.0%   0.0%   0.0%   0.0%   0.0% 	Avg.:  0.0% 
************************************************************************************************************
TAg Forg
	  0.0%   0.0%   0.0%   0.0%   0.0%   0.0%   0.0%   0.0%   0.0%   0.0%   0.0%   0.0%   0.0%   0.0%   0.0%   0.0%   0.0%   0.0%   0.0%   0.0% 
	  4.7%   0.0%   0.0%   0.0%   0.0%   0.0%   0.0%   0.0%   0.0%   0.0%   0.0%   0.0%   0.0%   0.0%   0.0%   0.0%   0.0%   0.0%   0.0%   0.0% 	Avg.:  4.7% 
	 11.6%   7.4%   0.0%   0.0%   0.0%   0.0%   0.0%   0.0%   0.0%   0.0%   0.0%   0.0%   0.0%   0.0%   0.0%   0.0%   0.0%   0.0%   0.0%   0.0% 	Avg.:  9.5% 
	 18.3%  15.8%  10.6%   0.0%   0.0%   0.0%   0.0%   0.0%   0.0%   0.0%   0.0%   0.0%   0.0%   0.0%   0.0%   0.0%   0.0%   0.0%   0.0%   0.0% 	Avg.: 14.9% 
	 22.1%  18.8%  16.0%  15.0%   0.0%   0.0%   0.0%   0.0%   0.0%   0.0%   0.0%   0.0%   0.0%   0.0%   0.0%   0.0%   0.0%   0.0%   0.0%   0.0% 	Avg.: 18.0% 
	 29.7%  19.8%  18.3%  20.7%  19.1%   0.0%   0.0%   0.0%   0.0%   0.0%   0.0%   0.0%   0.0%   0.0%   0.0%   0.0%   0.0%   0.0%   0.0%   0.0% 	Avg.: 21.5% 
	 35.5%  27.3%  21.1%  24.4%  17.1%  14.0%   0.0%   0.0%   0.0%   0.0%   0.0%   0.0%   0.0%   0.0%   0.0%   0.0%   0.0%   0.0%   0.0%   0.0% 	Avg.: 23.2% 
	 34.9%  28.0%  26.6%  29.2%  32.2%  20.4%  17.6%   0.0%   0.0%   0.0%   0.0%   0.0%   0.0%   0.0%   0.0%   0.0%   0.0%   0.0%   0.0%   0.0% 	Avg.: 27.0% 
	 33.3%  37.8%  25.6%  31.4%  38.6%  18.6%  16.3%  19.6%   0.0%   0.0%   0.0%   0.0%   0.0%   0.0%   0.0%   0.0%   0.0%   0.0%   0.0%   0.0% 	Avg.: 27.6% 
	  0.0%   0.0%   0.0%   0.0%   0.0%   0.0%   0.0%   0.0%   0.0%   0.0%   0.0%   0.0%   0.0%   0.0%   0.0%   0.0%   0.0%   0.0%   0.0%   0.0% 	Avg.:  0.0% 
	  0.0%   0.0%   0.0%   0.0%   0.0%   0.0%   0.0%   0.0%   0.0%   0.0%   0.0%   0.0%   0.0%   0.0%   0.0%   0.0%   0.0%   0.0%   0.0%   0.0% 	Avg.:  0.0% 
	  0.0%   0.0%   0.0%   0.0%   0.0%   0.0%   0.0%   0.0%   0.0%   0.0%   0.0%   0.0%   0.0%   0.0%   0.0%   0.0%   0.0%   0.0%   0.0%   0.0% 	Avg.:  0.0% 
	  0.0%   0.0%   0.0%   0.0%   0.0%   0.0%   0.0%   0.0%   0.0%   0.0%   0.0%   0.0%   0.0%   0.0%   0.0%   0.0%   0.0%   0.0%   0.0%   0.0% 	Avg.:  0.0% 
	  0.0%   0.0%   0.0%   0.0%   0.0%   0.0%   0.0%   0.0%   0.0%   0.0%   0.0%   0.0%   0.0%   0.0%   0.0%   0.0%   0.0%   0.0%   0.0%   0.0% 	Avg.:  0.0% 
	  0.0%   0.0%   0.0%   0.0%   0.0%   0.0%   0.0%   0.0%   0.0%   0.0%   0.0%   0.0%   0.0%   0.0%   0.0%   0.0%   0.0%   0.0%   0.0%   0.0% 	Avg.:  0.0% 
	  0.0%   0.0%   0.0%   0.0%   0.0%   0.0%   0.0%   0.0%   0.0%   0.0%   0.0%   0.0%   0.0%   0.0%   0.0%   0.0%   0.0%   0.0%   0.0%   0.0% 	Avg.:  0.0% 
	  0.0%   0.0%   0.0%   0.0%   0.0%   0.0%   0.0%   0.0%   0.0%   0.0%   0.0%   0.0%   0.0%   0.0%   0.0%   0.0%   0.0%   0.0%   0.0%   0.0% 	Avg.:  0.0% 
	  0.0%   0.0%   0.0%   0.0%   0.0%   0.0%   0.0%   0.0%   0.0%   0.0%   0.0%   0.0%   0.0%   0.0%   0.0%   0.0%   0.0%   0.0%   0.0%   0.0% 	Avg.:  0.0% 
	  0.0%   0.0%   0.0%   0.0%   0.0%   0.0%   0.0%   0.0%   0.0%   0.0%   0.0%   0.0%   0.0%   0.0%   0.0%   0.0%   0.0%   0.0%   0.0%   0.0% 	Avg.:  0.0% 
	  0.0%   0.0%   0.0%   0.0%   0.0%   0.0%   0.0%   0.0%   0.0%   0.0%   0.0%   0.0%   0.0%   0.0%   0.0%   0.0%   0.0%   0.0%   0.0%   0.0% 	Avg.:  0.0% 
************************************************************************************************************
[Elapsed time = 2.8 h]
Done!
