START_TASK=6 STOP_TASK=7
============================================================================================================
Arguments =
	approach: hydra
	batch_size: 64
	classes_first_task: None
	clipping: 10000
	crop: 224
	dataset: cifar100
	distilled: True
	eval_on_train: False
	experiment_path: None
	fix_bn: False
	freeze_backbone: False
	gpu: 0
	gpus: [0]
	increment: 10
	last_layer_analysis: False
	log: ['disk']
	lr: 0.01
	lr_factor: None
	lr_min: 0.0001
	lr_patience: None
	lr_scheduler: cosine
	lr_warmup_epochs: 0
	momentum: 0.0
	multi_softmax: False
	nepochs: 50
	network: vit_base_patch16_224_dist_in1k
	no_cudnn_deterministic: False
	normalize: in1k
	num_workers: 2
	optimizer_name: sgd
	pin_memory: False
	pretrained: True
	resize: 224
	results_path: ./results
	save_models: True
	seed: 0
	start_at_task: 6
	start_epoch: 0
	stop_at_task: 7
	stop_epoch: 0
	use_valid_only: False
	warmup_lr_factor: 1.0
	warmup_nepochs: 0
	weight_decay: 0.0
============================================================================================================
Approach arguments =
	T: 2
	lamb: 1.0
	lamb_cos: 1.0
	lamb_dist: 1.0
	lamb_dist_kd: 1.0
============================================================================================================
Exemplars arguments =
============================================================================================================
WARNING: ./results/vit_base_patch16_224_dist_in1k/cifar100/hydra/10 already exists!
Loaded acc_taw from: ./results/vit_base_patch16_224_dist_in1k/cifar100/hydra/10/acc_taw-5.txt
Loaded acc_tag from: ./results/vit_base_patch16_224_dist_in1k/cifar100/hydra/10/acc_tag-5.txt
Loaded forg_taw from: ./results/vit_base_patch16_224_dist_in1k/cifar100/hydra/10/forg_taw-5.txt
Loaded forg_tag from: ./results/vit_base_patch16_224_dist_in1k/cifar100/hydra/10/forg_tag-5.txt
************************************************************************************************************
Task  6  [epochs 0-50]
************************************************************************************************************
[params] total:86,675,316  trainable:86,636,866  tensors:181  trainable_tensors:171
| Epoch   1, time= 43.1s | Train: skip eval | Valid: time=  2.7s loss=6.333, TAw acc= 96.8% | * lr=1.0e-02
| Epoch   2, time= 43.0s | Train: skip eval | Valid: time=  2.7s loss=6.269, TAw acc= 97.0% | * lr=1.0e-02
| Epoch   3, time= 43.3s | Train: skip eval | Valid: time=  2.7s loss=6.206, TAw acc= 97.6% | * lr=9.9e-03
| Epoch   4, time= 43.6s | Train: skip eval | Valid: time=  2.7s loss=6.167, TAw acc= 98.4% | * lr=9.8e-03
| Epoch   5, time= 44.0s | Train: skip eval | Valid: time=  2.8s loss=6.150, TAw acc= 98.8% | * lr=9.8e-03
| Epoch   6, time= 44.1s | Train: skip eval | Valid: time=  2.7s loss=6.140, TAw acc= 98.0% | * lr=9.7e-03
| Epoch   7, time= 44.2s | Train: skip eval | Valid: time=  2.8s loss=6.164, TAw acc= 97.6% | lr=9.5e-03
| Epoch   8, time= 44.2s | Train: skip eval | Valid: time=  2.7s loss=6.190, TAw acc= 97.0% | lr=9.4e-03
| Epoch   9, time= 44.2s | Train: skip eval | Valid: time=  2.8s loss=6.211, TAw acc= 96.6% | lr=9.2e-03
| Epoch  10, time= 44.4s | Train: skip eval | Valid: time=  2.8s loss=6.153, TAw acc= 97.6% | lr=9.1e-03
| Epoch  11, time= 44.5s | Train: skip eval | Valid: time=  2.8s loss=6.175, TAw acc= 97.4% | lr=8.9e-03
| Epoch  12, time= 44.6s | Train: skip eval | Valid: time=  2.8s loss=6.146, TAw acc= 98.0% | lr=8.7e-03
| Epoch  13, time= 44.6s | Train: skip eval | Valid: time=  2.8s loss=6.120, TAw acc= 98.6% | * lr=8.4e-03
| Epoch  14, time= 44.6s | Train: skip eval | Valid: time=  2.8s loss=6.120, TAw acc= 98.2% | * lr=8.2e-03
| Epoch  15, time= 44.7s | Train: skip eval | Valid: time=  2.8s loss=6.124, TAw acc= 98.8% | lr=8.0e-03
| Epoch  16, time= 45.2s | Train: skip eval | Valid: time=  2.9s loss=6.126, TAw acc= 98.4% | lr=7.7e-03
| Epoch  17, time= 44.7s | Train: skip eval | Valid: time=  2.8s loss=6.100, TAw acc= 98.4% | * lr=7.4e-03
| Epoch  18, time= 44.6s | Train: skip eval | Valid: time=  2.8s loss=6.124, TAw acc= 97.6% | lr=7.2e-03
| Epoch  19, time= 44.6s | Train: skip eval | Valid: time=  2.8s loss=6.109, TAw acc= 98.2% | lr=6.9e-03
| Epoch  20, time= 44.6s | Train: skip eval | Valid: time=  2.8s loss=6.099, TAw acc= 98.4% | * lr=6.6e-03
| Epoch  21, time= 45.1s | Train: skip eval | Valid: time=  2.8s loss=6.101, TAw acc= 98.2% | lr=6.3e-03
| Epoch  22, time= 44.6s | Train: skip eval | Valid: time=  2.8s loss=6.094, TAw acc= 98.4% | * lr=6.0e-03
| Epoch  23, time= 44.6s | Train: skip eval | Valid: time=  2.8s loss=6.092, TAw acc= 98.6% | * lr=5.7e-03
| Epoch  24, time= 44.7s | Train: skip eval | Valid: time=  2.8s loss=6.096, TAw acc= 98.0% | lr=5.4e-03
| Epoch  25, time= 44.6s | Train: skip eval | Valid: time=  2.8s loss=6.078, TAw acc= 98.8% | * lr=5.1e-03
| Epoch  26, time= 44.8s | Train: skip eval | Valid: time=  3.7s loss=6.081, TAw acc= 98.6% | lr=4.7e-03
| Epoch  27, time= 45.9s | Train: skip eval | Valid: time=  2.8s loss=6.080, TAw acc= 98.8% | lr=4.4e-03
| Epoch  28, time= 44.7s | Train: skip eval | Valid: time=  2.8s loss=6.085, TAw acc= 98.6% | lr=4.1e-03
| Epoch  29, time= 48.5s | Train: skip eval | Valid: time=  7.7s loss=6.086, TAw acc= 98.2% | lr=3.8e-03
| Epoch  30, time= 48.0s | Train: skip eval | Valid: time=  7.7s loss=6.084, TAw acc= 98.4% | lr=3.5e-03
| Epoch  31, time= 48.2s | Train: skip eval | Valid: time=  7.6s loss=6.080, TAw acc= 98.8% | lr=3.2e-03
| Epoch  32, time= 47.9s | Train: skip eval | Valid: time=  8.0s loss=6.081, TAw acc= 98.6% | lr=2.9e-03
| Epoch  33, time= 49.6s | Train: skip eval | Valid: time=  7.6s loss=6.081, TAw acc= 99.0% | lr=2.7e-03
| Epoch  34, time= 49.0s | Train: skip eval | Valid: time=  7.8s loss=6.077, TAw acc= 98.6% | * lr=2.4e-03
| Epoch  35, time= 51.1s | Train: skip eval | Valid: time=  9.5s loss=6.079, TAw acc= 98.4% | lr=2.1e-03
| Epoch  36, time= 55.4s | Train: skip eval | Valid: time=  7.7s loss=6.079, TAw acc= 98.4% | lr=1.9e-03
| Epoch  37, time= 47.9s | Train: skip eval | Valid: time=  7.7s loss=6.079, TAw acc= 98.2% | lr=1.7e-03
| Epoch  38, time= 48.0s | Train: skip eval | Valid: time=  7.7s loss=6.081, TAw acc= 98.4% | lr=1.4e-03
| Epoch  39, time= 47.9s | Train: skip eval | Valid: time=  7.6s loss=6.076, TAw acc= 98.4% | * lr=1.2e-03
| Epoch  40, time= 47.8s | Train: skip eval | Valid: time=  7.7s loss=6.080, TAw acc= 98.4% | lr=1.0e-03
| Epoch  41, time= 47.9s | Train: skip eval | Valid: time=  7.7s loss=6.075, TAw acc= 98.4% | * lr=8.7e-04
| Epoch  42, time= 48.0s | Train: skip eval | Valid: time=  7.7s loss=6.075, TAw acc= 98.2% | * lr=7.1e-04
| Epoch  43, time= 48.6s | Train: skip eval | Valid: time=  7.7s loss=6.075, TAw acc= 98.2% | lr=5.7e-04
| Epoch  44, time= 47.9s | Train: skip eval | Valid: time=  7.7s loss=6.075, TAw acc= 98.6% | * lr=4.5e-04
| Epoch  45, time= 48.0s | Train: skip eval | Valid: time=  9.5s loss=6.074, TAw acc= 98.4% | * lr=3.4e-04
| Epoch  46, time= 48.0s | Train: skip eval | Valid: time=  8.0s loss=6.074, TAw acc= 98.4% | * lr=2.6e-04
| Epoch  47, time= 49.7s | Train: skip eval | Valid: time=  7.7s loss=6.073, TAw acc= 98.2% | * lr=1.9e-04
| Epoch  48, time= 47.9s | Train: skip eval | Valid: time=  7.7s loss=6.073, TAw acc= 98.2% | * lr=1.4e-04
| Epoch  49, time= 49.8s | Train: skip eval | Valid: time=  7.7s loss=6.073, TAw acc= 98.2% | lr=1.1e-04
| Epoch  50, time= 47.9s | Train: skip eval | Valid: time=  7.7s loss=6.073, TAw acc= 98.4% | lr=1.0e-04
------------------------------------------------------------------------------------------------------------
>>> Test on task  0 : loss=0.255 | TAw acc= 96.4%, forg=  0.5% | TAg acc= 87.6%, forg=  9.3% <<<
>>> Test on task  1 : loss=3.078 | TAw acc= 98.7%, forg=  0.0% | TAg acc= 88.8%, forg=  0.2% <<<
>>> Test on task  2 : loss=3.757 | TAw acc= 98.0%, forg=  0.2% | TAg acc= 84.2%, forg=  0.0% <<<
>>> Test on task  3 : loss=5.074 | TAw acc= 95.3%, forg=  0.2% | TAg acc= 79.6%, forg=  0.4% <<<
>>> Test on task  4 : loss=5.509 | TAw acc= 97.9%, forg= -0.1% | TAg acc= 86.1%, forg=  0.6% <<<
>>> Test on task  5 : loss=5.323 | TAw acc= 93.9%, forg=  0.5% | TAg acc= 58.4%, forg=  1.9% <<<
>>> Test on task  6 : loss=6.167 | TAw acc= 97.6%, forg=  0.0% | TAg acc= 81.1%, forg=  0.0% <<<
Save at ./results/./results/vit_base_patch16_224_dist_in1k/cifar100/hydra/10
************************************************************************************************************
TAw Acc
	 96.9%   0.0%   0.0%   0.0%   0.0%   0.0%   0.0%   0.0%   0.0%   0.0% 	Avg.: 96.9% 
	 96.5%  98.7%   0.0%   0.0%   0.0%   0.0%   0.0%   0.0%   0.0%   0.0% 	Avg.: 97.6% 
	 96.6%  98.7%  98.1%   0.0%   0.0%   0.0%   0.0%   0.0%   0.0%   0.0% 	Avg.: 97.8% 
	 96.3%  98.5%  98.1%  94.5%   0.0%   0.0%   0.0%   0.0%   0.0%   0.0% 	Avg.: 96.8% 
	 96.7%  98.7%  97.8%  95.1%  97.8%   0.0%   0.0%   0.0%   0.0%   0.0% 	Avg.: 97.2% 
	 96.3%  98.5%  98.2%  95.5%  97.8%  94.4%   0.0%   0.0%   0.0%   0.0% 	Avg.: 96.8% 
	 96.4%  98.7%  98.0%  95.3%  97.9%  93.9%  97.6%   0.0%   0.0%   0.0% 	Avg.: 96.8% 
	  0.0%   0.0%   0.0%   0.0%   0.0%   0.0%   0.0%   0.0%   0.0%   0.0% 	Avg.:  0.0% 
	  0.0%   0.0%   0.0%   0.0%   0.0%   0.0%   0.0%   0.0%   0.0%   0.0% 	Avg.:  0.0% 
	  0.0%   0.0%   0.0%   0.0%   0.0%   0.0%   0.0%   0.0%   0.0%   0.0% 	Avg.:  0.0% 
************************************************************************************************************
TAg Acc
	 96.9%   0.0%   0.0%   0.0%   0.0%   0.0%   0.0%   0.0%   0.0%   0.0% 	Avg.: 96.9% 
	 93.2%  87.8%   0.0%   0.0%   0.0%   0.0%   0.0%   0.0%   0.0%   0.0% 	Avg.: 90.5% 
	 90.8%  87.2%  83.6%   0.0%   0.0%   0.0%   0.0%   0.0%   0.0%   0.0% 	Avg.: 87.2% 
	 89.9%  88.4%  84.2%  79.0%   0.0%   0.0%   0.0%   0.0%   0.0%   0.0% 	Avg.: 85.4% 
	 88.2%  88.7%  84.2%  79.4%  86.7%   0.0%   0.0%   0.0%   0.0%   0.0% 	Avg.: 85.4% 
	 87.4%  89.0%  83.9%  80.0%  85.5%  60.3%   0.0%   0.0%   0.0%   0.0% 	Avg.: 81.0% 
	 87.6%  88.8%  84.2%  79.6%  86.1%  58.4%  81.1%   0.0%   0.0%   0.0% 	Avg.: 80.8% 
	  0.0%   0.0%   0.0%   0.0%   0.0%   0.0%   0.0%   0.0%   0.0%   0.0% 	Avg.:  0.0% 
	  0.0%   0.0%   0.0%   0.0%   0.0%   0.0%   0.0%   0.0%   0.0%   0.0% 	Avg.:  0.0% 
	  0.0%   0.0%   0.0%   0.0%   0.0%   0.0%   0.0%   0.0%   0.0%   0.0% 	Avg.:  0.0% 
************************************************************************************************************
TAw Forg
	  0.0%   0.0%   0.0%   0.0%   0.0%   0.0%   0.0%   0.0%   0.0%   0.0% 
	  0.4%   0.0%   0.0%   0.0%   0.0%   0.0%   0.0%   0.0%   0.0%   0.0% 	Avg.:  0.4% 
	  0.3%   0.0%   0.0%   0.0%   0.0%   0.0%   0.0%   0.0%   0.0%   0.0% 	Avg.:  0.2% 
	  0.6%   0.2%   0.0%   0.0%   0.0%   0.0%   0.0%   0.0%   0.0%   0.0% 	Avg.:  0.3% 
	  0.2%   0.0%   0.3%  -0.6%   0.0%   0.0%   0.0%   0.0%   0.0%   0.0% 	Avg.: -0.0% 
	  0.6%   0.2%  -0.1%  -0.4%   0.0%   0.0%   0.0%   0.0%   0.0%   0.0% 	Avg.:  0.1% 
	  0.5%   0.0%   0.2%   0.2%  -0.1%   0.5%   0.0%   0.0%   0.0%   0.0% 	Avg.:  0.2% 
	  0.0%   0.0%   0.0%   0.0%   0.0%   0.0%   0.0%   0.0%   0.0%   0.0% 	Avg.:  0.0% 
	  0.0%   0.0%   0.0%   0.0%   0.0%   0.0%   0.0%   0.0%   0.0%   0.0% 	Avg.:  0.0% 
	  0.0%   0.0%   0.0%   0.0%   0.0%   0.0%   0.0%   0.0%   0.0%   0.0% 	Avg.:  0.0% 
************************************************************************************************************
TAg Forg
	  0.0%   0.0%   0.0%   0.0%   0.0%   0.0%   0.0%   0.0%   0.0%   0.0% 
	  3.7%   0.0%   0.0%   0.0%   0.0%   0.0%   0.0%   0.0%   0.0%   0.0% 	Avg.:  3.7% 
	  6.1%   0.6%   0.0%   0.0%   0.0%   0.0%   0.0%   0.0%   0.0%   0.0% 	Avg.:  3.4% 
	  7.0%  -0.6%  -0.6%   0.0%   0.0%   0.0%   0.0%   0.0%   0.0%   0.0% 	Avg.:  1.9% 
	  8.7%  -0.3%   0.0%  -0.4%   0.0%   0.0%   0.0%   0.0%   0.0%   0.0% 	Avg.:  2.0% 
	  9.5%  -0.3%   0.3%  -0.6%   1.2%   0.0%   0.0%   0.0%   0.0%   0.0% 	Avg.:  2.0% 
	  9.3%   0.2%   0.0%   0.4%   0.6%   1.9%   0.0%   0.0%   0.0%   0.0% 	Avg.:  2.1% 
	  0.0%   0.0%   0.0%   0.0%   0.0%   0.0%   0.0%   0.0%   0.0%   0.0% 	Avg.:  0.0% 
	  0.0%   0.0%   0.0%   0.0%   0.0%   0.0%   0.0%   0.0%   0.0%   0.0% 	Avg.:  0.0% 
	  0.0%   0.0%   0.0%   0.0%   0.0%   0.0%   0.0%   0.0%   0.0%   0.0% 	Avg.:  0.0% 
************************************************************************************************************
[Elapsed time = 0.7 h]
Done!
