START_TASK=1 STOP_TASK=2
============================================================================================================
Arguments =
	approach: hydra
	batch_size: 64
	classes_first_task: None
	clipping: 10000
	crop: 224
	dataset: cifar100
	distilled: True
	eval_on_train: False
	experiment_path: None
	fix_bn: False
	freeze_backbone: False
	gpu: 0
	gpus: [0]
	increment: 10
	last_layer_analysis: False
	log: ['disk']
	lr: 0.01
	lr_factor: None
	lr_min: 0.0001
	lr_patience: None
	lr_scheduler: cosine
	lr_warmup_epochs: 0
	momentum: 0.0
	multi_softmax: False
	nepochs: 50
	network: vit_base_patch16_224_dist_in1k
	no_cudnn_deterministic: False
	normalize: in1k
	num_workers: 2
	optimizer_name: sgd
	pin_memory: False
	pretrained: True
	resize: 224
	results_path: ./results
	save_models: True
	seed: 0
	start_at_task: 1
	start_epoch: 0
	stop_at_task: 2
	stop_epoch: 0
	use_valid_only: False
	warmup_lr_factor: 1.0
	warmup_nepochs: 0
	weight_decay: 0.0
============================================================================================================
Approach arguments =
	T: 2
	lamb: 1.0
	lamb_cos: 1.0
	lamb_dist: 1.0
	lamb_dist_kd: 1.0
============================================================================================================
Exemplars arguments =
============================================================================================================
WARNING: ./results/vit_base_patch16_224_dist_in1k/cifar100/hydra/10 already exists!
Loaded acc_taw from: ./results/vit_base_patch16_224_dist_in1k/cifar100/hydra/10/acc_taw-0.txt
Loaded acc_tag from: ./results/vit_base_patch16_224_dist_in1k/cifar100/hydra/10/acc_tag-0.txt
Loaded forg_taw from: ./results/vit_base_patch16_224_dist_in1k/cifar100/hydra/10/forg_taw-0.txt
Loaded forg_tag from: ./results/vit_base_patch16_224_dist_in1k/cifar100/hydra/10/forg_tag-0.txt
************************************************************************************************************
Task  1  [epochs 0-50]
************************************************************************************************************
[params] total:86,598,416  trainable:86,598,416  tensors:161  trainable_tensors:161
| Epoch   1, time= 44.4s | Train: skip eval | Valid: time=  2.7s loss=3.654, TAw acc= 95.6% | * lr=1.0e-02
| Epoch   2, time= 47.6s | Train: skip eval | Valid: time=  2.8s loss=3.586, TAw acc= 95.8% | * lr=1.0e-02
| Epoch   3, time= 43.7s | Train: skip eval | Valid: time=  2.7s loss=3.560, TAw acc= 96.0% | * lr=9.9e-03
| Epoch   4, time= 43.7s | Train: skip eval | Valid: time=  2.7s loss=3.526, TAw acc= 96.8% | * lr=9.8e-03
| Epoch   5, time= 43.9s | Train: skip eval | Valid: time=  2.7s loss=3.565, TAw acc= 96.4% | lr=9.8e-03
| Epoch   6, time= 47.5s | Train: skip eval | Valid: time=  2.8s loss=3.523, TAw acc= 97.0% | * lr=9.7e-03
| Epoch   7, time= 46.6s | Train: skip eval | Valid: time=  2.8s loss=3.499, TAw acc= 97.0% | * lr=9.5e-03
| Epoch   8, time= 43.9s | Train: skip eval | Valid: time=  2.8s loss=3.526, TAw acc= 96.8% | lr=9.4e-03
| Epoch   9, time= 44.1s | Train: skip eval | Valid: time=  2.7s loss=3.492, TAw acc= 96.6% | * lr=9.2e-03
| Epoch  10, time= 47.7s | Train: skip eval | Valid: time=  5.8s loss=3.475, TAw acc= 97.2% | * lr=9.1e-03
| Epoch  11, time= 51.3s | Train: skip eval | Valid: time=  4.6s loss=3.516, TAw acc= 97.0% | lr=8.9e-03
| Epoch  12, time= 47.9s | Train: skip eval | Valid: time=  6.4s loss=3.497, TAw acc= 97.0% | lr=8.7e-03
| Epoch  13, time= 43.5s | Train: skip eval | Valid: time=  2.7s loss=3.505, TAw acc= 96.8% | lr=8.4e-03
| Epoch  14, time= 43.3s | Train: skip eval | Valid: time=  2.7s loss=3.482, TAw acc= 97.0% | lr=8.2e-03
| Epoch  15, time= 46.0s | Train: skip eval | Valid: time=  7.3s loss=3.493, TAw acc= 97.4% | lr=8.0e-03
| Epoch  16, time= 50.4s | Train: skip eval | Valid: time= 10.2s loss=3.530, TAw acc= 97.0% | lr=7.7e-03
| Epoch  17, time= 47.0s | Train: skip eval | Valid: time=  2.7s loss=3.498, TAw acc= 97.0% | lr=7.4e-03
| Epoch  18, time= 43.7s | Train: skip eval | Valid: time=  2.7s loss=3.499, TAw acc= 97.6% | lr=7.2e-03
| Epoch  19, time= 43.9s | Train: skip eval | Valid: time=  2.7s loss=3.481, TAw acc= 97.2% | lr=6.9e-03
| Epoch  20, time= 44.0s | Train: skip eval | Valid: time=  2.8s loss=3.476, TAw acc= 96.8% | lr=6.6e-03
| Epoch  21, time= 44.2s | Train: skip eval | Valid: time=  2.8s loss=3.488, TAw acc= 97.2% | lr=6.3e-03
| Epoch  22, time= 44.3s | Train: skip eval | Valid: time=  2.8s loss=3.475, TAw acc= 97.0% | * lr=6.0e-03
| Epoch  23, time= 44.4s | Train: skip eval | Valid: time=  2.8s loss=3.476, TAw acc= 97.4% | lr=5.7e-03
| Epoch  24, time= 44.5s | Train: skip eval | Valid: time=  2.8s loss=3.474, TAw acc= 97.4% | * lr=5.4e-03
| Epoch  25, time= 44.5s | Train: skip eval | Valid: time=  2.8s loss=3.484, TAw acc= 97.4% | lr=5.1e-03
| Epoch  26, time= 44.5s | Train: skip eval | Valid: time=  2.8s loss=3.478, TAw acc= 97.2% | lr=4.7e-03
| Epoch  27, time= 44.6s | Train: skip eval | Valid: time=  2.8s loss=3.480, TAw acc= 97.2% | lr=4.4e-03
| Epoch  28, time= 44.8s | Train: skip eval | Valid: time=  2.9s loss=3.486, TAw acc= 97.4% | lr=4.1e-03
| Epoch  29, time= 44.6s | Train: skip eval | Valid: time=  2.7s loss=3.488, TAw acc= 97.6% | lr=3.8e-03
| Epoch  30, time= 44.4s | Train: skip eval | Valid: time=  2.7s loss=3.479, TAw acc= 97.2% | lr=3.5e-03
| Epoch  31, time= 44.5s | Train: skip eval | Valid: time=  2.8s loss=3.478, TAw acc= 97.2% | lr=3.2e-03
| Epoch  32, time= 44.5s | Train: skip eval | Valid: time=  2.8s loss=3.486, TAw acc= 97.2% | lr=2.9e-03
| Epoch  33, time= 44.7s | Train: skip eval | Valid: time=  2.8s loss=3.478, TAw acc= 97.4% | lr=2.7e-03
| Epoch  34, time= 48.1s | Train: skip eval | Valid: time=  6.8s loss=3.474, TAw acc= 97.8% | lr=2.4e-03
| Epoch  35, time= 44.8s | Train: skip eval | Valid: time=  2.7s loss=3.477, TAw acc= 97.6% | lr=2.1e-03
| Epoch  36, time= 44.4s | Train: skip eval | Valid: time=  2.7s loss=3.478, TAw acc= 97.6% | lr=1.9e-03
| Epoch  37, time= 44.5s | Train: skip eval | Valid: time=  2.8s loss=3.477, TAw acc= 97.6% | lr=1.7e-03
| Epoch  38, time= 44.5s | Train: skip eval | Valid: time=  2.8s loss=3.476, TAw acc= 97.6% | lr=1.4e-03
| Epoch  39, time= 45.9s | Train: skip eval | Valid: time=  2.8s loss=3.477, TAw acc= 97.6% | lr=1.2e-03
| Epoch  40, time= 44.6s | Train: skip eval | Valid: time=  2.8s loss=3.480, TAw acc= 97.4% | lr=1.0e-03
| Epoch  41, time= 46.0s | Train: skip eval | Valid: time=  3.2s loss=3.483, TAw acc= 97.6% | lr=8.7e-04
| Epoch  42, time= 44.4s | Train: skip eval | Valid: time=  2.8s loss=3.484, TAw acc= 97.6% | lr=7.1e-04
| Epoch  43, time= 44.0s | Train: skip eval | Valid: time=  2.7s loss=3.484, TAw acc= 97.4% | lr=5.7e-04
| Epoch  44, time= 44.1s | Train: skip eval | Valid: time=  2.8s loss=3.483, TAw acc= 97.6% | lr=4.5e-04
| Epoch  45, time= 44.2s | Train: skip eval | Valid: time=  2.7s loss=3.481, TAw acc= 97.6% | lr=3.4e-04
| Epoch  46, time= 44.4s | Train: skip eval | Valid: time=  2.8s loss=3.482, TAw acc= 97.6% | lr=2.6e-04
| Epoch  47, time= 44.5s | Train: skip eval | Valid: time=  2.8s loss=3.482, TAw acc= 97.6% | lr=1.9e-04
| Epoch  48, time= 44.7s | Train: skip eval | Valid: time=  2.8s loss=3.482, TAw acc= 97.6% | lr=1.4e-04
| Epoch  49, time= 44.5s | Train: skip eval | Valid: time=  2.8s loss=3.482, TAw acc= 97.6% | lr=1.1e-04
| Epoch  50, time= 44.3s | Train: skip eval | Valid: time=  2.7s loss=3.482, TAw acc= 97.6% | lr=1.0e-04
------------------------------------------------------------------------------------------------------------
>>> Test on task  0 : loss=0.255 | TAw acc= 96.5%, forg=  0.4% | TAg acc= 93.2%, forg=  3.7% <<<
>>> Test on task  1 : loss=3.312 | TAw acc= 98.7%, forg=  0.0% | TAg acc= 87.8%, forg=  0.0% <<<
Save at ./results/./results/vit_base_patch16_224_dist_in1k/cifar100/hydra/10
************************************************************************************************************
TAw Acc
	 96.9%   0.0%   0.0%   0.0%   0.0%   0.0%   0.0%   0.0%   0.0%   0.0% 	Avg.: 96.9% 
	 96.5%  98.7%   0.0%   0.0%   0.0%   0.0%   0.0%   0.0%   0.0%   0.0% 	Avg.: 97.6% 
	  0.0%   0.0%   0.0%   0.0%   0.0%   0.0%   0.0%   0.0%   0.0%   0.0% 	Avg.:  0.0% 
	  0.0%   0.0%   0.0%   0.0%   0.0%   0.0%   0.0%   0.0%   0.0%   0.0% 	Avg.:  0.0% 
	  0.0%   0.0%   0.0%   0.0%   0.0%   0.0%   0.0%   0.0%   0.0%   0.0% 	Avg.:  0.0% 
	  0.0%   0.0%   0.0%   0.0%   0.0%   0.0%   0.0%   0.0%   0.0%   0.0% 	Avg.:  0.0% 
	  0.0%   0.0%   0.0%   0.0%   0.0%   0.0%   0.0%   0.0%   0.0%   0.0% 	Avg.:  0.0% 
	  0.0%   0.0%   0.0%   0.0%   0.0%   0.0%   0.0%   0.0%   0.0%   0.0% 	Avg.:  0.0% 
	  0.0%   0.0%   0.0%   0.0%   0.0%   0.0%   0.0%   0.0%   0.0%   0.0% 	Avg.:  0.0% 
	  0.0%   0.0%   0.0%   0.0%   0.0%   0.0%   0.0%   0.0%   0.0%   0.0% 	Avg.:  0.0% 
************************************************************************************************************
TAg Acc
	 96.9%   0.0%   0.0%   0.0%   0.0%   0.0%   0.0%   0.0%   0.0%   0.0% 	Avg.: 96.9% 
	 93.2%  87.8%   0.0%   0.0%   0.0%   0.0%   0.0%   0.0%   0.0%   0.0% 	Avg.: 90.5% 
	  0.0%   0.0%   0.0%   0.0%   0.0%   0.0%   0.0%   0.0%   0.0%   0.0% 	Avg.:  0.0% 
	  0.0%   0.0%   0.0%   0.0%   0.0%   0.0%   0.0%   0.0%   0.0%   0.0% 	Avg.:  0.0% 
	  0.0%   0.0%   0.0%   0.0%   0.0%   0.0%   0.0%   0.0%   0.0%   0.0% 	Avg.:  0.0% 
	  0.0%   0.0%   0.0%   0.0%   0.0%   0.0%   0.0%   0.0%   0.0%   0.0% 	Avg.:  0.0% 
	  0.0%   0.0%   0.0%   0.0%   0.0%   0.0%   0.0%   0.0%   0.0%   0.0% 	Avg.:  0.0% 
	  0.0%   0.0%   0.0%   0.0%   0.0%   0.0%   0.0%   0.0%   0.0%   0.0% 	Avg.:  0.0% 
	  0.0%   0.0%   0.0%   0.0%   0.0%   0.0%   0.0%   0.0%   0.0%   0.0% 	Avg.:  0.0% 
	  0.0%   0.0%   0.0%   0.0%   0.0%   0.0%   0.0%   0.0%   0.0%   0.0% 	Avg.:  0.0% 
************************************************************************************************************
TAw Forg
	  0.0%   0.0%   0.0%   0.0%   0.0%   0.0%   0.0%   0.0%   0.0%   0.0% 
	  0.4%   0.0%   0.0%   0.0%   0.0%   0.0%   0.0%   0.0%   0.0%   0.0% 	Avg.:  0.4% 
	  0.0%   0.0%   0.0%   0.0%   0.0%   0.0%   0.0%   0.0%   0.0%   0.0% 	Avg.:  0.0% 
	  0.0%   0.0%   0.0%   0.0%   0.0%   0.0%   0.0%   0.0%   0.0%   0.0% 	Avg.:  0.0% 
	  0.0%   0.0%   0.0%   0.0%   0.0%   0.0%   0.0%   0.0%   0.0%   0.0% 	Avg.:  0.0% 
	  0.0%   0.0%   0.0%   0.0%   0.0%   0.0%   0.0%   0.0%   0.0%   0.0% 	Avg.:  0.0% 
	  0.0%   0.0%   0.0%   0.0%   0.0%   0.0%   0.0%   0.0%   0.0%   0.0% 	Avg.:  0.0% 
	  0.0%   0.0%   0.0%   0.0%   0.0%   0.0%   0.0%   0.0%   0.0%   0.0% 	Avg.:  0.0% 
	  0.0%   0.0%   0.0%   0.0%   0.0%   0.0%   0.0%   0.0%   0.0%   0.0% 	Avg.:  0.0% 
	  0.0%   0.0%   0.0%   0.0%   0.0%   0.0%   0.0%   0.0%   0.0%   0.0% 	Avg.:  0.0% 
************************************************************************************************************
TAg Forg
	  0.0%   0.0%   0.0%   0.0%   0.0%   0.0%   0.0%   0.0%   0.0%   0.0% 
	  3.7%   0.0%   0.0%   0.0%   0.0%   0.0%   0.0%   0.0%   0.0%   0.0% 	Avg.:  3.7% 
	  0.0%   0.0%   0.0%   0.0%   0.0%   0.0%   0.0%   0.0%   0.0%   0.0% 	Avg.:  0.0% 
	  0.0%   0.0%   0.0%   0.0%   0.0%   0.0%   0.0%   0.0%   0.0%   0.0% 	Avg.:  0.0% 
	  0.0%   0.0%   0.0%   0.0%   0.0%   0.0%   0.0%   0.0%   0.0%   0.0% 	Avg.:  0.0% 
	  0.0%   0.0%   0.0%   0.0%   0.0%   0.0%   0.0%   0.0%   0.0%   0.0% 	Avg.:  0.0% 
	  0.0%   0.0%   0.0%   0.0%   0.0%   0.0%   0.0%   0.0%   0.0%   0.0% 	Avg.:  0.0% 
	  0.0%   0.0%   0.0%   0.0%   0.0%   0.0%   0.0%   0.0%   0.0%   0.0% 	Avg.:  0.0% 
	  0.0%   0.0%   0.0%   0.0%   0.0%   0.0%   0.0%   0.0%   0.0%   0.0% 	Avg.:  0.0% 
	  0.0%   0.0%   0.0%   0.0%   0.0%   0.0%   0.0%   0.0%   0.0%   0.0% 	Avg.:  0.0% 
************************************************************************************************************
[Elapsed time = 0.7 h]
Done!
