START_TASK=15 STOP_TASK=16
============================================================================================================
Arguments =
	all_outputs: False
	approach: simplecil
	batch_size: 64
	classes_first_task: None
	clipping: None
	crop: 224
	data_path: ../data/inat200
	dataset: inat200
	eval_on_train: False
	experiment_path: None
	fix_bn: False
	freeze_backbone: False
	gpu: 0
	gpus: [0]
	increment: 10
	last_layer_analysis: True
	log: ['disk']
	lr: None
	lr_factor: None
	lr_min: None
	lr_patience: None
	lr_scheduler: None
	lr_warmup_epochs: 0
	momentum: 0.0
	multi_softmax: False
	nepochs: 1
	network: vit_base_patch16_224.orig_in21k
	no_cudnn_deterministic: False
	normalize: in21k
	num_workers: 2
	optimizer_name: sgd
	pin_memory: False
	pretrained: True
	resize: 224
	results_path: ./results
	save_models: True
	seed: 0
	start_at_task: 15
	start_epoch: 0
	stop_at_task: 16
	stop_epoch: 0
	use_valid_only: False
	warmup_lr_factor: 1.0
	warmup_nepochs: 0
	weight_decay: 0.0
============================================================================================================
Approach arguments =
============================================================================================================
Exemplars arguments =
============================================================================================================
WARNING: ./results/vit_base_patch16_224.orig_in21k/inat200/simplecil/10 already exists!
Loaded acc_taw from: ./results/vit_base_patch16_224.orig_in21k/inat200/simplecil/10/acc_taw-14.txt
Loaded acc_tag from: ./results/vit_base_patch16_224.orig_in21k/inat200/simplecil/10/acc_tag-14.txt
Loaded forg_taw from: ./results/vit_base_patch16_224.orig_in21k/inat200/simplecil/10/forg_taw-14.txt
Loaded forg_tag from: ./results/vit_base_patch16_224.orig_in21k/inat200/simplecil/10/forg_tag-14.txt
Loaded 150 prototypes from ./results/vit_base_patch16_224.orig_in21k/inat200/simplecil/10/task14_prototypes.pth
************************************************************************************************************
Task 15  [epochs 0-1]
************************************************************************************************************

[Task 15] Computing prototypes ...
   -> Stored 10 prototypes. Total seen classes: 160
------------------------------------------------------------------------------------------------------------
>>> Test on task  0 : loss=0.000 | TAw acc= 90.4%, forg=  0.0% | TAg acc= 58.0%, forg= 32.4% <<<
>>> Test on task  1 : loss=0.000 | TAw acc= 88.0%, forg=  0.0% | TAg acc= 48.7%, forg= 31.6% <<<
>>> Test on task  2 : loss=0.000 | TAw acc= 92.1%, forg=  0.0% | TAg acc= 65.9%, forg= 17.2% <<<
>>> Test on task  3 : loss=0.000 | TAw acc= 86.1%, forg=  0.0% | TAg acc= 58.2%, forg= 14.5% <<<
>>> Test on task  4 : loss=0.000 | TAw acc= 86.7%, forg=  0.0% | TAg acc= 53.8%, forg= 16.7% <<<
>>> Test on task  5 : loss=0.000 | TAw acc= 87.0%, forg=  0.0% | TAg acc= 58.6%, forg= 12.0% <<<
>>> Test on task  6 : loss=0.000 | TAw acc= 88.6%, forg=  0.0% | TAg acc= 66.5%, forg=  4.4% <<<
>>> Test on task  7 : loss=0.000 | TAw acc= 89.0%, forg=  0.0% | TAg acc= 60.2%, forg=  5.8% <<<
>>> Test on task  8 : loss=0.000 | TAw acc= 87.8%, forg=  0.0% | TAg acc= 67.2%, forg=  5.0% <<<
>>> Test on task  9 : loss=0.000 | TAw acc= 89.5%, forg=  0.0% | TAg acc= 56.1%, forg= 10.5% <<<
>>> Test on task 10 : loss=0.000 | TAw acc= 85.6%, forg=  0.0% | TAg acc= 62.0%, forg=  4.1% <<<
>>> Test on task 11 : loss=0.000 | TAw acc= 89.5%, forg=  0.0% | TAg acc= 60.9%, forg=  2.2% <<<
>>> Test on task 12 : loss=0.000 | TAw acc= 92.6%, forg=  0.0% | TAg acc= 68.8%, forg=  2.3% <<<
>>> Test on task 13 : loss=0.000 | TAw acc= 93.7%, forg=  0.0% | TAg acc= 64.2%, forg=  0.8% <<<
>>> Test on task 14 : loss=0.000 | TAw acc= 92.9%, forg=  0.0% | TAg acc= 64.1%, forg=  1.6% <<<
>>> Test on task 15 : loss=0.000 | TAw acc= 88.6%, forg=  0.0% | TAg acc= 68.2%, forg=  0.0% <<<
Save at ./results/./results/vit_base_patch16_224.orig_in21k/inat200/simplecil/10
************************************************************************************************************
TAw Acc
	 90.4%   0.0%   0.0%   0.0%   0.0%   0.0%   0.0%   0.0%   0.0%   0.0%   0.0%   0.0%   0.0%   0.0%   0.0%   0.0%   0.0%   0.0%   0.0%   0.0% 	Avg.: 90.4% 
	 90.4%  88.0%   0.0%   0.0%   0.0%   0.0%   0.0%   0.0%   0.0%   0.0%   0.0%   0.0%   0.0%   0.0%   0.0%   0.0%   0.0%   0.0%   0.0%   0.0% 	Avg.: 89.2% 
	 90.4%  88.0%  92.1%   0.0%   0.0%   0.0%   0.0%   0.0%   0.0%   0.0%   0.0%   0.0%   0.0%   0.0%   0.0%   0.0%   0.0%   0.0%   0.0%   0.0% 	Avg.: 90.2% 
	 90.4%  88.0%  92.1%  86.1%   0.0%   0.0%   0.0%   0.0%   0.0%   0.0%   0.0%   0.0%   0.0%   0.0%   0.0%   0.0%   0.0%   0.0%   0.0%   0.0% 	Avg.: 89.2% 
	 90.4%  88.0%  92.1%  86.1%  86.7%   0.0%   0.0%   0.0%   0.0%   0.0%   0.0%   0.0%   0.0%   0.0%   0.0%   0.0%   0.0%   0.0%   0.0%   0.0% 	Avg.: 88.7% 
	 90.4%  88.0%  92.1%  86.1%  86.7%  87.0%   0.0%   0.0%   0.0%   0.0%   0.0%   0.0%   0.0%   0.0%   0.0%   0.0%   0.0%   0.0%   0.0%   0.0% 	Avg.: 88.4% 
	 90.4%  88.0%  92.1%  86.1%  86.7%  87.0%  88.6%   0.0%   0.0%   0.0%   0.0%   0.0%   0.0%   0.0%   0.0%   0.0%   0.0%   0.0%   0.0%   0.0% 	Avg.: 88.4% 
	 90.4%  88.0%  92.1%  86.1%  86.7%  87.0%  88.6%  89.0%   0.0%   0.0%   0.0%   0.0%   0.0%   0.0%   0.0%   0.0%   0.0%   0.0%   0.0%   0.0% 	Avg.: 88.5% 
	 90.4%  88.0%  92.1%  86.1%  86.7%  87.0%  88.6%  89.0%  87.8%   0.0%   0.0%   0.0%   0.0%   0.0%   0.0%   0.0%   0.0%   0.0%   0.0%   0.0% 	Avg.: 88.4% 
	 90.4%  88.0%  92.1%  86.1%  86.7%  87.0%  88.6%  89.0%  87.8%  89.5%   0.0%   0.0%   0.0%   0.0%   0.0%   0.0%   0.0%   0.0%   0.0%   0.0% 	Avg.: 88.5% 
	 90.4%  88.0%  92.1%  86.1%  86.7%  87.0%  88.6%  89.0%  87.8%  89.5%  85.6%   0.0%   0.0%   0.0%   0.0%   0.0%   0.0%   0.0%   0.0%   0.0% 	Avg.: 88.3% 
	 90.4%  88.0%  92.1%  86.1%  86.7%  87.0%  88.6%  89.0%  87.8%  89.5%  85.6%  89.5%   0.0%   0.0%   0.0%   0.0%   0.0%   0.0%   0.0%   0.0% 	Avg.: 88.4% 
	 90.4%  88.0%  92.1%  86.1%  86.7%  87.0%  88.6%  89.0%  87.8%  89.5%  85.6%  89.5%  92.6%   0.0%   0.0%   0.0%   0.0%   0.0%   0.0%   0.0% 	Avg.: 88.7% 
	 90.4%  88.0%  92.1%  86.1%  86.7%  87.0%  88.6%  89.0%  87.8%  89.5%  85.6%  89.5%  92.6%  93.7%   0.0%   0.0%   0.0%   0.0%   0.0%   0.0% 	Avg.: 89.0% 
	 90.4%  88.0%  92.1%  86.1%  86.7%  87.0%  88.6%  89.0%  87.8%  89.5%  85.6%  89.5%  92.6%  93.7%  92.9%   0.0%   0.0%   0.0%   0.0%   0.0% 	Avg.: 89.3% 
	 90.4%  88.0%  92.1%  86.1%  86.7%  87.0%  88.6%  89.0%  87.8%  89.5%  85.6%  89.5%  92.6%  93.7%  92.9%  88.6%   0.0%   0.0%   0.0%   0.0% 	Avg.: 89.3% 
	  0.0%   0.0%   0.0%   0.0%   0.0%   0.0%   0.0%   0.0%   0.0%   0.0%   0.0%   0.0%   0.0%   0.0%   0.0%   0.0%   0.0%   0.0%   0.0%   0.0% 	Avg.:  0.0% 
	  0.0%   0.0%   0.0%   0.0%   0.0%   0.0%   0.0%   0.0%   0.0%   0.0%   0.0%   0.0%   0.0%   0.0%   0.0%   0.0%   0.0%   0.0%   0.0%   0.0% 	Avg.:  0.0% 
	  0.0%   0.0%   0.0%   0.0%   0.0%   0.0%   0.0%   0.0%   0.0%   0.0%   0.0%   0.0%   0.0%   0.0%   0.0%   0.0%   0.0%   0.0%   0.0%   0.0% 	Avg.:  0.0% 
	  0.0%   0.0%   0.0%   0.0%   0.0%   0.0%   0.0%   0.0%   0.0%   0.0%   0.0%   0.0%   0.0%   0.0%   0.0%   0.0%   0.0%   0.0%   0.0%   0.0% 	Avg.:  0.0% 
************************************************************************************************************
TAg Acc
	 90.4%   0.0%   0.0%   0.0%   0.0%   0.0%   0.0%   0.0%   0.0%   0.0%   0.0%   0.0%   0.0%   0.0%   0.0%   0.0%   0.0%   0.0%   0.0%   0.0% 	Avg.: 90.4% 
	 85.2%  80.3%   0.0%   0.0%   0.0%   0.0%   0.0%   0.0%   0.0%   0.0%   0.0%   0.0%   0.0%   0.0%   0.0%   0.0%   0.0%   0.0%   0.0%   0.0% 	Avg.: 82.8% 
	 82.7%  78.6%  83.1%   0.0%   0.0%   0.0%   0.0%   0.0%   0.0%   0.0%   0.0%   0.0%   0.0%   0.0%   0.0%   0.0%   0.0%   0.0%   0.0%   0.0% 	Avg.: 81.5% 
	 80.7%  75.2%  79.9%  72.7%   0.0%   0.0%   0.0%   0.0%   0.0%   0.0%   0.0%   0.0%   0.0%   0.0%   0.0%   0.0%   0.0%   0.0%   0.0%   0.0% 	Avg.: 77.1% 
	 76.8%  72.7%  78.2%  70.1%  70.5%   0.0%   0.0%   0.0%   0.0%   0.0%   0.0%   0.0%   0.0%   0.0%   0.0%   0.0%   0.0%   0.0%   0.0%   0.0% 	Avg.: 73.7% 
	 71.7%  71.9%  77.8%  67.7%  67.9%  70.6%   0.0%   0.0%   0.0%   0.0%   0.0%   0.0%   0.0%   0.0%   0.0%   0.0%   0.0%   0.0%   0.0%   0.0% 	Avg.: 71.3% 
	 68.8%  67.3%  74.4%  67.7%  67.8%  70.0%  70.9%   0.0%   0.0%   0.0%   0.0%   0.0%   0.0%   0.0%   0.0%   0.0%   0.0%   0.0%   0.0%   0.0% 	Avg.: 69.6% 
	 67.0%  66.0%  72.5%  65.7%  63.7%  69.2%  69.9%  66.0%   0.0%   0.0%   0.0%   0.0%   0.0%   0.0%   0.0%   0.0%   0.0%   0.0%   0.0%   0.0% 	Avg.: 67.5% 
	 66.7%  61.2%  71.5%  64.6%  60.1%  68.6%  69.6%  64.0%  72.2%   0.0%   0.0%   0.0%   0.0%   0.0%   0.0%   0.0%   0.0%   0.0%   0.0%   0.0% 	Avg.: 66.5% 
	 64.8%  58.4%  69.7%  62.6%  59.6%  67.0%  68.8%  62.9%  71.8%  66.6%   0.0%   0.0%   0.0%   0.0%   0.0%   0.0%   0.0%   0.0%   0.0%   0.0% 	Avg.: 65.2% 
	 61.1%  58.2%  68.6%  61.9%  57.3%  63.6%  68.0%  62.5%  70.9%  65.4%  66.1%   0.0%   0.0%   0.0%   0.0%   0.0%   0.0%   0.0%   0.0%   0.0% 	Avg.: 64.0% 
	 60.6%  57.7%  67.8%  60.5%  56.9%  63.1%  67.9%  62.1%  69.1%  64.6%  64.2%  63.1%   0.0%   0.0%   0.0%   0.0%   0.0%   0.0%   0.0%   0.0% 	Avg.: 63.1% 
	 59.9%  57.6%  67.1%  59.7%  56.6%  61.6%  67.6%  61.5%  68.1%  60.9%  63.5%  62.2%  71.1%   0.0%   0.0%   0.0%   0.0%   0.0%   0.0%   0.0% 	Avg.: 62.9% 
	 59.7%  55.8%  66.9%  58.8%  55.5%  59.3%  67.3%  60.9%  68.1%  58.0%  63.2%  61.5%  69.7%  65.0%   0.0%   0.0%   0.0%   0.0%   0.0%   0.0% 	Avg.: 62.1% 
	 58.4%  52.7%  66.1%  58.3%  55.4%  59.3%  66.7%  60.3%  67.5%  57.7%  63.0%  61.2%  69.1%  64.6%  65.7%   0.0%   0.0%   0.0%   0.0%   0.0% 	Avg.: 61.7% 
	 58.0%  48.7%  65.9%  58.2%  53.8%  58.6%  66.5%  60.2%  67.2%  56.1%  62.0%  60.9%  68.8%  64.2%  64.1%  68.2%   0.0%   0.0%   0.0%   0.0% 	Avg.: 61.3% 
	  0.0%   0.0%   0.0%   0.0%   0.0%   0.0%   0.0%   0.0%   0.0%   0.0%   0.0%   0.0%   0.0%   0.0%   0.0%   0.0%   0.0%   0.0%   0.0%   0.0% 	Avg.:  0.0% 
	  0.0%   0.0%   0.0%   0.0%   0.0%   0.0%   0.0%   0.0%   0.0%   0.0%   0.0%   0.0%   0.0%   0.0%   0.0%   0.0%   0.0%   0.0%   0.0%   0.0% 	Avg.:  0.0% 
	  0.0%   0.0%   0.0%   0.0%   0.0%   0.0%   0.0%   0.0%   0.0%   0.0%   0.0%   0.0%   0.0%   0.0%   0.0%   0.0%   0.0%   0.0%   0.0%   0.0% 	Avg.:  0.0% 
	  0.0%   0.0%   0.0%   0.0%   0.0%   0.0%   0.0%   0.0%   0.0%   0.0%   0.0%   0.0%   0.0%   0.0%   0.0%   0.0%   0.0%   0.0%   0.0%   0.0% 	Avg.:  0.0% 
************************************************************************************************************
TAw Forg
	  0.0%   0.0%   0.0%   0.0%   0.0%   0.0%   0.0%   0.0%   0.0%   0.0%   0.0%   0.0%   0.0%   0.0%   0.0%   0.0%   0.0%   0.0%   0.0%   0.0% 
	  0.0%   0.0%   0.0%   0.0%   0.0%   0.0%   0.0%   0.0%   0.0%   0.0%   0.0%   0.0%   0.0%   0.0%   0.0%   0.0%   0.0%   0.0%   0.0%   0.0% 	Avg.:  0.0% 
	  0.0%   0.0%   0.0%   0.0%   0.0%   0.0%   0.0%   0.0%   0.0%   0.0%   0.0%   0.0%   0.0%   0.0%   0.0%   0.0%   0.0%   0.0%   0.0%   0.0% 	Avg.:  0.0% 
	  0.0%   0.0%   0.0%   0.0%   0.0%   0.0%   0.0%   0.0%   0.0%   0.0%   0.0%   0.0%   0.0%   0.0%   0.0%   0.0%   0.0%   0.0%   0.0%   0.0% 	Avg.:  0.0% 
	  0.0%   0.0%   0.0%   0.0%   0.0%   0.0%   0.0%   0.0%   0.0%   0.0%   0.0%   0.0%   0.0%   0.0%   0.0%   0.0%   0.0%   0.0%   0.0%   0.0% 	Avg.:  0.0% 
	  0.0%   0.0%   0.0%   0.0%   0.0%   0.0%   0.0%   0.0%   0.0%   0.0%   0.0%   0.0%   0.0%   0.0%   0.0%   0.0%   0.0%   0.0%   0.0%   0.0% 	Avg.:  0.0% 
	  0.0%   0.0%   0.0%   0.0%   0.0%   0.0%   0.0%   0.0%   0.0%   0.0%   0.0%   0.0%   0.0%   0.0%   0.0%   0.0%   0.0%   0.0%   0.0%   0.0% 	Avg.:  0.0% 
	  0.0%   0.0%   0.0%   0.0%   0.0%   0.0%   0.0%   0.0%   0.0%   0.0%   0.0%   0.0%   0.0%   0.0%   0.0%   0.0%   0.0%   0.0%   0.0%   0.0% 	Avg.:  0.0% 
	  0.0%   0.0%   0.0%   0.0%   0.0%   0.0%   0.0%   0.0%   0.0%   0.0%   0.0%   0.0%   0.0%   0.0%   0.0%   0.0%   0.0%   0.0%   0.0%   0.0% 	Avg.:  0.0% 
	  0.0%   0.0%   0.0%   0.0%   0.0%   0.0%   0.0%   0.0%   0.0%   0.0%   0.0%   0.0%   0.0%   0.0%   0.0%   0.0%   0.0%   0.0%   0.0%   0.0% 	Avg.:  0.0% 
	  0.0%   0.0%   0.0%   0.0%   0.0%   0.0%   0.0%   0.0%   0.0%   0.0%   0.0%   0.0%   0.0%   0.0%   0.0%   0.0%   0.0%   0.0%   0.0%   0.0% 	Avg.:  0.0% 
	  0.0%   0.0%   0.0%   0.0%   0.0%   0.0%   0.0%   0.0%   0.0%   0.0%   0.0%   0.0%   0.0%   0.0%   0.0%   0.0%   0.0%   0.0%   0.0%   0.0% 	Avg.:  0.0% 
	  0.0%   0.0%   0.0%   0.0%   0.0%   0.0%   0.0%   0.0%   0.0%   0.0%   0.0%   0.0%   0.0%   0.0%   0.0%   0.0%   0.0%   0.0%   0.0%   0.0% 	Avg.:  0.0% 
	  0.0%   0.0%   0.0%   0.0%   0.0%   0.0%   0.0%   0.0%   0.0%   0.0%   0.0%   0.0%   0.0%   0.0%   0.0%   0.0%   0.0%   0.0%   0.0%   0.0% 	Avg.:  0.0% 
	  0.0%   0.0%   0.0%   0.0%   0.0%   0.0%   0.0%   0.0%   0.0%   0.0%   0.0%   0.0%   0.0%   0.0%   0.0%   0.0%   0.0%   0.0%   0.0%   0.0% 	Avg.:  0.0% 
	  0.0%   0.0%   0.0%   0.0%   0.0%   0.0%   0.0%   0.0%   0.0%   0.0%   0.0%   0.0%   0.0%   0.0%   0.0%   0.0%   0.0%   0.0%   0.0%   0.0% 	Avg.:  0.0% 
	  0.0%   0.0%   0.0%   0.0%   0.0%   0.0%   0.0%   0.0%   0.0%   0.0%   0.0%   0.0%   0.0%   0.0%   0.0%   0.0%   0.0%   0.0%   0.0%   0.0% 	Avg.:  0.0% 
	  0.0%   0.0%   0.0%   0.0%   0.0%   0.0%   0.0%   0.0%   0.0%   0.0%   0.0%   0.0%   0.0%   0.0%   0.0%   0.0%   0.0%   0.0%   0.0%   0.0% 	Avg.:  0.0% 
	  0.0%   0.0%   0.0%   0.0%   0.0%   0.0%   0.0%   0.0%   0.0%   0.0%   0.0%   0.0%   0.0%   0.0%   0.0%   0.0%   0.0%   0.0%   0.0%   0.0% 	Avg.:  0.0% 
	  0.0%   0.0%   0.0%   0.0%   0.0%   0.0%   0.0%   0.0%   0.0%   0.0%   0.0%   0.0%   0.0%   0.0%   0.0%   0.0%   0.0%   0.0%   0.0%   0.0% 	Avg.:  0.0% 
************************************************************************************************************
TAg Forg
	  0.0%   0.0%   0.0%   0.0%   0.0%   0.0%   0.0%   0.0%   0.0%   0.0%   0.0%   0.0%   0.0%   0.0%   0.0%   0.0%   0.0%   0.0%   0.0%   0.0% 
	  5.2%   0.0%   0.0%   0.0%   0.0%   0.0%   0.0%   0.0%   0.0%   0.0%   0.0%   0.0%   0.0%   0.0%   0.0%   0.0%   0.0%   0.0%   0.0%   0.0% 	Avg.:  5.2% 
	  7.7%   1.7%   0.0%   0.0%   0.0%   0.0%   0.0%   0.0%   0.0%   0.0%   0.0%   0.0%   0.0%   0.0%   0.0%   0.0%   0.0%   0.0%   0.0%   0.0% 	Avg.:  4.7% 
	  9.7%   5.1%   3.2%   0.0%   0.0%   0.0%   0.0%   0.0%   0.0%   0.0%   0.0%   0.0%   0.0%   0.0%   0.0%   0.0%   0.0%   0.0%   0.0%   0.0% 	Avg.:  6.0% 
	 13.6%   7.6%   4.9%   2.6%   0.0%   0.0%   0.0%   0.0%   0.0%   0.0%   0.0%   0.0%   0.0%   0.0%   0.0%   0.0%   0.0%   0.0%   0.0%   0.0% 	Avg.:  7.2% 
	 18.7%   8.4%   5.3%   5.0%   2.6%   0.0%   0.0%   0.0%   0.0%   0.0%   0.0%   0.0%   0.0%   0.0%   0.0%   0.0%   0.0%   0.0%   0.0%   0.0% 	Avg.:  8.0% 
	 21.6%  13.0%   8.7%   5.0%   2.7%   0.6%   0.0%   0.0%   0.0%   0.0%   0.0%   0.0%   0.0%   0.0%   0.0%   0.0%   0.0%   0.0%   0.0%   0.0% 	Avg.:  8.6% 
	 23.4%  14.3%  10.6%   7.0%   6.8%   1.4%   1.0%   0.0%   0.0%   0.0%   0.0%   0.0%   0.0%   0.0%   0.0%   0.0%   0.0%   0.0%   0.0%   0.0% 	Avg.:  9.2% 
	 23.7%  19.1%  11.6%   8.1%  10.4%   2.0%   1.3%   2.0%   0.0%   0.0%   0.0%   0.0%   0.0%   0.0%   0.0%   0.0%   0.0%   0.0%   0.0%   0.0% 	Avg.:  9.8% 
	 25.6%  21.9%  13.4%  10.1%  10.9%   3.6%   2.1%   3.1%   0.4%   0.0%   0.0%   0.0%   0.0%   0.0%   0.0%   0.0%   0.0%   0.0%   0.0%   0.0% 	Avg.: 10.1% 
	 29.3%  22.1%  14.5%  10.8%  13.2%   7.0%   2.9%   3.5%   1.3%   1.2%   0.0%   0.0%   0.0%   0.0%   0.0%   0.0%   0.0%   0.0%   0.0%   0.0% 	Avg.: 10.6% 
	 29.8%  22.6%  15.3%  12.2%  13.6%   7.5%   3.0%   3.9%   3.1%   2.0%   1.9%   0.0%   0.0%   0.0%   0.0%   0.0%   0.0%   0.0%   0.0%   0.0% 	Avg.: 10.4% 
	 30.5%  22.7%  16.0%  13.0%  13.9%   9.0%   3.3%   4.5%   4.1%   5.7%   2.6%   0.9%   0.0%   0.0%   0.0%   0.0%   0.0%   0.0%   0.0%   0.0% 	Avg.: 10.5% 
	 30.7%  24.5%  16.2%  13.9%  15.0%  11.3%   3.6%   5.1%   4.1%   8.6%   2.9%   1.6%   1.4%   0.0%   0.0%   0.0%   0.0%   0.0%   0.0%   0.0% 	Avg.: 10.7% 
	 32.0%  27.6%  17.0%  14.4%  15.1%  11.3%   4.2%   5.7%   4.7%   8.9%   3.1%   1.9%   2.0%   0.4%   0.0%   0.0%   0.0%   0.0%   0.0%   0.0% 	Avg.: 10.6% 
	 32.4%  31.6%  17.2%  14.5%  16.7%  12.0%   4.4%   5.8%   5.0%  10.5%   4.1%   2.2%   2.3%   0.8%   1.6%   0.0%   0.0%   0.0%   0.0%   0.0% 	Avg.: 10.7% 
	  0.0%   0.0%   0.0%   0.0%   0.0%   0.0%   0.0%   0.0%   0.0%   0.0%   0.0%   0.0%   0.0%   0.0%   0.0%   0.0%   0.0%   0.0%   0.0%   0.0% 	Avg.:  0.0% 
	  0.0%   0.0%   0.0%   0.0%   0.0%   0.0%   0.0%   0.0%   0.0%   0.0%   0.0%   0.0%   0.0%   0.0%   0.0%   0.0%   0.0%   0.0%   0.0%   0.0% 	Avg.:  0.0% 
	  0.0%   0.0%   0.0%   0.0%   0.0%   0.0%   0.0%   0.0%   0.0%   0.0%   0.0%   0.0%   0.0%   0.0%   0.0%   0.0%   0.0%   0.0%   0.0%   0.0% 	Avg.:  0.0% 
	  0.0%   0.0%   0.0%   0.0%   0.0%   0.0%   0.0%   0.0%   0.0%   0.0%   0.0%   0.0%   0.0%   0.0%   0.0%   0.0%   0.0%   0.0%   0.0%   0.0% 	Avg.:  0.0% 
************************************************************************************************************
[Elapsed time = 0.0 h]
Done!
