START_TASK=4 STOP_TASK=5
============================================================================================================
Arguments =
	all_outputs: False
	approach: ewc
	batch_size: 64
	classes_first_task: None
	clipping: 10000
	crop: 224
	dataset: cifar100
	eval_on_train: False
	experiment_path: None
	fix_bn: False
	freeze_backbone: False
	gpu: 0
	gpus: [0]
	increment: 10
	last_layer_analysis: True
	log: ['disk']
	lr: 0.01
	lr_factor: None
	lr_min: 0.0001
	lr_patience: None
	lr_scheduler: cosine
	lr_warmup_epochs: 0
	momentum: 0.0
	multi_softmax: False
	nepochs: 50
	network: vit_base_patch16_224.orig_in21k
	no_cudnn_deterministic: False
	normalize: in21k
	num_workers: 2
	optimizer_name: sgd
	pin_memory: False
	pretrained: True
	resize: 224
	results_path: ./results
	save_models: True
	seed: 0
	start_at_task: 4
	start_epoch: 0
	stop_at_task: 5
	stop_epoch: 0
	use_valid_only: False
	warmup_lr_factor: 1.0
	warmup_nepochs: 0
	weight_decay: 0.0
============================================================================================================
Approach arguments =
	alpha: -1
	fi_num_samples: -1
	fi_sampling_type: true
	lamb: 5000
============================================================================================================
Exemplars arguments =
============================================================================================================
WARNING: ./results/vit_base_patch16_224.orig_in21k/cifar100/ewc/10 already exists!
Loaded acc_taw from: ./results/vit_base_patch16_224.orig_in21k/cifar100/ewc/10/acc_taw-3.txt
Loaded acc_tag from: ./results/vit_base_patch16_224.orig_in21k/cifar100/ewc/10/acc_tag-3.txt
Loaded forg_taw from: ./results/vit_base_patch16_224.orig_in21k/cifar100/ewc/10/forg_taw-3.txt
Loaded forg_tag from: ./results/vit_base_patch16_224.orig_in21k/cifar100/ewc/10/forg_tag-3.txt
Fisher: 150 layers | older_params: 150 layers loaded
************************************************************************************************************
Task  4  [epochs 0-50]
************************************************************************************************************
[params] total:85,837,106  trainable:85,837,106  tensors:160  trainable_tensors:160
| Epoch   1, time= 34.1s | Train: skip eval | Valid: time=  1.7s loss=183055.317, TAw acc= 10.0% | * lr=1.0e-02
| Epoch   2, time= 33.8s | Train: skip eval | Valid: time=  1.8s loss=1959229.564, TAw acc= 10.0% | lr=1.0e-02
| Epoch   3, time= 35.0s | Train: skip eval | Valid: time=  1.8s loss=178503.130, TAw acc= 10.0% | * lr=9.9e-03
| Epoch   4, time= 33.9s | Train: skip eval | Valid: time=  1.7s loss=1934396.673, TAw acc= 11.6% | lr=9.8e-03
| Epoch   5, time= 33.7s | Train: skip eval | Valid: time=  1.7s loss=168171.099, TAw acc= 10.0% | * lr=9.8e-03
| Epoch   6, time= 33.8s | Train: skip eval | Valid: time=  1.7s loss=1890500.811, TAw acc= 11.6% | lr=9.7e-03
| Epoch   7, time= 33.7s | Train: skip eval | Valid: time=  1.7s loss=152738.149, TAw acc= 10.0% | * lr=9.5e-03
| Epoch   8, time= 33.8s | Train: skip eval | Valid: time=  1.7s loss=1828883.779, TAw acc= 10.0% | lr=9.4e-03
| Epoch   9, time= 33.6s | Train: skip eval | Valid: time=  1.7s loss=133218.473, TAw acc= 10.0% | * lr=9.2e-03
| Epoch  10, time= 33.7s | Train: skip eval | Valid: time=  1.7s loss=1751400.279, TAw acc= 10.0% | lr=9.1e-03
| Epoch  11, time= 33.6s | Train: skip eval | Valid: time=  1.7s loss=110899.740, TAw acc= 10.0% | * lr=8.9e-03
| Epoch  12, time= 33.7s | Train: skip eval | Valid: time=  1.7s loss=1660331.295, TAw acc= 12.8% | lr=8.7e-03
| Epoch  13, time= 33.9s | Train: skip eval | Valid: time=  1.7s loss=87259.250, TAw acc= 10.0% | * lr=8.4e-03
| Epoch  14, time= 33.9s | Train: skip eval | Valid: time=  1.7s loss=1558285.798, TAw acc= 13.6% | lr=8.2e-03
| Epoch  15, time= 34.0s | Train: skip eval | Valid: time=  1.6s loss=133845.020, TAw acc= 10.0% | lr=8.0e-03
| Epoch  16, time= 34.1s | Train: skip eval | Valid: time=  1.7s loss=1188623.407, TAw acc= 10.0% | lr=7.7e-03
| Epoch  17, time= 33.9s | Train: skip eval | Valid: time=  1.7s loss=101632.630, TAw acc= 10.0% | lr=7.4e-03
| Epoch  18, time= 33.9s | Train: skip eval | Valid: time=  1.7s loss=1084253.657, TAw acc= 14.0% | lr=7.2e-03
| Epoch  19, time= 33.9s | Train: skip eval | Valid: time=  1.7s loss=85894.921, TAw acc= 10.0% | * lr=6.9e-03
| Epoch  20, time= 33.9s | Train: skip eval | Valid: time=  1.7s loss=929491.062, TAw acc= 11.2% | lr=6.6e-03
| Epoch  21, time= 33.9s | Train: skip eval | Valid: time=  1.7s loss=150751.615, TAw acc= 10.0% | lr=6.3e-03
| Epoch  22, time= 33.9s | Train: skip eval | Valid: time=  1.7s loss=578754.929, TAw acc=  9.8% | lr=6.0e-03
| Epoch  23, time= 33.9s | Train: skip eval | Valid: time=  1.7s loss=110723.139, TAw acc= 10.0% | lr=5.7e-03
| Epoch  24, time= 33.9s | Train: skip eval | Valid: time=  1.7s loss=496423.457, TAw acc= 12.6% | lr=5.4e-03
| Epoch  25, time= 34.0s | Train: skip eval | Valid: time=  1.7s loss=76240.607, TAw acc= 10.0% | * lr=5.1e-03
| Epoch  26, time= 34.1s | Train: skip eval | Valid: time=  1.7s loss=419534.301, TAw acc= 21.4% | lr=4.7e-03
| Epoch  27, time= 34.2s | Train: skip eval | Valid: time=  1.7s loss=152687.976, TAw acc= 10.0% | lr=4.4e-03
| Epoch  28, time= 34.0s | Train: skip eval | Valid: time=  1.7s loss=176051.426, TAw acc= 11.2% | lr=4.1e-03
| Epoch  29, time= 34.0s | Train: skip eval | Valid: time=  1.7s loss=111935.302, TAw acc= 10.0% | lr=3.8e-03
| Epoch  30, time= 33.8s | Train: skip eval | Valid: time=  1.7s loss=132545.735, TAw acc= 12.6% | lr=3.5e-03
| Epoch  31, time= 33.9s | Train: skip eval | Valid: time=  1.7s loss=78366.326, TAw acc= 10.0% | lr=3.2e-03
| Epoch  32, time= 33.9s | Train: skip eval | Valid: time=  1.7s loss=96438.264, TAw acc= 11.6% | lr=2.9e-03
| Epoch  33, time= 34.1s | Train: skip eval | Valid: time=  1.7s loss=669.533, TAw acc= 10.0% | * lr=2.7e-03
| Epoch  34, time= 34.1s | Train: skip eval | Valid: time=  1.7s loss=1.690, TAw acc= 85.4% | * lr=2.4e-03
| Epoch  35, time= 34.2s | Train: skip eval | Valid: time=  1.7s loss=1.379, TAw acc= 91.6% | * lr=2.1e-03
| Epoch  36, time= 34.0s | Train: skip eval | Valid: time=  1.7s loss=1.151, TAw acc= 92.4% | * lr=1.9e-03
| Epoch  37, time= 34.1s | Train: skip eval | Valid: time=  1.7s loss=0.981, TAw acc= 94.4% | * lr=1.7e-03
| Epoch  38, time= 33.8s | Train: skip eval | Valid: time=  1.7s loss=0.856, TAw acc= 94.6% | * lr=1.4e-03
| Epoch  39, time= 33.9s | Train: skip eval | Valid: time=  1.7s loss=0.760, TAw acc= 95.6% | * lr=1.2e-03
| Epoch  40, time= 34.0s | Train: skip eval | Valid: time=  1.7s loss=0.690, TAw acc= 96.0% | * lr=1.0e-03
| Epoch  41, time= 33.8s | Train: skip eval | Valid: time=  1.7s loss=0.637, TAw acc= 96.2% | * lr=8.7e-04
| Epoch  42, time= 33.7s | Train: skip eval | Valid: time=  1.7s loss=0.596, TAw acc= 96.8% | * lr=7.1e-04
| Epoch  43, time= 33.8s | Train: skip eval | Valid: time=  1.7s loss=0.566, TAw acc= 96.8% | * lr=5.7e-04
| Epoch  44, time= 34.1s | Train: skip eval | Valid: time=  1.9s loss=0.544, TAw acc= 96.8% | * lr=4.5e-04
| Epoch  45, time= 34.8s | Train: skip eval | Valid: time=  1.7s loss=0.527, TAw acc= 97.0% | * lr=3.4e-04
| Epoch  46, time= 33.9s | Train: skip eval | Valid: time=  1.7s loss=0.515, TAw acc= 97.2% | * lr=2.6e-04
| Epoch  47, time= 34.1s | Train: skip eval | Valid: time=  1.7s loss=0.506, TAw acc= 97.2% | * lr=1.9e-04
| Epoch  48, time= 34.0s | Train: skip eval | Valid: time=  1.7s loss=0.499, TAw acc= 97.2% | * lr=1.4e-04
| Epoch  49, time= 33.9s | Train: skip eval | Valid: time=  1.7s loss=0.495, TAw acc= 97.2% | * lr=1.1e-04
| Epoch  50, time= 34.0s | Train: skip eval | Valid: time=  1.7s loss=0.491, TAw acc= 97.2% | * lr=1.0e-04
------------------------------------------------------------------------------------------------------------
>>> Test on task  0 : loss=0.109 | TAw acc= 96.5%, forg=  2.1% | TAg acc= 92.4%, forg=  6.2% <<<
>>> Test on task  1 : loss=0.083 | TAw acc= 97.3%, forg=  1.2% | TAg acc= 89.4%, forg= -1.0% <<<
>>> Test on task  2 : loss=0.103 | TAw acc= 97.7%, forg=  0.8% | TAg acc= 66.9%, forg=  0.4% <<<
>>> Test on task  3 : loss=0.324 | TAw acc= 95.3%, forg=  0.7% | TAg acc= 55.6%, forg=  6.0% <<<
>>> Test on task  4 : loss=0.495 | TAw acc= 97.2%, forg=  0.0% | TAg acc= 34.8%, forg=  0.0% <<<
Save at ./results/./results/vit_base_patch16_224.orig_in21k/cifar100/ewc/10
************************************************************************************************************
TAw Acc
	 98.6%   0.0%   0.0%   0.0%   0.0%   0.0%   0.0%   0.0%   0.0%   0.0% 	Avg.: 98.6% 
	 95.4%  98.5%   0.0%   0.0%   0.0%   0.0%   0.0%   0.0%   0.0%   0.0% 	Avg.: 96.9% 
	 94.6%  97.2%  98.4%   0.0%   0.0%   0.0%   0.0%   0.0%   0.0%   0.0% 	Avg.: 96.7% 
	 96.2%  96.0%  98.5%  96.0%   0.0%   0.0%   0.0%   0.0%   0.0%   0.0% 	Avg.: 96.7% 
	 96.5%  97.3%  97.7%  95.3%  97.2%   0.0%   0.0%   0.0%   0.0%   0.0% 	Avg.: 96.8% 
	  0.0%   0.0%   0.0%   0.0%   0.0%   0.0%   0.0%   0.0%   0.0%   0.0% 	Avg.:  0.0% 
	  0.0%   0.0%   0.0%   0.0%   0.0%   0.0%   0.0%   0.0%   0.0%   0.0% 	Avg.:  0.0% 
	  0.0%   0.0%   0.0%   0.0%   0.0%   0.0%   0.0%   0.0%   0.0%   0.0% 	Avg.:  0.0% 
	  0.0%   0.0%   0.0%   0.0%   0.0%   0.0%   0.0%   0.0%   0.0%   0.0% 	Avg.:  0.0% 
	  0.0%   0.0%   0.0%   0.0%   0.0%   0.0%   0.0%   0.0%   0.0%   0.0% 	Avg.:  0.0% 
************************************************************************************************************
TAg Acc
	 98.6%   0.0%   0.0%   0.0%   0.0%   0.0%   0.0%   0.0%   0.0%   0.0% 	Avg.: 98.6% 
	 92.8%  88.4%   0.0%   0.0%   0.0%   0.0%   0.0%   0.0%   0.0%   0.0% 	Avg.: 90.6% 
	 90.1%  87.4%  65.2%   0.0%   0.0%   0.0%   0.0%   0.0%   0.0%   0.0% 	Avg.: 80.9% 
	 91.2%  87.5%  67.3%  61.6%   0.0%   0.0%   0.0%   0.0%   0.0%   0.0% 	Avg.: 76.9% 
	 92.4%  89.4%  66.9%  55.6%  34.8%   0.0%   0.0%   0.0%   0.0%   0.0% 	Avg.: 67.8% 
	  0.0%   0.0%   0.0%   0.0%   0.0%   0.0%   0.0%   0.0%   0.0%   0.0% 	Avg.:  0.0% 
	  0.0%   0.0%   0.0%   0.0%   0.0%   0.0%   0.0%   0.0%   0.0%   0.0% 	Avg.:  0.0% 
	  0.0%   0.0%   0.0%   0.0%   0.0%   0.0%   0.0%   0.0%   0.0%   0.0% 	Avg.:  0.0% 
	  0.0%   0.0%   0.0%   0.0%   0.0%   0.0%   0.0%   0.0%   0.0%   0.0% 	Avg.:  0.0% 
	  0.0%   0.0%   0.0%   0.0%   0.0%   0.0%   0.0%   0.0%   0.0%   0.0% 	Avg.:  0.0% 
************************************************************************************************************
TAw Forg
	  0.0%   0.0%   0.0%   0.0%   0.0%   0.0%   0.0%   0.0%   0.0%   0.0% 
	  3.2%   0.0%   0.0%   0.0%   0.0%   0.0%   0.0%   0.0%   0.0%   0.0% 	Avg.:  3.2% 
	  4.0%   1.3%   0.0%   0.0%   0.0%   0.0%   0.0%   0.0%   0.0%   0.0% 	Avg.:  2.6% 
	  2.4%   2.5%  -0.1%   0.0%   0.0%   0.0%   0.0%   0.0%   0.0%   0.0% 	Avg.:  1.6% 
	  2.1%   1.2%   0.8%   0.7%   0.0%   0.0%   0.0%   0.0%   0.0%   0.0% 	Avg.:  1.2% 
	  0.0%   0.0%   0.0%   0.0%   0.0%   0.0%   0.0%   0.0%   0.0%   0.0% 	Avg.:  0.0% 
	  0.0%   0.0%   0.0%   0.0%   0.0%   0.0%   0.0%   0.0%   0.0%   0.0% 	Avg.:  0.0% 
	  0.0%   0.0%   0.0%   0.0%   0.0%   0.0%   0.0%   0.0%   0.0%   0.0% 	Avg.:  0.0% 
	  0.0%   0.0%   0.0%   0.0%   0.0%   0.0%   0.0%   0.0%   0.0%   0.0% 	Avg.:  0.0% 
	  0.0%   0.0%   0.0%   0.0%   0.0%   0.0%   0.0%   0.0%   0.0%   0.0% 	Avg.:  0.0% 
************************************************************************************************************
TAg Forg
	  0.0%   0.0%   0.0%   0.0%   0.0%   0.0%   0.0%   0.0%   0.0%   0.0% 
	  5.8%   0.0%   0.0%   0.0%   0.0%   0.0%   0.0%   0.0%   0.0%   0.0% 	Avg.:  5.8% 
	  8.5%   1.0%   0.0%   0.0%   0.0%   0.0%   0.0%   0.0%   0.0%   0.0% 	Avg.:  4.8% 
	  7.4%   0.9%  -2.1%   0.0%   0.0%   0.0%   0.0%   0.0%   0.0%   0.0% 	Avg.:  2.1% 
	  6.2%  -1.0%   0.4%   6.0%   0.0%   0.0%   0.0%   0.0%   0.0%   0.0% 	Avg.:  2.9% 
	  0.0%   0.0%   0.0%   0.0%   0.0%   0.0%   0.0%   0.0%   0.0%   0.0% 	Avg.:  0.0% 
	  0.0%   0.0%   0.0%   0.0%   0.0%   0.0%   0.0%   0.0%   0.0%   0.0% 	Avg.:  0.0% 
	  0.0%   0.0%   0.0%   0.0%   0.0%   0.0%   0.0%   0.0%   0.0%   0.0% 	Avg.:  0.0% 
	  0.0%   0.0%   0.0%   0.0%   0.0%   0.0%   0.0%   0.0%   0.0%   0.0% 	Avg.:  0.0% 
	  0.0%   0.0%   0.0%   0.0%   0.0%   0.0%   0.0%   0.0%   0.0%   0.0% 	Avg.:  0.0% 
************************************************************************************************************
[Elapsed time = 0.5 h]
Done!
