START_TASK=6 STOP_TASK=7
============================================================================================================
Arguments =
	approach: eeil
	batch_size: 64
	classes_first_task: None
	clipping: 10000
	crop: 224
	dataset: cifar100
	eval_on_train: False
	experiment_path: None
	fix_bn: False
	freeze_backbone: False
	gpu: 0
	gpus: [0]
	increment: 10
	last_layer_analysis: True
	log: ['disk']
	lr: 0.01
	lr_factor: None
	lr_min: 0.0001
	lr_patience: None
	lr_scheduler: cosine
	lr_warmup_epochs: 0
	momentum: 0.0
	multi_softmax: False
	nepochs: 50
	network: vit_base_patch16_224.orig_in21k
	no_cudnn_deterministic: False
	normalize: in21k
	num_workers: 2
	optimizer_name: sgd
	pin_memory: False
	pretrained: True
	resize: 224
	results_path: ./results
	save_models: True
	seed: 0
	start_at_task: 6
	start_epoch: 0
	stop_at_task: 7
	stop_epoch: 0
	use_valid_only: False
	warmup_lr_factor: 1.0
	warmup_nepochs: 0
	weight_decay: 0.0
============================================================================================================
Approach arguments =
	T: 2
	lamb: 1.0
	lr_finetuning_factor: 0.01
	nepochs_finetuning: 40
	noise_grad: False
============================================================================================================
Exemplars arguments =
	exemplar_selection: random
	num_exemplars: 2000
============================================================================================================
WARNING: ./results/vit_base_patch16_224.orig_in21k/cifar100/eeil/10 already exists!
Loaded acc_taw from: ./results/vit_base_patch16_224.orig_in21k/cifar100/eeil/10/acc_taw-5.txt
Loaded acc_tag from: ./results/vit_base_patch16_224.orig_in21k/cifar100/eeil/10/acc_tag-5.txt
Loaded forg_taw from: ./results/vit_base_patch16_224.orig_in21k/cifar100/eeil/10/forg_taw-5.txt
Loaded forg_tag from: ./results/vit_base_patch16_224.orig_in21k/cifar100/eeil/10/forg_tag-5.txt
Loaded 2040 exemplars from ./results/vit_base_patch16_224.orig_in21k/cifar100/eeil/10/task5_exemplars.pth
************************************************************************************************************
Task  6  [epochs 0-50]
************************************************************************************************************
[params] total:85,852,486  trainable:85,852,486  tensors:164  trainable_tensors:164
| Epoch   1, time= 61.9s | Train: skip eval | Valid: time=  2.7s loss=3.408, TAw acc= 88.4% | * lr=1.0e-02
| Epoch   2, time= 62.1s | Train: skip eval | Valid: time=  2.8s loss=2.028, TAw acc= 98.2% | * lr=1.0e-02
| Epoch   3, time= 62.8s | Train: skip eval | Valid: time=  2.8s loss=1.738, TAw acc= 98.2% | * lr=9.9e-03
| Epoch   4, time= 63.6s | Train: skip eval | Valid: time=  2.8s loss=1.656, TAw acc= 98.4% | * lr=9.8e-03
| Epoch   5, time= 64.0s | Train: skip eval | Valid: time=  2.8s loss=1.607, TAw acc= 98.6% | * lr=9.8e-03
| Epoch   6, time= 64.4s | Train: skip eval | Valid: time=  2.8s loss=1.590, TAw acc= 99.2% | * lr=9.7e-03
| Epoch   7, time= 64.6s | Train: skip eval | Valid: time=  2.9s loss=1.588, TAw acc= 99.0% | * lr=9.5e-03
| Epoch   8, time= 64.3s | Train: skip eval | Valid: time=  2.8s loss=1.591, TAw acc= 98.8% | lr=9.4e-03
| Epoch   9, time= 64.4s | Train: skip eval | Valid: time=  2.9s loss=1.567, TAw acc= 98.8% | * lr=9.2e-03
| Epoch  10, time= 64.7s | Train: skip eval | Valid: time=  2.8s loss=1.553, TAw acc= 99.0% | * lr=9.1e-03
| Epoch  11, time= 64.9s | Train: skip eval | Valid: time=  2.8s loss=1.566, TAw acc= 99.2% | lr=8.9e-03
| Epoch  12, time= 65.0s | Train: skip eval | Valid: time=  2.9s loss=1.546, TAw acc= 99.0% | * lr=8.7e-03
| Epoch  13, time= 65.1s | Train: skip eval | Valid: time=  2.9s loss=1.534, TAw acc= 99.0% | * lr=8.4e-03
| Epoch  14, time= 64.4s | Train: skip eval | Valid: time=  2.9s loss=1.548, TAw acc= 99.2% | lr=8.2e-03
| Epoch  15, time= 64.3s | Train: skip eval | Valid: time=  2.8s loss=1.550, TAw acc= 99.0% | lr=8.0e-03
| Epoch  16, time= 64.4s | Train: skip eval | Valid: time=  2.9s loss=1.536, TAw acc= 99.2% | lr=7.7e-03
| Epoch  17, time= 64.7s | Train: skip eval | Valid: time=  2.8s loss=1.533, TAw acc= 99.0% | * lr=7.4e-03
| Epoch  18, time= 64.8s | Train: skip eval | Valid: time=  2.8s loss=1.535, TAw acc= 99.2% | lr=7.2e-03
| Epoch  19, time= 64.9s | Train: skip eval | Valid: time=  2.8s loss=1.535, TAw acc= 99.2% | lr=6.9e-03
| Epoch  20, time= 64.6s | Train: skip eval | Valid: time=  2.8s loss=1.540, TAw acc= 99.2% | lr=6.6e-03
| Epoch  21, time= 64.7s | Train: skip eval | Valid: time=  2.9s loss=1.529, TAw acc= 99.2% | * lr=6.3e-03
| Epoch  22, time= 65.2s | Train: skip eval | Valid: time=  2.8s loss=1.559, TAw acc= 99.4% | lr=6.0e-03
| Epoch  23, time= 64.3s | Train: skip eval | Valid: time=  2.8s loss=1.537, TAw acc= 99.2% | lr=5.7e-03
| Epoch  24, time= 63.3s | Train: skip eval | Valid: time=  2.7s loss=1.544, TAw acc= 99.0% | lr=5.4e-03
| Epoch  25, time= 62.4s | Train: skip eval | Valid: time=  2.7s loss=1.538, TAw acc= 99.0% | lr=5.1e-03
| Epoch  26, time= 62.9s | Train: skip eval | Valid: time=  2.8s loss=1.532, TAw acc= 99.2% | lr=4.7e-03
| Epoch  27, time= 63.5s | Train: skip eval | Valid: time=  2.8s loss=1.542, TAw acc= 99.4% | lr=4.4e-03
| Epoch  28, time= 63.9s | Train: skip eval | Valid: time=  2.8s loss=1.540, TAw acc= 99.4% | lr=4.1e-03
| Epoch  29, time= 64.2s | Train: skip eval | Valid: time=  2.8s loss=1.530, TAw acc= 99.4% | lr=3.8e-03
| Epoch  30, time= 64.3s | Train: skip eval | Valid: time=  2.8s loss=1.537, TAw acc= 99.6% | lr=3.5e-03
| Epoch  31, time= 64.7s | Train: skip eval | Valid: time=  2.8s loss=1.532, TAw acc= 99.4% | lr=3.2e-03
| Epoch  32, time= 64.8s | Train: skip eval | Valid: time=  2.8s loss=1.533, TAw acc= 99.4% | lr=2.9e-03
| Epoch  33, time= 64.9s | Train: skip eval | Valid: time=  2.9s loss=1.529, TAw acc= 99.6% | * lr=2.7e-03
| Epoch  34, time= 64.2s | Train: skip eval | Valid: time=  2.8s loss=1.534, TAw acc= 99.4% | lr=2.4e-03
| Epoch  35, time= 64.2s | Train: skip eval | Valid: time=  2.8s loss=1.531, TAw acc= 99.6% | lr=2.1e-03
| Epoch  36, time= 64.5s | Train: skip eval | Valid: time=  2.8s loss=1.537, TAw acc= 99.6% | lr=1.9e-03
| Epoch  37, time= 64.7s | Train: skip eval | Valid: time=  2.8s loss=1.530, TAw acc= 99.6% | lr=1.7e-03
| Epoch  38, time= 64.8s | Train: skip eval | Valid: time=  2.8s loss=1.531, TAw acc= 99.6% | lr=1.4e-03
| Epoch  39, time= 65.0s | Train: skip eval | Valid: time=  2.9s loss=1.533, TAw acc= 99.6% | lr=1.2e-03
| Epoch  40, time= 65.2s | Train: skip eval | Valid: time=  2.8s loss=1.531, TAw acc= 99.4% | lr=1.0e-03
| Epoch  41, time= 65.0s | Train: skip eval | Valid: time=  2.8s loss=1.529, TAw acc= 99.6% | lr=8.7e-04
| Epoch  42, time= 65.0s | Train: skip eval | Valid: time=  2.8s loss=1.531, TAw acc= 99.4% | lr=7.1e-04
| Epoch  43, time= 64.9s | Train: skip eval | Valid: time=  2.8s loss=1.533, TAw acc= 99.6% | lr=5.7e-04
| Epoch  44, time= 64.8s | Train: skip eval | Valid: time=  2.8s loss=1.531, TAw acc= 99.4% | lr=4.5e-04
| Epoch  45, time= 64.6s | Train: skip eval | Valid: time=  2.8s loss=1.533, TAw acc= 99.4% | lr=3.4e-04
| Epoch  46, time= 64.6s | Train: skip eval | Valid: time=  2.8s loss=1.532, TAw acc= 99.4% | lr=2.6e-04
| Epoch  47, time= 64.3s | Train: skip eval | Valid: time=  2.8s loss=1.533, TAw acc= 99.6% | lr=1.9e-04
| Epoch  48, time= 64.4s | Train: skip eval | Valid: time=  2.8s loss=1.533, TAw acc= 99.6% | lr=1.4e-04
| Epoch  49, time= 64.1s | Train: skip eval | Valid: time=  2.8s loss=1.533, TAw acc= 99.6% | lr=1.1e-04
| Epoch  50, time= 64.2s | Train: skip eval | Valid: time=  2.9s loss=1.532, TAw acc= 99.6% | lr=1.0e-04
[params] total:85,852,486  trainable:85,852,486  tensors:164  trainable_tensors:164
| Epoch   1, time= 40.4s | Train: skip eval | Valid: time=  2.8s loss=1.825, TAw acc= 99.6% | * lr=1.0e-04
| Epoch   2, time= 40.3s | Train: skip eval | Valid: time=  2.8s loss=1.826, TAw acc= 99.6% | lr=1.0e-04
| Epoch   3, time= 40.3s | Train: skip eval | Valid: time=  2.8s loss=1.828, TAw acc= 99.4% | lr=1.0e-04
| Epoch   4, time= 40.1s | Train: skip eval | Valid: time=  2.8s loss=1.829, TAw acc= 99.4% | lr=1.0e-04
| Epoch   5, time= 40.0s | Train: skip eval | Valid: time=  2.8s loss=1.830, TAw acc= 99.4% | lr=1.0e-04
| Epoch   6, time= 40.3s | Train: skip eval | Valid: time=  2.8s loss=1.832, TAw acc= 99.4% | lr=1.0e-04
| Epoch   7, time= 40.2s | Train: skip eval | Valid: time=  2.8s loss=1.833, TAw acc= 99.4% | lr=1.0e-04
| Epoch   8, time= 40.3s | Train: skip eval | Valid: time=  2.8s loss=1.834, TAw acc= 99.2% | lr=1.0e-04
| Epoch   9, time= 40.1s | Train: skip eval | Valid: time=  2.8s loss=1.834, TAw acc= 99.2% | lr=1.0e-04
| Epoch  10, time= 40.1s | Train: skip eval | Valid: time=  2.8s loss=1.835, TAw acc= 99.2% | lr=1.0e-04
| Epoch  11, time= 40.2s | Train: skip eval | Valid: time=  2.8s loss=1.836, TAw acc= 99.2% | lr=1.0e-04
| Epoch  12, time= 40.3s | Train: skip eval | Valid: time=  2.8s loss=1.836, TAw acc= 99.2% | lr=1.0e-04
| Epoch  13, time= 40.3s | Train: skip eval | Valid: time=  2.8s loss=1.837, TAw acc= 99.2% | lr=1.0e-04
| Epoch  14, time= 40.3s | Train: skip eval | Valid: time=  2.8s loss=1.836, TAw acc= 99.2% | lr=1.0e-04
| Epoch  15, time= 40.3s | Train: skip eval | Valid: time=  2.8s loss=1.837, TAw acc= 99.2% | lr=1.0e-04
| Epoch  16, time= 40.1s | Train: skip eval | Valid: time=  2.8s loss=1.837, TAw acc= 99.2% | lr=1.0e-04
| Epoch  17, time= 40.0s | Train: skip eval | Valid: time=  2.8s loss=1.838, TAw acc= 99.2% | lr=1.0e-04
| Epoch  18, time= 40.1s | Train: skip eval | Valid: time=  2.8s loss=1.838, TAw acc= 99.2% | lr=1.0e-04
| Epoch  19, time= 40.2s | Train: skip eval | Valid: time=  2.8s loss=1.838, TAw acc= 99.2% | lr=1.0e-04
| Epoch  20, time= 40.3s | Train: skip eval | Valid: time=  2.8s loss=1.839, TAw acc= 99.2% | lr=1.0e-04
| Epoch  21, time= 40.3s | Train: skip eval | Valid: time=  2.8s loss=1.839, TAw acc= 99.2% | lr=1.0e-04
| Epoch  22, time= 40.2s | Train: skip eval | Valid: time=  2.8s loss=1.839, TAw acc= 99.2% | lr=1.0e-04
| Epoch  23, time= 40.1s | Train: skip eval | Valid: time=  2.8s loss=1.839, TAw acc= 99.2% | lr=1.0e-04
| Epoch  24, time= 40.3s | Train: skip eval | Valid: time=  2.9s loss=1.838, TAw acc= 99.2% | lr=1.0e-04
| Epoch  25, time= 40.3s | Train: skip eval | Valid: time=  2.8s loss=1.839, TAw acc= 99.2% | lr=1.0e-04
| Epoch  26, time= 40.4s | Train: skip eval | Valid: time=  2.8s loss=1.839, TAw acc= 99.2% | lr=1.0e-04
| Epoch  27, time= 40.4s | Train: skip eval | Valid: time=  2.8s loss=1.839, TAw acc= 99.2% | lr=1.0e-04
| Epoch  28, time= 40.5s | Train: skip eval | Valid: time=  2.9s loss=1.839, TAw acc= 99.2% | lr=1.0e-04
| Epoch  29, time= 40.4s | Train: skip eval | Valid: time=  2.8s loss=1.839, TAw acc= 99.2% | lr=1.0e-04
| Epoch  30, time= 40.4s | Train: skip eval | Valid: time=  2.8s loss=1.839, TAw acc= 99.2% | lr=1.0e-04
| Epoch  31, time= 40.5s | Train: skip eval | Valid: time=  2.9s loss=1.839, TAw acc= 99.2% | lr=1.0e-04
| Epoch  32, time= 40.6s | Train: skip eval | Valid: time=  2.8s loss=1.839, TAw acc= 99.2% | lr=1.0e-04
| Epoch  33, time= 40.5s | Train: skip eval | Valid: time=  2.9s loss=1.839, TAw acc= 99.2% | lr=1.0e-04
| Epoch  34, time= 40.4s | Train: skip eval | Valid: time=  2.8s loss=1.839, TAw acc= 99.2% | lr=1.0e-04
| Epoch  35, time= 40.3s | Train: skip eval | Valid: time=  2.9s loss=1.839, TAw acc= 99.2% | lr=1.0e-04
| Epoch  36, time= 40.4s | Train: skip eval | Valid: time=  2.9s loss=1.839, TAw acc= 99.2% | lr=1.0e-04
| Epoch  37, time= 40.4s | Train: skip eval | Valid: time=  2.8s loss=1.839, TAw acc= 99.2% | lr=1.0e-04
| Epoch  38, time= 40.4s | Train: skip eval | Valid: time=  2.8s loss=1.839, TAw acc= 99.2% | lr=1.0e-04
| Epoch  39, time= 40.2s | Train: skip eval | Valid: time=  2.8s loss=1.840, TAw acc= 99.2% | lr=1.0e-04
| Epoch  40, time= 40.3s | Train: skip eval | Valid: time=  2.8s loss=1.840, TAw acc= 99.2% | lr=1.0e-04
| Selected 2030 train exemplars, time=  0.1s
------------------------------------------------------------------------------------------------------------
>>> Test on task  0 : loss=0.459 | TAw acc= 97.8%, forg=  0.6% | TAg acc= 88.2%, forg= 10.2% <<<
>>> Test on task  1 : loss=0.627 | TAw acc= 98.7%, forg=  0.6% | TAg acc= 91.1%, forg=  7.2% <<<
>>> Test on task  2 : loss=0.886 | TAw acc= 99.3%, forg=  0.1% | TAg acc= 91.9%, forg=  6.4% <<<
>>> Test on task  3 : loss=1.286 | TAw acc= 97.5%, forg= -0.3% | TAg acc= 89.5%, forg=  6.7% <<<
>>> Test on task  4 : loss=1.574 | TAw acc= 98.9%, forg= -0.2% | TAg acc= 88.2%, forg= 10.0% <<<
>>> Test on task  5 : loss=1.894 | TAw acc= 95.8%, forg= -0.2% | TAg acc= 85.7%, forg=  8.8% <<<
>>> Test on task  6 : loss=1.865 | TAw acc= 99.1%, forg=  0.0% | TAg acc= 97.9%, forg=  0.0% <<<
Save at ./results/./results/vit_base_patch16_224.orig_in21k/cifar100/eeil/10
************************************************************************************************************
TAw Acc
	 98.4%   0.0%   0.0%   0.0%   0.0%   0.0%   0.0%   0.0%   0.0%   0.0% 	Avg.: 98.4% 
	 98.3%  99.2%   0.0%   0.0%   0.0%   0.0%   0.0%   0.0%   0.0%   0.0% 	Avg.: 98.7% 
	 98.1%  99.3%  99.4%   0.0%   0.0%   0.0%   0.0%   0.0%   0.0%   0.0% 	Avg.: 98.9% 
	 97.8%  98.9%  98.9%  96.9%   0.0%   0.0%   0.0%   0.0%   0.0%   0.0% 	Avg.: 98.1% 
	 97.5%  99.3%  99.0%  97.1%  98.5%   0.0%   0.0%   0.0%   0.0%   0.0% 	Avg.: 98.3% 
	 97.5%  98.6%  99.1%  97.2%  98.7%  95.6%   0.0%   0.0%   0.0%   0.0% 	Avg.: 97.8% 
	 97.8%  98.7%  99.3%  97.5%  98.9%  95.8%  99.1%   0.0%   0.0%   0.0% 	Avg.: 98.2% 
	  0.0%   0.0%   0.0%   0.0%   0.0%   0.0%   0.0%   0.0%   0.0%   0.0% 	Avg.:  0.0% 
	  0.0%   0.0%   0.0%   0.0%   0.0%   0.0%   0.0%   0.0%   0.0%   0.0% 	Avg.:  0.0% 
	  0.0%   0.0%   0.0%   0.0%   0.0%   0.0%   0.0%   0.0%   0.0%   0.0% 	Avg.:  0.0% 
************************************************************************************************************
TAg Acc
	 98.4%   0.0%   0.0%   0.0%   0.0%   0.0%   0.0%   0.0%   0.0%   0.0% 	Avg.: 98.4% 
	 96.2%  98.3%   0.0%   0.0%   0.0%   0.0%   0.0%   0.0%   0.0%   0.0% 	Avg.: 97.2% 
	 94.4%  95.0%  98.3%   0.0%   0.0%   0.0%   0.0%   0.0%   0.0%   0.0% 	Avg.: 95.9% 
	 93.0%  93.1%  94.1%  96.2%   0.0%   0.0%   0.0%   0.0%   0.0%   0.0% 	Avg.: 94.1% 
	 91.8%  94.1%  92.1%  92.0%  98.2%   0.0%   0.0%   0.0%   0.0%   0.0% 	Avg.: 93.6% 
	 84.8%  91.0%  92.2%  87.7%  93.4%  94.5%   0.0%   0.0%   0.0%   0.0% 	Avg.: 90.6% 
	 88.2%  91.1%  91.9%  89.5%  88.2%  85.7%  97.9%   0.0%   0.0%   0.0% 	Avg.: 90.4% 
	  0.0%   0.0%   0.0%   0.0%   0.0%   0.0%   0.0%   0.0%   0.0%   0.0% 	Avg.:  0.0% 
	  0.0%   0.0%   0.0%   0.0%   0.0%   0.0%   0.0%   0.0%   0.0%   0.0% 	Avg.:  0.0% 
	  0.0%   0.0%   0.0%   0.0%   0.0%   0.0%   0.0%   0.0%   0.0%   0.0% 	Avg.:  0.0% 
************************************************************************************************************
TAw Forg
	  0.0%   0.0%   0.0%   0.0%   0.0%   0.0%   0.0%   0.0%   0.0%   0.0% 
	  0.1%   0.0%   0.0%   0.0%   0.0%   0.0%   0.0%   0.0%   0.0%   0.0% 	Avg.:  0.1% 
	  0.3%  -0.1%   0.0%   0.0%   0.0%   0.0%   0.0%   0.0%   0.0%   0.0% 	Avg.:  0.1% 
	  0.6%   0.4%   0.5%   0.0%   0.0%   0.0%   0.0%   0.0%   0.0%   0.0% 	Avg.:  0.5% 
	  0.9%   0.0%   0.4%  -0.2%   0.0%   0.0%   0.0%   0.0%   0.0%   0.0% 	Avg.:  0.3% 
	  0.9%   0.7%   0.3%  -0.1%  -0.2%   0.0%   0.0%   0.0%   0.0%   0.0% 	Avg.:  0.3% 
	  0.6%   0.6%   0.1%  -0.3%  -0.2%  -0.2%   0.0%   0.0%   0.0%   0.0% 	Avg.:  0.1% 
	  0.0%   0.0%   0.0%   0.0%   0.0%   0.0%   0.0%   0.0%   0.0%   0.0% 	Avg.:  0.0% 
	  0.0%   0.0%   0.0%   0.0%   0.0%   0.0%   0.0%   0.0%   0.0%   0.0% 	Avg.:  0.0% 
	  0.0%   0.0%   0.0%   0.0%   0.0%   0.0%   0.0%   0.0%   0.0%   0.0% 	Avg.:  0.0% 
************************************************************************************************************
TAg Forg
	  0.0%   0.0%   0.0%   0.0%   0.0%   0.0%   0.0%   0.0%   0.0%   0.0% 
	  2.2%   0.0%   0.0%   0.0%   0.0%   0.0%   0.0%   0.0%   0.0%   0.0% 	Avg.:  2.2% 
	  4.0%   3.3%   0.0%   0.0%   0.0%   0.0%   0.0%   0.0%   0.0%   0.0% 	Avg.:  3.6% 
	  5.4%   5.2%   4.2%   0.0%   0.0%   0.0%   0.0%   0.0%   0.0%   0.0% 	Avg.:  4.9% 
	  6.6%   4.2%   6.2%   4.2%   0.0%   0.0%   0.0%   0.0%   0.0%   0.0% 	Avg.:  5.3% 
	 13.6%   7.3%   6.1%   8.5%   4.8%   0.0%   0.0%   0.0%   0.0%   0.0% 	Avg.:  8.1% 
	 10.2%   7.2%   6.4%   6.7%  10.0%   8.8%   0.0%   0.0%   0.0%   0.0% 	Avg.:  8.2% 
	  0.0%   0.0%   0.0%   0.0%   0.0%   0.0%   0.0%   0.0%   0.0%   0.0% 	Avg.:  0.0% 
	  0.0%   0.0%   0.0%   0.0%   0.0%   0.0%   0.0%   0.0%   0.0%   0.0% 	Avg.:  0.0% 
	  0.0%   0.0%   0.0%   0.0%   0.0%   0.0%   0.0%   0.0%   0.0%   0.0% 	Avg.:  0.0% 
************************************************************************************************************
[Elapsed time = 1.4 h]
Done!
