START_TASK=4 STOP_TASK=5
============================================================================================================
Arguments =
	all_outputs: False
	approach: icarl_v2
	batch_size: 64
	classes_first_task: None
	clipping: 10000
	crop: 224
	dataset: cifar100
	eval_on_train: False
	experiment_path: None
	fix_bn: False
	freeze_backbone: False
	gpu: 0
	increment: 10
	lamb: 1.0
	log: ['disk']
	lr: 0.01
	lr_factor: None
	lr_min: 0.0001
	lr_patience: None
	lr_scheduler: cosine
	lr_warmup_epochs: 0
	momentum: 0.0
	multi_softmax: False
	nepochs: 50
	network: vit_small_patch16_224.augreg_in1k
	no_cudnn_deterministic: False
	normalize: in1k
	num_exemplars: 2000
	num_workers: 2
	optimizer_name: sgd
	pin_memory: False
	pretrained: True
	resize: 224
	results_path: ../results
	save_models: True
	seed: 0
	start_at_task: 4
	stop_at_task: 5
	use_valid_only: False
	warmup_lr_factor: 1.0
	warmup_nepochs: 0
	weight_decay: 0.0
============================================================================================================
Approach arguments =
============================================================================================================
Exemplars dataset arguments =
============================================================================================================
WARNING: ../results/vit_small_patch16_224.augreg_in1k/cifar100/icarl_v2/10 already exists!
Loaded acc_taw from: ../results/vit_small_patch16_224.augreg_in1k/cifar100/icarl_v2/10/acc_taw-3.txt
Loaded acc_tag from: ../results/vit_small_patch16_224.augreg_in1k/cifar100/icarl_v2/10/acc_tag-3.txt
Loaded forg_taw from: ../results/vit_small_patch16_224.augreg_in1k/cifar100/icarl_v2/10/forg_taw-3.txt
Loaded forg_tag from: ../results/vit_small_patch16_224.augreg_in1k/cifar100/icarl_v2/10/forg_tag-3.txt
Loaded 2000 exemplars from ../results/vit_small_patch16_224.augreg_in1k/cifar100/icarl_v2/10/task3_exemplars.pth
Loaded 40 exemplar means from ../results/vit_small_patch16_224.augreg_in1k/cifar100/icarl_v2/10/task3_exemplar_means.pth
************************************************************************************************************
Task  4
************************************************************************************************************
| Epoch   1, time= 21.8s | Train: skip eval | Valid: time=  1.2s loss=13.358, TAw acc= 96.0% | * lr=1.0e-02
| Epoch   2, time= 21.7s | Train: skip eval | Valid: time=  1.2s loss=13.161, TAw acc= 96.2% | * lr=1.0e-02
| Epoch   3, time= 21.6s | Train: skip eval | Valid: time=  1.2s loss=12.752, TAw acc= 97.0% | * lr=9.9e-03
| Epoch   4, time= 21.5s | Train: skip eval | Valid: time=  1.2s loss=12.697, TAw acc= 97.2% | * lr=9.8e-03
| Epoch   5, time= 21.4s | Train: skip eval | Valid: time=  1.3s loss=12.786, TAw acc= 97.2% | lr=9.8e-03
| Epoch   6, time= 21.7s | Train: skip eval | Valid: time=  1.2s loss=12.701, TAw acc= 97.8% | lr=9.7e-03
| Epoch   7, time= 21.7s | Train: skip eval | Valid: time=  1.2s loss=12.670, TAw acc= 97.8% | * lr=9.5e-03
| Epoch   8, time= 21.7s | Train: skip eval | Valid: time=  1.2s loss=12.664, TAw acc= 97.6% | * lr=9.4e-03
| Epoch   9, time= 21.7s | Train: skip eval | Valid: time=  1.2s loss=12.759, TAw acc= 97.4% | lr=9.2e-03
| Epoch  10, time= 21.5s | Train: skip eval | Valid: time=  1.2s loss=12.612, TAw acc= 97.4% | * lr=9.1e-03
| Epoch  11, time= 21.7s | Train: skip eval | Valid: time=  1.3s loss=12.611, TAw acc= 97.8% | * lr=8.9e-03
| Epoch  12, time= 21.4s | Train: skip eval | Valid: time=  1.2s loss=12.612, TAw acc= 97.6% | lr=8.7e-03
| Epoch  13, time= 21.3s | Train: skip eval | Valid: time=  1.3s loss=12.668, TAw acc= 97.6% | lr=8.4e-03
| Epoch  14, time= 21.7s | Train: skip eval | Valid: time=  1.2s loss=12.546, TAw acc= 97.4% | * lr=8.2e-03
| Epoch  15, time= 21.4s | Train: skip eval | Valid: time=  1.2s loss=12.539, TAw acc= 98.0% | * lr=8.0e-03
| Epoch  16, time= 21.8s | Train: skip eval | Valid: time=  1.2s loss=12.574, TAw acc= 96.8% | lr=7.7e-03
| Epoch  17, time= 21.8s | Train: skip eval | Valid: time=  1.2s loss=12.554, TAw acc= 98.0% | lr=7.4e-03
| Epoch  18, time= 21.5s | Train: skip eval | Valid: time=  1.2s loss=12.536, TAw acc= 98.0% | * lr=7.2e-03
| Epoch  19, time= 21.8s | Train: skip eval | Valid: time=  1.2s loss=12.542, TAw acc= 97.8% | lr=6.9e-03
| Epoch  20, time= 21.8s | Train: skip eval | Valid: time=  1.2s loss=12.505, TAw acc= 97.6% | * lr=6.6e-03
| Epoch  21, time= 21.8s | Train: skip eval | Valid: time=  1.2s loss=12.528, TAw acc= 97.8% | lr=6.3e-03
| Epoch  22, time= 21.5s | Train: skip eval | Valid: time=  1.2s loss=12.516, TAw acc= 97.6% | lr=6.0e-03
| Epoch  23, time= 21.5s | Train: skip eval | Valid: time=  1.2s loss=12.510, TAw acc= 97.8% | lr=5.7e-03
| Epoch  24, time= 21.5s | Train: skip eval | Valid: time=  1.2s loss=12.501, TAw acc= 97.2% | * lr=5.4e-03
| Epoch  25, time= 21.7s | Train: skip eval | Valid: time=  1.2s loss=12.490, TAw acc= 97.2% | * lr=5.1e-03
| Epoch  26, time= 21.5s | Train: skip eval | Valid: time=  1.2s loss=12.474, TAw acc= 98.0% | * lr=4.7e-03
| Epoch  27, time= 21.8s | Train: skip eval | Valid: time=  1.2s loss=12.480, TAw acc= 97.8% | lr=4.4e-03
| Epoch  28, time= 21.6s | Train: skip eval | Valid: time=  1.2s loss=12.480, TAw acc= 97.4% | lr=4.1e-03
| Epoch  29, time= 21.6s | Train: skip eval | Valid: time=  1.2s loss=12.482, TAw acc= 97.8% | lr=3.8e-03
| Epoch  30, time= 21.6s | Train: skip eval | Valid: time=  1.2s loss=12.470, TAw acc= 97.4% | * lr=3.5e-03
| Epoch  31, time= 21.8s | Train: skip eval | Valid: time=  1.2s loss=12.469, TAw acc= 97.6% | * lr=3.2e-03
| Epoch  32, time= 21.4s | Train: skip eval | Valid: time=  1.2s loss=12.471, TAw acc= 97.4% | lr=2.9e-03
| Epoch  33, time= 21.4s | Train: skip eval | Valid: time=  1.2s loss=12.461, TAw acc= 97.4% | * lr=2.7e-03
| Epoch  34, time= 21.8s | Train: skip eval | Valid: time=  1.2s loss=12.456, TAw acc= 97.4% | * lr=2.4e-03
| Epoch  35, time= 21.6s | Train: skip eval | Valid: time=  1.2s loss=12.468, TAw acc= 97.4% | lr=2.1e-03
| Epoch  36, time= 21.8s | Train: skip eval | Valid: time=  1.2s loss=12.456, TAw acc= 97.6% | lr=1.9e-03
| Epoch  37, time= 21.8s | Train: skip eval | Valid: time=  1.2s loss=12.457, TAw acc= 97.8% | lr=1.7e-03
| Epoch  38, time= 21.8s | Train: skip eval | Valid: time=  1.3s loss=12.456, TAw acc= 97.4% | lr=1.4e-03
| Epoch  39, time= 21.8s | Train: skip eval | Valid: time=  1.2s loss=12.456, TAw acc= 98.0% | lr=1.2e-03
| Epoch  40, time= 21.8s | Train: skip eval | Valid: time=  1.2s loss=12.456, TAw acc= 97.6% | * lr=1.0e-03
| Epoch  41, time= 21.7s | Train: skip eval | Valid: time=  1.2s loss=12.454, TAw acc= 97.6% | * lr=8.7e-04
| Epoch  42, time= 21.5s | Train: skip eval | Valid: time=  1.2s loss=12.452, TAw acc= 97.8% | * lr=7.1e-04
| Epoch  43, time= 21.4s | Train: skip eval | Valid: time=  1.2s loss=12.453, TAw acc= 97.4% | lr=5.7e-04
| Epoch  44, time= 21.6s | Train: skip eval | Valid: time=  1.2s loss=12.454, TAw acc= 97.6% | lr=4.5e-04
| Epoch  45, time= 21.8s | Train: skip eval | Valid: time=  1.3s loss=12.452, TAw acc= 97.8% | lr=3.4e-04
| Epoch  46, time= 21.8s | Train: skip eval | Valid: time=  1.2s loss=12.451, TAw acc= 97.8% | * lr=2.6e-04
| Epoch  47, time= 21.8s | Train: skip eval | Valid: time=  1.3s loss=12.452, TAw acc= 97.8% | lr=1.9e-04
| Epoch  48, time= 21.8s | Train: skip eval | Valid: time=  1.2s loss=12.451, TAw acc= 97.8% | lr=1.4e-04
| Epoch  49, time= 21.8s | Train: skip eval | Valid: time=  1.2s loss=12.452, TAw acc= 97.8% | lr=1.1e-04
| Epoch  50, time= 21.7s | Train: skip eval | Valid: time=  1.2s loss=12.451, TAw acc= 97.8% | lr=1.0e-04
| Selected 2000 train exemplars, time=  0.1s
------------------------------------------------------------------------------------------------------------
>>> Test on task  0 : loss=0.908 | TAw acc= 95.5%, forg=  0.7%| TAg acc= 88.3%, forg=  7.9% <<<
>>> Test on task  1 : loss=4.947 | TAw acc= 98.3%, forg=  0.0%| TAg acc= 88.3%, forg=  4.8% <<<
>>> Test on task  2 : loss=8.443 | TAw acc= 96.9%, forg=  0.0%| TAg acc= 88.2%, forg=  3.4% <<<
>>> Test on task  3 : loss=11.259 | TAw acc= 91.4%, forg= -1.2%| TAg acc= 80.4%, forg=  2.6% <<<
>>> Test on task  4 : loss=12.443 | TAw acc= 96.8%, forg=  0.0%| TAg acc= 91.9%, forg=  0.0% <<<
Save at ../results/../results/vit_small_patch16_224.augreg_in1k/cifar100/icarl_v2/10
************************************************************************************************************
TAw Acc
	 96.2%   0.0%   0.0%   0.0%   0.0%   0.0%   0.0%   0.0%   0.0%   0.0% 	Avg.: 96.2% 
	 96.0%  97.9%   0.0%   0.0%   0.0%   0.0%   0.0%   0.0%   0.0%   0.0% 	Avg.: 96.9% 
	 96.2%  98.1%  96.6%   0.0%   0.0%   0.0%   0.0%   0.0%   0.0%   0.0% 	Avg.: 97.0% 
	 95.9%  98.3%  96.9%  90.2%   0.0%   0.0%   0.0%   0.0%   0.0%   0.0% 	Avg.: 95.3% 
	 95.5%  98.3%  96.9%  91.4%  96.8%   0.0%   0.0%   0.0%   0.0%   0.0% 	Avg.: 95.8% 
	  0.0%   0.0%   0.0%   0.0%   0.0%   0.0%   0.0%   0.0%   0.0%   0.0% 	Avg.:  0.0% 
	  0.0%   0.0%   0.0%   0.0%   0.0%   0.0%   0.0%   0.0%   0.0%   0.0% 	Avg.:  0.0% 
	  0.0%   0.0%   0.0%   0.0%   0.0%   0.0%   0.0%   0.0%   0.0%   0.0% 	Avg.:  0.0% 
	  0.0%   0.0%   0.0%   0.0%   0.0%   0.0%   0.0%   0.0%   0.0%   0.0% 	Avg.:  0.0% 
	  0.0%   0.0%   0.0%   0.0%   0.0%   0.0%   0.0%   0.0%   0.0%   0.0% 	Avg.:  0.0% 
************************************************************************************************************
TAg Acc
	 96.2%   0.0%   0.0%   0.0%   0.0%   0.0%   0.0%   0.0%   0.0%   0.0% 	Avg.: 96.2% 
	 93.0%  93.1%   0.0%   0.0%   0.0%   0.0%   0.0%   0.0%   0.0%   0.0% 	Avg.: 93.1% 
	 91.8%  90.0%  91.6%   0.0%   0.0%   0.0%   0.0%   0.0%   0.0%   0.0% 	Avg.: 91.1% 
	 90.8%  88.7%  90.3%  83.0%   0.0%   0.0%   0.0%   0.0%   0.0%   0.0% 	Avg.: 88.2% 
	 88.3%  88.3%  88.2%  80.4%  91.9%   0.0%   0.0%   0.0%   0.0%   0.0% 	Avg.: 87.4% 
	  0.0%   0.0%   0.0%   0.0%   0.0%   0.0%   0.0%   0.0%   0.0%   0.0% 	Avg.:  0.0% 
	  0.0%   0.0%   0.0%   0.0%   0.0%   0.0%   0.0%   0.0%   0.0%   0.0% 	Avg.:  0.0% 
	  0.0%   0.0%   0.0%   0.0%   0.0%   0.0%   0.0%   0.0%   0.0%   0.0% 	Avg.:  0.0% 
	  0.0%   0.0%   0.0%   0.0%   0.0%   0.0%   0.0%   0.0%   0.0%   0.0% 	Avg.:  0.0% 
	  0.0%   0.0%   0.0%   0.0%   0.0%   0.0%   0.0%   0.0%   0.0%   0.0% 	Avg.:  0.0% 
************************************************************************************************************
TAw Forg
	  0.0%   0.0%   0.0%   0.0%   0.0%   0.0%   0.0%   0.0%   0.0%   0.0% 
	  0.2%   0.0%   0.0%   0.0%   0.0%   0.0%   0.0%   0.0%   0.0%   0.0% 	Avg.:  0.2% 
	  0.0%  -0.2%   0.0%   0.0%   0.0%   0.0%   0.0%   0.0%   0.0%   0.0% 	Avg.: -0.1% 
	  0.3%  -0.2%  -0.3%   0.0%   0.0%   0.0%   0.0%   0.0%   0.0%   0.0% 	Avg.: -0.1% 
	  0.7%   0.0%   0.0%  -1.2%   0.0%   0.0%   0.0%   0.0%   0.0%   0.0% 	Avg.: -0.1% 
	  0.0%   0.0%   0.0%   0.0%   0.0%   0.0%   0.0%   0.0%   0.0%   0.0% 	Avg.:  0.0% 
	  0.0%   0.0%   0.0%   0.0%   0.0%   0.0%   0.0%   0.0%   0.0%   0.0% 	Avg.:  0.0% 
	  0.0%   0.0%   0.0%   0.0%   0.0%   0.0%   0.0%   0.0%   0.0%   0.0% 	Avg.:  0.0% 
	  0.0%   0.0%   0.0%   0.0%   0.0%   0.0%   0.0%   0.0%   0.0%   0.0% 	Avg.:  0.0% 
	  0.0%   0.0%   0.0%   0.0%   0.0%   0.0%   0.0%   0.0%   0.0%   0.0% 	Avg.:  0.0% 
************************************************************************************************************
TAg Forg
	  0.0%   0.0%   0.0%   0.0%   0.0%   0.0%   0.0%   0.0%   0.0%   0.0% 
	  3.2%   0.0%   0.0%   0.0%   0.0%   0.0%   0.0%   0.0%   0.0%   0.0% 	Avg.:  3.2% 
	  4.4%   3.1%   0.0%   0.0%   0.0%   0.0%   0.0%   0.0%   0.0%   0.0% 	Avg.:  3.8% 
	  5.4%   4.4%   1.3%   0.0%   0.0%   0.0%   0.0%   0.0%   0.0%   0.0% 	Avg.:  3.7% 
	  7.9%   4.8%   3.4%   2.6%   0.0%   0.0%   0.0%   0.0%   0.0%   0.0% 	Avg.:  4.7% 
	  0.0%   0.0%   0.0%   0.0%   0.0%   0.0%   0.0%   0.0%   0.0%   0.0% 	Avg.:  0.0% 
	  0.0%   0.0%   0.0%   0.0%   0.0%   0.0%   0.0%   0.0%   0.0%   0.0% 	Avg.:  0.0% 
	  0.0%   0.0%   0.0%   0.0%   0.0%   0.0%   0.0%   0.0%   0.0%   0.0% 	Avg.:  0.0% 
	  0.0%   0.0%   0.0%   0.0%   0.0%   0.0%   0.0%   0.0%   0.0%   0.0% 	Avg.:  0.0% 
	  0.0%   0.0%   0.0%   0.0%   0.0%   0.0%   0.0%   0.0%   0.0%   0.0% 	Avg.:  0.0% 
************************************************************************************************************
[Elapsed time = 0.3 h]
Done!
