START_TASK=2 STOP_TASK=3
============================================================================================================
Arguments =
	approach: l2p
	batch_size: 64
	classes_first_task: None
	clipping: 10000
	crop: 224
	dataset: cifar100
	eval_on_train: False
	experiment_path: None
	fix_bn: False
	freeze_backbone: True
	gpu: 0
	gpus: [0]
	increment: 10
	last_layer_analysis: False
	log: ['disk']
	lr: 0.01
	lr_factor: None
	lr_min: 0.0001
	lr_patience: None
	lr_scheduler: cosine
	lr_warmup_epochs: 0
	momentum: 0.0
	multi_softmax: False
	nepochs: 50
	network: vit_base_patch16_224_prompt
	no_cudnn_deterministic: False
	normalize: in21k
	num_workers: 2
	optimizer_name: sgd
	pin_memory: False
	pretrained: True
	resize: 224
	results_path: ./results
	save_models: True
	seed: 0
	start_at_task: 2
	start_epoch: 0
	stop_at_task: 3
	stop_epoch: 0
	use_valid_only: False
	warmup_lr_factor: 1.0
	warmup_nepochs: 0
	weight_decay: 0.0
============================================================================================================
Approach arguments =
	lamb: 0.5
============================================================================================================
Exemplars arguments =
============================================================================================================
WARNING: ./results/vit_base_patch16_224_prompt/cifar100/l2p/10 already exists!
Loaded acc_taw from: ./results/vit_base_patch16_224_prompt/cifar100/l2p/10/acc_taw-1.txt
Loaded acc_tag from: ./results/vit_base_patch16_224_prompt/cifar100/l2p/10/acc_tag-1.txt
Loaded forg_taw from: ./results/vit_base_patch16_224_prompt/cifar100/l2p/10/forg_taw-1.txt
Loaded forg_tag from: ./results/vit_base_patch16_224_prompt/cifar100/l2p/10/forg_tag-1.txt
************************************************************************************************************
Task  2  [epochs 0-50]
************************************************************************************************************
[DEBUG] trainable params -> backbone:0 heads:23070 total:23070
[params] total:171,670,302  trainable:69,150  tensors:308  trainable_tensors:8
| Epoch   1, time= 35.1s | Train: skip eval | Valid: time=  2.8s loss=1.855, TAw acc= 84.8% | * lr=1.0e-02
| Epoch   2, time= 34.3s | Train: skip eval | Valid: time=  2.8s loss=1.548, TAw acc= 91.8% | * lr=1.0e-02
| Epoch   3, time= 34.5s | Train: skip eval | Valid: time=  2.8s loss=1.295, TAw acc= 94.6% | * lr=9.9e-03
| Epoch   4, time= 34.7s | Train: skip eval | Valid: time=  2.8s loss=1.089, TAw acc= 94.6% | * lr=9.8e-03
| Epoch   5, time= 34.6s | Train: skip eval | Valid: time=  2.8s loss=0.927, TAw acc= 95.0% | * lr=9.8e-03
| Epoch   6, time= 34.7s | Train: skip eval | Valid: time=  2.8s loss=0.799, TAw acc= 95.2% | * lr=9.7e-03
| Epoch   7, time= 34.7s | Train: skip eval | Valid: time=  2.8s loss=0.697, TAw acc= 95.4% | * lr=9.5e-03
| Epoch   8, time= 34.8s | Train: skip eval | Valid: time=  2.8s loss=0.615, TAw acc= 95.4% | * lr=9.4e-03
| Epoch   9, time= 35.0s | Train: skip eval | Valid: time=  2.8s loss=0.550, TAw acc= 95.6% | * lr=9.2e-03
| Epoch  10, time= 34.8s | Train: skip eval | Valid: time=  2.8s loss=0.496, TAw acc= 95.8% | * lr=9.1e-03
| Epoch  11, time= 35.0s | Train: skip eval | Valid: time=  2.8s loss=0.450, TAw acc= 96.0% | * lr=8.9e-03
| Epoch  12, time= 35.0s | Train: skip eval | Valid: time=  2.8s loss=0.413, TAw acc= 96.2% | * lr=8.7e-03
| Epoch  13, time= 35.0s | Train: skip eval | Valid: time=  2.8s loss=0.379, TAw acc= 96.2% | * lr=8.4e-03
| Epoch  14, time= 34.8s | Train: skip eval | Valid: time=  2.8s loss=0.352, TAw acc= 96.2% | * lr=8.2e-03
| Epoch  15, time= 34.7s | Train: skip eval | Valid: time=  2.8s loss=0.327, TAw acc= 96.4% | * lr=8.0e-03
| Epoch  16, time= 34.8s | Train: skip eval | Valid: time=  2.9s loss=0.307, TAw acc= 96.4% | * lr=7.7e-03
| Epoch  17, time= 34.8s | Train: skip eval | Valid: time=  2.8s loss=0.289, TAw acc= 96.4% | * lr=7.4e-03
| Epoch  18, time= 35.0s | Train: skip eval | Valid: time=  2.8s loss=0.274, TAw acc= 96.4% | * lr=7.2e-03
| Epoch  19, time= 34.9s | Train: skip eval | Valid: time=  2.8s loss=0.259, TAw acc= 96.6% | * lr=6.9e-03
| Epoch  20, time= 34.9s | Train: skip eval | Valid: time=  2.8s loss=0.248, TAw acc= 96.6% | * lr=6.6e-03
| Epoch  21, time= 35.0s | Train: skip eval | Valid: time=  2.8s loss=0.237, TAw acc= 96.6% | * lr=6.3e-03
| Epoch  22, time= 35.1s | Train: skip eval | Valid: time=  2.8s loss=0.227, TAw acc= 96.8% | * lr=6.0e-03
| Epoch  23, time= 35.1s | Train: skip eval | Valid: time=  2.8s loss=0.218, TAw acc= 96.8% | * lr=5.7e-03
| Epoch  24, time= 35.0s | Train: skip eval | Valid: time=  2.8s loss=0.210, TAw acc= 96.8% | * lr=5.4e-03
| Epoch  25, time= 34.8s | Train: skip eval | Valid: time=  2.8s loss=0.203, TAw acc= 96.8% | * lr=5.1e-03
| Epoch  26, time= 34.8s | Train: skip eval | Valid: time=  2.8s loss=0.198, TAw acc= 96.8% | * lr=4.7e-03
| Epoch  27, time= 34.9s | Train: skip eval | Valid: time=  2.8s loss=0.193, TAw acc= 96.8% | * lr=4.4e-03
| Epoch  28, time= 34.9s | Train: skip eval | Valid: time=  2.8s loss=0.187, TAw acc= 96.8% | * lr=4.1e-03
| Epoch  29, time= 35.0s | Train: skip eval | Valid: time=  2.8s loss=0.183, TAw acc= 96.8% | * lr=3.8e-03
| Epoch  30, time= 34.9s | Train: skip eval | Valid: time=  2.8s loss=0.179, TAw acc= 96.8% | * lr=3.5e-03
| Epoch  31, time= 35.0s | Train: skip eval | Valid: time=  2.8s loss=0.175, TAw acc= 96.8% | * lr=3.2e-03
| Epoch  32, time= 35.1s | Train: skip eval | Valid: time=  2.8s loss=0.172, TAw acc= 96.8% | * lr=2.9e-03
| Epoch  33, time= 35.0s | Train: skip eval | Valid: time=  2.8s loss=0.169, TAw acc= 97.0% | * lr=2.7e-03
| Epoch  34, time= 35.0s | Train: skip eval | Valid: time=  2.8s loss=0.165, TAw acc= 97.2% | * lr=2.4e-03
| Epoch  35, time= 34.9s | Train: skip eval | Valid: time=  2.8s loss=0.163, TAw acc= 97.0% | * lr=2.1e-03
| Epoch  36, time= 34.8s | Train: skip eval | Valid: time=  2.8s loss=0.162, TAw acc= 97.0% | * lr=1.9e-03
| Epoch  37, time= 34.9s | Train: skip eval | Valid: time=  2.8s loss=0.160, TAw acc= 97.2% | * lr=1.7e-03
| Epoch  38, time= 35.0s | Train: skip eval | Valid: time=  2.8s loss=0.158, TAw acc= 97.2% | * lr=1.4e-03
| Epoch  39, time= 35.0s | Train: skip eval | Valid: time=  2.8s loss=0.157, TAw acc= 97.2% | * lr=1.2e-03
| Epoch  40, time= 35.1s | Train: skip eval | Valid: time=  2.8s loss=0.156, TAw acc= 97.2% | * lr=1.0e-03
| Epoch  41, time= 35.1s | Train: skip eval | Valid: time=  2.8s loss=0.155, TAw acc= 97.2% | * lr=8.7e-04
| Epoch  42, time= 35.1s | Train: skip eval | Valid: time=  2.8s loss=0.154, TAw acc= 97.2% | * lr=7.1e-04
| Epoch  43, time= 35.0s | Train: skip eval | Valid: time=  2.8s loss=0.154, TAw acc= 97.2% | * lr=5.7e-04
| Epoch  44, time= 34.9s | Train: skip eval | Valid: time=  2.8s loss=0.153, TAw acc= 97.2% | * lr=4.5e-04
| Epoch  45, time= 35.0s | Train: skip eval | Valid: time=  2.8s loss=0.153, TAw acc= 97.2% | * lr=3.4e-04
| Epoch  46, time= 34.9s | Train: skip eval | Valid: time=  2.8s loss=0.152, TAw acc= 97.2% | * lr=2.6e-04
| Epoch  47, time= 34.9s | Train: skip eval | Valid: time=  2.8s loss=0.152, TAw acc= 97.2% | * lr=1.9e-04
| Epoch  48, time= 35.0s | Train: skip eval | Valid: time=  2.8s loss=0.152, TAw acc= 97.2% | * lr=1.4e-04
| Epoch  49, time= 35.2s | Train: skip eval | Valid: time=  2.8s loss=0.152, TAw acc= 97.2% | * lr=1.1e-04
| Epoch  50, time= 35.2s | Train: skip eval | Valid: time=  2.8s loss=0.152, TAw acc= 97.2% | * lr=1.0e-04
------------------------------------------------------------------------------------------------------------
>>> Test on task  0 : loss=0.238 | TAw acc= 94.7%, forg= -0.3% | TAg acc= 86.7%, forg=  7.7% <<<
>>> Test on task  1 : loss=0.141 | TAw acc= 97.7%, forg= -0.2% | TAg acc= 92.4%, forg=  2.9% <<<
>>> Test on task  2 : loss=0.172 | TAw acc= 95.6%, forg=  0.0% | TAg acc= 91.3%, forg=  0.0% <<<
Save at ./results/./results/vit_base_patch16_224_prompt/cifar100/l2p/10
************************************************************************************************************
TAw Acc
	 94.4%   0.0%   0.0%   0.0%   0.0%   0.0%   0.0%   0.0%   0.0%   0.0% 	Avg.: 94.4% 
	 94.4%  97.5%   0.0%   0.0%   0.0%   0.0%   0.0%   0.0%   0.0%   0.0% 	Avg.: 96.0% 
	 94.7%  97.7%  95.6%   0.0%   0.0%   0.0%   0.0%   0.0%   0.0%   0.0% 	Avg.: 96.0% 
	  0.0%   0.0%   0.0%   0.0%   0.0%   0.0%   0.0%   0.0%   0.0%   0.0% 	Avg.:  0.0% 
	  0.0%   0.0%   0.0%   0.0%   0.0%   0.0%   0.0%   0.0%   0.0%   0.0% 	Avg.:  0.0% 
	  0.0%   0.0%   0.0%   0.0%   0.0%   0.0%   0.0%   0.0%   0.0%   0.0% 	Avg.:  0.0% 
	  0.0%   0.0%   0.0%   0.0%   0.0%   0.0%   0.0%   0.0%   0.0%   0.0% 	Avg.:  0.0% 
	  0.0%   0.0%   0.0%   0.0%   0.0%   0.0%   0.0%   0.0%   0.0%   0.0% 	Avg.:  0.0% 
	  0.0%   0.0%   0.0%   0.0%   0.0%   0.0%   0.0%   0.0%   0.0%   0.0% 	Avg.:  0.0% 
	  0.0%   0.0%   0.0%   0.0%   0.0%   0.0%   0.0%   0.0%   0.0%   0.0% 	Avg.:  0.0% 
************************************************************************************************************
TAg Acc
	 94.4%   0.0%   0.0%   0.0%   0.0%   0.0%   0.0%   0.0%   0.0%   0.0% 	Avg.: 94.4% 
	 89.6%  95.3%   0.0%   0.0%   0.0%   0.0%   0.0%   0.0%   0.0%   0.0% 	Avg.: 92.4% 
	 86.7%  92.4%  91.3%   0.0%   0.0%   0.0%   0.0%   0.0%   0.0%   0.0% 	Avg.: 90.1% 
	  0.0%   0.0%   0.0%   0.0%   0.0%   0.0%   0.0%   0.0%   0.0%   0.0% 	Avg.:  0.0% 
	  0.0%   0.0%   0.0%   0.0%   0.0%   0.0%   0.0%   0.0%   0.0%   0.0% 	Avg.:  0.0% 
	  0.0%   0.0%   0.0%   0.0%   0.0%   0.0%   0.0%   0.0%   0.0%   0.0% 	Avg.:  0.0% 
	  0.0%   0.0%   0.0%   0.0%   0.0%   0.0%   0.0%   0.0%   0.0%   0.0% 	Avg.:  0.0% 
	  0.0%   0.0%   0.0%   0.0%   0.0%   0.0%   0.0%   0.0%   0.0%   0.0% 	Avg.:  0.0% 
	  0.0%   0.0%   0.0%   0.0%   0.0%   0.0%   0.0%   0.0%   0.0%   0.0% 	Avg.:  0.0% 
	  0.0%   0.0%   0.0%   0.0%   0.0%   0.0%   0.0%   0.0%   0.0%   0.0% 	Avg.:  0.0% 
************************************************************************************************************
TAw Forg
	  0.0%   0.0%   0.0%   0.0%   0.0%   0.0%   0.0%   0.0%   0.0%   0.0% 
	  0.0%   0.0%   0.0%   0.0%   0.0%   0.0%   0.0%   0.0%   0.0%   0.0% 	Avg.:  0.0% 
	 -0.3%  -0.2%   0.0%   0.0%   0.0%   0.0%   0.0%   0.0%   0.0%   0.0% 	Avg.: -0.2% 
	  0.0%   0.0%   0.0%   0.0%   0.0%   0.0%   0.0%   0.0%   0.0%   0.0% 	Avg.:  0.0% 
	  0.0%   0.0%   0.0%   0.0%   0.0%   0.0%   0.0%   0.0%   0.0%   0.0% 	Avg.:  0.0% 
	  0.0%   0.0%   0.0%   0.0%   0.0%   0.0%   0.0%   0.0%   0.0%   0.0% 	Avg.:  0.0% 
	  0.0%   0.0%   0.0%   0.0%   0.0%   0.0%   0.0%   0.0%   0.0%   0.0% 	Avg.:  0.0% 
	  0.0%   0.0%   0.0%   0.0%   0.0%   0.0%   0.0%   0.0%   0.0%   0.0% 	Avg.:  0.0% 
	  0.0%   0.0%   0.0%   0.0%   0.0%   0.0%   0.0%   0.0%   0.0%   0.0% 	Avg.:  0.0% 
	  0.0%   0.0%   0.0%   0.0%   0.0%   0.0%   0.0%   0.0%   0.0%   0.0% 	Avg.:  0.0% 
************************************************************************************************************
TAg Forg
	  0.0%   0.0%   0.0%   0.0%   0.0%   0.0%   0.0%   0.0%   0.0%   0.0% 
	  4.8%   0.0%   0.0%   0.0%   0.0%   0.0%   0.0%   0.0%   0.0%   0.0% 	Avg.:  4.8% 
	  7.7%   2.9%   0.0%   0.0%   0.0%   0.0%   0.0%   0.0%   0.0%   0.0% 	Avg.:  5.3% 
	  0.0%   0.0%   0.0%   0.0%   0.0%   0.0%   0.0%   0.0%   0.0%   0.0% 	Avg.:  0.0% 
	  0.0%   0.0%   0.0%   0.0%   0.0%   0.0%   0.0%   0.0%   0.0%   0.0% 	Avg.:  0.0% 
	  0.0%   0.0%   0.0%   0.0%   0.0%   0.0%   0.0%   0.0%   0.0%   0.0% 	Avg.:  0.0% 
	  0.0%   0.0%   0.0%   0.0%   0.0%   0.0%   0.0%   0.0%   0.0%   0.0% 	Avg.:  0.0% 
	  0.0%   0.0%   0.0%   0.0%   0.0%   0.0%   0.0%   0.0%   0.0%   0.0% 	Avg.:  0.0% 
	  0.0%   0.0%   0.0%   0.0%   0.0%   0.0%   0.0%   0.0%   0.0%   0.0% 	Avg.:  0.0% 
	  0.0%   0.0%   0.0%   0.0%   0.0%   0.0%   0.0%   0.0%   0.0%   0.0% 	Avg.:  0.0% 
************************************************************************************************************
[Elapsed time = 0.5 h]
Done!
