START_TASK=8 STOP_TASK=9 START_EPOCH=17 STOP_EPOCH=35
============================================================================================================
Arguments =
	all_outputs: False
	approach: joint
	batch_size: 64
	classes_first_task: None
	clipping: 10000
	crop: 224
	data_path: ../data/food101
	dataset: food101
	eval_on_train: False
	experiment_path: None
	fix_bn: False
	freeze_backbone: False
	gpu: 0
	gpus: [0, 1]
	increment: 10
	last_layer_analysis: False
	log: ['disk']
	lr: 0.01
	lr_factor: None
	lr_min: 0.0001
	lr_patience: None
	lr_scheduler: cosine
	lr_warmup_epochs: 0
	momentum: 0.0
	multi_softmax: False
	nepochs: 70
	network: vit_base_patch16_224.orig_in21k
	no_cudnn_deterministic: False
	normalize: in21k
	num_workers: 2
	optimizer_name: sgd
	pin_memory: False
	pretrained: True
	resize: 224
	results_path: ./results
	save_models: True
	seed: 0
	start_at_task: 8
	start_epoch: 17
	stop_at_task: 9
	stop_epoch: 35
	use_valid_only: False
	warmup_lr_factor: 1.0
	warmup_nepochs: 0
	weight_decay: 0.0
============================================================================================================
Approach arguments =
============================================================================================================
Exemplars arguments =
============================================================================================================
WARNING: ./results/vit_base_patch16_224.orig_in21k/food101/joint/10 already exists!
Multi-GPU mode: DataParallel on 2 GPUs (CUDA_VISIBLE_DEVICES=2 available)
Loaded acc_taw from: ./results/vit_base_patch16_224.orig_in21k/food101/joint/10/acc_taw-7.txt
Loaded acc_tag from: ./results/vit_base_patch16_224.orig_in21k/food101/joint/10/acc_tag-7.txt
Loaded forg_taw from: ./results/vit_base_patch16_224.orig_in21k/food101/joint/10/forg_taw-7.txt
Loaded forg_tag from: ./results/vit_base_patch16_224.orig_in21k/food101/joint/10/forg_tag-7.txt
[joint] Loaded accumulated datasets up to task 8 from ./results/vit_base_patch16_224.orig_in21k/food101/joint/10/joint_progress
************************************************************************************************************
Task  8  [epochs 17-35]
************************************************************************************************************
[params] total:85,867,866  trainable:85,867,866  tensors:168  trainable_tensors:168
| Epoch  18, time=296.3s | Train: skip eval | Valid: time= 25.4s loss=0.625, TAw acc= 95.5% | lr=8.5e-03
| Epoch  19, time=295.0s | Train: skip eval | Valid: time= 24.8s loss=0.598, TAw acc= 96.1% | lr=8.3e-03
| Epoch  20, time=294.0s | Train: skip eval | Valid: time= 24.8s loss=0.565, TAw acc= 96.2% | lr=8.1e-03
| Epoch  21, time=295.5s | Train: skip eval | Valid: time= 24.1s loss=0.563, TAw acc= 96.2% | lr=8.0e-03
| Epoch  22, time=295.7s | Train: skip eval | Valid: time= 25.0s loss=0.572, TAw acc= 96.2% | lr=7.8e-03
| Epoch  23, time=294.4s | Train: skip eval | Valid: time= 25.4s loss=0.562, TAw acc= 96.1% | lr=7.6e-03
| Epoch  24, time=294.5s | Train: skip eval | Valid: time= 25.9s loss=0.577, TAw acc= 96.1% | lr=7.4e-03
| Epoch  25, time=292.7s | Train: skip eval | Valid: time= 25.4s loss=0.551, TAw acc= 96.3% | lr=7.2e-03
| Epoch  26, time=295.0s | Train: skip eval | Valid: time= 24.5s loss=0.566, TAw acc= 96.3% | lr=7.0e-03
| Epoch  27, time=294.7s | Train: skip eval | Valid: time= 25.4s loss=0.574, TAw acc= 96.1% | lr=6.8e-03
| Epoch  28, time=294.2s | Train: skip eval | Valid: time= 25.5s loss=0.550, TAw acc= 96.4% | lr=6.6e-03
| Epoch  29, time=295.8s | Train: skip eval | Valid: time= 24.5s loss=0.569, TAw acc= 96.2% | lr=6.4e-03
| Epoch  30, time=294.2s | Train: skip eval | Valid: time= 26.7s loss=0.562, TAw acc= 96.4% | lr=6.2e-03
| Epoch  31, time=295.3s | Train: skip eval | Valid: time= 25.2s loss=0.551, TAw acc= 96.4% | lr=5.9e-03
| Epoch  32, time=295.1s | Train: skip eval | Valid: time= 24.4s loss=0.551, TAw acc= 96.4% | lr=5.7e-03
| Epoch  33, time=294.1s | Train: skip eval | Valid: time= 25.4s loss=0.591, TAw acc= 96.3% | lr=5.5e-03
| Epoch  34, time=294.4s | Train: skip eval | Valid: time= 23.3s loss=0.558, TAw acc= 96.3% | lr=5.3e-03
| Epoch  35, time=294.9s | Train: skip eval | Valid: time= 23.3s loss=0.558, TAw acc= 96.2% | lr=5.1e-03
------------------------------------------------------------------------------------------------------------
[joint] Saved accumulated datasets up to task 8 → ./results/vit_base_patch16_224.orig_in21k/food101/joint/10/joint_progress
[Elapsed time = 1.6 h]
Done!
