START_TASK=7 STOP_TASK=8 START_EPOCH=0 STOP_EPOCH=35
============================================================================================================
Arguments =
	all_outputs: False
	approach: joint
	batch_size: 64
	classes_first_task: None
	clipping: 10000
	crop: 224
	data_path: ../data/food101
	dataset: food101
	eval_on_train: False
	experiment_path: None
	fix_bn: False
	freeze_backbone: False
	gpu: 0
	gpus: [0, 1]
	increment: 10
	last_layer_analysis: False
	log: ['disk']
	lr: 0.01
	lr_factor: None
	lr_min: 0.0001
	lr_patience: None
	lr_scheduler: cosine
	lr_warmup_epochs: 0
	momentum: 0.0
	multi_softmax: False
	nepochs: 70
	network: vit_base_patch16_224.orig_in21k
	no_cudnn_deterministic: False
	normalize: in21k
	num_workers: 2
	optimizer_name: sgd
	pin_memory: False
	pretrained: True
	resize: 224
	results_path: ./results
	save_models: True
	seed: 0
	start_at_task: 7
	start_epoch: 0
	stop_at_task: 8
	stop_epoch: 35
	use_valid_only: False
	warmup_lr_factor: 1.0
	warmup_nepochs: 0
	weight_decay: 0.0
============================================================================================================
Approach arguments =
============================================================================================================
Exemplars arguments =
============================================================================================================
WARNING: ./results/vit_base_patch16_224.orig_in21k/food101/joint/10 already exists!
Multi-GPU mode: DataParallel on 2 GPUs (CUDA_VISIBLE_DEVICES=2 available)
Loaded acc_taw from: ./results/vit_base_patch16_224.orig_in21k/food101/joint/10/acc_taw-6.txt
Loaded acc_tag from: ./results/vit_base_patch16_224.orig_in21k/food101/joint/10/acc_tag-6.txt
Loaded forg_taw from: ./results/vit_base_patch16_224.orig_in21k/food101/joint/10/forg_taw-6.txt
Loaded forg_tag from: ./results/vit_base_patch16_224.orig_in21k/food101/joint/10/forg_tag-6.txt
[joint] Loaded accumulated datasets up to task 6 from ./results/vit_base_patch16_224.orig_in21k/food101/joint/10/joint_progress
************************************************************************************************************
Task  7  [epochs 0-35]
************************************************************************************************************
[params] total:85,860,176  trainable:85,860,176  tensors:166  trainable_tensors:166
| Epoch   1, time=266.5s | Train: skip eval | Valid: time= 20.6s loss=0.590, TAw acc= 95.7% | * lr=1.0e-02
| Epoch   2, time=266.9s | Train: skip eval | Valid: time= 20.7s loss=0.551, TAw acc= 95.9% | * lr=1.0e-02
| Epoch   3, time=267.4s | Train: skip eval | Valid: time= 22.2s loss=0.530, TAw acc= 95.9% | * lr=1.0e-02
| Epoch   4, time=269.7s | Train: skip eval | Valid: time= 21.7s loss=0.526, TAw acc= 96.1% | * lr=9.9e-03
| Epoch   5, time=269.3s | Train: skip eval | Valid: time= 21.1s loss=0.506, TAw acc= 96.2% | * lr=9.9e-03
| Epoch   6, time=266.9s | Train: skip eval | Valid: time= 21.1s loss=0.516, TAw acc= 96.2% | lr=9.8e-03
| Epoch   7, time=267.7s | Train: skip eval | Valid: time= 21.4s loss=0.516, TAw acc= 96.1% | lr=9.8e-03
| Epoch   8, time=268.3s | Train: skip eval | Valid: time= 21.4s loss=0.519, TAw acc= 96.0% | lr=9.7e-03
| Epoch   9, time=267.7s | Train: skip eval | Valid: time= 21.4s loss=0.518, TAw acc= 96.2% | lr=9.6e-03
| Epoch  10, time=266.9s | Train: skip eval | Valid: time= 23.3s loss=0.505, TAw acc= 96.4% | * lr=9.5e-03
| Epoch  11, time=266.9s | Train: skip eval | Valid: time= 21.8s loss=0.515, TAw acc= 96.3% | lr=9.4e-03
| Epoch  12, time=266.8s | Train: skip eval | Valid: time= 21.3s loss=0.513, TAw acc= 96.3% | lr=9.3e-03
| Epoch  13, time=271.6s | Train: skip eval | Valid: time= 23.1s loss=0.525, TAw acc= 96.2% | lr=9.2e-03
| Epoch  14, time=269.4s | Train: skip eval | Valid: time= 22.9s loss=0.516, TAw acc= 96.3% | lr=9.1e-03
| Epoch  15, time=267.0s | Train: skip eval | Valid: time= 22.6s loss=0.526, TAw acc= 96.2% | lr=8.9e-03
| Epoch  16, time=271.6s | Train: skip eval | Valid: time= 22.2s loss=0.519, TAw acc= 96.2% | lr=8.8e-03
| Epoch  17, time=267.6s | Train: skip eval | Valid: time= 21.5s loss=0.518, TAw acc= 96.2% | lr=8.6e-03
| Epoch  18, time=269.4s | Train: skip eval | Valid: time= 22.9s loss=0.520, TAw acc= 96.2% | lr=8.5e-03
| Epoch  19, time=273.8s | Train: skip eval | Valid: time= 21.5s loss=0.530, TAw acc= 96.3% | lr=8.3e-03
| Epoch  20, time=265.6s | Train: skip eval | Valid: time= 22.9s loss=0.517, TAw acc= 96.1% | lr=8.1e-03
| Epoch  21, time=266.0s | Train: skip eval | Valid: time= 21.3s loss=0.538, TAw acc= 96.2% | lr=8.0e-03
| Epoch  22, time=267.1s | Train: skip eval | Valid: time= 21.5s loss=0.529, TAw acc= 96.1% | lr=7.8e-03
| Epoch  23, time=267.1s | Train: skip eval | Valid: time= 22.7s loss=0.544, TAw acc= 96.1% | lr=7.6e-03
| Epoch  24, time=267.2s | Train: skip eval | Valid: time= 21.3s loss=0.531, TAw acc= 96.3% | lr=7.4e-03
| Epoch  25, time=267.7s | Train: skip eval | Valid: time= 22.1s loss=0.540, TAw acc= 96.3% | lr=7.2e-03
| Epoch  26, time=266.8s | Train: skip eval | Valid: time= 21.8s loss=0.533, TAw acc= 96.3% | lr=7.0e-03
| Epoch  27, time=267.6s | Train: skip eval | Valid: time= 21.9s loss=0.531, TAw acc= 96.1% | lr=6.8e-03
| Epoch  28, time=267.7s | Train: skip eval | Valid: time= 21.5s loss=0.541, TAw acc= 96.1% | lr=6.6e-03
| Epoch  29, time=267.7s | Train: skip eval | Valid: time= 23.3s loss=0.538, TAw acc= 96.0% | lr=6.4e-03
| Epoch  30, time=267.5s | Train: skip eval | Valid: time= 22.8s loss=0.548, TAw acc= 96.1% | lr=6.2e-03
| Epoch  31, time=267.2s | Train: skip eval | Valid: time= 21.7s loss=0.549, TAw acc= 96.2% | lr=5.9e-03
| Epoch  32, time=267.3s | Train: skip eval | Valid: time= 22.6s loss=0.548, TAw acc= 96.1% | lr=5.7e-03
| Epoch  33, time=267.4s | Train: skip eval | Valid: time= 22.1s loss=0.540, TAw acc= 96.1% | lr=5.5e-03
| Epoch  34, time=267.5s | Train: skip eval | Valid: time= 23.3s loss=0.543, TAw acc= 96.2% | lr=5.3e-03
| Epoch  35, time=267.4s | Train: skip eval | Valid: time= 21.5s loss=0.545, TAw acc= 96.1% | lr=5.1e-03
------------------------------------------------------------------------------------------------------------
[joint] Saved accumulated datasets up to task 7 → ./results/vit_base_patch16_224.orig_in21k/food101/joint/10/joint_progress
[Elapsed time = 2.8 h]
Done!
