START_TASK=9 STOP_TASK=10 START_EPOCH=35 STOP_EPOCH=52
============================================================================================================
Arguments =
	all_outputs: False
	approach: joint
	batch_size: 64
	classes_first_task: None
	clipping: 10000
	crop: 224
	data_path: ../data/food101
	dataset: food101
	eval_on_train: False
	experiment_path: None
	fix_bn: False
	freeze_backbone: False
	gpu: 0
	gpus: [0, 1]
	increment: 10
	last_layer_analysis: False
	log: ['disk']
	lr: 0.01
	lr_factor: None
	lr_min: 0.0001
	lr_patience: None
	lr_scheduler: cosine
	lr_warmup_epochs: 0
	momentum: 0.0
	multi_softmax: False
	nepochs: 70
	network: vit_base_patch16_224.orig_in21k
	no_cudnn_deterministic: False
	normalize: in21k
	num_workers: 2
	optimizer_name: sgd
	pin_memory: False
	pretrained: True
	resize: 224
	results_path: ./results
	save_models: True
	seed: 0
	start_at_task: 9
	start_epoch: 35
	stop_at_task: 10
	stop_epoch: 52
	use_valid_only: False
	warmup_lr_factor: 1.0
	warmup_nepochs: 0
	weight_decay: 0.0
============================================================================================================
Approach arguments =
============================================================================================================
Exemplars arguments =
============================================================================================================
WARNING: ./results/vit_base_patch16_224.orig_in21k/food101/joint/10 already exists!
Multi-GPU mode: DataParallel on 2 GPUs (CUDA_VISIBLE_DEVICES=2 available)
Loaded acc_taw from: ./results/vit_base_patch16_224.orig_in21k/food101/joint/10/acc_taw-8.txt
Loaded acc_tag from: ./results/vit_base_patch16_224.orig_in21k/food101/joint/10/acc_tag-8.txt
Loaded forg_taw from: ./results/vit_base_patch16_224.orig_in21k/food101/joint/10/forg_taw-8.txt
Loaded forg_tag from: ./results/vit_base_patch16_224.orig_in21k/food101/joint/10/forg_tag-8.txt
[joint] Loaded accumulated datasets up to task 9 from ./results/vit_base_patch16_224.orig_in21k/food101/joint/10/joint_progress
************************************************************************************************************
Task  9  [epochs 35-52]
************************************************************************************************************
[params] total:85,875,556  trainable:85,875,556  tensors:170  trainable_tensors:170
| Epoch  36, time=328.1s | Train: skip eval | Valid: time= 27.5s loss=0.638, TAw acc= 95.7% | lr=4.8e-03
| Epoch  37, time=326.9s | Train: skip eval | Valid: time= 27.2s loss=0.607, TAw acc= 95.7% | lr=4.6e-03
| Epoch  38, time=327.3s | Train: skip eval | Valid: time= 27.4s loss=0.610, TAw acc= 95.9% | lr=4.4e-03
| Epoch  39, time=327.6s | Train: skip eval | Valid: time= 28.4s loss=0.601, TAw acc= 95.9% | lr=4.2e-03
| Epoch  40, time=327.4s | Train: skip eval | Valid: time= 26.7s loss=0.604, TAw acc= 95.9% | lr=3.9e-03
| Epoch  41, time=328.2s | Train: skip eval | Valid: time= 27.4s loss=0.594, TAw acc= 95.8% | lr=3.7e-03
| Epoch  42, time=327.9s | Train: skip eval | Valid: time= 26.8s loss=0.594, TAw acc= 96.0% | lr=3.5e-03
| Epoch  43, time=329.2s | Train: skip eval | Valid: time= 26.4s loss=0.594, TAw acc= 95.9% | lr=3.3e-03
| Epoch  44, time=328.1s | Train: skip eval | Valid: time= 27.4s loss=0.593, TAw acc= 95.9% | lr=3.1e-03
| Epoch  45, time=327.1s | Train: skip eval | Valid: time= 26.9s loss=0.599, TAw acc= 96.0% | lr=2.9e-03
| Epoch  46, time=327.1s | Train: skip eval | Valid: time= 28.1s loss=0.590, TAw acc= 96.1% | * lr=2.7e-03
| Epoch  47, time=327.7s | Train: skip eval | Valid: time= 28.6s loss=0.595, TAw acc= 96.2% | lr=2.5e-03
| Epoch  48, time=327.5s | Train: skip eval | Valid: time= 27.0s loss=0.593, TAw acc= 96.1% | lr=2.3e-03
| Epoch  49, time=327.4s | Train: skip eval | Valid: time= 29.4s loss=0.590, TAw acc= 96.1% | lr=2.1e-03
| Epoch  50, time=326.5s | Train: skip eval | Valid: time= 27.7s loss=0.593, TAw acc= 96.0% | lr=2.0e-03
| Epoch  51, time=328.4s | Train: skip eval | Valid: time= 26.9s loss=0.596, TAw acc= 96.1% | lr=1.8e-03
| Epoch  52, time=327.9s | Train: skip eval | Valid: time= 27.7s loss=0.599, TAw acc= 96.0% | lr=1.6e-03
------------------------------------------------------------------------------------------------------------
[joint] Saved accumulated datasets up to task 9 → ./results/vit_base_patch16_224.orig_in21k/food101/joint/10/joint_progress
[Elapsed time = 1.7 h]
Done!
