START_TASK=1 STOP_TASK=2
============================================================================================================
Arguments =
	approach: finetuning
	batch_size: 64
	classes_first_task: None
	clipping: 10000
	crop: 224
	data_path: ../data/food101
	dataset: food101
	eval_on_train: False
	experiment_path: None
	fix_bn: False
	freeze_backbone: False
	gpu: 0
	gpus: [0]
	increment: 10
	last_layer_analysis: False
	log: ['disk']
	lr: 0.01
	lr_factor: None
	lr_min: 0.0001
	lr_patience: None
	lr_scheduler: cosine
	lr_warmup_epochs: 0
	momentum: 0.0
	multi_softmax: False
	nepochs: 70
	network: resnetv2_101x1_bit.goog_in21k
	no_cudnn_deterministic: False
	normalize: in21k
	num_workers: 2
	optimizer_name: sgd
	pin_memory: False
	pretrained: True
	resize: 224
	results_path: ./results
	save_models: True
	seed: 0
	start_at_task: 1
	start_epoch: 0
	stop_at_task: 2
	stop_epoch: 0
	use_valid_only: False
	warmup_lr_factor: 1.0
	warmup_nepochs: 0
	weight_decay: 0.0
============================================================================================================
Approach arguments =
	all_outputs: False
============================================================================================================
Exemplars arguments =
============================================================================================================
WARNING: ./results/resnetv2_101x1_bit.goog_in21k/food101/finetuning/10 already exists!
Loaded acc_taw from: ./results/resnetv2_101x1_bit.goog_in21k/food101/finetuning/10/acc_taw-0.txt
Loaded acc_tag from: ./results/resnetv2_101x1_bit.goog_in21k/food101/finetuning/10/acc_tag-0.txt
Loaded forg_taw from: ./results/resnetv2_101x1_bit.goog_in21k/food101/finetuning/10/forg_taw-0.txt
Loaded forg_tag from: ./results/resnetv2_101x1_bit.goog_in21k/food101/finetuning/10/forg_tag-0.txt
************************************************************************************************************
Task  1  [epochs 0-70]
************************************************************************************************************
[params] total:42,533,460  trainable:42,533,460  tensors:308  trainable_tensors:308
| Epoch   1, time= 27.1s | Train: skip eval | Valid: time=  2.4s loss=0.197, TAw acc= 93.1% | * lr=1.0e-02
| Epoch   2, time= 25.0s | Train: skip eval | Valid: time=  2.9s loss=0.202, TAw acc= 93.7% | lr=1.0e-02
| Epoch   3, time= 24.5s | Train: skip eval | Valid: time=  2.6s loss=0.103, TAw acc= 96.4% | * lr=1.0e-02
| Epoch   4, time= 27.4s | Train: skip eval | Valid: time=  2.4s loss=0.202, TAw acc= 93.5% | lr=9.9e-03
| Epoch   5, time= 23.0s | Train: skip eval | Valid: time=  2.5s loss=0.212, TAw acc= 94.5% | lr=9.9e-03
| Epoch   6, time= 26.5s | Train: skip eval | Valid: time=  2.4s loss=0.156, TAw acc= 95.1% | lr=9.8e-03
| Epoch   7, time= 23.8s | Train: skip eval | Valid: time=  2.3s loss=0.179, TAw acc= 95.2% | lr=9.8e-03
| Epoch   8, time= 24.1s | Train: skip eval | Valid: time=  2.5s loss=0.143, TAw acc= 95.1% | lr=9.7e-03
| Epoch   9, time= 25.9s | Train: skip eval | Valid: time=  2.6s loss=0.172, TAw acc= 94.9% | lr=9.6e-03
| Epoch  10, time= 26.0s | Train: skip eval | Valid: time=  2.4s loss=0.127, TAw acc= 96.1% | lr=9.5e-03
| Epoch  11, time= 24.2s | Train: skip eval | Valid: time=  2.5s loss=0.128, TAw acc= 96.5% | lr=9.4e-03
| Epoch  12, time= 29.1s | Train: skip eval | Valid: time=  2.8s loss=0.141, TAw acc= 95.9% | lr=9.3e-03
| Epoch  13, time= 28.4s | Train: skip eval | Valid: time=  2.4s loss=0.191, TAw acc= 95.1% | lr=9.2e-03
| Epoch  14, time= 25.6s | Train: skip eval | Valid: time=  2.4s loss=0.148, TAw acc= 96.0% | lr=9.1e-03
| Epoch  15, time= 31.2s | Train: skip eval | Valid: time=  2.9s loss=0.136, TAw acc= 96.0% | lr=8.9e-03
| Epoch  16, time= 25.2s | Train: skip eval | Valid: time=  2.9s loss=0.218, TAw acc= 94.4% | lr=8.8e-03
| Epoch  17, time= 25.7s | Train: skip eval | Valid: time=  2.7s loss=0.121, TAw acc= 96.4% | lr=8.6e-03
| Epoch  18, time= 24.0s | Train: skip eval | Valid: time=  2.5s loss=0.113, TAw acc= 96.5% | lr=8.5e-03
| Epoch  19, time= 23.9s | Train: skip eval | Valid: time=  2.5s loss=0.133, TAw acc= 95.7% | lr=8.3e-03
| Epoch  20, time= 24.8s | Train: skip eval | Valid: time=  2.4s loss=0.125, TAw acc= 95.7% | lr=8.1e-03
| Epoch  21, time= 23.0s | Train: skip eval | Valid: time=  2.8s loss=0.109, TAw acc= 97.1% | lr=8.0e-03
| Epoch  22, time= 26.4s | Train: skip eval | Valid: time=  2.6s loss=0.115, TAw acc= 96.4% | lr=7.8e-03
| Epoch  23, time= 23.8s | Train: skip eval | Valid: time=  2.7s loss=0.121, TAw acc= 95.9% | lr=7.6e-03
| Epoch  24, time= 24.8s | Train: skip eval | Valid: time=  2.6s loss=0.115, TAw acc= 96.0% | lr=7.4e-03
| Epoch  25, time= 27.1s | Train: skip eval | Valid: time=  2.4s loss=0.137, TAw acc= 96.1% | lr=7.2e-03
| Epoch  26, time= 24.6s | Train: skip eval | Valid: time=  2.5s loss=0.142, TAw acc= 95.9% | lr=7.0e-03
| Epoch  27, time= 25.9s | Train: skip eval | Valid: time=  2.7s loss=0.166, TAw acc= 95.9% | lr=6.8e-03
| Epoch  28, time= 24.3s | Train: skip eval | Valid: time=  2.4s loss=0.131, TAw acc= 95.9% | lr=6.6e-03
| Epoch  29, time= 26.3s | Train: skip eval | Valid: time=  2.4s loss=0.156, TAw acc= 95.3% | lr=6.4e-03
| Epoch  30, time= 24.6s | Train: skip eval | Valid: time=  2.5s loss=0.131, TAw acc= 96.3% | lr=6.2e-03
| Epoch  31, time= 24.6s | Train: skip eval | Valid: time=  2.4s loss=0.146, TAw acc= 96.0% | lr=5.9e-03
| Epoch  32, time= 24.5s | Train: skip eval | Valid: time=  2.3s loss=0.131, TAw acc= 95.9% | lr=5.7e-03
| Epoch  33, time= 26.3s | Train: skip eval | Valid: time=  2.5s loss=0.127, TAw acc= 96.7% | lr=5.5e-03
| Epoch  34, time= 24.7s | Train: skip eval | Valid: time=  2.9s loss=0.135, TAw acc= 96.3% | lr=5.3e-03
| Epoch  35, time= 27.5s | Train: skip eval | Valid: time=  2.9s loss=0.129, TAw acc= 96.0% | lr=5.1e-03
| Epoch  36, time= 24.4s | Train: skip eval | Valid: time=  2.4s loss=0.148, TAw acc= 95.6% | lr=4.8e-03
| Epoch  37, time= 24.4s | Train: skip eval | Valid: time=  2.6s loss=0.146, TAw acc= 96.5% | lr=4.6e-03
| Epoch  38, time= 23.7s | Train: skip eval | Valid: time=  3.2s loss=0.130, TAw acc= 96.1% | lr=4.4e-03
| Epoch  39, time= 25.5s | Train: skip eval | Valid: time=  2.5s loss=0.141, TAw acc= 95.9% | lr=4.2e-03
| Epoch  40, time= 24.1s | Train: skip eval | Valid: time=  2.3s loss=0.138, TAw acc= 96.0% | lr=3.9e-03
| Epoch  41, time= 24.6s | Train: skip eval | Valid: time=  2.3s loss=0.144, TAw acc= 96.0% | lr=3.7e-03
| Epoch  42, time= 25.1s | Train: skip eval | Valid: time=  2.8s loss=0.115, TAw acc= 96.1% | lr=3.5e-03
| Epoch  43, time= 24.1s | Train: skip eval | Valid: time=  2.6s loss=0.131, TAw acc= 96.0% | lr=3.3e-03
| Epoch  44, time= 26.0s | Train: skip eval | Valid: time=  2.5s loss=0.139, TAw acc= 96.3% | lr=3.1e-03
| Epoch  45, time= 24.8s | Train: skip eval | Valid: time=  2.6s loss=0.127, TAw acc= 96.1% | lr=2.9e-03
| Epoch  46, time= 26.0s | Train: skip eval | Valid: time=  2.4s loss=0.129, TAw acc= 96.1% | lr=2.7e-03
| Epoch  47, time= 25.2s | Train: skip eval | Valid: time=  2.4s loss=0.141, TAw acc= 95.7% | lr=2.5e-03
| Epoch  48, time= 24.2s | Train: skip eval | Valid: time=  2.8s loss=0.128, TAw acc= 96.0% | lr=2.3e-03
| Epoch  49, time= 25.5s | Train: skip eval | Valid: time=  2.4s loss=0.128, TAw acc= 96.4% | lr=2.1e-03
| Epoch  50, time= 24.1s | Train: skip eval | Valid: time=  2.4s loss=0.144, TAw acc= 96.1% | lr=2.0e-03
| Epoch  51, time= 26.0s | Train: skip eval | Valid: time=  3.2s loss=0.132, TAw acc= 96.4% | lr=1.8e-03
| Epoch  52, time= 25.2s | Train: skip eval | Valid: time=  2.9s loss=0.132, TAw acc= 96.4% | lr=1.6e-03
| Epoch  53, time= 24.8s | Train: skip eval | Valid: time=  2.4s loss=0.137, TAw acc= 96.7% | lr=1.5e-03
| Epoch  54, time= 25.0s | Train: skip eval | Valid: time=  2.5s loss=0.137, TAw acc= 96.3% | lr=1.3e-03
| Epoch  55, time= 23.6s | Train: skip eval | Valid: time=  2.3s loss=0.128, TAw acc= 96.5% | lr=1.2e-03
| Epoch  56, time= 24.0s | Train: skip eval | Valid: time=  2.7s loss=0.132, TAw acc= 96.5% | lr=1.0e-03
| Epoch  57, time= 28.0s | Train: skip eval | Valid: time=  2.4s loss=0.131, TAw acc= 96.8% | lr=9.2e-04
| Epoch  58, time= 25.0s | Train: skip eval | Valid: time=  2.3s loss=0.130, TAw acc= 96.5% | lr=8.0e-04
| Epoch  59, time= 26.2s | Train: skip eval | Valid: time=  2.6s loss=0.130, TAw acc= 96.5% | lr=6.9e-04
| Epoch  60, time= 28.0s | Train: skip eval | Valid: time=  3.2s loss=0.130, TAw acc= 96.7% | lr=5.9e-04
| Epoch  61, time= 26.1s | Train: skip eval | Valid: time=  2.4s loss=0.131, TAw acc= 96.7% | lr=5.0e-04
| Epoch  62, time= 23.5s | Train: skip eval | Valid: time=  2.5s loss=0.131, TAw acc= 96.7% | lr=4.2e-04
| Epoch  63, time= 26.6s | Train: skip eval | Valid: time=  3.4s loss=0.128, TAw acc= 96.7% | lr=3.4e-04
| Epoch  64, time= 26.6s | Train: skip eval | Valid: time=  2.4s loss=0.128, TAw acc= 96.5% | lr=2.8e-04
| Epoch  65, time= 28.5s | Train: skip eval | Valid: time=  3.1s loss=0.127, TAw acc= 96.5% | lr=2.2e-04
| Epoch  66, time= 25.0s | Train: skip eval | Valid: time=  3.0s loss=0.129, TAw acc= 96.7% | lr=1.8e-04
| Epoch  67, time= 27.6s | Train: skip eval | Valid: time=  2.4s loss=0.130, TAw acc= 96.5% | lr=1.4e-04
| Epoch  68, time= 26.8s | Train: skip eval | Valid: time=  2.4s loss=0.129, TAw acc= 96.5% | lr=1.2e-04
| Epoch  69, time= 26.6s | Train: skip eval | Valid: time=  3.2s loss=0.129, TAw acc= 96.5% | lr=1.0e-04
| Epoch  70, time= 25.5s | Train: skip eval | Valid: time=  2.6s loss=0.128, TAw acc= 96.5% | lr=1.0e-04
------------------------------------------------------------------------------------------------------------
>>> Test on task  0 : loss=0.190 | TAw acc= 94.8%, forg=  2.1% | TAg acc= 93.1%, forg=  3.8% <<<
>>> Test on task  1 : loss=0.085 | TAw acc= 97.9%, forg=  0.0% | TAg acc= 84.7%, forg=  0.0% <<<
Save at ./results/./results/resnetv2_101x1_bit.goog_in21k/food101/finetuning/10
************************************************************************************************************
TAw Acc
	 97.0%   0.0%   0.0%   0.0%   0.0%   0.0%   0.0%   0.0%   0.0%   0.0% 	Avg.: 97.0% 
	 94.8%  97.9%   0.0%   0.0%   0.0%   0.0%   0.0%   0.0%   0.0%   0.0% 	Avg.: 96.4% 
	  0.0%   0.0%   0.0%   0.0%   0.0%   0.0%   0.0%   0.0%   0.0%   0.0% 	Avg.:  0.0% 
	  0.0%   0.0%   0.0%   0.0%   0.0%   0.0%   0.0%   0.0%   0.0%   0.0% 	Avg.:  0.0% 
	  0.0%   0.0%   0.0%   0.0%   0.0%   0.0%   0.0%   0.0%   0.0%   0.0% 	Avg.:  0.0% 
	  0.0%   0.0%   0.0%   0.0%   0.0%   0.0%   0.0%   0.0%   0.0%   0.0% 	Avg.:  0.0% 
	  0.0%   0.0%   0.0%   0.0%   0.0%   0.0%   0.0%   0.0%   0.0%   0.0% 	Avg.:  0.0% 
	  0.0%   0.0%   0.0%   0.0%   0.0%   0.0%   0.0%   0.0%   0.0%   0.0% 	Avg.:  0.0% 
	  0.0%   0.0%   0.0%   0.0%   0.0%   0.0%   0.0%   0.0%   0.0%   0.0% 	Avg.:  0.0% 
	  0.0%   0.0%   0.0%   0.0%   0.0%   0.0%   0.0%   0.0%   0.0%   0.0% 	Avg.:  0.0% 
************************************************************************************************************
TAg Acc
	 97.0%   0.0%   0.0%   0.0%   0.0%   0.0%   0.0%   0.0%   0.0%   0.0% 	Avg.: 97.0% 
	 93.1%  84.7%   0.0%   0.0%   0.0%   0.0%   0.0%   0.0%   0.0%   0.0% 	Avg.: 88.9% 
	  0.0%   0.0%   0.0%   0.0%   0.0%   0.0%   0.0%   0.0%   0.0%   0.0% 	Avg.:  0.0% 
	  0.0%   0.0%   0.0%   0.0%   0.0%   0.0%   0.0%   0.0%   0.0%   0.0% 	Avg.:  0.0% 
	  0.0%   0.0%   0.0%   0.0%   0.0%   0.0%   0.0%   0.0%   0.0%   0.0% 	Avg.:  0.0% 
	  0.0%   0.0%   0.0%   0.0%   0.0%   0.0%   0.0%   0.0%   0.0%   0.0% 	Avg.:  0.0% 
	  0.0%   0.0%   0.0%   0.0%   0.0%   0.0%   0.0%   0.0%   0.0%   0.0% 	Avg.:  0.0% 
	  0.0%   0.0%   0.0%   0.0%   0.0%   0.0%   0.0%   0.0%   0.0%   0.0% 	Avg.:  0.0% 
	  0.0%   0.0%   0.0%   0.0%   0.0%   0.0%   0.0%   0.0%   0.0%   0.0% 	Avg.:  0.0% 
	  0.0%   0.0%   0.0%   0.0%   0.0%   0.0%   0.0%   0.0%   0.0%   0.0% 	Avg.:  0.0% 
************************************************************************************************************
TAw Forg
	  0.0%   0.0%   0.0%   0.0%   0.0%   0.0%   0.0%   0.0%   0.0%   0.0% 
	  2.1%   0.0%   0.0%   0.0%   0.0%   0.0%   0.0%   0.0%   0.0%   0.0% 	Avg.:  2.1% 
	  0.0%   0.0%   0.0%   0.0%   0.0%   0.0%   0.0%   0.0%   0.0%   0.0% 	Avg.:  0.0% 
	  0.0%   0.0%   0.0%   0.0%   0.0%   0.0%   0.0%   0.0%   0.0%   0.0% 	Avg.:  0.0% 
	  0.0%   0.0%   0.0%   0.0%   0.0%   0.0%   0.0%   0.0%   0.0%   0.0% 	Avg.:  0.0% 
	  0.0%   0.0%   0.0%   0.0%   0.0%   0.0%   0.0%   0.0%   0.0%   0.0% 	Avg.:  0.0% 
	  0.0%   0.0%   0.0%   0.0%   0.0%   0.0%   0.0%   0.0%   0.0%   0.0% 	Avg.:  0.0% 
	  0.0%   0.0%   0.0%   0.0%   0.0%   0.0%   0.0%   0.0%   0.0%   0.0% 	Avg.:  0.0% 
	  0.0%   0.0%   0.0%   0.0%   0.0%   0.0%   0.0%   0.0%   0.0%   0.0% 	Avg.:  0.0% 
	  0.0%   0.0%   0.0%   0.0%   0.0%   0.0%   0.0%   0.0%   0.0%   0.0% 	Avg.:  0.0% 
************************************************************************************************************
TAg Forg
	  0.0%   0.0%   0.0%   0.0%   0.0%   0.0%   0.0%   0.0%   0.0%   0.0% 
	  3.8%   0.0%   0.0%   0.0%   0.0%   0.0%   0.0%   0.0%   0.0%   0.0% 	Avg.:  3.8% 
	  0.0%   0.0%   0.0%   0.0%   0.0%   0.0%   0.0%   0.0%   0.0%   0.0% 	Avg.:  0.0% 
	  0.0%   0.0%   0.0%   0.0%   0.0%   0.0%   0.0%   0.0%   0.0%   0.0% 	Avg.:  0.0% 
	  0.0%   0.0%   0.0%   0.0%   0.0%   0.0%   0.0%   0.0%   0.0%   0.0% 	Avg.:  0.0% 
	  0.0%   0.0%   0.0%   0.0%   0.0%   0.0%   0.0%   0.0%   0.0%   0.0% 	Avg.:  0.0% 
	  0.0%   0.0%   0.0%   0.0%   0.0%   0.0%   0.0%   0.0%   0.0%   0.0% 	Avg.:  0.0% 
	  0.0%   0.0%   0.0%   0.0%   0.0%   0.0%   0.0%   0.0%   0.0%   0.0% 	Avg.:  0.0% 
	  0.0%   0.0%   0.0%   0.0%   0.0%   0.0%   0.0%   0.0%   0.0%   0.0% 	Avg.:  0.0% 
	  0.0%   0.0%   0.0%   0.0%   0.0%   0.0%   0.0%   0.0%   0.0%   0.0% 	Avg.:  0.0% 
************************************************************************************************************
[Elapsed time = 0.6 h]
Done!
