START_TASK=6 STOP_TASK=7
============================================================================================================
Arguments =
	approach: finetuning
	batch_size: 64
	classes_first_task: None
	clipping: 10000
	crop: 224
	data_path: ../data/food101
	dataset: food101
	eval_on_train: False
	experiment_path: None
	fix_bn: False
	freeze_backbone: False
	gpu: 0
	gpus: [0]
	increment: 10
	last_layer_analysis: False
	log: ['disk']
	lr: 0.01
	lr_factor: None
	lr_min: 0.0001
	lr_patience: None
	lr_scheduler: cosine
	lr_warmup_epochs: 0
	momentum: 0.0
	multi_softmax: False
	nepochs: 70
	network: resnetv2_101x1_bit.goog_in21k
	no_cudnn_deterministic: False
	normalize: in21k
	num_workers: 2
	optimizer_name: sgd
	pin_memory: False
	pretrained: True
	resize: 224
	results_path: ./results
	save_models: True
	seed: 0
	start_at_task: 6
	start_epoch: 0
	stop_at_task: 7
	stop_epoch: 0
	use_valid_only: False
	warmup_lr_factor: 1.0
	warmup_nepochs: 0
	weight_decay: 0.0
============================================================================================================
Approach arguments =
	all_outputs: False
============================================================================================================
Exemplars arguments =
============================================================================================================
WARNING: ./results/resnetv2_101x1_bit.goog_in21k/food101/finetuning/10 already exists!
Loaded acc_taw from: ./results/resnetv2_101x1_bit.goog_in21k/food101/finetuning/10/acc_taw-5.txt
Loaded acc_tag from: ./results/resnetv2_101x1_bit.goog_in21k/food101/finetuning/10/acc_tag-5.txt
Loaded forg_taw from: ./results/resnetv2_101x1_bit.goog_in21k/food101/finetuning/10/forg_taw-5.txt
Loaded forg_tag from: ./results/resnetv2_101x1_bit.goog_in21k/food101/finetuning/10/forg_tag-5.txt
************************************************************************************************************
Task  6  [epochs 0-70]
************************************************************************************************************
[params] total:42,635,910  trainable:42,635,910  tensors:318  trainable_tensors:318
| Epoch   1, time= 27.1s | Train: skip eval | Valid: time=  3.5s loss=0.267, TAw acc= 90.3% | * lr=1.0e-02
| Epoch   2, time= 25.4s | Train: skip eval | Valid: time=  2.5s loss=0.487, TAw acc= 84.9% | lr=1.0e-02
| Epoch   3, time= 27.5s | Train: skip eval | Valid: time=  2.6s loss=0.292, TAw acc= 90.7% | lr=1.0e-02
| Epoch   4, time= 29.4s | Train: skip eval | Valid: time=  3.1s loss=0.215, TAw acc= 92.9% | * lr=9.9e-03
| Epoch   5, time= 27.2s | Train: skip eval | Valid: time=  3.2s loss=0.713, TAw acc= 83.9% | lr=9.9e-03
| Epoch   6, time= 24.6s | Train: skip eval | Valid: time=  2.8s loss=0.219, TAw acc= 94.1% | lr=9.8e-03
| Epoch   7, time= 27.0s | Train: skip eval | Valid: time=  2.4s loss=0.271, TAw acc= 92.8% | lr=9.8e-03
| Epoch   8, time= 24.0s | Train: skip eval | Valid: time=  3.0s loss=0.254, TAw acc= 92.7% | lr=9.7e-03
| Epoch   9, time= 25.4s | Train: skip eval | Valid: time=  2.5s loss=0.193, TAw acc= 94.8% | * lr=9.6e-03
| Epoch  10, time= 24.7s | Train: skip eval | Valid: time=  2.8s loss=0.190, TAw acc= 94.5% | * lr=9.5e-03
| Epoch  11, time= 28.7s | Train: skip eval | Valid: time=  3.2s loss=0.166, TAw acc= 95.1% | * lr=9.4e-03
| Epoch  12, time= 26.6s | Train: skip eval | Valid: time=  2.5s loss=0.225, TAw acc= 93.6% | lr=9.3e-03
| Epoch  13, time= 23.2s | Train: skip eval | Valid: time=  2.6s loss=0.184, TAw acc= 94.8% | lr=9.2e-03
| Epoch  14, time= 24.9s | Train: skip eval | Valid: time=  3.2s loss=0.189, TAw acc= 94.1% | lr=9.1e-03
| Epoch  15, time= 25.7s | Train: skip eval | Valid: time=  2.4s loss=0.226, TAw acc= 94.3% | lr=8.9e-03
| Epoch  16, time= 24.6s | Train: skip eval | Valid: time=  2.7s loss=0.273, TAw acc= 93.3% | lr=8.8e-03
| Epoch  17, time= 26.2s | Train: skip eval | Valid: time=  2.4s loss=0.236, TAw acc= 94.4% | lr=8.6e-03
| Epoch  18, time= 28.1s | Train: skip eval | Valid: time=  2.6s loss=0.203, TAw acc= 94.4% | lr=8.5e-03
| Epoch  19, time= 25.3s | Train: skip eval | Valid: time=  2.6s loss=0.215, TAw acc= 93.9% | lr=8.3e-03
| Epoch  20, time= 23.9s | Train: skip eval | Valid: time=  3.0s loss=0.178, TAw acc= 94.7% | lr=8.1e-03
| Epoch  21, time= 24.4s | Train: skip eval | Valid: time=  2.5s loss=0.206, TAw acc= 94.3% | lr=8.0e-03
| Epoch  22, time= 23.3s | Train: skip eval | Valid: time=  2.7s loss=0.211, TAw acc= 94.9% | lr=7.8e-03
| Epoch  23, time= 23.5s | Train: skip eval | Valid: time=  2.4s loss=0.284, TAw acc= 93.1% | lr=7.6e-03
| Epoch  24, time= 28.7s | Train: skip eval | Valid: time=  2.4s loss=0.194, TAw acc= 94.8% | lr=7.4e-03
| Epoch  25, time= 24.7s | Train: skip eval | Valid: time=  2.6s loss=0.200, TAw acc= 95.1% | lr=7.2e-03
| Epoch  26, time= 24.7s | Train: skip eval | Valid: time=  2.5s loss=0.209, TAw acc= 95.5% | lr=7.0e-03
| Epoch  27, time= 23.9s | Train: skip eval | Valid: time=  2.4s loss=0.191, TAw acc= 95.5% | lr=6.8e-03
| Epoch  28, time= 24.1s | Train: skip eval | Valid: time=  2.4s loss=0.219, TAw acc= 94.8% | lr=6.6e-03
| Epoch  29, time= 25.7s | Train: skip eval | Valid: time=  2.6s loss=0.211, TAw acc= 94.4% | lr=6.4e-03
| Epoch  30, time= 26.5s | Train: skip eval | Valid: time=  2.4s loss=0.200, TAw acc= 94.5% | lr=6.2e-03
| Epoch  31, time= 23.8s | Train: skip eval | Valid: time=  3.2s loss=0.212, TAw acc= 94.1% | lr=5.9e-03
| Epoch  32, time= 26.2s | Train: skip eval | Valid: time=  2.8s loss=0.225, TAw acc= 94.5% | lr=5.7e-03
| Epoch  33, time= 24.4s | Train: skip eval | Valid: time=  2.4s loss=0.206, TAw acc= 94.8% | lr=5.5e-03
| Epoch  34, time= 26.6s | Train: skip eval | Valid: time=  2.4s loss=0.198, TAw acc= 94.7% | lr=5.3e-03
| Epoch  35, time= 26.4s | Train: skip eval | Valid: time=  2.4s loss=0.205, TAw acc= 95.3% | lr=5.1e-03
| Epoch  36, time= 24.4s | Train: skip eval | Valid: time=  2.7s loss=0.201, TAw acc= 95.5% | lr=4.8e-03
| Epoch  37, time= 25.8s | Train: skip eval | Valid: time=  2.4s loss=0.196, TAw acc= 95.2% | lr=4.6e-03
| Epoch  38, time= 25.3s | Train: skip eval | Valid: time=  3.1s loss=0.202, TAw acc= 94.9% | lr=4.4e-03
| Epoch  39, time= 26.8s | Train: skip eval | Valid: time=  2.6s loss=0.192, TAw acc= 95.3% | lr=4.2e-03
| Epoch  40, time= 25.6s | Train: skip eval | Valid: time=  2.6s loss=0.204, TAw acc= 95.6% | lr=3.9e-03
| Epoch  41, time= 23.7s | Train: skip eval | Valid: time=  2.4s loss=0.195, TAw acc= 95.7% | lr=3.7e-03
| Epoch  42, time= 24.6s | Train: skip eval | Valid: time=  2.4s loss=0.203, TAw acc= 94.9% | lr=3.5e-03
| Epoch  43, time= 25.6s | Train: skip eval | Valid: time=  2.5s loss=0.193, TAw acc= 95.3% | lr=3.3e-03
| Epoch  44, time= 24.5s | Train: skip eval | Valid: time=  2.4s loss=0.178, TAw acc= 95.7% | lr=3.1e-03
| Epoch  45, time= 26.9s | Train: skip eval | Valid: time=  2.7s loss=0.174, TAw acc= 95.3% | lr=2.9e-03
| Epoch  46, time= 26.2s | Train: skip eval | Valid: time=  2.9s loss=0.178, TAw acc= 95.5% | lr=2.7e-03
| Epoch  47, time= 25.9s | Train: skip eval | Valid: time=  2.5s loss=0.175, TAw acc= 95.7% | lr=2.5e-03
| Epoch  48, time= 26.1s | Train: skip eval | Valid: time=  2.4s loss=0.172, TAw acc= 95.5% | lr=2.3e-03
| Epoch  49, time= 24.6s | Train: skip eval | Valid: time=  2.4s loss=0.191, TAw acc= 95.5% | lr=2.1e-03
| Epoch  50, time= 28.7s | Train: skip eval | Valid: time=  2.6s loss=0.194, TAw acc= 95.3% | lr=2.0e-03
| Epoch  51, time= 24.7s | Train: skip eval | Valid: time=  2.9s loss=0.200, TAw acc= 95.6% | lr=1.8e-03
| Epoch  52, time= 23.7s | Train: skip eval | Valid: time=  2.4s loss=0.194, TAw acc= 95.2% | lr=1.6e-03
| Epoch  53, time= 29.4s | Train: skip eval | Valid: time=  2.6s loss=0.191, TAw acc= 95.3% | lr=1.5e-03
| Epoch  54, time= 25.3s | Train: skip eval | Valid: time=  2.8s loss=0.183, TAw acc= 95.5% | lr=1.3e-03
| Epoch  55, time= 25.5s | Train: skip eval | Valid: time=  2.4s loss=0.191, TAw acc= 95.5% | lr=1.2e-03
| Epoch  56, time= 26.7s | Train: skip eval | Valid: time=  2.5s loss=0.183, TAw acc= 95.7% | lr=1.0e-03
| Epoch  57, time= 24.0s | Train: skip eval | Valid: time=  2.4s loss=0.184, TAw acc= 95.6% | lr=9.2e-04
| Epoch  58, time= 24.8s | Train: skip eval | Valid: time=  2.4s loss=0.187, TAw acc= 95.3% | lr=8.0e-04
| Epoch  59, time= 25.6s | Train: skip eval | Valid: time=  2.4s loss=0.187, TAw acc= 95.6% | lr=6.9e-04
| Epoch  60, time= 24.1s | Train: skip eval | Valid: time=  3.2s loss=0.187, TAw acc= 95.6% | lr=5.9e-04
| Epoch  61, time= 29.5s | Train: skip eval | Valid: time=  2.4s loss=0.185, TAw acc= 95.5% | lr=5.0e-04
| Epoch  62, time= 24.6s | Train: skip eval | Valid: time=  2.5s loss=0.188, TAw acc= 95.5% | lr=4.2e-04
| Epoch  63, time= 24.4s | Train: skip eval | Valid: time=  2.4s loss=0.191, TAw acc= 95.2% | lr=3.4e-04
| Epoch  64, time= 28.1s | Train: skip eval | Valid: time=  2.6s loss=0.188, TAw acc= 95.5% | lr=2.8e-04
| Epoch  65, time= 23.4s | Train: skip eval | Valid: time=  2.4s loss=0.188, TAw acc= 95.3% | lr=2.2e-04
| Epoch  66, time= 23.5s | Train: skip eval | Valid: time=  2.4s loss=0.188, TAw acc= 95.5% | lr=1.8e-04
| Epoch  67, time= 25.2s | Train: skip eval | Valid: time=  2.4s loss=0.188, TAw acc= 95.5% | lr=1.4e-04
| Epoch  68, time= 25.9s | Train: skip eval | Valid: time=  2.6s loss=0.190, TAw acc= 95.5% | lr=1.2e-04
| Epoch  69, time= 26.0s | Train: skip eval | Valid: time=  2.7s loss=0.190, TAw acc= 95.3% | lr=1.0e-04
| Epoch  70, time= 23.6s | Train: skip eval | Valid: time=  3.4s loss=0.189, TAw acc= 95.3% | lr=1.0e-04
------------------------------------------------------------------------------------------------------------
>>> Test on task  0 : loss=0.738 | TAw acc= 79.1%, forg= 17.9% | TAg acc= 63.8%, forg= 33.2% <<<
>>> Test on task  1 : loss=0.271 | TAw acc= 91.7%, forg=  6.2% | TAg acc= 23.1%, forg= 61.6% <<<
>>> Test on task  2 : loss=0.268 | TAw acc= 91.4%, forg=  5.2% | TAg acc= 56.4%, forg= 38.9% <<<
>>> Test on task  3 : loss=0.127 | TAw acc= 95.8%, forg=  2.5% | TAg acc= 74.6%, forg= 21.6% <<<
>>> Test on task  4 : loss=0.199 | TAw acc= 94.0%, forg=  3.4% | TAg acc= 74.4%, forg= 18.7% <<<
>>> Test on task  5 : loss=0.143 | TAw acc= 95.6%, forg=  1.4% | TAg acc= 70.6%, forg= 15.1% <<<
>>> Test on task  6 : loss=0.114 | TAw acc= 96.4%, forg=  0.0% | TAg acc= 84.0%, forg=  0.0% <<<
Save at ./results/./results/resnetv2_101x1_bit.goog_in21k/food101/finetuning/10
************************************************************************************************************
TAw Acc
	 97.0%   0.0%   0.0%   0.0%   0.0%   0.0%   0.0%   0.0%   0.0%   0.0% 	Avg.: 97.0% 
	 94.8%  97.9%   0.0%   0.0%   0.0%   0.0%   0.0%   0.0%   0.0%   0.0% 	Avg.: 96.4% 
	 93.2%  95.5%  96.6%   0.0%   0.0%   0.0%   0.0%   0.0%   0.0%   0.0% 	Avg.: 95.1% 
	 85.8%  94.7%  95.0%  98.3%   0.0%   0.0%   0.0%   0.0%   0.0%   0.0% 	Avg.: 93.5% 
	 83.0%  94.0%  92.2%  95.9%  97.3%   0.0%   0.0%   0.0%   0.0%   0.0% 	Avg.: 92.5% 
	 81.0%  93.0%  91.0%  95.4%  95.2%  97.0%   0.0%   0.0%   0.0%   0.0% 	Avg.: 92.1% 
	 79.1%  91.7%  91.4%  95.8%  94.0%  95.6%  96.4%   0.0%   0.0%   0.0% 	Avg.: 92.0% 
	  0.0%   0.0%   0.0%   0.0%   0.0%   0.0%   0.0%   0.0%   0.0%   0.0% 	Avg.:  0.0% 
	  0.0%   0.0%   0.0%   0.0%   0.0%   0.0%   0.0%   0.0%   0.0%   0.0% 	Avg.:  0.0% 
	  0.0%   0.0%   0.0%   0.0%   0.0%   0.0%   0.0%   0.0%   0.0%   0.0% 	Avg.:  0.0% 
************************************************************************************************************
TAg Acc
	 97.0%   0.0%   0.0%   0.0%   0.0%   0.0%   0.0%   0.0%   0.0%   0.0% 	Avg.: 97.0% 
	 93.1%  84.7%   0.0%   0.0%   0.0%   0.0%   0.0%   0.0%   0.0%   0.0% 	Avg.: 88.9% 
	 87.8%  63.4%  95.3%   0.0%   0.0%   0.0%   0.0%   0.0%   0.0%   0.0% 	Avg.: 82.1% 
	 76.8%  44.5%  84.5%  96.2%   0.0%   0.0%   0.0%   0.0%   0.0%   0.0% 	Avg.: 75.5% 
	 63.8%  32.2%  63.3%  79.4%  93.1%   0.0%   0.0%   0.0%   0.0%   0.0% 	Avg.: 66.4% 
	 60.4%  29.6%  56.3%  76.8%  85.9%  85.7%   0.0%   0.0%   0.0%   0.0% 	Avg.: 65.8% 
	 63.8%  23.1%  56.4%  74.6%  74.4%  70.6%  84.0%   0.0%   0.0%   0.0% 	Avg.: 63.8% 
	  0.0%   0.0%   0.0%   0.0%   0.0%   0.0%   0.0%   0.0%   0.0%   0.0% 	Avg.:  0.0% 
	  0.0%   0.0%   0.0%   0.0%   0.0%   0.0%   0.0%   0.0%   0.0%   0.0% 	Avg.:  0.0% 
	  0.0%   0.0%   0.0%   0.0%   0.0%   0.0%   0.0%   0.0%   0.0%   0.0% 	Avg.:  0.0% 
************************************************************************************************************
TAw Forg
	  0.0%   0.0%   0.0%   0.0%   0.0%   0.0%   0.0%   0.0%   0.0%   0.0% 
	  2.1%   0.0%   0.0%   0.0%   0.0%   0.0%   0.0%   0.0%   0.0%   0.0% 	Avg.:  2.1% 
	  3.7%   2.4%   0.0%   0.0%   0.0%   0.0%   0.0%   0.0%   0.0%   0.0% 	Avg.:  3.1% 
	 11.2%   3.2%   1.5%   0.0%   0.0%   0.0%   0.0%   0.0%   0.0%   0.0% 	Avg.:  5.3% 
	 14.0%   3.9%   4.4%   2.4%   0.0%   0.0%   0.0%   0.0%   0.0%   0.0% 	Avg.:  6.2% 
	 16.0%   4.9%   5.5%   2.9%   2.1%   0.0%   0.0%   0.0%   0.0%   0.0% 	Avg.:  6.3% 
	 17.9%   6.2%   5.2%   2.5%   3.4%   1.4%   0.0%   0.0%   0.0%   0.0% 	Avg.:  6.1% 
	  0.0%   0.0%   0.0%   0.0%   0.0%   0.0%   0.0%   0.0%   0.0%   0.0% 	Avg.:  0.0% 
	  0.0%   0.0%   0.0%   0.0%   0.0%   0.0%   0.0%   0.0%   0.0%   0.0% 	Avg.:  0.0% 
	  0.0%   0.0%   0.0%   0.0%   0.0%   0.0%   0.0%   0.0%   0.0%   0.0% 	Avg.:  0.0% 
************************************************************************************************************
TAg Forg
	  0.0%   0.0%   0.0%   0.0%   0.0%   0.0%   0.0%   0.0%   0.0%   0.0% 
	  3.8%   0.0%   0.0%   0.0%   0.0%   0.0%   0.0%   0.0%   0.0%   0.0% 	Avg.:  3.8% 
	  9.2%  21.3%   0.0%   0.0%   0.0%   0.0%   0.0%   0.0%   0.0%   0.0% 	Avg.: 15.3% 
	 20.2%  40.2%  10.8%   0.0%   0.0%   0.0%   0.0%   0.0%   0.0%   0.0% 	Avg.: 23.7% 
	 33.2%  52.5%  32.0%  16.8%   0.0%   0.0%   0.0%   0.0%   0.0%   0.0% 	Avg.: 33.6% 
	 36.6%  55.1%  39.0%  19.4%   7.2%   0.0%   0.0%   0.0%   0.0%   0.0% 	Avg.: 31.5% 
	 33.2%  61.6%  38.9%  21.6%  18.7%  15.1%   0.0%   0.0%   0.0%   0.0% 	Avg.: 31.5% 
	  0.0%   0.0%   0.0%   0.0%   0.0%   0.0%   0.0%   0.0%   0.0%   0.0% 	Avg.:  0.0% 
	  0.0%   0.0%   0.0%   0.0%   0.0%   0.0%   0.0%   0.0%   0.0%   0.0% 	Avg.:  0.0% 
	  0.0%   0.0%   0.0%   0.0%   0.0%   0.0%   0.0%   0.0%   0.0%   0.0% 	Avg.:  0.0% 
************************************************************************************************************
[Elapsed time = 0.6 h]
Done!
