START_TASK=7 STOP_TASK=8
============================================================================================================
Arguments =
	all_outputs: False
	approach: simplecil
	batch_size: 64
	classes_first_task: None
	clipping: None
	crop: 224
	dataset: cifar100
	eval_on_train: False
	experiment_path: None
	fix_bn: False
	freeze_backbone: False
	gpu: 0
	gpus: [0]
	increment: 10
	last_layer_analysis: True
	log: ['disk']
	lr: None
	lr_factor: None
	lr_min: None
	lr_patience: None
	lr_scheduler: None
	lr_warmup_epochs: 0
	momentum: 0.0
	multi_softmax: False
	nepochs: 1
	network: vit_base_patch16_224.orig_in21k
	no_cudnn_deterministic: False
	normalize: in21k
	num_workers: 2
	optimizer_name: sgd
	pin_memory: False
	pretrained: True
	resize: 224
	results_path: ./results
	save_models: True
	seed: 0
	start_at_task: 7
	start_epoch: 0
	stop_at_task: 8
	stop_epoch: 0
	use_valid_only: False
	warmup_lr_factor: 1.0
	warmup_nepochs: 0
	weight_decay: 0.0
============================================================================================================
Approach arguments =
============================================================================================================
Exemplars arguments =
============================================================================================================
WARNING: ./results/vit_base_patch16_224.orig_in21k/cifar100/simplecil/10 already exists!
Loaded acc_taw from: ./results/vit_base_patch16_224.orig_in21k/cifar100/simplecil/10/acc_taw-6.txt
Loaded acc_tag from: ./results/vit_base_patch16_224.orig_in21k/cifar100/simplecil/10/acc_tag-6.txt
Loaded forg_taw from: ./results/vit_base_patch16_224.orig_in21k/cifar100/simplecil/10/forg_taw-6.txt
Loaded forg_tag from: ./results/vit_base_patch16_224.orig_in21k/cifar100/simplecil/10/forg_tag-6.txt
Loaded 70 prototypes from ./results/vit_base_patch16_224.orig_in21k/cifar100/simplecil/10/task6_prototypes.pth
************************************************************************************************************
Task  7  [epochs 0-1]
************************************************************************************************************

[Task 7] Computing prototypes ...
   -> Stored 10 prototypes. Total seen classes: 80
------------------------------------------------------------------------------------------------------------
>>> Test on task  0 : loss=0.000 | TAw acc= 94.2%, forg=  0.0% | TAg acc= 84.0%, forg= 10.2% <<<
>>> Test on task  1 : loss=0.000 | TAw acc= 97.3%, forg=  0.0% | TAg acc= 88.0%, forg=  6.1% <<<
>>> Test on task  2 : loss=0.000 | TAw acc= 95.7%, forg=  0.0% | TAg acc= 84.8%, forg=  5.7% <<<
>>> Test on task  3 : loss=0.000 | TAw acc= 91.3%, forg=  0.0% | TAg acc= 81.9%, forg=  3.7% <<<
>>> Test on task  4 : loss=0.000 | TAw acc= 96.2%, forg=  0.0% | TAg acc= 87.4%, forg=  3.4% <<<
>>> Test on task  5 : loss=0.000 | TAw acc= 91.0%, forg=  0.0% | TAg acc= 80.6%, forg=  3.6% <<<
>>> Test on task  6 : loss=0.000 | TAw acc= 94.7%, forg=  0.0% | TAg acc= 84.5%, forg=  0.7% <<<
>>> Test on task  7 : loss=0.000 | TAw acc= 97.8%, forg=  0.0% | TAg acc= 86.5%, forg=  0.0% <<<
Save at ./results/./results/vit_base_patch16_224.orig_in21k/cifar100/simplecil/10
************************************************************************************************************
TAw Acc
	 94.2%   0.0%   0.0%   0.0%   0.0%   0.0%   0.0%   0.0%   0.0%   0.0% 	Avg.: 94.2% 
	 94.2%  97.3%   0.0%   0.0%   0.0%   0.0%   0.0%   0.0%   0.0%   0.0% 	Avg.: 95.8% 
	 94.2%  97.3%  95.7%   0.0%   0.0%   0.0%   0.0%   0.0%   0.0%   0.0% 	Avg.: 95.7% 
	 94.2%  97.3%  95.7%  91.3%   0.0%   0.0%   0.0%   0.0%   0.0%   0.0% 	Avg.: 94.6% 
	 94.2%  97.3%  95.7%  91.3%  96.2%   0.0%   0.0%   0.0%   0.0%   0.0% 	Avg.: 94.9% 
	 94.2%  97.3%  95.7%  91.3%  96.2%  91.0%   0.0%   0.0%   0.0%   0.0% 	Avg.: 94.3% 
	 94.2%  97.3%  95.7%  91.3%  96.2%  91.0%  94.7%   0.0%   0.0%   0.0% 	Avg.: 94.3% 
	 94.2%  97.3%  95.7%  91.3%  96.2%  91.0%  94.7%  97.8%   0.0%   0.0% 	Avg.: 94.8% 
	  0.0%   0.0%   0.0%   0.0%   0.0%   0.0%   0.0%   0.0%   0.0%   0.0% 	Avg.:  0.0% 
	  0.0%   0.0%   0.0%   0.0%   0.0%   0.0%   0.0%   0.0%   0.0%   0.0% 	Avg.:  0.0% 
************************************************************************************************************
TAg Acc
	 94.2%   0.0%   0.0%   0.0%   0.0%   0.0%   0.0%   0.0%   0.0%   0.0% 	Avg.: 94.2% 
	 91.6%  94.1%   0.0%   0.0%   0.0%   0.0%   0.0%   0.0%   0.0%   0.0% 	Avg.: 92.8% 
	 89.8%  91.6%  90.5%   0.0%   0.0%   0.0%   0.0%   0.0%   0.0%   0.0% 	Avg.: 90.6% 
	 88.9%  90.8%  89.7%  85.6%   0.0%   0.0%   0.0%   0.0%   0.0%   0.0% 	Avg.: 88.8% 
	 87.8%  90.4%  88.1%  85.2%  90.8%   0.0%   0.0%   0.0%   0.0%   0.0% 	Avg.: 88.5% 
	 85.9%  89.2%  86.4%  82.8%  90.1%  84.2%   0.0%   0.0%   0.0%   0.0% 	Avg.: 86.4% 
	 85.7%  88.5%  86.1%  82.4%  88.2%  83.5%  85.2%   0.0%   0.0%   0.0% 	Avg.: 85.7% 
	 84.0%  88.0%  84.8%  81.9%  87.4%  80.6%  84.5%  86.5%   0.0%   0.0% 	Avg.: 84.7% 
	  0.0%   0.0%   0.0%   0.0%   0.0%   0.0%   0.0%   0.0%   0.0%   0.0% 	Avg.:  0.0% 
	  0.0%   0.0%   0.0%   0.0%   0.0%   0.0%   0.0%   0.0%   0.0%   0.0% 	Avg.:  0.0% 
************************************************************************************************************
TAw Forg
	  0.0%   0.0%   0.0%   0.0%   0.0%   0.0%   0.0%   0.0%   0.0%   0.0% 
	  0.0%   0.0%   0.0%   0.0%   0.0%   0.0%   0.0%   0.0%   0.0%   0.0% 	Avg.:  0.0% 
	  0.0%   0.0%   0.0%   0.0%   0.0%   0.0%   0.0%   0.0%   0.0%   0.0% 	Avg.:  0.0% 
	  0.0%   0.0%   0.0%   0.0%   0.0%   0.0%   0.0%   0.0%   0.0%   0.0% 	Avg.:  0.0% 
	  0.0%   0.0%   0.0%   0.0%   0.0%   0.0%   0.0%   0.0%   0.0%   0.0% 	Avg.:  0.0% 
	  0.0%   0.0%   0.0%   0.0%   0.0%   0.0%   0.0%   0.0%   0.0%   0.0% 	Avg.:  0.0% 
	  0.0%   0.0%   0.0%   0.0%   0.0%   0.0%   0.0%   0.0%   0.0%   0.0% 	Avg.:  0.0% 
	  0.0%   0.0%   0.0%   0.0%   0.0%   0.0%   0.0%   0.0%   0.0%   0.0% 	Avg.:  0.0% 
	  0.0%   0.0%   0.0%   0.0%   0.0%   0.0%   0.0%   0.0%   0.0%   0.0% 	Avg.:  0.0% 
	  0.0%   0.0%   0.0%   0.0%   0.0%   0.0%   0.0%   0.0%   0.0%   0.0% 	Avg.:  0.0% 
************************************************************************************************************
TAg Forg
	  0.0%   0.0%   0.0%   0.0%   0.0%   0.0%   0.0%   0.0%   0.0%   0.0% 
	  2.6%   0.0%   0.0%   0.0%   0.0%   0.0%   0.0%   0.0%   0.0%   0.0% 	Avg.:  2.6% 
	  4.4%   2.5%   0.0%   0.0%   0.0%   0.0%   0.0%   0.0%   0.0%   0.0% 	Avg.:  3.4% 
	  5.3%   3.3%   0.8%   0.0%   0.0%   0.0%   0.0%   0.0%   0.0%   0.0% 	Avg.:  3.1% 
	  6.4%   3.7%   2.4%   0.4%   0.0%   0.0%   0.0%   0.0%   0.0%   0.0% 	Avg.:  3.2% 
	  8.3%   4.9%   4.1%   2.8%   0.7%   0.0%   0.0%   0.0%   0.0%   0.0% 	Avg.:  4.2% 
	  8.5%   5.6%   4.4%   3.2%   2.6%   0.7%   0.0%   0.0%   0.0%   0.0% 	Avg.:  4.2% 
	 10.2%   6.1%   5.7%   3.7%   3.4%   3.6%   0.7%   0.0%   0.0%   0.0% 	Avg.:  4.8% 
	  0.0%   0.0%   0.0%   0.0%   0.0%   0.0%   0.0%   0.0%   0.0%   0.0% 	Avg.:  0.0% 
	  0.0%   0.0%   0.0%   0.0%   0.0%   0.0%   0.0%   0.0%   0.0%   0.0% 	Avg.:  0.0% 
************************************************************************************************************
[Elapsed time = 0.0 h]
Done!
