START_TASK=8 STOP_TASK=9
============================================================================================================
Arguments =
	approach: lwf
	batch_size: 64
	classes_first_task: None
	clipping: 10000
	crop: 224
	dataset: cifar100
	eval_on_train: False
	experiment_path: None
	fix_bn: False
	freeze_backbone: False
	gpu: 0
	gpus: [0]
	increment: 10
	last_layer_analysis: True
	log: ['disk']
	lr: 0.01
	lr_factor: None
	lr_min: 0.0001
	lr_patience: None
	lr_scheduler: cosine
	lr_warmup_epochs: 0
	momentum: 0.0
	multi_softmax: False
	nepochs: 50
	network: vit_base_patch16_224.orig_in21k
	no_cudnn_deterministic: False
	normalize: in21k
	num_workers: 2
	optimizer_name: sgd
	pin_memory: False
	pretrained: True
	resize: 224
	results_path: ./results
	save_models: True
	seed: 0
	start_at_task: 8
	start_epoch: 0
	stop_at_task: 9
	stop_epoch: 0
	use_valid_only: False
	warmup_lr_factor: 1.0
	warmup_nepochs: 0
	weight_decay: 0.0
============================================================================================================
Approach arguments =
	T: 2
	lamb: 1.0
============================================================================================================
Exemplars arguments =
============================================================================================================
WARNING: ./results/vit_base_patch16_224.orig_in21k/cifar100/lwf/10 already exists!
Loaded acc_taw from: ./results/vit_base_patch16_224.orig_in21k/cifar100/lwf/10/acc_taw-7.txt
Loaded acc_tag from: ./results/vit_base_patch16_224.orig_in21k/cifar100/lwf/10/acc_tag-7.txt
Loaded forg_taw from: ./results/vit_base_patch16_224.orig_in21k/cifar100/lwf/10/forg_taw-7.txt
Loaded forg_tag from: ./results/vit_base_patch16_224.orig_in21k/cifar100/lwf/10/forg_tag-7.txt
************************************************************************************************************
Task  8  [epochs 0-50]
************************************************************************************************************
[params] total:85,867,866  trainable:85,867,866  tensors:168  trainable_tensors:168
| Epoch   1, time= 44.2s | Train: skip eval | Valid: time=  2.8s loss=4.119, TAw acc= 96.0% | * lr=1.0e-02
| Epoch   2, time= 43.8s | Train: skip eval | Valid: time=  2.8s loss=3.855, TAw acc= 97.6% | * lr=1.0e-02
| Epoch   3, time= 44.0s | Train: skip eval | Valid: time=  2.8s loss=3.770, TAw acc= 98.4% | * lr=9.9e-03
| Epoch   4, time= 43.9s | Train: skip eval | Valid: time=  2.8s loss=3.734, TAw acc= 98.2% | * lr=9.8e-03
| Epoch   5, time= 44.0s | Train: skip eval | Valid: time=  2.8s loss=3.709, TAw acc= 98.2% | * lr=9.8e-03
| Epoch   6, time= 44.0s | Train: skip eval | Valid: time=  2.8s loss=3.694, TAw acc= 98.4% | * lr=9.7e-03
| Epoch   7, time= 44.1s | Train: skip eval | Valid: time=  2.8s loss=3.684, TAw acc= 98.4% | * lr=9.5e-03
| Epoch   8, time= 44.2s | Train: skip eval | Valid: time=  2.8s loss=3.675, TAw acc= 98.8% | * lr=9.4e-03
| Epoch   9, time= 44.3s | Train: skip eval | Valid: time=  2.8s loss=3.669, TAw acc= 98.6% | * lr=9.2e-03
| Epoch  10, time= 44.4s | Train: skip eval | Valid: time=  2.8s loss=3.660, TAw acc= 98.8% | * lr=9.1e-03
| Epoch  11, time= 44.5s | Train: skip eval | Valid: time=  2.8s loss=3.658, TAw acc= 98.8% | * lr=8.9e-03
| Epoch  12, time= 44.6s | Train: skip eval | Valid: time=  2.8s loss=3.657, TAw acc= 98.6% | * lr=8.7e-03
| Epoch  13, time= 45.0s | Train: skip eval | Valid: time=  3.3s loss=3.655, TAw acc= 98.8% | * lr=8.4e-03
| Epoch  14, time= 45.0s | Train: skip eval | Valid: time=  2.8s loss=3.654, TAw acc= 98.8% | * lr=8.2e-03
| Epoch  15, time= 44.4s | Train: skip eval | Valid: time=  2.9s loss=3.651, TAw acc= 98.0% | * lr=8.0e-03
| Epoch  16, time= 44.5s | Train: skip eval | Valid: time=  2.8s loss=3.648, TAw acc= 98.4% | * lr=7.7e-03
| Epoch  17, time= 44.5s | Train: skip eval | Valid: time=  2.8s loss=3.647, TAw acc= 98.6% | * lr=7.4e-03
| Epoch  18, time= 44.6s | Train: skip eval | Valid: time=  2.8s loss=3.644, TAw acc= 98.6% | * lr=7.2e-03
| Epoch  19, time= 44.7s | Train: skip eval | Valid: time=  2.8s loss=3.644, TAw acc= 98.6% | * lr=6.9e-03
| Epoch  20, time= 45.5s | Train: skip eval | Valid: time=  2.8s loss=3.644, TAw acc= 98.8% | * lr=6.6e-03
| Epoch  21, time= 44.6s | Train: skip eval | Valid: time=  2.9s loss=3.642, TAw acc= 98.6% | * lr=6.3e-03
| Epoch  22, time= 44.7s | Train: skip eval | Valid: time=  2.8s loss=3.638, TAw acc= 98.6% | * lr=6.0e-03
| Epoch  23, time= 44.7s | Train: skip eval | Valid: time=  2.8s loss=3.640, TAw acc= 98.2% | lr=5.7e-03
| Epoch  24, time= 44.7s | Train: skip eval | Valid: time=  2.8s loss=3.640, TAw acc= 98.6% | lr=5.4e-03
| Epoch  25, time= 44.5s | Train: skip eval | Valid: time=  2.8s loss=3.637, TAw acc= 98.6% | * lr=5.1e-03
| Epoch  26, time= 44.4s | Train: skip eval | Valid: time=  2.8s loss=3.635, TAw acc= 98.8% | * lr=4.7e-03
| Epoch  27, time= 44.1s | Train: skip eval | Valid: time=  2.8s loss=3.636, TAw acc= 98.6% | lr=4.4e-03
| Epoch  28, time= 44.2s | Train: skip eval | Valid: time=  2.8s loss=3.634, TAw acc= 98.6% | * lr=4.1e-03
| Epoch  29, time= 44.4s | Train: skip eval | Valid: time=  2.8s loss=3.633, TAw acc= 98.4% | * lr=3.8e-03
| Epoch  30, time= 44.6s | Train: skip eval | Valid: time=  2.8s loss=3.634, TAw acc= 98.6% | lr=3.5e-03
| Epoch  31, time= 44.4s | Train: skip eval | Valid: time=  2.9s loss=3.632, TAw acc= 98.8% | * lr=3.2e-03
| Epoch  32, time= 44.5s | Train: skip eval | Valid: time=  2.8s loss=3.632, TAw acc= 98.8% | * lr=2.9e-03
| Epoch  33, time= 44.6s | Train: skip eval | Valid: time=  2.9s loss=3.631, TAw acc= 98.8% | * lr=2.7e-03
| Epoch  34, time= 44.7s | Train: skip eval | Valid: time=  2.8s loss=3.632, TAw acc= 98.8% | lr=2.4e-03
| Epoch  35, time= 44.8s | Train: skip eval | Valid: time=  2.8s loss=3.631, TAw acc= 98.6% | * lr=2.1e-03
| Epoch  36, time= 44.7s | Train: skip eval | Valid: time=  2.9s loss=3.630, TAw acc= 98.6% | * lr=1.9e-03
| Epoch  37, time= 44.7s | Train: skip eval | Valid: time=  2.8s loss=3.630, TAw acc= 98.8% | * lr=1.7e-03
| Epoch  38, time= 44.7s | Train: skip eval | Valid: time=  2.8s loss=3.630, TAw acc= 98.6% | lr=1.4e-03
| Epoch  39, time= 44.5s | Train: skip eval | Valid: time=  2.8s loss=3.630, TAw acc= 98.6% | * lr=1.2e-03
| Epoch  40, time= 44.3s | Train: skip eval | Valid: time=  2.9s loss=3.630, TAw acc= 98.6% | lr=1.0e-03
| Epoch  41, time= 44.6s | Train: skip eval | Valid: time=  2.8s loss=3.629, TAw acc= 98.6% | * lr=8.7e-04
| Epoch  42, time= 44.5s | Train: skip eval | Valid: time=  2.8s loss=3.629, TAw acc= 98.6% | * lr=7.1e-04
| Epoch  43, time= 44.6s | Train: skip eval | Valid: time=  2.8s loss=3.629, TAw acc= 98.6% | * lr=5.7e-04
| Epoch  44, time= 44.6s | Train: skip eval | Valid: time=  2.8s loss=3.629, TAw acc= 98.6% | * lr=4.5e-04
| Epoch  45, time= 44.6s | Train: skip eval | Valid: time=  2.9s loss=3.629, TAw acc= 98.6% | * lr=3.4e-04
| Epoch  46, time= 44.7s | Train: skip eval | Valid: time=  2.8s loss=3.629, TAw acc= 98.6% | lr=2.6e-04
| Epoch  47, time= 44.7s | Train: skip eval | Valid: time=  2.9s loss=3.629, TAw acc= 98.6% | lr=1.9e-04
| Epoch  48, time= 44.8s | Train: skip eval | Valid: time=  2.8s loss=3.629, TAw acc= 98.6% | lr=1.4e-04
| Epoch  49, time= 44.6s | Train: skip eval | Valid: time=  2.8s loss=3.629, TAw acc= 98.6% | lr=1.1e-04
| Epoch  50, time= 44.7s | Train: skip eval | Valid: time=  2.8s loss=3.629, TAw acc= 98.6% | lr=1.0e-04
------------------------------------------------------------------------------------------------------------
>>> Test on task  0 : loss=0.155 | TAw acc= 94.8%, forg=  3.6% | TAg acc= 72.3%, forg= 26.1% <<<
>>> Test on task  1 : loss=1.767 | TAw acc= 96.9%, forg=  1.9% | TAg acc= 75.2%, forg= 21.3% <<<
>>> Test on task  2 : loss=2.158 | TAw acc= 93.7%, forg=  4.6% | TAg acc= 78.8%, forg= 15.0% <<<
>>> Test on task  3 : loss=2.835 | TAw acc= 92.8%, forg=  4.2% | TAg acc= 65.7%, forg= 22.3% <<<
>>> Test on task  4 : loss=3.087 | TAw acc= 97.3%, forg=  1.0% | TAg acc= 66.6%, forg= 20.9% <<<
>>> Test on task  5 : loss=3.197 | TAw acc= 93.7%, forg=  1.5% | TAg acc= 47.4%, forg= 24.2% <<<
>>> Test on task  6 : loss=3.507 | TAw acc= 98.2%, forg=  0.7% | TAg acc= 74.2%, forg=  6.6% <<<
>>> Test on task  7 : loss=3.639 | TAw acc= 98.3%, forg= -0.1% | TAg acc= 77.1%, forg=  6.5% <<<
>>> Test on task  8 : loss=3.662 | TAw acc= 98.1%, forg=  0.0% | TAg acc= 70.7%, forg=  0.0% <<<
Save at ./results/./results/vit_base_patch16_224.orig_in21k/cifar100/lwf/10
************************************************************************************************************
TAw Acc
	 98.4%   0.0%   0.0%   0.0%   0.0%   0.0%   0.0%   0.0%   0.0%   0.0% 	Avg.: 98.4% 
	 98.3%  98.8%   0.0%   0.0%   0.0%   0.0%   0.0%   0.0%   0.0%   0.0% 	Avg.: 98.5% 
	 97.7%  98.7%  98.3%   0.0%   0.0%   0.0%   0.0%   0.0%   0.0%   0.0% 	Avg.: 98.2% 
	 97.4%  98.5%  98.1%  97.0%   0.0%   0.0%   0.0%   0.0%   0.0%   0.0% 	Avg.: 97.8% 
	 97.1%  98.2%  97.2%  96.9%  98.3%   0.0%   0.0%   0.0%   0.0%   0.0% 	Avg.: 97.5% 
	 95.9%  97.8%  96.9%  96.2%  98.1%  95.2%   0.0%   0.0%   0.0%   0.0% 	Avg.: 96.7% 
	 96.0%  97.4%  95.3%  94.6%  97.7%  95.2%  98.9%   0.0%   0.0%   0.0% 	Avg.: 96.4% 
	 95.2%  97.0%  94.6%  93.4%  97.7%  94.3%  98.3%  98.2%   0.0%   0.0% 	Avg.: 96.1% 
	 94.8%  96.9%  93.7%  92.8%  97.3%  93.7%  98.2%  98.3%  98.1%   0.0% 	Avg.: 96.0% 
	  0.0%   0.0%   0.0%   0.0%   0.0%   0.0%   0.0%   0.0%   0.0%   0.0% 	Avg.:  0.0% 
************************************************************************************************************
TAg Acc
	 98.4%   0.0%   0.0%   0.0%   0.0%   0.0%   0.0%   0.0%   0.0%   0.0% 	Avg.: 98.4% 
	 93.6%  96.5%   0.0%   0.0%   0.0%   0.0%   0.0%   0.0%   0.0%   0.0% 	Avg.: 95.1% 
	 90.7%  87.7%  93.8%   0.0%   0.0%   0.0%   0.0%   0.0%   0.0%   0.0% 	Avg.: 90.7% 
	 89.0%  85.5%  92.7%  88.0%   0.0%   0.0%   0.0%   0.0%   0.0%   0.0% 	Avg.: 88.8% 
	 85.9%  84.8%  87.4%  83.5%  87.5%   0.0%   0.0%   0.0%   0.0%   0.0% 	Avg.: 85.8% 
	 83.6%  85.7%  85.0%  78.3%  83.7%  71.6%   0.0%   0.0%   0.0%   0.0% 	Avg.: 81.3% 
	 78.3%  82.4%  83.6%  74.0%  74.0%  59.2%  80.8%   0.0%   0.0%   0.0% 	Avg.: 76.0% 
	 74.1%  78.3%  81.6%  70.4%  71.7%  52.2%  77.9%  83.6%   0.0%   0.0% 	Avg.: 73.7% 
	 72.3%  75.2%  78.8%  65.7%  66.6%  47.4%  74.2%  77.1%  70.7%   0.0% 	Avg.: 69.8% 
	  0.0%   0.0%   0.0%   0.0%   0.0%   0.0%   0.0%   0.0%   0.0%   0.0% 	Avg.:  0.0% 
************************************************************************************************************
TAw Forg
	  0.0%   0.0%   0.0%   0.0%   0.0%   0.0%   0.0%   0.0%   0.0%   0.0% 
	  0.1%   0.0%   0.0%   0.0%   0.0%   0.0%   0.0%   0.0%   0.0%   0.0% 	Avg.:  0.1% 
	  0.7%   0.1%   0.0%   0.0%   0.0%   0.0%   0.0%   0.0%   0.0%   0.0% 	Avg.:  0.4% 
	  1.0%   0.3%   0.2%   0.0%   0.0%   0.0%   0.0%   0.0%   0.0%   0.0% 	Avg.:  0.5% 
	  1.3%   0.6%   1.1%   0.1%   0.0%   0.0%   0.0%   0.0%   0.0%   0.0% 	Avg.:  0.8% 
	  2.5%   1.0%   1.4%   0.8%   0.2%   0.0%   0.0%   0.0%   0.0%   0.0% 	Avg.:  1.2% 
	  2.4%   1.4%   3.0%   2.4%   0.6%   0.0%   0.0%   0.0%   0.0%   0.0% 	Avg.:  1.6% 
	  3.2%   1.8%   3.7%   3.6%   0.6%   0.9%   0.6%   0.0%   0.0%   0.0% 	Avg.:  2.1% 
	  3.6%   1.9%   4.6%   4.2%   1.0%   1.5%   0.7%  -0.1%   0.0%   0.0% 	Avg.:  2.2% 
	  0.0%   0.0%   0.0%   0.0%   0.0%   0.0%   0.0%   0.0%   0.0%   0.0% 	Avg.:  0.0% 
************************************************************************************************************
TAg Forg
	  0.0%   0.0%   0.0%   0.0%   0.0%   0.0%   0.0%   0.0%   0.0%   0.0% 
	  4.8%   0.0%   0.0%   0.0%   0.0%   0.0%   0.0%   0.0%   0.0%   0.0% 	Avg.:  4.8% 
	  7.7%   8.8%   0.0%   0.0%   0.0%   0.0%   0.0%   0.0%   0.0%   0.0% 	Avg.:  8.2% 
	  9.4%  11.0%   1.1%   0.0%   0.0%   0.0%   0.0%   0.0%   0.0%   0.0% 	Avg.:  7.2% 
	 12.5%  11.7%   6.4%   4.5%   0.0%   0.0%   0.0%   0.0%   0.0%   0.0% 	Avg.:  8.8% 
	 14.8%  10.8%   8.8%   9.7%   3.8%   0.0%   0.0%   0.0%   0.0%   0.0% 	Avg.:  9.6% 
	 20.1%  14.1%  10.2%  14.0%  13.5%  12.4%   0.0%   0.0%   0.0%   0.0% 	Avg.: 14.0% 
	 24.3%  18.2%  12.2%  17.6%  15.8%  19.4%   2.9%   0.0%   0.0%   0.0% 	Avg.: 15.8% 
	 26.1%  21.3%  15.0%  22.3%  20.9%  24.2%   6.6%   6.5%   0.0%   0.0% 	Avg.: 17.9% 
	  0.0%   0.0%   0.0%   0.0%   0.0%   0.0%   0.0%   0.0%   0.0%   0.0% 	Avg.:  0.0% 
************************************************************************************************************
[Elapsed time = 0.7 h]
Done!
