START_TASK=6 STOP_TASK=7
============================================================================================================
Arguments =
	approach: lwf
	batch_size: 64
	classes_first_task: None
	clipping: 10000
	crop: 224
	data_path: ../data/food101
	dataset: food101
	eval_on_train: False
	experiment_path: None
	fix_bn: False
	freeze_backbone: False
	gpu: 0
	gpus: [0]
	increment: 10
	last_layer_analysis: True
	log: ['disk']
	lr: 0.01
	lr_factor: None
	lr_min: 0.0001
	lr_patience: None
	lr_scheduler: cosine
	lr_warmup_epochs: 0
	momentum: 0.0
	multi_softmax: False
	nepochs: 70
	network: resnet50.a1_in1k
	no_cudnn_deterministic: False
	normalize: in1k
	num_workers: 2
	optimizer_name: sgd
	pin_memory: False
	pretrained: True
	resize: 224
	results_path: ./results
	save_models: True
	seed: 0
	start_at_task: 6
	start_epoch: 0
	stop_at_task: 7
	stop_epoch: 0
	use_valid_only: False
	warmup_lr_factor: 1.0
	warmup_nepochs: 0
	weight_decay: 0.0
============================================================================================================
Approach arguments =
	T: 2
	lamb: 1.0
============================================================================================================
Exemplars arguments =
============================================================================================================
WARNING: ./results/resnet50.a1_in1k/food101/lwf/10 already exists!
Loaded acc_taw from: ./results/resnet50.a1_in1k/food101/lwf/10/acc_taw-5.txt
Loaded acc_tag from: ./results/resnet50.a1_in1k/food101/lwf/10/acc_tag-5.txt
Loaded forg_taw from: ./results/resnet50.a1_in1k/food101/lwf/10/forg_taw-5.txt
Loaded forg_tag from: ./results/resnet50.a1_in1k/food101/lwf/10/forg_tag-5.txt
************************************************************************************************************
Task  6  [epochs 0-70]
************************************************************************************************************
[params] total:23,651,462  trainable:23,651,462  tensors:173  trainable_tensors:173
| Epoch   1, time= 25.7s | Train: skip eval | Valid: time=  3.1s loss=5.215, TAw acc= 69.7% | * lr=1.0e-02
| Epoch   2, time= 24.1s | Train: skip eval | Valid: time=  2.6s loss=4.891, TAw acc= 72.7% | * lr=1.0e-02
| Epoch   3, time= 23.2s | Train: skip eval | Valid: time=  2.4s loss=4.727, TAw acc= 72.9% | * lr=1.0e-02
| Epoch   4, time= 23.0s | Train: skip eval | Valid: time=  2.9s loss=4.613, TAw acc= 74.8% | * lr=9.9e-03
| Epoch   5, time= 25.5s | Train: skip eval | Valid: time=  2.5s loss=4.551, TAw acc= 75.2% | * lr=9.9e-03
| Epoch   6, time= 24.9s | Train: skip eval | Valid: time=  2.7s loss=4.484, TAw acc= 76.5% | * lr=9.8e-03
| Epoch   7, time= 25.8s | Train: skip eval | Valid: time=  2.6s loss=4.455, TAw acc= 77.2% | * lr=9.8e-03
| Epoch   8, time= 26.2s | Train: skip eval | Valid: time=  2.4s loss=4.418, TAw acc= 77.7% | * lr=9.7e-03
| Epoch   9, time= 25.9s | Train: skip eval | Valid: time=  2.5s loss=4.446, TAw acc= 77.9% | lr=9.6e-03
| Epoch  10, time= 28.8s | Train: skip eval | Valid: time=  2.5s loss=4.370, TAw acc= 79.1% | * lr=9.5e-03
| Epoch  11, time= 28.0s | Train: skip eval | Valid: time=  3.0s loss=4.350, TAw acc= 79.5% | * lr=9.4e-03
| Epoch  12, time= 25.7s | Train: skip eval | Valid: time=  2.4s loss=4.345, TAw acc= 79.2% | * lr=9.3e-03
| Epoch  13, time= 24.4s | Train: skip eval | Valid: time=  2.3s loss=4.325, TAw acc= 79.3% | * lr=9.2e-03
| Epoch  14, time= 24.2s | Train: skip eval | Valid: time=  2.8s loss=4.323, TAw acc= 79.1% | * lr=9.1e-03
| Epoch  15, time= 23.9s | Train: skip eval | Valid: time=  2.6s loss=4.296, TAw acc= 79.5% | * lr=8.9e-03
| Epoch  16, time= 25.4s | Train: skip eval | Valid: time=  2.7s loss=4.289, TAw acc= 80.1% | * lr=8.8e-03
| Epoch  17, time= 23.8s | Train: skip eval | Valid: time=  2.4s loss=4.288, TAw acc= 79.9% | * lr=8.6e-03
| Epoch  18, time= 24.1s | Train: skip eval | Valid: time=  2.3s loss=4.266, TAw acc= 80.0% | * lr=8.5e-03
| Epoch  19, time= 25.1s | Train: skip eval | Valid: time=  3.0s loss=4.271, TAw acc= 78.9% | lr=8.3e-03
| Epoch  20, time= 26.7s | Train: skip eval | Valid: time=  2.4s loss=4.257, TAw acc= 80.0% | * lr=8.1e-03
| Epoch  21, time= 27.0s | Train: skip eval | Valid: time=  2.3s loss=4.253, TAw acc= 79.9% | * lr=8.0e-03
| Epoch  22, time= 25.1s | Train: skip eval | Valid: time=  2.7s loss=4.247, TAw acc= 80.7% | * lr=7.8e-03
| Epoch  23, time= 23.0s | Train: skip eval | Valid: time=  2.4s loss=4.246, TAw acc= 81.6% | * lr=7.6e-03
| Epoch  24, time= 23.3s | Train: skip eval | Valid: time=  2.5s loss=4.235, TAw acc= 81.2% | * lr=7.4e-03
| Epoch  25, time= 24.1s | Train: skip eval | Valid: time=  2.6s loss=4.229, TAw acc= 80.9% | * lr=7.2e-03
| Epoch  26, time= 23.0s | Train: skip eval | Valid: time=  2.6s loss=4.224, TAw acc= 81.9% | * lr=7.0e-03
| Epoch  27, time= 24.0s | Train: skip eval | Valid: time=  2.4s loss=4.214, TAw acc= 81.9% | * lr=6.8e-03
| Epoch  28, time= 24.5s | Train: skip eval | Valid: time=  2.4s loss=4.209, TAw acc= 82.0% | * lr=6.6e-03
| Epoch  29, time= 27.6s | Train: skip eval | Valid: time=  2.9s loss=4.206, TAw acc= 81.2% | * lr=6.4e-03
| Epoch  30, time= 24.0s | Train: skip eval | Valid: time=  2.5s loss=4.213, TAw acc= 81.2% | lr=6.2e-03
| Epoch  31, time= 28.8s | Train: skip eval | Valid: time=  2.4s loss=4.208, TAw acc= 82.1% | lr=5.9e-03
| Epoch  32, time= 24.7s | Train: skip eval | Valid: time=  2.4s loss=4.194, TAw acc= 81.5% | * lr=5.7e-03
| Epoch  33, time= 26.2s | Train: skip eval | Valid: time=  2.4s loss=4.201, TAw acc= 81.9% | lr=5.5e-03
| Epoch  34, time= 24.1s | Train: skip eval | Valid: time=  2.6s loss=4.199, TAw acc= 82.4% | lr=5.3e-03
| Epoch  35, time= 25.4s | Train: skip eval | Valid: time=  2.3s loss=4.182, TAw acc= 81.7% | * lr=5.1e-03
| Epoch  36, time= 23.9s | Train: skip eval | Valid: time=  2.5s loss=4.185, TAw acc= 82.3% | lr=4.8e-03
| Epoch  37, time= 23.9s | Train: skip eval | Valid: time=  2.4s loss=4.177, TAw acc= 82.4% | * lr=4.6e-03
| Epoch  38, time= 25.2s | Train: skip eval | Valid: time=  2.5s loss=4.168, TAw acc= 82.3% | * lr=4.4e-03
| Epoch  39, time= 26.4s | Train: skip eval | Valid: time=  3.0s loss=4.185, TAw acc= 82.8% | lr=4.2e-03
| Epoch  40, time= 29.6s | Train: skip eval | Valid: time=  2.5s loss=4.178, TAw acc= 82.8% | lr=3.9e-03
| Epoch  41, time= 24.8s | Train: skip eval | Valid: time=  2.3s loss=4.172, TAw acc= 82.8% | lr=3.7e-03
| Epoch  42, time= 24.0s | Train: skip eval | Valid: time=  2.5s loss=4.173, TAw acc= 83.1% | lr=3.5e-03
| Epoch  43, time= 24.2s | Train: skip eval | Valid: time=  2.4s loss=4.178, TAw acc= 82.4% | lr=3.3e-03
| Epoch  44, time= 23.3s | Train: skip eval | Valid: time=  2.4s loss=4.167, TAw acc= 82.5% | * lr=3.1e-03
| Epoch  45, time= 23.9s | Train: skip eval | Valid: time=  2.4s loss=4.158, TAw acc= 83.2% | * lr=2.9e-03
| Epoch  46, time= 24.6s | Train: skip eval | Valid: time=  2.5s loss=4.166, TAw acc= 83.1% | lr=2.7e-03
| Epoch  47, time= 25.4s | Train: skip eval | Valid: time=  2.4s loss=4.158, TAw acc= 82.9% | * lr=2.5e-03
| Epoch  48, time= 23.7s | Train: skip eval | Valid: time=  2.4s loss=4.166, TAw acc= 82.9% | lr=2.3e-03
| Epoch  49, time= 26.0s | Train: skip eval | Valid: time=  2.8s loss=4.155, TAw acc= 83.3% | * lr=2.1e-03
| Epoch  50, time= 22.4s | Train: skip eval | Valid: time=  2.4s loss=4.151, TAw acc= 83.3% | * lr=2.0e-03
| Epoch  51, time= 27.3s | Train: skip eval | Valid: time=  2.7s loss=4.155, TAw acc= 83.1% | lr=1.8e-03
| Epoch  52, time= 23.5s | Train: skip eval | Valid: time=  2.6s loss=4.154, TAw acc= 83.1% | lr=1.6e-03
| Epoch  53, time= 24.8s | Train: skip eval | Valid: time=  2.3s loss=4.156, TAw acc= 83.2% | lr=1.5e-03
| Epoch  54, time= 26.1s | Train: skip eval | Valid: time=  2.5s loss=4.155, TAw acc= 83.5% | lr=1.3e-03
| Epoch  55, time= 24.8s | Train: skip eval | Valid: time=  3.1s loss=4.150, TAw acc= 82.8% | * lr=1.2e-03
| Epoch  56, time= 27.6s | Train: skip eval | Valid: time=  2.4s loss=4.153, TAw acc= 83.6% | lr=1.0e-03
| Epoch  57, time= 25.9s | Train: skip eval | Valid: time=  2.6s loss=4.151, TAw acc= 82.9% | lr=9.2e-04
| Epoch  58, time= 27.9s | Train: skip eval | Valid: time=  2.3s loss=4.150, TAw acc= 83.6% | * lr=8.0e-04
| Epoch  59, time= 25.1s | Train: skip eval | Valid: time=  2.4s loss=4.154, TAw acc= 83.7% | lr=6.9e-04
| Epoch  60, time= 24.7s | Train: skip eval | Valid: time=  2.4s loss=4.149, TAw acc= 83.6% | * lr=5.9e-04
| Epoch  61, time= 23.5s | Train: skip eval | Valid: time=  2.3s loss=4.160, TAw acc= 83.2% | lr=5.0e-04
| Epoch  62, time= 25.3s | Train: skip eval | Valid: time=  3.1s loss=4.150, TAw acc= 83.1% | lr=4.2e-04
| Epoch  63, time= 26.3s | Train: skip eval | Valid: time=  2.4s loss=4.154, TAw acc= 83.1% | lr=3.4e-04
| Epoch  64, time= 25.8s | Train: skip eval | Valid: time=  2.3s loss=4.150, TAw acc= 83.2% | lr=2.8e-04
| Epoch  65, time= 25.6s | Train: skip eval | Valid: time=  2.4s loss=4.155, TAw acc= 82.9% | lr=2.2e-04
| Epoch  66, time= 24.3s | Train: skip eval | Valid: time=  2.5s loss=4.150, TAw acc= 83.3% | lr=1.8e-04
| Epoch  67, time= 24.3s | Train: skip eval | Valid: time=  2.8s loss=4.146, TAw acc= 83.6% | * lr=1.4e-04
| Epoch  68, time= 24.0s | Train: skip eval | Valid: time=  2.4s loss=4.155, TAw acc= 83.1% | lr=1.2e-04
| Epoch  69, time= 24.2s | Train: skip eval | Valid: time=  3.1s loss=4.148, TAw acc= 83.1% | lr=1.0e-04
| Epoch  70, time= 23.9s | Train: skip eval | Valid: time=  2.3s loss=4.152, TAw acc= 83.7% | lr=1.0e-04
------------------------------------------------------------------------------------------------------------
>>> Test on task  0 : loss=0.424 | TAw acc= 88.4%, forg= -0.7% | TAg acc= 54.8%, forg= 31.3% <<<
>>> Test on task  1 : loss=2.326 | TAw acc= 91.4%, forg= -0.9% | TAg acc= 61.2%, forg= 23.1% <<<
>>> Test on task  2 : loss=3.035 | TAw acc= 87.3%, forg=  0.3% | TAg acc= 58.8%, forg= 16.1% <<<
>>> Test on task  3 : loss=3.292 | TAw acc= 90.6%, forg= -0.3% | TAg acc= 68.5%, forg=  7.4% <<<
>>> Test on task  4 : loss=3.588 | TAw acc= 88.3%, forg= -0.2% | TAg acc= 63.4%, forg=  4.6% <<<
>>> Test on task  5 : loss=3.832 | TAw acc= 88.6%, forg= -1.0% | TAg acc= 59.8%, forg= -0.8% <<<
>>> Test on task  6 : loss=3.993 | TAw acc= 88.6%, forg=  0.0% | TAg acc= 57.3%, forg=  0.0% <<<
Save at ./results/./results/resnet50.a1_in1k/food101/lwf/10
************************************************************************************************************
TAw Acc
	 86.1%   0.0%   0.0%   0.0%   0.0%   0.0%   0.0%   0.0%   0.0%   0.0% 	Avg.: 86.1% 
	 86.3%  90.0%   0.0%   0.0%   0.0%   0.0%   0.0%   0.0%   0.0%   0.0% 	Avg.: 88.2% 
	 86.7%  89.4%  87.3%   0.0%   0.0%   0.0%   0.0%   0.0%   0.0%   0.0% 	Avg.: 87.8% 
	 87.0%  90.1%  86.6%  90.0%   0.0%   0.0%   0.0%   0.0%   0.0%   0.0% 	Avg.: 88.4% 
	 87.7%  89.6%  87.6%  89.8%  88.1%   0.0%   0.0%   0.0%   0.0%   0.0% 	Avg.: 88.6% 
	 87.6%  90.5%  87.1%  90.3%  87.6%  87.7%   0.0%   0.0%   0.0%   0.0% 	Avg.: 88.5% 
	 88.4%  91.4%  87.3%  90.6%  88.3%  88.6%  88.6%   0.0%   0.0%   0.0% 	Avg.: 89.0% 
	  0.0%   0.0%   0.0%   0.0%   0.0%   0.0%   0.0%   0.0%   0.0%   0.0% 	Avg.:  0.0% 
	  0.0%   0.0%   0.0%   0.0%   0.0%   0.0%   0.0%   0.0%   0.0%   0.0% 	Avg.:  0.0% 
	  0.0%   0.0%   0.0%   0.0%   0.0%   0.0%   0.0%   0.0%   0.0%   0.0% 	Avg.:  0.0% 
************************************************************************************************************
TAg Acc
	 86.1%   0.0%   0.0%   0.0%   0.0%   0.0%   0.0%   0.0%   0.0%   0.0% 	Avg.: 86.1% 
	 71.4%  84.3%   0.0%   0.0%   0.0%   0.0%   0.0%   0.0%   0.0%   0.0% 	Avg.: 77.8% 
	 66.8%  77.5%  75.0%   0.0%   0.0%   0.0%   0.0%   0.0%   0.0%   0.0% 	Avg.: 73.1% 
	 63.4%  69.9%  68.4%  75.9%   0.0%   0.0%   0.0%   0.0%   0.0%   0.0% 	Avg.: 69.4% 
	 55.1%  64.6%  61.0%  69.7%  67.9%   0.0%   0.0%   0.0%   0.0%   0.0% 	Avg.: 63.7% 
	 56.4%  62.6%  58.3%  67.8%  65.2%  59.0%   0.0%   0.0%   0.0%   0.0% 	Avg.: 61.5% 
	 54.8%  61.2%  58.8%  68.5%  63.4%  59.8%  57.3%   0.0%   0.0%   0.0% 	Avg.: 60.6% 
	  0.0%   0.0%   0.0%   0.0%   0.0%   0.0%   0.0%   0.0%   0.0%   0.0% 	Avg.:  0.0% 
	  0.0%   0.0%   0.0%   0.0%   0.0%   0.0%   0.0%   0.0%   0.0%   0.0% 	Avg.:  0.0% 
	  0.0%   0.0%   0.0%   0.0%   0.0%   0.0%   0.0%   0.0%   0.0%   0.0% 	Avg.:  0.0% 
************************************************************************************************************
TAw Forg
	  0.0%   0.0%   0.0%   0.0%   0.0%   0.0%   0.0%   0.0%   0.0%   0.0% 
	 -0.2%   0.0%   0.0%   0.0%   0.0%   0.0%   0.0%   0.0%   0.0%   0.0% 	Avg.: -0.2% 
	 -0.4%   0.6%   0.0%   0.0%   0.0%   0.0%   0.0%   0.0%   0.0%   0.0% 	Avg.:  0.1% 
	 -0.3%  -0.0%   0.6%   0.0%   0.0%   0.0%   0.0%   0.0%   0.0%   0.0% 	Avg.:  0.1% 
	 -0.7%   0.4%  -0.3%   0.2%   0.0%   0.0%   0.0%   0.0%   0.0%   0.0% 	Avg.: -0.1% 
	  0.1%  -0.4%   0.5%  -0.4%   0.5%   0.0%   0.0%   0.0%   0.0%   0.0% 	Avg.:  0.1% 
	 -0.7%  -0.9%   0.3%  -0.3%  -0.2%  -1.0%   0.0%   0.0%   0.0%   0.0% 	Avg.: -0.5% 
	  0.0%   0.0%   0.0%   0.0%   0.0%   0.0%   0.0%   0.0%   0.0%   0.0% 	Avg.:  0.0% 
	  0.0%   0.0%   0.0%   0.0%   0.0%   0.0%   0.0%   0.0%   0.0%   0.0% 	Avg.:  0.0% 
	  0.0%   0.0%   0.0%   0.0%   0.0%   0.0%   0.0%   0.0%   0.0%   0.0% 	Avg.:  0.0% 
************************************************************************************************************
TAg Forg
	  0.0%   0.0%   0.0%   0.0%   0.0%   0.0%   0.0%   0.0%   0.0%   0.0% 
	 14.8%   0.0%   0.0%   0.0%   0.0%   0.0%   0.0%   0.0%   0.0%   0.0% 	Avg.: 14.8% 
	 19.3%   6.8%   0.0%   0.0%   0.0%   0.0%   0.0%   0.0%   0.0%   0.0% 	Avg.: 13.1% 
	 22.8%  14.4%   6.6%   0.0%   0.0%   0.0%   0.0%   0.0%   0.0%   0.0% 	Avg.: 14.6% 
	 31.0%  19.7%  14.0%   6.2%   0.0%   0.0%   0.0%   0.0%   0.0%   0.0% 	Avg.: 17.7% 
	 29.7%  21.8%  16.6%   8.2%   2.7%   0.0%   0.0%   0.0%   0.0%   0.0% 	Avg.: 15.8% 
	 31.3%  23.1%  16.1%   7.4%   4.6%  -0.8%   0.0%   0.0%   0.0%   0.0% 	Avg.: 13.6% 
	  0.0%   0.0%   0.0%   0.0%   0.0%   0.0%   0.0%   0.0%   0.0%   0.0% 	Avg.:  0.0% 
	  0.0%   0.0%   0.0%   0.0%   0.0%   0.0%   0.0%   0.0%   0.0%   0.0% 	Avg.:  0.0% 
	  0.0%   0.0%   0.0%   0.0%   0.0%   0.0%   0.0%   0.0%   0.0%   0.0% 	Avg.:  0.0% 
************************************************************************************************************
[Elapsed time = 0.6 h]
Done!
