START_TASK=5 STOP_TASK=6 START_EPOCH=25 STOP_EPOCH=50
============================================================================================================
Arguments =
	all_outputs: False
	approach: joint
	batch_size: 64
	classes_first_task: None
	clipping: 10000
	crop: 224
	dataset: cifar100
	eval_on_train: False
	experiment_path: None
	fix_bn: False
	freeze_backbone: False
	gpu: 0
	gpus: [0]
	increment: 10
	last_layer_analysis: False
	log: ['disk']
	lr: 0.01
	lr_factor: None
	lr_min: 0.0001
	lr_patience: None
	lr_scheduler: cosine
	lr_warmup_epochs: 0
	momentum: 0.0
	multi_softmax: False
	nepochs: 50
	network: resnet50.a1_in1k
	no_cudnn_deterministic: False
	normalize: in1k
	num_workers: 2
	optimizer_name: sgd
	pin_memory: False
	pretrained: True
	resize: 224
	results_path: ./results
	save_models: True
	seed: 0
	start_at_task: 5
	start_epoch: 25
	stop_at_task: 6
	stop_epoch: 50
	use_valid_only: False
	warmup_lr_factor: 1.0
	warmup_nepochs: 0
	weight_decay: 0.0
============================================================================================================
Approach arguments =
============================================================================================================
Exemplars arguments =
============================================================================================================
WARNING: ./results/resnet50.a1_in1k/cifar100/joint/10 already exists!
Loaded acc_taw from: ./results/resnet50.a1_in1k/cifar100/joint/10/acc_taw-4.txt
Loaded acc_tag from: ./results/resnet50.a1_in1k/cifar100/joint/10/acc_tag-4.txt
Loaded forg_taw from: ./results/resnet50.a1_in1k/cifar100/joint/10/forg_taw-4.txt
Loaded forg_tag from: ./results/resnet50.a1_in1k/cifar100/joint/10/forg_tag-4.txt
[joint] Loaded accumulated datasets up to task 5 from ./results/resnet50.a1_in1k/cifar100/joint/10/joint_progress
************************************************************************************************************
Task  5  [epochs 25-50]
************************************************************************************************************
[params] total:23,630,972  trainable:23,630,972  tensors:171  trainable_tensors:171
| Epoch  26, time= 48.8s | Train: skip eval | Valid: time=  3.5s loss=0.905, TAw acc= 91.9% | lr=4.7e-03
| Epoch  27, time= 46.8s | Train: skip eval | Valid: time=  3.7s loss=0.787, TAw acc= 92.3% | lr=4.4e-03
| Epoch  28, time= 44.5s | Train: skip eval | Valid: time=  3.8s loss=0.725, TAw acc= 92.6% | lr=4.1e-03
| Epoch  29, time= 48.4s | Train: skip eval | Valid: time=  3.8s loss=0.691, TAw acc= 93.0% | lr=3.8e-03
| Epoch  30, time= 50.1s | Train: skip eval | Valid: time=  3.6s loss=0.680, TAw acc= 92.9% | lr=3.5e-03
| Epoch  31, time= 48.2s | Train: skip eval | Valid: time=  4.3s loss=0.646, TAw acc= 93.2% | lr=3.2e-03
| Epoch  32, time= 49.4s | Train: skip eval | Valid: time=  3.9s loss=0.629, TAw acc= 93.4% | lr=2.9e-03
| Epoch  33, time= 48.5s | Train: skip eval | Valid: time=  3.7s loss=0.620, TAw acc= 93.3% | lr=2.7e-03
| Epoch  34, time= 49.5s | Train: skip eval | Valid: time=  3.7s loss=0.616, TAw acc= 93.5% | lr=2.4e-03
| Epoch  35, time= 47.1s | Train: skip eval | Valid: time=  3.7s loss=0.603, TAw acc= 93.6% | lr=2.1e-03
| Epoch  36, time= 42.1s | Train: skip eval | Valid: time=  4.4s loss=0.604, TAw acc= 93.5% | lr=1.9e-03
| Epoch  37, time= 50.6s | Train: skip eval | Valid: time=  3.7s loss=0.598, TAw acc= 93.5% | lr=1.7e-03
| Epoch  38, time= 47.5s | Train: skip eval | Valid: time=  3.6s loss=0.595, TAw acc= 93.7% | lr=1.4e-03
| Epoch  39, time= 51.3s | Train: skip eval | Valid: time=  3.7s loss=0.591, TAw acc= 93.6% | lr=1.2e-03
| Epoch  40, time= 43.5s | Train: skip eval | Valid: time=  4.3s loss=0.590, TAw acc= 93.6% | lr=1.0e-03
| Epoch  41, time= 47.2s | Train: skip eval | Valid: time=  3.7s loss=0.588, TAw acc= 93.7% | lr=8.7e-04
| Epoch  42, time= 47.1s | Train: skip eval | Valid: time=  3.6s loss=0.582, TAw acc= 93.6% | lr=7.1e-04
| Epoch  43, time= 44.6s | Train: skip eval | Valid: time=  4.0s loss=0.582, TAw acc= 94.0% | lr=5.7e-04
| Epoch  44, time= 46.3s | Train: skip eval | Valid: time=  3.7s loss=0.579, TAw acc= 93.7% | lr=4.5e-04
| Epoch  45, time= 44.2s | Train: skip eval | Valid: time=  3.5s loss=0.583, TAw acc= 93.6% | lr=3.4e-04
| Epoch  46, time= 48.7s | Train: skip eval | Valid: time=  3.7s loss=0.577, TAw acc= 93.6% | lr=2.6e-04
| Epoch  47, time= 48.2s | Train: skip eval | Valid: time=  3.7s loss=0.574, TAw acc= 93.8% | lr=1.9e-04
| Epoch  48, time= 49.5s | Train: skip eval | Valid: time=  4.3s loss=0.581, TAw acc= 93.6% | lr=1.4e-04
| Epoch  49, time= 49.7s | Train: skip eval | Valid: time=  3.7s loss=0.575, TAw acc= 93.7% | lr=1.1e-04
| Epoch  50, time= 47.6s | Train: skip eval | Valid: time=  3.8s loss=0.579, TAw acc= 93.8% | lr=1.0e-04
------------------------------------------------------------------------------------------------------------
>>> Test on task  0 : loss=0.534 | TAw acc= 94.6%, forg= -0.3% | TAg acc= 82.8%, forg=  2.9% <<<
>>> Test on task  1 : loss=0.427 | TAw acc= 96.9%, forg= -0.3% | TAg acc= 85.8%, forg=  0.1% <<<
>>> Test on task  2 : loss=0.436 | TAw acc= 98.0%, forg= -0.2% | TAg acc= 87.8%, forg= -0.4% <<<
>>> Test on task  3 : loss=0.613 | TAw acc= 91.5%, forg= -0.6% | TAg acc= 81.8%, forg=  1.6% <<<
>>> Test on task  4 : loss=0.394 | TAw acc= 96.2%, forg=  0.3% | TAg acc= 88.3%, forg= -0.2% <<<
>>> Test on task  5 : loss=0.640 | TAw acc= 90.2%, forg=  0.0% | TAg acc= 77.1%, forg=  0.0% <<<
Save at ./results/./results/resnet50.a1_in1k/cifar100/joint/10
[joint] Saved accumulated datasets up to task 5 → ./results/resnet50.a1_in1k/cifar100/joint/10/joint_progress
************************************************************************************************************
TAw Acc
	 71.6%   0.0%   0.0%   0.0%   0.0%   0.0%   0.0%   0.0%   0.0%   0.0% 	Avg.: 71.6% 
	 87.5%  94.1%   0.0%   0.0%   0.0%   0.0%   0.0%   0.0%   0.0%   0.0% 	Avg.: 90.8% 
	 90.9%  95.5%  95.1%   0.0%   0.0%   0.0%   0.0%   0.0%   0.0%   0.0% 	Avg.: 93.8% 
	 93.4%  95.8%  96.9%  88.3%   0.0%   0.0%   0.0%   0.0%   0.0%   0.0% 	Avg.: 93.6% 
	 94.3%  96.6%  97.8%  90.9%  96.5%   0.0%   0.0%   0.0%   0.0%   0.0% 	Avg.: 95.2% 
	 94.6%  96.9%  98.0%  91.5%  96.2%  90.2%   0.0%   0.0%   0.0%   0.0% 	Avg.: 94.6% 
	  0.0%   0.0%   0.0%   0.0%   0.0%   0.0%   0.0%   0.0%   0.0%   0.0% 	Avg.:  0.0% 
	  0.0%   0.0%   0.0%   0.0%   0.0%   0.0%   0.0%   0.0%   0.0%   0.0% 	Avg.:  0.0% 
	  0.0%   0.0%   0.0%   0.0%   0.0%   0.0%   0.0%   0.0%   0.0%   0.0% 	Avg.:  0.0% 
	  0.0%   0.0%   0.0%   0.0%   0.0%   0.0%   0.0%   0.0%   0.0%   0.0% 	Avg.:  0.0% 
************************************************************************************************************
TAg Acc
	 71.6%   0.0%   0.0%   0.0%   0.0%   0.0%   0.0%   0.0%   0.0%   0.0% 	Avg.: 71.6% 
	 82.2%  85.9%   0.0%   0.0%   0.0%   0.0%   0.0%   0.0%   0.0%   0.0% 	Avg.: 84.1% 
	 83.3%  85.5%  86.8%   0.0%   0.0%   0.0%   0.0%   0.0%   0.0%   0.0% 	Avg.: 85.2% 
	 85.5%  84.9%  87.4%  80.4%   0.0%   0.0%   0.0%   0.0%   0.0%   0.0% 	Avg.: 84.6% 
	 85.7%  84.8%  86.5%  83.4%  88.1%   0.0%   0.0%   0.0%   0.0%   0.0% 	Avg.: 85.7% 
	 82.8%  85.8%  87.8%  81.8%  88.3%  77.1%   0.0%   0.0%   0.0%   0.0% 	Avg.: 83.9% 
	  0.0%   0.0%   0.0%   0.0%   0.0%   0.0%   0.0%   0.0%   0.0%   0.0% 	Avg.:  0.0% 
	  0.0%   0.0%   0.0%   0.0%   0.0%   0.0%   0.0%   0.0%   0.0%   0.0% 	Avg.:  0.0% 
	  0.0%   0.0%   0.0%   0.0%   0.0%   0.0%   0.0%   0.0%   0.0%   0.0% 	Avg.:  0.0% 
	  0.0%   0.0%   0.0%   0.0%   0.0%   0.0%   0.0%   0.0%   0.0%   0.0% 	Avg.:  0.0% 
************************************************************************************************************
TAw Forg
	  0.0%   0.0%   0.0%   0.0%   0.0%   0.0%   0.0%   0.0%   0.0%   0.0% 
	-15.9%   0.0%   0.0%   0.0%   0.0%   0.0%   0.0%   0.0%   0.0%   0.0% 	Avg.:-15.9% 
	 -3.4%  -1.4%   0.0%   0.0%   0.0%   0.0%   0.0%   0.0%   0.0%   0.0% 	Avg.: -2.4% 
	 -2.5%  -0.3%  -1.8%   0.0%   0.0%   0.0%   0.0%   0.0%   0.0%   0.0% 	Avg.: -1.5% 
	 -0.9%  -0.8%  -0.9%  -2.6%   0.0%   0.0%   0.0%   0.0%   0.0%   0.0% 	Avg.: -1.3% 
	 -0.3%  -0.3%  -0.2%  -0.6%   0.3%   0.0%   0.0%   0.0%   0.0%   0.0% 	Avg.: -0.2% 
	  0.0%   0.0%   0.0%   0.0%   0.0%   0.0%   0.0%   0.0%   0.0%   0.0% 	Avg.:  0.0% 
	  0.0%   0.0%   0.0%   0.0%   0.0%   0.0%   0.0%   0.0%   0.0%   0.0% 	Avg.:  0.0% 
	  0.0%   0.0%   0.0%   0.0%   0.0%   0.0%   0.0%   0.0%   0.0%   0.0% 	Avg.:  0.0% 
	  0.0%   0.0%   0.0%   0.0%   0.0%   0.0%   0.0%   0.0%   0.0%   0.0% 	Avg.:  0.0% 
************************************************************************************************************
TAg Forg
	  0.0%   0.0%   0.0%   0.0%   0.0%   0.0%   0.0%   0.0%   0.0%   0.0% 
	-10.6%   0.0%   0.0%   0.0%   0.0%   0.0%   0.0%   0.0%   0.0%   0.0% 	Avg.:-10.6% 
	 -1.1%   0.4%   0.0%   0.0%   0.0%   0.0%   0.0%   0.0%   0.0%   0.0% 	Avg.: -0.3% 
	 -2.2%   1.0%  -0.6%   0.0%   0.0%   0.0%   0.0%   0.0%   0.0%   0.0% 	Avg.: -0.6% 
	 -0.2%   1.1%   0.9%  -3.0%   0.0%   0.0%   0.0%   0.0%   0.0%   0.0% 	Avg.: -0.3% 
	  2.9%   0.1%  -0.4%   1.6%  -0.2%   0.0%   0.0%   0.0%   0.0%   0.0% 	Avg.:  0.8% 
	  0.0%   0.0%   0.0%   0.0%   0.0%   0.0%   0.0%   0.0%   0.0%   0.0% 	Avg.:  0.0% 
	  0.0%   0.0%   0.0%   0.0%   0.0%   0.0%   0.0%   0.0%   0.0%   0.0% 	Avg.:  0.0% 
	  0.0%   0.0%   0.0%   0.0%   0.0%   0.0%   0.0%   0.0%   0.0%   0.0% 	Avg.:  0.0% 
	  0.0%   0.0%   0.0%   0.0%   0.0%   0.0%   0.0%   0.0%   0.0%   0.0% 	Avg.:  0.0% 
************************************************************************************************************
[Elapsed time = 0.4 h]
Done!
