START_TASK=7 STOP_TASK=8 START_EPOCH=25 STOP_EPOCH=50
============================================================================================================
Arguments =
	all_outputs: False
	approach: joint_v2
	batch_size: 64
	classes_first_task: None
	clipping: 10000
	crop: 224
	dataset: cifar100
	eval_on_train: False
	experiment_path: None
	fix_bn: False
	freeze_backbone: False
	gpu: 0
	increment: 10
	log: ['disk']
	lr: 0.01
	lr_factor: None
	lr_min: 0.0001
	lr_patience: None
	lr_scheduler: cosine
	lr_warmup_epochs: 0
	momentum: 0.0
	multi_softmax: False
	nepochs: 50
	network: vit_small_patch16_224.augreg_in1k
	no_cudnn_deterministic: False
	normalize: in1k
	num_workers: 2
	optimizer_name: sgd
	pin_memory: False
	pretrained: True
	resize: 224
	results_path: ../results
	save_models: True
	seed: 0
	start_at_task: 7
	start_epoch: 25
	stop_at_task: 8
	stop_epoch: 50
	use_valid_only: False
	warmup_lr_factor: 1.0
	warmup_nepochs: 0
	weight_decay: 0.0
============================================================================================================
Approach arguments =
============================================================================================================
Exemplars dataset arguments =
============================================================================================================
WARNING: ../results/vit_small_patch16_224.augreg_in1k/cifar100/joint_v2/10 already exists!
Loaded acc_taw from: ../results/vit_small_patch16_224.augreg_in1k/cifar100/joint_v2/10/acc_taw-6.txt
Loaded acc_tag from: ../results/vit_small_patch16_224.augreg_in1k/cifar100/joint_v2/10/acc_tag-6.txt
Loaded forg_taw from: ../results/vit_small_patch16_224.augreg_in1k/cifar100/joint_v2/10/forg_taw-6.txt
Loaded forg_tag from: ../results/vit_small_patch16_224.augreg_in1k/cifar100/joint_v2/10/forg_tag-6.txt
[joint] Loaded accumulated datasets up to task 7 from ../results/vit_small_patch16_224.augreg_in1k/cifar100/joint_v2/10/joint_progress
************************************************************************************************************
Task  7  [epochs 25-50]
************************************************************************************************************
| Epoch  26, time= 88.2s | Train: skip eval | Valid: time=  5.2s loss=0.502, TAw acc= 96.7% | lr=4.7e-03
| Epoch  27, time= 87.6s | Train: skip eval | Valid: time=  5.1s loss=0.445, TAw acc= 97.5% | * lr=4.4e-03
| Epoch  28, time= 88.6s | Train: skip eval | Valid: time=  5.3s loss=0.444, TAw acc= 97.1% | * lr=4.1e-03
| Epoch  29, time= 88.9s | Train: skip eval | Valid: time=  5.2s loss=0.441, TAw acc= 97.2% | * lr=3.8e-03
| Epoch  30, time= 87.7s | Train: skip eval | Valid: time=  5.3s loss=0.441, TAw acc= 96.9% | * lr=3.5e-03
| Epoch  31, time= 88.5s | Train: skip eval | Valid: time=  5.0s loss=0.433, TAw acc= 97.2% | * lr=3.2e-03
| Epoch  32, time= 88.4s | Train: skip eval | Valid: time=  5.2s loss=0.440, TAw acc= 97.2% | lr=2.9e-03
| Epoch  33, time= 88.2s | Train: skip eval | Valid: time=  5.2s loss=0.427, TAw acc= 97.1% | * lr=2.7e-03
| Epoch  34, time= 89.0s | Train: skip eval | Valid: time=  5.3s loss=0.450, TAw acc= 97.4% | lr=2.4e-03
| Epoch  35, time= 88.7s | Train: skip eval | Valid: time=  5.1s loss=0.436, TAw acc= 97.3% | lr=2.1e-03
| Epoch  36, time= 88.3s | Train: skip eval | Valid: time=  5.3s loss=0.437, TAw acc= 97.5% | lr=1.9e-03
| Epoch  37, time= 88.0s | Train: skip eval | Valid: time=  5.4s loss=0.437, TAw acc= 97.2% | lr=1.7e-03
| Epoch  38, time= 88.3s | Train: skip eval | Valid: time=  5.3s loss=0.428, TAw acc= 97.2% | lr=1.4e-03
| Epoch  39, time= 88.1s | Train: skip eval | Valid: time=  5.1s loss=0.437, TAw acc= 97.4% | lr=1.2e-03
| Epoch  40, time= 88.3s | Train: skip eval | Valid: time=  5.1s loss=0.433, TAw acc= 97.2% | lr=1.0e-03
| Epoch  41, time= 88.5s | Train: skip eval | Valid: time=  5.2s loss=0.427, TAw acc= 97.2% | * lr=8.7e-04
| Epoch  42, time= 88.9s | Train: skip eval | Valid: time=  5.0s loss=0.431, TAw acc= 97.4% | lr=7.1e-04
| Epoch  43, time= 88.6s | Train: skip eval | Valid: time=  5.1s loss=0.431, TAw acc= 97.3% | lr=5.7e-04
| Epoch  44, time= 88.8s | Train: skip eval | Valid: time=  5.2s loss=0.430, TAw acc= 97.4% | lr=4.5e-04
| Epoch  45, time= 88.8s | Train: skip eval | Valid: time=  5.2s loss=0.430, TAw acc= 97.4% | lr=3.4e-04
| Epoch  46, time= 88.6s | Train: skip eval | Valid: time=  5.6s loss=0.427, TAw acc= 97.5% | * lr=2.6e-04
| Epoch  47, time= 88.9s | Train: skip eval | Valid: time=  5.4s loss=0.426, TAw acc= 97.3% | * lr=1.9e-04
| Epoch  48, time= 88.3s | Train: skip eval | Valid: time=  5.2s loss=0.429, TAw acc= 97.4% | lr=1.4e-04
| Epoch  49, time= 88.6s | Train: skip eval | Valid: time=  5.4s loss=0.429, TAw acc= 97.4% | lr=1.1e-04
| Epoch  50, time= 88.2s | Train: skip eval | Valid: time=  5.3s loss=0.429, TAw acc= 97.5% | lr=1.0e-04
------------------------------------------------------------------------------------------------------------
>>> Test on task  0 : loss=0.726 | TAw acc= 96.1%, forg=  0.8% | TAg acc= 84.9%, forg= 10.3% <<<
>>> Test on task  1 : loss=0.478 | TAw acc= 98.2%, forg=  0.4% | TAg acc= 87.6%, forg=  6.8% <<<
>>> Test on task  2 : loss=0.378 | TAw acc= 98.9%, forg=  0.2% | TAg acc= 90.6%, forg=  4.1% <<<
>>> Test on task  3 : loss=0.549 | TAw acc= 95.3%, forg=  0.0% | TAg acc= 87.4%, forg=  4.6% <<<
>>> Test on task  4 : loss=0.421 | TAw acc= 98.2%, forg=  0.0% | TAg acc= 89.2%, forg=  5.8% <<<
>>> Test on task  5 : loss=0.476 | TAw acc= 93.4%, forg= -0.3% | TAg acc= 84.4%, forg=  2.7% <<<
>>> Test on task  6 : loss=0.325 | TAw acc= 97.3%, forg= -0.6% | TAg acc= 90.6%, forg=  1.1% <<<
>>> Test on task  7 : loss=0.273 | TAw acc= 98.6%, forg=  0.0% | TAg acc= 90.6%, forg=  0.0% <<<
Save at ../results/../results/vit_small_patch16_224.augreg_in1k/cifar100/joint_v2/10
[joint] Saved accumulated datasets up to task 7 → ../results/vit_small_patch16_224.augreg_in1k/cifar100/joint_v2/10/joint_progress
************************************************************************************************************
TAw Acc
	 95.2%   0.0%   0.0%   0.0%   0.0%   0.0%   0.0%   0.0%   0.0%   0.0% 	Avg.: 95.2% 
	 96.0%  98.4%   0.0%   0.0%   0.0%   0.0%   0.0%   0.0%   0.0%   0.0% 	Avg.: 97.2% 
	 96.9%  98.2%  98.6%   0.0%   0.0%   0.0%   0.0%   0.0%   0.0%   0.0% 	Avg.: 97.9% 
	 96.0%  98.0%  98.8%  95.0%   0.0%   0.0%   0.0%   0.0%   0.0%   0.0% 	Avg.: 96.9% 
	 95.6%  98.5%  98.3%  94.9%  97.7%   0.0%   0.0%   0.0%   0.0%   0.0% 	Avg.: 97.0% 
	 95.8%  98.6%  99.1%  94.8%  98.0%  93.0%   0.0%   0.0%   0.0%   0.0% 	Avg.: 96.5% 
	 96.2%  98.2%  98.4%  95.3%  98.2%  93.1%  96.7%   0.0%   0.0%   0.0% 	Avg.: 96.6% 
	 96.1%  98.2%  98.9%  95.3%  98.2%  93.4%  97.3%  98.6%   0.0%   0.0% 	Avg.: 97.0% 
	  0.0%   0.0%   0.0%   0.0%   0.0%   0.0%   0.0%   0.0%   0.0%   0.0% 	Avg.:  0.0% 
	  0.0%   0.0%   0.0%   0.0%   0.0%   0.0%   0.0%   0.0%   0.0%   0.0% 	Avg.:  0.0% 
************************************************************************************************************
TAg Acc
	 95.2%   0.0%   0.0%   0.0%   0.0%   0.0%   0.0%   0.0%   0.0%   0.0% 	Avg.: 95.2% 
	 93.8%  94.4%   0.0%   0.0%   0.0%   0.0%   0.0%   0.0%   0.0%   0.0% 	Avg.: 94.1% 
	 93.6%  92.1%  94.7%   0.0%   0.0%   0.0%   0.0%   0.0%   0.0%   0.0% 	Avg.: 93.5% 
	 92.1%  91.0%  94.4%  92.0%   0.0%   0.0%   0.0%   0.0%   0.0%   0.0% 	Avg.: 92.4% 
	 89.5%  91.0%  92.5%  90.8%  95.0%   0.0%   0.0%   0.0%   0.0%   0.0% 	Avg.: 91.8% 
	 86.6%  89.5%  92.6%  89.1%  93.3%  87.1%   0.0%   0.0%   0.0%   0.0% 	Avg.: 89.7% 
	 86.2%  88.3%  91.5%  89.7%  90.9%  86.2%  91.7%   0.0%   0.0%   0.0% 	Avg.: 89.2% 
	 84.9%  87.6%  90.6%  87.4%  89.2%  84.4%  90.6%  90.6%   0.0%   0.0% 	Avg.: 88.2% 
	  0.0%   0.0%   0.0%   0.0%   0.0%   0.0%   0.0%   0.0%   0.0%   0.0% 	Avg.:  0.0% 
	  0.0%   0.0%   0.0%   0.0%   0.0%   0.0%   0.0%   0.0%   0.0%   0.0% 	Avg.:  0.0% 
************************************************************************************************************
TAw Forg
	  0.0%   0.0%   0.0%   0.0%   0.0%   0.0%   0.0%   0.0%   0.0%   0.0% 
	 -0.8%   0.0%   0.0%   0.0%   0.0%   0.0%   0.0%   0.0%   0.0%   0.0% 	Avg.: -0.8% 
	 -0.9%   0.2%   0.0%   0.0%   0.0%   0.0%   0.0%   0.0%   0.0%   0.0% 	Avg.: -0.3% 
	  0.9%   0.4%  -0.2%   0.0%   0.0%   0.0%   0.0%   0.0%   0.0%   0.0% 	Avg.:  0.4% 
	  1.3%  -0.1%   0.5%   0.1%   0.0%   0.0%   0.0%   0.0%   0.0%   0.0% 	Avg.:  0.5% 
	  1.1%  -0.1%  -0.3%   0.2%  -0.3%   0.0%   0.0%   0.0%   0.0%   0.0% 	Avg.:  0.1% 
	  0.7%   0.4%   0.7%  -0.3%  -0.2%  -0.1%   0.0%   0.0%   0.0%   0.0% 	Avg.:  0.2% 
	  0.8%   0.4%   0.2%   0.0%   0.0%  -0.3%  -0.6%   0.0%   0.0%   0.0% 	Avg.:  0.1% 
	  0.0%   0.0%   0.0%   0.0%   0.0%   0.0%   0.0%   0.0%   0.0%   0.0% 	Avg.:  0.0% 
	  0.0%   0.0%   0.0%   0.0%   0.0%   0.0%   0.0%   0.0%   0.0%   0.0% 	Avg.:  0.0% 
************************************************************************************************************
TAg Forg
	  0.0%   0.0%   0.0%   0.0%   0.0%   0.0%   0.0%   0.0%   0.0%   0.0% 
	  1.4%   0.0%   0.0%   0.0%   0.0%   0.0%   0.0%   0.0%   0.0%   0.0% 	Avg.:  1.4% 
	  1.6%   2.3%   0.0%   0.0%   0.0%   0.0%   0.0%   0.0%   0.0%   0.0% 	Avg.:  2.0% 
	  3.1%   3.4%   0.3%   0.0%   0.0%   0.0%   0.0%   0.0%   0.0%   0.0% 	Avg.:  2.3% 
	  5.7%   3.4%   2.2%   1.2%   0.0%   0.0%   0.0%   0.0%   0.0%   0.0% 	Avg.:  3.1% 
	  8.6%   4.9%   2.1%   2.9%   1.7%   0.0%   0.0%   0.0%   0.0%   0.0% 	Avg.:  4.0% 
	  9.0%   6.1%   3.2%   2.3%   4.1%   0.9%   0.0%   0.0%   0.0%   0.0% 	Avg.:  4.3% 
	 10.3%   6.8%   4.1%   4.6%   5.8%   2.7%   1.1%   0.0%   0.0%   0.0% 	Avg.:  5.1% 
	  0.0%   0.0%   0.0%   0.0%   0.0%   0.0%   0.0%   0.0%   0.0%   0.0% 	Avg.:  0.0% 
	  0.0%   0.0%   0.0%   0.0%   0.0%   0.0%   0.0%   0.0%   0.0%   0.0% 	Avg.:  0.0% 
************************************************************************************************************
[Elapsed time = 0.7 h]
Done!
