START_TASK=7 STOP_TASK=8 START_EPOCH=0 STOP_EPOCH=90
============================================================================================================
Arguments =
	all_outputs: False
	approach: joint
	batch_size: 64
	classes_first_task: None
	clipping: 10000
	crop: 224
	data_path: ../data/inat200
	dataset: inat200
	eval_on_train: False
	experiment_path: None
	fix_bn: False
	freeze_backbone: False
	gpu: 0
	gpus: [0]
	increment: 10
	last_layer_analysis: False
	log: ['disk']
	lr: 0.01
	lr_factor: None
	lr_min: 0.0001
	lr_patience: None
	lr_scheduler: cosine
	lr_warmup_epochs: 0
	momentum: 0.0
	multi_softmax: False
	nepochs: 90
	network: resnetv2_101x1_bit.goog_in21k
	no_cudnn_deterministic: False
	normalize: in21k
	num_workers: 2
	optimizer_name: sgd
	pin_memory: False
	pretrained: True
	resize: 224
	results_path: ./results
	save_models: True
	seed: 0
	start_at_task: 7
	start_epoch: 0
	stop_at_task: 8
	stop_epoch: 90
	use_valid_only: False
	warmup_lr_factor: 1.0
	warmup_nepochs: 0
	weight_decay: 0.0
============================================================================================================
Approach arguments =
============================================================================================================
Exemplars arguments =
============================================================================================================
WARNING: ./results/resnetv2_101x1_bit.goog_in21k/inat200/joint/10 already exists!
Loaded acc_taw from: ./results/resnetv2_101x1_bit.goog_in21k/inat200/joint/10/acc_taw-6.txt
Loaded acc_tag from: ./results/resnetv2_101x1_bit.goog_in21k/inat200/joint/10/acc_tag-6.txt
Loaded forg_taw from: ./results/resnetv2_101x1_bit.goog_in21k/inat200/joint/10/forg_taw-6.txt
Loaded forg_tag from: ./results/resnetv2_101x1_bit.goog_in21k/inat200/joint/10/forg_tag-6.txt
[joint] Loaded accumulated datasets up to task 6 from ./results/resnetv2_101x1_bit.goog_in21k/inat200/joint/10/joint_progress
************************************************************************************************************
Task  7  [epochs 0-90]
************************************************************************************************************
[params] total:42,656,400  trainable:42,656,400  tensors:320  trainable_tensors:320
| Epoch   1, time=113.7s | Train: skip eval | Valid: time= 11.8s loss=1.213, TAw acc= 92.2% | * lr=1.0e-02
| Epoch   2, time=112.7s | Train: skip eval | Valid: time= 10.4s loss=1.305, TAw acc= 91.3% | lr=1.0e-02
| Epoch   3, time=114.6s | Train: skip eval | Valid: time= 11.0s loss=1.269, TAw acc= 91.1% | lr=1.0e-02
| Epoch   4, time=112.6s | Train: skip eval | Valid: time= 10.6s loss=1.282, TAw acc= 91.0% | lr=1.0e-02
| Epoch   5, time=115.7s | Train: skip eval | Valid: time= 10.9s loss=1.221, TAw acc= 91.6% | lr=9.9e-03
| Epoch   6, time=114.7s | Train: skip eval | Valid: time= 11.5s loss=1.274, TAw acc= 92.3% | lr=9.9e-03
| Epoch   7, time=107.7s | Train: skip eval | Valid: time= 10.7s loss=1.274, TAw acc= 91.9% | lr=9.9e-03
| Epoch   8, time=105.9s | Train: skip eval | Valid: time= 11.8s loss=1.283, TAw acc= 91.8% | lr=9.8e-03
| Epoch   9, time=122.0s | Train: skip eval | Valid: time= 11.8s loss=1.230, TAw acc= 92.4% | lr=9.8e-03
| Epoch  10, time=110.0s | Train: skip eval | Valid: time= 10.5s loss=1.275, TAw acc= 92.1% | lr=9.7e-03
| Epoch  11, time=113.0s | Train: skip eval | Valid: time= 10.7s loss=1.254, TAw acc= 92.1% | lr=9.6e-03
| Epoch  12, time=111.3s | Train: skip eval | Valid: time= 11.0s loss=1.278, TAw acc= 91.8% | lr=9.6e-03
| Epoch  13, time=115.7s | Train: skip eval | Valid: time= 10.0s loss=1.302, TAw acc= 91.4% | lr=9.5e-03
| Epoch  14, time=109.1s | Train: skip eval | Valid: time= 10.7s loss=1.262, TAw acc= 92.2% | lr=9.4e-03
| Epoch  15, time=111.5s | Train: skip eval | Valid: time= 10.9s loss=1.235, TAw acc= 92.4% | lr=9.3e-03
| Epoch  16, time=113.7s | Train: skip eval | Valid: time= 10.6s loss=1.260, TAw acc= 92.0% | lr=9.2e-03
| Epoch  17, time=108.0s | Train: skip eval | Valid: time= 11.2s loss=1.266, TAw acc= 92.2% | lr=9.2e-03
| Epoch  18, time=117.6s | Train: skip eval | Valid: time= 11.2s loss=1.241, TAw acc= 92.5% | lr=9.1e-03
| Epoch  19, time=113.6s | Train: skip eval | Valid: time= 11.1s loss=1.267, TAw acc= 92.0% | lr=9.0e-03
| Epoch  20, time=113.8s | Train: skip eval | Valid: time= 11.0s loss=1.276, TAw acc= 91.9% | lr=8.8e-03
| Epoch  21, time=113.9s | Train: skip eval | Valid: time= 10.7s loss=1.307, TAw acc= 91.8% | lr=8.7e-03
| Epoch  22, time=112.1s | Train: skip eval | Valid: time= 10.1s loss=1.257, TAw acc= 92.4% | lr=8.6e-03
| Epoch  23, time=109.9s | Train: skip eval | Valid: time= 11.0s loss=1.268, TAw acc= 92.0% | lr=8.5e-03
| Epoch  24, time=117.6s | Train: skip eval | Valid: time= 11.4s loss=1.294, TAw acc= 91.9% | lr=8.4e-03
| Epoch  25, time=112.4s | Train: skip eval | Valid: time= 11.8s loss=1.259, TAw acc= 91.9% | lr=8.2e-03
| Epoch  26, time=114.7s | Train: skip eval | Valid: time= 11.4s loss=1.273, TAw acc= 92.1% | lr=8.1e-03
| Epoch  27, time=119.1s | Train: skip eval | Valid: time= 10.1s loss=1.295, TAw acc= 92.2% | lr=8.0e-03
| Epoch  28, time=108.0s | Train: skip eval | Valid: time= 10.7s loss=1.232, TAw acc= 92.1% | lr=7.8e-03
| Epoch  29, time=109.3s | Train: skip eval | Valid: time= 11.6s loss=1.211, TAw acc= 92.5% | * lr=7.7e-03
| Epoch  30, time=109.5s | Train: skip eval | Valid: time= 10.5s loss=1.220, TAw acc= 92.4% | lr=7.5e-03
| Epoch  31, time=110.0s | Train: skip eval | Valid: time= 11.1s loss=1.252, TAw acc= 91.7% | lr=7.4e-03
| Epoch  32, time=110.8s | Train: skip eval | Valid: time= 12.0s loss=1.287, TAw acc= 91.8% | lr=7.2e-03
| Epoch  33, time=108.5s | Train: skip eval | Valid: time= 11.4s loss=1.286, TAw acc= 91.6% | lr=7.1e-03
| Epoch  34, time=110.1s | Train: skip eval | Valid: time= 11.2s loss=1.274, TAw acc= 91.9% | lr=6.9e-03
| Epoch  35, time=114.9s | Train: skip eval | Valid: time= 11.5s loss=1.266, TAw acc= 92.2% | lr=6.7e-03
| Epoch  36, time=111.0s | Train: skip eval | Valid: time= 10.2s loss=1.303, TAw acc= 91.9% | lr=6.6e-03
| Epoch  37, time=113.6s | Train: skip eval | Valid: time= 10.8s loss=1.297, TAw acc= 91.9% | lr=6.4e-03
| Epoch  38, time=112.5s | Train: skip eval | Valid: time= 11.8s loss=1.282, TAw acc= 92.2% | lr=6.2e-03
| Epoch  39, time=109.2s | Train: skip eval | Valid: time= 11.3s loss=1.254, TAw acc= 92.2% | lr=6.1e-03
| Epoch  40, time=110.3s | Train: skip eval | Valid: time= 11.6s loss=1.261, TAw acc= 92.2% | lr=5.9e-03
| Epoch  41, time=114.0s | Train: skip eval | Valid: time= 10.1s loss=1.273, TAw acc= 92.0% | lr=5.7e-03
| Epoch  42, time=116.1s | Train: skip eval | Valid: time= 10.5s loss=1.286, TAw acc= 91.8% | lr=5.6e-03
| Epoch  43, time=112.5s | Train: skip eval | Valid: time= 10.4s loss=1.265, TAw acc= 92.3% | lr=5.4e-03
| Epoch  44, time=111.8s | Train: skip eval | Valid: time= 11.6s loss=1.284, TAw acc= 91.9% | lr=5.2e-03
| Epoch  45, time=106.7s | Train: skip eval | Valid: time= 10.7s loss=1.232, TAw acc= 92.2% | lr=5.1e-03
| Epoch  46, time=114.6s | Train: skip eval | Valid: time= 10.4s loss=1.283, TAw acc= 91.7% | lr=4.9e-03
| Epoch  47, time=108.6s | Train: skip eval | Valid: time= 10.2s loss=1.255, TAw acc= 91.8% | lr=4.7e-03
| Epoch  48, time=112.7s | Train: skip eval | Valid: time= 10.9s loss=1.259, TAw acc= 91.9% | lr=4.5e-03
| Epoch  49, time=110.8s | Train: skip eval | Valid: time= 11.2s loss=1.224, TAw acc= 92.0% | lr=4.4e-03
| Epoch  50, time=106.1s | Train: skip eval | Valid: time= 11.7s loss=1.230, TAw acc= 91.9% | lr=4.2e-03
| Epoch  51, time=109.4s | Train: skip eval | Valid: time= 11.2s loss=1.215, TAw acc= 92.4% | lr=4.0e-03
| Epoch  52, time=116.3s | Train: skip eval | Valid: time= 10.5s loss=1.221, TAw acc= 92.1% | lr=3.9e-03
| Epoch  53, time=116.5s | Train: skip eval | Valid: time= 10.9s loss=1.247, TAw acc= 92.2% | lr=3.7e-03
| Epoch  54, time=110.9s | Train: skip eval | Valid: time= 11.1s loss=1.246, TAw acc= 92.0% | lr=3.5e-03
| Epoch  55, time=109.4s | Train: skip eval | Valid: time= 11.8s loss=1.231, TAw acc= 92.0% | lr=3.4e-03
| Epoch  56, time=116.8s | Train: skip eval | Valid: time= 10.9s loss=1.220, TAw acc= 92.2% | lr=3.2e-03
| Epoch  57, time=117.0s | Train: skip eval | Valid: time= 10.4s loss=1.222, TAw acc= 92.2% | lr=3.0e-03
| Epoch  58, time=107.8s | Train: skip eval | Valid: time= 10.7s loss=1.211, TAw acc= 92.1% | * lr=2.9e-03
| Epoch  59, time=111.0s | Train: skip eval | Valid: time= 14.9s loss=1.223, TAw acc= 91.9% | lr=2.7e-03
| Epoch  60, time=115.6s | Train: skip eval | Valid: time= 10.9s loss=1.210, TAw acc= 92.6% | * lr=2.6e-03
| Epoch  61, time=112.1s | Train: skip eval | Valid: time= 10.5s loss=1.211, TAw acc= 92.1% | lr=2.4e-03
| Epoch  62, time=110.9s | Train: skip eval | Valid: time= 10.6s loss=1.201, TAw acc= 92.2% | * lr=2.3e-03
| Epoch  63, time=114.7s | Train: skip eval | Valid: time= 10.8s loss=1.210, TAw acc= 92.3% | lr=2.1e-03
| Epoch  64, time=117.2s | Train: skip eval | Valid: time= 11.2s loss=1.206, TAw acc= 92.1% | lr=2.0e-03
| Epoch  65, time=118.6s | Train: skip eval | Valid: time= 10.7s loss=1.203, TAw acc= 92.2% | lr=1.9e-03
| Epoch  66, time=113.1s | Train: skip eval | Valid: time= 11.1s loss=1.212, TAw acc= 92.3% | lr=1.7e-03
| Epoch  67, time=110.3s | Train: skip eval | Valid: time= 12.1s loss=1.199, TAw acc= 92.2% | * lr=1.6e-03
| Epoch  68, time=114.2s | Train: skip eval | Valid: time= 10.6s loss=1.213, TAw acc= 92.4% | lr=1.5e-03
| Epoch  69, time=112.8s | Train: skip eval | Valid: time= 10.8s loss=1.213, TAw acc= 92.3% | lr=1.4e-03
| Epoch  70, time=109.6s | Train: skip eval | Valid: time= 11.1s loss=1.200, TAw acc= 92.3% | lr=1.3e-03
| Epoch  71, time=113.3s | Train: skip eval | Valid: time= 10.6s loss=1.202, TAw acc= 92.2% | lr=1.1e-03
| Epoch  72, time=112.1s | Train: skip eval | Valid: time= 12.2s loss=1.192, TAw acc= 92.5% | * lr=1.0e-03
| Epoch  73, time=120.9s | Train: skip eval | Valid: time= 10.3s loss=1.198, TAw acc= 92.3% | lr=9.5e-04
| Epoch  74, time=109.2s | Train: skip eval | Valid: time= 11.6s loss=1.188, TAw acc= 92.2% | * lr=8.5e-04
| Epoch  75, time=110.6s | Train: skip eval | Valid: time= 10.7s loss=1.201, TAw acc= 92.3% | lr=7.6e-04
| Epoch  76, time=116.7s | Train: skip eval | Valid: time= 12.7s loss=1.197, TAw acc= 92.3% | lr=6.8e-04
| Epoch  77, time=110.6s | Train: skip eval | Valid: time= 10.9s loss=1.196, TAw acc= 92.2% | lr=6.0e-04
| Epoch  78, time=111.6s | Train: skip eval | Valid: time= 11.2s loss=1.191, TAw acc= 92.3% | lr=5.3e-04
| Epoch  79, time=115.1s | Train: skip eval | Valid: time= 10.7s loss=1.195, TAw acc= 92.2% | lr=4.6e-04
| Epoch  80, time=111.7s | Train: skip eval | Valid: time= 10.5s loss=1.190, TAw acc= 92.2% | lr=4.0e-04
| Epoch  81, time=114.4s | Train: skip eval | Valid: time= 10.8s loss=1.188, TAw acc= 92.2% | lr=3.4e-04
| Epoch  82, time=121.3s | Train: skip eval | Valid: time= 10.7s loss=1.184, TAw acc= 92.4% | * lr=2.9e-04
| Epoch  83, time=111.7s | Train: skip eval | Valid: time= 11.5s loss=1.188, TAw acc= 92.3% | lr=2.5e-04
| Epoch  84, time=106.8s | Train: skip eval | Valid: time= 10.1s loss=1.189, TAw acc= 92.4% | lr=2.1e-04
| Epoch  85, time=120.3s | Train: skip eval | Valid: time= 11.3s loss=1.188, TAw acc= 92.5% | lr=1.8e-04
| Epoch  86, time=113.9s | Train: skip eval | Valid: time= 10.7s loss=1.188, TAw acc= 92.4% | lr=1.5e-04
| Epoch  87, time=112.6s | Train: skip eval | Valid: time= 10.6s loss=1.187, TAw acc= 92.4% | lr=1.3e-04
| Epoch  88, time=114.5s | Train: skip eval | Valid: time= 11.1s loss=1.187, TAw acc= 92.3% | lr=1.1e-04
| Epoch  89, time=113.6s | Train: skip eval | Valid: time= 11.0s loss=1.188, TAw acc= 92.4% | lr=1.0e-04
| Epoch  90, time=111.8s | Train: skip eval | Valid: time= 10.8s loss=1.188, TAw acc= 92.3% | lr=1.0e-04
------------------------------------------------------------------------------------------------------------
>>> Test on task  0 : loss=1.443 | TAw acc= 93.7%, forg=  1.0% | TAg acc= 76.1%, forg= 18.3% <<<
>>> Test on task  1 : loss=1.417 | TAw acc= 90.7%, forg=  1.6% | TAg acc= 75.7%, forg= 11.4% <<<
>>> Test on task  2 : loss=1.052 | TAw acc= 94.3%, forg=  1.2% | TAg acc= 79.9%, forg= 10.5% <<<
>>> Test on task  3 : loss=1.439 | TAw acc= 89.1%, forg=  1.0% | TAg acc= 73.5%, forg=  6.1% <<<
>>> Test on task  4 : loss=1.539 | TAw acc= 90.1%, forg=  1.8% | TAg acc= 71.8%, forg=  6.0% <<<
>>> Test on task  5 : loss=1.382 | TAw acc= 88.7%, forg=  0.5% | TAg acc= 76.2%, forg=  2.8% <<<
>>> Test on task  6 : loss=0.718 | TAw acc= 93.6%, forg= -1.6% | TAg acc= 83.2%, forg=  0.6% <<<
>>> Test on task  7 : loss=0.993 | TAw acc= 91.9%, forg=  0.0% | TAg acc= 78.1%, forg=  0.0% <<<
Save at ./results/./results/resnetv2_101x1_bit.goog_in21k/inat200/joint/10
[joint] Saved accumulated datasets up to task 7 → ./results/resnetv2_101x1_bit.goog_in21k/inat200/joint/10/joint_progress
************************************************************************************************************
TAw Acc
	 94.4%   0.0%   0.0%   0.0%   0.0%   0.0%   0.0%   0.0%   0.0%   0.0%   0.0%   0.0%   0.0%   0.0%   0.0%   0.0%   0.0%   0.0%   0.0%   0.0% 	Avg.: 94.4% 
	 92.6%  91.7%   0.0%   0.0%   0.0%   0.0%   0.0%   0.0%   0.0%   0.0%   0.0%   0.0%   0.0%   0.0%   0.0%   0.0%   0.0%   0.0%   0.0%   0.0% 	Avg.: 92.1% 
	 94.7%  91.9%  95.5%   0.0%   0.0%   0.0%   0.0%   0.0%   0.0%   0.0%   0.0%   0.0%   0.0%   0.0%   0.0%   0.0%   0.0%   0.0%   0.0%   0.0% 	Avg.: 94.0% 
	 94.5%  91.8%  95.2%  85.6%   0.0%   0.0%   0.0%   0.0%   0.0%   0.0%   0.0%   0.0%   0.0%   0.0%   0.0%   0.0%   0.0%   0.0%   0.0%   0.0% 	Avg.: 91.8% 
	 93.5%  90.6%  94.7%  88.4%  89.2%   0.0%   0.0%   0.0%   0.0%   0.0%   0.0%   0.0%   0.0%   0.0%   0.0%   0.0%   0.0%   0.0%   0.0%   0.0% 	Avg.: 91.3% 
	 94.3%  92.3%  94.5%  89.3%  91.9%  89.2%   0.0%   0.0%   0.0%   0.0%   0.0%   0.0%   0.0%   0.0%   0.0%   0.0%   0.0%   0.0%   0.0%   0.0% 	Avg.: 91.9% 
	 93.7%  91.0%  94.0%  90.1%  90.4%  88.4%  92.0%   0.0%   0.0%   0.0%   0.0%   0.0%   0.0%   0.0%   0.0%   0.0%   0.0%   0.0%   0.0%   0.0% 	Avg.: 91.4% 
	 93.7%  90.7%  94.3%  89.1%  90.1%  88.7%  93.6%  91.9%   0.0%   0.0%   0.0%   0.0%   0.0%   0.0%   0.0%   0.0%   0.0%   0.0%   0.0%   0.0% 	Avg.: 91.5% 
	  0.0%   0.0%   0.0%   0.0%   0.0%   0.0%   0.0%   0.0%   0.0%   0.0%   0.0%   0.0%   0.0%   0.0%   0.0%   0.0%   0.0%   0.0%   0.0%   0.0% 	Avg.:  0.0% 
	  0.0%   0.0%   0.0%   0.0%   0.0%   0.0%   0.0%   0.0%   0.0%   0.0%   0.0%   0.0%   0.0%   0.0%   0.0%   0.0%   0.0%   0.0%   0.0%   0.0% 	Avg.:  0.0% 
	  0.0%   0.0%   0.0%   0.0%   0.0%   0.0%   0.0%   0.0%   0.0%   0.0%   0.0%   0.0%   0.0%   0.0%   0.0%   0.0%   0.0%   0.0%   0.0%   0.0% 	Avg.:  0.0% 
	  0.0%   0.0%   0.0%   0.0%   0.0%   0.0%   0.0%   0.0%   0.0%   0.0%   0.0%   0.0%   0.0%   0.0%   0.0%   0.0%   0.0%   0.0%   0.0%   0.0% 	Avg.:  0.0% 
	  0.0%   0.0%   0.0%   0.0%   0.0%   0.0%   0.0%   0.0%   0.0%   0.0%   0.0%   0.0%   0.0%   0.0%   0.0%   0.0%   0.0%   0.0%   0.0%   0.0% 	Avg.:  0.0% 
	  0.0%   0.0%   0.0%   0.0%   0.0%   0.0%   0.0%   0.0%   0.0%   0.0%   0.0%   0.0%   0.0%   0.0%   0.0%   0.0%   0.0%   0.0%   0.0%   0.0% 	Avg.:  0.0% 
	  0.0%   0.0%   0.0%   0.0%   0.0%   0.0%   0.0%   0.0%   0.0%   0.0%   0.0%   0.0%   0.0%   0.0%   0.0%   0.0%   0.0%   0.0%   0.0%   0.0% 	Avg.:  0.0% 
	  0.0%   0.0%   0.0%   0.0%   0.0%   0.0%   0.0%   0.0%   0.0%   0.0%   0.0%   0.0%   0.0%   0.0%   0.0%   0.0%   0.0%   0.0%   0.0%   0.0% 	Avg.:  0.0% 
	  0.0%   0.0%   0.0%   0.0%   0.0%   0.0%   0.0%   0.0%   0.0%   0.0%   0.0%   0.0%   0.0%   0.0%   0.0%   0.0%   0.0%   0.0%   0.0%   0.0% 	Avg.:  0.0% 
	  0.0%   0.0%   0.0%   0.0%   0.0%   0.0%   0.0%   0.0%   0.0%   0.0%   0.0%   0.0%   0.0%   0.0%   0.0%   0.0%   0.0%   0.0%   0.0%   0.0% 	Avg.:  0.0% 
	  0.0%   0.0%   0.0%   0.0%   0.0%   0.0%   0.0%   0.0%   0.0%   0.0%   0.0%   0.0%   0.0%   0.0%   0.0%   0.0%   0.0%   0.0%   0.0%   0.0% 	Avg.:  0.0% 
	  0.0%   0.0%   0.0%   0.0%   0.0%   0.0%   0.0%   0.0%   0.0%   0.0%   0.0%   0.0%   0.0%   0.0%   0.0%   0.0%   0.0%   0.0%   0.0%   0.0% 	Avg.:  0.0% 
************************************************************************************************************
TAg Acc
	 94.4%   0.0%   0.0%   0.0%   0.0%   0.0%   0.0%   0.0%   0.0%   0.0%   0.0%   0.0%   0.0%   0.0%   0.0%   0.0%   0.0%   0.0%   0.0%   0.0% 	Avg.: 94.4% 
	 87.6%  87.1%   0.0%   0.0%   0.0%   0.0%   0.0%   0.0%   0.0%   0.0%   0.0%   0.0%   0.0%   0.0%   0.0%   0.0%   0.0%   0.0%   0.0%   0.0% 	Avg.: 87.3% 
	 86.5%  85.3%  90.4%   0.0%   0.0%   0.0%   0.0%   0.0%   0.0%   0.0%   0.0%   0.0%   0.0%   0.0%   0.0%   0.0%   0.0%   0.0%   0.0%   0.0% 	Avg.: 87.4% 
	 79.4%  77.5%  86.1%  79.6%   0.0%   0.0%   0.0%   0.0%   0.0%   0.0%   0.0%   0.0%   0.0%   0.0%   0.0%   0.0%   0.0%   0.0%   0.0%   0.0% 	Avg.: 80.7% 
	 78.7%  77.2%  82.5%  78.9%  74.3%   0.0%   0.0%   0.0%   0.0%   0.0%   0.0%   0.0%   0.0%   0.0%   0.0%   0.0%   0.0%   0.0%   0.0%   0.0% 	Avg.: 78.3% 
	 79.4%  79.2%  82.7%  79.2%  77.8%  79.0%   0.0%   0.0%   0.0%   0.0%   0.0%   0.0%   0.0%   0.0%   0.0%   0.0%   0.0%   0.0%   0.0%   0.0% 	Avg.: 79.6% 
	 75.0%  75.2%  80.7%  74.2%  76.6%  74.8%  83.8%   0.0%   0.0%   0.0%   0.0%   0.0%   0.0%   0.0%   0.0%   0.0%   0.0%   0.0%   0.0%   0.0% 	Avg.: 77.2% 
	 76.1%  75.7%  79.9%  73.5%  71.8%  76.2%  83.2%  78.1%   0.0%   0.0%   0.0%   0.0%   0.0%   0.0%   0.0%   0.0%   0.0%   0.0%   0.0%   0.0% 	Avg.: 76.8% 
	  0.0%   0.0%   0.0%   0.0%   0.0%   0.0%   0.0%   0.0%   0.0%   0.0%   0.0%   0.0%   0.0%   0.0%   0.0%   0.0%   0.0%   0.0%   0.0%   0.0% 	Avg.:  0.0% 
	  0.0%   0.0%   0.0%   0.0%   0.0%   0.0%   0.0%   0.0%   0.0%   0.0%   0.0%   0.0%   0.0%   0.0%   0.0%   0.0%   0.0%   0.0%   0.0%   0.0% 	Avg.:  0.0% 
	  0.0%   0.0%   0.0%   0.0%   0.0%   0.0%   0.0%   0.0%   0.0%   0.0%   0.0%   0.0%   0.0%   0.0%   0.0%   0.0%   0.0%   0.0%   0.0%   0.0% 	Avg.:  0.0% 
	  0.0%   0.0%   0.0%   0.0%   0.0%   0.0%   0.0%   0.0%   0.0%   0.0%   0.0%   0.0%   0.0%   0.0%   0.0%   0.0%   0.0%   0.0%   0.0%   0.0% 	Avg.:  0.0% 
	  0.0%   0.0%   0.0%   0.0%   0.0%   0.0%   0.0%   0.0%   0.0%   0.0%   0.0%   0.0%   0.0%   0.0%   0.0%   0.0%   0.0%   0.0%   0.0%   0.0% 	Avg.:  0.0% 
	  0.0%   0.0%   0.0%   0.0%   0.0%   0.0%   0.0%   0.0%   0.0%   0.0%   0.0%   0.0%   0.0%   0.0%   0.0%   0.0%   0.0%   0.0%   0.0%   0.0% 	Avg.:  0.0% 
	  0.0%   0.0%   0.0%   0.0%   0.0%   0.0%   0.0%   0.0%   0.0%   0.0%   0.0%   0.0%   0.0%   0.0%   0.0%   0.0%   0.0%   0.0%   0.0%   0.0% 	Avg.:  0.0% 
	  0.0%   0.0%   0.0%   0.0%   0.0%   0.0%   0.0%   0.0%   0.0%   0.0%   0.0%   0.0%   0.0%   0.0%   0.0%   0.0%   0.0%   0.0%   0.0%   0.0% 	Avg.:  0.0% 
	  0.0%   0.0%   0.0%   0.0%   0.0%   0.0%   0.0%   0.0%   0.0%   0.0%   0.0%   0.0%   0.0%   0.0%   0.0%   0.0%   0.0%   0.0%   0.0%   0.0% 	Avg.:  0.0% 
	  0.0%   0.0%   0.0%   0.0%   0.0%   0.0%   0.0%   0.0%   0.0%   0.0%   0.0%   0.0%   0.0%   0.0%   0.0%   0.0%   0.0%   0.0%   0.0%   0.0% 	Avg.:  0.0% 
	  0.0%   0.0%   0.0%   0.0%   0.0%   0.0%   0.0%   0.0%   0.0%   0.0%   0.0%   0.0%   0.0%   0.0%   0.0%   0.0%   0.0%   0.0%   0.0%   0.0% 	Avg.:  0.0% 
	  0.0%   0.0%   0.0%   0.0%   0.0%   0.0%   0.0%   0.0%   0.0%   0.0%   0.0%   0.0%   0.0%   0.0%   0.0%   0.0%   0.0%   0.0%   0.0%   0.0% 	Avg.:  0.0% 
************************************************************************************************************
TAw Forg
	  0.0%   0.0%   0.0%   0.0%   0.0%   0.0%   0.0%   0.0%   0.0%   0.0%   0.0%   0.0%   0.0%   0.0%   0.0%   0.0%   0.0%   0.0%   0.0%   0.0% 
	  1.8%   0.0%   0.0%   0.0%   0.0%   0.0%   0.0%   0.0%   0.0%   0.0%   0.0%   0.0%   0.0%   0.0%   0.0%   0.0%   0.0%   0.0%   0.0%   0.0% 	Avg.:  1.8% 
	 -0.3%  -0.2%   0.0%   0.0%   0.0%   0.0%   0.0%   0.0%   0.0%   0.0%   0.0%   0.0%   0.0%   0.0%   0.0%   0.0%   0.0%   0.0%   0.0%   0.0% 	Avg.: -0.2% 
	  0.2%   0.1%   0.3%   0.0%   0.0%   0.0%   0.0%   0.0%   0.0%   0.0%   0.0%   0.0%   0.0%   0.0%   0.0%   0.0%   0.0%   0.0%   0.0%   0.0% 	Avg.:  0.2% 
	  1.2%   1.3%   0.8%  -2.8%   0.0%   0.0%   0.0%   0.0%   0.0%   0.0%   0.0%   0.0%   0.0%   0.0%   0.0%   0.0%   0.0%   0.0%   0.0%   0.0% 	Avg.:  0.1% 
	  0.4%  -0.4%   1.0%  -0.9%  -2.7%   0.0%   0.0%   0.0%   0.0%   0.0%   0.0%   0.0%   0.0%   0.0%   0.0%   0.0%   0.0%   0.0%   0.0%   0.0% 	Avg.: -0.5% 
	  1.0%   1.3%   1.5%  -0.8%   1.5%   0.8%   0.0%   0.0%   0.0%   0.0%   0.0%   0.0%   0.0%   0.0%   0.0%   0.0%   0.0%   0.0%   0.0%   0.0% 	Avg.:  0.9% 
	  1.0%   1.6%   1.2%   1.0%   1.8%   0.5%  -1.6%   0.0%   0.0%   0.0%   0.0%   0.0%   0.0%   0.0%   0.0%   0.0%   0.0%   0.0%   0.0%   0.0% 	Avg.:  0.8% 
	  0.0%   0.0%   0.0%   0.0%   0.0%   0.0%   0.0%   0.0%   0.0%   0.0%   0.0%   0.0%   0.0%   0.0%   0.0%   0.0%   0.0%   0.0%   0.0%   0.0% 	Avg.:  0.0% 
	  0.0%   0.0%   0.0%   0.0%   0.0%   0.0%   0.0%   0.0%   0.0%   0.0%   0.0%   0.0%   0.0%   0.0%   0.0%   0.0%   0.0%   0.0%   0.0%   0.0% 	Avg.:  0.0% 
	  0.0%   0.0%   0.0%   0.0%   0.0%   0.0%   0.0%   0.0%   0.0%   0.0%   0.0%   0.0%   0.0%   0.0%   0.0%   0.0%   0.0%   0.0%   0.0%   0.0% 	Avg.:  0.0% 
	  0.0%   0.0%   0.0%   0.0%   0.0%   0.0%   0.0%   0.0%   0.0%   0.0%   0.0%   0.0%   0.0%   0.0%   0.0%   0.0%   0.0%   0.0%   0.0%   0.0% 	Avg.:  0.0% 
	  0.0%   0.0%   0.0%   0.0%   0.0%   0.0%   0.0%   0.0%   0.0%   0.0%   0.0%   0.0%   0.0%   0.0%   0.0%   0.0%   0.0%   0.0%   0.0%   0.0% 	Avg.:  0.0% 
	  0.0%   0.0%   0.0%   0.0%   0.0%   0.0%   0.0%   0.0%   0.0%   0.0%   0.0%   0.0%   0.0%   0.0%   0.0%   0.0%   0.0%   0.0%   0.0%   0.0% 	Avg.:  0.0% 
	  0.0%   0.0%   0.0%   0.0%   0.0%   0.0%   0.0%   0.0%   0.0%   0.0%   0.0%   0.0%   0.0%   0.0%   0.0%   0.0%   0.0%   0.0%   0.0%   0.0% 	Avg.:  0.0% 
	  0.0%   0.0%   0.0%   0.0%   0.0%   0.0%   0.0%   0.0%   0.0%   0.0%   0.0%   0.0%   0.0%   0.0%   0.0%   0.0%   0.0%   0.0%   0.0%   0.0% 	Avg.:  0.0% 
	  0.0%   0.0%   0.0%   0.0%   0.0%   0.0%   0.0%   0.0%   0.0%   0.0%   0.0%   0.0%   0.0%   0.0%   0.0%   0.0%   0.0%   0.0%   0.0%   0.0% 	Avg.:  0.0% 
	  0.0%   0.0%   0.0%   0.0%   0.0%   0.0%   0.0%   0.0%   0.0%   0.0%   0.0%   0.0%   0.0%   0.0%   0.0%   0.0%   0.0%   0.0%   0.0%   0.0% 	Avg.:  0.0% 
	  0.0%   0.0%   0.0%   0.0%   0.0%   0.0%   0.0%   0.0%   0.0%   0.0%   0.0%   0.0%   0.0%   0.0%   0.0%   0.0%   0.0%   0.0%   0.0%   0.0% 	Avg.:  0.0% 
	  0.0%   0.0%   0.0%   0.0%   0.0%   0.0%   0.0%   0.0%   0.0%   0.0%   0.0%   0.0%   0.0%   0.0%   0.0%   0.0%   0.0%   0.0%   0.0%   0.0% 	Avg.:  0.0% 
************************************************************************************************************
TAg Forg
	  0.0%   0.0%   0.0%   0.0%   0.0%   0.0%   0.0%   0.0%   0.0%   0.0%   0.0%   0.0%   0.0%   0.0%   0.0%   0.0%   0.0%   0.0%   0.0%   0.0% 
	  6.8%   0.0%   0.0%   0.0%   0.0%   0.0%   0.0%   0.0%   0.0%   0.0%   0.0%   0.0%   0.0%   0.0%   0.0%   0.0%   0.0%   0.0%   0.0%   0.0% 	Avg.:  6.8% 
	  7.9%   1.8%   0.0%   0.0%   0.0%   0.0%   0.0%   0.0%   0.0%   0.0%   0.0%   0.0%   0.0%   0.0%   0.0%   0.0%   0.0%   0.0%   0.0%   0.0% 	Avg.:  4.9% 
	 15.0%   9.6%   4.3%   0.0%   0.0%   0.0%   0.0%   0.0%   0.0%   0.0%   0.0%   0.0%   0.0%   0.0%   0.0%   0.0%   0.0%   0.0%   0.0%   0.0% 	Avg.:  9.6% 
	 15.7%   9.9%   7.9%   0.7%   0.0%   0.0%   0.0%   0.0%   0.0%   0.0%   0.0%   0.0%   0.0%   0.0%   0.0%   0.0%   0.0%   0.0%   0.0%   0.0% 	Avg.:  8.6% 
	 15.0%   7.9%   7.7%   0.4%  -3.5%   0.0%   0.0%   0.0%   0.0%   0.0%   0.0%   0.0%   0.0%   0.0%   0.0%   0.0%   0.0%   0.0%   0.0%   0.0% 	Avg.:  5.5% 
	 19.4%  11.9%   9.7%   5.4%   1.2%   4.2%   0.0%   0.0%   0.0%   0.0%   0.0%   0.0%   0.0%   0.0%   0.0%   0.0%   0.0%   0.0%   0.0%   0.0% 	Avg.:  8.6% 
	 18.3%  11.4%  10.5%   6.1%   6.0%   2.8%   0.6%   0.0%   0.0%   0.0%   0.0%   0.0%   0.0%   0.0%   0.0%   0.0%   0.0%   0.0%   0.0%   0.0% 	Avg.:  8.0% 
	  0.0%   0.0%   0.0%   0.0%   0.0%   0.0%   0.0%   0.0%   0.0%   0.0%   0.0%   0.0%   0.0%   0.0%   0.0%   0.0%   0.0%   0.0%   0.0%   0.0% 	Avg.:  0.0% 
	  0.0%   0.0%   0.0%   0.0%   0.0%   0.0%   0.0%   0.0%   0.0%   0.0%   0.0%   0.0%   0.0%   0.0%   0.0%   0.0%   0.0%   0.0%   0.0%   0.0% 	Avg.:  0.0% 
	  0.0%   0.0%   0.0%   0.0%   0.0%   0.0%   0.0%   0.0%   0.0%   0.0%   0.0%   0.0%   0.0%   0.0%   0.0%   0.0%   0.0%   0.0%   0.0%   0.0% 	Avg.:  0.0% 
	  0.0%   0.0%   0.0%   0.0%   0.0%   0.0%   0.0%   0.0%   0.0%   0.0%   0.0%   0.0%   0.0%   0.0%   0.0%   0.0%   0.0%   0.0%   0.0%   0.0% 	Avg.:  0.0% 
	  0.0%   0.0%   0.0%   0.0%   0.0%   0.0%   0.0%   0.0%   0.0%   0.0%   0.0%   0.0%   0.0%   0.0%   0.0%   0.0%   0.0%   0.0%   0.0%   0.0% 	Avg.:  0.0% 
	  0.0%   0.0%   0.0%   0.0%   0.0%   0.0%   0.0%   0.0%   0.0%   0.0%   0.0%   0.0%   0.0%   0.0%   0.0%   0.0%   0.0%   0.0%   0.0%   0.0% 	Avg.:  0.0% 
	  0.0%   0.0%   0.0%   0.0%   0.0%   0.0%   0.0%   0.0%   0.0%   0.0%   0.0%   0.0%   0.0%   0.0%   0.0%   0.0%   0.0%   0.0%   0.0%   0.0% 	Avg.:  0.0% 
	  0.0%   0.0%   0.0%   0.0%   0.0%   0.0%   0.0%   0.0%   0.0%   0.0%   0.0%   0.0%   0.0%   0.0%   0.0%   0.0%   0.0%   0.0%   0.0%   0.0% 	Avg.:  0.0% 
	  0.0%   0.0%   0.0%   0.0%   0.0%   0.0%   0.0%   0.0%   0.0%   0.0%   0.0%   0.0%   0.0%   0.0%   0.0%   0.0%   0.0%   0.0%   0.0%   0.0% 	Avg.:  0.0% 
	  0.0%   0.0%   0.0%   0.0%   0.0%   0.0%   0.0%   0.0%   0.0%   0.0%   0.0%   0.0%   0.0%   0.0%   0.0%   0.0%   0.0%   0.0%   0.0%   0.0% 	Avg.:  0.0% 
	  0.0%   0.0%   0.0%   0.0%   0.0%   0.0%   0.0%   0.0%   0.0%   0.0%   0.0%   0.0%   0.0%   0.0%   0.0%   0.0%   0.0%   0.0%   0.0%   0.0% 	Avg.:  0.0% 
	  0.0%   0.0%   0.0%   0.0%   0.0%   0.0%   0.0%   0.0%   0.0%   0.0%   0.0%   0.0%   0.0%   0.0%   0.0%   0.0%   0.0%   0.0%   0.0%   0.0% 	Avg.:  0.0% 
************************************************************************************************************
[Elapsed time = 3.1 h]
Done!
