START_TASK=10 STOP_TASK=11 START_EPOCH=45 STOP_EPOCH=90
============================================================================================================
Arguments =
	all_outputs: False
	approach: joint
	batch_size: 64
	classes_first_task: None
	clipping: 10000
	crop: 224
	data_path: ../data/inat200
	dataset: inat200
	eval_on_train: False
	experiment_path: None
	fix_bn: False
	freeze_backbone: False
	gpu: 0
	gpus: [0]
	increment: 10
	last_layer_analysis: False
	log: ['disk']
	lr: 0.01
	lr_factor: None
	lr_min: 0.0001
	lr_patience: None
	lr_scheduler: cosine
	lr_warmup_epochs: 0
	momentum: 0.0
	multi_softmax: False
	nepochs: 90
	network: resnetv2_101x1_bit.goog_in21k
	no_cudnn_deterministic: False
	normalize: in21k
	num_workers: 2
	optimizer_name: sgd
	pin_memory: False
	pretrained: True
	resize: 224
	results_path: ./results
	save_models: True
	seed: 0
	start_at_task: 10
	start_epoch: 45
	stop_at_task: 11
	stop_epoch: 90
	use_valid_only: False
	warmup_lr_factor: 1.0
	warmup_nepochs: 0
	weight_decay: 0.0
============================================================================================================
Approach arguments =
============================================================================================================
Exemplars arguments =
============================================================================================================
WARNING: ./results/resnetv2_101x1_bit.goog_in21k/inat200/joint/10 already exists!
Loaded acc_taw from: ./results/resnetv2_101x1_bit.goog_in21k/inat200/joint/10/acc_taw-9.txt
Loaded acc_tag from: ./results/resnetv2_101x1_bit.goog_in21k/inat200/joint/10/acc_tag-9.txt
Loaded forg_taw from: ./results/resnetv2_101x1_bit.goog_in21k/inat200/joint/10/forg_taw-9.txt
Loaded forg_tag from: ./results/resnetv2_101x1_bit.goog_in21k/inat200/joint/10/forg_tag-9.txt
[joint] Loaded accumulated datasets up to task 10 from ./results/resnetv2_101x1_bit.goog_in21k/inat200/joint/10/joint_progress
************************************************************************************************************
Task 10  [epochs 45-90]
************************************************************************************************************
[params] total:42,717,870  trainable:42,717,870  tensors:326  trainable_tensors:326
| Epoch  46, time=151.8s | Train: skip eval | Valid: time= 14.8s loss=1.735, TAw acc= 91.0% | lr=4.9e-03
| Epoch  47, time=163.5s | Train: skip eval | Valid: time= 15.4s loss=1.658, TAw acc= 91.7% | lr=4.7e-03
| Epoch  48, time=155.6s | Train: skip eval | Valid: time= 15.3s loss=1.726, TAw acc= 91.6% | lr=4.5e-03
| Epoch  49, time=158.9s | Train: skip eval | Valid: time= 16.8s loss=1.620, TAw acc= 91.8% | lr=4.4e-03
| Epoch  50, time=157.2s | Train: skip eval | Valid: time= 14.6s loss=1.702, TAw acc= 91.7% | lr=4.2e-03
| Epoch  51, time=164.8s | Train: skip eval | Valid: time= 17.1s loss=1.684, TAw acc= 91.8% | lr=4.0e-03
| Epoch  52, time=153.0s | Train: skip eval | Valid: time= 14.9s loss=1.702, TAw acc= 91.5% | lr=3.9e-03
| Epoch  53, time=152.7s | Train: skip eval | Valid: time= 16.0s loss=1.685, TAw acc= 91.4% | lr=3.7e-03
| Epoch  54, time=158.2s | Train: skip eval | Valid: time= 14.2s loss=1.691, TAw acc= 91.6% | lr=3.5e-03
| Epoch  55, time=163.4s | Train: skip eval | Valid: time= 15.1s loss=1.687, TAw acc= 91.6% | lr=3.4e-03
| Epoch  56, time=159.6s | Train: skip eval | Valid: time= 15.9s loss=1.683, TAw acc= 91.6% | lr=3.2e-03
| Epoch  57, time=156.2s | Train: skip eval | Valid: time= 15.4s loss=1.648, TAw acc= 92.0% | lr=3.0e-03
| Epoch  58, time=157.8s | Train: skip eval | Valid: time= 14.4s loss=1.638, TAw acc= 92.2% | lr=2.9e-03
| Epoch  59, time=159.4s | Train: skip eval | Valid: time= 15.9s loss=1.626, TAw acc= 91.8% | lr=2.7e-03
| Epoch  60, time=162.3s | Train: skip eval | Valid: time= 15.2s loss=1.675, TAw acc= 91.8% | lr=2.6e-03
| Epoch  61, time=157.0s | Train: skip eval | Valid: time= 15.9s loss=1.659, TAw acc= 91.7% | lr=2.4e-03
| Epoch  62, time=155.8s | Train: skip eval | Valid: time= 15.8s loss=1.645, TAw acc= 92.0% | lr=2.3e-03
| Epoch  63, time=158.6s | Train: skip eval | Valid: time= 15.4s loss=1.648, TAw acc= 91.7% | lr=2.1e-03
| Epoch  64, time=156.2s | Train: skip eval | Valid: time= 14.2s loss=1.646, TAw acc= 91.7% | lr=2.0e-03
| Epoch  65, time=166.4s | Train: skip eval | Valid: time= 16.0s loss=1.660, TAw acc= 91.8% | lr=1.9e-03
| Epoch  66, time=160.7s | Train: skip eval | Valid: time= 13.9s loss=1.633, TAw acc= 91.9% | lr=1.7e-03
| Epoch  67, time=162.0s | Train: skip eval | Valid: time= 16.7s loss=1.631, TAw acc= 91.9% | lr=1.6e-03
| Epoch  68, time=162.3s | Train: skip eval | Valid: time= 15.0s loss=1.611, TAw acc= 92.0% | * lr=1.5e-03
| Epoch  69, time=157.5s | Train: skip eval | Valid: time= 16.5s loss=1.610, TAw acc= 91.7% | * lr=1.4e-03
| Epoch  70, time=159.2s | Train: skip eval | Valid: time= 14.6s loss=1.619, TAw acc= 91.8% | lr=1.3e-03
| Epoch  71, time=160.6s | Train: skip eval | Valid: time= 14.7s loss=1.629, TAw acc= 91.8% | lr=1.1e-03
| Epoch  72, time=157.1s | Train: skip eval | Valid: time= 15.6s loss=1.621, TAw acc= 91.8% | lr=1.0e-03
| Epoch  73, time=166.4s | Train: skip eval | Valid: time= 14.9s loss=1.614, TAw acc= 92.0% | lr=9.5e-04
| Epoch  74, time=156.9s | Train: skip eval | Valid: time= 15.4s loss=1.618, TAw acc= 91.9% | lr=8.5e-04
| Epoch  75, time=163.6s | Train: skip eval | Valid: time= 21.6s loss=1.616, TAw acc= 91.8% | lr=7.6e-04
| Epoch  76, time=155.7s | Train: skip eval | Valid: time= 16.1s loss=1.630, TAw acc= 91.7% | lr=6.8e-04
| Epoch  77, time=153.5s | Train: skip eval | Valid: time= 14.4s loss=1.619, TAw acc= 91.7% | lr=6.0e-04
| Epoch  78, time=152.8s | Train: skip eval | Valid: time= 15.9s loss=1.624, TAw acc= 91.8% | lr=5.3e-04
| Epoch  79, time=158.5s | Train: skip eval | Valid: time= 14.4s loss=1.625, TAw acc= 91.9% | lr=4.6e-04
| Epoch  80, time=158.2s | Train: skip eval | Valid: time= 14.5s loss=1.628, TAw acc= 92.0% | lr=4.0e-04
| Epoch  81, time=170.5s | Train: skip eval | Valid: time= 15.3s loss=1.623, TAw acc= 92.0% | lr=3.4e-04
| Epoch  82, time=176.6s | Train: skip eval | Valid: time= 16.1s loss=1.630, TAw acc= 92.0% | lr=2.9e-04
| Epoch  83, time=171.2s | Train: skip eval | Valid: time= 22.3s loss=1.637, TAw acc= 91.9% | lr=2.5e-04
| Epoch  84, time=191.1s | Train: skip eval | Valid: time= 17.0s loss=1.629, TAw acc= 92.0% | lr=2.1e-04
| Epoch  85, time=182.0s | Train: skip eval | Valid: time= 14.6s loss=1.625, TAw acc= 92.0% | lr=1.8e-04
| Epoch  86, time=193.7s | Train: skip eval | Valid: time= 15.8s loss=1.626, TAw acc= 92.1% | lr=1.5e-04
| Epoch  87, time=183.1s | Train: skip eval | Valid: time= 19.3s loss=1.627, TAw acc= 92.1% | lr=1.3e-04
| Epoch  88, time=175.8s | Train: skip eval | Valid: time= 16.5s loss=1.630, TAw acc= 92.0% | lr=1.1e-04
| Epoch  89, time=177.4s | Train: skip eval | Valid: time= 16.1s loss=1.630, TAw acc= 91.9% | lr=1.0e-04
| Epoch  90, time=180.4s | Train: skip eval | Valid: time= 16.6s loss=1.630, TAw acc= 91.9% | lr=1.0e-04
------------------------------------------------------------------------------------------------------------
>>> Test on task  0 : loss=2.042 | TAw acc= 92.9%, forg=  1.8% | TAg acc= 69.3%, forg= 25.1% <<<
>>> Test on task  1 : loss=2.181 | TAw acc= 90.8%, forg=  1.5% | TAg acc= 65.0%, forg= 22.1% <<<
>>> Test on task  2 : loss=1.570 | TAw acc= 92.7%, forg=  2.8% | TAg acc= 74.5%, forg= 15.9% <<<
>>> Test on task  3 : loss=2.088 | TAw acc= 88.2%, forg=  1.9% | TAg acc= 65.0%, forg= 14.6% <<<
>>> Test on task  4 : loss=2.411 | TAw acc= 89.8%, forg=  2.1% | TAg acc= 61.8%, forg= 16.0% <<<
>>> Test on task  5 : loss=2.426 | TAw acc= 89.0%, forg=  0.6% | TAg acc= 64.1%, forg= 14.9% <<<
>>> Test on task  6 : loss=1.318 | TAw acc= 92.0%, forg=  1.6% | TAg acc= 75.9%, forg=  7.9% <<<
>>> Test on task  7 : loss=1.841 | TAw acc= 90.0%, forg=  1.9% | TAg acc= 69.2%, forg=  8.9% <<<
>>> Test on task  8 : loss=1.186 | TAw acc= 91.2%, forg=  0.9% | TAg acc= 76.5%, forg=  5.9% <<<
>>> Test on task  9 : loss=1.012 | TAw acc= 92.7%, forg= -0.4% | TAg acc= 77.8%, forg=  4.5% <<<
>>> Test on task 10 : loss=0.564 | TAw acc= 90.3%, forg=  0.0% | TAg acc= 84.1%, forg=  0.0% <<<
Save at ./results/./results/resnetv2_101x1_bit.goog_in21k/inat200/joint/10
[joint] Saved accumulated datasets up to task 10 → ./results/resnetv2_101x1_bit.goog_in21k/inat200/joint/10/joint_progress
************************************************************************************************************
TAw Acc
	 94.4%   0.0%   0.0%   0.0%   0.0%   0.0%   0.0%   0.0%   0.0%   0.0%   0.0%   0.0%   0.0%   0.0%   0.0%   0.0%   0.0%   0.0%   0.0%   0.0% 	Avg.: 94.4% 
	 92.6%  91.7%   0.0%   0.0%   0.0%   0.0%   0.0%   0.0%   0.0%   0.0%   0.0%   0.0%   0.0%   0.0%   0.0%   0.0%   0.0%   0.0%   0.0%   0.0% 	Avg.: 92.1% 
	 94.7%  91.9%  95.5%   0.0%   0.0%   0.0%   0.0%   0.0%   0.0%   0.0%   0.0%   0.0%   0.0%   0.0%   0.0%   0.0%   0.0%   0.0%   0.0%   0.0% 	Avg.: 94.0% 
	 94.5%  91.8%  95.2%  85.6%   0.0%   0.0%   0.0%   0.0%   0.0%   0.0%   0.0%   0.0%   0.0%   0.0%   0.0%   0.0%   0.0%   0.0%   0.0%   0.0% 	Avg.: 91.8% 
	 93.5%  90.6%  94.7%  88.4%  89.2%   0.0%   0.0%   0.0%   0.0%   0.0%   0.0%   0.0%   0.0%   0.0%   0.0%   0.0%   0.0%   0.0%   0.0%   0.0% 	Avg.: 91.3% 
	 94.3%  92.3%  94.5%  89.3%  91.9%  89.2%   0.0%   0.0%   0.0%   0.0%   0.0%   0.0%   0.0%   0.0%   0.0%   0.0%   0.0%   0.0%   0.0%   0.0% 	Avg.: 91.9% 
	 93.7%  91.0%  94.0%  90.1%  90.4%  88.4%  92.0%   0.0%   0.0%   0.0%   0.0%   0.0%   0.0%   0.0%   0.0%   0.0%   0.0%   0.0%   0.0%   0.0% 	Avg.: 91.4% 
	 93.7%  90.7%  94.3%  89.1%  90.1%  88.7%  93.6%  91.9%   0.0%   0.0%   0.0%   0.0%   0.0%   0.0%   0.0%   0.0%   0.0%   0.0%   0.0%   0.0% 	Avg.: 91.5% 
	 93.1%  90.9%  93.5%  88.9%  90.1%  89.6%  92.7%  90.8%  92.1%   0.0%   0.0%   0.0%   0.0%   0.0%   0.0%   0.0%   0.0%   0.0%   0.0%   0.0% 	Avg.: 91.3% 
	 93.0%  91.0%  94.5%  88.9%  89.8%  88.6%  92.3%  91.4%  91.2%  92.3%   0.0%   0.0%   0.0%   0.0%   0.0%   0.0%   0.0%   0.0%   0.0%   0.0% 	Avg.: 91.3% 
	 92.9%  90.8%  92.7%  88.2%  89.8%  89.0%  92.0%  90.0%  91.2%  92.7%  90.3%   0.0%   0.0%   0.0%   0.0%   0.0%   0.0%   0.0%   0.0%   0.0% 	Avg.: 90.9% 
	  0.0%   0.0%   0.0%   0.0%   0.0%   0.0%   0.0%   0.0%   0.0%   0.0%   0.0%   0.0%   0.0%   0.0%   0.0%   0.0%   0.0%   0.0%   0.0%   0.0% 	Avg.:  0.0% 
	  0.0%   0.0%   0.0%   0.0%   0.0%   0.0%   0.0%   0.0%   0.0%   0.0%   0.0%   0.0%   0.0%   0.0%   0.0%   0.0%   0.0%   0.0%   0.0%   0.0% 	Avg.:  0.0% 
	  0.0%   0.0%   0.0%   0.0%   0.0%   0.0%   0.0%   0.0%   0.0%   0.0%   0.0%   0.0%   0.0%   0.0%   0.0%   0.0%   0.0%   0.0%   0.0%   0.0% 	Avg.:  0.0% 
	  0.0%   0.0%   0.0%   0.0%   0.0%   0.0%   0.0%   0.0%   0.0%   0.0%   0.0%   0.0%   0.0%   0.0%   0.0%   0.0%   0.0%   0.0%   0.0%   0.0% 	Avg.:  0.0% 
	  0.0%   0.0%   0.0%   0.0%   0.0%   0.0%   0.0%   0.0%   0.0%   0.0%   0.0%   0.0%   0.0%   0.0%   0.0%   0.0%   0.0%   0.0%   0.0%   0.0% 	Avg.:  0.0% 
	  0.0%   0.0%   0.0%   0.0%   0.0%   0.0%   0.0%   0.0%   0.0%   0.0%   0.0%   0.0%   0.0%   0.0%   0.0%   0.0%   0.0%   0.0%   0.0%   0.0% 	Avg.:  0.0% 
	  0.0%   0.0%   0.0%   0.0%   0.0%   0.0%   0.0%   0.0%   0.0%   0.0%   0.0%   0.0%   0.0%   0.0%   0.0%   0.0%   0.0%   0.0%   0.0%   0.0% 	Avg.:  0.0% 
	  0.0%   0.0%   0.0%   0.0%   0.0%   0.0%   0.0%   0.0%   0.0%   0.0%   0.0%   0.0%   0.0%   0.0%   0.0%   0.0%   0.0%   0.0%   0.0%   0.0% 	Avg.:  0.0% 
	  0.0%   0.0%   0.0%   0.0%   0.0%   0.0%   0.0%   0.0%   0.0%   0.0%   0.0%   0.0%   0.0%   0.0%   0.0%   0.0%   0.0%   0.0%   0.0%   0.0% 	Avg.:  0.0% 
************************************************************************************************************
TAg Acc
	 94.4%   0.0%   0.0%   0.0%   0.0%   0.0%   0.0%   0.0%   0.0%   0.0%   0.0%   0.0%   0.0%   0.0%   0.0%   0.0%   0.0%   0.0%   0.0%   0.0% 	Avg.: 94.4% 
	 87.6%  87.1%   0.0%   0.0%   0.0%   0.0%   0.0%   0.0%   0.0%   0.0%   0.0%   0.0%   0.0%   0.0%   0.0%   0.0%   0.0%   0.0%   0.0%   0.0% 	Avg.: 87.3% 
	 86.5%  85.3%  90.4%   0.0%   0.0%   0.0%   0.0%   0.0%   0.0%   0.0%   0.0%   0.0%   0.0%   0.0%   0.0%   0.0%   0.0%   0.0%   0.0%   0.0% 	Avg.: 87.4% 
	 79.4%  77.5%  86.1%  79.6%   0.0%   0.0%   0.0%   0.0%   0.0%   0.0%   0.0%   0.0%   0.0%   0.0%   0.0%   0.0%   0.0%   0.0%   0.0%   0.0% 	Avg.: 80.7% 
	 78.7%  77.2%  82.5%  78.9%  74.3%   0.0%   0.0%   0.0%   0.0%   0.0%   0.0%   0.0%   0.0%   0.0%   0.0%   0.0%   0.0%   0.0%   0.0%   0.0% 	Avg.: 78.3% 
	 79.4%  79.2%  82.7%  79.2%  77.8%  79.0%   0.0%   0.0%   0.0%   0.0%   0.0%   0.0%   0.0%   0.0%   0.0%   0.0%   0.0%   0.0%   0.0%   0.0% 	Avg.: 79.6% 
	 75.0%  75.2%  80.7%  74.2%  76.6%  74.8%  83.8%   0.0%   0.0%   0.0%   0.0%   0.0%   0.0%   0.0%   0.0%   0.0%   0.0%   0.0%   0.0%   0.0% 	Avg.: 77.2% 
	 76.1%  75.7%  79.9%  73.5%  71.8%  76.2%  83.2%  78.1%   0.0%   0.0%   0.0%   0.0%   0.0%   0.0%   0.0%   0.0%   0.0%   0.0%   0.0%   0.0% 	Avg.: 76.8% 
	 74.5%  70.9%  80.4%  71.1%  69.1%  72.8%  80.6%  75.1%  82.4%   0.0%   0.0%   0.0%   0.0%   0.0%   0.0%   0.0%   0.0%   0.0%   0.0%   0.0% 	Avg.: 75.2% 
	 73.8%  66.3%  77.0%  69.4%  66.1%  70.0%  79.1%  71.7%  79.3%  82.3%   0.0%   0.0%   0.0%   0.0%   0.0%   0.0%   0.0%   0.0%   0.0%   0.0% 	Avg.: 73.5% 
	 69.3%  65.0%  74.5%  65.0%  61.8%  64.1%  75.9%  69.2%  76.5%  77.8%  84.1%   0.0%   0.0%   0.0%   0.0%   0.0%   0.0%   0.0%   0.0%   0.0% 	Avg.: 71.2% 
	  0.0%   0.0%   0.0%   0.0%   0.0%   0.0%   0.0%   0.0%   0.0%   0.0%   0.0%   0.0%   0.0%   0.0%   0.0%   0.0%   0.0%   0.0%   0.0%   0.0% 	Avg.:  0.0% 
	  0.0%   0.0%   0.0%   0.0%   0.0%   0.0%   0.0%   0.0%   0.0%   0.0%   0.0%   0.0%   0.0%   0.0%   0.0%   0.0%   0.0%   0.0%   0.0%   0.0% 	Avg.:  0.0% 
	  0.0%   0.0%   0.0%   0.0%   0.0%   0.0%   0.0%   0.0%   0.0%   0.0%   0.0%   0.0%   0.0%   0.0%   0.0%   0.0%   0.0%   0.0%   0.0%   0.0% 	Avg.:  0.0% 
	  0.0%   0.0%   0.0%   0.0%   0.0%   0.0%   0.0%   0.0%   0.0%   0.0%   0.0%   0.0%   0.0%   0.0%   0.0%   0.0%   0.0%   0.0%   0.0%   0.0% 	Avg.:  0.0% 
	  0.0%   0.0%   0.0%   0.0%   0.0%   0.0%   0.0%   0.0%   0.0%   0.0%   0.0%   0.0%   0.0%   0.0%   0.0%   0.0%   0.0%   0.0%   0.0%   0.0% 	Avg.:  0.0% 
	  0.0%   0.0%   0.0%   0.0%   0.0%   0.0%   0.0%   0.0%   0.0%   0.0%   0.0%   0.0%   0.0%   0.0%   0.0%   0.0%   0.0%   0.0%   0.0%   0.0% 	Avg.:  0.0% 
	  0.0%   0.0%   0.0%   0.0%   0.0%   0.0%   0.0%   0.0%   0.0%   0.0%   0.0%   0.0%   0.0%   0.0%   0.0%   0.0%   0.0%   0.0%   0.0%   0.0% 	Avg.:  0.0% 
	  0.0%   0.0%   0.0%   0.0%   0.0%   0.0%   0.0%   0.0%   0.0%   0.0%   0.0%   0.0%   0.0%   0.0%   0.0%   0.0%   0.0%   0.0%   0.0%   0.0% 	Avg.:  0.0% 
	  0.0%   0.0%   0.0%   0.0%   0.0%   0.0%   0.0%   0.0%   0.0%   0.0%   0.0%   0.0%   0.0%   0.0%   0.0%   0.0%   0.0%   0.0%   0.0%   0.0% 	Avg.:  0.0% 
************************************************************************************************************
TAw Forg
	  0.0%   0.0%   0.0%   0.0%   0.0%   0.0%   0.0%   0.0%   0.0%   0.0%   0.0%   0.0%   0.0%   0.0%   0.0%   0.0%   0.0%   0.0%   0.0%   0.0% 
	  1.8%   0.0%   0.0%   0.0%   0.0%   0.0%   0.0%   0.0%   0.0%   0.0%   0.0%   0.0%   0.0%   0.0%   0.0%   0.0%   0.0%   0.0%   0.0%   0.0% 	Avg.:  1.8% 
	 -0.3%  -0.2%   0.0%   0.0%   0.0%   0.0%   0.0%   0.0%   0.0%   0.0%   0.0%   0.0%   0.0%   0.0%   0.0%   0.0%   0.0%   0.0%   0.0%   0.0% 	Avg.: -0.2% 
	  0.2%   0.1%   0.3%   0.0%   0.0%   0.0%   0.0%   0.0%   0.0%   0.0%   0.0%   0.0%   0.0%   0.0%   0.0%   0.0%   0.0%   0.0%   0.0%   0.0% 	Avg.:  0.2% 
	  1.2%   1.3%   0.8%  -2.8%   0.0%   0.0%   0.0%   0.0%   0.0%   0.0%   0.0%   0.0%   0.0%   0.0%   0.0%   0.0%   0.0%   0.0%   0.0%   0.0% 	Avg.:  0.1% 
	  0.4%  -0.4%   1.0%  -0.9%  -2.7%   0.0%   0.0%   0.0%   0.0%   0.0%   0.0%   0.0%   0.0%   0.0%   0.0%   0.0%   0.0%   0.0%   0.0%   0.0% 	Avg.: -0.5% 
	  1.0%   1.3%   1.5%  -0.8%   1.5%   0.8%   0.0%   0.0%   0.0%   0.0%   0.0%   0.0%   0.0%   0.0%   0.0%   0.0%   0.0%   0.0%   0.0%   0.0% 	Avg.:  0.9% 
	  1.0%   1.6%   1.2%   1.0%   1.8%   0.5%  -1.6%   0.0%   0.0%   0.0%   0.0%   0.0%   0.0%   0.0%   0.0%   0.0%   0.0%   0.0%   0.0%   0.0% 	Avg.:  0.8% 
	  1.6%   1.4%   2.0%   1.2%   1.8%  -0.4%   0.9%   1.1%   0.0%   0.0%   0.0%   0.0%   0.0%   0.0%   0.0%   0.0%   0.0%   0.0%   0.0%   0.0% 	Avg.:  1.2% 
	  1.7%   1.3%   1.0%   1.2%   2.1%   1.0%   1.3%   0.5%   0.9%   0.0%   0.0%   0.0%   0.0%   0.0%   0.0%   0.0%   0.0%   0.0%   0.0%   0.0% 	Avg.:  1.2% 
	  1.8%   1.5%   2.8%   1.9%   2.1%   0.6%   1.6%   1.9%   0.9%  -0.4%   0.0%   0.0%   0.0%   0.0%   0.0%   0.0%   0.0%   0.0%   0.0%   0.0% 	Avg.:  1.5% 
	  0.0%   0.0%   0.0%   0.0%   0.0%   0.0%   0.0%   0.0%   0.0%   0.0%   0.0%   0.0%   0.0%   0.0%   0.0%   0.0%   0.0%   0.0%   0.0%   0.0% 	Avg.:  0.0% 
	  0.0%   0.0%   0.0%   0.0%   0.0%   0.0%   0.0%   0.0%   0.0%   0.0%   0.0%   0.0%   0.0%   0.0%   0.0%   0.0%   0.0%   0.0%   0.0%   0.0% 	Avg.:  0.0% 
	  0.0%   0.0%   0.0%   0.0%   0.0%   0.0%   0.0%   0.0%   0.0%   0.0%   0.0%   0.0%   0.0%   0.0%   0.0%   0.0%   0.0%   0.0%   0.0%   0.0% 	Avg.:  0.0% 
	  0.0%   0.0%   0.0%   0.0%   0.0%   0.0%   0.0%   0.0%   0.0%   0.0%   0.0%   0.0%   0.0%   0.0%   0.0%   0.0%   0.0%   0.0%   0.0%   0.0% 	Avg.:  0.0% 
	  0.0%   0.0%   0.0%   0.0%   0.0%   0.0%   0.0%   0.0%   0.0%   0.0%   0.0%   0.0%   0.0%   0.0%   0.0%   0.0%   0.0%   0.0%   0.0%   0.0% 	Avg.:  0.0% 
	  0.0%   0.0%   0.0%   0.0%   0.0%   0.0%   0.0%   0.0%   0.0%   0.0%   0.0%   0.0%   0.0%   0.0%   0.0%   0.0%   0.0%   0.0%   0.0%   0.0% 	Avg.:  0.0% 
	  0.0%   0.0%   0.0%   0.0%   0.0%   0.0%   0.0%   0.0%   0.0%   0.0%   0.0%   0.0%   0.0%   0.0%   0.0%   0.0%   0.0%   0.0%   0.0%   0.0% 	Avg.:  0.0% 
	  0.0%   0.0%   0.0%   0.0%   0.0%   0.0%   0.0%   0.0%   0.0%   0.0%   0.0%   0.0%   0.0%   0.0%   0.0%   0.0%   0.0%   0.0%   0.0%   0.0% 	Avg.:  0.0% 
	  0.0%   0.0%   0.0%   0.0%   0.0%   0.0%   0.0%   0.0%   0.0%   0.0%   0.0%   0.0%   0.0%   0.0%   0.0%   0.0%   0.0%   0.0%   0.0%   0.0% 	Avg.:  0.0% 
************************************************************************************************************
TAg Forg
	  0.0%   0.0%   0.0%   0.0%   0.0%   0.0%   0.0%   0.0%   0.0%   0.0%   0.0%   0.0%   0.0%   0.0%   0.0%   0.0%   0.0%   0.0%   0.0%   0.0% 
	  6.8%   0.0%   0.0%   0.0%   0.0%   0.0%   0.0%   0.0%   0.0%   0.0%   0.0%   0.0%   0.0%   0.0%   0.0%   0.0%   0.0%   0.0%   0.0%   0.0% 	Avg.:  6.8% 
	  7.9%   1.8%   0.0%   0.0%   0.0%   0.0%   0.0%   0.0%   0.0%   0.0%   0.0%   0.0%   0.0%   0.0%   0.0%   0.0%   0.0%   0.0%   0.0%   0.0% 	Avg.:  4.9% 
	 15.0%   9.6%   4.3%   0.0%   0.0%   0.0%   0.0%   0.0%   0.0%   0.0%   0.0%   0.0%   0.0%   0.0%   0.0%   0.0%   0.0%   0.0%   0.0%   0.0% 	Avg.:  9.6% 
	 15.7%   9.9%   7.9%   0.7%   0.0%   0.0%   0.0%   0.0%   0.0%   0.0%   0.0%   0.0%   0.0%   0.0%   0.0%   0.0%   0.0%   0.0%   0.0%   0.0% 	Avg.:  8.6% 
	 15.0%   7.9%   7.7%   0.4%  -3.5%   0.0%   0.0%   0.0%   0.0%   0.0%   0.0%   0.0%   0.0%   0.0%   0.0%   0.0%   0.0%   0.0%   0.0%   0.0% 	Avg.:  5.5% 
	 19.4%  11.9%   9.7%   5.4%   1.2%   4.2%   0.0%   0.0%   0.0%   0.0%   0.0%   0.0%   0.0%   0.0%   0.0%   0.0%   0.0%   0.0%   0.0%   0.0% 	Avg.:  8.6% 
	 18.3%  11.4%  10.5%   6.1%   6.0%   2.8%   0.6%   0.0%   0.0%   0.0%   0.0%   0.0%   0.0%   0.0%   0.0%   0.0%   0.0%   0.0%   0.0%   0.0% 	Avg.:  8.0% 
	 19.9%  16.2%  10.0%   8.5%   8.7%   6.2%   3.2%   3.0%   0.0%   0.0%   0.0%   0.0%   0.0%   0.0%   0.0%   0.0%   0.0%   0.0%   0.0%   0.0% 	Avg.:  9.5% 
	 20.6%  20.8%  13.4%  10.2%  11.7%   9.0%   4.7%   6.4%   3.1%   0.0%   0.0%   0.0%   0.0%   0.0%   0.0%   0.0%   0.0%   0.0%   0.0%   0.0% 	Avg.: 11.1% 
	 25.1%  22.1%  15.9%  14.6%  16.0%  14.9%   7.9%   8.9%   5.9%   4.5%   0.0%   0.0%   0.0%   0.0%   0.0%   0.0%   0.0%   0.0%   0.0%   0.0% 	Avg.: 13.6% 
	  0.0%   0.0%   0.0%   0.0%   0.0%   0.0%   0.0%   0.0%   0.0%   0.0%   0.0%   0.0%   0.0%   0.0%   0.0%   0.0%   0.0%   0.0%   0.0%   0.0% 	Avg.:  0.0% 
	  0.0%   0.0%   0.0%   0.0%   0.0%   0.0%   0.0%   0.0%   0.0%   0.0%   0.0%   0.0%   0.0%   0.0%   0.0%   0.0%   0.0%   0.0%   0.0%   0.0% 	Avg.:  0.0% 
	  0.0%   0.0%   0.0%   0.0%   0.0%   0.0%   0.0%   0.0%   0.0%   0.0%   0.0%   0.0%   0.0%   0.0%   0.0%   0.0%   0.0%   0.0%   0.0%   0.0% 	Avg.:  0.0% 
	  0.0%   0.0%   0.0%   0.0%   0.0%   0.0%   0.0%   0.0%   0.0%   0.0%   0.0%   0.0%   0.0%   0.0%   0.0%   0.0%   0.0%   0.0%   0.0%   0.0% 	Avg.:  0.0% 
	  0.0%   0.0%   0.0%   0.0%   0.0%   0.0%   0.0%   0.0%   0.0%   0.0%   0.0%   0.0%   0.0%   0.0%   0.0%   0.0%   0.0%   0.0%   0.0%   0.0% 	Avg.:  0.0% 
	  0.0%   0.0%   0.0%   0.0%   0.0%   0.0%   0.0%   0.0%   0.0%   0.0%   0.0%   0.0%   0.0%   0.0%   0.0%   0.0%   0.0%   0.0%   0.0%   0.0% 	Avg.:  0.0% 
	  0.0%   0.0%   0.0%   0.0%   0.0%   0.0%   0.0%   0.0%   0.0%   0.0%   0.0%   0.0%   0.0%   0.0%   0.0%   0.0%   0.0%   0.0%   0.0%   0.0% 	Avg.:  0.0% 
	  0.0%   0.0%   0.0%   0.0%   0.0%   0.0%   0.0%   0.0%   0.0%   0.0%   0.0%   0.0%   0.0%   0.0%   0.0%   0.0%   0.0%   0.0%   0.0%   0.0% 	Avg.:  0.0% 
	  0.0%   0.0%   0.0%   0.0%   0.0%   0.0%   0.0%   0.0%   0.0%   0.0%   0.0%   0.0%   0.0%   0.0%   0.0%   0.0%   0.0%   0.0%   0.0%   0.0% 	Avg.:  0.0% 
************************************************************************************************************
[Elapsed time = 2.3 h]
Done!
