START_TASK=11 STOP_TASK=12 START_EPOCH=45 STOP_EPOCH=90
============================================================================================================
Arguments =
	all_outputs: False
	approach: joint
	batch_size: 64
	classes_first_task: None
	clipping: 10000
	crop: 224
	data_path: ../data/inat200
	dataset: inat200
	eval_on_train: False
	experiment_path: None
	fix_bn: False
	freeze_backbone: False
	gpu: 0
	gpus: [0]
	increment: 10
	last_layer_analysis: False
	log: ['disk']
	lr: 0.01
	lr_factor: None
	lr_min: 0.0001
	lr_patience: None
	lr_scheduler: cosine
	lr_warmup_epochs: 0
	momentum: 0.0
	multi_softmax: False
	nepochs: 90
	network: resnetv2_101x1_bit.goog_in21k
	no_cudnn_deterministic: False
	normalize: in21k
	num_workers: 2
	optimizer_name: sgd
	pin_memory: False
	pretrained: True
	resize: 224
	results_path: ./results
	save_models: True
	seed: 0
	start_at_task: 11
	start_epoch: 45
	stop_at_task: 12
	stop_epoch: 90
	use_valid_only: False
	warmup_lr_factor: 1.0
	warmup_nepochs: 0
	weight_decay: 0.0
============================================================================================================
Approach arguments =
============================================================================================================
Exemplars arguments =
============================================================================================================
WARNING: ./results/resnetv2_101x1_bit.goog_in21k/inat200/joint/10 already exists!
Loaded acc_taw from: ./results/resnetv2_101x1_bit.goog_in21k/inat200/joint/10/acc_taw-10.txt
Loaded acc_tag from: ./results/resnetv2_101x1_bit.goog_in21k/inat200/joint/10/acc_tag-10.txt
Loaded forg_taw from: ./results/resnetv2_101x1_bit.goog_in21k/inat200/joint/10/forg_taw-10.txt
Loaded forg_tag from: ./results/resnetv2_101x1_bit.goog_in21k/inat200/joint/10/forg_tag-10.txt
[joint] Loaded accumulated datasets up to task 11 from ./results/resnetv2_101x1_bit.goog_in21k/inat200/joint/10/joint_progress
************************************************************************************************************
Task 11  [epochs 45-90]
************************************************************************************************************
[params] total:42,738,360  trainable:42,738,360  tensors:328  trainable_tensors:328
| Epoch  46, time=202.5s | Train: skip eval | Valid: time= 25.7s loss=1.810, TAw acc= 91.0% | lr=4.9e-03
| Epoch  47, time=190.7s | Train: skip eval | Valid: time= 21.3s loss=1.749, TAw acc= 92.0% | lr=4.7e-03
| Epoch  48, time=189.4s | Train: skip eval | Valid: time= 23.8s loss=1.771, TAw acc= 91.7% | lr=4.5e-03
| Epoch  49, time=185.0s | Train: skip eval | Valid: time= 17.5s loss=1.742, TAw acc= 92.1% | lr=4.4e-03
| Epoch  50, time=180.2s | Train: skip eval | Valid: time= 17.4s loss=1.740, TAw acc= 91.8% | lr=4.2e-03
| Epoch  51, time=181.1s | Train: skip eval | Valid: time= 22.4s loss=1.721, TAw acc= 92.1% | lr=4.0e-03
| Epoch  52, time=198.9s | Train: skip eval | Valid: time= 16.6s loss=1.776, TAw acc= 92.1% | lr=3.9e-03
| Epoch  53, time=186.2s | Train: skip eval | Valid: time= 16.1s loss=1.789, TAw acc= 91.9% | lr=3.7e-03
| Epoch  54, time=182.9s | Train: skip eval | Valid: time= 15.5s loss=1.730, TAw acc= 92.0% | lr=3.5e-03
| Epoch  55, time=192.5s | Train: skip eval | Valid: time= 22.1s loss=1.734, TAw acc= 92.1% | lr=3.4e-03
| Epoch  56, time=180.8s | Train: skip eval | Valid: time= 20.0s loss=1.721, TAw acc= 92.2% | lr=3.2e-03
| Epoch  57, time=183.0s | Train: skip eval | Valid: time= 16.6s loss=1.740, TAw acc= 92.1% | lr=3.0e-03
| Epoch  58, time=185.6s | Train: skip eval | Valid: time= 22.7s loss=1.709, TAw acc= 92.2% | lr=2.9e-03
| Epoch  59, time=192.6s | Train: skip eval | Valid: time= 16.5s loss=1.721, TAw acc= 92.2% | lr=2.7e-03
| Epoch  60, time=180.1s | Train: skip eval | Valid: time= 18.1s loss=1.698, TAw acc= 91.9% | lr=2.6e-03
| Epoch  61, time=181.6s | Train: skip eval | Valid: time= 18.7s loss=1.710, TAw acc= 92.1% | lr=2.4e-03
| Epoch  62, time=187.0s | Train: skip eval | Valid: time= 18.7s loss=1.705, TAw acc= 92.0% | lr=2.3e-03
| Epoch  63, time=186.6s | Train: skip eval | Valid: time= 17.5s loss=1.750, TAw acc= 91.8% | lr=2.1e-03
| Epoch  64, time=186.1s | Train: skip eval | Valid: time= 17.2s loss=1.723, TAw acc= 92.0% | lr=2.0e-03
| Epoch  65, time=184.9s | Train: skip eval | Valid: time= 17.7s loss=1.751, TAw acc= 92.1% | lr=1.9e-03
| Epoch  66, time=192.6s | Train: skip eval | Valid: time= 17.9s loss=1.734, TAw acc= 92.2% | lr=1.7e-03
| Epoch  67, time=178.4s | Train: skip eval | Valid: time= 18.6s loss=1.697, TAw acc= 92.0% | lr=1.6e-03
| Epoch  68, time=193.7s | Train: skip eval | Valid: time= 17.5s loss=1.731, TAw acc= 92.1% | lr=1.5e-03
| Epoch  69, time=195.0s | Train: skip eval | Valid: time= 17.7s loss=1.717, TAw acc= 92.0% | lr=1.4e-03
| Epoch  70, time=191.9s | Train: skip eval | Valid: time= 17.5s loss=1.718, TAw acc= 91.9% | lr=1.3e-03
| Epoch  71, time=191.7s | Train: skip eval | Valid: time= 16.7s loss=1.728, TAw acc= 91.8% | lr=1.1e-03
| Epoch  72, time=188.5s | Train: skip eval | Valid: time= 18.8s loss=1.734, TAw acc= 92.0% | lr=1.0e-03
| Epoch  73, time=192.6s | Train: skip eval | Valid: time= 16.1s loss=1.715, TAw acc= 92.1% | lr=9.5e-04
| Epoch  74, time=186.2s | Train: skip eval | Valid: time= 17.4s loss=1.708, TAw acc= 92.1% | lr=8.5e-04
| Epoch  75, time=204.1s | Train: skip eval | Valid: time= 17.2s loss=1.716, TAw acc= 92.1% | lr=7.6e-04
| Epoch  76, time=192.0s | Train: skip eval | Valid: time= 20.1s loss=1.734, TAw acc= 91.8% | lr=6.8e-04
| Epoch  77, time=187.5s | Train: skip eval | Valid: time= 17.0s loss=1.729, TAw acc= 92.0% | lr=6.0e-04
| Epoch  78, time=177.6s | Train: skip eval | Valid: time= 17.1s loss=1.720, TAw acc= 92.0% | lr=5.3e-04
| Epoch  79, time=177.8s | Train: skip eval | Valid: time= 17.5s loss=1.715, TAw acc= 91.9% | lr=4.6e-04
| Epoch  80, time=168.4s | Train: skip eval | Valid: time= 17.5s loss=1.718, TAw acc= 92.1% | lr=4.0e-04
| Epoch  81, time=174.2s | Train: skip eval | Valid: time= 16.6s loss=1.727, TAw acc= 92.1% | lr=3.4e-04
| Epoch  82, time=177.4s | Train: skip eval | Valid: time= 16.6s loss=1.710, TAw acc= 92.1% | lr=2.9e-04
| Epoch  83, time=168.2s | Train: skip eval | Valid: time= 17.6s loss=1.718, TAw acc= 92.0% | lr=2.5e-04
| Epoch  84, time=174.9s | Train: skip eval | Valid: time= 15.8s loss=1.717, TAw acc= 91.9% | lr=2.1e-04
| Epoch  85, time=177.1s | Train: skip eval | Valid: time= 17.2s loss=1.713, TAw acc= 92.0% | lr=1.8e-04
| Epoch  86, time=199.7s | Train: skip eval | Valid: time= 15.5s loss=1.715, TAw acc= 92.0% | lr=1.5e-04
| Epoch  87, time=173.3s | Train: skip eval | Valid: time= 16.6s loss=1.712, TAw acc= 92.0% | lr=1.3e-04
| Epoch  88, time=173.2s | Train: skip eval | Valid: time= 18.0s loss=1.712, TAw acc= 92.0% | lr=1.1e-04
| Epoch  89, time=177.9s | Train: skip eval | Valid: time= 16.5s loss=1.710, TAw acc= 92.0% | lr=1.0e-04
| Epoch  90, time=175.7s | Train: skip eval | Valid: time= 16.2s loss=1.710, TAw acc= 92.0% | lr=1.0e-04
------------------------------------------------------------------------------------------------------------
>>> Test on task  0 : loss=1.952 | TAw acc= 91.1%, forg=  3.6% | TAg acc= 67.6%, forg= 26.8% <<<
>>> Test on task  1 : loss=2.002 | TAw acc= 90.0%, forg=  2.3% | TAg acc= 66.7%, forg= 20.4% <<<
>>> Test on task  2 : loss=1.612 | TAw acc= 93.5%, forg=  2.0% | TAg acc= 74.6%, forg= 15.8% <<<
>>> Test on task  3 : loss=2.479 | TAw acc= 87.4%, forg=  2.7% | TAg acc= 59.4%, forg= 20.2% <<<
>>> Test on task  4 : loss=2.384 | TAw acc= 88.6%, forg=  3.3% | TAg acc= 62.2%, forg= 15.6% <<<
>>> Test on task  5 : loss=2.523 | TAw acc= 87.9%, forg=  1.7% | TAg acc= 63.5%, forg= 15.5% <<<
>>> Test on task  6 : loss=1.506 | TAw acc= 91.7%, forg=  1.9% | TAg acc= 71.8%, forg= 12.0% <<<
>>> Test on task  7 : loss=1.900 | TAw acc= 89.3%, forg=  2.6% | TAg acc= 67.9%, forg= 10.2% <<<
>>> Test on task  8 : loss=1.350 | TAw acc= 91.7%, forg=  0.4% | TAg acc= 75.7%, forg=  6.7% <<<
>>> Test on task  9 : loss=1.420 | TAw acc= 90.5%, forg=  2.2% | TAg acc= 71.9%, forg= 10.4% <<<
>>> Test on task 10 : loss=0.930 | TAw acc= 90.0%, forg=  0.3% | TAg acc= 75.4%, forg=  8.7% <<<
>>> Test on task 11 : loss=0.911 | TAw acc= 92.0%, forg=  0.0% | TAg acc= 76.8%, forg=  0.0% <<<
Save at ./results/./results/resnetv2_101x1_bit.goog_in21k/inat200/joint/10
[joint] Saved accumulated datasets up to task 11 → ./results/resnetv2_101x1_bit.goog_in21k/inat200/joint/10/joint_progress
************************************************************************************************************
TAw Acc
	 94.4%   0.0%   0.0%   0.0%   0.0%   0.0%   0.0%   0.0%   0.0%   0.0%   0.0%   0.0%   0.0%   0.0%   0.0%   0.0%   0.0%   0.0%   0.0%   0.0% 	Avg.: 94.4% 
	 92.6%  91.7%   0.0%   0.0%   0.0%   0.0%   0.0%   0.0%   0.0%   0.0%   0.0%   0.0%   0.0%   0.0%   0.0%   0.0%   0.0%   0.0%   0.0%   0.0% 	Avg.: 92.1% 
	 94.7%  91.9%  95.5%   0.0%   0.0%   0.0%   0.0%   0.0%   0.0%   0.0%   0.0%   0.0%   0.0%   0.0%   0.0%   0.0%   0.0%   0.0%   0.0%   0.0% 	Avg.: 94.0% 
	 94.5%  91.8%  95.2%  85.6%   0.0%   0.0%   0.0%   0.0%   0.0%   0.0%   0.0%   0.0%   0.0%   0.0%   0.0%   0.0%   0.0%   0.0%   0.0%   0.0% 	Avg.: 91.8% 
	 93.5%  90.6%  94.7%  88.4%  89.2%   0.0%   0.0%   0.0%   0.0%   0.0%   0.0%   0.0%   0.0%   0.0%   0.0%   0.0%   0.0%   0.0%   0.0%   0.0% 	Avg.: 91.3% 
	 94.3%  92.3%  94.5%  89.3%  91.9%  89.2%   0.0%   0.0%   0.0%   0.0%   0.0%   0.0%   0.0%   0.0%   0.0%   0.0%   0.0%   0.0%   0.0%   0.0% 	Avg.: 91.9% 
	 93.7%  91.0%  94.0%  90.1%  90.4%  88.4%  92.0%   0.0%   0.0%   0.0%   0.0%   0.0%   0.0%   0.0%   0.0%   0.0%   0.0%   0.0%   0.0%   0.0% 	Avg.: 91.4% 
	 93.7%  90.7%  94.3%  89.1%  90.1%  88.7%  93.6%  91.9%   0.0%   0.0%   0.0%   0.0%   0.0%   0.0%   0.0%   0.0%   0.0%   0.0%   0.0%   0.0% 	Avg.: 91.5% 
	 93.1%  90.9%  93.5%  88.9%  90.1%  89.6%  92.7%  90.8%  92.1%   0.0%   0.0%   0.0%   0.0%   0.0%   0.0%   0.0%   0.0%   0.0%   0.0%   0.0% 	Avg.: 91.3% 
	 93.0%  91.0%  94.5%  88.9%  89.8%  88.6%  92.3%  91.4%  91.2%  92.3%   0.0%   0.0%   0.0%   0.0%   0.0%   0.0%   0.0%   0.0%   0.0%   0.0% 	Avg.: 91.3% 
	 92.9%  90.8%  92.7%  88.2%  89.8%  89.0%  92.0%  90.0%  91.2%  92.7%  90.3%   0.0%   0.0%   0.0%   0.0%   0.0%   0.0%   0.0%   0.0%   0.0% 	Avg.: 90.9% 
	 91.1%  90.0%  93.5%  87.4%  88.6%  87.9%  91.7%  89.3%  91.7%  90.5%  90.0%  92.0%   0.0%   0.0%   0.0%   0.0%   0.0%   0.0%   0.0%   0.0% 	Avg.: 90.3% 
	  0.0%   0.0%   0.0%   0.0%   0.0%   0.0%   0.0%   0.0%   0.0%   0.0%   0.0%   0.0%   0.0%   0.0%   0.0%   0.0%   0.0%   0.0%   0.0%   0.0% 	Avg.:  0.0% 
	  0.0%   0.0%   0.0%   0.0%   0.0%   0.0%   0.0%   0.0%   0.0%   0.0%   0.0%   0.0%   0.0%   0.0%   0.0%   0.0%   0.0%   0.0%   0.0%   0.0% 	Avg.:  0.0% 
	  0.0%   0.0%   0.0%   0.0%   0.0%   0.0%   0.0%   0.0%   0.0%   0.0%   0.0%   0.0%   0.0%   0.0%   0.0%   0.0%   0.0%   0.0%   0.0%   0.0% 	Avg.:  0.0% 
	  0.0%   0.0%   0.0%   0.0%   0.0%   0.0%   0.0%   0.0%   0.0%   0.0%   0.0%   0.0%   0.0%   0.0%   0.0%   0.0%   0.0%   0.0%   0.0%   0.0% 	Avg.:  0.0% 
	  0.0%   0.0%   0.0%   0.0%   0.0%   0.0%   0.0%   0.0%   0.0%   0.0%   0.0%   0.0%   0.0%   0.0%   0.0%   0.0%   0.0%   0.0%   0.0%   0.0% 	Avg.:  0.0% 
	  0.0%   0.0%   0.0%   0.0%   0.0%   0.0%   0.0%   0.0%   0.0%   0.0%   0.0%   0.0%   0.0%   0.0%   0.0%   0.0%   0.0%   0.0%   0.0%   0.0% 	Avg.:  0.0% 
	  0.0%   0.0%   0.0%   0.0%   0.0%   0.0%   0.0%   0.0%   0.0%   0.0%   0.0%   0.0%   0.0%   0.0%   0.0%   0.0%   0.0%   0.0%   0.0%   0.0% 	Avg.:  0.0% 
	  0.0%   0.0%   0.0%   0.0%   0.0%   0.0%   0.0%   0.0%   0.0%   0.0%   0.0%   0.0%   0.0%   0.0%   0.0%   0.0%   0.0%   0.0%   0.0%   0.0% 	Avg.:  0.0% 
************************************************************************************************************
TAg Acc
	 94.4%   0.0%   0.0%   0.0%   0.0%   0.0%   0.0%   0.0%   0.0%   0.0%   0.0%   0.0%   0.0%   0.0%   0.0%   0.0%   0.0%   0.0%   0.0%   0.0% 	Avg.: 94.4% 
	 87.6%  87.1%   0.0%   0.0%   0.0%   0.0%   0.0%   0.0%   0.0%   0.0%   0.0%   0.0%   0.0%   0.0%   0.0%   0.0%   0.0%   0.0%   0.0%   0.0% 	Avg.: 87.3% 
	 86.5%  85.3%  90.4%   0.0%   0.0%   0.0%   0.0%   0.0%   0.0%   0.0%   0.0%   0.0%   0.0%   0.0%   0.0%   0.0%   0.0%   0.0%   0.0%   0.0% 	Avg.: 87.4% 
	 79.4%  77.5%  86.1%  79.6%   0.0%   0.0%   0.0%   0.0%   0.0%   0.0%   0.0%   0.0%   0.0%   0.0%   0.0%   0.0%   0.0%   0.0%   0.0%   0.0% 	Avg.: 80.7% 
	 78.7%  77.2%  82.5%  78.9%  74.3%   0.0%   0.0%   0.0%   0.0%   0.0%   0.0%   0.0%   0.0%   0.0%   0.0%   0.0%   0.0%   0.0%   0.0%   0.0% 	Avg.: 78.3% 
	 79.4%  79.2%  82.7%  79.2%  77.8%  79.0%   0.0%   0.0%   0.0%   0.0%   0.0%   0.0%   0.0%   0.0%   0.0%   0.0%   0.0%   0.0%   0.0%   0.0% 	Avg.: 79.6% 
	 75.0%  75.2%  80.7%  74.2%  76.6%  74.8%  83.8%   0.0%   0.0%   0.0%   0.0%   0.0%   0.0%   0.0%   0.0%   0.0%   0.0%   0.0%   0.0%   0.0% 	Avg.: 77.2% 
	 76.1%  75.7%  79.9%  73.5%  71.8%  76.2%  83.2%  78.1%   0.0%   0.0%   0.0%   0.0%   0.0%   0.0%   0.0%   0.0%   0.0%   0.0%   0.0%   0.0% 	Avg.: 76.8% 
	 74.5%  70.9%  80.4%  71.1%  69.1%  72.8%  80.6%  75.1%  82.4%   0.0%   0.0%   0.0%   0.0%   0.0%   0.0%   0.0%   0.0%   0.0%   0.0%   0.0% 	Avg.: 75.2% 
	 73.8%  66.3%  77.0%  69.4%  66.1%  70.0%  79.1%  71.7%  79.3%  82.3%   0.0%   0.0%   0.0%   0.0%   0.0%   0.0%   0.0%   0.0%   0.0%   0.0% 	Avg.: 73.5% 
	 69.3%  65.0%  74.5%  65.0%  61.8%  64.1%  75.9%  69.2%  76.5%  77.8%  84.1%   0.0%   0.0%   0.0%   0.0%   0.0%   0.0%   0.0%   0.0%   0.0% 	Avg.: 71.2% 
	 67.6%  66.7%  74.6%  59.4%  62.2%  63.5%  71.8%  67.9%  75.7%  71.9%  75.4%  76.8%   0.0%   0.0%   0.0%   0.0%   0.0%   0.0%   0.0%   0.0% 	Avg.: 69.5% 
	  0.0%   0.0%   0.0%   0.0%   0.0%   0.0%   0.0%   0.0%   0.0%   0.0%   0.0%   0.0%   0.0%   0.0%   0.0%   0.0%   0.0%   0.0%   0.0%   0.0% 	Avg.:  0.0% 
	  0.0%   0.0%   0.0%   0.0%   0.0%   0.0%   0.0%   0.0%   0.0%   0.0%   0.0%   0.0%   0.0%   0.0%   0.0%   0.0%   0.0%   0.0%   0.0%   0.0% 	Avg.:  0.0% 
	  0.0%   0.0%   0.0%   0.0%   0.0%   0.0%   0.0%   0.0%   0.0%   0.0%   0.0%   0.0%   0.0%   0.0%   0.0%   0.0%   0.0%   0.0%   0.0%   0.0% 	Avg.:  0.0% 
	  0.0%   0.0%   0.0%   0.0%   0.0%   0.0%   0.0%   0.0%   0.0%   0.0%   0.0%   0.0%   0.0%   0.0%   0.0%   0.0%   0.0%   0.0%   0.0%   0.0% 	Avg.:  0.0% 
	  0.0%   0.0%   0.0%   0.0%   0.0%   0.0%   0.0%   0.0%   0.0%   0.0%   0.0%   0.0%   0.0%   0.0%   0.0%   0.0%   0.0%   0.0%   0.0%   0.0% 	Avg.:  0.0% 
	  0.0%   0.0%   0.0%   0.0%   0.0%   0.0%   0.0%   0.0%   0.0%   0.0%   0.0%   0.0%   0.0%   0.0%   0.0%   0.0%   0.0%   0.0%   0.0%   0.0% 	Avg.:  0.0% 
	  0.0%   0.0%   0.0%   0.0%   0.0%   0.0%   0.0%   0.0%   0.0%   0.0%   0.0%   0.0%   0.0%   0.0%   0.0%   0.0%   0.0%   0.0%   0.0%   0.0% 	Avg.:  0.0% 
	  0.0%   0.0%   0.0%   0.0%   0.0%   0.0%   0.0%   0.0%   0.0%   0.0%   0.0%   0.0%   0.0%   0.0%   0.0%   0.0%   0.0%   0.0%   0.0%   0.0% 	Avg.:  0.0% 
************************************************************************************************************
TAw Forg
	  0.0%   0.0%   0.0%   0.0%   0.0%   0.0%   0.0%   0.0%   0.0%   0.0%   0.0%   0.0%   0.0%   0.0%   0.0%   0.0%   0.0%   0.0%   0.0%   0.0% 
	  1.8%   0.0%   0.0%   0.0%   0.0%   0.0%   0.0%   0.0%   0.0%   0.0%   0.0%   0.0%   0.0%   0.0%   0.0%   0.0%   0.0%   0.0%   0.0%   0.0% 	Avg.:  1.8% 
	 -0.3%  -0.2%   0.0%   0.0%   0.0%   0.0%   0.0%   0.0%   0.0%   0.0%   0.0%   0.0%   0.0%   0.0%   0.0%   0.0%   0.0%   0.0%   0.0%   0.0% 	Avg.: -0.2% 
	  0.2%   0.1%   0.3%   0.0%   0.0%   0.0%   0.0%   0.0%   0.0%   0.0%   0.0%   0.0%   0.0%   0.0%   0.0%   0.0%   0.0%   0.0%   0.0%   0.0% 	Avg.:  0.2% 
	  1.2%   1.3%   0.8%  -2.8%   0.0%   0.0%   0.0%   0.0%   0.0%   0.0%   0.0%   0.0%   0.0%   0.0%   0.0%   0.0%   0.0%   0.0%   0.0%   0.0% 	Avg.:  0.1% 
	  0.4%  -0.4%   1.0%  -0.9%  -2.7%   0.0%   0.0%   0.0%   0.0%   0.0%   0.0%   0.0%   0.0%   0.0%   0.0%   0.0%   0.0%   0.0%   0.0%   0.0% 	Avg.: -0.5% 
	  1.0%   1.3%   1.5%  -0.8%   1.5%   0.8%   0.0%   0.0%   0.0%   0.0%   0.0%   0.0%   0.0%   0.0%   0.0%   0.0%   0.0%   0.0%   0.0%   0.0% 	Avg.:  0.9% 
	  1.0%   1.6%   1.2%   1.0%   1.8%   0.5%  -1.6%   0.0%   0.0%   0.0%   0.0%   0.0%   0.0%   0.0%   0.0%   0.0%   0.0%   0.0%   0.0%   0.0% 	Avg.:  0.8% 
	  1.6%   1.4%   2.0%   1.2%   1.8%  -0.4%   0.9%   1.1%   0.0%   0.0%   0.0%   0.0%   0.0%   0.0%   0.0%   0.0%   0.0%   0.0%   0.0%   0.0% 	Avg.:  1.2% 
	  1.7%   1.3%   1.0%   1.2%   2.1%   1.0%   1.3%   0.5%   0.9%   0.0%   0.0%   0.0%   0.0%   0.0%   0.0%   0.0%   0.0%   0.0%   0.0%   0.0% 	Avg.:  1.2% 
	  1.8%   1.5%   2.8%   1.9%   2.1%   0.6%   1.6%   1.9%   0.9%  -0.4%   0.0%   0.0%   0.0%   0.0%   0.0%   0.0%   0.0%   0.0%   0.0%   0.0% 	Avg.:  1.5% 
	  3.6%   2.3%   2.0%   2.7%   3.3%   1.7%   1.9%   2.6%   0.4%   2.2%   0.3%   0.0%   0.0%   0.0%   0.0%   0.0%   0.0%   0.0%   0.0%   0.0% 	Avg.:  2.1% 
	  0.0%   0.0%   0.0%   0.0%   0.0%   0.0%   0.0%   0.0%   0.0%   0.0%   0.0%   0.0%   0.0%   0.0%   0.0%   0.0%   0.0%   0.0%   0.0%   0.0% 	Avg.:  0.0% 
	  0.0%   0.0%   0.0%   0.0%   0.0%   0.0%   0.0%   0.0%   0.0%   0.0%   0.0%   0.0%   0.0%   0.0%   0.0%   0.0%   0.0%   0.0%   0.0%   0.0% 	Avg.:  0.0% 
	  0.0%   0.0%   0.0%   0.0%   0.0%   0.0%   0.0%   0.0%   0.0%   0.0%   0.0%   0.0%   0.0%   0.0%   0.0%   0.0%   0.0%   0.0%   0.0%   0.0% 	Avg.:  0.0% 
	  0.0%   0.0%   0.0%   0.0%   0.0%   0.0%   0.0%   0.0%   0.0%   0.0%   0.0%   0.0%   0.0%   0.0%   0.0%   0.0%   0.0%   0.0%   0.0%   0.0% 	Avg.:  0.0% 
	  0.0%   0.0%   0.0%   0.0%   0.0%   0.0%   0.0%   0.0%   0.0%   0.0%   0.0%   0.0%   0.0%   0.0%   0.0%   0.0%   0.0%   0.0%   0.0%   0.0% 	Avg.:  0.0% 
	  0.0%   0.0%   0.0%   0.0%   0.0%   0.0%   0.0%   0.0%   0.0%   0.0%   0.0%   0.0%   0.0%   0.0%   0.0%   0.0%   0.0%   0.0%   0.0%   0.0% 	Avg.:  0.0% 
	  0.0%   0.0%   0.0%   0.0%   0.0%   0.0%   0.0%   0.0%   0.0%   0.0%   0.0%   0.0%   0.0%   0.0%   0.0%   0.0%   0.0%   0.0%   0.0%   0.0% 	Avg.:  0.0% 
	  0.0%   0.0%   0.0%   0.0%   0.0%   0.0%   0.0%   0.0%   0.0%   0.0%   0.0%   0.0%   0.0%   0.0%   0.0%   0.0%   0.0%   0.0%   0.0%   0.0% 	Avg.:  0.0% 
************************************************************************************************************
TAg Forg
	  0.0%   0.0%   0.0%   0.0%   0.0%   0.0%   0.0%   0.0%   0.0%   0.0%   0.0%   0.0%   0.0%   0.0%   0.0%   0.0%   0.0%   0.0%   0.0%   0.0% 
	  6.8%   0.0%   0.0%   0.0%   0.0%   0.0%   0.0%   0.0%   0.0%   0.0%   0.0%   0.0%   0.0%   0.0%   0.0%   0.0%   0.0%   0.0%   0.0%   0.0% 	Avg.:  6.8% 
	  7.9%   1.8%   0.0%   0.0%   0.0%   0.0%   0.0%   0.0%   0.0%   0.0%   0.0%   0.0%   0.0%   0.0%   0.0%   0.0%   0.0%   0.0%   0.0%   0.0% 	Avg.:  4.9% 
	 15.0%   9.6%   4.3%   0.0%   0.0%   0.0%   0.0%   0.0%   0.0%   0.0%   0.0%   0.0%   0.0%   0.0%   0.0%   0.0%   0.0%   0.0%   0.0%   0.0% 	Avg.:  9.6% 
	 15.7%   9.9%   7.9%   0.7%   0.0%   0.0%   0.0%   0.0%   0.0%   0.0%   0.0%   0.0%   0.0%   0.0%   0.0%   0.0%   0.0%   0.0%   0.0%   0.0% 	Avg.:  8.6% 
	 15.0%   7.9%   7.7%   0.4%  -3.5%   0.0%   0.0%   0.0%   0.0%   0.0%   0.0%   0.0%   0.0%   0.0%   0.0%   0.0%   0.0%   0.0%   0.0%   0.0% 	Avg.:  5.5% 
	 19.4%  11.9%   9.7%   5.4%   1.2%   4.2%   0.0%   0.0%   0.0%   0.0%   0.0%   0.0%   0.0%   0.0%   0.0%   0.0%   0.0%   0.0%   0.0%   0.0% 	Avg.:  8.6% 
	 18.3%  11.4%  10.5%   6.1%   6.0%   2.8%   0.6%   0.0%   0.0%   0.0%   0.0%   0.0%   0.0%   0.0%   0.0%   0.0%   0.0%   0.0%   0.0%   0.0% 	Avg.:  8.0% 
	 19.9%  16.2%  10.0%   8.5%   8.7%   6.2%   3.2%   3.0%   0.0%   0.0%   0.0%   0.0%   0.0%   0.0%   0.0%   0.0%   0.0%   0.0%   0.0%   0.0% 	Avg.:  9.5% 
	 20.6%  20.8%  13.4%  10.2%  11.7%   9.0%   4.7%   6.4%   3.1%   0.0%   0.0%   0.0%   0.0%   0.0%   0.0%   0.0%   0.0%   0.0%   0.0%   0.0% 	Avg.: 11.1% 
	 25.1%  22.1%  15.9%  14.6%  16.0%  14.9%   7.9%   8.9%   5.9%   4.5%   0.0%   0.0%   0.0%   0.0%   0.0%   0.0%   0.0%   0.0%   0.0%   0.0% 	Avg.: 13.6% 
	 26.8%  20.4%  15.8%  20.2%  15.6%  15.5%  12.0%  10.2%   6.7%  10.4%   8.7%   0.0%   0.0%   0.0%   0.0%   0.0%   0.0%   0.0%   0.0%   0.0% 	Avg.: 14.8% 
	  0.0%   0.0%   0.0%   0.0%   0.0%   0.0%   0.0%   0.0%   0.0%   0.0%   0.0%   0.0%   0.0%   0.0%   0.0%   0.0%   0.0%   0.0%   0.0%   0.0% 	Avg.:  0.0% 
	  0.0%   0.0%   0.0%   0.0%   0.0%   0.0%   0.0%   0.0%   0.0%   0.0%   0.0%   0.0%   0.0%   0.0%   0.0%   0.0%   0.0%   0.0%   0.0%   0.0% 	Avg.:  0.0% 
	  0.0%   0.0%   0.0%   0.0%   0.0%   0.0%   0.0%   0.0%   0.0%   0.0%   0.0%   0.0%   0.0%   0.0%   0.0%   0.0%   0.0%   0.0%   0.0%   0.0% 	Avg.:  0.0% 
	  0.0%   0.0%   0.0%   0.0%   0.0%   0.0%   0.0%   0.0%   0.0%   0.0%   0.0%   0.0%   0.0%   0.0%   0.0%   0.0%   0.0%   0.0%   0.0%   0.0% 	Avg.:  0.0% 
	  0.0%   0.0%   0.0%   0.0%   0.0%   0.0%   0.0%   0.0%   0.0%   0.0%   0.0%   0.0%   0.0%   0.0%   0.0%   0.0%   0.0%   0.0%   0.0%   0.0% 	Avg.:  0.0% 
	  0.0%   0.0%   0.0%   0.0%   0.0%   0.0%   0.0%   0.0%   0.0%   0.0%   0.0%   0.0%   0.0%   0.0%   0.0%   0.0%   0.0%   0.0%   0.0%   0.0% 	Avg.:  0.0% 
	  0.0%   0.0%   0.0%   0.0%   0.0%   0.0%   0.0%   0.0%   0.0%   0.0%   0.0%   0.0%   0.0%   0.0%   0.0%   0.0%   0.0%   0.0%   0.0%   0.0% 	Avg.:  0.0% 
	  0.0%   0.0%   0.0%   0.0%   0.0%   0.0%   0.0%   0.0%   0.0%   0.0%   0.0%   0.0%   0.0%   0.0%   0.0%   0.0%   0.0%   0.0%   0.0%   0.0% 	Avg.:  0.0% 
************************************************************************************************************
[Elapsed time = 2.6 h]
Done!
