START_TASK=18 STOP_TASK=19 START_EPOCH=0 STOP_EPOCH=22
============================================================================================================
Arguments =
	all_outputs: False
	approach: joint
	batch_size: 64
	classes_first_task: None
	clipping: 10000
	crop: 224
	data_path: ../data/inat200
	dataset: inat200
	eval_on_train: False
	experiment_path: None
	fix_bn: False
	freeze_backbone: False
	gpu: 0
	gpus: [0]
	increment: 10
	last_layer_analysis: False
	log: ['disk']
	lr: 0.01
	lr_factor: None
	lr_min: 0.0001
	lr_patience: None
	lr_scheduler: cosine
	lr_warmup_epochs: 0
	momentum: 0.0
	multi_softmax: False
	nepochs: 90
	network: resnetv2_101x1_bit.goog_in21k
	no_cudnn_deterministic: False
	normalize: in21k
	num_workers: 2
	optimizer_name: sgd
	pin_memory: False
	pretrained: True
	resize: 224
	results_path: ./results
	save_models: True
	seed: 0
	start_at_task: 18
	start_epoch: 0
	stop_at_task: 19
	stop_epoch: 22
	use_valid_only: False
	warmup_lr_factor: 1.0
	warmup_nepochs: 0
	weight_decay: 0.0
============================================================================================================
Approach arguments =
============================================================================================================
Exemplars arguments =
============================================================================================================
WARNING: ./results/resnetv2_101x1_bit.goog_in21k/inat200/joint/10 already exists!
Loaded acc_taw from: ./results/resnetv2_101x1_bit.goog_in21k/inat200/joint/10/acc_taw-17.txt
Loaded acc_tag from: ./results/resnetv2_101x1_bit.goog_in21k/inat200/joint/10/acc_tag-17.txt
Loaded forg_taw from: ./results/resnetv2_101x1_bit.goog_in21k/inat200/joint/10/forg_taw-17.txt
Loaded forg_tag from: ./results/resnetv2_101x1_bit.goog_in21k/inat200/joint/10/forg_tag-17.txt
[joint] Loaded accumulated datasets up to task 17 from ./results/resnetv2_101x1_bit.goog_in21k/inat200/joint/10/joint_progress
************************************************************************************************************
Task 18  [epochs 0-22]
************************************************************************************************************
[params] total:42,881,790  trainable:42,881,790  tensors:342  trainable_tensors:342
| Epoch   1, time=269.5s | Train: skip eval | Valid: time= 26.5s loss=2.034, TAw acc= 90.7% | * lr=1.0e-02
| Epoch   2, time=264.7s | Train: skip eval | Valid: time= 27.1s loss=2.048, TAw acc= 90.7% | lr=1.0e-02
| Epoch   3, time=268.8s | Train: skip eval | Valid: time= 26.4s loss=2.099, TAw acc= 90.1% | lr=1.0e-02
| Epoch   4, time=267.7s | Train: skip eval | Valid: time= 25.0s loss=2.012, TAw acc= 90.2% | * lr=1.0e-02
| Epoch   5, time=266.1s | Train: skip eval | Valid: time= 24.3s loss=2.001, TAw acc= 90.6% | * lr=9.9e-03
| Epoch   6, time=268.5s | Train: skip eval | Valid: time= 25.3s loss=2.036, TAw acc= 90.8% | lr=9.9e-03
| Epoch   7, time=271.6s | Train: skip eval | Valid: time= 27.2s loss=2.042, TAw acc= 90.5% | lr=9.9e-03
| Epoch   8, time=262.6s | Train: skip eval | Valid: time= 26.2s loss=1.975, TAw acc= 90.7% | * lr=9.8e-03
| Epoch   9, time=270.1s | Train: skip eval | Valid: time= 24.9s loss=2.037, TAw acc= 90.6% | lr=9.8e-03
| Epoch  10, time=272.0s | Train: skip eval | Valid: time= 25.4s loss=1.986, TAw acc= 90.9% | lr=9.7e-03
| Epoch  11, time=265.2s | Train: skip eval | Valid: time= 25.8s loss=1.972, TAw acc= 90.9% | * lr=9.6e-03
| Epoch  12, time=264.8s | Train: skip eval | Valid: time= 26.6s loss=2.010, TAw acc= 90.9% | lr=9.6e-03
| Epoch  13, time=272.7s | Train: skip eval | Valid: time= 25.1s loss=1.995, TAw acc= 91.1% | lr=9.5e-03
| Epoch  14, time=269.4s | Train: skip eval | Valid: time= 25.4s loss=1.988, TAw acc= 90.7% | lr=9.4e-03
| Epoch  15, time=259.9s | Train: skip eval | Valid: time= 24.9s loss=2.053, TAw acc= 90.5% | lr=9.3e-03
| Epoch  16, time=259.5s | Train: skip eval | Valid: time= 24.6s loss=2.021, TAw acc= 91.1% | lr=9.2e-03
| Epoch  17, time=263.8s | Train: skip eval | Valid: time= 25.9s loss=1.997, TAw acc= 90.7% | lr=9.2e-03
| Epoch  18, time=261.1s | Train: skip eval | Valid: time= 24.0s loss=2.021, TAw acc= 91.2% | lr=9.1e-03
| Epoch  19, time=272.1s | Train: skip eval | Valid: time= 25.1s loss=1.963, TAw acc= 91.2% | * lr=9.0e-03
| Epoch  20, time=265.2s | Train: skip eval | Valid: time= 25.2s loss=1.993, TAw acc= 90.9% | lr=8.8e-03
| Epoch  21, time=271.0s | Train: skip eval | Valid: time= 26.2s loss=1.931, TAw acc= 91.1% | * lr=8.7e-03
| Epoch  22, time=268.9s | Train: skip eval | Valid: time= 25.4s loss=1.971, TAw acc= 91.0% | lr=8.6e-03
------------------------------------------------------------------------------------------------------------
[joint] Saved accumulated datasets up to task 18 → ./results/resnetv2_101x1_bit.goog_in21k/inat200/joint/10/joint_progress
[Elapsed time = 1.8 h]
Done!
