START_TASK=19 STOP_TASK=20
============================================================================================================
Arguments =
	approach: lucir
	batch_size: 64
	classes_first_task: None
	clipping: 10000
	crop: 224
	data_path: ../data/inat200
	dataset: inat200
	eval_on_train: False
	experiment_path: None
	fix_bn: False
	freeze_backbone: False
	gpu: 0
	gpus: [0]
	increment: 10
	last_layer_analysis: True
	log: ['disk']
	lr: 0.01
	lr_factor: None
	lr_min: 0.0001
	lr_patience: None
	lr_scheduler: cosine
	lr_warmup_epochs: 0
	momentum: 0.0
	multi_softmax: False
	nepochs: 90
	network: vit_base_patch16_224.orig_in21k
	no_cudnn_deterministic: False
	normalize: in21k
	num_workers: 2
	optimizer_name: sgd
	pin_memory: False
	pretrained: True
	resize: 224
	results_path: ./results
	save_models: True
	seed: 0
	start_at_task: 19
	start_epoch: 0
	stop_at_task: 20
	stop_epoch: 0
	use_valid_only: False
	warmup_lr_factor: 1.0
	warmup_nepochs: 0
	weight_decay: 0.0
============================================================================================================
Approach arguments =
	K: 2
	dist: 0.5
	lamb: 5.0
	lamb_mr: 1.0
============================================================================================================
Exemplars arguments =
	exemplar_selection: random
	num_exemplars: 4000
============================================================================================================
WARNING: ./results/vit_base_patch16_224.orig_in21k/inat200/lucir/10 already exists!
Loaded acc_taw from: ./results/vit_base_patch16_224.orig_in21k/inat200/lucir/10/acc_taw-18.txt
Loaded acc_tag from: ./results/vit_base_patch16_224.orig_in21k/inat200/lucir/10/acc_tag-18.txt
Loaded forg_taw from: ./results/vit_base_patch16_224.orig_in21k/inat200/lucir/10/forg_taw-18.txt
Loaded forg_tag from: ./results/vit_base_patch16_224.orig_in21k/inat200/lucir/10/forg_tag-18.txt
Restored CosineLinear heads from ./results/vit_base_patch16_224.orig_in21k/inat200/lucir/10/task18_cosine_heads.pth
Loaded 4180 exemplars from ./results/vit_base_patch16_224.orig_in21k/inat200/lucir/10/task18_exemplars.pth
************************************************************************************************************
Task 19  [epochs 0-90]
************************************************************************************************************
[params] total:85,952,257  trainable:85,806,337  tensors:171  trainable_tensors:152
| Epoch   1, time= 75.3s | Train: skip eval | Valid: time=  2.7s loss=1.599, TAw acc= 92.2% | * lr=1.0e-02
| Epoch   2, time= 75.2s | Train: skip eval | Valid: time=  2.7s loss=1.089, TAw acc= 93.0% | * lr=1.0e-02
| Epoch   3, time= 75.4s | Train: skip eval | Valid: time=  2.5s loss=0.973, TAw acc= 93.2% | * lr=1.0e-02
| Epoch   4, time= 75.6s | Train: skip eval | Valid: time=  2.6s loss=0.938, TAw acc= 92.8% | * lr=1.0e-02
| Epoch   5, time= 76.4s | Train: skip eval | Valid: time=  2.6s loss=0.903, TAw acc= 93.8% | * lr=9.9e-03
| Epoch   6, time= 76.7s | Train: skip eval | Valid: time=  2.6s loss=0.908, TAw acc= 93.5% | lr=9.9e-03
| Epoch   7, time= 76.8s | Train: skip eval | Valid: time=  2.8s loss=0.918, TAw acc= 92.8% | lr=9.9e-03
| Epoch   8, time= 77.0s | Train: skip eval | Valid: time=  2.6s loss=0.924, TAw acc= 94.0% | lr=9.8e-03
| Epoch   9, time= 76.7s | Train: skip eval | Valid: time=  2.6s loss=0.894, TAw acc= 93.2% | * lr=9.8e-03
| Epoch  10, time= 76.6s | Train: skip eval | Valid: time=  2.6s loss=0.919, TAw acc= 93.5% | lr=9.7e-03
| Epoch  11, time= 76.7s | Train: skip eval | Valid: time=  2.6s loss=0.892, TAw acc= 94.0% | * lr=9.6e-03
| Epoch  12, time= 76.8s | Train: skip eval | Valid: time=  2.7s loss=0.881, TAw acc= 93.5% | * lr=9.6e-03
| Epoch  13, time= 76.8s | Train: skip eval | Valid: time=  2.6s loss=0.943, TAw acc= 93.2% | lr=9.5e-03
| Epoch  14, time= 77.0s | Train: skip eval | Valid: time=  2.6s loss=0.876, TAw acc= 94.2% | * lr=9.4e-03
| Epoch  15, time= 76.3s | Train: skip eval | Valid: time=  2.6s loss=0.970, TAw acc= 93.8% | lr=9.3e-03
| Epoch  16, time= 76.0s | Train: skip eval | Valid: time=  2.6s loss=0.878, TAw acc= 94.2% | lr=9.2e-03
| Epoch  17, time= 76.1s | Train: skip eval | Valid: time=  2.6s loss=0.882, TAw acc= 93.8% | lr=9.2e-03
| Epoch  18, time= 76.2s | Train: skip eval | Valid: time=  2.6s loss=0.872, TAw acc= 94.0% | * lr=9.1e-03
| Epoch  19, time= 76.1s | Train: skip eval | Valid: time=  2.6s loss=0.897, TAw acc= 93.5% | lr=9.0e-03
| Epoch  20, time= 76.3s | Train: skip eval | Valid: time=  2.6s loss=0.858, TAw acc= 93.5% | * lr=8.8e-03
| Epoch  21, time= 76.7s | Train: skip eval | Valid: time=  2.6s loss=0.880, TAw acc= 94.2% | lr=8.7e-03
| Epoch  22, time= 76.6s | Train: skip eval | Valid: time=  2.6s loss=0.883, TAw acc= 93.5% | lr=8.6e-03
| Epoch  23, time= 76.9s | Train: skip eval | Valid: time=  2.6s loss=0.866, TAw acc= 94.0% | lr=8.5e-03
| Epoch  24, time= 76.2s | Train: skip eval | Valid: time=  2.6s loss=0.866, TAw acc= 94.5% | lr=8.4e-03
| Epoch  25, time= 76.1s | Train: skip eval | Valid: time=  2.6s loss=0.875, TAw acc= 93.8% | lr=8.2e-03
| Epoch  26, time= 76.2s | Train: skip eval | Valid: time=  2.6s loss=0.900, TAw acc= 94.5% | lr=8.1e-03
| Epoch  27, time= 76.6s | Train: skip eval | Valid: time=  2.6s loss=0.859, TAw acc= 94.8% | lr=8.0e-03
| Epoch  28, time= 76.8s | Train: skip eval | Valid: time=  2.6s loss=0.864, TAw acc= 94.2% | lr=7.8e-03
| Epoch  29, time= 77.0s | Train: skip eval | Valid: time=  2.7s loss=0.848, TAw acc= 94.2% | * lr=7.7e-03
| Epoch  30, time= 77.1s | Train: skip eval | Valid: time=  2.8s loss=0.858, TAw acc= 94.5% | lr=7.5e-03
| Epoch  31, time= 77.1s | Train: skip eval | Valid: time=  2.6s loss=0.871, TAw acc= 94.2% | lr=7.4e-03
| Epoch  32, time= 77.2s | Train: skip eval | Valid: time=  3.1s loss=0.855, TAw acc= 94.0% | lr=7.2e-03
| Epoch  33, time= 77.2s | Train: skip eval | Valid: time=  2.7s loss=0.848, TAw acc= 93.8% | * lr=7.1e-03
| Epoch  34, time= 77.1s | Train: skip eval | Valid: time=  2.6s loss=0.855, TAw acc= 94.2% | lr=6.9e-03
| Epoch  35, time= 77.2s | Train: skip eval | Valid: time=  2.6s loss=0.842, TAw acc= 93.8% | * lr=6.7e-03
| Epoch  36, time= 77.1s | Train: skip eval | Valid: time=  2.6s loss=0.848, TAw acc= 94.0% | lr=6.6e-03
| Epoch  37, time= 76.8s | Train: skip eval | Valid: time=  2.6s loss=0.848, TAw acc= 94.5% | lr=6.4e-03
| Epoch  38, time= 77.1s | Train: skip eval | Valid: time=  2.6s loss=0.844, TAw acc= 93.8% | lr=6.2e-03
| Epoch  39, time= 77.2s | Train: skip eval | Valid: time=  2.6s loss=0.861, TAw acc= 94.2% | lr=6.1e-03
| Epoch  40, time= 77.5s | Train: skip eval | Valid: time=  2.6s loss=0.850, TAw acc= 94.0% | lr=5.9e-03
| Epoch  41, time= 77.9s | Train: skip eval | Valid: time=  2.6s loss=0.841, TAw acc= 94.5% | * lr=5.7e-03
| Epoch  42, time= 77.5s | Train: skip eval | Valid: time=  2.6s loss=0.846, TAw acc= 94.5% | lr=5.6e-03
| Epoch  43, time= 77.2s | Train: skip eval | Valid: time=  2.7s loss=0.845, TAw acc= 94.8% | lr=5.4e-03
| Epoch  44, time= 76.9s | Train: skip eval | Valid: time=  2.7s loss=0.834, TAw acc= 94.2% | * lr=5.2e-03
| Epoch  45, time= 76.8s | Train: skip eval | Valid: time=  2.6s loss=0.834, TAw acc= 94.0% | * lr=5.1e-03
| Epoch  46, time= 77.3s | Train: skip eval | Valid: time=  2.6s loss=0.833, TAw acc= 94.0% | * lr=4.9e-03
| Epoch  47, time= 77.0s | Train: skip eval | Valid: time=  2.6s loss=0.829, TAw acc= 94.2% | * lr=4.7e-03
| Epoch  48, time= 78.4s | Train: skip eval | Valid: time=  2.6s loss=0.837, TAw acc= 94.0% | lr=4.5e-03
| Epoch  49, time= 77.2s | Train: skip eval | Valid: time=  2.6s loss=0.828, TAw acc= 94.5% | * lr=4.4e-03
| Epoch  50, time= 77.3s | Train: skip eval | Valid: time=  2.6s loss=0.833, TAw acc= 94.5% | lr=4.2e-03
| Epoch  51, time= 76.7s | Train: skip eval | Valid: time=  2.6s loss=0.834, TAw acc= 94.5% | lr=4.0e-03
| Epoch  52, time= 76.7s | Train: skip eval | Valid: time=  2.6s loss=0.830, TAw acc= 94.2% | lr=3.9e-03
| Epoch  53, time= 77.0s | Train: skip eval | Valid: time=  2.6s loss=0.828, TAw acc= 94.2% | * lr=3.7e-03
| Epoch  54, time= 77.2s | Train: skip eval | Valid: time=  2.6s loss=0.833, TAw acc= 94.2% | lr=3.5e-03
| Epoch  55, time= 77.3s | Train: skip eval | Valid: time=  2.6s loss=0.824, TAw acc= 94.2% | * lr=3.4e-03
| Epoch  56, time= 76.5s | Train: skip eval | Valid: time=  2.6s loss=0.833, TAw acc= 94.5% | lr=3.2e-03
| Epoch  57, time= 76.9s | Train: skip eval | Valid: time=  2.7s loss=0.829, TAw acc= 94.5% | lr=3.0e-03
| Epoch  58, time= 76.9s | Train: skip eval | Valid: time=  2.6s loss=0.824, TAw acc= 94.2% | * lr=2.9e-03
| Epoch  59, time= 76.6s | Train: skip eval | Valid: time=  2.7s loss=0.833, TAw acc= 93.8% | lr=2.7e-03
| Epoch  60, time= 76.5s | Train: skip eval | Valid: time=  2.6s loss=0.830, TAw acc= 94.2% | lr=2.6e-03
| Epoch  61, time= 76.4s | Train: skip eval | Valid: time=  2.6s loss=0.830, TAw acc= 94.2% | lr=2.4e-03
| Epoch  62, time= 77.0s | Train: skip eval | Valid: time=  2.6s loss=0.823, TAw acc= 94.2% | * lr=2.3e-03
| Epoch  63, time= 77.3s | Train: skip eval | Valid: time=  2.6s loss=0.826, TAw acc= 94.2% | lr=2.1e-03
| Epoch  64, time= 77.1s | Train: skip eval | Valid: time=  2.6s loss=0.826, TAw acc= 94.2% | lr=2.0e-03
| Epoch  65, time= 77.0s | Train: skip eval | Valid: time=  2.6s loss=0.824, TAw acc= 94.2% | lr=1.9e-03
| Epoch  66, time= 76.6s | Train: skip eval | Valid: time=  2.7s loss=0.822, TAw acc= 94.2% | * lr=1.7e-03
| Epoch  67, time= 76.7s | Train: skip eval | Valid: time=  2.6s loss=0.829, TAw acc= 94.0% | lr=1.6e-03
| Epoch  68, time= 77.1s | Train: skip eval | Valid: time=  2.6s loss=0.827, TAw acc= 94.2% | lr=1.5e-03
| Epoch  69, time= 77.2s | Train: skip eval | Valid: time=  2.6s loss=0.822, TAw acc= 94.2% | lr=1.4e-03
| Epoch  70, time= 77.1s | Train: skip eval | Valid: time=  2.6s loss=0.822, TAw acc= 94.2% | lr=1.3e-03
| Epoch  71, time= 77.2s | Train: skip eval | Valid: time=  2.6s loss=0.826, TAw acc= 94.5% | lr=1.1e-03
| Epoch  72, time= 77.1s | Train: skip eval | Valid: time=  2.6s loss=0.825, TAw acc= 94.2% | lr=1.0e-03
| Epoch  73, time= 77.2s | Train: skip eval | Valid: time=  2.6s loss=0.823, TAw acc= 94.5% | lr=9.5e-04
| Epoch  74, time= 77.1s | Train: skip eval | Valid: time=  2.6s loss=0.822, TAw acc= 94.2% | * lr=8.5e-04
| Epoch  75, time= 77.2s | Train: skip eval | Valid: time=  2.6s loss=0.823, TAw acc= 94.2% | lr=7.6e-04
| Epoch  76, time= 77.1s | Train: skip eval | Valid: time=  2.6s loss=0.821, TAw acc= 94.0% | * lr=6.8e-04
| Epoch  77, time= 77.3s | Train: skip eval | Valid: time=  2.6s loss=0.821, TAw acc= 94.2% | lr=6.0e-04
| Epoch  78, time= 77.2s | Train: skip eval | Valid: time=  2.7s loss=0.821, TAw acc= 94.2% | lr=5.3e-04
| Epoch  79, time= 76.9s | Train: skip eval | Valid: time=  2.6s loss=0.821, TAw acc= 94.2% | lr=4.6e-04
| Epoch  80, time= 77.4s | Train: skip eval | Valid: time=  2.6s loss=0.820, TAw acc= 94.0% | * lr=4.0e-04
| Epoch  81, time= 77.4s | Train: skip eval | Valid: time=  2.6s loss=0.822, TAw acc= 94.0% | lr=3.4e-04
| Epoch  82, time= 77.4s | Train: skip eval | Valid: time=  2.6s loss=0.820, TAw acc= 94.2% | lr=2.9e-04
| Epoch  83, time= 77.1s | Train: skip eval | Valid: time=  2.6s loss=0.822, TAw acc= 94.2% | lr=2.5e-04
| Epoch  84, time= 77.6s | Train: skip eval | Valid: time=  2.7s loss=0.822, TAw acc= 94.0% | lr=2.1e-04
| Epoch  85, time= 77.3s | Train: skip eval | Valid: time=  2.6s loss=0.821, TAw acc= 94.0% | lr=1.8e-04
| Epoch  86, time= 77.1s | Train: skip eval | Valid: time=  2.6s loss=0.821, TAw acc= 94.0% | lr=1.5e-04
| Epoch  87, time= 77.3s | Train: skip eval | Valid: time=  2.6s loss=0.821, TAw acc= 94.0% | lr=1.3e-04
| Epoch  88, time= 77.4s | Train: skip eval | Valid: time=  2.6s loss=0.821, TAw acc= 94.0% | lr=1.1e-04
| Epoch  89, time= 76.7s | Train: skip eval | Valid: time=  2.6s loss=0.820, TAw acc= 94.0% | lr=1.0e-04
| Epoch  90, time= 76.6s | Train: skip eval | Valid: time=  2.6s loss=0.821, TAw acc= 94.0% | lr=1.0e-04
| Selected 4000 train exemplars, time=  2.1s
------------------------------------------------------------------------------------------------------------
>>> Test on task  0 : loss=3.732 | TAw acc= 93.5%, forg=  2.6% | TAg acc= 47.5%, forg= 47.2% <<<
>>> Test on task  1 : loss=5.538 | TAw acc= 91.6%, forg=  1.3% | TAg acc= 46.2%, forg= 36.3% <<<
>>> Test on task  2 : loss=3.164 | TAw acc= 94.4%, forg=  1.5% | TAg acc= 66.5%, forg= 18.5% <<<
>>> Test on task  3 : loss=4.533 | TAw acc= 91.4%, forg=  0.0% | TAg acc= 47.1%, forg= 30.8% <<<
>>> Test on task  4 : loss=4.288 | TAw acc= 92.1%, forg=  0.5% | TAg acc= 44.3%, forg= 35.2% <<<
>>> Test on task  5 : loss=4.334 | TAw acc= 91.0%, forg=  0.6% | TAg acc= 43.3%, forg= 34.6% <<<
>>> Test on task  6 : loss=2.492 | TAw acc= 92.6%, forg=  0.8% | TAg acc= 69.6%, forg= 13.7% <<<
>>> Test on task  7 : loss=3.108 | TAw acc= 92.3%, forg=  1.3% | TAg acc= 52.4%, forg= 30.7% <<<
>>> Test on task  8 : loss=2.679 | TAw acc= 91.2%, forg=  1.7% | TAg acc= 64.3%, forg= 21.6% <<<
>>> Test on task  9 : loss=2.502 | TAw acc= 93.8%, forg=  0.9% | TAg acc= 53.2%, forg= 30.0% <<<
>>> Test on task 10 : loss=2.132 | TAw acc= 91.1%, forg= -0.1% | TAg acc= 62.5%, forg= 17.0% <<<
>>> Test on task 11 : loss=2.133 | TAw acc= 92.6%, forg=  0.8% | TAg acc= 56.0%, forg= 22.9% <<<
>>> Test on task 12 : loss=1.715 | TAw acc= 95.1%, forg=  0.4% | TAg acc= 62.1%, forg= 21.5% <<<
>>> Test on task 13 : loss=1.143 | TAw acc= 97.5%, forg=  0.4% | TAg acc= 73.2%, forg= 12.0% <<<
>>> Test on task 14 : loss=1.460 | TAw acc= 94.5%, forg=  0.8% | TAg acc= 69.0%, forg= 15.4% <<<
>>> Test on task 15 : loss=1.341 | TAw acc= 92.9%, forg= -0.2% | TAg acc= 73.3%, forg=  9.3% <<<
>>> Test on task 16 : loss=1.574 | TAw acc= 86.9%, forg=  0.1% | TAg acc= 64.3%, forg=  9.7% <<<
>>> Test on task 17 : loss=1.049 | TAw acc= 93.7%, forg=  0.0% | TAg acc= 75.4%, forg=  7.1% <<<
>>> Test on task 18 : loss=1.077 | TAw acc= 91.6%, forg=  0.4% | TAg acc= 75.8%, forg=  3.5% <<<
>>> Test on task 19 : loss=0.718 | TAw acc= 93.4%, forg=  0.0% | TAg acc= 80.9%, forg=  0.0% <<<
Save at ./results/./results/vit_base_patch16_224.orig_in21k/inat200/lucir/10
Plotting last layer analysis...
************************************************************************************************************
TAw Acc
	 94.7%   0.0%   0.0%   0.0%   0.0%   0.0%   0.0%   0.0%   0.0%   0.0%   0.0%   0.0%   0.0%   0.0%   0.0%   0.0%   0.0%   0.0%   0.0%   0.0% 	Avg.: 94.7% 
	 95.1%  92.0%   0.0%   0.0%   0.0%   0.0%   0.0%   0.0%   0.0%   0.0%   0.0%   0.0%   0.0%   0.0%   0.0%   0.0%   0.0%   0.0%   0.0%   0.0% 	Avg.: 93.6% 
	 95.6%  92.3%  94.9%   0.0%   0.0%   0.0%   0.0%   0.0%   0.0%   0.0%   0.0%   0.0%   0.0%   0.0%   0.0%   0.0%   0.0%   0.0%   0.0%   0.0% 	Avg.: 94.3% 
	 95.9%  92.9%  95.2%  89.7%   0.0%   0.0%   0.0%   0.0%   0.0%   0.0%   0.0%   0.0%   0.0%   0.0%   0.0%   0.0%   0.0%   0.0%   0.0%   0.0% 	Avg.: 93.4% 
	 96.1%  92.4%  95.7%  90.3%  90.6%   0.0%   0.0%   0.0%   0.0%   0.0%   0.0%   0.0%   0.0%   0.0%   0.0%   0.0%   0.0%   0.0%   0.0%   0.0% 	Avg.: 93.0% 
	 96.1%  91.9%  95.6%  90.3%  91.2%  90.3%   0.0%   0.0%   0.0%   0.0%   0.0%   0.0%   0.0%   0.0%   0.0%   0.0%   0.0%   0.0%   0.0%   0.0% 	Avg.: 92.6% 
	 95.9%  91.7%  95.7%  90.4%  91.8%  90.8%  92.8%   0.0%   0.0%   0.0%   0.0%   0.0%   0.0%   0.0%   0.0%   0.0%   0.0%   0.0%   0.0%   0.0% 	Avg.: 92.7% 
	 95.9%  92.0%  95.9%  90.8%  91.8%  90.9%  92.7%  93.1%   0.0%   0.0%   0.0%   0.0%   0.0%   0.0%   0.0%   0.0%   0.0%   0.0%   0.0%   0.0% 	Avg.: 92.9% 
	 95.7%  92.3%  95.3%  91.0%  91.7%  90.8%  93.0%  93.1%  92.2%   0.0%   0.0%   0.0%   0.0%   0.0%   0.0%   0.0%   0.0%   0.0%   0.0%   0.0% 	Avg.: 92.8% 
	 95.3%  91.6%  95.6%  90.9%  92.1%  90.1%  92.8%  93.6%  92.2%  93.4%   0.0%   0.0%   0.0%   0.0%   0.0%   0.0%   0.0%   0.0%   0.0%   0.0% 	Avg.: 92.8% 
	 95.1%  91.8%  95.1%  91.1%  92.3%  90.7%  93.3%  93.2%  92.2%  93.8%  89.3%   0.0%   0.0%   0.0%   0.0%   0.0%   0.0%   0.0%   0.0%   0.0% 	Avg.: 92.5% 
	 95.0%  91.8%  95.2%  91.3%  92.3%  90.6%  93.4%  93.1%  92.4%  94.0%  89.9%  92.5%   0.0%   0.0%   0.0%   0.0%   0.0%   0.0%   0.0%   0.0% 	Avg.: 92.6% 
	 94.8%  91.6%  95.0%  91.4%  92.6%  90.8%  93.2%  93.1%  92.5%  93.9%  90.3%  92.7%  94.7%   0.0%   0.0%   0.0%   0.0%   0.0%   0.0%   0.0% 	Avg.: 92.8% 
	 94.8%  91.7%  95.1%  91.4%  92.3%  91.0%  92.9%  93.2%  92.9%  94.7%  91.0%  93.0%  95.0%  97.0%   0.0%   0.0%   0.0%   0.0%   0.0%   0.0% 	Avg.: 93.3% 
	 94.8%  91.6%  95.6%  90.7%  92.4%  91.4%  93.0%  93.3%  92.5%  93.9%  90.7%  93.4%  95.4%  97.4%  95.3%   0.0%   0.0%   0.0%   0.0%   0.0% 	Avg.: 93.4% 
	 94.2%  91.8%  95.8%  90.8%  92.4%  91.6%  93.3%  92.8%  92.5%  93.9%  90.9%  93.1%  95.0%  97.6%  95.3%  92.1%   0.0%   0.0%   0.0%   0.0% 	Avg.: 93.3% 
	 93.7%  91.9%  95.2%  91.0%  91.9%  91.4%  92.7%  93.0%  92.0%  93.4%  91.0%  93.2%  95.5%  97.9%  95.0%  92.3%  86.5%   0.0%   0.0%   0.0% 	Avg.: 92.8% 
	 93.9%  91.8%  94.9%  91.0%  92.0%  90.9%  92.6%  92.7%  91.5%  93.5%  91.0%  93.2%  95.3%  97.8%  94.8%  92.3%  87.0%  93.5%   0.0%   0.0% 	Avg.: 92.8% 
	 93.6%  91.7%  94.6%  91.4%  92.4%  91.0%  92.9%  92.7%  91.2%  93.5%  90.9%  92.9%  95.2%  97.6%  94.6%  92.7%  86.5%  93.7%  92.0%   0.0% 	Avg.: 92.7% 
	 93.5%  91.6%  94.4%  91.4%  92.1%  91.0%  92.6%  92.3%  91.2%  93.8%  91.1%  92.6%  95.1%  97.5%  94.5%  92.9%  86.9%  93.7%  91.6%  93.4% 	Avg.: 92.7% 
************************************************************************************************************
TAg Acc
	 94.7%   0.0%   0.0%   0.0%   0.0%   0.0%   0.0%   0.0%   0.0%   0.0%   0.0%   0.0%   0.0%   0.0%   0.0%   0.0%   0.0%   0.0%   0.0%   0.0% 	Avg.: 94.7% 
	 94.7%  74.3%   0.0%   0.0%   0.0%   0.0%   0.0%   0.0%   0.0%   0.0%   0.0%   0.0%   0.0%   0.0%   0.0%   0.0%   0.0%   0.0%   0.0%   0.0% 	Avg.: 84.5% 
	 92.6%  82.5%  82.3%   0.0%   0.0%   0.0%   0.0%   0.0%   0.0%   0.0%   0.0%   0.0%   0.0%   0.0%   0.0%   0.0%   0.0%   0.0%   0.0%   0.0% 	Avg.: 85.8% 
	 89.7%  80.6%  85.0%  77.9%   0.0%   0.0%   0.0%   0.0%   0.0%   0.0%   0.0%   0.0%   0.0%   0.0%   0.0%   0.0%   0.0%   0.0%   0.0%   0.0% 	Avg.: 83.3% 
	 84.8%  78.7%  83.5%  77.0%  79.5%   0.0%   0.0%   0.0%   0.0%   0.0%   0.0%   0.0%   0.0%   0.0%   0.0%   0.0%   0.0%   0.0%   0.0%   0.0% 	Avg.: 80.7% 
	 81.1%  76.8%  82.8%  73.4%  77.1%  76.9%   0.0%   0.0%   0.0%   0.0%   0.0%   0.0%   0.0%   0.0%   0.0%   0.0%   0.0%   0.0%   0.0%   0.0% 	Avg.: 78.0% 
	 71.6%  72.8%  82.7%  73.8%  78.0%  77.9%  83.3%   0.0%   0.0%   0.0%   0.0%   0.0%   0.0%   0.0%   0.0%   0.0%   0.0%   0.0%   0.0%   0.0% 	Avg.: 77.2% 
	 71.9%  71.6%  76.9%  69.6%  71.3%  75.1%  78.7%  83.1%   0.0%   0.0%   0.0%   0.0%   0.0%   0.0%   0.0%   0.0%   0.0%   0.0%   0.0%   0.0% 	Avg.: 74.8% 
	 70.6%  62.0%  76.8%  67.3%  67.8%  75.2%  79.3%  73.6%  85.9%   0.0%   0.0%   0.0%   0.0%   0.0%   0.0%   0.0%   0.0%   0.0%   0.0%   0.0% 	Avg.: 73.2% 
	 68.3%  57.9%  75.9%  64.6%  67.0%  70.3%  76.4%  71.4%  83.1%  83.2%   0.0%   0.0%   0.0%   0.0%   0.0%   0.0%   0.0%   0.0%   0.0%   0.0% 	Avg.: 71.8% 
	 63.9%  60.9%  74.0%  63.9%  62.0%  63.1%  75.4%  70.9%  79.7%  79.9%  79.5%   0.0%   0.0%   0.0%   0.0%   0.0%   0.0%   0.0%   0.0%   0.0% 	Avg.: 70.3% 
	 61.0%  60.1%  73.0%  59.0%  60.6%  63.1%  74.9%  68.9%  75.6%  76.3%  76.9%  78.9%   0.0%   0.0%   0.0%   0.0%   0.0%   0.0%   0.0%   0.0% 	Avg.: 69.0% 
	 60.5%  58.4%  72.1%  58.2%  59.5%  60.2%  74.0%  66.5%  73.5%  69.1%  73.6%  78.0%  83.6%   0.0%   0.0%   0.0%   0.0%   0.0%   0.0%   0.0% 	Avg.: 68.2% 
	 58.4%  56.7%  70.8%  55.7%  57.0%  57.8%  73.3%  63.7%  72.7%  62.7%  73.1%  76.9%  76.7%  84.9%   0.0%   0.0%   0.0%   0.0%   0.0%   0.0% 	Avg.: 67.2% 
	 54.3%  51.7%  69.5%  54.0%  56.3%  57.7%  73.3%  62.9%  71.4%  60.0%  72.2%  75.0%  76.5%  85.2%  84.4%   0.0%   0.0%   0.0%   0.0%   0.0% 	Avg.: 67.0% 
	 53.2%  48.0%  68.1%  53.0%  49.9%  55.3%  73.0%  61.9%  69.6%  58.4%  70.3%  73.2%  75.2%  83.0%  79.2%  82.6%   0.0%   0.0%   0.0%   0.0% 	Avg.: 65.9% 
	 51.0%  46.5%  67.5%  52.2%  46.9%  54.0%  72.5%  60.3%  67.4%  57.5%  66.4%  70.8%  72.6%  79.5%  76.8%  80.8%  74.0%   0.0%   0.0%   0.0% 	Avg.: 64.5% 
	 49.3%  45.7%  66.5%  50.4%  46.4%  48.7%  71.7%  55.3%  65.9%  57.7%  64.9%  68.4%  70.4%  78.5%  73.1%  77.6%  71.6%  82.5%   0.0%   0.0% 	Avg.: 63.6% 
	 48.6%  45.8%  66.7%  48.0%  44.4%  46.2%  71.1%  53.8%  65.6%  56.8%  63.1%  56.9%  64.9%  76.7%  70.3%  75.7%  67.5%  78.1%  79.3%   0.0% 	Avg.: 62.1% 
	 47.5%  46.2%  66.5%  47.1%  44.3%  43.3%  69.6%  52.4%  64.3%  53.2%  62.5%  56.0%  62.1%  73.2%  69.0%  73.3%  64.3%  75.4%  75.8%  80.9% 	Avg.: 61.3% 
************************************************************************************************************
TAw Forg
	  0.0%   0.0%   0.0%   0.0%   0.0%   0.0%   0.0%   0.0%   0.0%   0.0%   0.0%   0.0%   0.0%   0.0%   0.0%   0.0%   0.0%   0.0%   0.0%   0.0% 
	 -0.4%   0.0%   0.0%   0.0%   0.0%   0.0%   0.0%   0.0%   0.0%   0.0%   0.0%   0.0%   0.0%   0.0%   0.0%   0.0%   0.0%   0.0%   0.0%   0.0% 	Avg.: -0.4% 
	 -0.5%  -0.3%   0.0%   0.0%   0.0%   0.0%   0.0%   0.0%   0.0%   0.0%   0.0%   0.0%   0.0%   0.0%   0.0%   0.0%   0.0%   0.0%   0.0%   0.0% 	Avg.: -0.4% 
	 -0.3%  -0.6%  -0.3%   0.0%   0.0%   0.0%   0.0%   0.0%   0.0%   0.0%   0.0%   0.0%   0.0%   0.0%   0.0%   0.0%   0.0%   0.0%   0.0%   0.0% 	Avg.: -0.4% 
	 -0.2%   0.5%  -0.5%  -0.6%   0.0%   0.0%   0.0%   0.0%   0.0%   0.0%   0.0%   0.0%   0.0%   0.0%   0.0%   0.0%   0.0%   0.0%   0.0%   0.0% 	Avg.: -0.2% 
	  0.0%   1.0%   0.1%   0.0%  -0.6%   0.0%   0.0%   0.0%   0.0%   0.0%   0.0%   0.0%   0.0%   0.0%   0.0%   0.0%   0.0%   0.0%   0.0%   0.0% 	Avg.:  0.1% 
	  0.2%   1.2%   0.0%  -0.1%  -0.6%  -0.5%   0.0%   0.0%   0.0%   0.0%   0.0%   0.0%   0.0%   0.0%   0.0%   0.0%   0.0%   0.0%   0.0%   0.0% 	Avg.:  0.0% 
	  0.2%   0.9%  -0.2%  -0.4%   0.0%  -0.1%   0.1%   0.0%   0.0%   0.0%   0.0%   0.0%   0.0%   0.0%   0.0%   0.0%   0.0%   0.0%   0.0%   0.0% 	Avg.:  0.1% 
	  0.4%   0.6%   0.6%  -0.2%   0.1%   0.1%  -0.2%   0.0%   0.0%   0.0%   0.0%   0.0%   0.0%   0.0%   0.0%   0.0%   0.0%   0.0%   0.0%   0.0% 	Avg.:  0.2% 
	  0.8%   1.3%   0.3%   0.1%  -0.3%   0.8%   0.2%  -0.5%   0.0%   0.0%   0.0%   0.0%   0.0%   0.0%   0.0%   0.0%   0.0%   0.0%   0.0%   0.0% 	Avg.:  0.3% 
	  1.0%   1.1%   0.8%  -0.1%  -0.2%   0.2%  -0.3%   0.4%   0.0%  -0.4%   0.0%   0.0%   0.0%   0.0%   0.0%   0.0%   0.0%   0.0%   0.0%   0.0% 	Avg.:  0.2% 
	  1.1%   1.1%   0.7%  -0.2%   0.0%   0.3%  -0.1%   0.5%  -0.2%  -0.2%  -0.6%   0.0%   0.0%   0.0%   0.0%   0.0%   0.0%   0.0%   0.0%   0.0% 	Avg.:  0.2% 
	  1.3%   1.3%   0.9%  -0.1%  -0.3%   0.1%   0.2%   0.5%  -0.1%   0.1%  -0.4%  -0.2%   0.0%   0.0%   0.0%   0.0%   0.0%   0.0%   0.0%   0.0% 	Avg.:  0.3% 
	  1.3%   1.2%   0.8%   0.0%   0.3%  -0.1%   0.5%   0.4%  -0.4%  -0.7%  -0.7%  -0.3%  -0.3%   0.0%   0.0%   0.0%   0.0%   0.0%   0.0%   0.0% 	Avg.:  0.2% 
	  1.3%   1.3%   0.3%   0.7%   0.2%  -0.4%   0.4%   0.3%   0.4%   0.8%   0.3%  -0.4%  -0.4%  -0.4%   0.0%   0.0%   0.0%   0.0%   0.0%   0.0% 	Avg.:  0.3% 
	  1.9%   1.1%   0.1%   0.6%   0.2%  -0.2%   0.1%   0.8%   0.4%   0.8%   0.1%   0.3%   0.4%  -0.2%   0.0%   0.0%   0.0%   0.0%   0.0%   0.0% 	Avg.:  0.4% 
	  2.4%   1.0%   0.7%   0.4%   0.7%   0.2%   0.7%   0.6%   0.9%   1.3%   0.0%   0.2%  -0.1%  -0.3%   0.3%  -0.2%   0.0%   0.0%   0.0%   0.0% 	Avg.:  0.6% 
	  2.2%   1.1%   1.0%   0.4%   0.6%   0.7%   0.8%   0.9%   1.4%   1.2%   0.0%   0.2%   0.2%   0.1%   0.5%   0.0%  -0.5%   0.0%   0.0%   0.0% 	Avg.:  0.6% 
	  2.5%   1.2%   1.3%   0.0%   0.2%   0.6%   0.5%   0.9%   1.7%   1.2%   0.1%   0.5%   0.3%   0.3%   0.7%  -0.4%   0.5%  -0.2%   0.0%   0.0% 	Avg.:  0.7% 
	  2.6%   1.3%   1.5%   0.0%   0.5%   0.6%   0.8%   1.3%   1.7%   0.9%  -0.1%   0.8%   0.4%   0.4%   0.8%  -0.2%   0.1%   0.0%   0.4%   0.0% 	Avg.:  0.7% 
************************************************************************************************************
TAg Forg
	  0.0%   0.0%   0.0%   0.0%   0.0%   0.0%   0.0%   0.0%   0.0%   0.0%   0.0%   0.0%   0.0%   0.0%   0.0%   0.0%   0.0%   0.0%   0.0%   0.0% 
	  0.0%   0.0%   0.0%   0.0%   0.0%   0.0%   0.0%   0.0%   0.0%   0.0%   0.0%   0.0%   0.0%   0.0%   0.0%   0.0%   0.0%   0.0%   0.0%   0.0% 	Avg.:  0.0% 
	  2.1%  -8.2%   0.0%   0.0%   0.0%   0.0%   0.0%   0.0%   0.0%   0.0%   0.0%   0.0%   0.0%   0.0%   0.0%   0.0%   0.0%   0.0%   0.0%   0.0% 	Avg.: -3.1% 
	  5.0%   1.9%  -2.7%   0.0%   0.0%   0.0%   0.0%   0.0%   0.0%   0.0%   0.0%   0.0%   0.0%   0.0%   0.0%   0.0%   0.0%   0.0%   0.0%   0.0% 	Avg.:  1.4% 
	  9.9%   3.8%   1.5%   0.9%   0.0%   0.0%   0.0%   0.0%   0.0%   0.0%   0.0%   0.0%   0.0%   0.0%   0.0%   0.0%   0.0%   0.0%   0.0%   0.0% 	Avg.:  4.0% 
	 13.6%   5.7%   2.2%   4.5%   2.4%   0.0%   0.0%   0.0%   0.0%   0.0%   0.0%   0.0%   0.0%   0.0%   0.0%   0.0%   0.0%   0.0%   0.0%   0.0% 	Avg.:  5.7% 
	 23.1%   9.7%   2.3%   4.1%   1.5%  -1.0%   0.0%   0.0%   0.0%   0.0%   0.0%   0.0%   0.0%   0.0%   0.0%   0.0%   0.0%   0.0%   0.0%   0.0% 	Avg.:  6.6% 
	 22.8%  10.9%   8.1%   8.3%   8.2%   2.8%   4.6%   0.0%   0.0%   0.0%   0.0%   0.0%   0.0%   0.0%   0.0%   0.0%   0.0%   0.0%   0.0%   0.0% 	Avg.:  9.4% 
	 24.1%  20.5%   8.2%  10.6%  11.7%   2.7%   4.0%   9.5%   0.0%   0.0%   0.0%   0.0%   0.0%   0.0%   0.0%   0.0%   0.0%   0.0%   0.0%   0.0% 	Avg.: 11.4% 
	 26.4%  24.6%   9.1%  13.3%  12.5%   7.6%   6.9%  11.7%   2.8%   0.0%   0.0%   0.0%   0.0%   0.0%   0.0%   0.0%   0.0%   0.0%   0.0%   0.0% 	Avg.: 12.8% 
	 30.8%  21.6%  11.0%  14.0%  17.5%  14.8%   7.9%  12.2%   6.2%   3.3%   0.0%   0.0%   0.0%   0.0%   0.0%   0.0%   0.0%   0.0%   0.0%   0.0% 	Avg.: 13.9% 
	 33.7%  22.4%  12.0%  18.9%  18.9%  14.8%   8.4%  14.2%  10.3%   6.9%   2.6%   0.0%   0.0%   0.0%   0.0%   0.0%   0.0%   0.0%   0.0%   0.0% 	Avg.: 14.8% 
	 34.2%  24.1%  12.9%  19.7%  20.0%  17.7%   9.3%  16.6%  12.4%  14.1%   5.9%   0.9%   0.0%   0.0%   0.0%   0.0%   0.0%   0.0%   0.0%   0.0% 	Avg.: 15.6% 
	 36.3%  25.8%  14.2%  22.2%  22.5%  20.1%  10.0%  19.4%  13.2%  20.5%   6.4%   2.0%   6.9%   0.0%   0.0%   0.0%   0.0%   0.0%   0.0%   0.0% 	Avg.: 16.9% 
	 40.4%  30.8%  15.5%  23.9%  23.2%  20.2%  10.0%  20.2%  14.5%  23.2%   7.3%   3.9%   7.1%  -0.3%   0.0%   0.0%   0.0%   0.0%   0.0%   0.0% 	Avg.: 17.1% 
	 41.5%  34.5%  16.9%  24.9%  29.6%  22.6%  10.3%  21.2%  16.3%  24.8%   9.2%   5.7%   8.4%   2.2%   5.2%   0.0%   0.0%   0.0%   0.0%   0.0% 	Avg.: 18.2% 
	 43.7%  36.0%  17.5%  25.7%  32.6%  23.9%  10.8%  22.8%  18.5%  25.7%  13.1%   8.1%  11.0%   5.7%   7.6%   1.8%   0.0%   0.0%   0.0%   0.0% 	Avg.: 19.0% 
	 45.4%  36.8%  18.5%  27.5%  33.1%  29.2%  11.6%  27.8%  20.0%  25.5%  14.6%  10.5%  13.2%   6.7%  11.3%   5.0%   2.4%   0.0%   0.0%   0.0% 	Avg.: 19.9% 
	 46.1%  36.7%  18.3%  29.9%  35.1%  31.7%  12.2%  29.3%  20.3%  26.4%  16.4%  22.0%  18.7%   8.5%  14.1%   6.9%   6.5%   4.4%   0.0%   0.0% 	Avg.: 21.3% 
	 47.2%  36.3%  18.5%  30.8%  35.2%  34.6%  13.7%  30.7%  21.6%  30.0%  17.0%  22.9%  21.5%  12.0%  15.4%   9.3%   9.7%   7.1%   3.5%   0.0% 	Avg.: 21.9% 
************************************************************************************************************
[Elapsed time = 2.0 h]
Done!
