START_TASK=1 STOP_TASK=2
============================================================================================================
Arguments =
	approach: lucir
	batch_size: 64
	classes_first_task: None
	clipping: 10000
	crop: 224
	data_path: ../data/inat200
	dataset: inat200
	eval_on_train: False
	experiment_path: None
	fix_bn: False
	freeze_backbone: False
	gpu: 0
	gpus: [0]
	increment: 10
	last_layer_analysis: True
	log: ['disk']
	lr: 0.01
	lr_factor: None
	lr_min: 0.0001
	lr_patience: None
	lr_scheduler: cosine
	lr_warmup_epochs: 0
	momentum: 0.0
	multi_softmax: False
	nepochs: 90
	network: vit_base_patch16_224.orig_in21k
	no_cudnn_deterministic: False
	normalize: in21k
	num_workers: 2
	optimizer_name: sgd
	pin_memory: False
	pretrained: True
	resize: 224
	results_path: ./results
	save_models: True
	seed: 0
	start_at_task: 1
	start_epoch: 0
	stop_at_task: 2
	stop_epoch: 0
	use_valid_only: False
	warmup_lr_factor: 1.0
	warmup_nepochs: 0
	weight_decay: 0.0
============================================================================================================
Approach arguments =
	K: 2
	dist: 0.5
	lamb: 5.0
	lamb_mr: 1.0
============================================================================================================
Exemplars arguments =
	exemplar_selection: random
	num_exemplars: 4000
============================================================================================================
WARNING: ./results/vit_base_patch16_224.orig_in21k/inat200/lucir/10 already exists!
Loaded acc_taw from: ./results/vit_base_patch16_224.orig_in21k/inat200/lucir/10/acc_taw-0.txt
Loaded acc_tag from: ./results/vit_base_patch16_224.orig_in21k/inat200/lucir/10/acc_tag-0.txt
Loaded forg_taw from: ./results/vit_base_patch16_224.orig_in21k/inat200/lucir/10/forg_taw-0.txt
Loaded forg_tag from: ./results/vit_base_patch16_224.orig_in21k/inat200/lucir/10/forg_tag-0.txt
Restored CosineLinear heads from ./results/vit_base_patch16_224.orig_in21k/inat200/lucir/10/task0_cosine_heads.pth
Loaded 3600 exemplars from ./results/vit_base_patch16_224.orig_in21k/inat200/lucir/10/task0_exemplars.pth
************************************************************************************************************
Task  1  [epochs 0-90]
************************************************************************************************************
[params] total:85,814,017  trainable:85,806,337  tensors:153  trainable_tensors:152
| Epoch   1, time= 69.1s | Train: skip eval | Valid: time=  2.6s loss=2.557, TAw acc= 74.0% | * lr=1.0e-02
| Epoch   2, time= 69.0s | Train: skip eval | Valid: time=  2.5s loss=1.944, TAw acc= 80.5% | * lr=1.0e-02
| Epoch   3, time= 70.5s | Train: skip eval | Valid: time=  3.2s loss=1.663, TAw acc= 82.8% | * lr=1.0e-02
| Epoch   4, time= 70.2s | Train: skip eval | Valid: time=  2.7s loss=1.529, TAw acc= 83.5% | * lr=1.0e-02
| Epoch   5, time= 70.0s | Train: skip eval | Valid: time=  2.6s loss=1.435, TAw acc= 86.0% | * lr=9.9e-03
| Epoch   6, time= 70.5s | Train: skip eval | Valid: time=  2.6s loss=1.390, TAw acc= 85.0% | * lr=9.9e-03
| Epoch   7, time= 70.7s | Train: skip eval | Valid: time=  2.6s loss=1.345, TAw acc= 85.5% | * lr=9.9e-03
| Epoch   8, time= 70.8s | Train: skip eval | Valid: time=  2.6s loss=1.333, TAw acc= 87.5% | * lr=9.8e-03
| Epoch   9, time= 70.5s | Train: skip eval | Valid: time=  2.8s loss=1.301, TAw acc= 87.2% | * lr=9.8e-03
| Epoch  10, time= 70.2s | Train: skip eval | Valid: time=  2.6s loss=1.287, TAw acc= 87.5% | * lr=9.7e-03
| Epoch  11, time= 70.4s | Train: skip eval | Valid: time=  2.8s loss=1.268, TAw acc= 87.8% | * lr=9.6e-03
| Epoch  12, time= 70.2s | Train: skip eval | Valid: time=  2.6s loss=1.262, TAw acc= 86.8% | * lr=9.6e-03
| Epoch  13, time= 69.7s | Train: skip eval | Valid: time=  2.6s loss=1.252, TAw acc= 88.2% | * lr=9.5e-03
| Epoch  14, time= 69.8s | Train: skip eval | Valid: time=  2.6s loss=1.245, TAw acc= 88.5% | * lr=9.4e-03
| Epoch  15, time= 70.3s | Train: skip eval | Valid: time=  2.6s loss=1.249, TAw acc= 88.5% | lr=9.3e-03
| Epoch  16, time= 69.6s | Train: skip eval | Valid: time=  2.6s loss=1.233, TAw acc= 88.8% | * lr=9.2e-03
| Epoch  17, time= 69.8s | Train: skip eval | Valid: time=  2.6s loss=1.237, TAw acc= 88.2% | lr=9.2e-03
| Epoch  18, time= 70.5s | Train: skip eval | Valid: time=  2.6s loss=1.217, TAw acc= 89.5% | * lr=9.1e-03
| Epoch  19, time= 70.0s | Train: skip eval | Valid: time=  2.7s loss=1.209, TAw acc= 88.8% | * lr=9.0e-03
| Epoch  20, time= 70.2s | Train: skip eval | Valid: time=  2.6s loss=1.211, TAw acc= 89.0% | lr=8.8e-03
| Epoch  21, time= 70.5s | Train: skip eval | Valid: time=  2.8s loss=1.209, TAw acc= 89.5% | lr=8.7e-03
| Epoch  22, time= 70.0s | Train: skip eval | Valid: time=  2.6s loss=1.204, TAw acc= 89.5% | * lr=8.6e-03
| Epoch  23, time= 70.1s | Train: skip eval | Valid: time=  2.6s loss=1.206, TAw acc= 89.2% | lr=8.5e-03
| Epoch  24, time= 70.5s | Train: skip eval | Valid: time=  2.6s loss=1.199, TAw acc= 89.5% | * lr=8.4e-03
| Epoch  25, time= 70.6s | Train: skip eval | Valid: time=  2.6s loss=1.182, TAw acc= 90.2% | * lr=8.2e-03
| Epoch  26, time= 70.5s | Train: skip eval | Valid: time=  2.6s loss=1.187, TAw acc= 90.0% | lr=8.1e-03
| Epoch  27, time= 70.4s | Train: skip eval | Valid: time=  2.6s loss=1.179, TAw acc= 90.0% | * lr=8.0e-03
| Epoch  28, time= 70.5s | Train: skip eval | Valid: time=  2.6s loss=1.173, TAw acc= 90.0% | * lr=7.8e-03
| Epoch  29, time= 70.6s | Train: skip eval | Valid: time=  2.6s loss=1.172, TAw acc= 89.8% | * lr=7.7e-03
| Epoch  30, time= 70.0s | Train: skip eval | Valid: time=  2.6s loss=1.179, TAw acc= 89.0% | lr=7.5e-03
| Epoch  31, time= 70.5s | Train: skip eval | Valid: time=  2.8s loss=1.175, TAw acc= 89.8% | lr=7.4e-03
| Epoch  32, time= 70.5s | Train: skip eval | Valid: time=  2.6s loss=1.168, TAw acc= 90.0% | * lr=7.2e-03
| Epoch  33, time= 70.1s | Train: skip eval | Valid: time=  2.6s loss=1.166, TAw acc= 90.0% | * lr=7.1e-03
| Epoch  34, time= 70.4s | Train: skip eval | Valid: time=  2.8s loss=1.162, TAw acc= 89.8% | * lr=6.9e-03
| Epoch  35, time= 70.3s | Train: skip eval | Valid: time=  2.6s loss=1.161, TAw acc= 90.5% | * lr=6.7e-03
| Epoch  36, time= 70.5s | Train: skip eval | Valid: time=  2.6s loss=1.166, TAw acc= 89.5% | lr=6.6e-03
| Epoch  37, time= 70.7s | Train: skip eval | Valid: time=  3.1s loss=1.157, TAw acc= 90.0% | * lr=6.4e-03
| Epoch  38, time= 70.8s | Train: skip eval | Valid: time=  2.8s loss=1.156, TAw acc= 90.5% | * lr=6.2e-03
| Epoch  39, time= 70.1s | Train: skip eval | Valid: time=  2.6s loss=1.153, TAw acc= 90.0% | * lr=6.1e-03
| Epoch  40, time= 70.5s | Train: skip eval | Valid: time=  2.6s loss=1.144, TAw acc= 90.0% | * lr=5.9e-03
| Epoch  41, time= 70.3s | Train: skip eval | Valid: time=  2.6s loss=1.150, TAw acc= 91.2% | lr=5.7e-03
| Epoch  42, time= 70.5s | Train: skip eval | Valid: time=  2.6s loss=1.153, TAw acc= 90.8% | lr=5.6e-03
| Epoch  43, time= 70.4s | Train: skip eval | Valid: time=  2.6s loss=1.147, TAw acc= 91.0% | lr=5.4e-03
| Epoch  44, time= 70.6s | Train: skip eval | Valid: time=  2.6s loss=1.146, TAw acc= 90.8% | lr=5.2e-03
| Epoch  45, time= 70.9s | Train: skip eval | Valid: time=  2.6s loss=1.148, TAw acc= 90.8% | lr=5.1e-03
| Epoch  46, time= 70.6s | Train: skip eval | Valid: time=  2.6s loss=1.137, TAw acc= 90.5% | * lr=4.9e-03
| Epoch  47, time= 70.4s | Train: skip eval | Valid: time=  2.6s loss=1.141, TAw acc= 90.2% | lr=4.7e-03
| Epoch  48, time= 70.9s | Train: skip eval | Valid: time=  2.6s loss=1.138, TAw acc= 90.2% | lr=4.5e-03
| Epoch  49, time= 70.7s | Train: skip eval | Valid: time=  2.6s loss=1.131, TAw acc= 91.8% | * lr=4.4e-03
| Epoch  50, time= 70.6s | Train: skip eval | Valid: time=  2.6s loss=1.135, TAw acc= 91.0% | lr=4.2e-03
| Epoch  51, time= 70.5s | Train: skip eval | Valid: time=  2.6s loss=1.143, TAw acc= 90.5% | lr=4.0e-03
| Epoch  52, time= 70.2s | Train: skip eval | Valid: time=  2.6s loss=1.136, TAw acc= 90.8% | lr=3.9e-03
| Epoch  53, time= 69.9s | Train: skip eval | Valid: time=  2.6s loss=1.134, TAw acc= 90.5% | lr=3.7e-03
| Epoch  54, time= 70.1s | Train: skip eval | Valid: time=  2.6s loss=1.139, TAw acc= 90.8% | lr=3.5e-03
| Epoch  55, time= 70.5s | Train: skip eval | Valid: time=  2.6s loss=1.138, TAw acc= 91.0% | lr=3.4e-03
| Epoch  56, time= 70.9s | Train: skip eval | Valid: time=  2.6s loss=1.134, TAw acc= 90.2% | lr=3.2e-03
| Epoch  57, time= 70.6s | Train: skip eval | Valid: time=  2.6s loss=1.135, TAw acc= 90.8% | lr=3.0e-03
| Epoch  58, time= 70.5s | Train: skip eval | Valid: time=  2.6s loss=1.134, TAw acc= 91.0% | lr=2.9e-03
| Epoch  59, time= 70.7s | Train: skip eval | Valid: time=  2.8s loss=1.133, TAw acc= 90.5% | lr=2.7e-03
| Epoch  60, time= 70.5s | Train: skip eval | Valid: time=  2.6s loss=1.132, TAw acc= 91.0% | lr=2.6e-03
| Epoch  61, time= 70.7s | Train: skip eval | Valid: time=  2.6s loss=1.134, TAw acc= 90.2% | lr=2.4e-03
| Epoch  62, time= 70.7s | Train: skip eval | Valid: time=  2.8s loss=1.130, TAw acc= 91.0% | * lr=2.3e-03
| Epoch  63, time= 70.3s | Train: skip eval | Valid: time=  2.6s loss=1.137, TAw acc= 91.0% | lr=2.1e-03
| Epoch  64, time= 69.8s | Train: skip eval | Valid: time=  2.6s loss=1.135, TAw acc= 90.8% | lr=2.0e-03
| Epoch  65, time= 69.3s | Train: skip eval | Valid: time=  2.6s loss=1.130, TAw acc= 90.5% | * lr=1.9e-03
| Epoch  66, time= 69.6s | Train: skip eval | Valid: time=  2.6s loss=1.132, TAw acc= 90.5% | lr=1.7e-03
| Epoch  67, time= 69.8s | Train: skip eval | Valid: time=  2.6s loss=1.128, TAw acc= 90.5% | * lr=1.6e-03
| Epoch  68, time= 70.3s | Train: skip eval | Valid: time=  2.6s loss=1.132, TAw acc= 90.2% | lr=1.5e-03
| Epoch  69, time= 70.3s | Train: skip eval | Valid: time=  2.6s loss=1.133, TAw acc= 90.5% | lr=1.4e-03
| Epoch  70, time= 70.0s | Train: skip eval | Valid: time=  2.6s loss=1.130, TAw acc= 90.5% | lr=1.3e-03
| Epoch  71, time= 70.2s | Train: skip eval | Valid: time=  2.8s loss=1.128, TAw acc= 90.5% | * lr=1.1e-03
| Epoch  72, time= 70.3s | Train: skip eval | Valid: time=  2.6s loss=1.126, TAw acc= 90.8% | * lr=1.0e-03
| Epoch  73, time= 70.2s | Train: skip eval | Valid: time=  2.6s loss=1.128, TAw acc= 90.8% | lr=9.5e-04
| Epoch  74, time= 69.8s | Train: skip eval | Valid: time=  2.6s loss=1.129, TAw acc= 90.8% | lr=8.5e-04
| Epoch  75, time= 70.4s | Train: skip eval | Valid: time=  2.6s loss=1.129, TAw acc= 90.8% | lr=7.6e-04
| Epoch  76, time= 70.5s | Train: skip eval | Valid: time=  2.6s loss=1.129, TAw acc= 90.5% | lr=6.8e-04
| Epoch  77, time= 69.9s | Train: skip eval | Valid: time=  2.6s loss=1.129, TAw acc= 90.8% | lr=6.0e-04
| Epoch  78, time= 70.1s | Train: skip eval | Valid: time=  2.6s loss=1.128, TAw acc= 90.5% | lr=5.3e-04
| Epoch  79, time= 70.5s | Train: skip eval | Valid: time=  2.6s loss=1.127, TAw acc= 90.5% | lr=4.6e-04
| Epoch  80, time= 70.7s | Train: skip eval | Valid: time=  2.6s loss=1.127, TAw acc= 90.5% | lr=4.0e-04
| Epoch  81, time= 70.5s | Train: skip eval | Valid: time=  2.6s loss=1.127, TAw acc= 90.5% | lr=3.4e-04
| Epoch  82, time= 70.1s | Train: skip eval | Valid: time=  2.6s loss=1.129, TAw acc= 90.5% | lr=2.9e-04
| Epoch  83, time= 70.1s | Train: skip eval | Valid: time=  2.6s loss=1.127, TAw acc= 90.5% | lr=2.5e-04
| Epoch  84, time= 70.3s | Train: skip eval | Valid: time=  2.6s loss=1.126, TAw acc= 90.5% | lr=2.1e-04
| Epoch  85, time= 70.6s | Train: skip eval | Valid: time=  2.6s loss=1.127, TAw acc= 90.5% | lr=1.8e-04
| Epoch  86, time= 70.1s | Train: skip eval | Valid: time=  2.6s loss=1.127, TAw acc= 90.5% | lr=1.5e-04
| Epoch  87, time= 70.1s | Train: skip eval | Valid: time=  2.5s loss=1.126, TAw acc= 90.5% | lr=1.3e-04
| Epoch  88, time= 70.3s | Train: skip eval | Valid: time=  2.6s loss=1.127, TAw acc= 90.5% | lr=1.1e-04
| Epoch  89, time= 70.6s | Train: skip eval | Valid: time=  2.8s loss=1.127, TAw acc= 90.5% | lr=1.0e-04
| Epoch  90, time= 70.5s | Train: skip eval | Valid: time=  2.6s loss=1.127, TAw acc= 90.5% | lr=1.0e-04
| Selected 4000 train exemplars, time= 10.2s
------------------------------------------------------------------------------------------------------------
>>> Test on task  0 : loss=0.239 | TAw acc= 95.1%, forg= -0.4% | TAg acc= 94.7%, forg=  0.0% <<<
>>> Test on task  1 : loss=0.790 | TAw acc= 92.0%, forg=  0.0% | TAg acc= 74.3%, forg=  0.0% <<<
Save at ./results/./results/vit_base_patch16_224.orig_in21k/inat200/lucir/10
************************************************************************************************************
TAw Acc
	 94.7%   0.0%   0.0%   0.0%   0.0%   0.0%   0.0%   0.0%   0.0%   0.0%   0.0%   0.0%   0.0%   0.0%   0.0%   0.0%   0.0%   0.0%   0.0%   0.0% 	Avg.: 94.7% 
	 95.1%  92.0%   0.0%   0.0%   0.0%   0.0%   0.0%   0.0%   0.0%   0.0%   0.0%   0.0%   0.0%   0.0%   0.0%   0.0%   0.0%   0.0%   0.0%   0.0% 	Avg.: 93.6% 
	  0.0%   0.0%   0.0%   0.0%   0.0%   0.0%   0.0%   0.0%   0.0%   0.0%   0.0%   0.0%   0.0%   0.0%   0.0%   0.0%   0.0%   0.0%   0.0%   0.0% 	Avg.:  0.0% 
	  0.0%   0.0%   0.0%   0.0%   0.0%   0.0%   0.0%   0.0%   0.0%   0.0%   0.0%   0.0%   0.0%   0.0%   0.0%   0.0%   0.0%   0.0%   0.0%   0.0% 	Avg.:  0.0% 
	  0.0%   0.0%   0.0%   0.0%   0.0%   0.0%   0.0%   0.0%   0.0%   0.0%   0.0%   0.0%   0.0%   0.0%   0.0%   0.0%   0.0%   0.0%   0.0%   0.0% 	Avg.:  0.0% 
	  0.0%   0.0%   0.0%   0.0%   0.0%   0.0%   0.0%   0.0%   0.0%   0.0%   0.0%   0.0%   0.0%   0.0%   0.0%   0.0%   0.0%   0.0%   0.0%   0.0% 	Avg.:  0.0% 
	  0.0%   0.0%   0.0%   0.0%   0.0%   0.0%   0.0%   0.0%   0.0%   0.0%   0.0%   0.0%   0.0%   0.0%   0.0%   0.0%   0.0%   0.0%   0.0%   0.0% 	Avg.:  0.0% 
	  0.0%   0.0%   0.0%   0.0%   0.0%   0.0%   0.0%   0.0%   0.0%   0.0%   0.0%   0.0%   0.0%   0.0%   0.0%   0.0%   0.0%   0.0%   0.0%   0.0% 	Avg.:  0.0% 
	  0.0%   0.0%   0.0%   0.0%   0.0%   0.0%   0.0%   0.0%   0.0%   0.0%   0.0%   0.0%   0.0%   0.0%   0.0%   0.0%   0.0%   0.0%   0.0%   0.0% 	Avg.:  0.0% 
	  0.0%   0.0%   0.0%   0.0%   0.0%   0.0%   0.0%   0.0%   0.0%   0.0%   0.0%   0.0%   0.0%   0.0%   0.0%   0.0%   0.0%   0.0%   0.0%   0.0% 	Avg.:  0.0% 
	  0.0%   0.0%   0.0%   0.0%   0.0%   0.0%   0.0%   0.0%   0.0%   0.0%   0.0%   0.0%   0.0%   0.0%   0.0%   0.0%   0.0%   0.0%   0.0%   0.0% 	Avg.:  0.0% 
	  0.0%   0.0%   0.0%   0.0%   0.0%   0.0%   0.0%   0.0%   0.0%   0.0%   0.0%   0.0%   0.0%   0.0%   0.0%   0.0%   0.0%   0.0%   0.0%   0.0% 	Avg.:  0.0% 
	  0.0%   0.0%   0.0%   0.0%   0.0%   0.0%   0.0%   0.0%   0.0%   0.0%   0.0%   0.0%   0.0%   0.0%   0.0%   0.0%   0.0%   0.0%   0.0%   0.0% 	Avg.:  0.0% 
	  0.0%   0.0%   0.0%   0.0%   0.0%   0.0%   0.0%   0.0%   0.0%   0.0%   0.0%   0.0%   0.0%   0.0%   0.0%   0.0%   0.0%   0.0%   0.0%   0.0% 	Avg.:  0.0% 
	  0.0%   0.0%   0.0%   0.0%   0.0%   0.0%   0.0%   0.0%   0.0%   0.0%   0.0%   0.0%   0.0%   0.0%   0.0%   0.0%   0.0%   0.0%   0.0%   0.0% 	Avg.:  0.0% 
	  0.0%   0.0%   0.0%   0.0%   0.0%   0.0%   0.0%   0.0%   0.0%   0.0%   0.0%   0.0%   0.0%   0.0%   0.0%   0.0%   0.0%   0.0%   0.0%   0.0% 	Avg.:  0.0% 
	  0.0%   0.0%   0.0%   0.0%   0.0%   0.0%   0.0%   0.0%   0.0%   0.0%   0.0%   0.0%   0.0%   0.0%   0.0%   0.0%   0.0%   0.0%   0.0%   0.0% 	Avg.:  0.0% 
	  0.0%   0.0%   0.0%   0.0%   0.0%   0.0%   0.0%   0.0%   0.0%   0.0%   0.0%   0.0%   0.0%   0.0%   0.0%   0.0%   0.0%   0.0%   0.0%   0.0% 	Avg.:  0.0% 
	  0.0%   0.0%   0.0%   0.0%   0.0%   0.0%   0.0%   0.0%   0.0%   0.0%   0.0%   0.0%   0.0%   0.0%   0.0%   0.0%   0.0%   0.0%   0.0%   0.0% 	Avg.:  0.0% 
	  0.0%   0.0%   0.0%   0.0%   0.0%   0.0%   0.0%   0.0%   0.0%   0.0%   0.0%   0.0%   0.0%   0.0%   0.0%   0.0%   0.0%   0.0%   0.0%   0.0% 	Avg.:  0.0% 
************************************************************************************************************
TAg Acc
	 94.7%   0.0%   0.0%   0.0%   0.0%   0.0%   0.0%   0.0%   0.0%   0.0%   0.0%   0.0%   0.0%   0.0%   0.0%   0.0%   0.0%   0.0%   0.0%   0.0% 	Avg.: 94.7% 
	 94.7%  74.3%   0.0%   0.0%   0.0%   0.0%   0.0%   0.0%   0.0%   0.0%   0.0%   0.0%   0.0%   0.0%   0.0%   0.0%   0.0%   0.0%   0.0%   0.0% 	Avg.: 84.5% 
	  0.0%   0.0%   0.0%   0.0%   0.0%   0.0%   0.0%   0.0%   0.0%   0.0%   0.0%   0.0%   0.0%   0.0%   0.0%   0.0%   0.0%   0.0%   0.0%   0.0% 	Avg.:  0.0% 
	  0.0%   0.0%   0.0%   0.0%   0.0%   0.0%   0.0%   0.0%   0.0%   0.0%   0.0%   0.0%   0.0%   0.0%   0.0%   0.0%   0.0%   0.0%   0.0%   0.0% 	Avg.:  0.0% 
	  0.0%   0.0%   0.0%   0.0%   0.0%   0.0%   0.0%   0.0%   0.0%   0.0%   0.0%   0.0%   0.0%   0.0%   0.0%   0.0%   0.0%   0.0%   0.0%   0.0% 	Avg.:  0.0% 
	  0.0%   0.0%   0.0%   0.0%   0.0%   0.0%   0.0%   0.0%   0.0%   0.0%   0.0%   0.0%   0.0%   0.0%   0.0%   0.0%   0.0%   0.0%   0.0%   0.0% 	Avg.:  0.0% 
	  0.0%   0.0%   0.0%   0.0%   0.0%   0.0%   0.0%   0.0%   0.0%   0.0%   0.0%   0.0%   0.0%   0.0%   0.0%   0.0%   0.0%   0.0%   0.0%   0.0% 	Avg.:  0.0% 
	  0.0%   0.0%   0.0%   0.0%   0.0%   0.0%   0.0%   0.0%   0.0%   0.0%   0.0%   0.0%   0.0%   0.0%   0.0%   0.0%   0.0%   0.0%   0.0%   0.0% 	Avg.:  0.0% 
	  0.0%   0.0%   0.0%   0.0%   0.0%   0.0%   0.0%   0.0%   0.0%   0.0%   0.0%   0.0%   0.0%   0.0%   0.0%   0.0%   0.0%   0.0%   0.0%   0.0% 	Avg.:  0.0% 
	  0.0%   0.0%   0.0%   0.0%   0.0%   0.0%   0.0%   0.0%   0.0%   0.0%   0.0%   0.0%   0.0%   0.0%   0.0%   0.0%   0.0%   0.0%   0.0%   0.0% 	Avg.:  0.0% 
	  0.0%   0.0%   0.0%   0.0%   0.0%   0.0%   0.0%   0.0%   0.0%   0.0%   0.0%   0.0%   0.0%   0.0%   0.0%   0.0%   0.0%   0.0%   0.0%   0.0% 	Avg.:  0.0% 
	  0.0%   0.0%   0.0%   0.0%   0.0%   0.0%   0.0%   0.0%   0.0%   0.0%   0.0%   0.0%   0.0%   0.0%   0.0%   0.0%   0.0%   0.0%   0.0%   0.0% 	Avg.:  0.0% 
	  0.0%   0.0%   0.0%   0.0%   0.0%   0.0%   0.0%   0.0%   0.0%   0.0%   0.0%   0.0%   0.0%   0.0%   0.0%   0.0%   0.0%   0.0%   0.0%   0.0% 	Avg.:  0.0% 
	  0.0%   0.0%   0.0%   0.0%   0.0%   0.0%   0.0%   0.0%   0.0%   0.0%   0.0%   0.0%   0.0%   0.0%   0.0%   0.0%   0.0%   0.0%   0.0%   0.0% 	Avg.:  0.0% 
	  0.0%   0.0%   0.0%   0.0%   0.0%   0.0%   0.0%   0.0%   0.0%   0.0%   0.0%   0.0%   0.0%   0.0%   0.0%   0.0%   0.0%   0.0%   0.0%   0.0% 	Avg.:  0.0% 
	  0.0%   0.0%   0.0%   0.0%   0.0%   0.0%   0.0%   0.0%   0.0%   0.0%   0.0%   0.0%   0.0%   0.0%   0.0%   0.0%   0.0%   0.0%   0.0%   0.0% 	Avg.:  0.0% 
	  0.0%   0.0%   0.0%   0.0%   0.0%   0.0%   0.0%   0.0%   0.0%   0.0%   0.0%   0.0%   0.0%   0.0%   0.0%   0.0%   0.0%   0.0%   0.0%   0.0% 	Avg.:  0.0% 
	  0.0%   0.0%   0.0%   0.0%   0.0%   0.0%   0.0%   0.0%   0.0%   0.0%   0.0%   0.0%   0.0%   0.0%   0.0%   0.0%   0.0%   0.0%   0.0%   0.0% 	Avg.:  0.0% 
	  0.0%   0.0%   0.0%   0.0%   0.0%   0.0%   0.0%   0.0%   0.0%   0.0%   0.0%   0.0%   0.0%   0.0%   0.0%   0.0%   0.0%   0.0%   0.0%   0.0% 	Avg.:  0.0% 
	  0.0%   0.0%   0.0%   0.0%   0.0%   0.0%   0.0%   0.0%   0.0%   0.0%   0.0%   0.0%   0.0%   0.0%   0.0%   0.0%   0.0%   0.0%   0.0%   0.0% 	Avg.:  0.0% 
************************************************************************************************************
TAw Forg
	  0.0%   0.0%   0.0%   0.0%   0.0%   0.0%   0.0%   0.0%   0.0%   0.0%   0.0%   0.0%   0.0%   0.0%   0.0%   0.0%   0.0%   0.0%   0.0%   0.0% 
	 -0.4%   0.0%   0.0%   0.0%   0.0%   0.0%   0.0%   0.0%   0.0%   0.0%   0.0%   0.0%   0.0%   0.0%   0.0%   0.0%   0.0%   0.0%   0.0%   0.0% 	Avg.: -0.4% 
	  0.0%   0.0%   0.0%   0.0%   0.0%   0.0%   0.0%   0.0%   0.0%   0.0%   0.0%   0.0%   0.0%   0.0%   0.0%   0.0%   0.0%   0.0%   0.0%   0.0% 	Avg.:  0.0% 
	  0.0%   0.0%   0.0%   0.0%   0.0%   0.0%   0.0%   0.0%   0.0%   0.0%   0.0%   0.0%   0.0%   0.0%   0.0%   0.0%   0.0%   0.0%   0.0%   0.0% 	Avg.:  0.0% 
	  0.0%   0.0%   0.0%   0.0%   0.0%   0.0%   0.0%   0.0%   0.0%   0.0%   0.0%   0.0%   0.0%   0.0%   0.0%   0.0%   0.0%   0.0%   0.0%   0.0% 	Avg.:  0.0% 
	  0.0%   0.0%   0.0%   0.0%   0.0%   0.0%   0.0%   0.0%   0.0%   0.0%   0.0%   0.0%   0.0%   0.0%   0.0%   0.0%   0.0%   0.0%   0.0%   0.0% 	Avg.:  0.0% 
	  0.0%   0.0%   0.0%   0.0%   0.0%   0.0%   0.0%   0.0%   0.0%   0.0%   0.0%   0.0%   0.0%   0.0%   0.0%   0.0%   0.0%   0.0%   0.0%   0.0% 	Avg.:  0.0% 
	  0.0%   0.0%   0.0%   0.0%   0.0%   0.0%   0.0%   0.0%   0.0%   0.0%   0.0%   0.0%   0.0%   0.0%   0.0%   0.0%   0.0%   0.0%   0.0%   0.0% 	Avg.:  0.0% 
	  0.0%   0.0%   0.0%   0.0%   0.0%   0.0%   0.0%   0.0%   0.0%   0.0%   0.0%   0.0%   0.0%   0.0%   0.0%   0.0%   0.0%   0.0%   0.0%   0.0% 	Avg.:  0.0% 
	  0.0%   0.0%   0.0%   0.0%   0.0%   0.0%   0.0%   0.0%   0.0%   0.0%   0.0%   0.0%   0.0%   0.0%   0.0%   0.0%   0.0%   0.0%   0.0%   0.0% 	Avg.:  0.0% 
	  0.0%   0.0%   0.0%   0.0%   0.0%   0.0%   0.0%   0.0%   0.0%   0.0%   0.0%   0.0%   0.0%   0.0%   0.0%   0.0%   0.0%   0.0%   0.0%   0.0% 	Avg.:  0.0% 
	  0.0%   0.0%   0.0%   0.0%   0.0%   0.0%   0.0%   0.0%   0.0%   0.0%   0.0%   0.0%   0.0%   0.0%   0.0%   0.0%   0.0%   0.0%   0.0%   0.0% 	Avg.:  0.0% 
	  0.0%   0.0%   0.0%   0.0%   0.0%   0.0%   0.0%   0.0%   0.0%   0.0%   0.0%   0.0%   0.0%   0.0%   0.0%   0.0%   0.0%   0.0%   0.0%   0.0% 	Avg.:  0.0% 
	  0.0%   0.0%   0.0%   0.0%   0.0%   0.0%   0.0%   0.0%   0.0%   0.0%   0.0%   0.0%   0.0%   0.0%   0.0%   0.0%   0.0%   0.0%   0.0%   0.0% 	Avg.:  0.0% 
	  0.0%   0.0%   0.0%   0.0%   0.0%   0.0%   0.0%   0.0%   0.0%   0.0%   0.0%   0.0%   0.0%   0.0%   0.0%   0.0%   0.0%   0.0%   0.0%   0.0% 	Avg.:  0.0% 
	  0.0%   0.0%   0.0%   0.0%   0.0%   0.0%   0.0%   0.0%   0.0%   0.0%   0.0%   0.0%   0.0%   0.0%   0.0%   0.0%   0.0%   0.0%   0.0%   0.0% 	Avg.:  0.0% 
	  0.0%   0.0%   0.0%   0.0%   0.0%   0.0%   0.0%   0.0%   0.0%   0.0%   0.0%   0.0%   0.0%   0.0%   0.0%   0.0%   0.0%   0.0%   0.0%   0.0% 	Avg.:  0.0% 
	  0.0%   0.0%   0.0%   0.0%   0.0%   0.0%   0.0%   0.0%   0.0%   0.0%   0.0%   0.0%   0.0%   0.0%   0.0%   0.0%   0.0%   0.0%   0.0%   0.0% 	Avg.:  0.0% 
	  0.0%   0.0%   0.0%   0.0%   0.0%   0.0%   0.0%   0.0%   0.0%   0.0%   0.0%   0.0%   0.0%   0.0%   0.0%   0.0%   0.0%   0.0%   0.0%   0.0% 	Avg.:  0.0% 
	  0.0%   0.0%   0.0%   0.0%   0.0%   0.0%   0.0%   0.0%   0.0%   0.0%   0.0%   0.0%   0.0%   0.0%   0.0%   0.0%   0.0%   0.0%   0.0%   0.0% 	Avg.:  0.0% 
************************************************************************************************************
TAg Forg
	  0.0%   0.0%   0.0%   0.0%   0.0%   0.0%   0.0%   0.0%   0.0%   0.0%   0.0%   0.0%   0.0%   0.0%   0.0%   0.0%   0.0%   0.0%   0.0%   0.0% 
	  0.0%   0.0%   0.0%   0.0%   0.0%   0.0%   0.0%   0.0%   0.0%   0.0%   0.0%   0.0%   0.0%   0.0%   0.0%   0.0%   0.0%   0.0%   0.0%   0.0% 	Avg.:  0.0% 
	  0.0%   0.0%   0.0%   0.0%   0.0%   0.0%   0.0%   0.0%   0.0%   0.0%   0.0%   0.0%   0.0%   0.0%   0.0%   0.0%   0.0%   0.0%   0.0%   0.0% 	Avg.:  0.0% 
	  0.0%   0.0%   0.0%   0.0%   0.0%   0.0%   0.0%   0.0%   0.0%   0.0%   0.0%   0.0%   0.0%   0.0%   0.0%   0.0%   0.0%   0.0%   0.0%   0.0% 	Avg.:  0.0% 
	  0.0%   0.0%   0.0%   0.0%   0.0%   0.0%   0.0%   0.0%   0.0%   0.0%   0.0%   0.0%   0.0%   0.0%   0.0%   0.0%   0.0%   0.0%   0.0%   0.0% 	Avg.:  0.0% 
	  0.0%   0.0%   0.0%   0.0%   0.0%   0.0%   0.0%   0.0%   0.0%   0.0%   0.0%   0.0%   0.0%   0.0%   0.0%   0.0%   0.0%   0.0%   0.0%   0.0% 	Avg.:  0.0% 
	  0.0%   0.0%   0.0%   0.0%   0.0%   0.0%   0.0%   0.0%   0.0%   0.0%   0.0%   0.0%   0.0%   0.0%   0.0%   0.0%   0.0%   0.0%   0.0%   0.0% 	Avg.:  0.0% 
	  0.0%   0.0%   0.0%   0.0%   0.0%   0.0%   0.0%   0.0%   0.0%   0.0%   0.0%   0.0%   0.0%   0.0%   0.0%   0.0%   0.0%   0.0%   0.0%   0.0% 	Avg.:  0.0% 
	  0.0%   0.0%   0.0%   0.0%   0.0%   0.0%   0.0%   0.0%   0.0%   0.0%   0.0%   0.0%   0.0%   0.0%   0.0%   0.0%   0.0%   0.0%   0.0%   0.0% 	Avg.:  0.0% 
	  0.0%   0.0%   0.0%   0.0%   0.0%   0.0%   0.0%   0.0%   0.0%   0.0%   0.0%   0.0%   0.0%   0.0%   0.0%   0.0%   0.0%   0.0%   0.0%   0.0% 	Avg.:  0.0% 
	  0.0%   0.0%   0.0%   0.0%   0.0%   0.0%   0.0%   0.0%   0.0%   0.0%   0.0%   0.0%   0.0%   0.0%   0.0%   0.0%   0.0%   0.0%   0.0%   0.0% 	Avg.:  0.0% 
	  0.0%   0.0%   0.0%   0.0%   0.0%   0.0%   0.0%   0.0%   0.0%   0.0%   0.0%   0.0%   0.0%   0.0%   0.0%   0.0%   0.0%   0.0%   0.0%   0.0% 	Avg.:  0.0% 
	  0.0%   0.0%   0.0%   0.0%   0.0%   0.0%   0.0%   0.0%   0.0%   0.0%   0.0%   0.0%   0.0%   0.0%   0.0%   0.0%   0.0%   0.0%   0.0%   0.0% 	Avg.:  0.0% 
	  0.0%   0.0%   0.0%   0.0%   0.0%   0.0%   0.0%   0.0%   0.0%   0.0%   0.0%   0.0%   0.0%   0.0%   0.0%   0.0%   0.0%   0.0%   0.0%   0.0% 	Avg.:  0.0% 
	  0.0%   0.0%   0.0%   0.0%   0.0%   0.0%   0.0%   0.0%   0.0%   0.0%   0.0%   0.0%   0.0%   0.0%   0.0%   0.0%   0.0%   0.0%   0.0%   0.0% 	Avg.:  0.0% 
	  0.0%   0.0%   0.0%   0.0%   0.0%   0.0%   0.0%   0.0%   0.0%   0.0%   0.0%   0.0%   0.0%   0.0%   0.0%   0.0%   0.0%   0.0%   0.0%   0.0% 	Avg.:  0.0% 
	  0.0%   0.0%   0.0%   0.0%   0.0%   0.0%   0.0%   0.0%   0.0%   0.0%   0.0%   0.0%   0.0%   0.0%   0.0%   0.0%   0.0%   0.0%   0.0%   0.0% 	Avg.:  0.0% 
	  0.0%   0.0%   0.0%   0.0%   0.0%   0.0%   0.0%   0.0%   0.0%   0.0%   0.0%   0.0%   0.0%   0.0%   0.0%   0.0%   0.0%   0.0%   0.0%   0.0% 	Avg.:  0.0% 
	  0.0%   0.0%   0.0%   0.0%   0.0%   0.0%   0.0%   0.0%   0.0%   0.0%   0.0%   0.0%   0.0%   0.0%   0.0%   0.0%   0.0%   0.0%   0.0%   0.0% 	Avg.:  0.0% 
	  0.0%   0.0%   0.0%   0.0%   0.0%   0.0%   0.0%   0.0%   0.0%   0.0%   0.0%   0.0%   0.0%   0.0%   0.0%   0.0%   0.0%   0.0%   0.0%   0.0% 	Avg.:  0.0% 
************************************************************************************************************
[Elapsed time = 1.8 h]
Done!
