START_TASK=3 STOP_TASK=4
============================================================================================================
Arguments =
	all_outputs: False
	alpha: -1
	approach: ewc_v2
	batch_size: 64
	classes_first_task: None
	clipping: 10000
	crop: 224
	dataset: cifar100
	eval_on_train: False
	experiment_path: None
	fi_num_samples: -1
	fi_sampling_type: true
	fix_bn: False
	freeze_backbone: False
	gpu: 0
	increment: 10
	lamb: 5000
	log: ['disk']
	lr: 0.01
	lr_factor: None
	lr_min: 0.0001
	lr_patience: None
	lr_scheduler: cosine
	lr_warmup_epochs: 0
	momentum: 0.0
	multi_softmax: False
	nepochs: 50
	network: vit_small_patch16_224.augreg_in1k
	no_cudnn_deterministic: False
	normalize: in1k
	num_workers: 2
	optimizer_name: sgd
	pin_memory: False
	pretrained: True
	resize: 224
	results_path: ../results
	save_models: True
	seed: 0
	start_at_task: 3
	stop_at_task: 4
	use_valid_only: False
	warmup_lr_factor: 1.0
	warmup_nepochs: 0
	weight_decay: 0.0
============================================================================================================
Approach arguments =
============================================================================================================
Exemplars dataset arguments =
============================================================================================================
WARNING: ../results/vit_small_patch16_224.augreg_in1k/cifar100/ewc_v2/10 already exists!
Loaded acc_taw from: ../results/vit_small_patch16_224.augreg_in1k/cifar100/ewc_v2/10/acc_taw-2.txt
Loaded acc_tag from: ../results/vit_small_patch16_224.augreg_in1k/cifar100/ewc_v2/10/acc_tag-2.txt
Loaded forg_taw from: ../results/vit_small_patch16_224.augreg_in1k/cifar100/ewc_v2/10/forg_taw-2.txt
Loaded forg_tag from: ../results/vit_small_patch16_224.augreg_in1k/cifar100/ewc_v2/10/forg_tag-2.txt
Fisher: 150 layers | older_params: 150 layers loaded
************************************************************************************************************
Task  3
************************************************************************************************************
| Epoch   1, time= 13.2s | Train: skip eval | Valid: time=  0.9s loss=302384.914, TAw acc= 10.6% | * lr=1.0e-02
| Epoch   2, time= 12.7s | Train: skip eval | Valid: time=  0.9s loss=236859.750, TAw acc= 10.2% | * lr=1.0e-02
| Epoch   3, time= 12.7s | Train: skip eval | Valid: time=  0.9s loss=299033.356, TAw acc= 16.6% | lr=9.9e-03
| Epoch   4, time= 13.0s | Train: skip eval | Valid: time=  0.9s loss=232496.298, TAw acc= 64.4% | * lr=9.8e-03
| Epoch   5, time= 13.0s | Train: skip eval | Valid: time=  0.9s loss=290770.955, TAw acc= 78.8% | lr=9.8e-03
| Epoch   6, time= 12.8s | Train: skip eval | Valid: time=  0.9s loss=241512.269, TAw acc= 71.8% | lr=9.7e-03
| Epoch   7, time= 13.0s | Train: skip eval | Valid: time=  0.9s loss=260200.930, TAw acc= 82.2% | lr=9.5e-03
| Epoch   8, time= 13.0s | Train: skip eval | Valid: time=  0.9s loss=235343.151, TAw acc= 52.0% | lr=9.4e-03
| Epoch   9, time= 13.1s | Train: skip eval | Valid: time=  0.9s loss=239102.131, TAw acc= 35.4% | lr=9.2e-03
| Epoch  10, time= 12.8s | Train: skip eval | Valid: time=  0.9s loss=36366.949, TAw acc= 85.0% | * lr=9.1e-03
| Epoch  11, time= 14.7s | Train: skip eval | Valid: time=  0.9s loss=24.043, TAw acc= 90.0% | * lr=8.9e-03
| Epoch  12, time= 13.0s | Train: skip eval | Valid: time=  0.9s loss=0.487, TAw acc= 89.2% | * lr=8.7e-03
| Epoch  13, time= 12.9s | Train: skip eval | Valid: time=  0.9s loss=0.452, TAw acc= 89.2% | * lr=8.4e-03
| Epoch  14, time= 12.5s | Train: skip eval | Valid: time=  0.9s loss=0.323, TAw acc= 94.0% | * lr=8.2e-03
| Epoch  15, time= 13.1s | Train: skip eval | Valid: time=  0.9s loss=0.351, TAw acc= 92.2% | lr=8.0e-03
| Epoch  16, time= 13.0s | Train: skip eval | Valid: time=  1.0s loss=0.323, TAw acc= 93.0% | lr=7.7e-03
| Epoch  17, time= 13.0s | Train: skip eval | Valid: time=  0.9s loss=0.330, TAw acc= 93.4% | lr=7.4e-03
| Epoch  18, time= 13.1s | Train: skip eval | Valid: time=  1.0s loss=0.328, TAw acc= 93.4% | lr=7.2e-03
| Epoch  19, time= 12.8s | Train: skip eval | Valid: time=  0.9s loss=0.278, TAw acc= 95.0% | * lr=6.9e-03
| Epoch  20, time= 12.8s | Train: skip eval | Valid: time=  0.9s loss=0.292, TAw acc= 93.8% | lr=6.6e-03
| Epoch  21, time= 13.1s | Train: skip eval | Valid: time=  0.9s loss=0.267, TAw acc= 94.6% | * lr=6.3e-03
| Epoch  22, time= 12.9s | Train: skip eval | Valid: time=  0.9s loss=0.262, TAw acc= 95.0% | * lr=6.0e-03
| Epoch  23, time= 13.1s | Train: skip eval | Valid: time=  0.9s loss=0.250, TAw acc= 94.8% | * lr=5.7e-03
| Epoch  24, time= 12.8s | Train: skip eval | Valid: time=  1.0s loss=0.267, TAw acc= 94.6% | lr=5.4e-03
| Epoch  25, time= 13.0s | Train: skip eval | Valid: time=  0.9s loss=0.248, TAw acc= 95.2% | * lr=5.1e-03
| Epoch  26, time= 12.6s | Train: skip eval | Valid: time=  0.9s loss=0.276, TAw acc= 95.2% | lr=4.7e-03
| Epoch  27, time= 12.7s | Train: skip eval | Valid: time=  0.9s loss=0.259, TAw acc= 94.8% | lr=4.4e-03
| Epoch  28, time= 12.7s | Train: skip eval | Valid: time=  0.9s loss=0.257, TAw acc= 95.4% | lr=4.1e-03
| Epoch  29, time= 13.0s | Train: skip eval | Valid: time=  0.9s loss=0.259, TAw acc= 95.8% | lr=3.8e-03
| Epoch  30, time= 13.0s | Train: skip eval | Valid: time=  0.9s loss=0.249, TAw acc= 95.2% | lr=3.5e-03
| Epoch  31, time= 12.7s | Train: skip eval | Valid: time=  0.9s loss=0.251, TAw acc= 94.6% | lr=3.2e-03
| Epoch  32, time= 13.0s | Train: skip eval | Valid: time=  0.9s loss=0.244, TAw acc= 95.0% | * lr=2.9e-03
| Epoch  33, time= 12.9s | Train: skip eval | Valid: time=  0.9s loss=0.244, TAw acc= 95.4% | lr=2.7e-03
| Epoch  34, time= 12.9s | Train: skip eval | Valid: time=  0.9s loss=0.240, TAw acc= 95.2% | * lr=2.4e-03
| Epoch  35, time= 12.8s | Train: skip eval | Valid: time=  0.9s loss=0.246, TAw acc= 94.8% | lr=2.1e-03
| Epoch  36, time= 12.9s | Train: skip eval | Valid: time=  0.9s loss=0.246, TAw acc= 94.8% | lr=1.9e-03
| Epoch  37, time= 12.9s | Train: skip eval | Valid: time=  0.9s loss=0.241, TAw acc= 94.4% | lr=1.7e-03
| Epoch  38, time= 12.4s | Train: skip eval | Valid: time=  0.9s loss=0.247, TAw acc= 94.6% | lr=1.4e-03
| Epoch  39, time= 13.0s | Train: skip eval | Valid: time=  0.9s loss=0.250, TAw acc= 94.4% | lr=1.2e-03
| Epoch  40, time= 13.0s | Train: skip eval | Valid: time=  0.9s loss=0.245, TAw acc= 94.6% | lr=1.0e-03
| Epoch  41, time= 13.0s | Train: skip eval | Valid: time=  0.9s loss=0.243, TAw acc= 95.0% | lr=8.7e-04
| Epoch  42, time= 13.0s | Train: skip eval | Valid: time=  0.9s loss=0.240, TAw acc= 94.8% | lr=7.1e-04
| Epoch  43, time= 12.9s | Train: skip eval | Valid: time=  0.9s loss=0.241, TAw acc= 94.8% | lr=5.7e-04
| Epoch  44, time= 13.2s | Train: skip eval | Valid: time=  0.9s loss=0.241, TAw acc= 94.8% | lr=4.5e-04
| Epoch  45, time= 13.1s | Train: skip eval | Valid: time=  0.9s loss=0.239, TAw acc= 94.8% | * lr=3.4e-04
| Epoch  46, time= 12.9s | Train: skip eval | Valid: time=  0.9s loss=0.239, TAw acc= 95.0% | * lr=2.6e-04
| Epoch  47, time= 12.9s | Train: skip eval | Valid: time=  0.9s loss=0.240, TAw acc= 95.0% | lr=1.9e-04
| Epoch  48, time= 13.0s | Train: skip eval | Valid: time=  1.0s loss=0.240, TAw acc= 94.8% | lr=1.4e-04
| Epoch  49, time= 12.9s | Train: skip eval | Valid: time=  0.9s loss=0.240, TAw acc= 94.8% | lr=1.1e-04
| Epoch  50, time= 12.8s | Train: skip eval | Valid: time=  0.9s loss=0.240, TAw acc= 94.8% | lr=1.0e-04
------------------------------------------------------------------------------------------------------------
>>> Test on task  0 : loss=0.194 | TAw acc= 93.8%, forg=  2.3%| TAg acc= 74.0%, forg= 22.1% <<<
>>> Test on task  1 : loss=0.126 | TAw acc= 96.2%, forg=  2.3%| TAg acc= 66.5%, forg= 27.5% <<<
>>> Test on task  2 : loss=0.077 | TAw acc= 97.9%, forg=  0.5%| TAg acc= 84.2%, forg= 12.0% <<<
>>> Test on task  3 : loss=0.185 | TAw acc= 94.1%, forg=  0.0%| TAg acc= 91.8%, forg=  0.0% <<<
Save at ../results/../results/vit_small_patch16_224.augreg_in1k/cifar100/ewc_v2/10
************************************************************************************************************
TAw Acc
	 96.1%   0.0%   0.0%   0.0%   0.0%   0.0%   0.0%   0.0%   0.0%   0.0% 	Avg.: 96.1% 
	 94.8%  98.5%   0.0%   0.0%   0.0%   0.0%   0.0%   0.0%   0.0%   0.0% 	Avg.: 96.7% 
	 94.6%  97.2%  98.4%   0.0%   0.0%   0.0%   0.0%   0.0%   0.0%   0.0% 	Avg.: 96.7% 
	 93.8%  96.2%  97.9%  94.1%   0.0%   0.0%   0.0%   0.0%   0.0%   0.0% 	Avg.: 95.5% 
	  0.0%   0.0%   0.0%   0.0%   0.0%   0.0%   0.0%   0.0%   0.0%   0.0% 	Avg.:  0.0% 
	  0.0%   0.0%   0.0%   0.0%   0.0%   0.0%   0.0%   0.0%   0.0%   0.0% 	Avg.:  0.0% 
	  0.0%   0.0%   0.0%   0.0%   0.0%   0.0%   0.0%   0.0%   0.0%   0.0% 	Avg.:  0.0% 
	  0.0%   0.0%   0.0%   0.0%   0.0%   0.0%   0.0%   0.0%   0.0%   0.0% 	Avg.:  0.0% 
	  0.0%   0.0%   0.0%   0.0%   0.0%   0.0%   0.0%   0.0%   0.0%   0.0% 	Avg.:  0.0% 
	  0.0%   0.0%   0.0%   0.0%   0.0%   0.0%   0.0%   0.0%   0.0%   0.0% 	Avg.:  0.0% 
************************************************************************************************************
TAg Acc
	 96.1%   0.0%   0.0%   0.0%   0.0%   0.0%   0.0%   0.0%   0.0%   0.0% 	Avg.: 96.1% 
	 83.9%  94.0%   0.0%   0.0%   0.0%   0.0%   0.0%   0.0%   0.0%   0.0% 	Avg.: 89.0% 
	 78.7%  81.0%  96.2%   0.0%   0.0%   0.0%   0.0%   0.0%   0.0%   0.0% 	Avg.: 85.3% 
	 74.0%  66.5%  84.2%  91.8%   0.0%   0.0%   0.0%   0.0%   0.0%   0.0% 	Avg.: 79.1% 
	  0.0%   0.0%   0.0%   0.0%   0.0%   0.0%   0.0%   0.0%   0.0%   0.0% 	Avg.:  0.0% 
	  0.0%   0.0%   0.0%   0.0%   0.0%   0.0%   0.0%   0.0%   0.0%   0.0% 	Avg.:  0.0% 
	  0.0%   0.0%   0.0%   0.0%   0.0%   0.0%   0.0%   0.0%   0.0%   0.0% 	Avg.:  0.0% 
	  0.0%   0.0%   0.0%   0.0%   0.0%   0.0%   0.0%   0.0%   0.0%   0.0% 	Avg.:  0.0% 
	  0.0%   0.0%   0.0%   0.0%   0.0%   0.0%   0.0%   0.0%   0.0%   0.0% 	Avg.:  0.0% 
	  0.0%   0.0%   0.0%   0.0%   0.0%   0.0%   0.0%   0.0%   0.0%   0.0% 	Avg.:  0.0% 
************************************************************************************************************
TAw Forg
	  0.0%   0.0%   0.0%   0.0%   0.0%   0.0%   0.0%   0.0%   0.0%   0.0% 
	  1.3%   0.0%   0.0%   0.0%   0.0%   0.0%   0.0%   0.0%   0.0%   0.0% 	Avg.:  1.3% 
	  1.5%   1.3%   0.0%   0.0%   0.0%   0.0%   0.0%   0.0%   0.0%   0.0% 	Avg.:  1.4% 
	  2.3%   2.3%   0.5%   0.0%   0.0%   0.0%   0.0%   0.0%   0.0%   0.0% 	Avg.:  1.7% 
	  0.0%   0.0%   0.0%   0.0%   0.0%   0.0%   0.0%   0.0%   0.0%   0.0% 	Avg.:  0.0% 
	  0.0%   0.0%   0.0%   0.0%   0.0%   0.0%   0.0%   0.0%   0.0%   0.0% 	Avg.:  0.0% 
	  0.0%   0.0%   0.0%   0.0%   0.0%   0.0%   0.0%   0.0%   0.0%   0.0% 	Avg.:  0.0% 
	  0.0%   0.0%   0.0%   0.0%   0.0%   0.0%   0.0%   0.0%   0.0%   0.0% 	Avg.:  0.0% 
	  0.0%   0.0%   0.0%   0.0%   0.0%   0.0%   0.0%   0.0%   0.0%   0.0% 	Avg.:  0.0% 
	  0.0%   0.0%   0.0%   0.0%   0.0%   0.0%   0.0%   0.0%   0.0%   0.0% 	Avg.:  0.0% 
************************************************************************************************************
TAg Forg
	  0.0%   0.0%   0.0%   0.0%   0.0%   0.0%   0.0%   0.0%   0.0%   0.0% 
	 12.2%   0.0%   0.0%   0.0%   0.0%   0.0%   0.0%   0.0%   0.0%   0.0% 	Avg.: 12.2% 
	 17.4%  13.0%   0.0%   0.0%   0.0%   0.0%   0.0%   0.0%   0.0%   0.0% 	Avg.: 15.2% 
	 22.1%  27.5%  12.0%   0.0%   0.0%   0.0%   0.0%   0.0%   0.0%   0.0% 	Avg.: 20.5% 
	  0.0%   0.0%   0.0%   0.0%   0.0%   0.0%   0.0%   0.0%   0.0%   0.0% 	Avg.:  0.0% 
	  0.0%   0.0%   0.0%   0.0%   0.0%   0.0%   0.0%   0.0%   0.0%   0.0% 	Avg.:  0.0% 
	  0.0%   0.0%   0.0%   0.0%   0.0%   0.0%   0.0%   0.0%   0.0%   0.0% 	Avg.:  0.0% 
	  0.0%   0.0%   0.0%   0.0%   0.0%   0.0%   0.0%   0.0%   0.0%   0.0% 	Avg.:  0.0% 
	  0.0%   0.0%   0.0%   0.0%   0.0%   0.0%   0.0%   0.0%   0.0%   0.0% 	Avg.:  0.0% 
	  0.0%   0.0%   0.0%   0.0%   0.0%   0.0%   0.0%   0.0%   0.0%   0.0% 	Avg.:  0.0% 
************************************************************************************************************
[Elapsed time = 0.2 h]
Done!
