START_TASK=19 STOP_TASK=20
============================================================================================================
Arguments =
	approach: finetuning
	batch_size: 64
	classes_first_task: None
	clipping: 10000
	crop: 224
	data_path: ../data/inat200
	dataset: inat200
	eval_on_train: False
	experiment_path: None
	fix_bn: False
	freeze_backbone: False
	gpu: 0
	gpus: [0]
	increment: 10
	last_layer_analysis: False
	log: ['disk']
	lr: 0.01
	lr_factor: None
	lr_min: 0.0001
	lr_patience: None
	lr_scheduler: cosine
	lr_warmup_epochs: 0
	momentum: 0.0
	multi_softmax: False
	nepochs: 90
	network: resnetv2_101x1_bit.goog_in21k
	no_cudnn_deterministic: False
	normalize: in21k
	num_workers: 2
	optimizer_name: sgd
	pin_memory: False
	pretrained: True
	resize: 224
	results_path: ./results
	save_models: True
	seed: 0
	start_at_task: 19
	start_epoch: 0
	stop_at_task: 20
	stop_epoch: 0
	use_valid_only: False
	warmup_lr_factor: 1.0
	warmup_nepochs: 0
	weight_decay: 0.0
============================================================================================================
Approach arguments =
	all_outputs: False
============================================================================================================
Exemplars arguments =
============================================================================================================
WARNING: ./results/resnetv2_101x1_bit.goog_in21k/inat200/finetuning/10 already exists!
Loaded acc_taw from: ./results/resnetv2_101x1_bit.goog_in21k/inat200/finetuning/10/acc_taw-18.txt
Loaded acc_tag from: ./results/resnetv2_101x1_bit.goog_in21k/inat200/finetuning/10/acc_tag-18.txt
Loaded forg_taw from: ./results/resnetv2_101x1_bit.goog_in21k/inat200/finetuning/10/forg_taw-18.txt
Loaded forg_tag from: ./results/resnetv2_101x1_bit.goog_in21k/inat200/finetuning/10/forg_tag-18.txt
************************************************************************************************************
Task 19  [epochs 0-90]
************************************************************************************************************
[params] total:42,902,280  trainable:42,902,280  tensors:344  trainable_tensors:344
| Epoch   1, time= 14.4s | Train: skip eval | Valid: time=  1.6s loss=0.281, TAw acc= 90.5% | * lr=1.0e-02
| Epoch   2, time= 15.2s | Train: skip eval | Valid: time=  1.4s loss=0.400, TAw acc= 86.5% | lr=1.0e-02
| Epoch   3, time= 16.7s | Train: skip eval | Valid: time=  1.8s loss=0.217, TAw acc= 92.5% | * lr=1.0e-02
| Epoch   4, time= 15.0s | Train: skip eval | Valid: time=  1.4s loss=0.203, TAw acc= 92.2% | * lr=1.0e-02
| Epoch   5, time= 14.6s | Train: skip eval | Valid: time=  1.4s loss=0.265, TAw acc= 91.8% | lr=9.9e-03
| Epoch   6, time= 13.4s | Train: skip eval | Valid: time=  1.8s loss=0.512, TAw acc= 87.5% | lr=9.9e-03
| Epoch   7, time= 14.6s | Train: skip eval | Valid: time=  1.7s loss=0.234, TAw acc= 93.0% | lr=9.9e-03
| Epoch   8, time= 15.8s | Train: skip eval | Valid: time=  1.7s loss=0.197, TAw acc= 93.8% | * lr=9.8e-03
| Epoch   9, time= 13.8s | Train: skip eval | Valid: time=  1.9s loss=0.235, TAw acc= 92.8% | lr=9.8e-03
| Epoch  10, time= 16.0s | Train: skip eval | Valid: time=  1.8s loss=0.314, TAw acc= 90.8% | lr=9.7e-03
| Epoch  11, time= 13.6s | Train: skip eval | Valid: time=  1.4s loss=0.331, TAw acc= 91.2% | lr=9.6e-03
| Epoch  12, time= 13.4s | Train: skip eval | Valid: time=  1.4s loss=0.244, TAw acc= 93.2% | lr=9.6e-03
| Epoch  13, time= 16.3s | Train: skip eval | Valid: time=  1.4s loss=0.255, TAw acc= 92.5% | lr=9.5e-03
| Epoch  14, time= 13.6s | Train: skip eval | Valid: time=  1.4s loss=0.322, TAw acc= 92.0% | lr=9.4e-03
| Epoch  15, time= 14.9s | Train: skip eval | Valid: time=  1.9s loss=0.247, TAw acc= 94.0% | lr=9.3e-03
| Epoch  16, time= 19.5s | Train: skip eval | Valid: time=  3.1s loss=0.219, TAw acc= 94.2% | lr=9.2e-03
| Epoch  17, time= 18.8s | Train: skip eval | Valid: time=  1.6s loss=0.224, TAw acc= 92.8% | lr=9.2e-03
| Epoch  18, time= 13.3s | Train: skip eval | Valid: time=  1.4s loss=0.265, TAw acc= 92.5% | lr=9.1e-03
| Epoch  19, time= 14.0s | Train: skip eval | Valid: time=  1.4s loss=0.245, TAw acc= 94.0% | lr=9.0e-03
| Epoch  20, time= 15.5s | Train: skip eval | Valid: time=  1.4s loss=0.199, TAw acc= 94.2% | lr=8.8e-03
| Epoch  21, time= 16.2s | Train: skip eval | Valid: time=  1.6s loss=0.284, TAw acc= 93.0% | lr=8.7e-03
| Epoch  22, time= 15.8s | Train: skip eval | Valid: time=  1.4s loss=0.244, TAw acc= 93.5% | lr=8.6e-03
| Epoch  23, time= 15.5s | Train: skip eval | Valid: time=  1.4s loss=0.216, TAw acc= 94.2% | lr=8.5e-03
| Epoch  24, time= 15.0s | Train: skip eval | Valid: time=  1.4s loss=0.249, TAw acc= 93.8% | lr=8.4e-03
| Epoch  25, time= 14.6s | Train: skip eval | Valid: time=  1.4s loss=0.315, TAw acc= 92.2% | lr=8.2e-03
| Epoch  26, time= 17.5s | Train: skip eval | Valid: time=  1.5s loss=0.225, TAw acc= 94.5% | lr=8.1e-03
| Epoch  27, time= 14.0s | Train: skip eval | Valid: time=  1.4s loss=0.271, TAw acc= 93.8% | lr=8.0e-03
| Epoch  28, time= 13.1s | Train: skip eval | Valid: time=  1.4s loss=0.279, TAw acc= 92.2% | lr=7.8e-03
| Epoch  29, time= 15.3s | Train: skip eval | Valid: time=  1.7s loss=0.234, TAw acc= 94.5% | lr=7.7e-03
| Epoch  30, time= 14.2s | Train: skip eval | Valid: time=  1.4s loss=0.237, TAw acc= 93.5% | lr=7.5e-03
| Epoch  31, time= 13.1s | Train: skip eval | Valid: time=  1.9s loss=0.251, TAw acc= 94.2% | lr=7.4e-03
| Epoch  32, time= 14.4s | Train: skip eval | Valid: time=  1.4s loss=0.217, TAw acc= 94.8% | lr=7.2e-03
| Epoch  33, time= 14.1s | Train: skip eval | Valid: time=  2.2s loss=0.220, TAw acc= 94.8% | lr=7.1e-03
| Epoch  34, time= 15.1s | Train: skip eval | Valid: time=  1.4s loss=0.232, TAw acc= 93.8% | lr=6.9e-03
| Epoch  35, time= 15.9s | Train: skip eval | Valid: time=  1.4s loss=0.216, TAw acc= 94.5% | lr=6.7e-03
| Epoch  36, time= 13.7s | Train: skip eval | Valid: time=  1.8s loss=0.190, TAw acc= 95.0% | * lr=6.6e-03
| Epoch  37, time= 14.5s | Train: skip eval | Valid: time=  1.7s loss=0.216, TAw acc= 95.5% | lr=6.4e-03
| Epoch  38, time= 15.0s | Train: skip eval | Valid: time=  1.6s loss=0.221, TAw acc= 95.8% | lr=6.2e-03
| Epoch  39, time= 17.6s | Train: skip eval | Valid: time=  1.7s loss=0.221, TAw acc= 94.5% | lr=6.1e-03
| Epoch  40, time= 15.6s | Train: skip eval | Valid: time=  1.7s loss=0.209, TAw acc= 95.5% | lr=5.9e-03
| Epoch  41, time= 13.2s | Train: skip eval | Valid: time=  1.4s loss=0.217, TAw acc= 95.5% | lr=5.7e-03
| Epoch  42, time= 12.9s | Train: skip eval | Valid: time=  1.4s loss=0.211, TAw acc= 95.2% | lr=5.6e-03
| Epoch  43, time= 18.3s | Train: skip eval | Valid: time=  1.4s loss=0.201, TAw acc= 94.5% | lr=5.4e-03
| Epoch  44, time= 12.9s | Train: skip eval | Valid: time=  1.7s loss=0.192, TAw acc= 95.2% | lr=5.2e-03
| Epoch  45, time= 18.0s | Train: skip eval | Valid: time=  1.7s loss=0.200, TAw acc= 95.0% | lr=5.1e-03
| Epoch  46, time= 13.2s | Train: skip eval | Valid: time=  1.4s loss=0.213, TAw acc= 95.5% | lr=4.9e-03
| Epoch  47, time= 13.7s | Train: skip eval | Valid: time=  1.4s loss=0.217, TAw acc= 95.2% | lr=4.7e-03
| Epoch  48, time= 13.1s | Train: skip eval | Valid: time=  1.4s loss=0.222, TAw acc= 94.2% | lr=4.5e-03
| Epoch  49, time= 16.2s | Train: skip eval | Valid: time=  1.9s loss=0.226, TAw acc= 93.2% | lr=4.4e-03
| Epoch  50, time= 20.4s | Train: skip eval | Valid: time=  2.2s loss=0.225, TAw acc= 94.0% | lr=4.2e-03
| Epoch  51, time= 15.4s | Train: skip eval | Valid: time=  1.4s loss=0.210, TAw acc= 93.8% | lr=4.0e-03
| Epoch  52, time= 13.1s | Train: skip eval | Valid: time=  1.4s loss=0.237, TAw acc= 93.8% | lr=3.9e-03
| Epoch  53, time= 14.2s | Train: skip eval | Valid: time=  1.7s loss=0.225, TAw acc= 94.5% | lr=3.7e-03
| Epoch  54, time= 13.1s | Train: skip eval | Valid: time=  1.4s loss=0.221, TAw acc= 94.2% | lr=3.5e-03
| Epoch  55, time= 15.6s | Train: skip eval | Valid: time=  1.4s loss=0.197, TAw acc= 94.5% | lr=3.4e-03
| Epoch  56, time= 14.2s | Train: skip eval | Valid: time=  1.6s loss=0.217, TAw acc= 93.8% | lr=3.2e-03
| Epoch  57, time= 13.4s | Train: skip eval | Valid: time=  1.4s loss=0.218, TAw acc= 94.2% | lr=3.0e-03
| Epoch  58, time= 13.7s | Train: skip eval | Valid: time=  1.4s loss=0.202, TAw acc= 94.0% | lr=2.9e-03
| Epoch  59, time= 16.4s | Train: skip eval | Valid: time=  1.4s loss=0.241, TAw acc= 93.5% | lr=2.7e-03
| Epoch  60, time= 13.9s | Train: skip eval | Valid: time=  1.4s loss=0.215, TAw acc= 94.5% | lr=2.6e-03
| Epoch  61, time= 13.2s | Train: skip eval | Valid: time=  1.7s loss=0.216, TAw acc= 94.0% | lr=2.4e-03
| Epoch  62, time= 15.7s | Train: skip eval | Valid: time=  1.7s loss=0.218, TAw acc= 93.5% | lr=2.3e-03
| Epoch  63, time= 15.0s | Train: skip eval | Valid: time=  1.4s loss=0.204, TAw acc= 94.2% | lr=2.1e-03
| Epoch  64, time= 14.1s | Train: skip eval | Valid: time=  1.4s loss=0.211, TAw acc= 94.2% | lr=2.0e-03
| Epoch  65, time= 13.0s | Train: skip eval | Valid: time=  1.4s loss=0.202, TAw acc= 93.2% | lr=1.9e-03
| Epoch  66, time= 15.8s | Train: skip eval | Valid: time=  1.4s loss=0.198, TAw acc= 94.0% | lr=1.7e-03
| Epoch  67, time= 16.6s | Train: skip eval | Valid: time=  1.4s loss=0.205, TAw acc= 93.5% | lr=1.6e-03
| Epoch  68, time= 14.6s | Train: skip eval | Valid: time=  1.4s loss=0.207, TAw acc= 93.5% | lr=1.5e-03
| Epoch  69, time= 17.0s | Train: skip eval | Valid: time=  1.4s loss=0.207, TAw acc= 93.8% | lr=1.4e-03
| Epoch  70, time= 15.5s | Train: skip eval | Valid: time=  2.1s loss=0.213, TAw acc= 94.0% | lr=1.3e-03
| Epoch  71, time= 16.9s | Train: skip eval | Valid: time=  1.8s loss=0.207, TAw acc= 94.2% | lr=1.1e-03
| Epoch  72, time= 15.0s | Train: skip eval | Valid: time=  1.4s loss=0.205, TAw acc= 94.0% | lr=1.0e-03
| Epoch  73, time= 15.1s | Train: skip eval | Valid: time=  1.5s loss=0.204, TAw acc= 93.8% | lr=9.5e-04
| Epoch  74, time= 16.0s | Train: skip eval | Valid: time=  1.4s loss=0.204, TAw acc= 94.2% | lr=8.5e-04
| Epoch  75, time= 13.8s | Train: skip eval | Valid: time=  1.5s loss=0.204, TAw acc= 94.0% | lr=7.6e-04
| Epoch  76, time= 14.0s | Train: skip eval | Valid: time=  1.4s loss=0.200, TAw acc= 94.2% | lr=6.8e-04
| Epoch  77, time= 13.0s | Train: skip eval | Valid: time=  1.4s loss=0.200, TAw acc= 94.0% | lr=6.0e-04
| Epoch  78, time= 14.1s | Train: skip eval | Valid: time=  1.5s loss=0.203, TAw acc= 94.0% | lr=5.3e-04
| Epoch  79, time= 13.3s | Train: skip eval | Valid: time=  1.6s loss=0.204, TAw acc= 93.8% | lr=4.6e-04
| Epoch  80, time= 15.9s | Train: skip eval | Valid: time=  1.4s loss=0.202, TAw acc= 93.8% | lr=4.0e-04
| Epoch  81, time= 13.3s | Train: skip eval | Valid: time=  1.7s loss=0.203, TAw acc= 93.8% | lr=3.4e-04
| Epoch  82, time= 13.9s | Train: skip eval | Valid: time=  1.4s loss=0.201, TAw acc= 93.8% | lr=2.9e-04
| Epoch  83, time= 14.5s | Train: skip eval | Valid: time=  1.4s loss=0.201, TAw acc= 93.8% | lr=2.5e-04
| Epoch  84, time= 16.6s | Train: skip eval | Valid: time=  1.5s loss=0.203, TAw acc= 93.8% | lr=2.1e-04
| Epoch  85, time= 14.0s | Train: skip eval | Valid: time=  1.7s loss=0.202, TAw acc= 93.8% | lr=1.8e-04
| Epoch  86, time= 13.7s | Train: skip eval | Valid: time=  1.7s loss=0.202, TAw acc= 93.8% | lr=1.5e-04
| Epoch  87, time= 14.3s | Train: skip eval | Valid: time=  1.9s loss=0.202, TAw acc= 93.8% | lr=1.3e-04
| Epoch  88, time= 12.9s | Train: skip eval | Valid: time=  1.4s loss=0.203, TAw acc= 93.8% | lr=1.1e-04
| Epoch  89, time= 15.4s | Train: skip eval | Valid: time=  1.6s loss=0.203, TAw acc= 93.8% | lr=1.0e-04
| Epoch  90, time= 16.4s | Train: skip eval | Valid: time=  1.4s loss=0.203, TAw acc= 93.8% | lr=1.0e-04
------------------------------------------------------------------------------------------------------------
>>> Test on task  0 : loss=0.492 | TAw acc= 85.0%, forg=  9.4% | TAg acc= 18.2%, forg= 76.2% <<<
>>> Test on task  1 : loss=0.525 | TAw acc= 84.2%, forg=  7.7% | TAg acc= 21.7%, forg= 64.8% <<<
>>> Test on task  2 : loss=0.349 | TAw acc= 88.2%, forg=  6.3% | TAg acc= 11.4%, forg= 74.8% <<<
>>> Test on task  3 : loss=0.542 | TAw acc= 81.6%, forg=  8.0% | TAg acc=  4.7%, forg= 62.6% <<<
>>> Test on task  4 : loss=0.522 | TAw acc= 83.8%, forg=  7.8% | TAg acc=  7.2%, forg= 64.6% <<<
>>> Test on task  5 : loss=0.639 | TAw acc= 80.0%, forg= 10.2% | TAg acc= 21.8%, forg= 63.4% <<<
>>> Test on task  6 : loss=0.326 | TAw acc= 89.7%, forg=  4.4% | TAg acc= 32.1%, forg= 47.7% <<<
>>> Test on task  7 : loss=0.499 | TAw acc= 82.9%, forg=  7.7% | TAg acc= 19.5%, forg= 49.3% <<<
>>> Test on task  8 : loss=0.595 | TAw acc= 81.8%, forg= 10.9% | TAg acc= 39.0%, forg= 48.6% <<<
>>> Test on task  9 : loss=0.537 | TAw acc= 86.3%, forg=  6.1% | TAg acc= 27.7%, forg= 48.8% <<<
>>> Test on task 10 : loss=0.456 | TAw acc= 84.9%, forg=  3.4% | TAg acc= 14.9%, forg= 37.2% <<<
>>> Test on task 11 : loss=0.529 | TAw acc= 82.9%, forg= 10.1% | TAg acc=  5.4%, forg= 42.5% <<<
>>> Test on task 12 : loss=0.432 | TAw acc= 87.3%, forg=  7.0% | TAg acc= 34.4%, forg= 51.8% <<<
>>> Test on task 13 : loss=0.267 | TAw acc= 91.2%, forg=  6.3% | TAg acc= 15.6%, forg= 44.7% <<<
>>> Test on task 14 : loss=0.353 | TAw acc= 87.7%, forg=  7.0% | TAg acc= 10.9%, forg= 44.3% <<<
>>> Test on task 15 : loss=0.371 | TAw acc= 88.9%, forg=  4.1% | TAg acc= 27.4%, forg= 37.3% <<<
>>> Test on task 16 : loss=0.998 | TAw acc= 76.4%, forg= 11.3% | TAg acc= 50.8%, forg= 29.8% <<<
>>> Test on task 17 : loss=0.344 | TAw acc= 89.4%, forg=  3.3% | TAg acc= 25.8%, forg= 30.7% <<<
>>> Test on task 18 : loss=0.443 | TAw acc= 87.7%, forg=  3.2% | TAg acc= 59.5%, forg= 15.0% <<<
>>> Test on task 19 : loss=0.282 | TAw acc= 93.6%, forg=  0.0% | TAg acc= 81.4%, forg=  0.0% <<<
Save at ./results/./results/resnetv2_101x1_bit.goog_in21k/inat200/finetuning/10
************************************************************************************************************
TAw Acc
	 94.4%   0.0%   0.0%   0.0%   0.0%   0.0%   0.0%   0.0%   0.0%   0.0%   0.0%   0.0%   0.0%   0.0%   0.0%   0.0%   0.0%   0.0%   0.0%   0.0% 	Avg.: 94.4% 
	 92.1%  91.9%   0.0%   0.0%   0.0%   0.0%   0.0%   0.0%   0.0%   0.0%   0.0%   0.0%   0.0%   0.0%   0.0%   0.0%   0.0%   0.0%   0.0%   0.0% 	Avg.: 92.0% 
	 89.3%  86.8%  94.5%   0.0%   0.0%   0.0%   0.0%   0.0%   0.0%   0.0%   0.0%   0.0%   0.0%   0.0%   0.0%   0.0%   0.0%   0.0%   0.0%   0.0% 	Avg.: 90.2% 
	 90.7%  89.6%  92.7%  89.6%   0.0%   0.0%   0.0%   0.0%   0.0%   0.0%   0.0%   0.0%   0.0%   0.0%   0.0%   0.0%   0.0%   0.0%   0.0%   0.0% 	Avg.: 90.7% 
	 90.9%  88.7%  91.5%  84.3%  91.6%   0.0%   0.0%   0.0%   0.0%   0.0%   0.0%   0.0%   0.0%   0.0%   0.0%   0.0%   0.0%   0.0%   0.0%   0.0% 	Avg.: 89.4% 
	 90.5%  86.5%  92.2%  84.0%  87.0%  90.2%   0.0%   0.0%   0.0%   0.0%   0.0%   0.0%   0.0%   0.0%   0.0%   0.0%   0.0%   0.0%   0.0%   0.0% 	Avg.: 88.4% 
	 86.9%  87.4%  89.9%  81.0%  84.2%  82.4%  94.1%   0.0%   0.0%   0.0%   0.0%   0.0%   0.0%   0.0%   0.0%   0.0%   0.0%   0.0%   0.0%   0.0% 	Avg.: 86.6% 
	 89.2%  85.3%  91.3%  82.1%  83.3%  85.0%  91.4%  90.6%   0.0%   0.0%   0.0%   0.0%   0.0%   0.0%   0.0%   0.0%   0.0%   0.0%   0.0%   0.0% 	Avg.: 87.3% 
	 88.1%  84.7%  90.8%  81.7%  82.3%  87.3%  90.5%  89.5%  92.7%   0.0%   0.0%   0.0%   0.0%   0.0%   0.0%   0.0%   0.0%   0.0%   0.0%   0.0% 	Avg.: 87.5% 
	 88.0%  85.0%  89.2%  79.5%  83.8%  84.2%  88.3%  87.1%  90.2%  92.4%   0.0%   0.0%   0.0%   0.0%   0.0%   0.0%   0.0%   0.0%   0.0%   0.0% 	Avg.: 86.8% 
	 88.5%  85.4%  90.7%  81.4%  85.8%  85.8%  88.7%  86.3%  90.9%  90.7%  88.3%   0.0%   0.0%   0.0%   0.0%   0.0%   0.0%   0.0%   0.0%   0.0% 	Avg.: 87.5% 
	 89.7%  86.2%  87.9%  78.5%  84.9%  84.6%  89.8%  86.5%  90.2%  89.8%  86.2%  93.0%   0.0%   0.0%   0.0%   0.0%   0.0%   0.0%   0.0%   0.0% 	Avg.: 87.3% 
	 88.9%  86.3%  89.1%  80.7%  83.8%  84.0%  90.0%  86.4%  88.6%  89.3%  85.1%  89.9%  94.3%   0.0%   0.0%   0.0%   0.0%   0.0%   0.0%   0.0% 	Avg.: 87.4% 
	 89.1%  84.3%  89.0%  83.6%  83.5%  86.6%  86.4%  86.1%  87.8%  89.2%  84.6%  88.2%  91.8%  97.5%   0.0%   0.0%   0.0%   0.0%   0.0%   0.0% 	Avg.: 87.7% 
	 88.0%  86.1%  88.3%  85.2%  86.9%  84.6%  84.5%  88.7%  87.6%  89.7%  83.5%  87.7%  92.1%  96.9%  94.7%   0.0%   0.0%   0.0%   0.0%   0.0% 	Avg.: 88.3% 
	 88.7%  87.1%  89.4%  84.0%  82.3%  85.7%  88.1%  88.5%  88.0%  88.4%  84.8%  86.6%  92.7%  95.9%  94.6%  93.0%   0.0%   0.0%   0.0%   0.0% 	Avg.: 88.6% 
	 86.7%  85.8%  87.2%  81.5%  84.6%  83.0%  88.2%  85.2%  85.7%  85.5%  82.7%  85.6%  90.7%  94.1%  90.4%  89.4%  87.7%   0.0%   0.0%   0.0% 	Avg.: 86.7% 
	 86.5%  85.4%  88.9%  79.5%  86.3%  84.0%  88.8%  87.9%  86.7%  85.4%  79.9%  85.8%  90.2%  92.4%  92.5%  89.9%  85.6%  92.7%   0.0%   0.0% 	Avg.: 87.1% 
	 84.5%  84.3%  89.2%  79.6%  82.2%  84.0%  90.7%  86.3%  82.7%  84.9%  84.1%  86.2%  91.3%  91.0%  88.6%  87.1%  81.3%  89.9%  90.9%   0.0% 	Avg.: 86.3% 
	 85.0%  84.2%  88.2%  81.6%  83.8%  80.0%  89.7%  82.9%  81.8%  86.3%  84.9%  82.9%  87.3%  91.2%  87.7%  88.9%  76.4%  89.4%  87.7%  93.6% 	Avg.: 85.7% 
************************************************************************************************************
TAg Acc
	 94.4%   0.0%   0.0%   0.0%   0.0%   0.0%   0.0%   0.0%   0.0%   0.0%   0.0%   0.0%   0.0%   0.0%   0.0%   0.0%   0.0%   0.0%   0.0%   0.0% 	Avg.: 94.4% 
	 79.1%  86.5%   0.0%   0.0%   0.0%   0.0%   0.0%   0.0%   0.0%   0.0%   0.0%   0.0%   0.0%   0.0%   0.0%   0.0%   0.0%   0.0%   0.0%   0.0% 	Avg.: 82.8% 
	 72.7%  65.3%  86.2%   0.0%   0.0%   0.0%   0.0%   0.0%   0.0%   0.0%   0.0%   0.0%   0.0%   0.0%   0.0%   0.0%   0.0%   0.0%   0.0%   0.0% 	Avg.: 74.7% 
	 70.3%  66.4%  77.7%  67.3%   0.0%   0.0%   0.0%   0.0%   0.0%   0.0%   0.0%   0.0%   0.0%   0.0%   0.0%   0.0%   0.0%   0.0%   0.0%   0.0% 	Avg.: 70.4% 
	 63.6%  61.9%  68.7%  48.0%  71.8%   0.0%   0.0%   0.0%   0.0%   0.0%   0.0%   0.0%   0.0%   0.0%   0.0%   0.0%   0.0%   0.0%   0.0%   0.0% 	Avg.: 62.8% 
	 52.7%  54.5%  47.7%  26.3%  45.2%  85.2%   0.0%   0.0%   0.0%   0.0%   0.0%   0.0%   0.0%   0.0%   0.0%   0.0%   0.0%   0.0%   0.0%   0.0% 	Avg.: 51.9% 
	 37.3%  45.4%  34.3%  20.6%  35.0%  66.3%  79.8%   0.0%   0.0%   0.0%   0.0%   0.0%   0.0%   0.0%   0.0%   0.0%   0.0%   0.0%   0.0%   0.0% 	Avg.: 45.5% 
	 42.6%  47.4%  34.4%  15.2%  28.4%  70.2%  70.3%  68.8%   0.0%   0.0%   0.0%   0.0%   0.0%   0.0%   0.0%   0.0%   0.0%   0.0%   0.0%   0.0% 	Avg.: 47.2% 
	 37.2%  36.7%  37.6%  11.8%  23.0%  64.2%  59.1%  52.0%  87.6%   0.0%   0.0%   0.0%   0.0%   0.0%   0.0%   0.0%   0.0%   0.0%   0.0%   0.0% 	Avg.: 45.5% 
	 28.6%  33.6%  28.8%  13.6%  19.3%  53.2%  52.8%  45.4%  74.6%  76.5%   0.0%   0.0%   0.0%   0.0%   0.0%   0.0%   0.0%   0.0%   0.0%   0.0% 	Avg.: 42.6% 
	 34.9%  35.3%  27.3%  12.5%  17.7%  59.5%  50.3%  40.9%  76.7%  68.4%  52.1%   0.0%   0.0%   0.0%   0.0%   0.0%   0.0%   0.0%   0.0%   0.0% 	Avg.: 43.2% 
	 37.0%  34.5%  28.8%  11.1%  21.1%  57.5%  51.2%  40.0%  76.5%  61.8%  46.2%  47.9%   0.0%   0.0%   0.0%   0.0%   0.0%   0.0%   0.0%   0.0% 	Avg.: 42.8% 
	 36.7%  31.4%  29.6%   9.5%  15.7%  44.1%  44.2%  32.3%  68.2%  54.5%  33.2%  28.3%  86.2%   0.0%   0.0%   0.0%   0.0%   0.0%   0.0%   0.0% 	Avg.: 39.5% 
	 29.3%  28.7%  25.4%  10.4%  15.1%  45.9%  37.7%  28.0%  65.3%  50.8%  31.4%  21.4%  76.8%  60.3%   0.0%   0.0%   0.0%   0.0%   0.0%   0.0% 	Avg.: 37.6% 
	 27.1%  30.1%  22.6%   8.3%  12.0%  46.7%  41.3%  28.0%  66.7%  52.2%  29.1%  18.1%  73.9%  60.2%  55.2%   0.0%   0.0%   0.0%   0.0%   0.0% 	Avg.: 38.1% 
	 31.5%  30.1%  26.1%   8.9%  13.8%  41.9%  44.6%  28.9%  64.3%  51.5%  27.9%  16.9%  69.5%  55.0%  44.6%  64.7%   0.0%   0.0%   0.0%   0.0% 	Avg.: 38.8% 
	 24.2%  25.4%  23.6%   7.0%  12.1%  41.5%  41.6%  24.3%  50.6%  41.9%  16.0%  14.7%  57.1%  32.1%  23.3%  42.4%  80.6%   0.0%   0.0%   0.0% 	Avg.: 32.8% 
	 23.5%  25.3%  20.6%   7.9%   9.3%  43.3%  38.0%  22.3%  48.1%  42.3%  15.0%  15.8%  53.0%  27.4%  24.1%  39.4%  72.8%  56.5%   0.0%   0.0% 	Avg.: 32.5% 
	 22.9%  20.6%  20.0%   5.1%   8.2%  39.4%  36.0%  24.4%  45.6%  34.4%  13.4%   5.8%  41.6%  20.7%  18.0%  33.6%  64.1%  44.2%  74.5%   0.0% 	Avg.: 30.1% 
	 18.2%  21.7%  11.4%   4.7%   7.2%  21.8%  32.1%  19.5%  39.0%  27.7%  14.9%   5.4%  34.4%  15.6%  10.9%  27.4%  50.8%  25.8%  59.5%  81.4% 	Avg.: 26.5% 
************************************************************************************************************
TAw Forg
	  0.0%   0.0%   0.0%   0.0%   0.0%   0.0%   0.0%   0.0%   0.0%   0.0%   0.0%   0.0%   0.0%   0.0%   0.0%   0.0%   0.0%   0.0%   0.0%   0.0% 
	  2.3%   0.0%   0.0%   0.0%   0.0%   0.0%   0.0%   0.0%   0.0%   0.0%   0.0%   0.0%   0.0%   0.0%   0.0%   0.0%   0.0%   0.0%   0.0%   0.0% 	Avg.:  2.3% 
	  5.1%   5.1%   0.0%   0.0%   0.0%   0.0%   0.0%   0.0%   0.0%   0.0%   0.0%   0.0%   0.0%   0.0%   0.0%   0.0%   0.0%   0.0%   0.0%   0.0% 	Avg.:  5.1% 
	  3.7%   2.3%   1.8%   0.0%   0.0%   0.0%   0.0%   0.0%   0.0%   0.0%   0.0%   0.0%   0.0%   0.0%   0.0%   0.0%   0.0%   0.0%   0.0%   0.0% 	Avg.:  2.6% 
	  3.5%   3.2%   3.0%   5.3%   0.0%   0.0%   0.0%   0.0%   0.0%   0.0%   0.0%   0.0%   0.0%   0.0%   0.0%   0.0%   0.0%   0.0%   0.0%   0.0% 	Avg.:  3.8% 
	  3.9%   5.4%   2.3%   5.6%   4.6%   0.0%   0.0%   0.0%   0.0%   0.0%   0.0%   0.0%   0.0%   0.0%   0.0%   0.0%   0.0%   0.0%   0.0%   0.0% 	Avg.:  4.4% 
	  7.5%   4.5%   4.6%   8.6%   7.4%   7.8%   0.0%   0.0%   0.0%   0.0%   0.0%   0.0%   0.0%   0.0%   0.0%   0.0%   0.0%   0.0%   0.0%   0.0% 	Avg.:  6.7% 
	  5.2%   6.6%   3.2%   7.5%   8.3%   5.2%   2.7%   0.0%   0.0%   0.0%   0.0%   0.0%   0.0%   0.0%   0.0%   0.0%   0.0%   0.0%   0.0%   0.0% 	Avg.:  5.5% 
	  6.3%   7.2%   3.7%   7.9%   9.3%   2.9%   3.6%   1.1%   0.0%   0.0%   0.0%   0.0%   0.0%   0.0%   0.0%   0.0%   0.0%   0.0%   0.0%   0.0% 	Avg.:  5.2% 
	  6.4%   6.9%   5.3%  10.1%   7.8%   6.0%   5.8%   3.5%   2.5%   0.0%   0.0%   0.0%   0.0%   0.0%   0.0%   0.0%   0.0%   0.0%   0.0%   0.0% 	Avg.:  6.0% 
	  5.9%   6.5%   3.8%   8.2%   5.8%   4.4%   5.4%   4.3%   1.8%   1.7%   0.0%   0.0%   0.0%   0.0%   0.0%   0.0%   0.0%   0.0%   0.0%   0.0% 	Avg.:  4.8% 
	  4.7%   5.7%   6.6%  11.1%   6.7%   5.6%   4.3%   4.1%   2.5%   2.6%   2.1%   0.0%   0.0%   0.0%   0.0%   0.0%   0.0%   0.0%   0.0%   0.0% 	Avg.:  5.1% 
	  5.5%   5.6%   5.4%   8.9%   7.8%   6.2%   4.1%   4.2%   4.1%   3.1%   3.2%   3.1%   0.0%   0.0%   0.0%   0.0%   0.0%   0.0%   0.0%   0.0% 	Avg.:  5.1% 
	  5.3%   7.6%   5.5%   6.0%   8.1%   3.6%   7.7%   4.5%   4.9%   3.2%   3.7%   4.8%   2.5%   0.0%   0.0%   0.0%   0.0%   0.0%   0.0%   0.0% 	Avg.:  5.2% 
	  6.4%   5.8%   6.2%   4.4%   4.7%   5.6%   9.6%   1.9%   5.1%   2.7%   4.8%   5.3%   2.2%   0.6%   0.0%   0.0%   0.0%   0.0%   0.0%   0.0% 	Avg.:  4.7% 
	  5.7%   4.8%   5.1%   5.6%   9.3%   4.5%   6.0%   2.1%   4.7%   4.0%   3.5%   6.4%   1.6%   1.6%   0.1%   0.0%   0.0%   0.0%   0.0%   0.0% 	Avg.:  4.3% 
	  7.7%   6.1%   7.3%   8.1%   7.0%   7.2%   5.9%   5.4%   7.0%   6.9%   5.6%   7.4%   3.6%   3.4%   4.3%   3.6%   0.0%   0.0%   0.0%   0.0% 	Avg.:  6.0% 
	  7.9%   6.5%   5.6%  10.1%   5.3%   6.2%   5.3%   2.7%   6.0%   7.0%   8.4%   7.2%   4.1%   5.1%   2.2%   3.1%   2.1%   0.0%   0.0%   0.0% 	Avg.:  5.6% 
	  9.9%   7.6%   5.3%  10.0%   9.4%   6.2%   3.4%   4.3%  10.0%   7.5%   4.2%   6.8%   3.0%   6.5%   6.1%   5.9%   6.4%   2.8%   0.0%   0.0% 	Avg.:  6.4% 
	  9.4%   7.7%   6.3%   8.0%   7.8%  10.2%   4.4%   7.7%  10.9%   6.1%   3.4%  10.1%   7.0%   6.3%   7.0%   4.1%  11.3%   3.3%   3.2%   0.0% 	Avg.:  7.1% 
************************************************************************************************************
TAg Forg
	  0.0%   0.0%   0.0%   0.0%   0.0%   0.0%   0.0%   0.0%   0.0%   0.0%   0.0%   0.0%   0.0%   0.0%   0.0%   0.0%   0.0%   0.0%   0.0%   0.0% 
	 15.3%   0.0%   0.0%   0.0%   0.0%   0.0%   0.0%   0.0%   0.0%   0.0%   0.0%   0.0%   0.0%   0.0%   0.0%   0.0%   0.0%   0.0%   0.0%   0.0% 	Avg.: 15.3% 
	 21.7%  21.2%   0.0%   0.0%   0.0%   0.0%   0.0%   0.0%   0.0%   0.0%   0.0%   0.0%   0.0%   0.0%   0.0%   0.0%   0.0%   0.0%   0.0%   0.0% 	Avg.: 21.4% 
	 24.1%  20.1%   8.5%   0.0%   0.0%   0.0%   0.0%   0.0%   0.0%   0.0%   0.0%   0.0%   0.0%   0.0%   0.0%   0.0%   0.0%   0.0%   0.0%   0.0% 	Avg.: 17.6% 
	 30.8%  24.6%  17.5%  19.3%   0.0%   0.0%   0.0%   0.0%   0.0%   0.0%   0.0%   0.0%   0.0%   0.0%   0.0%   0.0%   0.0%   0.0%   0.0%   0.0% 	Avg.: 23.1% 
	 41.7%  32.0%  38.5%  41.0%  26.6%   0.0%   0.0%   0.0%   0.0%   0.0%   0.0%   0.0%   0.0%   0.0%   0.0%   0.0%   0.0%   0.0%   0.0%   0.0% 	Avg.: 36.0% 
	 57.1%  41.1%  51.9%  46.7%  36.8%  18.9%   0.0%   0.0%   0.0%   0.0%   0.0%   0.0%   0.0%   0.0%   0.0%   0.0%   0.0%   0.0%   0.0%   0.0% 	Avg.: 42.1% 
	 51.8%  39.1%  51.8%  52.1%  43.4%  15.0%   9.5%   0.0%   0.0%   0.0%   0.0%   0.0%   0.0%   0.0%   0.0%   0.0%   0.0%   0.0%   0.0%   0.0% 	Avg.: 37.5% 
	 57.2%  49.8%  48.6%  55.5%  48.8%  21.0%  20.7%  16.8%   0.0%   0.0%   0.0%   0.0%   0.0%   0.0%   0.0%   0.0%   0.0%   0.0%   0.0%   0.0% 	Avg.: 39.8% 
	 65.8%  52.9%  57.4%  53.7%  52.5%  32.0%  27.0%  23.4%  13.0%   0.0%   0.0%   0.0%   0.0%   0.0%   0.0%   0.0%   0.0%   0.0%   0.0%   0.0% 	Avg.: 42.0% 
	 59.5%  51.2%  58.9%  54.8%  54.1%  25.7%  29.5%  27.9%  10.9%   8.1%   0.0%   0.0%   0.0%   0.0%   0.0%   0.0%   0.0%   0.0%   0.0%   0.0% 	Avg.: 38.1% 
	 57.4%  52.0%  57.4%  56.2%  50.7%  27.7%  28.6%  28.8%  11.1%  14.7%   5.9%   0.0%   0.0%   0.0%   0.0%   0.0%   0.0%   0.0%   0.0%   0.0% 	Avg.: 35.5% 
	 57.7%  55.1%  56.6%  57.8%  56.1%  41.1%  35.6%  36.5%  19.4%  22.0%  18.9%  19.6%   0.0%   0.0%   0.0%   0.0%   0.0%   0.0%   0.0%   0.0% 	Avg.: 39.7% 
	 65.1%  57.8%  60.8%  56.9%  56.7%  39.3%  42.1%  40.8%  22.3%  25.7%  20.7%  26.5%   9.4%   0.0%   0.0%   0.0%   0.0%   0.0%   0.0%   0.0% 	Avg.: 40.3% 
	 67.3%  56.4%  63.6%  59.0%  59.8%  38.5%  38.5%  40.8%  20.9%  24.3%  23.0%  29.8%  12.3%   0.1%   0.0%   0.0%   0.0%   0.0%   0.0%   0.0% 	Avg.: 38.2% 
	 62.9%  56.4%  60.1%  58.4%  58.0%  43.3%  35.2%  39.9%  23.3%  25.0%  24.2%  31.0%  16.7%   5.3%  10.6%   0.0%   0.0%   0.0%   0.0%   0.0% 	Avg.: 36.7% 
	 70.2%  61.1%  62.6%  60.3%  59.7%  43.7%  38.2%  44.5%  37.0%  34.6%  36.1%  33.2%  29.1%  28.2%  31.9%  22.3%   0.0%   0.0%   0.0%   0.0% 	Avg.: 43.3% 
	 70.9%  61.2%  65.6%  59.4%  62.5%  41.9%  41.8%  46.5%  39.5%  34.2%  37.1%  32.1%  33.2%  32.9%  31.1%  25.3%   7.8%   0.0%   0.0%   0.0% 	Avg.: 42.5% 
	 71.5%  65.9%  66.2%  62.2%  63.6%  45.8%  43.8%  44.4%  42.0%  42.1%  38.7%  42.1%  44.6%  39.6%  37.2%  31.1%  16.5%  12.3%   0.0%   0.0% 	Avg.: 45.0% 
	 76.2%  64.8%  74.8%  62.6%  64.6%  63.4%  47.7%  49.3%  48.6%  48.8%  37.2%  42.5%  51.8%  44.7%  44.3%  37.3%  29.8%  30.7%  15.0%   0.0% 	Avg.: 49.2% 
************************************************************************************************************
[Elapsed time = 0.4 h]
Done!
