START_TASK=5 STOP_TASK=6
============================================================================================================
Arguments =
	all_outputs: False
	approach: hydra
	batch_size: 64
	classes_first_task: None
	clipping: 10000
	crop: 224
	dataset: cifar100
	distilled: True
	eval_on_train: False
	experiment_path: None
	fix_bn: False
	freeze_backbone: False
	gpu: 0
	gpus: [0]
	increment: 10
	last_layer_analysis: False
	log: ['disk']
	lr: 0.01
	lr_factor: None
	lr_min: 0.0001
	lr_patience: None
	lr_scheduler: cosine
	lr_warmup_epochs: 0
	momentum: 0.0
	multi_softmax: False
	nepochs: 50
	network: deit_small_distilled_patch16_224_cil
	no_cudnn_deterministic: False
	normalize: in1k
	num_workers: 2
	optimizer_name: sgd
	pin_memory: False
	pretrained: True
	resize: 224
	results_path: ./results
	save_models: True
	seed: 0
	start_at_task: 5
	start_epoch: 0
	stop_at_task: 6
	stop_epoch: 0
	use_valid_only: False
	warmup_lr_factor: 1.0
	warmup_nepochs: 0
	weight_decay: 0.0
============================================================================================================
Approach arguments =
	T: 2
	lamb: 1.0
	lamb_cos: 1.0
	lamb_dist: 1.0
	lamb_dist_kd: 1.0
============================================================================================================
Exemplars arguments =
============================================================================================================
WARNING: ./results/deit_small_distilled_patch16_224_cil/cifar100/hydra/10 already exists!
Loaded acc_taw from: ./results/deit_small_distilled_patch16_224_cil/cifar100/hydra/10/acc_taw-4.txt
Loaded acc_tag from: ./results/deit_small_distilled_patch16_224_cil/cifar100/hydra/10/acc_tag-4.txt
Loaded forg_taw from: ./results/deit_small_distilled_patch16_224_cil/cifar100/hydra/10/forg_taw-4.txt
Loaded forg_tag from: ./results/deit_small_distilled_patch16_224_cil/cifar100/hydra/10/forg_tag-4.txt
************************************************************************************************************
Task  5  [epochs 0-50]
************************************************************************************************************
[params] total:22,482,632  trainable:22,467,232  tensors:179  trainable_tensors:171
| Epoch   1, time= 15.4s | Train: skip eval | Valid: time=  1.2s loss=5.524, TAw acc= 84.0% | * lr=1.0e-02
| Epoch   2, time= 14.9s | Train: skip eval | Valid: time=  1.1s loss=5.426, TAw acc= 89.2% | * lr=1.0e-02
| Epoch   3, time= 14.8s | Train: skip eval | Valid: time=  1.1s loss=5.280, TAw acc= 92.0% | * lr=9.9e-03
| Epoch   4, time= 14.6s | Train: skip eval | Valid: time=  1.2s loss=5.274, TAw acc= 90.2% | * lr=9.8e-03
| Epoch   5, time= 14.8s | Train: skip eval | Valid: time=  1.1s loss=5.281, TAw acc= 91.6% | lr=9.8e-03
| Epoch   6, time= 14.9s | Train: skip eval | Valid: time=  1.2s loss=5.333, TAw acc= 90.8% | lr=9.7e-03
| Epoch   7, time= 14.9s | Train: skip eval | Valid: time=  1.1s loss=5.215, TAw acc= 92.8% | * lr=9.5e-03
| Epoch   8, time= 14.9s | Train: skip eval | Valid: time=  1.1s loss=5.290, TAw acc= 91.8% | lr=9.4e-03
| Epoch   9, time= 14.8s | Train: skip eval | Valid: time=  1.1s loss=5.349, TAw acc= 90.8% | lr=9.2e-03
| Epoch  10, time= 15.1s | Train: skip eval | Valid: time=  1.2s loss=5.218, TAw acc= 91.8% | lr=9.1e-03
| Epoch  11, time= 15.1s | Train: skip eval | Valid: time=  1.2s loss=5.308, TAw acc= 91.8% | lr=8.9e-03
| Epoch  12, time= 14.7s | Train: skip eval | Valid: time=  1.2s loss=5.490, TAw acc= 88.2% | lr=8.7e-03
| Epoch  13, time= 14.7s | Train: skip eval | Valid: time=  1.2s loss=5.261, TAw acc= 91.6% | lr=8.4e-03
| Epoch  14, time= 14.9s | Train: skip eval | Valid: time=  1.1s loss=5.277, TAw acc= 92.2% | lr=8.2e-03
| Epoch  15, time= 14.8s | Train: skip eval | Valid: time=  1.2s loss=5.289, TAw acc= 92.4% | lr=8.0e-03
| Epoch  16, time= 14.8s | Train: skip eval | Valid: time=  1.1s loss=5.266, TAw acc= 92.6% | lr=7.7e-03
| Epoch  17, time= 14.9s | Train: skip eval | Valid: time=  1.1s loss=5.215, TAw acc= 92.6% | lr=7.4e-03
| Epoch  18, time= 14.8s | Train: skip eval | Valid: time=  1.1s loss=5.222, TAw acc= 92.2% | lr=7.2e-03
| Epoch  19, time= 14.7s | Train: skip eval | Valid: time=  1.1s loss=5.225, TAw acc= 92.6% | lr=6.9e-03
| Epoch  20, time= 14.8s | Train: skip eval | Valid: time=  1.1s loss=5.236, TAw acc= 92.4% | lr=6.6e-03
| Epoch  21, time= 14.9s | Train: skip eval | Valid: time=  1.3s loss=5.205, TAw acc= 92.8% | * lr=6.3e-03
| Epoch  22, time= 15.0s | Train: skip eval | Valid: time=  1.1s loss=5.205, TAw acc= 92.8% | lr=6.0e-03
| Epoch  23, time= 14.7s | Train: skip eval | Valid: time=  1.1s loss=5.238, TAw acc= 91.8% | lr=5.7e-03
| Epoch  24, time= 14.8s | Train: skip eval | Valid: time=  1.1s loss=5.204, TAw acc= 92.6% | * lr=5.4e-03
| Epoch  25, time= 14.8s | Train: skip eval | Valid: time=  1.1s loss=5.206, TAw acc= 93.0% | lr=5.1e-03
| Epoch  26, time= 14.8s | Train: skip eval | Valid: time=  1.1s loss=5.210, TAw acc= 94.0% | lr=4.7e-03
| Epoch  27, time= 14.9s | Train: skip eval | Valid: time=  1.2s loss=5.195, TAw acc= 93.6% | * lr=4.4e-03
| Epoch  28, time= 14.7s | Train: skip eval | Valid: time=  1.1s loss=5.210, TAw acc= 93.4% | lr=4.1e-03
| Epoch  29, time= 15.0s | Train: skip eval | Valid: time=  1.1s loss=5.199, TAw acc= 93.0% | lr=3.8e-03
| Epoch  30, time= 14.9s | Train: skip eval | Valid: time=  1.1s loss=5.201, TAw acc= 93.2% | lr=3.5e-03
| Epoch  31, time= 14.9s | Train: skip eval | Valid: time=  1.1s loss=5.200, TAw acc= 93.4% | lr=3.2e-03
| Epoch  32, time= 14.9s | Train: skip eval | Valid: time=  1.1s loss=5.190, TAw acc= 94.0% | * lr=2.9e-03
| Epoch  33, time= 15.0s | Train: skip eval | Valid: time=  1.1s loss=5.202, TAw acc= 93.6% | lr=2.7e-03
| Epoch  34, time= 15.0s | Train: skip eval | Valid: time=  1.1s loss=5.200, TAw acc= 93.6% | lr=2.4e-03
| Epoch  35, time= 14.8s | Train: skip eval | Valid: time=  1.1s loss=5.186, TAw acc= 93.4% | * lr=2.1e-03
| Epoch  36, time= 14.9s | Train: skip eval | Valid: time=  1.1s loss=5.197, TAw acc= 93.6% | lr=1.9e-03
| Epoch  37, time= 14.9s | Train: skip eval | Valid: time=  1.1s loss=5.208, TAw acc= 93.8% | lr=1.7e-03
| Epoch  38, time= 14.9s | Train: skip eval | Valid: time=  1.1s loss=5.199, TAw acc= 93.8% | lr=1.4e-03
| Epoch  39, time= 15.0s | Train: skip eval | Valid: time=  1.1s loss=5.198, TAw acc= 93.8% | lr=1.2e-03
| Epoch  40, time= 15.0s | Train: skip eval | Valid: time=  1.1s loss=5.201, TAw acc= 93.8% | lr=1.0e-03
| Epoch  41, time= 14.9s | Train: skip eval | Valid: time=  1.1s loss=5.204, TAw acc= 93.8% | lr=8.7e-04
| Epoch  42, time= 15.0s | Train: skip eval | Valid: time=  1.1s loss=5.195, TAw acc= 93.8% | lr=7.1e-04
| Epoch  43, time= 15.0s | Train: skip eval | Valid: time=  1.2s loss=5.198, TAw acc= 93.6% | lr=5.7e-04
| Epoch  44, time= 14.8s | Train: skip eval | Valid: time=  1.1s loss=5.197, TAw acc= 94.0% | lr=4.5e-04
| Epoch  45, time= 14.8s | Train: skip eval | Valid: time=  1.1s loss=5.203, TAw acc= 93.6% | lr=3.4e-04
| Epoch  46, time= 15.0s | Train: skip eval | Valid: time=  1.1s loss=5.197, TAw acc= 93.4% | lr=2.6e-04
| Epoch  47, time= 15.0s | Train: skip eval | Valid: time=  1.1s loss=5.195, TAw acc= 93.6% | lr=1.9e-04
| Epoch  48, time= 14.8s | Train: skip eval | Valid: time=  1.2s loss=5.194, TAw acc= 93.8% | lr=1.4e-04
| Epoch  49, time= 14.7s | Train: skip eval | Valid: time=  1.1s loss=5.195, TAw acc= 93.6% | lr=1.1e-04
| Epoch  50, time= 15.0s | Train: skip eval | Valid: time=  1.1s loss=5.195, TAw acc= 93.8% | lr=1.0e-04
------------------------------------------------------------------------------------------------------------
>>> Test on task  0 : loss=0.258 | TAw acc= 95.8%, forg=  0.7% | TAg acc= 87.4%, forg=  8.8% <<<
>>> Test on task  1 : loss=2.935 | TAw acc= 98.4%, forg=  0.1% | TAg acc= 86.7%, forg=  0.2% <<<
>>> Test on task  2 : loss=3.859 | TAw acc= 97.8%, forg=  0.0% | TAg acc= 83.0%, forg=  0.7% <<<
>>> Test on task  3 : loss=5.036 | TAw acc= 93.7%, forg=  0.3% | TAg acc= 74.7%, forg=  1.1% <<<
>>> Test on task  4 : loss=5.549 | TAw acc= 97.4%, forg= -0.3% | TAg acc= 84.6%, forg=  0.7% <<<
>>> Test on task  5 : loss=5.199 | TAw acc= 93.5%, forg=  0.0% | TAg acc= 61.5%, forg=  0.0% <<<
Save at ./results/./results/deit_small_distilled_patch16_224_cil/cifar100/hydra/10
************************************************************************************************************
TAw Acc
	 96.2%   0.0%   0.0%   0.0%   0.0%   0.0%   0.0%   0.0%   0.0%   0.0% 	Avg.: 96.2% 
	 96.4%  98.1%   0.0%   0.0%   0.0%   0.0%   0.0%   0.0%   0.0%   0.0% 	Avg.: 97.2% 
	 96.5%  98.2%  97.7%   0.0%   0.0%   0.0%   0.0%   0.0%   0.0%   0.0% 	Avg.: 97.5% 
	 96.1%  98.4%  97.5%  94.0%   0.0%   0.0%   0.0%   0.0%   0.0%   0.0% 	Avg.: 96.5% 
	 95.9%  98.5%  97.8%  93.8%  97.1%   0.0%   0.0%   0.0%   0.0%   0.0% 	Avg.: 96.6% 
	 95.8%  98.4%  97.8%  93.7%  97.4%  93.5%   0.0%   0.0%   0.0%   0.0% 	Avg.: 96.1% 
	  0.0%   0.0%   0.0%   0.0%   0.0%   0.0%   0.0%   0.0%   0.0%   0.0% 	Avg.:  0.0% 
	  0.0%   0.0%   0.0%   0.0%   0.0%   0.0%   0.0%   0.0%   0.0%   0.0% 	Avg.:  0.0% 
	  0.0%   0.0%   0.0%   0.0%   0.0%   0.0%   0.0%   0.0%   0.0%   0.0% 	Avg.:  0.0% 
	  0.0%   0.0%   0.0%   0.0%   0.0%   0.0%   0.0%   0.0%   0.0%   0.0% 	Avg.:  0.0% 
************************************************************************************************************
TAg Acc
	 96.2%   0.0%   0.0%   0.0%   0.0%   0.0%   0.0%   0.0%   0.0%   0.0% 	Avg.: 96.2% 
	 93.9%  86.1%   0.0%   0.0%   0.0%   0.0%   0.0%   0.0%   0.0%   0.0% 	Avg.: 90.0% 
	 92.7%  86.5%  82.7%   0.0%   0.0%   0.0%   0.0%   0.0%   0.0%   0.0% 	Avg.: 87.3% 
	 90.5%  86.9%  83.7%  75.8%   0.0%   0.0%   0.0%   0.0%   0.0%   0.0% 	Avg.: 84.2% 
	 89.8%  86.7%  83.3%  75.5%  85.3%   0.0%   0.0%   0.0%   0.0%   0.0% 	Avg.: 84.1% 
	 87.4%  86.7%  83.0%  74.7%  84.6%  61.5%   0.0%   0.0%   0.0%   0.0% 	Avg.: 79.7% 
	  0.0%   0.0%   0.0%   0.0%   0.0%   0.0%   0.0%   0.0%   0.0%   0.0% 	Avg.:  0.0% 
	  0.0%   0.0%   0.0%   0.0%   0.0%   0.0%   0.0%   0.0%   0.0%   0.0% 	Avg.:  0.0% 
	  0.0%   0.0%   0.0%   0.0%   0.0%   0.0%   0.0%   0.0%   0.0%   0.0% 	Avg.:  0.0% 
	  0.0%   0.0%   0.0%   0.0%   0.0%   0.0%   0.0%   0.0%   0.0%   0.0% 	Avg.:  0.0% 
************************************************************************************************************
TAw Forg
	  0.0%   0.0%   0.0%   0.0%   0.0%   0.0%   0.0%   0.0%   0.0%   0.0% 
	 -0.2%   0.0%   0.0%   0.0%   0.0%   0.0%   0.0%   0.0%   0.0%   0.0% 	Avg.: -0.2% 
	 -0.1%  -0.1%   0.0%   0.0%   0.0%   0.0%   0.0%   0.0%   0.0%   0.0% 	Avg.: -0.1% 
	  0.4%  -0.2%   0.2%   0.0%   0.0%   0.0%   0.0%   0.0%   0.0%   0.0% 	Avg.:  0.1% 
	  0.6%  -0.1%  -0.1%   0.2%   0.0%   0.0%   0.0%   0.0%   0.0%   0.0% 	Avg.:  0.2% 
	  0.7%   0.1%   0.0%   0.3%  -0.3%   0.0%   0.0%   0.0%   0.0%   0.0% 	Avg.:  0.2% 
	  0.0%   0.0%   0.0%   0.0%   0.0%   0.0%   0.0%   0.0%   0.0%   0.0% 	Avg.:  0.0% 
	  0.0%   0.0%   0.0%   0.0%   0.0%   0.0%   0.0%   0.0%   0.0%   0.0% 	Avg.:  0.0% 
	  0.0%   0.0%   0.0%   0.0%   0.0%   0.0%   0.0%   0.0%   0.0%   0.0% 	Avg.:  0.0% 
	  0.0%   0.0%   0.0%   0.0%   0.0%   0.0%   0.0%   0.0%   0.0%   0.0% 	Avg.:  0.0% 
************************************************************************************************************
TAg Forg
	  0.0%   0.0%   0.0%   0.0%   0.0%   0.0%   0.0%   0.0%   0.0%   0.0% 
	  2.3%   0.0%   0.0%   0.0%   0.0%   0.0%   0.0%   0.0%   0.0%   0.0% 	Avg.:  2.3% 
	  3.5%  -0.4%   0.0%   0.0%   0.0%   0.0%   0.0%   0.0%   0.0%   0.0% 	Avg.:  1.5% 
	  5.7%  -0.4%  -1.0%   0.0%   0.0%   0.0%   0.0%   0.0%   0.0%   0.0% 	Avg.:  1.4% 
	  6.4%   0.2%   0.4%   0.3%   0.0%   0.0%   0.0%   0.0%   0.0%   0.0% 	Avg.:  1.8% 
	  8.8%   0.2%   0.7%   1.1%   0.7%   0.0%   0.0%   0.0%   0.0%   0.0% 	Avg.:  2.3% 
	  0.0%   0.0%   0.0%   0.0%   0.0%   0.0%   0.0%   0.0%   0.0%   0.0% 	Avg.:  0.0% 
	  0.0%   0.0%   0.0%   0.0%   0.0%   0.0%   0.0%   0.0%   0.0%   0.0% 	Avg.:  0.0% 
	  0.0%   0.0%   0.0%   0.0%   0.0%   0.0%   0.0%   0.0%   0.0%   0.0% 	Avg.:  0.0% 
	  0.0%   0.0%   0.0%   0.0%   0.0%   0.0%   0.0%   0.0%   0.0%   0.0% 	Avg.:  0.0% 
************************************************************************************************************
[Elapsed time = 0.2 h]
Done!
