START_TASK=3 STOP_TASK=4
============================================================================================================
Arguments =
	all_outputs: False
	approach: lwf_dual
	batch_size: 64
	classes_first_task: None
	clipping: 10000
	crop: 224
	dataset: cifar100
	distilled: True
	eval_on_train: False
	experiment_path: None
	fix_bn: False
	freeze_backbone: False
	gpu: 0
	gpus: [0]
	increment: 10
	last_layer_analysis: False
	log: ['disk']
	lr: 0.01
	lr_factor: None
	lr_min: 0.0001
	lr_patience: None
	lr_scheduler: cosine
	lr_warmup_epochs: 0
	momentum: 0.0
	multi_softmax: False
	nepochs: 50
	network: vit_base_patch16_224_dist
	no_cudnn_deterministic: False
	normalize: in21k
	num_workers: 2
	optimizer_name: sgd
	pin_memory: False
	pretrained: True
	resize: 224
	results_path: ./results
	save_models: True
	seed: 0
	start_at_task: 3
	start_epoch: 0
	stop_at_task: 4
	stop_epoch: 0
	use_valid_only: False
	warmup_lr_factor: 1.0
	warmup_nepochs: 0
	weight_decay: 0.0
============================================================================================================
Approach arguments =
	T: 2
	lamb: 1.0
============================================================================================================
Exemplars arguments =
============================================================================================================
WARNING: ./results/vit_base_patch16_224_dist/cifar100/lwf_dual/10 already exists!
Loaded acc_taw from: ./results/vit_base_patch16_224_dist/cifar100/lwf_dual/10/acc_taw-2.txt
Loaded acc_tag from: ./results/vit_base_patch16_224_dist/cifar100/lwf_dual/10/acc_tag-2.txt
Loaded forg_taw from: ./results/vit_base_patch16_224_dist/cifar100/lwf_dual/10/forg_taw-2.txt
Loaded forg_tag from: ./results/vit_base_patch16_224_dist/cifar100/lwf_dual/10/forg_tag-2.txt
************************************************************************************************************
Task  3  [epochs 0-50]
************************************************************************************************************
[params] total:85,860,176  trainable:85,860,176  tensors:167  trainable_tensors:167
| Epoch   1, time= 44.4s | Train: skip eval | Valid: time=  2.8s loss=6.968, TAw acc= 87.0% | * lr=1.0e-02
| Epoch   2, time= 43.8s | Train: skip eval | Valid: time=  2.8s loss=6.474, TAw acc= 93.4% | * lr=1.0e-02
| Epoch   3, time= 44.1s | Train: skip eval | Valid: time=  2.8s loss=6.245, TAw acc= 95.2% | * lr=9.9e-03
| Epoch   4, time= 44.2s | Train: skip eval | Valid: time=  2.8s loss=6.132, TAw acc= 95.6% | * lr=9.8e-03
| Epoch   5, time= 44.4s | Train: skip eval | Valid: time=  2.8s loss=6.056, TAw acc= 96.0% | * lr=9.8e-03
| Epoch   6, time= 44.5s | Train: skip eval | Valid: time=  2.8s loss=5.998, TAw acc= 96.4% | * lr=9.7e-03
| Epoch   7, time= 44.6s | Train: skip eval | Valid: time=  2.8s loss=5.963, TAw acc= 96.0% | * lr=9.5e-03
| Epoch   8, time= 44.7s | Train: skip eval | Valid: time=  2.8s loss=5.936, TAw acc= 96.6% | * lr=9.4e-03
| Epoch   9, time= 44.7s | Train: skip eval | Valid: time=  2.9s loss=5.918, TAw acc= 96.4% | * lr=9.2e-03
| Epoch  10, time= 44.8s | Train: skip eval | Valid: time=  2.8s loss=5.896, TAw acc= 96.6% | * lr=9.1e-03
| Epoch  11, time= 44.8s | Train: skip eval | Valid: time=  2.9s loss=5.891, TAw acc= 96.0% | * lr=8.9e-03
| Epoch  12, time= 44.8s | Train: skip eval | Valid: time=  2.8s loss=5.875, TAw acc= 96.4% | * lr=8.7e-03
| Epoch  13, time= 44.8s | Train: skip eval | Valid: time=  2.9s loss=5.865, TAw acc= 96.2% | * lr=8.4e-03
| Epoch  14, time= 44.9s | Train: skip eval | Valid: time=  2.8s loss=5.858, TAw acc= 97.2% | * lr=8.2e-03
| Epoch  15, time= 44.9s | Train: skip eval | Valid: time=  2.9s loss=5.853, TAw acc= 96.6% | * lr=8.0e-03
| Epoch  16, time= 44.9s | Train: skip eval | Valid: time=  2.8s loss=5.845, TAw acc= 97.0% | * lr=7.7e-03
| Epoch  17, time= 45.0s | Train: skip eval | Valid: time=  2.8s loss=5.838, TAw acc= 96.4% | * lr=7.4e-03
| Epoch  18, time= 44.8s | Train: skip eval | Valid: time=  2.8s loss=5.836, TAw acc= 96.8% | * lr=7.2e-03
| Epoch  19, time= 44.7s | Train: skip eval | Valid: time=  2.8s loss=5.842, TAw acc= 96.2% | lr=6.9e-03
| Epoch  20, time= 44.8s | Train: skip eval | Valid: time=  2.8s loss=5.826, TAw acc= 96.6% | * lr=6.6e-03
| Epoch  21, time= 44.8s | Train: skip eval | Valid: time=  2.8s loss=5.819, TAw acc= 96.8% | * lr=6.3e-03
| Epoch  22, time= 44.9s | Train: skip eval | Valid: time=  2.8s loss=5.818, TAw acc= 96.8% | * lr=6.0e-03
| Epoch  23, time= 44.9s | Train: skip eval | Valid: time=  2.9s loss=5.816, TAw acc= 96.4% | * lr=5.7e-03
| Epoch  24, time= 44.8s | Train: skip eval | Valid: time=  2.8s loss=5.815, TAw acc= 97.0% | * lr=5.4e-03
| Epoch  25, time= 44.8s | Train: skip eval | Valid: time=  2.9s loss=5.808, TAw acc= 96.8% | * lr=5.1e-03
| Epoch  26, time= 44.5s | Train: skip eval | Valid: time=  2.8s loss=5.805, TAw acc= 96.8% | * lr=4.7e-03
| Epoch  27, time= 44.5s | Train: skip eval | Valid: time=  2.8s loss=5.800, TAw acc= 97.4% | * lr=4.4e-03
| Epoch  28, time= 44.6s | Train: skip eval | Valid: time=  2.8s loss=5.806, TAw acc= 96.4% | lr=4.1e-03
| Epoch  29, time= 44.8s | Train: skip eval | Valid: time=  2.9s loss=5.803, TAw acc= 96.8% | lr=3.8e-03
| Epoch  30, time= 44.8s | Train: skip eval | Valid: time=  2.8s loss=5.802, TAw acc= 96.6% | lr=3.5e-03
| Epoch  31, time= 44.8s | Train: skip eval | Valid: time=  2.9s loss=5.802, TAw acc= 96.4% | lr=3.2e-03
| Epoch  32, time= 44.5s | Train: skip eval | Valid: time=  2.8s loss=5.801, TAw acc= 96.2% | lr=2.9e-03
| Epoch  33, time= 44.5s | Train: skip eval | Valid: time=  2.8s loss=5.797, TAw acc= 96.6% | * lr=2.7e-03
| Epoch  34, time= 44.5s | Train: skip eval | Valid: time=  2.8s loss=5.801, TAw acc= 96.2% | lr=2.4e-03
| Epoch  35, time= 44.6s | Train: skip eval | Valid: time=  2.8s loss=5.798, TAw acc= 96.6% | lr=2.1e-03
| Epoch  36, time= 44.8s | Train: skip eval | Valid: time=  2.9s loss=5.798, TAw acc= 96.8% | lr=1.9e-03
| Epoch  37, time= 44.9s | Train: skip eval | Valid: time=  2.8s loss=5.795, TAw acc= 96.8% | * lr=1.7e-03
| Epoch  38, time= 44.9s | Train: skip eval | Valid: time=  2.8s loss=5.798, TAw acc= 96.4% | lr=1.4e-03
| Epoch  39, time= 44.9s | Train: skip eval | Valid: time=  2.8s loss=5.796, TAw acc= 96.6% | lr=1.2e-03
| Epoch  40, time= 44.9s | Train: skip eval | Valid: time=  2.8s loss=5.794, TAw acc= 96.4% | * lr=1.0e-03
| Epoch  41, time= 44.9s | Train: skip eval | Valid: time=  2.8s loss=5.793, TAw acc= 96.6% | * lr=8.7e-04
| Epoch  42, time= 44.8s | Train: skip eval | Valid: time=  2.8s loss=5.795, TAw acc= 96.6% | lr=7.1e-04
| Epoch  43, time= 44.8s | Train: skip eval | Valid: time=  2.8s loss=5.795, TAw acc= 96.6% | lr=5.7e-04
| Epoch  44, time= 44.8s | Train: skip eval | Valid: time=  2.8s loss=5.794, TAw acc= 96.2% | lr=4.5e-04
| Epoch  45, time= 44.8s | Train: skip eval | Valid: time=  2.8s loss=5.793, TAw acc= 96.4% | * lr=3.4e-04
| Epoch  46, time= 44.7s | Train: skip eval | Valid: time=  2.8s loss=5.793, TAw acc= 96.6% | lr=2.6e-04
| Epoch  47, time= 44.7s | Train: skip eval | Valid: time=  2.8s loss=5.794, TAw acc= 96.4% | lr=1.9e-04
| Epoch  48, time= 44.8s | Train: skip eval | Valid: time=  2.8s loss=5.793, TAw acc= 96.6% | lr=1.4e-04
| Epoch  49, time= 44.7s | Train: skip eval | Valid: time=  2.8s loss=5.793, TAw acc= 96.4% | lr=1.1e-04
| Epoch  50, time= 44.8s | Train: skip eval | Valid: time=  2.8s loss=5.793, TAw acc= 96.6% | lr=1.0e-04
------------------------------------------------------------------------------------------------------------
>>> Test on task  0 : loss=0.090 | TAw acc= 97.6%, forg=  0.7% | TAg acc= 88.2%, forg= 10.0% <<<
>>> Test on task  1 : loss=3.946 | TAw acc= 98.3%, forg=  0.6% | TAg acc= 86.3%, forg= 10.9% <<<
>>> Test on task  2 : loss=4.743 | TAw acc= 98.2%, forg=  0.3% | TAg acc= 88.7%, forg=  2.0% <<<
>>> Test on task  3 : loss=5.788 | TAw acc= 97.3%, forg=  0.0% | TAg acc= 83.9%, forg=  0.0% <<<
Save at ./results/./results/vit_base_patch16_224_dist/cifar100/lwf_dual/10
************************************************************************************************************
TAw Acc
	 98.2%   0.0%   0.0%   0.0%   0.0%   0.0%   0.0%   0.0%   0.0%   0.0% 	Avg.: 98.2% 
	 98.3%  98.9%   0.0%   0.0%   0.0%   0.0%   0.0%   0.0%   0.0%   0.0% 	Avg.: 98.6% 
	 97.8%  98.5%  98.5%   0.0%   0.0%   0.0%   0.0%   0.0%   0.0%   0.0% 	Avg.: 98.3% 
	 97.6%  98.3%  98.2%  97.3%   0.0%   0.0%   0.0%   0.0%   0.0%   0.0% 	Avg.: 97.8% 
	  0.0%   0.0%   0.0%   0.0%   0.0%   0.0%   0.0%   0.0%   0.0%   0.0% 	Avg.:  0.0% 
	  0.0%   0.0%   0.0%   0.0%   0.0%   0.0%   0.0%   0.0%   0.0%   0.0% 	Avg.:  0.0% 
	  0.0%   0.0%   0.0%   0.0%   0.0%   0.0%   0.0%   0.0%   0.0%   0.0% 	Avg.:  0.0% 
	  0.0%   0.0%   0.0%   0.0%   0.0%   0.0%   0.0%   0.0%   0.0%   0.0% 	Avg.:  0.0% 
	  0.0%   0.0%   0.0%   0.0%   0.0%   0.0%   0.0%   0.0%   0.0%   0.0% 	Avg.:  0.0% 
	  0.0%   0.0%   0.0%   0.0%   0.0%   0.0%   0.0%   0.0%   0.0%   0.0% 	Avg.:  0.0% 
************************************************************************************************************
TAg Acc
	 98.2%   0.0%   0.0%   0.0%   0.0%   0.0%   0.0%   0.0%   0.0%   0.0% 	Avg.: 98.2% 
	 91.5%  97.2%   0.0%   0.0%   0.0%   0.0%   0.0%   0.0%   0.0%   0.0% 	Avg.: 94.4% 
	 90.9%  90.9%  90.7%   0.0%   0.0%   0.0%   0.0%   0.0%   0.0%   0.0% 	Avg.: 90.8% 
	 88.2%  86.3%  88.7%  83.9%   0.0%   0.0%   0.0%   0.0%   0.0%   0.0% 	Avg.: 86.8% 
	  0.0%   0.0%   0.0%   0.0%   0.0%   0.0%   0.0%   0.0%   0.0%   0.0% 	Avg.:  0.0% 
	  0.0%   0.0%   0.0%   0.0%   0.0%   0.0%   0.0%   0.0%   0.0%   0.0% 	Avg.:  0.0% 
	  0.0%   0.0%   0.0%   0.0%   0.0%   0.0%   0.0%   0.0%   0.0%   0.0% 	Avg.:  0.0% 
	  0.0%   0.0%   0.0%   0.0%   0.0%   0.0%   0.0%   0.0%   0.0%   0.0% 	Avg.:  0.0% 
	  0.0%   0.0%   0.0%   0.0%   0.0%   0.0%   0.0%   0.0%   0.0%   0.0% 	Avg.:  0.0% 
	  0.0%   0.0%   0.0%   0.0%   0.0%   0.0%   0.0%   0.0%   0.0%   0.0% 	Avg.:  0.0% 
************************************************************************************************************
TAw Forg
	  0.0%   0.0%   0.0%   0.0%   0.0%   0.0%   0.0%   0.0%   0.0%   0.0% 
	 -0.1%   0.0%   0.0%   0.0%   0.0%   0.0%   0.0%   0.0%   0.0%   0.0% 	Avg.: -0.1% 
	  0.5%   0.4%   0.0%   0.0%   0.0%   0.0%   0.0%   0.0%   0.0%   0.0% 	Avg.:  0.4% 
	  0.7%   0.6%   0.3%   0.0%   0.0%   0.0%   0.0%   0.0%   0.0%   0.0% 	Avg.:  0.5% 
	  0.0%   0.0%   0.0%   0.0%   0.0%   0.0%   0.0%   0.0%   0.0%   0.0% 	Avg.:  0.0% 
	  0.0%   0.0%   0.0%   0.0%   0.0%   0.0%   0.0%   0.0%   0.0%   0.0% 	Avg.:  0.0% 
	  0.0%   0.0%   0.0%   0.0%   0.0%   0.0%   0.0%   0.0%   0.0%   0.0% 	Avg.:  0.0% 
	  0.0%   0.0%   0.0%   0.0%   0.0%   0.0%   0.0%   0.0%   0.0%   0.0% 	Avg.:  0.0% 
	  0.0%   0.0%   0.0%   0.0%   0.0%   0.0%   0.0%   0.0%   0.0%   0.0% 	Avg.:  0.0% 
	  0.0%   0.0%   0.0%   0.0%   0.0%   0.0%   0.0%   0.0%   0.0%   0.0% 	Avg.:  0.0% 
************************************************************************************************************
TAg Forg
	  0.0%   0.0%   0.0%   0.0%   0.0%   0.0%   0.0%   0.0%   0.0%   0.0% 
	  6.7%   0.0%   0.0%   0.0%   0.0%   0.0%   0.0%   0.0%   0.0%   0.0% 	Avg.:  6.7% 
	  7.3%   6.3%   0.0%   0.0%   0.0%   0.0%   0.0%   0.0%   0.0%   0.0% 	Avg.:  6.8% 
	 10.0%  10.9%   2.0%   0.0%   0.0%   0.0%   0.0%   0.0%   0.0%   0.0% 	Avg.:  7.6% 
	  0.0%   0.0%   0.0%   0.0%   0.0%   0.0%   0.0%   0.0%   0.0%   0.0% 	Avg.:  0.0% 
	  0.0%   0.0%   0.0%   0.0%   0.0%   0.0%   0.0%   0.0%   0.0%   0.0% 	Avg.:  0.0% 
	  0.0%   0.0%   0.0%   0.0%   0.0%   0.0%   0.0%   0.0%   0.0%   0.0% 	Avg.:  0.0% 
	  0.0%   0.0%   0.0%   0.0%   0.0%   0.0%   0.0%   0.0%   0.0%   0.0% 	Avg.:  0.0% 
	  0.0%   0.0%   0.0%   0.0%   0.0%   0.0%   0.0%   0.0%   0.0%   0.0% 	Avg.:  0.0% 
	  0.0%   0.0%   0.0%   0.0%   0.0%   0.0%   0.0%   0.0%   0.0%   0.0% 	Avg.:  0.0% 
************************************************************************************************************
[Elapsed time = 0.7 h]
Done!
