START_TASK=1 STOP_TASK=2
============================================================================================================
Arguments =
	approach: eeil
	batch_size: 64
	classes_first_task: None
	clipping: 10000
	crop: 224
	dataset: cifar100
	eval_on_train: False
	experiment_path: None
	fix_bn: False
	freeze_backbone: False
	gpu: 0
	gpus: [0]
	increment: 10
	last_layer_analysis: True
	log: ['disk']
	lr: 0.01
	lr_factor: None
	lr_min: 0.0001
	lr_patience: None
	lr_scheduler: cosine
	lr_warmup_epochs: 0
	momentum: 0.0
	multi_softmax: False
	nepochs: 50
	network: resnetv2_101x1_bit.goog_in21k
	no_cudnn_deterministic: False
	normalize: in21k
	num_workers: 2
	optimizer_name: sgd
	pin_memory: False
	pretrained: True
	resize: 224
	results_path: ./results
	save_models: True
	seed: 0
	start_at_task: 1
	start_epoch: 0
	stop_at_task: 2
	stop_epoch: 0
	use_valid_only: False
	warmup_lr_factor: 1.0
	warmup_nepochs: 0
	weight_decay: 0.0
============================================================================================================
Approach arguments =
	T: 2
	lamb: 1.0
	lr_finetuning_factor: 0.01
	nepochs_finetuning: 40
	noise_grad: False
============================================================================================================
Exemplars arguments =
	exemplar_selection: random
	num_exemplars: 2000
============================================================================================================
WARNING: ./results/resnetv2_101x1_bit.goog_in21k/cifar100/eeil/10 already exists!
Loaded acc_taw from: ./results/resnetv2_101x1_bit.goog_in21k/cifar100/eeil/10/acc_taw-0.txt
Loaded acc_tag from: ./results/resnetv2_101x1_bit.goog_in21k/cifar100/eeil/10/acc_tag-0.txt
Loaded forg_taw from: ./results/resnetv2_101x1_bit.goog_in21k/cifar100/eeil/10/forg_taw-0.txt
Loaded forg_tag from: ./results/resnetv2_101x1_bit.goog_in21k/cifar100/eeil/10/forg_tag-0.txt
Loaded 2000 exemplars from ./results/resnetv2_101x1_bit.goog_in21k/cifar100/eeil/10/task0_exemplars.pth
************************************************************************************************************
Task  1  [epochs 0-50]
************************************************************************************************************
[params] total:42,533,460  trainable:42,533,460  tensors:308  trainable_tensors:308
| Epoch   1, time= 20.2s | Train: skip eval | Valid: time=  1.2s loss=0.247, TAw acc= 95.2% | * lr=1.0e-02
| Epoch   2, time= 19.4s | Train: skip eval | Valid: time=  1.2s loss=0.164, TAw acc= 96.0% | * lr=1.0e-02
| Epoch   3, time= 19.5s | Train: skip eval | Valid: time=  1.1s loss=0.282, TAw acc= 95.0% | lr=9.9e-03
| Epoch   4, time= 19.8s | Train: skip eval | Valid: time=  1.2s loss=0.172, TAw acc= 96.2% | lr=9.8e-03
| Epoch   5, time= 19.6s | Train: skip eval | Valid: time=  1.2s loss=0.116, TAw acc= 96.6% | * lr=9.8e-03
| Epoch   6, time= 19.9s | Train: skip eval | Valid: time=  1.2s loss=0.171, TAw acc= 96.6% | lr=9.7e-03
| Epoch   7, time= 19.5s | Train: skip eval | Valid: time=  1.2s loss=0.118, TAw acc= 97.6% | lr=9.5e-03
| Epoch   8, time= 19.7s | Train: skip eval | Valid: time=  1.3s loss=0.162, TAw acc= 97.2% | lr=9.4e-03
| Epoch   9, time= 19.6s | Train: skip eval | Valid: time=  1.2s loss=0.135, TAw acc= 97.6% | lr=9.2e-03
| Epoch  10, time= 19.9s | Train: skip eval | Valid: time=  1.3s loss=0.128, TAw acc= 97.8% | lr=9.1e-03
| Epoch  11, time= 19.6s | Train: skip eval | Valid: time=  1.2s loss=0.163, TAw acc= 96.8% | lr=8.9e-03
| Epoch  12, time= 19.7s | Train: skip eval | Valid: time=  1.2s loss=0.154, TAw acc= 97.0% | lr=8.7e-03
| Epoch  13, time= 19.9s | Train: skip eval | Valid: time=  1.2s loss=0.202, TAw acc= 96.0% | lr=8.4e-03
| Epoch  14, time= 19.9s | Train: skip eval | Valid: time=  1.2s loss=0.130, TAw acc= 97.4% | lr=8.2e-03
| Epoch  15, time= 19.9s | Train: skip eval | Valid: time=  1.2s loss=0.164, TAw acc= 96.6% | lr=8.0e-03
| Epoch  16, time= 19.6s | Train: skip eval | Valid: time=  1.2s loss=0.173, TAw acc= 97.4% | lr=7.7e-03
| Epoch  17, time= 19.8s | Train: skip eval | Valid: time=  1.2s loss=0.165, TAw acc= 97.2% | lr=7.4e-03
| Epoch  18, time= 19.6s | Train: skip eval | Valid: time=  1.2s loss=0.159, TAw acc= 97.0% | lr=7.2e-03
| Epoch  19, time= 19.8s | Train: skip eval | Valid: time=  1.2s loss=0.177, TAw acc= 97.2% | lr=6.9e-03
| Epoch  20, time= 20.1s | Train: skip eval | Valid: time=  1.2s loss=0.156, TAw acc= 96.8% | lr=6.6e-03
| Epoch  21, time= 19.9s | Train: skip eval | Valid: time=  1.2s loss=0.187, TAw acc= 97.2% | lr=6.3e-03
| Epoch  22, time= 19.5s | Train: skip eval | Valid: time=  1.2s loss=0.155, TAw acc= 97.6% | lr=6.0e-03
| Epoch  23, time= 19.7s | Train: skip eval | Valid: time=  1.1s loss=0.145, TAw acc= 97.6% | lr=5.7e-03
| Epoch  24, time= 19.6s | Train: skip eval | Valid: time=  1.2s loss=0.144, TAw acc= 97.4% | lr=5.4e-03
| Epoch  25, time= 19.9s | Train: skip eval | Valid: time=  1.2s loss=0.142, TAw acc= 97.2% | lr=5.1e-03
| Epoch  26, time= 19.8s | Train: skip eval | Valid: time=  1.2s loss=0.130, TAw acc= 97.4% | lr=4.7e-03
| Epoch  27, time= 19.9s | Train: skip eval | Valid: time=  1.2s loss=0.120, TAw acc= 97.2% | lr=4.4e-03
| Epoch  28, time= 19.7s | Train: skip eval | Valid: time=  1.2s loss=0.127, TAw acc= 98.0% | lr=4.1e-03
| Epoch  29, time= 19.7s | Train: skip eval | Valid: time=  1.1s loss=0.114, TAw acc= 98.2% | * lr=3.8e-03
| Epoch  30, time= 19.5s | Train: skip eval | Valid: time=  1.2s loss=0.133, TAw acc= 97.8% | lr=3.5e-03
| Epoch  31, time= 19.9s | Train: skip eval | Valid: time=  1.2s loss=0.132, TAw acc= 97.4% | lr=3.2e-03
| Epoch  32, time= 19.8s | Train: skip eval | Valid: time=  1.2s loss=0.126, TAw acc= 98.2% | lr=2.9e-03
| Epoch  33, time= 19.5s | Train: skip eval | Valid: time=  1.2s loss=0.144, TAw acc= 97.6% | lr=2.7e-03
| Epoch  34, time= 20.1s | Train: skip eval | Valid: time=  1.2s loss=0.134, TAw acc= 97.6% | lr=2.4e-03
| Epoch  35, time= 19.9s | Train: skip eval | Valid: time=  1.2s loss=0.128, TAw acc= 97.4% | lr=2.1e-03
| Epoch  36, time= 19.9s | Train: skip eval | Valid: time=  1.2s loss=0.137, TAw acc= 97.8% | lr=1.9e-03
| Epoch  37, time= 19.8s | Train: skip eval | Valid: time=  1.3s loss=0.143, TAw acc= 97.8% | lr=1.7e-03
| Epoch  38, time= 19.7s | Train: skip eval | Valid: time=  1.2s loss=0.142, TAw acc= 98.0% | lr=1.4e-03
| Epoch  39, time= 19.7s | Train: skip eval | Valid: time=  1.2s loss=0.146, TAw acc= 97.6% | lr=1.2e-03
| Epoch  40, time= 19.6s | Train: skip eval | Valid: time=  1.2s loss=0.152, TAw acc= 97.6% | lr=1.0e-03
| Epoch  41, time= 20.0s | Train: skip eval | Valid: time=  1.2s loss=0.140, TAw acc= 97.8% | lr=8.7e-04
| Epoch  42, time= 19.6s | Train: skip eval | Valid: time=  1.2s loss=0.140, TAw acc= 97.6% | lr=7.1e-04
| Epoch  43, time= 19.9s | Train: skip eval | Valid: time=  1.2s loss=0.140, TAw acc= 97.6% | lr=5.7e-04
| Epoch  44, time= 19.9s | Train: skip eval | Valid: time=  1.2s loss=0.146, TAw acc= 97.8% | lr=4.5e-04
| Epoch  45, time= 19.6s | Train: skip eval | Valid: time=  1.2s loss=0.144, TAw acc= 98.0% | lr=3.4e-04
| Epoch  46, time= 19.8s | Train: skip eval | Valid: time=  1.3s loss=0.141, TAw acc= 97.6% | lr=2.6e-04
| Epoch  47, time= 19.8s | Train: skip eval | Valid: time=  1.2s loss=0.141, TAw acc= 97.8% | lr=1.9e-04
| Epoch  48, time= 20.0s | Train: skip eval | Valid: time=  1.2s loss=0.142, TAw acc= 97.8% | lr=1.4e-04
| Epoch  49, time= 19.9s | Train: skip eval | Valid: time=  1.3s loss=0.141, TAw acc= 97.8% | lr=1.1e-04
| Epoch  50, time= 20.0s | Train: skip eval | Valid: time=  1.2s loss=0.143, TAw acc= 98.0% | lr=1.0e-04
[params] total:42,533,460  trainable:42,533,460  tensors:308  trainable_tensors:308
| Epoch   1, time= 12.3s | Train: skip eval | Valid: time=  1.2s loss=0.373, TAw acc= 98.2% | * lr=1.0e-04
| Epoch   2, time= 12.2s | Train: skip eval | Valid: time=  1.3s loss=0.373, TAw acc= 98.2% | * lr=1.0e-04
| Epoch   3, time= 12.4s | Train: skip eval | Valid: time=  1.2s loss=0.372, TAw acc= 98.2% | * lr=1.0e-04
| Epoch   4, time= 12.4s | Train: skip eval | Valid: time=  1.2s loss=0.371, TAw acc= 98.2% | * lr=1.0e-04
| Epoch   5, time= 12.4s | Train: skip eval | Valid: time=  1.2s loss=0.370, TAw acc= 98.2% | * lr=1.0e-04
| Epoch   6, time= 12.4s | Train: skip eval | Valid: time=  1.3s loss=0.370, TAw acc= 98.2% | * lr=1.0e-04
| Epoch   7, time= 12.3s | Train: skip eval | Valid: time=  1.2s loss=0.368, TAw acc= 98.2% | * lr=1.0e-04
| Epoch   8, time= 12.3s | Train: skip eval | Valid: time=  1.2s loss=0.368, TAw acc= 98.2% | * lr=1.0e-04
| Epoch   9, time= 12.4s | Train: skip eval | Valid: time=  1.2s loss=0.368, TAw acc= 98.2% | * lr=1.0e-04
| Epoch  10, time= 12.5s | Train: skip eval | Valid: time=  1.2s loss=0.367, TAw acc= 98.2% | * lr=1.0e-04
| Epoch  11, time= 12.3s | Train: skip eval | Valid: time=  1.2s loss=0.367, TAw acc= 98.2% | * lr=1.0e-04
| Epoch  12, time= 12.4s | Train: skip eval | Valid: time=  1.2s loss=0.366, TAw acc= 98.2% | * lr=1.0e-04
| Epoch  13, time= 12.1s | Train: skip eval | Valid: time=  1.2s loss=0.365, TAw acc= 98.2% | * lr=1.0e-04
| Epoch  14, time= 12.3s | Train: skip eval | Valid: time=  1.2s loss=0.366, TAw acc= 98.2% | lr=1.0e-04
| Epoch  15, time= 12.4s | Train: skip eval | Valid: time=  1.2s loss=0.364, TAw acc= 98.2% | * lr=1.0e-04
| Epoch  16, time= 12.4s | Train: skip eval | Valid: time=  1.2s loss=0.363, TAw acc= 98.2% | * lr=1.0e-04
| Epoch  17, time= 12.3s | Train: skip eval | Valid: time=  1.2s loss=0.362, TAw acc= 98.0% | * lr=1.0e-04
| Epoch  18, time= 12.5s | Train: skip eval | Valid: time=  1.2s loss=0.362, TAw acc= 98.0% | * lr=1.0e-04
| Epoch  19, time= 12.2s | Train: skip eval | Valid: time=  1.2s loss=0.361, TAw acc= 98.0% | * lr=1.0e-04
| Epoch  20, time= 12.4s | Train: skip eval | Valid: time=  1.3s loss=0.361, TAw acc= 98.0% | * lr=1.0e-04
| Epoch  21, time= 12.1s | Train: skip eval | Valid: time=  1.2s loss=0.361, TAw acc= 98.0% | * lr=1.0e-04
| Epoch  22, time= 12.1s | Train: skip eval | Valid: time=  1.2s loss=0.360, TAw acc= 98.0% | * lr=1.0e-04
| Epoch  23, time= 12.3s | Train: skip eval | Valid: time=  1.2s loss=0.360, TAw acc= 98.0% | * lr=1.0e-04
| Epoch  24, time= 12.1s | Train: skip eval | Valid: time=  1.2s loss=0.360, TAw acc= 98.0% | * lr=1.0e-04
| Epoch  25, time= 12.3s | Train: skip eval | Valid: time=  1.2s loss=0.359, TAw acc= 98.0% | * lr=1.0e-04
| Epoch  26, time= 12.3s | Train: skip eval | Valid: time=  1.2s loss=0.359, TAw acc= 98.0% | * lr=1.0e-04
| Epoch  27, time= 12.1s | Train: skip eval | Valid: time=  1.1s loss=0.358, TAw acc= 98.0% | * lr=1.0e-04
| Epoch  28, time= 12.3s | Train: skip eval | Valid: time=  1.2s loss=0.357, TAw acc= 98.0% | * lr=1.0e-04
| Epoch  29, time= 12.3s | Train: skip eval | Valid: time=  1.2s loss=0.356, TAw acc= 98.0% | * lr=1.0e-04
| Epoch  30, time= 12.4s | Train: skip eval | Valid: time=  1.2s loss=0.356, TAw acc= 98.0% | * lr=1.0e-04
| Epoch  31, time= 12.4s | Train: skip eval | Valid: time=  1.2s loss=0.356, TAw acc= 98.0% | * lr=1.0e-04
| Epoch  32, time= 12.2s | Train: skip eval | Valid: time=  1.2s loss=0.355, TAw acc= 98.0% | * lr=1.0e-04
| Epoch  33, time= 12.3s | Train: skip eval | Valid: time=  1.2s loss=0.355, TAw acc= 98.0% | lr=1.0e-04
| Epoch  34, time= 12.6s | Train: skip eval | Valid: time=  1.2s loss=0.355, TAw acc= 98.0% | * lr=1.0e-04
| Epoch  35, time= 12.3s | Train: skip eval | Valid: time=  1.3s loss=0.355, TAw acc= 98.0% | * lr=1.0e-04
| Epoch  36, time= 12.3s | Train: skip eval | Valid: time=  1.2s loss=0.355, TAw acc= 98.0% | * lr=1.0e-04
| Epoch  37, time= 12.3s | Train: skip eval | Valid: time=  1.2s loss=0.355, TAw acc= 98.0% | lr=1.0e-04
| Epoch  38, time= 12.4s | Train: skip eval | Valid: time=  1.2s loss=0.354, TAw acc= 98.0% | * lr=1.0e-04
| Epoch  39, time= 12.4s | Train: skip eval | Valid: time=  1.2s loss=0.354, TAw acc= 98.0% | * lr=1.0e-04
| Epoch  40, time= 12.1s | Train: skip eval | Valid: time=  1.2s loss=0.354, TAw acc= 98.0% | lr=1.0e-04
| Selected 2000 train exemplars, time=  0.1s
------------------------------------------------------------------------------------------------------------
>>> Test on task  0 : loss=0.291 | TAw acc= 96.3%, forg=  0.4% | TAg acc= 93.1%, forg=  3.6% <<<
>>> Test on task  1 : loss=0.334 | TAw acc= 99.1%, forg=  0.0% | TAg acc= 97.6%, forg=  0.0% <<<
Save at ./results/./results/resnetv2_101x1_bit.goog_in21k/cifar100/eeil/10
************************************************************************************************************
TAw Acc
	 96.7%   0.0%   0.0%   0.0%   0.0%   0.0%   0.0%   0.0%   0.0%   0.0% 	Avg.: 96.7% 
	 96.3%  99.1%   0.0%   0.0%   0.0%   0.0%   0.0%   0.0%   0.0%   0.0% 	Avg.: 97.7% 
	  0.0%   0.0%   0.0%   0.0%   0.0%   0.0%   0.0%   0.0%   0.0%   0.0% 	Avg.:  0.0% 
	  0.0%   0.0%   0.0%   0.0%   0.0%   0.0%   0.0%   0.0%   0.0%   0.0% 	Avg.:  0.0% 
	  0.0%   0.0%   0.0%   0.0%   0.0%   0.0%   0.0%   0.0%   0.0%   0.0% 	Avg.:  0.0% 
	  0.0%   0.0%   0.0%   0.0%   0.0%   0.0%   0.0%   0.0%   0.0%   0.0% 	Avg.:  0.0% 
	  0.0%   0.0%   0.0%   0.0%   0.0%   0.0%   0.0%   0.0%   0.0%   0.0% 	Avg.:  0.0% 
	  0.0%   0.0%   0.0%   0.0%   0.0%   0.0%   0.0%   0.0%   0.0%   0.0% 	Avg.:  0.0% 
	  0.0%   0.0%   0.0%   0.0%   0.0%   0.0%   0.0%   0.0%   0.0%   0.0% 	Avg.:  0.0% 
	  0.0%   0.0%   0.0%   0.0%   0.0%   0.0%   0.0%   0.0%   0.0%   0.0% 	Avg.:  0.0% 
************************************************************************************************************
TAg Acc
	 96.7%   0.0%   0.0%   0.0%   0.0%   0.0%   0.0%   0.0%   0.0%   0.0% 	Avg.: 96.7% 
	 93.1%  97.6%   0.0%   0.0%   0.0%   0.0%   0.0%   0.0%   0.0%   0.0% 	Avg.: 95.4% 
	  0.0%   0.0%   0.0%   0.0%   0.0%   0.0%   0.0%   0.0%   0.0%   0.0% 	Avg.:  0.0% 
	  0.0%   0.0%   0.0%   0.0%   0.0%   0.0%   0.0%   0.0%   0.0%   0.0% 	Avg.:  0.0% 
	  0.0%   0.0%   0.0%   0.0%   0.0%   0.0%   0.0%   0.0%   0.0%   0.0% 	Avg.:  0.0% 
	  0.0%   0.0%   0.0%   0.0%   0.0%   0.0%   0.0%   0.0%   0.0%   0.0% 	Avg.:  0.0% 
	  0.0%   0.0%   0.0%   0.0%   0.0%   0.0%   0.0%   0.0%   0.0%   0.0% 	Avg.:  0.0% 
	  0.0%   0.0%   0.0%   0.0%   0.0%   0.0%   0.0%   0.0%   0.0%   0.0% 	Avg.:  0.0% 
	  0.0%   0.0%   0.0%   0.0%   0.0%   0.0%   0.0%   0.0%   0.0%   0.0% 	Avg.:  0.0% 
	  0.0%   0.0%   0.0%   0.0%   0.0%   0.0%   0.0%   0.0%   0.0%   0.0% 	Avg.:  0.0% 
************************************************************************************************************
TAw Forg
	  0.0%   0.0%   0.0%   0.0%   0.0%   0.0%   0.0%   0.0%   0.0%   0.0% 
	  0.4%   0.0%   0.0%   0.0%   0.0%   0.0%   0.0%   0.0%   0.0%   0.0% 	Avg.:  0.4% 
	  0.0%   0.0%   0.0%   0.0%   0.0%   0.0%   0.0%   0.0%   0.0%   0.0% 	Avg.:  0.0% 
	  0.0%   0.0%   0.0%   0.0%   0.0%   0.0%   0.0%   0.0%   0.0%   0.0% 	Avg.:  0.0% 
	  0.0%   0.0%   0.0%   0.0%   0.0%   0.0%   0.0%   0.0%   0.0%   0.0% 	Avg.:  0.0% 
	  0.0%   0.0%   0.0%   0.0%   0.0%   0.0%   0.0%   0.0%   0.0%   0.0% 	Avg.:  0.0% 
	  0.0%   0.0%   0.0%   0.0%   0.0%   0.0%   0.0%   0.0%   0.0%   0.0% 	Avg.:  0.0% 
	  0.0%   0.0%   0.0%   0.0%   0.0%   0.0%   0.0%   0.0%   0.0%   0.0% 	Avg.:  0.0% 
	  0.0%   0.0%   0.0%   0.0%   0.0%   0.0%   0.0%   0.0%   0.0%   0.0% 	Avg.:  0.0% 
	  0.0%   0.0%   0.0%   0.0%   0.0%   0.0%   0.0%   0.0%   0.0%   0.0% 	Avg.:  0.0% 
************************************************************************************************************
TAg Forg
	  0.0%   0.0%   0.0%   0.0%   0.0%   0.0%   0.0%   0.0%   0.0%   0.0% 
	  3.6%   0.0%   0.0%   0.0%   0.0%   0.0%   0.0%   0.0%   0.0%   0.0% 	Avg.:  3.6% 
	  0.0%   0.0%   0.0%   0.0%   0.0%   0.0%   0.0%   0.0%   0.0%   0.0% 	Avg.:  0.0% 
	  0.0%   0.0%   0.0%   0.0%   0.0%   0.0%   0.0%   0.0%   0.0%   0.0% 	Avg.:  0.0% 
	  0.0%   0.0%   0.0%   0.0%   0.0%   0.0%   0.0%   0.0%   0.0%   0.0% 	Avg.:  0.0% 
	  0.0%   0.0%   0.0%   0.0%   0.0%   0.0%   0.0%   0.0%   0.0%   0.0% 	Avg.:  0.0% 
	  0.0%   0.0%   0.0%   0.0%   0.0%   0.0%   0.0%   0.0%   0.0%   0.0% 	Avg.:  0.0% 
	  0.0%   0.0%   0.0%   0.0%   0.0%   0.0%   0.0%   0.0%   0.0%   0.0% 	Avg.:  0.0% 
	  0.0%   0.0%   0.0%   0.0%   0.0%   0.0%   0.0%   0.0%   0.0%   0.0% 	Avg.:  0.0% 
	  0.0%   0.0%   0.0%   0.0%   0.0%   0.0%   0.0%   0.0%   0.0%   0.0% 	Avg.:  0.0% 
************************************************************************************************************
[Elapsed time = 0.4 h]
Done!
