START_TASK=1 STOP_TASK=2
============================================================================================================
Arguments =
	approach: freezing
	batch_size: 64
	classes_first_task: None
	clipping: 10000
	crop: 224
	data_path: ../data/food101
	dataset: food101
	eval_on_train: False
	experiment_path: None
	fix_bn: True
	freeze_backbone: True
	gpu: 0
	gpus: [0]
	increment: 10
	last_layer_analysis: True
	log: ['disk']
	lr: 0.01
	lr_factor: None
	lr_min: 0.0001
	lr_patience: None
	lr_scheduler: cosine
	lr_warmup_epochs: 0
	momentum: 0.0
	multi_softmax: False
	nepochs: 70
	network: vit_base_patch16_224.orig_in21k
	no_cudnn_deterministic: False
	normalize: in21k
	num_workers: 2
	optimizer_name: sgd
	pin_memory: False
	pretrained: True
	resize: 224
	results_path: ./results
	save_models: True
	seed: 0
	start_at_task: 1
	start_epoch: 0
	stop_at_task: 2
	stop_epoch: 0
	use_valid_only: False
	warmup_lr_factor: 1.0
	warmup_nepochs: 0
	weight_decay: 0.0
============================================================================================================
Approach arguments =
============================================================================================================
Exemplars arguments =
============================================================================================================
WARNING: ./results/vit_base_patch16_224.orig_in21k/food101/freezing/10 already exists!
Loaded acc_taw from: ./results/vit_base_patch16_224.orig_in21k/food101/freezing/10/acc_taw-0.txt
Loaded acc_tag from: ./results/vit_base_patch16_224.orig_in21k/food101/freezing/10/acc_tag-0.txt
Loaded forg_taw from: ./results/vit_base_patch16_224.orig_in21k/food101/freezing/10/forg_taw-0.txt
Loaded forg_tag from: ./results/vit_base_patch16_224.orig_in21k/food101/freezing/10/forg_tag-0.txt
************************************************************************************************************
Task  1  [epochs 0-70]
************************************************************************************************************
[DEBUG] trainable params -> backbone:0 heads:15380 total:15380
[params] total:85,814,036  trainable:15,380  tensors:154  trainable_tensors:4
| Epoch   1, time= 27.3s | Train: skip eval | Valid: time=  3.2s loss=1.651, TAw acc= 92.4% | * lr=1.0e-02
| Epoch   2, time= 28.5s | Train: skip eval | Valid: time=  3.0s loss=1.216, TAw acc= 93.2% | * lr=1.0e-02
| Epoch   3, time= 26.6s | Train: skip eval | Valid: time=  2.8s loss=0.935, TAw acc= 94.3% | * lr=1.0e-02
| Epoch   4, time= 25.9s | Train: skip eval | Valid: time=  3.5s loss=0.754, TAw acc= 94.7% | * lr=9.9e-03
| Epoch   5, time= 27.2s | Train: skip eval | Valid: time=  2.8s loss=0.633, TAw acc= 94.9% | * lr=9.9e-03
| Epoch   6, time= 27.2s | Train: skip eval | Valid: time=  3.1s loss=0.549, TAw acc= 94.9% | * lr=9.8e-03
| Epoch   7, time= 28.5s | Train: skip eval | Valid: time=  2.8s loss=0.488, TAw acc= 94.9% | * lr=9.8e-03
| Epoch   8, time= 26.8s | Train: skip eval | Valid: time=  2.7s loss=0.442, TAw acc= 94.9% | * lr=9.7e-03
| Epoch   9, time= 27.7s | Train: skip eval | Valid: time=  2.8s loss=0.407, TAw acc= 95.1% | * lr=9.6e-03
| Epoch  10, time= 27.4s | Train: skip eval | Valid: time=  3.3s loss=0.378, TAw acc= 95.1% | * lr=9.5e-03
| Epoch  11, time= 28.0s | Train: skip eval | Valid: time=  2.7s loss=0.355, TAw acc= 95.1% | * lr=9.4e-03
| Epoch  12, time= 27.4s | Train: skip eval | Valid: time=  2.8s loss=0.336, TAw acc= 95.1% | * lr=9.3e-03
| Epoch  13, time= 26.7s | Train: skip eval | Valid: time=  2.9s loss=0.320, TAw acc= 95.1% | * lr=9.2e-03
| Epoch  14, time= 27.8s | Train: skip eval | Valid: time=  2.8s loss=0.306, TAw acc= 95.1% | * lr=9.1e-03
| Epoch  15, time= 25.3s | Train: skip eval | Valid: time=  2.8s loss=0.294, TAw acc= 95.1% | * lr=8.9e-03
| Epoch  16, time= 25.1s | Train: skip eval | Valid: time=  2.9s loss=0.284, TAw acc= 95.1% | * lr=8.8e-03
| Epoch  17, time= 26.1s | Train: skip eval | Valid: time=  2.6s loss=0.275, TAw acc= 95.1% | * lr=8.6e-03
| Epoch  18, time= 26.4s | Train: skip eval | Valid: time=  2.9s loss=0.267, TAw acc= 95.1% | * lr=8.5e-03
| Epoch  19, time= 27.4s | Train: skip eval | Valid: time=  2.6s loss=0.260, TAw acc= 95.1% | * lr=8.3e-03
| Epoch  20, time= 26.0s | Train: skip eval | Valid: time=  2.7s loss=0.254, TAw acc= 95.1% | * lr=8.1e-03
| Epoch  21, time= 27.2s | Train: skip eval | Valid: time=  2.7s loss=0.248, TAw acc= 95.1% | * lr=8.0e-03
| Epoch  22, time= 27.5s | Train: skip eval | Valid: time=  2.8s loss=0.243, TAw acc= 95.1% | * lr=7.8e-03
| Epoch  23, time= 26.9s | Train: skip eval | Valid: time=  2.7s loss=0.238, TAw acc= 95.1% | * lr=7.6e-03
| Epoch  24, time= 26.4s | Train: skip eval | Valid: time=  3.1s loss=0.234, TAw acc= 95.1% | * lr=7.4e-03
| Epoch  25, time= 26.8s | Train: skip eval | Valid: time=  2.9s loss=0.230, TAw acc= 95.1% | * lr=7.2e-03
| Epoch  26, time= 26.0s | Train: skip eval | Valid: time=  2.9s loss=0.226, TAw acc= 95.1% | * lr=7.0e-03
| Epoch  27, time= 25.7s | Train: skip eval | Valid: time=  2.9s loss=0.223, TAw acc= 95.1% | * lr=6.8e-03
| Epoch  28, time= 28.4s | Train: skip eval | Valid: time=  3.3s loss=0.220, TAw acc= 95.1% | * lr=6.6e-03
| Epoch  29, time= 28.7s | Train: skip eval | Valid: time=  2.9s loss=0.217, TAw acc= 95.1% | * lr=6.4e-03
| Epoch  30, time= 27.0s | Train: skip eval | Valid: time=  3.4s loss=0.215, TAw acc= 95.1% | * lr=6.2e-03
| Epoch  31, time= 27.8s | Train: skip eval | Valid: time=  2.9s loss=0.212, TAw acc= 95.1% | * lr=5.9e-03
| Epoch  32, time= 26.1s | Train: skip eval | Valid: time=  2.8s loss=0.210, TAw acc= 95.1% | * lr=5.7e-03
| Epoch  33, time= 27.9s | Train: skip eval | Valid: time=  3.3s loss=0.208, TAw acc= 95.1% | * lr=5.5e-03
| Epoch  34, time= 27.6s | Train: skip eval | Valid: time=  3.0s loss=0.206, TAw acc= 95.1% | * lr=5.3e-03
| Epoch  35, time= 26.6s | Train: skip eval | Valid: time=  3.0s loss=0.205, TAw acc= 95.1% | * lr=5.1e-03
| Epoch  36, time= 28.9s | Train: skip eval | Valid: time=  3.3s loss=0.203, TAw acc= 95.1% | * lr=4.8e-03
| Epoch  37, time= 27.7s | Train: skip eval | Valid: time=  2.7s loss=0.202, TAw acc= 95.1% | * lr=4.6e-03
| Epoch  38, time= 26.6s | Train: skip eval | Valid: time=  2.7s loss=0.200, TAw acc= 95.1% | * lr=4.4e-03
| Epoch  39, time= 29.0s | Train: skip eval | Valid: time=  2.7s loss=0.199, TAw acc= 95.1% | * lr=4.2e-03
| Epoch  40, time= 27.8s | Train: skip eval | Valid: time=  3.3s loss=0.198, TAw acc= 95.1% | * lr=3.9e-03
| Epoch  41, time= 28.5s | Train: skip eval | Valid: time=  2.6s loss=0.197, TAw acc= 95.1% | * lr=3.7e-03
| Epoch  42, time= 27.3s | Train: skip eval | Valid: time=  2.7s loss=0.196, TAw acc= 95.1% | * lr=3.5e-03
| Epoch  43, time= 27.8s | Train: skip eval | Valid: time=  2.7s loss=0.195, TAw acc= 95.1% | * lr=3.3e-03
| Epoch  44, time= 27.9s | Train: skip eval | Valid: time=  2.8s loss=0.194, TAw acc= 95.1% | * lr=3.1e-03
| Epoch  45, time= 28.3s | Train: skip eval | Valid: time=  2.8s loss=0.193, TAw acc= 95.1% | * lr=2.9e-03
| Epoch  46, time= 26.6s | Train: skip eval | Valid: time=  3.0s loss=0.193, TAw acc= 95.1% | * lr=2.7e-03
| Epoch  47, time= 30.1s | Train: skip eval | Valid: time=  2.7s loss=0.192, TAw acc= 95.1% | * lr=2.5e-03
| Epoch  48, time= 25.7s | Train: skip eval | Valid: time=  3.3s loss=0.191, TAw acc= 95.1% | * lr=2.3e-03
| Epoch  49, time= 27.5s | Train: skip eval | Valid: time=  3.2s loss=0.191, TAw acc= 95.1% | * lr=2.1e-03
| Epoch  50, time= 27.1s | Train: skip eval | Valid: time=  2.9s loss=0.190, TAw acc= 95.1% | * lr=2.0e-03
| Epoch  51, time= 26.6s | Train: skip eval | Valid: time=  3.3s loss=0.190, TAw acc= 95.1% | * lr=1.8e-03
| Epoch  52, time= 28.3s | Train: skip eval | Valid: time=  2.9s loss=0.189, TAw acc= 95.1% | * lr=1.6e-03
| Epoch  53, time= 26.3s | Train: skip eval | Valid: time=  3.1s loss=0.189, TAw acc= 95.1% | * lr=1.5e-03
| Epoch  54, time= 26.7s | Train: skip eval | Valid: time=  3.2s loss=0.189, TAw acc= 95.1% | * lr=1.3e-03
| Epoch  55, time= 29.3s | Train: skip eval | Valid: time=  2.7s loss=0.188, TAw acc= 95.1% | * lr=1.2e-03
| Epoch  56, time= 26.5s | Train: skip eval | Valid: time=  2.8s loss=0.188, TAw acc= 95.1% | * lr=1.0e-03
| Epoch  57, time= 26.2s | Train: skip eval | Valid: time=  3.0s loss=0.188, TAw acc= 95.1% | * lr=9.2e-04
| Epoch  58, time= 26.7s | Train: skip eval | Valid: time=  2.7s loss=0.188, TAw acc= 95.1% | * lr=8.0e-04
| Epoch  59, time= 25.8s | Train: skip eval | Valid: time=  2.8s loss=0.187, TAw acc= 95.1% | * lr=6.9e-04
| Epoch  60, time= 27.8s | Train: skip eval | Valid: time=  3.1s loss=0.187, TAw acc= 95.1% | * lr=5.9e-04
| Epoch  61, time= 27.4s | Train: skip eval | Valid: time=  3.2s loss=0.187, TAw acc= 95.1% | * lr=5.0e-04
| Epoch  62, time= 27.7s | Train: skip eval | Valid: time=  2.8s loss=0.187, TAw acc= 95.1% | * lr=4.2e-04
| Epoch  63, time= 27.7s | Train: skip eval | Valid: time=  2.8s loss=0.187, TAw acc= 95.1% | * lr=3.4e-04
| Epoch  64, time= 28.0s | Train: skip eval | Valid: time=  3.3s loss=0.187, TAw acc= 95.1% | * lr=2.8e-04
| Epoch  65, time= 25.7s | Train: skip eval | Valid: time=  2.8s loss=0.187, TAw acc= 95.1% | * lr=2.2e-04
| Epoch  66, time= 28.7s | Train: skip eval | Valid: time=  3.0s loss=0.187, TAw acc= 95.1% | * lr=1.8e-04
| Epoch  67, time= 27.9s | Train: skip eval | Valid: time=  3.0s loss=0.187, TAw acc= 95.1% | * lr=1.4e-04
| Epoch  68, time= 26.2s | Train: skip eval | Valid: time=  3.2s loss=0.187, TAw acc= 95.1% | * lr=1.2e-04
| Epoch  69, time= 27.2s | Train: skip eval | Valid: time=  2.9s loss=0.187, TAw acc= 95.1% | * lr=1.0e-04
| Epoch  70, time= 26.5s | Train: skip eval | Valid: time=  3.0s loss=0.187, TAw acc= 95.1% | * lr=1.0e-04
------------------------------------------------------------------------------------------------------------
>>> Test on task  0 : loss=0.207 | TAw acc= 95.2%, forg=  0.0% | TAg acc= 92.1%, forg=  3.2% <<<
>>> Test on task  1 : loss=0.138 | TAw acc= 97.1%, forg=  0.0% | TAg acc= 94.5%, forg=  0.0% <<<
Save at ./results/./results/vit_base_patch16_224.orig_in21k/food101/freezing/10
************************************************************************************************************
TAw Acc
	 95.2%   0.0%   0.0%   0.0%   0.0%   0.0%   0.0%   0.0%   0.0%   0.0% 	Avg.: 95.2% 
	 95.2%  97.1%   0.0%   0.0%   0.0%   0.0%   0.0%   0.0%   0.0%   0.0% 	Avg.: 96.2% 
	  0.0%   0.0%   0.0%   0.0%   0.0%   0.0%   0.0%   0.0%   0.0%   0.0% 	Avg.:  0.0% 
	  0.0%   0.0%   0.0%   0.0%   0.0%   0.0%   0.0%   0.0%   0.0%   0.0% 	Avg.:  0.0% 
	  0.0%   0.0%   0.0%   0.0%   0.0%   0.0%   0.0%   0.0%   0.0%   0.0% 	Avg.:  0.0% 
	  0.0%   0.0%   0.0%   0.0%   0.0%   0.0%   0.0%   0.0%   0.0%   0.0% 	Avg.:  0.0% 
	  0.0%   0.0%   0.0%   0.0%   0.0%   0.0%   0.0%   0.0%   0.0%   0.0% 	Avg.:  0.0% 
	  0.0%   0.0%   0.0%   0.0%   0.0%   0.0%   0.0%   0.0%   0.0%   0.0% 	Avg.:  0.0% 
	  0.0%   0.0%   0.0%   0.0%   0.0%   0.0%   0.0%   0.0%   0.0%   0.0% 	Avg.:  0.0% 
	  0.0%   0.0%   0.0%   0.0%   0.0%   0.0%   0.0%   0.0%   0.0%   0.0% 	Avg.:  0.0% 
************************************************************************************************************
TAg Acc
	 95.2%   0.0%   0.0%   0.0%   0.0%   0.0%   0.0%   0.0%   0.0%   0.0% 	Avg.: 95.2% 
	 92.1%  94.5%   0.0%   0.0%   0.0%   0.0%   0.0%   0.0%   0.0%   0.0% 	Avg.: 93.3% 
	  0.0%   0.0%   0.0%   0.0%   0.0%   0.0%   0.0%   0.0%   0.0%   0.0% 	Avg.:  0.0% 
	  0.0%   0.0%   0.0%   0.0%   0.0%   0.0%   0.0%   0.0%   0.0%   0.0% 	Avg.:  0.0% 
	  0.0%   0.0%   0.0%   0.0%   0.0%   0.0%   0.0%   0.0%   0.0%   0.0% 	Avg.:  0.0% 
	  0.0%   0.0%   0.0%   0.0%   0.0%   0.0%   0.0%   0.0%   0.0%   0.0% 	Avg.:  0.0% 
	  0.0%   0.0%   0.0%   0.0%   0.0%   0.0%   0.0%   0.0%   0.0%   0.0% 	Avg.:  0.0% 
	  0.0%   0.0%   0.0%   0.0%   0.0%   0.0%   0.0%   0.0%   0.0%   0.0% 	Avg.:  0.0% 
	  0.0%   0.0%   0.0%   0.0%   0.0%   0.0%   0.0%   0.0%   0.0%   0.0% 	Avg.:  0.0% 
	  0.0%   0.0%   0.0%   0.0%   0.0%   0.0%   0.0%   0.0%   0.0%   0.0% 	Avg.:  0.0% 
************************************************************************************************************
TAw Forg
	  0.0%   0.0%   0.0%   0.0%   0.0%   0.0%   0.0%   0.0%   0.0%   0.0% 
	  0.0%   0.0%   0.0%   0.0%   0.0%   0.0%   0.0%   0.0%   0.0%   0.0% 	Avg.:  0.0% 
	  0.0%   0.0%   0.0%   0.0%   0.0%   0.0%   0.0%   0.0%   0.0%   0.0% 	Avg.:  0.0% 
	  0.0%   0.0%   0.0%   0.0%   0.0%   0.0%   0.0%   0.0%   0.0%   0.0% 	Avg.:  0.0% 
	  0.0%   0.0%   0.0%   0.0%   0.0%   0.0%   0.0%   0.0%   0.0%   0.0% 	Avg.:  0.0% 
	  0.0%   0.0%   0.0%   0.0%   0.0%   0.0%   0.0%   0.0%   0.0%   0.0% 	Avg.:  0.0% 
	  0.0%   0.0%   0.0%   0.0%   0.0%   0.0%   0.0%   0.0%   0.0%   0.0% 	Avg.:  0.0% 
	  0.0%   0.0%   0.0%   0.0%   0.0%   0.0%   0.0%   0.0%   0.0%   0.0% 	Avg.:  0.0% 
	  0.0%   0.0%   0.0%   0.0%   0.0%   0.0%   0.0%   0.0%   0.0%   0.0% 	Avg.:  0.0% 
	  0.0%   0.0%   0.0%   0.0%   0.0%   0.0%   0.0%   0.0%   0.0%   0.0% 	Avg.:  0.0% 
************************************************************************************************************
TAg Forg
	  0.0%   0.0%   0.0%   0.0%   0.0%   0.0%   0.0%   0.0%   0.0%   0.0% 
	  3.2%   0.0%   0.0%   0.0%   0.0%   0.0%   0.0%   0.0%   0.0%   0.0% 	Avg.:  3.2% 
	  0.0%   0.0%   0.0%   0.0%   0.0%   0.0%   0.0%   0.0%   0.0%   0.0% 	Avg.:  0.0% 
	  0.0%   0.0%   0.0%   0.0%   0.0%   0.0%   0.0%   0.0%   0.0%   0.0% 	Avg.:  0.0% 
	  0.0%   0.0%   0.0%   0.0%   0.0%   0.0%   0.0%   0.0%   0.0%   0.0% 	Avg.:  0.0% 
	  0.0%   0.0%   0.0%   0.0%   0.0%   0.0%   0.0%   0.0%   0.0%   0.0% 	Avg.:  0.0% 
	  0.0%   0.0%   0.0%   0.0%   0.0%   0.0%   0.0%   0.0%   0.0%   0.0% 	Avg.:  0.0% 
	  0.0%   0.0%   0.0%   0.0%   0.0%   0.0%   0.0%   0.0%   0.0%   0.0% 	Avg.:  0.0% 
	  0.0%   0.0%   0.0%   0.0%   0.0%   0.0%   0.0%   0.0%   0.0%   0.0% 	Avg.:  0.0% 
	  0.0%   0.0%   0.0%   0.0%   0.0%   0.0%   0.0%   0.0%   0.0%   0.0% 	Avg.:  0.0% 
************************************************************************************************************
[Elapsed time = 0.6 h]
Done!
