START_TASK=5 STOP_TASK=6
============================================================================================================
Arguments =
	approach: freezing
	batch_size: 64
	classes_first_task: None
	clipping: 10000
	crop: 224
	data_path: ../data/food101
	dataset: food101
	eval_on_train: False
	experiment_path: None
	fix_bn: True
	freeze_backbone: True
	gpu: 0
	gpus: [0]
	increment: 10
	last_layer_analysis: True
	log: ['disk']
	lr: 0.01
	lr_factor: None
	lr_min: 0.0001
	lr_patience: None
	lr_scheduler: cosine
	lr_warmup_epochs: 0
	momentum: 0.0
	multi_softmax: False
	nepochs: 70
	network: vit_base_patch16_224.orig_in21k
	no_cudnn_deterministic: False
	normalize: in21k
	num_workers: 2
	optimizer_name: sgd
	pin_memory: False
	pretrained: True
	resize: 224
	results_path: ./results
	save_models: True
	seed: 0
	start_at_task: 5
	start_epoch: 0
	stop_at_task: 6
	stop_epoch: 0
	use_valid_only: False
	warmup_lr_factor: 1.0
	warmup_nepochs: 0
	weight_decay: 0.0
============================================================================================================
Approach arguments =
============================================================================================================
Exemplars arguments =
============================================================================================================
WARNING: ./results/vit_base_patch16_224.orig_in21k/food101/freezing/10 already exists!
Loaded acc_taw from: ./results/vit_base_patch16_224.orig_in21k/food101/freezing/10/acc_taw-4.txt
Loaded acc_tag from: ./results/vit_base_patch16_224.orig_in21k/food101/freezing/10/acc_tag-4.txt
Loaded forg_taw from: ./results/vit_base_patch16_224.orig_in21k/food101/freezing/10/forg_taw-4.txt
Loaded forg_tag from: ./results/vit_base_patch16_224.orig_in21k/food101/freezing/10/forg_tag-4.txt
************************************************************************************************************
Task  5  [epochs 0-70]
************************************************************************************************************
[DEBUG] trainable params -> backbone:0 heads:46140 total:46140
[params] total:85,844,796  trainable:46,140  tensors:162  trainable_tensors:12
| Epoch   1, time= 30.1s | Train: skip eval | Valid: time=  3.2s loss=1.792, TAw acc= 89.6% | * lr=1.0e-02
| Epoch   2, time= 27.0s | Train: skip eval | Valid: time=  2.9s loss=1.402, TAw acc= 92.4% | * lr=1.0e-02
| Epoch   3, time= 26.2s | Train: skip eval | Valid: time=  3.2s loss=1.130, TAw acc= 92.8% | * lr=1.0e-02
| Epoch   4, time= 27.0s | Train: skip eval | Valid: time=  3.4s loss=0.942, TAw acc= 93.1% | * lr=9.9e-03
| Epoch   5, time= 28.5s | Train: skip eval | Valid: time=  3.2s loss=0.810, TAw acc= 93.2% | * lr=9.9e-03
| Epoch   6, time= 28.5s | Train: skip eval | Valid: time=  2.7s loss=0.714, TAw acc= 92.9% | * lr=9.8e-03
| Epoch   7, time= 27.2s | Train: skip eval | Valid: time=  3.1s loss=0.642, TAw acc= 93.1% | * lr=9.8e-03
| Epoch   8, time= 27.5s | Train: skip eval | Valid: time=  3.3s loss=0.588, TAw acc= 93.3% | * lr=9.7e-03
| Epoch   9, time= 27.6s | Train: skip eval | Valid: time=  2.8s loss=0.545, TAw acc= 93.3% | * lr=9.6e-03
| Epoch  10, time= 27.0s | Train: skip eval | Valid: time=  3.1s loss=0.511, TAw acc= 93.3% | * lr=9.5e-03
| Epoch  11, time= 28.3s | Train: skip eval | Valid: time=  3.1s loss=0.483, TAw acc= 93.1% | * lr=9.4e-03
| Epoch  12, time= 29.5s | Train: skip eval | Valid: time=  2.9s loss=0.460, TAw acc= 93.2% | * lr=9.3e-03
| Epoch  13, time= 27.5s | Train: skip eval | Valid: time=  3.4s loss=0.440, TAw acc= 93.2% | * lr=9.2e-03
| Epoch  14, time= 26.1s | Train: skip eval | Valid: time=  2.9s loss=0.423, TAw acc= 93.3% | * lr=9.1e-03
| Epoch  15, time= 27.3s | Train: skip eval | Valid: time=  3.1s loss=0.409, TAw acc= 93.3% | * lr=8.9e-03
| Epoch  16, time= 29.8s | Train: skip eval | Valid: time=  3.0s loss=0.396, TAw acc= 93.3% | * lr=8.8e-03
| Epoch  17, time= 28.3s | Train: skip eval | Valid: time=  3.2s loss=0.385, TAw acc= 93.3% | * lr=8.6e-03
| Epoch  18, time= 27.1s | Train: skip eval | Valid: time=  3.2s loss=0.376, TAw acc= 93.3% | * lr=8.5e-03
| Epoch  19, time= 27.8s | Train: skip eval | Valid: time=  3.4s loss=0.367, TAw acc= 93.3% | * lr=8.3e-03
| Epoch  20, time= 26.6s | Train: skip eval | Valid: time=  3.5s loss=0.359, TAw acc= 93.5% | * lr=8.1e-03
| Epoch  21, time= 35.3s | Train: skip eval | Valid: time=  4.4s loss=0.352, TAw acc= 93.5% | * lr=8.0e-03
| Epoch  22, time= 28.9s | Train: skip eval | Valid: time=  2.8s loss=0.346, TAw acc= 93.5% | * lr=7.8e-03
| Epoch  23, time= 26.4s | Train: skip eval | Valid: time=  3.4s loss=0.340, TAw acc= 93.5% | * lr=7.6e-03
| Epoch  24, time= 27.7s | Train: skip eval | Valid: time=  2.8s loss=0.335, TAw acc= 93.6% | * lr=7.4e-03
| Epoch  25, time= 26.1s | Train: skip eval | Valid: time=  3.0s loss=0.330, TAw acc= 93.6% | * lr=7.2e-03
| Epoch  26, time= 27.5s | Train: skip eval | Valid: time=  2.9s loss=0.326, TAw acc= 93.6% | * lr=7.0e-03
| Epoch  27, time= 27.5s | Train: skip eval | Valid: time=  3.4s loss=0.322, TAw acc= 93.6% | * lr=6.8e-03
| Epoch  28, time= 27.4s | Train: skip eval | Valid: time=  3.5s loss=0.319, TAw acc= 93.6% | * lr=6.6e-03
| Epoch  29, time= 29.8s | Train: skip eval | Valid: time=  2.8s loss=0.315, TAw acc= 93.7% | * lr=6.4e-03
| Epoch  30, time= 26.4s | Train: skip eval | Valid: time=  2.8s loss=0.312, TAw acc= 93.7% | * lr=6.2e-03
| Epoch  31, time= 27.4s | Train: skip eval | Valid: time=  3.1s loss=0.310, TAw acc= 93.7% | * lr=5.9e-03
| Epoch  32, time= 29.5s | Train: skip eval | Valid: time=  2.8s loss=0.307, TAw acc= 93.7% | * lr=5.7e-03
| Epoch  33, time= 27.7s | Train: skip eval | Valid: time=  3.1s loss=0.305, TAw acc= 93.9% | * lr=5.5e-03
| Epoch  34, time= 26.4s | Train: skip eval | Valid: time=  2.8s loss=0.302, TAw acc= 93.9% | * lr=5.3e-03
| Epoch  35, time= 26.1s | Train: skip eval | Valid: time=  3.5s loss=0.300, TAw acc= 93.9% | * lr=5.1e-03
| Epoch  36, time= 26.1s | Train: skip eval | Valid: time=  2.7s loss=0.299, TAw acc= 93.9% | * lr=4.8e-03
| Epoch  37, time= 27.3s | Train: skip eval | Valid: time=  2.8s loss=0.297, TAw acc= 93.9% | * lr=4.6e-03
| Epoch  38, time= 27.0s | Train: skip eval | Valid: time=  3.2s loss=0.295, TAw acc= 93.9% | * lr=4.4e-03
| Epoch  39, time= 30.5s | Train: skip eval | Valid: time=  3.4s loss=0.294, TAw acc= 93.9% | * lr=4.2e-03
| Epoch  40, time= 27.1s | Train: skip eval | Valid: time=  3.5s loss=0.292, TAw acc= 93.9% | * lr=3.9e-03
| Epoch  41, time= 29.8s | Train: skip eval | Valid: time=  3.2s loss=0.291, TAw acc= 94.0% | * lr=3.7e-03
| Epoch  42, time= 30.0s | Train: skip eval | Valid: time=  3.2s loss=0.290, TAw acc= 94.0% | * lr=3.5e-03
| Epoch  43, time= 27.2s | Train: skip eval | Valid: time=  3.3s loss=0.289, TAw acc= 94.0% | * lr=3.3e-03
| Epoch  44, time= 29.2s | Train: skip eval | Valid: time=  2.9s loss=0.288, TAw acc= 94.0% | * lr=3.1e-03
| Epoch  45, time= 26.9s | Train: skip eval | Valid: time=  3.4s loss=0.287, TAw acc= 94.0% | * lr=2.9e-03
| Epoch  46, time= 26.0s | Train: skip eval | Valid: time=  3.5s loss=0.286, TAw acc= 94.0% | * lr=2.7e-03
| Epoch  47, time= 27.6s | Train: skip eval | Valid: time=  3.4s loss=0.285, TAw acc= 94.0% | * lr=2.5e-03
| Epoch  48, time= 28.4s | Train: skip eval | Valid: time=  3.0s loss=0.284, TAw acc= 94.0% | * lr=2.3e-03
| Epoch  49, time= 27.8s | Train: skip eval | Valid: time=  3.3s loss=0.284, TAw acc= 94.0% | * lr=2.1e-03
| Epoch  50, time= 28.4s | Train: skip eval | Valid: time=  2.9s loss=0.283, TAw acc= 94.0% | * lr=2.0e-03
| Epoch  51, time= 26.3s | Train: skip eval | Valid: time=  3.0s loss=0.283, TAw acc= 94.0% | * lr=1.8e-03
| Epoch  52, time= 26.4s | Train: skip eval | Valid: time=  2.7s loss=0.282, TAw acc= 94.1% | * lr=1.6e-03
| Epoch  53, time= 27.0s | Train: skip eval | Valid: time=  3.3s loss=0.282, TAw acc= 94.1% | * lr=1.5e-03
| Epoch  54, time= 27.6s | Train: skip eval | Valid: time=  3.0s loss=0.281, TAw acc= 94.1% | * lr=1.3e-03
| Epoch  55, time= 26.4s | Train: skip eval | Valid: time=  3.0s loss=0.281, TAw acc= 94.1% | * lr=1.2e-03
| Epoch  56, time= 26.1s | Train: skip eval | Valid: time=  2.8s loss=0.281, TAw acc= 94.1% | * lr=1.0e-03
| Epoch  57, time= 28.0s | Train: skip eval | Valid: time=  3.6s loss=0.280, TAw acc= 94.1% | * lr=9.2e-04
| Epoch  58, time= 27.1s | Train: skip eval | Valid: time=  2.8s loss=0.280, TAw acc= 94.1% | * lr=8.0e-04
| Epoch  59, time= 27.4s | Train: skip eval | Valid: time=  3.0s loss=0.280, TAw acc= 94.1% | * lr=6.9e-04
| Epoch  60, time= 27.2s | Train: skip eval | Valid: time=  3.0s loss=0.280, TAw acc= 94.1% | * lr=5.9e-04
| Epoch  61, time= 27.2s | Train: skip eval | Valid: time=  2.8s loss=0.280, TAw acc= 94.1% | * lr=5.0e-04
| Epoch  62, time= 26.5s | Train: skip eval | Valid: time=  2.9s loss=0.279, TAw acc= 94.1% | * lr=4.2e-04
| Epoch  63, time= 26.2s | Train: skip eval | Valid: time=  2.7s loss=0.279, TAw acc= 94.1% | * lr=3.4e-04
| Epoch  64, time= 27.8s | Train: skip eval | Valid: time=  3.3s loss=0.279, TAw acc= 94.1% | * lr=2.8e-04
| Epoch  65, time= 27.8s | Train: skip eval | Valid: time=  3.2s loss=0.279, TAw acc= 94.1% | * lr=2.2e-04
| Epoch  66, time= 27.3s | Train: skip eval | Valid: time=  2.9s loss=0.279, TAw acc= 94.1% | * lr=1.8e-04
| Epoch  67, time= 29.4s | Train: skip eval | Valid: time=  3.2s loss=0.279, TAw acc= 94.1% | * lr=1.4e-04
| Epoch  68, time= 26.9s | Train: skip eval | Valid: time=  2.9s loss=0.279, TAw acc= 94.1% | * lr=1.2e-04
| Epoch  69, time= 27.6s | Train: skip eval | Valid: time=  2.8s loss=0.279, TAw acc= 94.1% | * lr=1.0e-04
| Epoch  70, time= 27.7s | Train: skip eval | Valid: time=  3.2s loss=0.279, TAw acc= 94.1% | * lr=1.0e-04
------------------------------------------------------------------------------------------------------------
>>> Test on task  0 : loss=0.207 | TAw acc= 95.2%, forg=  0.0% | TAg acc= 88.2%, forg=  7.1% <<<
>>> Test on task  1 : loss=0.138 | TAw acc= 97.1%, forg=  0.0% | TAg acc= 87.3%, forg=  7.2% <<<
>>> Test on task  2 : loss=0.223 | TAw acc= 95.4%, forg=  0.0% | TAg acc= 79.8%, forg=  9.3% <<<
>>> Test on task  3 : loss=0.143 | TAw acc= 96.9%, forg=  0.0% | TAg acc= 88.0%, forg=  2.6% <<<
>>> Test on task  4 : loss=0.200 | TAw acc= 95.7%, forg=  0.0% | TAg acc= 80.1%, forg=  0.9% <<<
>>> Test on task  5 : loss=0.198 | TAw acc= 95.8%, forg=  0.0% | TAg acc= 81.7%, forg=  0.0% <<<
Save at ./results/./results/vit_base_patch16_224.orig_in21k/food101/freezing/10
************************************************************************************************************
TAw Acc
	 95.2%   0.0%   0.0%   0.0%   0.0%   0.0%   0.0%   0.0%   0.0%   0.0% 	Avg.: 95.2% 
	 95.2%  97.1%   0.0%   0.0%   0.0%   0.0%   0.0%   0.0%   0.0%   0.0% 	Avg.: 96.2% 
	 95.2%  97.1%  95.4%   0.0%   0.0%   0.0%   0.0%   0.0%   0.0%   0.0% 	Avg.: 95.9% 
	 95.2%  97.1%  95.4%  96.9%   0.0%   0.0%   0.0%   0.0%   0.0%   0.0% 	Avg.: 96.2% 
	 95.2%  97.1%  95.4%  96.9%  95.7%   0.0%   0.0%   0.0%   0.0%   0.0% 	Avg.: 96.1% 
	 95.2%  97.1%  95.4%  96.9%  95.7%  95.8%   0.0%   0.0%   0.0%   0.0% 	Avg.: 96.0% 
	  0.0%   0.0%   0.0%   0.0%   0.0%   0.0%   0.0%   0.0%   0.0%   0.0% 	Avg.:  0.0% 
	  0.0%   0.0%   0.0%   0.0%   0.0%   0.0%   0.0%   0.0%   0.0%   0.0% 	Avg.:  0.0% 
	  0.0%   0.0%   0.0%   0.0%   0.0%   0.0%   0.0%   0.0%   0.0%   0.0% 	Avg.:  0.0% 
	  0.0%   0.0%   0.0%   0.0%   0.0%   0.0%   0.0%   0.0%   0.0%   0.0% 	Avg.:  0.0% 
************************************************************************************************************
TAg Acc
	 95.2%   0.0%   0.0%   0.0%   0.0%   0.0%   0.0%   0.0%   0.0%   0.0% 	Avg.: 95.2% 
	 92.1%  94.5%   0.0%   0.0%   0.0%   0.0%   0.0%   0.0%   0.0%   0.0% 	Avg.: 93.3% 
	 90.8%  92.6%  89.2%   0.0%   0.0%   0.0%   0.0%   0.0%   0.0%   0.0% 	Avg.: 90.9% 
	 89.8%  89.9%  86.0%  90.6%   0.0%   0.0%   0.0%   0.0%   0.0%   0.0% 	Avg.: 89.1% 
	 88.9%  88.6%  82.3%  89.0%  81.0%   0.0%   0.0%   0.0%   0.0%   0.0% 	Avg.: 85.9% 
	 88.2%  87.3%  79.8%  88.0%  80.1%  81.7%   0.0%   0.0%   0.0%   0.0% 	Avg.: 84.2% 
	  0.0%   0.0%   0.0%   0.0%   0.0%   0.0%   0.0%   0.0%   0.0%   0.0% 	Avg.:  0.0% 
	  0.0%   0.0%   0.0%   0.0%   0.0%   0.0%   0.0%   0.0%   0.0%   0.0% 	Avg.:  0.0% 
	  0.0%   0.0%   0.0%   0.0%   0.0%   0.0%   0.0%   0.0%   0.0%   0.0% 	Avg.:  0.0% 
	  0.0%   0.0%   0.0%   0.0%   0.0%   0.0%   0.0%   0.0%   0.0%   0.0% 	Avg.:  0.0% 
************************************************************************************************************
TAw Forg
	  0.0%   0.0%   0.0%   0.0%   0.0%   0.0%   0.0%   0.0%   0.0%   0.0% 
	  0.0%   0.0%   0.0%   0.0%   0.0%   0.0%   0.0%   0.0%   0.0%   0.0% 	Avg.:  0.0% 
	  0.0%   0.0%   0.0%   0.0%   0.0%   0.0%   0.0%   0.0%   0.0%   0.0% 	Avg.:  0.0% 
	  0.0%   0.0%   0.0%   0.0%   0.0%   0.0%   0.0%   0.0%   0.0%   0.0% 	Avg.:  0.0% 
	  0.0%   0.0%   0.0%   0.0%   0.0%   0.0%   0.0%   0.0%   0.0%   0.0% 	Avg.:  0.0% 
	  0.0%   0.0%   0.0%   0.0%   0.0%   0.0%   0.0%   0.0%   0.0%   0.0% 	Avg.:  0.0% 
	  0.0%   0.0%   0.0%   0.0%   0.0%   0.0%   0.0%   0.0%   0.0%   0.0% 	Avg.:  0.0% 
	  0.0%   0.0%   0.0%   0.0%   0.0%   0.0%   0.0%   0.0%   0.0%   0.0% 	Avg.:  0.0% 
	  0.0%   0.0%   0.0%   0.0%   0.0%   0.0%   0.0%   0.0%   0.0%   0.0% 	Avg.:  0.0% 
	  0.0%   0.0%   0.0%   0.0%   0.0%   0.0%   0.0%   0.0%   0.0%   0.0% 	Avg.:  0.0% 
************************************************************************************************************
TAg Forg
	  0.0%   0.0%   0.0%   0.0%   0.0%   0.0%   0.0%   0.0%   0.0%   0.0% 
	  3.2%   0.0%   0.0%   0.0%   0.0%   0.0%   0.0%   0.0%   0.0%   0.0% 	Avg.:  3.2% 
	  4.4%   1.9%   0.0%   0.0%   0.0%   0.0%   0.0%   0.0%   0.0%   0.0% 	Avg.:  3.2% 
	  5.4%   4.6%   3.2%   0.0%   0.0%   0.0%   0.0%   0.0%   0.0%   0.0% 	Avg.:  4.4% 
	  6.4%   6.0%   6.8%   1.6%   0.0%   0.0%   0.0%   0.0%   0.0%   0.0% 	Avg.:  5.2% 
	  7.1%   7.2%   9.3%   2.6%   0.9%   0.0%   0.0%   0.0%   0.0%   0.0% 	Avg.:  5.4% 
	  0.0%   0.0%   0.0%   0.0%   0.0%   0.0%   0.0%   0.0%   0.0%   0.0% 	Avg.:  0.0% 
	  0.0%   0.0%   0.0%   0.0%   0.0%   0.0%   0.0%   0.0%   0.0%   0.0% 	Avg.:  0.0% 
	  0.0%   0.0%   0.0%   0.0%   0.0%   0.0%   0.0%   0.0%   0.0%   0.0% 	Avg.:  0.0% 
	  0.0%   0.0%   0.0%   0.0%   0.0%   0.0%   0.0%   0.0%   0.0%   0.0% 	Avg.:  0.0% 
************************************************************************************************************
[Elapsed time = 0.6 h]
Done!
