START_TASK=5 STOP_TASK=6
============================================================================================================
Arguments =
	approach: l2p
	batch_size: 64
	classes_first_task: None
	clipping: 10000
	crop: 224
	data_path: ../data/inat200
	dataset: inat200
	eval_on_train: False
	experiment_path: None
	fix_bn: False
	freeze_backbone: True
	gpu: 0
	gpus: [0]
	increment: 10
	last_layer_analysis: True
	log: ['disk']
	lr: 0.01
	lr_factor: None
	lr_min: 0.0001
	lr_patience: None
	lr_scheduler: cosine
	lr_warmup_epochs: 0
	momentum: 0.0
	multi_softmax: False
	nepochs: 90
	network: vit_base_patch16_224_prompt
	no_cudnn_deterministic: False
	normalize: in21k
	num_workers: 2
	optimizer_name: sgd
	pin_memory: False
	pretrained: True
	resize: 224
	results_path: ./results
	save_models: True
	seed: 0
	start_at_task: 5
	start_epoch: 0
	stop_at_task: 6
	stop_epoch: 0
	use_valid_only: False
	warmup_lr_factor: 1.0
	warmup_nepochs: 0
	weight_decay: 0.0
============================================================================================================
Approach arguments =
	lamb: 0.5
============================================================================================================
Exemplars arguments =
============================================================================================================
WARNING: ./results/vit_base_patch16_224_prompt/inat200/l2p/10 already exists!
Loaded acc_taw from: ./results/vit_base_patch16_224_prompt/inat200/l2p/10/acc_taw-4.txt
Loaded acc_tag from: ./results/vit_base_patch16_224_prompt/inat200/l2p/10/acc_tag-4.txt
Loaded forg_taw from: ./results/vit_base_patch16_224_prompt/inat200/l2p/10/forg_taw-4.txt
Loaded forg_tag from: ./results/vit_base_patch16_224_prompt/inat200/l2p/10/forg_tag-4.txt
************************************************************************************************************
Task  5  [epochs 0-90]
************************************************************************************************************
[DEBUG] trainable params -> backbone:0 heads:46140 total:46140
[params] total:171,693,372  trainable:92,220  tensors:314  trainable_tensors:14
| Epoch   1, time= 29.9s | Train: skip eval | Valid: time=  2.5s loss=1.880, TAw acc= 74.0% | * lr=1.0e-02
| Epoch   2, time= 27.8s | Train: skip eval | Valid: time=  2.5s loss=1.617, TAw acc= 84.0% | * lr=1.0e-02
| Epoch   3, time= 27.9s | Train: skip eval | Valid: time=  2.5s loss=1.394, TAw acc= 86.8% | * lr=1.0e-02
| Epoch   4, time= 28.0s | Train: skip eval | Valid: time=  2.5s loss=1.212, TAw acc= 87.8% | * lr=1.0e-02
| Epoch   5, time= 28.1s | Train: skip eval | Valid: time=  2.5s loss=1.062, TAw acc= 89.0% | * lr=9.9e-03
| Epoch   6, time= 28.3s | Train: skip eval | Valid: time=  3.1s loss=0.941, TAw acc= 89.0% | * lr=9.9e-03
| Epoch   7, time= 28.9s | Train: skip eval | Valid: time=  2.5s loss=0.843, TAw acc= 89.2% | * lr=9.9e-03
| Epoch   8, time= 28.2s | Train: skip eval | Valid: time=  2.5s loss=0.763, TAw acc= 89.2% | * lr=9.8e-03
| Epoch   9, time= 28.2s | Train: skip eval | Valid: time=  2.5s loss=0.697, TAw acc= 89.2% | * lr=9.8e-03
| Epoch  10, time= 28.2s | Train: skip eval | Valid: time=  2.5s loss=0.642, TAw acc= 89.0% | * lr=9.7e-03
| Epoch  11, time= 28.2s | Train: skip eval | Valid: time=  2.6s loss=0.595, TAw acc= 88.5% | * lr=9.6e-03
| Epoch  12, time= 28.1s | Train: skip eval | Valid: time=  2.5s loss=0.555, TAw acc= 88.8% | * lr=9.6e-03
| Epoch  13, time= 28.1s | Train: skip eval | Valid: time=  2.5s loss=0.521, TAw acc= 88.8% | * lr=9.5e-03
| Epoch  14, time= 28.0s | Train: skip eval | Valid: time=  2.5s loss=0.492, TAw acc= 88.8% | * lr=9.4e-03
| Epoch  15, time= 28.0s | Train: skip eval | Valid: time=  2.5s loss=0.467, TAw acc= 88.8% | * lr=9.3e-03
| Epoch  16, time= 28.1s | Train: skip eval | Valid: time=  2.5s loss=0.444, TAw acc= 88.8% | * lr=9.2e-03
| Epoch  17, time= 28.2s | Train: skip eval | Valid: time=  2.5s loss=0.423, TAw acc= 88.5% | * lr=9.2e-03
| Epoch  18, time= 28.3s | Train: skip eval | Valid: time=  2.5s loss=0.405, TAw acc= 88.5% | * lr=9.1e-03
| Epoch  19, time= 28.1s | Train: skip eval | Valid: time=  2.5s loss=0.389, TAw acc= 88.5% | * lr=9.0e-03
| Epoch  20, time= 28.1s | Train: skip eval | Valid: time=  2.6s loss=0.375, TAw acc= 88.5% | * lr=8.8e-03
| Epoch  21, time= 28.0s | Train: skip eval | Valid: time=  2.5s loss=0.362, TAw acc= 88.8% | * lr=8.7e-03
| Epoch  22, time= 28.1s | Train: skip eval | Valid: time=  2.6s loss=0.350, TAw acc= 88.8% | * lr=8.6e-03
| Epoch  23, time= 28.1s | Train: skip eval | Valid: time=  2.5s loss=0.339, TAw acc= 89.0% | * lr=8.5e-03
| Epoch  24, time= 28.1s | Train: skip eval | Valid: time=  2.6s loss=0.329, TAw acc= 89.2% | * lr=8.4e-03
| Epoch  25, time= 28.0s | Train: skip eval | Valid: time=  2.6s loss=0.320, TAw acc= 89.2% | * lr=8.2e-03
| Epoch  26, time= 28.1s | Train: skip eval | Valid: time=  2.5s loss=0.311, TAw acc= 89.2% | * lr=8.1e-03
| Epoch  27, time= 28.1s | Train: skip eval | Valid: time=  2.5s loss=0.303, TAw acc= 89.2% | * lr=8.0e-03
| Epoch  28, time= 28.2s | Train: skip eval | Valid: time=  2.5s loss=0.296, TAw acc= 89.2% | * lr=7.8e-03
| Epoch  29, time= 28.1s | Train: skip eval | Valid: time=  2.5s loss=0.289, TAw acc= 89.2% | * lr=7.7e-03
| Epoch  30, time= 28.1s | Train: skip eval | Valid: time=  2.5s loss=0.282, TAw acc= 89.2% | * lr=7.5e-03
| Epoch  31, time= 28.0s | Train: skip eval | Valid: time=  2.5s loss=0.276, TAw acc= 89.5% | * lr=7.4e-03
| Epoch  32, time= 28.1s | Train: skip eval | Valid: time=  2.5s loss=0.271, TAw acc= 89.5% | * lr=7.2e-03
| Epoch  33, time= 28.2s | Train: skip eval | Valid: time=  2.5s loss=0.265, TAw acc= 89.5% | * lr=7.1e-03
| Epoch  34, time= 28.4s | Train: skip eval | Valid: time=  2.5s loss=0.261, TAw acc= 89.5% | * lr=6.9e-03
| Epoch  35, time= 28.1s | Train: skip eval | Valid: time=  2.5s loss=0.256, TAw acc= 89.5% | * lr=6.7e-03
| Epoch  36, time= 28.1s | Train: skip eval | Valid: time=  2.5s loss=0.252, TAw acc= 89.2% | * lr=6.6e-03
| Epoch  37, time= 28.0s | Train: skip eval | Valid: time=  2.5s loss=0.248, TAw acc= 89.2% | * lr=6.4e-03
| Epoch  38, time= 28.0s | Train: skip eval | Valid: time=  2.6s loss=0.244, TAw acc= 89.2% | * lr=6.2e-03
| Epoch  39, time= 28.0s | Train: skip eval | Valid: time=  2.5s loss=0.240, TAw acc= 89.2% | * lr=6.1e-03
| Epoch  40, time= 28.0s | Train: skip eval | Valid: time=  2.5s loss=0.237, TAw acc= 89.2% | * lr=5.9e-03
| Epoch  41, time= 28.0s | Train: skip eval | Valid: time=  2.5s loss=0.234, TAw acc= 89.2% | * lr=5.7e-03
| Epoch  42, time= 28.0s | Train: skip eval | Valid: time=  2.5s loss=0.231, TAw acc= 89.2% | * lr=5.6e-03
| Epoch  43, time= 28.0s | Train: skip eval | Valid: time=  2.5s loss=0.228, TAw acc= 89.2% | * lr=5.4e-03
| Epoch  44, time= 28.1s | Train: skip eval | Valid: time=  2.5s loss=0.225, TAw acc= 89.2% | * lr=5.2e-03
| Epoch  45, time= 28.1s | Train: skip eval | Valid: time=  2.6s loss=0.222, TAw acc= 89.2% | * lr=5.1e-03
| Epoch  46, time= 28.2s | Train: skip eval | Valid: time=  2.5s loss=0.220, TAw acc= 89.2% | * lr=4.9e-03
| Epoch  47, time= 28.2s | Train: skip eval | Valid: time=  2.5s loss=0.218, TAw acc= 89.2% | * lr=4.7e-03
| Epoch  48, time= 28.1s | Train: skip eval | Valid: time=  2.5s loss=0.216, TAw acc= 89.2% | * lr=4.5e-03
| Epoch  49, time= 28.1s | Train: skip eval | Valid: time=  2.6s loss=0.213, TAw acc= 89.2% | * lr=4.4e-03
| Epoch  50, time= 28.1s | Train: skip eval | Valid: time=  2.5s loss=0.212, TAw acc= 89.5% | * lr=4.2e-03
| Epoch  51, time= 28.0s | Train: skip eval | Valid: time=  2.6s loss=0.210, TAw acc= 89.5% | * lr=4.0e-03
| Epoch  52, time= 28.0s | Train: skip eval | Valid: time=  2.5s loss=0.208, TAw acc= 89.5% | * lr=3.9e-03
| Epoch  53, time= 28.1s | Train: skip eval | Valid: time=  2.5s loss=0.207, TAw acc= 89.5% | * lr=3.7e-03
| Epoch  54, time= 28.1s | Train: skip eval | Valid: time=  2.5s loss=0.205, TAw acc= 89.5% | * lr=3.5e-03
| Epoch  55, time= 28.4s | Train: skip eval | Valid: time=  2.5s loss=0.204, TAw acc= 89.5% | * lr=3.4e-03
| Epoch  56, time= 28.0s | Train: skip eval | Valid: time=  2.5s loss=0.203, TAw acc= 89.5% | * lr=3.2e-03
| Epoch  57, time= 28.0s | Train: skip eval | Valid: time=  2.5s loss=0.201, TAw acc= 89.5% | * lr=3.0e-03
| Epoch  58, time= 28.0s | Train: skip eval | Valid: time=  2.5s loss=0.200, TAw acc= 89.5% | * lr=2.9e-03
| Epoch  59, time= 28.0s | Train: skip eval | Valid: time=  2.4s loss=0.199, TAw acc= 89.5% | * lr=2.7e-03
| Epoch  60, time= 28.1s | Train: skip eval | Valid: time=  2.5s loss=0.198, TAw acc= 89.8% | * lr=2.6e-03
| Epoch  61, time= 28.1s | Train: skip eval | Valid: time=  2.5s loss=0.197, TAw acc= 89.8% | * lr=2.4e-03
| Epoch  62, time= 28.1s | Train: skip eval | Valid: time=  2.5s loss=0.196, TAw acc= 89.8% | * lr=2.3e-03
| Epoch  63, time= 28.0s | Train: skip eval | Valid: time=  2.5s loss=0.195, TAw acc= 89.5% | * lr=2.1e-03
| Epoch  64, time= 28.0s | Train: skip eval | Valid: time=  2.6s loss=0.194, TAw acc= 89.5% | * lr=2.0e-03
| Epoch  65, time= 27.9s | Train: skip eval | Valid: time=  2.5s loss=0.194, TAw acc= 89.5% | * lr=1.9e-03
| Epoch  66, time= 27.9s | Train: skip eval | Valid: time=  2.5s loss=0.193, TAw acc= 90.0% | * lr=1.7e-03
| Epoch  67, time= 28.2s | Train: skip eval | Valid: time=  2.6s loss=0.192, TAw acc= 90.0% | * lr=1.6e-03
| Epoch  68, time= 28.1s | Train: skip eval | Valid: time=  2.5s loss=0.192, TAw acc= 90.0% | * lr=1.5e-03
| Epoch  69, time= 28.2s | Train: skip eval | Valid: time=  2.5s loss=0.191, TAw acc= 90.0% | * lr=1.4e-03
| Epoch  70, time= 28.1s | Train: skip eval | Valid: time=  2.5s loss=0.191, TAw acc= 90.0% | * lr=1.3e-03
| Epoch  71, time= 28.3s | Train: skip eval | Valid: time=  2.5s loss=0.191, TAw acc= 90.0% | * lr=1.1e-03
| Epoch  72, time= 28.2s | Train: skip eval | Valid: time=  2.6s loss=0.190, TAw acc= 90.2% | * lr=1.0e-03
| Epoch  73, time= 28.2s | Train: skip eval | Valid: time=  2.5s loss=0.190, TAw acc= 90.2% | * lr=9.5e-04
| Epoch  74, time= 28.2s | Train: skip eval | Valid: time=  2.5s loss=0.190, TAw acc= 90.2% | * lr=8.5e-04
| Epoch  75, time= 28.1s | Train: skip eval | Valid: time=  2.5s loss=0.189, TAw acc= 90.2% | * lr=7.6e-04
| Epoch  76, time= 28.1s | Train: skip eval | Valid: time=  2.6s loss=0.189, TAw acc= 90.2% | * lr=6.8e-04
| Epoch  77, time= 28.0s | Train: skip eval | Valid: time=  2.5s loss=0.189, TAw acc= 90.2% | * lr=6.0e-04
| Epoch  78, time= 28.1s | Train: skip eval | Valid: time=  2.5s loss=0.189, TAw acc= 90.2% | * lr=5.3e-04
| Epoch  79, time= 28.0s | Train: skip eval | Valid: time=  2.5s loss=0.189, TAw acc= 90.2% | * lr=4.6e-04
| Epoch  80, time= 27.9s | Train: skip eval | Valid: time=  2.5s loss=0.188, TAw acc= 90.2% | * lr=4.0e-04
| Epoch  81, time= 28.0s | Train: skip eval | Valid: time=  2.6s loss=0.188, TAw acc= 90.2% | * lr=3.4e-04
| Epoch  82, time= 28.1s | Train: skip eval | Valid: time=  2.5s loss=0.188, TAw acc= 90.2% | * lr=2.9e-04
| Epoch  83, time= 28.1s | Train: skip eval | Valid: time=  2.6s loss=0.188, TAw acc= 90.2% | * lr=2.5e-04
| Epoch  84, time= 28.2s | Train: skip eval | Valid: time=  2.5s loss=0.188, TAw acc= 90.2% | * lr=2.1e-04
| Epoch  85, time= 28.2s | Train: skip eval | Valid: time=  2.5s loss=0.188, TAw acc= 90.2% | * lr=1.8e-04
| Epoch  86, time= 28.2s | Train: skip eval | Valid: time=  2.5s loss=0.188, TAw acc= 90.2% | * lr=1.5e-04
| Epoch  87, time= 28.3s | Train: skip eval | Valid: time=  2.5s loss=0.188, TAw acc= 90.2% | * lr=1.3e-04
| Epoch  88, time= 28.3s | Train: skip eval | Valid: time=  2.5s loss=0.188, TAw acc= 90.2% | * lr=1.1e-04
| Epoch  89, time= 28.3s | Train: skip eval | Valid: time=  2.5s loss=0.188, TAw acc= 90.2% | * lr=1.0e-04
| Epoch  90, time= 28.2s | Train: skip eval | Valid: time=  2.5s loss=0.188, TAw acc= 90.2% | * lr=1.0e-04
------------------------------------------------------------------------------------------------------------
>>> Test on task  0 : loss=0.196 | TAw acc= 91.8%, forg=  0.1% | TAg acc= 73.8%, forg= 17.9% <<<
>>> Test on task  1 : loss=0.298 | TAw acc= 89.7%, forg=  0.0% | TAg acc= 70.9%, forg=  7.9% <<<
>>> Test on task  2 : loss=0.151 | TAw acc= 93.2%, forg=  0.1% | TAg acc= 82.0%, forg=  4.9% <<<
>>> Test on task  3 : loss=0.299 | TAw acc= 87.6%, forg=  0.2% | TAg acc= 66.3%, forg=  7.1% <<<
>>> Test on task  4 : loss=0.349 | TAw acc= 87.8%, forg=  0.1% | TAg acc= 64.7%, forg=  3.1% <<<
>>> Test on task  5 : loss=0.256 | TAw acc= 88.5%, forg=  0.0% | TAg acc= 74.6%, forg=  0.0% <<<
Save at ./results/./results/vit_base_patch16_224_prompt/inat200/l2p/10
************************************************************************************************************
TAw Acc
	 91.7%   0.0%   0.0%   0.0%   0.0%   0.0%   0.0%   0.0%   0.0%   0.0%   0.0%   0.0%   0.0%   0.0%   0.0%   0.0%   0.0%   0.0%   0.0%   0.0% 	Avg.: 91.7% 
	 91.8%  89.3%   0.0%   0.0%   0.0%   0.0%   0.0%   0.0%   0.0%   0.0%   0.0%   0.0%   0.0%   0.0%   0.0%   0.0%   0.0%   0.0%   0.0%   0.0% 	Avg.: 90.6% 
	 91.9%  89.6%  93.3%   0.0%   0.0%   0.0%   0.0%   0.0%   0.0%   0.0%   0.0%   0.0%   0.0%   0.0%   0.0%   0.0%   0.0%   0.0%   0.0%   0.0% 	Avg.: 91.6% 
	 91.9%  89.6%  93.3%  87.7%   0.0%   0.0%   0.0%   0.0%   0.0%   0.0%   0.0%   0.0%   0.0%   0.0%   0.0%   0.0%   0.0%   0.0%   0.0%   0.0% 	Avg.: 90.6% 
	 91.9%  89.7%  93.2%  87.8%  87.9%   0.0%   0.0%   0.0%   0.0%   0.0%   0.0%   0.0%   0.0%   0.0%   0.0%   0.0%   0.0%   0.0%   0.0%   0.0% 	Avg.: 90.1% 
	 91.8%  89.7%  93.2%  87.6%  87.8%  88.5%   0.0%   0.0%   0.0%   0.0%   0.0%   0.0%   0.0%   0.0%   0.0%   0.0%   0.0%   0.0%   0.0%   0.0% 	Avg.: 89.8% 
	  0.0%   0.0%   0.0%   0.0%   0.0%   0.0%   0.0%   0.0%   0.0%   0.0%   0.0%   0.0%   0.0%   0.0%   0.0%   0.0%   0.0%   0.0%   0.0%   0.0% 	Avg.:  0.0% 
	  0.0%   0.0%   0.0%   0.0%   0.0%   0.0%   0.0%   0.0%   0.0%   0.0%   0.0%   0.0%   0.0%   0.0%   0.0%   0.0%   0.0%   0.0%   0.0%   0.0% 	Avg.:  0.0% 
	  0.0%   0.0%   0.0%   0.0%   0.0%   0.0%   0.0%   0.0%   0.0%   0.0%   0.0%   0.0%   0.0%   0.0%   0.0%   0.0%   0.0%   0.0%   0.0%   0.0% 	Avg.:  0.0% 
	  0.0%   0.0%   0.0%   0.0%   0.0%   0.0%   0.0%   0.0%   0.0%   0.0%   0.0%   0.0%   0.0%   0.0%   0.0%   0.0%   0.0%   0.0%   0.0%   0.0% 	Avg.:  0.0% 
	  0.0%   0.0%   0.0%   0.0%   0.0%   0.0%   0.0%   0.0%   0.0%   0.0%   0.0%   0.0%   0.0%   0.0%   0.0%   0.0%   0.0%   0.0%   0.0%   0.0% 	Avg.:  0.0% 
	  0.0%   0.0%   0.0%   0.0%   0.0%   0.0%   0.0%   0.0%   0.0%   0.0%   0.0%   0.0%   0.0%   0.0%   0.0%   0.0%   0.0%   0.0%   0.0%   0.0% 	Avg.:  0.0% 
	  0.0%   0.0%   0.0%   0.0%   0.0%   0.0%   0.0%   0.0%   0.0%   0.0%   0.0%   0.0%   0.0%   0.0%   0.0%   0.0%   0.0%   0.0%   0.0%   0.0% 	Avg.:  0.0% 
	  0.0%   0.0%   0.0%   0.0%   0.0%   0.0%   0.0%   0.0%   0.0%   0.0%   0.0%   0.0%   0.0%   0.0%   0.0%   0.0%   0.0%   0.0%   0.0%   0.0% 	Avg.:  0.0% 
	  0.0%   0.0%   0.0%   0.0%   0.0%   0.0%   0.0%   0.0%   0.0%   0.0%   0.0%   0.0%   0.0%   0.0%   0.0%   0.0%   0.0%   0.0%   0.0%   0.0% 	Avg.:  0.0% 
	  0.0%   0.0%   0.0%   0.0%   0.0%   0.0%   0.0%   0.0%   0.0%   0.0%   0.0%   0.0%   0.0%   0.0%   0.0%   0.0%   0.0%   0.0%   0.0%   0.0% 	Avg.:  0.0% 
	  0.0%   0.0%   0.0%   0.0%   0.0%   0.0%   0.0%   0.0%   0.0%   0.0%   0.0%   0.0%   0.0%   0.0%   0.0%   0.0%   0.0%   0.0%   0.0%   0.0% 	Avg.:  0.0% 
	  0.0%   0.0%   0.0%   0.0%   0.0%   0.0%   0.0%   0.0%   0.0%   0.0%   0.0%   0.0%   0.0%   0.0%   0.0%   0.0%   0.0%   0.0%   0.0%   0.0% 	Avg.:  0.0% 
	  0.0%   0.0%   0.0%   0.0%   0.0%   0.0%   0.0%   0.0%   0.0%   0.0%   0.0%   0.0%   0.0%   0.0%   0.0%   0.0%   0.0%   0.0%   0.0%   0.0% 	Avg.:  0.0% 
	  0.0%   0.0%   0.0%   0.0%   0.0%   0.0%   0.0%   0.0%   0.0%   0.0%   0.0%   0.0%   0.0%   0.0%   0.0%   0.0%   0.0%   0.0%   0.0%   0.0% 	Avg.:  0.0% 
************************************************************************************************************
TAg Acc
	 91.7%   0.0%   0.0%   0.0%   0.0%   0.0%   0.0%   0.0%   0.0%   0.0%   0.0%   0.0%   0.0%   0.0%   0.0%   0.0%   0.0%   0.0%   0.0%   0.0% 	Avg.: 91.7% 
	 87.6%  78.8%   0.0%   0.0%   0.0%   0.0%   0.0%   0.0%   0.0%   0.0%   0.0%   0.0%   0.0%   0.0%   0.0%   0.0%   0.0%   0.0%   0.0%   0.0% 	Avg.: 83.2% 
	 83.0%  76.5%  86.9%   0.0%   0.0%   0.0%   0.0%   0.0%   0.0%   0.0%   0.0%   0.0%   0.0%   0.0%   0.0%   0.0%   0.0%   0.0%   0.0%   0.0% 	Avg.: 82.1% 
	 80.7%  72.2%  84.6%  73.4%   0.0%   0.0%   0.0%   0.0%   0.0%   0.0%   0.0%   0.0%   0.0%   0.0%   0.0%   0.0%   0.0%   0.0%   0.0%   0.0% 	Avg.: 77.7% 
	 77.7%  71.3%  83.7%  71.3%  67.8%   0.0%   0.0%   0.0%   0.0%   0.0%   0.0%   0.0%   0.0%   0.0%   0.0%   0.0%   0.0%   0.0%   0.0%   0.0% 	Avg.: 74.4% 
	 73.8%  70.9%  82.0%  66.3%  64.7%  74.6%   0.0%   0.0%   0.0%   0.0%   0.0%   0.0%   0.0%   0.0%   0.0%   0.0%   0.0%   0.0%   0.0%   0.0% 	Avg.: 72.1% 
	  0.0%   0.0%   0.0%   0.0%   0.0%   0.0%   0.0%   0.0%   0.0%   0.0%   0.0%   0.0%   0.0%   0.0%   0.0%   0.0%   0.0%   0.0%   0.0%   0.0% 	Avg.:  0.0% 
	  0.0%   0.0%   0.0%   0.0%   0.0%   0.0%   0.0%   0.0%   0.0%   0.0%   0.0%   0.0%   0.0%   0.0%   0.0%   0.0%   0.0%   0.0%   0.0%   0.0% 	Avg.:  0.0% 
	  0.0%   0.0%   0.0%   0.0%   0.0%   0.0%   0.0%   0.0%   0.0%   0.0%   0.0%   0.0%   0.0%   0.0%   0.0%   0.0%   0.0%   0.0%   0.0%   0.0% 	Avg.:  0.0% 
	  0.0%   0.0%   0.0%   0.0%   0.0%   0.0%   0.0%   0.0%   0.0%   0.0%   0.0%   0.0%   0.0%   0.0%   0.0%   0.0%   0.0%   0.0%   0.0%   0.0% 	Avg.:  0.0% 
	  0.0%   0.0%   0.0%   0.0%   0.0%   0.0%   0.0%   0.0%   0.0%   0.0%   0.0%   0.0%   0.0%   0.0%   0.0%   0.0%   0.0%   0.0%   0.0%   0.0% 	Avg.:  0.0% 
	  0.0%   0.0%   0.0%   0.0%   0.0%   0.0%   0.0%   0.0%   0.0%   0.0%   0.0%   0.0%   0.0%   0.0%   0.0%   0.0%   0.0%   0.0%   0.0%   0.0% 	Avg.:  0.0% 
	  0.0%   0.0%   0.0%   0.0%   0.0%   0.0%   0.0%   0.0%   0.0%   0.0%   0.0%   0.0%   0.0%   0.0%   0.0%   0.0%   0.0%   0.0%   0.0%   0.0% 	Avg.:  0.0% 
	  0.0%   0.0%   0.0%   0.0%   0.0%   0.0%   0.0%   0.0%   0.0%   0.0%   0.0%   0.0%   0.0%   0.0%   0.0%   0.0%   0.0%   0.0%   0.0%   0.0% 	Avg.:  0.0% 
	  0.0%   0.0%   0.0%   0.0%   0.0%   0.0%   0.0%   0.0%   0.0%   0.0%   0.0%   0.0%   0.0%   0.0%   0.0%   0.0%   0.0%   0.0%   0.0%   0.0% 	Avg.:  0.0% 
	  0.0%   0.0%   0.0%   0.0%   0.0%   0.0%   0.0%   0.0%   0.0%   0.0%   0.0%   0.0%   0.0%   0.0%   0.0%   0.0%   0.0%   0.0%   0.0%   0.0% 	Avg.:  0.0% 
	  0.0%   0.0%   0.0%   0.0%   0.0%   0.0%   0.0%   0.0%   0.0%   0.0%   0.0%   0.0%   0.0%   0.0%   0.0%   0.0%   0.0%   0.0%   0.0%   0.0% 	Avg.:  0.0% 
	  0.0%   0.0%   0.0%   0.0%   0.0%   0.0%   0.0%   0.0%   0.0%   0.0%   0.0%   0.0%   0.0%   0.0%   0.0%   0.0%   0.0%   0.0%   0.0%   0.0% 	Avg.:  0.0% 
	  0.0%   0.0%   0.0%   0.0%   0.0%   0.0%   0.0%   0.0%   0.0%   0.0%   0.0%   0.0%   0.0%   0.0%   0.0%   0.0%   0.0%   0.0%   0.0%   0.0% 	Avg.:  0.0% 
	  0.0%   0.0%   0.0%   0.0%   0.0%   0.0%   0.0%   0.0%   0.0%   0.0%   0.0%   0.0%   0.0%   0.0%   0.0%   0.0%   0.0%   0.0%   0.0%   0.0% 	Avg.:  0.0% 
************************************************************************************************************
TAw Forg
	  0.0%   0.0%   0.0%   0.0%   0.0%   0.0%   0.0%   0.0%   0.0%   0.0%   0.0%   0.0%   0.0%   0.0%   0.0%   0.0%   0.0%   0.0%   0.0%   0.0% 
	 -0.1%   0.0%   0.0%   0.0%   0.0%   0.0%   0.0%   0.0%   0.0%   0.0%   0.0%   0.0%   0.0%   0.0%   0.0%   0.0%   0.0%   0.0%   0.0%   0.0% 	Avg.: -0.1% 
	 -0.1%  -0.3%   0.0%   0.0%   0.0%   0.0%   0.0%   0.0%   0.0%   0.0%   0.0%   0.0%   0.0%   0.0%   0.0%   0.0%   0.0%   0.0%   0.0%   0.0% 	Avg.: -0.2% 
	  0.0%   0.0%   0.0%   0.0%   0.0%   0.0%   0.0%   0.0%   0.0%   0.0%   0.0%   0.0%   0.0%   0.0%   0.0%   0.0%   0.0%   0.0%   0.0%   0.0% 	Avg.:  0.0% 
	  0.0%  -0.1%   0.1%  -0.1%   0.0%   0.0%   0.0%   0.0%   0.0%   0.0%   0.0%   0.0%   0.0%   0.0%   0.0%   0.0%   0.0%   0.0%   0.0%   0.0% 	Avg.: -0.0% 
	  0.1%   0.0%   0.1%   0.2%   0.1%   0.0%   0.0%   0.0%   0.0%   0.0%   0.0%   0.0%   0.0%   0.0%   0.0%   0.0%   0.0%   0.0%   0.0%   0.0% 	Avg.:  0.1% 
	  0.0%   0.0%   0.0%   0.0%   0.0%   0.0%   0.0%   0.0%   0.0%   0.0%   0.0%   0.0%   0.0%   0.0%   0.0%   0.0%   0.0%   0.0%   0.0%   0.0% 	Avg.:  0.0% 
	  0.0%   0.0%   0.0%   0.0%   0.0%   0.0%   0.0%   0.0%   0.0%   0.0%   0.0%   0.0%   0.0%   0.0%   0.0%   0.0%   0.0%   0.0%   0.0%   0.0% 	Avg.:  0.0% 
	  0.0%   0.0%   0.0%   0.0%   0.0%   0.0%   0.0%   0.0%   0.0%   0.0%   0.0%   0.0%   0.0%   0.0%   0.0%   0.0%   0.0%   0.0%   0.0%   0.0% 	Avg.:  0.0% 
	  0.0%   0.0%   0.0%   0.0%   0.0%   0.0%   0.0%   0.0%   0.0%   0.0%   0.0%   0.0%   0.0%   0.0%   0.0%   0.0%   0.0%   0.0%   0.0%   0.0% 	Avg.:  0.0% 
	  0.0%   0.0%   0.0%   0.0%   0.0%   0.0%   0.0%   0.0%   0.0%   0.0%   0.0%   0.0%   0.0%   0.0%   0.0%   0.0%   0.0%   0.0%   0.0%   0.0% 	Avg.:  0.0% 
	  0.0%   0.0%   0.0%   0.0%   0.0%   0.0%   0.0%   0.0%   0.0%   0.0%   0.0%   0.0%   0.0%   0.0%   0.0%   0.0%   0.0%   0.0%   0.0%   0.0% 	Avg.:  0.0% 
	  0.0%   0.0%   0.0%   0.0%   0.0%   0.0%   0.0%   0.0%   0.0%   0.0%   0.0%   0.0%   0.0%   0.0%   0.0%   0.0%   0.0%   0.0%   0.0%   0.0% 	Avg.:  0.0% 
	  0.0%   0.0%   0.0%   0.0%   0.0%   0.0%   0.0%   0.0%   0.0%   0.0%   0.0%   0.0%   0.0%   0.0%   0.0%   0.0%   0.0%   0.0%   0.0%   0.0% 	Avg.:  0.0% 
	  0.0%   0.0%   0.0%   0.0%   0.0%   0.0%   0.0%   0.0%   0.0%   0.0%   0.0%   0.0%   0.0%   0.0%   0.0%   0.0%   0.0%   0.0%   0.0%   0.0% 	Avg.:  0.0% 
	  0.0%   0.0%   0.0%   0.0%   0.0%   0.0%   0.0%   0.0%   0.0%   0.0%   0.0%   0.0%   0.0%   0.0%   0.0%   0.0%   0.0%   0.0%   0.0%   0.0% 	Avg.:  0.0% 
	  0.0%   0.0%   0.0%   0.0%   0.0%   0.0%   0.0%   0.0%   0.0%   0.0%   0.0%   0.0%   0.0%   0.0%   0.0%   0.0%   0.0%   0.0%   0.0%   0.0% 	Avg.:  0.0% 
	  0.0%   0.0%   0.0%   0.0%   0.0%   0.0%   0.0%   0.0%   0.0%   0.0%   0.0%   0.0%   0.0%   0.0%   0.0%   0.0%   0.0%   0.0%   0.0%   0.0% 	Avg.:  0.0% 
	  0.0%   0.0%   0.0%   0.0%   0.0%   0.0%   0.0%   0.0%   0.0%   0.0%   0.0%   0.0%   0.0%   0.0%   0.0%   0.0%   0.0%   0.0%   0.0%   0.0% 	Avg.:  0.0% 
	  0.0%   0.0%   0.0%   0.0%   0.0%   0.0%   0.0%   0.0%   0.0%   0.0%   0.0%   0.0%   0.0%   0.0%   0.0%   0.0%   0.0%   0.0%   0.0%   0.0% 	Avg.:  0.0% 
************************************************************************************************************
TAg Forg
	  0.0%   0.0%   0.0%   0.0%   0.0%   0.0%   0.0%   0.0%   0.0%   0.0%   0.0%   0.0%   0.0%   0.0%   0.0%   0.0%   0.0%   0.0%   0.0%   0.0% 
	  4.1%   0.0%   0.0%   0.0%   0.0%   0.0%   0.0%   0.0%   0.0%   0.0%   0.0%   0.0%   0.0%   0.0%   0.0%   0.0%   0.0%   0.0%   0.0%   0.0% 	Avg.:  4.1% 
	  8.7%   2.3%   0.0%   0.0%   0.0%   0.0%   0.0%   0.0%   0.0%   0.0%   0.0%   0.0%   0.0%   0.0%   0.0%   0.0%   0.0%   0.0%   0.0%   0.0% 	Avg.:  5.5% 
	 11.0%   6.6%   2.3%   0.0%   0.0%   0.0%   0.0%   0.0%   0.0%   0.0%   0.0%   0.0%   0.0%   0.0%   0.0%   0.0%   0.0%   0.0%   0.0%   0.0% 	Avg.:  6.6% 
	 14.0%   7.5%   3.2%   2.1%   0.0%   0.0%   0.0%   0.0%   0.0%   0.0%   0.0%   0.0%   0.0%   0.0%   0.0%   0.0%   0.0%   0.0%   0.0%   0.0% 	Avg.:  6.7% 
	 17.9%   7.9%   4.9%   7.1%   3.1%   0.0%   0.0%   0.0%   0.0%   0.0%   0.0%   0.0%   0.0%   0.0%   0.0%   0.0%   0.0%   0.0%   0.0%   0.0% 	Avg.:  8.2% 
	  0.0%   0.0%   0.0%   0.0%   0.0%   0.0%   0.0%   0.0%   0.0%   0.0%   0.0%   0.0%   0.0%   0.0%   0.0%   0.0%   0.0%   0.0%   0.0%   0.0% 	Avg.:  0.0% 
	  0.0%   0.0%   0.0%   0.0%   0.0%   0.0%   0.0%   0.0%   0.0%   0.0%   0.0%   0.0%   0.0%   0.0%   0.0%   0.0%   0.0%   0.0%   0.0%   0.0% 	Avg.:  0.0% 
	  0.0%   0.0%   0.0%   0.0%   0.0%   0.0%   0.0%   0.0%   0.0%   0.0%   0.0%   0.0%   0.0%   0.0%   0.0%   0.0%   0.0%   0.0%   0.0%   0.0% 	Avg.:  0.0% 
	  0.0%   0.0%   0.0%   0.0%   0.0%   0.0%   0.0%   0.0%   0.0%   0.0%   0.0%   0.0%   0.0%   0.0%   0.0%   0.0%   0.0%   0.0%   0.0%   0.0% 	Avg.:  0.0% 
	  0.0%   0.0%   0.0%   0.0%   0.0%   0.0%   0.0%   0.0%   0.0%   0.0%   0.0%   0.0%   0.0%   0.0%   0.0%   0.0%   0.0%   0.0%   0.0%   0.0% 	Avg.:  0.0% 
	  0.0%   0.0%   0.0%   0.0%   0.0%   0.0%   0.0%   0.0%   0.0%   0.0%   0.0%   0.0%   0.0%   0.0%   0.0%   0.0%   0.0%   0.0%   0.0%   0.0% 	Avg.:  0.0% 
	  0.0%   0.0%   0.0%   0.0%   0.0%   0.0%   0.0%   0.0%   0.0%   0.0%   0.0%   0.0%   0.0%   0.0%   0.0%   0.0%   0.0%   0.0%   0.0%   0.0% 	Avg.:  0.0% 
	  0.0%   0.0%   0.0%   0.0%   0.0%   0.0%   0.0%   0.0%   0.0%   0.0%   0.0%   0.0%   0.0%   0.0%   0.0%   0.0%   0.0%   0.0%   0.0%   0.0% 	Avg.:  0.0% 
	  0.0%   0.0%   0.0%   0.0%   0.0%   0.0%   0.0%   0.0%   0.0%   0.0%   0.0%   0.0%   0.0%   0.0%   0.0%   0.0%   0.0%   0.0%   0.0%   0.0% 	Avg.:  0.0% 
	  0.0%   0.0%   0.0%   0.0%   0.0%   0.0%   0.0%   0.0%   0.0%   0.0%   0.0%   0.0%   0.0%   0.0%   0.0%   0.0%   0.0%   0.0%   0.0%   0.0% 	Avg.:  0.0% 
	  0.0%   0.0%   0.0%   0.0%   0.0%   0.0%   0.0%   0.0%   0.0%   0.0%   0.0%   0.0%   0.0%   0.0%   0.0%   0.0%   0.0%   0.0%   0.0%   0.0% 	Avg.:  0.0% 
	  0.0%   0.0%   0.0%   0.0%   0.0%   0.0%   0.0%   0.0%   0.0%   0.0%   0.0%   0.0%   0.0%   0.0%   0.0%   0.0%   0.0%   0.0%   0.0%   0.0% 	Avg.:  0.0% 
	  0.0%   0.0%   0.0%   0.0%   0.0%   0.0%   0.0%   0.0%   0.0%   0.0%   0.0%   0.0%   0.0%   0.0%   0.0%   0.0%   0.0%   0.0%   0.0%   0.0% 	Avg.:  0.0% 
	  0.0%   0.0%   0.0%   0.0%   0.0%   0.0%   0.0%   0.0%   0.0%   0.0%   0.0%   0.0%   0.0%   0.0%   0.0%   0.0%   0.0%   0.0%   0.0%   0.0% 	Avg.:  0.0% 
************************************************************************************************************
[Elapsed time = 0.8 h]
Done!
