START_TASK=12 STOP_TASK=13
============================================================================================================
Arguments =
	approach: l2p
	batch_size: 64
	classes_first_task: None
	clipping: 10000
	crop: 224
	data_path: ../data/inat200
	dataset: inat200
	eval_on_train: False
	experiment_path: None
	fix_bn: False
	freeze_backbone: True
	gpu: 0
	gpus: [0]
	increment: 10
	last_layer_analysis: True
	log: ['disk']
	lr: 0.01
	lr_factor: None
	lr_min: 0.0001
	lr_patience: None
	lr_scheduler: cosine
	lr_warmup_epochs: 0
	momentum: 0.0
	multi_softmax: False
	nepochs: 90
	network: vit_base_patch16_224_prompt
	no_cudnn_deterministic: False
	normalize: in21k
	num_workers: 2
	optimizer_name: sgd
	pin_memory: False
	pretrained: True
	resize: 224
	results_path: ./results
	save_models: True
	seed: 0
	start_at_task: 12
	start_epoch: 0
	stop_at_task: 13
	stop_epoch: 0
	use_valid_only: False
	warmup_lr_factor: 1.0
	warmup_nepochs: 0
	weight_decay: 0.0
============================================================================================================
Approach arguments =
	lamb: 0.5
============================================================================================================
Exemplars arguments =
============================================================================================================
WARNING: ./results/vit_base_patch16_224_prompt/inat200/l2p/10 already exists!
Loaded acc_taw from: ./results/vit_base_patch16_224_prompt/inat200/l2p/10/acc_taw-11.txt
Loaded acc_tag from: ./results/vit_base_patch16_224_prompt/inat200/l2p/10/acc_tag-11.txt
Loaded forg_taw from: ./results/vit_base_patch16_224_prompt/inat200/l2p/10/forg_taw-11.txt
Loaded forg_tag from: ./results/vit_base_patch16_224_prompt/inat200/l2p/10/forg_tag-11.txt
************************************************************************************************************
Task 12  [epochs 0-90]
************************************************************************************************************
[DEBUG] trainable params -> backbone:0 heads:99970 total:99970
[params] total:171,747,202  trainable:146,050  tensors:328  trainable_tensors:28
| Epoch   1, time= 28.7s | Train: skip eval | Valid: time=  2.5s loss=1.841, TAw acc= 76.8% | * lr=1.0e-02
| Epoch   2, time= 28.1s | Train: skip eval | Valid: time=  2.5s loss=1.546, TAw acc= 86.2% | * lr=1.0e-02
| Epoch   3, time= 28.0s | Train: skip eval | Valid: time=  2.7s loss=1.305, TAw acc= 88.2% | * lr=1.0e-02
| Epoch   4, time= 28.0s | Train: skip eval | Valid: time=  2.5s loss=1.111, TAw acc= 89.2% | * lr=1.0e-02
| Epoch   5, time= 28.0s | Train: skip eval | Valid: time=  2.5s loss=0.958, TAw acc= 88.8% | * lr=9.9e-03
| Epoch   6, time= 28.0s | Train: skip eval | Valid: time=  2.5s loss=0.837, TAw acc= 89.2% | * lr=9.9e-03
| Epoch   7, time= 28.0s | Train: skip eval | Valid: time=  2.5s loss=0.740, TAw acc= 89.5% | * lr=9.9e-03
| Epoch   8, time= 28.1s | Train: skip eval | Valid: time=  2.5s loss=0.662, TAw acc= 90.0% | * lr=9.8e-03
| Epoch   9, time= 28.0s | Train: skip eval | Valid: time=  2.5s loss=0.598, TAw acc= 90.0% | * lr=9.8e-03
| Epoch  10, time= 28.0s | Train: skip eval | Valid: time=  2.5s loss=0.545, TAw acc= 90.2% | * lr=9.7e-03
| Epoch  11, time= 28.0s | Train: skip eval | Valid: time=  2.5s loss=0.500, TAw acc= 90.5% | * lr=9.6e-03
| Epoch  12, time= 28.1s | Train: skip eval | Valid: time=  2.5s loss=0.463, TAw acc= 90.2% | * lr=9.6e-03
| Epoch  13, time= 28.1s | Train: skip eval | Valid: time=  2.5s loss=0.430, TAw acc= 90.2% | * lr=9.5e-03
| Epoch  14, time= 28.0s | Train: skip eval | Valid: time=  2.7s loss=0.403, TAw acc= 90.2% | * lr=9.4e-03
| Epoch  15, time= 28.1s | Train: skip eval | Valid: time=  2.5s loss=0.379, TAw acc= 90.2% | * lr=9.3e-03
| Epoch  16, time= 28.2s | Train: skip eval | Valid: time=  2.5s loss=0.358, TAw acc= 90.8% | * lr=9.2e-03
| Epoch  17, time= 28.2s | Train: skip eval | Valid: time=  2.5s loss=0.338, TAw acc= 90.8% | * lr=9.2e-03
| Epoch  18, time= 28.2s | Train: skip eval | Valid: time=  2.7s loss=0.321, TAw acc= 91.0% | * lr=9.1e-03
| Epoch  19, time= 28.2s | Train: skip eval | Valid: time=  2.5s loss=0.306, TAw acc= 91.0% | * lr=9.0e-03
| Epoch  20, time= 28.3s | Train: skip eval | Valid: time=  2.5s loss=0.292, TAw acc= 91.0% | * lr=8.8e-03
| Epoch  21, time= 28.1s | Train: skip eval | Valid: time=  2.5s loss=0.280, TAw acc= 90.8% | * lr=8.7e-03
| Epoch  22, time= 28.1s | Train: skip eval | Valid: time=  2.5s loss=0.269, TAw acc= 91.0% | * lr=8.6e-03
| Epoch  23, time= 28.3s | Train: skip eval | Valid: time=  2.5s loss=0.259, TAw acc= 91.0% | * lr=8.5e-03
| Epoch  24, time= 28.1s | Train: skip eval | Valid: time=  2.7s loss=0.250, TAw acc= 91.2% | * lr=8.4e-03
| Epoch  25, time= 28.1s | Train: skip eval | Valid: time=  2.7s loss=0.241, TAw acc= 91.2% | * lr=8.2e-03
| Epoch  26, time= 28.2s | Train: skip eval | Valid: time=  2.5s loss=0.233, TAw acc= 91.2% | * lr=8.1e-03
| Epoch  27, time= 28.0s | Train: skip eval | Valid: time=  2.5s loss=0.226, TAw acc= 91.2% | * lr=8.0e-03
| Epoch  28, time= 28.2s | Train: skip eval | Valid: time=  2.5s loss=0.219, TAw acc= 91.2% | * lr=7.8e-03
| Epoch  29, time= 28.2s | Train: skip eval | Valid: time=  2.5s loss=0.213, TAw acc= 91.5% | * lr=7.7e-03
| Epoch  30, time= 28.1s | Train: skip eval | Valid: time=  2.6s loss=0.207, TAw acc= 91.5% | * lr=7.5e-03
| Epoch  31, time= 28.0s | Train: skip eval | Valid: time=  2.7s loss=0.202, TAw acc= 91.5% | * lr=7.4e-03
| Epoch  32, time= 27.9s | Train: skip eval | Valid: time=  2.5s loss=0.197, TAw acc= 91.5% | * lr=7.2e-03
| Epoch  33, time= 28.0s | Train: skip eval | Valid: time=  2.5s loss=0.192, TAw acc= 91.5% | * lr=7.1e-03
| Epoch  34, time= 28.1s | Train: skip eval | Valid: time=  2.5s loss=0.188, TAw acc= 91.5% | * lr=6.9e-03
| Epoch  35, time= 28.1s | Train: skip eval | Valid: time=  2.6s loss=0.184, TAw acc= 91.5% | * lr=6.7e-03
| Epoch  36, time= 28.1s | Train: skip eval | Valid: time=  2.5s loss=0.180, TAw acc= 91.5% | * lr=6.6e-03
| Epoch  37, time= 28.1s | Train: skip eval | Valid: time=  2.5s loss=0.176, TAw acc= 91.5% | * lr=6.4e-03
| Epoch  38, time= 28.0s | Train: skip eval | Valid: time=  2.5s loss=0.173, TAw acc= 91.5% | * lr=6.2e-03
| Epoch  39, time= 28.1s | Train: skip eval | Valid: time=  2.5s loss=0.170, TAw acc= 91.5% | * lr=6.1e-03
| Epoch  40, time= 28.1s | Train: skip eval | Valid: time=  2.5s loss=0.167, TAw acc= 91.5% | * lr=5.9e-03
| Epoch  41, time= 28.0s | Train: skip eval | Valid: time=  2.5s loss=0.164, TAw acc= 91.5% | * lr=5.7e-03
| Epoch  42, time= 28.1s | Train: skip eval | Valid: time=  2.5s loss=0.161, TAw acc= 91.2% | * lr=5.6e-03
| Epoch  43, time= 28.2s | Train: skip eval | Valid: time=  2.5s loss=0.159, TAw acc= 91.2% | * lr=5.4e-03
| Epoch  44, time= 28.2s | Train: skip eval | Valid: time=  2.5s loss=0.156, TAw acc= 91.2% | * lr=5.2e-03
| Epoch  45, time= 28.3s | Train: skip eval | Valid: time=  2.5s loss=0.154, TAw acc= 91.2% | * lr=5.1e-03
| Epoch  46, time= 28.2s | Train: skip eval | Valid: time=  2.7s loss=0.152, TAw acc= 91.5% | * lr=4.9e-03
| Epoch  47, time= 28.4s | Train: skip eval | Valid: time=  2.5s loss=0.150, TAw acc= 91.5% | * lr=4.7e-03
| Epoch  48, time= 28.3s | Train: skip eval | Valid: time=  2.5s loss=0.148, TAw acc= 91.2% | * lr=4.5e-03
| Epoch  49, time= 28.2s | Train: skip eval | Valid: time=  2.6s loss=0.146, TAw acc= 91.2% | * lr=4.4e-03
| Epoch  50, time= 28.1s | Train: skip eval | Valid: time=  2.5s loss=0.144, TAw acc= 91.2% | * lr=4.2e-03
| Epoch  51, time= 28.0s | Train: skip eval | Valid: time=  2.7s loss=0.143, TAw acc= 91.2% | * lr=4.0e-03
| Epoch  52, time= 28.1s | Train: skip eval | Valid: time=  2.7s loss=0.141, TAw acc= 91.5% | * lr=3.9e-03
| Epoch  53, time= 28.0s | Train: skip eval | Valid: time=  2.5s loss=0.140, TAw acc= 91.5% | * lr=3.7e-03
| Epoch  54, time= 28.0s | Train: skip eval | Valid: time=  2.5s loss=0.139, TAw acc= 91.5% | * lr=3.5e-03
| Epoch  55, time= 28.1s | Train: skip eval | Valid: time=  2.7s loss=0.137, TAw acc= 91.5% | * lr=3.4e-03
| Epoch  56, time= 28.0s | Train: skip eval | Valid: time=  2.7s loss=0.136, TAw acc= 91.5% | * lr=3.2e-03
| Epoch  57, time= 28.2s | Train: skip eval | Valid: time=  2.7s loss=0.135, TAw acc= 91.5% | * lr=3.0e-03
| Epoch  58, time= 28.1s | Train: skip eval | Valid: time=  2.5s loss=0.134, TAw acc= 91.5% | * lr=2.9e-03
| Epoch  59, time= 28.1s | Train: skip eval | Valid: time=  2.5s loss=0.133, TAw acc= 91.5% | * lr=2.7e-03
| Epoch  60, time= 28.2s | Train: skip eval | Valid: time=  2.5s loss=0.132, TAw acc= 91.5% | * lr=2.6e-03
| Epoch  61, time= 28.2s | Train: skip eval | Valid: time=  2.5s loss=0.131, TAw acc= 91.5% | * lr=2.4e-03
| Epoch  62, time= 28.2s | Train: skip eval | Valid: time=  2.5s loss=0.131, TAw acc= 91.5% | * lr=2.3e-03
| Epoch  63, time= 28.0s | Train: skip eval | Valid: time=  2.5s loss=0.130, TAw acc= 91.5% | * lr=2.1e-03
| Epoch  64, time= 28.1s | Train: skip eval | Valid: time=  2.5s loss=0.129, TAw acc= 91.5% | * lr=2.0e-03
| Epoch  65, time= 28.2s | Train: skip eval | Valid: time=  2.6s loss=0.128, TAw acc= 91.5% | * lr=1.9e-03
| Epoch  66, time= 28.1s | Train: skip eval | Valid: time=  2.5s loss=0.128, TAw acc= 91.5% | * lr=1.7e-03
| Epoch  67, time= 27.9s | Train: skip eval | Valid: time=  2.5s loss=0.127, TAw acc= 91.5% | * lr=1.6e-03
| Epoch  68, time= 28.0s | Train: skip eval | Valid: time=  2.5s loss=0.127, TAw acc= 91.5% | * lr=1.5e-03
| Epoch  69, time= 28.0s | Train: skip eval | Valid: time=  2.5s loss=0.126, TAw acc= 91.5% | * lr=1.4e-03
| Epoch  70, time= 28.1s | Train: skip eval | Valid: time=  2.7s loss=0.126, TAw acc= 91.5% | * lr=1.3e-03
| Epoch  71, time= 28.3s | Train: skip eval | Valid: time=  2.5s loss=0.125, TAw acc= 91.5% | * lr=1.1e-03
| Epoch  72, time= 28.1s | Train: skip eval | Valid: time=  2.5s loss=0.125, TAw acc= 91.5% | * lr=1.0e-03
| Epoch  73, time= 28.2s | Train: skip eval | Valid: time=  2.7s loss=0.124, TAw acc= 91.5% | * lr=9.5e-04
| Epoch  74, time= 28.3s | Train: skip eval | Valid: time=  2.5s loss=0.124, TAw acc= 91.5% | * lr=8.5e-04
| Epoch  75, time= 28.3s | Train: skip eval | Valid: time=  2.5s loss=0.124, TAw acc= 91.5% | * lr=7.6e-04
| Epoch  76, time= 28.4s | Train: skip eval | Valid: time=  2.5s loss=0.124, TAw acc= 91.5% | * lr=6.8e-04
| Epoch  77, time= 28.4s | Train: skip eval | Valid: time=  2.5s loss=0.124, TAw acc= 91.5% | * lr=6.0e-04
| Epoch  78, time= 28.5s | Train: skip eval | Valid: time=  2.5s loss=0.123, TAw acc= 91.5% | * lr=5.3e-04
| Epoch  79, time= 28.2s | Train: skip eval | Valid: time=  2.5s loss=0.123, TAw acc= 91.5% | * lr=4.6e-04
| Epoch  80, time= 28.2s | Train: skip eval | Valid: time=  2.5s loss=0.123, TAw acc= 91.5% | * lr=4.0e-04
| Epoch  81, time= 28.2s | Train: skip eval | Valid: time=  2.5s loss=0.123, TAw acc= 91.5% | * lr=3.4e-04
| Epoch  82, time= 28.3s | Train: skip eval | Valid: time=  2.7s loss=0.123, TAw acc= 91.5% | * lr=2.9e-04
| Epoch  83, time= 28.4s | Train: skip eval | Valid: time=  2.5s loss=0.123, TAw acc= 91.5% | * lr=2.5e-04
| Epoch  84, time= 28.2s | Train: skip eval | Valid: time=  2.5s loss=0.123, TAw acc= 91.5% | * lr=2.1e-04
| Epoch  85, time= 28.2s | Train: skip eval | Valid: time=  2.5s loss=0.123, TAw acc= 91.5% | * lr=1.8e-04
| Epoch  86, time= 28.2s | Train: skip eval | Valid: time=  2.5s loss=0.122, TAw acc= 91.5% | * lr=1.5e-04
| Epoch  87, time= 28.2s | Train: skip eval | Valid: time=  2.5s loss=0.123, TAw acc= 91.5% | lr=1.3e-04
| Epoch  88, time= 28.1s | Train: skip eval | Valid: time=  2.5s loss=0.122, TAw acc= 91.5% | lr=1.1e-04
| Epoch  89, time= 28.0s | Train: skip eval | Valid: time=  2.5s loss=0.122, TAw acc= 91.5% | lr=1.0e-04
| Epoch  90, time= 28.1s | Train: skip eval | Valid: time=  2.5s loss=0.122, TAw acc= 91.5% | * lr=1.0e-04
------------------------------------------------------------------------------------------------------------
>>> Test on task  0 : loss=0.203 | TAw acc= 92.1%, forg=  0.0% | TAg acc= 59.0%, forg= 32.7% <<<
>>> Test on task  1 : loss=0.299 | TAw acc= 90.3%, forg=  0.0% | TAg acc= 58.7%, forg= 20.1% <<<
>>> Test on task  2 : loss=0.153 | TAw acc= 93.6%, forg=  0.0% | TAg acc= 62.5%, forg= 24.4% <<<
>>> Test on task  3 : loss=0.302 | TAw acc= 87.4%, forg=  0.4% | TAg acc= 57.1%, forg= 16.3% <<<
>>> Test on task  4 : loss=0.361 | TAw acc= 87.8%, forg=  0.2% | TAg acc= 57.6%, forg= 10.2% <<<
>>> Test on task  5 : loss=0.282 | TAw acc= 88.6%, forg=  0.0% | TAg acc= 64.3%, forg= 10.3% <<<
>>> Test on task  6 : loss=0.242 | TAw acc= 89.8%, forg=  0.2% | TAg acc= 67.2%, forg=  4.5% <<<
>>> Test on task  7 : loss=0.222 | TAw acc= 90.4%, forg=  0.3% | TAg acc= 68.0%, forg=  4.7% <<<
>>> Test on task  8 : loss=0.272 | TAw acc= 90.0%, forg=  0.2% | TAg acc= 59.6%, forg=  4.2% <<<
>>> Test on task  9 : loss=0.226 | TAw acc= 90.3%, forg=  0.2% | TAg acc= 59.1%, forg=  5.5% <<<
>>> Test on task 10 : loss=0.310 | TAw acc= 87.4%, forg=  0.1% | TAg acc= 57.2%, forg=  2.5% <<<
>>> Test on task 11 : loss=0.229 | TAw acc= 90.8%, forg=  0.2% | TAg acc= 64.3%, forg=  1.0% <<<
>>> Test on task 12 : loss=0.131 | TAw acc= 92.6%, forg=  0.0% | TAg acc= 70.4%, forg=  0.0% <<<
Save at ./results/./results/vit_base_patch16_224_prompt/inat200/l2p/10
************************************************************************************************************
TAw Acc
	 91.7%   0.0%   0.0%   0.0%   0.0%   0.0%   0.0%   0.0%   0.0%   0.0%   0.0%   0.0%   0.0%   0.0%   0.0%   0.0%   0.0%   0.0%   0.0%   0.0% 	Avg.: 91.7% 
	 91.8%  89.3%   0.0%   0.0%   0.0%   0.0%   0.0%   0.0%   0.0%   0.0%   0.0%   0.0%   0.0%   0.0%   0.0%   0.0%   0.0%   0.0%   0.0%   0.0% 	Avg.: 90.6% 
	 91.9%  89.6%  93.3%   0.0%   0.0%   0.0%   0.0%   0.0%   0.0%   0.0%   0.0%   0.0%   0.0%   0.0%   0.0%   0.0%   0.0%   0.0%   0.0%   0.0% 	Avg.: 91.6% 
	 91.9%  89.6%  93.3%  87.7%   0.0%   0.0%   0.0%   0.0%   0.0%   0.0%   0.0%   0.0%   0.0%   0.0%   0.0%   0.0%   0.0%   0.0%   0.0%   0.0% 	Avg.: 90.6% 
	 91.9%  89.7%  93.2%  87.8%  87.9%   0.0%   0.0%   0.0%   0.0%   0.0%   0.0%   0.0%   0.0%   0.0%   0.0%   0.0%   0.0%   0.0%   0.0%   0.0% 	Avg.: 90.1% 
	 91.8%  89.7%  93.2%  87.6%  87.8%  88.5%   0.0%   0.0%   0.0%   0.0%   0.0%   0.0%   0.0%   0.0%   0.0%   0.0%   0.0%   0.0%   0.0%   0.0% 	Avg.: 89.8% 
	 91.9%  89.6%  93.1%  87.3%  88.0%  88.6%  89.8%   0.0%   0.0%   0.0%   0.0%   0.0%   0.0%   0.0%   0.0%   0.0%   0.0%   0.0%   0.0%   0.0% 	Avg.: 89.8% 
	 91.8%  89.6%  93.3%  87.4%  87.9%  88.1%  90.0%  90.7%   0.0%   0.0%   0.0%   0.0%   0.0%   0.0%   0.0%   0.0%   0.0%   0.0%   0.0%   0.0% 	Avg.: 89.8% 
	 91.9%  90.1%  93.4%  87.7%  87.9%  88.4%  89.7%  90.4%  90.2%   0.0%   0.0%   0.0%   0.0%   0.0%   0.0%   0.0%   0.0%   0.0%   0.0%   0.0% 	Avg.: 90.0% 
	 91.7%  90.1%  93.6%  87.7%  87.9%  88.5%  90.0%  90.2%  89.7%  90.5%   0.0%   0.0%   0.0%   0.0%   0.0%   0.0%   0.0%   0.0%   0.0%   0.0% 	Avg.: 90.0% 
	 92.1%  90.2%  93.4%  87.5%  87.8%  88.4%  89.8%  90.7%  89.7%  90.3%  87.3%   0.0%   0.0%   0.0%   0.0%   0.0%   0.0%   0.0%   0.0%   0.0% 	Avg.: 89.7% 
	 92.1%  90.3%  93.5%  87.6%  87.7%  88.6%  89.9%  90.4%  89.9%  90.2%  87.5%  91.0%   0.0%   0.0%   0.0%   0.0%   0.0%   0.0%   0.0%   0.0% 	Avg.: 89.9% 
	 92.1%  90.3%  93.6%  87.4%  87.8%  88.6%  89.8%  90.4%  90.0%  90.3%  87.4%  90.8%  92.6%   0.0%   0.0%   0.0%   0.0%   0.0%   0.0%   0.0% 	Avg.: 90.1% 
	  0.0%   0.0%   0.0%   0.0%   0.0%   0.0%   0.0%   0.0%   0.0%   0.0%   0.0%   0.0%   0.0%   0.0%   0.0%   0.0%   0.0%   0.0%   0.0%   0.0% 	Avg.:  0.0% 
	  0.0%   0.0%   0.0%   0.0%   0.0%   0.0%   0.0%   0.0%   0.0%   0.0%   0.0%   0.0%   0.0%   0.0%   0.0%   0.0%   0.0%   0.0%   0.0%   0.0% 	Avg.:  0.0% 
	  0.0%   0.0%   0.0%   0.0%   0.0%   0.0%   0.0%   0.0%   0.0%   0.0%   0.0%   0.0%   0.0%   0.0%   0.0%   0.0%   0.0%   0.0%   0.0%   0.0% 	Avg.:  0.0% 
	  0.0%   0.0%   0.0%   0.0%   0.0%   0.0%   0.0%   0.0%   0.0%   0.0%   0.0%   0.0%   0.0%   0.0%   0.0%   0.0%   0.0%   0.0%   0.0%   0.0% 	Avg.:  0.0% 
	  0.0%   0.0%   0.0%   0.0%   0.0%   0.0%   0.0%   0.0%   0.0%   0.0%   0.0%   0.0%   0.0%   0.0%   0.0%   0.0%   0.0%   0.0%   0.0%   0.0% 	Avg.:  0.0% 
	  0.0%   0.0%   0.0%   0.0%   0.0%   0.0%   0.0%   0.0%   0.0%   0.0%   0.0%   0.0%   0.0%   0.0%   0.0%   0.0%   0.0%   0.0%   0.0%   0.0% 	Avg.:  0.0% 
	  0.0%   0.0%   0.0%   0.0%   0.0%   0.0%   0.0%   0.0%   0.0%   0.0%   0.0%   0.0%   0.0%   0.0%   0.0%   0.0%   0.0%   0.0%   0.0%   0.0% 	Avg.:  0.0% 
************************************************************************************************************
TAg Acc
	 91.7%   0.0%   0.0%   0.0%   0.0%   0.0%   0.0%   0.0%   0.0%   0.0%   0.0%   0.0%   0.0%   0.0%   0.0%   0.0%   0.0%   0.0%   0.0%   0.0% 	Avg.: 91.7% 
	 87.6%  78.8%   0.0%   0.0%   0.0%   0.0%   0.0%   0.0%   0.0%   0.0%   0.0%   0.0%   0.0%   0.0%   0.0%   0.0%   0.0%   0.0%   0.0%   0.0% 	Avg.: 83.2% 
	 83.0%  76.5%  86.9%   0.0%   0.0%   0.0%   0.0%   0.0%   0.0%   0.0%   0.0%   0.0%   0.0%   0.0%   0.0%   0.0%   0.0%   0.0%   0.0%   0.0% 	Avg.: 82.1% 
	 80.7%  72.2%  84.6%  73.4%   0.0%   0.0%   0.0%   0.0%   0.0%   0.0%   0.0%   0.0%   0.0%   0.0%   0.0%   0.0%   0.0%   0.0%   0.0%   0.0% 	Avg.: 77.7% 
	 77.7%  71.3%  83.7%  71.3%  67.8%   0.0%   0.0%   0.0%   0.0%   0.0%   0.0%   0.0%   0.0%   0.0%   0.0%   0.0%   0.0%   0.0%   0.0%   0.0% 	Avg.: 74.4% 
	 73.8%  70.9%  82.0%  66.3%  64.7%  74.6%   0.0%   0.0%   0.0%   0.0%   0.0%   0.0%   0.0%   0.0%   0.0%   0.0%   0.0%   0.0%   0.0%   0.0% 	Avg.: 72.1% 
	 69.6%  67.1%  71.2%  66.0%  64.9%  73.4%  71.7%   0.0%   0.0%   0.0%   0.0%   0.0%   0.0%   0.0%   0.0%   0.0%   0.0%   0.0%   0.0%   0.0% 	Avg.: 69.1% 
	 68.2%  65.0%  67.1%  64.2%  61.5%  72.8%  69.6%  72.7%   0.0%   0.0%   0.0%   0.0%   0.0%   0.0%   0.0%   0.0%   0.0%   0.0%   0.0%   0.0% 	Avg.: 67.6% 
	 67.4%  60.5%  66.7%  62.6%  59.5%  72.9%  69.6%  71.6%  63.8%   0.0%   0.0%   0.0%   0.0%   0.0%   0.0%   0.0%   0.0%   0.0%   0.0%   0.0% 	Avg.: 66.1% 
	 63.7%  59.7%  65.5%  61.1%  59.1%  71.3%  68.9%  69.5%  63.1%  64.6%   0.0%   0.0%   0.0%   0.0%   0.0%   0.0%   0.0%   0.0%   0.0%   0.0% 	Avg.: 64.7% 
	 61.3%  59.9%  64.4%  59.9%  58.5%  67.0%  67.5%  68.8%  62.3%  63.6%  59.7%   0.0%   0.0%   0.0%   0.0%   0.0%   0.0%   0.0%   0.0%   0.0% 	Avg.: 63.0% 
	 59.9%  59.8%  63.6%  57.2%  57.9%  65.0%  67.4%  68.4%  60.7%  62.2%  58.4%  65.3%   0.0%   0.0%   0.0%   0.0%   0.0%   0.0%   0.0%   0.0% 	Avg.: 62.1% 
	 59.0%  58.7%  62.5%  57.1%  57.6%  64.3%  67.2%  68.0%  59.6%  59.1%  57.2%  64.3%  70.4%   0.0%   0.0%   0.0%   0.0%   0.0%   0.0%   0.0% 	Avg.: 61.9% 
	  0.0%   0.0%   0.0%   0.0%   0.0%   0.0%   0.0%   0.0%   0.0%   0.0%   0.0%   0.0%   0.0%   0.0%   0.0%   0.0%   0.0%   0.0%   0.0%   0.0% 	Avg.:  0.0% 
	  0.0%   0.0%   0.0%   0.0%   0.0%   0.0%   0.0%   0.0%   0.0%   0.0%   0.0%   0.0%   0.0%   0.0%   0.0%   0.0%   0.0%   0.0%   0.0%   0.0% 	Avg.:  0.0% 
	  0.0%   0.0%   0.0%   0.0%   0.0%   0.0%   0.0%   0.0%   0.0%   0.0%   0.0%   0.0%   0.0%   0.0%   0.0%   0.0%   0.0%   0.0%   0.0%   0.0% 	Avg.:  0.0% 
	  0.0%   0.0%   0.0%   0.0%   0.0%   0.0%   0.0%   0.0%   0.0%   0.0%   0.0%   0.0%   0.0%   0.0%   0.0%   0.0%   0.0%   0.0%   0.0%   0.0% 	Avg.:  0.0% 
	  0.0%   0.0%   0.0%   0.0%   0.0%   0.0%   0.0%   0.0%   0.0%   0.0%   0.0%   0.0%   0.0%   0.0%   0.0%   0.0%   0.0%   0.0%   0.0%   0.0% 	Avg.:  0.0% 
	  0.0%   0.0%   0.0%   0.0%   0.0%   0.0%   0.0%   0.0%   0.0%   0.0%   0.0%   0.0%   0.0%   0.0%   0.0%   0.0%   0.0%   0.0%   0.0%   0.0% 	Avg.:  0.0% 
	  0.0%   0.0%   0.0%   0.0%   0.0%   0.0%   0.0%   0.0%   0.0%   0.0%   0.0%   0.0%   0.0%   0.0%   0.0%   0.0%   0.0%   0.0%   0.0%   0.0% 	Avg.:  0.0% 
************************************************************************************************************
TAw Forg
	  0.0%   0.0%   0.0%   0.0%   0.0%   0.0%   0.0%   0.0%   0.0%   0.0%   0.0%   0.0%   0.0%   0.0%   0.0%   0.0%   0.0%   0.0%   0.0%   0.0% 
	 -0.1%   0.0%   0.0%   0.0%   0.0%   0.0%   0.0%   0.0%   0.0%   0.0%   0.0%   0.0%   0.0%   0.0%   0.0%   0.0%   0.0%   0.0%   0.0%   0.0% 	Avg.: -0.1% 
	 -0.1%  -0.3%   0.0%   0.0%   0.0%   0.0%   0.0%   0.0%   0.0%   0.0%   0.0%   0.0%   0.0%   0.0%   0.0%   0.0%   0.0%   0.0%   0.0%   0.0% 	Avg.: -0.2% 
	  0.0%   0.0%   0.0%   0.0%   0.0%   0.0%   0.0%   0.0%   0.0%   0.0%   0.0%   0.0%   0.0%   0.0%   0.0%   0.0%   0.0%   0.0%   0.0%   0.0% 	Avg.:  0.0% 
	  0.0%  -0.1%   0.1%  -0.1%   0.0%   0.0%   0.0%   0.0%   0.0%   0.0%   0.0%   0.0%   0.0%   0.0%   0.0%   0.0%   0.0%   0.0%   0.0%   0.0% 	Avg.: -0.0% 
	  0.1%   0.0%   0.1%   0.2%   0.1%   0.0%   0.0%   0.0%   0.0%   0.0%   0.0%   0.0%   0.0%   0.0%   0.0%   0.0%   0.0%   0.0%   0.0%   0.0% 	Avg.:  0.1% 
	  0.0%   0.1%   0.2%   0.5%  -0.1%  -0.1%   0.0%   0.0%   0.0%   0.0%   0.0%   0.0%   0.0%   0.0%   0.0%   0.0%   0.0%   0.0%   0.0%   0.0% 	Avg.:  0.1% 
	  0.1%   0.1%   0.0%   0.4%   0.1%   0.5%  -0.2%   0.0%   0.0%   0.0%   0.0%   0.0%   0.0%   0.0%   0.0%   0.0%   0.0%   0.0%   0.0%   0.0% 	Avg.:  0.1% 
	  0.0%  -0.4%  -0.1%   0.1%   0.1%   0.2%   0.3%   0.3%   0.0%   0.0%   0.0%   0.0%   0.0%   0.0%   0.0%   0.0%   0.0%   0.0%   0.0%   0.0% 	Avg.:  0.1% 
	  0.2%   0.0%  -0.2%   0.1%   0.1%   0.1%   0.0%   0.5%   0.5%   0.0%   0.0%   0.0%   0.0%   0.0%   0.0%   0.0%   0.0%   0.0%   0.0%   0.0% 	Avg.:  0.1% 
	 -0.2%  -0.1%   0.2%   0.3%   0.2%   0.2%   0.2%   0.0%   0.5%   0.2%   0.0%   0.0%   0.0%   0.0%   0.0%   0.0%   0.0%   0.0%   0.0%   0.0% 	Avg.:  0.2% 
	  0.0%  -0.1%   0.1%   0.2%   0.3%   0.0%   0.1%   0.3%   0.3%   0.3%  -0.2%   0.0%   0.0%   0.0%   0.0%   0.0%   0.0%   0.0%   0.0%   0.0% 	Avg.:  0.1% 
	  0.0%   0.0%   0.0%   0.4%   0.2%   0.0%   0.2%   0.3%   0.2%   0.2%   0.1%   0.2%   0.0%   0.0%   0.0%   0.0%   0.0%   0.0%   0.0%   0.0% 	Avg.:  0.2% 
	  0.0%   0.0%   0.0%   0.0%   0.0%   0.0%   0.0%   0.0%   0.0%   0.0%   0.0%   0.0%   0.0%   0.0%   0.0%   0.0%   0.0%   0.0%   0.0%   0.0% 	Avg.:  0.0% 
	  0.0%   0.0%   0.0%   0.0%   0.0%   0.0%   0.0%   0.0%   0.0%   0.0%   0.0%   0.0%   0.0%   0.0%   0.0%   0.0%   0.0%   0.0%   0.0%   0.0% 	Avg.:  0.0% 
	  0.0%   0.0%   0.0%   0.0%   0.0%   0.0%   0.0%   0.0%   0.0%   0.0%   0.0%   0.0%   0.0%   0.0%   0.0%   0.0%   0.0%   0.0%   0.0%   0.0% 	Avg.:  0.0% 
	  0.0%   0.0%   0.0%   0.0%   0.0%   0.0%   0.0%   0.0%   0.0%   0.0%   0.0%   0.0%   0.0%   0.0%   0.0%   0.0%   0.0%   0.0%   0.0%   0.0% 	Avg.:  0.0% 
	  0.0%   0.0%   0.0%   0.0%   0.0%   0.0%   0.0%   0.0%   0.0%   0.0%   0.0%   0.0%   0.0%   0.0%   0.0%   0.0%   0.0%   0.0%   0.0%   0.0% 	Avg.:  0.0% 
	  0.0%   0.0%   0.0%   0.0%   0.0%   0.0%   0.0%   0.0%   0.0%   0.0%   0.0%   0.0%   0.0%   0.0%   0.0%   0.0%   0.0%   0.0%   0.0%   0.0% 	Avg.:  0.0% 
	  0.0%   0.0%   0.0%   0.0%   0.0%   0.0%   0.0%   0.0%   0.0%   0.0%   0.0%   0.0%   0.0%   0.0%   0.0%   0.0%   0.0%   0.0%   0.0%   0.0% 	Avg.:  0.0% 
************************************************************************************************************
TAg Forg
	  0.0%   0.0%   0.0%   0.0%   0.0%   0.0%   0.0%   0.0%   0.0%   0.0%   0.0%   0.0%   0.0%   0.0%   0.0%   0.0%   0.0%   0.0%   0.0%   0.0% 
	  4.1%   0.0%   0.0%   0.0%   0.0%   0.0%   0.0%   0.0%   0.0%   0.0%   0.0%   0.0%   0.0%   0.0%   0.0%   0.0%   0.0%   0.0%   0.0%   0.0% 	Avg.:  4.1% 
	  8.7%   2.3%   0.0%   0.0%   0.0%   0.0%   0.0%   0.0%   0.0%   0.0%   0.0%   0.0%   0.0%   0.0%   0.0%   0.0%   0.0%   0.0%   0.0%   0.0% 	Avg.:  5.5% 
	 11.0%   6.6%   2.3%   0.0%   0.0%   0.0%   0.0%   0.0%   0.0%   0.0%   0.0%   0.0%   0.0%   0.0%   0.0%   0.0%   0.0%   0.0%   0.0%   0.0% 	Avg.:  6.6% 
	 14.0%   7.5%   3.2%   2.1%   0.0%   0.0%   0.0%   0.0%   0.0%   0.0%   0.0%   0.0%   0.0%   0.0%   0.0%   0.0%   0.0%   0.0%   0.0%   0.0% 	Avg.:  6.7% 
	 17.9%   7.9%   4.9%   7.1%   3.1%   0.0%   0.0%   0.0%   0.0%   0.0%   0.0%   0.0%   0.0%   0.0%   0.0%   0.0%   0.0%   0.0%   0.0%   0.0% 	Avg.:  8.2% 
	 22.1%  11.7%  15.7%   7.4%   2.9%   1.2%   0.0%   0.0%   0.0%   0.0%   0.0%   0.0%   0.0%   0.0%   0.0%   0.0%   0.0%   0.0%   0.0%   0.0% 	Avg.: 10.2% 
	 23.5%  13.8%  19.8%   9.2%   6.3%   1.8%   2.1%   0.0%   0.0%   0.0%   0.0%   0.0%   0.0%   0.0%   0.0%   0.0%   0.0%   0.0%   0.0%   0.0% 	Avg.: 10.9% 
	 24.3%  18.3%  20.2%  10.8%   8.3%   1.7%   2.1%   1.1%   0.0%   0.0%   0.0%   0.0%   0.0%   0.0%   0.0%   0.0%   0.0%   0.0%   0.0%   0.0% 	Avg.: 10.9% 
	 28.0%  19.1%  21.4%  12.3%   8.7%   3.3%   2.8%   3.2%   0.7%   0.0%   0.0%   0.0%   0.0%   0.0%   0.0%   0.0%   0.0%   0.0%   0.0%   0.0% 	Avg.: 11.1% 
	 30.4%  18.9%  22.5%  13.5%   9.3%   7.6%   4.2%   3.9%   1.5%   1.0%   0.0%   0.0%   0.0%   0.0%   0.0%   0.0%   0.0%   0.0%   0.0%   0.0% 	Avg.: 11.3% 
	 31.8%  19.0%  23.3%  16.2%   9.9%   9.6%   4.3%   4.3%   3.1%   2.4%   1.3%   0.0%   0.0%   0.0%   0.0%   0.0%   0.0%   0.0%   0.0%   0.0% 	Avg.: 11.4% 
	 32.7%  20.1%  24.4%  16.3%  10.2%  10.3%   4.5%   4.7%   4.2%   5.5%   2.5%   1.0%   0.0%   0.0%   0.0%   0.0%   0.0%   0.0%   0.0%   0.0% 	Avg.: 11.4% 
	  0.0%   0.0%   0.0%   0.0%   0.0%   0.0%   0.0%   0.0%   0.0%   0.0%   0.0%   0.0%   0.0%   0.0%   0.0%   0.0%   0.0%   0.0%   0.0%   0.0% 	Avg.:  0.0% 
	  0.0%   0.0%   0.0%   0.0%   0.0%   0.0%   0.0%   0.0%   0.0%   0.0%   0.0%   0.0%   0.0%   0.0%   0.0%   0.0%   0.0%   0.0%   0.0%   0.0% 	Avg.:  0.0% 
	  0.0%   0.0%   0.0%   0.0%   0.0%   0.0%   0.0%   0.0%   0.0%   0.0%   0.0%   0.0%   0.0%   0.0%   0.0%   0.0%   0.0%   0.0%   0.0%   0.0% 	Avg.:  0.0% 
	  0.0%   0.0%   0.0%   0.0%   0.0%   0.0%   0.0%   0.0%   0.0%   0.0%   0.0%   0.0%   0.0%   0.0%   0.0%   0.0%   0.0%   0.0%   0.0%   0.0% 	Avg.:  0.0% 
	  0.0%   0.0%   0.0%   0.0%   0.0%   0.0%   0.0%   0.0%   0.0%   0.0%   0.0%   0.0%   0.0%   0.0%   0.0%   0.0%   0.0%   0.0%   0.0%   0.0% 	Avg.:  0.0% 
	  0.0%   0.0%   0.0%   0.0%   0.0%   0.0%   0.0%   0.0%   0.0%   0.0%   0.0%   0.0%   0.0%   0.0%   0.0%   0.0%   0.0%   0.0%   0.0%   0.0% 	Avg.:  0.0% 
	  0.0%   0.0%   0.0%   0.0%   0.0%   0.0%   0.0%   0.0%   0.0%   0.0%   0.0%   0.0%   0.0%   0.0%   0.0%   0.0%   0.0%   0.0%   0.0%   0.0% 	Avg.:  0.0% 
************************************************************************************************************
[Elapsed time = 0.8 h]
Done!
