START_TASK=2 STOP_TASK=3
============================================================================================================
Arguments =
	approach: l2p
	batch_size: 64
	classes_first_task: None
	clipping: 10000
	crop: 224
	data_path: ../data/inat200
	dataset: inat200
	eval_on_train: False
	experiment_path: None
	fix_bn: False
	freeze_backbone: True
	gpu: 0
	gpus: [0]
	increment: 10
	last_layer_analysis: True
	log: ['disk']
	lr: 0.01
	lr_factor: None
	lr_min: 0.0001
	lr_patience: None
	lr_scheduler: cosine
	lr_warmup_epochs: 0
	momentum: 0.0
	multi_softmax: False
	nepochs: 90
	network: vit_base_patch16_224_prompt
	no_cudnn_deterministic: False
	normalize: in21k
	num_workers: 2
	optimizer_name: sgd
	pin_memory: False
	pretrained: True
	resize: 224
	results_path: ./results
	save_models: True
	seed: 0
	start_at_task: 2
	start_epoch: 0
	stop_at_task: 3
	stop_epoch: 0
	use_valid_only: False
	warmup_lr_factor: 1.0
	warmup_nepochs: 0
	weight_decay: 0.0
============================================================================================================
Approach arguments =
	lamb: 0.5
============================================================================================================
Exemplars arguments =
============================================================================================================
WARNING: ./results/vit_base_patch16_224_prompt/inat200/l2p/10 already exists!
Loaded acc_taw from: ./results/vit_base_patch16_224_prompt/inat200/l2p/10/acc_taw-1.txt
Loaded acc_tag from: ./results/vit_base_patch16_224_prompt/inat200/l2p/10/acc_tag-1.txt
Loaded forg_taw from: ./results/vit_base_patch16_224_prompt/inat200/l2p/10/forg_taw-1.txt
Loaded forg_tag from: ./results/vit_base_patch16_224_prompt/inat200/l2p/10/forg_tag-1.txt
************************************************************************************************************
Task  2  [epochs 0-90]
************************************************************************************************************
[DEBUG] trainable params -> backbone:0 heads:23070 total:23070
[params] total:171,670,302  trainable:69,150  tensors:308  trainable_tensors:8
| Epoch   1, time= 28.5s | Train: skip eval | Valid: time=  2.6s loss=1.846, TAw acc= 79.2% | * lr=1.0e-02
| Epoch   2, time= 27.7s | Train: skip eval | Valid: time=  2.7s loss=1.561, TAw acc= 85.8% | * lr=1.0e-02
| Epoch   3, time= 27.8s | Train: skip eval | Valid: time=  2.5s loss=1.326, TAw acc= 89.0% | * lr=1.0e-02
| Epoch   4, time= 28.1s | Train: skip eval | Valid: time=  2.6s loss=1.138, TAw acc= 90.8% | * lr=1.0e-02
| Epoch   5, time= 28.0s | Train: skip eval | Valid: time=  2.6s loss=0.989, TAw acc= 91.2% | * lr=9.9e-03
| Epoch   6, time= 28.0s | Train: skip eval | Valid: time=  2.4s loss=0.869, TAw acc= 92.0% | * lr=9.9e-03
| Epoch   7, time= 27.9s | Train: skip eval | Valid: time=  2.5s loss=0.773, TAw acc= 92.0% | * lr=9.9e-03
| Epoch   8, time= 27.9s | Train: skip eval | Valid: time=  2.5s loss=0.695, TAw acc= 92.0% | * lr=9.8e-03
| Epoch   9, time= 28.0s | Train: skip eval | Valid: time=  2.5s loss=0.631, TAw acc= 92.5% | * lr=9.8e-03
| Epoch  10, time= 27.9s | Train: skip eval | Valid: time=  2.5s loss=0.577, TAw acc= 92.2% | * lr=9.7e-03
| Epoch  11, time= 27.9s | Train: skip eval | Valid: time=  2.5s loss=0.533, TAw acc= 92.5% | * lr=9.6e-03
| Epoch  12, time= 28.0s | Train: skip eval | Valid: time=  2.5s loss=0.494, TAw acc= 92.5% | * lr=9.6e-03
| Epoch  13, time= 28.0s | Train: skip eval | Valid: time=  2.5s loss=0.461, TAw acc= 92.2% | * lr=9.5e-03
| Epoch  14, time= 28.1s | Train: skip eval | Valid: time=  2.5s loss=0.433, TAw acc= 92.8% | * lr=9.4e-03
| Epoch  15, time= 28.0s | Train: skip eval | Valid: time=  2.5s loss=0.408, TAw acc= 92.5% | * lr=9.3e-03
| Epoch  16, time= 28.0s | Train: skip eval | Valid: time=  2.5s loss=0.386, TAw acc= 92.8% | * lr=9.2e-03
| Epoch  17, time= 28.1s | Train: skip eval | Valid: time=  2.5s loss=0.366, TAw acc= 92.5% | * lr=9.2e-03
| Epoch  18, time= 28.1s | Train: skip eval | Valid: time=  2.7s loss=0.349, TAw acc= 92.8% | * lr=9.1e-03
| Epoch  19, time= 28.1s | Train: skip eval | Valid: time=  2.6s loss=0.333, TAw acc= 92.8% | * lr=9.0e-03
| Epoch  20, time= 28.2s | Train: skip eval | Valid: time=  2.5s loss=0.319, TAw acc= 92.8% | * lr=8.8e-03
| Epoch  21, time= 28.1s | Train: skip eval | Valid: time=  2.5s loss=0.307, TAw acc= 92.8% | * lr=8.7e-03
| Epoch  22, time= 28.0s | Train: skip eval | Valid: time=  2.5s loss=0.295, TAw acc= 92.8% | * lr=8.6e-03
| Epoch  23, time= 28.0s | Train: skip eval | Valid: time=  2.6s loss=0.284, TAw acc= 92.8% | * lr=8.5e-03
| Epoch  24, time= 28.1s | Train: skip eval | Valid: time=  2.7s loss=0.274, TAw acc= 92.8% | * lr=8.4e-03
| Epoch  25, time= 28.1s | Train: skip eval | Valid: time=  2.5s loss=0.265, TAw acc= 92.8% | * lr=8.2e-03
| Epoch  26, time= 28.1s | Train: skip eval | Valid: time=  2.5s loss=0.257, TAw acc= 92.8% | * lr=8.1e-03
| Epoch  27, time= 28.0s | Train: skip eval | Valid: time=  2.5s loss=0.249, TAw acc= 92.8% | * lr=8.0e-03
| Epoch  28, time= 28.0s | Train: skip eval | Valid: time=  2.5s loss=0.242, TAw acc= 92.8% | * lr=7.8e-03
| Epoch  29, time= 28.1s | Train: skip eval | Valid: time=  2.5s loss=0.236, TAw acc= 92.8% | * lr=7.7e-03
| Epoch  30, time= 28.0s | Train: skip eval | Valid: time=  2.5s loss=0.230, TAw acc= 92.8% | * lr=7.5e-03
| Epoch  31, time= 27.9s | Train: skip eval | Valid: time=  2.5s loss=0.224, TAw acc= 92.8% | * lr=7.4e-03
| Epoch  32, time= 28.0s | Train: skip eval | Valid: time=  2.5s loss=0.219, TAw acc= 92.8% | * lr=7.2e-03
| Epoch  33, time= 28.0s | Train: skip eval | Valid: time=  2.6s loss=0.214, TAw acc= 92.8% | * lr=7.1e-03
| Epoch  34, time= 28.0s | Train: skip eval | Valid: time=  2.5s loss=0.209, TAw acc= 92.8% | * lr=6.9e-03
| Epoch  35, time= 28.1s | Train: skip eval | Valid: time=  2.5s loss=0.205, TAw acc= 92.8% | * lr=6.7e-03
| Epoch  36, time= 28.1s | Train: skip eval | Valid: time=  2.6s loss=0.201, TAw acc= 92.8% | * lr=6.6e-03
| Epoch  37, time= 28.1s | Train: skip eval | Valid: time=  2.5s loss=0.197, TAw acc= 92.8% | * lr=6.4e-03
| Epoch  38, time= 28.1s | Train: skip eval | Valid: time=  2.5s loss=0.193, TAw acc= 92.8% | * lr=6.2e-03
| Epoch  39, time= 28.1s | Train: skip eval | Valid: time=  2.5s loss=0.190, TAw acc= 92.8% | * lr=6.1e-03
| Epoch  40, time= 28.2s | Train: skip eval | Valid: time=  2.5s loss=0.187, TAw acc= 92.8% | * lr=5.9e-03
| Epoch  41, time= 28.4s | Train: skip eval | Valid: time=  2.5s loss=0.183, TAw acc= 92.5% | * lr=5.7e-03
| Epoch  42, time= 28.3s | Train: skip eval | Valid: time=  2.7s loss=0.181, TAw acc= 92.8% | * lr=5.6e-03
| Epoch  43, time= 28.5s | Train: skip eval | Valid: time=  2.5s loss=0.178, TAw acc= 92.8% | * lr=5.4e-03
| Epoch  44, time= 28.1s | Train: skip eval | Valid: time=  2.7s loss=0.175, TAw acc= 93.0% | * lr=5.2e-03
| Epoch  45, time= 28.0s | Train: skip eval | Valid: time=  2.5s loss=0.173, TAw acc= 93.0% | * lr=5.1e-03
| Epoch  46, time= 28.0s | Train: skip eval | Valid: time=  2.5s loss=0.170, TAw acc= 93.0% | * lr=4.9e-03
| Epoch  47, time= 27.9s | Train: skip eval | Valid: time=  2.5s loss=0.168, TAw acc= 92.8% | * lr=4.7e-03
| Epoch  48, time= 28.0s | Train: skip eval | Valid: time=  2.5s loss=0.166, TAw acc= 93.0% | * lr=4.5e-03
| Epoch  49, time= 27.9s | Train: skip eval | Valid: time=  2.6s loss=0.165, TAw acc= 93.0% | * lr=4.4e-03
| Epoch  50, time= 27.8s | Train: skip eval | Valid: time=  2.5s loss=0.163, TAw acc= 93.2% | * lr=4.2e-03
| Epoch  51, time= 27.9s | Train: skip eval | Valid: time=  2.5s loss=0.161, TAw acc= 93.2% | * lr=4.0e-03
| Epoch  52, time= 28.0s | Train: skip eval | Valid: time=  2.5s loss=0.159, TAw acc= 93.0% | * lr=3.9e-03
| Epoch  53, time= 28.0s | Train: skip eval | Valid: time=  2.5s loss=0.158, TAw acc= 93.0% | * lr=3.7e-03
| Epoch  54, time= 28.0s | Train: skip eval | Valid: time=  2.5s loss=0.156, TAw acc= 93.0% | * lr=3.5e-03
| Epoch  55, time= 28.0s | Train: skip eval | Valid: time=  2.5s loss=0.155, TAw acc= 93.0% | * lr=3.4e-03
| Epoch  56, time= 28.1s | Train: skip eval | Valid: time=  2.5s loss=0.154, TAw acc= 93.0% | * lr=3.2e-03
| Epoch  57, time= 28.0s | Train: skip eval | Valid: time=  2.5s loss=0.152, TAw acc= 93.0% | * lr=3.0e-03
| Epoch  58, time= 28.1s | Train: skip eval | Valid: time=  2.6s loss=0.151, TAw acc= 93.0% | * lr=2.9e-03
| Epoch  59, time= 28.1s | Train: skip eval | Valid: time=  2.5s loss=0.150, TAw acc= 93.0% | * lr=2.7e-03
| Epoch  60, time= 28.2s | Train: skip eval | Valid: time=  2.6s loss=0.149, TAw acc= 93.0% | * lr=2.6e-03
| Epoch  61, time= 28.3s | Train: skip eval | Valid: time=  2.5s loss=0.148, TAw acc= 93.0% | * lr=2.4e-03
| Epoch  62, time= 28.3s | Train: skip eval | Valid: time=  2.5s loss=0.147, TAw acc= 93.0% | * lr=2.3e-03
| Epoch  63, time= 28.3s | Train: skip eval | Valid: time=  2.5s loss=0.147, TAw acc= 93.0% | * lr=2.1e-03
| Epoch  64, time= 28.4s | Train: skip eval | Valid: time=  2.5s loss=0.146, TAw acc= 93.0% | * lr=2.0e-03
| Epoch  65, time= 28.3s | Train: skip eval | Valid: time=  2.7s loss=0.145, TAw acc= 93.0% | * lr=1.9e-03
| Epoch  66, time= 28.5s | Train: skip eval | Valid: time=  2.7s loss=0.144, TAw acc= 93.0% | * lr=1.7e-03
| Epoch  67, time= 28.4s | Train: skip eval | Valid: time=  2.5s loss=0.144, TAw acc= 93.0% | * lr=1.6e-03
| Epoch  68, time= 28.4s | Train: skip eval | Valid: time=  2.7s loss=0.143, TAw acc= 93.0% | * lr=1.5e-03
| Epoch  69, time= 28.4s | Train: skip eval | Valid: time=  2.5s loss=0.143, TAw acc= 93.0% | * lr=1.4e-03
| Epoch  70, time= 28.4s | Train: skip eval | Valid: time=  2.7s loss=0.142, TAw acc= 93.0% | * lr=1.3e-03
| Epoch  71, time= 28.6s | Train: skip eval | Valid: time=  2.7s loss=0.142, TAw acc= 93.0% | * lr=1.1e-03
| Epoch  72, time= 28.2s | Train: skip eval | Valid: time=  2.5s loss=0.142, TAw acc= 93.0% | * lr=1.0e-03
| Epoch  73, time= 28.4s | Train: skip eval | Valid: time=  2.5s loss=0.141, TAw acc= 93.0% | * lr=9.5e-04
| Epoch  74, time= 28.3s | Train: skip eval | Valid: time=  2.5s loss=0.141, TAw acc= 93.0% | * lr=8.5e-04
| Epoch  75, time= 28.3s | Train: skip eval | Valid: time=  2.5s loss=0.141, TAw acc= 93.0% | * lr=7.6e-04
| Epoch  76, time= 28.3s | Train: skip eval | Valid: time=  2.5s loss=0.140, TAw acc= 93.0% | * lr=6.8e-04
| Epoch  77, time= 28.3s | Train: skip eval | Valid: time=  2.5s loss=0.140, TAw acc= 93.0% | * lr=6.0e-04
| Epoch  78, time= 28.3s | Train: skip eval | Valid: time=  2.5s loss=0.140, TAw acc= 93.0% | * lr=5.3e-04
| Epoch  79, time= 28.3s | Train: skip eval | Valid: time=  2.5s loss=0.140, TAw acc= 93.0% | * lr=4.6e-04
| Epoch  80, time= 28.0s | Train: skip eval | Valid: time=  2.7s loss=0.140, TAw acc= 93.0% | * lr=4.0e-04
| Epoch  81, time= 28.2s | Train: skip eval | Valid: time=  2.5s loss=0.139, TAw acc= 93.0% | * lr=3.4e-04
| Epoch  82, time= 28.1s | Train: skip eval | Valid: time=  2.6s loss=0.139, TAw acc= 93.0% | * lr=2.9e-04
| Epoch  83, time= 28.2s | Train: skip eval | Valid: time=  2.5s loss=0.139, TAw acc= 93.0% | * lr=2.5e-04
| Epoch  84, time= 28.0s | Train: skip eval | Valid: time=  2.5s loss=0.139, TAw acc= 93.0% | * lr=2.1e-04
| Epoch  85, time= 28.2s | Train: skip eval | Valid: time=  2.7s loss=0.139, TAw acc= 93.0% | * lr=1.8e-04
| Epoch  86, time= 28.3s | Train: skip eval | Valid: time=  2.5s loss=0.139, TAw acc= 93.0% | * lr=1.5e-04
| Epoch  87, time= 28.3s | Train: skip eval | Valid: time=  2.5s loss=0.139, TAw acc= 93.0% | * lr=1.3e-04
| Epoch  88, time= 28.2s | Train: skip eval | Valid: time=  2.7s loss=0.139, TAw acc= 93.0% | * lr=1.1e-04
| Epoch  89, time= 28.4s | Train: skip eval | Valid: time=  2.5s loss=0.139, TAw acc= 93.0% | * lr=1.0e-04
| Epoch  90, time= 28.2s | Train: skip eval | Valid: time=  2.5s loss=0.139, TAw acc= 93.0% | * lr=1.0e-04
------------------------------------------------------------------------------------------------------------
>>> Test on task  0 : loss=0.204 | TAw acc= 91.9%, forg= -0.1% | TAg acc= 83.0%, forg=  8.7% <<<
>>> Test on task  1 : loss=0.293 | TAw acc= 89.6%, forg= -0.3% | TAg acc= 76.5%, forg=  2.3% <<<
>>> Test on task  2 : loss=0.111 | TAw acc= 93.3%, forg=  0.0% | TAg acc= 86.9%, forg=  0.0% <<<
Save at ./results/./results/vit_base_patch16_224_prompt/inat200/l2p/10
************************************************************************************************************
TAw Acc
	 91.7%   0.0%   0.0%   0.0%   0.0%   0.0%   0.0%   0.0%   0.0%   0.0%   0.0%   0.0%   0.0%   0.0%   0.0%   0.0%   0.0%   0.0%   0.0%   0.0% 	Avg.: 91.7% 
	 91.8%  89.3%   0.0%   0.0%   0.0%   0.0%   0.0%   0.0%   0.0%   0.0%   0.0%   0.0%   0.0%   0.0%   0.0%   0.0%   0.0%   0.0%   0.0%   0.0% 	Avg.: 90.6% 
	 91.9%  89.6%  93.3%   0.0%   0.0%   0.0%   0.0%   0.0%   0.0%   0.0%   0.0%   0.0%   0.0%   0.0%   0.0%   0.0%   0.0%   0.0%   0.0%   0.0% 	Avg.: 91.6% 
	  0.0%   0.0%   0.0%   0.0%   0.0%   0.0%   0.0%   0.0%   0.0%   0.0%   0.0%   0.0%   0.0%   0.0%   0.0%   0.0%   0.0%   0.0%   0.0%   0.0% 	Avg.:  0.0% 
	  0.0%   0.0%   0.0%   0.0%   0.0%   0.0%   0.0%   0.0%   0.0%   0.0%   0.0%   0.0%   0.0%   0.0%   0.0%   0.0%   0.0%   0.0%   0.0%   0.0% 	Avg.:  0.0% 
	  0.0%   0.0%   0.0%   0.0%   0.0%   0.0%   0.0%   0.0%   0.0%   0.0%   0.0%   0.0%   0.0%   0.0%   0.0%   0.0%   0.0%   0.0%   0.0%   0.0% 	Avg.:  0.0% 
	  0.0%   0.0%   0.0%   0.0%   0.0%   0.0%   0.0%   0.0%   0.0%   0.0%   0.0%   0.0%   0.0%   0.0%   0.0%   0.0%   0.0%   0.0%   0.0%   0.0% 	Avg.:  0.0% 
	  0.0%   0.0%   0.0%   0.0%   0.0%   0.0%   0.0%   0.0%   0.0%   0.0%   0.0%   0.0%   0.0%   0.0%   0.0%   0.0%   0.0%   0.0%   0.0%   0.0% 	Avg.:  0.0% 
	  0.0%   0.0%   0.0%   0.0%   0.0%   0.0%   0.0%   0.0%   0.0%   0.0%   0.0%   0.0%   0.0%   0.0%   0.0%   0.0%   0.0%   0.0%   0.0%   0.0% 	Avg.:  0.0% 
	  0.0%   0.0%   0.0%   0.0%   0.0%   0.0%   0.0%   0.0%   0.0%   0.0%   0.0%   0.0%   0.0%   0.0%   0.0%   0.0%   0.0%   0.0%   0.0%   0.0% 	Avg.:  0.0% 
	  0.0%   0.0%   0.0%   0.0%   0.0%   0.0%   0.0%   0.0%   0.0%   0.0%   0.0%   0.0%   0.0%   0.0%   0.0%   0.0%   0.0%   0.0%   0.0%   0.0% 	Avg.:  0.0% 
	  0.0%   0.0%   0.0%   0.0%   0.0%   0.0%   0.0%   0.0%   0.0%   0.0%   0.0%   0.0%   0.0%   0.0%   0.0%   0.0%   0.0%   0.0%   0.0%   0.0% 	Avg.:  0.0% 
	  0.0%   0.0%   0.0%   0.0%   0.0%   0.0%   0.0%   0.0%   0.0%   0.0%   0.0%   0.0%   0.0%   0.0%   0.0%   0.0%   0.0%   0.0%   0.0%   0.0% 	Avg.:  0.0% 
	  0.0%   0.0%   0.0%   0.0%   0.0%   0.0%   0.0%   0.0%   0.0%   0.0%   0.0%   0.0%   0.0%   0.0%   0.0%   0.0%   0.0%   0.0%   0.0%   0.0% 	Avg.:  0.0% 
	  0.0%   0.0%   0.0%   0.0%   0.0%   0.0%   0.0%   0.0%   0.0%   0.0%   0.0%   0.0%   0.0%   0.0%   0.0%   0.0%   0.0%   0.0%   0.0%   0.0% 	Avg.:  0.0% 
	  0.0%   0.0%   0.0%   0.0%   0.0%   0.0%   0.0%   0.0%   0.0%   0.0%   0.0%   0.0%   0.0%   0.0%   0.0%   0.0%   0.0%   0.0%   0.0%   0.0% 	Avg.:  0.0% 
	  0.0%   0.0%   0.0%   0.0%   0.0%   0.0%   0.0%   0.0%   0.0%   0.0%   0.0%   0.0%   0.0%   0.0%   0.0%   0.0%   0.0%   0.0%   0.0%   0.0% 	Avg.:  0.0% 
	  0.0%   0.0%   0.0%   0.0%   0.0%   0.0%   0.0%   0.0%   0.0%   0.0%   0.0%   0.0%   0.0%   0.0%   0.0%   0.0%   0.0%   0.0%   0.0%   0.0% 	Avg.:  0.0% 
	  0.0%   0.0%   0.0%   0.0%   0.0%   0.0%   0.0%   0.0%   0.0%   0.0%   0.0%   0.0%   0.0%   0.0%   0.0%   0.0%   0.0%   0.0%   0.0%   0.0% 	Avg.:  0.0% 
	  0.0%   0.0%   0.0%   0.0%   0.0%   0.0%   0.0%   0.0%   0.0%   0.0%   0.0%   0.0%   0.0%   0.0%   0.0%   0.0%   0.0%   0.0%   0.0%   0.0% 	Avg.:  0.0% 
************************************************************************************************************
TAg Acc
	 91.7%   0.0%   0.0%   0.0%   0.0%   0.0%   0.0%   0.0%   0.0%   0.0%   0.0%   0.0%   0.0%   0.0%   0.0%   0.0%   0.0%   0.0%   0.0%   0.0% 	Avg.: 91.7% 
	 87.6%  78.8%   0.0%   0.0%   0.0%   0.0%   0.0%   0.0%   0.0%   0.0%   0.0%   0.0%   0.0%   0.0%   0.0%   0.0%   0.0%   0.0%   0.0%   0.0% 	Avg.: 83.2% 
	 83.0%  76.5%  86.9%   0.0%   0.0%   0.0%   0.0%   0.0%   0.0%   0.0%   0.0%   0.0%   0.0%   0.0%   0.0%   0.0%   0.0%   0.0%   0.0%   0.0% 	Avg.: 82.1% 
	  0.0%   0.0%   0.0%   0.0%   0.0%   0.0%   0.0%   0.0%   0.0%   0.0%   0.0%   0.0%   0.0%   0.0%   0.0%   0.0%   0.0%   0.0%   0.0%   0.0% 	Avg.:  0.0% 
	  0.0%   0.0%   0.0%   0.0%   0.0%   0.0%   0.0%   0.0%   0.0%   0.0%   0.0%   0.0%   0.0%   0.0%   0.0%   0.0%   0.0%   0.0%   0.0%   0.0% 	Avg.:  0.0% 
	  0.0%   0.0%   0.0%   0.0%   0.0%   0.0%   0.0%   0.0%   0.0%   0.0%   0.0%   0.0%   0.0%   0.0%   0.0%   0.0%   0.0%   0.0%   0.0%   0.0% 	Avg.:  0.0% 
	  0.0%   0.0%   0.0%   0.0%   0.0%   0.0%   0.0%   0.0%   0.0%   0.0%   0.0%   0.0%   0.0%   0.0%   0.0%   0.0%   0.0%   0.0%   0.0%   0.0% 	Avg.:  0.0% 
	  0.0%   0.0%   0.0%   0.0%   0.0%   0.0%   0.0%   0.0%   0.0%   0.0%   0.0%   0.0%   0.0%   0.0%   0.0%   0.0%   0.0%   0.0%   0.0%   0.0% 	Avg.:  0.0% 
	  0.0%   0.0%   0.0%   0.0%   0.0%   0.0%   0.0%   0.0%   0.0%   0.0%   0.0%   0.0%   0.0%   0.0%   0.0%   0.0%   0.0%   0.0%   0.0%   0.0% 	Avg.:  0.0% 
	  0.0%   0.0%   0.0%   0.0%   0.0%   0.0%   0.0%   0.0%   0.0%   0.0%   0.0%   0.0%   0.0%   0.0%   0.0%   0.0%   0.0%   0.0%   0.0%   0.0% 	Avg.:  0.0% 
	  0.0%   0.0%   0.0%   0.0%   0.0%   0.0%   0.0%   0.0%   0.0%   0.0%   0.0%   0.0%   0.0%   0.0%   0.0%   0.0%   0.0%   0.0%   0.0%   0.0% 	Avg.:  0.0% 
	  0.0%   0.0%   0.0%   0.0%   0.0%   0.0%   0.0%   0.0%   0.0%   0.0%   0.0%   0.0%   0.0%   0.0%   0.0%   0.0%   0.0%   0.0%   0.0%   0.0% 	Avg.:  0.0% 
	  0.0%   0.0%   0.0%   0.0%   0.0%   0.0%   0.0%   0.0%   0.0%   0.0%   0.0%   0.0%   0.0%   0.0%   0.0%   0.0%   0.0%   0.0%   0.0%   0.0% 	Avg.:  0.0% 
	  0.0%   0.0%   0.0%   0.0%   0.0%   0.0%   0.0%   0.0%   0.0%   0.0%   0.0%   0.0%   0.0%   0.0%   0.0%   0.0%   0.0%   0.0%   0.0%   0.0% 	Avg.:  0.0% 
	  0.0%   0.0%   0.0%   0.0%   0.0%   0.0%   0.0%   0.0%   0.0%   0.0%   0.0%   0.0%   0.0%   0.0%   0.0%   0.0%   0.0%   0.0%   0.0%   0.0% 	Avg.:  0.0% 
	  0.0%   0.0%   0.0%   0.0%   0.0%   0.0%   0.0%   0.0%   0.0%   0.0%   0.0%   0.0%   0.0%   0.0%   0.0%   0.0%   0.0%   0.0%   0.0%   0.0% 	Avg.:  0.0% 
	  0.0%   0.0%   0.0%   0.0%   0.0%   0.0%   0.0%   0.0%   0.0%   0.0%   0.0%   0.0%   0.0%   0.0%   0.0%   0.0%   0.0%   0.0%   0.0%   0.0% 	Avg.:  0.0% 
	  0.0%   0.0%   0.0%   0.0%   0.0%   0.0%   0.0%   0.0%   0.0%   0.0%   0.0%   0.0%   0.0%   0.0%   0.0%   0.0%   0.0%   0.0%   0.0%   0.0% 	Avg.:  0.0% 
	  0.0%   0.0%   0.0%   0.0%   0.0%   0.0%   0.0%   0.0%   0.0%   0.0%   0.0%   0.0%   0.0%   0.0%   0.0%   0.0%   0.0%   0.0%   0.0%   0.0% 	Avg.:  0.0% 
	  0.0%   0.0%   0.0%   0.0%   0.0%   0.0%   0.0%   0.0%   0.0%   0.0%   0.0%   0.0%   0.0%   0.0%   0.0%   0.0%   0.0%   0.0%   0.0%   0.0% 	Avg.:  0.0% 
************************************************************************************************************
TAw Forg
	  0.0%   0.0%   0.0%   0.0%   0.0%   0.0%   0.0%   0.0%   0.0%   0.0%   0.0%   0.0%   0.0%   0.0%   0.0%   0.0%   0.0%   0.0%   0.0%   0.0% 
	 -0.1%   0.0%   0.0%   0.0%   0.0%   0.0%   0.0%   0.0%   0.0%   0.0%   0.0%   0.0%   0.0%   0.0%   0.0%   0.0%   0.0%   0.0%   0.0%   0.0% 	Avg.: -0.1% 
	 -0.1%  -0.3%   0.0%   0.0%   0.0%   0.0%   0.0%   0.0%   0.0%   0.0%   0.0%   0.0%   0.0%   0.0%   0.0%   0.0%   0.0%   0.0%   0.0%   0.0% 	Avg.: -0.2% 
	  0.0%   0.0%   0.0%   0.0%   0.0%   0.0%   0.0%   0.0%   0.0%   0.0%   0.0%   0.0%   0.0%   0.0%   0.0%   0.0%   0.0%   0.0%   0.0%   0.0% 	Avg.:  0.0% 
	  0.0%   0.0%   0.0%   0.0%   0.0%   0.0%   0.0%   0.0%   0.0%   0.0%   0.0%   0.0%   0.0%   0.0%   0.0%   0.0%   0.0%   0.0%   0.0%   0.0% 	Avg.:  0.0% 
	  0.0%   0.0%   0.0%   0.0%   0.0%   0.0%   0.0%   0.0%   0.0%   0.0%   0.0%   0.0%   0.0%   0.0%   0.0%   0.0%   0.0%   0.0%   0.0%   0.0% 	Avg.:  0.0% 
	  0.0%   0.0%   0.0%   0.0%   0.0%   0.0%   0.0%   0.0%   0.0%   0.0%   0.0%   0.0%   0.0%   0.0%   0.0%   0.0%   0.0%   0.0%   0.0%   0.0% 	Avg.:  0.0% 
	  0.0%   0.0%   0.0%   0.0%   0.0%   0.0%   0.0%   0.0%   0.0%   0.0%   0.0%   0.0%   0.0%   0.0%   0.0%   0.0%   0.0%   0.0%   0.0%   0.0% 	Avg.:  0.0% 
	  0.0%   0.0%   0.0%   0.0%   0.0%   0.0%   0.0%   0.0%   0.0%   0.0%   0.0%   0.0%   0.0%   0.0%   0.0%   0.0%   0.0%   0.0%   0.0%   0.0% 	Avg.:  0.0% 
	  0.0%   0.0%   0.0%   0.0%   0.0%   0.0%   0.0%   0.0%   0.0%   0.0%   0.0%   0.0%   0.0%   0.0%   0.0%   0.0%   0.0%   0.0%   0.0%   0.0% 	Avg.:  0.0% 
	  0.0%   0.0%   0.0%   0.0%   0.0%   0.0%   0.0%   0.0%   0.0%   0.0%   0.0%   0.0%   0.0%   0.0%   0.0%   0.0%   0.0%   0.0%   0.0%   0.0% 	Avg.:  0.0% 
	  0.0%   0.0%   0.0%   0.0%   0.0%   0.0%   0.0%   0.0%   0.0%   0.0%   0.0%   0.0%   0.0%   0.0%   0.0%   0.0%   0.0%   0.0%   0.0%   0.0% 	Avg.:  0.0% 
	  0.0%   0.0%   0.0%   0.0%   0.0%   0.0%   0.0%   0.0%   0.0%   0.0%   0.0%   0.0%   0.0%   0.0%   0.0%   0.0%   0.0%   0.0%   0.0%   0.0% 	Avg.:  0.0% 
	  0.0%   0.0%   0.0%   0.0%   0.0%   0.0%   0.0%   0.0%   0.0%   0.0%   0.0%   0.0%   0.0%   0.0%   0.0%   0.0%   0.0%   0.0%   0.0%   0.0% 	Avg.:  0.0% 
	  0.0%   0.0%   0.0%   0.0%   0.0%   0.0%   0.0%   0.0%   0.0%   0.0%   0.0%   0.0%   0.0%   0.0%   0.0%   0.0%   0.0%   0.0%   0.0%   0.0% 	Avg.:  0.0% 
	  0.0%   0.0%   0.0%   0.0%   0.0%   0.0%   0.0%   0.0%   0.0%   0.0%   0.0%   0.0%   0.0%   0.0%   0.0%   0.0%   0.0%   0.0%   0.0%   0.0% 	Avg.:  0.0% 
	  0.0%   0.0%   0.0%   0.0%   0.0%   0.0%   0.0%   0.0%   0.0%   0.0%   0.0%   0.0%   0.0%   0.0%   0.0%   0.0%   0.0%   0.0%   0.0%   0.0% 	Avg.:  0.0% 
	  0.0%   0.0%   0.0%   0.0%   0.0%   0.0%   0.0%   0.0%   0.0%   0.0%   0.0%   0.0%   0.0%   0.0%   0.0%   0.0%   0.0%   0.0%   0.0%   0.0% 	Avg.:  0.0% 
	  0.0%   0.0%   0.0%   0.0%   0.0%   0.0%   0.0%   0.0%   0.0%   0.0%   0.0%   0.0%   0.0%   0.0%   0.0%   0.0%   0.0%   0.0%   0.0%   0.0% 	Avg.:  0.0% 
	  0.0%   0.0%   0.0%   0.0%   0.0%   0.0%   0.0%   0.0%   0.0%   0.0%   0.0%   0.0%   0.0%   0.0%   0.0%   0.0%   0.0%   0.0%   0.0%   0.0% 	Avg.:  0.0% 
************************************************************************************************************
TAg Forg
	  0.0%   0.0%   0.0%   0.0%   0.0%   0.0%   0.0%   0.0%   0.0%   0.0%   0.0%   0.0%   0.0%   0.0%   0.0%   0.0%   0.0%   0.0%   0.0%   0.0% 
	  4.1%   0.0%   0.0%   0.0%   0.0%   0.0%   0.0%   0.0%   0.0%   0.0%   0.0%   0.0%   0.0%   0.0%   0.0%   0.0%   0.0%   0.0%   0.0%   0.0% 	Avg.:  4.1% 
	  8.7%   2.3%   0.0%   0.0%   0.0%   0.0%   0.0%   0.0%   0.0%   0.0%   0.0%   0.0%   0.0%   0.0%   0.0%   0.0%   0.0%   0.0%   0.0%   0.0% 	Avg.:  5.5% 
	  0.0%   0.0%   0.0%   0.0%   0.0%   0.0%   0.0%   0.0%   0.0%   0.0%   0.0%   0.0%   0.0%   0.0%   0.0%   0.0%   0.0%   0.0%   0.0%   0.0% 	Avg.:  0.0% 
	  0.0%   0.0%   0.0%   0.0%   0.0%   0.0%   0.0%   0.0%   0.0%   0.0%   0.0%   0.0%   0.0%   0.0%   0.0%   0.0%   0.0%   0.0%   0.0%   0.0% 	Avg.:  0.0% 
	  0.0%   0.0%   0.0%   0.0%   0.0%   0.0%   0.0%   0.0%   0.0%   0.0%   0.0%   0.0%   0.0%   0.0%   0.0%   0.0%   0.0%   0.0%   0.0%   0.0% 	Avg.:  0.0% 
	  0.0%   0.0%   0.0%   0.0%   0.0%   0.0%   0.0%   0.0%   0.0%   0.0%   0.0%   0.0%   0.0%   0.0%   0.0%   0.0%   0.0%   0.0%   0.0%   0.0% 	Avg.:  0.0% 
	  0.0%   0.0%   0.0%   0.0%   0.0%   0.0%   0.0%   0.0%   0.0%   0.0%   0.0%   0.0%   0.0%   0.0%   0.0%   0.0%   0.0%   0.0%   0.0%   0.0% 	Avg.:  0.0% 
	  0.0%   0.0%   0.0%   0.0%   0.0%   0.0%   0.0%   0.0%   0.0%   0.0%   0.0%   0.0%   0.0%   0.0%   0.0%   0.0%   0.0%   0.0%   0.0%   0.0% 	Avg.:  0.0% 
	  0.0%   0.0%   0.0%   0.0%   0.0%   0.0%   0.0%   0.0%   0.0%   0.0%   0.0%   0.0%   0.0%   0.0%   0.0%   0.0%   0.0%   0.0%   0.0%   0.0% 	Avg.:  0.0% 
	  0.0%   0.0%   0.0%   0.0%   0.0%   0.0%   0.0%   0.0%   0.0%   0.0%   0.0%   0.0%   0.0%   0.0%   0.0%   0.0%   0.0%   0.0%   0.0%   0.0% 	Avg.:  0.0% 
	  0.0%   0.0%   0.0%   0.0%   0.0%   0.0%   0.0%   0.0%   0.0%   0.0%   0.0%   0.0%   0.0%   0.0%   0.0%   0.0%   0.0%   0.0%   0.0%   0.0% 	Avg.:  0.0% 
	  0.0%   0.0%   0.0%   0.0%   0.0%   0.0%   0.0%   0.0%   0.0%   0.0%   0.0%   0.0%   0.0%   0.0%   0.0%   0.0%   0.0%   0.0%   0.0%   0.0% 	Avg.:  0.0% 
	  0.0%   0.0%   0.0%   0.0%   0.0%   0.0%   0.0%   0.0%   0.0%   0.0%   0.0%   0.0%   0.0%   0.0%   0.0%   0.0%   0.0%   0.0%   0.0%   0.0% 	Avg.:  0.0% 
	  0.0%   0.0%   0.0%   0.0%   0.0%   0.0%   0.0%   0.0%   0.0%   0.0%   0.0%   0.0%   0.0%   0.0%   0.0%   0.0%   0.0%   0.0%   0.0%   0.0% 	Avg.:  0.0% 
	  0.0%   0.0%   0.0%   0.0%   0.0%   0.0%   0.0%   0.0%   0.0%   0.0%   0.0%   0.0%   0.0%   0.0%   0.0%   0.0%   0.0%   0.0%   0.0%   0.0% 	Avg.:  0.0% 
	  0.0%   0.0%   0.0%   0.0%   0.0%   0.0%   0.0%   0.0%   0.0%   0.0%   0.0%   0.0%   0.0%   0.0%   0.0%   0.0%   0.0%   0.0%   0.0%   0.0% 	Avg.:  0.0% 
	  0.0%   0.0%   0.0%   0.0%   0.0%   0.0%   0.0%   0.0%   0.0%   0.0%   0.0%   0.0%   0.0%   0.0%   0.0%   0.0%   0.0%   0.0%   0.0%   0.0% 	Avg.:  0.0% 
	  0.0%   0.0%   0.0%   0.0%   0.0%   0.0%   0.0%   0.0%   0.0%   0.0%   0.0%   0.0%   0.0%   0.0%   0.0%   0.0%   0.0%   0.0%   0.0%   0.0% 	Avg.:  0.0% 
	  0.0%   0.0%   0.0%   0.0%   0.0%   0.0%   0.0%   0.0%   0.0%   0.0%   0.0%   0.0%   0.0%   0.0%   0.0%   0.0%   0.0%   0.0%   0.0%   0.0% 	Avg.:  0.0% 
************************************************************************************************************
[Elapsed time = 0.8 h]
Done!
