START_TASK=8 STOP_TASK=9
============================================================================================================
Arguments =
	approach: replay
	batch_size: 64
	classes_first_task: None
	clipping: 10000
	crop: 224
	dataset: cifar100
	eval_on_train: False
	experiment_path: None
	fix_bn: False
	freeze_backbone: False
	gpu: 0
	gpus: [0]
	increment: 10
	last_layer_analysis: False
	log: ['disk']
	lr: 0.01
	lr_factor: None
	lr_min: 0.0001
	lr_patience: None
	lr_scheduler: cosine
	lr_warmup_epochs: 0
	momentum: 0.0
	multi_softmax: False
	nepochs: 50
	network: vit_small_patch16_224.augreg_in1k
	no_cudnn_deterministic: False
	normalize: in1k
	num_workers: 2
	optimizer_name: sgd
	pin_memory: False
	pretrained: True
	resize: 224
	results_path: ./results
	save_models: True
	seed: 0
	start_at_task: 8
	start_epoch: 0
	stop_at_task: 9
	stop_epoch: 0
	use_valid_only: False
	warmup_lr_factor: 1.0
	warmup_nepochs: 0
	weight_decay: 0.0
============================================================================================================
Approach arguments =
============================================================================================================
Exemplars arguments =
	exemplar_selection: random
	num_exemplars: 2000
============================================================================================================
WARNING: ./results/vit_small_patch16_224.augreg_in1k/cifar100/replay/10 already exists!
Loaded acc_taw from: ./results/vit_small_patch16_224.augreg_in1k/cifar100/replay/10/acc_taw-7.txt
Loaded acc_tag from: ./results/vit_small_patch16_224.augreg_in1k/cifar100/replay/10/acc_tag-7.txt
Loaded forg_taw from: ./results/vit_small_patch16_224.augreg_in1k/cifar100/replay/10/forg_taw-7.txt
Loaded forg_tag from: ./results/vit_small_patch16_224.augreg_in1k/cifar100/replay/10/forg_tag-7.txt
Loaded 2000 exemplars from ./results/vit_small_patch16_224.augreg_in1k/cifar100/replay/10/task7_exemplars.pth
************************************************************************************************************
Task  8  [epochs 0-50]
************************************************************************************************************
[params] total:21,700,314  trainable:21,700,314  tensors:168  trainable_tensors:168
| Epoch   1, time= 86.4s | Train: skip eval | Valid: time=  2.4s loss=0.196, TAw acc= 94.6% | * lr=1.0e-02
| Epoch   2, time= 85.9s | Train: skip eval | Valid: time=  2.5s loss=0.155, TAw acc= 96.4% | * lr=1.0e-02
| Epoch   3, time= 85.8s | Train: skip eval | Valid: time=  2.5s loss=0.199, TAw acc= 95.4% | lr=9.9e-03
| Epoch   4, time= 85.8s | Train: skip eval | Valid: time=  2.6s loss=0.130, TAw acc= 96.8% | * lr=9.8e-03
| Epoch   5, time= 85.7s | Train: skip eval | Valid: time=  2.5s loss=0.149, TAw acc= 96.4% | lr=9.8e-03
| Epoch   6, time= 85.6s | Train: skip eval | Valid: time=  2.5s loss=0.112, TAw acc= 97.8% | * lr=9.7e-03
| Epoch   7, time= 85.8s | Train: skip eval | Valid: time=  2.5s loss=0.116, TAw acc= 97.2% | lr=9.5e-03
| Epoch   8, time= 85.9s | Train: skip eval | Valid: time=  2.5s loss=0.109, TAw acc= 96.8% | * lr=9.4e-03
| Epoch   9, time= 85.7s | Train: skip eval | Valid: time=  2.5s loss=0.329, TAw acc= 92.4% | lr=9.2e-03
| Epoch  10, time= 85.8s | Train: skip eval | Valid: time=  2.5s loss=0.148, TAw acc= 96.8% | lr=9.1e-03
| Epoch  11, time= 85.8s | Train: skip eval | Valid: time=  2.5s loss=0.128, TAw acc= 97.0% | lr=8.9e-03
| Epoch  12, time= 85.7s | Train: skip eval | Valid: time=  2.6s loss=0.118, TAw acc= 96.8% | lr=8.7e-03
| Epoch  13, time= 85.7s | Train: skip eval | Valid: time=  2.5s loss=0.138, TAw acc= 97.2% | lr=8.4e-03
| Epoch  14, time= 85.6s | Train: skip eval | Valid: time=  2.6s loss=0.119, TAw acc= 97.2% | lr=8.2e-03
| Epoch  15, time= 85.5s | Train: skip eval | Valid: time=  2.5s loss=0.109, TAw acc= 97.8% | * lr=8.0e-03
| Epoch  16, time= 85.5s | Train: skip eval | Valid: time=  2.5s loss=0.104, TAw acc= 97.2% | * lr=7.7e-03
| Epoch  17, time= 85.5s | Train: skip eval | Valid: time=  2.6s loss=0.115, TAw acc= 97.0% | lr=7.4e-03
| Epoch  18, time= 85.6s | Train: skip eval | Valid: time=  2.5s loss=0.115, TAw acc= 97.2% | lr=7.2e-03
| Epoch  19, time= 85.6s | Train: skip eval | Valid: time=  2.5s loss=0.103, TAw acc= 97.4% | * lr=6.9e-03
| Epoch  20, time= 85.5s | Train: skip eval | Valid: time=  2.5s loss=0.100, TAw acc= 97.8% | * lr=6.6e-03
| Epoch  21, time= 85.5s | Train: skip eval | Valid: time=  2.5s loss=0.112, TAw acc= 97.6% | lr=6.3e-03
| Epoch  22, time= 85.6s | Train: skip eval | Valid: time=  2.5s loss=0.119, TAw acc= 97.2% | lr=6.0e-03
| Epoch  23, time= 85.6s | Train: skip eval | Valid: time=  2.5s loss=0.127, TAw acc= 97.4% | lr=5.7e-03
| Epoch  24, time= 85.7s | Train: skip eval | Valid: time=  2.5s loss=0.113, TAw acc= 97.4% | lr=5.4e-03
| Epoch  25, time= 85.6s | Train: skip eval | Valid: time=  2.5s loss=0.120, TAw acc= 97.0% | lr=5.1e-03
| Epoch  26, time= 85.6s | Train: skip eval | Valid: time=  2.5s loss=0.109, TAw acc= 97.2% | lr=4.7e-03
| Epoch  27, time= 85.6s | Train: skip eval | Valid: time=  2.6s loss=0.114, TAw acc= 97.4% | lr=4.4e-03
| Epoch  28, time= 85.6s | Train: skip eval | Valid: time=  2.5s loss=0.102, TAw acc= 97.6% | lr=4.1e-03
| Epoch  29, time= 85.5s | Train: skip eval | Valid: time=  2.6s loss=0.106, TAw acc= 97.4% | lr=3.8e-03
| Epoch  30, time= 85.5s | Train: skip eval | Valid: time=  2.6s loss=0.105, TAw acc= 97.8% | lr=3.5e-03
| Epoch  31, time= 85.6s | Train: skip eval | Valid: time=  2.5s loss=0.113, TAw acc= 97.4% | lr=3.2e-03
| Epoch  32, time= 85.6s | Train: skip eval | Valid: time=  2.5s loss=0.103, TAw acc= 97.8% | lr=2.9e-03
| Epoch  33, time= 85.6s | Train: skip eval | Valid: time=  2.5s loss=0.118, TAw acc= 97.4% | lr=2.7e-03
| Epoch  34, time= 85.6s | Train: skip eval | Valid: time=  2.5s loss=0.102, TAw acc= 97.8% | lr=2.4e-03
| Epoch  35, time= 85.5s | Train: skip eval | Valid: time=  2.6s loss=0.108, TAw acc= 98.0% | lr=2.1e-03
| Epoch  36, time= 85.5s | Train: skip eval | Valid: time=  2.5s loss=0.109, TAw acc= 97.4% | lr=1.9e-03
| Epoch  37, time= 85.6s | Train: skip eval | Valid: time=  2.5s loss=0.113, TAw acc= 97.6% | lr=1.7e-03
| Epoch  38, time= 85.7s | Train: skip eval | Valid: time=  2.5s loss=0.112, TAw acc= 97.6% | lr=1.4e-03
| Epoch  39, time= 85.7s | Train: skip eval | Valid: time=  2.6s loss=0.109, TAw acc= 97.6% | lr=1.2e-03
| Epoch  40, time= 85.7s | Train: skip eval | Valid: time=  2.6s loss=0.106, TAw acc= 97.6% | lr=1.0e-03
| Epoch  41, time= 85.7s | Train: skip eval | Valid: time=  2.5s loss=0.106, TAw acc= 97.4% | lr=8.7e-04
| Epoch  42, time= 85.7s | Train: skip eval | Valid: time=  2.5s loss=0.106, TAw acc= 97.8% | lr=7.1e-04
| Epoch  43, time= 85.6s | Train: skip eval | Valid: time=  2.5s loss=0.108, TAw acc= 97.6% | lr=5.7e-04
| Epoch  44, time= 85.6s | Train: skip eval | Valid: time=  2.5s loss=0.107, TAw acc= 97.4% | lr=4.5e-04
| Epoch  45, time= 85.5s | Train: skip eval | Valid: time=  2.5s loss=0.106, TAw acc= 97.4% | lr=3.4e-04
| Epoch  46, time= 85.6s | Train: skip eval | Valid: time=  2.6s loss=0.105, TAw acc= 97.4% | lr=2.6e-04
| Epoch  47, time= 85.7s | Train: skip eval | Valid: time=  2.5s loss=0.106, TAw acc= 97.8% | lr=1.9e-04
| Epoch  48, time= 85.7s | Train: skip eval | Valid: time=  2.5s loss=0.105, TAw acc= 97.6% | lr=1.4e-04
| Epoch  49, time= 85.6s | Train: skip eval | Valid: time=  2.5s loss=0.106, TAw acc= 97.6% | lr=1.1e-04
| Epoch  50, time= 85.7s | Train: skip eval | Valid: time=  2.5s loss=0.105, TAw acc= 97.6% | lr=1.0e-04
| Selected 2070 train exemplars, time=  0.1s
------------------------------------------------------------------------------------------------------------
>>> Test on task  0 : loss=0.322 | TAw acc= 90.6%, forg=  5.4% | TAg acc= 63.7%, forg= 32.3% <<<
>>> Test on task  1 : loss=0.266 | TAw acc= 95.1%, forg=  3.1% | TAg acc= 65.4%, forg= 31.3% <<<
>>> Test on task  2 : loss=0.306 | TAw acc= 95.3%, forg=  3.1% | TAg acc= 74.0%, forg= 23.0% <<<
>>> Test on task  3 : loss=0.557 | TAw acc= 91.6%, forg=  2.9% | TAg acc= 63.7%, forg= 30.1% <<<
>>> Test on task  4 : loss=0.368 | TAw acc= 95.4%, forg=  2.5% | TAg acc= 64.8%, forg= 32.6% <<<
>>> Test on task  5 : loss=0.545 | TAw acc= 90.2%, forg=  3.0% | TAg acc= 65.2%, forg= 27.1% <<<
>>> Test on task  6 : loss=0.373 | TAw acc= 95.8%, forg=  1.5% | TAg acc= 78.8%, forg= 17.6% <<<
>>> Test on task  7 : loss=0.365 | TAw acc= 97.1%, forg=  0.9% | TAg acc= 78.3%, forg= 18.8% <<<
>>> Test on task  8 : loss=0.089 | TAw acc= 98.3%, forg=  0.0% | TAg acc= 97.6%, forg=  0.0% <<<
Save at ./results/./results/vit_small_patch16_224.augreg_in1k/cifar100/replay/10
************************************************************************************************************
TAw Acc
	 96.0%   0.0%   0.0%   0.0%   0.0%   0.0%   0.0%   0.0%   0.0%   0.0% 	Avg.: 96.0% 
	 95.9%  98.1%   0.0%   0.0%   0.0%   0.0%   0.0%   0.0%   0.0%   0.0% 	Avg.: 97.0% 
	 95.5%  98.2%  98.3%   0.0%   0.0%   0.0%   0.0%   0.0%   0.0%   0.0% 	Avg.: 97.3% 
	 95.1%  97.8%  98.4%  94.5%   0.0%   0.0%   0.0%   0.0%   0.0%   0.0% 	Avg.: 96.4% 
	 94.1%  97.6%  98.2%  93.7%  97.9%   0.0%   0.0%   0.0%   0.0%   0.0% 	Avg.: 96.3% 
	 93.8%  96.9%  97.6%  91.9%  97.1%  93.2%   0.0%   0.0%   0.0%   0.0% 	Avg.: 95.1% 
	 93.4%  95.4%  97.1%  92.6%  97.0%  91.9%  97.3%   0.0%   0.0%   0.0% 	Avg.: 95.0% 
	 91.9%  96.5%  96.5%  91.6%  96.0%  90.6%  97.2%  98.0%   0.0%   0.0% 	Avg.: 94.8% 
	 90.6%  95.1%  95.3%  91.6%  95.4%  90.2%  95.8%  97.1%  98.3%   0.0% 	Avg.: 94.4% 
	  0.0%   0.0%   0.0%   0.0%   0.0%   0.0%   0.0%   0.0%   0.0%   0.0% 	Avg.:  0.0% 
************************************************************************************************************
TAg Acc
	 96.0%   0.0%   0.0%   0.0%   0.0%   0.0%   0.0%   0.0%   0.0%   0.0% 	Avg.: 96.0% 
	 89.9%  96.7%   0.0%   0.0%   0.0%   0.0%   0.0%   0.0%   0.0%   0.0% 	Avg.: 93.3% 
	 86.9%  86.6%  97.0%   0.0%   0.0%   0.0%   0.0%   0.0%   0.0%   0.0% 	Avg.: 90.2% 
	 85.9%  84.6%  88.9%  93.8%   0.0%   0.0%   0.0%   0.0%   0.0%   0.0% 	Avg.: 88.3% 
	 77.5%  83.5%  86.5%  83.3%  97.4%   0.0%   0.0%   0.0%   0.0%   0.0% 	Avg.: 85.6% 
	 69.5%  76.3%  85.1%  75.0%  87.3%  92.3%   0.0%   0.0%   0.0%   0.0% 	Avg.: 80.9% 
	 69.2%  72.2%  81.7%  75.6%  71.9%  77.2%  96.4%   0.0%   0.0%   0.0% 	Avg.: 77.7% 
	 58.5%  77.4%  71.5%  69.8%  70.9%  66.5%  78.8%  97.1%   0.0%   0.0% 	Avg.: 73.8% 
	 63.7%  65.4%  74.0%  63.7%  64.8%  65.2%  78.8%  78.3%  97.6%   0.0% 	Avg.: 72.4% 
	  0.0%   0.0%   0.0%   0.0%   0.0%   0.0%   0.0%   0.0%   0.0%   0.0% 	Avg.:  0.0% 
************************************************************************************************************
TAw Forg
	  0.0%   0.0%   0.0%   0.0%   0.0%   0.0%   0.0%   0.0%   0.0%   0.0% 
	  0.1%   0.0%   0.0%   0.0%   0.0%   0.0%   0.0%   0.0%   0.0%   0.0% 	Avg.:  0.1% 
	  0.5%  -0.1%   0.0%   0.0%   0.0%   0.0%   0.0%   0.0%   0.0%   0.0% 	Avg.:  0.2% 
	  0.9%   0.4%  -0.1%   0.0%   0.0%   0.0%   0.0%   0.0%   0.0%   0.0% 	Avg.:  0.4% 
	  1.9%   0.6%   0.2%   0.8%   0.0%   0.0%   0.0%   0.0%   0.0%   0.0% 	Avg.:  0.9% 
	  2.2%   1.3%   0.8%   2.6%   0.8%   0.0%   0.0%   0.0%   0.0%   0.0% 	Avg.:  1.5% 
	  2.6%   2.8%   1.3%   1.9%   0.9%   1.3%   0.0%   0.0%   0.0%   0.0% 	Avg.:  1.8% 
	  4.1%   1.7%   1.9%   2.9%   1.9%   2.6%   0.1%   0.0%   0.0%   0.0% 	Avg.:  2.2% 
	  5.4%   3.1%   3.1%   2.9%   2.5%   3.0%   1.5%   0.9%   0.0%   0.0% 	Avg.:  2.8% 
	  0.0%   0.0%   0.0%   0.0%   0.0%   0.0%   0.0%   0.0%   0.0%   0.0% 	Avg.:  0.0% 
************************************************************************************************************
TAg Forg
	  0.0%   0.0%   0.0%   0.0%   0.0%   0.0%   0.0%   0.0%   0.0%   0.0% 
	  6.1%   0.0%   0.0%   0.0%   0.0%   0.0%   0.0%   0.0%   0.0%   0.0% 	Avg.:  6.1% 
	  9.1%  10.1%   0.0%   0.0%   0.0%   0.0%   0.0%   0.0%   0.0%   0.0% 	Avg.:  9.6% 
	 10.1%  12.1%   8.1%   0.0%   0.0%   0.0%   0.0%   0.0%   0.0%   0.0% 	Avg.: 10.1% 
	 18.5%  13.2%  10.5%  10.5%   0.0%   0.0%   0.0%   0.0%   0.0%   0.0% 	Avg.: 13.2% 
	 26.5%  20.4%  11.9%  18.8%  10.1%   0.0%   0.0%   0.0%   0.0%   0.0% 	Avg.: 17.5% 
	 26.8%  24.5%  15.3%  18.2%  25.5%  15.1%   0.0%   0.0%   0.0%   0.0% 	Avg.: 20.9% 
	 37.5%  19.3%  25.5%  24.0%  26.5%  25.8%  17.6%   0.0%   0.0%   0.0% 	Avg.: 25.2% 
	 32.3%  31.3%  23.0%  30.1%  32.6%  27.1%  17.6%  18.8%   0.0%   0.0% 	Avg.: 26.6% 
	  0.0%   0.0%   0.0%   0.0%   0.0%   0.0%   0.0%   0.0%   0.0%   0.0% 	Avg.:  0.0% 
************************************************************************************************************
[Elapsed time = 1.2 h]
Done!
