START_TASK=5 STOP_TASK=6
============================================================================================================
Arguments =
	approach: replay
	batch_size: 64
	classes_first_task: None
	clipping: 10000
	crop: 224
	dataset: cifar100
	eval_on_train: False
	experiment_path: None
	fix_bn: False
	freeze_backbone: False
	gpu: 0
	gpus: [0]
	increment: 10
	last_layer_analysis: False
	log: ['disk']
	lr: 0.01
	lr_factor: None
	lr_min: 0.0001
	lr_patience: None
	lr_scheduler: cosine
	lr_warmup_epochs: 0
	momentum: 0.0
	multi_softmax: False
	nepochs: 50
	network: vit_small_patch16_224.augreg_in1k
	no_cudnn_deterministic: False
	normalize: in1k
	num_workers: 2
	optimizer_name: sgd
	pin_memory: False
	pretrained: True
	resize: 224
	results_path: ./results
	save_models: True
	seed: 0
	start_at_task: 5
	start_epoch: 0
	stop_at_task: 6
	stop_epoch: 0
	use_valid_only: False
	warmup_lr_factor: 1.0
	warmup_nepochs: 0
	weight_decay: 0.0
============================================================================================================
Approach arguments =
============================================================================================================
Exemplars arguments =
	exemplar_selection: random
	num_exemplars: 2000
============================================================================================================
WARNING: ./results/vit_small_patch16_224.augreg_in1k/cifar100/replay/10 already exists!
Loaded acc_taw from: ./results/vit_small_patch16_224.augreg_in1k/cifar100/replay/10/acc_taw-4.txt
Loaded acc_tag from: ./results/vit_small_patch16_224.augreg_in1k/cifar100/replay/10/acc_tag-4.txt
Loaded forg_taw from: ./results/vit_small_patch16_224.augreg_in1k/cifar100/replay/10/forg_taw-4.txt
Loaded forg_tag from: ./results/vit_small_patch16_224.augreg_in1k/cifar100/replay/10/forg_tag-4.txt
Loaded 2000 exemplars from ./results/vit_small_patch16_224.augreg_in1k/cifar100/replay/10/task4_exemplars.pth
************************************************************************************************************
Task  5  [epochs 0-50]
************************************************************************************************************
[params] total:21,688,764  trainable:21,688,764  tensors:162  trainable_tensors:162
| Epoch   1, time= 86.3s | Train: skip eval | Valid: time=  2.5s loss=0.354, TAw acc= 89.2% | * lr=1.0e-02
| Epoch   2, time= 85.7s | Train: skip eval | Valid: time=  2.5s loss=0.256, TAw acc= 90.4% | * lr=1.0e-02
| Epoch   3, time= 85.8s | Train: skip eval | Valid: time=  2.5s loss=0.233, TAw acc= 91.6% | * lr=9.9e-03
| Epoch   4, time= 85.8s | Train: skip eval | Valid: time=  2.5s loss=0.222, TAw acc= 91.8% | * lr=9.8e-03
| Epoch   5, time= 85.7s | Train: skip eval | Valid: time=  2.6s loss=0.200, TAw acc= 93.2% | * lr=9.8e-03
| Epoch   6, time= 85.7s | Train: skip eval | Valid: time=  2.6s loss=0.231, TAw acc= 91.4% | lr=9.7e-03
| Epoch   7, time= 85.7s | Train: skip eval | Valid: time=  2.5s loss=0.192, TAw acc= 93.0% | * lr=9.5e-03
| Epoch   8, time= 85.7s | Train: skip eval | Valid: time=  2.6s loss=0.225, TAw acc= 92.4% | lr=9.4e-03
| Epoch   9, time= 85.7s | Train: skip eval | Valid: time=  2.5s loss=0.187, TAw acc= 93.0% | * lr=9.2e-03
| Epoch  10, time= 85.7s | Train: skip eval | Valid: time=  2.5s loss=0.195, TAw acc= 93.2% | lr=9.1e-03
| Epoch  11, time= 85.8s | Train: skip eval | Valid: time=  2.5s loss=0.212, TAw acc= 93.4% | lr=8.9e-03
| Epoch  12, time= 85.7s | Train: skip eval | Valid: time=  2.5s loss=0.206, TAw acc= 92.8% | lr=8.7e-03
| Epoch  13, time= 85.7s | Train: skip eval | Valid: time=  2.5s loss=0.195, TAw acc= 92.6% | lr=8.4e-03
| Epoch  14, time= 85.8s | Train: skip eval | Valid: time=  2.5s loss=0.262, TAw acc= 89.8% | lr=8.2e-03
| Epoch  15, time= 85.7s | Train: skip eval | Valid: time=  2.5s loss=0.227, TAw acc= 93.0% | lr=8.0e-03
| Epoch  16, time= 85.8s | Train: skip eval | Valid: time=  2.6s loss=0.170, TAw acc= 94.8% | * lr=7.7e-03
| Epoch  17, time= 85.7s | Train: skip eval | Valid: time=  2.7s loss=0.224, TAw acc= 93.6% | lr=7.4e-03
| Epoch  18, time= 85.7s | Train: skip eval | Valid: time=  2.5s loss=0.200, TAw acc= 93.8% | lr=7.2e-03
| Epoch  19, time= 85.7s | Train: skip eval | Valid: time=  2.6s loss=0.206, TAw acc= 93.4% | lr=6.9e-03
| Epoch  20, time= 85.7s | Train: skip eval | Valid: time=  2.5s loss=0.198, TAw acc= 93.4% | lr=6.6e-03
| Epoch  21, time= 85.7s | Train: skip eval | Valid: time=  2.6s loss=0.201, TAw acc= 93.0% | lr=6.3e-03
| Epoch  22, time= 85.6s | Train: skip eval | Valid: time=  2.5s loss=0.227, TAw acc= 93.2% | lr=6.0e-03
| Epoch  23, time= 85.7s | Train: skip eval | Valid: time=  2.6s loss=0.236, TAw acc= 92.8% | lr=5.7e-03
| Epoch  24, time= 85.8s | Train: skip eval | Valid: time=  2.5s loss=0.222, TAw acc= 93.4% | lr=5.4e-03
| Epoch  25, time= 85.7s | Train: skip eval | Valid: time=  2.6s loss=0.207, TAw acc= 93.2% | lr=5.1e-03
| Epoch  26, time= 85.7s | Train: skip eval | Valid: time=  2.6s loss=0.203, TAw acc= 93.2% | lr=4.7e-03
| Epoch  27, time= 85.6s | Train: skip eval | Valid: time=  2.5s loss=0.203, TAw acc= 93.6% | lr=4.4e-03
| Epoch  28, time= 85.7s | Train: skip eval | Valid: time=  2.5s loss=0.208, TAw acc= 93.2% | lr=4.1e-03
| Epoch  29, time= 85.6s | Train: skip eval | Valid: time=  2.6s loss=0.222, TAw acc= 93.6% | lr=3.8e-03
| Epoch  30, time= 85.6s | Train: skip eval | Valid: time=  2.5s loss=0.224, TAw acc= 93.0% | lr=3.5e-03
| Epoch  31, time= 85.7s | Train: skip eval | Valid: time=  2.5s loss=0.228, TAw acc= 92.8% | lr=3.2e-03
| Epoch  32, time= 85.6s | Train: skip eval | Valid: time=  2.5s loss=0.223, TAw acc= 93.4% | lr=2.9e-03
| Epoch  33, time= 85.6s | Train: skip eval | Valid: time=  2.6s loss=0.212, TAw acc= 93.2% | lr=2.7e-03
| Epoch  34, time= 85.6s | Train: skip eval | Valid: time=  2.5s loss=0.234, TAw acc= 93.0% | lr=2.4e-03
| Epoch  35, time= 85.8s | Train: skip eval | Valid: time=  2.5s loss=0.218, TAw acc= 93.2% | lr=2.1e-03
| Epoch  36, time= 85.7s | Train: skip eval | Valid: time=  2.5s loss=0.210, TAw acc= 93.6% | lr=1.9e-03
| Epoch  37, time= 85.7s | Train: skip eval | Valid: time=  2.6s loss=0.219, TAw acc= 93.6% | lr=1.7e-03
| Epoch  38, time= 85.7s | Train: skip eval | Valid: time=  2.6s loss=0.213, TAw acc= 94.0% | lr=1.4e-03
| Epoch  39, time= 85.7s | Train: skip eval | Valid: time=  2.6s loss=0.213, TAw acc= 93.4% | lr=1.2e-03
| Epoch  40, time= 85.7s | Train: skip eval | Valid: time=  2.6s loss=0.213, TAw acc= 93.6% | lr=1.0e-03
| Epoch  41, time= 85.7s | Train: skip eval | Valid: time=  2.5s loss=0.212, TAw acc= 93.0% | lr=8.7e-04
| Epoch  42, time= 85.7s | Train: skip eval | Valid: time=  2.6s loss=0.215, TAw acc= 92.6% | lr=7.1e-04
| Epoch  43, time= 85.7s | Train: skip eval | Valid: time=  2.5s loss=0.218, TAw acc= 93.0% | lr=5.7e-04
| Epoch  44, time= 85.7s | Train: skip eval | Valid: time=  2.5s loss=0.217, TAw acc= 93.2% | lr=4.5e-04
| Epoch  45, time= 85.7s | Train: skip eval | Valid: time=  2.5s loss=0.216, TAw acc= 93.2% | lr=3.4e-04
| Epoch  46, time= 85.7s | Train: skip eval | Valid: time=  2.5s loss=0.217, TAw acc= 93.4% | lr=2.6e-04
| Epoch  47, time= 85.7s | Train: skip eval | Valid: time=  2.5s loss=0.216, TAw acc= 93.4% | lr=1.9e-04
| Epoch  48, time= 85.7s | Train: skip eval | Valid: time=  2.5s loss=0.216, TAw acc= 93.4% | lr=1.4e-04
| Epoch  49, time= 85.7s | Train: skip eval | Valid: time=  2.5s loss=0.214, TAw acc= 93.6% | lr=1.1e-04
| Epoch  50, time= 85.8s | Train: skip eval | Valid: time=  2.6s loss=0.214, TAw acc= 93.6% | lr=1.0e-04
| Selected 2040 train exemplars, time=  0.1s
------------------------------------------------------------------------------------------------------------
>>> Test on task  0 : loss=0.245 | TAw acc= 93.8%, forg=  2.2% | TAg acc= 69.5%, forg= 26.5% <<<
>>> Test on task  1 : loss=0.253 | TAw acc= 96.9%, forg=  1.3% | TAg acc= 76.3%, forg= 20.4% <<<
>>> Test on task  2 : loss=0.207 | TAw acc= 97.6%, forg=  0.8% | TAg acc= 85.1%, forg= 11.9% <<<
>>> Test on task  3 : loss=0.405 | TAw acc= 91.9%, forg=  2.6% | TAg acc= 75.0%, forg= 18.8% <<<
>>> Test on task  4 : loss=0.235 | TAw acc= 97.1%, forg=  0.8% | TAg acc= 87.3%, forg= 10.1% <<<
>>> Test on task  5 : loss=0.215 | TAw acc= 93.2%, forg=  0.0% | TAg acc= 92.3%, forg=  0.0% <<<
Save at ./results/./results/vit_small_patch16_224.augreg_in1k/cifar100/replay/10
************************************************************************************************************
TAw Acc
	 96.0%   0.0%   0.0%   0.0%   0.0%   0.0%   0.0%   0.0%   0.0%   0.0% 	Avg.: 96.0% 
	 95.9%  98.1%   0.0%   0.0%   0.0%   0.0%   0.0%   0.0%   0.0%   0.0% 	Avg.: 97.0% 
	 95.5%  98.2%  98.3%   0.0%   0.0%   0.0%   0.0%   0.0%   0.0%   0.0% 	Avg.: 97.3% 
	 95.1%  97.8%  98.4%  94.5%   0.0%   0.0%   0.0%   0.0%   0.0%   0.0% 	Avg.: 96.4% 
	 94.1%  97.6%  98.2%  93.7%  97.9%   0.0%   0.0%   0.0%   0.0%   0.0% 	Avg.: 96.3% 
	 93.8%  96.9%  97.6%  91.9%  97.1%  93.2%   0.0%   0.0%   0.0%   0.0% 	Avg.: 95.1% 
	  0.0%   0.0%   0.0%   0.0%   0.0%   0.0%   0.0%   0.0%   0.0%   0.0% 	Avg.:  0.0% 
	  0.0%   0.0%   0.0%   0.0%   0.0%   0.0%   0.0%   0.0%   0.0%   0.0% 	Avg.:  0.0% 
	  0.0%   0.0%   0.0%   0.0%   0.0%   0.0%   0.0%   0.0%   0.0%   0.0% 	Avg.:  0.0% 
	  0.0%   0.0%   0.0%   0.0%   0.0%   0.0%   0.0%   0.0%   0.0%   0.0% 	Avg.:  0.0% 
************************************************************************************************************
TAg Acc
	 96.0%   0.0%   0.0%   0.0%   0.0%   0.0%   0.0%   0.0%   0.0%   0.0% 	Avg.: 96.0% 
	 89.9%  96.7%   0.0%   0.0%   0.0%   0.0%   0.0%   0.0%   0.0%   0.0% 	Avg.: 93.3% 
	 86.9%  86.6%  97.0%   0.0%   0.0%   0.0%   0.0%   0.0%   0.0%   0.0% 	Avg.: 90.2% 
	 85.9%  84.6%  88.9%  93.8%   0.0%   0.0%   0.0%   0.0%   0.0%   0.0% 	Avg.: 88.3% 
	 77.5%  83.5%  86.5%  83.3%  97.4%   0.0%   0.0%   0.0%   0.0%   0.0% 	Avg.: 85.6% 
	 69.5%  76.3%  85.1%  75.0%  87.3%  92.3%   0.0%   0.0%   0.0%   0.0% 	Avg.: 80.9% 
	  0.0%   0.0%   0.0%   0.0%   0.0%   0.0%   0.0%   0.0%   0.0%   0.0% 	Avg.:  0.0% 
	  0.0%   0.0%   0.0%   0.0%   0.0%   0.0%   0.0%   0.0%   0.0%   0.0% 	Avg.:  0.0% 
	  0.0%   0.0%   0.0%   0.0%   0.0%   0.0%   0.0%   0.0%   0.0%   0.0% 	Avg.:  0.0% 
	  0.0%   0.0%   0.0%   0.0%   0.0%   0.0%   0.0%   0.0%   0.0%   0.0% 	Avg.:  0.0% 
************************************************************************************************************
TAw Forg
	  0.0%   0.0%   0.0%   0.0%   0.0%   0.0%   0.0%   0.0%   0.0%   0.0% 
	  0.1%   0.0%   0.0%   0.0%   0.0%   0.0%   0.0%   0.0%   0.0%   0.0% 	Avg.:  0.1% 
	  0.5%  -0.1%   0.0%   0.0%   0.0%   0.0%   0.0%   0.0%   0.0%   0.0% 	Avg.:  0.2% 
	  0.9%   0.4%  -0.1%   0.0%   0.0%   0.0%   0.0%   0.0%   0.0%   0.0% 	Avg.:  0.4% 
	  1.9%   0.6%   0.2%   0.8%   0.0%   0.0%   0.0%   0.0%   0.0%   0.0% 	Avg.:  0.9% 
	  2.2%   1.3%   0.8%   2.6%   0.8%   0.0%   0.0%   0.0%   0.0%   0.0% 	Avg.:  1.5% 
	  0.0%   0.0%   0.0%   0.0%   0.0%   0.0%   0.0%   0.0%   0.0%   0.0% 	Avg.:  0.0% 
	  0.0%   0.0%   0.0%   0.0%   0.0%   0.0%   0.0%   0.0%   0.0%   0.0% 	Avg.:  0.0% 
	  0.0%   0.0%   0.0%   0.0%   0.0%   0.0%   0.0%   0.0%   0.0%   0.0% 	Avg.:  0.0% 
	  0.0%   0.0%   0.0%   0.0%   0.0%   0.0%   0.0%   0.0%   0.0%   0.0% 	Avg.:  0.0% 
************************************************************************************************************
TAg Forg
	  0.0%   0.0%   0.0%   0.0%   0.0%   0.0%   0.0%   0.0%   0.0%   0.0% 
	  6.1%   0.0%   0.0%   0.0%   0.0%   0.0%   0.0%   0.0%   0.0%   0.0% 	Avg.:  6.1% 
	  9.1%  10.1%   0.0%   0.0%   0.0%   0.0%   0.0%   0.0%   0.0%   0.0% 	Avg.:  9.6% 
	 10.1%  12.1%   8.1%   0.0%   0.0%   0.0%   0.0%   0.0%   0.0%   0.0% 	Avg.: 10.1% 
	 18.5%  13.2%  10.5%  10.5%   0.0%   0.0%   0.0%   0.0%   0.0%   0.0% 	Avg.: 13.2% 
	 26.5%  20.4%  11.9%  18.8%  10.1%   0.0%   0.0%   0.0%   0.0%   0.0% 	Avg.: 17.5% 
	  0.0%   0.0%   0.0%   0.0%   0.0%   0.0%   0.0%   0.0%   0.0%   0.0% 	Avg.:  0.0% 
	  0.0%   0.0%   0.0%   0.0%   0.0%   0.0%   0.0%   0.0%   0.0%   0.0% 	Avg.:  0.0% 
	  0.0%   0.0%   0.0%   0.0%   0.0%   0.0%   0.0%   0.0%   0.0%   0.0% 	Avg.:  0.0% 
	  0.0%   0.0%   0.0%   0.0%   0.0%   0.0%   0.0%   0.0%   0.0%   0.0% 	Avg.:  0.0% 
************************************************************************************************************
[Elapsed time = 1.2 h]
Done!
