START_TASK=6 STOP_TASK=7
============================================================================================================
Arguments =
	approach: replay
	batch_size: 64
	classes_first_task: None
	clipping: 10000
	crop: 224
	dataset: cifar100
	eval_on_train: False
	experiment_path: None
	fix_bn: False
	freeze_backbone: False
	gpu: 0
	gpus: [0]
	increment: 10
	last_layer_analysis: True
	log: ['disk']
	lr: 0.01
	lr_factor: None
	lr_min: 0.0001
	lr_patience: None
	lr_scheduler: cosine
	lr_warmup_epochs: 0
	momentum: 0.0
	multi_softmax: False
	nepochs: 50
	network: resnetv2_101x1_bit.goog_in21k
	no_cudnn_deterministic: False
	normalize: in21k
	num_workers: 2
	optimizer_name: sgd
	pin_memory: False
	pretrained: True
	resize: 224
	results_path: ./results
	save_models: True
	seed: 0
	start_at_task: 6
	start_epoch: 0
	stop_at_task: 7
	stop_epoch: 0
	use_valid_only: False
	warmup_lr_factor: 1.0
	warmup_nepochs: 0
	weight_decay: 0.0
============================================================================================================
Approach arguments =
============================================================================================================
Exemplars arguments =
	exemplar_selection: random
	num_exemplars: 2000
============================================================================================================
WARNING: ./results/resnetv2_101x1_bit.goog_in21k/cifar100/replay/10 already exists!
Loaded acc_taw from: ./results/resnetv2_101x1_bit.goog_in21k/cifar100/replay/10/acc_taw-5.txt
Loaded acc_tag from: ./results/resnetv2_101x1_bit.goog_in21k/cifar100/replay/10/acc_tag-5.txt
Loaded forg_taw from: ./results/resnetv2_101x1_bit.goog_in21k/cifar100/replay/10/forg_taw-5.txt
Loaded forg_tag from: ./results/resnetv2_101x1_bit.goog_in21k/cifar100/replay/10/forg_tag-5.txt
Loaded 2040 exemplars from ./results/resnetv2_101x1_bit.goog_in21k/cifar100/replay/10/task5_exemplars.pth
************************************************************************************************************
Task  6  [epochs 0-50]
************************************************************************************************************
[params] total:42,635,910  trainable:42,635,910  tensors:318  trainable_tensors:318
| Epoch   1, time= 14.9s | Train: skip eval | Valid: time=  0.8s loss=0.287, TAw acc= 94.6% | * lr=1.0e-02
| Epoch   2, time= 14.5s | Train: skip eval | Valid: time=  0.9s loss=0.275, TAw acc= 92.4% | * lr=1.0e-02
| Epoch   3, time= 14.7s | Train: skip eval | Valid: time=  0.8s loss=0.115, TAw acc= 97.4% | * lr=9.9e-03
| Epoch   4, time= 14.6s | Train: skip eval | Valid: time=  0.9s loss=0.358, TAw acc= 94.6% | lr=9.8e-03
| Epoch   5, time= 14.6s | Train: skip eval | Valid: time=  0.9s loss=0.148, TAw acc= 97.0% | lr=9.8e-03
| Epoch   6, time= 14.5s | Train: skip eval | Valid: time=  0.8s loss=1.494, TAw acc= 82.6% | lr=9.7e-03
| Epoch   7, time= 14.8s | Train: skip eval | Valid: time=  0.9s loss=0.132, TAw acc= 97.6% | lr=9.5e-03
| Epoch   8, time= 14.6s | Train: skip eval | Valid: time=  0.9s loss=0.111, TAw acc= 97.6% | * lr=9.4e-03
| Epoch   9, time= 14.1s | Train: skip eval | Valid: time=  0.8s loss=0.138, TAw acc= 97.8% | lr=9.2e-03
| Epoch  10, time= 14.6s | Train: skip eval | Valid: time=  0.8s loss=0.133, TAw acc= 97.4% | lr=9.1e-03
| Epoch  11, time= 14.6s | Train: skip eval | Valid: time=  0.8s loss=0.194, TAw acc= 96.6% | lr=8.9e-03
| Epoch  12, time= 14.6s | Train: skip eval | Valid: time=  0.8s loss=0.470, TAw acc= 92.2% | lr=8.7e-03
| Epoch  13, time= 14.3s | Train: skip eval | Valid: time=  0.8s loss=0.099, TAw acc= 97.8% | * lr=8.4e-03
| Epoch  14, time= 14.6s | Train: skip eval | Valid: time=  0.8s loss=0.203, TAw acc= 96.2% | lr=8.2e-03
| Epoch  15, time= 14.2s | Train: skip eval | Valid: time=  0.9s loss=0.123, TAw acc= 98.4% | lr=8.0e-03
| Epoch  16, time= 14.7s | Train: skip eval | Valid: time=  0.8s loss=0.137, TAw acc= 98.0% | lr=7.7e-03
| Epoch  17, time= 14.7s | Train: skip eval | Valid: time=  0.8s loss=0.130, TAw acc= 98.0% | lr=7.4e-03
| Epoch  18, time= 14.7s | Train: skip eval | Valid: time=  0.8s loss=0.137, TAw acc= 97.6% | lr=7.2e-03
| Epoch  19, time= 14.4s | Train: skip eval | Valid: time=  0.8s loss=0.102, TAw acc= 97.4% | lr=6.9e-03
| Epoch  20, time= 14.9s | Train: skip eval | Valid: time=  0.9s loss=0.090, TAw acc= 97.8% | * lr=6.6e-03
| Epoch  21, time= 14.7s | Train: skip eval | Valid: time=  0.8s loss=0.097, TAw acc= 98.0% | lr=6.3e-03
| Epoch  22, time= 14.6s | Train: skip eval | Valid: time=  0.8s loss=0.121, TAw acc= 97.4% | lr=6.0e-03
| Epoch  23, time= 14.7s | Train: skip eval | Valid: time=  0.8s loss=0.099, TAw acc= 97.4% | lr=5.7e-03
| Epoch  24, time= 14.7s | Train: skip eval | Valid: time=  0.8s loss=0.098, TAw acc= 97.2% | lr=5.4e-03
| Epoch  25, time= 14.3s | Train: skip eval | Valid: time=  0.8s loss=0.101, TAw acc= 97.8% | lr=5.1e-03
| Epoch  26, time= 14.5s | Train: skip eval | Valid: time=  0.8s loss=0.098, TAw acc= 98.2% | lr=4.7e-03
| Epoch  27, time= 14.7s | Train: skip eval | Valid: time=  0.8s loss=0.125, TAw acc= 97.2% | lr=4.4e-03
| Epoch  28, time= 14.3s | Train: skip eval | Valid: time=  0.8s loss=0.127, TAw acc= 96.6% | lr=4.1e-03
| Epoch  29, time= 14.5s | Train: skip eval | Valid: time=  0.8s loss=0.143, TAw acc= 95.6% | lr=3.8e-03
| Epoch  30, time= 14.7s | Train: skip eval | Valid: time=  0.8s loss=0.110, TAw acc= 97.2% | lr=3.5e-03
| Epoch  31, time= 14.3s | Train: skip eval | Valid: time=  0.9s loss=0.091, TAw acc= 97.6% | lr=3.2e-03
| Epoch  32, time= 14.3s | Train: skip eval | Valid: time=  0.8s loss=0.117, TAw acc= 97.4% | lr=2.9e-03
| Epoch  33, time= 14.7s | Train: skip eval | Valid: time=  0.8s loss=0.118, TAw acc= 97.4% | lr=2.7e-03
| Epoch  34, time= 14.9s | Train: skip eval | Valid: time=  0.8s loss=0.114, TAw acc= 97.4% | lr=2.4e-03
| Epoch  35, time= 14.7s | Train: skip eval | Valid: time=  0.8s loss=0.115, TAw acc= 97.6% | lr=2.1e-03
| Epoch  36, time= 14.6s | Train: skip eval | Valid: time=  0.8s loss=0.108, TAw acc= 97.8% | lr=1.9e-03
| Epoch  37, time= 14.7s | Train: skip eval | Valid: time=  0.8s loss=0.113, TAw acc= 97.6% | lr=1.7e-03
| Epoch  38, time= 14.7s | Train: skip eval | Valid: time=  0.8s loss=0.110, TAw acc= 97.6% | lr=1.4e-03
| Epoch  39, time= 14.7s | Train: skip eval | Valid: time=  0.8s loss=0.117, TAw acc= 97.4% | lr=1.2e-03
| Epoch  40, time= 14.7s | Train: skip eval | Valid: time=  0.8s loss=0.107, TAw acc= 97.8% | lr=1.0e-03
| Epoch  41, time= 14.6s | Train: skip eval | Valid: time=  0.8s loss=0.099, TAw acc= 97.4% | lr=8.7e-04
| Epoch  42, time= 14.7s | Train: skip eval | Valid: time=  0.8s loss=0.102, TAw acc= 97.6% | lr=7.1e-04
| Epoch  43, time= 14.5s | Train: skip eval | Valid: time=  0.8s loss=0.102, TAw acc= 97.8% | lr=5.7e-04
| Epoch  44, time= 14.7s | Train: skip eval | Valid: time=  0.8s loss=0.100, TAw acc= 98.0% | lr=4.5e-04
| Epoch  45, time= 14.6s | Train: skip eval | Valid: time=  0.9s loss=0.099, TAw acc= 97.8% | lr=3.4e-04
| Epoch  46, time= 14.5s | Train: skip eval | Valid: time=  0.8s loss=0.098, TAw acc= 97.8% | lr=2.6e-04
| Epoch  47, time= 14.7s | Train: skip eval | Valid: time=  0.8s loss=0.098, TAw acc= 97.8% | lr=1.9e-04
| Epoch  48, time= 14.7s | Train: skip eval | Valid: time=  0.8s loss=0.098, TAw acc= 98.0% | lr=1.4e-04
| Epoch  49, time= 14.7s | Train: skip eval | Valid: time=  0.8s loss=0.098, TAw acc= 98.0% | lr=1.1e-04
| Epoch  50, time= 14.7s | Train: skip eval | Valid: time=  0.8s loss=0.098, TAw acc= 98.0% | lr=1.0e-04
| Selected 2030 train exemplars, time=  0.1s
------------------------------------------------------------------------------------------------------------
>>> Test on task  0 : loss=0.282 | TAw acc= 92.8%, forg=  3.9% | TAg acc= 68.7%, forg= 28.0% <<<
>>> Test on task  1 : loss=0.241 | TAw acc= 96.7%, forg=  1.5% | TAg acc= 74.4%, forg= 21.9% <<<
>>> Test on task  2 : loss=0.199 | TAw acc= 97.4%, forg=  1.4% | TAg acc= 80.6%, forg= 17.4% <<<
>>> Test on task  3 : loss=0.357 | TAw acc= 94.2%, forg=  2.4% | TAg acc= 74.5%, forg= 21.8% <<<
>>> Test on task  4 : loss=0.243 | TAw acc= 96.9%, forg=  1.7% | TAg acc= 76.5%, forg= 21.3% <<<
>>> Test on task  5 : loss=0.418 | TAw acc= 92.5%, forg=  1.3% | TAg acc= 78.3%, forg= 14.4% <<<
>>> Test on task  6 : loss=0.113 | TAw acc= 97.9%, forg=  0.0% | TAg acc= 96.9%, forg=  0.0% <<<
Save at ./results/./results/resnetv2_101x1_bit.goog_in21k/cifar100/replay/10
************************************************************************************************************
TAw Acc
	 96.7%   0.0%   0.0%   0.0%   0.0%   0.0%   0.0%   0.0%   0.0%   0.0% 	Avg.: 96.7% 
	 95.1%  98.2%   0.0%   0.0%   0.0%   0.0%   0.0%   0.0%   0.0%   0.0% 	Avg.: 96.7% 
	 96.4%  98.0%  98.8%   0.0%   0.0%   0.0%   0.0%   0.0%   0.0%   0.0% 	Avg.: 97.7% 
	 96.0%  97.0%  98.1%  96.6%   0.0%   0.0%   0.0%   0.0%   0.0%   0.0% 	Avg.: 96.9% 
	 94.8%  97.3%  98.0%  95.1%  98.4%   0.0%   0.0%   0.0%   0.0%   0.0% 	Avg.: 96.7% 
	 94.6%  96.5%  98.0%  95.1%  98.6%  93.8%   0.0%   0.0%   0.0%   0.0% 	Avg.: 96.1% 
	 92.8%  96.7%  97.4%  94.2%  96.9%  92.5%  97.9%   0.0%   0.0%   0.0% 	Avg.: 95.5% 
	  0.0%   0.0%   0.0%   0.0%   0.0%   0.0%   0.0%   0.0%   0.0%   0.0% 	Avg.:  0.0% 
	  0.0%   0.0%   0.0%   0.0%   0.0%   0.0%   0.0%   0.0%   0.0%   0.0% 	Avg.:  0.0% 
	  0.0%   0.0%   0.0%   0.0%   0.0%   0.0%   0.0%   0.0%   0.0%   0.0% 	Avg.:  0.0% 
************************************************************************************************************
TAg Acc
	 96.7%   0.0%   0.0%   0.0%   0.0%   0.0%   0.0%   0.0%   0.0%   0.0% 	Avg.: 96.7% 
	 91.0%  96.3%   0.0%   0.0%   0.0%   0.0%   0.0%   0.0%   0.0%   0.0% 	Avg.: 93.7% 
	 90.3%  89.5%  98.0%   0.0%   0.0%   0.0%   0.0%   0.0%   0.0%   0.0% 	Avg.: 92.6% 
	 86.0%  83.9%  88.5%  96.3%   0.0%   0.0%   0.0%   0.0%   0.0%   0.0% 	Avg.: 88.7% 
	 79.8%  83.8%  87.1%  86.6%  97.8%   0.0%   0.0%   0.0%   0.0%   0.0% 	Avg.: 87.0% 
	 71.3%  81.1%  84.0%  78.2%  88.2%  92.7%   0.0%   0.0%   0.0%   0.0% 	Avg.: 82.6% 
	 68.7%  74.4%  80.6%  74.5%  76.5%  78.3%  96.9%   0.0%   0.0%   0.0% 	Avg.: 78.6% 
	  0.0%   0.0%   0.0%   0.0%   0.0%   0.0%   0.0%   0.0%   0.0%   0.0% 	Avg.:  0.0% 
	  0.0%   0.0%   0.0%   0.0%   0.0%   0.0%   0.0%   0.0%   0.0%   0.0% 	Avg.:  0.0% 
	  0.0%   0.0%   0.0%   0.0%   0.0%   0.0%   0.0%   0.0%   0.0%   0.0% 	Avg.:  0.0% 
************************************************************************************************************
TAw Forg
	  0.0%   0.0%   0.0%   0.0%   0.0%   0.0%   0.0%   0.0%   0.0%   0.0% 
	  1.6%   0.0%   0.0%   0.0%   0.0%   0.0%   0.0%   0.0%   0.0%   0.0% 	Avg.:  1.6% 
	  0.3%   0.2%   0.0%   0.0%   0.0%   0.0%   0.0%   0.0%   0.0%   0.0% 	Avg.:  0.2% 
	  0.7%   1.2%   0.7%   0.0%   0.0%   0.0%   0.0%   0.0%   0.0%   0.0% 	Avg.:  0.9% 
	  1.9%   0.9%   0.8%   1.5%   0.0%   0.0%   0.0%   0.0%   0.0%   0.0% 	Avg.:  1.3% 
	  2.1%   1.7%   0.8%   1.5%  -0.2%   0.0%   0.0%   0.0%   0.0%   0.0% 	Avg.:  1.2% 
	  3.9%   1.5%   1.4%   2.4%   1.7%   1.3%   0.0%   0.0%   0.0%   0.0% 	Avg.:  2.0% 
	  0.0%   0.0%   0.0%   0.0%   0.0%   0.0%   0.0%   0.0%   0.0%   0.0% 	Avg.:  0.0% 
	  0.0%   0.0%   0.0%   0.0%   0.0%   0.0%   0.0%   0.0%   0.0%   0.0% 	Avg.:  0.0% 
	  0.0%   0.0%   0.0%   0.0%   0.0%   0.0%   0.0%   0.0%   0.0%   0.0% 	Avg.:  0.0% 
************************************************************************************************************
TAg Forg
	  0.0%   0.0%   0.0%   0.0%   0.0%   0.0%   0.0%   0.0%   0.0%   0.0% 
	  5.7%   0.0%   0.0%   0.0%   0.0%   0.0%   0.0%   0.0%   0.0%   0.0% 	Avg.:  5.7% 
	  6.4%   6.8%   0.0%   0.0%   0.0%   0.0%   0.0%   0.0%   0.0%   0.0% 	Avg.:  6.6% 
	 10.7%  12.4%   9.5%   0.0%   0.0%   0.0%   0.0%   0.0%   0.0%   0.0% 	Avg.: 10.9% 
	 16.9%  12.5%  10.9%   9.7%   0.0%   0.0%   0.0%   0.0%   0.0%   0.0% 	Avg.: 12.5% 
	 25.4%  15.2%  14.0%  18.1%   9.6%   0.0%   0.0%   0.0%   0.0%   0.0% 	Avg.: 16.5% 
	 28.0%  21.9%  17.4%  21.8%  21.3%  14.4%   0.0%   0.0%   0.0%   0.0% 	Avg.: 20.8% 
	  0.0%   0.0%   0.0%   0.0%   0.0%   0.0%   0.0%   0.0%   0.0%   0.0% 	Avg.:  0.0% 
	  0.0%   0.0%   0.0%   0.0%   0.0%   0.0%   0.0%   0.0%   0.0%   0.0% 	Avg.:  0.0% 
	  0.0%   0.0%   0.0%   0.0%   0.0%   0.0%   0.0%   0.0%   0.0%   0.0% 	Avg.:  0.0% 
************************************************************************************************************
[Elapsed time = 0.2 h]
Done!
