START_TASK=13 STOP_TASK=14
============================================================================================================
Arguments =
	approach: bic
	batch_size: 64
	classes_first_task: None
	clipping: 10000
	crop: 224
	data_path: ../data/inat200
	dataset: inat200
	eval_on_train: False
	experiment_path: None
	fix_bn: False
	freeze_backbone: False
	gpu: 0
	gpus: [0]
	increment: 10
	last_layer_analysis: False
	log: ['disk']
	lr: 0.01
	lr_factor: None
	lr_min: 0.0001
	lr_patience: None
	lr_scheduler: cosine
	lr_warmup_epochs: 0
	momentum: 0.0
	multi_softmax: False
	nepochs: 90
	network: resnet50.a1_in1k
	no_cudnn_deterministic: False
	normalize: in1k
	num_workers: 2
	optimizer_name: sgd
	pin_memory: False
	pretrained: True
	resize: 224
	results_path: ./results
	save_models: True
	seed: 0
	start_at_task: 13
	start_epoch: 0
	stop_at_task: 14
	stop_epoch: 0
	use_valid_only: False
	warmup_lr_factor: 1.0
	warmup_nepochs: 0
	weight_decay: 0.0
============================================================================================================
Approach arguments =
	T: 2
	lamb: -1
	num_bias_epochs: 200
	val_exemplar_percentage: 0.1
============================================================================================================
Exemplars arguments =
	exemplar_selection: random
	num_exemplars: 2000
============================================================================================================
WARNING: ./results/resnet50.a1_in1k/inat200/bic/10 already exists!
Loaded acc_taw from: ./results/resnet50.a1_in1k/inat200/bic/10/acc_taw-12.txt
Loaded acc_tag from: ./results/resnet50.a1_in1k/inat200/bic/10/acc_tag-12.txt
Loaded forg_taw from: ./results/resnet50.a1_in1k/inat200/bic/10/forg_taw-12.txt
Loaded forg_tag from: ./results/resnet50.a1_in1k/inat200/bic/10/forg_tag-12.txt
Loaded 13 bias layers from ./results/resnet50.a1_in1k/inat200/bic/10/task12_bias_layers.pth
Loaded 1690 training exemplars from ./results/resnet50.a1_in1k/inat200/bic/10/task12_exemplars.pth
Loaded val exemplars from ./results/resnet50.a1_in1k/inat200/bic/10/task12_val_exemplars.pth
************************************************************************************************************
Task 13  [epochs 0-90]
************************************************************************************************************
Stage 0: Select validation exemplars for bias correction
 > Selected 280 val exemplars, time=0.0s
Stage 1: Backbone training with distillation
[params] total:23,794,892  trainable:23,794,892  tensors:187  trainable_tensors:187
| Epoch   1, time= 21.4s | Train: skip eval | Valid: time=  1.9s loss=4.538, TAw acc= 22.2% | * lr=1.0e-02
| Epoch   2, time= 20.2s | Train: skip eval | Valid: time=  1.9s loss=4.514, TAw acc= 50.5% | * lr=1.0e-02
| Epoch   3, time= 19.6s | Train: skip eval | Valid: time=  1.7s loss=4.489, TAw acc= 62.5% | * lr=1.0e-02
| Epoch   4, time= 21.3s | Train: skip eval | Valid: time=  1.8s loss=4.469, TAw acc= 68.2% | * lr=1.0e-02
| Epoch   5, time= 21.2s | Train: skip eval | Valid: time=  1.9s loss=4.444, TAw acc= 72.8% | * lr=9.9e-03
| Epoch   6, time= 19.0s | Train: skip eval | Valid: time=  2.1s loss=4.423, TAw acc= 76.2% | * lr=9.9e-03
| Epoch   7, time= 18.7s | Train: skip eval | Valid: time=  2.1s loss=4.405, TAw acc= 78.8% | * lr=9.9e-03
| Epoch   8, time= 20.8s | Train: skip eval | Valid: time=  1.8s loss=4.384, TAw acc= 80.0% | * lr=9.8e-03
| Epoch   9, time= 21.4s | Train: skip eval | Valid: time=  2.1s loss=4.368, TAw acc= 81.0% | * lr=9.8e-03
| Epoch  10, time= 22.2s | Train: skip eval | Valid: time=  1.7s loss=4.351, TAw acc= 83.0% | * lr=9.7e-03
| Epoch  11, time= 23.0s | Train: skip eval | Valid: time=  1.7s loss=4.339, TAw acc= 84.2% | * lr=9.6e-03
| Epoch  12, time= 24.0s | Train: skip eval | Valid: time=  2.0s loss=4.324, TAw acc= 85.8% | * lr=9.6e-03
| Epoch  13, time= 19.1s | Train: skip eval | Valid: time=  1.9s loss=4.316, TAw acc= 85.0% | * lr=9.5e-03
| Epoch  14, time= 18.4s | Train: skip eval | Valid: time=  1.7s loss=4.300, TAw acc= 85.2% | * lr=9.4e-03
| Epoch  15, time= 20.5s | Train: skip eval | Valid: time=  1.8s loss=4.291, TAw acc= 87.0% | * lr=9.3e-03
| Epoch  16, time= 19.4s | Train: skip eval | Valid: time=  1.7s loss=4.284, TAw acc= 86.0% | * lr=9.2e-03
| Epoch  17, time= 18.9s | Train: skip eval | Valid: time=  1.7s loss=4.276, TAw acc= 87.8% | * lr=9.2e-03
| Epoch  18, time= 21.5s | Train: skip eval | Valid: time=  1.7s loss=4.268, TAw acc= 88.0% | * lr=9.1e-03
| Epoch  19, time= 19.3s | Train: skip eval | Valid: time=  1.8s loss=4.261, TAw acc= 87.2% | * lr=9.0e-03
| Epoch  20, time= 23.0s | Train: skip eval | Valid: time=  1.8s loss=4.254, TAw acc= 88.8% | * lr=8.8e-03
| Epoch  21, time= 18.7s | Train: skip eval | Valid: time=  2.1s loss=4.252, TAw acc= 88.8% | * lr=8.7e-03
| Epoch  22, time= 19.3s | Train: skip eval | Valid: time=  1.7s loss=4.245, TAw acc= 88.2% | * lr=8.6e-03
| Epoch  23, time= 21.6s | Train: skip eval | Valid: time=  1.7s loss=4.244, TAw acc= 88.2% | * lr=8.5e-03
| Epoch  24, time= 24.3s | Train: skip eval | Valid: time=  1.7s loss=4.242, TAw acc= 88.8% | * lr=8.4e-03
| Epoch  25, time= 20.0s | Train: skip eval | Valid: time=  2.0s loss=4.238, TAw acc= 88.5% | * lr=8.2e-03
| Epoch  26, time= 18.8s | Train: skip eval | Valid: time=  2.2s loss=4.236, TAw acc= 88.5% | * lr=8.1e-03
| Epoch  27, time= 20.6s | Train: skip eval | Valid: time=  1.7s loss=4.230, TAw acc= 88.8% | * lr=8.0e-03
| Epoch  28, time= 20.1s | Train: skip eval | Valid: time=  1.9s loss=4.226, TAw acc= 88.8% | * lr=7.8e-03
| Epoch  29, time= 20.3s | Train: skip eval | Valid: time=  1.7s loss=4.227, TAw acc= 88.5% | lr=7.7e-03
| Epoch  30, time= 22.1s | Train: skip eval | Valid: time=  1.7s loss=4.226, TAw acc= 89.0% | * lr=7.5e-03
| Epoch  31, time= 22.2s | Train: skip eval | Valid: time=  1.7s loss=4.224, TAw acc= 89.2% | * lr=7.4e-03
| Epoch  32, time= 21.7s | Train: skip eval | Valid: time=  1.7s loss=4.220, TAw acc= 88.8% | * lr=7.2e-03
| Epoch  33, time= 22.3s | Train: skip eval | Valid: time=  1.8s loss=4.220, TAw acc= 89.0% | * lr=7.1e-03
| Epoch  34, time= 20.5s | Train: skip eval | Valid: time=  1.7s loss=4.218, TAw acc= 89.2% | * lr=6.9e-03
| Epoch  35, time= 24.5s | Train: skip eval | Valid: time=  2.0s loss=4.215, TAw acc= 88.5% | * lr=6.7e-03
| Epoch  36, time= 20.5s | Train: skip eval | Valid: time=  1.7s loss=4.215, TAw acc= 89.8% | lr=6.6e-03
| Epoch  37, time= 19.5s | Train: skip eval | Valid: time=  1.7s loss=4.214, TAw acc= 89.0% | * lr=6.4e-03
| Epoch  38, time= 19.5s | Train: skip eval | Valid: time=  1.7s loss=4.213, TAw acc= 88.5% | * lr=6.2e-03
| Epoch  39, time= 20.3s | Train: skip eval | Valid: time=  1.9s loss=4.210, TAw acc= 89.2% | * lr=6.1e-03
| Epoch  40, time= 18.8s | Train: skip eval | Valid: time=  1.7s loss=4.210, TAw acc= 89.8% | * lr=5.9e-03
| Epoch  41, time= 20.8s | Train: skip eval | Valid: time=  1.7s loss=4.211, TAw acc= 88.5% | lr=5.7e-03
| Epoch  42, time= 18.8s | Train: skip eval | Valid: time=  1.7s loss=4.210, TAw acc= 89.5% | lr=5.6e-03
| Epoch  43, time= 19.5s | Train: skip eval | Valid: time=  1.7s loss=4.208, TAw acc= 89.5% | * lr=5.4e-03
| Epoch  44, time= 22.3s | Train: skip eval | Valid: time=  1.7s loss=4.207, TAw acc= 89.0% | * lr=5.2e-03
| Epoch  45, time= 19.8s | Train: skip eval | Valid: time=  1.7s loss=4.209, TAw acc= 89.8% | lr=5.1e-03
| Epoch  46, time= 25.1s | Train: skip eval | Valid: time=  1.7s loss=4.206, TAw acc= 89.8% | * lr=4.9e-03
| Epoch  47, time= 19.1s | Train: skip eval | Valid: time=  1.7s loss=4.206, TAw acc= 90.0% | lr=4.7e-03
| Epoch  48, time= 22.4s | Train: skip eval | Valid: time=  1.9s loss=4.205, TAw acc= 90.0% | * lr=4.5e-03
| Epoch  49, time= 20.0s | Train: skip eval | Valid: time=  2.2s loss=4.206, TAw acc= 90.0% | lr=4.4e-03
| Epoch  50, time= 22.8s | Train: skip eval | Valid: time=  1.8s loss=4.204, TAw acc= 89.8% | * lr=4.2e-03
| Epoch  51, time= 23.6s | Train: skip eval | Valid: time=  1.7s loss=4.205, TAw acc= 89.8% | lr=4.0e-03
| Epoch  52, time= 20.2s | Train: skip eval | Valid: time=  1.7s loss=4.205, TAw acc= 90.5% | lr=3.9e-03
| Epoch  53, time= 24.6s | Train: skip eval | Valid: time=  2.2s loss=4.205, TAw acc= 90.5% | lr=3.7e-03
| Epoch  54, time= 22.8s | Train: skip eval | Valid: time=  1.7s loss=4.201, TAw acc= 90.2% | * lr=3.5e-03
| Epoch  55, time= 22.3s | Train: skip eval | Valid: time=  1.7s loss=4.201, TAw acc= 89.5% | * lr=3.4e-03
| Epoch  56, time= 23.3s | Train: skip eval | Valid: time=  1.7s loss=4.201, TAw acc= 89.8% | lr=3.2e-03
| Epoch  57, time= 21.9s | Train: skip eval | Valid: time=  1.9s loss=4.202, TAw acc= 90.5% | lr=3.0e-03
| Epoch  58, time= 21.9s | Train: skip eval | Valid: time=  1.7s loss=4.200, TAw acc= 89.8% | * lr=2.9e-03
| Epoch  59, time= 18.8s | Train: skip eval | Valid: time=  1.7s loss=4.200, TAw acc= 90.5% | * lr=2.7e-03
| Epoch  60, time= 22.9s | Train: skip eval | Valid: time=  1.7s loss=4.201, TAw acc= 90.0% | lr=2.6e-03
| Epoch  61, time= 19.9s | Train: skip eval | Valid: time=  1.7s loss=4.201, TAw acc= 90.2% | lr=2.4e-03
| Epoch  62, time= 19.6s | Train: skip eval | Valid: time=  1.7s loss=4.199, TAw acc= 91.0% | * lr=2.3e-03
| Epoch  63, time= 23.0s | Train: skip eval | Valid: time=  2.0s loss=4.200, TAw acc= 90.2% | lr=2.1e-03
| Epoch  64, time= 19.6s | Train: skip eval | Valid: time=  1.7s loss=4.199, TAw acc= 90.8% | lr=2.0e-03
| Epoch  65, time= 21.4s | Train: skip eval | Valid: time=  1.7s loss=4.201, TAw acc= 90.0% | lr=1.9e-03
| Epoch  66, time= 20.0s | Train: skip eval | Valid: time=  2.0s loss=4.201, TAw acc= 91.2% | lr=1.7e-03
| Epoch  67, time= 21.4s | Train: skip eval | Valid: time=  1.7s loss=4.203, TAw acc= 90.0% | lr=1.6e-03
| Epoch  68, time= 21.1s | Train: skip eval | Valid: time=  1.7s loss=4.200, TAw acc= 90.2% | lr=1.5e-03
| Epoch  69, time= 22.7s | Train: skip eval | Valid: time=  1.7s loss=4.201, TAw acc= 90.2% | lr=1.4e-03
| Epoch  70, time= 24.9s | Train: skip eval | Valid: time=  1.7s loss=4.199, TAw acc= 90.8% | lr=1.3e-03
| Epoch  71, time= 18.8s | Train: skip eval | Valid: time=  2.0s loss=4.200, TAw acc= 90.8% | lr=1.1e-03
| Epoch  72, time= 20.7s | Train: skip eval | Valid: time=  1.8s loss=4.198, TAw acc= 90.5% | * lr=1.0e-03
| Epoch  73, time= 19.8s | Train: skip eval | Valid: time=  2.2s loss=4.200, TAw acc= 90.5% | lr=9.5e-04
| Epoch  74, time= 21.8s | Train: skip eval | Valid: time=  1.7s loss=4.199, TAw acc= 89.2% | lr=8.5e-04
| Epoch  75, time= 23.4s | Train: skip eval | Valid: time=  2.0s loss=4.200, TAw acc= 90.0% | lr=7.6e-04
| Epoch  76, time= 19.2s | Train: skip eval | Valid: time=  1.7s loss=4.201, TAw acc= 90.0% | lr=6.8e-04
| Epoch  77, time= 20.0s | Train: skip eval | Valid: time=  1.7s loss=4.200, TAw acc= 89.5% | lr=6.0e-04
| Epoch  78, time= 21.1s | Train: skip eval | Valid: time=  1.7s loss=4.199, TAw acc= 90.5% | lr=5.3e-04
| Epoch  79, time= 19.3s | Train: skip eval | Valid: time=  2.2s loss=4.197, TAw acc= 90.2% | * lr=4.6e-04
| Epoch  80, time= 19.6s | Train: skip eval | Valid: time=  1.7s loss=4.200, TAw acc= 90.2% | lr=4.0e-04
| Epoch  81, time= 21.5s | Train: skip eval | Valid: time=  2.0s loss=4.198, TAw acc= 90.8% | lr=3.4e-04
| Epoch  82, time= 20.3s | Train: skip eval | Valid: time=  1.7s loss=4.200, TAw acc= 90.5% | lr=2.9e-04
| Epoch  83, time= 19.9s | Train: skip eval | Valid: time=  1.8s loss=4.201, TAw acc= 90.5% | lr=2.5e-04
| Epoch  84, time= 20.8s | Train: skip eval | Valid: time=  1.7s loss=4.198, TAw acc= 90.8% | lr=2.1e-04
| Epoch  85, time= 20.2s | Train: skip eval | Valid: time=  2.0s loss=4.198, TAw acc= 89.8% | lr=1.8e-04
| Epoch  86, time= 20.0s | Train: skip eval | Valid: time=  2.1s loss=4.198, TAw acc= 91.2% | lr=1.5e-04
| Epoch  87, time= 19.9s | Train: skip eval | Valid: time=  1.6s loss=4.199, TAw acc= 90.0% | lr=1.3e-04
| Epoch  88, time= 20.1s | Train: skip eval | Valid: time=  2.2s loss=4.199, TAw acc= 89.8% | lr=1.1e-04
| Epoch  89, time= 20.1s | Train: skip eval | Valid: time=  1.8s loss=4.200, TAw acc= 91.0% | lr=1.0e-04
| Epoch  90, time= 19.0s | Train: skip eval | Valid: time=  2.0s loss=4.200, TAw acc= 90.5% | lr=1.0e-04
Stage 2: Training bias correction layers
| Epoch  50, time=1.3s | Train: loss=3.036, TAg acc= 30.4% |
| Epoch 100, time=1.3s | Train: loss=3.004, TAg acc= 30.0% |
| Epoch 150, time=1.3s | Train: loss=2.975, TAg acc= 30.0% |
| Epoch 200, time=1.3s | Train: loss=3.034, TAg acc= 30.0% |
Stage 2: BiC Task 0: alpha=1.00000, beta=0.00000
Stage 2: BiC Task 1: alpha=1.19482, beta=-0.61323
Stage 2: BiC Task 2: alpha=1.02728, beta=-0.86133
Stage 2: BiC Task 3: alpha=0.89538, beta=-0.82725
Stage 2: BiC Task 4: alpha=0.83821, beta=-0.80834
Stage 2: BiC Task 5: alpha=0.75993, beta=-0.82928
Stage 2: BiC Task 6: alpha=0.80218, beta=-0.75114
Stage 2: BiC Task 7: alpha=0.69426, beta=-0.77105
Stage 2: BiC Task 8: alpha=0.64766, beta=-0.69261
Stage 2: BiC Task 9: alpha=0.61267, beta=-0.66602
Stage 2: BiC Task 10: alpha=0.55477, beta=-0.58405
Stage 2: BiC Task 11: alpha=0.50334, beta=-0.52978
Stage 2: BiC Task 12: alpha=0.52429, beta=-0.44341
Stage 2: BiC Task 13: alpha=0.41838, beta=-0.40693
| Selected 1680 train exemplars, time=  1.5s
------------------------------------------------------------------------------------------------------------
>>> Test on task  0 : loss=2.294 | TAw acc= 86.0%, forg=  0.9% | TAg acc= 60.9%, forg= 19.4% <<<
>>> Test on task  1 : loss=2.196 | TAw acc= 84.1%, forg=  0.5% | TAg acc= 55.7%, forg= 19.1% <<<
>>> Test on task  2 : loss=2.053 | TAw acc= 85.4%, forg=  0.5% | TAg acc= 64.7%, forg=  7.9% <<<
>>> Test on task  3 : loss=2.535 | TAw acc= 80.1%, forg=  0.6% | TAg acc= 49.0%, forg= 13.1% <<<
>>> Test on task  4 : loss=2.860 | TAw acc= 81.5%, forg=  1.1% | TAg acc= 42.5%, forg= 19.6% <<<
>>> Test on task  5 : loss=3.193 | TAw acc= 73.8%, forg=  1.4% | TAg acc= 25.7%, forg= 16.8% <<<
>>> Test on task  6 : loss=2.692 | TAw acc= 85.1%, forg=  0.2% | TAg acc= 45.9%, forg= 11.1% <<<
>>> Test on task  7 : loss=3.312 | TAw acc= 84.6%, forg=  0.5% | TAg acc= 28.6%, forg= 13.7% <<<
>>> Test on task  8 : loss=3.424 | TAw acc= 79.4%, forg=  1.3% | TAg acc= 37.3%, forg= 11.8% <<<
>>> Test on task  9 : loss=3.799 | TAw acc= 81.8%, forg= -0.3% | TAg acc= 24.0%, forg= 16.5% <<<
>>> Test on task 10 : loss=3.918 | TAw acc= 77.8%, forg=  0.3% | TAg acc= 14.7%, forg= 10.8% <<<
>>> Test on task 11 : loss=4.159 | TAw acc= 78.6%, forg=  0.5% | TAg acc= 10.7%, forg=  9.8% <<<
>>> Test on task 12 : loss=4.231 | TAw acc= 81.6%, forg=  0.5% | TAg acc= 28.6%, forg=  4.5% <<<
>>> Test on task 13 : loss=4.396 | TAw acc= 87.9%, forg=  0.0% | TAg acc=  6.8%, forg=  0.0% <<<
Save at ./results/./results/resnet50.a1_in1k/inat200/bic/10
************************************************************************************************************
TAw Acc
	 80.3%   0.0%   0.0%   0.0%   0.0%   0.0%   0.0%   0.0%   0.0%   0.0%   0.0%   0.0%   0.0%   0.0%   0.0%   0.0%   0.0%   0.0%   0.0%   0.0% 	Avg.: 80.3% 
	 83.1%  81.5%   0.0%   0.0%   0.0%   0.0%   0.0%   0.0%   0.0%   0.0%   0.0%   0.0%   0.0%   0.0%   0.0%   0.0%   0.0%   0.0%   0.0%   0.0% 	Avg.: 82.3% 
	 84.4%  81.6%  83.7%   0.0%   0.0%   0.0%   0.0%   0.0%   0.0%   0.0%   0.0%   0.0%   0.0%   0.0%   0.0%   0.0%   0.0%   0.0%   0.0%   0.0% 	Avg.: 83.2% 
	 85.5%  83.2%  85.8%  78.9%   0.0%   0.0%   0.0%   0.0%   0.0%   0.0%   0.0%   0.0%   0.0%   0.0%   0.0%   0.0%   0.0%   0.0%   0.0%   0.0% 	Avg.: 83.4% 
	 85.8%  83.8%  85.3%  79.6%  81.4%   0.0%   0.0%   0.0%   0.0%   0.0%   0.0%   0.0%   0.0%   0.0%   0.0%   0.0%   0.0%   0.0%   0.0%   0.0% 	Avg.: 83.2% 
	 86.0%  82.8%  85.3%  79.0%  81.0%  75.2%   0.0%   0.0%   0.0%   0.0%   0.0%   0.0%   0.0%   0.0%   0.0%   0.0%   0.0%   0.0%   0.0%   0.0% 	Avg.: 81.5% 
	 85.0%  82.9%  85.0%  79.7%  81.1%  74.0%  84.7%   0.0%   0.0%   0.0%   0.0%   0.0%   0.0%   0.0%   0.0%   0.0%   0.0%   0.0%   0.0%   0.0% 	Avg.: 81.8% 
	 86.4%  83.4%  85.6%  79.9%  81.5%  74.2%  84.6%  83.6%   0.0%   0.0%   0.0%   0.0%   0.0%   0.0%   0.0%   0.0%   0.0%   0.0%   0.0%   0.0% 	Avg.: 82.4% 
	 85.7%  84.3%  85.5%  79.9%  81.2%  74.7%  84.2%  83.5%  80.7%   0.0%   0.0%   0.0%   0.0%   0.0%   0.0%   0.0%   0.0%   0.0%   0.0%   0.0% 	Avg.: 82.2% 
	 86.3%  83.6%  85.8%  80.2%  81.6%  74.9%  84.4%  83.9%  79.9%  81.4%   0.0%   0.0%   0.0%   0.0%   0.0%   0.0%   0.0%   0.0%   0.0%   0.0% 	Avg.: 82.2% 
	 86.2%  84.5%  85.9%  80.1%  81.5%  73.9%  85.3%  84.1%  79.6%  81.0%  77.3%   0.0%   0.0%   0.0%   0.0%   0.0%   0.0%   0.0%   0.0%   0.0% 	Avg.: 81.8% 
	 86.9%  84.4%  85.9%  80.0%  81.7%  74.7%  85.3%  85.1%  79.4%  81.5%  78.1%  79.1%   0.0%   0.0%   0.0%   0.0%   0.0%   0.0%   0.0%   0.0% 	Avg.: 81.8% 
	 86.8%  84.6%  85.5%  80.7%  82.6%  73.8%  84.9%  85.1%  79.0%  81.3%  77.3%  78.9%  82.1%   0.0%   0.0%   0.0%   0.0%   0.0%   0.0%   0.0% 	Avg.: 81.7% 
	 86.0%  84.1%  85.4%  80.1%  81.5%  73.8%  85.1%  84.6%  79.4%  81.8%  77.8%  78.6%  81.6%  87.9%   0.0%   0.0%   0.0%   0.0%   0.0%   0.0% 	Avg.: 82.0% 
	  0.0%   0.0%   0.0%   0.0%   0.0%   0.0%   0.0%   0.0%   0.0%   0.0%   0.0%   0.0%   0.0%   0.0%   0.0%   0.0%   0.0%   0.0%   0.0%   0.0% 	Avg.:  0.0% 
	  0.0%   0.0%   0.0%   0.0%   0.0%   0.0%   0.0%   0.0%   0.0%   0.0%   0.0%   0.0%   0.0%   0.0%   0.0%   0.0%   0.0%   0.0%   0.0%   0.0% 	Avg.:  0.0% 
	  0.0%   0.0%   0.0%   0.0%   0.0%   0.0%   0.0%   0.0%   0.0%   0.0%   0.0%   0.0%   0.0%   0.0%   0.0%   0.0%   0.0%   0.0%   0.0%   0.0% 	Avg.:  0.0% 
	  0.0%   0.0%   0.0%   0.0%   0.0%   0.0%   0.0%   0.0%   0.0%   0.0%   0.0%   0.0%   0.0%   0.0%   0.0%   0.0%   0.0%   0.0%   0.0%   0.0% 	Avg.:  0.0% 
	  0.0%   0.0%   0.0%   0.0%   0.0%   0.0%   0.0%   0.0%   0.0%   0.0%   0.0%   0.0%   0.0%   0.0%   0.0%   0.0%   0.0%   0.0%   0.0%   0.0% 	Avg.:  0.0% 
	  0.0%   0.0%   0.0%   0.0%   0.0%   0.0%   0.0%   0.0%   0.0%   0.0%   0.0%   0.0%   0.0%   0.0%   0.0%   0.0%   0.0%   0.0%   0.0%   0.0% 	Avg.:  0.0% 
************************************************************************************************************
TAg Acc
	 80.3%   0.0%   0.0%   0.0%   0.0%   0.0%   0.0%   0.0%   0.0%   0.0%   0.0%   0.0%   0.0%   0.0%   0.0%   0.0%   0.0%   0.0%   0.0%   0.0% 	Avg.: 80.3% 
	 68.5%  74.8%   0.0%   0.0%   0.0%   0.0%   0.0%   0.0%   0.0%   0.0%   0.0%   0.0%   0.0%   0.0%   0.0%   0.0%   0.0%   0.0%   0.0%   0.0% 	Avg.: 71.7% 
	 61.1%  66.9%  72.6%   0.0%   0.0%   0.0%   0.0%   0.0%   0.0%   0.0%   0.0%   0.0%   0.0%   0.0%   0.0%   0.0%   0.0%   0.0%   0.0%   0.0% 	Avg.: 66.9% 
	 63.0%  63.9%  67.5%  62.1%   0.0%   0.0%   0.0%   0.0%   0.0%   0.0%   0.0%   0.0%   0.0%   0.0%   0.0%   0.0%   0.0%   0.0%   0.0%   0.0% 	Avg.: 64.1% 
	 61.8%  59.3%  62.4%  51.6%  62.1%   0.0%   0.0%   0.0%   0.0%   0.0%   0.0%   0.0%   0.0%   0.0%   0.0%   0.0%   0.0%   0.0%   0.0%   0.0% 	Avg.: 59.4% 
	 61.4%  59.8%  61.8%  48.4%  52.3%  42.5%   0.0%   0.0%   0.0%   0.0%   0.0%   0.0%   0.0%   0.0%   0.0%   0.0%   0.0%   0.0%   0.0%   0.0% 	Avg.: 54.4% 
	 59.2%  56.7%  57.4%  47.3%  45.6%  28.0%  57.0%   0.0%   0.0%   0.0%   0.0%   0.0%   0.0%   0.0%   0.0%   0.0%   0.0%   0.0%   0.0%   0.0% 	Avg.: 50.2% 
	 60.6%  58.8%  59.3%  46.3%  43.1%  24.3%  52.7%  42.3%   0.0%   0.0%   0.0%   0.0%   0.0%   0.0%   0.0%   0.0%   0.0%   0.0%   0.0%   0.0% 	Avg.: 48.4% 
	 59.0%  58.1%  60.4%  46.7%  40.9%  23.2%  49.9%  35.3%  49.1%   0.0%   0.0%   0.0%   0.0%   0.0%   0.0%   0.0%   0.0%   0.0%   0.0%   0.0% 	Avg.: 47.0% 
	 60.9%  57.2%  61.2%  47.8%  39.8%  23.1%  46.6%  30.8%  44.5%  40.5%   0.0%   0.0%   0.0%   0.0%   0.0%   0.0%   0.0%   0.0%   0.0%   0.0% 	Avg.: 45.2% 
	 59.8%  57.7%  62.7%  49.6%  41.7%  22.7%  46.8%  29.6%  41.4%  35.9%  25.5%   0.0%   0.0%   0.0%   0.0%   0.0%   0.0%   0.0%   0.0%   0.0% 	Avg.: 43.0% 
	 61.7%  58.3%  63.4%  49.1%  41.8%  24.3%  47.0%  30.1%  40.0%  30.9%  20.9%  20.5%   0.0%   0.0%   0.0%   0.0%   0.0%   0.0%   0.0%   0.0% 	Avg.: 40.7% 
	 60.3%  58.3%  62.9%  46.4%  41.4%  25.4%  46.1%  28.2%  37.0%  24.5%  14.4%  10.6%  33.1%   0.0%   0.0%   0.0%   0.0%   0.0%   0.0%   0.0% 	Avg.: 37.6% 
	 60.9%  55.7%  64.7%  49.0%  42.5%  25.7%  45.9%  28.6%  37.3%  24.0%  14.7%  10.7%  28.6%   6.8%   0.0%   0.0%   0.0%   0.0%   0.0%   0.0% 	Avg.: 35.4% 
	  0.0%   0.0%   0.0%   0.0%   0.0%   0.0%   0.0%   0.0%   0.0%   0.0%   0.0%   0.0%   0.0%   0.0%   0.0%   0.0%   0.0%   0.0%   0.0%   0.0% 	Avg.:  0.0% 
	  0.0%   0.0%   0.0%   0.0%   0.0%   0.0%   0.0%   0.0%   0.0%   0.0%   0.0%   0.0%   0.0%   0.0%   0.0%   0.0%   0.0%   0.0%   0.0%   0.0% 	Avg.:  0.0% 
	  0.0%   0.0%   0.0%   0.0%   0.0%   0.0%   0.0%   0.0%   0.0%   0.0%   0.0%   0.0%   0.0%   0.0%   0.0%   0.0%   0.0%   0.0%   0.0%   0.0% 	Avg.:  0.0% 
	  0.0%   0.0%   0.0%   0.0%   0.0%   0.0%   0.0%   0.0%   0.0%   0.0%   0.0%   0.0%   0.0%   0.0%   0.0%   0.0%   0.0%   0.0%   0.0%   0.0% 	Avg.:  0.0% 
	  0.0%   0.0%   0.0%   0.0%   0.0%   0.0%   0.0%   0.0%   0.0%   0.0%   0.0%   0.0%   0.0%   0.0%   0.0%   0.0%   0.0%   0.0%   0.0%   0.0% 	Avg.:  0.0% 
	  0.0%   0.0%   0.0%   0.0%   0.0%   0.0%   0.0%   0.0%   0.0%   0.0%   0.0%   0.0%   0.0%   0.0%   0.0%   0.0%   0.0%   0.0%   0.0%   0.0% 	Avg.:  0.0% 
************************************************************************************************************
TAw Forg
	  0.0%   0.0%   0.0%   0.0%   0.0%   0.0%   0.0%   0.0%   0.0%   0.0%   0.0%   0.0%   0.0%   0.0%   0.0%   0.0%   0.0%   0.0%   0.0%   0.0% 
	 -2.8%   0.0%   0.0%   0.0%   0.0%   0.0%   0.0%   0.0%   0.0%   0.0%   0.0%   0.0%   0.0%   0.0%   0.0%   0.0%   0.0%   0.0%   0.0%   0.0% 	Avg.: -2.8% 
	 -1.3%  -0.1%   0.0%   0.0%   0.0%   0.0%   0.0%   0.0%   0.0%   0.0%   0.0%   0.0%   0.0%   0.0%   0.0%   0.0%   0.0%   0.0%   0.0%   0.0% 	Avg.: -0.7% 
	 -1.1%  -1.6%  -2.1%   0.0%   0.0%   0.0%   0.0%   0.0%   0.0%   0.0%   0.0%   0.0%   0.0%   0.0%   0.0%   0.0%   0.0%   0.0%   0.0%   0.0% 	Avg.: -1.6% 
	 -0.3%  -0.6%   0.5%  -0.7%   0.0%   0.0%   0.0%   0.0%   0.0%   0.0%   0.0%   0.0%   0.0%   0.0%   0.0%   0.0%   0.0%   0.0%   0.0%   0.0% 	Avg.: -0.3% 
	 -0.2%   1.0%   0.5%   0.6%   0.4%   0.0%   0.0%   0.0%   0.0%   0.0%   0.0%   0.0%   0.0%   0.0%   0.0%   0.0%   0.0%   0.0%   0.0%   0.0% 	Avg.:  0.5% 
	  1.0%   0.9%   0.8%  -0.1%   0.3%   1.2%   0.0%   0.0%   0.0%   0.0%   0.0%   0.0%   0.0%   0.0%   0.0%   0.0%   0.0%   0.0%   0.0%   0.0% 	Avg.:  0.7% 
	 -0.4%   0.4%   0.2%  -0.2%  -0.1%   1.0%   0.1%   0.0%   0.0%   0.0%   0.0%   0.0%   0.0%   0.0%   0.0%   0.0%   0.0%   0.0%   0.0%   0.0% 	Avg.:  0.1% 
	  0.7%  -0.5%   0.3%   0.0%   0.3%   0.5%   0.5%   0.1%   0.0%   0.0%   0.0%   0.0%   0.0%   0.0%   0.0%   0.0%   0.0%   0.0%   0.0%   0.0% 	Avg.:  0.2% 
	  0.1%   0.7%   0.0%  -0.3%  -0.1%   0.3%   0.3%  -0.3%   0.8%   0.0%   0.0%   0.0%   0.0%   0.0%   0.0%   0.0%   0.0%   0.0%   0.0%   0.0% 	Avg.:  0.2% 
	  0.2%  -0.2%  -0.1%   0.1%   0.1%   1.3%  -0.6%  -0.2%   1.1%   0.4%   0.0%   0.0%   0.0%   0.0%   0.0%   0.0%   0.0%   0.0%   0.0%   0.0% 	Avg.:  0.2% 
	 -0.5%   0.1%   0.0%   0.2%  -0.1%   0.5%   0.0%  -1.0%   1.3%  -0.1%  -0.8%   0.0%   0.0%   0.0%   0.0%   0.0%   0.0%   0.0%   0.0%   0.0% 	Avg.: -0.0% 
	  0.1%  -0.1%   0.4%  -0.5%  -0.9%   1.4%   0.4%   0.0%   1.7%   0.2%   0.8%   0.2%   0.0%   0.0%   0.0%   0.0%   0.0%   0.0%   0.0%   0.0% 	Avg.:  0.3% 
	  0.9%   0.5%   0.5%   0.6%   1.1%   1.4%   0.2%   0.5%   1.3%  -0.3%   0.3%   0.5%   0.5%   0.0%   0.0%   0.0%   0.0%   0.0%   0.0%   0.0% 	Avg.:  0.6% 
	  0.0%   0.0%   0.0%   0.0%   0.0%   0.0%   0.0%   0.0%   0.0%   0.0%   0.0%   0.0%   0.0%   0.0%   0.0%   0.0%   0.0%   0.0%   0.0%   0.0% 	Avg.:  0.0% 
	  0.0%   0.0%   0.0%   0.0%   0.0%   0.0%   0.0%   0.0%   0.0%   0.0%   0.0%   0.0%   0.0%   0.0%   0.0%   0.0%   0.0%   0.0%   0.0%   0.0% 	Avg.:  0.0% 
	  0.0%   0.0%   0.0%   0.0%   0.0%   0.0%   0.0%   0.0%   0.0%   0.0%   0.0%   0.0%   0.0%   0.0%   0.0%   0.0%   0.0%   0.0%   0.0%   0.0% 	Avg.:  0.0% 
	  0.0%   0.0%   0.0%   0.0%   0.0%   0.0%   0.0%   0.0%   0.0%   0.0%   0.0%   0.0%   0.0%   0.0%   0.0%   0.0%   0.0%   0.0%   0.0%   0.0% 	Avg.:  0.0% 
	  0.0%   0.0%   0.0%   0.0%   0.0%   0.0%   0.0%   0.0%   0.0%   0.0%   0.0%   0.0%   0.0%   0.0%   0.0%   0.0%   0.0%   0.0%   0.0%   0.0% 	Avg.:  0.0% 
	  0.0%   0.0%   0.0%   0.0%   0.0%   0.0%   0.0%   0.0%   0.0%   0.0%   0.0%   0.0%   0.0%   0.0%   0.0%   0.0%   0.0%   0.0%   0.0%   0.0% 	Avg.:  0.0% 
************************************************************************************************************
TAg Forg
	  0.0%   0.0%   0.0%   0.0%   0.0%   0.0%   0.0%   0.0%   0.0%   0.0%   0.0%   0.0%   0.0%   0.0%   0.0%   0.0%   0.0%   0.0%   0.0%   0.0% 
	 11.8%   0.0%   0.0%   0.0%   0.0%   0.0%   0.0%   0.0%   0.0%   0.0%   0.0%   0.0%   0.0%   0.0%   0.0%   0.0%   0.0%   0.0%   0.0%   0.0% 	Avg.: 11.8% 
	 19.2%   7.9%   0.0%   0.0%   0.0%   0.0%   0.0%   0.0%   0.0%   0.0%   0.0%   0.0%   0.0%   0.0%   0.0%   0.0%   0.0%   0.0%   0.0%   0.0% 	Avg.: 13.6% 
	 17.3%  10.9%   5.1%   0.0%   0.0%   0.0%   0.0%   0.0%   0.0%   0.0%   0.0%   0.0%   0.0%   0.0%   0.0%   0.0%   0.0%   0.0%   0.0%   0.0% 	Avg.: 11.1% 
	 18.5%  15.5%  10.2%  10.5%   0.0%   0.0%   0.0%   0.0%   0.0%   0.0%   0.0%   0.0%   0.0%   0.0%   0.0%   0.0%   0.0%   0.0%   0.0%   0.0% 	Avg.: 13.7% 
	 18.9%  15.0%  10.8%  13.7%   9.8%   0.0%   0.0%   0.0%   0.0%   0.0%   0.0%   0.0%   0.0%   0.0%   0.0%   0.0%   0.0%   0.0%   0.0%   0.0% 	Avg.: 13.6% 
	 21.1%  18.1%  15.2%  14.8%  16.5%  14.5%   0.0%   0.0%   0.0%   0.0%   0.0%   0.0%   0.0%   0.0%   0.0%   0.0%   0.0%   0.0%   0.0%   0.0% 	Avg.: 16.7% 
	 19.7%  16.0%  13.3%  15.8%  19.0%  18.2%   4.3%   0.0%   0.0%   0.0%   0.0%   0.0%   0.0%   0.0%   0.0%   0.0%   0.0%   0.0%   0.0%   0.0% 	Avg.: 15.2% 
	 21.3%  16.7%  12.2%  15.4%  21.2%  19.3%   7.1%   7.0%   0.0%   0.0%   0.0%   0.0%   0.0%   0.0%   0.0%   0.0%   0.0%   0.0%   0.0%   0.0% 	Avg.: 15.0% 
	 19.4%  17.6%  11.4%  14.3%  22.3%  19.4%  10.4%  11.5%   4.6%   0.0%   0.0%   0.0%   0.0%   0.0%   0.0%   0.0%   0.0%   0.0%   0.0%   0.0% 	Avg.: 14.5% 
	 20.5%  17.1%   9.9%  12.5%  20.4%  19.8%  10.2%  12.7%   7.7%   4.6%   0.0%   0.0%   0.0%   0.0%   0.0%   0.0%   0.0%   0.0%   0.0%   0.0% 	Avg.: 13.5% 
	 18.6%  16.5%   9.2%  13.0%  20.3%  18.2%  10.0%  12.2%   9.1%   9.6%   4.6%   0.0%   0.0%   0.0%   0.0%   0.0%   0.0%   0.0%   0.0%   0.0% 	Avg.: 12.8% 
	 20.0%  16.5%   9.7%  15.7%  20.7%  17.1%  10.9%  14.1%  12.1%  16.0%  11.1%   9.9%   0.0%   0.0%   0.0%   0.0%   0.0%   0.0%   0.0%   0.0% 	Avg.: 14.5% 
	 19.4%  19.1%   7.9%  13.1%  19.6%  16.8%  11.1%  13.7%  11.8%  16.5%  10.8%   9.8%   4.5%   0.0%   0.0%   0.0%   0.0%   0.0%   0.0%   0.0% 	Avg.: 13.4% 
	  0.0%   0.0%   0.0%   0.0%   0.0%   0.0%   0.0%   0.0%   0.0%   0.0%   0.0%   0.0%   0.0%   0.0%   0.0%   0.0%   0.0%   0.0%   0.0%   0.0% 	Avg.:  0.0% 
	  0.0%   0.0%   0.0%   0.0%   0.0%   0.0%   0.0%   0.0%   0.0%   0.0%   0.0%   0.0%   0.0%   0.0%   0.0%   0.0%   0.0%   0.0%   0.0%   0.0% 	Avg.:  0.0% 
	  0.0%   0.0%   0.0%   0.0%   0.0%   0.0%   0.0%   0.0%   0.0%   0.0%   0.0%   0.0%   0.0%   0.0%   0.0%   0.0%   0.0%   0.0%   0.0%   0.0% 	Avg.:  0.0% 
	  0.0%   0.0%   0.0%   0.0%   0.0%   0.0%   0.0%   0.0%   0.0%   0.0%   0.0%   0.0%   0.0%   0.0%   0.0%   0.0%   0.0%   0.0%   0.0%   0.0% 	Avg.:  0.0% 
	  0.0%   0.0%   0.0%   0.0%   0.0%   0.0%   0.0%   0.0%   0.0%   0.0%   0.0%   0.0%   0.0%   0.0%   0.0%   0.0%   0.0%   0.0%   0.0%   0.0% 	Avg.:  0.0% 
	  0.0%   0.0%   0.0%   0.0%   0.0%   0.0%   0.0%   0.0%   0.0%   0.0%   0.0%   0.0%   0.0%   0.0%   0.0%   0.0%   0.0%   0.0%   0.0%   0.0% 	Avg.:  0.0% 
************************************************************************************************************
[Elapsed time = 0.7 h]
Done!
