START_TASK=1 STOP_TASK=2
============================================================================================================
Arguments =
	approach: lucir
	batch_size: 64
	classes_first_task: None
	clipping: 10000
	crop: 224
	dataset: cifar100
	eval_on_train: False
	experiment_path: None
	fix_bn: False
	freeze_backbone: False
	gpu: 0
	gpus: [0]
	increment: 10
	last_layer_analysis: False
	log: ['disk']
	lr: 0.01
	lr_factor: None
	lr_min: 0.0001
	lr_patience: None
	lr_scheduler: cosine
	lr_warmup_epochs: 0
	momentum: 0.0
	multi_softmax: False
	nepochs: 50
	network: vit_small_patch16_224.augreg_in1k
	no_cudnn_deterministic: False
	normalize: in1k
	num_workers: 2
	optimizer_name: sgd
	pin_memory: False
	pretrained: True
	resize: 224
	results_path: ./results
	save_models: True
	seed: 0
	start_at_task: 1
	start_epoch: 0
	stop_at_task: 2
	stop_epoch: 0
	use_valid_only: False
	warmup_lr_factor: 1.0
	warmup_nepochs: 0
	weight_decay: 0.0
============================================================================================================
Approach arguments =
	K: 2
	dist: 0.5
	lamb: 5.0
	lamb_mr: 1.0
============================================================================================================
Exemplars arguments =
	exemplar_selection: random
	num_exemplars: 2000
============================================================================================================
WARNING: ./results/vit_small_patch16_224.augreg_in1k/cifar100/lucir/10 already exists!
Loaded acc_taw from: ./results/vit_small_patch16_224.augreg_in1k/cifar100/lucir/10/acc_taw-0.txt
Loaded acc_tag from: ./results/vit_small_patch16_224.augreg_in1k/cifar100/lucir/10/acc_tag-0.txt
Loaded forg_taw from: ./results/vit_small_patch16_224.augreg_in1k/cifar100/lucir/10/forg_taw-0.txt
Loaded forg_tag from: ./results/vit_small_patch16_224.augreg_in1k/cifar100/lucir/10/forg_tag-0.txt
Restored CosineLinear heads from ./results/vit_small_patch16_224.augreg_in1k/cifar100/lucir/10/task0_cosine_heads.pth
Loaded 2000 exemplars from ./results/vit_small_patch16_224.augreg_in1k/cifar100/lucir/10/task0_exemplars.pth
************************************************************************************************************
Task  1  [epochs 0-50]
************************************************************************************************************
[params] total:21,673,345  trainable:21,669,505  tensors:153  trainable_tensors:152
| Epoch   1, time= 21.4s | Train: skip eval | Valid: time=  1.2s loss=2.454, TAw acc= 86.8% | * lr=1.0e-02
| Epoch   2, time= 21.0s | Train: skip eval | Valid: time=  1.1s loss=1.998, TAw acc= 92.4% | * lr=1.0e-02
| Epoch   3, time= 21.2s | Train: skip eval | Valid: time=  1.1s loss=1.709, TAw acc= 93.4% | * lr=9.9e-03
| Epoch   4, time= 21.2s | Train: skip eval | Valid: time=  1.1s loss=1.603, TAw acc= 94.2% | * lr=9.8e-03
| Epoch   5, time= 21.0s | Train: skip eval | Valid: time=  1.1s loss=1.709, TAw acc= 91.8% | lr=9.8e-03
| Epoch   6, time= 21.3s | Train: skip eval | Valid: time=  1.2s loss=1.452, TAw acc= 94.4% | * lr=9.7e-03
| Epoch   7, time= 21.4s | Train: skip eval | Valid: time=  1.1s loss=1.380, TAw acc= 94.4% | * lr=9.5e-03
| Epoch   8, time= 21.2s | Train: skip eval | Valid: time=  1.1s loss=1.414, TAw acc= 93.2% | lr=9.4e-03
| Epoch   9, time= 21.5s | Train: skip eval | Valid: time=  1.1s loss=1.328, TAw acc= 94.0% | * lr=9.2e-03
| Epoch  10, time= 21.2s | Train: skip eval | Valid: time=  1.1s loss=1.314, TAw acc= 95.4% | * lr=9.1e-03
| Epoch  11, time= 21.2s | Train: skip eval | Valid: time=  1.1s loss=1.277, TAw acc= 94.6% | * lr=8.9e-03
| Epoch  12, time= 21.4s | Train: skip eval | Valid: time=  1.2s loss=1.284, TAw acc= 94.8% | lr=8.7e-03
| Epoch  13, time= 21.5s | Train: skip eval | Valid: time=  1.1s loss=1.306, TAw acc= 93.8% | lr=8.4e-03
| Epoch  14, time= 21.4s | Train: skip eval | Valid: time=  1.1s loss=1.344, TAw acc= 95.0% | lr=8.2e-03
| Epoch  15, time= 21.5s | Train: skip eval | Valid: time=  1.1s loss=1.305, TAw acc= 94.6% | lr=8.0e-03
| Epoch  16, time= 21.5s | Train: skip eval | Valid: time=  1.1s loss=1.213, TAw acc= 95.0% | * lr=7.7e-03
| Epoch  17, time= 21.5s | Train: skip eval | Valid: time=  1.1s loss=1.239, TAw acc= 94.8% | lr=7.4e-03
| Epoch  18, time= 21.6s | Train: skip eval | Valid: time=  1.2s loss=1.211, TAw acc= 95.4% | * lr=7.2e-03
| Epoch  19, time= 21.7s | Train: skip eval | Valid: time=  1.1s loss=1.192, TAw acc= 95.0% | * lr=6.9e-03
| Epoch  20, time= 21.8s | Train: skip eval | Valid: time=  1.1s loss=1.176, TAw acc= 94.0% | * lr=6.6e-03
| Epoch  21, time= 21.6s | Train: skip eval | Valid: time=  1.2s loss=1.155, TAw acc= 94.8% | * lr=6.3e-03
| Epoch  22, time= 21.4s | Train: skip eval | Valid: time=  1.1s loss=1.181, TAw acc= 95.4% | lr=6.0e-03
| Epoch  23, time= 21.4s | Train: skip eval | Valid: time=  1.1s loss=1.166, TAw acc= 95.0% | lr=5.7e-03
| Epoch  24, time= 21.2s | Train: skip eval | Valid: time=  1.1s loss=1.163, TAw acc= 94.8% | lr=5.4e-03
| Epoch  25, time= 21.4s | Train: skip eval | Valid: time=  1.1s loss=1.126, TAw acc= 96.2% | * lr=5.1e-03
| Epoch  26, time= 21.4s | Train: skip eval | Valid: time=  1.2s loss=1.132, TAw acc= 95.6% | lr=4.7e-03
| Epoch  27, time= 21.3s | Train: skip eval | Valid: time=  1.2s loss=1.129, TAw acc= 94.0% | lr=4.4e-03
| Epoch  28, time= 21.6s | Train: skip eval | Valid: time=  1.1s loss=1.135, TAw acc= 95.0% | lr=4.1e-03
| Epoch  29, time= 21.5s | Train: skip eval | Valid: time=  1.1s loss=1.147, TAw acc= 95.2% | lr=3.8e-03
| Epoch  30, time= 21.4s | Train: skip eval | Valid: time=  1.1s loss=1.107, TAw acc= 95.6% | * lr=3.5e-03
| Epoch  31, time= 21.5s | Train: skip eval | Valid: time=  1.1s loss=1.130, TAw acc= 95.6% | lr=3.2e-03
| Epoch  32, time= 21.4s | Train: skip eval | Valid: time=  1.1s loss=1.123, TAw acc= 95.4% | lr=2.9e-03
| Epoch  33, time= 21.3s | Train: skip eval | Valid: time=  1.2s loss=1.105, TAw acc= 95.2% | * lr=2.7e-03
| Epoch  34, time= 21.2s | Train: skip eval | Valid: time=  1.1s loss=1.103, TAw acc= 95.8% | * lr=2.4e-03
| Epoch  35, time= 21.3s | Train: skip eval | Valid: time=  1.1s loss=1.097, TAw acc= 95.6% | * lr=2.1e-03
| Epoch  36, time= 21.6s | Train: skip eval | Valid: time=  1.1s loss=1.095, TAw acc= 95.6% | * lr=1.9e-03
| Epoch  37, time= 21.6s | Train: skip eval | Valid: time=  1.2s loss=1.098, TAw acc= 94.8% | lr=1.7e-03
| Epoch  38, time= 21.6s | Train: skip eval | Valid: time=  1.1s loss=1.093, TAw acc= 95.8% | * lr=1.4e-03
| Epoch  39, time= 21.3s | Train: skip eval | Valid: time=  1.1s loss=1.085, TAw acc= 95.4% | * lr=1.2e-03
| Epoch  40, time= 21.5s | Train: skip eval | Valid: time=  1.1s loss=1.086, TAw acc= 95.8% | lr=1.0e-03
| Epoch  41, time= 21.3s | Train: skip eval | Valid: time=  1.1s loss=1.091, TAw acc= 95.4% | lr=8.7e-04
| Epoch  42, time= 21.3s | Train: skip eval | Valid: time=  1.2s loss=1.080, TAw acc= 95.8% | * lr=7.1e-04
| Epoch  43, time= 21.5s | Train: skip eval | Valid: time=  1.1s loss=1.084, TAw acc= 96.0% | lr=5.7e-04
| Epoch  44, time= 21.2s | Train: skip eval | Valid: time=  1.1s loss=1.087, TAw acc= 95.8% | lr=4.5e-04
| Epoch  45, time= 21.5s | Train: skip eval | Valid: time=  1.1s loss=1.079, TAw acc= 95.8% | * lr=3.4e-04
| Epoch  46, time= 21.3s | Train: skip eval | Valid: time=  1.2s loss=1.081, TAw acc= 95.8% | lr=2.6e-04
| Epoch  47, time= 21.6s | Train: skip eval | Valid: time=  1.1s loss=1.079, TAw acc= 95.8% | * lr=1.9e-04
| Epoch  48, time= 21.4s | Train: skip eval | Valid: time=  1.2s loss=1.080, TAw acc= 96.0% | lr=1.4e-04
| Epoch  49, time= 21.7s | Train: skip eval | Valid: time=  1.1s loss=1.082, TAw acc= 96.0% | lr=1.1e-04
| Epoch  50, time= 21.3s | Train: skip eval | Valid: time=  1.1s loss=1.080, TAw acc= 96.0% | lr=1.0e-04
| Selected 2000 train exemplars, time=  0.1s
------------------------------------------------------------------------------------------------------------
>>> Test on task  0 : loss=0.221 | TAw acc= 95.6%, forg=  0.7% | TAg acc= 94.1%, forg=  2.2% <<<
>>> Test on task  1 : loss=0.681 | TAw acc= 96.8%, forg=  0.0% | TAg acc= 81.3%, forg=  0.0% <<<
Save at ./results/./results/vit_small_patch16_224.augreg_in1k/cifar100/lucir/10
************************************************************************************************************
TAw Acc
	 96.3%   0.0%   0.0%   0.0%   0.0%   0.0%   0.0%   0.0%   0.0%   0.0% 	Avg.: 96.3% 
	 95.6%  96.8%   0.0%   0.0%   0.0%   0.0%   0.0%   0.0%   0.0%   0.0% 	Avg.: 96.2% 
	  0.0%   0.0%   0.0%   0.0%   0.0%   0.0%   0.0%   0.0%   0.0%   0.0% 	Avg.:  0.0% 
	  0.0%   0.0%   0.0%   0.0%   0.0%   0.0%   0.0%   0.0%   0.0%   0.0% 	Avg.:  0.0% 
	  0.0%   0.0%   0.0%   0.0%   0.0%   0.0%   0.0%   0.0%   0.0%   0.0% 	Avg.:  0.0% 
	  0.0%   0.0%   0.0%   0.0%   0.0%   0.0%   0.0%   0.0%   0.0%   0.0% 	Avg.:  0.0% 
	  0.0%   0.0%   0.0%   0.0%   0.0%   0.0%   0.0%   0.0%   0.0%   0.0% 	Avg.:  0.0% 
	  0.0%   0.0%   0.0%   0.0%   0.0%   0.0%   0.0%   0.0%   0.0%   0.0% 	Avg.:  0.0% 
	  0.0%   0.0%   0.0%   0.0%   0.0%   0.0%   0.0%   0.0%   0.0%   0.0% 	Avg.:  0.0% 
	  0.0%   0.0%   0.0%   0.0%   0.0%   0.0%   0.0%   0.0%   0.0%   0.0% 	Avg.:  0.0% 
************************************************************************************************************
TAg Acc
	 96.3%   0.0%   0.0%   0.0%   0.0%   0.0%   0.0%   0.0%   0.0%   0.0% 	Avg.: 96.3% 
	 94.1%  81.3%   0.0%   0.0%   0.0%   0.0%   0.0%   0.0%   0.0%   0.0% 	Avg.: 87.7% 
	  0.0%   0.0%   0.0%   0.0%   0.0%   0.0%   0.0%   0.0%   0.0%   0.0% 	Avg.:  0.0% 
	  0.0%   0.0%   0.0%   0.0%   0.0%   0.0%   0.0%   0.0%   0.0%   0.0% 	Avg.:  0.0% 
	  0.0%   0.0%   0.0%   0.0%   0.0%   0.0%   0.0%   0.0%   0.0%   0.0% 	Avg.:  0.0% 
	  0.0%   0.0%   0.0%   0.0%   0.0%   0.0%   0.0%   0.0%   0.0%   0.0% 	Avg.:  0.0% 
	  0.0%   0.0%   0.0%   0.0%   0.0%   0.0%   0.0%   0.0%   0.0%   0.0% 	Avg.:  0.0% 
	  0.0%   0.0%   0.0%   0.0%   0.0%   0.0%   0.0%   0.0%   0.0%   0.0% 	Avg.:  0.0% 
	  0.0%   0.0%   0.0%   0.0%   0.0%   0.0%   0.0%   0.0%   0.0%   0.0% 	Avg.:  0.0% 
	  0.0%   0.0%   0.0%   0.0%   0.0%   0.0%   0.0%   0.0%   0.0%   0.0% 	Avg.:  0.0% 
************************************************************************************************************
TAw Forg
	  0.0%   0.0%   0.0%   0.0%   0.0%   0.0%   0.0%   0.0%   0.0%   0.0% 
	  0.7%   0.0%   0.0%   0.0%   0.0%   0.0%   0.0%   0.0%   0.0%   0.0% 	Avg.:  0.7% 
	  0.0%   0.0%   0.0%   0.0%   0.0%   0.0%   0.0%   0.0%   0.0%   0.0% 	Avg.:  0.0% 
	  0.0%   0.0%   0.0%   0.0%   0.0%   0.0%   0.0%   0.0%   0.0%   0.0% 	Avg.:  0.0% 
	  0.0%   0.0%   0.0%   0.0%   0.0%   0.0%   0.0%   0.0%   0.0%   0.0% 	Avg.:  0.0% 
	  0.0%   0.0%   0.0%   0.0%   0.0%   0.0%   0.0%   0.0%   0.0%   0.0% 	Avg.:  0.0% 
	  0.0%   0.0%   0.0%   0.0%   0.0%   0.0%   0.0%   0.0%   0.0%   0.0% 	Avg.:  0.0% 
	  0.0%   0.0%   0.0%   0.0%   0.0%   0.0%   0.0%   0.0%   0.0%   0.0% 	Avg.:  0.0% 
	  0.0%   0.0%   0.0%   0.0%   0.0%   0.0%   0.0%   0.0%   0.0%   0.0% 	Avg.:  0.0% 
	  0.0%   0.0%   0.0%   0.0%   0.0%   0.0%   0.0%   0.0%   0.0%   0.0% 	Avg.:  0.0% 
************************************************************************************************************
TAg Forg
	  0.0%   0.0%   0.0%   0.0%   0.0%   0.0%   0.0%   0.0%   0.0%   0.0% 
	  2.2%   0.0%   0.0%   0.0%   0.0%   0.0%   0.0%   0.0%   0.0%   0.0% 	Avg.:  2.2% 
	  0.0%   0.0%   0.0%   0.0%   0.0%   0.0%   0.0%   0.0%   0.0%   0.0% 	Avg.:  0.0% 
	  0.0%   0.0%   0.0%   0.0%   0.0%   0.0%   0.0%   0.0%   0.0%   0.0% 	Avg.:  0.0% 
	  0.0%   0.0%   0.0%   0.0%   0.0%   0.0%   0.0%   0.0%   0.0%   0.0% 	Avg.:  0.0% 
	  0.0%   0.0%   0.0%   0.0%   0.0%   0.0%   0.0%   0.0%   0.0%   0.0% 	Avg.:  0.0% 
	  0.0%   0.0%   0.0%   0.0%   0.0%   0.0%   0.0%   0.0%   0.0%   0.0% 	Avg.:  0.0% 
	  0.0%   0.0%   0.0%   0.0%   0.0%   0.0%   0.0%   0.0%   0.0%   0.0% 	Avg.:  0.0% 
	  0.0%   0.0%   0.0%   0.0%   0.0%   0.0%   0.0%   0.0%   0.0%   0.0% 	Avg.:  0.0% 
	  0.0%   0.0%   0.0%   0.0%   0.0%   0.0%   0.0%   0.0%   0.0%   0.0% 	Avg.:  0.0% 
************************************************************************************************************
[Elapsed time = 0.3 h]
Done!
