START_TASK=19 STOP_TASK=20
============================================================================================================
Arguments =
	approach: replay
	batch_size: 64
	classes_first_task: None
	clipping: 10000
	crop: 224
	data_path: ../data/inat200
	dataset: inat200
	eval_on_train: False
	experiment_path: None
	fix_bn: False
	freeze_backbone: False
	gpu: 0
	gpus: [0]
	increment: 10
	last_layer_analysis: True
	log: ['disk']
	lr: 0.01
	lr_factor: None
	lr_min: 0.0001
	lr_patience: None
	lr_scheduler: cosine
	lr_warmup_epochs: 0
	momentum: 0.0
	multi_softmax: False
	nepochs: 90
	network: resnetv2_101x1_bit.goog_in21k
	no_cudnn_deterministic: False
	normalize: in21k
	num_workers: 2
	optimizer_name: sgd
	pin_memory: False
	pretrained: True
	resize: 224
	results_path: ./results
	save_models: True
	seed: 0
	start_at_task: 19
	start_epoch: 0
	stop_at_task: 20
	stop_epoch: 0
	use_valid_only: False
	warmup_lr_factor: 1.0
	warmup_nepochs: 0
	weight_decay: 0.0
============================================================================================================
Approach arguments =
============================================================================================================
Exemplars arguments =
	exemplar_selection: random
	num_exemplars: 4000
============================================================================================================
WARNING: ./results/resnetv2_101x1_bit.goog_in21k/inat200/replay/10 already exists!
Loaded acc_taw from: ./results/resnetv2_101x1_bit.goog_in21k/inat200/replay/10/acc_taw-18.txt
Loaded acc_tag from: ./results/resnetv2_101x1_bit.goog_in21k/inat200/replay/10/acc_tag-18.txt
Loaded forg_taw from: ./results/resnetv2_101x1_bit.goog_in21k/inat200/replay/10/forg_taw-18.txt
Loaded forg_tag from: ./results/resnetv2_101x1_bit.goog_in21k/inat200/replay/10/forg_tag-18.txt
Loaded 4180 exemplars from ./results/resnetv2_101x1_bit.goog_in21k/inat200/replay/10/task18_exemplars.pth
************************************************************************************************************
Task 19  [epochs 0-90]
************************************************************************************************************
[params] total:42,902,280  trainable:42,902,280  tensors:344  trainable_tensors:344
| Epoch   1, time= 28.7s | Train: skip eval | Valid: time=  2.2s loss=0.459, TAw acc= 89.5% | * lr=1.0e-02
| Epoch   2, time= 27.6s | Train: skip eval | Valid: time=  2.2s loss=0.339, TAw acc= 91.2% | * lr=1.0e-02
| Epoch   3, time= 29.3s | Train: skip eval | Valid: time=  2.4s loss=0.422, TAw acc= 91.0% | lr=1.0e-02
| Epoch   4, time= 28.0s | Train: skip eval | Valid: time=  1.8s loss=0.478, TAw acc= 89.5% | lr=1.0e-02
| Epoch   5, time= 28.7s | Train: skip eval | Valid: time=  2.0s loss=0.393, TAw acc= 89.5% | lr=9.9e-03
| Epoch   6, time= 31.5s | Train: skip eval | Valid: time=  1.8s loss=0.351, TAw acc= 92.0% | lr=9.9e-03
| Epoch   7, time= 27.5s | Train: skip eval | Valid: time=  2.2s loss=0.371, TAw acc= 90.8% | lr=9.9e-03
| Epoch   8, time= 27.4s | Train: skip eval | Valid: time=  1.9s loss=0.361, TAw acc= 91.5% | lr=9.8e-03
| Epoch   9, time= 34.0s | Train: skip eval | Valid: time=  1.9s loss=0.292, TAw acc= 92.8% | * lr=9.8e-03
| Epoch  10, time= 28.6s | Train: skip eval | Valid: time=  1.8s loss=0.293, TAw acc= 93.5% | lr=9.7e-03
| Epoch  11, time= 32.6s | Train: skip eval | Valid: time=  2.1s loss=0.320, TAw acc= 92.0% | lr=9.6e-03
| Epoch  12, time= 29.4s | Train: skip eval | Valid: time=  2.0s loss=0.309, TAw acc= 93.2% | lr=9.6e-03
| Epoch  13, time= 33.5s | Train: skip eval | Valid: time=  1.8s loss=0.371, TAw acc= 92.0% | lr=9.5e-03
| Epoch  14, time= 29.3s | Train: skip eval | Valid: time=  1.8s loss=0.350, TAw acc= 91.8% | lr=9.4e-03
| Epoch  15, time= 28.6s | Train: skip eval | Valid: time=  1.9s loss=0.360, TAw acc= 92.0% | lr=9.3e-03
| Epoch  16, time= 25.6s | Train: skip eval | Valid: time=  1.8s loss=0.367, TAw acc= 92.0% | lr=9.2e-03
| Epoch  17, time= 31.4s | Train: skip eval | Valid: time=  2.3s loss=0.334, TAw acc= 91.5% | lr=9.2e-03
| Epoch  18, time= 27.0s | Train: skip eval | Valid: time=  1.8s loss=0.328, TAw acc= 93.5% | lr=9.1e-03
| Epoch  19, time= 27.3s | Train: skip eval | Valid: time=  1.8s loss=0.319, TAw acc= 93.2% | lr=9.0e-03
| Epoch  20, time= 27.7s | Train: skip eval | Valid: time=  2.1s loss=0.309, TAw acc= 93.0% | lr=8.8e-03
| Epoch  21, time= 29.3s | Train: skip eval | Valid: time=  2.4s loss=0.287, TAw acc= 94.0% | * lr=8.7e-03
| Epoch  22, time= 35.1s | Train: skip eval | Valid: time=  2.0s loss=0.318, TAw acc= 93.0% | lr=8.6e-03
| Epoch  23, time= 30.6s | Train: skip eval | Valid: time=  2.1s loss=0.331, TAw acc= 92.5% | lr=8.5e-03
| Epoch  24, time= 26.8s | Train: skip eval | Valid: time=  1.8s loss=0.288, TAw acc= 93.0% | lr=8.4e-03
| Epoch  25, time= 25.8s | Train: skip eval | Valid: time=  1.8s loss=0.290, TAw acc= 94.0% | lr=8.2e-03
| Epoch  26, time= 33.6s | Train: skip eval | Valid: time=  1.8s loss=0.310, TAw acc= 92.0% | lr=8.1e-03
| Epoch  27, time= 25.9s | Train: skip eval | Valid: time=  2.2s loss=0.308, TAw acc= 93.5% | lr=8.0e-03
| Epoch  28, time= 27.3s | Train: skip eval | Valid: time=  1.8s loss=0.266, TAw acc= 94.2% | * lr=7.8e-03
| Epoch  29, time= 26.4s | Train: skip eval | Valid: time=  1.8s loss=0.328, TAw acc= 93.8% | lr=7.7e-03
| Epoch  30, time= 34.9s | Train: skip eval | Valid: time=  2.1s loss=0.291, TAw acc= 93.5% | lr=7.5e-03
| Epoch  31, time= 28.0s | Train: skip eval | Valid: time=  1.8s loss=0.268, TAw acc= 93.5% | lr=7.4e-03
| Epoch  32, time= 35.0s | Train: skip eval | Valid: time=  2.3s loss=0.272, TAw acc= 94.0% | lr=7.2e-03
| Epoch  33, time= 27.2s | Train: skip eval | Valid: time=  2.0s loss=0.250, TAw acc= 94.0% | * lr=7.1e-03
| Epoch  34, time= 27.7s | Train: skip eval | Valid: time=  2.1s loss=0.279, TAw acc= 93.5% | lr=6.9e-03
| Epoch  35, time= 28.7s | Train: skip eval | Valid: time=  2.0s loss=0.262, TAw acc= 95.0% | lr=6.7e-03
| Epoch  36, time= 35.7s | Train: skip eval | Valid: time=  1.9s loss=0.302, TAw acc= 93.0% | lr=6.6e-03
| Epoch  37, time= 27.8s | Train: skip eval | Valid: time=  2.0s loss=0.277, TAw acc= 93.8% | lr=6.4e-03
| Epoch  38, time= 33.8s | Train: skip eval | Valid: time=  2.3s loss=0.284, TAw acc= 93.2% | lr=6.2e-03
| Epoch  39, time= 29.5s | Train: skip eval | Valid: time=  2.0s loss=0.318, TAw acc= 94.0% | lr=6.1e-03
| Epoch  40, time= 28.5s | Train: skip eval | Valid: time=  2.1s loss=0.295, TAw acc= 92.8% | lr=5.9e-03
| Epoch  41, time= 30.6s | Train: skip eval | Valid: time=  2.0s loss=0.280, TAw acc= 93.5% | lr=5.7e-03
| Epoch  42, time= 27.4s | Train: skip eval | Valid: time=  2.0s loss=0.301, TAw acc= 93.0% | lr=5.6e-03
| Epoch  43, time= 30.7s | Train: skip eval | Valid: time=  2.5s loss=0.291, TAw acc= 92.5% | lr=5.4e-03
| Epoch  44, time= 28.0s | Train: skip eval | Valid: time=  2.0s loss=0.264, TAw acc= 93.5% | lr=5.2e-03
| Epoch  45, time= 31.6s | Train: skip eval | Valid: time=  2.0s loss=0.268, TAw acc= 94.2% | lr=5.1e-03
| Epoch  46, time= 27.7s | Train: skip eval | Valid: time=  2.3s loss=0.290, TAw acc= 93.2% | lr=4.9e-03
| Epoch  47, time= 26.9s | Train: skip eval | Valid: time=  2.0s loss=0.277, TAw acc= 93.5% | lr=4.7e-03
| Epoch  48, time= 27.6s | Train: skip eval | Valid: time=  2.0s loss=0.275, TAw acc= 94.0% | lr=4.5e-03
| Epoch  49, time= 28.9s | Train: skip eval | Valid: time=  2.3s loss=0.248, TAw acc= 94.5% | * lr=4.4e-03
| Epoch  50, time= 29.0s | Train: skip eval | Valid: time=  1.9s loss=0.259, TAw acc= 93.8% | lr=4.2e-03
| Epoch  51, time= 28.0s | Train: skip eval | Valid: time=  2.3s loss=0.252, TAw acc= 94.5% | lr=4.0e-03
| Epoch  52, time= 28.5s | Train: skip eval | Valid: time=  2.1s loss=0.269, TAw acc= 93.5% | lr=3.9e-03
| Epoch  53, time= 49.8s | Train: skip eval | Valid: time=  2.0s loss=0.274, TAw acc= 93.8% | lr=3.7e-03
| Epoch  54, time= 31.9s | Train: skip eval | Valid: time=  1.9s loss=0.257, TAw acc= 94.5% | lr=3.5e-03
| Epoch  55, time= 27.7s | Train: skip eval | Valid: time=  2.0s loss=0.275, TAw acc= 94.5% | lr=3.4e-03
| Epoch  56, time= 29.7s | Train: skip eval | Valid: time=  2.5s loss=0.275, TAw acc= 94.0% | lr=3.2e-03
| Epoch  57, time= 33.8s | Train: skip eval | Valid: time=  1.9s loss=0.277, TAw acc= 93.2% | lr=3.0e-03
| Epoch  58, time= 30.0s | Train: skip eval | Valid: time=  1.9s loss=0.266, TAw acc= 94.5% | lr=2.9e-03
| Epoch  59, time= 27.6s | Train: skip eval | Valid: time=  2.1s loss=0.260, TAw acc= 93.8% | lr=2.7e-03
| Epoch  60, time= 28.7s | Train: skip eval | Valid: time=  1.9s loss=0.258, TAw acc= 94.0% | lr=2.6e-03
| Epoch  61, time= 37.3s | Train: skip eval | Valid: time=  1.9s loss=0.252, TAw acc= 94.8% | lr=2.4e-03
| Epoch  62, time= 31.9s | Train: skip eval | Valid: time=  2.0s loss=0.242, TAw acc= 95.0% | * lr=2.3e-03
| Epoch  63, time= 28.0s | Train: skip eval | Valid: time=  2.5s loss=0.247, TAw acc= 94.8% | lr=2.1e-03
| Epoch  64, time= 29.7s | Train: skip eval | Valid: time=  2.3s loss=0.248, TAw acc= 94.0% | lr=2.0e-03
| Epoch  65, time= 29.4s | Train: skip eval | Valid: time=  2.0s loss=0.243, TAw acc= 94.2% | lr=1.9e-03
| Epoch  66, time= 33.3s | Train: skip eval | Valid: time=  1.9s loss=0.245, TAw acc= 94.2% | lr=1.7e-03
| Epoch  67, time= 33.4s | Train: skip eval | Valid: time=  2.0s loss=0.239, TAw acc= 95.2% | * lr=1.6e-03
| Epoch  68, time= 29.6s | Train: skip eval | Valid: time=  1.9s loss=0.241, TAw acc= 94.0% | lr=1.5e-03
| Epoch  69, time= 28.2s | Train: skip eval | Valid: time=  1.9s loss=0.241, TAw acc= 94.8% | lr=1.4e-03
| Epoch  70, time= 27.6s | Train: skip eval | Valid: time=  2.5s loss=0.244, TAw acc= 94.5% | lr=1.3e-03
| Epoch  71, time= 28.2s | Train: skip eval | Valid: time=  2.1s loss=0.246, TAw acc= 94.5% | lr=1.1e-03
| Epoch  72, time= 33.1s | Train: skip eval | Valid: time=  2.0s loss=0.242, TAw acc= 94.2% | lr=1.0e-03
| Epoch  73, time= 29.4s | Train: skip eval | Valid: time=  2.3s loss=0.237, TAw acc= 94.5% | * lr=9.5e-04
| Epoch  74, time= 30.5s | Train: skip eval | Valid: time=  2.3s loss=0.243, TAw acc= 94.0% | lr=8.5e-04
| Epoch  75, time= 28.6s | Train: skip eval | Valid: time=  2.2s loss=0.239, TAw acc= 94.5% | lr=7.6e-04
| Epoch  76, time= 33.1s | Train: skip eval | Valid: time=  1.9s loss=0.241, TAw acc= 94.5% | lr=6.8e-04
| Epoch  77, time= 30.5s | Train: skip eval | Valid: time=  2.0s loss=0.244, TAw acc= 94.2% | lr=6.0e-04
| Epoch  78, time= 30.5s | Train: skip eval | Valid: time=  2.0s loss=0.243, TAw acc= 94.5% | lr=5.3e-04
| Epoch  79, time= 35.3s | Train: skip eval | Valid: time=  2.0s loss=0.239, TAw acc= 94.2% | lr=4.6e-04
| Epoch  80, time= 34.8s | Train: skip eval | Valid: time=  2.0s loss=0.239, TAw acc= 94.5% | lr=4.0e-04
| Epoch  81, time= 33.2s | Train: skip eval | Valid: time=  2.3s loss=0.239, TAw acc= 94.8% | lr=3.4e-04
| Epoch  82, time= 29.2s | Train: skip eval | Valid: time=  2.0s loss=0.238, TAw acc= 94.8% | lr=2.9e-04
| Epoch  83, time= 28.3s | Train: skip eval | Valid: time=  1.9s loss=0.236, TAw acc= 94.5% | * lr=2.5e-04
| Epoch  84, time= 30.5s | Train: skip eval | Valid: time=  1.9s loss=0.237, TAw acc= 94.5% | lr=2.1e-04
| Epoch  85, time= 34.2s | Train: skip eval | Valid: time=  1.9s loss=0.238, TAw acc= 94.8% | lr=1.8e-04
| Epoch  86, time= 30.8s | Train: skip eval | Valid: time=  2.0s loss=0.239, TAw acc= 94.8% | lr=1.5e-04
| Epoch  87, time= 30.9s | Train: skip eval | Valid: time=  1.9s loss=0.239, TAw acc= 94.5% | lr=1.3e-04
| Epoch  88, time= 30.7s | Train: skip eval | Valid: time=  1.9s loss=0.239, TAw acc= 94.2% | lr=1.1e-04
| Epoch  89, time= 32.5s | Train: skip eval | Valid: time=  2.2s loss=0.239, TAw acc= 94.2% | lr=1.0e-04
| Epoch  90, time= 29.2s | Train: skip eval | Valid: time=  2.5s loss=0.239, TAw acc= 94.2% | lr=1.0e-04
| Selected 4000 train exemplars, time=  3.6s
------------------------------------------------------------------------------------------------------------
>>> Test on task  0 : loss=0.478 | TAw acc= 89.3%, forg=  5.1% | TAg acc= 37.3%, forg= 57.1% <<<
>>> Test on task  1 : loss=1.153 | TAw acc= 83.8%, forg=  7.6% | TAg acc= 33.1%, forg= 56.0% <<<
>>> Test on task  2 : loss=0.950 | TAw acc= 89.7%, forg=  5.4% | TAg acc= 48.5%, forg= 44.1% <<<
>>> Test on task  3 : loss=1.693 | TAw acc= 79.5%, forg=  9.4% | TAg acc= 25.2%, forg= 60.0% <<<
>>> Test on task  4 : loss=1.692 | TAw acc= 84.4%, forg=  7.2% | TAg acc= 29.6%, forg= 58.6% <<<
>>> Test on task  5 : loss=1.810 | TAw acc= 82.0%, forg=  7.3% | TAg acc= 26.6%, forg= 58.6% <<<
>>> Test on task  6 : loss=1.173 | TAw acc= 87.7%, forg=  5.3% | TAg acc= 48.2%, forg= 42.0% <<<
>>> Test on task  7 : loss=1.967 | TAw acc= 85.7%, forg=  4.9% | TAg acc= 34.4%, forg= 52.6% <<<
>>> Test on task  8 : loss=1.296 | TAw acc= 86.0%, forg=  5.6% | TAg acc= 51.2%, forg= 39.0% <<<
>>> Test on task  9 : loss=1.402 | TAw acc= 87.8%, forg=  3.9% | TAg acc= 36.5%, forg= 52.9% <<<
>>> Test on task 10 : loss=1.552 | TAw acc= 84.1%, forg=  6.3% | TAg acc= 43.5%, forg= 44.8% <<<
>>> Test on task 11 : loss=1.534 | TAw acc= 89.0%, forg=  4.2% | TAg acc= 40.0%, forg= 50.3% <<<
>>> Test on task 12 : loss=1.290 | TAw acc= 89.3%, forg=  5.1% | TAg acc= 45.3%, forg= 47.2% <<<
>>> Test on task 13 : loss=0.914 | TAw acc= 93.7%, forg=  2.3% | TAg acc= 55.6%, forg= 38.7% <<<
>>> Test on task 14 : loss=1.128 | TAw acc= 90.1%, forg=  3.3% | TAg acc= 53.1%, forg= 38.9% <<<
>>> Test on task 15 : loss=1.343 | TAw acc= 87.8%, forg=  2.7% | TAg acc= 55.2%, forg= 34.0% <<<
>>> Test on task 16 : loss=1.658 | TAw acc= 82.6%, forg=  4.6% | TAg acc= 47.2%, forg= 37.7% <<<
>>> Test on task 17 : loss=1.490 | TAw acc= 87.2%, forg=  5.3% | TAg acc= 48.6%, forg= 40.5% <<<
>>> Test on task 18 : loss=1.562 | TAw acc= 86.5%, forg=  2.8% | TAg acc= 50.7%, forg= 36.6% <<<
>>> Test on task 19 : loss=0.356 | TAw acc= 92.2%, forg=  0.0% | TAg acc= 90.5%, forg=  0.0% <<<
Save at ./results/./results/resnetv2_101x1_bit.goog_in21k/inat200/replay/10
Plotting last layer analysis...
************************************************************************************************************
TAw Acc
	 94.4%   0.0%   0.0%   0.0%   0.0%   0.0%   0.0%   0.0%   0.0%   0.0%   0.0%   0.0%   0.0%   0.0%   0.0%   0.0%   0.0%   0.0%   0.0%   0.0% 	Avg.: 94.4% 
	 92.6%  91.4%   0.0%   0.0%   0.0%   0.0%   0.0%   0.0%   0.0%   0.0%   0.0%   0.0%   0.0%   0.0%   0.0%   0.0%   0.0%   0.0%   0.0%   0.0% 	Avg.: 92.0% 
	 93.2%  90.9%  95.1%   0.0%   0.0%   0.0%   0.0%   0.0%   0.0%   0.0%   0.0%   0.0%   0.0%   0.0%   0.0%   0.0%   0.0%   0.0%   0.0%   0.0% 	Avg.: 93.1% 
	 93.0%  90.5%  94.6%  88.9%   0.0%   0.0%   0.0%   0.0%   0.0%   0.0%   0.0%   0.0%   0.0%   0.0%   0.0%   0.0%   0.0%   0.0%   0.0%   0.0% 	Avg.: 91.8% 
	 94.3%  90.7%  93.8%  88.9%  91.6%   0.0%   0.0%   0.0%   0.0%   0.0%   0.0%   0.0%   0.0%   0.0%   0.0%   0.0%   0.0%   0.0%   0.0%   0.0% 	Avg.: 91.9% 
	 93.1%  89.0%  93.7%  87.6%  90.2%  89.3%   0.0%   0.0%   0.0%   0.0%   0.0%   0.0%   0.0%   0.0%   0.0%   0.0%   0.0%   0.0%   0.0%   0.0% 	Avg.: 90.5% 
	 92.7%  89.2%  91.5%  86.7%  88.6%  87.5%  93.0%   0.0%   0.0%   0.0%   0.0%   0.0%   0.0%   0.0%   0.0%   0.0%   0.0%   0.0%   0.0%   0.0% 	Avg.: 89.9% 
	 91.6%  89.4%  92.6%  85.6%  89.6%  87.1%  92.6%  90.6%   0.0%   0.0%   0.0%   0.0%   0.0%   0.0%   0.0%   0.0%   0.0%   0.0%   0.0%   0.0% 	Avg.: 89.9% 
	 91.4%  86.3%  92.5%  86.5%  88.0%  85.2%  91.6%  89.9%  91.6%   0.0%   0.0%   0.0%   0.0%   0.0%   0.0%   0.0%   0.0%   0.0%   0.0%   0.0% 	Avg.: 89.2% 
	 91.3%  85.4%  92.1%  85.8%  85.6%  83.9%  91.3%  88.9%  90.6%  91.5%   0.0%   0.0%   0.0%   0.0%   0.0%   0.0%   0.0%   0.0%   0.0%   0.0% 	Avg.: 88.6% 
	 89.0%  86.6%  92.0%  83.7%  87.1%  82.3%  90.0%  87.6%  88.7%  91.7%  90.4%   0.0%   0.0%   0.0%   0.0%   0.0%   0.0%   0.0%   0.0%   0.0% 	Avg.: 88.1% 
	 90.0%  86.0%  90.6%  83.5%  85.5%  83.2%  89.9%  87.4%  89.1%  90.4%  89.6%  93.2%   0.0%   0.0%   0.0%   0.0%   0.0%   0.0%   0.0%   0.0% 	Avg.: 88.2% 
	 89.3%  85.9%  91.4%  83.2%  85.3%  82.2%  89.0%  86.1%  88.0%  88.8%  85.8%  92.8%  94.4%   0.0%   0.0%   0.0%   0.0%   0.0%   0.0%   0.0% 	Avg.: 87.9% 
	 88.1%  84.9%  90.6%  83.9%  85.3%  81.3%  88.2%  85.5%  87.0%  88.5%  85.6%  90.3%  90.9%  96.0%   0.0%   0.0%   0.0%   0.0%   0.0%   0.0% 	Avg.: 87.6% 
	 90.0%  86.0%  91.5%  84.0%  83.9%  82.7%  87.0%  85.9%  88.3%  88.1%  88.1%  90.5%  92.7%  96.0%  93.4%   0.0%   0.0%   0.0%   0.0%   0.0% 	Avg.: 88.5% 
	 88.4%  85.2%  91.3%  82.2%  84.4%  81.7%  89.0%  86.2%  87.5%  87.9%  87.5%  90.4%  92.2%  95.0%  93.4%  90.5%   0.0%   0.0%   0.0%   0.0% 	Avg.: 88.3% 
	 89.3%  84.9%  90.9%  80.1%  86.5%  81.4%  88.1%  86.8%  87.8%  89.0%  85.0%  89.6%  91.8%  94.7%  93.4%  88.6%  87.2%   0.0%   0.0%   0.0% 	Avg.: 87.9% 
	 88.4%  84.7%  91.1%  81.7%  84.7%  80.6%  87.0%  86.7%  87.4%  88.5%  84.2%  90.2%  91.6%  95.2%  91.2%  89.7%  83.4%  92.5%   0.0%   0.0% 	Avg.: 87.7% 
	 90.0%  86.0%  91.7%  80.0%  83.6%  81.2%  87.1%  83.3%  86.6%  88.7%  84.4%  89.1%  91.7%  94.7%  90.9%  87.4%  83.6%  90.0%  89.3%   0.0% 	Avg.: 87.3% 
	 89.3%  83.8%  89.7%  79.5%  84.4%  82.0%  87.7%  85.7%  86.0%  87.8%  84.1%  89.0%  89.3%  93.7%  90.1%  87.8%  82.6%  87.2%  86.5%  92.2% 	Avg.: 86.9% 
************************************************************************************************************
TAg Acc
	 94.4%   0.0%   0.0%   0.0%   0.0%   0.0%   0.0%   0.0%   0.0%   0.0%   0.0%   0.0%   0.0%   0.0%   0.0%   0.0%   0.0%   0.0%   0.0%   0.0% 	Avg.: 94.4% 
	 85.0%  89.1%   0.0%   0.0%   0.0%   0.0%   0.0%   0.0%   0.0%   0.0%   0.0%   0.0%   0.0%   0.0%   0.0%   0.0%   0.0%   0.0%   0.0%   0.0% 	Avg.: 87.0% 
	 82.2%  81.6%  92.6%   0.0%   0.0%   0.0%   0.0%   0.0%   0.0%   0.0%   0.0%   0.0%   0.0%   0.0%   0.0%   0.0%   0.0%   0.0%   0.0%   0.0% 	Avg.: 85.5% 
	 76.0%  73.1%  81.2%  85.2%   0.0%   0.0%   0.0%   0.0%   0.0%   0.0%   0.0%   0.0%   0.0%   0.0%   0.0%   0.0%   0.0%   0.0%   0.0%   0.0% 	Avg.: 78.9% 
	 73.8%  70.9%  78.8%  72.7%  88.2%   0.0%   0.0%   0.0%   0.0%   0.0%   0.0%   0.0%   0.0%   0.0%   0.0%   0.0%   0.0%   0.0%   0.0%   0.0% 	Avg.: 76.9% 
	 63.2%  68.9%  73.1%  56.8%  71.5%  85.2%   0.0%   0.0%   0.0%   0.0%   0.0%   0.0%   0.0%   0.0%   0.0%   0.0%   0.0%   0.0%   0.0%   0.0% 	Avg.: 69.8% 
	 60.2%  61.3%  69.5%  58.7%  66.1%  71.4%  90.2%   0.0%   0.0%   0.0%   0.0%   0.0%   0.0%   0.0%   0.0%   0.0%   0.0%   0.0%   0.0%   0.0% 	Avg.: 68.2% 
	 61.6%  60.5%  65.7%  52.1%  59.1%  66.2%  74.5%  87.0%   0.0%   0.0%   0.0%   0.0%   0.0%   0.0%   0.0%   0.0%   0.0%   0.0%   0.0%   0.0% 	Avg.: 65.8% 
	 62.0%  48.1%  66.0%  53.0%  58.4%  61.2%  76.3%  64.9%  90.2%   0.0%   0.0%   0.0%   0.0%   0.0%   0.0%   0.0%   0.0%   0.0%   0.0%   0.0% 	Avg.: 64.5% 
	 55.6%  44.5%  64.1%  45.1%  51.0%  48.9%  68.0%  53.6%  73.2%  89.4%   0.0%   0.0%   0.0%   0.0%   0.0%   0.0%   0.0%   0.0%   0.0%   0.0% 	Avg.: 59.3% 
	 49.8%  46.2%  58.8%  42.6%  43.9%  40.9%  60.4%  55.1%  65.9%  68.8%  88.3%   0.0%   0.0%   0.0%   0.0%   0.0%   0.0%   0.0%   0.0%   0.0% 	Avg.: 56.4% 
	 47.1%  42.6%  59.6%  37.6%  46.1%  41.6%  60.1%  50.6%  63.0%  61.4%  66.3%  90.3%   0.0%   0.0%   0.0%   0.0%   0.0%   0.0%   0.0%   0.0% 	Avg.: 55.5% 
	 48.9%  44.1%  56.7%  32.2%  39.5%  43.4%  62.5%  48.9%  63.9%  58.4%  58.7%  70.2%  92.5%   0.0%   0.0%   0.0%   0.0%   0.0%   0.0%   0.0% 	Avg.: 55.4% 
	 43.9%  36.0%  50.7%  28.8%  38.3%  35.3%  55.2%  42.3%  60.8%  40.0%  49.9%  59.9%  57.9%  94.3%   0.0%   0.0%   0.0%   0.0%   0.0%   0.0% 	Avg.: 49.5% 
	 42.7%  35.5%  50.6%  31.8%  38.2%  34.4%  50.3%  42.0%  55.2%  41.4%  51.7%  54.1%  58.2%  71.8%  92.0%   0.0%   0.0%   0.0%   0.0%   0.0% 	Avg.: 50.0% 
	 37.5%  33.9%  49.9%  25.5%  28.7%  29.8%  56.6%  42.1%  48.4%  40.2%  47.3%  47.3%  58.2%  69.4%  56.3%  89.2%   0.0%   0.0%   0.0%   0.0% 	Avg.: 47.5% 
	 42.7%  31.6%  56.3%  27.7%  28.9%  32.6%  54.5%  41.3%  51.8%  40.4%  41.7%  53.4%  51.0%  61.8%  63.6%  63.5%  84.9%   0.0%   0.0%   0.0% 	Avg.: 48.7% 
	 40.8%  37.7%  48.2%  28.7%  28.3%  23.0%  52.3%  33.5%  51.7%  41.7%  44.9%  49.4%  55.2%  63.1%  60.0%  61.5%  54.3%  89.1%   0.0%   0.0% 	Avg.: 48.0% 
	 37.7%  34.1%  53.4%  27.0%  27.8%  27.7%  56.2%  33.5%  49.7%  34.9%  45.1%  35.8%  43.9%  62.0%  57.7%  61.8%  51.0%  51.5%  87.3%   0.0% 	Avg.: 46.2% 
	 37.3%  33.1%  48.5%  25.2%  29.6%  26.6%  48.2%  34.4%  51.2%  36.5%  43.5%  40.0%  45.3%  55.6%  53.1%  55.2%  47.2%  48.6%  50.7%  90.5% 	Avg.: 45.0% 
************************************************************************************************************
TAw Forg
	  0.0%   0.0%   0.0%   0.0%   0.0%   0.0%   0.0%   0.0%   0.0%   0.0%   0.0%   0.0%   0.0%   0.0%   0.0%   0.0%   0.0%   0.0%   0.0%   0.0% 
	  1.8%   0.0%   0.0%   0.0%   0.0%   0.0%   0.0%   0.0%   0.0%   0.0%   0.0%   0.0%   0.0%   0.0%   0.0%   0.0%   0.0%   0.0%   0.0%   0.0% 	Avg.:  1.8% 
	  1.2%   0.5%   0.0%   0.0%   0.0%   0.0%   0.0%   0.0%   0.0%   0.0%   0.0%   0.0%   0.0%   0.0%   0.0%   0.0%   0.0%   0.0%   0.0%   0.0% 	Avg.:  0.9% 
	  1.4%   0.9%   0.5%   0.0%   0.0%   0.0%   0.0%   0.0%   0.0%   0.0%   0.0%   0.0%   0.0%   0.0%   0.0%   0.0%   0.0%   0.0%   0.0%   0.0% 	Avg.:  0.9% 
	  0.1%   0.7%   1.3%   0.0%   0.0%   0.0%   0.0%   0.0%   0.0%   0.0%   0.0%   0.0%   0.0%   0.0%   0.0%   0.0%   0.0%   0.0%   0.0%   0.0% 	Avg.:  0.5% 
	  1.3%   2.4%   1.4%   1.3%   1.4%   0.0%   0.0%   0.0%   0.0%   0.0%   0.0%   0.0%   0.0%   0.0%   0.0%   0.0%   0.0%   0.0%   0.0%   0.0% 	Avg.:  1.6% 
	  1.7%   2.2%   3.6%   2.2%   3.0%   1.8%   0.0%   0.0%   0.0%   0.0%   0.0%   0.0%   0.0%   0.0%   0.0%   0.0%   0.0%   0.0%   0.0%   0.0% 	Avg.:  2.4% 
	  2.8%   2.0%   2.5%   3.3%   2.0%   2.2%   0.4%   0.0%   0.0%   0.0%   0.0%   0.0%   0.0%   0.0%   0.0%   0.0%   0.0%   0.0%   0.0%   0.0% 	Avg.:  2.2% 
	  3.0%   5.1%   2.6%   2.4%   3.6%   4.1%   1.4%   0.7%   0.0%   0.0%   0.0%   0.0%   0.0%   0.0%   0.0%   0.0%   0.0%   0.0%   0.0%   0.0% 	Avg.:  2.9% 
	  3.1%   6.0%   3.0%   3.1%   6.0%   5.4%   1.7%   1.7%   1.0%   0.0%   0.0%   0.0%   0.0%   0.0%   0.0%   0.0%   0.0%   0.0%   0.0%   0.0% 	Avg.:  3.4% 
	  5.4%   4.8%   3.1%   5.2%   4.5%   7.0%   3.0%   3.0%   2.9%  -0.2%   0.0%   0.0%   0.0%   0.0%   0.0%   0.0%   0.0%   0.0%   0.0%   0.0% 	Avg.:  3.9% 
	  4.4%   5.4%   4.5%   5.4%   6.1%   6.1%   3.1%   3.2%   2.5%   1.3%   0.8%   0.0%   0.0%   0.0%   0.0%   0.0%   0.0%   0.0%   0.0%   0.0% 	Avg.:  3.9% 
	  5.1%   5.5%   3.7%   5.7%   6.3%   7.1%   4.0%   4.5%   3.6%   2.9%   4.6%   0.4%   0.0%   0.0%   0.0%   0.0%   0.0%   0.0%   0.0%   0.0% 	Avg.:  4.4% 
	  6.3%   6.5%   4.5%   5.0%   6.3%   8.0%   4.8%   5.1%   4.6%   3.2%   4.8%   2.9%   3.5%   0.0%   0.0%   0.0%   0.0%   0.0%   0.0%   0.0% 	Avg.:  5.0% 
	  4.4%   5.4%   3.6%   4.9%   7.7%   6.6%   6.0%   4.7%   3.3%   3.6%   2.3%   2.7%   1.7%   0.0%   0.0%   0.0%   0.0%   0.0%   0.0%   0.0% 	Avg.:  4.1% 
	  6.0%   6.2%   3.8%   6.7%   7.2%   7.6%   4.0%   4.4%   4.1%   3.8%   2.9%   2.8%   2.2%   1.0%   0.0%   0.0%   0.0%   0.0%   0.0%   0.0% 	Avg.:  4.2% 
	  5.1%   6.5%   4.2%   8.8%   5.1%   7.9%   4.9%   3.8%   3.8%   2.7%   5.4%   3.6%   2.6%   1.3%   0.0%   1.9%   0.0%   0.0%   0.0%   0.0% 	Avg.:  4.2% 
	  6.0%   6.7%   4.0%   7.2%   6.9%   8.7%   6.0%   3.9%   4.2%   3.2%   6.2%   3.0%   2.8%   0.8%   2.2%   0.8%   3.8%   0.0%   0.0%   0.0% 	Avg.:  4.5% 
	  4.4%   5.4%   3.4%   8.9%   8.0%   8.1%   5.9%   7.3%   5.0%   3.0%   6.0%   4.1%   2.7%   1.3%   2.5%   3.1%   3.6%   2.5%   0.0%   0.0% 	Avg.:  4.7% 
	  5.1%   7.6%   5.4%   9.4%   7.2%   7.3%   5.3%   4.9%   5.6%   3.9%   6.3%   4.2%   5.1%   2.3%   3.3%   2.7%   4.6%   5.3%   2.8%   0.0% 	Avg.:  5.2% 
************************************************************************************************************
TAg Forg
	  0.0%   0.0%   0.0%   0.0%   0.0%   0.0%   0.0%   0.0%   0.0%   0.0%   0.0%   0.0%   0.0%   0.0%   0.0%   0.0%   0.0%   0.0%   0.0%   0.0% 
	  9.4%   0.0%   0.0%   0.0%   0.0%   0.0%   0.0%   0.0%   0.0%   0.0%   0.0%   0.0%   0.0%   0.0%   0.0%   0.0%   0.0%   0.0%   0.0%   0.0% 	Avg.:  9.4% 
	 12.2%   7.5%   0.0%   0.0%   0.0%   0.0%   0.0%   0.0%   0.0%   0.0%   0.0%   0.0%   0.0%   0.0%   0.0%   0.0%   0.0%   0.0%   0.0%   0.0% 	Avg.:  9.8% 
	 18.4%  16.0%  11.4%   0.0%   0.0%   0.0%   0.0%   0.0%   0.0%   0.0%   0.0%   0.0%   0.0%   0.0%   0.0%   0.0%   0.0%   0.0%   0.0%   0.0% 	Avg.: 15.3% 
	 20.6%  18.2%  13.8%  12.5%   0.0%   0.0%   0.0%   0.0%   0.0%   0.0%   0.0%   0.0%   0.0%   0.0%   0.0%   0.0%   0.0%   0.0%   0.0%   0.0% 	Avg.: 16.3% 
	 31.2%  20.2%  19.5%  28.4%  16.7%   0.0%   0.0%   0.0%   0.0%   0.0%   0.0%   0.0%   0.0%   0.0%   0.0%   0.0%   0.0%   0.0%   0.0%   0.0% 	Avg.: 23.2% 
	 34.2%  27.8%  23.1%  26.5%  22.1%  13.8%   0.0%   0.0%   0.0%   0.0%   0.0%   0.0%   0.0%   0.0%   0.0%   0.0%   0.0%   0.0%   0.0%   0.0% 	Avg.: 24.6% 
	 32.8%  28.6%  26.9%  33.1%  29.1%  19.0%  15.7%   0.0%   0.0%   0.0%   0.0%   0.0%   0.0%   0.0%   0.0%   0.0%   0.0%   0.0%   0.0%   0.0% 	Avg.: 26.5% 
	 32.4%  41.0%  26.6%  32.2%  29.8%  24.0%  13.9%  22.1%   0.0%   0.0%   0.0%   0.0%   0.0%   0.0%   0.0%   0.0%   0.0%   0.0%   0.0%   0.0% 	Avg.: 27.8% 
	 38.8%  44.6%  28.5%  40.1%  37.2%  36.3%  22.2%  33.4%  17.0%   0.0%   0.0%   0.0%   0.0%   0.0%   0.0%   0.0%   0.0%   0.0%   0.0%   0.0% 	Avg.: 33.1% 
	 44.6%  42.9%  33.8%  42.6%  44.3%  44.3%  29.8%  31.9%  24.3%  20.6%   0.0%   0.0%   0.0%   0.0%   0.0%   0.0%   0.0%   0.0%   0.0%   0.0% 	Avg.: 35.9% 
	 47.3%  46.5%  33.0%  47.6%  42.1%  43.6%  30.1%  36.4%  27.2%  28.0%  22.0%   0.0%   0.0%   0.0%   0.0%   0.0%   0.0%   0.0%   0.0%   0.0% 	Avg.: 36.7% 
	 45.5%  45.0%  35.9%  53.0%  48.7%  41.8%  27.7%  38.1%  26.3%  31.0%  29.6%  20.1%   0.0%   0.0%   0.0%   0.0%   0.0%   0.0%   0.0%   0.0% 	Avg.: 36.9% 
	 50.5%  53.1%  41.9%  56.4%  49.9%  49.9%  35.0%  44.7%  29.4%  49.4%  38.4%  30.4%  34.6%   0.0%   0.0%   0.0%   0.0%   0.0%   0.0%   0.0% 	Avg.: 43.4% 
	 51.7%  53.6%  42.0%  53.4%  50.0%  50.8%  39.9%  45.0%  35.0%  48.0%  36.6%  36.2%  34.3%  22.5%   0.0%   0.0%   0.0%   0.0%   0.0%   0.0% 	Avg.: 42.8% 
	 56.9%  55.2%  42.7%  59.7%  59.5%  55.4%  33.6%  44.9%  41.8%  49.2%  41.0%  43.0%  34.3%  24.9%  35.7%   0.0%   0.0%   0.0%   0.0%   0.0% 	Avg.: 45.2% 
	 51.7%  57.5%  36.3%  57.5%  59.3%  52.6%  35.7%  45.7%  38.4%  49.0%  46.6%  36.9%  41.5%  32.5%  28.4%  25.7%   0.0%   0.0%   0.0%   0.0% 	Avg.: 43.5% 
	 53.6%  51.4%  44.4%  56.5%  59.9%  62.2%  37.9%  53.5%  38.5%  47.7%  43.4%  40.9%  37.3%  31.2%  32.0%  27.7%  30.6%   0.0%   0.0%   0.0% 	Avg.: 44.0% 
	 56.7%  55.0%  39.2%  58.2%  60.4%  57.5%  34.0%  53.5%  40.5%  54.5%  43.2%  54.5%  48.6%  32.3%  34.3%  27.4%  33.9%  37.6%   0.0%   0.0% 	Avg.: 45.6% 
	 57.1%  56.0%  44.1%  60.0%  58.6%  58.6%  42.0%  52.6%  39.0%  52.9%  44.8%  50.3%  47.2%  38.7%  38.9%  34.0%  37.7%  40.5%  36.6%   0.0% 	Avg.: 46.8% 
************************************************************************************************************
[Elapsed time = 0.8 h]
Done!
