START_TASK=4 STOP_TASK=5
============================================================================================================
Arguments =
	all_outputs: False
	approach: joint
	batch_size: 64
	classes_first_task: None
	clipping: 10000
	crop: 224
	dataset: cifar100
	eval_on_train: False
	experiment_path: None
	fix_bn: False
	freeze_backbone: False
	gpu: 0
	gpus: [0, 1]
	increment: 10
	last_layer_analysis: True
	log: ['disk']
	lr: 0.01
	lr_factor: None
	lr_min: 0.0001
	lr_patience: None
	lr_scheduler: cosine
	lr_warmup_epochs: 0
	momentum: 0.0
	multi_softmax: False
	nepochs: 50
	network: vit_base_patch16_224.augreg_in1k
	no_cudnn_deterministic: False
	normalize: in1k
	num_workers: 2
	optimizer_name: sgd
	pin_memory: False
	pretrained: True
	resize: 224
	results_path: ./results
	save_models: True
	seed: 0
	start_at_task: 4
	start_epoch: 0
	stop_at_task: 5
	stop_epoch: 0
	use_valid_only: False
	warmup_lr_factor: 1.0
	warmup_nepochs: 0
	weight_decay: 0.0
============================================================================================================
Approach arguments =
============================================================================================================
Exemplars arguments =
============================================================================================================
WARNING: ./results/vit_base_patch16_224.augreg_in1k/cifar100/joint/10 already exists!
Multi-GPU mode: DataParallel on 2 GPUs (CUDA_VISIBLE_DEVICES=2 available)
Loaded acc_taw from: ./results/vit_base_patch16_224.augreg_in1k/cifar100/joint/10/acc_taw-3.txt
Loaded acc_tag from: ./results/vit_base_patch16_224.augreg_in1k/cifar100/joint/10/acc_tag-3.txt
Loaded forg_taw from: ./results/vit_base_patch16_224.augreg_in1k/cifar100/joint/10/forg_taw-3.txt
Loaded forg_tag from: ./results/vit_base_patch16_224.augreg_in1k/cifar100/joint/10/forg_tag-3.txt
[joint] Loaded accumulated datasets up to task 3 from ./results/vit_base_patch16_224.augreg_in1k/cifar100/joint/10/joint_progress
************************************************************************************************************
Task  4  [epochs 0-50]
************************************************************************************************************
[params] total:85,837,106  trainable:85,837,106  tensors:160  trainable_tensors:160
| Epoch   1, time=108.6s | Train: skip eval | Valid: time=  5.5s loss=0.315, TAw acc= 97.5% | * lr=1.0e-02
| Epoch   2, time=107.6s | Train: skip eval | Valid: time=  5.6s loss=0.290, TAw acc= 97.6% | * lr=1.0e-02
| Epoch   3, time=108.3s | Train: skip eval | Valid: time=  5.6s loss=0.306, TAw acc= 97.6% | lr=9.9e-03
| Epoch   4, time=108.5s | Train: skip eval | Valid: time=  5.6s loss=0.302, TAw acc= 97.6% | lr=9.8e-03
| Epoch   5, time=108.7s | Train: skip eval | Valid: time=  5.4s loss=0.289, TAw acc= 97.4% | * lr=9.8e-03
| Epoch   6, time=108.8s | Train: skip eval | Valid: time=  5.6s loss=0.295, TAw acc= 97.9% | lr=9.7e-03
| Epoch   7, time=108.6s | Train: skip eval | Valid: time=  5.4s loss=0.282, TAw acc= 97.7% | * lr=9.5e-03
| Epoch   8, time=110.7s | Train: skip eval | Valid: time=  5.9s loss=0.285, TAw acc= 97.8% | lr=9.4e-03
| Epoch   9, time=108.7s | Train: skip eval | Valid: time=  5.6s loss=0.289, TAw acc= 97.7% | lr=9.2e-03
| Epoch  10, time=108.6s | Train: skip eval | Valid: time=  5.4s loss=0.272, TAw acc= 97.9% | * lr=9.1e-03
| Epoch  11, time=108.2s | Train: skip eval | Valid: time=  5.5s loss=0.287, TAw acc= 98.0% | lr=8.9e-03
| Epoch  12, time=108.9s | Train: skip eval | Valid: time=  5.4s loss=0.289, TAw acc= 97.9% | lr=8.7e-03
| Epoch  13, time=109.1s | Train: skip eval | Valid: time=  5.6s loss=0.305, TAw acc= 98.0% | lr=8.4e-03
| Epoch  14, time=109.2s | Train: skip eval | Valid: time=  5.5s loss=0.292, TAw acc= 97.9% | lr=8.2e-03
| Epoch  15, time=108.4s | Train: skip eval | Valid: time=  5.6s loss=0.297, TAw acc= 97.6% | lr=8.0e-03
| Epoch  16, time=108.9s | Train: skip eval | Valid: time=  5.7s loss=0.288, TAw acc= 97.8% | lr=7.7e-03
| Epoch  17, time=108.4s | Train: skip eval | Valid: time=  5.6s loss=0.297, TAw acc= 97.9% | lr=7.4e-03
| Epoch  18, time=108.5s | Train: skip eval | Valid: time=  5.6s loss=0.301, TAw acc= 97.8% | lr=7.2e-03
| Epoch  19, time=108.8s | Train: skip eval | Valid: time=  5.8s loss=0.294, TAw acc= 97.8% | lr=6.9e-03
| Epoch  20, time=107.7s | Train: skip eval | Valid: time=  5.5s loss=0.289, TAw acc= 97.8% | lr=6.6e-03
| Epoch  21, time=107.7s | Train: skip eval | Valid: time=  5.3s loss=0.288, TAw acc= 97.9% | lr=6.3e-03
| Epoch  22, time=110.0s | Train: skip eval | Valid: time=  5.4s loss=0.286, TAw acc= 98.1% | lr=6.0e-03
| Epoch  23, time=108.7s | Train: skip eval | Valid: time=  5.3s loss=0.295, TAw acc= 97.9% | lr=5.7e-03
| Epoch  24, time=108.8s | Train: skip eval | Valid: time=  5.4s loss=0.284, TAw acc= 98.2% | lr=5.4e-03
| Epoch  25, time=109.0s | Train: skip eval | Valid: time=  5.3s loss=0.286, TAw acc= 97.9% | lr=5.1e-03
| Epoch  26, time=108.9s | Train: skip eval | Valid: time=  5.6s loss=0.291, TAw acc= 97.9% | lr=4.7e-03
| Epoch  27, time=109.0s | Train: skip eval | Valid: time=  5.7s loss=0.300, TAw acc= 97.9% | lr=4.4e-03
| Epoch  28, time=108.7s | Train: skip eval | Valid: time=  5.6s loss=0.285, TAw acc= 98.1% | lr=4.1e-03
| Epoch  29, time=108.3s | Train: skip eval | Valid: time=  5.5s loss=0.289, TAw acc= 97.8% | lr=3.8e-03
| Epoch  30, time=109.0s | Train: skip eval | Valid: time=  5.6s loss=0.291, TAw acc= 98.0% | lr=3.5e-03
| Epoch  31, time=109.0s | Train: skip eval | Valid: time=  5.8s loss=0.287, TAw acc= 97.9% | lr=3.2e-03
| Epoch  32, time=108.9s | Train: skip eval | Valid: time=  5.4s loss=0.291, TAw acc= 97.9% | lr=2.9e-03
| Epoch  33, time=108.7s | Train: skip eval | Valid: time=  5.3s loss=0.304, TAw acc= 98.1% | lr=2.7e-03
| Epoch  34, time=108.7s | Train: skip eval | Valid: time=  5.8s loss=0.293, TAw acc= 98.0% | lr=2.4e-03
| Epoch  35, time=108.7s | Train: skip eval | Valid: time=  5.6s loss=0.291, TAw acc= 98.0% | lr=2.1e-03
| Epoch  36, time=107.7s | Train: skip eval | Valid: time=  5.6s loss=0.293, TAw acc= 97.9% | lr=1.9e-03
| Epoch  37, time=107.9s | Train: skip eval | Valid: time=  5.9s loss=0.290, TAw acc= 98.0% | lr=1.7e-03
| Epoch  38, time=108.1s | Train: skip eval | Valid: time=  5.8s loss=0.291, TAw acc= 98.0% | lr=1.4e-03
| Epoch  39, time=108.3s | Train: skip eval | Valid: time=  5.6s loss=0.293, TAw acc= 98.1% | lr=1.2e-03
| Epoch  40, time=108.2s | Train: skip eval | Valid: time=  5.5s loss=0.292, TAw acc= 98.0% | lr=1.0e-03
| Epoch  41, time=108.2s | Train: skip eval | Valid: time=  5.5s loss=0.291, TAw acc= 98.1% | lr=8.7e-04
| Epoch  42, time=108.4s | Train: skip eval | Valid: time=  5.4s loss=0.291, TAw acc= 98.1% | lr=7.1e-04
| Epoch  43, time=108.6s | Train: skip eval | Valid: time=  5.8s loss=0.289, TAw acc= 98.0% | lr=5.7e-04
| Epoch  44, time=108.5s | Train: skip eval | Valid: time=  5.7s loss=0.292, TAw acc= 98.1% | lr=4.5e-04
| Epoch  45, time=108.7s | Train: skip eval | Valid: time=  5.6s loss=0.289, TAw acc= 98.1% | lr=3.4e-04
| Epoch  46, time=108.5s | Train: skip eval | Valid: time=  5.6s loss=0.290, TAw acc= 98.1% | lr=2.6e-04
| Epoch  47, time=108.8s | Train: skip eval | Valid: time=  5.7s loss=0.290, TAw acc= 98.2% | lr=1.9e-04
| Epoch  48, time=108.6s | Train: skip eval | Valid: time=  5.6s loss=0.292, TAw acc= 98.1% | lr=1.4e-04
| Epoch  49, time=108.7s | Train: skip eval | Valid: time=  5.6s loss=0.291, TAw acc= 98.1% | lr=1.1e-04
| Epoch  50, time=108.4s | Train: skip eval | Valid: time=  5.8s loss=0.291, TAw acc= 98.1% | lr=1.0e-04
------------------------------------------------------------------------------------------------------------
>>> Test on task  0 : loss=0.415 | TAw acc= 96.4%, forg=  0.9% | TAg acc= 89.6%, forg=  6.6% <<<
>>> Test on task  1 : loss=0.333 | TAw acc= 98.6%, forg=  0.4% | TAg acc= 91.6%, forg=  3.7% <<<
>>> Test on task  2 : loss=0.250 | TAw acc= 99.0%, forg= -0.1% | TAg acc= 93.5%, forg=  2.3% <<<
>>> Test on task  3 : loss=0.307 | TAw acc= 95.4%, forg=  0.3% | TAg acc= 90.9%, forg=  2.7% <<<
>>> Test on task  4 : loss=0.182 | TAw acc= 98.1%, forg=  0.0% | TAg acc= 94.9%, forg=  0.0% <<<
Save at ./results/./results/vit_base_patch16_224.augreg_in1k/cifar100/joint/10
[joint] Saved accumulated datasets up to task 4 → ./results/vit_base_patch16_224.augreg_in1k/cifar100/joint/10/joint_progress
************************************************************************************************************
TAw Acc
	 96.2%   0.0%   0.0%   0.0%   0.0%   0.0%   0.0%   0.0%   0.0%   0.0% 	Avg.: 96.2% 
	 97.1%  99.0%   0.0%   0.0%   0.0%   0.0%   0.0%   0.0%   0.0%   0.0% 	Avg.: 98.0% 
	 97.3%  99.0%  98.9%   0.0%   0.0%   0.0%   0.0%   0.0%   0.0%   0.0% 	Avg.: 98.4% 
	 96.7%  98.9%  98.5%  95.7%   0.0%   0.0%   0.0%   0.0%   0.0%   0.0% 	Avg.: 97.4% 
	 96.4%  98.6%  99.0%  95.4%  98.1%   0.0%   0.0%   0.0%   0.0%   0.0% 	Avg.: 97.5% 
	  0.0%   0.0%   0.0%   0.0%   0.0%   0.0%   0.0%   0.0%   0.0%   0.0% 	Avg.:  0.0% 
	  0.0%   0.0%   0.0%   0.0%   0.0%   0.0%   0.0%   0.0%   0.0%   0.0% 	Avg.:  0.0% 
	  0.0%   0.0%   0.0%   0.0%   0.0%   0.0%   0.0%   0.0%   0.0%   0.0% 	Avg.:  0.0% 
	  0.0%   0.0%   0.0%   0.0%   0.0%   0.0%   0.0%   0.0%   0.0%   0.0% 	Avg.:  0.0% 
	  0.0%   0.0%   0.0%   0.0%   0.0%   0.0%   0.0%   0.0%   0.0%   0.0% 	Avg.:  0.0% 
************************************************************************************************************
TAg Acc
	 96.2%   0.0%   0.0%   0.0%   0.0%   0.0%   0.0%   0.0%   0.0%   0.0% 	Avg.: 96.2% 
	 94.5%  95.3%   0.0%   0.0%   0.0%   0.0%   0.0%   0.0%   0.0%   0.0% 	Avg.: 94.9% 
	 92.2%  93.8%  95.8%   0.0%   0.0%   0.0%   0.0%   0.0%   0.0%   0.0% 	Avg.: 93.9% 
	 91.2%  92.5%  94.3%  93.6%   0.0%   0.0%   0.0%   0.0%   0.0%   0.0% 	Avg.: 92.9% 
	 89.6%  91.6%  93.5%  90.9%  94.9%   0.0%   0.0%   0.0%   0.0%   0.0% 	Avg.: 92.1% 
	  0.0%   0.0%   0.0%   0.0%   0.0%   0.0%   0.0%   0.0%   0.0%   0.0% 	Avg.:  0.0% 
	  0.0%   0.0%   0.0%   0.0%   0.0%   0.0%   0.0%   0.0%   0.0%   0.0% 	Avg.:  0.0% 
	  0.0%   0.0%   0.0%   0.0%   0.0%   0.0%   0.0%   0.0%   0.0%   0.0% 	Avg.:  0.0% 
	  0.0%   0.0%   0.0%   0.0%   0.0%   0.0%   0.0%   0.0%   0.0%   0.0% 	Avg.:  0.0% 
	  0.0%   0.0%   0.0%   0.0%   0.0%   0.0%   0.0%   0.0%   0.0%   0.0% 	Avg.:  0.0% 
************************************************************************************************************
TAw Forg
	  0.0%   0.0%   0.0%   0.0%   0.0%   0.0%   0.0%   0.0%   0.0%   0.0% 
	 -0.9%   0.0%   0.0%   0.0%   0.0%   0.0%   0.0%   0.0%   0.0%   0.0% 	Avg.: -0.9% 
	 -0.2%   0.0%   0.0%   0.0%   0.0%   0.0%   0.0%   0.0%   0.0%   0.0% 	Avg.: -0.1% 
	  0.6%   0.1%   0.4%   0.0%   0.0%   0.0%   0.0%   0.0%   0.0%   0.0% 	Avg.:  0.4% 
	  0.9%   0.4%  -0.1%   0.3%   0.0%   0.0%   0.0%   0.0%   0.0%   0.0% 	Avg.:  0.4% 
	  0.0%   0.0%   0.0%   0.0%   0.0%   0.0%   0.0%   0.0%   0.0%   0.0% 	Avg.:  0.0% 
	  0.0%   0.0%   0.0%   0.0%   0.0%   0.0%   0.0%   0.0%   0.0%   0.0% 	Avg.:  0.0% 
	  0.0%   0.0%   0.0%   0.0%   0.0%   0.0%   0.0%   0.0%   0.0%   0.0% 	Avg.:  0.0% 
	  0.0%   0.0%   0.0%   0.0%   0.0%   0.0%   0.0%   0.0%   0.0%   0.0% 	Avg.:  0.0% 
	  0.0%   0.0%   0.0%   0.0%   0.0%   0.0%   0.0%   0.0%   0.0%   0.0% 	Avg.:  0.0% 
************************************************************************************************************
TAg Forg
	  0.0%   0.0%   0.0%   0.0%   0.0%   0.0%   0.0%   0.0%   0.0%   0.0% 
	  1.7%   0.0%   0.0%   0.0%   0.0%   0.0%   0.0%   0.0%   0.0%   0.0% 	Avg.:  1.7% 
	  4.0%   1.5%   0.0%   0.0%   0.0%   0.0%   0.0%   0.0%   0.0%   0.0% 	Avg.:  2.8% 
	  5.0%   2.8%   1.5%   0.0%   0.0%   0.0%   0.0%   0.0%   0.0%   0.0% 	Avg.:  3.1% 
	  6.6%   3.7%   2.3%   2.7%   0.0%   0.0%   0.0%   0.0%   0.0%   0.0% 	Avg.:  3.8% 
	  0.0%   0.0%   0.0%   0.0%   0.0%   0.0%   0.0%   0.0%   0.0%   0.0% 	Avg.:  0.0% 
	  0.0%   0.0%   0.0%   0.0%   0.0%   0.0%   0.0%   0.0%   0.0%   0.0% 	Avg.:  0.0% 
	  0.0%   0.0%   0.0%   0.0%   0.0%   0.0%   0.0%   0.0%   0.0%   0.0% 	Avg.:  0.0% 
	  0.0%   0.0%   0.0%   0.0%   0.0%   0.0%   0.0%   0.0%   0.0%   0.0% 	Avg.:  0.0% 
	  0.0%   0.0%   0.0%   0.0%   0.0%   0.0%   0.0%   0.0%   0.0%   0.0% 	Avg.:  0.0% 
************************************************************************************************************
[Elapsed time = 1.6 h]
Done!
