START_TASK=2 STOP_TASK=3
============================================================================================================
Arguments =
	approach: eeil
	batch_size: 64
	classes_first_task: None
	clipping: 10000
	crop: 224
	data_path: ../data/food101
	dataset: food101
	eval_on_train: False
	experiment_path: None
	fix_bn: False
	freeze_backbone: False
	gpu: 0
	gpus: [0]
	increment: 10
	last_layer_analysis: False
	log: ['disk']
	lr: 0.01
	lr_factor: None
	lr_min: 0.0001
	lr_patience: None
	lr_scheduler: cosine
	lr_warmup_epochs: 0
	momentum: 0.0
	multi_softmax: False
	nepochs: 70
	network: vit_small_patch16_224.augreg_in1k
	no_cudnn_deterministic: False
	normalize: in1k
	num_workers: 2
	optimizer_name: sgd
	pin_memory: False
	pretrained: True
	resize: 224
	results_path: ./results
	save_models: True
	seed: 0
	start_at_task: 2
	start_epoch: 0
	stop_at_task: 3
	stop_epoch: 0
	use_valid_only: False
	warmup_lr_factor: 1.0
	warmup_nepochs: 0
	weight_decay: 0.0
============================================================================================================
Approach arguments =
	T: 2
	lamb: 1.0
	lr_finetuning_factor: 0.01
	nepochs_finetuning: 40
	noise_grad: False
============================================================================================================
Exemplars arguments =
	exemplar_selection: random
	num_exemplars: 2000
============================================================================================================
WARNING: ./results/vit_small_patch16_224.augreg_in1k/food101/eeil/10 already exists!
Loaded acc_taw from: ./results/vit_small_patch16_224.augreg_in1k/food101/eeil/10/acc_taw-1.txt
Loaded acc_tag from: ./results/vit_small_patch16_224.augreg_in1k/food101/eeil/10/acc_tag-1.txt
Loaded forg_taw from: ./results/vit_small_patch16_224.augreg_in1k/food101/eeil/10/forg_taw-1.txt
Loaded forg_tag from: ./results/vit_small_patch16_224.augreg_in1k/food101/eeil/10/forg_tag-1.txt
Loaded 2000 exemplars from ./results/vit_small_patch16_224.augreg_in1k/food101/eeil/10/task1_exemplars.pth
************************************************************************************************************
Task  2  [epochs 0-70]
************************************************************************************************************
[params] total:21,677,214  trainable:21,677,214  tensors:156  trainable_tensors:156
| Epoch   1, time= 37.3s | Train: skip eval | Valid: time=  2.9s loss=0.685, TAw acc= 87.9% | * lr=1.0e-02
| Epoch   2, time= 39.1s | Train: skip eval | Valid: time=  2.9s loss=0.615, TAw acc= 88.9% | * lr=1.0e-02
| Epoch   3, time= 34.5s | Train: skip eval | Valid: time=  3.6s loss=0.625, TAw acc= 90.1% | lr=1.0e-02
| Epoch   4, time= 34.0s | Train: skip eval | Valid: time=  2.9s loss=0.659, TAw acc= 89.3% | lr=9.9e-03
| Epoch   5, time= 35.3s | Train: skip eval | Valid: time=  2.9s loss=0.604, TAw acc= 91.5% | * lr=9.9e-03
| Epoch   6, time= 35.6s | Train: skip eval | Valid: time=  2.9s loss=0.614, TAw acc= 89.6% | lr=9.8e-03
| Epoch   7, time= 36.9s | Train: skip eval | Valid: time=  2.9s loss=0.580, TAw acc= 91.3% | * lr=9.8e-03
| Epoch   8, time= 41.3s | Train: skip eval | Valid: time=  2.9s loss=0.582, TAw acc= 90.3% | lr=9.7e-03
| Epoch   9, time= 43.8s | Train: skip eval | Valid: time=  2.9s loss=0.600, TAw acc= 90.7% | lr=9.6e-03
| Epoch  10, time= 39.3s | Train: skip eval | Valid: time=  2.8s loss=0.573, TAw acc= 91.5% | * lr=9.5e-03
| Epoch  11, time= 34.3s | Train: skip eval | Valid: time=  2.8s loss=0.587, TAw acc= 91.2% | lr=9.4e-03
| Epoch  12, time= 39.9s | Train: skip eval | Valid: time=  3.8s loss=0.596, TAw acc= 90.3% | lr=9.3e-03
| Epoch  13, time= 34.3s | Train: skip eval | Valid: time=  3.1s loss=0.595, TAw acc= 91.1% | lr=9.2e-03
| Epoch  14, time= 33.0s | Train: skip eval | Valid: time=  3.0s loss=0.595, TAw acc= 91.2% | lr=9.1e-03
| Epoch  15, time= 37.4s | Train: skip eval | Valid: time=  4.2s loss=0.579, TAw acc= 91.3% | lr=8.9e-03
| Epoch  16, time= 35.2s | Train: skip eval | Valid: time=  3.0s loss=0.615, TAw acc= 90.4% | lr=8.8e-03
| Epoch  17, time= 39.7s | Train: skip eval | Valid: time=  3.2s loss=0.575, TAw acc= 91.5% | lr=8.6e-03
| Epoch  18, time= 36.0s | Train: skip eval | Valid: time=  2.9s loss=0.608, TAw acc= 90.7% | lr=8.5e-03
| Epoch  19, time= 38.5s | Train: skip eval | Valid: time=  3.8s loss=0.640, TAw acc= 90.4% | lr=8.3e-03
| Epoch  20, time= 45.4s | Train: skip eval | Valid: time=  3.3s loss=0.577, TAw acc= 91.2% | lr=8.1e-03
| Epoch  21, time= 35.7s | Train: skip eval | Valid: time=  3.1s loss=0.591, TAw acc= 90.8% | lr=8.0e-03
| Epoch  22, time= 35.9s | Train: skip eval | Valid: time=  3.0s loss=0.580, TAw acc= 91.1% | lr=7.8e-03
| Epoch  23, time= 34.7s | Train: skip eval | Valid: time=  3.3s loss=0.612, TAw acc= 90.7% | lr=7.6e-03
| Epoch  24, time= 36.3s | Train: skip eval | Valid: time=  3.1s loss=0.643, TAw acc= 90.4% | lr=7.4e-03
| Epoch  25, time= 37.6s | Train: skip eval | Valid: time=  3.0s loss=0.652, TAw acc= 89.5% | lr=7.2e-03
| Epoch  26, time= 37.7s | Train: skip eval | Valid: time=  2.9s loss=0.604, TAw acc= 91.3% | lr=7.0e-03
| Epoch  27, time= 37.1s | Train: skip eval | Valid: time=  3.0s loss=0.586, TAw acc= 91.9% | lr=6.8e-03
| Epoch  28, time= 32.7s | Train: skip eval | Valid: time=  3.0s loss=0.585, TAw acc= 91.9% | lr=6.6e-03
| Epoch  29, time= 35.1s | Train: skip eval | Valid: time=  3.0s loss=0.577, TAw acc= 92.0% | lr=6.4e-03
| Epoch  30, time= 38.0s | Train: skip eval | Valid: time=  2.9s loss=0.589, TAw acc= 91.1% | lr=6.2e-03
| Epoch  31, time= 37.6s | Train: skip eval | Valid: time=  3.3s loss=0.613, TAw acc= 90.9% | lr=5.9e-03
| Epoch  32, time= 35.4s | Train: skip eval | Valid: time=  3.0s loss=0.603, TAw acc= 91.5% | lr=5.7e-03
| Epoch  33, time= 34.7s | Train: skip eval | Valid: time=  2.8s loss=0.602, TAw acc= 90.7% | lr=5.5e-03
| Epoch  34, time= 36.3s | Train: skip eval | Valid: time=  3.3s loss=0.600, TAw acc= 90.7% | lr=5.3e-03
| Epoch  35, time= 37.2s | Train: skip eval | Valid: time=  3.5s loss=0.588, TAw acc= 91.2% | lr=5.1e-03
| Epoch  36, time= 38.2s | Train: skip eval | Valid: time=  3.7s loss=0.601, TAw acc= 92.1% | lr=4.8e-03
| Epoch  37, time= 37.1s | Train: skip eval | Valid: time=  2.9s loss=0.584, TAw acc= 91.3% | lr=4.6e-03
| Epoch  38, time= 41.6s | Train: skip eval | Valid: time=  3.0s loss=0.581, TAw acc= 91.1% | lr=4.4e-03
| Epoch  39, time= 43.1s | Train: skip eval | Valid: time=  2.9s loss=0.593, TAw acc= 91.6% | lr=4.2e-03
| Epoch  40, time= 35.6s | Train: skip eval | Valid: time=  3.7s loss=0.589, TAw acc= 91.7% | lr=3.9e-03
| Epoch  41, time= 33.8s | Train: skip eval | Valid: time=  3.1s loss=0.597, TAw acc= 91.1% | lr=3.7e-03
| Epoch  42, time= 38.4s | Train: skip eval | Valid: time=  3.3s loss=0.571, TAw acc= 91.5% | * lr=3.5e-03
| Epoch  43, time= 37.7s | Train: skip eval | Valid: time=  2.9s loss=0.585, TAw acc= 91.2% | lr=3.3e-03
| Epoch  44, time= 36.1s | Train: skip eval | Valid: time=  7.0s loss=0.588, TAw acc= 90.8% | lr=3.1e-03
| Epoch  45, time= 38.8s | Train: skip eval | Valid: time=  3.0s loss=0.579, TAw acc= 91.1% | lr=2.9e-03
| Epoch  46, time= 39.9s | Train: skip eval | Valid: time=  3.6s loss=0.564, TAw acc= 91.5% | * lr=2.7e-03
| Epoch  47, time= 36.5s | Train: skip eval | Valid: time=  3.1s loss=0.572, TAw acc= 91.6% | lr=2.5e-03
| Epoch  48, time= 38.0s | Train: skip eval | Valid: time=  2.8s loss=0.571, TAw acc= 92.1% | lr=2.3e-03
| Epoch  49, time= 41.9s | Train: skip eval | Valid: time=  2.9s loss=0.571, TAw acc= 91.3% | lr=2.1e-03
| Epoch  50, time= 36.9s | Train: skip eval | Valid: time=  2.9s loss=0.573, TAw acc= 91.7% | lr=2.0e-03
| Epoch  51, time= 34.0s | Train: skip eval | Valid: time=  2.9s loss=0.563, TAw acc= 91.9% | * lr=1.8e-03
| Epoch  52, time= 34.1s | Train: skip eval | Valid: time=  3.2s loss=0.573, TAw acc= 91.3% | lr=1.6e-03
| Epoch  53, time= 34.9s | Train: skip eval | Valid: time=  3.0s loss=0.591, TAw acc= 91.7% | lr=1.5e-03
| Epoch  54, time= 33.9s | Train: skip eval | Valid: time=  3.0s loss=0.580, TAw acc= 91.7% | lr=1.3e-03
| Epoch  55, time= 38.4s | Train: skip eval | Valid: time=  3.0s loss=0.588, TAw acc= 91.6% | lr=1.2e-03
| Epoch  56, time= 36.8s | Train: skip eval | Valid: time=  3.0s loss=0.582, TAw acc= 91.5% | lr=1.0e-03
| Epoch  57, time= 34.7s | Train: skip eval | Valid: time=  3.7s loss=0.577, TAw acc= 91.9% | lr=9.2e-04
| Epoch  58, time= 36.6s | Train: skip eval | Valid: time=  3.3s loss=0.577, TAw acc= 91.5% | lr=8.0e-04
| Epoch  59, time= 35.1s | Train: skip eval | Valid: time=  3.2s loss=0.577, TAw acc= 91.9% | lr=6.9e-04
| Epoch  60, time= 37.5s | Train: skip eval | Valid: time=  3.1s loss=0.575, TAw acc= 91.9% | lr=5.9e-04
| Epoch  61, time= 37.7s | Train: skip eval | Valid: time=  3.2s loss=0.574, TAw acc= 91.9% | lr=5.0e-04
| Epoch  62, time= 38.9s | Train: skip eval | Valid: time=  2.9s loss=0.568, TAw acc= 91.9% | lr=4.2e-04
| Epoch  63, time= 33.5s | Train: skip eval | Valid: time=  2.9s loss=0.573, TAw acc= 91.7% | lr=3.4e-04
| Epoch  64, time= 34.5s | Train: skip eval | Valid: time=  3.3s loss=0.572, TAw acc= 92.0% | lr=2.8e-04
| Epoch  65, time= 36.8s | Train: skip eval | Valid: time=  3.7s loss=0.570, TAw acc= 91.9% | lr=2.2e-04
| Epoch  66, time= 49.3s | Train: skip eval | Valid: time=  3.6s loss=0.569, TAw acc= 91.7% | lr=1.8e-04
| Epoch  67, time= 43.8s | Train: skip eval | Valid: time=  3.0s loss=0.568, TAw acc= 91.7% | lr=1.4e-04
| Epoch  68, time= 42.9s | Train: skip eval | Valid: time=  3.2s loss=0.568, TAw acc= 91.9% | lr=1.2e-04
| Epoch  69, time= 34.8s | Train: skip eval | Valid: time=  3.2s loss=0.569, TAw acc= 91.9% | lr=1.0e-04
| Epoch  70, time= 35.7s | Train: skip eval | Valid: time=  3.0s loss=0.569, TAw acc= 91.9% | lr=1.0e-04
[params] total:21,677,214  trainable:21,677,214  tensors:156  trainable_tensors:156
| Epoch   1, time= 17.4s | Train: skip eval | Valid: time=  3.8s loss=0.793, TAw acc= 91.9% | * lr=1.0e-04
| Epoch   2, time= 17.3s | Train: skip eval | Valid: time=  2.9s loss=0.792, TAw acc= 91.7% | * lr=1.0e-04
| Epoch   3, time= 16.3s | Train: skip eval | Valid: time=  3.0s loss=0.793, TAw acc= 91.7% | lr=1.0e-04
| Epoch   4, time= 15.7s | Train: skip eval | Valid: time=  3.0s loss=0.793, TAw acc= 91.7% | lr=1.0e-04
| Epoch   5, time= 16.7s | Train: skip eval | Valid: time=  3.4s loss=0.794, TAw acc= 91.7% | lr=1.0e-04
| Epoch   6, time= 15.2s | Train: skip eval | Valid: time=  3.4s loss=0.795, TAw acc= 91.7% | lr=1.0e-04
| Epoch   7, time= 15.6s | Train: skip eval | Valid: time=  3.2s loss=0.794, TAw acc= 91.7% | lr=1.0e-04
| Epoch   8, time= 14.7s | Train: skip eval | Valid: time=  2.9s loss=0.795, TAw acc= 91.7% | lr=1.0e-04
| Epoch   9, time= 15.3s | Train: skip eval | Valid: time=  3.5s loss=0.797, TAw acc= 91.7% | lr=1.0e-04
| Epoch  10, time= 15.4s | Train: skip eval | Valid: time=  3.8s loss=0.798, TAw acc= 91.7% | lr=1.0e-04
| Epoch  11, time= 18.1s | Train: skip eval | Valid: time=  3.3s loss=0.799, TAw acc= 91.7% | lr=1.0e-04
| Epoch  12, time= 16.3s | Train: skip eval | Valid: time=  2.8s loss=0.800, TAw acc= 91.7% | lr=1.0e-04
| Epoch  13, time= 17.1s | Train: skip eval | Valid: time=  3.1s loss=0.800, TAw acc= 91.7% | lr=1.0e-04
| Epoch  14, time= 15.7s | Train: skip eval | Valid: time=  3.2s loss=0.801, TAw acc= 91.7% | lr=1.0e-04
| Epoch  15, time= 17.2s | Train: skip eval | Valid: time=  3.3s loss=0.802, TAw acc= 91.7% | lr=1.0e-04
| Epoch  16, time= 17.6s | Train: skip eval | Valid: time=  3.1s loss=0.802, TAw acc= 91.7% | lr=1.0e-04
| Epoch  17, time= 16.7s | Train: skip eval | Valid: time=  3.7s loss=0.803, TAw acc= 91.7% | lr=1.0e-04
| Epoch  18, time= 16.2s | Train: skip eval | Valid: time=  2.9s loss=0.803, TAw acc= 91.7% | lr=1.0e-04
| Epoch  19, time= 18.0s | Train: skip eval | Valid: time=  3.0s loss=0.804, TAw acc= 91.7% | lr=1.0e-04
| Epoch  20, time= 18.3s | Train: skip eval | Valid: time=  3.2s loss=0.805, TAw acc= 91.9% | lr=1.0e-04
| Epoch  21, time= 15.9s | Train: skip eval | Valid: time=  3.1s loss=0.805, TAw acc= 91.9% | lr=1.0e-04
| Epoch  22, time= 18.8s | Train: skip eval | Valid: time=  3.3s loss=0.804, TAw acc= 91.9% | lr=1.0e-04
| Epoch  23, time= 16.8s | Train: skip eval | Valid: time=  2.9s loss=0.805, TAw acc= 91.9% | lr=1.0e-04
| Epoch  24, time= 16.1s | Train: skip eval | Valid: time=  2.9s loss=0.805, TAw acc= 91.9% | lr=1.0e-04
| Epoch  25, time= 15.3s | Train: skip eval | Valid: time=  3.5s loss=0.805, TAw acc= 91.9% | lr=1.0e-04
| Epoch  26, time= 17.3s | Train: skip eval | Valid: time=  2.9s loss=0.806, TAw acc= 91.9% | lr=1.0e-04
| Epoch  27, time= 15.9s | Train: skip eval | Valid: time=  3.0s loss=0.807, TAw acc= 91.9% | lr=1.0e-04
| Epoch  28, time= 19.2s | Train: skip eval | Valid: time=  3.1s loss=0.808, TAw acc= 91.9% | lr=1.0e-04
| Epoch  29, time= 18.8s | Train: skip eval | Valid: time=  3.0s loss=0.808, TAw acc= 91.9% | lr=1.0e-04
| Epoch  30, time= 18.5s | Train: skip eval | Valid: time=  3.0s loss=0.808, TAw acc= 91.9% | lr=1.0e-04
| Epoch  31, time= 15.0s | Train: skip eval | Valid: time=  3.3s loss=0.809, TAw acc= 92.0% | lr=1.0e-04
| Epoch  32, time= 15.2s | Train: skip eval | Valid: time=  3.2s loss=0.808, TAw acc= 92.1% | lr=1.0e-04
| Epoch  33, time= 16.6s | Train: skip eval | Valid: time=  3.0s loss=0.807, TAw acc= 92.1% | lr=1.0e-04
| Epoch  34, time= 16.5s | Train: skip eval | Valid: time=  2.9s loss=0.809, TAw acc= 92.0% | lr=1.0e-04
| Epoch  35, time= 18.2s | Train: skip eval | Valid: time=  3.3s loss=0.808, TAw acc= 92.0% | lr=1.0e-04
| Epoch  36, time= 17.8s | Train: skip eval | Valid: time=  3.0s loss=0.808, TAw acc= 92.1% | lr=1.0e-04
| Epoch  37, time= 19.2s | Train: skip eval | Valid: time=  2.9s loss=0.809, TAw acc= 91.9% | lr=1.0e-04
| Epoch  38, time= 15.7s | Train: skip eval | Valid: time=  3.1s loss=0.809, TAw acc= 92.0% | lr=1.0e-04
| Epoch  39, time= 16.1s | Train: skip eval | Valid: time=  3.1s loss=0.809, TAw acc= 92.0% | lr=1.0e-04
| Epoch  40, time= 15.6s | Train: skip eval | Valid: time=  3.0s loss=0.809, TAw acc= 92.0% | lr=1.0e-04
| Selected 2010 train exemplars, time=  2.8s
------------------------------------------------------------------------------------------------------------
>>> Test on task  0 : loss=0.617 | TAw acc= 94.9%, forg=  0.1% | TAg acc= 86.1%, forg=  8.9% <<<
>>> Test on task  1 : loss=0.676 | TAw acc= 97.4%, forg= -0.0% | TAg acc= 88.9%, forg=  7.8% <<<
>>> Test on task  2 : loss=0.634 | TAw acc= 96.1%, forg=  0.0% | TAg acc= 95.6%, forg=  0.0% <<<
Save at ./results/./results/vit_small_patch16_224.augreg_in1k/food101/eeil/10
************************************************************************************************************
TAw Acc
	 95.0%   0.0%   0.0%   0.0%   0.0%   0.0%   0.0%   0.0%   0.0%   0.0% 	Avg.: 95.0% 
	 95.0%  97.4%   0.0%   0.0%   0.0%   0.0%   0.0%   0.0%   0.0%   0.0% 	Avg.: 96.2% 
	 94.9%  97.4%  96.1%   0.0%   0.0%   0.0%   0.0%   0.0%   0.0%   0.0% 	Avg.: 96.1% 
	  0.0%   0.0%   0.0%   0.0%   0.0%   0.0%   0.0%   0.0%   0.0%   0.0% 	Avg.:  0.0% 
	  0.0%   0.0%   0.0%   0.0%   0.0%   0.0%   0.0%   0.0%   0.0%   0.0% 	Avg.:  0.0% 
	  0.0%   0.0%   0.0%   0.0%   0.0%   0.0%   0.0%   0.0%   0.0%   0.0% 	Avg.:  0.0% 
	  0.0%   0.0%   0.0%   0.0%   0.0%   0.0%   0.0%   0.0%   0.0%   0.0% 	Avg.:  0.0% 
	  0.0%   0.0%   0.0%   0.0%   0.0%   0.0%   0.0%   0.0%   0.0%   0.0% 	Avg.:  0.0% 
	  0.0%   0.0%   0.0%   0.0%   0.0%   0.0%   0.0%   0.0%   0.0%   0.0% 	Avg.:  0.0% 
	  0.0%   0.0%   0.0%   0.0%   0.0%   0.0%   0.0%   0.0%   0.0%   0.0% 	Avg.:  0.0% 
************************************************************************************************************
TAg Acc
	 95.0%   0.0%   0.0%   0.0%   0.0%   0.0%   0.0%   0.0%   0.0%   0.0% 	Avg.: 95.0% 
	 88.2%  96.8%   0.0%   0.0%   0.0%   0.0%   0.0%   0.0%   0.0%   0.0% 	Avg.: 92.5% 
	 86.1%  88.9%  95.6%   0.0%   0.0%   0.0%   0.0%   0.0%   0.0%   0.0% 	Avg.: 90.2% 
	  0.0%   0.0%   0.0%   0.0%   0.0%   0.0%   0.0%   0.0%   0.0%   0.0% 	Avg.:  0.0% 
	  0.0%   0.0%   0.0%   0.0%   0.0%   0.0%   0.0%   0.0%   0.0%   0.0% 	Avg.:  0.0% 
	  0.0%   0.0%   0.0%   0.0%   0.0%   0.0%   0.0%   0.0%   0.0%   0.0% 	Avg.:  0.0% 
	  0.0%   0.0%   0.0%   0.0%   0.0%   0.0%   0.0%   0.0%   0.0%   0.0% 	Avg.:  0.0% 
	  0.0%   0.0%   0.0%   0.0%   0.0%   0.0%   0.0%   0.0%   0.0%   0.0% 	Avg.:  0.0% 
	  0.0%   0.0%   0.0%   0.0%   0.0%   0.0%   0.0%   0.0%   0.0%   0.0% 	Avg.:  0.0% 
	  0.0%   0.0%   0.0%   0.0%   0.0%   0.0%   0.0%   0.0%   0.0%   0.0% 	Avg.:  0.0% 
************************************************************************************************************
TAw Forg
	  0.0%   0.0%   0.0%   0.0%   0.0%   0.0%   0.0%   0.0%   0.0%   0.0% 
	 -0.0%   0.0%   0.0%   0.0%   0.0%   0.0%   0.0%   0.0%   0.0%   0.0% 	Avg.: -0.0% 
	  0.1%  -0.0%   0.0%   0.0%   0.0%   0.0%   0.0%   0.0%   0.0%   0.0% 	Avg.:  0.0% 
	  0.0%   0.0%   0.0%   0.0%   0.0%   0.0%   0.0%   0.0%   0.0%   0.0% 	Avg.:  0.0% 
	  0.0%   0.0%   0.0%   0.0%   0.0%   0.0%   0.0%   0.0%   0.0%   0.0% 	Avg.:  0.0% 
	  0.0%   0.0%   0.0%   0.0%   0.0%   0.0%   0.0%   0.0%   0.0%   0.0% 	Avg.:  0.0% 
	  0.0%   0.0%   0.0%   0.0%   0.0%   0.0%   0.0%   0.0%   0.0%   0.0% 	Avg.:  0.0% 
	  0.0%   0.0%   0.0%   0.0%   0.0%   0.0%   0.0%   0.0%   0.0%   0.0% 	Avg.:  0.0% 
	  0.0%   0.0%   0.0%   0.0%   0.0%   0.0%   0.0%   0.0%   0.0%   0.0% 	Avg.:  0.0% 
	  0.0%   0.0%   0.0%   0.0%   0.0%   0.0%   0.0%   0.0%   0.0%   0.0% 	Avg.:  0.0% 
************************************************************************************************************
TAg Forg
	  0.0%   0.0%   0.0%   0.0%   0.0%   0.0%   0.0%   0.0%   0.0%   0.0% 
	  6.8%   0.0%   0.0%   0.0%   0.0%   0.0%   0.0%   0.0%   0.0%   0.0% 	Avg.:  6.8% 
	  8.9%   7.8%   0.0%   0.0%   0.0%   0.0%   0.0%   0.0%   0.0%   0.0% 	Avg.:  8.4% 
	  0.0%   0.0%   0.0%   0.0%   0.0%   0.0%   0.0%   0.0%   0.0%   0.0% 	Avg.:  0.0% 
	  0.0%   0.0%   0.0%   0.0%   0.0%   0.0%   0.0%   0.0%   0.0%   0.0% 	Avg.:  0.0% 
	  0.0%   0.0%   0.0%   0.0%   0.0%   0.0%   0.0%   0.0%   0.0%   0.0% 	Avg.:  0.0% 
	  0.0%   0.0%   0.0%   0.0%   0.0%   0.0%   0.0%   0.0%   0.0%   0.0% 	Avg.:  0.0% 
	  0.0%   0.0%   0.0%   0.0%   0.0%   0.0%   0.0%   0.0%   0.0%   0.0% 	Avg.:  0.0% 
	  0.0%   0.0%   0.0%   0.0%   0.0%   0.0%   0.0%   0.0%   0.0%   0.0% 	Avg.:  0.0% 
	  0.0%   0.0%   0.0%   0.0%   0.0%   0.0%   0.0%   0.0%   0.0%   0.0% 	Avg.:  0.0% 
************************************************************************************************************
[Elapsed time = 1.0 h]
Done!
