START_TASK=7 STOP_TASK=8
============================================================================================================
Arguments =
	approach: freezing
	batch_size: 64
	classes_first_task: None
	clipping: 10000
	crop: 224
	data_path: ../data/inat200
	dataset: inat200
	eval_on_train: False
	experiment_path: None
	fix_bn: True
	freeze_backbone: True
	gpu: 0
	gpus: [0]
	increment: 10
	last_layer_analysis: False
	log: ['disk']
	lr: 0.01
	lr_factor: None
	lr_min: 0.0001
	lr_patience: None
	lr_scheduler: cosine
	lr_warmup_epochs: 0
	momentum: 0.0
	multi_softmax: False
	nepochs: 90
	network: vit_small_patch16_224.augreg_in1k
	no_cudnn_deterministic: False
	normalize: in1k
	num_workers: 2
	optimizer_name: sgd
	pin_memory: False
	pretrained: True
	resize: 224
	results_path: ./results
	save_models: True
	seed: 0
	start_at_task: 7
	start_epoch: 0
	stop_at_task: 8
	stop_epoch: 0
	use_valid_only: False
	warmup_lr_factor: 1.0
	warmup_nepochs: 0
	weight_decay: 0.0
============================================================================================================
Approach arguments =
============================================================================================================
Exemplars arguments =
============================================================================================================
WARNING: ./results/vit_small_patch16_224.augreg_in1k/inat200/freezing/10 already exists!
Loaded acc_taw from: ./results/vit_small_patch16_224.augreg_in1k/inat200/freezing/10/acc_taw-6.txt
Loaded acc_tag from: ./results/vit_small_patch16_224.augreg_in1k/inat200/freezing/10/acc_tag-6.txt
Loaded forg_taw from: ./results/vit_small_patch16_224.augreg_in1k/inat200/freezing/10/forg_taw-6.txt
Loaded forg_tag from: ./results/vit_small_patch16_224.augreg_in1k/inat200/freezing/10/forg_tag-6.txt
************************************************************************************************************
Task  7  [epochs 0-90]
************************************************************************************************************
[DEBUG] trainable params -> backbone:0 heads:30800 total:30800
[params] total:21,696,464  trainable:30,800  tensors:166  trainable_tensors:16
| Epoch   1, time= 13.3s | Train: skip eval | Valid: time=  1.8s loss=0.513, TAw acc= 82.8% | * lr=1.0e-02
| Epoch   2, time= 13.2s | Train: skip eval | Valid: time=  1.7s loss=0.435, TAw acc= 84.8% | * lr=1.0e-02
| Epoch   3, time= 13.3s | Train: skip eval | Valid: time=  1.6s loss=0.373, TAw acc= 88.8% | * lr=1.0e-02
| Epoch   4, time= 14.3s | Train: skip eval | Valid: time=  1.4s loss=0.368, TAw acc= 87.5% | * lr=1.0e-02
| Epoch   5, time= 13.5s | Train: skip eval | Valid: time=  1.4s loss=0.348, TAw acc= 88.5% | * lr=9.9e-03
| Epoch   6, time= 13.5s | Train: skip eval | Valid: time=  1.4s loss=0.348, TAw acc= 87.5% | lr=9.9e-03
| Epoch   7, time= 14.0s | Train: skip eval | Valid: time=  1.5s loss=0.330, TAw acc= 88.0% | * lr=9.9e-03
| Epoch   8, time= 14.5s | Train: skip eval | Valid: time=  1.4s loss=0.334, TAw acc= 89.0% | lr=9.8e-03
| Epoch   9, time= 12.6s | Train: skip eval | Valid: time=  1.7s loss=0.331, TAw acc= 89.2% | lr=9.8e-03
| Epoch  10, time= 12.5s | Train: skip eval | Valid: time=  1.4s loss=0.328, TAw acc= 88.5% | * lr=9.7e-03
| Epoch  11, time= 12.5s | Train: skip eval | Valid: time=  1.4s loss=0.328, TAw acc= 89.2% | * lr=9.6e-03
| Epoch  12, time= 13.1s | Train: skip eval | Valid: time=  1.4s loss=0.334, TAw acc= 88.2% | lr=9.6e-03
| Epoch  13, time= 12.9s | Train: skip eval | Valid: time=  1.4s loss=0.325, TAw acc= 88.5% | * lr=9.5e-03
| Epoch  14, time= 13.2s | Train: skip eval | Valid: time=  1.4s loss=0.328, TAw acc= 89.2% | lr=9.4e-03
| Epoch  15, time= 14.6s | Train: skip eval | Valid: time=  1.4s loss=0.322, TAw acc= 89.0% | * lr=9.3e-03
| Epoch  16, time= 12.9s | Train: skip eval | Valid: time=  1.4s loss=0.328, TAw acc= 88.5% | lr=9.2e-03
| Epoch  17, time= 14.0s | Train: skip eval | Valid: time=  1.3s loss=0.324, TAw acc= 88.5% | lr=9.2e-03
| Epoch  18, time= 13.0s | Train: skip eval | Valid: time=  1.3s loss=0.325, TAw acc= 88.5% | lr=9.1e-03
| Epoch  19, time= 12.7s | Train: skip eval | Valid: time=  1.4s loss=0.316, TAw acc= 88.8% | * lr=9.0e-03
| Epoch  20, time= 13.9s | Train: skip eval | Valid: time=  1.4s loss=0.311, TAw acc= 89.5% | * lr=8.8e-03
| Epoch  21, time= 12.9s | Train: skip eval | Valid: time=  1.7s loss=0.314, TAw acc= 89.2% | lr=8.7e-03
| Epoch  22, time= 12.9s | Train: skip eval | Valid: time=  1.4s loss=0.314, TAw acc= 89.2% | lr=8.6e-03
| Epoch  23, time= 12.3s | Train: skip eval | Valid: time=  1.4s loss=0.321, TAw acc= 89.2% | lr=8.5e-03
| Epoch  24, time= 14.0s | Train: skip eval | Valid: time=  1.4s loss=0.311, TAw acc= 89.2% | lr=8.4e-03
| Epoch  25, time= 16.1s | Train: skip eval | Valid: time=  1.6s loss=0.317, TAw acc= 89.5% | lr=8.2e-03
| Epoch  26, time= 12.7s | Train: skip eval | Valid: time=  1.4s loss=0.314, TAw acc= 89.0% | lr=8.1e-03
| Epoch  27, time= 13.9s | Train: skip eval | Valid: time=  1.4s loss=0.321, TAw acc= 89.2% | lr=8.0e-03
| Epoch  28, time= 13.3s | Train: skip eval | Valid: time=  1.4s loss=0.318, TAw acc= 89.5% | lr=7.8e-03
| Epoch  29, time= 12.7s | Train: skip eval | Valid: time=  1.4s loss=0.316, TAw acc= 89.0% | lr=7.7e-03
| Epoch  30, time= 12.9s | Train: skip eval | Valid: time=  1.6s loss=0.321, TAw acc= 88.8% | lr=7.5e-03
| Epoch  31, time= 12.4s | Train: skip eval | Valid: time=  1.4s loss=0.321, TAw acc= 88.2% | lr=7.4e-03
| Epoch  32, time= 13.0s | Train: skip eval | Valid: time=  1.6s loss=0.317, TAw acc= 88.8% | lr=7.2e-03
| Epoch  33, time= 13.3s | Train: skip eval | Valid: time=  1.4s loss=0.319, TAw acc= 88.5% | lr=7.1e-03
| Epoch  34, time= 14.2s | Train: skip eval | Valid: time=  1.4s loss=0.322, TAw acc= 89.0% | lr=6.9e-03
| Epoch  35, time= 12.9s | Train: skip eval | Valid: time=  1.9s loss=0.323, TAw acc= 89.2% | lr=6.7e-03
| Epoch  36, time= 12.8s | Train: skip eval | Valid: time=  1.6s loss=0.325, TAw acc= 89.2% | lr=6.6e-03
| Epoch  37, time= 12.8s | Train: skip eval | Valid: time=  1.4s loss=0.320, TAw acc= 88.8% | lr=6.4e-03
| Epoch  38, time= 12.4s | Train: skip eval | Valid: time=  1.4s loss=0.319, TAw acc= 89.0% | lr=6.2e-03
| Epoch  39, time= 12.8s | Train: skip eval | Valid: time=  1.4s loss=0.318, TAw acc= 89.2% | lr=6.1e-03
| Epoch  40, time= 12.7s | Train: skip eval | Valid: time=  1.4s loss=0.322, TAw acc= 89.2% | lr=5.9e-03
| Epoch  41, time= 13.0s | Train: skip eval | Valid: time=  1.4s loss=0.320, TAw acc= 88.2% | lr=5.7e-03
| Epoch  42, time= 13.4s | Train: skip eval | Valid: time=  1.8s loss=0.318, TAw acc= 89.5% | lr=5.6e-03
| Epoch  43, time= 13.4s | Train: skip eval | Valid: time=  1.6s loss=0.321, TAw acc= 88.8% | lr=5.4e-03
| Epoch  44, time= 12.9s | Train: skip eval | Valid: time=  1.6s loss=0.319, TAw acc= 89.2% | lr=5.2e-03
| Epoch  45, time= 14.2s | Train: skip eval | Valid: time=  1.7s loss=0.319, TAw acc= 88.8% | lr=5.1e-03
| Epoch  46, time= 12.6s | Train: skip eval | Valid: time=  1.4s loss=0.320, TAw acc= 88.8% | lr=4.9e-03
| Epoch  47, time= 12.0s | Train: skip eval | Valid: time=  1.4s loss=0.318, TAw acc= 88.8% | lr=4.7e-03
| Epoch  48, time= 13.2s | Train: skip eval | Valid: time=  1.3s loss=0.319, TAw acc= 89.2% | lr=4.5e-03
| Epoch  49, time= 12.8s | Train: skip eval | Valid: time=  1.4s loss=0.325, TAw acc= 88.8% | lr=4.4e-03
| Epoch  50, time= 15.7s | Train: skip eval | Valid: time=  1.3s loss=0.325, TAw acc= 89.0% | lr=4.2e-03
| Epoch  51, time= 12.5s | Train: skip eval | Valid: time=  1.4s loss=0.319, TAw acc= 89.2% | lr=4.0e-03
| Epoch  52, time= 15.7s | Train: skip eval | Valid: time=  1.4s loss=0.319, TAw acc= 89.0% | lr=3.9e-03
| Epoch  53, time= 15.4s | Train: skip eval | Valid: time=  1.4s loss=0.320, TAw acc= 88.8% | lr=3.7e-03
| Epoch  54, time= 12.4s | Train: skip eval | Valid: time=  1.3s loss=0.319, TAw acc= 89.5% | lr=3.5e-03
| Epoch  55, time= 13.8s | Train: skip eval | Valid: time=  1.4s loss=0.320, TAw acc= 89.5% | lr=3.4e-03
| Epoch  56, time= 16.0s | Train: skip eval | Valid: time=  1.4s loss=0.319, TAw acc= 89.5% | lr=3.2e-03
| Epoch  57, time= 12.6s | Train: skip eval | Valid: time=  1.3s loss=0.318, TAw acc= 88.8% | lr=3.0e-03
| Epoch  58, time= 15.1s | Train: skip eval | Valid: time=  1.3s loss=0.318, TAw acc= 89.8% | lr=2.9e-03
| Epoch  59, time= 13.4s | Train: skip eval | Valid: time=  1.3s loss=0.316, TAw acc= 89.5% | lr=2.7e-03
| Epoch  60, time= 11.9s | Train: skip eval | Valid: time=  1.4s loss=0.317, TAw acc= 89.5% | lr=2.6e-03
| Epoch  61, time= 15.8s | Train: skip eval | Valid: time=  1.4s loss=0.316, TAw acc= 89.8% | lr=2.4e-03
| Epoch  62, time= 12.8s | Train: skip eval | Valid: time=  1.4s loss=0.319, TAw acc= 89.8% | lr=2.3e-03
| Epoch  63, time= 12.8s | Train: skip eval | Valid: time=  1.4s loss=0.319, TAw acc= 90.0% | lr=2.1e-03
| Epoch  64, time= 14.7s | Train: skip eval | Valid: time=  1.4s loss=0.319, TAw acc= 89.5% | lr=2.0e-03
| Epoch  65, time= 12.1s | Train: skip eval | Valid: time=  1.4s loss=0.319, TAw acc= 89.5% | lr=1.9e-03
| Epoch  66, time= 14.0s | Train: skip eval | Valid: time=  1.4s loss=0.318, TAw acc= 89.2% | lr=1.7e-03
| Epoch  67, time= 12.5s | Train: skip eval | Valid: time=  1.4s loss=0.318, TAw acc= 89.2% | lr=1.6e-03
| Epoch  68, time= 12.7s | Train: skip eval | Valid: time=  1.4s loss=0.319, TAw acc= 89.2% | lr=1.5e-03
| Epoch  69, time= 15.2s | Train: skip eval | Valid: time=  1.4s loss=0.317, TAw acc= 89.2% | lr=1.4e-03
| Epoch  70, time= 13.0s | Train: skip eval | Valid: time=  1.4s loss=0.317, TAw acc= 89.0% | lr=1.3e-03
| Epoch  71, time= 12.8s | Train: skip eval | Valid: time=  1.5s loss=0.318, TAw acc= 89.2% | lr=1.1e-03
| Epoch  72, time= 12.3s | Train: skip eval | Valid: time=  1.4s loss=0.318, TAw acc= 89.0% | lr=1.0e-03
| Epoch  73, time= 12.7s | Train: skip eval | Valid: time=  1.4s loss=0.319, TAw acc= 89.0% | lr=9.5e-04
| Epoch  74, time= 12.1s | Train: skip eval | Valid: time=  1.3s loss=0.319, TAw acc= 89.0% | lr=8.5e-04
| Epoch  75, time= 12.1s | Train: skip eval | Valid: time=  1.3s loss=0.319, TAw acc= 89.2% | lr=7.6e-04
| Epoch  76, time= 13.2s | Train: skip eval | Valid: time=  1.4s loss=0.319, TAw acc= 89.0% | lr=6.8e-04
| Epoch  77, time= 14.1s | Train: skip eval | Valid: time=  1.4s loss=0.320, TAw acc= 89.5% | lr=6.0e-04
| Epoch  78, time= 12.8s | Train: skip eval | Valid: time=  1.4s loss=0.319, TAw acc= 89.2% | lr=5.3e-04
| Epoch  79, time= 12.4s | Train: skip eval | Valid: time=  1.4s loss=0.319, TAw acc= 89.2% | lr=4.6e-04
| Epoch  80, time= 12.4s | Train: skip eval | Valid: time=  1.3s loss=0.319, TAw acc= 89.2% | lr=4.0e-04
| Epoch  81, time= 14.3s | Train: skip eval | Valid: time=  1.4s loss=0.319, TAw acc= 89.0% | lr=3.4e-04
| Epoch  82, time= 12.7s | Train: skip eval | Valid: time=  1.4s loss=0.320, TAw acc= 89.2% | lr=2.9e-04
| Epoch  83, time= 13.0s | Train: skip eval | Valid: time=  1.4s loss=0.320, TAw acc= 89.0% | lr=2.5e-04
| Epoch  84, time= 13.1s | Train: skip eval | Valid: time=  1.4s loss=0.320, TAw acc= 89.0% | lr=2.1e-04
| Epoch  85, time= 13.3s | Train: skip eval | Valid: time=  1.4s loss=0.320, TAw acc= 89.0% | lr=1.8e-04
| Epoch  86, time= 12.5s | Train: skip eval | Valid: time=  1.4s loss=0.319, TAw acc= 89.0% | lr=1.5e-04
| Epoch  87, time= 16.9s | Train: skip eval | Valid: time=  1.3s loss=0.320, TAw acc= 89.2% | lr=1.3e-04
| Epoch  88, time= 12.3s | Train: skip eval | Valid: time=  1.5s loss=0.319, TAw acc= 89.0% | lr=1.1e-04
| Epoch  89, time= 12.4s | Train: skip eval | Valid: time=  1.3s loss=0.319, TAw acc= 89.0% | lr=1.0e-04
| Epoch  90, time= 14.7s | Train: skip eval | Valid: time=  1.3s loss=0.319, TAw acc= 89.0% | lr=1.0e-04
------------------------------------------------------------------------------------------------------------
>>> Test on task  0 : loss=0.370 | TAw acc= 87.7%, forg=  0.0% | TAg acc= 51.5%, forg= 36.2% <<<
>>> Test on task  1 : loss=0.432 | TAw acc= 84.0%, forg=  0.0% | TAg acc= 50.6%, forg= 19.5% <<<
>>> Test on task  2 : loss=0.333 | TAw acc= 89.0%, forg=  0.0% | TAg acc= 50.4%, forg= 16.6% <<<
>>> Test on task  3 : loss=0.439 | TAw acc= 83.9%, forg=  0.0% | TAg acc= 49.5%, forg= 10.5% <<<
>>> Test on task  4 : loss=0.462 | TAw acc= 84.9%, forg=  0.0% | TAg acc= 45.3%, forg=  4.9% <<<
>>> Test on task  5 : loss=0.512 | TAw acc= 83.3%, forg=  0.0% | TAg acc= 49.2%, forg=  5.4% <<<
>>> Test on task  6 : loss=0.320 | TAw acc= 88.4%, forg=  0.0% | TAg acc= 64.3%, forg=  3.3% <<<
>>> Test on task  7 : loss=0.350 | TAw acc= 87.5%, forg=  0.0% | TAg acc= 48.9%, forg=  0.0% <<<
Save at ./results/./results/vit_small_patch16_224.augreg_in1k/inat200/freezing/10
************************************************************************************************************
TAw Acc
	 87.7%   0.0%   0.0%   0.0%   0.0%   0.0%   0.0%   0.0%   0.0%   0.0%   0.0%   0.0%   0.0%   0.0%   0.0%   0.0%   0.0%   0.0%   0.0%   0.0% 	Avg.: 87.7% 
	 87.7%  84.0%   0.0%   0.0%   0.0%   0.0%   0.0%   0.0%   0.0%   0.0%   0.0%   0.0%   0.0%   0.0%   0.0%   0.0%   0.0%   0.0%   0.0%   0.0% 	Avg.: 85.8% 
	 87.7%  84.0%  89.0%   0.0%   0.0%   0.0%   0.0%   0.0%   0.0%   0.0%   0.0%   0.0%   0.0%   0.0%   0.0%   0.0%   0.0%   0.0%   0.0%   0.0% 	Avg.: 86.9% 
	 87.7%  84.0%  89.0%  83.9%   0.0%   0.0%   0.0%   0.0%   0.0%   0.0%   0.0%   0.0%   0.0%   0.0%   0.0%   0.0%   0.0%   0.0%   0.0%   0.0% 	Avg.: 86.1% 
	 87.7%  84.0%  89.0%  83.9%  84.9%   0.0%   0.0%   0.0%   0.0%   0.0%   0.0%   0.0%   0.0%   0.0%   0.0%   0.0%   0.0%   0.0%   0.0%   0.0% 	Avg.: 85.9% 
	 87.7%  84.0%  89.0%  83.9%  84.9%  83.3%   0.0%   0.0%   0.0%   0.0%   0.0%   0.0%   0.0%   0.0%   0.0%   0.0%   0.0%   0.0%   0.0%   0.0% 	Avg.: 85.5% 
	 87.7%  84.0%  89.0%  83.9%  84.9%  83.3%  88.4%   0.0%   0.0%   0.0%   0.0%   0.0%   0.0%   0.0%   0.0%   0.0%   0.0%   0.0%   0.0%   0.0% 	Avg.: 85.9% 
	 87.7%  84.0%  89.0%  83.9%  84.9%  83.3%  88.4%  87.5%   0.0%   0.0%   0.0%   0.0%   0.0%   0.0%   0.0%   0.0%   0.0%   0.0%   0.0%   0.0% 	Avg.: 86.1% 
	  0.0%   0.0%   0.0%   0.0%   0.0%   0.0%   0.0%   0.0%   0.0%   0.0%   0.0%   0.0%   0.0%   0.0%   0.0%   0.0%   0.0%   0.0%   0.0%   0.0% 	Avg.:  0.0% 
	  0.0%   0.0%   0.0%   0.0%   0.0%   0.0%   0.0%   0.0%   0.0%   0.0%   0.0%   0.0%   0.0%   0.0%   0.0%   0.0%   0.0%   0.0%   0.0%   0.0% 	Avg.:  0.0% 
	  0.0%   0.0%   0.0%   0.0%   0.0%   0.0%   0.0%   0.0%   0.0%   0.0%   0.0%   0.0%   0.0%   0.0%   0.0%   0.0%   0.0%   0.0%   0.0%   0.0% 	Avg.:  0.0% 
	  0.0%   0.0%   0.0%   0.0%   0.0%   0.0%   0.0%   0.0%   0.0%   0.0%   0.0%   0.0%   0.0%   0.0%   0.0%   0.0%   0.0%   0.0%   0.0%   0.0% 	Avg.:  0.0% 
	  0.0%   0.0%   0.0%   0.0%   0.0%   0.0%   0.0%   0.0%   0.0%   0.0%   0.0%   0.0%   0.0%   0.0%   0.0%   0.0%   0.0%   0.0%   0.0%   0.0% 	Avg.:  0.0% 
	  0.0%   0.0%   0.0%   0.0%   0.0%   0.0%   0.0%   0.0%   0.0%   0.0%   0.0%   0.0%   0.0%   0.0%   0.0%   0.0%   0.0%   0.0%   0.0%   0.0% 	Avg.:  0.0% 
	  0.0%   0.0%   0.0%   0.0%   0.0%   0.0%   0.0%   0.0%   0.0%   0.0%   0.0%   0.0%   0.0%   0.0%   0.0%   0.0%   0.0%   0.0%   0.0%   0.0% 	Avg.:  0.0% 
	  0.0%   0.0%   0.0%   0.0%   0.0%   0.0%   0.0%   0.0%   0.0%   0.0%   0.0%   0.0%   0.0%   0.0%   0.0%   0.0%   0.0%   0.0%   0.0%   0.0% 	Avg.:  0.0% 
	  0.0%   0.0%   0.0%   0.0%   0.0%   0.0%   0.0%   0.0%   0.0%   0.0%   0.0%   0.0%   0.0%   0.0%   0.0%   0.0%   0.0%   0.0%   0.0%   0.0% 	Avg.:  0.0% 
	  0.0%   0.0%   0.0%   0.0%   0.0%   0.0%   0.0%   0.0%   0.0%   0.0%   0.0%   0.0%   0.0%   0.0%   0.0%   0.0%   0.0%   0.0%   0.0%   0.0% 	Avg.:  0.0% 
	  0.0%   0.0%   0.0%   0.0%   0.0%   0.0%   0.0%   0.0%   0.0%   0.0%   0.0%   0.0%   0.0%   0.0%   0.0%   0.0%   0.0%   0.0%   0.0%   0.0% 	Avg.:  0.0% 
	  0.0%   0.0%   0.0%   0.0%   0.0%   0.0%   0.0%   0.0%   0.0%   0.0%   0.0%   0.0%   0.0%   0.0%   0.0%   0.0%   0.0%   0.0%   0.0%   0.0% 	Avg.:  0.0% 
************************************************************************************************************
TAg Acc
	 87.7%   0.0%   0.0%   0.0%   0.0%   0.0%   0.0%   0.0%   0.0%   0.0%   0.0%   0.0%   0.0%   0.0%   0.0%   0.0%   0.0%   0.0%   0.0%   0.0% 	Avg.: 87.7% 
	 80.3%  70.1%   0.0%   0.0%   0.0%   0.0%   0.0%   0.0%   0.0%   0.0%   0.0%   0.0%   0.0%   0.0%   0.0%   0.0%   0.0%   0.0%   0.0%   0.0% 	Avg.: 75.2% 
	 72.7%  63.3%  67.0%   0.0%   0.0%   0.0%   0.0%   0.0%   0.0%   0.0%   0.0%   0.0%   0.0%   0.0%   0.0%   0.0%   0.0%   0.0%   0.0%   0.0% 	Avg.: 67.7% 
	 69.4%  58.0%  62.5%  60.0%   0.0%   0.0%   0.0%   0.0%   0.0%   0.0%   0.0%   0.0%   0.0%   0.0%   0.0%   0.0%   0.0%   0.0%   0.0%   0.0% 	Avg.: 62.5% 
	 67.1%  57.0%  60.8%  56.9%  50.2%   0.0%   0.0%   0.0%   0.0%   0.0%   0.0%   0.0%   0.0%   0.0%   0.0%   0.0%   0.0%   0.0%   0.0%   0.0% 	Avg.: 58.4% 
	 60.8%  54.4%  58.6%  51.5%  48.3%  54.6%   0.0%   0.0%   0.0%   0.0%   0.0%   0.0%   0.0%   0.0%   0.0%   0.0%   0.0%   0.0%   0.0%   0.0% 	Avg.: 54.7% 
	 52.8%  51.9%  52.4%  50.6%  47.6%  50.1%  67.6%   0.0%   0.0%   0.0%   0.0%   0.0%   0.0%   0.0%   0.0%   0.0%   0.0%   0.0%   0.0%   0.0% 	Avg.: 53.3% 
	 51.5%  50.6%  50.4%  49.5%  45.3%  49.2%  64.3%  48.9%   0.0%   0.0%   0.0%   0.0%   0.0%   0.0%   0.0%   0.0%   0.0%   0.0%   0.0%   0.0% 	Avg.: 51.2% 
	  0.0%   0.0%   0.0%   0.0%   0.0%   0.0%   0.0%   0.0%   0.0%   0.0%   0.0%   0.0%   0.0%   0.0%   0.0%   0.0%   0.0%   0.0%   0.0%   0.0% 	Avg.:  0.0% 
	  0.0%   0.0%   0.0%   0.0%   0.0%   0.0%   0.0%   0.0%   0.0%   0.0%   0.0%   0.0%   0.0%   0.0%   0.0%   0.0%   0.0%   0.0%   0.0%   0.0% 	Avg.:  0.0% 
	  0.0%   0.0%   0.0%   0.0%   0.0%   0.0%   0.0%   0.0%   0.0%   0.0%   0.0%   0.0%   0.0%   0.0%   0.0%   0.0%   0.0%   0.0%   0.0%   0.0% 	Avg.:  0.0% 
	  0.0%   0.0%   0.0%   0.0%   0.0%   0.0%   0.0%   0.0%   0.0%   0.0%   0.0%   0.0%   0.0%   0.0%   0.0%   0.0%   0.0%   0.0%   0.0%   0.0% 	Avg.:  0.0% 
	  0.0%   0.0%   0.0%   0.0%   0.0%   0.0%   0.0%   0.0%   0.0%   0.0%   0.0%   0.0%   0.0%   0.0%   0.0%   0.0%   0.0%   0.0%   0.0%   0.0% 	Avg.:  0.0% 
	  0.0%   0.0%   0.0%   0.0%   0.0%   0.0%   0.0%   0.0%   0.0%   0.0%   0.0%   0.0%   0.0%   0.0%   0.0%   0.0%   0.0%   0.0%   0.0%   0.0% 	Avg.:  0.0% 
	  0.0%   0.0%   0.0%   0.0%   0.0%   0.0%   0.0%   0.0%   0.0%   0.0%   0.0%   0.0%   0.0%   0.0%   0.0%   0.0%   0.0%   0.0%   0.0%   0.0% 	Avg.:  0.0% 
	  0.0%   0.0%   0.0%   0.0%   0.0%   0.0%   0.0%   0.0%   0.0%   0.0%   0.0%   0.0%   0.0%   0.0%   0.0%   0.0%   0.0%   0.0%   0.0%   0.0% 	Avg.:  0.0% 
	  0.0%   0.0%   0.0%   0.0%   0.0%   0.0%   0.0%   0.0%   0.0%   0.0%   0.0%   0.0%   0.0%   0.0%   0.0%   0.0%   0.0%   0.0%   0.0%   0.0% 	Avg.:  0.0% 
	  0.0%   0.0%   0.0%   0.0%   0.0%   0.0%   0.0%   0.0%   0.0%   0.0%   0.0%   0.0%   0.0%   0.0%   0.0%   0.0%   0.0%   0.0%   0.0%   0.0% 	Avg.:  0.0% 
	  0.0%   0.0%   0.0%   0.0%   0.0%   0.0%   0.0%   0.0%   0.0%   0.0%   0.0%   0.0%   0.0%   0.0%   0.0%   0.0%   0.0%   0.0%   0.0%   0.0% 	Avg.:  0.0% 
	  0.0%   0.0%   0.0%   0.0%   0.0%   0.0%   0.0%   0.0%   0.0%   0.0%   0.0%   0.0%   0.0%   0.0%   0.0%   0.0%   0.0%   0.0%   0.0%   0.0% 	Avg.:  0.0% 
************************************************************************************************************
TAw Forg
	  0.0%   0.0%   0.0%   0.0%   0.0%   0.0%   0.0%   0.0%   0.0%   0.0%   0.0%   0.0%   0.0%   0.0%   0.0%   0.0%   0.0%   0.0%   0.0%   0.0% 
	  0.0%   0.0%   0.0%   0.0%   0.0%   0.0%   0.0%   0.0%   0.0%   0.0%   0.0%   0.0%   0.0%   0.0%   0.0%   0.0%   0.0%   0.0%   0.0%   0.0% 	Avg.:  0.0% 
	  0.0%   0.0%   0.0%   0.0%   0.0%   0.0%   0.0%   0.0%   0.0%   0.0%   0.0%   0.0%   0.0%   0.0%   0.0%   0.0%   0.0%   0.0%   0.0%   0.0% 	Avg.:  0.0% 
	  0.0%   0.0%   0.0%   0.0%   0.0%   0.0%   0.0%   0.0%   0.0%   0.0%   0.0%   0.0%   0.0%   0.0%   0.0%   0.0%   0.0%   0.0%   0.0%   0.0% 	Avg.:  0.0% 
	  0.0%   0.0%   0.0%   0.0%   0.0%   0.0%   0.0%   0.0%   0.0%   0.0%   0.0%   0.0%   0.0%   0.0%   0.0%   0.0%   0.0%   0.0%   0.0%   0.0% 	Avg.:  0.0% 
	  0.0%   0.0%   0.0%   0.0%   0.0%   0.0%   0.0%   0.0%   0.0%   0.0%   0.0%   0.0%   0.0%   0.0%   0.0%   0.0%   0.0%   0.0%   0.0%   0.0% 	Avg.:  0.0% 
	  0.0%   0.0%   0.0%   0.0%   0.0%   0.0%   0.0%   0.0%   0.0%   0.0%   0.0%   0.0%   0.0%   0.0%   0.0%   0.0%   0.0%   0.0%   0.0%   0.0% 	Avg.:  0.0% 
	  0.0%   0.0%   0.0%   0.0%   0.0%   0.0%   0.0%   0.0%   0.0%   0.0%   0.0%   0.0%   0.0%   0.0%   0.0%   0.0%   0.0%   0.0%   0.0%   0.0% 	Avg.:  0.0% 
	  0.0%   0.0%   0.0%   0.0%   0.0%   0.0%   0.0%   0.0%   0.0%   0.0%   0.0%   0.0%   0.0%   0.0%   0.0%   0.0%   0.0%   0.0%   0.0%   0.0% 	Avg.:  0.0% 
	  0.0%   0.0%   0.0%   0.0%   0.0%   0.0%   0.0%   0.0%   0.0%   0.0%   0.0%   0.0%   0.0%   0.0%   0.0%   0.0%   0.0%   0.0%   0.0%   0.0% 	Avg.:  0.0% 
	  0.0%   0.0%   0.0%   0.0%   0.0%   0.0%   0.0%   0.0%   0.0%   0.0%   0.0%   0.0%   0.0%   0.0%   0.0%   0.0%   0.0%   0.0%   0.0%   0.0% 	Avg.:  0.0% 
	  0.0%   0.0%   0.0%   0.0%   0.0%   0.0%   0.0%   0.0%   0.0%   0.0%   0.0%   0.0%   0.0%   0.0%   0.0%   0.0%   0.0%   0.0%   0.0%   0.0% 	Avg.:  0.0% 
	  0.0%   0.0%   0.0%   0.0%   0.0%   0.0%   0.0%   0.0%   0.0%   0.0%   0.0%   0.0%   0.0%   0.0%   0.0%   0.0%   0.0%   0.0%   0.0%   0.0% 	Avg.:  0.0% 
	  0.0%   0.0%   0.0%   0.0%   0.0%   0.0%   0.0%   0.0%   0.0%   0.0%   0.0%   0.0%   0.0%   0.0%   0.0%   0.0%   0.0%   0.0%   0.0%   0.0% 	Avg.:  0.0% 
	  0.0%   0.0%   0.0%   0.0%   0.0%   0.0%   0.0%   0.0%   0.0%   0.0%   0.0%   0.0%   0.0%   0.0%   0.0%   0.0%   0.0%   0.0%   0.0%   0.0% 	Avg.:  0.0% 
	  0.0%   0.0%   0.0%   0.0%   0.0%   0.0%   0.0%   0.0%   0.0%   0.0%   0.0%   0.0%   0.0%   0.0%   0.0%   0.0%   0.0%   0.0%   0.0%   0.0% 	Avg.:  0.0% 
	  0.0%   0.0%   0.0%   0.0%   0.0%   0.0%   0.0%   0.0%   0.0%   0.0%   0.0%   0.0%   0.0%   0.0%   0.0%   0.0%   0.0%   0.0%   0.0%   0.0% 	Avg.:  0.0% 
	  0.0%   0.0%   0.0%   0.0%   0.0%   0.0%   0.0%   0.0%   0.0%   0.0%   0.0%   0.0%   0.0%   0.0%   0.0%   0.0%   0.0%   0.0%   0.0%   0.0% 	Avg.:  0.0% 
	  0.0%   0.0%   0.0%   0.0%   0.0%   0.0%   0.0%   0.0%   0.0%   0.0%   0.0%   0.0%   0.0%   0.0%   0.0%   0.0%   0.0%   0.0%   0.0%   0.0% 	Avg.:  0.0% 
	  0.0%   0.0%   0.0%   0.0%   0.0%   0.0%   0.0%   0.0%   0.0%   0.0%   0.0%   0.0%   0.0%   0.0%   0.0%   0.0%   0.0%   0.0%   0.0%   0.0% 	Avg.:  0.0% 
************************************************************************************************************
TAg Forg
	  0.0%   0.0%   0.0%   0.0%   0.0%   0.0%   0.0%   0.0%   0.0%   0.0%   0.0%   0.0%   0.0%   0.0%   0.0%   0.0%   0.0%   0.0%   0.0%   0.0% 
	  7.4%   0.0%   0.0%   0.0%   0.0%   0.0%   0.0%   0.0%   0.0%   0.0%   0.0%   0.0%   0.0%   0.0%   0.0%   0.0%   0.0%   0.0%   0.0%   0.0% 	Avg.:  7.4% 
	 15.0%   6.8%   0.0%   0.0%   0.0%   0.0%   0.0%   0.0%   0.0%   0.0%   0.0%   0.0%   0.0%   0.0%   0.0%   0.0%   0.0%   0.0%   0.0%   0.0% 	Avg.: 10.9% 
	 18.3%  12.1%   4.5%   0.0%   0.0%   0.0%   0.0%   0.0%   0.0%   0.0%   0.0%   0.0%   0.0%   0.0%   0.0%   0.0%   0.0%   0.0%   0.0%   0.0% 	Avg.: 11.6% 
	 20.6%  13.1%   6.2%   3.1%   0.0%   0.0%   0.0%   0.0%   0.0%   0.0%   0.0%   0.0%   0.0%   0.0%   0.0%   0.0%   0.0%   0.0%   0.0%   0.0% 	Avg.: 10.8% 
	 26.9%  15.7%   8.4%   8.5%   1.9%   0.0%   0.0%   0.0%   0.0%   0.0%   0.0%   0.0%   0.0%   0.0%   0.0%   0.0%   0.0%   0.0%   0.0%   0.0% 	Avg.: 12.3% 
	 34.9%  18.2%  14.6%   9.4%   2.6%   4.5%   0.0%   0.0%   0.0%   0.0%   0.0%   0.0%   0.0%   0.0%   0.0%   0.0%   0.0%   0.0%   0.0%   0.0% 	Avg.: 14.0% 
	 36.2%  19.5%  16.6%  10.5%   4.9%   5.4%   3.3%   0.0%   0.0%   0.0%   0.0%   0.0%   0.0%   0.0%   0.0%   0.0%   0.0%   0.0%   0.0%   0.0% 	Avg.: 13.8% 
	  0.0%   0.0%   0.0%   0.0%   0.0%   0.0%   0.0%   0.0%   0.0%   0.0%   0.0%   0.0%   0.0%   0.0%   0.0%   0.0%   0.0%   0.0%   0.0%   0.0% 	Avg.:  0.0% 
	  0.0%   0.0%   0.0%   0.0%   0.0%   0.0%   0.0%   0.0%   0.0%   0.0%   0.0%   0.0%   0.0%   0.0%   0.0%   0.0%   0.0%   0.0%   0.0%   0.0% 	Avg.:  0.0% 
	  0.0%   0.0%   0.0%   0.0%   0.0%   0.0%   0.0%   0.0%   0.0%   0.0%   0.0%   0.0%   0.0%   0.0%   0.0%   0.0%   0.0%   0.0%   0.0%   0.0% 	Avg.:  0.0% 
	  0.0%   0.0%   0.0%   0.0%   0.0%   0.0%   0.0%   0.0%   0.0%   0.0%   0.0%   0.0%   0.0%   0.0%   0.0%   0.0%   0.0%   0.0%   0.0%   0.0% 	Avg.:  0.0% 
	  0.0%   0.0%   0.0%   0.0%   0.0%   0.0%   0.0%   0.0%   0.0%   0.0%   0.0%   0.0%   0.0%   0.0%   0.0%   0.0%   0.0%   0.0%   0.0%   0.0% 	Avg.:  0.0% 
	  0.0%   0.0%   0.0%   0.0%   0.0%   0.0%   0.0%   0.0%   0.0%   0.0%   0.0%   0.0%   0.0%   0.0%   0.0%   0.0%   0.0%   0.0%   0.0%   0.0% 	Avg.:  0.0% 
	  0.0%   0.0%   0.0%   0.0%   0.0%   0.0%   0.0%   0.0%   0.0%   0.0%   0.0%   0.0%   0.0%   0.0%   0.0%   0.0%   0.0%   0.0%   0.0%   0.0% 	Avg.:  0.0% 
	  0.0%   0.0%   0.0%   0.0%   0.0%   0.0%   0.0%   0.0%   0.0%   0.0%   0.0%   0.0%   0.0%   0.0%   0.0%   0.0%   0.0%   0.0%   0.0%   0.0% 	Avg.:  0.0% 
	  0.0%   0.0%   0.0%   0.0%   0.0%   0.0%   0.0%   0.0%   0.0%   0.0%   0.0%   0.0%   0.0%   0.0%   0.0%   0.0%   0.0%   0.0%   0.0%   0.0% 	Avg.:  0.0% 
	  0.0%   0.0%   0.0%   0.0%   0.0%   0.0%   0.0%   0.0%   0.0%   0.0%   0.0%   0.0%   0.0%   0.0%   0.0%   0.0%   0.0%   0.0%   0.0%   0.0% 	Avg.:  0.0% 
	  0.0%   0.0%   0.0%   0.0%   0.0%   0.0%   0.0%   0.0%   0.0%   0.0%   0.0%   0.0%   0.0%   0.0%   0.0%   0.0%   0.0%   0.0%   0.0%   0.0% 	Avg.:  0.0% 
	  0.0%   0.0%   0.0%   0.0%   0.0%   0.0%   0.0%   0.0%   0.0%   0.0%   0.0%   0.0%   0.0%   0.0%   0.0%   0.0%   0.0%   0.0%   0.0%   0.0% 	Avg.:  0.0% 
************************************************************************************************************
[Elapsed time = 0.4 h]
Done!
