START_TASK=3 STOP_TASK=4
============================================================================================================
Arguments =
	approach: lucir
	batch_size: 64
	classes_first_task: None
	clipping: 10000
	crop: 224
	dataset: cifar100
	eval_on_train: False
	experiment_path: None
	fix_bn: False
	freeze_backbone: False
	gpu: 0
	gpus: [0]
	increment: 10
	last_layer_analysis: True
	log: ['disk']
	lr: 0.01
	lr_factor: None
	lr_min: 0.0001
	lr_patience: None
	lr_scheduler: cosine
	lr_warmup_epochs: 0
	momentum: 0.0
	multi_softmax: False
	nepochs: 50
	network: resnet50.a1_in1k
	no_cudnn_deterministic: False
	normalize: in1k
	num_workers: 2
	optimizer_name: sgd
	pin_memory: False
	pretrained: True
	resize: 224
	results_path: ./results
	save_models: True
	seed: 0
	start_at_task: 3
	start_epoch: 0
	stop_at_task: 4
	stop_epoch: 0
	use_valid_only: False
	warmup_lr_factor: 1.0
	warmup_nepochs: 0
	weight_decay: 0.0
============================================================================================================
Approach arguments =
	K: 2
	dist: 0.5
	lamb: 5.0
	lamb_mr: 1.0
============================================================================================================
Exemplars arguments =
	exemplar_selection: random
	num_exemplars: 2000
============================================================================================================
WARNING: ./results/resnet50.a1_in1k/cifar100/lucir/10 already exists!
Loaded acc_taw from: ./results/resnet50.a1_in1k/cifar100/lucir/10/acc_taw-2.txt
Loaded acc_tag from: ./results/resnet50.a1_in1k/cifar100/lucir/10/acc_tag-2.txt
Loaded forg_taw from: ./results/resnet50.a1_in1k/cifar100/lucir/10/forg_taw-2.txt
Loaded forg_tag from: ./results/resnet50.a1_in1k/cifar100/lucir/10/forg_tag-2.txt
Restored CosineLinear heads from ./results/resnet50.a1_in1k/cifar100/lucir/10/task2_cosine_heads.pth
Loaded 2010 exemplars from ./results/resnet50.a1_in1k/cifar100/lucir/10/task2_exemplars.pth
************************************************************************************************************
Task  3  [epochs 0-50]
************************************************************************************************************
[params] total:23,589,953  trainable:23,528,513  tensors:164  trainable_tensors:161
| Epoch   1, time= 13.1s | Train: skip eval | Valid: time=  0.9s loss=3.228, TAw acc= 64.6% | * lr=1.0e-02
| Epoch   2, time= 13.2s | Train: skip eval | Valid: time=  0.9s loss=2.707, TAw acc= 75.0% | * lr=1.0e-02
| Epoch   3, time= 13.2s | Train: skip eval | Valid: time=  0.9s loss=2.632, TAw acc= 75.8% | * lr=9.9e-03
| Epoch   4, time= 13.0s | Train: skip eval | Valid: time=  0.9s loss=2.324, TAw acc= 79.6% | * lr=9.8e-03
| Epoch   5, time= 13.0s | Train: skip eval | Valid: time=  0.9s loss=2.208, TAw acc= 80.0% | * lr=9.8e-03
| Epoch   6, time= 12.8s | Train: skip eval | Valid: time=  0.9s loss=2.133, TAw acc= 81.2% | * lr=9.7e-03
| Epoch   7, time= 12.8s | Train: skip eval | Valid: time=  0.9s loss=2.121, TAw acc= 80.4% | * lr=9.5e-03
| Epoch   8, time= 12.6s | Train: skip eval | Valid: time=  0.9s loss=1.961, TAw acc= 81.2% | * lr=9.4e-03
| Epoch   9, time= 12.7s | Train: skip eval | Valid: time=  0.9s loss=1.894, TAw acc= 80.6% | * lr=9.2e-03
| Epoch  10, time= 12.8s | Train: skip eval | Valid: time=  0.9s loss=2.048, TAw acc= 81.2% | lr=9.1e-03
| Epoch  11, time= 12.8s | Train: skip eval | Valid: time=  0.8s loss=1.901, TAw acc= 81.2% | lr=8.9e-03
| Epoch  12, time= 12.7s | Train: skip eval | Valid: time=  0.9s loss=1.813, TAw acc= 81.8% | * lr=8.7e-03
| Epoch  13, time= 13.3s | Train: skip eval | Valid: time=  0.9s loss=1.888, TAw acc= 81.8% | lr=8.4e-03
| Epoch  14, time= 13.0s | Train: skip eval | Valid: time=  0.9s loss=1.965, TAw acc= 84.0% | lr=8.2e-03
| Epoch  15, time= 13.2s | Train: skip eval | Valid: time=  0.9s loss=2.031, TAw acc= 81.8% | lr=8.0e-03
| Epoch  16, time= 13.4s | Train: skip eval | Valid: time=  0.8s loss=1.747, TAw acc= 82.6% | * lr=7.7e-03
| Epoch  17, time= 13.2s | Train: skip eval | Valid: time=  0.9s loss=1.675, TAw acc= 83.4% | * lr=7.4e-03
| Epoch  18, time= 13.3s | Train: skip eval | Valid: time=  0.9s loss=1.716, TAw acc= 82.4% | lr=7.2e-03
| Epoch  19, time= 13.2s | Train: skip eval | Valid: time=  0.9s loss=1.759, TAw acc= 83.4% | lr=6.9e-03
| Epoch  20, time= 13.3s | Train: skip eval | Valid: time=  0.9s loss=1.637, TAw acc= 83.2% | * lr=6.6e-03
| Epoch  21, time= 13.3s | Train: skip eval | Valid: time=  0.8s loss=1.795, TAw acc= 83.0% | lr=6.3e-03
| Epoch  22, time= 13.4s | Train: skip eval | Valid: time=  0.9s loss=1.717, TAw acc= 82.4% | lr=6.0e-03
| Epoch  23, time= 13.3s | Train: skip eval | Valid: time=  0.9s loss=1.700, TAw acc= 83.4% | lr=5.7e-03
| Epoch  24, time= 13.3s | Train: skip eval | Valid: time=  0.9s loss=1.559, TAw acc= 82.6% | * lr=5.4e-03
| Epoch  25, time= 13.0s | Train: skip eval | Valid: time=  0.9s loss=1.577, TAw acc= 83.0% | lr=5.1e-03
| Epoch  26, time= 13.3s | Train: skip eval | Valid: time=  0.9s loss=1.521, TAw acc= 84.2% | * lr=4.7e-03
| Epoch  27, time= 13.3s | Train: skip eval | Valid: time=  0.8s loss=1.586, TAw acc= 83.8% | lr=4.4e-03
| Epoch  28, time= 13.3s | Train: skip eval | Valid: time=  0.9s loss=1.528, TAw acc= 82.2% | lr=4.1e-03
| Epoch  29, time= 13.5s | Train: skip eval | Valid: time=  0.9s loss=1.547, TAw acc= 82.2% | lr=3.8e-03
| Epoch  30, time= 13.3s | Train: skip eval | Valid: time=  0.9s loss=1.507, TAw acc= 83.6% | * lr=3.5e-03
| Epoch  31, time= 13.3s | Train: skip eval | Valid: time=  0.9s loss=1.512, TAw acc= 84.2% | lr=3.2e-03
| Epoch  32, time= 13.4s | Train: skip eval | Valid: time=  0.9s loss=1.492, TAw acc= 82.8% | * lr=2.9e-03
| Epoch  33, time= 13.3s | Train: skip eval | Valid: time=  0.9s loss=1.485, TAw acc= 83.6% | * lr=2.7e-03
| Epoch  34, time= 13.3s | Train: skip eval | Valid: time=  0.9s loss=1.477, TAw acc= 83.2% | * lr=2.4e-03
| Epoch  35, time= 13.2s | Train: skip eval | Valid: time=  0.9s loss=1.500, TAw acc= 83.6% | lr=2.1e-03
| Epoch  36, time= 13.4s | Train: skip eval | Valid: time=  0.9s loss=1.486, TAw acc= 83.6% | lr=1.9e-03
| Epoch  37, time= 13.4s | Train: skip eval | Valid: time=  0.9s loss=1.478, TAw acc= 84.2% | lr=1.7e-03
| Epoch  38, time= 13.1s | Train: skip eval | Valid: time=  0.8s loss=1.474, TAw acc= 83.4% | * lr=1.4e-03
| Epoch  39, time= 13.4s | Train: skip eval | Valid: time=  0.9s loss=1.495, TAw acc= 83.4% | lr=1.2e-03
| Epoch  40, time= 12.6s | Train: skip eval | Valid: time=  0.9s loss=1.445, TAw acc= 83.4% | * lr=1.0e-03
| Epoch  41, time= 13.2s | Train: skip eval | Valid: time=  0.9s loss=1.446, TAw acc= 83.2% | lr=8.7e-04
| Epoch  42, time= 13.2s | Train: skip eval | Valid: time=  0.9s loss=1.429, TAw acc= 83.6% | * lr=7.1e-04
| Epoch  43, time= 13.2s | Train: skip eval | Valid: time=  0.9s loss=1.450, TAw acc= 84.2% | lr=5.7e-04
| Epoch  44, time= 13.3s | Train: skip eval | Valid: time=  0.9s loss=1.433, TAw acc= 83.0% | lr=4.5e-04
| Epoch  45, time= 12.7s | Train: skip eval | Valid: time=  0.9s loss=1.471, TAw acc= 83.8% | lr=3.4e-04
| Epoch  46, time= 12.6s | Train: skip eval | Valid: time=  0.9s loss=1.433, TAw acc= 84.2% | lr=2.6e-04
| Epoch  47, time= 12.8s | Train: skip eval | Valid: time=  0.9s loss=1.454, TAw acc= 84.4% | lr=1.9e-04
| Epoch  48, time= 12.8s | Train: skip eval | Valid: time=  0.9s loss=1.448, TAw acc= 84.2% | lr=1.4e-04
| Epoch  49, time= 13.3s | Train: skip eval | Valid: time=  0.9s loss=1.428, TAw acc= 83.2% | * lr=1.1e-04
| Epoch  50, time= 13.2s | Train: skip eval | Valid: time=  0.9s loss=1.441, TAw acc= 84.0% | lr=1.0e-04
| Selected 2000 train exemplars, time=  0.1s
------------------------------------------------------------------------------------------------------------
>>> Test on task  0 : loss=2.286 | TAw acc= 72.4%, forg= -1.9% | TAg acc= 40.9%, forg= 23.8% <<<
>>> Test on task  1 : loss=1.843 | TAw acc= 91.3%, forg= -1.4% | TAg acc= 54.5%, forg= 18.1% <<<
>>> Test on task  2 : loss=1.421 | TAw acc= 87.9%, forg= -1.3% | TAg acc= 73.2%, forg=  7.3% <<<
>>> Test on task  3 : loss=1.209 | TAw acc= 79.5%, forg=  0.0% | TAg acc= 74.1%, forg=  0.0% <<<
Save at ./results/./results/resnet50.a1_in1k/cifar100/lucir/10
************************************************************************************************************
TAw Acc
	 64.7%   0.0%   0.0%   0.0%   0.0%   0.0%   0.0%   0.0%   0.0%   0.0% 	Avg.: 64.7% 
	 69.4%  87.9%   0.0%   0.0%   0.0%   0.0%   0.0%   0.0%   0.0%   0.0% 	Avg.: 78.6% 
	 70.5%  89.9%  86.6%   0.0%   0.0%   0.0%   0.0%   0.0%   0.0%   0.0% 	Avg.: 82.3% 
	 72.4%  91.3%  87.9%  79.5%   0.0%   0.0%   0.0%   0.0%   0.0%   0.0% 	Avg.: 82.8% 
	  0.0%   0.0%   0.0%   0.0%   0.0%   0.0%   0.0%   0.0%   0.0%   0.0% 	Avg.:  0.0% 
	  0.0%   0.0%   0.0%   0.0%   0.0%   0.0%   0.0%   0.0%   0.0%   0.0% 	Avg.:  0.0% 
	  0.0%   0.0%   0.0%   0.0%   0.0%   0.0%   0.0%   0.0%   0.0%   0.0% 	Avg.:  0.0% 
	  0.0%   0.0%   0.0%   0.0%   0.0%   0.0%   0.0%   0.0%   0.0%   0.0% 	Avg.:  0.0% 
	  0.0%   0.0%   0.0%   0.0%   0.0%   0.0%   0.0%   0.0%   0.0%   0.0% 	Avg.:  0.0% 
	  0.0%   0.0%   0.0%   0.0%   0.0%   0.0%   0.0%   0.0%   0.0%   0.0% 	Avg.:  0.0% 
************************************************************************************************************
TAg Acc
	 64.7%   0.0%   0.0%   0.0%   0.0%   0.0%   0.0%   0.0%   0.0%   0.0% 	Avg.: 64.7% 
	 63.4%  72.6%   0.0%   0.0%   0.0%   0.0%   0.0%   0.0%   0.0%   0.0% 	Avg.: 68.0% 
	 43.7%  61.9%  80.5%   0.0%   0.0%   0.0%   0.0%   0.0%   0.0%   0.0% 	Avg.: 62.0% 
	 40.9%  54.5%  73.2%  74.1%   0.0%   0.0%   0.0%   0.0%   0.0%   0.0% 	Avg.: 60.7% 
	  0.0%   0.0%   0.0%   0.0%   0.0%   0.0%   0.0%   0.0%   0.0%   0.0% 	Avg.:  0.0% 
	  0.0%   0.0%   0.0%   0.0%   0.0%   0.0%   0.0%   0.0%   0.0%   0.0% 	Avg.:  0.0% 
	  0.0%   0.0%   0.0%   0.0%   0.0%   0.0%   0.0%   0.0%   0.0%   0.0% 	Avg.:  0.0% 
	  0.0%   0.0%   0.0%   0.0%   0.0%   0.0%   0.0%   0.0%   0.0%   0.0% 	Avg.:  0.0% 
	  0.0%   0.0%   0.0%   0.0%   0.0%   0.0%   0.0%   0.0%   0.0%   0.0% 	Avg.:  0.0% 
	  0.0%   0.0%   0.0%   0.0%   0.0%   0.0%   0.0%   0.0%   0.0%   0.0% 	Avg.:  0.0% 
************************************************************************************************************
TAw Forg
	  0.0%   0.0%   0.0%   0.0%   0.0%   0.0%   0.0%   0.0%   0.0%   0.0% 
	 -4.7%   0.0%   0.0%   0.0%   0.0%   0.0%   0.0%   0.0%   0.0%   0.0% 	Avg.: -4.7% 
	 -1.1%  -2.0%   0.0%   0.0%   0.0%   0.0%   0.0%   0.0%   0.0%   0.0% 	Avg.: -1.5% 
	 -1.9%  -1.4%  -1.3%   0.0%   0.0%   0.0%   0.0%   0.0%   0.0%   0.0% 	Avg.: -1.5% 
	  0.0%   0.0%   0.0%   0.0%   0.0%   0.0%   0.0%   0.0%   0.0%   0.0% 	Avg.:  0.0% 
	  0.0%   0.0%   0.0%   0.0%   0.0%   0.0%   0.0%   0.0%   0.0%   0.0% 	Avg.:  0.0% 
	  0.0%   0.0%   0.0%   0.0%   0.0%   0.0%   0.0%   0.0%   0.0%   0.0% 	Avg.:  0.0% 
	  0.0%   0.0%   0.0%   0.0%   0.0%   0.0%   0.0%   0.0%   0.0%   0.0% 	Avg.:  0.0% 
	  0.0%   0.0%   0.0%   0.0%   0.0%   0.0%   0.0%   0.0%   0.0%   0.0% 	Avg.:  0.0% 
	  0.0%   0.0%   0.0%   0.0%   0.0%   0.0%   0.0%   0.0%   0.0%   0.0% 	Avg.:  0.0% 
************************************************************************************************************
TAg Forg
	  0.0%   0.0%   0.0%   0.0%   0.0%   0.0%   0.0%   0.0%   0.0%   0.0% 
	  1.3%   0.0%   0.0%   0.0%   0.0%   0.0%   0.0%   0.0%   0.0%   0.0% 	Avg.:  1.3% 
	 21.0%  10.7%   0.0%   0.0%   0.0%   0.0%   0.0%   0.0%   0.0%   0.0% 	Avg.: 15.9% 
	 23.8%  18.1%   7.3%   0.0%   0.0%   0.0%   0.0%   0.0%   0.0%   0.0% 	Avg.: 16.4% 
	  0.0%   0.0%   0.0%   0.0%   0.0%   0.0%   0.0%   0.0%   0.0%   0.0% 	Avg.:  0.0% 
	  0.0%   0.0%   0.0%   0.0%   0.0%   0.0%   0.0%   0.0%   0.0%   0.0% 	Avg.:  0.0% 
	  0.0%   0.0%   0.0%   0.0%   0.0%   0.0%   0.0%   0.0%   0.0%   0.0% 	Avg.:  0.0% 
	  0.0%   0.0%   0.0%   0.0%   0.0%   0.0%   0.0%   0.0%   0.0%   0.0% 	Avg.:  0.0% 
	  0.0%   0.0%   0.0%   0.0%   0.0%   0.0%   0.0%   0.0%   0.0%   0.0% 	Avg.:  0.0% 
	  0.0%   0.0%   0.0%   0.0%   0.0%   0.0%   0.0%   0.0%   0.0%   0.0% 	Avg.:  0.0% 
************************************************************************************************************
[Elapsed time = 0.2 h]
Done!
