START_TASK=1 STOP_TASK=2
============================================================================================================
Arguments =
	approach: lucir
	batch_size: 64
	classes_first_task: None
	clipping: 10000
	crop: 224
	dataset: cifar100
	eval_on_train: False
	experiment_path: None
	fix_bn: False
	freeze_backbone: False
	gpu: 0
	gpus: [0]
	increment: 10
	last_layer_analysis: True
	log: ['disk']
	lr: 0.01
	lr_factor: None
	lr_min: 0.0001
	lr_patience: None
	lr_scheduler: cosine
	lr_warmup_epochs: 0
	momentum: 0.0
	multi_softmax: False
	nepochs: 50
	network: resnet50.a1_in1k
	no_cudnn_deterministic: False
	normalize: in1k
	num_workers: 2
	optimizer_name: sgd
	pin_memory: False
	pretrained: True
	resize: 224
	results_path: ./results
	save_models: True
	seed: 0
	start_at_task: 1
	start_epoch: 0
	stop_at_task: 2
	stop_epoch: 0
	use_valid_only: False
	warmup_lr_factor: 1.0
	warmup_nepochs: 0
	weight_decay: 0.0
============================================================================================================
Approach arguments =
	K: 2
	dist: 0.5
	lamb: 5.0
	lamb_mr: 1.0
============================================================================================================
Exemplars arguments =
	exemplar_selection: random
	num_exemplars: 2000
============================================================================================================
WARNING: ./results/resnet50.a1_in1k/cifar100/lucir/10 already exists!
Loaded acc_taw from: ./results/resnet50.a1_in1k/cifar100/lucir/10/acc_taw-0.txt
Loaded acc_tag from: ./results/resnet50.a1_in1k/cifar100/lucir/10/acc_tag-0.txt
Loaded forg_taw from: ./results/resnet50.a1_in1k/cifar100/lucir/10/forg_taw-0.txt
Loaded forg_tag from: ./results/resnet50.a1_in1k/cifar100/lucir/10/forg_tag-0.txt
Restored CosineLinear heads from ./results/resnet50.a1_in1k/cifar100/lucir/10/task0_cosine_heads.pth
Loaded 2000 exemplars from ./results/resnet50.a1_in1k/cifar100/lucir/10/task0_exemplars.pth
************************************************************************************************************
Task  1  [epochs 0-50]
************************************************************************************************************
[params] total:23,548,993  trainable:23,528,513  tensors:162  trainable_tensors:161
| Epoch   1, time= 13.5s | Train: skip eval | Valid: time=  0.8s loss=3.672, TAw acc= 45.4% | * lr=1.0e-02
| Epoch   2, time= 12.8s | Train: skip eval | Valid: time=  0.9s loss=3.575, TAw acc= 59.0% | * lr=1.0e-02
| Epoch   3, time= 12.8s | Train: skip eval | Valid: time=  0.8s loss=3.464, TAw acc= 64.8% | * lr=9.9e-03
| Epoch   4, time= 12.8s | Train: skip eval | Valid: time=  0.8s loss=3.461, TAw acc= 68.4% | * lr=9.8e-03
| Epoch   5, time= 12.8s | Train: skip eval | Valid: time=  0.9s loss=3.400, TAw acc= 74.4% | * lr=9.8e-03
| Epoch   6, time= 12.5s | Train: skip eval | Valid: time=  0.8s loss=3.370, TAw acc= 76.2% | * lr=9.7e-03
| Epoch   7, time= 12.8s | Train: skip eval | Valid: time=  0.9s loss=3.215, TAw acc= 78.2% | * lr=9.5e-03
| Epoch   8, time= 12.9s | Train: skip eval | Valid: time=  0.8s loss=3.148, TAw acc= 80.2% | * lr=9.4e-03
| Epoch   9, time= 12.6s | Train: skip eval | Valid: time=  0.8s loss=3.314, TAw acc= 78.8% | lr=9.2e-03
| Epoch  10, time= 12.6s | Train: skip eval | Valid: time=  0.8s loss=3.005, TAw acc= 81.0% | * lr=9.1e-03
| Epoch  11, time= 12.9s | Train: skip eval | Valid: time=  0.8s loss=3.002, TAw acc= 80.4% | * lr=8.9e-03
| Epoch  12, time= 12.9s | Train: skip eval | Valid: time=  0.8s loss=3.049, TAw acc= 81.8% | lr=8.7e-03
| Epoch  13, time= 13.0s | Train: skip eval | Valid: time=  0.8s loss=2.830, TAw acc= 82.6% | * lr=8.4e-03
| Epoch  14, time= 12.9s | Train: skip eval | Valid: time=  0.8s loss=2.703, TAw acc= 83.2% | * lr=8.2e-03
| Epoch  15, time= 12.7s | Train: skip eval | Valid: time=  0.8s loss=2.670, TAw acc= 84.4% | * lr=8.0e-03
| Epoch  16, time= 12.9s | Train: skip eval | Valid: time=  0.8s loss=2.528, TAw acc= 83.6% | * lr=7.7e-03
| Epoch  17, time= 12.9s | Train: skip eval | Valid: time=  0.8s loss=2.515, TAw acc= 84.8% | * lr=7.4e-03
| Epoch  18, time= 12.9s | Train: skip eval | Valid: time=  0.8s loss=2.564, TAw acc= 82.4% | lr=7.2e-03
| Epoch  19, time= 12.9s | Train: skip eval | Valid: time=  0.9s loss=2.508, TAw acc= 83.8% | * lr=6.9e-03
| Epoch  20, time= 12.9s | Train: skip eval | Valid: time=  0.8s loss=2.374, TAw acc= 84.4% | * lr=6.6e-03
| Epoch  21, time= 12.7s | Train: skip eval | Valid: time=  0.8s loss=2.346, TAw acc= 83.8% | * lr=6.3e-03
| Epoch  22, time= 12.9s | Train: skip eval | Valid: time=  0.8s loss=2.239, TAw acc= 86.0% | * lr=6.0e-03
| Epoch  23, time= 12.9s | Train: skip eval | Valid: time=  0.8s loss=2.194, TAw acc= 85.8% | * lr=5.7e-03
| Epoch  24, time= 12.9s | Train: skip eval | Valid: time=  0.8s loss=2.184, TAw acc= 85.0% | * lr=5.4e-03
| Epoch  25, time= 13.0s | Train: skip eval | Valid: time=  0.8s loss=2.207, TAw acc= 84.8% | lr=5.1e-03
| Epoch  26, time= 12.9s | Train: skip eval | Valid: time=  0.8s loss=2.148, TAw acc= 85.2% | * lr=4.7e-03
| Epoch  27, time= 12.6s | Train: skip eval | Valid: time=  0.8s loss=2.089, TAw acc= 84.2% | * lr=4.4e-03
| Epoch  28, time= 12.9s | Train: skip eval | Valid: time=  0.8s loss=2.113, TAw acc= 85.0% | lr=4.1e-03
| Epoch  29, time= 12.5s | Train: skip eval | Valid: time=  0.8s loss=2.044, TAw acc= 86.2% | * lr=3.8e-03
| Epoch  30, time= 12.6s | Train: skip eval | Valid: time=  0.8s loss=2.018, TAw acc= 86.0% | * lr=3.5e-03
| Epoch  31, time= 12.9s | Train: skip eval | Valid: time=  0.8s loss=2.025, TAw acc= 86.2% | lr=3.2e-03
| Epoch  32, time= 12.9s | Train: skip eval | Valid: time=  0.8s loss=1.984, TAw acc= 86.0% | * lr=2.9e-03
| Epoch  33, time= 12.9s | Train: skip eval | Valid: time=  0.8s loss=2.017, TAw acc= 86.4% | lr=2.7e-03
| Epoch  34, time= 12.9s | Train: skip eval | Valid: time=  0.8s loss=1.946, TAw acc= 85.4% | * lr=2.4e-03
| Epoch  35, time= 12.9s | Train: skip eval | Valid: time=  0.8s loss=1.937, TAw acc= 86.6% | * lr=2.1e-03
| Epoch  36, time= 12.9s | Train: skip eval | Valid: time=  0.8s loss=1.905, TAw acc= 85.0% | * lr=1.9e-03
| Epoch  37, time= 12.9s | Train: skip eval | Valid: time=  0.8s loss=1.892, TAw acc= 86.4% | * lr=1.7e-03
| Epoch  38, time= 12.9s | Train: skip eval | Valid: time=  0.8s loss=1.878, TAw acc= 86.4% | * lr=1.4e-03
| Epoch  39, time= 13.0s | Train: skip eval | Valid: time=  0.9s loss=1.883, TAw acc= 86.2% | lr=1.2e-03
| Epoch  40, time= 12.9s | Train: skip eval | Valid: time=  0.8s loss=1.907, TAw acc= 86.2% | lr=1.0e-03
| Epoch  41, time= 12.9s | Train: skip eval | Valid: time=  0.8s loss=1.859, TAw acc= 85.8% | * lr=8.7e-04
| Epoch  42, time= 12.8s | Train: skip eval | Valid: time=  0.8s loss=1.874, TAw acc= 86.8% | lr=7.1e-04
| Epoch  43, time= 12.9s | Train: skip eval | Valid: time=  0.8s loss=1.885, TAw acc= 85.8% | lr=5.7e-04
| Epoch  44, time= 12.9s | Train: skip eval | Valid: time=  0.8s loss=1.854, TAw acc= 86.2% | * lr=4.5e-04
| Epoch  45, time= 12.9s | Train: skip eval | Valid: time=  0.8s loss=1.857, TAw acc= 86.8% | lr=3.4e-04
| Epoch  46, time= 12.9s | Train: skip eval | Valid: time=  0.8s loss=1.841, TAw acc= 85.8% | * lr=2.6e-04
| Epoch  47, time= 12.9s | Train: skip eval | Valid: time=  0.8s loss=1.848, TAw acc= 86.6% | lr=1.9e-04
| Epoch  48, time= 12.8s | Train: skip eval | Valid: time=  0.8s loss=1.858, TAw acc= 86.6% | lr=1.4e-04
| Epoch  49, time= 12.6s | Train: skip eval | Valid: time=  0.8s loss=1.837, TAw acc= 86.2% | * lr=1.1e-04
| Epoch  50, time= 12.9s | Train: skip eval | Valid: time=  0.8s loss=1.857, TAw acc= 86.4% | lr=1.0e-04
| Selected 2000 train exemplars, time=  0.1s
------------------------------------------------------------------------------------------------------------
>>> Test on task  0 : loss=1.855 | TAw acc= 69.4%, forg= -4.7% | TAg acc= 63.4%, forg=  1.3% <<<
>>> Test on task  1 : loss=1.570 | TAw acc= 87.9%, forg=  0.0% | TAg acc= 72.6%, forg=  0.0% <<<
Save at ./results/./results/resnet50.a1_in1k/cifar100/lucir/10
************************************************************************************************************
TAw Acc
	 64.7%   0.0%   0.0%   0.0%   0.0%   0.0%   0.0%   0.0%   0.0%   0.0% 	Avg.: 64.7% 
	 69.4%  87.9%   0.0%   0.0%   0.0%   0.0%   0.0%   0.0%   0.0%   0.0% 	Avg.: 78.6% 
	  0.0%   0.0%   0.0%   0.0%   0.0%   0.0%   0.0%   0.0%   0.0%   0.0% 	Avg.:  0.0% 
	  0.0%   0.0%   0.0%   0.0%   0.0%   0.0%   0.0%   0.0%   0.0%   0.0% 	Avg.:  0.0% 
	  0.0%   0.0%   0.0%   0.0%   0.0%   0.0%   0.0%   0.0%   0.0%   0.0% 	Avg.:  0.0% 
	  0.0%   0.0%   0.0%   0.0%   0.0%   0.0%   0.0%   0.0%   0.0%   0.0% 	Avg.:  0.0% 
	  0.0%   0.0%   0.0%   0.0%   0.0%   0.0%   0.0%   0.0%   0.0%   0.0% 	Avg.:  0.0% 
	  0.0%   0.0%   0.0%   0.0%   0.0%   0.0%   0.0%   0.0%   0.0%   0.0% 	Avg.:  0.0% 
	  0.0%   0.0%   0.0%   0.0%   0.0%   0.0%   0.0%   0.0%   0.0%   0.0% 	Avg.:  0.0% 
	  0.0%   0.0%   0.0%   0.0%   0.0%   0.0%   0.0%   0.0%   0.0%   0.0% 	Avg.:  0.0% 
************************************************************************************************************
TAg Acc
	 64.7%   0.0%   0.0%   0.0%   0.0%   0.0%   0.0%   0.0%   0.0%   0.0% 	Avg.: 64.7% 
	 63.4%  72.6%   0.0%   0.0%   0.0%   0.0%   0.0%   0.0%   0.0%   0.0% 	Avg.: 68.0% 
	  0.0%   0.0%   0.0%   0.0%   0.0%   0.0%   0.0%   0.0%   0.0%   0.0% 	Avg.:  0.0% 
	  0.0%   0.0%   0.0%   0.0%   0.0%   0.0%   0.0%   0.0%   0.0%   0.0% 	Avg.:  0.0% 
	  0.0%   0.0%   0.0%   0.0%   0.0%   0.0%   0.0%   0.0%   0.0%   0.0% 	Avg.:  0.0% 
	  0.0%   0.0%   0.0%   0.0%   0.0%   0.0%   0.0%   0.0%   0.0%   0.0% 	Avg.:  0.0% 
	  0.0%   0.0%   0.0%   0.0%   0.0%   0.0%   0.0%   0.0%   0.0%   0.0% 	Avg.:  0.0% 
	  0.0%   0.0%   0.0%   0.0%   0.0%   0.0%   0.0%   0.0%   0.0%   0.0% 	Avg.:  0.0% 
	  0.0%   0.0%   0.0%   0.0%   0.0%   0.0%   0.0%   0.0%   0.0%   0.0% 	Avg.:  0.0% 
	  0.0%   0.0%   0.0%   0.0%   0.0%   0.0%   0.0%   0.0%   0.0%   0.0% 	Avg.:  0.0% 
************************************************************************************************************
TAw Forg
	  0.0%   0.0%   0.0%   0.0%   0.0%   0.0%   0.0%   0.0%   0.0%   0.0% 
	 -4.7%   0.0%   0.0%   0.0%   0.0%   0.0%   0.0%   0.0%   0.0%   0.0% 	Avg.: -4.7% 
	  0.0%   0.0%   0.0%   0.0%   0.0%   0.0%   0.0%   0.0%   0.0%   0.0% 	Avg.:  0.0% 
	  0.0%   0.0%   0.0%   0.0%   0.0%   0.0%   0.0%   0.0%   0.0%   0.0% 	Avg.:  0.0% 
	  0.0%   0.0%   0.0%   0.0%   0.0%   0.0%   0.0%   0.0%   0.0%   0.0% 	Avg.:  0.0% 
	  0.0%   0.0%   0.0%   0.0%   0.0%   0.0%   0.0%   0.0%   0.0%   0.0% 	Avg.:  0.0% 
	  0.0%   0.0%   0.0%   0.0%   0.0%   0.0%   0.0%   0.0%   0.0%   0.0% 	Avg.:  0.0% 
	  0.0%   0.0%   0.0%   0.0%   0.0%   0.0%   0.0%   0.0%   0.0%   0.0% 	Avg.:  0.0% 
	  0.0%   0.0%   0.0%   0.0%   0.0%   0.0%   0.0%   0.0%   0.0%   0.0% 	Avg.:  0.0% 
	  0.0%   0.0%   0.0%   0.0%   0.0%   0.0%   0.0%   0.0%   0.0%   0.0% 	Avg.:  0.0% 
************************************************************************************************************
TAg Forg
	  0.0%   0.0%   0.0%   0.0%   0.0%   0.0%   0.0%   0.0%   0.0%   0.0% 
	  1.3%   0.0%   0.0%   0.0%   0.0%   0.0%   0.0%   0.0%   0.0%   0.0% 	Avg.:  1.3% 
	  0.0%   0.0%   0.0%   0.0%   0.0%   0.0%   0.0%   0.0%   0.0%   0.0% 	Avg.:  0.0% 
	  0.0%   0.0%   0.0%   0.0%   0.0%   0.0%   0.0%   0.0%   0.0%   0.0% 	Avg.:  0.0% 
	  0.0%   0.0%   0.0%   0.0%   0.0%   0.0%   0.0%   0.0%   0.0%   0.0% 	Avg.:  0.0% 
	  0.0%   0.0%   0.0%   0.0%   0.0%   0.0%   0.0%   0.0%   0.0%   0.0% 	Avg.:  0.0% 
	  0.0%   0.0%   0.0%   0.0%   0.0%   0.0%   0.0%   0.0%   0.0%   0.0% 	Avg.:  0.0% 
	  0.0%   0.0%   0.0%   0.0%   0.0%   0.0%   0.0%   0.0%   0.0%   0.0% 	Avg.:  0.0% 
	  0.0%   0.0%   0.0%   0.0%   0.0%   0.0%   0.0%   0.0%   0.0%   0.0% 	Avg.:  0.0% 
	  0.0%   0.0%   0.0%   0.0%   0.0%   0.0%   0.0%   0.0%   0.0%   0.0% 	Avg.:  0.0% 
************************************************************************************************************
[Elapsed time = 0.2 h]
Done!
