START_TASK=2 STOP_TASK=3
============================================================================================================
Arguments =
	all_outputs: False
	approach: ewc
	batch_size: 64
	classes_first_task: None
	clipping: 10000
	crop: 224
	data_path: ../data/food101
	dataset: food101
	eval_on_train: False
	experiment_path: None
	fix_bn: False
	freeze_backbone: False
	gpu: 0
	gpus: [0]
	increment: 10
	last_layer_analysis: True
	log: ['disk']
	lr: 0.01
	lr_factor: None
	lr_min: 0.0001
	lr_patience: None
	lr_scheduler: cosine
	lr_warmup_epochs: 0
	momentum: 0.0
	multi_softmax: False
	nepochs: 70
	network: vit_base_patch16_224.orig_in21k
	no_cudnn_deterministic: False
	normalize: in21k
	num_workers: 2
	optimizer_name: sgd
	pin_memory: False
	pretrained: True
	resize: 224
	results_path: ./results
	save_models: True
	seed: 0
	start_at_task: 2
	start_epoch: 0
	stop_at_task: 3
	stop_epoch: 0
	use_valid_only: False
	warmup_lr_factor: 1.0
	warmup_nepochs: 0
	weight_decay: 0.0
============================================================================================================
Approach arguments =
	alpha: -1
	fi_num_samples: -1
	fi_sampling_type: true
	lamb: 5000
============================================================================================================
Exemplars arguments =
============================================================================================================
WARNING: ./results/vit_base_patch16_224.orig_in21k/food101/ewc/10 already exists!
Loaded acc_taw from: ./results/vit_base_patch16_224.orig_in21k/food101/ewc/10/acc_taw-1.txt
Loaded acc_tag from: ./results/vit_base_patch16_224.orig_in21k/food101/ewc/10/acc_tag-1.txt
Loaded forg_taw from: ./results/vit_base_patch16_224.orig_in21k/food101/ewc/10/forg_taw-1.txt
Loaded forg_tag from: ./results/vit_base_patch16_224.orig_in21k/food101/ewc/10/forg_tag-1.txt
Fisher: 150 layers | older_params: 150 layers loaded
************************************************************************************************************
Task  2  [epochs 0-70]
************************************************************************************************************
[params] total:85,821,726  trainable:85,821,726  tensors:156  trainable_tensors:156
| Epoch   1, time= 51.6s | Train: skip eval | Valid: time=  3.2s loss=1.014, TAw acc= 85.9% | * lr=1.0e-02
| Epoch   2, time= 51.0s | Train: skip eval | Valid: time=  3.2s loss=0.564, TAw acc= 89.9% | * lr=1.0e-02
| Epoch   3, time= 51.2s | Train: skip eval | Valid: time=  3.4s loss=0.374, TAw acc= 91.9% | * lr=1.0e-02
| Epoch   4, time= 51.6s | Train: skip eval | Valid: time=  3.3s loss=0.297, TAw acc= 92.8% | * lr=9.9e-03
| Epoch   5, time= 51.5s | Train: skip eval | Valid: time=  3.2s loss=0.274, TAw acc= 92.9% | * lr=9.9e-03
| Epoch   6, time= 51.6s | Train: skip eval | Valid: time=  3.1s loss=0.240, TAw acc= 93.3% | * lr=9.8e-03
| Epoch   7, time= 51.9s | Train: skip eval | Valid: time=  3.0s loss=0.223, TAw acc= 94.3% | * lr=9.8e-03
| Epoch   8, time= 51.8s | Train: skip eval | Valid: time=  3.4s loss=0.222, TAw acc= 94.3% | * lr=9.7e-03
| Epoch   9, time= 51.9s | Train: skip eval | Valid: time=  3.4s loss=0.210, TAw acc= 93.7% | * lr=9.6e-03
| Epoch  10, time= 51.7s | Train: skip eval | Valid: time=  2.9s loss=0.206, TAw acc= 94.0% | * lr=9.5e-03
| Epoch  11, time= 51.7s | Train: skip eval | Valid: time=  3.0s loss=0.196, TAw acc= 94.8% | * lr=9.4e-03
| Epoch  12, time= 51.8s | Train: skip eval | Valid: time=  3.2s loss=0.200, TAw acc= 93.7% | lr=9.3e-03
| Epoch  13, time= 51.6s | Train: skip eval | Valid: time=  3.4s loss=0.193, TAw acc= 94.7% | * lr=9.2e-03
| Epoch  14, time= 51.6s | Train: skip eval | Valid: time=  3.4s loss=0.177, TAw acc= 95.2% | * lr=9.1e-03
| Epoch  15, time= 51.8s | Train: skip eval | Valid: time=  3.0s loss=0.192, TAw acc= 94.5% | lr=8.9e-03
| Epoch  16, time= 51.6s | Train: skip eval | Valid: time=  3.4s loss=0.179, TAw acc= 94.8% | lr=8.8e-03
| Epoch  17, time= 51.7s | Train: skip eval | Valid: time=  3.1s loss=0.184, TAw acc= 95.2% | lr=8.6e-03
| Epoch  18, time= 51.8s | Train: skip eval | Valid: time=  3.3s loss=0.171, TAw acc= 95.1% | * lr=8.5e-03
| Epoch  19, time= 51.8s | Train: skip eval | Valid: time=  3.0s loss=0.177, TAw acc= 94.7% | lr=8.3e-03
| Epoch  20, time= 51.6s | Train: skip eval | Valid: time=  2.8s loss=0.182, TAw acc= 94.4% | lr=8.1e-03
| Epoch  21, time= 51.6s | Train: skip eval | Valid: time=  3.6s loss=0.167, TAw acc= 95.2% | * lr=8.0e-03
| Epoch  22, time= 51.8s | Train: skip eval | Valid: time=  2.8s loss=0.168, TAw acc= 95.3% | lr=7.8e-03
| Epoch  23, time= 52.1s | Train: skip eval | Valid: time=  3.6s loss=0.171, TAw acc= 95.6% | lr=7.6e-03
| Epoch  24, time= 51.9s | Train: skip eval | Valid: time=  3.4s loss=0.177, TAw acc= 94.9% | lr=7.4e-03
| Epoch  25, time= 51.4s | Train: skip eval | Valid: time=  3.8s loss=0.167, TAw acc= 95.6% | lr=7.2e-03
| Epoch  26, time= 51.4s | Train: skip eval | Valid: time=  3.1s loss=0.165, TAw acc= 94.8% | * lr=7.0e-03
| Epoch  27, time= 51.5s | Train: skip eval | Valid: time=  3.3s loss=0.162, TAw acc= 95.6% | * lr=6.8e-03
| Epoch  28, time= 51.6s | Train: skip eval | Valid: time=  3.4s loss=0.164, TAw acc= 96.0% | lr=6.6e-03
| Epoch  29, time= 51.4s | Train: skip eval | Valid: time=  3.0s loss=0.161, TAw acc= 96.1% | * lr=6.4e-03
| Epoch  30, time= 51.7s | Train: skip eval | Valid: time=  3.0s loss=0.167, TAw acc= 95.5% | lr=6.2e-03
| Epoch  31, time= 51.4s | Train: skip eval | Valid: time=  3.7s loss=0.160, TAw acc= 96.0% | * lr=5.9e-03
| Epoch  32, time= 51.4s | Train: skip eval | Valid: time=  3.0s loss=0.162, TAw acc= 95.6% | lr=5.7e-03
| Epoch  33, time= 51.3s | Train: skip eval | Valid: time=  3.1s loss=0.165, TAw acc= 95.2% | lr=5.5e-03
| Epoch  34, time= 51.4s | Train: skip eval | Valid: time=  3.6s loss=0.158, TAw acc= 95.9% | * lr=5.3e-03
| Epoch  35, time= 51.5s | Train: skip eval | Valid: time=  3.6s loss=0.156, TAw acc= 95.7% | * lr=5.1e-03
| Epoch  36, time= 51.2s | Train: skip eval | Valid: time=  3.3s loss=0.167, TAw acc= 95.3% | lr=4.8e-03
| Epoch  37, time= 51.4s | Train: skip eval | Valid: time=  3.0s loss=0.160, TAw acc= 95.1% | lr=4.6e-03
| Epoch  38, time= 51.8s | Train: skip eval | Valid: time=  3.5s loss=0.157, TAw acc= 95.7% | lr=4.4e-03
| Epoch  39, time= 51.6s | Train: skip eval | Valid: time=  3.0s loss=0.158, TAw acc= 95.6% | lr=4.2e-03
| Epoch  40, time= 51.6s | Train: skip eval | Valid: time=  3.2s loss=0.151, TAw acc= 96.3% | * lr=3.9e-03
| Epoch  41, time= 52.0s | Train: skip eval | Valid: time=  3.4s loss=0.163, TAw acc= 95.6% | lr=3.7e-03
| Epoch  42, time= 51.5s | Train: skip eval | Valid: time=  3.0s loss=0.155, TAw acc= 95.9% | lr=3.5e-03
| Epoch  43, time= 51.7s | Train: skip eval | Valid: time=  3.5s loss=0.149, TAw acc= 96.1% | * lr=3.3e-03
| Epoch  44, time= 51.5s | Train: skip eval | Valid: time=  3.3s loss=0.157, TAw acc= 95.3% | lr=3.1e-03
| Epoch  45, time= 51.8s | Train: skip eval | Valid: time=  3.1s loss=0.154, TAw acc= 95.5% | lr=2.9e-03
| Epoch  46, time= 51.3s | Train: skip eval | Valid: time=  3.0s loss=0.156, TAw acc= 95.7% | lr=2.7e-03
| Epoch  47, time= 51.5s | Train: skip eval | Valid: time=  3.2s loss=0.156, TAw acc= 95.5% | lr=2.5e-03
| Epoch  48, time= 51.6s | Train: skip eval | Valid: time=  3.1s loss=0.153, TAw acc= 96.1% | lr=2.3e-03
| Epoch  49, time= 51.5s | Train: skip eval | Valid: time=  3.3s loss=0.150, TAw acc= 95.9% | lr=2.1e-03
| Epoch  50, time= 51.6s | Train: skip eval | Valid: time=  3.5s loss=0.148, TAw acc= 95.9% | * lr=2.0e-03
| Epoch  51, time= 51.6s | Train: skip eval | Valid: time=  3.2s loss=0.163, TAw acc= 95.6% | lr=1.8e-03
| Epoch  52, time= 51.9s | Train: skip eval | Valid: time=  3.0s loss=0.150, TAw acc= 95.9% | lr=1.6e-03
| Epoch  53, time= 51.9s | Train: skip eval | Valid: time=  3.0s loss=0.152, TAw acc= 96.0% | lr=1.5e-03
| Epoch  54, time= 51.6s | Train: skip eval | Valid: time=  3.1s loss=0.151, TAw acc= 95.9% | lr=1.3e-03
| Epoch  55, time= 51.6s | Train: skip eval | Valid: time=  3.0s loss=0.152, TAw acc= 96.0% | lr=1.2e-03
| Epoch  56, time= 51.7s | Train: skip eval | Valid: time=  3.1s loss=0.153, TAw acc= 96.4% | lr=1.0e-03
| Epoch  57, time= 51.9s | Train: skip eval | Valid: time=  2.8s loss=0.149, TAw acc= 96.3% | lr=9.2e-04
| Epoch  58, time= 51.9s | Train: skip eval | Valid: time=  2.9s loss=0.150, TAw acc= 96.0% | lr=8.0e-04
| Epoch  59, time= 51.8s | Train: skip eval | Valid: time=  2.9s loss=0.150, TAw acc= 96.4% | lr=6.9e-04
| Epoch  60, time= 51.9s | Train: skip eval | Valid: time=  3.1s loss=0.149, TAw acc= 96.3% | lr=5.9e-04
| Epoch  61, time= 51.7s | Train: skip eval | Valid: time=  3.0s loss=0.149, TAw acc= 96.4% | lr=5.0e-04
| Epoch  62, time= 51.8s | Train: skip eval | Valid: time=  3.6s loss=0.148, TAw acc= 96.4% | lr=4.2e-04
| Epoch  63, time= 51.7s | Train: skip eval | Valid: time=  2.9s loss=0.150, TAw acc= 96.4% | lr=3.4e-04
| Epoch  64, time= 51.7s | Train: skip eval | Valid: time=  3.1s loss=0.150, TAw acc= 96.4% | lr=2.8e-04
| Epoch  65, time= 51.4s | Train: skip eval | Valid: time=  3.0s loss=0.151, TAw acc= 96.3% | lr=2.2e-04
| Epoch  66, time= 51.7s | Train: skip eval | Valid: time=  2.9s loss=0.150, TAw acc= 96.3% | lr=1.8e-04
| Epoch  67, time= 51.6s | Train: skip eval | Valid: time=  3.1s loss=0.150, TAw acc= 96.3% | lr=1.4e-04
| Epoch  68, time= 51.7s | Train: skip eval | Valid: time=  3.0s loss=0.150, TAw acc= 96.3% | lr=1.2e-04
| Epoch  69, time= 52.1s | Train: skip eval | Valid: time=  3.1s loss=0.150, TAw acc= 96.3% | lr=1.0e-04
| Epoch  70, time= 51.7s | Train: skip eval | Valid: time=  3.0s loss=0.150, TAw acc= 96.3% | lr=1.0e-04
------------------------------------------------------------------------------------------------------------
>>> Test on task  0 : loss=0.249 | TAw acc= 92.2%, forg=  5.2% | TAg acc= 78.7%, forg= 18.6% <<<
>>> Test on task  1 : loss=0.140 | TAw acc= 96.1%, forg=  2.4% | TAg acc= 85.3%, forg= 11.9% <<<
>>> Test on task  2 : loss=0.069 | TAw acc= 97.9%, forg=  0.0% | TAg acc= 96.8%, forg=  0.0% <<<
Save at ./results/./results/vit_base_patch16_224.orig_in21k/food101/ewc/10
************************************************************************************************************
TAw Acc
	 97.4%   0.0%   0.0%   0.0%   0.0%   0.0%   0.0%   0.0%   0.0%   0.0% 	Avg.: 97.4% 
	 95.6%  98.6%   0.0%   0.0%   0.0%   0.0%   0.0%   0.0%   0.0%   0.0% 	Avg.: 97.1% 
	 92.2%  96.1%  97.9%   0.0%   0.0%   0.0%   0.0%   0.0%   0.0%   0.0% 	Avg.: 95.4% 
	  0.0%   0.0%   0.0%   0.0%   0.0%   0.0%   0.0%   0.0%   0.0%   0.0% 	Avg.:  0.0% 
	  0.0%   0.0%   0.0%   0.0%   0.0%   0.0%   0.0%   0.0%   0.0%   0.0% 	Avg.:  0.0% 
	  0.0%   0.0%   0.0%   0.0%   0.0%   0.0%   0.0%   0.0%   0.0%   0.0% 	Avg.:  0.0% 
	  0.0%   0.0%   0.0%   0.0%   0.0%   0.0%   0.0%   0.0%   0.0%   0.0% 	Avg.:  0.0% 
	  0.0%   0.0%   0.0%   0.0%   0.0%   0.0%   0.0%   0.0%   0.0%   0.0% 	Avg.:  0.0% 
	  0.0%   0.0%   0.0%   0.0%   0.0%   0.0%   0.0%   0.0%   0.0%   0.0% 	Avg.:  0.0% 
	  0.0%   0.0%   0.0%   0.0%   0.0%   0.0%   0.0%   0.0%   0.0%   0.0% 	Avg.:  0.0% 
************************************************************************************************************
TAg Acc
	 97.4%   0.0%   0.0%   0.0%   0.0%   0.0%   0.0%   0.0%   0.0%   0.0% 	Avg.: 97.4% 
	 90.2%  97.2%   0.0%   0.0%   0.0%   0.0%   0.0%   0.0%   0.0%   0.0% 	Avg.: 93.7% 
	 78.7%  85.3%  96.8%   0.0%   0.0%   0.0%   0.0%   0.0%   0.0%   0.0% 	Avg.: 87.0% 
	  0.0%   0.0%   0.0%   0.0%   0.0%   0.0%   0.0%   0.0%   0.0%   0.0% 	Avg.:  0.0% 
	  0.0%   0.0%   0.0%   0.0%   0.0%   0.0%   0.0%   0.0%   0.0%   0.0% 	Avg.:  0.0% 
	  0.0%   0.0%   0.0%   0.0%   0.0%   0.0%   0.0%   0.0%   0.0%   0.0% 	Avg.:  0.0% 
	  0.0%   0.0%   0.0%   0.0%   0.0%   0.0%   0.0%   0.0%   0.0%   0.0% 	Avg.:  0.0% 
	  0.0%   0.0%   0.0%   0.0%   0.0%   0.0%   0.0%   0.0%   0.0%   0.0% 	Avg.:  0.0% 
	  0.0%   0.0%   0.0%   0.0%   0.0%   0.0%   0.0%   0.0%   0.0%   0.0% 	Avg.:  0.0% 
	  0.0%   0.0%   0.0%   0.0%   0.0%   0.0%   0.0%   0.0%   0.0%   0.0% 	Avg.:  0.0% 
************************************************************************************************************
TAw Forg
	  0.0%   0.0%   0.0%   0.0%   0.0%   0.0%   0.0%   0.0%   0.0%   0.0% 
	  1.7%   0.0%   0.0%   0.0%   0.0%   0.0%   0.0%   0.0%   0.0%   0.0% 	Avg.:  1.7% 
	  5.2%   2.4%   0.0%   0.0%   0.0%   0.0%   0.0%   0.0%   0.0%   0.0% 	Avg.:  3.8% 
	  0.0%   0.0%   0.0%   0.0%   0.0%   0.0%   0.0%   0.0%   0.0%   0.0% 	Avg.:  0.0% 
	  0.0%   0.0%   0.0%   0.0%   0.0%   0.0%   0.0%   0.0%   0.0%   0.0% 	Avg.:  0.0% 
	  0.0%   0.0%   0.0%   0.0%   0.0%   0.0%   0.0%   0.0%   0.0%   0.0% 	Avg.:  0.0% 
	  0.0%   0.0%   0.0%   0.0%   0.0%   0.0%   0.0%   0.0%   0.0%   0.0% 	Avg.:  0.0% 
	  0.0%   0.0%   0.0%   0.0%   0.0%   0.0%   0.0%   0.0%   0.0%   0.0% 	Avg.:  0.0% 
	  0.0%   0.0%   0.0%   0.0%   0.0%   0.0%   0.0%   0.0%   0.0%   0.0% 	Avg.:  0.0% 
	  0.0%   0.0%   0.0%   0.0%   0.0%   0.0%   0.0%   0.0%   0.0%   0.0% 	Avg.:  0.0% 
************************************************************************************************************
TAg Forg
	  0.0%   0.0%   0.0%   0.0%   0.0%   0.0%   0.0%   0.0%   0.0%   0.0% 
	  7.1%   0.0%   0.0%   0.0%   0.0%   0.0%   0.0%   0.0%   0.0%   0.0% 	Avg.:  7.1% 
	 18.6%  11.9%   0.0%   0.0%   0.0%   0.0%   0.0%   0.0%   0.0%   0.0% 	Avg.: 15.3% 
	  0.0%   0.0%   0.0%   0.0%   0.0%   0.0%   0.0%   0.0%   0.0%   0.0% 	Avg.:  0.0% 
	  0.0%   0.0%   0.0%   0.0%   0.0%   0.0%   0.0%   0.0%   0.0%   0.0% 	Avg.:  0.0% 
	  0.0%   0.0%   0.0%   0.0%   0.0%   0.0%   0.0%   0.0%   0.0%   0.0% 	Avg.:  0.0% 
	  0.0%   0.0%   0.0%   0.0%   0.0%   0.0%   0.0%   0.0%   0.0%   0.0% 	Avg.:  0.0% 
	  0.0%   0.0%   0.0%   0.0%   0.0%   0.0%   0.0%   0.0%   0.0%   0.0% 	Avg.:  0.0% 
	  0.0%   0.0%   0.0%   0.0%   0.0%   0.0%   0.0%   0.0%   0.0%   0.0% 	Avg.:  0.0% 
	  0.0%   0.0%   0.0%   0.0%   0.0%   0.0%   0.0%   0.0%   0.0%   0.0% 	Avg.:  0.0% 
************************************************************************************************************
[Elapsed time = 1.1 h]
Done!
