START_TASK=5 STOP_TASK=6
============================================================================================================
Arguments =
	approach: hydra
	batch_size: 64
	classes_first_task: None
	clipping: 10000
	crop: 224
	dataset: cifar100
	distilled: True
	eval_on_train: False
	experiment_path: None
	fix_bn: False
	freeze_backbone: False
	gpu: 0
	gpus: [0]
	increment: 10
	last_layer_analysis: False
	log: ['disk']
	lr: 0.01
	lr_factor: None
	lr_min: 0.0001
	lr_patience: None
	lr_scheduler: cosine
	lr_warmup_epochs: 0
	momentum: 0.0
	multi_softmax: False
	nepochs: 50
	network: vit_base_patch16_224_dist
	no_cudnn_deterministic: False
	normalize: in21k
	num_workers: 2
	optimizer_name: sgd
	pin_memory: False
	pretrained: True
	resize: 224
	results_path: ./results
	save_models: True
	seed: 0
	start_at_task: 5
	start_epoch: 0
	stop_at_task: 6
	stop_epoch: 0
	use_valid_only: False
	warmup_lr_factor: 1.0
	warmup_nepochs: 0
	weight_decay: 0.0
============================================================================================================
Approach arguments =
	T: 2
	lamb: 1.0
	lamb_cos: 1.0
	lamb_dist: 1.0
	lamb_dist_kd: 1.0
============================================================================================================
Exemplars arguments =
============================================================================================================
WARNING: ./results/vit_base_patch16_224_dist/cifar100/hydra/10 already exists!
Loaded acc_taw from: ./results/vit_base_patch16_224_dist/cifar100/hydra/10/acc_taw-4.txt
Loaded acc_tag from: ./results/vit_base_patch16_224_dist/cifar100/hydra/10/acc_tag-4.txt
Loaded forg_taw from: ./results/vit_base_patch16_224_dist/cifar100/hydra/10/forg_taw-4.txt
Loaded forg_tag from: ./results/vit_base_patch16_224_dist/cifar100/hydra/10/forg_tag-4.txt
************************************************************************************************************
Task  5  [epochs 0-50]
************************************************************************************************************
[params] total:85,890,936  trainable:85,860,176  tensors:175  trainable_tensors:167
| Epoch   1, time= 44.3s | Train: skip eval | Valid: time=  2.7s loss=7.048, TAw acc= 87.6% | * lr=1.0e-02
| Epoch   2, time= 43.7s | Train: skip eval | Valid: time=  2.7s loss=6.661, TAw acc= 89.8% | * lr=1.0e-02
| Epoch   3, time= 43.9s | Train: skip eval | Valid: time=  2.7s loss=6.516, TAw acc= 92.0% | * lr=9.9e-03
| Epoch   4, time= 44.0s | Train: skip eval | Valid: time=  2.7s loss=6.458, TAw acc= 93.2% | * lr=9.8e-03
| Epoch   5, time= 44.1s | Train: skip eval | Valid: time=  2.7s loss=6.403, TAw acc= 93.2% | * lr=9.8e-03
| Epoch   6, time= 44.3s | Train: skip eval | Valid: time=  2.8s loss=6.345, TAw acc= 94.2% | * lr=9.7e-03
| Epoch   7, time= 44.4s | Train: skip eval | Valid: time=  2.8s loss=6.313, TAw acc= 94.2% | * lr=9.5e-03
| Epoch   8, time= 44.6s | Train: skip eval | Valid: time=  2.8s loss=6.295, TAw acc= 95.2% | * lr=9.4e-03
| Epoch   9, time= 44.5s | Train: skip eval | Valid: time=  2.8s loss=6.286, TAw acc= 94.4% | * lr=9.2e-03
| Epoch  10, time= 44.6s | Train: skip eval | Valid: time=  2.8s loss=6.254, TAw acc= 95.4% | * lr=9.1e-03
| Epoch  11, time= 44.7s | Train: skip eval | Valid: time=  2.8s loss=6.236, TAw acc= 95.8% | * lr=8.9e-03
| Epoch  12, time= 44.7s | Train: skip eval | Valid: time=  2.8s loss=6.227, TAw acc= 96.0% | * lr=8.7e-03
| Epoch  13, time= 44.7s | Train: skip eval | Valid: time=  2.8s loss=6.248, TAw acc= 95.6% | lr=8.4e-03
| Epoch  14, time= 44.7s | Train: skip eval | Valid: time=  2.8s loss=6.219, TAw acc= 95.2% | * lr=8.2e-03
| Epoch  15, time= 44.6s | Train: skip eval | Valid: time=  2.8s loss=6.205, TAw acc= 95.2% | * lr=8.0e-03
| Epoch  16, time= 44.6s | Train: skip eval | Valid: time=  2.8s loss=6.221, TAw acc= 95.0% | lr=7.7e-03
| Epoch  17, time= 44.5s | Train: skip eval | Valid: time=  2.8s loss=6.204, TAw acc= 95.0% | * lr=7.4e-03
| Epoch  18, time= 44.6s | Train: skip eval | Valid: time=  2.8s loss=6.189, TAw acc= 95.8% | * lr=7.2e-03
| Epoch  19, time= 44.6s | Train: skip eval | Valid: time=  2.8s loss=6.190, TAw acc= 95.4% | lr=6.9e-03
| Epoch  20, time= 44.6s | Train: skip eval | Valid: time=  2.8s loss=6.192, TAw acc= 95.0% | lr=6.6e-03
| Epoch  21, time= 44.6s | Train: skip eval | Valid: time=  2.8s loss=6.189, TAw acc= 95.4% | * lr=6.3e-03
| Epoch  22, time= 44.6s | Train: skip eval | Valid: time=  2.8s loss=6.186, TAw acc= 95.0% | * lr=6.0e-03
| Epoch  23, time= 44.7s | Train: skip eval | Valid: time=  2.8s loss=6.183, TAw acc= 95.4% | * lr=5.7e-03
| Epoch  24, time= 44.7s | Train: skip eval | Valid: time=  2.8s loss=6.182, TAw acc= 95.6% | * lr=5.4e-03
| Epoch  25, time= 44.6s | Train: skip eval | Valid: time=  2.8s loss=6.174, TAw acc= 96.4% | * lr=5.1e-03
| Epoch  26, time= 44.7s | Train: skip eval | Valid: time=  2.8s loss=6.178, TAw acc= 95.8% | lr=4.7e-03
| Epoch  27, time= 44.6s | Train: skip eval | Valid: time=  2.8s loss=6.183, TAw acc= 95.4% | lr=4.4e-03
| Epoch  28, time= 44.7s | Train: skip eval | Valid: time=  2.8s loss=6.178, TAw acc= 95.4% | lr=4.1e-03
| Epoch  29, time= 44.6s | Train: skip eval | Valid: time=  2.8s loss=6.164, TAw acc= 96.4% | * lr=3.8e-03
| Epoch  30, time= 44.8s | Train: skip eval | Valid: time=  2.8s loss=6.164, TAw acc= 95.6% | lr=3.5e-03
| Epoch  31, time= 44.5s | Train: skip eval | Valid: time=  2.8s loss=6.169, TAw acc= 95.4% | lr=3.2e-03
| Epoch  32, time= 44.5s | Train: skip eval | Valid: time=  2.8s loss=6.161, TAw acc= 95.6% | * lr=2.9e-03
| Epoch  33, time= 44.5s | Train: skip eval | Valid: time=  2.8s loss=6.162, TAw acc= 95.4% | lr=2.7e-03
| Epoch  34, time= 44.6s | Train: skip eval | Valid: time=  2.8s loss=6.158, TAw acc= 95.8% | * lr=2.4e-03
| Epoch  35, time= 44.6s | Train: skip eval | Valid: time=  2.8s loss=6.159, TAw acc= 96.4% | lr=2.1e-03
| Epoch  36, time= 44.6s | Train: skip eval | Valid: time=  2.8s loss=6.159, TAw acc= 95.8% | lr=1.9e-03
| Epoch  37, time= 44.5s | Train: skip eval | Valid: time=  2.8s loss=6.162, TAw acc= 95.4% | lr=1.7e-03
| Epoch  38, time= 44.6s | Train: skip eval | Valid: time=  2.8s loss=6.159, TAw acc= 95.8% | lr=1.4e-03
| Epoch  39, time= 44.5s | Train: skip eval | Valid: time=  2.8s loss=6.163, TAw acc= 95.6% | lr=1.2e-03
| Epoch  40, time= 44.7s | Train: skip eval | Valid: time=  2.8s loss=6.161, TAw acc= 95.6% | lr=1.0e-03
| Epoch  41, time= 44.7s | Train: skip eval | Valid: time=  2.8s loss=6.161, TAw acc= 95.8% | lr=8.7e-04
| Epoch  42, time= 44.7s | Train: skip eval | Valid: time=  2.8s loss=6.161, TAw acc= 95.6% | lr=7.1e-04
| Epoch  43, time= 44.8s | Train: skip eval | Valid: time=  2.8s loss=6.161, TAw acc= 95.4% | lr=5.7e-04
| Epoch  44, time= 44.6s | Train: skip eval | Valid: time=  2.8s loss=6.163, TAw acc= 95.4% | lr=4.5e-04
| Epoch  45, time= 44.5s | Train: skip eval | Valid: time=  2.8s loss=6.162, TAw acc= 95.4% | lr=3.4e-04
| Epoch  46, time= 44.6s | Train: skip eval | Valid: time=  2.8s loss=6.161, TAw acc= 95.6% | lr=2.6e-04
| Epoch  47, time= 44.5s | Train: skip eval | Valid: time=  2.8s loss=6.161, TAw acc= 95.4% | lr=1.9e-04
| Epoch  48, time= 44.6s | Train: skip eval | Valid: time=  2.8s loss=6.161, TAw acc= 95.2% | lr=1.4e-04
| Epoch  49, time= 44.6s | Train: skip eval | Valid: time=  2.8s loss=6.161, TAw acc= 95.2% | lr=1.1e-04
| Epoch  50, time= 44.6s | Train: skip eval | Valid: time=  2.8s loss=6.160, TAw acc= 95.2% | lr=1.0e-04
------------------------------------------------------------------------------------------------------------
>>> Test on task  0 : loss=0.177 | TAw acc= 97.5%, forg=  0.6% | TAg acc= 87.9%, forg= 10.2% <<<
>>> Test on task  1 : loss=3.477 | TAw acc= 98.7%, forg=  0.1% | TAg acc= 91.6%, forg=  2.5% <<<
>>> Test on task  2 : loss=4.485 | TAw acc= 98.2%, forg=  0.4% | TAg acc= 79.4%, forg=  3.9% <<<
>>> Test on task  3 : loss=5.659 | TAw acc= 97.3%, forg= -0.1% | TAg acc= 80.6%, forg=  2.0% <<<
>>> Test on task  4 : loss=6.119 | TAw acc= 98.2%, forg=  0.3% | TAg acc= 77.5%, forg=  0.7% <<<
>>> Test on task  5 : loss=6.151 | TAw acc= 95.8%, forg=  0.0% | TAg acc= 57.5%, forg=  0.0% <<<
Save at ./results/./results/vit_base_patch16_224_dist/cifar100/hydra/10
************************************************************************************************************
TAw Acc
	 98.1%   0.0%   0.0%   0.0%   0.0%   0.0%   0.0%   0.0%   0.0%   0.0% 	Avg.: 98.1% 
	 98.1%  98.8%   0.0%   0.0%   0.0%   0.0%   0.0%   0.0%   0.0%   0.0% 	Avg.: 98.4% 
	 97.9%  98.7%  98.4%   0.0%   0.0%   0.0%   0.0%   0.0%   0.0%   0.0% 	Avg.: 98.3% 
	 98.0%  98.6%  98.6%  97.0%   0.0%   0.0%   0.0%   0.0%   0.0%   0.0% 	Avg.: 98.1% 
	 97.8%  98.6%  98.5%  97.2%  98.5%   0.0%   0.0%   0.0%   0.0%   0.0% 	Avg.: 98.1% 
	 97.5%  98.7%  98.2%  97.3%  98.2%  95.8%   0.0%   0.0%   0.0%   0.0% 	Avg.: 97.6% 
	  0.0%   0.0%   0.0%   0.0%   0.0%   0.0%   0.0%   0.0%   0.0%   0.0% 	Avg.:  0.0% 
	  0.0%   0.0%   0.0%   0.0%   0.0%   0.0%   0.0%   0.0%   0.0%   0.0% 	Avg.:  0.0% 
	  0.0%   0.0%   0.0%   0.0%   0.0%   0.0%   0.0%   0.0%   0.0%   0.0% 	Avg.:  0.0% 
	  0.0%   0.0%   0.0%   0.0%   0.0%   0.0%   0.0%   0.0%   0.0%   0.0% 	Avg.:  0.0% 
************************************************************************************************************
TAg Acc
	 98.1%   0.0%   0.0%   0.0%   0.0%   0.0%   0.0%   0.0%   0.0%   0.0% 	Avg.: 98.1% 
	 91.2%  94.1%   0.0%   0.0%   0.0%   0.0%   0.0%   0.0%   0.0%   0.0% 	Avg.: 92.6% 
	 93.2%  93.6%  83.3%   0.0%   0.0%   0.0%   0.0%   0.0%   0.0%   0.0% 	Avg.: 90.0% 
	 91.7%  92.6%  82.3%  82.6%   0.0%   0.0%   0.0%   0.0%   0.0%   0.0% 	Avg.: 87.3% 
	 88.9%  91.6%  80.6%  80.9%  78.2%   0.0%   0.0%   0.0%   0.0%   0.0% 	Avg.: 84.0% 
	 87.9%  91.6%  79.4%  80.6%  77.5%  57.5%   0.0%   0.0%   0.0%   0.0% 	Avg.: 79.1% 
	  0.0%   0.0%   0.0%   0.0%   0.0%   0.0%   0.0%   0.0%   0.0%   0.0% 	Avg.:  0.0% 
	  0.0%   0.0%   0.0%   0.0%   0.0%   0.0%   0.0%   0.0%   0.0%   0.0% 	Avg.:  0.0% 
	  0.0%   0.0%   0.0%   0.0%   0.0%   0.0%   0.0%   0.0%   0.0%   0.0% 	Avg.:  0.0% 
	  0.0%   0.0%   0.0%   0.0%   0.0%   0.0%   0.0%   0.0%   0.0%   0.0% 	Avg.:  0.0% 
************************************************************************************************************
TAw Forg
	  0.0%   0.0%   0.0%   0.0%   0.0%   0.0%   0.0%   0.0%   0.0%   0.0% 
	  0.0%   0.0%   0.0%   0.0%   0.0%   0.0%   0.0%   0.0%   0.0%   0.0% 	Avg.:  0.0% 
	  0.2%   0.1%   0.0%   0.0%   0.0%   0.0%   0.0%   0.0%   0.0%   0.0% 	Avg.:  0.2% 
	  0.1%   0.2%  -0.2%   0.0%   0.0%   0.0%   0.0%   0.0%   0.0%   0.0% 	Avg.:  0.0% 
	  0.3%   0.2%   0.1%  -0.2%   0.0%   0.0%   0.0%   0.0%   0.0%   0.0% 	Avg.:  0.1% 
	  0.6%   0.1%   0.4%  -0.1%   0.3%   0.0%   0.0%   0.0%   0.0%   0.0% 	Avg.:  0.3% 
	  0.0%   0.0%   0.0%   0.0%   0.0%   0.0%   0.0%   0.0%   0.0%   0.0% 	Avg.:  0.0% 
	  0.0%   0.0%   0.0%   0.0%   0.0%   0.0%   0.0%   0.0%   0.0%   0.0% 	Avg.:  0.0% 
	  0.0%   0.0%   0.0%   0.0%   0.0%   0.0%   0.0%   0.0%   0.0%   0.0% 	Avg.:  0.0% 
	  0.0%   0.0%   0.0%   0.0%   0.0%   0.0%   0.0%   0.0%   0.0%   0.0% 	Avg.:  0.0% 
************************************************************************************************************
TAg Forg
	  0.0%   0.0%   0.0%   0.0%   0.0%   0.0%   0.0%   0.0%   0.0%   0.0% 
	  6.9%   0.0%   0.0%   0.0%   0.0%   0.0%   0.0%   0.0%   0.0%   0.0% 	Avg.:  6.9% 
	  4.9%   0.5%   0.0%   0.0%   0.0%   0.0%   0.0%   0.0%   0.0%   0.0% 	Avg.:  2.7% 
	  6.4%   1.5%   1.0%   0.0%   0.0%   0.0%   0.0%   0.0%   0.0%   0.0% 	Avg.:  3.0% 
	  9.2%   2.5%   2.7%   1.7%   0.0%   0.0%   0.0%   0.0%   0.0%   0.0% 	Avg.:  4.0% 
	 10.2%   2.5%   3.9%   2.0%   0.7%   0.0%   0.0%   0.0%   0.0%   0.0% 	Avg.:  3.9% 
	  0.0%   0.0%   0.0%   0.0%   0.0%   0.0%   0.0%   0.0%   0.0%   0.0% 	Avg.:  0.0% 
	  0.0%   0.0%   0.0%   0.0%   0.0%   0.0%   0.0%   0.0%   0.0%   0.0% 	Avg.:  0.0% 
	  0.0%   0.0%   0.0%   0.0%   0.0%   0.0%   0.0%   0.0%   0.0%   0.0% 	Avg.:  0.0% 
	  0.0%   0.0%   0.0%   0.0%   0.0%   0.0%   0.0%   0.0%   0.0%   0.0% 	Avg.:  0.0% 
************************************************************************************************************
[Elapsed time = 0.7 h]
Done!
