START_TASK=3 STOP_TASK=4
============================================================================================================
Arguments =
	approach: hydra
	batch_size: 64
	classes_first_task: None
	clipping: 10000
	crop: 224
	dataset: cifar100
	distilled: True
	eval_on_train: False
	experiment_path: None
	fix_bn: False
	freeze_backbone: False
	gpu: 0
	gpus: [0]
	increment: 10
	last_layer_analysis: False
	log: ['disk']
	lr: 0.01
	lr_factor: None
	lr_min: 0.0001
	lr_patience: None
	lr_scheduler: cosine
	lr_warmup_epochs: 0
	momentum: 0.0
	multi_softmax: False
	nepochs: 50
	network: vit_base_patch16_224_dist
	no_cudnn_deterministic: False
	normalize: in21k
	num_workers: 2
	optimizer_name: sgd
	pin_memory: False
	pretrained: True
	resize: 224
	results_path: ./results
	save_models: True
	seed: 0
	start_at_task: 3
	start_epoch: 0
	stop_at_task: 4
	stop_epoch: 0
	use_valid_only: False
	warmup_lr_factor: 1.0
	warmup_nepochs: 0
	weight_decay: 0.0
============================================================================================================
Approach arguments =
	T: 2
	lamb: 1.0
	lamb_cos: 1.0
	lamb_dist: 1.0
	lamb_dist_kd: 1.0
============================================================================================================
Exemplars arguments =
============================================================================================================
WARNING: ./results/vit_base_patch16_224_dist/cifar100/hydra/10 already exists!
Loaded acc_taw from: ./results/vit_base_patch16_224_dist/cifar100/hydra/10/acc_taw-2.txt
Loaded acc_tag from: ./results/vit_base_patch16_224_dist/cifar100/hydra/10/acc_tag-2.txt
Loaded forg_taw from: ./results/vit_base_patch16_224_dist/cifar100/hydra/10/forg_taw-2.txt
Loaded forg_tag from: ./results/vit_base_patch16_224_dist/cifar100/hydra/10/forg_tag-2.txt
************************************************************************************************************
Task  3  [epochs 0-50]
************************************************************************************************************
[params] total:85,860,176  trainable:85,844,796  tensors:167  trainable_tensors:163
| Epoch   1, time= 44.4s | Train: skip eval | Valid: time=  2.8s loss=7.696, TAw acc= 93.0% | * lr=1.0e-02
| Epoch   2, time= 44.0s | Train: skip eval | Valid: time=  2.8s loss=6.798, TAw acc= 95.4% | * lr=1.0e-02
| Epoch   3, time= 44.1s | Train: skip eval | Valid: time=  2.8s loss=6.497, TAw acc= 96.2% | * lr=9.9e-03
| Epoch   4, time= 44.3s | Train: skip eval | Valid: time=  2.8s loss=6.399, TAw acc= 95.4% | * lr=9.8e-03
| Epoch   5, time= 44.4s | Train: skip eval | Valid: time=  2.8s loss=6.312, TAw acc= 96.0% | * lr=9.8e-03
| Epoch   6, time= 44.5s | Train: skip eval | Valid: time=  2.8s loss=6.241, TAw acc= 96.8% | * lr=9.7e-03
| Epoch   7, time= 44.5s | Train: skip eval | Valid: time=  2.7s loss=6.213, TAw acc= 97.0% | * lr=9.5e-03
| Epoch   8, time= 44.4s | Train: skip eval | Valid: time=  2.8s loss=6.200, TAw acc= 97.0% | * lr=9.4e-03
| Epoch   9, time= 44.6s | Train: skip eval | Valid: time=  2.8s loss=6.182, TAw acc= 96.4% | * lr=9.2e-03
| Epoch  10, time= 44.6s | Train: skip eval | Valid: time=  2.8s loss=6.159, TAw acc= 97.0% | * lr=9.1e-03
| Epoch  11, time= 44.6s | Train: skip eval | Valid: time=  2.8s loss=6.165, TAw acc= 96.6% | lr=8.9e-03
| Epoch  12, time= 44.5s | Train: skip eval | Valid: time=  2.8s loss=6.149, TAw acc= 96.4% | * lr=8.7e-03
| Epoch  13, time= 44.5s | Train: skip eval | Valid: time=  2.8s loss=6.133, TAw acc= 97.0% | * lr=8.4e-03
| Epoch  14, time= 44.2s | Train: skip eval | Valid: time=  2.8s loss=6.129, TAw acc= 97.0% | * lr=8.2e-03
| Epoch  15, time= 44.3s | Train: skip eval | Valid: time=  2.8s loss=6.141, TAw acc= 95.4% | lr=8.0e-03
| Epoch  16, time= 44.3s | Train: skip eval | Valid: time=  2.8s loss=6.110, TAw acc= 96.6% | * lr=7.7e-03
| Epoch  17, time= 44.3s | Train: skip eval | Valid: time=  2.8s loss=6.096, TAw acc= 96.6% | * lr=7.4e-03
| Epoch  18, time= 44.3s | Train: skip eval | Valid: time=  2.7s loss=6.104, TAw acc= 96.6% | lr=7.2e-03
| Epoch  19, time= 44.3s | Train: skip eval | Valid: time=  2.9s loss=6.119, TAw acc= 96.6% | lr=6.9e-03
| Epoch  20, time= 44.3s | Train: skip eval | Valid: time=  2.8s loss=6.125, TAw acc= 96.0% | lr=6.6e-03
| Epoch  21, time= 44.5s | Train: skip eval | Valid: time=  2.8s loss=6.091, TAw acc= 96.6% | * lr=6.3e-03
| Epoch  22, time= 44.5s | Train: skip eval | Valid: time=  2.8s loss=6.097, TAw acc= 96.8% | lr=6.0e-03
| Epoch  23, time= 44.6s | Train: skip eval | Valid: time=  2.8s loss=6.090, TAw acc= 96.4% | * lr=5.7e-03
| Epoch  24, time= 44.6s | Train: skip eval | Valid: time=  2.8s loss=6.092, TAw acc= 97.0% | lr=5.4e-03
| Epoch  25, time= 44.5s | Train: skip eval | Valid: time=  2.8s loss=6.072, TAw acc= 97.0% | * lr=5.1e-03
| Epoch  26, time= 44.5s | Train: skip eval | Valid: time=  2.8s loss=6.070, TAw acc= 97.0% | * lr=4.7e-03
| Epoch  27, time= 44.5s | Train: skip eval | Valid: time=  2.7s loss=6.064, TAw acc= 96.8% | * lr=4.4e-03
| Epoch  28, time= 44.5s | Train: skip eval | Valid: time=  2.8s loss=6.070, TAw acc= 96.4% | lr=4.1e-03
| Epoch  29, time= 44.5s | Train: skip eval | Valid: time=  2.8s loss=6.076, TAw acc= 96.6% | lr=3.8e-03
| Epoch  30, time= 44.2s | Train: skip eval | Valid: time=  2.8s loss=6.079, TAw acc= 96.6% | lr=3.5e-03
| Epoch  31, time= 44.3s | Train: skip eval | Valid: time=  2.8s loss=6.070, TAw acc= 97.0% | lr=3.2e-03
| Epoch  32, time= 44.3s | Train: skip eval | Valid: time=  2.8s loss=6.081, TAw acc= 96.6% | lr=2.9e-03
| Epoch  33, time= 44.6s | Train: skip eval | Valid: time=  2.8s loss=6.062, TAw acc= 96.8% | * lr=2.7e-03
| Epoch  34, time= 44.6s | Train: skip eval | Valid: time=  2.8s loss=6.070, TAw acc= 96.4% | lr=2.4e-03
| Epoch  35, time= 44.7s | Train: skip eval | Valid: time=  2.8s loss=6.064, TAw acc= 96.8% | lr=2.1e-03
| Epoch  36, time= 44.7s | Train: skip eval | Valid: time=  2.8s loss=6.066, TAw acc= 96.8% | lr=1.9e-03
| Epoch  37, time= 44.8s | Train: skip eval | Valid: time=  2.8s loss=6.056, TAw acc= 96.8% | * lr=1.7e-03
| Epoch  38, time= 44.8s | Train: skip eval | Valid: time=  2.8s loss=6.066, TAw acc= 96.4% | lr=1.4e-03
| Epoch  39, time= 44.7s | Train: skip eval | Valid: time=  2.8s loss=6.063, TAw acc= 96.6% | lr=1.2e-03
| Epoch  40, time= 44.6s | Train: skip eval | Valid: time=  2.8s loss=6.060, TAw acc= 96.6% | lr=1.0e-03
| Epoch  41, time= 44.5s | Train: skip eval | Valid: time=  2.8s loss=6.059, TAw acc= 96.8% | lr=8.7e-04
| Epoch  42, time= 44.4s | Train: skip eval | Valid: time=  2.8s loss=6.060, TAw acc= 96.8% | lr=7.1e-04
| Epoch  43, time= 44.4s | Train: skip eval | Valid: time=  2.8s loss=6.061, TAw acc= 96.6% | lr=5.7e-04
| Epoch  44, time= 44.5s | Train: skip eval | Valid: time=  2.8s loss=6.059, TAw acc= 96.6% | lr=4.5e-04
| Epoch  45, time= 44.5s | Train: skip eval | Valid: time=  2.8s loss=6.058, TAw acc= 96.6% | lr=3.4e-04
| Epoch  46, time= 44.6s | Train: skip eval | Valid: time=  2.8s loss=6.060, TAw acc= 96.4% | lr=2.6e-04
| Epoch  47, time= 44.6s | Train: skip eval | Valid: time=  2.8s loss=6.061, TAw acc= 96.4% | lr=1.9e-04
| Epoch  48, time= 44.6s | Train: skip eval | Valid: time=  2.8s loss=6.060, TAw acc= 96.6% | lr=1.4e-04
| Epoch  49, time= 44.5s | Train: skip eval | Valid: time=  2.8s loss=6.060, TAw acc= 96.6% | lr=1.1e-04
| Epoch  50, time= 44.5s | Train: skip eval | Valid: time=  2.8s loss=6.059, TAw acc= 96.8% | lr=1.0e-04
------------------------------------------------------------------------------------------------------------
>>> Test on task  0 : loss=0.160 | TAw acc= 98.0%, forg=  0.1% | TAg acc= 91.7%, forg=  6.4% <<<
>>> Test on task  1 : loss=3.755 | TAw acc= 98.6%, forg=  0.2% | TAg acc= 92.6%, forg=  1.5% <<<
>>> Test on task  2 : loss=4.867 | TAw acc= 98.6%, forg= -0.2% | TAg acc= 82.3%, forg=  1.0% <<<
>>> Test on task  3 : loss=5.966 | TAw acc= 97.0%, forg=  0.0% | TAg acc= 82.6%, forg=  0.0% <<<
Save at ./results/./results/vit_base_patch16_224_dist/cifar100/hydra/10
************************************************************************************************************
TAw Acc
	 98.1%   0.0%   0.0%   0.0%   0.0%   0.0%   0.0%   0.0%   0.0%   0.0% 	Avg.: 98.1% 
	 98.1%  98.8%   0.0%   0.0%   0.0%   0.0%   0.0%   0.0%   0.0%   0.0% 	Avg.: 98.4% 
	 97.9%  98.7%  98.4%   0.0%   0.0%   0.0%   0.0%   0.0%   0.0%   0.0% 	Avg.: 98.3% 
	 98.0%  98.6%  98.6%  97.0%   0.0%   0.0%   0.0%   0.0%   0.0%   0.0% 	Avg.: 98.1% 
	  0.0%   0.0%   0.0%   0.0%   0.0%   0.0%   0.0%   0.0%   0.0%   0.0% 	Avg.:  0.0% 
	  0.0%   0.0%   0.0%   0.0%   0.0%   0.0%   0.0%   0.0%   0.0%   0.0% 	Avg.:  0.0% 
	  0.0%   0.0%   0.0%   0.0%   0.0%   0.0%   0.0%   0.0%   0.0%   0.0% 	Avg.:  0.0% 
	  0.0%   0.0%   0.0%   0.0%   0.0%   0.0%   0.0%   0.0%   0.0%   0.0% 	Avg.:  0.0% 
	  0.0%   0.0%   0.0%   0.0%   0.0%   0.0%   0.0%   0.0%   0.0%   0.0% 	Avg.:  0.0% 
	  0.0%   0.0%   0.0%   0.0%   0.0%   0.0%   0.0%   0.0%   0.0%   0.0% 	Avg.:  0.0% 
************************************************************************************************************
TAg Acc
	 98.1%   0.0%   0.0%   0.0%   0.0%   0.0%   0.0%   0.0%   0.0%   0.0% 	Avg.: 98.1% 
	 91.2%  94.1%   0.0%   0.0%   0.0%   0.0%   0.0%   0.0%   0.0%   0.0% 	Avg.: 92.6% 
	 93.2%  93.6%  83.3%   0.0%   0.0%   0.0%   0.0%   0.0%   0.0%   0.0% 	Avg.: 90.0% 
	 91.7%  92.6%  82.3%  82.6%   0.0%   0.0%   0.0%   0.0%   0.0%   0.0% 	Avg.: 87.3% 
	  0.0%   0.0%   0.0%   0.0%   0.0%   0.0%   0.0%   0.0%   0.0%   0.0% 	Avg.:  0.0% 
	  0.0%   0.0%   0.0%   0.0%   0.0%   0.0%   0.0%   0.0%   0.0%   0.0% 	Avg.:  0.0% 
	  0.0%   0.0%   0.0%   0.0%   0.0%   0.0%   0.0%   0.0%   0.0%   0.0% 	Avg.:  0.0% 
	  0.0%   0.0%   0.0%   0.0%   0.0%   0.0%   0.0%   0.0%   0.0%   0.0% 	Avg.:  0.0% 
	  0.0%   0.0%   0.0%   0.0%   0.0%   0.0%   0.0%   0.0%   0.0%   0.0% 	Avg.:  0.0% 
	  0.0%   0.0%   0.0%   0.0%   0.0%   0.0%   0.0%   0.0%   0.0%   0.0% 	Avg.:  0.0% 
************************************************************************************************************
TAw Forg
	  0.0%   0.0%   0.0%   0.0%   0.0%   0.0%   0.0%   0.0%   0.0%   0.0% 
	  0.0%   0.0%   0.0%   0.0%   0.0%   0.0%   0.0%   0.0%   0.0%   0.0% 	Avg.:  0.0% 
	  0.2%   0.1%   0.0%   0.0%   0.0%   0.0%   0.0%   0.0%   0.0%   0.0% 	Avg.:  0.2% 
	  0.1%   0.2%  -0.2%   0.0%   0.0%   0.0%   0.0%   0.0%   0.0%   0.0% 	Avg.:  0.0% 
	  0.0%   0.0%   0.0%   0.0%   0.0%   0.0%   0.0%   0.0%   0.0%   0.0% 	Avg.:  0.0% 
	  0.0%   0.0%   0.0%   0.0%   0.0%   0.0%   0.0%   0.0%   0.0%   0.0% 	Avg.:  0.0% 
	  0.0%   0.0%   0.0%   0.0%   0.0%   0.0%   0.0%   0.0%   0.0%   0.0% 	Avg.:  0.0% 
	  0.0%   0.0%   0.0%   0.0%   0.0%   0.0%   0.0%   0.0%   0.0%   0.0% 	Avg.:  0.0% 
	  0.0%   0.0%   0.0%   0.0%   0.0%   0.0%   0.0%   0.0%   0.0%   0.0% 	Avg.:  0.0% 
	  0.0%   0.0%   0.0%   0.0%   0.0%   0.0%   0.0%   0.0%   0.0%   0.0% 	Avg.:  0.0% 
************************************************************************************************************
TAg Forg
	  0.0%   0.0%   0.0%   0.0%   0.0%   0.0%   0.0%   0.0%   0.0%   0.0% 
	  6.9%   0.0%   0.0%   0.0%   0.0%   0.0%   0.0%   0.0%   0.0%   0.0% 	Avg.:  6.9% 
	  4.9%   0.5%   0.0%   0.0%   0.0%   0.0%   0.0%   0.0%   0.0%   0.0% 	Avg.:  2.7% 
	  6.4%   1.5%   1.0%   0.0%   0.0%   0.0%   0.0%   0.0%   0.0%   0.0% 	Avg.:  3.0% 
	  0.0%   0.0%   0.0%   0.0%   0.0%   0.0%   0.0%   0.0%   0.0%   0.0% 	Avg.:  0.0% 
	  0.0%   0.0%   0.0%   0.0%   0.0%   0.0%   0.0%   0.0%   0.0%   0.0% 	Avg.:  0.0% 
	  0.0%   0.0%   0.0%   0.0%   0.0%   0.0%   0.0%   0.0%   0.0%   0.0% 	Avg.:  0.0% 
	  0.0%   0.0%   0.0%   0.0%   0.0%   0.0%   0.0%   0.0%   0.0%   0.0% 	Avg.:  0.0% 
	  0.0%   0.0%   0.0%   0.0%   0.0%   0.0%   0.0%   0.0%   0.0%   0.0% 	Avg.:  0.0% 
	  0.0%   0.0%   0.0%   0.0%   0.0%   0.0%   0.0%   0.0%   0.0%   0.0% 	Avg.:  0.0% 
************************************************************************************************************
[Elapsed time = 0.7 h]
Done!
