START_TASK=3 STOP_TASK=4
============================================================================================================
Arguments =
	approach: replay
	batch_size: 64
	classes_first_task: None
	clipping: 10000
	crop: 224
	data_path: ../data/food101
	dataset: food101
	eval_on_train: False
	experiment_path: None
	fix_bn: False
	freeze_backbone: False
	gpu: 0
	gpus: [0]
	increment: 10
	last_layer_analysis: True
	log: ['disk']
	lr: 0.01
	lr_factor: None
	lr_min: 0.0001
	lr_patience: None
	lr_scheduler: cosine
	lr_warmup_epochs: 0
	momentum: 0.0
	multi_softmax: False
	nepochs: 70
	network: resnet50.a1_in1k
	no_cudnn_deterministic: False
	normalize: in1k
	num_workers: 2
	optimizer_name: sgd
	pin_memory: False
	pretrained: True
	resize: 224
	results_path: ./results
	save_models: True
	seed: 0
	start_at_task: 3
	start_epoch: 0
	stop_at_task: 4
	stop_epoch: 0
	use_valid_only: False
	warmup_lr_factor: 1.0
	warmup_nepochs: 0
	weight_decay: 0.0
============================================================================================================
Approach arguments =
============================================================================================================
Exemplars arguments =
	exemplar_selection: random
	num_exemplars: 2000
============================================================================================================
WARNING: ./results/resnet50.a1_in1k/food101/replay/10 already exists!
Loaded acc_taw from: ./results/resnet50.a1_in1k/food101/replay/10/acc_taw-2.txt
Loaded acc_tag from: ./results/resnet50.a1_in1k/food101/replay/10/acc_tag-2.txt
Loaded forg_taw from: ./results/resnet50.a1_in1k/food101/replay/10/forg_taw-2.txt
Loaded forg_tag from: ./results/resnet50.a1_in1k/food101/replay/10/forg_tag-2.txt
Loaded 2010 exemplars from ./results/resnet50.a1_in1k/food101/replay/10/task2_exemplars.pth
************************************************************************************************************
Task  3  [epochs 0-70]
************************************************************************************************************
[params] total:23,589,992  trainable:23,589,992  tensors:167  trainable_tensors:167
| Epoch   1, time= 32.4s | Train: skip eval | Valid: time=  3.0s loss=1.953, TAw acc= 73.7% | * lr=1.0e-02
| Epoch   2, time= 31.8s | Train: skip eval | Valid: time=  3.1s loss=1.338, TAw acc= 76.9% | * lr=1.0e-02
| Epoch   3, time= 33.6s | Train: skip eval | Valid: time=  3.6s loss=1.088, TAw acc= 79.1% | * lr=1.0e-02
| Epoch   4, time= 30.2s | Train: skip eval | Valid: time=  2.5s loss=0.944, TAw acc= 80.3% | * lr=9.9e-03
| Epoch   5, time= 31.8s | Train: skip eval | Valid: time=  2.6s loss=0.881, TAw acc= 79.7% | * lr=9.9e-03
| Epoch   6, time= 37.0s | Train: skip eval | Valid: time=  2.7s loss=0.846, TAw acc= 81.2% | * lr=9.8e-03
| Epoch   7, time= 30.1s | Train: skip eval | Valid: time=  2.7s loss=0.778, TAw acc= 83.5% | * lr=9.8e-03
| Epoch   8, time= 29.8s | Train: skip eval | Valid: time=  2.8s loss=0.770, TAw acc= 82.0% | * lr=9.7e-03
| Epoch   9, time= 33.1s | Train: skip eval | Valid: time=  3.6s loss=0.716, TAw acc= 83.3% | * lr=9.6e-03
| Epoch  10, time= 31.9s | Train: skip eval | Valid: time=  3.0s loss=0.722, TAw acc= 84.4% | lr=9.5e-03
| Epoch  11, time= 32.7s | Train: skip eval | Valid: time=  3.0s loss=0.679, TAw acc= 84.1% | * lr=9.4e-03
| Epoch  12, time= 33.8s | Train: skip eval | Valid: time=  3.3s loss=0.689, TAw acc= 84.5% | lr=9.3e-03
| Epoch  13, time= 35.9s | Train: skip eval | Valid: time=  2.8s loss=0.656, TAw acc= 84.7% | * lr=9.2e-03
| Epoch  14, time= 32.2s | Train: skip eval | Valid: time=  3.3s loss=0.659, TAw acc= 85.7% | lr=9.1e-03
| Epoch  15, time= 32.2s | Train: skip eval | Valid: time=  2.6s loss=0.614, TAw acc= 86.8% | * lr=8.9e-03
| Epoch  16, time= 29.1s | Train: skip eval | Valid: time=  3.3s loss=0.629, TAw acc= 85.3% | lr=8.8e-03
| Epoch  17, time= 30.4s | Train: skip eval | Valid: time=  2.7s loss=0.621, TAw acc= 86.1% | lr=8.6e-03
| Epoch  18, time= 35.1s | Train: skip eval | Valid: time=  2.8s loss=0.618, TAw acc= 86.0% | lr=8.5e-03
| Epoch  19, time= 35.6s | Train: skip eval | Valid: time=  2.7s loss=0.601, TAw acc= 86.7% | * lr=8.3e-03
| Epoch  20, time= 29.8s | Train: skip eval | Valid: time=  2.7s loss=0.584, TAw acc= 86.9% | * lr=8.1e-03
| Epoch  21, time= 32.0s | Train: skip eval | Valid: time=  2.6s loss=0.575, TAw acc= 87.2% | * lr=8.0e-03
| Epoch  22, time= 30.7s | Train: skip eval | Valid: time=  2.7s loss=0.550, TAw acc= 88.4% | * lr=7.8e-03
| Epoch  23, time= 31.0s | Train: skip eval | Valid: time=  2.7s loss=0.574, TAw acc= 87.3% | lr=7.6e-03
| Epoch  24, time= 32.1s | Train: skip eval | Valid: time=  2.6s loss=0.548, TAw acc= 88.5% | * lr=7.4e-03
| Epoch  25, time= 30.6s | Train: skip eval | Valid: time=  2.7s loss=0.576, TAw acc= 86.8% | lr=7.2e-03
| Epoch  26, time= 31.0s | Train: skip eval | Valid: time=  3.3s loss=0.557, TAw acc= 87.5% | lr=7.0e-03
| Epoch  27, time= 30.8s | Train: skip eval | Valid: time=  2.7s loss=0.536, TAw acc= 88.1% | * lr=6.8e-03
| Epoch  28, time= 31.9s | Train: skip eval | Valid: time=  2.7s loss=0.539, TAw acc= 87.6% | lr=6.6e-03
| Epoch  29, time= 30.0s | Train: skip eval | Valid: time=  3.6s loss=0.529, TAw acc= 88.7% | * lr=6.4e-03
| Epoch  30, time= 33.0s | Train: skip eval | Valid: time=  3.1s loss=0.528, TAw acc= 88.9% | * lr=6.2e-03
| Epoch  31, time= 31.5s | Train: skip eval | Valid: time=  2.6s loss=0.526, TAw acc= 88.9% | * lr=5.9e-03
| Epoch  32, time= 35.9s | Train: skip eval | Valid: time=  3.0s loss=0.523, TAw acc= 88.0% | * lr=5.7e-03
| Epoch  33, time= 31.5s | Train: skip eval | Valid: time=  2.6s loss=0.498, TAw acc= 88.9% | * lr=5.5e-03
| Epoch  34, time= 38.2s | Train: skip eval | Valid: time=  2.6s loss=0.504, TAw acc= 89.5% | lr=5.3e-03
| Epoch  35, time= 31.0s | Train: skip eval | Valid: time=  2.7s loss=0.515, TAw acc= 89.3% | lr=5.1e-03
| Epoch  36, time= 31.2s | Train: skip eval | Valid: time=  3.6s loss=0.489, TAw acc= 89.5% | * lr=4.8e-03
| Epoch  37, time= 33.8s | Train: skip eval | Valid: time=  2.9s loss=0.506, TAw acc= 89.5% | lr=4.6e-03
| Epoch  38, time= 34.4s | Train: skip eval | Valid: time=  2.6s loss=0.500, TAw acc= 89.5% | lr=4.4e-03
| Epoch  39, time= 34.1s | Train: skip eval | Valid: time=  2.9s loss=0.490, TAw acc= 89.7% | lr=4.2e-03
| Epoch  40, time= 31.6s | Train: skip eval | Valid: time=  2.6s loss=0.500, TAw acc= 89.9% | lr=3.9e-03
| Epoch  41, time= 37.0s | Train: skip eval | Valid: time=  2.7s loss=0.486, TAw acc= 89.3% | * lr=3.7e-03
| Epoch  42, time= 31.8s | Train: skip eval | Valid: time=  2.7s loss=0.488, TAw acc= 89.9% | lr=3.5e-03
| Epoch  43, time= 33.8s | Train: skip eval | Valid: time=  3.2s loss=0.489, TAw acc= 88.8% | lr=3.3e-03
| Epoch  44, time= 34.1s | Train: skip eval | Valid: time=  3.7s loss=0.489, TAw acc= 89.9% | lr=3.1e-03
| Epoch  45, time= 35.1s | Train: skip eval | Valid: time=  2.7s loss=0.487, TAw acc= 89.9% | lr=2.9e-03
| Epoch  46, time= 31.1s | Train: skip eval | Valid: time=  2.9s loss=0.482, TAw acc= 89.3% | * lr=2.7e-03
| Epoch  47, time= 29.9s | Train: skip eval | Valid: time=  2.6s loss=0.486, TAw acc= 90.0% | lr=2.5e-03
| Epoch  48, time= 35.3s | Train: skip eval | Valid: time=  2.7s loss=0.472, TAw acc= 89.5% | * lr=2.3e-03
| Epoch  49, time= 30.5s | Train: skip eval | Valid: time=  2.7s loss=0.473, TAw acc= 90.3% | lr=2.1e-03
| Epoch  50, time= 31.4s | Train: skip eval | Valid: time=  2.7s loss=0.490, TAw acc= 88.8% | lr=2.0e-03
| Epoch  51, time= 31.5s | Train: skip eval | Valid: time=  2.7s loss=0.488, TAw acc= 89.5% | lr=1.8e-03
| Epoch  52, time= 31.0s | Train: skip eval | Valid: time=  2.6s loss=0.474, TAw acc= 89.7% | lr=1.6e-03
| Epoch  53, time= 32.5s | Train: skip eval | Valid: time=  2.6s loss=0.476, TAw acc= 90.1% | lr=1.5e-03
| Epoch  54, time= 35.4s | Train: skip eval | Valid: time=  2.6s loss=0.471, TAw acc= 90.3% | * lr=1.3e-03
| Epoch  55, time= 31.4s | Train: skip eval | Valid: time=  2.7s loss=0.473, TAw acc= 90.3% | lr=1.2e-03
| Epoch  56, time= 36.8s | Train: skip eval | Valid: time=  2.9s loss=0.477, TAw acc= 89.7% | lr=1.0e-03
| Epoch  57, time= 32.6s | Train: skip eval | Valid: time=  3.5s loss=0.476, TAw acc= 89.6% | lr=9.2e-04
| Epoch  58, time= 31.8s | Train: skip eval | Valid: time=  3.4s loss=0.473, TAw acc= 90.3% | lr=8.0e-04
| Epoch  59, time= 33.1s | Train: skip eval | Valid: time=  3.4s loss=0.477, TAw acc= 90.1% | lr=6.9e-04
| Epoch  60, time= 36.2s | Train: skip eval | Valid: time=  2.8s loss=0.478, TAw acc= 90.5% | lr=5.9e-04
| Epoch  61, time= 33.6s | Train: skip eval | Valid: time=  2.8s loss=0.472, TAw acc= 90.3% | lr=5.0e-04
| Epoch  62, time= 31.7s | Train: skip eval | Valid: time=  2.7s loss=0.471, TAw acc= 90.3% | lr=4.2e-04
| Epoch  63, time= 33.6s | Train: skip eval | Valid: time=  2.6s loss=0.474, TAw acc= 90.3% | lr=3.4e-04
| Epoch  64, time= 29.8s | Train: skip eval | Valid: time=  2.6s loss=0.475, TAw acc= 90.1% | lr=2.8e-04
| Epoch  65, time= 29.3s | Train: skip eval | Valid: time=  2.9s loss=0.474, TAw acc= 90.0% | lr=2.2e-04
| Epoch  66, time= 31.7s | Train: skip eval | Valid: time=  2.7s loss=0.473, TAw acc= 89.9% | lr=1.8e-04
| Epoch  67, time= 34.4s | Train: skip eval | Valid: time=  2.6s loss=0.474, TAw acc= 90.0% | lr=1.4e-04
| Epoch  68, time= 29.8s | Train: skip eval | Valid: time=  2.7s loss=0.473, TAw acc= 90.4% | lr=1.2e-04
| Epoch  69, time= 32.7s | Train: skip eval | Valid: time=  2.9s loss=0.476, TAw acc= 89.5% | lr=1.0e-04
| Epoch  70, time= 31.0s | Train: skip eval | Valid: time=  2.7s loss=0.469, TAw acc= 90.0% | * lr=1.0e-04
| Selected 2000 train exemplars, time=  2.5s
------------------------------------------------------------------------------------------------------------
>>> Test on task  0 : loss=0.307 | TAw acc= 89.8%, forg= -0.2% | TAg acc= 69.0%, forg= 17.2% <<<
>>> Test on task  1 : loss=0.463 | TAw acc= 91.6%, forg= -0.2% | TAg acc= 58.9%, forg= 29.8% <<<
>>> Test on task  2 : loss=0.663 | TAw acc= 88.2%, forg=  0.4% | TAg acc= 61.9%, forg= 24.8% <<<
>>> Test on task  3 : loss=0.363 | TAw acc= 92.0%, forg=  0.0% | TAg acc= 90.6%, forg=  0.0% <<<
Save at ./results/./results/resnet50.a1_in1k/food101/replay/10
************************************************************************************************************
TAw Acc
	 86.1%   0.0%   0.0%   0.0%   0.0%   0.0%   0.0%   0.0%   0.0%   0.0% 	Avg.: 86.1% 
	 89.2%  91.0%   0.0%   0.0%   0.0%   0.0%   0.0%   0.0%   0.0%   0.0% 	Avg.: 90.1% 
	 89.6%  91.4%  88.6%   0.0%   0.0%   0.0%   0.0%   0.0%   0.0%   0.0% 	Avg.: 89.9% 
	 89.8%  91.6%  88.2%  92.0%   0.0%   0.0%   0.0%   0.0%   0.0%   0.0% 	Avg.: 90.4% 
	  0.0%   0.0%   0.0%   0.0%   0.0%   0.0%   0.0%   0.0%   0.0%   0.0% 	Avg.:  0.0% 
	  0.0%   0.0%   0.0%   0.0%   0.0%   0.0%   0.0%   0.0%   0.0%   0.0% 	Avg.:  0.0% 
	  0.0%   0.0%   0.0%   0.0%   0.0%   0.0%   0.0%   0.0%   0.0%   0.0% 	Avg.:  0.0% 
	  0.0%   0.0%   0.0%   0.0%   0.0%   0.0%   0.0%   0.0%   0.0%   0.0% 	Avg.:  0.0% 
	  0.0%   0.0%   0.0%   0.0%   0.0%   0.0%   0.0%   0.0%   0.0%   0.0% 	Avg.:  0.0% 
	  0.0%   0.0%   0.0%   0.0%   0.0%   0.0%   0.0%   0.0%   0.0%   0.0% 	Avg.:  0.0% 
************************************************************************************************************
TAg Acc
	 86.1%   0.0%   0.0%   0.0%   0.0%   0.0%   0.0%   0.0%   0.0%   0.0% 	Avg.: 86.1% 
	 71.6%  88.7%   0.0%   0.0%   0.0%   0.0%   0.0%   0.0%   0.0%   0.0% 	Avg.: 80.1% 
	 72.2%  66.3%  86.7%   0.0%   0.0%   0.0%   0.0%   0.0%   0.0%   0.0% 	Avg.: 75.1% 
	 69.0%  58.9%  61.9%  90.6%   0.0%   0.0%   0.0%   0.0%   0.0%   0.0% 	Avg.: 70.1% 
	  0.0%   0.0%   0.0%   0.0%   0.0%   0.0%   0.0%   0.0%   0.0%   0.0% 	Avg.:  0.0% 
	  0.0%   0.0%   0.0%   0.0%   0.0%   0.0%   0.0%   0.0%   0.0%   0.0% 	Avg.:  0.0% 
	  0.0%   0.0%   0.0%   0.0%   0.0%   0.0%   0.0%   0.0%   0.0%   0.0% 	Avg.:  0.0% 
	  0.0%   0.0%   0.0%   0.0%   0.0%   0.0%   0.0%   0.0%   0.0%   0.0% 	Avg.:  0.0% 
	  0.0%   0.0%   0.0%   0.0%   0.0%   0.0%   0.0%   0.0%   0.0%   0.0% 	Avg.:  0.0% 
	  0.0%   0.0%   0.0%   0.0%   0.0%   0.0%   0.0%   0.0%   0.0%   0.0% 	Avg.:  0.0% 
************************************************************************************************************
TAw Forg
	  0.0%   0.0%   0.0%   0.0%   0.0%   0.0%   0.0%   0.0%   0.0%   0.0% 
	 -3.0%   0.0%   0.0%   0.0%   0.0%   0.0%   0.0%   0.0%   0.0%   0.0% 	Avg.: -3.0% 
	 -0.4%  -0.4%   0.0%   0.0%   0.0%   0.0%   0.0%   0.0%   0.0%   0.0% 	Avg.: -0.4% 
	 -0.2%  -0.2%   0.4%   0.0%   0.0%   0.0%   0.0%   0.0%   0.0%   0.0% 	Avg.: -0.0% 
	  0.0%   0.0%   0.0%   0.0%   0.0%   0.0%   0.0%   0.0%   0.0%   0.0% 	Avg.:  0.0% 
	  0.0%   0.0%   0.0%   0.0%   0.0%   0.0%   0.0%   0.0%   0.0%   0.0% 	Avg.:  0.0% 
	  0.0%   0.0%   0.0%   0.0%   0.0%   0.0%   0.0%   0.0%   0.0%   0.0% 	Avg.:  0.0% 
	  0.0%   0.0%   0.0%   0.0%   0.0%   0.0%   0.0%   0.0%   0.0%   0.0% 	Avg.:  0.0% 
	  0.0%   0.0%   0.0%   0.0%   0.0%   0.0%   0.0%   0.0%   0.0%   0.0% 	Avg.:  0.0% 
	  0.0%   0.0%   0.0%   0.0%   0.0%   0.0%   0.0%   0.0%   0.0%   0.0% 	Avg.:  0.0% 
************************************************************************************************************
TAg Forg
	  0.0%   0.0%   0.0%   0.0%   0.0%   0.0%   0.0%   0.0%   0.0%   0.0% 
	 14.5%   0.0%   0.0%   0.0%   0.0%   0.0%   0.0%   0.0%   0.0%   0.0% 	Avg.: 14.5% 
	 14.0%  22.4%   0.0%   0.0%   0.0%   0.0%   0.0%   0.0%   0.0%   0.0% 	Avg.: 18.2% 
	 17.2%  29.8%  24.8%   0.0%   0.0%   0.0%   0.0%   0.0%   0.0%   0.0% 	Avg.: 23.9% 
	  0.0%   0.0%   0.0%   0.0%   0.0%   0.0%   0.0%   0.0%   0.0%   0.0% 	Avg.:  0.0% 
	  0.0%   0.0%   0.0%   0.0%   0.0%   0.0%   0.0%   0.0%   0.0%   0.0% 	Avg.:  0.0% 
	  0.0%   0.0%   0.0%   0.0%   0.0%   0.0%   0.0%   0.0%   0.0%   0.0% 	Avg.:  0.0% 
	  0.0%   0.0%   0.0%   0.0%   0.0%   0.0%   0.0%   0.0%   0.0%   0.0% 	Avg.:  0.0% 
	  0.0%   0.0%   0.0%   0.0%   0.0%   0.0%   0.0%   0.0%   0.0%   0.0% 	Avg.:  0.0% 
	  0.0%   0.0%   0.0%   0.0%   0.0%   0.0%   0.0%   0.0%   0.0%   0.0% 	Avg.:  0.0% 
************************************************************************************************************
[Elapsed time = 0.7 h]
Done!
