START_TASK=1 STOP_TASK=2
============================================================================================================
Arguments =
	approach: replay
	batch_size: 64
	classes_first_task: None
	clipping: 10000
	crop: 224
	data_path: ../data/food101
	dataset: food101
	eval_on_train: False
	experiment_path: None
	fix_bn: False
	freeze_backbone: False
	gpu: 0
	gpus: [0]
	increment: 10
	last_layer_analysis: True
	log: ['disk']
	lr: 0.01
	lr_factor: None
	lr_min: 0.0001
	lr_patience: None
	lr_scheduler: cosine
	lr_warmup_epochs: 0
	momentum: 0.0
	multi_softmax: False
	nepochs: 70
	network: resnet50.a1_in1k
	no_cudnn_deterministic: False
	normalize: in1k
	num_workers: 2
	optimizer_name: sgd
	pin_memory: False
	pretrained: True
	resize: 224
	results_path: ./results
	save_models: True
	seed: 0
	start_at_task: 1
	start_epoch: 0
	stop_at_task: 2
	stop_epoch: 0
	use_valid_only: False
	warmup_lr_factor: 1.0
	warmup_nepochs: 0
	weight_decay: 0.0
============================================================================================================
Approach arguments =
============================================================================================================
Exemplars arguments =
	exemplar_selection: random
	num_exemplars: 2000
============================================================================================================
WARNING: ./results/resnet50.a1_in1k/food101/replay/10 already exists!
Loaded acc_taw from: ./results/resnet50.a1_in1k/food101/replay/10/acc_taw-0.txt
Loaded acc_tag from: ./results/resnet50.a1_in1k/food101/replay/10/acc_tag-0.txt
Loaded forg_taw from: ./results/resnet50.a1_in1k/food101/replay/10/forg_taw-0.txt
Loaded forg_tag from: ./results/resnet50.a1_in1k/food101/replay/10/forg_tag-0.txt
Loaded 2000 exemplars from ./results/resnet50.a1_in1k/food101/replay/10/task0_exemplars.pth
************************************************************************************************************
Task  1  [epochs 0-70]
************************************************************************************************************
[params] total:23,549,012  trainable:23,549,012  tensors:163  trainable_tensors:163
| Epoch   1, time= 33.5s | Train: skip eval | Valid: time=  3.4s loss=2.306, TAw acc= 66.9% | * lr=1.0e-02
| Epoch   2, time= 32.6s | Train: skip eval | Valid: time=  2.8s loss=1.927, TAw acc= 72.3% | * lr=1.0e-02
| Epoch   3, time= 32.9s | Train: skip eval | Valid: time=  2.6s loss=1.655, TAw acc= 74.0% | * lr=1.0e-02
| Epoch   4, time= 31.5s | Train: skip eval | Valid: time=  2.9s loss=1.490, TAw acc= 74.7% | * lr=9.9e-03
| Epoch   5, time= 30.3s | Train: skip eval | Valid: time=  2.8s loss=1.344, TAw acc= 75.9% | * lr=9.9e-03
| Epoch   6, time= 33.3s | Train: skip eval | Valid: time=  2.9s loss=1.236, TAw acc= 75.3% | * lr=9.8e-03
| Epoch   7, time= 31.9s | Train: skip eval | Valid: time=  3.3s loss=1.128, TAw acc= 77.3% | * lr=9.8e-03
| Epoch   8, time= 29.6s | Train: skip eval | Valid: time=  3.1s loss=1.062, TAw acc= 77.5% | * lr=9.7e-03
| Epoch   9, time= 37.8s | Train: skip eval | Valid: time=  2.8s loss=0.999, TAw acc= 78.5% | * lr=9.6e-03
| Epoch  10, time= 32.7s | Train: skip eval | Valid: time=  2.7s loss=0.963, TAw acc= 79.2% | * lr=9.5e-03
| Epoch  11, time= 37.6s | Train: skip eval | Valid: time=  2.9s loss=0.911, TAw acc= 79.5% | * lr=9.4e-03
| Epoch  12, time= 34.1s | Train: skip eval | Valid: time=  3.4s loss=0.870, TAw acc= 80.4% | * lr=9.3e-03
| Epoch  13, time= 33.6s | Train: skip eval | Valid: time=  3.1s loss=0.858, TAw acc= 80.5% | * lr=9.2e-03
| Epoch  14, time= 33.7s | Train: skip eval | Valid: time=  2.7s loss=0.822, TAw acc= 81.1% | * lr=9.1e-03
| Epoch  15, time= 30.9s | Train: skip eval | Valid: time=  3.1s loss=0.822, TAw acc= 81.9% | lr=8.9e-03
| Epoch  16, time= 33.5s | Train: skip eval | Valid: time=  2.9s loss=0.797, TAw acc= 83.5% | * lr=8.8e-03
| Epoch  17, time= 32.3s | Train: skip eval | Valid: time=  2.7s loss=0.764, TAw acc= 82.0% | * lr=8.6e-03
| Epoch  18, time= 30.2s | Train: skip eval | Valid: time=  2.7s loss=0.745, TAw acc= 82.8% | * lr=8.5e-03
| Epoch  19, time= 30.4s | Train: skip eval | Valid: time=  2.6s loss=0.727, TAw acc= 83.7% | * lr=8.3e-03
| Epoch  20, time= 32.6s | Train: skip eval | Valid: time=  3.1s loss=0.737, TAw acc= 82.4% | lr=8.1e-03
| Epoch  21, time= 31.4s | Train: skip eval | Valid: time=  2.7s loss=0.709, TAw acc= 83.3% | * lr=8.0e-03
| Epoch  22, time= 36.1s | Train: skip eval | Valid: time=  2.7s loss=0.704, TAw acc= 83.1% | * lr=7.8e-03
| Epoch  23, time= 35.0s | Train: skip eval | Valid: time=  2.8s loss=0.688, TAw acc= 83.6% | * lr=7.6e-03
| Epoch  24, time= 33.3s | Train: skip eval | Valid: time=  3.4s loss=0.697, TAw acc= 83.3% | lr=7.4e-03
| Epoch  25, time= 36.0s | Train: skip eval | Valid: time=  2.7s loss=0.678, TAw acc= 83.3% | * lr=7.2e-03
| Epoch  26, time= 30.8s | Train: skip eval | Valid: time=  3.0s loss=0.658, TAw acc= 83.9% | * lr=7.0e-03
| Epoch  27, time= 31.3s | Train: skip eval | Valid: time=  3.0s loss=0.676, TAw acc= 83.6% | lr=6.8e-03
| Epoch  28, time= 31.9s | Train: skip eval | Valid: time=  2.8s loss=0.669, TAw acc= 83.7% | lr=6.6e-03
| Epoch  29, time= 33.6s | Train: skip eval | Valid: time=  2.7s loss=0.645, TAw acc= 84.8% | * lr=6.4e-03
| Epoch  30, time= 32.1s | Train: skip eval | Valid: time=  2.9s loss=0.652, TAw acc= 82.7% | lr=6.2e-03
| Epoch  31, time= 31.1s | Train: skip eval | Valid: time=  2.6s loss=0.640, TAw acc= 84.7% | * lr=5.9e-03
| Epoch  32, time= 32.4s | Train: skip eval | Valid: time=  2.7s loss=0.615, TAw acc= 85.3% | * lr=5.7e-03
| Epoch  33, time= 32.0s | Train: skip eval | Valid: time=  3.5s loss=0.627, TAw acc= 84.4% | lr=5.5e-03
| Epoch  34, time= 30.6s | Train: skip eval | Valid: time=  2.7s loss=0.618, TAw acc= 85.6% | lr=5.3e-03
| Epoch  35, time= 32.3s | Train: skip eval | Valid: time=  3.2s loss=0.616, TAw acc= 85.3% | lr=5.1e-03
| Epoch  36, time= 30.1s | Train: skip eval | Valid: time=  3.8s loss=0.614, TAw acc= 84.8% | * lr=4.8e-03
| Epoch  37, time= 34.7s | Train: skip eval | Valid: time=  2.8s loss=0.601, TAw acc= 84.8% | * lr=4.6e-03
| Epoch  38, time= 31.8s | Train: skip eval | Valid: time=  2.9s loss=0.616, TAw acc= 85.1% | lr=4.4e-03
| Epoch  39, time= 30.7s | Train: skip eval | Valid: time=  3.2s loss=0.592, TAw acc= 85.7% | * lr=4.2e-03
| Epoch  40, time= 31.5s | Train: skip eval | Valid: time=  2.7s loss=0.583, TAw acc= 84.8% | * lr=3.9e-03
| Epoch  41, time= 32.6s | Train: skip eval | Valid: time=  3.2s loss=0.586, TAw acc= 84.9% | lr=3.7e-03
| Epoch  42, time= 30.2s | Train: skip eval | Valid: time=  2.8s loss=0.584, TAw acc= 85.6% | lr=3.5e-03
| Epoch  43, time= 30.0s | Train: skip eval | Valid: time=  2.6s loss=0.583, TAw acc= 85.7% | lr=3.3e-03
| Epoch  44, time= 31.9s | Train: skip eval | Valid: time=  3.5s loss=0.582, TAw acc= 85.5% | * lr=3.1e-03
| Epoch  45, time= 30.5s | Train: skip eval | Valid: time=  2.6s loss=0.575, TAw acc= 85.5% | * lr=2.9e-03
| Epoch  46, time= 33.0s | Train: skip eval | Valid: time=  2.6s loss=0.569, TAw acc= 85.5% | * lr=2.7e-03
| Epoch  47, time= 32.5s | Train: skip eval | Valid: time=  2.7s loss=0.574, TAw acc= 84.9% | lr=2.5e-03
| Epoch  48, time= 30.6s | Train: skip eval | Valid: time=  2.7s loss=0.580, TAw acc= 85.3% | lr=2.3e-03
| Epoch  49, time= 36.8s | Train: skip eval | Valid: time=  2.9s loss=0.576, TAw acc= 85.5% | lr=2.1e-03
| Epoch  50, time= 30.5s | Train: skip eval | Valid: time=  2.7s loss=0.568, TAw acc= 84.9% | * lr=2.0e-03
| Epoch  51, time= 31.3s | Train: skip eval | Valid: time=  2.7s loss=0.573, TAw acc= 85.9% | lr=1.8e-03
| Epoch  52, time= 30.3s | Train: skip eval | Valid: time=  3.3s loss=0.558, TAw acc= 85.7% | * lr=1.6e-03
| Epoch  53, time= 31.1s | Train: skip eval | Valid: time=  3.2s loss=0.572, TAw acc= 85.6% | lr=1.5e-03
| Epoch  54, time= 30.0s | Train: skip eval | Valid: time=  3.6s loss=0.556, TAw acc= 86.4% | * lr=1.3e-03
| Epoch  55, time= 32.9s | Train: skip eval | Valid: time=  2.6s loss=0.565, TAw acc= 85.5% | lr=1.2e-03
| Epoch  56, time= 32.9s | Train: skip eval | Valid: time=  3.1s loss=0.576, TAw acc= 85.7% | lr=1.0e-03
| Epoch  57, time= 30.3s | Train: skip eval | Valid: time=  2.7s loss=0.556, TAw acc= 86.3% | * lr=9.2e-04
| Epoch  58, time= 32.3s | Train: skip eval | Valid: time=  3.2s loss=0.555, TAw acc= 86.0% | * lr=8.0e-04
| Epoch  59, time= 31.4s | Train: skip eval | Valid: time=  3.1s loss=0.560, TAw acc= 85.6% | lr=6.9e-04
| Epoch  60, time= 32.2s | Train: skip eval | Valid: time=  2.8s loss=0.559, TAw acc= 86.1% | lr=5.9e-04
| Epoch  61, time= 30.6s | Train: skip eval | Valid: time=  3.0s loss=0.561, TAw acc= 85.7% | lr=5.0e-04
| Epoch  62, time= 31.5s | Train: skip eval | Valid: time=  2.7s loss=0.551, TAw acc= 85.9% | * lr=4.2e-04
| Epoch  63, time= 31.1s | Train: skip eval | Valid: time=  2.6s loss=0.554, TAw acc= 85.9% | lr=3.4e-04
| Epoch  64, time= 37.1s | Train: skip eval | Valid: time=  2.7s loss=0.558, TAw acc= 86.0% | lr=2.8e-04
| Epoch  65, time= 30.9s | Train: skip eval | Valid: time=  3.2s loss=0.564, TAw acc= 85.9% | lr=2.2e-04
| Epoch  66, time= 28.8s | Train: skip eval | Valid: time=  2.6s loss=0.555, TAw acc= 85.9% | lr=1.8e-04
| Epoch  67, time= 30.7s | Train: skip eval | Valid: time=  2.7s loss=0.555, TAw acc= 85.9% | lr=1.4e-04
| Epoch  68, time= 30.8s | Train: skip eval | Valid: time=  2.8s loss=0.558, TAw acc= 86.0% | lr=1.2e-04
| Epoch  69, time= 29.1s | Train: skip eval | Valid: time=  3.6s loss=0.554, TAw acc= 85.9% | lr=1.0e-04
| Epoch  70, time= 33.6s | Train: skip eval | Valid: time=  2.8s loss=0.559, TAw acc= 85.7% | lr=1.0e-04
| Selected 2000 train exemplars, time=  3.1s
------------------------------------------------------------------------------------------------------------
>>> Test on task  0 : loss=0.364 | TAw acc= 89.2%, forg= -3.0% | TAg acc= 71.6%, forg= 14.5% <<<
>>> Test on task  1 : loss=0.417 | TAw acc= 91.0%, forg=  0.0% | TAg acc= 88.7%, forg=  0.0% <<<
Save at ./results/./results/resnet50.a1_in1k/food101/replay/10
************************************************************************************************************
TAw Acc
	 86.1%   0.0%   0.0%   0.0%   0.0%   0.0%   0.0%   0.0%   0.0%   0.0% 	Avg.: 86.1% 
	 89.2%  91.0%   0.0%   0.0%   0.0%   0.0%   0.0%   0.0%   0.0%   0.0% 	Avg.: 90.1% 
	  0.0%   0.0%   0.0%   0.0%   0.0%   0.0%   0.0%   0.0%   0.0%   0.0% 	Avg.:  0.0% 
	  0.0%   0.0%   0.0%   0.0%   0.0%   0.0%   0.0%   0.0%   0.0%   0.0% 	Avg.:  0.0% 
	  0.0%   0.0%   0.0%   0.0%   0.0%   0.0%   0.0%   0.0%   0.0%   0.0% 	Avg.:  0.0% 
	  0.0%   0.0%   0.0%   0.0%   0.0%   0.0%   0.0%   0.0%   0.0%   0.0% 	Avg.:  0.0% 
	  0.0%   0.0%   0.0%   0.0%   0.0%   0.0%   0.0%   0.0%   0.0%   0.0% 	Avg.:  0.0% 
	  0.0%   0.0%   0.0%   0.0%   0.0%   0.0%   0.0%   0.0%   0.0%   0.0% 	Avg.:  0.0% 
	  0.0%   0.0%   0.0%   0.0%   0.0%   0.0%   0.0%   0.0%   0.0%   0.0% 	Avg.:  0.0% 
	  0.0%   0.0%   0.0%   0.0%   0.0%   0.0%   0.0%   0.0%   0.0%   0.0% 	Avg.:  0.0% 
************************************************************************************************************
TAg Acc
	 86.1%   0.0%   0.0%   0.0%   0.0%   0.0%   0.0%   0.0%   0.0%   0.0% 	Avg.: 86.1% 
	 71.6%  88.7%   0.0%   0.0%   0.0%   0.0%   0.0%   0.0%   0.0%   0.0% 	Avg.: 80.1% 
	  0.0%   0.0%   0.0%   0.0%   0.0%   0.0%   0.0%   0.0%   0.0%   0.0% 	Avg.:  0.0% 
	  0.0%   0.0%   0.0%   0.0%   0.0%   0.0%   0.0%   0.0%   0.0%   0.0% 	Avg.:  0.0% 
	  0.0%   0.0%   0.0%   0.0%   0.0%   0.0%   0.0%   0.0%   0.0%   0.0% 	Avg.:  0.0% 
	  0.0%   0.0%   0.0%   0.0%   0.0%   0.0%   0.0%   0.0%   0.0%   0.0% 	Avg.:  0.0% 
	  0.0%   0.0%   0.0%   0.0%   0.0%   0.0%   0.0%   0.0%   0.0%   0.0% 	Avg.:  0.0% 
	  0.0%   0.0%   0.0%   0.0%   0.0%   0.0%   0.0%   0.0%   0.0%   0.0% 	Avg.:  0.0% 
	  0.0%   0.0%   0.0%   0.0%   0.0%   0.0%   0.0%   0.0%   0.0%   0.0% 	Avg.:  0.0% 
	  0.0%   0.0%   0.0%   0.0%   0.0%   0.0%   0.0%   0.0%   0.0%   0.0% 	Avg.:  0.0% 
************************************************************************************************************
TAw Forg
	  0.0%   0.0%   0.0%   0.0%   0.0%   0.0%   0.0%   0.0%   0.0%   0.0% 
	 -3.0%   0.0%   0.0%   0.0%   0.0%   0.0%   0.0%   0.0%   0.0%   0.0% 	Avg.: -3.0% 
	  0.0%   0.0%   0.0%   0.0%   0.0%   0.0%   0.0%   0.0%   0.0%   0.0% 	Avg.:  0.0% 
	  0.0%   0.0%   0.0%   0.0%   0.0%   0.0%   0.0%   0.0%   0.0%   0.0% 	Avg.:  0.0% 
	  0.0%   0.0%   0.0%   0.0%   0.0%   0.0%   0.0%   0.0%   0.0%   0.0% 	Avg.:  0.0% 
	  0.0%   0.0%   0.0%   0.0%   0.0%   0.0%   0.0%   0.0%   0.0%   0.0% 	Avg.:  0.0% 
	  0.0%   0.0%   0.0%   0.0%   0.0%   0.0%   0.0%   0.0%   0.0%   0.0% 	Avg.:  0.0% 
	  0.0%   0.0%   0.0%   0.0%   0.0%   0.0%   0.0%   0.0%   0.0%   0.0% 	Avg.:  0.0% 
	  0.0%   0.0%   0.0%   0.0%   0.0%   0.0%   0.0%   0.0%   0.0%   0.0% 	Avg.:  0.0% 
	  0.0%   0.0%   0.0%   0.0%   0.0%   0.0%   0.0%   0.0%   0.0%   0.0% 	Avg.:  0.0% 
************************************************************************************************************
TAg Forg
	  0.0%   0.0%   0.0%   0.0%   0.0%   0.0%   0.0%   0.0%   0.0%   0.0% 
	 14.5%   0.0%   0.0%   0.0%   0.0%   0.0%   0.0%   0.0%   0.0%   0.0% 	Avg.: 14.5% 
	  0.0%   0.0%   0.0%   0.0%   0.0%   0.0%   0.0%   0.0%   0.0%   0.0% 	Avg.:  0.0% 
	  0.0%   0.0%   0.0%   0.0%   0.0%   0.0%   0.0%   0.0%   0.0%   0.0% 	Avg.:  0.0% 
	  0.0%   0.0%   0.0%   0.0%   0.0%   0.0%   0.0%   0.0%   0.0%   0.0% 	Avg.:  0.0% 
	  0.0%   0.0%   0.0%   0.0%   0.0%   0.0%   0.0%   0.0%   0.0%   0.0% 	Avg.:  0.0% 
	  0.0%   0.0%   0.0%   0.0%   0.0%   0.0%   0.0%   0.0%   0.0%   0.0% 	Avg.:  0.0% 
	  0.0%   0.0%   0.0%   0.0%   0.0%   0.0%   0.0%   0.0%   0.0%   0.0% 	Avg.:  0.0% 
	  0.0%   0.0%   0.0%   0.0%   0.0%   0.0%   0.0%   0.0%   0.0%   0.0% 	Avg.:  0.0% 
	  0.0%   0.0%   0.0%   0.0%   0.0%   0.0%   0.0%   0.0%   0.0%   0.0% 	Avg.:  0.0% 
************************************************************************************************************
[Elapsed time = 0.7 h]
Done!
