START_TASK=18 STOP_TASK=19
============================================================================================================
Arguments =
	approach: lwf
	batch_size: 64
	classes_first_task: None
	clipping: 10000
	crop: 224
	data_path: ../data/inat200
	dataset: inat200
	eval_on_train: False
	experiment_path: None
	fix_bn: False
	freeze_backbone: False
	gpu: 0
	gpus: [0]
	increment: 10
	last_layer_analysis: True
	log: ['disk']
	lr: 0.01
	lr_factor: None
	lr_min: 0.0001
	lr_patience: None
	lr_scheduler: cosine
	lr_warmup_epochs: 0
	momentum: 0.0
	multi_softmax: False
	nepochs: 90
	network: resnetv2_101x1_bit.goog_in21k
	no_cudnn_deterministic: False
	normalize: in21k
	num_workers: 2
	optimizer_name: sgd
	pin_memory: False
	pretrained: True
	resize: 224
	results_path: ./results
	save_models: True
	seed: 0
	start_at_task: 18
	start_epoch: 0
	stop_at_task: 19
	stop_epoch: 0
	use_valid_only: False
	warmup_lr_factor: 1.0
	warmup_nepochs: 0
	weight_decay: 0.0
============================================================================================================
Approach arguments =
	T: 2
	lamb: 1.0
============================================================================================================
Exemplars arguments =
============================================================================================================
WARNING: ./results/resnetv2_101x1_bit.goog_in21k/inat200/lwf/10 already exists!
Loaded acc_taw from: ./results/resnetv2_101x1_bit.goog_in21k/inat200/lwf/10/acc_taw-17.txt
Loaded acc_tag from: ./results/resnetv2_101x1_bit.goog_in21k/inat200/lwf/10/acc_tag-17.txt
Loaded forg_taw from: ./results/resnetv2_101x1_bit.goog_in21k/inat200/lwf/10/forg_taw-17.txt
Loaded forg_tag from: ./results/resnetv2_101x1_bit.goog_in21k/inat200/lwf/10/forg_tag-17.txt
************************************************************************************************************
Task 18  [epochs 0-90]
************************************************************************************************************
[params] total:42,881,790  trainable:42,881,790  tensors:342  trainable_tensors:342
| Epoch   1, time= 16.3s | Train: skip eval | Valid: time=  1.9s loss=4.101, TAw acc= 77.8% | * lr=1.0e-02
| Epoch   2, time= 16.2s | Train: skip eval | Valid: time=  1.7s loss=3.283, TAw acc= 83.8% | * lr=1.0e-02
| Epoch   3, time= 14.9s | Train: skip eval | Valid: time=  1.8s loss=3.221, TAw acc= 86.0% | * lr=1.0e-02
| Epoch   4, time= 16.5s | Train: skip eval | Valid: time=  1.7s loss=3.114, TAw acc= 89.2% | * lr=1.0e-02
| Epoch   5, time= 14.0s | Train: skip eval | Valid: time=  2.1s loss=3.203, TAw acc= 86.8% | lr=9.9e-03
| Epoch   6, time= 16.8s | Train: skip eval | Valid: time=  2.0s loss=3.423, TAw acc= 83.0% | lr=9.9e-03
| Epoch   7, time= 16.1s | Train: skip eval | Valid: time=  1.9s loss=3.240, TAw acc= 86.0% | lr=9.9e-03
| Epoch   8, time= 16.7s | Train: skip eval | Valid: time=  1.5s loss=3.122, TAw acc= 88.8% | lr=9.8e-03
| Epoch   9, time= 15.2s | Train: skip eval | Valid: time=  1.5s loss=3.360, TAw acc= 85.0% | lr=9.8e-03
| Epoch  10, time= 14.5s | Train: skip eval | Valid: time=  1.6s loss=3.247, TAw acc= 87.2% | lr=9.7e-03
| Epoch  11, time= 15.1s | Train: skip eval | Valid: time=  2.0s loss=3.154, TAw acc= 88.2% | lr=9.6e-03
| Epoch  12, time= 14.8s | Train: skip eval | Valid: time=  1.6s loss=3.147, TAw acc= 88.2% | lr=9.6e-03
| Epoch  13, time= 19.0s | Train: skip eval | Valid: time=  2.3s loss=3.126, TAw acc= 89.0% | lr=9.5e-03
| Epoch  14, time= 19.4s | Train: skip eval | Valid: time=  2.0s loss=3.235, TAw acc= 87.0% | lr=9.4e-03
| Epoch  15, time= 15.3s | Train: skip eval | Valid: time=  1.8s loss=3.132, TAw acc= 89.2% | lr=9.3e-03
| Epoch  16, time= 15.6s | Train: skip eval | Valid: time=  1.6s loss=3.104, TAw acc= 89.2% | * lr=9.2e-03
| Epoch  17, time= 14.7s | Train: skip eval | Valid: time=  1.6s loss=3.136, TAw acc= 88.5% | lr=9.2e-03
| Epoch  18, time= 15.6s | Train: skip eval | Valid: time=  1.5s loss=3.160, TAw acc= 89.5% | lr=9.1e-03
| Epoch  19, time= 15.1s | Train: skip eval | Valid: time=  1.5s loss=3.177, TAw acc= 87.2% | lr=9.0e-03
| Epoch  20, time= 13.7s | Train: skip eval | Valid: time=  1.6s loss=3.128, TAw acc= 88.0% | lr=8.8e-03
| Epoch  21, time= 13.7s | Train: skip eval | Valid: time=  1.8s loss=3.139, TAw acc= 88.2% | lr=8.7e-03
| Epoch  22, time= 15.7s | Train: skip eval | Valid: time=  1.5s loss=3.198, TAw acc= 88.8% | lr=8.6e-03
| Epoch  23, time= 14.7s | Train: skip eval | Valid: time=  1.8s loss=3.417, TAw acc= 85.5% | lr=8.5e-03
| Epoch  24, time= 16.3s | Train: skip eval | Valid: time=  1.5s loss=3.147, TAw acc= 89.2% | lr=8.4e-03
| Epoch  25, time= 14.2s | Train: skip eval | Valid: time=  1.8s loss=3.139, TAw acc= 88.5% | lr=8.2e-03
| Epoch  26, time= 13.1s | Train: skip eval | Valid: time=  1.6s loss=3.135, TAw acc= 89.8% | lr=8.1e-03
| Epoch  27, time= 14.4s | Train: skip eval | Valid: time=  1.5s loss=3.133, TAw acc= 90.2% | lr=8.0e-03
| Epoch  28, time= 16.4s | Train: skip eval | Valid: time=  1.5s loss=3.124, TAw acc= 90.2% | lr=7.8e-03
| Epoch  29, time= 14.2s | Train: skip eval | Valid: time=  1.5s loss=3.332, TAw acc= 87.2% | lr=7.7e-03
| Epoch  30, time= 13.6s | Train: skip eval | Valid: time=  2.0s loss=3.152, TAw acc= 88.8% | lr=7.5e-03
| Epoch  31, time= 13.7s | Train: skip eval | Valid: time=  1.8s loss=3.277, TAw acc= 88.5% | lr=7.4e-03
| Epoch  32, time= 15.3s | Train: skip eval | Valid: time=  1.6s loss=3.202, TAw acc= 89.5% | lr=7.2e-03
| Epoch  33, time= 16.6s | Train: skip eval | Valid: time=  1.5s loss=3.178, TAw acc= 87.8% | lr=7.1e-03
| Epoch  34, time= 15.0s | Train: skip eval | Valid: time=  1.5s loss=3.198, TAw acc= 89.8% | lr=6.9e-03
| Epoch  35, time= 16.4s | Train: skip eval | Valid: time=  1.5s loss=3.181, TAw acc= 88.8% | lr=6.7e-03
| Epoch  36, time= 13.7s | Train: skip eval | Valid: time=  1.5s loss=3.145, TAw acc= 89.2% | lr=6.6e-03
| Epoch  37, time= 14.0s | Train: skip eval | Valid: time=  1.8s loss=3.145, TAw acc= 90.2% | lr=6.4e-03
| Epoch  38, time= 16.4s | Train: skip eval | Valid: time=  2.0s loss=3.165, TAw acc= 89.2% | lr=6.2e-03
| Epoch  39, time= 14.9s | Train: skip eval | Valid: time=  2.7s loss=3.159, TAw acc= 89.8% | lr=6.1e-03
| Epoch  40, time= 15.7s | Train: skip eval | Valid: time=  1.6s loss=3.170, TAw acc= 90.0% | lr=5.9e-03
| Epoch  41, time= 15.7s | Train: skip eval | Valid: time=  3.2s loss=3.204, TAw acc= 88.8% | lr=5.7e-03
| Epoch  42, time= 15.3s | Train: skip eval | Valid: time=  1.5s loss=3.173, TAw acc= 90.8% | lr=5.6e-03
| Epoch  43, time= 13.3s | Train: skip eval | Valid: time=  1.5s loss=3.159, TAw acc= 89.8% | lr=5.4e-03
| Epoch  44, time= 16.4s | Train: skip eval | Valid: time=  1.6s loss=3.143, TAw acc= 90.0% | lr=5.2e-03
| Epoch  45, time= 14.1s | Train: skip eval | Valid: time=  1.5s loss=3.137, TAw acc= 90.0% | lr=5.1e-03
| Epoch  46, time= 15.6s | Train: skip eval | Valid: time=  1.5s loss=3.134, TAw acc= 90.5% | lr=4.9e-03
| Epoch  47, time= 13.5s | Train: skip eval | Valid: time=  1.5s loss=3.128, TAw acc= 90.5% | lr=4.7e-03
| Epoch  48, time= 14.0s | Train: skip eval | Valid: time=  1.6s loss=3.161, TAw acc= 89.8% | lr=4.5e-03
| Epoch  49, time= 16.1s | Train: skip eval | Valid: time=  1.5s loss=3.132, TAw acc= 90.5% | lr=4.4e-03
| Epoch  50, time= 13.5s | Train: skip eval | Valid: time=  1.6s loss=3.112, TAw acc= 90.5% | lr=4.2e-03
| Epoch  51, time= 14.0s | Train: skip eval | Valid: time=  1.6s loss=3.117, TAw acc= 91.0% | lr=4.0e-03
| Epoch  52, time= 16.0s | Train: skip eval | Valid: time=  1.8s loss=3.128, TAw acc= 90.2% | lr=3.9e-03
| Epoch  53, time= 13.1s | Train: skip eval | Valid: time=  1.5s loss=3.128, TAw acc= 89.5% | lr=3.7e-03
| Epoch  54, time= 14.7s | Train: skip eval | Valid: time=  1.6s loss=3.124, TAw acc= 89.2% | lr=3.5e-03
| Epoch  55, time= 14.1s | Train: skip eval | Valid: time=  1.5s loss=3.142, TAw acc= 90.0% | lr=3.4e-03
| Epoch  56, time= 14.3s | Train: skip eval | Valid: time=  2.0s loss=3.151, TAw acc= 89.0% | lr=3.2e-03
| Epoch  57, time= 15.3s | Train: skip eval | Valid: time=  1.6s loss=3.128, TAw acc= 89.5% | lr=3.0e-03
| Epoch  58, time= 14.5s | Train: skip eval | Valid: time=  1.8s loss=3.134, TAw acc= 90.0% | lr=2.9e-03
| Epoch  59, time= 13.4s | Train: skip eval | Valid: time=  1.5s loss=3.130, TAw acc= 90.0% | lr=2.7e-03
| Epoch  60, time= 13.0s | Train: skip eval | Valid: time=  1.8s loss=3.133, TAw acc= 90.2% | lr=2.6e-03
| Epoch  61, time= 14.2s | Train: skip eval | Valid: time=  1.5s loss=3.121, TAw acc= 90.0% | lr=2.4e-03
| Epoch  62, time= 14.8s | Train: skip eval | Valid: time=  1.5s loss=3.149, TAw acc= 89.5% | lr=2.3e-03
| Epoch  63, time= 14.4s | Train: skip eval | Valid: time=  1.5s loss=3.139, TAw acc= 90.2% | lr=2.1e-03
| Epoch  64, time= 14.4s | Train: skip eval | Valid: time=  1.6s loss=3.147, TAw acc= 89.5% | lr=2.0e-03
| Epoch  65, time= 15.4s | Train: skip eval | Valid: time=  1.7s loss=3.140, TAw acc= 89.8% | lr=1.9e-03
| Epoch  66, time= 14.1s | Train: skip eval | Valid: time=  1.9s loss=3.137, TAw acc= 90.2% | lr=1.7e-03
| Epoch  67, time= 14.2s | Train: skip eval | Valid: time=  1.5s loss=3.138, TAw acc= 90.0% | lr=1.6e-03
| Epoch  68, time= 14.3s | Train: skip eval | Valid: time=  1.6s loss=3.140, TAw acc= 90.0% | lr=1.5e-03
| Epoch  69, time= 13.9s | Train: skip eval | Valid: time=  1.6s loss=3.123, TAw acc= 90.0% | lr=1.4e-03
| Epoch  70, time= 14.2s | Train: skip eval | Valid: time=  1.6s loss=3.131, TAw acc= 89.8% | lr=1.3e-03
| Epoch  71, time= 13.6s | Train: skip eval | Valid: time=  1.5s loss=3.123, TAw acc= 90.2% | lr=1.1e-03
| Epoch  72, time= 14.4s | Train: skip eval | Valid: time=  1.5s loss=3.127, TAw acc= 90.5% | lr=1.0e-03
| Epoch  73, time= 13.4s | Train: skip eval | Valid: time=  1.5s loss=3.130, TAw acc= 90.2% | lr=9.5e-04
| Epoch  74, time= 14.3s | Train: skip eval | Valid: time=  2.0s loss=3.135, TAw acc= 90.5% | lr=8.5e-04
| Epoch  75, time= 14.0s | Train: skip eval | Valid: time=  2.0s loss=3.137, TAw acc= 90.2% | lr=7.6e-04
| Epoch  76, time= 13.3s | Train: skip eval | Valid: time=  1.6s loss=3.138, TAw acc= 89.8% | lr=6.8e-04
| Epoch  77, time= 14.2s | Train: skip eval | Valid: time=  1.5s loss=3.140, TAw acc= 90.2% | lr=6.0e-04
| Epoch  78, time= 13.3s | Train: skip eval | Valid: time=  1.5s loss=3.136, TAw acc= 90.0% | lr=5.3e-04
| Epoch  79, time= 15.1s | Train: skip eval | Valid: time=  1.8s loss=3.134, TAw acc= 90.2% | lr=4.6e-04
| Epoch  80, time= 13.4s | Train: skip eval | Valid: time=  1.6s loss=3.135, TAw acc= 89.8% | lr=4.0e-04
| Epoch  81, time= 15.8s | Train: skip eval | Valid: time=  1.5s loss=3.139, TAw acc= 89.8% | lr=3.4e-04
| Epoch  82, time= 14.9s | Train: skip eval | Valid: time=  1.5s loss=3.136, TAw acc= 90.0% | lr=2.9e-04
| Epoch  83, time= 14.6s | Train: skip eval | Valid: time=  1.5s loss=3.136, TAw acc= 90.2% | lr=2.5e-04
| Epoch  84, time= 14.0s | Train: skip eval | Valid: time=  1.6s loss=3.136, TAw acc= 90.0% | lr=2.1e-04
| Epoch  85, time= 14.7s | Train: skip eval | Valid: time=  1.5s loss=3.138, TAw acc= 89.8% | lr=1.8e-04
| Epoch  86, time= 14.4s | Train: skip eval | Valid: time=  2.0s loss=3.138, TAw acc= 89.8% | lr=1.5e-04
| Epoch  87, time= 15.0s | Train: skip eval | Valid: time=  1.6s loss=3.136, TAw acc= 89.8% | lr=1.3e-04
| Epoch  88, time= 14.2s | Train: skip eval | Valid: time=  1.6s loss=3.136, TAw acc= 89.8% | lr=1.1e-04
| Epoch  89, time= 14.2s | Train: skip eval | Valid: time=  1.9s loss=3.135, TAw acc= 89.8% | lr=1.0e-04
| Epoch  90, time= 14.3s | Train: skip eval | Valid: time=  2.0s loss=3.134, TAw acc= 90.2% | lr=1.0e-04
------------------------------------------------------------------------------------------------------------
>>> Test on task  0 : loss=0.432 | TAw acc= 87.7%, forg=  6.7% | TAg acc= 10.1%, forg= 84.3% <<<
>>> Test on task  1 : loss=1.659 | TAw acc= 86.5%, forg=  5.0% | TAg acc= 15.7%, forg= 68.1% <<<
>>> Test on task  2 : loss=1.907 | TAw acc= 91.0%, forg=  4.3% | TAg acc= 15.6%, forg= 72.1% <<<
>>> Test on task  3 : loss=2.367 | TAw acc= 86.8%, forg=  3.4% | TAg acc= 16.2%, forg= 58.0% <<<
>>> Test on task  4 : loss=2.627 | TAw acc= 87.1%, forg=  4.3% | TAg acc= 18.1%, forg= 59.6% <<<
>>> Test on task  5 : loss=2.919 | TAw acc= 87.8%, forg=  2.6% | TAg acc= 29.6%, forg= 49.8% <<<
>>> Test on task  6 : loss=2.696 | TAw acc= 90.5%, forg=  3.2% | TAg acc= 32.4%, forg= 35.0% <<<
>>> Test on task  7 : loss=2.910 | TAw acc= 90.3%, forg=  1.3% | TAg acc= 33.9%, forg= 40.6% <<<
>>> Test on task  8 : loss=2.966 | TAw acc= 90.6%, forg=  1.7% | TAg acc= 53.7%, forg= 26.2% <<<
>>> Test on task  9 : loss=3.127 | TAw acc= 90.7%, forg=  2.2% | TAg acc= 32.7%, forg= 40.1% <<<
>>> Test on task 10 : loss=2.818 | TAw acc= 89.1%, forg=  0.8% | TAg acc= 11.8%, forg= 20.7% <<<
>>> Test on task 11 : loss=3.203 | TAw acc= 91.5%, forg=  2.0% | TAg acc= 41.0%, forg= 33.7% <<<
>>> Test on task 12 : loss=2.966 | TAw acc= 93.0%, forg=  1.1% | TAg acc= 48.0%, forg= 27.5% <<<
>>> Test on task 13 : loss=2.770 | TAw acc= 96.6%, forg=  0.1% | TAg acc= 23.5%, forg= 26.0% <<<
>>> Test on task 14 : loss=3.125 | TAw acc= 93.9%, forg=  1.1% | TAg acc= 66.6%, forg= 16.6% <<<
>>> Test on task 15 : loss=3.245 | TAw acc= 92.3%, forg=  0.3% | TAg acc= 52.4%, forg= 10.1% <<<
>>> Test on task 16 : loss=3.530 | TAw acc= 87.8%, forg=  0.4% | TAg acc= 62.4%, forg=  7.6% <<<
>>> Test on task 17 : loss=3.223 | TAw acc= 93.3%, forg=  0.3% | TAg acc= 71.9%, forg=  1.8% <<<
>>> Test on task 18 : loss=3.143 | TAw acc= 91.1%, forg=  0.0% | TAg acc= 57.0%, forg=  0.0% <<<
Save at ./results/./results/resnetv2_101x1_bit.goog_in21k/inat200/lwf/10
************************************************************************************************************
TAw Acc
	 94.4%   0.0%   0.0%   0.0%   0.0%   0.0%   0.0%   0.0%   0.0%   0.0%   0.0%   0.0%   0.0%   0.0%   0.0%   0.0%   0.0%   0.0%   0.0%   0.0% 	Avg.: 94.4% 
	 93.4%  91.5%   0.0%   0.0%   0.0%   0.0%   0.0%   0.0%   0.0%   0.0%   0.0%   0.0%   0.0%   0.0%   0.0%   0.0%   0.0%   0.0%   0.0%   0.0% 	Avg.: 92.4% 
	 93.3%  91.5%  95.3%   0.0%   0.0%   0.0%   0.0%   0.0%   0.0%   0.0%   0.0%   0.0%   0.0%   0.0%   0.0%   0.0%   0.0%   0.0%   0.0%   0.0% 	Avg.: 93.4% 
	 93.5%  91.5%  95.3%  90.1%   0.0%   0.0%   0.0%   0.0%   0.0%   0.0%   0.0%   0.0%   0.0%   0.0%   0.0%   0.0%   0.0%   0.0%   0.0%   0.0% 	Avg.: 92.6% 
	 93.1%  90.9%  95.1%  90.2%  91.4%   0.0%   0.0%   0.0%   0.0%   0.0%   0.0%   0.0%   0.0%   0.0%   0.0%   0.0%   0.0%   0.0%   0.0%   0.0% 	Avg.: 92.1% 
	 92.6%  90.0%  94.7%  89.6%  91.3%  90.4%   0.0%   0.0%   0.0%   0.0%   0.0%   0.0%   0.0%   0.0%   0.0%   0.0%   0.0%   0.0%   0.0%   0.0% 	Avg.: 91.4% 
	 92.4%  89.5%  94.2%  90.1%  91.0%  89.6%  93.1%   0.0%   0.0%   0.0%   0.0%   0.0%   0.0%   0.0%   0.0%   0.0%   0.0%   0.0%   0.0%   0.0% 	Avg.: 91.4% 
	 91.8%  89.8%  94.2%  90.0%  90.3%  89.9%  93.3%  91.6%   0.0%   0.0%   0.0%   0.0%   0.0%   0.0%   0.0%   0.0%   0.0%   0.0%   0.0%   0.0% 	Avg.: 91.4% 
	 90.9%  89.9%  93.8%  89.7%  89.8%  89.7%  93.7%  91.5%  92.3%   0.0%   0.0%   0.0%   0.0%   0.0%   0.0%   0.0%   0.0%   0.0%   0.0%   0.0% 	Avg.: 91.3% 
	 90.3%  88.6%  93.0%  89.6%  89.6%  89.1%  93.1%  91.0%  92.0%  92.9%   0.0%   0.0%   0.0%   0.0%   0.0%   0.0%   0.0%   0.0%   0.0%   0.0% 	Avg.: 90.9% 
	 90.3%  88.9%  93.1%  88.9%  89.4%  89.6%  93.3%  91.5%  92.0%  92.4%  89.3%   0.0%   0.0%   0.0%   0.0%   0.0%   0.0%   0.0%   0.0%   0.0% 	Avg.: 90.8% 
	 90.4%  88.0%  93.0%  88.8%  89.8%  89.1%  93.0%  91.1%  91.2%  92.1%  89.2%  93.5%   0.0%   0.0%   0.0%   0.0%   0.0%   0.0%   0.0%   0.0% 	Avg.: 90.8% 
	 89.8%  88.5%  92.2%  86.9%  89.1%  89.4%  92.3%  90.5%  91.3%  92.4%  89.3%  93.3%  94.0%   0.0%   0.0%   0.0%   0.0%   0.0%   0.0%   0.0% 	Avg.: 90.7% 
	 89.4%  88.6%  92.3%  87.2%  89.4%  89.6%  92.7%  90.4%  90.9%  92.4%  89.5%  93.3%  94.1%  96.7%   0.0%   0.0%   0.0%   0.0%   0.0%   0.0% 	Avg.: 91.2% 
	 89.5%  88.3%  92.3%  86.9%  88.2%  89.1%  92.4%  90.6%  90.3%  92.2%  89.7%  93.2%  93.6%  96.6%  94.8%   0.0%   0.0%   0.0%   0.0%   0.0% 	Avg.: 91.2% 
	 88.6%  87.1%  92.5%  87.0%  87.6%  87.5%  92.3%  90.0%  91.0%  91.4%  89.9%  92.7%  93.6%  96.5%  95.0%  91.7%   0.0%   0.0%   0.0%   0.0% 	Avg.: 90.9% 
	 88.1%  86.8%  91.1%  86.5%  88.0%  87.7%  91.1%  89.8%  90.8%  91.3%  89.4%  92.8%  93.8%  96.3%  94.7%  92.6%  88.2%   0.0%   0.0%   0.0% 	Avg.: 90.5% 
	 87.8%  86.5%  91.4%  85.6%  87.2%  87.1%  90.9%  89.5%  90.3%  90.9%  88.7%  92.6%  92.9%  96.3%  94.8%  92.0%  87.3%  93.6%   0.0%   0.0% 	Avg.: 90.3% 
	 87.7%  86.5%  91.0%  86.8%  87.1%  87.8%  90.5%  90.3%  90.6%  90.7%  89.1%  91.5%  93.0%  96.6%  93.9%  92.3%  87.8%  93.3%  91.1%   0.0% 	Avg.: 90.4% 
	  0.0%   0.0%   0.0%   0.0%   0.0%   0.0%   0.0%   0.0%   0.0%   0.0%   0.0%   0.0%   0.0%   0.0%   0.0%   0.0%   0.0%   0.0%   0.0%   0.0% 	Avg.:  0.0% 
************************************************************************************************************
TAg Acc
	 94.4%   0.0%   0.0%   0.0%   0.0%   0.0%   0.0%   0.0%   0.0%   0.0%   0.0%   0.0%   0.0%   0.0%   0.0%   0.0%   0.0%   0.0%   0.0%   0.0% 	Avg.: 94.4% 
	 86.2%  83.8%   0.0%   0.0%   0.0%   0.0%   0.0%   0.0%   0.0%   0.0%   0.0%   0.0%   0.0%   0.0%   0.0%   0.0%   0.0%   0.0%   0.0%   0.0% 	Avg.: 85.0% 
	 78.0%  79.9%  87.7%   0.0%   0.0%   0.0%   0.0%   0.0%   0.0%   0.0%   0.0%   0.0%   0.0%   0.0%   0.0%   0.0%   0.0%   0.0%   0.0%   0.0% 	Avg.: 81.9% 
	 72.4%  73.2%  82.0%  74.2%   0.0%   0.0%   0.0%   0.0%   0.0%   0.0%   0.0%   0.0%   0.0%   0.0%   0.0%   0.0%   0.0%   0.0%   0.0%   0.0% 	Avg.: 75.5% 
	 63.2%  66.2%  75.3%  69.1%  77.7%   0.0%   0.0%   0.0%   0.0%   0.0%   0.0%   0.0%   0.0%   0.0%   0.0%   0.0%   0.0%   0.0%   0.0%   0.0% 	Avg.: 70.3% 
	 51.7%  63.6%  66.4%  60.6%  69.9%  79.4%   0.0%   0.0%   0.0%   0.0%   0.0%   0.0%   0.0%   0.0%   0.0%   0.0%   0.0%   0.0%   0.0%   0.0% 	Avg.: 65.3% 
	 46.1%  58.8%  60.6%  59.8%  68.5%  77.0%  67.4%   0.0%   0.0%   0.0%   0.0%   0.0%   0.0%   0.0%   0.0%   0.0%   0.0%   0.0%   0.0%   0.0% 	Avg.: 62.6% 
	 41.3%  53.7%  53.4%  56.3%  62.4%  73.6%  62.1%  74.5%   0.0%   0.0%   0.0%   0.0%   0.0%   0.0%   0.0%   0.0%   0.0%   0.0%   0.0%   0.0% 	Avg.: 59.7% 
	 38.8%  41.4%  48.5%  51.8%  57.8%  70.4%  59.8%  71.4%  79.9%   0.0%   0.0%   0.0%   0.0%   0.0%   0.0%   0.0%   0.0%   0.0%   0.0%   0.0% 	Avg.: 57.8% 
	 33.9%  36.4%  45.2%  48.8%  55.0%  67.2%  55.3%  67.6%  77.7%  72.8%   0.0%   0.0%   0.0%   0.0%   0.0%   0.0%   0.0%   0.0%   0.0%   0.0% 	Avg.: 56.0% 
	 30.9%  35.4%  40.2%  47.0%  54.4%  67.3%  49.5%  66.9%  77.3%  71.5%  32.5%   0.0%   0.0%   0.0%   0.0%   0.0%   0.0%   0.0%   0.0%   0.0% 	Avg.: 52.1% 
	 23.4%  31.4%  36.7%  38.6%  50.1%  62.6%  48.0%  64.9%  74.3%  63.5%  28.9%  74.7%   0.0%   0.0%   0.0%   0.0%   0.0%   0.0%   0.0%   0.0% 	Avg.: 49.8% 
	 22.7%  29.8%  33.2%  35.9%  44.9%  57.5%  45.3%  61.3%  72.3%  59.9%  26.2%  72.7%  75.5%   0.0%   0.0%   0.0%   0.0%   0.0%   0.0%   0.0% 	Avg.: 49.0% 
	 22.0%  25.2%  31.4%  33.3%  45.0%  56.8%  43.5%  60.0%  71.0%  57.3%  24.5%  70.3%  73.2%  49.5%   0.0%   0.0%   0.0%   0.0%   0.0%   0.0% 	Avg.: 47.4% 
	 18.5%  19.1%  23.3%  29.5%  38.7%  53.3%  39.4%  50.5%  65.3%  50.1%  20.9%  62.7%  68.2%  41.1%  83.2%   0.0%   0.0%   0.0%   0.0%   0.0% 	Avg.: 44.3% 
	 17.5%  17.4%  23.3%  27.2%  34.8%  49.5%  39.9%  49.6%  63.1%  46.4%  17.5%  60.3%  65.4%  38.6%  79.5%  62.5%   0.0%   0.0%   0.0%   0.0% 	Avg.: 43.3% 
	 12.9%  15.8%  20.6%  23.7%  25.0%  43.4%  37.5%  45.3%  57.7%  39.8%  14.4%  53.2%  61.7%  31.0%  72.9%  57.5%  70.0%   0.0%   0.0%   0.0% 	Avg.: 40.1% 
	 11.3%  16.3%  16.0%  19.4%  21.8%  32.9%  35.5%  34.2%  56.7%  35.6%  13.3%  51.8%  56.1%  28.3%  71.7%  54.3%  65.6%  73.7%   0.0%   0.0% 	Avg.: 38.6% 
	 10.1%  15.7%  15.6%  16.2%  18.1%  29.6%  32.4%  33.9%  53.7%  32.7%  11.8%  41.0%  48.0%  23.5%  66.6%  52.4%  62.4%  71.9%  57.0%   0.0% 	Avg.: 36.5% 
	  0.0%   0.0%   0.0%   0.0%   0.0%   0.0%   0.0%   0.0%   0.0%   0.0%   0.0%   0.0%   0.0%   0.0%   0.0%   0.0%   0.0%   0.0%   0.0%   0.0% 	Avg.:  0.0% 
************************************************************************************************************
TAw Forg
	  0.0%   0.0%   0.0%   0.0%   0.0%   0.0%   0.0%   0.0%   0.0%   0.0%   0.0%   0.0%   0.0%   0.0%   0.0%   0.0%   0.0%   0.0%   0.0%   0.0% 
	  1.0%   0.0%   0.0%   0.0%   0.0%   0.0%   0.0%   0.0%   0.0%   0.0%   0.0%   0.0%   0.0%   0.0%   0.0%   0.0%   0.0%   0.0%   0.0%   0.0% 	Avg.:  1.0% 
	  1.1%   0.0%   0.0%   0.0%   0.0%   0.0%   0.0%   0.0%   0.0%   0.0%   0.0%   0.0%   0.0%   0.0%   0.0%   0.0%   0.0%   0.0%   0.0%   0.0% 	Avg.:  0.6% 
	  0.9%   0.0%   0.0%   0.0%   0.0%   0.0%   0.0%   0.0%   0.0%   0.0%   0.0%   0.0%   0.0%   0.0%   0.0%   0.0%   0.0%   0.0%   0.0%   0.0% 	Avg.:  0.3% 
	  1.3%   0.6%   0.2%  -0.1%   0.0%   0.0%   0.0%   0.0%   0.0%   0.0%   0.0%   0.0%   0.0%   0.0%   0.0%   0.0%   0.0%   0.0%   0.0%   0.0% 	Avg.:  0.5% 
	  1.8%   1.5%   0.6%   0.6%   0.1%   0.0%   0.0%   0.0%   0.0%   0.0%   0.0%   0.0%   0.0%   0.0%   0.0%   0.0%   0.0%   0.0%   0.0%   0.0% 	Avg.:  0.9% 
	  2.0%   2.0%   1.1%   0.1%   0.4%   0.8%   0.0%   0.0%   0.0%   0.0%   0.0%   0.0%   0.0%   0.0%   0.0%   0.0%   0.0%   0.0%   0.0%   0.0% 	Avg.:  1.1% 
	  2.6%   1.7%   1.1%   0.2%   1.1%   0.5%  -0.2%   0.0%   0.0%   0.0%   0.0%   0.0%   0.0%   0.0%   0.0%   0.0%   0.0%   0.0%   0.0%   0.0% 	Avg.:  1.0% 
	  3.5%   1.6%   1.5%   0.5%   1.6%   0.7%  -0.4%   0.1%   0.0%   0.0%   0.0%   0.0%   0.0%   0.0%   0.0%   0.0%   0.0%   0.0%   0.0%   0.0% 	Avg.:  1.1% 
	  4.1%   2.9%   2.3%   0.6%   1.8%   1.3%   0.6%   0.6%   0.3%   0.0%   0.0%   0.0%   0.0%   0.0%   0.0%   0.0%   0.0%   0.0%   0.0%   0.0% 	Avg.:  1.6% 
	  4.1%   2.6%   2.2%   1.3%   2.0%   0.8%   0.4%   0.1%   0.3%   0.5%   0.0%   0.0%   0.0%   0.0%   0.0%   0.0%   0.0%   0.0%   0.0%   0.0% 	Avg.:  1.4% 
	  4.0%   3.5%   2.3%   1.4%   1.6%   1.3%   0.7%   0.5%   1.1%   0.8%   0.1%   0.0%   0.0%   0.0%   0.0%   0.0%   0.0%   0.0%   0.0%   0.0% 	Avg.:  1.6% 
	  4.6%   3.0%   3.1%   3.3%   2.3%   1.0%   1.4%   1.1%   1.0%   0.5%   0.0%   0.2%   0.0%   0.0%   0.0%   0.0%   0.0%   0.0%   0.0%   0.0% 	Avg.:  1.8% 
	  5.0%   2.9%   3.0%   3.0%   2.0%   0.8%   1.0%   1.2%   1.4%   0.5%  -0.2%   0.2%  -0.1%   0.0%   0.0%   0.0%   0.0%   0.0%   0.0%   0.0% 	Avg.:  1.6% 
	  4.9%   3.2%   3.0%   3.3%   3.2%   1.3%   1.3%   1.0%   2.0%   0.7%  -0.2%   0.3%   0.5%   0.1%   0.0%   0.0%   0.0%   0.0%   0.0%   0.0% 	Avg.:  1.8% 
	  5.8%   4.4%   2.8%   3.2%   3.8%   2.9%   1.4%   1.6%   1.3%   1.5%  -0.2%   0.8%   0.5%   0.2%  -0.2%   0.0%   0.0%   0.0%   0.0%   0.0% 	Avg.:  2.0% 
	  6.3%   4.7%   4.2%   3.7%   3.4%   2.7%   2.6%   1.8%   1.5%   1.6%   0.5%   0.7%   0.3%   0.4%   0.3%  -0.9%   0.0%   0.0%   0.0%   0.0% 	Avg.:  2.1% 
	  6.6%   5.0%   3.9%   4.6%   4.2%   3.3%   2.8%   2.1%   2.0%   2.0%   1.2%   0.9%   1.2%   0.4%   0.2%   0.6%   0.9%   0.0%   0.0%   0.0% 	Avg.:  2.5% 
	  6.7%   5.0%   4.3%   3.4%   4.3%   2.6%   3.2%   1.3%   1.7%   2.2%   0.8%   2.0%   1.1%   0.1%   1.1%   0.3%   0.4%   0.3%   0.0%   0.0% 	Avg.:  2.3% 
	  0.0%   0.0%   0.0%   0.0%   0.0%   0.0%   0.0%   0.0%   0.0%   0.0%   0.0%   0.0%   0.0%   0.0%   0.0%   0.0%   0.0%   0.0%   0.0%   0.0% 	Avg.:  0.0% 
************************************************************************************************************
TAg Forg
	  0.0%   0.0%   0.0%   0.0%   0.0%   0.0%   0.0%   0.0%   0.0%   0.0%   0.0%   0.0%   0.0%   0.0%   0.0%   0.0%   0.0%   0.0%   0.0%   0.0% 
	  8.2%   0.0%   0.0%   0.0%   0.0%   0.0%   0.0%   0.0%   0.0%   0.0%   0.0%   0.0%   0.0%   0.0%   0.0%   0.0%   0.0%   0.0%   0.0%   0.0% 	Avg.:  8.2% 
	 16.4%   3.9%   0.0%   0.0%   0.0%   0.0%   0.0%   0.0%   0.0%   0.0%   0.0%   0.0%   0.0%   0.0%   0.0%   0.0%   0.0%   0.0%   0.0%   0.0% 	Avg.: 10.2% 
	 22.0%  10.6%   5.7%   0.0%   0.0%   0.0%   0.0%   0.0%   0.0%   0.0%   0.0%   0.0%   0.0%   0.0%   0.0%   0.0%   0.0%   0.0%   0.0%   0.0% 	Avg.: 12.8% 
	 31.2%  17.6%  12.4%   5.1%   0.0%   0.0%   0.0%   0.0%   0.0%   0.0%   0.0%   0.0%   0.0%   0.0%   0.0%   0.0%   0.0%   0.0%   0.0%   0.0% 	Avg.: 16.6% 
	 42.7%  20.2%  21.3%  13.6%   7.8%   0.0%   0.0%   0.0%   0.0%   0.0%   0.0%   0.0%   0.0%   0.0%   0.0%   0.0%   0.0%   0.0%   0.0%   0.0% 	Avg.: 21.1% 
	 48.3%  25.0%  27.1%  14.4%   9.2%   2.4%   0.0%   0.0%   0.0%   0.0%   0.0%   0.0%   0.0%   0.0%   0.0%   0.0%   0.0%   0.0%   0.0%   0.0% 	Avg.: 21.1% 
	 53.1%  30.1%  34.3%  17.9%  15.3%   5.8%   5.3%   0.0%   0.0%   0.0%   0.0%   0.0%   0.0%   0.0%   0.0%   0.0%   0.0%   0.0%   0.0%   0.0% 	Avg.: 23.1% 
	 55.6%  42.4%  39.2%  22.4%  19.9%   9.0%   7.6%   3.1%   0.0%   0.0%   0.0%   0.0%   0.0%   0.0%   0.0%   0.0%   0.0%   0.0%   0.0%   0.0% 	Avg.: 24.9% 
	 60.5%  47.4%  42.5%  25.4%  22.7%  12.2%  12.1%   6.9%   2.2%   0.0%   0.0%   0.0%   0.0%   0.0%   0.0%   0.0%   0.0%   0.0%   0.0%   0.0% 	Avg.: 25.8% 
	 63.5%  48.4%  47.5%  27.2%  23.3%  12.1%  17.9%   7.6%   2.6%   1.3%   0.0%   0.0%   0.0%   0.0%   0.0%   0.0%   0.0%   0.0%   0.0%   0.0% 	Avg.: 25.1% 
	 71.0%  52.4%  51.0%  35.6%  27.6%  16.8%  19.4%   9.6%   5.6%   9.3%   3.6%   0.0%   0.0%   0.0%   0.0%   0.0%   0.0%   0.0%   0.0%   0.0% 	Avg.: 27.4% 
	 71.7%  54.0%  54.5%  38.3%  32.8%  21.9%  22.1%  13.2%   7.6%  12.9%   6.3%   2.0%   0.0%   0.0%   0.0%   0.0%   0.0%   0.0%   0.0%   0.0% 	Avg.: 28.1% 
	 72.4%  58.6%  56.3%  40.9%  32.7%  22.6%  23.9%  14.5%   8.9%  15.5%   8.0%   4.4%   2.3%   0.0%   0.0%   0.0%   0.0%   0.0%   0.0%   0.0% 	Avg.: 27.8% 
	 75.9%  64.7%  64.4%  44.7%  39.0%  26.1%  28.0%  24.0%  14.6%  22.7%  11.6%  12.0%   7.3%   8.4%   0.0%   0.0%   0.0%   0.0%   0.0%   0.0% 	Avg.: 31.7% 
	 76.9%  66.4%  64.4%  47.0%  42.9%  29.9%  27.5%  24.9%  16.8%  26.4%  15.0%  14.4%  10.1%  10.9%   3.7%   0.0%   0.0%   0.0%   0.0%   0.0% 	Avg.: 31.8% 
	 81.5%  68.0%  67.1%  50.5%  52.7%  36.0%  29.9%  29.2%  22.2%  33.0%  18.1%  21.5%  13.8%  18.5%  10.3%   5.0%   0.0%   0.0%   0.0%   0.0% 	Avg.: 34.8% 
	 83.1%  67.5%  71.7%  54.8%  55.9%  46.5%  31.9%  40.3%  23.2%  37.2%  19.2%  22.9%  19.4%  21.2%  11.5%   8.2%   4.4%   0.0%   0.0%   0.0% 	Avg.: 36.4% 
	 84.3%  68.1%  72.1%  58.0%  59.6%  49.8%  35.0%  40.6%  26.2%  40.1%  20.7%  33.7%  27.5%  26.0%  16.6%  10.1%   7.6%   1.8%   0.0%   0.0% 	Avg.: 37.7% 
	  0.0%   0.0%   0.0%   0.0%   0.0%   0.0%   0.0%   0.0%   0.0%   0.0%   0.0%   0.0%   0.0%   0.0%   0.0%   0.0%   0.0%   0.0%   0.0%   0.0% 	Avg.:  0.0% 
************************************************************************************************************
[Elapsed time = 0.4 h]
Done!
