START_TASK=3 STOP_TASK=4
============================================================================================================
Arguments =
	approach: lwf
	batch_size: 64
	classes_first_task: None
	clipping: 10000
	crop: 224
	data_path: ../data/inat200
	dataset: inat200
	eval_on_train: False
	experiment_path: None
	fix_bn: False
	freeze_backbone: False
	gpu: 0
	gpus: [0]
	increment: 10
	last_layer_analysis: True
	log: ['disk']
	lr: 0.01
	lr_factor: None
	lr_min: 0.0001
	lr_patience: None
	lr_scheduler: cosine
	lr_warmup_epochs: 0
	momentum: 0.0
	multi_softmax: False
	nepochs: 90
	network: resnetv2_101x1_bit.goog_in21k
	no_cudnn_deterministic: False
	normalize: in21k
	num_workers: 2
	optimizer_name: sgd
	pin_memory: False
	pretrained: True
	resize: 224
	results_path: ./results
	save_models: True
	seed: 0
	start_at_task: 3
	start_epoch: 0
	stop_at_task: 4
	stop_epoch: 0
	use_valid_only: False
	warmup_lr_factor: 1.0
	warmup_nepochs: 0
	weight_decay: 0.0
============================================================================================================
Approach arguments =
	T: 2
	lamb: 1.0
============================================================================================================
Exemplars arguments =
============================================================================================================
WARNING: ./results/resnetv2_101x1_bit.goog_in21k/inat200/lwf/10 already exists!
Loaded acc_taw from: ./results/resnetv2_101x1_bit.goog_in21k/inat200/lwf/10/acc_taw-2.txt
Loaded acc_tag from: ./results/resnetv2_101x1_bit.goog_in21k/inat200/lwf/10/acc_tag-2.txt
Loaded forg_taw from: ./results/resnetv2_101x1_bit.goog_in21k/inat200/lwf/10/forg_taw-2.txt
Loaded forg_tag from: ./results/resnetv2_101x1_bit.goog_in21k/inat200/lwf/10/forg_tag-2.txt
************************************************************************************************************
Task  3  [epochs 0-90]
************************************************************************************************************
[params] total:42,574,440  trainable:42,574,440  tensors:312  trainable_tensors:312
| Epoch   1, time= 17.7s | Train: skip eval | Valid: time=  1.8s loss=2.162, TAw acc= 80.0% | * lr=1.0e-02
| Epoch   2, time= 15.5s | Train: skip eval | Valid: time=  1.8s loss=2.696, TAw acc= 74.8% | lr=1.0e-02
| Epoch   3, time= 17.3s | Train: skip eval | Valid: time=  1.8s loss=2.142, TAw acc= 83.0% | * lr=1.0e-02
| Epoch   4, time= 15.4s | Train: skip eval | Valid: time=  1.6s loss=1.880, TAw acc= 88.0% | * lr=1.0e-02
| Epoch   5, time= 14.2s | Train: skip eval | Valid: time=  1.7s loss=2.288, TAw acc= 85.2% | lr=9.9e-03
| Epoch   6, time= 16.4s | Train: skip eval | Valid: time=  2.3s loss=1.954, TAw acc= 88.5% | lr=9.9e-03
| Epoch   7, time= 21.2s | Train: skip eval | Valid: time=  2.7s loss=2.183, TAw acc= 86.0% | lr=9.9e-03
| Epoch   8, time= 16.7s | Train: skip eval | Valid: time=  1.9s loss=2.062, TAw acc= 87.0% | lr=9.8e-03
| Epoch   9, time= 16.7s | Train: skip eval | Valid: time=  1.6s loss=1.977, TAw acc= 87.2% | lr=9.8e-03
| Epoch  10, time= 16.2s | Train: skip eval | Valid: time=  1.6s loss=1.933, TAw acc= 88.2% | lr=9.7e-03
| Epoch  11, time= 15.1s | Train: skip eval | Valid: time=  1.6s loss=1.904, TAw acc= 89.0% | lr=9.6e-03
| Epoch  12, time= 14.1s | Train: skip eval | Valid: time=  1.7s loss=2.674, TAw acc= 81.0% | lr=9.6e-03
| Epoch  13, time= 15.2s | Train: skip eval | Valid: time=  1.6s loss=1.999, TAw acc= 89.0% | lr=9.5e-03
| Epoch  14, time= 15.6s | Train: skip eval | Valid: time=  1.6s loss=1.900, TAw acc= 90.2% | lr=9.4e-03
| Epoch  15, time= 17.2s | Train: skip eval | Valid: time=  1.5s loss=2.082, TAw acc= 86.0% | lr=9.3e-03
| Epoch  16, time= 16.9s | Train: skip eval | Valid: time=  1.5s loss=1.956, TAw acc= 88.8% | lr=9.2e-03
| Epoch  17, time= 13.9s | Train: skip eval | Valid: time=  1.6s loss=2.265, TAw acc= 85.8% | lr=9.2e-03
| Epoch  18, time= 17.5s | Train: skip eval | Valid: time=  1.6s loss=1.927, TAw acc= 89.0% | lr=9.1e-03
| Epoch  19, time= 16.8s | Train: skip eval | Valid: time=  1.8s loss=1.949, TAw acc= 89.8% | lr=9.0e-03
| Epoch  20, time= 15.6s | Train: skip eval | Valid: time=  1.6s loss=1.915, TAw acc= 89.0% | lr=8.8e-03
| Epoch  21, time= 18.3s | Train: skip eval | Valid: time=  1.7s loss=1.943, TAw acc= 89.2% | lr=8.7e-03
| Epoch  22, time= 14.7s | Train: skip eval | Valid: time=  1.5s loss=1.901, TAw acc= 90.2% | lr=8.6e-03
| Epoch  23, time= 18.1s | Train: skip eval | Valid: time=  1.7s loss=1.961, TAw acc= 88.8% | lr=8.5e-03
| Epoch  24, time= 16.2s | Train: skip eval | Valid: time=  1.6s loss=1.986, TAw acc= 88.8% | lr=8.4e-03
| Epoch  25, time= 14.1s | Train: skip eval | Valid: time=  1.7s loss=2.230, TAw acc= 85.5% | lr=8.2e-03
| Epoch  26, time= 17.7s | Train: skip eval | Valid: time=  1.7s loss=1.983, TAw acc= 89.2% | lr=8.1e-03
| Epoch  27, time= 14.7s | Train: skip eval | Valid: time=  1.8s loss=1.928, TAw acc= 89.2% | lr=8.0e-03
| Epoch  28, time= 13.4s | Train: skip eval | Valid: time=  1.6s loss=1.894, TAw acc= 90.5% | lr=7.8e-03
| Epoch  29, time= 15.6s | Train: skip eval | Valid: time=  1.6s loss=1.937, TAw acc= 89.5% | lr=7.7e-03
| Epoch  30, time= 16.2s | Train: skip eval | Valid: time=  1.6s loss=1.996, TAw acc= 89.5% | lr=7.5e-03
| Epoch  31, time= 13.5s | Train: skip eval | Valid: time=  1.5s loss=1.897, TAw acc= 89.2% | lr=7.4e-03
| Epoch  32, time= 17.3s | Train: skip eval | Valid: time=  1.7s loss=1.890, TAw acc= 89.5% | lr=7.2e-03
| Epoch  33, time= 14.6s | Train: skip eval | Valid: time=  1.8s loss=1.910, TAw acc= 90.8% | lr=7.1e-03
| Epoch  34, time= 13.9s | Train: skip eval | Valid: time=  1.5s loss=2.011, TAw acc= 90.2% | lr=6.9e-03
| Epoch  35, time= 17.4s | Train: skip eval | Valid: time=  1.6s loss=1.887, TAw acc= 90.0% | lr=6.7e-03
| Epoch  36, time= 14.4s | Train: skip eval | Valid: time=  1.5s loss=1.942, TAw acc= 89.5% | lr=6.6e-03
| Epoch  37, time= 15.8s | Train: skip eval | Valid: time=  1.6s loss=1.929, TAw acc= 90.2% | lr=6.4e-03
| Epoch  38, time= 16.3s | Train: skip eval | Valid: time=  1.8s loss=1.940, TAw acc= 89.0% | lr=6.2e-03
| Epoch  39, time= 14.3s | Train: skip eval | Valid: time=  1.8s loss=1.891, TAw acc= 90.2% | lr=6.1e-03
| Epoch  40, time= 16.1s | Train: skip eval | Valid: time=  1.6s loss=1.946, TAw acc= 88.8% | lr=5.9e-03
| Epoch  41, time= 16.9s | Train: skip eval | Valid: time=  1.8s loss=1.936, TAw acc= 89.2% | lr=5.7e-03
| Epoch  42, time= 15.8s | Train: skip eval | Valid: time=  1.8s loss=1.916, TAw acc= 90.0% | lr=5.6e-03
| Epoch  43, time= 15.8s | Train: skip eval | Valid: time=  1.8s loss=1.914, TAw acc= 90.0% | lr=5.4e-03
| Epoch  44, time= 16.6s | Train: skip eval | Valid: time=  1.9s loss=1.927, TAw acc= 90.2% | lr=5.2e-03
| Epoch  45, time= 16.9s | Train: skip eval | Valid: time=  1.8s loss=1.916, TAw acc= 89.5% | lr=5.1e-03
| Epoch  46, time= 14.6s | Train: skip eval | Valid: time=  1.6s loss=1.953, TAw acc= 89.2% | lr=4.9e-03
| Epoch  47, time= 14.6s | Train: skip eval | Valid: time=  1.5s loss=1.984, TAw acc= 89.0% | lr=4.7e-03
| Epoch  48, time= 17.2s | Train: skip eval | Valid: time=  1.6s loss=1.885, TAw acc= 90.8% | lr=4.5e-03
| Epoch  49, time= 16.9s | Train: skip eval | Valid: time=  1.7s loss=1.884, TAw acc= 90.2% | lr=4.4e-03
| Epoch  50, time= 17.0s | Train: skip eval | Valid: time=  1.8s loss=1.916, TAw acc= 89.2% | lr=4.2e-03
| Epoch  51, time= 16.9s | Train: skip eval | Valid: time=  1.6s loss=1.905, TAw acc= 90.5% | lr=4.0e-03
| Epoch  52, time= 15.3s | Train: skip eval | Valid: time=  1.5s loss=1.900, TAw acc= 89.8% | lr=3.9e-03
| Epoch  53, time= 15.8s | Train: skip eval | Valid: time=  1.5s loss=1.898, TAw acc= 91.0% | lr=3.7e-03
| Epoch  54, time= 14.8s | Train: skip eval | Valid: time=  1.5s loss=1.917, TAw acc= 89.8% | lr=3.5e-03
| Epoch  55, time= 15.2s | Train: skip eval | Valid: time=  1.8s loss=1.917, TAw acc= 90.2% | lr=3.4e-03
| Epoch  56, time= 20.7s | Train: skip eval | Valid: time=  3.4s loss=1.909, TAw acc= 90.2% | lr=3.2e-03
| Epoch  57, time= 18.2s | Train: skip eval | Valid: time=  1.6s loss=1.873, TAw acc= 90.2% | * lr=3.0e-03
| Epoch  58, time= 13.6s | Train: skip eval | Valid: time=  1.6s loss=1.906, TAw acc= 89.8% | lr=2.9e-03
| Epoch  59, time= 13.7s | Train: skip eval | Valid: time=  1.6s loss=1.896, TAw acc= 89.8% | lr=2.7e-03
| Epoch  60, time= 14.7s | Train: skip eval | Valid: time=  1.6s loss=1.895, TAw acc= 89.8% | lr=2.6e-03
| Epoch  61, time= 14.5s | Train: skip eval | Valid: time=  1.5s loss=1.897, TAw acc= 90.2% | lr=2.4e-03
| Epoch  62, time= 15.9s | Train: skip eval | Valid: time=  1.5s loss=1.892, TAw acc= 90.2% | lr=2.3e-03
| Epoch  63, time= 18.3s | Train: skip eval | Valid: time=  1.5s loss=1.902, TAw acc= 89.2% | lr=2.1e-03
| Epoch  64, time= 13.2s | Train: skip eval | Valid: time=  1.5s loss=1.900, TAw acc= 89.8% | lr=2.0e-03
| Epoch  65, time= 14.2s | Train: skip eval | Valid: time=  1.5s loss=1.897, TAw acc= 90.5% | lr=1.9e-03
| Epoch  66, time= 14.1s | Train: skip eval | Valid: time=  1.5s loss=1.918, TAw acc= 89.8% | lr=1.7e-03
| Epoch  67, time= 13.2s | Train: skip eval | Valid: time=  1.6s loss=1.895, TAw acc= 90.2% | lr=1.6e-03
| Epoch  68, time= 17.1s | Train: skip eval | Valid: time=  2.0s loss=1.879, TAw acc= 90.8% | lr=1.5e-03
| Epoch  69, time= 14.2s | Train: skip eval | Valid: time=  1.8s loss=1.897, TAw acc= 90.5% | lr=1.4e-03
| Epoch  70, time= 18.1s | Train: skip eval | Valid: time=  1.5s loss=1.900, TAw acc= 89.8% | lr=1.3e-03
| Epoch  71, time= 17.6s | Train: skip eval | Valid: time=  1.5s loss=1.896, TAw acc= 90.8% | lr=1.1e-03
| Epoch  72, time= 18.1s | Train: skip eval | Valid: time=  2.0s loss=1.893, TAw acc= 91.0% | lr=1.0e-03
| Epoch  73, time= 13.5s | Train: skip eval | Valid: time=  1.5s loss=1.895, TAw acc= 90.2% | lr=9.5e-04
| Epoch  74, time= 15.5s | Train: skip eval | Valid: time=  1.5s loss=1.902, TAw acc= 89.8% | lr=8.5e-04
| Epoch  75, time= 14.0s | Train: skip eval | Valid: time=  1.5s loss=1.903, TAw acc= 90.0% | lr=7.6e-04
| Epoch  76, time= 17.8s | Train: skip eval | Valid: time=  1.9s loss=1.898, TAw acc= 90.0% | lr=6.8e-04
| Epoch  77, time= 17.3s | Train: skip eval | Valid: time=  2.1s loss=1.894, TAw acc= 90.2% | lr=6.0e-04
| Epoch  78, time= 15.3s | Train: skip eval | Valid: time=  1.6s loss=1.896, TAw acc= 90.0% | lr=5.3e-04
| Epoch  79, time= 17.0s | Train: skip eval | Valid: time=  1.6s loss=1.903, TAw acc= 90.5% | lr=4.6e-04
| Epoch  80, time= 17.7s | Train: skip eval | Valid: time=  1.5s loss=1.910, TAw acc= 89.5% | lr=4.0e-04
| Epoch  81, time= 13.8s | Train: skip eval | Valid: time=  1.5s loss=1.906, TAw acc= 90.5% | lr=3.4e-04
| Epoch  82, time= 15.3s | Train: skip eval | Valid: time=  1.5s loss=1.905, TAw acc= 90.5% | lr=2.9e-04
| Epoch  83, time= 13.3s | Train: skip eval | Valid: time=  1.5s loss=1.901, TAw acc= 90.5% | lr=2.5e-04
| Epoch  84, time= 13.6s | Train: skip eval | Valid: time=  1.5s loss=1.900, TAw acc= 90.5% | lr=2.1e-04
| Epoch  85, time= 13.4s | Train: skip eval | Valid: time=  2.0s loss=1.900, TAw acc= 90.8% | lr=1.8e-04
| Epoch  86, time= 17.9s | Train: skip eval | Valid: time=  2.0s loss=1.901, TAw acc= 90.8% | lr=1.5e-04
| Epoch  87, time= 14.4s | Train: skip eval | Valid: time=  1.5s loss=1.900, TAw acc= 90.8% | lr=1.3e-04
| Epoch  88, time= 17.1s | Train: skip eval | Valid: time=  1.5s loss=1.900, TAw acc= 90.8% | lr=1.1e-04
| Epoch  89, time= 13.3s | Train: skip eval | Valid: time=  2.0s loss=1.899, TAw acc= 90.5% | lr=1.0e-04
| Epoch  90, time= 15.4s | Train: skip eval | Valid: time=  1.5s loss=1.899, TAw acc= 90.5% | lr=1.0e-04
------------------------------------------------------------------------------------------------------------
>>> Test on task  0 : loss=0.267 | TAw acc= 93.5%, forg=  0.9% | TAg acc= 72.4%, forg= 22.0% <<<
>>> Test on task  1 : loss=1.245 | TAw acc= 91.5%, forg=  0.0% | TAg acc= 73.2%, forg= 10.6% <<<
>>> Test on task  2 : loss=1.499 | TAw acc= 95.3%, forg=  0.0% | TAg acc= 82.0%, forg=  5.7% <<<
>>> Test on task  3 : loss=1.916 | TAw acc= 90.1%, forg=  0.0% | TAg acc= 74.2%, forg=  0.0% <<<
Save at ./results/./results/resnetv2_101x1_bit.goog_in21k/inat200/lwf/10
************************************************************************************************************
TAw Acc
	 94.4%   0.0%   0.0%   0.0%   0.0%   0.0%   0.0%   0.0%   0.0%   0.0%   0.0%   0.0%   0.0%   0.0%   0.0%   0.0%   0.0%   0.0%   0.0%   0.0% 	Avg.: 94.4% 
	 93.4%  91.5%   0.0%   0.0%   0.0%   0.0%   0.0%   0.0%   0.0%   0.0%   0.0%   0.0%   0.0%   0.0%   0.0%   0.0%   0.0%   0.0%   0.0%   0.0% 	Avg.: 92.4% 
	 93.3%  91.5%  95.3%   0.0%   0.0%   0.0%   0.0%   0.0%   0.0%   0.0%   0.0%   0.0%   0.0%   0.0%   0.0%   0.0%   0.0%   0.0%   0.0%   0.0% 	Avg.: 93.4% 
	 93.5%  91.5%  95.3%  90.1%   0.0%   0.0%   0.0%   0.0%   0.0%   0.0%   0.0%   0.0%   0.0%   0.0%   0.0%   0.0%   0.0%   0.0%   0.0%   0.0% 	Avg.: 92.6% 
	  0.0%   0.0%   0.0%   0.0%   0.0%   0.0%   0.0%   0.0%   0.0%   0.0%   0.0%   0.0%   0.0%   0.0%   0.0%   0.0%   0.0%   0.0%   0.0%   0.0% 	Avg.:  0.0% 
	  0.0%   0.0%   0.0%   0.0%   0.0%   0.0%   0.0%   0.0%   0.0%   0.0%   0.0%   0.0%   0.0%   0.0%   0.0%   0.0%   0.0%   0.0%   0.0%   0.0% 	Avg.:  0.0% 
	  0.0%   0.0%   0.0%   0.0%   0.0%   0.0%   0.0%   0.0%   0.0%   0.0%   0.0%   0.0%   0.0%   0.0%   0.0%   0.0%   0.0%   0.0%   0.0%   0.0% 	Avg.:  0.0% 
	  0.0%   0.0%   0.0%   0.0%   0.0%   0.0%   0.0%   0.0%   0.0%   0.0%   0.0%   0.0%   0.0%   0.0%   0.0%   0.0%   0.0%   0.0%   0.0%   0.0% 	Avg.:  0.0% 
	  0.0%   0.0%   0.0%   0.0%   0.0%   0.0%   0.0%   0.0%   0.0%   0.0%   0.0%   0.0%   0.0%   0.0%   0.0%   0.0%   0.0%   0.0%   0.0%   0.0% 	Avg.:  0.0% 
	  0.0%   0.0%   0.0%   0.0%   0.0%   0.0%   0.0%   0.0%   0.0%   0.0%   0.0%   0.0%   0.0%   0.0%   0.0%   0.0%   0.0%   0.0%   0.0%   0.0% 	Avg.:  0.0% 
	  0.0%   0.0%   0.0%   0.0%   0.0%   0.0%   0.0%   0.0%   0.0%   0.0%   0.0%   0.0%   0.0%   0.0%   0.0%   0.0%   0.0%   0.0%   0.0%   0.0% 	Avg.:  0.0% 
	  0.0%   0.0%   0.0%   0.0%   0.0%   0.0%   0.0%   0.0%   0.0%   0.0%   0.0%   0.0%   0.0%   0.0%   0.0%   0.0%   0.0%   0.0%   0.0%   0.0% 	Avg.:  0.0% 
	  0.0%   0.0%   0.0%   0.0%   0.0%   0.0%   0.0%   0.0%   0.0%   0.0%   0.0%   0.0%   0.0%   0.0%   0.0%   0.0%   0.0%   0.0%   0.0%   0.0% 	Avg.:  0.0% 
	  0.0%   0.0%   0.0%   0.0%   0.0%   0.0%   0.0%   0.0%   0.0%   0.0%   0.0%   0.0%   0.0%   0.0%   0.0%   0.0%   0.0%   0.0%   0.0%   0.0% 	Avg.:  0.0% 
	  0.0%   0.0%   0.0%   0.0%   0.0%   0.0%   0.0%   0.0%   0.0%   0.0%   0.0%   0.0%   0.0%   0.0%   0.0%   0.0%   0.0%   0.0%   0.0%   0.0% 	Avg.:  0.0% 
	  0.0%   0.0%   0.0%   0.0%   0.0%   0.0%   0.0%   0.0%   0.0%   0.0%   0.0%   0.0%   0.0%   0.0%   0.0%   0.0%   0.0%   0.0%   0.0%   0.0% 	Avg.:  0.0% 
	  0.0%   0.0%   0.0%   0.0%   0.0%   0.0%   0.0%   0.0%   0.0%   0.0%   0.0%   0.0%   0.0%   0.0%   0.0%   0.0%   0.0%   0.0%   0.0%   0.0% 	Avg.:  0.0% 
	  0.0%   0.0%   0.0%   0.0%   0.0%   0.0%   0.0%   0.0%   0.0%   0.0%   0.0%   0.0%   0.0%   0.0%   0.0%   0.0%   0.0%   0.0%   0.0%   0.0% 	Avg.:  0.0% 
	  0.0%   0.0%   0.0%   0.0%   0.0%   0.0%   0.0%   0.0%   0.0%   0.0%   0.0%   0.0%   0.0%   0.0%   0.0%   0.0%   0.0%   0.0%   0.0%   0.0% 	Avg.:  0.0% 
	  0.0%   0.0%   0.0%   0.0%   0.0%   0.0%   0.0%   0.0%   0.0%   0.0%   0.0%   0.0%   0.0%   0.0%   0.0%   0.0%   0.0%   0.0%   0.0%   0.0% 	Avg.:  0.0% 
************************************************************************************************************
TAg Acc
	 94.4%   0.0%   0.0%   0.0%   0.0%   0.0%   0.0%   0.0%   0.0%   0.0%   0.0%   0.0%   0.0%   0.0%   0.0%   0.0%   0.0%   0.0%   0.0%   0.0% 	Avg.: 94.4% 
	 86.2%  83.8%   0.0%   0.0%   0.0%   0.0%   0.0%   0.0%   0.0%   0.0%   0.0%   0.0%   0.0%   0.0%   0.0%   0.0%   0.0%   0.0%   0.0%   0.0% 	Avg.: 85.0% 
	 78.0%  79.9%  87.7%   0.0%   0.0%   0.0%   0.0%   0.0%   0.0%   0.0%   0.0%   0.0%   0.0%   0.0%   0.0%   0.0%   0.0%   0.0%   0.0%   0.0% 	Avg.: 81.9% 
	 72.4%  73.2%  82.0%  74.2%   0.0%   0.0%   0.0%   0.0%   0.0%   0.0%   0.0%   0.0%   0.0%   0.0%   0.0%   0.0%   0.0%   0.0%   0.0%   0.0% 	Avg.: 75.5% 
	  0.0%   0.0%   0.0%   0.0%   0.0%   0.0%   0.0%   0.0%   0.0%   0.0%   0.0%   0.0%   0.0%   0.0%   0.0%   0.0%   0.0%   0.0%   0.0%   0.0% 	Avg.:  0.0% 
	  0.0%   0.0%   0.0%   0.0%   0.0%   0.0%   0.0%   0.0%   0.0%   0.0%   0.0%   0.0%   0.0%   0.0%   0.0%   0.0%   0.0%   0.0%   0.0%   0.0% 	Avg.:  0.0% 
	  0.0%   0.0%   0.0%   0.0%   0.0%   0.0%   0.0%   0.0%   0.0%   0.0%   0.0%   0.0%   0.0%   0.0%   0.0%   0.0%   0.0%   0.0%   0.0%   0.0% 	Avg.:  0.0% 
	  0.0%   0.0%   0.0%   0.0%   0.0%   0.0%   0.0%   0.0%   0.0%   0.0%   0.0%   0.0%   0.0%   0.0%   0.0%   0.0%   0.0%   0.0%   0.0%   0.0% 	Avg.:  0.0% 
	  0.0%   0.0%   0.0%   0.0%   0.0%   0.0%   0.0%   0.0%   0.0%   0.0%   0.0%   0.0%   0.0%   0.0%   0.0%   0.0%   0.0%   0.0%   0.0%   0.0% 	Avg.:  0.0% 
	  0.0%   0.0%   0.0%   0.0%   0.0%   0.0%   0.0%   0.0%   0.0%   0.0%   0.0%   0.0%   0.0%   0.0%   0.0%   0.0%   0.0%   0.0%   0.0%   0.0% 	Avg.:  0.0% 
	  0.0%   0.0%   0.0%   0.0%   0.0%   0.0%   0.0%   0.0%   0.0%   0.0%   0.0%   0.0%   0.0%   0.0%   0.0%   0.0%   0.0%   0.0%   0.0%   0.0% 	Avg.:  0.0% 
	  0.0%   0.0%   0.0%   0.0%   0.0%   0.0%   0.0%   0.0%   0.0%   0.0%   0.0%   0.0%   0.0%   0.0%   0.0%   0.0%   0.0%   0.0%   0.0%   0.0% 	Avg.:  0.0% 
	  0.0%   0.0%   0.0%   0.0%   0.0%   0.0%   0.0%   0.0%   0.0%   0.0%   0.0%   0.0%   0.0%   0.0%   0.0%   0.0%   0.0%   0.0%   0.0%   0.0% 	Avg.:  0.0% 
	  0.0%   0.0%   0.0%   0.0%   0.0%   0.0%   0.0%   0.0%   0.0%   0.0%   0.0%   0.0%   0.0%   0.0%   0.0%   0.0%   0.0%   0.0%   0.0%   0.0% 	Avg.:  0.0% 
	  0.0%   0.0%   0.0%   0.0%   0.0%   0.0%   0.0%   0.0%   0.0%   0.0%   0.0%   0.0%   0.0%   0.0%   0.0%   0.0%   0.0%   0.0%   0.0%   0.0% 	Avg.:  0.0% 
	  0.0%   0.0%   0.0%   0.0%   0.0%   0.0%   0.0%   0.0%   0.0%   0.0%   0.0%   0.0%   0.0%   0.0%   0.0%   0.0%   0.0%   0.0%   0.0%   0.0% 	Avg.:  0.0% 
	  0.0%   0.0%   0.0%   0.0%   0.0%   0.0%   0.0%   0.0%   0.0%   0.0%   0.0%   0.0%   0.0%   0.0%   0.0%   0.0%   0.0%   0.0%   0.0%   0.0% 	Avg.:  0.0% 
	  0.0%   0.0%   0.0%   0.0%   0.0%   0.0%   0.0%   0.0%   0.0%   0.0%   0.0%   0.0%   0.0%   0.0%   0.0%   0.0%   0.0%   0.0%   0.0%   0.0% 	Avg.:  0.0% 
	  0.0%   0.0%   0.0%   0.0%   0.0%   0.0%   0.0%   0.0%   0.0%   0.0%   0.0%   0.0%   0.0%   0.0%   0.0%   0.0%   0.0%   0.0%   0.0%   0.0% 	Avg.:  0.0% 
	  0.0%   0.0%   0.0%   0.0%   0.0%   0.0%   0.0%   0.0%   0.0%   0.0%   0.0%   0.0%   0.0%   0.0%   0.0%   0.0%   0.0%   0.0%   0.0%   0.0% 	Avg.:  0.0% 
************************************************************************************************************
TAw Forg
	  0.0%   0.0%   0.0%   0.0%   0.0%   0.0%   0.0%   0.0%   0.0%   0.0%   0.0%   0.0%   0.0%   0.0%   0.0%   0.0%   0.0%   0.0%   0.0%   0.0% 
	  1.0%   0.0%   0.0%   0.0%   0.0%   0.0%   0.0%   0.0%   0.0%   0.0%   0.0%   0.0%   0.0%   0.0%   0.0%   0.0%   0.0%   0.0%   0.0%   0.0% 	Avg.:  1.0% 
	  1.1%   0.0%   0.0%   0.0%   0.0%   0.0%   0.0%   0.0%   0.0%   0.0%   0.0%   0.0%   0.0%   0.0%   0.0%   0.0%   0.0%   0.0%   0.0%   0.0% 	Avg.:  0.6% 
	  0.9%   0.0%   0.0%   0.0%   0.0%   0.0%   0.0%   0.0%   0.0%   0.0%   0.0%   0.0%   0.0%   0.0%   0.0%   0.0%   0.0%   0.0%   0.0%   0.0% 	Avg.:  0.3% 
	  0.0%   0.0%   0.0%   0.0%   0.0%   0.0%   0.0%   0.0%   0.0%   0.0%   0.0%   0.0%   0.0%   0.0%   0.0%   0.0%   0.0%   0.0%   0.0%   0.0% 	Avg.:  0.0% 
	  0.0%   0.0%   0.0%   0.0%   0.0%   0.0%   0.0%   0.0%   0.0%   0.0%   0.0%   0.0%   0.0%   0.0%   0.0%   0.0%   0.0%   0.0%   0.0%   0.0% 	Avg.:  0.0% 
	  0.0%   0.0%   0.0%   0.0%   0.0%   0.0%   0.0%   0.0%   0.0%   0.0%   0.0%   0.0%   0.0%   0.0%   0.0%   0.0%   0.0%   0.0%   0.0%   0.0% 	Avg.:  0.0% 
	  0.0%   0.0%   0.0%   0.0%   0.0%   0.0%   0.0%   0.0%   0.0%   0.0%   0.0%   0.0%   0.0%   0.0%   0.0%   0.0%   0.0%   0.0%   0.0%   0.0% 	Avg.:  0.0% 
	  0.0%   0.0%   0.0%   0.0%   0.0%   0.0%   0.0%   0.0%   0.0%   0.0%   0.0%   0.0%   0.0%   0.0%   0.0%   0.0%   0.0%   0.0%   0.0%   0.0% 	Avg.:  0.0% 
	  0.0%   0.0%   0.0%   0.0%   0.0%   0.0%   0.0%   0.0%   0.0%   0.0%   0.0%   0.0%   0.0%   0.0%   0.0%   0.0%   0.0%   0.0%   0.0%   0.0% 	Avg.:  0.0% 
	  0.0%   0.0%   0.0%   0.0%   0.0%   0.0%   0.0%   0.0%   0.0%   0.0%   0.0%   0.0%   0.0%   0.0%   0.0%   0.0%   0.0%   0.0%   0.0%   0.0% 	Avg.:  0.0% 
	  0.0%   0.0%   0.0%   0.0%   0.0%   0.0%   0.0%   0.0%   0.0%   0.0%   0.0%   0.0%   0.0%   0.0%   0.0%   0.0%   0.0%   0.0%   0.0%   0.0% 	Avg.:  0.0% 
	  0.0%   0.0%   0.0%   0.0%   0.0%   0.0%   0.0%   0.0%   0.0%   0.0%   0.0%   0.0%   0.0%   0.0%   0.0%   0.0%   0.0%   0.0%   0.0%   0.0% 	Avg.:  0.0% 
	  0.0%   0.0%   0.0%   0.0%   0.0%   0.0%   0.0%   0.0%   0.0%   0.0%   0.0%   0.0%   0.0%   0.0%   0.0%   0.0%   0.0%   0.0%   0.0%   0.0% 	Avg.:  0.0% 
	  0.0%   0.0%   0.0%   0.0%   0.0%   0.0%   0.0%   0.0%   0.0%   0.0%   0.0%   0.0%   0.0%   0.0%   0.0%   0.0%   0.0%   0.0%   0.0%   0.0% 	Avg.:  0.0% 
	  0.0%   0.0%   0.0%   0.0%   0.0%   0.0%   0.0%   0.0%   0.0%   0.0%   0.0%   0.0%   0.0%   0.0%   0.0%   0.0%   0.0%   0.0%   0.0%   0.0% 	Avg.:  0.0% 
	  0.0%   0.0%   0.0%   0.0%   0.0%   0.0%   0.0%   0.0%   0.0%   0.0%   0.0%   0.0%   0.0%   0.0%   0.0%   0.0%   0.0%   0.0%   0.0%   0.0% 	Avg.:  0.0% 
	  0.0%   0.0%   0.0%   0.0%   0.0%   0.0%   0.0%   0.0%   0.0%   0.0%   0.0%   0.0%   0.0%   0.0%   0.0%   0.0%   0.0%   0.0%   0.0%   0.0% 	Avg.:  0.0% 
	  0.0%   0.0%   0.0%   0.0%   0.0%   0.0%   0.0%   0.0%   0.0%   0.0%   0.0%   0.0%   0.0%   0.0%   0.0%   0.0%   0.0%   0.0%   0.0%   0.0% 	Avg.:  0.0% 
	  0.0%   0.0%   0.0%   0.0%   0.0%   0.0%   0.0%   0.0%   0.0%   0.0%   0.0%   0.0%   0.0%   0.0%   0.0%   0.0%   0.0%   0.0%   0.0%   0.0% 	Avg.:  0.0% 
************************************************************************************************************
TAg Forg
	  0.0%   0.0%   0.0%   0.0%   0.0%   0.0%   0.0%   0.0%   0.0%   0.0%   0.0%   0.0%   0.0%   0.0%   0.0%   0.0%   0.0%   0.0%   0.0%   0.0% 
	  8.2%   0.0%   0.0%   0.0%   0.0%   0.0%   0.0%   0.0%   0.0%   0.0%   0.0%   0.0%   0.0%   0.0%   0.0%   0.0%   0.0%   0.0%   0.0%   0.0% 	Avg.:  8.2% 
	 16.4%   3.9%   0.0%   0.0%   0.0%   0.0%   0.0%   0.0%   0.0%   0.0%   0.0%   0.0%   0.0%   0.0%   0.0%   0.0%   0.0%   0.0%   0.0%   0.0% 	Avg.: 10.2% 
	 22.0%  10.6%   5.7%   0.0%   0.0%   0.0%   0.0%   0.0%   0.0%   0.0%   0.0%   0.0%   0.0%   0.0%   0.0%   0.0%   0.0%   0.0%   0.0%   0.0% 	Avg.: 12.8% 
	  0.0%   0.0%   0.0%   0.0%   0.0%   0.0%   0.0%   0.0%   0.0%   0.0%   0.0%   0.0%   0.0%   0.0%   0.0%   0.0%   0.0%   0.0%   0.0%   0.0% 	Avg.:  0.0% 
	  0.0%   0.0%   0.0%   0.0%   0.0%   0.0%   0.0%   0.0%   0.0%   0.0%   0.0%   0.0%   0.0%   0.0%   0.0%   0.0%   0.0%   0.0%   0.0%   0.0% 	Avg.:  0.0% 
	  0.0%   0.0%   0.0%   0.0%   0.0%   0.0%   0.0%   0.0%   0.0%   0.0%   0.0%   0.0%   0.0%   0.0%   0.0%   0.0%   0.0%   0.0%   0.0%   0.0% 	Avg.:  0.0% 
	  0.0%   0.0%   0.0%   0.0%   0.0%   0.0%   0.0%   0.0%   0.0%   0.0%   0.0%   0.0%   0.0%   0.0%   0.0%   0.0%   0.0%   0.0%   0.0%   0.0% 	Avg.:  0.0% 
	  0.0%   0.0%   0.0%   0.0%   0.0%   0.0%   0.0%   0.0%   0.0%   0.0%   0.0%   0.0%   0.0%   0.0%   0.0%   0.0%   0.0%   0.0%   0.0%   0.0% 	Avg.:  0.0% 
	  0.0%   0.0%   0.0%   0.0%   0.0%   0.0%   0.0%   0.0%   0.0%   0.0%   0.0%   0.0%   0.0%   0.0%   0.0%   0.0%   0.0%   0.0%   0.0%   0.0% 	Avg.:  0.0% 
	  0.0%   0.0%   0.0%   0.0%   0.0%   0.0%   0.0%   0.0%   0.0%   0.0%   0.0%   0.0%   0.0%   0.0%   0.0%   0.0%   0.0%   0.0%   0.0%   0.0% 	Avg.:  0.0% 
	  0.0%   0.0%   0.0%   0.0%   0.0%   0.0%   0.0%   0.0%   0.0%   0.0%   0.0%   0.0%   0.0%   0.0%   0.0%   0.0%   0.0%   0.0%   0.0%   0.0% 	Avg.:  0.0% 
	  0.0%   0.0%   0.0%   0.0%   0.0%   0.0%   0.0%   0.0%   0.0%   0.0%   0.0%   0.0%   0.0%   0.0%   0.0%   0.0%   0.0%   0.0%   0.0%   0.0% 	Avg.:  0.0% 
	  0.0%   0.0%   0.0%   0.0%   0.0%   0.0%   0.0%   0.0%   0.0%   0.0%   0.0%   0.0%   0.0%   0.0%   0.0%   0.0%   0.0%   0.0%   0.0%   0.0% 	Avg.:  0.0% 
	  0.0%   0.0%   0.0%   0.0%   0.0%   0.0%   0.0%   0.0%   0.0%   0.0%   0.0%   0.0%   0.0%   0.0%   0.0%   0.0%   0.0%   0.0%   0.0%   0.0% 	Avg.:  0.0% 
	  0.0%   0.0%   0.0%   0.0%   0.0%   0.0%   0.0%   0.0%   0.0%   0.0%   0.0%   0.0%   0.0%   0.0%   0.0%   0.0%   0.0%   0.0%   0.0%   0.0% 	Avg.:  0.0% 
	  0.0%   0.0%   0.0%   0.0%   0.0%   0.0%   0.0%   0.0%   0.0%   0.0%   0.0%   0.0%   0.0%   0.0%   0.0%   0.0%   0.0%   0.0%   0.0%   0.0% 	Avg.:  0.0% 
	  0.0%   0.0%   0.0%   0.0%   0.0%   0.0%   0.0%   0.0%   0.0%   0.0%   0.0%   0.0%   0.0%   0.0%   0.0%   0.0%   0.0%   0.0%   0.0%   0.0% 	Avg.:  0.0% 
	  0.0%   0.0%   0.0%   0.0%   0.0%   0.0%   0.0%   0.0%   0.0%   0.0%   0.0%   0.0%   0.0%   0.0%   0.0%   0.0%   0.0%   0.0%   0.0%   0.0% 	Avg.:  0.0% 
	  0.0%   0.0%   0.0%   0.0%   0.0%   0.0%   0.0%   0.0%   0.0%   0.0%   0.0%   0.0%   0.0%   0.0%   0.0%   0.0%   0.0%   0.0%   0.0%   0.0% 	Avg.:  0.0% 
************************************************************************************************************
[Elapsed time = 0.4 h]
Done!
