START_TASK=5 STOP_TASK=6
============================================================================================================
Arguments =
	approach: icarl
	batch_size: 64
	classes_first_task: None
	clipping: 10000
	crop: 224
	dataset: cifar100
	eval_on_train: False
	experiment_path: None
	fix_bn: False
	freeze_backbone: False
	gpu: 0
	gpus: [0]
	increment: 10
	last_layer_analysis: True
	log: ['disk']
	lr: 0.01
	lr_factor: None
	lr_min: 0.0001
	lr_patience: None
	lr_scheduler: cosine
	lr_warmup_epochs: 0
	momentum: 0.0
	multi_softmax: False
	nepochs: 50
	network: resnetv2_101x1_bit.goog_in21k
	no_cudnn_deterministic: False
	normalize: in21k
	num_workers: 2
	optimizer_name: sgd
	pin_memory: False
	pretrained: True
	resize: 224
	results_path: ./results
	save_models: True
	seed: 0
	start_at_task: 5
	start_epoch: 0
	stop_at_task: 6
	stop_epoch: 0
	use_valid_only: False
	warmup_lr_factor: 1.0
	warmup_nepochs: 0
	weight_decay: 0.0
============================================================================================================
Approach arguments =
	lamb: 1.0
============================================================================================================
Exemplars arguments =
	exemplar_selection: random
	num_exemplars: 2000
============================================================================================================
WARNING: ./results/resnetv2_101x1_bit.goog_in21k/cifar100/icarl/10 already exists!
Loaded acc_taw from: ./results/resnetv2_101x1_bit.goog_in21k/cifar100/icarl/10/acc_taw-4.txt
Loaded acc_tag from: ./results/resnetv2_101x1_bit.goog_in21k/cifar100/icarl/10/acc_tag-4.txt
Loaded forg_taw from: ./results/resnetv2_101x1_bit.goog_in21k/cifar100/icarl/10/forg_taw-4.txt
Loaded forg_tag from: ./results/resnetv2_101x1_bit.goog_in21k/cifar100/icarl/10/forg_tag-4.txt
Loaded 2000 exemplars from ./results/resnetv2_101x1_bit.goog_in21k/cifar100/icarl/10/task4_exemplars.pth
Loaded 50 exemplar means from ./results/resnetv2_101x1_bit.goog_in21k/cifar100/icarl/10/task4_exemplar_means.pth
************************************************************************************************************
Task  5  [epochs 0-50]
************************************************************************************************************
[params] total:42,615,420  trainable:42,615,420  tensors:316  trainable_tensors:316
| Epoch   1, time= 21.3s | Train: skip eval | Valid: time=  1.4s loss=11.090, TAw acc= 88.6% | * lr=1.0e-02
| Epoch   2, time= 20.3s | Train: skip eval | Valid: time=  1.2s loss=10.946, TAw acc= 90.6% | * lr=1.0e-02
| Epoch   3, time= 21.1s | Train: skip eval | Valid: time=  1.3s loss=10.952, TAw acc= 91.6% | lr=9.9e-03
| Epoch   4, time= 20.2s | Train: skip eval | Valid: time=  1.3s loss=10.880, TAw acc= 92.6% | * lr=9.8e-03
| Epoch   5, time= 20.5s | Train: skip eval | Valid: time=  1.3s loss=10.823, TAw acc= 94.0% | * lr=9.8e-03
| Epoch   6, time= 20.6s | Train: skip eval | Valid: time=  1.3s loss=10.769, TAw acc= 93.0% | * lr=9.7e-03
| Epoch   7, time= 20.8s | Train: skip eval | Valid: time=  1.3s loss=10.861, TAw acc= 93.6% | lr=9.5e-03
| Epoch   8, time= 20.3s | Train: skip eval | Valid: time=  1.3s loss=10.810, TAw acc= 94.0% | lr=9.4e-03
| Epoch   9, time= 20.6s | Train: skip eval | Valid: time=  1.3s loss=10.797, TAw acc= 92.6% | lr=9.2e-03
| Epoch  10, time= 20.8s | Train: skip eval | Valid: time=  1.3s loss=10.728, TAw acc= 93.8% | * lr=9.1e-03
| Epoch  11, time= 20.5s | Train: skip eval | Valid: time=  1.3s loss=10.742, TAw acc= 93.8% | lr=8.9e-03
| Epoch  12, time= 20.7s | Train: skip eval | Valid: time=  1.2s loss=10.727, TAw acc= 94.2% | * lr=8.7e-03
| Epoch  13, time= 20.3s | Train: skip eval | Valid: time=  1.3s loss=10.755, TAw acc= 94.0% | lr=8.4e-03
| Epoch  14, time= 20.4s | Train: skip eval | Valid: time=  1.3s loss=10.745, TAw acc= 94.0% | lr=8.2e-03
| Epoch  15, time= 20.8s | Train: skip eval | Valid: time=  1.3s loss=10.722, TAw acc= 93.8% | * lr=8.0e-03
| Epoch  16, time= 20.5s | Train: skip eval | Valid: time=  1.3s loss=10.741, TAw acc= 94.0% | lr=7.7e-03
| Epoch  17, time= 20.9s | Train: skip eval | Valid: time=  1.3s loss=10.800, TAw acc= 92.8% | lr=7.4e-03
| Epoch  18, time= 20.6s | Train: skip eval | Valid: time=  1.2s loss=10.707, TAw acc= 95.2% | * lr=7.2e-03
| Epoch  19, time= 20.4s | Train: skip eval | Valid: time=  1.3s loss=10.729, TAw acc= 92.8% | lr=6.9e-03
| Epoch  20, time= 20.6s | Train: skip eval | Valid: time=  1.3s loss=10.731, TAw acc= 93.4% | lr=6.6e-03
| Epoch  21, time= 20.5s | Train: skip eval | Valid: time=  1.3s loss=10.707, TAw acc= 93.6% | * lr=6.3e-03
| Epoch  22, time= 20.4s | Train: skip eval | Valid: time=  1.3s loss=10.723, TAw acc= 93.6% | lr=6.0e-03
| Epoch  23, time= 20.4s | Train: skip eval | Valid: time=  1.3s loss=10.702, TAw acc= 93.4% | * lr=5.7e-03
| Epoch  24, time= 20.3s | Train: skip eval | Valid: time=  1.3s loss=10.684, TAw acc= 94.2% | * lr=5.4e-03
| Epoch  25, time= 20.5s | Train: skip eval | Valid: time=  1.2s loss=10.681, TAw acc= 93.8% | * lr=5.1e-03
| Epoch  26, time= 20.5s | Train: skip eval | Valid: time=  1.3s loss=10.671, TAw acc= 94.0% | * lr=4.7e-03
| Epoch  27, time= 20.6s | Train: skip eval | Valid: time=  1.3s loss=10.688, TAw acc= 94.2% | lr=4.4e-03
| Epoch  28, time= 20.7s | Train: skip eval | Valid: time=  1.3s loss=10.661, TAw acc= 94.8% | * lr=4.1e-03
| Epoch  29, time= 20.8s | Train: skip eval | Valid: time=  1.3s loss=10.659, TAw acc= 94.0% | * lr=3.8e-03
| Epoch  30, time= 20.4s | Train: skip eval | Valid: time=  1.3s loss=10.668, TAw acc= 94.4% | lr=3.5e-03
| Epoch  31, time= 20.8s | Train: skip eval | Valid: time=  1.2s loss=10.694, TAw acc= 94.4% | lr=3.2e-03
| Epoch  32, time= 20.9s | Train: skip eval | Valid: time=  1.3s loss=10.684, TAw acc= 92.8% | lr=2.9e-03
| Epoch  33, time= 20.8s | Train: skip eval | Valid: time=  1.2s loss=10.661, TAw acc= 94.6% | lr=2.7e-03
| Epoch  34, time= 20.9s | Train: skip eval | Valid: time=  1.3s loss=10.672, TAw acc= 95.0% | lr=2.4e-03
| Epoch  35, time= 20.9s | Train: skip eval | Valid: time=  1.3s loss=10.662, TAw acc= 94.2% | lr=2.1e-03
| Epoch  36, time= 20.5s | Train: skip eval | Valid: time=  1.2s loss=10.658, TAw acc= 95.0% | * lr=1.9e-03
| Epoch  37, time= 20.9s | Train: skip eval | Valid: time=  1.2s loss=10.661, TAw acc= 94.4% | lr=1.7e-03
| Epoch  38, time= 20.6s | Train: skip eval | Valid: time=  1.3s loss=10.656, TAw acc= 94.6% | * lr=1.4e-03
| Epoch  39, time= 20.5s | Train: skip eval | Valid: time=  1.3s loss=10.663, TAw acc= 94.6% | lr=1.2e-03
| Epoch  40, time= 20.4s | Train: skip eval | Valid: time=  1.3s loss=10.658, TAw acc= 94.6% | lr=1.0e-03
| Epoch  41, time= 20.9s | Train: skip eval | Valid: time=  1.4s loss=10.660, TAw acc= 94.6% | lr=8.7e-04
| Epoch  42, time= 20.6s | Train: skip eval | Valid: time=  1.3s loss=10.656, TAw acc= 94.6% | lr=7.1e-04
| Epoch  43, time= 20.9s | Train: skip eval | Valid: time=  1.2s loss=10.657, TAw acc= 94.8% | lr=5.7e-04
| Epoch  44, time= 20.9s | Train: skip eval | Valid: time=  1.3s loss=10.657, TAw acc= 94.8% | lr=4.5e-04
| Epoch  45, time= 20.6s | Train: skip eval | Valid: time=  1.3s loss=10.659, TAw acc= 94.8% | lr=3.4e-04
| Epoch  46, time= 20.8s | Train: skip eval | Valid: time=  1.3s loss=10.658, TAw acc= 94.6% | lr=2.6e-04
| Epoch  47, time= 20.4s | Train: skip eval | Valid: time=  1.3s loss=10.656, TAw acc= 94.6% | * lr=1.9e-04
| Epoch  48, time= 20.6s | Train: skip eval | Valid: time=  1.3s loss=10.656, TAw acc= 94.6% | lr=1.4e-04
| Epoch  49, time= 20.9s | Train: skip eval | Valid: time=  1.2s loss=10.657, TAw acc= 94.6% | lr=1.1e-04
| Epoch  50, time= 20.9s | Train: skip eval | Valid: time=  1.3s loss=10.657, TAw acc= 94.6% | lr=1.0e-04
| Selected 2040 train exemplars, time=  0.7s
------------------------------------------------------------------------------------------------------------
>>> Test on task  0 : loss=1.495 | TAw acc= 96.4%, forg= -0.1% | TAg acc= 82.8%, forg= 13.5% <<<
>>> Test on task  1 : loss=4.136 | TAw acc= 97.8%, forg=  0.3% | TAg acc= 87.0%, forg=  7.6% <<<
>>> Test on task  2 : loss=7.265 | TAw acc= 97.1%, forg=  0.1% | TAg acc= 87.9%, forg=  5.8% <<<
>>> Test on task  3 : loss=10.320 | TAw acc= 93.1%, forg=  0.6% | TAg acc= 83.2%, forg=  6.4% <<<
>>> Test on task  4 : loss=9.591 | TAw acc= 96.7%, forg= -0.2% | TAg acc= 88.7%, forg=  3.9% <<<
>>> Test on task  5 : loss=10.697 | TAw acc= 93.4%, forg=  0.0% | TAg acc= 85.8%, forg=  0.0% <<<
Save at ./results/./results/resnetv2_101x1_bit.goog_in21k/cifar100/icarl/10
************************************************************************************************************
TAw Acc
	 96.3%   0.0%   0.0%   0.0%   0.0%   0.0%   0.0%   0.0%   0.0%   0.0% 	Avg.: 96.3% 
	 96.3%  97.9%   0.0%   0.0%   0.0%   0.0%   0.0%   0.0%   0.0%   0.0% 	Avg.: 97.1% 
	 95.9%  98.1%  96.7%   0.0%   0.0%   0.0%   0.0%   0.0%   0.0%   0.0% 	Avg.: 96.9% 
	 96.1%  98.0%  96.9%  93.7%   0.0%   0.0%   0.0%   0.0%   0.0%   0.0% 	Avg.: 96.2% 
	 96.2%  98.0%  97.2%  93.7%  96.5%   0.0%   0.0%   0.0%   0.0%   0.0% 	Avg.: 96.3% 
	 96.4%  97.8%  97.1%  93.1%  96.7%  93.4%   0.0%   0.0%   0.0%   0.0% 	Avg.: 95.8% 
	  0.0%   0.0%   0.0%   0.0%   0.0%   0.0%   0.0%   0.0%   0.0%   0.0% 	Avg.:  0.0% 
	  0.0%   0.0%   0.0%   0.0%   0.0%   0.0%   0.0%   0.0%   0.0%   0.0% 	Avg.:  0.0% 
	  0.0%   0.0%   0.0%   0.0%   0.0%   0.0%   0.0%   0.0%   0.0%   0.0% 	Avg.:  0.0% 
	  0.0%   0.0%   0.0%   0.0%   0.0%   0.0%   0.0%   0.0%   0.0%   0.0% 	Avg.:  0.0% 
************************************************************************************************************
TAg Acc
	 96.3%   0.0%   0.0%   0.0%   0.0%   0.0%   0.0%   0.0%   0.0%   0.0% 	Avg.: 96.3% 
	 93.7%  94.6%   0.0%   0.0%   0.0%   0.0%   0.0%   0.0%   0.0%   0.0% 	Avg.: 94.1% 
	 91.2%  90.4%  93.7%   0.0%   0.0%   0.0%   0.0%   0.0%   0.0%   0.0% 	Avg.: 91.8% 
	 89.7%  88.5%  93.1%  89.6%   0.0%   0.0%   0.0%   0.0%   0.0%   0.0% 	Avg.: 90.2% 
	 87.2%  88.2%  90.2%  85.5%  92.6%   0.0%   0.0%   0.0%   0.0%   0.0% 	Avg.: 88.7% 
	 82.8%  87.0%  87.9%  83.2%  88.7%  85.8%   0.0%   0.0%   0.0%   0.0% 	Avg.: 85.9% 
	  0.0%   0.0%   0.0%   0.0%   0.0%   0.0%   0.0%   0.0%   0.0%   0.0% 	Avg.:  0.0% 
	  0.0%   0.0%   0.0%   0.0%   0.0%   0.0%   0.0%   0.0%   0.0%   0.0% 	Avg.:  0.0% 
	  0.0%   0.0%   0.0%   0.0%   0.0%   0.0%   0.0%   0.0%   0.0%   0.0% 	Avg.:  0.0% 
	  0.0%   0.0%   0.0%   0.0%   0.0%   0.0%   0.0%   0.0%   0.0%   0.0% 	Avg.:  0.0% 
************************************************************************************************************
TAw Forg
	  0.0%   0.0%   0.0%   0.0%   0.0%   0.0%   0.0%   0.0%   0.0%   0.0% 
	  0.0%   0.0%   0.0%   0.0%   0.0%   0.0%   0.0%   0.0%   0.0%   0.0% 	Avg.:  0.0% 
	  0.4%  -0.2%   0.0%   0.0%   0.0%   0.0%   0.0%   0.0%   0.0%   0.0% 	Avg.:  0.1% 
	  0.2%   0.1%  -0.2%   0.0%   0.0%   0.0%   0.0%   0.0%   0.0%   0.0% 	Avg.:  0.0% 
	  0.1%   0.1%  -0.3%   0.0%   0.0%   0.0%   0.0%   0.0%   0.0%   0.0% 	Avg.: -0.0% 
	 -0.1%   0.3%   0.1%   0.6%  -0.2%   0.0%   0.0%   0.0%   0.0%   0.0% 	Avg.:  0.1% 
	  0.0%   0.0%   0.0%   0.0%   0.0%   0.0%   0.0%   0.0%   0.0%   0.0% 	Avg.:  0.0% 
	  0.0%   0.0%   0.0%   0.0%   0.0%   0.0%   0.0%   0.0%   0.0%   0.0% 	Avg.:  0.0% 
	  0.0%   0.0%   0.0%   0.0%   0.0%   0.0%   0.0%   0.0%   0.0%   0.0% 	Avg.:  0.0% 
	  0.0%   0.0%   0.0%   0.0%   0.0%   0.0%   0.0%   0.0%   0.0%   0.0% 	Avg.:  0.0% 
************************************************************************************************************
TAg Forg
	  0.0%   0.0%   0.0%   0.0%   0.0%   0.0%   0.0%   0.0%   0.0%   0.0% 
	  2.6%   0.0%   0.0%   0.0%   0.0%   0.0%   0.0%   0.0%   0.0%   0.0% 	Avg.:  2.6% 
	  5.1%   4.2%   0.0%   0.0%   0.0%   0.0%   0.0%   0.0%   0.0%   0.0% 	Avg.:  4.6% 
	  6.6%   6.1%   0.6%   0.0%   0.0%   0.0%   0.0%   0.0%   0.0%   0.0% 	Avg.:  4.4% 
	  9.1%   6.4%   3.5%   4.1%   0.0%   0.0%   0.0%   0.0%   0.0%   0.0% 	Avg.:  5.8% 
	 13.5%   7.6%   5.8%   6.4%   3.9%   0.0%   0.0%   0.0%   0.0%   0.0% 	Avg.:  7.4% 
	  0.0%   0.0%   0.0%   0.0%   0.0%   0.0%   0.0%   0.0%   0.0%   0.0% 	Avg.:  0.0% 
	  0.0%   0.0%   0.0%   0.0%   0.0%   0.0%   0.0%   0.0%   0.0%   0.0% 	Avg.:  0.0% 
	  0.0%   0.0%   0.0%   0.0%   0.0%   0.0%   0.0%   0.0%   0.0%   0.0% 	Avg.:  0.0% 
	  0.0%   0.0%   0.0%   0.0%   0.0%   0.0%   0.0%   0.0%   0.0%   0.0% 	Avg.:  0.0% 
************************************************************************************************************
[Elapsed time = 0.3 h]
Done!
