START_TASK=9 STOP_TASK=10
============================================================================================================
Arguments =
	approach: bic
	batch_size: 64
	classes_first_task: None
	clipping: 10000
	crop: 224
	data_path: ../data/inat200
	dataset: inat200
	eval_on_train: False
	experiment_path: None
	fix_bn: False
	freeze_backbone: False
	gpu: 0
	gpus: [0]
	increment: 10
	last_layer_analysis: True
	log: ['disk']
	lr: 0.01
	lr_factor: None
	lr_min: 0.0001
	lr_patience: None
	lr_scheduler: cosine
	lr_warmup_epochs: 0
	momentum: 0.0
	multi_softmax: False
	nepochs: 90
	network: resnetv2_101x1_bit.goog_in21k
	no_cudnn_deterministic: False
	normalize: in21k
	num_workers: 2
	optimizer_name: sgd
	pin_memory: False
	pretrained: True
	resize: 224
	results_path: ./results
	save_models: True
	seed: 0
	start_at_task: 9
	start_epoch: 0
	stop_at_task: 10
	stop_epoch: 0
	use_valid_only: False
	warmup_lr_factor: 1.0
	warmup_nepochs: 0
	weight_decay: 0.0
============================================================================================================
Approach arguments =
	T: 2
	lamb: -1
	num_bias_epochs: 200
	val_exemplar_percentage: 0.1
============================================================================================================
Exemplars arguments =
	exemplar_selection: random
	num_exemplars: 2000
============================================================================================================
WARNING: ./results/resnetv2_101x1_bit.goog_in21k/inat200/bic/10 already exists!
Loaded acc_taw from: ./results/resnetv2_101x1_bit.goog_in21k/inat200/bic/10/acc_taw-8.txt
Loaded acc_tag from: ./results/resnetv2_101x1_bit.goog_in21k/inat200/bic/10/acc_tag-8.txt
Loaded forg_taw from: ./results/resnetv2_101x1_bit.goog_in21k/inat200/bic/10/forg_taw-8.txt
Loaded forg_tag from: ./results/resnetv2_101x1_bit.goog_in21k/inat200/bic/10/forg_tag-8.txt
Loaded 9 bias layers from ./results/resnetv2_101x1_bit.goog_in21k/inat200/bic/10/task8_bias_layers.pth
Loaded 1710 training exemplars from ./results/resnetv2_101x1_bit.goog_in21k/inat200/bic/10/task8_exemplars.pth
Loaded val exemplars from ./results/resnetv2_101x1_bit.goog_in21k/inat200/bic/10/task8_val_exemplars.pth
************************************************************************************************************
Task  9  [epochs 0-90]
************************************************************************************************************
Stage 0: Select validation exemplars for bias correction
 > Selected 200 val exemplars, time=0.0s
Stage 1: Backbone training with distillation
[params] total:42,697,380  trainable:42,697,380  tensors:324  trainable_tensors:324
| Epoch   1, time= 23.6s | Train: skip eval | Valid: time=  2.0s loss=2.986, TAw acc= 92.2% | * lr=1.0e-02
| Epoch   2, time= 22.4s | Train: skip eval | Valid: time=  2.1s loss=2.978, TAw acc= 92.8% | * lr=1.0e-02
| Epoch   3, time= 20.1s | Train: skip eval | Valid: time=  1.7s loss=2.974, TAw acc= 93.5% | * lr=1.0e-02
| Epoch   4, time= 20.1s | Train: skip eval | Valid: time=  1.9s loss=2.972, TAw acc= 94.5% | * lr=1.0e-02
| Epoch   5, time= 23.6s | Train: skip eval | Valid: time=  1.7s loss=2.970, TAw acc= 94.0% | * lr=9.9e-03
| Epoch   6, time= 20.7s | Train: skip eval | Valid: time=  1.8s loss=2.968, TAw acc= 94.8% | * lr=9.9e-03
| Epoch   7, time= 18.7s | Train: skip eval | Valid: time=  1.8s loss=2.969, TAw acc= 95.0% | lr=9.9e-03
| Epoch   8, time= 21.8s | Train: skip eval | Valid: time=  1.8s loss=2.967, TAw acc= 94.5% | * lr=9.8e-03
| Epoch   9, time= 21.1s | Train: skip eval | Valid: time=  1.8s loss=2.968, TAw acc= 95.0% | lr=9.8e-03
| Epoch  10, time= 20.4s | Train: skip eval | Valid: time=  1.9s loss=2.966, TAw acc= 95.0% | * lr=9.7e-03
| Epoch  11, time= 20.2s | Train: skip eval | Valid: time=  1.7s loss=2.968, TAw acc= 94.2% | lr=9.6e-03
| Epoch  12, time= 20.2s | Train: skip eval | Valid: time=  1.8s loss=2.966, TAw acc= 95.8% | lr=9.6e-03
| Epoch  13, time= 24.4s | Train: skip eval | Valid: time=  1.8s loss=2.966, TAw acc= 95.2% | * lr=9.5e-03
| Epoch  14, time= 21.7s | Train: skip eval | Valid: time=  1.7s loss=2.965, TAw acc= 95.5% | * lr=9.4e-03
| Epoch  15, time= 24.6s | Train: skip eval | Valid: time=  1.7s loss=2.966, TAw acc= 95.2% | lr=9.3e-03
| Epoch  16, time= 24.9s | Train: skip eval | Valid: time=  1.7s loss=2.965, TAw acc= 95.2% | lr=9.2e-03
| Epoch  17, time= 19.9s | Train: skip eval | Valid: time=  1.7s loss=2.965, TAw acc= 95.8% | * lr=9.2e-03
| Epoch  18, time= 22.5s | Train: skip eval | Valid: time=  1.7s loss=2.965, TAw acc= 95.2% | lr=9.1e-03
| Epoch  19, time= 22.7s | Train: skip eval | Valid: time=  1.9s loss=2.965, TAw acc= 95.5% | lr=9.0e-03
| Epoch  20, time= 21.4s | Train: skip eval | Valid: time=  1.7s loss=2.966, TAw acc= 96.0% | lr=8.8e-03
| Epoch  21, time= 22.2s | Train: skip eval | Valid: time=  1.9s loss=2.965, TAw acc= 95.5% | * lr=8.7e-03
| Epoch  22, time= 23.7s | Train: skip eval | Valid: time=  1.7s loss=2.965, TAw acc= 96.2% | lr=8.6e-03
| Epoch  23, time= 20.5s | Train: skip eval | Valid: time=  1.7s loss=2.964, TAw acc= 95.8% | * lr=8.5e-03
| Epoch  24, time= 20.5s | Train: skip eval | Valid: time=  1.7s loss=2.965, TAw acc= 95.5% | lr=8.4e-03
| Epoch  25, time= 19.2s | Train: skip eval | Valid: time=  1.8s loss=2.965, TAw acc= 95.8% | lr=8.2e-03
| Epoch  26, time= 23.9s | Train: skip eval | Valid: time=  2.0s loss=2.964, TAw acc= 95.8% | lr=8.1e-03
| Epoch  27, time= 22.9s | Train: skip eval | Valid: time=  2.0s loss=2.964, TAw acc= 95.8% | lr=8.0e-03
| Epoch  28, time= 21.1s | Train: skip eval | Valid: time=  1.7s loss=2.965, TAw acc= 95.8% | lr=7.8e-03
| Epoch  29, time= 23.9s | Train: skip eval | Valid: time=  1.8s loss=2.964, TAw acc= 95.8% | * lr=7.7e-03
| Epoch  30, time= 23.8s | Train: skip eval | Valid: time=  1.7s loss=2.965, TAw acc= 96.0% | lr=7.5e-03
| Epoch  31, time= 20.8s | Train: skip eval | Valid: time=  2.3s loss=2.964, TAw acc= 95.8% | lr=7.4e-03
| Epoch  32, time= 19.8s | Train: skip eval | Valid: time=  1.8s loss=2.965, TAw acc= 96.2% | lr=7.2e-03
| Epoch  33, time= 18.8s | Train: skip eval | Valid: time=  1.7s loss=2.964, TAw acc= 96.0% | * lr=7.1e-03
| Epoch  34, time= 21.7s | Train: skip eval | Valid: time=  1.9s loss=2.964, TAw acc= 96.2% | lr=6.9e-03
| Epoch  35, time= 20.1s | Train: skip eval | Valid: time=  1.7s loss=2.964, TAw acc= 96.0% | lr=6.7e-03
| Epoch  36, time= 24.2s | Train: skip eval | Valid: time=  1.7s loss=2.965, TAw acc= 95.8% | lr=6.6e-03
| Epoch  37, time= 23.3s | Train: skip eval | Valid: time=  1.8s loss=2.964, TAw acc= 96.0% | lr=6.4e-03
| Epoch  38, time= 23.4s | Train: skip eval | Valid: time=  1.7s loss=2.965, TAw acc= 95.8% | lr=6.2e-03
| Epoch  39, time= 21.2s | Train: skip eval | Valid: time=  1.7s loss=2.964, TAw acc= 96.0% | lr=6.1e-03
| Epoch  40, time= 23.0s | Train: skip eval | Valid: time=  1.8s loss=2.964, TAw acc= 96.0% | lr=5.9e-03
| Epoch  41, time= 21.6s | Train: skip eval | Valid: time=  1.8s loss=2.965, TAw acc= 95.5% | lr=5.7e-03
| Epoch  42, time= 23.4s | Train: skip eval | Valid: time=  1.9s loss=2.964, TAw acc= 95.5% | lr=5.6e-03
| Epoch  43, time= 21.9s | Train: skip eval | Valid: time=  2.0s loss=2.965, TAw acc= 95.2% | lr=5.4e-03
| Epoch  44, time= 23.1s | Train: skip eval | Valid: time=  1.7s loss=2.964, TAw acc= 95.5% | lr=5.2e-03
| Epoch  45, time= 24.1s | Train: skip eval | Valid: time=  1.8s loss=2.964, TAw acc= 95.8% | lr=5.1e-03
| Epoch  46, time= 19.4s | Train: skip eval | Valid: time=  1.9s loss=2.964, TAw acc= 95.8% | lr=4.9e-03
| Epoch  47, time= 19.3s | Train: skip eval | Valid: time=  1.8s loss=2.964, TAw acc= 95.2% | lr=4.7e-03
| Epoch  48, time= 20.8s | Train: skip eval | Valid: time=  1.8s loss=2.964, TAw acc= 95.5% | lr=4.5e-03
| Epoch  49, time= 21.1s | Train: skip eval | Valid: time=  1.8s loss=2.964, TAw acc= 96.0% | lr=4.4e-03
| Epoch  50, time= 20.9s | Train: skip eval | Valid: time=  1.8s loss=2.964, TAw acc= 96.0% | lr=4.2e-03
| Epoch  51, time= 20.8s | Train: skip eval | Valid: time=  1.8s loss=2.964, TAw acc= 95.8% | lr=4.0e-03
| Epoch  52, time= 24.4s | Train: skip eval | Valid: time=  1.9s loss=2.964, TAw acc= 95.2% | lr=3.9e-03
| Epoch  53, time= 21.6s | Train: skip eval | Valid: time=  1.8s loss=2.964, TAw acc= 95.5% | lr=3.7e-03
| Epoch  54, time= 19.8s | Train: skip eval | Valid: time=  2.0s loss=2.964, TAw acc= 96.0% | lr=3.5e-03
| Epoch  55, time= 21.2s | Train: skip eval | Valid: time=  1.8s loss=2.964, TAw acc= 95.8% | lr=3.4e-03
| Epoch  56, time= 22.0s | Train: skip eval | Valid: time=  2.0s loss=2.964, TAw acc= 95.8% | lr=3.2e-03
| Epoch  57, time= 21.2s | Train: skip eval | Valid: time=  1.7s loss=2.964, TAw acc= 96.0% | lr=3.0e-03
| Epoch  58, time= 20.0s | Train: skip eval | Valid: time=  1.8s loss=2.964, TAw acc= 95.5% | lr=2.9e-03
| Epoch  59, time= 22.8s | Train: skip eval | Valid: time=  1.7s loss=2.964, TAw acc= 95.8% | lr=2.7e-03
| Epoch  60, time= 23.1s | Train: skip eval | Valid: time=  1.7s loss=2.964, TAw acc= 95.8% | lr=2.6e-03
| Epoch  61, time= 21.9s | Train: skip eval | Valid: time=  2.0s loss=2.964, TAw acc= 96.0% | lr=2.4e-03
| Epoch  62, time= 24.0s | Train: skip eval | Valid: time=  1.7s loss=2.964, TAw acc= 96.0% | lr=2.3e-03
| Epoch  63, time= 24.6s | Train: skip eval | Valid: time=  1.7s loss=2.964, TAw acc= 95.8% | lr=2.1e-03
| Epoch  64, time= 24.0s | Train: skip eval | Valid: time=  1.8s loss=2.964, TAw acc= 95.8% | lr=2.0e-03
| Epoch  65, time= 24.7s | Train: skip eval | Valid: time=  1.8s loss=2.964, TAw acc= 95.8% | lr=1.9e-03
| Epoch  66, time= 20.8s | Train: skip eval | Valid: time=  1.7s loss=2.964, TAw acc= 95.8% | * lr=1.7e-03
| Epoch  67, time= 20.5s | Train: skip eval | Valid: time=  1.8s loss=2.964, TAw acc= 95.8% | lr=1.6e-03
| Epoch  68, time= 20.8s | Train: skip eval | Valid: time=  1.8s loss=2.964, TAw acc= 95.8% | lr=1.5e-03
| Epoch  69, time= 20.3s | Train: skip eval | Valid: time=  2.2s loss=2.964, TAw acc= 95.8% | lr=1.4e-03
| Epoch  70, time= 20.4s | Train: skip eval | Valid: time=  1.8s loss=2.964, TAw acc= 95.8% | lr=1.3e-03
| Epoch  71, time= 21.7s | Train: skip eval | Valid: time=  2.0s loss=2.964, TAw acc= 95.8% | lr=1.1e-03
| Epoch  72, time= 25.4s | Train: skip eval | Valid: time=  2.0s loss=2.964, TAw acc= 95.8% | lr=1.0e-03
| Epoch  73, time= 22.9s | Train: skip eval | Valid: time=  1.7s loss=2.964, TAw acc= 95.8% | lr=9.5e-04
| Epoch  74, time= 19.6s | Train: skip eval | Valid: time=  1.7s loss=2.964, TAw acc= 95.8% | lr=8.5e-04
| Epoch  75, time= 23.8s | Train: skip eval | Valid: time=  1.8s loss=2.964, TAw acc= 96.0% | lr=7.6e-04
| Epoch  76, time= 20.4s | Train: skip eval | Valid: time=  2.1s loss=2.964, TAw acc= 95.8% | lr=6.8e-04
| Epoch  77, time= 21.7s | Train: skip eval | Valid: time=  1.7s loss=2.964, TAw acc= 96.0% | lr=6.0e-04
| Epoch  78, time= 20.0s | Train: skip eval | Valid: time=  1.8s loss=2.964, TAw acc= 96.0% | lr=5.3e-04
| Epoch  79, time= 22.4s | Train: skip eval | Valid: time=  1.8s loss=2.964, TAw acc= 96.0% | lr=4.6e-04
| Epoch  80, time= 21.7s | Train: skip eval | Valid: time=  1.8s loss=2.964, TAw acc= 96.0% | lr=4.0e-04
| Epoch  81, time= 20.9s | Train: skip eval | Valid: time=  1.8s loss=2.964, TAw acc= 96.0% | lr=3.4e-04
| Epoch  82, time= 20.5s | Train: skip eval | Valid: time=  1.8s loss=2.964, TAw acc= 96.0% | lr=2.9e-04
| Epoch  83, time= 24.1s | Train: skip eval | Valid: time=  1.8s loss=2.964, TAw acc= 96.0% | lr=2.5e-04
| Epoch  84, time= 21.4s | Train: skip eval | Valid: time=  1.8s loss=2.964, TAw acc= 96.0% | lr=2.1e-04
| Epoch  85, time= 22.5s | Train: skip eval | Valid: time=  2.2s loss=2.964, TAw acc= 96.0% | lr=1.8e-04
| Epoch  86, time= 23.7s | Train: skip eval | Valid: time=  1.8s loss=2.964, TAw acc= 96.0% | lr=1.5e-04
| Epoch  87, time= 23.2s | Train: skip eval | Valid: time=  1.8s loss=2.964, TAw acc= 95.8% | lr=1.3e-04
| Epoch  88, time= 24.4s | Train: skip eval | Valid: time=  1.7s loss=2.964, TAw acc= 96.0% | lr=1.1e-04
| Epoch  89, time= 24.8s | Train: skip eval | Valid: time=  1.8s loss=2.964, TAw acc= 96.0% | lr=1.0e-04
| Epoch  90, time= 23.3s | Train: skip eval | Valid: time=  1.8s loss=2.964, TAw acc= 96.0% | lr=1.0e-04
Stage 2: Training bias correction layers
| Epoch  50, time=1.2s | Train: loss=1.260, TAg acc= 65.0% |
| Epoch 100, time=1.2s | Train: loss=1.335, TAg acc= 66.0% |
| Epoch 150, time=1.2s | Train: loss=1.184, TAg acc= 67.5% |
| Epoch 200, time=1.2s | Train: loss=1.260, TAg acc= 67.5% |
Stage 2: BiC Task 0: alpha=1.00000, beta=0.00000
Stage 2: BiC Task 1: alpha=0.77487, beta=-0.13598
Stage 2: BiC Task 2: alpha=0.78167, beta=-0.23773
Stage 2: BiC Task 3: alpha=0.73024, beta=-0.11479
Stage 2: BiC Task 4: alpha=0.73303, beta=-0.16619
Stage 2: BiC Task 5: alpha=0.72171, beta=-0.22092
Stage 2: BiC Task 6: alpha=0.76232, beta=-0.20928
Stage 2: BiC Task 7: alpha=0.68882, beta=-0.18871
Stage 2: BiC Task 8: alpha=0.67856, beta=-0.16215
Stage 2: BiC Task 9: alpha=0.68535, beta=-0.21240
| Selected 1800 train exemplars, time=  1.6s
------------------------------------------------------------------------------------------------------------
>>> Test on task  0 : loss=1.325 | TAw acc= 94.2%, forg=  0.3% | TAg acc= 71.8%, forg= 21.8% <<<
>>> Test on task  1 : loss=1.243 | TAw acc= 91.9%, forg=  0.2% | TAg acc= 66.7%, forg= 17.5% <<<
>>> Test on task  2 : loss=1.052 | TAw acc= 95.0%, forg=  0.8% | TAg acc= 76.0%, forg=  9.3% <<<
>>> Test on task  3 : loss=1.467 | TAw acc= 91.5%, forg=  0.3% | TAg acc= 68.7%, forg= 13.0% <<<
>>> Test on task  4 : loss=1.706 | TAw acc= 91.6%, forg=  0.6% | TAg acc= 67.8%, forg=  9.5% <<<
>>> Test on task  5 : loss=1.848 | TAw acc= 89.6%, forg=  0.5% | TAg acc= 70.5%, forg=  2.5% <<<
>>> Test on task  6 : loss=1.848 | TAw acc= 94.1%, forg=  0.2% | TAg acc= 78.0%, forg=  0.2% <<<
>>> Test on task  7 : loss=2.382 | TAw acc= 91.9%, forg=  0.7% | TAg acc= 67.3%, forg=  0.6% <<<
>>> Test on task  8 : loss=2.756 | TAw acc= 92.4%, forg= -0.1% | TAg acc= 72.9%, forg= -3.5% <<<
>>> Test on task  9 : loss=3.041 | TAw acc= 93.3%, forg=  0.0% | TAg acc= 68.6%, forg=  0.0% <<<
Save at ./results/./results/resnetv2_101x1_bit.goog_in21k/inat200/bic/10
************************************************************************************************************
TAw Acc
	 93.6%   0.0%   0.0%   0.0%   0.0%   0.0%   0.0%   0.0%   0.0%   0.0%   0.0%   0.0%   0.0%   0.0%   0.0%   0.0%   0.0%   0.0%   0.0%   0.0% 	Avg.: 93.6% 
	 94.2%  91.4%   0.0%   0.0%   0.0%   0.0%   0.0%   0.0%   0.0%   0.0%   0.0%   0.0%   0.0%   0.0%   0.0%   0.0%   0.0%   0.0%   0.0%   0.0% 	Avg.: 92.8% 
	 94.3%  91.8%  95.1%   0.0%   0.0%   0.0%   0.0%   0.0%   0.0%   0.0%   0.0%   0.0%   0.0%   0.0%   0.0%   0.0%   0.0%   0.0%   0.0%   0.0% 	Avg.: 93.7% 
	 94.3%  91.9%  95.4%  91.8%   0.0%   0.0%   0.0%   0.0%   0.0%   0.0%   0.0%   0.0%   0.0%   0.0%   0.0%   0.0%   0.0%   0.0%   0.0%   0.0% 	Avg.: 93.3% 
	 94.5%  91.7%  95.2%  91.7%  92.0%   0.0%   0.0%   0.0%   0.0%   0.0%   0.0%   0.0%   0.0%   0.0%   0.0%   0.0%   0.0%   0.0%   0.0%   0.0% 	Avg.: 93.0% 
	 94.4%  92.1%  95.5%  91.7%  92.2%  89.8%   0.0%   0.0%   0.0%   0.0%   0.0%   0.0%   0.0%   0.0%   0.0%   0.0%   0.0%   0.0%   0.0%   0.0% 	Avg.: 92.6% 
	 94.3%  91.7%  95.6%  91.7%  91.5%  90.1%  93.9%   0.0%   0.0%   0.0%   0.0%   0.0%   0.0%   0.0%   0.0%   0.0%   0.0%   0.0%   0.0%   0.0% 	Avg.: 92.7% 
	 94.3%  91.8%  95.8%  91.4%  91.5%  89.8%  94.3%  92.6%   0.0%   0.0%   0.0%   0.0%   0.0%   0.0%   0.0%   0.0%   0.0%   0.0%   0.0%   0.0% 	Avg.: 92.7% 
	 94.5%  91.9%  95.4%  91.3%  91.6%  89.4%  94.2%  91.9%  92.3%   0.0%   0.0%   0.0%   0.0%   0.0%   0.0%   0.0%   0.0%   0.0%   0.0%   0.0% 	Avg.: 92.5% 
	 94.2%  91.9%  95.0%  91.5%  91.6%  89.6%  94.1%  91.9%  92.4%  93.3%   0.0%   0.0%   0.0%   0.0%   0.0%   0.0%   0.0%   0.0%   0.0%   0.0% 	Avg.: 92.5% 
	  0.0%   0.0%   0.0%   0.0%   0.0%   0.0%   0.0%   0.0%   0.0%   0.0%   0.0%   0.0%   0.0%   0.0%   0.0%   0.0%   0.0%   0.0%   0.0%   0.0% 	Avg.:  0.0% 
	  0.0%   0.0%   0.0%   0.0%   0.0%   0.0%   0.0%   0.0%   0.0%   0.0%   0.0%   0.0%   0.0%   0.0%   0.0%   0.0%   0.0%   0.0%   0.0%   0.0% 	Avg.:  0.0% 
	  0.0%   0.0%   0.0%   0.0%   0.0%   0.0%   0.0%   0.0%   0.0%   0.0%   0.0%   0.0%   0.0%   0.0%   0.0%   0.0%   0.0%   0.0%   0.0%   0.0% 	Avg.:  0.0% 
	  0.0%   0.0%   0.0%   0.0%   0.0%   0.0%   0.0%   0.0%   0.0%   0.0%   0.0%   0.0%   0.0%   0.0%   0.0%   0.0%   0.0%   0.0%   0.0%   0.0% 	Avg.:  0.0% 
	  0.0%   0.0%   0.0%   0.0%   0.0%   0.0%   0.0%   0.0%   0.0%   0.0%   0.0%   0.0%   0.0%   0.0%   0.0%   0.0%   0.0%   0.0%   0.0%   0.0% 	Avg.:  0.0% 
	  0.0%   0.0%   0.0%   0.0%   0.0%   0.0%   0.0%   0.0%   0.0%   0.0%   0.0%   0.0%   0.0%   0.0%   0.0%   0.0%   0.0%   0.0%   0.0%   0.0% 	Avg.:  0.0% 
	  0.0%   0.0%   0.0%   0.0%   0.0%   0.0%   0.0%   0.0%   0.0%   0.0%   0.0%   0.0%   0.0%   0.0%   0.0%   0.0%   0.0%   0.0%   0.0%   0.0% 	Avg.:  0.0% 
	  0.0%   0.0%   0.0%   0.0%   0.0%   0.0%   0.0%   0.0%   0.0%   0.0%   0.0%   0.0%   0.0%   0.0%   0.0%   0.0%   0.0%   0.0%   0.0%   0.0% 	Avg.:  0.0% 
	  0.0%   0.0%   0.0%   0.0%   0.0%   0.0%   0.0%   0.0%   0.0%   0.0%   0.0%   0.0%   0.0%   0.0%   0.0%   0.0%   0.0%   0.0%   0.0%   0.0% 	Avg.:  0.0% 
	  0.0%   0.0%   0.0%   0.0%   0.0%   0.0%   0.0%   0.0%   0.0%   0.0%   0.0%   0.0%   0.0%   0.0%   0.0%   0.0%   0.0%   0.0%   0.0%   0.0% 	Avg.:  0.0% 
************************************************************************************************************
TAg Acc
	 93.6%   0.0%   0.0%   0.0%   0.0%   0.0%   0.0%   0.0%   0.0%   0.0%   0.0%   0.0%   0.0%   0.0%   0.0%   0.0%   0.0%   0.0%   0.0%   0.0% 	Avg.: 93.6% 
	 88.8%  83.0%   0.0%   0.0%   0.0%   0.0%   0.0%   0.0%   0.0%   0.0%   0.0%   0.0%   0.0%   0.0%   0.0%   0.0%   0.0%   0.0%   0.0%   0.0% 	Avg.: 85.9% 
	 85.9%  84.2%  85.3%   0.0%   0.0%   0.0%   0.0%   0.0%   0.0%   0.0%   0.0%   0.0%   0.0%   0.0%   0.0%   0.0%   0.0%   0.0%   0.0%   0.0% 	Avg.: 85.1% 
	 84.4%  80.7%  84.7%  81.7%   0.0%   0.0%   0.0%   0.0%   0.0%   0.0%   0.0%   0.0%   0.0%   0.0%   0.0%   0.0%   0.0%   0.0%   0.0%   0.0% 	Avg.: 82.9% 
	 81.8%  78.8%  82.6%  78.6%  77.3%   0.0%   0.0%   0.0%   0.0%   0.0%   0.0%   0.0%   0.0%   0.0%   0.0%   0.0%   0.0%   0.0%   0.0%   0.0% 	Avg.: 79.8% 
	 77.9%  76.6%  81.7%  76.2%  75.5%  72.3%   0.0%   0.0%   0.0%   0.0%   0.0%   0.0%   0.0%   0.0%   0.0%   0.0%   0.0%   0.0%   0.0%   0.0% 	Avg.: 76.7% 
	 75.1%  72.7%  80.1%  73.5%  73.8%  73.0%  76.7%   0.0%   0.0%   0.0%   0.0%   0.0%   0.0%   0.0%   0.0%   0.0%   0.0%   0.0%   0.0%   0.0% 	Avg.: 75.0% 
	 73.9%  71.4%  78.9%  72.4%  71.8%  72.5%  78.2%  67.6%   0.0%   0.0%   0.0%   0.0%   0.0%   0.0%   0.0%   0.0%   0.0%   0.0%   0.0%   0.0% 	Avg.: 73.3% 
	 72.9%  69.5%  77.0%  69.9%  70.4%  72.2%  78.0%  67.9%  69.4%   0.0%   0.0%   0.0%   0.0%   0.0%   0.0%   0.0%   0.0%   0.0%   0.0%   0.0% 	Avg.: 71.9% 
	 71.8%  66.7%  76.0%  68.7%  67.8%  70.5%  78.0%  67.3%  72.9%  68.6%   0.0%   0.0%   0.0%   0.0%   0.0%   0.0%   0.0%   0.0%   0.0%   0.0% 	Avg.: 70.8% 
	  0.0%   0.0%   0.0%   0.0%   0.0%   0.0%   0.0%   0.0%   0.0%   0.0%   0.0%   0.0%   0.0%   0.0%   0.0%   0.0%   0.0%   0.0%   0.0%   0.0% 	Avg.:  0.0% 
	  0.0%   0.0%   0.0%   0.0%   0.0%   0.0%   0.0%   0.0%   0.0%   0.0%   0.0%   0.0%   0.0%   0.0%   0.0%   0.0%   0.0%   0.0%   0.0%   0.0% 	Avg.:  0.0% 
	  0.0%   0.0%   0.0%   0.0%   0.0%   0.0%   0.0%   0.0%   0.0%   0.0%   0.0%   0.0%   0.0%   0.0%   0.0%   0.0%   0.0%   0.0%   0.0%   0.0% 	Avg.:  0.0% 
	  0.0%   0.0%   0.0%   0.0%   0.0%   0.0%   0.0%   0.0%   0.0%   0.0%   0.0%   0.0%   0.0%   0.0%   0.0%   0.0%   0.0%   0.0%   0.0%   0.0% 	Avg.:  0.0% 
	  0.0%   0.0%   0.0%   0.0%   0.0%   0.0%   0.0%   0.0%   0.0%   0.0%   0.0%   0.0%   0.0%   0.0%   0.0%   0.0%   0.0%   0.0%   0.0%   0.0% 	Avg.:  0.0% 
	  0.0%   0.0%   0.0%   0.0%   0.0%   0.0%   0.0%   0.0%   0.0%   0.0%   0.0%   0.0%   0.0%   0.0%   0.0%   0.0%   0.0%   0.0%   0.0%   0.0% 	Avg.:  0.0% 
	  0.0%   0.0%   0.0%   0.0%   0.0%   0.0%   0.0%   0.0%   0.0%   0.0%   0.0%   0.0%   0.0%   0.0%   0.0%   0.0%   0.0%   0.0%   0.0%   0.0% 	Avg.:  0.0% 
	  0.0%   0.0%   0.0%   0.0%   0.0%   0.0%   0.0%   0.0%   0.0%   0.0%   0.0%   0.0%   0.0%   0.0%   0.0%   0.0%   0.0%   0.0%   0.0%   0.0% 	Avg.:  0.0% 
	  0.0%   0.0%   0.0%   0.0%   0.0%   0.0%   0.0%   0.0%   0.0%   0.0%   0.0%   0.0%   0.0%   0.0%   0.0%   0.0%   0.0%   0.0%   0.0%   0.0% 	Avg.:  0.0% 
	  0.0%   0.0%   0.0%   0.0%   0.0%   0.0%   0.0%   0.0%   0.0%   0.0%   0.0%   0.0%   0.0%   0.0%   0.0%   0.0%   0.0%   0.0%   0.0%   0.0% 	Avg.:  0.0% 
************************************************************************************************************
TAw Forg
	  0.0%   0.0%   0.0%   0.0%   0.0%   0.0%   0.0%   0.0%   0.0%   0.0%   0.0%   0.0%   0.0%   0.0%   0.0%   0.0%   0.0%   0.0%   0.0%   0.0% 
	 -0.6%   0.0%   0.0%   0.0%   0.0%   0.0%   0.0%   0.0%   0.0%   0.0%   0.0%   0.0%   0.0%   0.0%   0.0%   0.0%   0.0%   0.0%   0.0%   0.0% 	Avg.: -0.6% 
	 -0.1%  -0.4%   0.0%   0.0%   0.0%   0.0%   0.0%   0.0%   0.0%   0.0%   0.0%   0.0%   0.0%   0.0%   0.0%   0.0%   0.0%   0.0%   0.0%   0.0% 	Avg.: -0.3% 
	  0.0%  -0.1%  -0.3%   0.0%   0.0%   0.0%   0.0%   0.0%   0.0%   0.0%   0.0%   0.0%   0.0%   0.0%   0.0%   0.0%   0.0%   0.0%   0.0%   0.0% 	Avg.: -0.1% 
	 -0.2%   0.2%   0.2%   0.1%   0.0%   0.0%   0.0%   0.0%   0.0%   0.0%   0.0%   0.0%   0.0%   0.0%   0.0%   0.0%   0.0%   0.0%   0.0%   0.0% 	Avg.:  0.1% 
	  0.1%  -0.2%  -0.1%   0.1%  -0.2%   0.0%   0.0%   0.0%   0.0%   0.0%   0.0%   0.0%   0.0%   0.0%   0.0%   0.0%   0.0%   0.0%   0.0%   0.0% 	Avg.: -0.1% 
	  0.2%   0.4%  -0.1%   0.1%   0.7%  -0.3%   0.0%   0.0%   0.0%   0.0%   0.0%   0.0%   0.0%   0.0%   0.0%   0.0%   0.0%   0.0%   0.0%   0.0% 	Avg.:  0.2% 
	  0.2%   0.3%  -0.2%   0.4%   0.7%   0.3%  -0.4%   0.0%   0.0%   0.0%   0.0%   0.0%   0.0%   0.0%   0.0%   0.0%   0.0%   0.0%   0.0%   0.0% 	Avg.:  0.2% 
	  0.0%   0.2%   0.4%   0.5%   0.6%   0.7%   0.1%   0.7%   0.0%   0.0%   0.0%   0.0%   0.0%   0.0%   0.0%   0.0%   0.0%   0.0%   0.0%   0.0% 	Avg.:  0.4% 
	  0.3%   0.2%   0.8%   0.3%   0.6%   0.5%   0.2%   0.7%  -0.1%   0.0%   0.0%   0.0%   0.0%   0.0%   0.0%   0.0%   0.0%   0.0%   0.0%   0.0% 	Avg.:  0.4% 
	  0.0%   0.0%   0.0%   0.0%   0.0%   0.0%   0.0%   0.0%   0.0%   0.0%   0.0%   0.0%   0.0%   0.0%   0.0%   0.0%   0.0%   0.0%   0.0%   0.0% 	Avg.:  0.0% 
	  0.0%   0.0%   0.0%   0.0%   0.0%   0.0%   0.0%   0.0%   0.0%   0.0%   0.0%   0.0%   0.0%   0.0%   0.0%   0.0%   0.0%   0.0%   0.0%   0.0% 	Avg.:  0.0% 
	  0.0%   0.0%   0.0%   0.0%   0.0%   0.0%   0.0%   0.0%   0.0%   0.0%   0.0%   0.0%   0.0%   0.0%   0.0%   0.0%   0.0%   0.0%   0.0%   0.0% 	Avg.:  0.0% 
	  0.0%   0.0%   0.0%   0.0%   0.0%   0.0%   0.0%   0.0%   0.0%   0.0%   0.0%   0.0%   0.0%   0.0%   0.0%   0.0%   0.0%   0.0%   0.0%   0.0% 	Avg.:  0.0% 
	  0.0%   0.0%   0.0%   0.0%   0.0%   0.0%   0.0%   0.0%   0.0%   0.0%   0.0%   0.0%   0.0%   0.0%   0.0%   0.0%   0.0%   0.0%   0.0%   0.0% 	Avg.:  0.0% 
	  0.0%   0.0%   0.0%   0.0%   0.0%   0.0%   0.0%   0.0%   0.0%   0.0%   0.0%   0.0%   0.0%   0.0%   0.0%   0.0%   0.0%   0.0%   0.0%   0.0% 	Avg.:  0.0% 
	  0.0%   0.0%   0.0%   0.0%   0.0%   0.0%   0.0%   0.0%   0.0%   0.0%   0.0%   0.0%   0.0%   0.0%   0.0%   0.0%   0.0%   0.0%   0.0%   0.0% 	Avg.:  0.0% 
	  0.0%   0.0%   0.0%   0.0%   0.0%   0.0%   0.0%   0.0%   0.0%   0.0%   0.0%   0.0%   0.0%   0.0%   0.0%   0.0%   0.0%   0.0%   0.0%   0.0% 	Avg.:  0.0% 
	  0.0%   0.0%   0.0%   0.0%   0.0%   0.0%   0.0%   0.0%   0.0%   0.0%   0.0%   0.0%   0.0%   0.0%   0.0%   0.0%   0.0%   0.0%   0.0%   0.0% 	Avg.:  0.0% 
	  0.0%   0.0%   0.0%   0.0%   0.0%   0.0%   0.0%   0.0%   0.0%   0.0%   0.0%   0.0%   0.0%   0.0%   0.0%   0.0%   0.0%   0.0%   0.0%   0.0% 	Avg.:  0.0% 
************************************************************************************************************
TAg Forg
	  0.0%   0.0%   0.0%   0.0%   0.0%   0.0%   0.0%   0.0%   0.0%   0.0%   0.0%   0.0%   0.0%   0.0%   0.0%   0.0%   0.0%   0.0%   0.0%   0.0% 
	  4.8%   0.0%   0.0%   0.0%   0.0%   0.0%   0.0%   0.0%   0.0%   0.0%   0.0%   0.0%   0.0%   0.0%   0.0%   0.0%   0.0%   0.0%   0.0%   0.0% 	Avg.:  4.8% 
	  7.7%  -1.2%   0.0%   0.0%   0.0%   0.0%   0.0%   0.0%   0.0%   0.0%   0.0%   0.0%   0.0%   0.0%   0.0%   0.0%   0.0%   0.0%   0.0%   0.0% 	Avg.:  3.2% 
	  9.2%   3.5%   0.6%   0.0%   0.0%   0.0%   0.0%   0.0%   0.0%   0.0%   0.0%   0.0%   0.0%   0.0%   0.0%   0.0%   0.0%   0.0%   0.0%   0.0% 	Avg.:  4.4% 
	 11.8%   5.4%   2.7%   3.1%   0.0%   0.0%   0.0%   0.0%   0.0%   0.0%   0.0%   0.0%   0.0%   0.0%   0.0%   0.0%   0.0%   0.0%   0.0%   0.0% 	Avg.:  5.8% 
	 15.7%   7.6%   3.6%   5.5%   1.8%   0.0%   0.0%   0.0%   0.0%   0.0%   0.0%   0.0%   0.0%   0.0%   0.0%   0.0%   0.0%   0.0%   0.0%   0.0% 	Avg.:  6.8% 
	 18.5%  11.5%   5.2%   8.2%   3.5%  -0.7%   0.0%   0.0%   0.0%   0.0%   0.0%   0.0%   0.0%   0.0%   0.0%   0.0%   0.0%   0.0%   0.0%   0.0% 	Avg.:  7.7% 
	 19.7%  12.8%   6.4%   9.3%   5.5%   0.5%  -1.5%   0.0%   0.0%   0.0%   0.0%   0.0%   0.0%   0.0%   0.0%   0.0%   0.0%   0.0%   0.0%   0.0% 	Avg.:  7.5% 
	 20.7%  14.7%   8.3%  11.8%   6.9%   0.8%   0.2%  -0.3%   0.0%   0.0%   0.0%   0.0%   0.0%   0.0%   0.0%   0.0%   0.0%   0.0%   0.0%   0.0% 	Avg.:  7.9% 
	 21.8%  17.5%   9.3%  13.0%   9.5%   2.5%   0.2%   0.6%  -3.5%   0.0%   0.0%   0.0%   0.0%   0.0%   0.0%   0.0%   0.0%   0.0%   0.0%   0.0% 	Avg.:  7.9% 
	  0.0%   0.0%   0.0%   0.0%   0.0%   0.0%   0.0%   0.0%   0.0%   0.0%   0.0%   0.0%   0.0%   0.0%   0.0%   0.0%   0.0%   0.0%   0.0%   0.0% 	Avg.:  0.0% 
	  0.0%   0.0%   0.0%   0.0%   0.0%   0.0%   0.0%   0.0%   0.0%   0.0%   0.0%   0.0%   0.0%   0.0%   0.0%   0.0%   0.0%   0.0%   0.0%   0.0% 	Avg.:  0.0% 
	  0.0%   0.0%   0.0%   0.0%   0.0%   0.0%   0.0%   0.0%   0.0%   0.0%   0.0%   0.0%   0.0%   0.0%   0.0%   0.0%   0.0%   0.0%   0.0%   0.0% 	Avg.:  0.0% 
	  0.0%   0.0%   0.0%   0.0%   0.0%   0.0%   0.0%   0.0%   0.0%   0.0%   0.0%   0.0%   0.0%   0.0%   0.0%   0.0%   0.0%   0.0%   0.0%   0.0% 	Avg.:  0.0% 
	  0.0%   0.0%   0.0%   0.0%   0.0%   0.0%   0.0%   0.0%   0.0%   0.0%   0.0%   0.0%   0.0%   0.0%   0.0%   0.0%   0.0%   0.0%   0.0%   0.0% 	Avg.:  0.0% 
	  0.0%   0.0%   0.0%   0.0%   0.0%   0.0%   0.0%   0.0%   0.0%   0.0%   0.0%   0.0%   0.0%   0.0%   0.0%   0.0%   0.0%   0.0%   0.0%   0.0% 	Avg.:  0.0% 
	  0.0%   0.0%   0.0%   0.0%   0.0%   0.0%   0.0%   0.0%   0.0%   0.0%   0.0%   0.0%   0.0%   0.0%   0.0%   0.0%   0.0%   0.0%   0.0%   0.0% 	Avg.:  0.0% 
	  0.0%   0.0%   0.0%   0.0%   0.0%   0.0%   0.0%   0.0%   0.0%   0.0%   0.0%   0.0%   0.0%   0.0%   0.0%   0.0%   0.0%   0.0%   0.0%   0.0% 	Avg.:  0.0% 
	  0.0%   0.0%   0.0%   0.0%   0.0%   0.0%   0.0%   0.0%   0.0%   0.0%   0.0%   0.0%   0.0%   0.0%   0.0%   0.0%   0.0%   0.0%   0.0%   0.0% 	Avg.:  0.0% 
	  0.0%   0.0%   0.0%   0.0%   0.0%   0.0%   0.0%   0.0%   0.0%   0.0%   0.0%   0.0%   0.0%   0.0%   0.0%   0.0%   0.0%   0.0%   0.0%   0.0% 	Avg.:  0.0% 
************************************************************************************************************
[Elapsed time = 0.7 h]
Done!
