START_TASK=1 STOP_TASK=2
============================================================================================================
Arguments =
	approach: freezing
	batch_size: 64
	classes_first_task: None
	clipping: 10000
	crop: 224
	dataset: cifar100
	eval_on_train: False
	experiment_path: None
	fix_bn: True
	freeze_backbone: True
	gpu: 0
	gpus: [0]
	increment: 10
	last_layer_analysis: False
	log: ['disk']
	lr: 0.01
	lr_factor: None
	lr_min: 0.0001
	lr_patience: None
	lr_scheduler: cosine
	lr_warmup_epochs: 0
	momentum: 0.0
	multi_softmax: False
	nepochs: 50
	network: resnet50.a1_in1k
	no_cudnn_deterministic: False
	normalize: in1k
	num_workers: 2
	optimizer_name: sgd
	pin_memory: False
	pretrained: True
	resize: 224
	results_path: ./results
	save_models: True
	seed: 0
	start_at_task: 1
	start_epoch: 0
	stop_at_task: 2
	stop_epoch: 0
	use_valid_only: False
	warmup_lr_factor: 1.0
	warmup_nepochs: 0
	weight_decay: 0.0
============================================================================================================
Approach arguments =
============================================================================================================
Exemplars arguments =
============================================================================================================
WARNING: ./results/resnet50.a1_in1k/cifar100/freezing/10 already exists!
Loaded acc_taw from: ./results/resnet50.a1_in1k/cifar100/freezing/10/acc_taw-0.txt
Loaded acc_tag from: ./results/resnet50.a1_in1k/cifar100/freezing/10/acc_tag-0.txt
Loaded forg_taw from: ./results/resnet50.a1_in1k/cifar100/freezing/10/forg_taw-0.txt
Loaded forg_tag from: ./results/resnet50.a1_in1k/cifar100/freezing/10/forg_tag-0.txt
************************************************************************************************************
Task  1  [epochs 0-50]
************************************************************************************************************
[DEBUG] trainable params -> backbone:0 heads:40980 total:40980
[params] total:23,549,012  trainable:40,980  tensors:163  trainable_tensors:4
| Epoch   1, time=  7.1s | Train: skip eval | Valid: time=  0.9s loss=2.210, TAw acc= 37.8% | * lr=1.0e-02
| Epoch   2, time=  7.1s | Train: skip eval | Valid: time=  1.5s loss=2.127, TAw acc= 50.0% | * lr=1.0e-02
| Epoch   3, time=  7.1s | Train: skip eval | Valid: time=  0.7s loss=2.053, TAw acc= 53.8% | * lr=9.9e-03
| Epoch   4, time=  7.0s | Train: skip eval | Valid: time=  3.1s loss=1.986, TAw acc= 57.8% | * lr=9.8e-03
| Epoch   5, time=  7.3s | Train: skip eval | Valid: time=  1.2s loss=1.927, TAw acc= 57.6% | * lr=9.8e-03
| Epoch   6, time=  7.1s | Train: skip eval | Valid: time=  1.5s loss=1.872, TAw acc= 59.2% | * lr=9.7e-03
| Epoch   7, time=  7.0s | Train: skip eval | Valid: time=  0.7s loss=1.823, TAw acc= 60.8% | * lr=9.5e-03
| Epoch   8, time=  7.0s | Train: skip eval | Valid: time=  0.8s loss=1.778, TAw acc= 62.0% | * lr=9.4e-03
| Epoch   9, time=  7.4s | Train: skip eval | Valid: time=  1.6s loss=1.738, TAw acc= 62.6% | * lr=9.2e-03
| Epoch  10, time=  7.1s | Train: skip eval | Valid: time=  1.5s loss=1.702, TAw acc= 62.8% | * lr=9.1e-03
| Epoch  11, time=  7.2s | Train: skip eval | Valid: time=  1.3s loss=1.668, TAw acc= 62.4% | * lr=8.9e-03
| Epoch  12, time=  7.1s | Train: skip eval | Valid: time=  1.3s loss=1.638, TAw acc= 63.2% | * lr=8.7e-03
| Epoch  13, time=  7.0s | Train: skip eval | Valid: time=  1.3s loss=1.609, TAw acc= 64.2% | * lr=8.4e-03
| Epoch  14, time=  7.1s | Train: skip eval | Valid: time=  1.3s loss=1.584, TAw acc= 64.6% | * lr=8.2e-03
| Epoch  15, time=  7.0s | Train: skip eval | Valid: time=  0.7s loss=1.560, TAw acc= 64.8% | * lr=8.0e-03
| Epoch  16, time=  7.1s | Train: skip eval | Valid: time=  1.4s loss=1.539, TAw acc= 65.2% | * lr=7.7e-03
| Epoch  17, time=  7.2s | Train: skip eval | Valid: time=  1.5s loss=1.518, TAw acc= 66.2% | * lr=7.4e-03
| Epoch  18, time=  7.4s | Train: skip eval | Valid: time=  0.7s loss=1.499, TAw acc= 65.8% | * lr=7.2e-03
| Epoch  19, time=  7.1s | Train: skip eval | Valid: time=  1.2s loss=1.482, TAw acc= 66.2% | * lr=6.9e-03
| Epoch  20, time=  7.1s | Train: skip eval | Valid: time=  1.5s loss=1.466, TAw acc= 66.2% | * lr=6.6e-03
| Epoch  21, time=  6.9s | Train: skip eval | Valid: time=  0.8s loss=1.452, TAw acc= 66.2% | * lr=6.3e-03
| Epoch  22, time=  7.1s | Train: skip eval | Valid: time=  1.4s loss=1.438, TAw acc= 66.2% | * lr=6.0e-03
| Epoch  23, time=  7.0s | Train: skip eval | Valid: time=  1.5s loss=1.426, TAw acc= 66.4% | * lr=5.7e-03
| Epoch  24, time=  6.9s | Train: skip eval | Valid: time=  1.5s loss=1.415, TAw acc= 66.2% | * lr=5.4e-03
| Epoch  25, time=  6.7s | Train: skip eval | Valid: time=  0.8s loss=1.404, TAw acc= 66.6% | * lr=5.1e-03
| Epoch  26, time=  7.2s | Train: skip eval | Valid: time=  1.1s loss=1.395, TAw acc= 66.4% | * lr=4.7e-03
| Epoch  27, time=  7.1s | Train: skip eval | Valid: time=  1.1s loss=1.386, TAw acc= 66.8% | * lr=4.4e-03
| Epoch  28, time=  7.1s | Train: skip eval | Valid: time=  1.4s loss=1.378, TAw acc= 67.2% | * lr=4.1e-03
| Epoch  29, time=  7.2s | Train: skip eval | Valid: time=  1.3s loss=1.371, TAw acc= 66.8% | * lr=3.8e-03
| Epoch  30, time=  7.6s | Train: skip eval | Valid: time=  1.1s loss=1.364, TAw acc= 66.8% | * lr=3.5e-03
| Epoch  31, time=  8.8s | Train: skip eval | Valid: time=  1.0s loss=1.358, TAw acc= 66.8% | * lr=3.2e-03
| Epoch  32, time=  7.4s | Train: skip eval | Valid: time=  1.1s loss=1.352, TAw acc= 67.2% | * lr=2.9e-03
| Epoch  33, time=  6.8s | Train: skip eval | Valid: time=  0.8s loss=1.348, TAw acc= 67.0% | * lr=2.7e-03
| Epoch  34, time=  6.9s | Train: skip eval | Valid: time=  3.3s loss=1.343, TAw acc= 67.6% | * lr=2.4e-03
| Epoch  35, time=  6.9s | Train: skip eval | Valid: time=  0.9s loss=1.339, TAw acc= 67.6% | * lr=2.1e-03
| Epoch  36, time=  7.1s | Train: skip eval | Valid: time=  0.7s loss=1.336, TAw acc= 67.8% | * lr=1.9e-03
| Epoch  37, time=  7.1s | Train: skip eval | Valid: time=  0.7s loss=1.333, TAw acc= 68.0% | * lr=1.7e-03
| Epoch  38, time=  9.2s | Train: skip eval | Valid: time=  1.5s loss=1.331, TAw acc= 68.0% | * lr=1.4e-03
| Epoch  39, time=  8.9s | Train: skip eval | Valid: time=  1.2s loss=1.328, TAw acc= 68.0% | * lr=1.2e-03
| Epoch  40, time= 10.4s | Train: skip eval | Valid: time=  2.2s loss=1.327, TAw acc= 68.0% | * lr=1.0e-03
| Epoch  41, time= 10.5s | Train: skip eval | Valid: time=  1.3s loss=1.325, TAw acc= 68.0% | * lr=8.7e-04
| Epoch  42, time=  7.4s | Train: skip eval | Valid: time=  1.0s loss=1.324, TAw acc= 68.0% | * lr=7.1e-04
| Epoch  43, time=  7.7s | Train: skip eval | Valid: time=  0.9s loss=1.323, TAw acc= 68.0% | * lr=5.7e-04
| Epoch  44, time=  7.5s | Train: skip eval | Valid: time=  1.2s loss=1.322, TAw acc= 68.0% | * lr=4.5e-04
| Epoch  45, time=  6.5s | Train: skip eval | Valid: time=  1.2s loss=1.321, TAw acc= 68.0% | * lr=3.4e-04
| Epoch  46, time=  7.3s | Train: skip eval | Valid: time=  1.2s loss=1.321, TAw acc= 68.0% | * lr=2.6e-04
| Epoch  47, time=  7.3s | Train: skip eval | Valid: time=  1.3s loss=1.320, TAw acc= 68.0% | * lr=1.9e-04
| Epoch  48, time=  7.1s | Train: skip eval | Valid: time=  1.3s loss=1.320, TAw acc= 68.0% | * lr=1.4e-04
| Epoch  49, time=  7.5s | Train: skip eval | Valid: time=  1.0s loss=1.320, TAw acc= 68.0% | * lr=1.1e-04
| Epoch  50, time=  7.0s | Train: skip eval | Valid: time=  1.4s loss=1.320, TAw acc= 68.0% | * lr=1.0e-04
------------------------------------------------------------------------------------------------------------
>>> Test on task  0 : loss=1.556 | TAw acc= 58.5%, forg=  0.0% | TAg acc= 34.2%, forg= 24.3% <<<
>>> Test on task  1 : loss=1.346 | TAw acc= 66.1%, forg=  0.0% | TAg acc= 58.8%, forg=  0.0% <<<
Save at ./results/./results/resnet50.a1_in1k/cifar100/freezing/10
************************************************************************************************************
TAw Acc
	 58.5%   0.0%   0.0%   0.0%   0.0%   0.0%   0.0%   0.0%   0.0%   0.0% 	Avg.: 58.5% 
	 58.5%  66.1%   0.0%   0.0%   0.0%   0.0%   0.0%   0.0%   0.0%   0.0% 	Avg.: 62.3% 
	  0.0%   0.0%   0.0%   0.0%   0.0%   0.0%   0.0%   0.0%   0.0%   0.0% 	Avg.:  0.0% 
	  0.0%   0.0%   0.0%   0.0%   0.0%   0.0%   0.0%   0.0%   0.0%   0.0% 	Avg.:  0.0% 
	  0.0%   0.0%   0.0%   0.0%   0.0%   0.0%   0.0%   0.0%   0.0%   0.0% 	Avg.:  0.0% 
	  0.0%   0.0%   0.0%   0.0%   0.0%   0.0%   0.0%   0.0%   0.0%   0.0% 	Avg.:  0.0% 
	  0.0%   0.0%   0.0%   0.0%   0.0%   0.0%   0.0%   0.0%   0.0%   0.0% 	Avg.:  0.0% 
	  0.0%   0.0%   0.0%   0.0%   0.0%   0.0%   0.0%   0.0%   0.0%   0.0% 	Avg.:  0.0% 
	  0.0%   0.0%   0.0%   0.0%   0.0%   0.0%   0.0%   0.0%   0.0%   0.0% 	Avg.:  0.0% 
	  0.0%   0.0%   0.0%   0.0%   0.0%   0.0%   0.0%   0.0%   0.0%   0.0% 	Avg.:  0.0% 
************************************************************************************************************
TAg Acc
	 58.5%   0.0%   0.0%   0.0%   0.0%   0.0%   0.0%   0.0%   0.0%   0.0% 	Avg.: 58.5% 
	 34.2%  58.8%   0.0%   0.0%   0.0%   0.0%   0.0%   0.0%   0.0%   0.0% 	Avg.: 46.5% 
	  0.0%   0.0%   0.0%   0.0%   0.0%   0.0%   0.0%   0.0%   0.0%   0.0% 	Avg.:  0.0% 
	  0.0%   0.0%   0.0%   0.0%   0.0%   0.0%   0.0%   0.0%   0.0%   0.0% 	Avg.:  0.0% 
	  0.0%   0.0%   0.0%   0.0%   0.0%   0.0%   0.0%   0.0%   0.0%   0.0% 	Avg.:  0.0% 
	  0.0%   0.0%   0.0%   0.0%   0.0%   0.0%   0.0%   0.0%   0.0%   0.0% 	Avg.:  0.0% 
	  0.0%   0.0%   0.0%   0.0%   0.0%   0.0%   0.0%   0.0%   0.0%   0.0% 	Avg.:  0.0% 
	  0.0%   0.0%   0.0%   0.0%   0.0%   0.0%   0.0%   0.0%   0.0%   0.0% 	Avg.:  0.0% 
	  0.0%   0.0%   0.0%   0.0%   0.0%   0.0%   0.0%   0.0%   0.0%   0.0% 	Avg.:  0.0% 
	  0.0%   0.0%   0.0%   0.0%   0.0%   0.0%   0.0%   0.0%   0.0%   0.0% 	Avg.:  0.0% 
************************************************************************************************************
TAw Forg
	  0.0%   0.0%   0.0%   0.0%   0.0%   0.0%   0.0%   0.0%   0.0%   0.0% 
	  0.0%   0.0%   0.0%   0.0%   0.0%   0.0%   0.0%   0.0%   0.0%   0.0% 	Avg.:  0.0% 
	  0.0%   0.0%   0.0%   0.0%   0.0%   0.0%   0.0%   0.0%   0.0%   0.0% 	Avg.:  0.0% 
	  0.0%   0.0%   0.0%   0.0%   0.0%   0.0%   0.0%   0.0%   0.0%   0.0% 	Avg.:  0.0% 
	  0.0%   0.0%   0.0%   0.0%   0.0%   0.0%   0.0%   0.0%   0.0%   0.0% 	Avg.:  0.0% 
	  0.0%   0.0%   0.0%   0.0%   0.0%   0.0%   0.0%   0.0%   0.0%   0.0% 	Avg.:  0.0% 
	  0.0%   0.0%   0.0%   0.0%   0.0%   0.0%   0.0%   0.0%   0.0%   0.0% 	Avg.:  0.0% 
	  0.0%   0.0%   0.0%   0.0%   0.0%   0.0%   0.0%   0.0%   0.0%   0.0% 	Avg.:  0.0% 
	  0.0%   0.0%   0.0%   0.0%   0.0%   0.0%   0.0%   0.0%   0.0%   0.0% 	Avg.:  0.0% 
	  0.0%   0.0%   0.0%   0.0%   0.0%   0.0%   0.0%   0.0%   0.0%   0.0% 	Avg.:  0.0% 
************************************************************************************************************
TAg Forg
	  0.0%   0.0%   0.0%   0.0%   0.0%   0.0%   0.0%   0.0%   0.0%   0.0% 
	 24.3%   0.0%   0.0%   0.0%   0.0%   0.0%   0.0%   0.0%   0.0%   0.0% 	Avg.: 24.3% 
	  0.0%   0.0%   0.0%   0.0%   0.0%   0.0%   0.0%   0.0%   0.0%   0.0% 	Avg.:  0.0% 
	  0.0%   0.0%   0.0%   0.0%   0.0%   0.0%   0.0%   0.0%   0.0%   0.0% 	Avg.:  0.0% 
	  0.0%   0.0%   0.0%   0.0%   0.0%   0.0%   0.0%   0.0%   0.0%   0.0% 	Avg.:  0.0% 
	  0.0%   0.0%   0.0%   0.0%   0.0%   0.0%   0.0%   0.0%   0.0%   0.0% 	Avg.:  0.0% 
	  0.0%   0.0%   0.0%   0.0%   0.0%   0.0%   0.0%   0.0%   0.0%   0.0% 	Avg.:  0.0% 
	  0.0%   0.0%   0.0%   0.0%   0.0%   0.0%   0.0%   0.0%   0.0%   0.0% 	Avg.:  0.0% 
	  0.0%   0.0%   0.0%   0.0%   0.0%   0.0%   0.0%   0.0%   0.0%   0.0% 	Avg.:  0.0% 
	  0.0%   0.0%   0.0%   0.0%   0.0%   0.0%   0.0%   0.0%   0.0%   0.0% 	Avg.:  0.0% 
************************************************************************************************************
[Elapsed time = 0.1 h]
Done!
