START_TASK=3 STOP_TASK=4
============================================================================================================
Arguments =
	approach: icarl
	batch_size: 64
	classes_first_task: None
	clipping: 10000
	crop: 224
	data_path: ../data/food101
	dataset: food101
	eval_on_train: False
	experiment_path: None
	fix_bn: False
	freeze_backbone: False
	gpu: 0
	gpus: [0]
	increment: 10
	last_layer_analysis: True
	log: ['disk']
	lr: 0.01
	lr_factor: None
	lr_min: 0.0001
	lr_patience: None
	lr_scheduler: cosine
	lr_warmup_epochs: 0
	momentum: 0.0
	multi_softmax: False
	nepochs: 70
	network: resnet50.a1_in1k
	no_cudnn_deterministic: False
	normalize: in1k
	num_workers: 2
	optimizer_name: sgd
	pin_memory: False
	pretrained: True
	resize: 224
	results_path: ./results
	save_models: True
	seed: 0
	start_at_task: 3
	start_epoch: 0
	stop_at_task: 4
	stop_epoch: 0
	use_valid_only: False
	warmup_lr_factor: 1.0
	warmup_nepochs: 0
	weight_decay: 0.0
============================================================================================================
Approach arguments =
	lamb: 1.0
============================================================================================================
Exemplars arguments =
	exemplar_selection: random
	num_exemplars: 2000
============================================================================================================
WARNING: ./results/resnet50.a1_in1k/food101/icarl/10 already exists!
Loaded acc_taw from: ./results/resnet50.a1_in1k/food101/icarl/10/acc_taw-2.txt
Loaded acc_tag from: ./results/resnet50.a1_in1k/food101/icarl/10/acc_tag-2.txt
Loaded forg_taw from: ./results/resnet50.a1_in1k/food101/icarl/10/forg_taw-2.txt
Loaded forg_tag from: ./results/resnet50.a1_in1k/food101/icarl/10/forg_tag-2.txt
Loaded 2010 exemplars from ./results/resnet50.a1_in1k/food101/icarl/10/task2_exemplars.pth
Loaded 30 exemplar means from ./results/resnet50.a1_in1k/food101/icarl/10/task2_exemplar_means.pth
************************************************************************************************************
Task  3  [epochs 0-70]
************************************************************************************************************
[params] total:23,589,992  trainable:23,589,992  tensors:167  trainable_tensors:167
| Epoch   1, time= 30.8s | Train: skip eval | Valid: time=  3.4s loss=16.360, TAw acc= 74.7% | * lr=1.0e-02
| Epoch   2, time= 31.6s | Train: skip eval | Valid: time=  2.6s loss=15.368, TAw acc= 76.7% | * lr=1.0e-02
| Epoch   3, time= 30.5s | Train: skip eval | Valid: time=  2.5s loss=15.051, TAw acc= 77.2% | * lr=1.0e-02
| Epoch   4, time= 30.2s | Train: skip eval | Valid: time=  3.1s loss=14.878, TAw acc= 78.8% | * lr=9.9e-03
| Epoch   5, time= 31.7s | Train: skip eval | Valid: time=  2.6s loss=14.770, TAw acc= 79.7% | * lr=9.9e-03
| Epoch   6, time= 30.9s | Train: skip eval | Valid: time=  2.7s loss=14.748, TAw acc= 81.2% | * lr=9.8e-03
| Epoch   7, time= 28.6s | Train: skip eval | Valid: time=  3.0s loss=14.673, TAw acc= 82.0% | * lr=9.8e-03
| Epoch   8, time= 28.9s | Train: skip eval | Valid: time=  2.7s loss=14.648, TAw acc= 82.3% | * lr=9.7e-03
| Epoch   9, time= 29.5s | Train: skip eval | Valid: time=  3.2s loss=14.587, TAw acc= 82.0% | * lr=9.6e-03
| Epoch  10, time= 31.0s | Train: skip eval | Valid: time=  2.6s loss=14.598, TAw acc= 82.5% | lr=9.5e-03
| Epoch  11, time= 29.8s | Train: skip eval | Valid: time=  2.8s loss=14.545, TAw acc= 83.6% | * lr=9.4e-03
| Epoch  12, time= 29.5s | Train: skip eval | Valid: time=  3.0s loss=14.569, TAw acc= 82.0% | lr=9.3e-03
| Epoch  13, time= 30.0s | Train: skip eval | Valid: time=  3.5s loss=14.518, TAw acc= 83.2% | * lr=9.2e-03
| Epoch  14, time= 28.3s | Train: skip eval | Valid: time=  2.6s loss=14.480, TAw acc= 83.2% | * lr=9.1e-03
| Epoch  15, time= 28.8s | Train: skip eval | Valid: time=  3.1s loss=14.498, TAw acc= 83.6% | lr=8.9e-03
| Epoch  16, time= 32.0s | Train: skip eval | Valid: time=  3.3s loss=14.485, TAw acc= 83.9% | lr=8.8e-03
| Epoch  17, time= 33.0s | Train: skip eval | Valid: time=  3.2s loss=14.473, TAw acc= 83.2% | * lr=8.6e-03
| Epoch  18, time= 29.7s | Train: skip eval | Valid: time=  2.8s loss=14.438, TAw acc= 84.7% | * lr=8.5e-03
| Epoch  19, time= 33.3s | Train: skip eval | Valid: time=  2.6s loss=14.447, TAw acc= 83.9% | lr=8.3e-03
| Epoch  20, time= 29.6s | Train: skip eval | Valid: time=  3.1s loss=14.415, TAw acc= 85.1% | * lr=8.1e-03
| Epoch  21, time= 32.7s | Train: skip eval | Valid: time=  2.6s loss=14.459, TAw acc= 84.7% | lr=8.0e-03
| Epoch  22, time= 34.4s | Train: skip eval | Valid: time=  2.8s loss=14.421, TAw acc= 85.1% | lr=7.8e-03
| Epoch  23, time= 28.8s | Train: skip eval | Valid: time=  3.2s loss=14.422, TAw acc= 84.4% | lr=7.6e-03
| Epoch  24, time= 29.9s | Train: skip eval | Valid: time=  3.5s loss=14.446, TAw acc= 85.6% | lr=7.4e-03
| Epoch  25, time= 30.9s | Train: skip eval | Valid: time=  2.8s loss=14.399, TAw acc= 85.3% | * lr=7.2e-03
| Epoch  26, time= 32.9s | Train: skip eval | Valid: time=  2.6s loss=14.412, TAw acc= 85.5% | lr=7.0e-03
| Epoch  27, time= 31.2s | Train: skip eval | Valid: time=  2.6s loss=14.381, TAw acc= 85.7% | * lr=6.8e-03
| Epoch  28, time= 31.1s | Train: skip eval | Valid: time=  2.5s loss=14.389, TAw acc= 85.5% | lr=6.6e-03
| Epoch  29, time= 33.2s | Train: skip eval | Valid: time=  2.8s loss=14.378, TAw acc= 85.6% | * lr=6.4e-03
| Epoch  30, time= 28.7s | Train: skip eval | Valid: time=  2.5s loss=14.373, TAw acc= 86.3% | * lr=6.2e-03
| Epoch  31, time= 32.5s | Train: skip eval | Valid: time=  2.8s loss=14.365, TAw acc= 86.0% | * lr=5.9e-03
| Epoch  32, time= 34.2s | Train: skip eval | Valid: time=  2.7s loss=14.374, TAw acc= 86.0% | lr=5.7e-03
| Epoch  33, time= 29.5s | Train: skip eval | Valid: time=  2.6s loss=14.347, TAw acc= 86.0% | * lr=5.5e-03
| Epoch  34, time= 32.0s | Train: skip eval | Valid: time=  2.6s loss=14.349, TAw acc= 86.3% | lr=5.3e-03
| Epoch  35, time= 29.7s | Train: skip eval | Valid: time=  2.8s loss=14.383, TAw acc= 86.5% | lr=5.1e-03
| Epoch  36, time= 30.1s | Train: skip eval | Valid: time=  2.9s loss=14.345, TAw acc= 86.0% | * lr=4.8e-03
| Epoch  37, time= 33.8s | Train: skip eval | Valid: time=  2.7s loss=14.342, TAw acc= 86.4% | * lr=4.6e-03
| Epoch  38, time= 29.5s | Train: skip eval | Valid: time=  3.0s loss=14.343, TAw acc= 86.1% | lr=4.4e-03
| Epoch  39, time= 28.9s | Train: skip eval | Valid: time=  3.5s loss=14.342, TAw acc= 87.1% | * lr=4.2e-03
| Epoch  40, time= 34.1s | Train: skip eval | Valid: time=  3.4s loss=14.333, TAw acc= 86.8% | * lr=3.9e-03
| Epoch  41, time= 31.0s | Train: skip eval | Valid: time=  2.7s loss=14.342, TAw acc= 86.9% | lr=3.7e-03
| Epoch  42, time= 31.8s | Train: skip eval | Valid: time=  2.6s loss=14.321, TAw acc= 87.1% | * lr=3.5e-03
| Epoch  43, time= 31.7s | Train: skip eval | Valid: time=  3.4s loss=14.325, TAw acc= 86.1% | lr=3.3e-03
| Epoch  44, time= 30.9s | Train: skip eval | Valid: time=  2.7s loss=14.338, TAw acc= 86.5% | lr=3.1e-03
| Epoch  45, time= 32.0s | Train: skip eval | Valid: time=  2.8s loss=14.320, TAw acc= 86.8% | * lr=2.9e-03
| Epoch  46, time= 32.5s | Train: skip eval | Valid: time=  3.4s loss=14.313, TAw acc= 86.7% | * lr=2.7e-03
| Epoch  47, time= 30.4s | Train: skip eval | Valid: time=  3.3s loss=14.315, TAw acc= 86.8% | lr=2.5e-03
| Epoch  48, time= 29.7s | Train: skip eval | Valid: time=  3.1s loss=14.316, TAw acc= 86.8% | lr=2.3e-03
| Epoch  49, time= 30.1s | Train: skip eval | Valid: time=  2.5s loss=14.308, TAw acc= 87.3% | * lr=2.1e-03
| Epoch  50, time= 29.7s | Train: skip eval | Valid: time=  3.3s loss=14.317, TAw acc= 86.9% | lr=2.0e-03
| Epoch  51, time= 32.8s | Train: skip eval | Valid: time=  2.9s loss=14.318, TAw acc= 86.8% | lr=1.8e-03
| Epoch  52, time= 28.5s | Train: skip eval | Valid: time=  2.6s loss=14.304, TAw acc= 86.7% | * lr=1.6e-03
| Epoch  53, time= 29.9s | Train: skip eval | Valid: time=  2.7s loss=14.316, TAw acc= 87.1% | lr=1.5e-03
| Epoch  54, time= 29.1s | Train: skip eval | Valid: time=  3.3s loss=14.307, TAw acc= 86.7% | lr=1.3e-03
| Epoch  55, time= 30.9s | Train: skip eval | Valid: time=  3.1s loss=14.310, TAw acc= 87.3% | lr=1.2e-03
| Epoch  56, time= 28.8s | Train: skip eval | Valid: time=  2.6s loss=14.312, TAw acc= 86.3% | lr=1.0e-03
| Epoch  57, time= 29.9s | Train: skip eval | Valid: time=  3.4s loss=14.313, TAw acc= 87.1% | lr=9.2e-04
| Epoch  58, time= 29.5s | Train: skip eval | Valid: time=  2.8s loss=14.319, TAw acc= 86.1% | lr=8.0e-04
| Epoch  59, time= 32.1s | Train: skip eval | Valid: time=  2.8s loss=14.315, TAw acc= 87.3% | lr=6.9e-04
| Epoch  60, time= 28.5s | Train: skip eval | Valid: time=  2.6s loss=14.312, TAw acc= 87.2% | lr=5.9e-04
| Epoch  61, time= 30.2s | Train: skip eval | Valid: time=  2.7s loss=14.306, TAw acc= 86.9% | lr=5.0e-04
| Epoch  62, time= 31.8s | Train: skip eval | Valid: time=  2.7s loss=14.304, TAw acc= 86.9% | * lr=4.2e-04
| Epoch  63, time= 29.7s | Train: skip eval | Valid: time=  2.5s loss=14.306, TAw acc= 87.2% | lr=3.4e-04
| Epoch  64, time= 30.3s | Train: skip eval | Valid: time=  3.3s loss=14.308, TAw acc= 86.8% | lr=2.8e-04
| Epoch  65, time= 29.7s | Train: skip eval | Valid: time=  2.5s loss=14.308, TAw acc= 86.5% | lr=2.2e-04
| Epoch  66, time= 33.0s | Train: skip eval | Valid: time=  2.6s loss=14.309, TAw acc= 86.7% | lr=1.8e-04
| Epoch  67, time= 32.8s | Train: skip eval | Valid: time=  3.6s loss=14.307, TAw acc= 86.7% | lr=1.4e-04
| Epoch  68, time= 28.5s | Train: skip eval | Valid: time=  2.8s loss=14.304, TAw acc= 87.6% | * lr=1.2e-04
| Epoch  69, time= 31.9s | Train: skip eval | Valid: time=  3.1s loss=14.308, TAw acc= 86.7% | lr=1.0e-04
| Epoch  70, time= 30.9s | Train: skip eval | Valid: time=  2.6s loss=14.302, TAw acc= 87.2% | * lr=1.0e-04
| Selected 2000 train exemplars, time=  2.7s
------------------------------------------------------------------------------------------------------------
>>> Test on task  0 : loss=1.738 | TAw acc= 83.7%, forg= -1.2% | TAg acc= 72.7%, forg=  7.4% <<<
>>> Test on task  1 : loss=6.795 | TAw acc= 87.1%, forg= -1.4% | TAg acc= 66.0%, forg=  8.4% <<<
>>> Test on task  2 : loss=11.298 | TAw acc= 80.8%, forg= -0.6% | TAg acc= 66.4%, forg=  2.8% <<<
>>> Test on task  3 : loss=14.075 | TAw acc= 83.1%, forg=  0.0% | TAg acc= 64.1%, forg=  0.0% <<<
Save at ./results/./results/resnet50.a1_in1k/food101/icarl/10
************************************************************************************************************
TAw Acc
	 80.1%   0.0%   0.0%   0.0%   0.0%   0.0%   0.0%   0.0%   0.0%   0.0% 	Avg.: 80.1% 
	 82.2%  85.2%   0.0%   0.0%   0.0%   0.0%   0.0%   0.0%   0.0%   0.0% 	Avg.: 83.7% 
	 82.5%  85.7%  80.2%   0.0%   0.0%   0.0%   0.0%   0.0%   0.0%   0.0% 	Avg.: 82.8% 
	 83.7%  87.1%  80.8%  83.1%   0.0%   0.0%   0.0%   0.0%   0.0%   0.0% 	Avg.: 83.7% 
	  0.0%   0.0%   0.0%   0.0%   0.0%   0.0%   0.0%   0.0%   0.0%   0.0% 	Avg.:  0.0% 
	  0.0%   0.0%   0.0%   0.0%   0.0%   0.0%   0.0%   0.0%   0.0%   0.0% 	Avg.:  0.0% 
	  0.0%   0.0%   0.0%   0.0%   0.0%   0.0%   0.0%   0.0%   0.0%   0.0% 	Avg.:  0.0% 
	  0.0%   0.0%   0.0%   0.0%   0.0%   0.0%   0.0%   0.0%   0.0%   0.0% 	Avg.:  0.0% 
	  0.0%   0.0%   0.0%   0.0%   0.0%   0.0%   0.0%   0.0%   0.0%   0.0% 	Avg.:  0.0% 
	  0.0%   0.0%   0.0%   0.0%   0.0%   0.0%   0.0%   0.0%   0.0%   0.0% 	Avg.:  0.0% 
************************************************************************************************************
TAg Acc
	 80.1%   0.0%   0.0%   0.0%   0.0%   0.0%   0.0%   0.0%   0.0%   0.0% 	Avg.: 80.1% 
	 75.7%  74.4%   0.0%   0.0%   0.0%   0.0%   0.0%   0.0%   0.0%   0.0% 	Avg.: 75.1% 
	 73.9%  69.4%  69.2%   0.0%   0.0%   0.0%   0.0%   0.0%   0.0%   0.0% 	Avg.: 70.8% 
	 72.7%  66.0%  66.4%  64.1%   0.0%   0.0%   0.0%   0.0%   0.0%   0.0% 	Avg.: 67.3% 
	  0.0%   0.0%   0.0%   0.0%   0.0%   0.0%   0.0%   0.0%   0.0%   0.0% 	Avg.:  0.0% 
	  0.0%   0.0%   0.0%   0.0%   0.0%   0.0%   0.0%   0.0%   0.0%   0.0% 	Avg.:  0.0% 
	  0.0%   0.0%   0.0%   0.0%   0.0%   0.0%   0.0%   0.0%   0.0%   0.0% 	Avg.:  0.0% 
	  0.0%   0.0%   0.0%   0.0%   0.0%   0.0%   0.0%   0.0%   0.0%   0.0% 	Avg.:  0.0% 
	  0.0%   0.0%   0.0%   0.0%   0.0%   0.0%   0.0%   0.0%   0.0%   0.0% 	Avg.:  0.0% 
	  0.0%   0.0%   0.0%   0.0%   0.0%   0.0%   0.0%   0.0%   0.0%   0.0% 	Avg.:  0.0% 
************************************************************************************************************
TAw Forg
	  0.0%   0.0%   0.0%   0.0%   0.0%   0.0%   0.0%   0.0%   0.0%   0.0% 
	 -2.1%   0.0%   0.0%   0.0%   0.0%   0.0%   0.0%   0.0%   0.0%   0.0% 	Avg.: -2.1% 
	 -0.3%  -0.5%   0.0%   0.0%   0.0%   0.0%   0.0%   0.0%   0.0%   0.0% 	Avg.: -0.4% 
	 -1.2%  -1.4%  -0.6%   0.0%   0.0%   0.0%   0.0%   0.0%   0.0%   0.0% 	Avg.: -1.1% 
	  0.0%   0.0%   0.0%   0.0%   0.0%   0.0%   0.0%   0.0%   0.0%   0.0% 	Avg.:  0.0% 
	  0.0%   0.0%   0.0%   0.0%   0.0%   0.0%   0.0%   0.0%   0.0%   0.0% 	Avg.:  0.0% 
	  0.0%   0.0%   0.0%   0.0%   0.0%   0.0%   0.0%   0.0%   0.0%   0.0% 	Avg.:  0.0% 
	  0.0%   0.0%   0.0%   0.0%   0.0%   0.0%   0.0%   0.0%   0.0%   0.0% 	Avg.:  0.0% 
	  0.0%   0.0%   0.0%   0.0%   0.0%   0.0%   0.0%   0.0%   0.0%   0.0% 	Avg.:  0.0% 
	  0.0%   0.0%   0.0%   0.0%   0.0%   0.0%   0.0%   0.0%   0.0%   0.0% 	Avg.:  0.0% 
************************************************************************************************************
TAg Forg
	  0.0%   0.0%   0.0%   0.0%   0.0%   0.0%   0.0%   0.0%   0.0%   0.0% 
	  4.4%   0.0%   0.0%   0.0%   0.0%   0.0%   0.0%   0.0%   0.0%   0.0% 	Avg.:  4.4% 
	  6.2%   5.0%   0.0%   0.0%   0.0%   0.0%   0.0%   0.0%   0.0%   0.0% 	Avg.:  5.6% 
	  7.4%   8.4%   2.8%   0.0%   0.0%   0.0%   0.0%   0.0%   0.0%   0.0% 	Avg.:  6.2% 
	  0.0%   0.0%   0.0%   0.0%   0.0%   0.0%   0.0%   0.0%   0.0%   0.0% 	Avg.:  0.0% 
	  0.0%   0.0%   0.0%   0.0%   0.0%   0.0%   0.0%   0.0%   0.0%   0.0% 	Avg.:  0.0% 
	  0.0%   0.0%   0.0%   0.0%   0.0%   0.0%   0.0%   0.0%   0.0%   0.0% 	Avg.:  0.0% 
	  0.0%   0.0%   0.0%   0.0%   0.0%   0.0%   0.0%   0.0%   0.0%   0.0% 	Avg.:  0.0% 
	  0.0%   0.0%   0.0%   0.0%   0.0%   0.0%   0.0%   0.0%   0.0%   0.0% 	Avg.:  0.0% 
	  0.0%   0.0%   0.0%   0.0%   0.0%   0.0%   0.0%   0.0%   0.0%   0.0% 	Avg.:  0.0% 
************************************************************************************************************
[Elapsed time = 0.7 h]
Done!
