START_TASK=1 STOP_TASK=2
============================================================================================================
Arguments =
	approach: icarl
	batch_size: 64
	classes_first_task: None
	clipping: 10000
	crop: 224
	data_path: ../data/food101
	dataset: food101
	eval_on_train: False
	experiment_path: None
	fix_bn: False
	freeze_backbone: False
	gpu: 0
	gpus: [0]
	increment: 10
	last_layer_analysis: True
	log: ['disk']
	lr: 0.01
	lr_factor: None
	lr_min: 0.0001
	lr_patience: None
	lr_scheduler: cosine
	lr_warmup_epochs: 0
	momentum: 0.0
	multi_softmax: False
	nepochs: 70
	network: resnet50.a1_in1k
	no_cudnn_deterministic: False
	normalize: in1k
	num_workers: 2
	optimizer_name: sgd
	pin_memory: False
	pretrained: True
	resize: 224
	results_path: ./results
	save_models: True
	seed: 0
	start_at_task: 1
	start_epoch: 0
	stop_at_task: 2
	stop_epoch: 0
	use_valid_only: False
	warmup_lr_factor: 1.0
	warmup_nepochs: 0
	weight_decay: 0.0
============================================================================================================
Approach arguments =
	lamb: 1.0
============================================================================================================
Exemplars arguments =
	exemplar_selection: random
	num_exemplars: 2000
============================================================================================================
WARNING: ./results/resnet50.a1_in1k/food101/icarl/10 already exists!
Loaded acc_taw from: ./results/resnet50.a1_in1k/food101/icarl/10/acc_taw-0.txt
Loaded acc_tag from: ./results/resnet50.a1_in1k/food101/icarl/10/acc_tag-0.txt
Loaded forg_taw from: ./results/resnet50.a1_in1k/food101/icarl/10/forg_taw-0.txt
Loaded forg_tag from: ./results/resnet50.a1_in1k/food101/icarl/10/forg_tag-0.txt
Loaded 2000 exemplars from ./results/resnet50.a1_in1k/food101/icarl/10/task0_exemplars.pth
Loaded 10 exemplar means from ./results/resnet50.a1_in1k/food101/icarl/10/task0_exemplar_means.pth
************************************************************************************************************
Task  1  [epochs 0-70]
************************************************************************************************************
[params] total:23,549,012  trainable:23,549,012  tensors:163  trainable_tensors:163
| Epoch   1, time= 32.0s | Train: skip eval | Valid: time=  3.0s loss=7.940, TAw acc= 66.3% | * lr=1.0e-02
| Epoch   2, time= 31.3s | Train: skip eval | Valid: time=  3.0s loss=7.487, TAw acc= 72.7% | * lr=1.0e-02
| Epoch   3, time= 30.3s | Train: skip eval | Valid: time=  2.6s loss=7.169, TAw acc= 75.2% | * lr=1.0e-02
| Epoch   4, time= 32.4s | Train: skip eval | Valid: time=  2.5s loss=6.993, TAw acc= 74.9% | * lr=9.9e-03
| Epoch   5, time= 28.7s | Train: skip eval | Valid: time=  2.6s loss=6.846, TAw acc= 76.4% | * lr=9.9e-03
| Epoch   6, time= 31.3s | Train: skip eval | Valid: time=  2.8s loss=6.734, TAw acc= 76.7% | * lr=9.8e-03
| Epoch   7, time= 30.9s | Train: skip eval | Valid: time=  3.4s loss=6.621, TAw acc= 77.7% | * lr=9.8e-03
| Epoch   8, time= 29.5s | Train: skip eval | Valid: time=  2.7s loss=6.601, TAw acc= 77.2% | * lr=9.7e-03
| Epoch   9, time= 31.7s | Train: skip eval | Valid: time=  2.5s loss=6.530, TAw acc= 79.3% | * lr=9.6e-03
| Epoch  10, time= 32.8s | Train: skip eval | Valid: time=  3.2s loss=6.503, TAw acc= 78.5% | * lr=9.5e-03
| Epoch  11, time= 30.6s | Train: skip eval | Valid: time=  3.0s loss=6.428, TAw acc= 80.3% | * lr=9.4e-03
| Epoch  12, time= 29.7s | Train: skip eval | Valid: time=  2.6s loss=6.392, TAw acc= 79.7% | * lr=9.3e-03
| Epoch  13, time= 30.0s | Train: skip eval | Valid: time=  3.4s loss=6.376, TAw acc= 80.4% | * lr=9.2e-03
| Epoch  14, time= 31.5s | Train: skip eval | Valid: time=  2.5s loss=6.321, TAw acc= 81.2% | * lr=9.1e-03
| Epoch  15, time= 35.8s | Train: skip eval | Valid: time=  2.6s loss=6.313, TAw acc= 80.9% | * lr=8.9e-03
| Epoch  16, time= 30.9s | Train: skip eval | Valid: time=  2.8s loss=6.315, TAw acc= 82.5% | lr=8.8e-03
| Epoch  17, time= 29.1s | Train: skip eval | Valid: time=  2.7s loss=6.303, TAw acc= 81.3% | * lr=8.6e-03
| Epoch  18, time= 29.9s | Train: skip eval | Valid: time=  2.9s loss=6.289, TAw acc= 81.3% | * lr=8.5e-03
| Epoch  19, time= 30.5s | Train: skip eval | Valid: time=  2.5s loss=6.264, TAw acc= 82.3% | * lr=8.3e-03
| Epoch  20, time= 32.3s | Train: skip eval | Valid: time=  2.8s loss=6.260, TAw acc= 81.9% | * lr=8.1e-03
| Epoch  21, time= 28.0s | Train: skip eval | Valid: time=  2.8s loss=6.248, TAw acc= 82.1% | * lr=8.0e-03
| Epoch  22, time= 32.1s | Train: skip eval | Valid: time=  3.5s loss=6.262, TAw acc= 82.0% | lr=7.8e-03
| Epoch  23, time= 32.8s | Train: skip eval | Valid: time=  2.5s loss=6.196, TAw acc= 82.9% | * lr=7.6e-03
| Epoch  24, time= 32.3s | Train: skip eval | Valid: time=  3.4s loss=6.183, TAw acc= 83.3% | * lr=7.4e-03
| Epoch  25, time= 28.7s | Train: skip eval | Valid: time=  2.8s loss=6.188, TAw acc= 83.6% | lr=7.2e-03
| Epoch  26, time= 32.3s | Train: skip eval | Valid: time=  2.7s loss=6.214, TAw acc= 82.4% | lr=7.0e-03
| Epoch  27, time= 32.1s | Train: skip eval | Valid: time=  3.2s loss=6.180, TAw acc= 83.5% | * lr=6.8e-03
| Epoch  28, time= 31.3s | Train: skip eval | Valid: time=  2.8s loss=6.153, TAw acc= 84.1% | * lr=6.6e-03
| Epoch  29, time= 27.7s | Train: skip eval | Valid: time=  2.8s loss=6.149, TAw acc= 83.7% | * lr=6.4e-03
| Epoch  30, time= 31.1s | Train: skip eval | Valid: time=  2.5s loss=6.150, TAw acc= 84.3% | lr=6.2e-03
| Epoch  31, time= 31.4s | Train: skip eval | Valid: time=  2.7s loss=6.148, TAw acc= 84.0% | * lr=5.9e-03
| Epoch  32, time= 29.8s | Train: skip eval | Valid: time=  2.6s loss=6.160, TAw acc= 83.7% | lr=5.7e-03
| Epoch  33, time= 31.3s | Train: skip eval | Valid: time=  2.7s loss=6.144, TAw acc= 83.6% | * lr=5.5e-03
| Epoch  34, time= 33.2s | Train: skip eval | Valid: time=  2.9s loss=6.144, TAw acc= 84.3% | * lr=5.3e-03
| Epoch  35, time= 31.1s | Train: skip eval | Valid: time=  3.4s loss=6.115, TAw acc= 83.7% | * lr=5.1e-03
| Epoch  36, time= 27.9s | Train: skip eval | Valid: time=  3.1s loss=6.122, TAw acc= 84.1% | lr=4.8e-03
| Epoch  37, time= 34.2s | Train: skip eval | Valid: time=  2.7s loss=6.113, TAw acc= 84.7% | * lr=4.6e-03
| Epoch  38, time= 31.7s | Train: skip eval | Valid: time=  3.0s loss=6.120, TAw acc= 84.1% | lr=4.4e-03
| Epoch  39, time= 30.2s | Train: skip eval | Valid: time=  2.8s loss=6.103, TAw acc= 84.5% | * lr=4.2e-03
| Epoch  40, time= 28.7s | Train: skip eval | Valid: time=  2.8s loss=6.097, TAw acc= 85.2% | * lr=3.9e-03
| Epoch  41, time= 31.7s | Train: skip eval | Valid: time=  2.6s loss=6.095, TAw acc= 84.9% | * lr=3.7e-03
| Epoch  42, time= 32.5s | Train: skip eval | Valid: time=  3.2s loss=6.098, TAw acc= 84.9% | lr=3.5e-03
| Epoch  43, time= 29.5s | Train: skip eval | Valid: time=  2.6s loss=6.106, TAw acc= 84.7% | lr=3.3e-03
| Epoch  44, time= 27.9s | Train: skip eval | Valid: time=  2.6s loss=6.094, TAw acc= 84.1% | * lr=3.1e-03
| Epoch  45, time= 31.4s | Train: skip eval | Valid: time=  3.1s loss=6.086, TAw acc= 84.9% | * lr=2.9e-03
| Epoch  46, time= 29.5s | Train: skip eval | Valid: time=  2.9s loss=6.082, TAw acc= 84.8% | * lr=2.7e-03
| Epoch  47, time= 31.8s | Train: skip eval | Valid: time=  2.6s loss=6.086, TAw acc= 85.1% | lr=2.5e-03
| Epoch  48, time= 31.1s | Train: skip eval | Valid: time=  2.6s loss=6.079, TAw acc= 84.8% | * lr=2.3e-03
| Epoch  49, time= 31.6s | Train: skip eval | Valid: time=  3.0s loss=6.088, TAw acc= 84.8% | lr=2.1e-03
| Epoch  50, time= 30.4s | Train: skip eval | Valid: time=  2.9s loss=6.069, TAw acc= 85.5% | * lr=2.0e-03
| Epoch  51, time= 32.6s | Train: skip eval | Valid: time=  2.6s loss=6.084, TAw acc= 85.1% | lr=1.8e-03
| Epoch  52, time= 32.8s | Train: skip eval | Valid: time=  2.5s loss=6.072, TAw acc= 85.3% | lr=1.6e-03
| Epoch  53, time= 29.0s | Train: skip eval | Valid: time=  2.5s loss=6.077, TAw acc= 84.5% | lr=1.5e-03
| Epoch  54, time= 30.2s | Train: skip eval | Valid: time=  4.7s loss=6.060, TAw acc= 85.3% | * lr=1.3e-03
| Epoch  55, time= 34.1s | Train: skip eval | Valid: time=  2.5s loss=6.074, TAw acc= 85.3% | lr=1.2e-03
| Epoch  56, time= 30.9s | Train: skip eval | Valid: time=  2.8s loss=6.083, TAw acc= 85.1% | lr=1.0e-03
| Epoch  57, time= 30.5s | Train: skip eval | Valid: time=  2.6s loss=6.063, TAw acc= 85.6% | lr=9.2e-04
| Epoch  58, time= 32.0s | Train: skip eval | Valid: time=  2.7s loss=6.070, TAw acc= 85.6% | lr=8.0e-04
| Epoch  59, time= 33.8s | Train: skip eval | Valid: time=  2.5s loss=6.071, TAw acc= 85.1% | lr=6.9e-04
| Epoch  60, time= 31.2s | Train: skip eval | Valid: time=  2.6s loss=6.069, TAw acc= 84.9% | lr=5.9e-04
| Epoch  61, time= 35.0s | Train: skip eval | Valid: time=  3.0s loss=6.071, TAw acc= 84.5% | lr=5.0e-04
| Epoch  62, time= 31.9s | Train: skip eval | Valid: time=  2.5s loss=6.061, TAw acc= 85.3% | lr=4.2e-04
| Epoch  63, time= 29.2s | Train: skip eval | Valid: time=  2.8s loss=6.063, TAw acc= 85.2% | lr=3.4e-04
| Epoch  64, time= 34.1s | Train: skip eval | Valid: time=  3.1s loss=6.070, TAw acc= 84.9% | lr=2.8e-04
| Epoch  65, time= 33.3s | Train: skip eval | Valid: time=  2.6s loss=6.076, TAw acc= 84.9% | lr=2.2e-04
| Epoch  66, time= 29.6s | Train: skip eval | Valid: time=  2.7s loss=6.063, TAw acc= 85.2% | lr=1.8e-04
| Epoch  67, time= 30.4s | Train: skip eval | Valid: time=  2.6s loss=6.061, TAw acc= 85.5% | lr=1.4e-04
| Epoch  68, time= 29.4s | Train: skip eval | Valid: time=  3.4s loss=6.070, TAw acc= 84.8% | lr=1.2e-04
| Epoch  69, time= 31.2s | Train: skip eval | Valid: time=  2.5s loss=6.067, TAw acc= 85.5% | lr=1.0e-04
| Epoch  70, time= 28.9s | Train: skip eval | Valid: time=  2.9s loss=6.072, TAw acc= 85.3% | lr=1.0e-04
| Selected 2000 train exemplars, time=  4.7s
------------------------------------------------------------------------------------------------------------
>>> Test on task  0 : loss=1.055 | TAw acc= 82.2%, forg= -2.1% | TAg acc= 75.7%, forg=  4.4% <<<
>>> Test on task  1 : loss=5.769 | TAw acc= 85.2%, forg=  0.0% | TAg acc= 74.4%, forg=  0.0% <<<
Save at ./results/./results/resnet50.a1_in1k/food101/icarl/10
************************************************************************************************************
TAw Acc
	 80.1%   0.0%   0.0%   0.0%   0.0%   0.0%   0.0%   0.0%   0.0%   0.0% 	Avg.: 80.1% 
	 82.2%  85.2%   0.0%   0.0%   0.0%   0.0%   0.0%   0.0%   0.0%   0.0% 	Avg.: 83.7% 
	  0.0%   0.0%   0.0%   0.0%   0.0%   0.0%   0.0%   0.0%   0.0%   0.0% 	Avg.:  0.0% 
	  0.0%   0.0%   0.0%   0.0%   0.0%   0.0%   0.0%   0.0%   0.0%   0.0% 	Avg.:  0.0% 
	  0.0%   0.0%   0.0%   0.0%   0.0%   0.0%   0.0%   0.0%   0.0%   0.0% 	Avg.:  0.0% 
	  0.0%   0.0%   0.0%   0.0%   0.0%   0.0%   0.0%   0.0%   0.0%   0.0% 	Avg.:  0.0% 
	  0.0%   0.0%   0.0%   0.0%   0.0%   0.0%   0.0%   0.0%   0.0%   0.0% 	Avg.:  0.0% 
	  0.0%   0.0%   0.0%   0.0%   0.0%   0.0%   0.0%   0.0%   0.0%   0.0% 	Avg.:  0.0% 
	  0.0%   0.0%   0.0%   0.0%   0.0%   0.0%   0.0%   0.0%   0.0%   0.0% 	Avg.:  0.0% 
	  0.0%   0.0%   0.0%   0.0%   0.0%   0.0%   0.0%   0.0%   0.0%   0.0% 	Avg.:  0.0% 
************************************************************************************************************
TAg Acc
	 80.1%   0.0%   0.0%   0.0%   0.0%   0.0%   0.0%   0.0%   0.0%   0.0% 	Avg.: 80.1% 
	 75.7%  74.4%   0.0%   0.0%   0.0%   0.0%   0.0%   0.0%   0.0%   0.0% 	Avg.: 75.1% 
	  0.0%   0.0%   0.0%   0.0%   0.0%   0.0%   0.0%   0.0%   0.0%   0.0% 	Avg.:  0.0% 
	  0.0%   0.0%   0.0%   0.0%   0.0%   0.0%   0.0%   0.0%   0.0%   0.0% 	Avg.:  0.0% 
	  0.0%   0.0%   0.0%   0.0%   0.0%   0.0%   0.0%   0.0%   0.0%   0.0% 	Avg.:  0.0% 
	  0.0%   0.0%   0.0%   0.0%   0.0%   0.0%   0.0%   0.0%   0.0%   0.0% 	Avg.:  0.0% 
	  0.0%   0.0%   0.0%   0.0%   0.0%   0.0%   0.0%   0.0%   0.0%   0.0% 	Avg.:  0.0% 
	  0.0%   0.0%   0.0%   0.0%   0.0%   0.0%   0.0%   0.0%   0.0%   0.0% 	Avg.:  0.0% 
	  0.0%   0.0%   0.0%   0.0%   0.0%   0.0%   0.0%   0.0%   0.0%   0.0% 	Avg.:  0.0% 
	  0.0%   0.0%   0.0%   0.0%   0.0%   0.0%   0.0%   0.0%   0.0%   0.0% 	Avg.:  0.0% 
************************************************************************************************************
TAw Forg
	  0.0%   0.0%   0.0%   0.0%   0.0%   0.0%   0.0%   0.0%   0.0%   0.0% 
	 -2.1%   0.0%   0.0%   0.0%   0.0%   0.0%   0.0%   0.0%   0.0%   0.0% 	Avg.: -2.1% 
	  0.0%   0.0%   0.0%   0.0%   0.0%   0.0%   0.0%   0.0%   0.0%   0.0% 	Avg.:  0.0% 
	  0.0%   0.0%   0.0%   0.0%   0.0%   0.0%   0.0%   0.0%   0.0%   0.0% 	Avg.:  0.0% 
	  0.0%   0.0%   0.0%   0.0%   0.0%   0.0%   0.0%   0.0%   0.0%   0.0% 	Avg.:  0.0% 
	  0.0%   0.0%   0.0%   0.0%   0.0%   0.0%   0.0%   0.0%   0.0%   0.0% 	Avg.:  0.0% 
	  0.0%   0.0%   0.0%   0.0%   0.0%   0.0%   0.0%   0.0%   0.0%   0.0% 	Avg.:  0.0% 
	  0.0%   0.0%   0.0%   0.0%   0.0%   0.0%   0.0%   0.0%   0.0%   0.0% 	Avg.:  0.0% 
	  0.0%   0.0%   0.0%   0.0%   0.0%   0.0%   0.0%   0.0%   0.0%   0.0% 	Avg.:  0.0% 
	  0.0%   0.0%   0.0%   0.0%   0.0%   0.0%   0.0%   0.0%   0.0%   0.0% 	Avg.:  0.0% 
************************************************************************************************************
TAg Forg
	  0.0%   0.0%   0.0%   0.0%   0.0%   0.0%   0.0%   0.0%   0.0%   0.0% 
	  4.4%   0.0%   0.0%   0.0%   0.0%   0.0%   0.0%   0.0%   0.0%   0.0% 	Avg.:  4.4% 
	  0.0%   0.0%   0.0%   0.0%   0.0%   0.0%   0.0%   0.0%   0.0%   0.0% 	Avg.:  0.0% 
	  0.0%   0.0%   0.0%   0.0%   0.0%   0.0%   0.0%   0.0%   0.0%   0.0% 	Avg.:  0.0% 
	  0.0%   0.0%   0.0%   0.0%   0.0%   0.0%   0.0%   0.0%   0.0%   0.0% 	Avg.:  0.0% 
	  0.0%   0.0%   0.0%   0.0%   0.0%   0.0%   0.0%   0.0%   0.0%   0.0% 	Avg.:  0.0% 
	  0.0%   0.0%   0.0%   0.0%   0.0%   0.0%   0.0%   0.0%   0.0%   0.0% 	Avg.:  0.0% 
	  0.0%   0.0%   0.0%   0.0%   0.0%   0.0%   0.0%   0.0%   0.0%   0.0% 	Avg.:  0.0% 
	  0.0%   0.0%   0.0%   0.0%   0.0%   0.0%   0.0%   0.0%   0.0%   0.0% 	Avg.:  0.0% 
	  0.0%   0.0%   0.0%   0.0%   0.0%   0.0%   0.0%   0.0%   0.0%   0.0% 	Avg.:  0.0% 
************************************************************************************************************
[Elapsed time = 0.7 h]
Done!
