START_TASK=2 STOP_TASK=3
============================================================================================================
Arguments =
	approach: icarl
	batch_size: 64
	classes_first_task: None
	clipping: 10000
	crop: 224
	data_path: ../data/food101
	dataset: food101
	eval_on_train: False
	experiment_path: None
	fix_bn: False
	freeze_backbone: False
	gpu: 0
	gpus: [0]
	increment: 10
	last_layer_analysis: True
	log: ['disk']
	lr: 0.01
	lr_factor: None
	lr_min: 0.0001
	lr_patience: None
	lr_scheduler: cosine
	lr_warmup_epochs: 0
	momentum: 0.0
	multi_softmax: False
	nepochs: 70
	network: resnet50.a1_in1k
	no_cudnn_deterministic: False
	normalize: in1k
	num_workers: 2
	optimizer_name: sgd
	pin_memory: False
	pretrained: True
	resize: 224
	results_path: ./results
	save_models: True
	seed: 0
	start_at_task: 2
	start_epoch: 0
	stop_at_task: 3
	stop_epoch: 0
	use_valid_only: False
	warmup_lr_factor: 1.0
	warmup_nepochs: 0
	weight_decay: 0.0
============================================================================================================
Approach arguments =
	lamb: 1.0
============================================================================================================
Exemplars arguments =
	exemplar_selection: random
	num_exemplars: 2000
============================================================================================================
WARNING: ./results/resnet50.a1_in1k/food101/icarl/10 already exists!
Loaded acc_taw from: ./results/resnet50.a1_in1k/food101/icarl/10/acc_taw-1.txt
Loaded acc_tag from: ./results/resnet50.a1_in1k/food101/icarl/10/acc_tag-1.txt
Loaded forg_taw from: ./results/resnet50.a1_in1k/food101/icarl/10/forg_taw-1.txt
Loaded forg_tag from: ./results/resnet50.a1_in1k/food101/icarl/10/forg_tag-1.txt
Loaded 2000 exemplars from ./results/resnet50.a1_in1k/food101/icarl/10/task1_exemplars.pth
Loaded 20 exemplar means from ./results/resnet50.a1_in1k/food101/icarl/10/task1_exemplar_means.pth
************************************************************************************************************
Task  2  [epochs 0-70]
************************************************************************************************************
[params] total:23,569,502  trainable:23,569,502  tensors:165  trainable_tensors:165
| Epoch   1, time= 31.7s | Train: skip eval | Valid: time=  2.8s loss=12.870, TAw acc= 56.7% | * lr=1.0e-02
| Epoch   2, time= 29.8s | Train: skip eval | Valid: time=  2.4s loss=12.215, TAw acc= 65.3% | * lr=1.0e-02
| Epoch   3, time= 29.0s | Train: skip eval | Valid: time=  2.6s loss=12.021, TAw acc= 67.7% | * lr=1.0e-02
| Epoch   4, time= 29.1s | Train: skip eval | Valid: time=  2.5s loss=11.753, TAw acc= 70.8% | * lr=9.9e-03
| Epoch   5, time= 32.9s | Train: skip eval | Valid: time=  2.5s loss=11.601, TAw acc= 70.1% | * lr=9.9e-03
| Epoch   6, time= 31.7s | Train: skip eval | Valid: time=  2.9s loss=11.501, TAw acc= 72.4% | * lr=9.8e-03
| Epoch   7, time= 33.9s | Train: skip eval | Valid: time=  2.7s loss=11.429, TAw acc= 74.0% | * lr=9.8e-03
| Epoch   8, time= 31.0s | Train: skip eval | Valid: time=  2.9s loss=11.370, TAw acc= 75.3% | * lr=9.7e-03
| Epoch   9, time= 30.4s | Train: skip eval | Valid: time=  3.3s loss=11.347, TAw acc= 75.2% | * lr=9.6e-03
| Epoch  10, time= 33.7s | Train: skip eval | Valid: time=  2.5s loss=11.281, TAw acc= 77.1% | * lr=9.5e-03
| Epoch  11, time= 32.3s | Train: skip eval | Valid: time=  3.0s loss=11.209, TAw acc= 77.2% | * lr=9.4e-03
| Epoch  12, time= 31.1s | Train: skip eval | Valid: time=  2.7s loss=11.226, TAw acc= 76.8% | lr=9.3e-03
| Epoch  13, time= 35.5s | Train: skip eval | Valid: time=  2.6s loss=11.193, TAw acc= 77.2% | * lr=9.2e-03
| Epoch  14, time= 31.2s | Train: skip eval | Valid: time=  2.9s loss=11.167, TAw acc= 77.6% | * lr=9.1e-03
| Epoch  15, time= 34.8s | Train: skip eval | Valid: time=  3.2s loss=11.133, TAw acc= 78.0% | * lr=8.9e-03
| Epoch  16, time= 28.6s | Train: skip eval | Valid: time=  3.2s loss=11.227, TAw acc= 77.7% | lr=8.8e-03
| Epoch  17, time= 32.2s | Train: skip eval | Valid: time=  2.8s loss=11.137, TAw acc= 78.8% | lr=8.6e-03
| Epoch  18, time= 30.1s | Train: skip eval | Valid: time=  3.0s loss=11.118, TAw acc= 79.2% | * lr=8.5e-03
| Epoch  19, time= 31.4s | Train: skip eval | Valid: time=  2.7s loss=11.096, TAw acc= 80.3% | * lr=8.3e-03
| Epoch  20, time= 32.6s | Train: skip eval | Valid: time=  2.8s loss=11.132, TAw acc= 78.8% | lr=8.1e-03
| Epoch  21, time= 28.0s | Train: skip eval | Valid: time=  2.6s loss=11.091, TAw acc= 80.0% | * lr=8.0e-03
| Epoch  22, time= 29.3s | Train: skip eval | Valid: time=  2.6s loss=11.050, TAw acc= 81.1% | * lr=7.8e-03
| Epoch  23, time= 35.5s | Train: skip eval | Valid: time=  3.7s loss=11.085, TAw acc= 80.7% | lr=7.6e-03
| Epoch  24, time= 30.8s | Train: skip eval | Valid: time=  2.6s loss=11.049, TAw acc= 80.3% | * lr=7.4e-03
| Epoch  25, time= 33.5s | Train: skip eval | Valid: time=  2.6s loss=11.030, TAw acc= 81.7% | * lr=7.2e-03
| Epoch  26, time= 31.3s | Train: skip eval | Valid: time=  2.9s loss=11.006, TAw acc= 81.7% | * lr=7.0e-03
| Epoch  27, time= 33.0s | Train: skip eval | Valid: time=  2.8s loss=11.014, TAw acc= 82.3% | lr=6.8e-03
| Epoch  28, time= 27.8s | Train: skip eval | Valid: time=  2.6s loss=10.988, TAw acc= 81.3% | * lr=6.6e-03
| Epoch  29, time= 28.1s | Train: skip eval | Valid: time=  3.3s loss=10.978, TAw acc= 81.3% | * lr=6.4e-03
| Epoch  30, time= 28.9s | Train: skip eval | Valid: time=  2.6s loss=10.977, TAw acc= 80.7% | * lr=6.2e-03
| Epoch  31, time= 37.2s | Train: skip eval | Valid: time=  4.4s loss=10.998, TAw acc= 81.6% | lr=5.9e-03
| Epoch  32, time= 46.2s | Train: skip eval | Valid: time=  3.1s loss=10.955, TAw acc= 82.1% | * lr=5.7e-03
| Epoch  33, time= 34.0s | Train: skip eval | Valid: time=  2.5s loss=10.968, TAw acc= 82.0% | lr=5.5e-03
| Epoch  34, time= 31.6s | Train: skip eval | Valid: time=  3.3s loss=10.960, TAw acc= 82.8% | lr=5.3e-03
| Epoch  35, time= 31.2s | Train: skip eval | Valid: time=  2.7s loss=10.955, TAw acc= 82.1% | lr=5.1e-03
| Epoch  36, time= 31.2s | Train: skip eval | Valid: time=  2.6s loss=10.939, TAw acc= 82.0% | * lr=4.8e-03
| Epoch  37, time= 32.6s | Train: skip eval | Valid: time=  3.0s loss=10.956, TAw acc= 82.5% | lr=4.6e-03
| Epoch  38, time= 30.0s | Train: skip eval | Valid: time=  2.6s loss=10.943, TAw acc= 82.0% | lr=4.4e-03
| Epoch  39, time= 32.6s | Train: skip eval | Valid: time=  2.5s loss=10.930, TAw acc= 82.8% | * lr=4.2e-03
| Epoch  40, time= 34.7s | Train: skip eval | Valid: time=  2.6s loss=10.932, TAw acc= 82.7% | lr=3.9e-03
| Epoch  41, time= 31.7s | Train: skip eval | Valid: time=  3.0s loss=10.932, TAw acc= 82.9% | lr=3.7e-03
| Epoch  42, time= 31.2s | Train: skip eval | Valid: time=  2.6s loss=10.918, TAw acc= 82.5% | * lr=3.5e-03
| Epoch  43, time= 30.0s | Train: skip eval | Valid: time=  2.6s loss=10.927, TAw acc= 82.7% | lr=3.3e-03
| Epoch  44, time= 30.9s | Train: skip eval | Valid: time=  2.6s loss=10.915, TAw acc= 83.2% | * lr=3.1e-03
| Epoch  45, time= 30.8s | Train: skip eval | Valid: time=  3.0s loss=10.916, TAw acc= 82.7% | lr=2.9e-03
| Epoch  46, time= 33.5s | Train: skip eval | Valid: time=  2.6s loss=10.918, TAw acc= 82.3% | lr=2.7e-03
| Epoch  47, time= 32.4s | Train: skip eval | Valid: time=  2.6s loss=10.910, TAw acc= 83.2% | * lr=2.5e-03
| Epoch  48, time= 29.6s | Train: skip eval | Valid: time=  3.3s loss=10.901, TAw acc= 82.4% | * lr=2.3e-03
| Epoch  49, time= 29.7s | Train: skip eval | Valid: time=  2.6s loss=10.898, TAw acc= 82.8% | * lr=2.1e-03
| Epoch  50, time= 34.1s | Train: skip eval | Valid: time=  2.8s loss=10.903, TAw acc= 82.7% | lr=2.0e-03
| Epoch  51, time= 29.8s | Train: skip eval | Valid: time=  2.6s loss=10.907, TAw acc= 83.6% | lr=1.8e-03
| Epoch  52, time= 30.7s | Train: skip eval | Valid: time=  3.0s loss=10.904, TAw acc= 82.9% | lr=1.6e-03
| Epoch  53, time= 32.2s | Train: skip eval | Valid: time=  3.1s loss=10.906, TAw acc= 83.1% | lr=1.5e-03
| Epoch  54, time= 30.8s | Train: skip eval | Valid: time=  2.6s loss=10.909, TAw acc= 83.2% | lr=1.3e-03
| Epoch  55, time= 29.8s | Train: skip eval | Valid: time=  2.9s loss=10.897, TAw acc= 82.9% | * lr=1.2e-03
| Epoch  56, time= 36.3s | Train: skip eval | Valid: time=  3.0s loss=10.889, TAw acc= 82.8% | * lr=1.0e-03
| Epoch  57, time= 30.7s | Train: skip eval | Valid: time=  2.6s loss=10.895, TAw acc= 83.6% | lr=9.2e-04
| Epoch  58, time= 33.5s | Train: skip eval | Valid: time=  3.2s loss=10.892, TAw acc= 82.4% | lr=8.0e-04
| Epoch  59, time= 30.9s | Train: skip eval | Valid: time=  3.3s loss=10.896, TAw acc= 82.8% | lr=6.9e-04
| Epoch  60, time= 29.0s | Train: skip eval | Valid: time=  2.5s loss=10.902, TAw acc= 83.2% | lr=5.9e-04
| Epoch  61, time= 33.0s | Train: skip eval | Valid: time=  2.8s loss=10.888, TAw acc= 83.1% | * lr=5.0e-04
| Epoch  62, time= 28.6s | Train: skip eval | Valid: time=  3.5s loss=10.904, TAw acc= 82.5% | lr=4.2e-04
| Epoch  63, time= 31.4s | Train: skip eval | Valid: time=  2.9s loss=10.900, TAw acc= 83.3% | lr=3.4e-04
| Epoch  64, time= 33.7s | Train: skip eval | Valid: time=  2.8s loss=10.891, TAw acc= 83.2% | lr=2.8e-04
| Epoch  65, time= 32.8s | Train: skip eval | Valid: time=  3.3s loss=10.891, TAw acc= 82.9% | lr=2.2e-04
| Epoch  66, time= 29.7s | Train: skip eval | Valid: time=  2.6s loss=10.895, TAw acc= 82.7% | lr=1.8e-04
| Epoch  67, time= 29.2s | Train: skip eval | Valid: time=  2.9s loss=10.898, TAw acc= 83.5% | lr=1.4e-04
| Epoch  68, time= 29.5s | Train: skip eval | Valid: time=  2.6s loss=10.904, TAw acc= 83.7% | lr=1.2e-04
| Epoch  69, time= 29.0s | Train: skip eval | Valid: time=  2.8s loss=10.905, TAw acc= 83.2% | lr=1.0e-04
| Epoch  70, time= 29.9s | Train: skip eval | Valid: time=  2.6s loss=10.889, TAw acc= 82.9% | lr=1.0e-04
| Selected 2010 train exemplars, time=  3.3s
------------------------------------------------------------------------------------------------------------
>>> Test on task  0 : loss=1.415 | TAw acc= 82.5%, forg= -0.3% | TAg acc= 73.9%, forg=  6.2% <<<
>>> Test on task  1 : loss=6.372 | TAw acc= 85.7%, forg= -0.5% | TAg acc= 69.4%, forg=  5.0% <<<
>>> Test on task  2 : loss=10.673 | TAw acc= 80.2%, forg=  0.0% | TAg acc= 69.2%, forg=  0.0% <<<
Save at ./results/./results/resnet50.a1_in1k/food101/icarl/10
************************************************************************************************************
TAw Acc
	 80.1%   0.0%   0.0%   0.0%   0.0%   0.0%   0.0%   0.0%   0.0%   0.0% 	Avg.: 80.1% 
	 82.2%  85.2%   0.0%   0.0%   0.0%   0.0%   0.0%   0.0%   0.0%   0.0% 	Avg.: 83.7% 
	 82.5%  85.7%  80.2%   0.0%   0.0%   0.0%   0.0%   0.0%   0.0%   0.0% 	Avg.: 82.8% 
	  0.0%   0.0%   0.0%   0.0%   0.0%   0.0%   0.0%   0.0%   0.0%   0.0% 	Avg.:  0.0% 
	  0.0%   0.0%   0.0%   0.0%   0.0%   0.0%   0.0%   0.0%   0.0%   0.0% 	Avg.:  0.0% 
	  0.0%   0.0%   0.0%   0.0%   0.0%   0.0%   0.0%   0.0%   0.0%   0.0% 	Avg.:  0.0% 
	  0.0%   0.0%   0.0%   0.0%   0.0%   0.0%   0.0%   0.0%   0.0%   0.0% 	Avg.:  0.0% 
	  0.0%   0.0%   0.0%   0.0%   0.0%   0.0%   0.0%   0.0%   0.0%   0.0% 	Avg.:  0.0% 
	  0.0%   0.0%   0.0%   0.0%   0.0%   0.0%   0.0%   0.0%   0.0%   0.0% 	Avg.:  0.0% 
	  0.0%   0.0%   0.0%   0.0%   0.0%   0.0%   0.0%   0.0%   0.0%   0.0% 	Avg.:  0.0% 
************************************************************************************************************
TAg Acc
	 80.1%   0.0%   0.0%   0.0%   0.0%   0.0%   0.0%   0.0%   0.0%   0.0% 	Avg.: 80.1% 
	 75.7%  74.4%   0.0%   0.0%   0.0%   0.0%   0.0%   0.0%   0.0%   0.0% 	Avg.: 75.1% 
	 73.9%  69.4%  69.2%   0.0%   0.0%   0.0%   0.0%   0.0%   0.0%   0.0% 	Avg.: 70.8% 
	  0.0%   0.0%   0.0%   0.0%   0.0%   0.0%   0.0%   0.0%   0.0%   0.0% 	Avg.:  0.0% 
	  0.0%   0.0%   0.0%   0.0%   0.0%   0.0%   0.0%   0.0%   0.0%   0.0% 	Avg.:  0.0% 
	  0.0%   0.0%   0.0%   0.0%   0.0%   0.0%   0.0%   0.0%   0.0%   0.0% 	Avg.:  0.0% 
	  0.0%   0.0%   0.0%   0.0%   0.0%   0.0%   0.0%   0.0%   0.0%   0.0% 	Avg.:  0.0% 
	  0.0%   0.0%   0.0%   0.0%   0.0%   0.0%   0.0%   0.0%   0.0%   0.0% 	Avg.:  0.0% 
	  0.0%   0.0%   0.0%   0.0%   0.0%   0.0%   0.0%   0.0%   0.0%   0.0% 	Avg.:  0.0% 
	  0.0%   0.0%   0.0%   0.0%   0.0%   0.0%   0.0%   0.0%   0.0%   0.0% 	Avg.:  0.0% 
************************************************************************************************************
TAw Forg
	  0.0%   0.0%   0.0%   0.0%   0.0%   0.0%   0.0%   0.0%   0.0%   0.0% 
	 -2.1%   0.0%   0.0%   0.0%   0.0%   0.0%   0.0%   0.0%   0.0%   0.0% 	Avg.: -2.1% 
	 -0.3%  -0.5%   0.0%   0.0%   0.0%   0.0%   0.0%   0.0%   0.0%   0.0% 	Avg.: -0.4% 
	  0.0%   0.0%   0.0%   0.0%   0.0%   0.0%   0.0%   0.0%   0.0%   0.0% 	Avg.:  0.0% 
	  0.0%   0.0%   0.0%   0.0%   0.0%   0.0%   0.0%   0.0%   0.0%   0.0% 	Avg.:  0.0% 
	  0.0%   0.0%   0.0%   0.0%   0.0%   0.0%   0.0%   0.0%   0.0%   0.0% 	Avg.:  0.0% 
	  0.0%   0.0%   0.0%   0.0%   0.0%   0.0%   0.0%   0.0%   0.0%   0.0% 	Avg.:  0.0% 
	  0.0%   0.0%   0.0%   0.0%   0.0%   0.0%   0.0%   0.0%   0.0%   0.0% 	Avg.:  0.0% 
	  0.0%   0.0%   0.0%   0.0%   0.0%   0.0%   0.0%   0.0%   0.0%   0.0% 	Avg.:  0.0% 
	  0.0%   0.0%   0.0%   0.0%   0.0%   0.0%   0.0%   0.0%   0.0%   0.0% 	Avg.:  0.0% 
************************************************************************************************************
TAg Forg
	  0.0%   0.0%   0.0%   0.0%   0.0%   0.0%   0.0%   0.0%   0.0%   0.0% 
	  4.4%   0.0%   0.0%   0.0%   0.0%   0.0%   0.0%   0.0%   0.0%   0.0% 	Avg.:  4.4% 
	  6.2%   5.0%   0.0%   0.0%   0.0%   0.0%   0.0%   0.0%   0.0%   0.0% 	Avg.:  5.6% 
	  0.0%   0.0%   0.0%   0.0%   0.0%   0.0%   0.0%   0.0%   0.0%   0.0% 	Avg.:  0.0% 
	  0.0%   0.0%   0.0%   0.0%   0.0%   0.0%   0.0%   0.0%   0.0%   0.0% 	Avg.:  0.0% 
	  0.0%   0.0%   0.0%   0.0%   0.0%   0.0%   0.0%   0.0%   0.0%   0.0% 	Avg.:  0.0% 
	  0.0%   0.0%   0.0%   0.0%   0.0%   0.0%   0.0%   0.0%   0.0%   0.0% 	Avg.:  0.0% 
	  0.0%   0.0%   0.0%   0.0%   0.0%   0.0%   0.0%   0.0%   0.0%   0.0% 	Avg.:  0.0% 
	  0.0%   0.0%   0.0%   0.0%   0.0%   0.0%   0.0%   0.0%   0.0%   0.0% 	Avg.:  0.0% 
	  0.0%   0.0%   0.0%   0.0%   0.0%   0.0%   0.0%   0.0%   0.0%   0.0% 	Avg.:  0.0% 
************************************************************************************************************
[Elapsed time = 0.7 h]
Done!
