START_TASK=9 STOP_TASK=10
============================================================================================================
Arguments =
	approach: icarl
	batch_size: 64
	classes_first_task: None
	clipping: 10000
	crop: 224
	dataset: cifar100
	eval_on_train: False
	experiment_path: None
	fix_bn: False
	freeze_backbone: False
	gpu: 0
	gpus: [0]
	increment: 10
	last_layer_analysis: True
	log: ['disk']
	lr: 0.01
	lr_factor: None
	lr_min: 0.0001
	lr_patience: None
	lr_scheduler: cosine
	lr_warmup_epochs: 0
	momentum: 0.0
	multi_softmax: False
	nepochs: 50
	network: vit_base_patch16_224.orig_in21k
	no_cudnn_deterministic: False
	normalize: in21k
	num_workers: 2
	optimizer_name: sgd
	pin_memory: False
	pretrained: True
	resize: 224
	results_path: ./results
	save_models: True
	seed: 0
	start_at_task: 9
	start_epoch: 0
	stop_at_task: 10
	stop_epoch: 0
	use_valid_only: False
	warmup_lr_factor: 1.0
	warmup_nepochs: 0
	weight_decay: 0.0
============================================================================================================
Approach arguments =
	lamb: 1.0
============================================================================================================
Exemplars arguments =
	exemplar_selection: random
	num_exemplars: 2000
============================================================================================================
WARNING: ./results/vit_base_patch16_224.orig_in21k/cifar100/icarl/10 already exists!
Loaded acc_taw from: ./results/vit_base_patch16_224.orig_in21k/cifar100/icarl/10/acc_taw-8.txt
Loaded acc_tag from: ./results/vit_base_patch16_224.orig_in21k/cifar100/icarl/10/acc_tag-8.txt
Loaded forg_taw from: ./results/vit_base_patch16_224.orig_in21k/cifar100/icarl/10/forg_taw-8.txt
Loaded forg_tag from: ./results/vit_base_patch16_224.orig_in21k/cifar100/icarl/10/forg_tag-8.txt
Loaded 2070 exemplars from ./results/vit_base_patch16_224.orig_in21k/cifar100/icarl/10/task8_exemplars.pth
Loaded 90 exemplar means from ./results/vit_base_patch16_224.orig_in21k/cifar100/icarl/10/task8_exemplar_means.pth
************************************************************************************************************
Task  9  [epochs 0-50]
************************************************************************************************************
[params] total:85,875,556  trainable:85,875,556  tensors:170  trainable_tensors:170
| Epoch   1, time= 65.3s | Train: skip eval | Valid: time=  2.9s loss=18.158, TAw acc= 92.4% | * lr=1.0e-02
| Epoch   2, time= 65.0s | Train: skip eval | Valid: time=  2.9s loss=17.917, TAw acc= 96.2% | * lr=1.0e-02
| Epoch   3, time= 65.2s | Train: skip eval | Valid: time=  2.9s loss=17.850, TAw acc= 96.6% | * lr=9.9e-03
| Epoch   4, time= 65.9s | Train: skip eval | Valid: time=  2.9s loss=17.804, TAw acc= 97.4% | * lr=9.8e-03
| Epoch   5, time= 65.9s | Train: skip eval | Valid: time=  2.9s loss=17.790, TAw acc= 97.0% | * lr=9.8e-03
| Epoch   6, time= 66.2s | Train: skip eval | Valid: time=  2.8s loss=17.777, TAw acc= 97.4% | * lr=9.7e-03
| Epoch   7, time= 66.4s | Train: skip eval | Valid: time=  2.9s loss=17.774, TAw acc= 96.2% | * lr=9.5e-03
| Epoch   8, time= 66.4s | Train: skip eval | Valid: time=  2.9s loss=17.775, TAw acc= 96.8% | lr=9.4e-03
| Epoch   9, time= 66.4s | Train: skip eval | Valid: time=  2.9s loss=17.742, TAw acc= 97.4% | * lr=9.2e-03
| Epoch  10, time= 66.2s | Train: skip eval | Valid: time=  2.8s loss=17.738, TAw acc= 97.4% | * lr=9.1e-03
| Epoch  11, time= 66.1s | Train: skip eval | Valid: time=  2.9s loss=17.734, TAw acc= 97.4% | * lr=8.9e-03
| Epoch  12, time= 66.1s | Train: skip eval | Valid: time=  2.9s loss=17.734, TAw acc= 97.6% | * lr=8.7e-03
| Epoch  13, time= 66.0s | Train: skip eval | Valid: time=  2.9s loss=17.734, TAw acc= 97.2% | * lr=8.4e-03
| Epoch  14, time= 66.0s | Train: skip eval | Valid: time=  2.9s loss=17.718, TAw acc= 97.2% | * lr=8.2e-03
| Epoch  15, time= 65.7s | Train: skip eval | Valid: time=  2.9s loss=17.730, TAw acc= 97.4% | lr=8.0e-03
| Epoch  16, time= 66.0s | Train: skip eval | Valid: time=  2.9s loss=17.719, TAw acc= 97.4% | lr=7.7e-03
| Epoch  17, time= 66.2s | Train: skip eval | Valid: time=  2.9s loss=17.714, TAw acc= 97.6% | * lr=7.4e-03
| Epoch  18, time= 65.6s | Train: skip eval | Valid: time=  2.8s loss=17.714, TAw acc= 97.2% | * lr=7.2e-03
| Epoch  19, time= 66.0s | Train: skip eval | Valid: time=  2.9s loss=17.714, TAw acc= 97.8% | lr=6.9e-03
| Epoch  20, time= 65.9s | Train: skip eval | Valid: time=  2.9s loss=17.703, TAw acc= 97.6% | * lr=6.6e-03
| Epoch  21, time= 66.3s | Train: skip eval | Valid: time=  2.9s loss=17.707, TAw acc= 97.6% | lr=6.3e-03
| Epoch  22, time= 66.2s | Train: skip eval | Valid: time=  2.8s loss=17.734, TAw acc= 97.6% | lr=6.0e-03
| Epoch  23, time= 66.3s | Train: skip eval | Valid: time=  2.9s loss=17.708, TAw acc= 97.6% | lr=5.7e-03
| Epoch  24, time= 66.1s | Train: skip eval | Valid: time=  2.9s loss=17.707, TAw acc= 97.8% | lr=5.4e-03
| Epoch  25, time= 66.4s | Train: skip eval | Valid: time=  2.9s loss=17.721, TAw acc= 98.0% | lr=5.1e-03
| Epoch  26, time= 66.2s | Train: skip eval | Valid: time=  2.9s loss=17.706, TAw acc= 97.6% | lr=4.7e-03
| Epoch  27, time= 66.3s | Train: skip eval | Valid: time=  2.9s loss=17.702, TAw acc= 97.6% | * lr=4.4e-03
| Epoch  28, time= 66.4s | Train: skip eval | Valid: time=  2.9s loss=17.699, TAw acc= 97.6% | * lr=4.1e-03
| Epoch  29, time= 66.3s | Train: skip eval | Valid: time=  2.9s loss=17.697, TAw acc= 97.6% | * lr=3.8e-03
| Epoch  30, time= 66.1s | Train: skip eval | Valid: time=  2.9s loss=17.698, TAw acc= 97.6% | lr=3.5e-03
| Epoch  31, time= 66.3s | Train: skip eval | Valid: time=  3.0s loss=17.698, TAw acc= 97.8% | lr=3.2e-03
| Epoch  32, time= 66.3s | Train: skip eval | Valid: time=  2.9s loss=17.696, TAw acc= 97.8% | * lr=2.9e-03
| Epoch  33, time= 66.3s | Train: skip eval | Valid: time=  2.9s loss=17.696, TAw acc= 97.6% | * lr=2.7e-03
| Epoch  34, time= 66.2s | Train: skip eval | Valid: time=  2.8s loss=17.696, TAw acc= 97.8% | lr=2.4e-03
| Epoch  35, time= 66.0s | Train: skip eval | Valid: time=  2.8s loss=17.697, TAw acc= 97.8% | lr=2.1e-03
| Epoch  36, time= 65.9s | Train: skip eval | Valid: time=  2.8s loss=17.693, TAw acc= 97.8% | * lr=1.9e-03
| Epoch  37, time= 66.3s | Train: skip eval | Valid: time=  3.8s loss=17.697, TAw acc= 97.8% | lr=1.7e-03
| Epoch  38, time= 66.0s | Train: skip eval | Valid: time=  2.8s loss=17.694, TAw acc= 97.8% | lr=1.4e-03
| Epoch  39, time= 66.1s | Train: skip eval | Valid: time=  2.9s loss=17.693, TAw acc= 97.8% | * lr=1.2e-03
| Epoch  40, time= 66.3s | Train: skip eval | Valid: time=  3.0s loss=17.692, TAw acc= 97.6% | * lr=1.0e-03
| Epoch  41, time= 66.5s | Train: skip eval | Valid: time=  2.9s loss=17.692, TAw acc= 97.8% | * lr=8.7e-04
| Epoch  42, time= 66.3s | Train: skip eval | Valid: time=  2.9s loss=17.693, TAw acc= 97.8% | lr=7.1e-04
| Epoch  43, time= 66.2s | Train: skip eval | Valid: time=  2.9s loss=17.693, TAw acc= 97.8% | lr=5.7e-04
| Epoch  44, time= 66.3s | Train: skip eval | Valid: time=  2.9s loss=17.692, TAw acc= 97.8% | * lr=4.5e-04
| Epoch  45, time= 66.4s | Train: skip eval | Valid: time=  2.8s loss=17.692, TAw acc= 97.8% | * lr=3.4e-04
| Epoch  46, time= 66.0s | Train: skip eval | Valid: time=  2.8s loss=17.692, TAw acc= 97.8% | lr=2.6e-04
| Epoch  47, time= 66.1s | Train: skip eval | Valid: time=  2.8s loss=17.692, TAw acc= 97.8% | lr=1.9e-04
| Epoch  48, time= 66.1s | Train: skip eval | Valid: time=  2.9s loss=17.692, TAw acc= 97.8% | lr=1.4e-04
| Epoch  49, time= 66.2s | Train: skip eval | Valid: time=  2.9s loss=17.692, TAw acc= 97.8% | lr=1.1e-04
| Epoch  50, time= 66.2s | Train: skip eval | Valid: time=  2.9s loss=17.691, TAw acc= 97.8% | * lr=1.0e-04
| Selected 2000 train exemplars, time=  0.1s
------------------------------------------------------------------------------------------------------------
>>> Test on task  0 : loss=0.886 | TAw acc= 97.7%, forg=  0.9% | TAg acc= 87.7%, forg= 10.8% <<<
>>> Test on task  1 : loss=6.597 | TAw acc= 98.9%, forg=  0.2% | TAg acc= 87.6%, forg=  8.7% <<<
>>> Test on task  2 : loss=11.655 | TAw acc= 98.8%, forg=  0.1% | TAg acc= 90.2%, forg=  5.2% <<<
>>> Test on task  3 : loss=15.320 | TAw acc= 96.8%, forg=  0.3% | TAg acc= 84.9%, forg=  7.5% <<<
>>> Test on task  4 : loss=16.653 | TAw acc= 98.6%, forg=  0.0% | TAg acc= 89.2%, forg=  6.5% <<<
>>> Test on task  5 : loss=19.161 | TAw acc= 94.3%, forg=  0.1% | TAg acc= 80.8%, forg=  6.9% <<<
>>> Test on task  6 : loss=17.151 | TAw acc= 98.7%, forg= -0.3% | TAg acc= 89.2%, forg=  1.9% <<<
>>> Test on task  7 : loss=17.410 | TAw acc= 97.9%, forg= -0.3% | TAg acc= 91.7%, forg=  1.0% <<<
>>> Test on task  8 : loss=18.185 | TAw acc= 97.6%, forg=  0.0% | TAg acc= 90.7%, forg=  0.7% <<<
>>> Test on task  9 : loss=17.730 | TAw acc= 96.7%, forg=  0.0% | TAg acc= 88.0%, forg=  0.0% <<<
Save at ./results/./results/vit_base_patch16_224.orig_in21k/cifar100/icarl/10
Plotting last layer analysis...
************************************************************************************************************
TAw Acc
	 98.5%   0.0%   0.0%   0.0%   0.0%   0.0%   0.0%   0.0%   0.0%   0.0% 	Avg.: 98.5% 
	 98.6%  98.6%   0.0%   0.0%   0.0%   0.0%   0.0%   0.0%   0.0%   0.0% 	Avg.: 98.6% 
	 98.4%  98.9%  98.3%   0.0%   0.0%   0.0%   0.0%   0.0%   0.0%   0.0% 	Avg.: 98.5% 
	 98.3%  99.1%  98.3%  96.6%   0.0%   0.0%   0.0%   0.0%   0.0%   0.0% 	Avg.: 98.1% 
	 98.3%  99.1%  98.6%  96.8%  98.1%   0.0%   0.0%   0.0%   0.0%   0.0% 	Avg.: 98.2% 
	 98.2%  98.9%  98.9%  96.7%  98.3%  93.2%   0.0%   0.0%   0.0%   0.0% 	Avg.: 97.4% 
	 98.3%  98.9%  98.9%  96.6%  98.3%  93.6%  97.5%   0.0%   0.0%   0.0% 	Avg.: 97.4% 
	 98.1%  98.8%  98.7%  97.0%  98.4%  94.1%  97.6%  97.6%   0.0%   0.0% 	Avg.: 97.5% 
	 97.9%  99.0%  98.8%  97.1%  98.6%  94.4%  98.4%  97.6%  97.6%   0.0% 	Avg.: 97.7% 
	 97.7%  98.9%  98.8%  96.8%  98.6%  94.3%  98.7%  97.9%  97.6%  96.7% 	Avg.: 97.6% 
************************************************************************************************************
TAg Acc
	 98.5%   0.0%   0.0%   0.0%   0.0%   0.0%   0.0%   0.0%   0.0%   0.0% 	Avg.: 98.5% 
	 97.0%  96.3%   0.0%   0.0%   0.0%   0.0%   0.0%   0.0%   0.0%   0.0% 	Avg.: 96.7% 
	 95.7%  93.8%  95.4%   0.0%   0.0%   0.0%   0.0%   0.0%   0.0%   0.0% 	Avg.: 95.0% 
	 95.4%  94.8%  95.0%  92.4%   0.0%   0.0%   0.0%   0.0%   0.0%   0.0% 	Avg.: 94.4% 
	 93.5%  94.8%  94.3%  90.8%  95.7%   0.0%   0.0%   0.0%   0.0%   0.0% 	Avg.: 93.8% 
	 91.6%  93.4%  92.8%  89.4%  95.1%  87.7%   0.0%   0.0%   0.0%   0.0% 	Avg.: 91.7% 
	 90.7%  92.2%  92.4%  88.8%  92.5%  86.4%  91.1%   0.0%   0.0%   0.0% 	Avg.: 90.6% 
	 89.0%  91.7%  91.2%  88.3%  92.1%  84.9%  90.2%  92.7%   0.0%   0.0% 	Avg.: 90.0% 
	 88.4%  89.2%  90.5%  86.8%  89.7%  84.0%  90.7%  91.4%  91.4%   0.0% 	Avg.: 89.1% 
	 87.7%  87.6%  90.2%  84.9%  89.2%  80.8%  89.2%  91.7%  90.7%  88.0% 	Avg.: 88.0% 
************************************************************************************************************
TAw Forg
	  0.0%   0.0%   0.0%   0.0%   0.0%   0.0%   0.0%   0.0%   0.0%   0.0% 
	 -0.1%   0.0%   0.0%   0.0%   0.0%   0.0%   0.0%   0.0%   0.0%   0.0% 	Avg.: -0.1% 
	  0.2%  -0.3%   0.0%   0.0%   0.0%   0.0%   0.0%   0.0%   0.0%   0.0% 	Avg.: -0.0% 
	  0.3%  -0.2%   0.0%   0.0%   0.0%   0.0%   0.0%   0.0%   0.0%   0.0% 	Avg.:  0.0% 
	  0.3%   0.0%  -0.3%  -0.2%   0.0%   0.0%   0.0%   0.0%   0.0%   0.0% 	Avg.: -0.1% 
	  0.4%   0.2%  -0.3%   0.1%  -0.2%   0.0%   0.0%   0.0%   0.0%   0.0% 	Avg.:  0.0% 
	  0.3%   0.2%   0.0%   0.2%   0.0%  -0.4%   0.0%   0.0%   0.0%   0.0% 	Avg.:  0.1% 
	  0.5%   0.3%   0.2%  -0.2%  -0.1%  -0.5%  -0.1%   0.0%   0.0%   0.0% 	Avg.:  0.0% 
	  0.7%   0.1%   0.1%  -0.1%  -0.2%  -0.3%  -0.8%   0.0%   0.0%   0.0% 	Avg.: -0.1% 
	  0.9%   0.2%   0.1%   0.3%   0.0%   0.1%  -0.3%  -0.3%   0.0%   0.0% 	Avg.:  0.1% 
************************************************************************************************************
TAg Forg
	  0.0%   0.0%   0.0%   0.0%   0.0%   0.0%   0.0%   0.0%   0.0%   0.0% 
	  1.5%   0.0%   0.0%   0.0%   0.0%   0.0%   0.0%   0.0%   0.0%   0.0% 	Avg.:  1.5% 
	  2.8%   2.5%   0.0%   0.0%   0.0%   0.0%   0.0%   0.0%   0.0%   0.0% 	Avg.:  2.7% 
	  3.1%   1.5%   0.4%   0.0%   0.0%   0.0%   0.0%   0.0%   0.0%   0.0% 	Avg.:  1.7% 
	  5.0%   1.5%   1.1%   1.6%   0.0%   0.0%   0.0%   0.0%   0.0%   0.0% 	Avg.:  2.3% 
	  6.9%   2.9%   2.6%   3.0%   0.6%   0.0%   0.0%   0.0%   0.0%   0.0% 	Avg.:  3.2% 
	  7.8%   4.1%   3.0%   3.6%   3.2%   1.3%   0.0%   0.0%   0.0%   0.0% 	Avg.:  3.8% 
	  9.5%   4.6%   4.2%   4.1%   3.6%   2.8%   0.9%   0.0%   0.0%   0.0% 	Avg.:  4.2% 
	 10.1%   7.1%   4.9%   5.6%   6.0%   3.7%   0.4%   1.3%   0.0%   0.0% 	Avg.:  4.9% 
	 10.8%   8.7%   5.2%   7.5%   6.5%   6.9%   1.9%   1.0%   0.7%   0.0% 	Avg.:  5.5% 
************************************************************************************************************
[Elapsed time = 1.0 h]
Done!
