START_TASK=13 STOP_TASK=14 START_EPOCH=45 STOP_EPOCH=90
============================================================================================================
Arguments =
	all_outputs: False
	approach: joint
	batch_size: 64
	classes_first_task: None
	clipping: 10000
	crop: 224
	data_path: ../data/inat200
	dataset: inat200
	eval_on_train: False
	experiment_path: None
	fix_bn: False
	freeze_backbone: False
	gpu: 0
	gpus: [0]
	increment: 10
	last_layer_analysis: False
	log: ['disk']
	lr: 0.01
	lr_factor: None
	lr_min: 0.0001
	lr_patience: None
	lr_scheduler: cosine
	lr_warmup_epochs: 0
	momentum: 0.0
	multi_softmax: False
	nepochs: 90
	network: vit_small_patch16_224.augreg_in1k
	no_cudnn_deterministic: False
	normalize: in1k
	num_workers: 2
	optimizer_name: sgd
	pin_memory: False
	pretrained: True
	resize: 224
	results_path: ./results
	save_models: True
	seed: 0
	start_at_task: 13
	start_epoch: 45
	stop_at_task: 14
	stop_epoch: 90
	use_valid_only: False
	warmup_lr_factor: 1.0
	warmup_nepochs: 0
	weight_decay: 0.0
============================================================================================================
Approach arguments =
============================================================================================================
Exemplars arguments =
============================================================================================================
WARNING: ./results/vit_small_patch16_224.augreg_in1k/inat200/joint/10 already exists!
Loaded acc_taw from: ./results/vit_small_patch16_224.augreg_in1k/inat200/joint/10/acc_taw-12.txt
Loaded acc_tag from: ./results/vit_small_patch16_224.augreg_in1k/inat200/joint/10/acc_tag-12.txt
Loaded forg_taw from: ./results/vit_small_patch16_224.augreg_in1k/inat200/joint/10/forg_taw-12.txt
Loaded forg_tag from: ./results/vit_small_patch16_224.augreg_in1k/inat200/joint/10/forg_tag-12.txt
[joint] Loaded accumulated datasets up to task 13 from ./results/vit_small_patch16_224.augreg_in1k/inat200/joint/10/joint_progress
************************************************************************************************************
Task 13  [epochs 45-90]
************************************************************************************************************
[params] total:21,719,564  trainable:21,719,564  tensors:178  trainable_tensors:178
| Epoch  46, time=195.9s | Train: skip eval | Valid: time= 18.3s loss=1.475, TAw acc= 90.6% | lr=4.9e-03
| Epoch  47, time=188.5s | Train: skip eval | Valid: time= 19.2s loss=1.379, TAw acc= 91.3% | * lr=4.7e-03
| Epoch  48, time=199.9s | Train: skip eval | Valid: time= 18.4s loss=1.370, TAw acc= 91.6% | * lr=4.5e-03
| Epoch  49, time=195.0s | Train: skip eval | Valid: time= 18.5s loss=1.411, TAw acc= 91.3% | lr=4.4e-03
| Epoch  50, time=189.5s | Train: skip eval | Valid: time= 19.9s loss=1.379, TAw acc= 91.4% | lr=4.2e-03
| Epoch  51, time=192.7s | Train: skip eval | Valid: time= 19.3s loss=1.402, TAw acc= 91.3% | lr=4.0e-03
| Epoch  52, time=197.2s | Train: skip eval | Valid: time= 19.7s loss=1.385, TAw acc= 91.7% | lr=3.9e-03
| Epoch  53, time=192.7s | Train: skip eval | Valid: time= 18.3s loss=1.371, TAw acc= 91.5% | lr=3.7e-03
| Epoch  54, time=195.4s | Train: skip eval | Valid: time= 18.4s loss=1.392, TAw acc= 91.5% | lr=3.5e-03
| Epoch  55, time=197.9s | Train: skip eval | Valid: time= 18.0s loss=1.366, TAw acc= 91.9% | * lr=3.4e-03
| Epoch  56, time=200.4s | Train: skip eval | Valid: time= 18.4s loss=1.382, TAw acc= 91.7% | lr=3.2e-03
| Epoch  57, time=209.4s | Train: skip eval | Valid: time= 18.8s loss=1.386, TAw acc= 91.6% | lr=3.0e-03
| Epoch  58, time=195.2s | Train: skip eval | Valid: time= 19.0s loss=1.374, TAw acc= 91.4% | lr=2.9e-03
| Epoch  59, time=195.2s | Train: skip eval | Valid: time= 18.4s loss=1.371, TAw acc= 91.7% | lr=2.7e-03
| Epoch  60, time=192.2s | Train: skip eval | Valid: time= 18.6s loss=1.382, TAw acc= 91.3% | lr=2.6e-03
| Epoch  61, time=193.3s | Train: skip eval | Valid: time= 18.0s loss=1.374, TAw acc= 91.7% | lr=2.4e-03
| Epoch  62, time=192.1s | Train: skip eval | Valid: time= 19.2s loss=1.388, TAw acc= 91.6% | lr=2.3e-03
| Epoch  63, time=193.9s | Train: skip eval | Valid: time= 17.8s loss=1.383, TAw acc= 91.5% | lr=2.1e-03
| Epoch  64, time=195.2s | Train: skip eval | Valid: time= 18.6s loss=1.385, TAw acc= 91.6% | lr=2.0e-03
| Epoch  65, time=195.8s | Train: skip eval | Valid: time= 17.8s loss=1.382, TAw acc= 91.5% | lr=1.9e-03
| Epoch  66, time=193.6s | Train: skip eval | Valid: time= 18.3s loss=1.389, TAw acc= 91.7% | lr=1.7e-03
| Epoch  67, time=197.4s | Train: skip eval | Valid: time= 18.6s loss=1.388, TAw acc= 91.6% | lr=1.6e-03
| Epoch  68, time=201.7s | Train: skip eval | Valid: time= 20.3s loss=1.382, TAw acc= 91.9% | lr=1.5e-03
| Epoch  69, time=192.7s | Train: skip eval | Valid: time= 18.7s loss=1.389, TAw acc= 91.6% | lr=1.4e-03
| Epoch  70, time=195.4s | Train: skip eval | Valid: time= 19.1s loss=1.380, TAw acc= 91.6% | lr=1.3e-03
| Epoch  71, time=197.0s | Train: skip eval | Valid: time= 17.8s loss=1.375, TAw acc= 91.7% | lr=1.1e-03
| Epoch  72, time=202.5s | Train: skip eval | Valid: time= 19.0s loss=1.383, TAw acc= 91.7% | lr=1.0e-03
| Epoch  73, time=199.3s | Train: skip eval | Valid: time= 18.6s loss=1.378, TAw acc= 91.7% | lr=9.5e-04
| Epoch  74, time=199.2s | Train: skip eval | Valid: time= 18.0s loss=1.382, TAw acc= 91.6% | lr=8.5e-04
| Epoch  75, time=193.0s | Train: skip eval | Valid: time= 19.5s loss=1.378, TAw acc= 91.7% | lr=7.6e-04
| Epoch  76, time=197.3s | Train: skip eval | Valid: time= 20.2s loss=1.375, TAw acc= 91.8% | lr=6.8e-04
| Epoch  77, time=195.2s | Train: skip eval | Valid: time= 19.5s loss=1.377, TAw acc= 91.8% | lr=6.0e-04
| Epoch  78, time=197.5s | Train: skip eval | Valid: time= 19.1s loss=1.372, TAw acc= 91.7% | lr=5.3e-04
| Epoch  79, time=194.4s | Train: skip eval | Valid: time= 18.7s loss=1.375, TAw acc= 91.8% | lr=4.6e-04
| Epoch  80, time=197.0s | Train: skip eval | Valid: time= 18.5s loss=1.379, TAw acc= 91.8% | lr=4.0e-04
| Epoch  81, time=199.1s | Train: skip eval | Valid: time= 18.8s loss=1.376, TAw acc= 91.7% | lr=3.4e-04
| Epoch  82, time=201.5s | Train: skip eval | Valid: time= 23.2s loss=1.375, TAw acc= 91.7% | lr=2.9e-04
| Epoch  83, time=207.3s | Train: skip eval | Valid: time= 18.8s loss=1.376, TAw acc= 91.8% | lr=2.5e-04
| Epoch  84, time=191.5s | Train: skip eval | Valid: time= 19.1s loss=1.375, TAw acc= 91.9% | lr=2.1e-04
| Epoch  85, time=194.8s | Train: skip eval | Valid: time= 17.9s loss=1.376, TAw acc= 91.8% | lr=1.8e-04
| Epoch  86, time=197.7s | Train: skip eval | Valid: time= 18.3s loss=1.376, TAw acc= 91.8% | lr=1.5e-04
| Epoch  87, time=194.4s | Train: skip eval | Valid: time= 19.9s loss=1.376, TAw acc= 91.7% | lr=1.3e-04
| Epoch  88, time=193.9s | Train: skip eval | Valid: time= 18.5s loss=1.376, TAw acc= 91.8% | lr=1.1e-04
| Epoch  89, time=202.3s | Train: skip eval | Valid: time= 20.0s loss=1.376, TAw acc= 91.7% | lr=1.0e-04
| Epoch  90, time=196.6s | Train: skip eval | Valid: time= 18.8s loss=1.374, TAw acc= 91.7% | lr=1.0e-04
------------------------------------------------------------------------------------------------------------
>>> Test on task  0 : loss=1.812 | TAw acc= 91.5%, forg=  2.1% | TAg acc= 64.5%, forg= 27.9% <<<
>>> Test on task  1 : loss=1.887 | TAw acc= 90.3%, forg=  1.4% | TAg acc= 62.9%, forg= 21.4% <<<
>>> Test on task  2 : loss=1.340 | TAw acc= 94.1%, forg=  0.2% | TAg acc= 71.2%, forg= 15.3% <<<
>>> Test on task  3 : loss=1.902 | TAw acc= 86.8%, forg=  1.6% | TAg acc= 60.6%, forg= 18.0% <<<
>>> Test on task  4 : loss=1.796 | TAw acc= 88.6%, forg=  1.7% | TAg acc= 62.4%, forg= 14.5% <<<
>>> Test on task  5 : loss=1.819 | TAw acc= 89.0%, forg=  0.4% | TAg acc= 63.7%, forg= 10.6% <<<
>>> Test on task  6 : loss=1.109 | TAw acc= 91.0%, forg=  1.3% | TAg acc= 74.6%, forg=  4.1% <<<
>>> Test on task  7 : loss=1.537 | TAw acc= 91.0%, forg=  1.2% | TAg acc= 64.8%, forg=  6.3% <<<
>>> Test on task  8 : loss=1.178 | TAw acc= 90.8%, forg=  0.8% | TAg acc= 73.2%, forg=  1.3% <<<
>>> Test on task  9 : loss=1.398 | TAw acc= 91.7%, forg=  0.3% | TAg acc= 68.0%, forg=  6.5% <<<
>>> Test on task 10 : loss=1.308 | TAw acc= 90.3%, forg= -0.4% | TAg acc= 68.8%, forg=  6.5% <<<
>>> Test on task 11 : loss=1.079 | TAw acc= 91.3%, forg=  1.4% | TAg acc= 71.7%, forg=  4.0% <<<
>>> Test on task 12 : loss=0.971 | TAw acc= 92.4%, forg= -0.3% | TAg acc= 72.8%, forg=  4.6% <<<
>>> Test on task 13 : loss=0.766 | TAw acc= 96.0%, forg=  0.0% | TAg acc= 75.8%, forg=  0.0% <<<
Save at ./results/./results/vit_small_patch16_224.augreg_in1k/inat200/joint/10
[joint] Saved accumulated datasets up to task 13 → ./results/vit_small_patch16_224.augreg_in1k/inat200/joint/10/joint_progress
************************************************************************************************************
TAw Acc
	 92.4%   0.0%   0.0%   0.0%   0.0%   0.0%   0.0%   0.0%   0.0%   0.0%   0.0%   0.0%   0.0%   0.0%   0.0%   0.0%   0.0%   0.0%   0.0%   0.0% 	Avg.: 92.4% 
	 93.6%  90.0%   0.0%   0.0%   0.0%   0.0%   0.0%   0.0%   0.0%   0.0%   0.0%   0.0%   0.0%   0.0%   0.0%   0.0%   0.0%   0.0%   0.0%   0.0% 	Avg.: 91.8% 
	 92.3%  90.1%  92.9%   0.0%   0.0%   0.0%   0.0%   0.0%   0.0%   0.0%   0.0%   0.0%   0.0%   0.0%   0.0%   0.0%   0.0%   0.0%   0.0%   0.0% 	Avg.: 91.8% 
	 92.9%  90.4%  93.3%  87.6%   0.0%   0.0%   0.0%   0.0%   0.0%   0.0%   0.0%   0.0%   0.0%   0.0%   0.0%   0.0%   0.0%   0.0%   0.0%   0.0% 	Avg.: 91.0% 
	 91.9%  91.1%  93.1%  87.2%  87.4%   0.0%   0.0%   0.0%   0.0%   0.0%   0.0%   0.0%   0.0%   0.0%   0.0%   0.0%   0.0%   0.0%   0.0%   0.0% 	Avg.: 90.1% 
	 91.5%  90.1%  93.7%  87.4%  89.1%  88.1%   0.0%   0.0%   0.0%   0.0%   0.0%   0.0%   0.0%   0.0%   0.0%   0.0%   0.0%   0.0%   0.0%   0.0% 	Avg.: 90.0% 
	 92.0%  89.8%  93.3%  87.9%  88.8%  88.2%  89.8%   0.0%   0.0%   0.0%   0.0%   0.0%   0.0%   0.0%   0.0%   0.0%   0.0%   0.0%   0.0%   0.0% 	Avg.: 90.0% 
	 92.4%  91.3%  93.1%  88.1%  89.4%  88.3%  91.4%  88.5%   0.0%   0.0%   0.0%   0.0%   0.0%   0.0%   0.0%   0.0%   0.0%   0.0%   0.0%   0.0% 	Avg.: 90.3% 
	 91.4%  89.9%  93.5%  87.1%  89.2%  87.6%  92.3%  90.2%  88.5%   0.0%   0.0%   0.0%   0.0%   0.0%   0.0%   0.0%   0.0%   0.0%   0.0%   0.0% 	Avg.: 90.0% 
	 92.2%  90.9%  93.0%  87.8%  89.0%  89.0%  92.0%  90.1%  89.2%  90.6%   0.0%   0.0%   0.0%   0.0%   0.0%   0.0%   0.0%   0.0%   0.0%   0.0% 	Avg.: 90.4% 
	 92.3%  91.7%  94.3%  88.4%  90.3%  89.4%  91.8%  92.2%  90.8%  91.4%  89.3%   0.0%   0.0%   0.0%   0.0%   0.0%   0.0%   0.0%   0.0%   0.0% 	Avg.: 91.1% 
	 91.5%  91.4%  94.2%  87.9%  90.0%  88.7%  91.4%  91.1%  91.6%  92.0%  89.9%  92.7%   0.0%   0.0%   0.0%   0.0%   0.0%   0.0%   0.0%   0.0% 	Avg.: 91.0% 
	 92.5%  90.6%  94.3%  86.2%  89.4%  88.5%  90.9%  91.0%  90.3%  91.5%  89.9%  92.3%  92.1%   0.0%   0.0%   0.0%   0.0%   0.0%   0.0%   0.0% 	Avg.: 90.7% 
	 91.5%  90.3%  94.1%  86.8%  88.6%  89.0%  91.0%  91.0%  90.8%  91.7%  90.3%  91.3%  92.4%  96.0%   0.0%   0.0%   0.0%   0.0%   0.0%   0.0% 	Avg.: 91.1% 
	  0.0%   0.0%   0.0%   0.0%   0.0%   0.0%   0.0%   0.0%   0.0%   0.0%   0.0%   0.0%   0.0%   0.0%   0.0%   0.0%   0.0%   0.0%   0.0%   0.0% 	Avg.:  0.0% 
	  0.0%   0.0%   0.0%   0.0%   0.0%   0.0%   0.0%   0.0%   0.0%   0.0%   0.0%   0.0%   0.0%   0.0%   0.0%   0.0%   0.0%   0.0%   0.0%   0.0% 	Avg.:  0.0% 
	  0.0%   0.0%   0.0%   0.0%   0.0%   0.0%   0.0%   0.0%   0.0%   0.0%   0.0%   0.0%   0.0%   0.0%   0.0%   0.0%   0.0%   0.0%   0.0%   0.0% 	Avg.:  0.0% 
	  0.0%   0.0%   0.0%   0.0%   0.0%   0.0%   0.0%   0.0%   0.0%   0.0%   0.0%   0.0%   0.0%   0.0%   0.0%   0.0%   0.0%   0.0%   0.0%   0.0% 	Avg.:  0.0% 
	  0.0%   0.0%   0.0%   0.0%   0.0%   0.0%   0.0%   0.0%   0.0%   0.0%   0.0%   0.0%   0.0%   0.0%   0.0%   0.0%   0.0%   0.0%   0.0%   0.0% 	Avg.:  0.0% 
	  0.0%   0.0%   0.0%   0.0%   0.0%   0.0%   0.0%   0.0%   0.0%   0.0%   0.0%   0.0%   0.0%   0.0%   0.0%   0.0%   0.0%   0.0%   0.0%   0.0% 	Avg.:  0.0% 
************************************************************************************************************
TAg Acc
	 92.4%   0.0%   0.0%   0.0%   0.0%   0.0%   0.0%   0.0%   0.0%   0.0%   0.0%   0.0%   0.0%   0.0%   0.0%   0.0%   0.0%   0.0%   0.0%   0.0% 	Avg.: 92.4% 
	 87.7%  84.3%   0.0%   0.0%   0.0%   0.0%   0.0%   0.0%   0.0%   0.0%   0.0%   0.0%   0.0%   0.0%   0.0%   0.0%   0.0%   0.0%   0.0%   0.0% 	Avg.: 86.0% 
	 82.0%  83.0%  86.5%   0.0%   0.0%   0.0%   0.0%   0.0%   0.0%   0.0%   0.0%   0.0%   0.0%   0.0%   0.0%   0.0%   0.0%   0.0%   0.0%   0.0% 	Avg.: 83.8% 
	 81.7%  78.0%  83.0%  78.6%   0.0%   0.0%   0.0%   0.0%   0.0%   0.0%   0.0%   0.0%   0.0%   0.0%   0.0%   0.0%   0.0%   0.0%   0.0%   0.0% 	Avg.: 80.3% 
	 75.5%  73.2%  81.0%  72.3%  76.9%   0.0%   0.0%   0.0%   0.0%   0.0%   0.0%   0.0%   0.0%   0.0%   0.0%   0.0%   0.0%   0.0%   0.0%   0.0% 	Avg.: 75.8% 
	 75.5%  71.3%  79.6%  71.2%  74.5%  74.3%   0.0%   0.0%   0.0%   0.0%   0.0%   0.0%   0.0%   0.0%   0.0%   0.0%   0.0%   0.0%   0.0%   0.0% 	Avg.: 74.4% 
	 72.3%  68.8%  76.9%  71.5%  73.6%  72.3%  73.6%   0.0%   0.0%   0.0%   0.0%   0.0%   0.0%   0.0%   0.0%   0.0%   0.0%   0.0%   0.0%   0.0% 	Avg.: 72.7% 
	 70.9%  69.5%  75.6%  71.3%  66.5%  70.3%  78.7%  63.4%   0.0%   0.0%   0.0%   0.0%   0.0%   0.0%   0.0%   0.0%   0.0%   0.0%   0.0%   0.0% 	Avg.: 70.8% 
	 64.0%  62.6%  76.8%  66.1%  66.5%  70.0%  76.9%  70.2%  73.3%   0.0%   0.0%   0.0%   0.0%   0.0%   0.0%   0.0%   0.0%   0.0%   0.0%   0.0% 	Avg.: 69.6% 
	 71.0%  67.1%  75.1%  63.1%  66.0%  70.7%  76.2%  68.9%  72.6%  74.5%   0.0%   0.0%   0.0%   0.0%   0.0%   0.0%   0.0%   0.0%   0.0%   0.0% 	Avg.: 70.5% 
	 68.2%  65.3%  75.3%  66.0%  66.6%  67.9%  78.7%  71.1%  74.5%  74.1%  75.3%   0.0%   0.0%   0.0%   0.0%   0.0%   0.0%   0.0%   0.0%   0.0% 	Avg.: 71.2% 
	 68.1%  65.7%  74.2%  64.2%  64.2%  67.6%  76.0%  70.0%  74.4%  73.6%  74.0%  75.7%   0.0%   0.0%   0.0%   0.0%   0.0%   0.0%   0.0%   0.0% 	Avg.: 70.6% 
	 66.5%  65.9%  71.7%  61.6%  62.9%  64.2%  77.3%  66.2%  73.5%  71.3%  71.6%  71.5%  77.4%   0.0%   0.0%   0.0%   0.0%   0.0%   0.0%   0.0% 	Avg.: 69.4% 
	 64.5%  62.9%  71.2%  60.6%  62.4%  63.7%  74.6%  64.8%  73.2%  68.0%  68.8%  71.7%  72.8%  75.8%   0.0%   0.0%   0.0%   0.0%   0.0%   0.0% 	Avg.: 68.2% 
	  0.0%   0.0%   0.0%   0.0%   0.0%   0.0%   0.0%   0.0%   0.0%   0.0%   0.0%   0.0%   0.0%   0.0%   0.0%   0.0%   0.0%   0.0%   0.0%   0.0% 	Avg.:  0.0% 
	  0.0%   0.0%   0.0%   0.0%   0.0%   0.0%   0.0%   0.0%   0.0%   0.0%   0.0%   0.0%   0.0%   0.0%   0.0%   0.0%   0.0%   0.0%   0.0%   0.0% 	Avg.:  0.0% 
	  0.0%   0.0%   0.0%   0.0%   0.0%   0.0%   0.0%   0.0%   0.0%   0.0%   0.0%   0.0%   0.0%   0.0%   0.0%   0.0%   0.0%   0.0%   0.0%   0.0% 	Avg.:  0.0% 
	  0.0%   0.0%   0.0%   0.0%   0.0%   0.0%   0.0%   0.0%   0.0%   0.0%   0.0%   0.0%   0.0%   0.0%   0.0%   0.0%   0.0%   0.0%   0.0%   0.0% 	Avg.:  0.0% 
	  0.0%   0.0%   0.0%   0.0%   0.0%   0.0%   0.0%   0.0%   0.0%   0.0%   0.0%   0.0%   0.0%   0.0%   0.0%   0.0%   0.0%   0.0%   0.0%   0.0% 	Avg.:  0.0% 
	  0.0%   0.0%   0.0%   0.0%   0.0%   0.0%   0.0%   0.0%   0.0%   0.0%   0.0%   0.0%   0.0%   0.0%   0.0%   0.0%   0.0%   0.0%   0.0%   0.0% 	Avg.:  0.0% 
************************************************************************************************************
TAw Forg
	  0.0%   0.0%   0.0%   0.0%   0.0%   0.0%   0.0%   0.0%   0.0%   0.0%   0.0%   0.0%   0.0%   0.0%   0.0%   0.0%   0.0%   0.0%   0.0%   0.0% 
	 -1.2%   0.0%   0.0%   0.0%   0.0%   0.0%   0.0%   0.0%   0.0%   0.0%   0.0%   0.0%   0.0%   0.0%   0.0%   0.0%   0.0%   0.0%   0.0%   0.0% 	Avg.: -1.2% 
	  1.3%  -0.1%   0.0%   0.0%   0.0%   0.0%   0.0%   0.0%   0.0%   0.0%   0.0%   0.0%   0.0%   0.0%   0.0%   0.0%   0.0%   0.0%   0.0%   0.0% 	Avg.:  0.6% 
	  0.7%  -0.3%  -0.4%   0.0%   0.0%   0.0%   0.0%   0.0%   0.0%   0.0%   0.0%   0.0%   0.0%   0.0%   0.0%   0.0%   0.0%   0.0%   0.0%   0.0% 	Avg.:  0.0% 
	  1.7%  -0.7%   0.2%   0.4%   0.0%   0.0%   0.0%   0.0%   0.0%   0.0%   0.0%   0.0%   0.0%   0.0%   0.0%   0.0%   0.0%   0.0%   0.0%   0.0% 	Avg.:  0.4% 
	  2.1%   1.0%  -0.4%   0.2%  -1.7%   0.0%   0.0%   0.0%   0.0%   0.0%   0.0%   0.0%   0.0%   0.0%   0.0%   0.0%   0.0%   0.0%   0.0%   0.0% 	Avg.:  0.2% 
	  1.6%   1.3%   0.4%  -0.3%   0.3%  -0.1%   0.0%   0.0%   0.0%   0.0%   0.0%   0.0%   0.0%   0.0%   0.0%   0.0%   0.0%   0.0%   0.0%   0.0% 	Avg.:  0.5% 
	  1.2%  -0.2%   0.6%  -0.2%  -0.3%  -0.1%  -1.6%   0.0%   0.0%   0.0%   0.0%   0.0%   0.0%   0.0%   0.0%   0.0%   0.0%   0.0%   0.0%   0.0% 	Avg.: -0.1% 
	  2.2%   1.4%   0.2%   1.0%   0.2%   0.7%  -0.9%  -1.7%   0.0%   0.0%   0.0%   0.0%   0.0%   0.0%   0.0%   0.0%   0.0%   0.0%   0.0%   0.0% 	Avg.:  0.4% 
	  1.4%   0.4%   0.7%   0.3%   0.4%  -0.7%   0.3%   0.1%  -0.7%   0.0%   0.0%   0.0%   0.0%   0.0%   0.0%   0.0%   0.0%   0.0%   0.0%   0.0% 	Avg.:  0.2% 
	  1.3%  -0.4%  -0.6%  -0.3%  -0.9%  -0.4%   0.5%  -2.0%  -1.6%  -0.8%   0.0%   0.0%   0.0%   0.0%   0.0%   0.0%   0.0%   0.0%   0.0%   0.0% 	Avg.: -0.5% 
	  2.1%   0.3%   0.1%   0.5%   0.3%   0.7%   0.9%   1.1%  -0.8%  -0.6%  -0.6%   0.0%   0.0%   0.0%   0.0%   0.0%   0.0%   0.0%   0.0%   0.0% 	Avg.:  0.4% 
	  1.1%   1.1%   0.0%   2.2%   0.9%   0.9%   1.4%   1.2%   1.3%   0.5%   0.0%   0.4%   0.0%   0.0%   0.0%   0.0%   0.0%   0.0%   0.0%   0.0% 	Avg.:  0.9% 
	  2.1%   1.4%   0.2%   1.6%   1.7%   0.4%   1.3%   1.2%   0.8%   0.3%  -0.4%   1.4%  -0.3%   0.0%   0.0%   0.0%   0.0%   0.0%   0.0%   0.0% 	Avg.:  0.9% 
	  0.0%   0.0%   0.0%   0.0%   0.0%   0.0%   0.0%   0.0%   0.0%   0.0%   0.0%   0.0%   0.0%   0.0%   0.0%   0.0%   0.0%   0.0%   0.0%   0.0% 	Avg.:  0.0% 
	  0.0%   0.0%   0.0%   0.0%   0.0%   0.0%   0.0%   0.0%   0.0%   0.0%   0.0%   0.0%   0.0%   0.0%   0.0%   0.0%   0.0%   0.0%   0.0%   0.0% 	Avg.:  0.0% 
	  0.0%   0.0%   0.0%   0.0%   0.0%   0.0%   0.0%   0.0%   0.0%   0.0%   0.0%   0.0%   0.0%   0.0%   0.0%   0.0%   0.0%   0.0%   0.0%   0.0% 	Avg.:  0.0% 
	  0.0%   0.0%   0.0%   0.0%   0.0%   0.0%   0.0%   0.0%   0.0%   0.0%   0.0%   0.0%   0.0%   0.0%   0.0%   0.0%   0.0%   0.0%   0.0%   0.0% 	Avg.:  0.0% 
	  0.0%   0.0%   0.0%   0.0%   0.0%   0.0%   0.0%   0.0%   0.0%   0.0%   0.0%   0.0%   0.0%   0.0%   0.0%   0.0%   0.0%   0.0%   0.0%   0.0% 	Avg.:  0.0% 
	  0.0%   0.0%   0.0%   0.0%   0.0%   0.0%   0.0%   0.0%   0.0%   0.0%   0.0%   0.0%   0.0%   0.0%   0.0%   0.0%   0.0%   0.0%   0.0%   0.0% 	Avg.:  0.0% 
************************************************************************************************************
TAg Forg
	  0.0%   0.0%   0.0%   0.0%   0.0%   0.0%   0.0%   0.0%   0.0%   0.0%   0.0%   0.0%   0.0%   0.0%   0.0%   0.0%   0.0%   0.0%   0.0%   0.0% 
	  4.7%   0.0%   0.0%   0.0%   0.0%   0.0%   0.0%   0.0%   0.0%   0.0%   0.0%   0.0%   0.0%   0.0%   0.0%   0.0%   0.0%   0.0%   0.0%   0.0% 	Avg.:  4.7% 
	 10.4%   1.3%   0.0%   0.0%   0.0%   0.0%   0.0%   0.0%   0.0%   0.0%   0.0%   0.0%   0.0%   0.0%   0.0%   0.0%   0.0%   0.0%   0.0%   0.0% 	Avg.:  5.8% 
	 10.7%   6.3%   3.5%   0.0%   0.0%   0.0%   0.0%   0.0%   0.0%   0.0%   0.0%   0.0%   0.0%   0.0%   0.0%   0.0%   0.0%   0.0%   0.0%   0.0% 	Avg.:  6.8% 
	 16.9%  11.1%   5.5%   6.3%   0.0%   0.0%   0.0%   0.0%   0.0%   0.0%   0.0%   0.0%   0.0%   0.0%   0.0%   0.0%   0.0%   0.0%   0.0%   0.0% 	Avg.:  9.9% 
	 16.9%  13.0%   6.9%   7.4%   2.4%   0.0%   0.0%   0.0%   0.0%   0.0%   0.0%   0.0%   0.0%   0.0%   0.0%   0.0%   0.0%   0.0%   0.0%   0.0% 	Avg.:  9.3% 
	 20.1%  15.5%   9.6%   7.1%   3.3%   2.0%   0.0%   0.0%   0.0%   0.0%   0.0%   0.0%   0.0%   0.0%   0.0%   0.0%   0.0%   0.0%   0.0%   0.0% 	Avg.:  9.6% 
	 21.5%  14.8%  10.9%   7.3%  10.4%   4.0%  -5.1%   0.0%   0.0%   0.0%   0.0%   0.0%   0.0%   0.0%   0.0%   0.0%   0.0%   0.0%   0.0%   0.0% 	Avg.:  9.1% 
	 28.4%  21.7%   9.7%  12.5%  10.4%   4.3%   1.8%  -6.8%   0.0%   0.0%   0.0%   0.0%   0.0%   0.0%   0.0%   0.0%   0.0%   0.0%   0.0%   0.0% 	Avg.: 10.2% 
	 21.4%  17.2%  11.4%  15.5%  10.9%   3.6%   2.5%   1.3%   0.7%   0.0%   0.0%   0.0%   0.0%   0.0%   0.0%   0.0%   0.0%   0.0%   0.0%   0.0% 	Avg.:  9.4% 
	 24.2%  19.0%  11.2%  12.6%  10.3%   6.4%   0.0%  -0.9%  -1.2%   0.4%   0.0%   0.0%   0.0%   0.0%   0.0%   0.0%   0.0%   0.0%   0.0%   0.0% 	Avg.:  8.2% 
	 24.3%  18.6%  12.3%  14.4%  12.7%   6.7%   2.7%   1.1%   0.1%   0.9%   1.3%   0.0%   0.0%   0.0%   0.0%   0.0%   0.0%   0.0%   0.0%   0.0% 	Avg.:  8.6% 
	 25.9%  18.4%  14.8%  17.0%  14.0%  10.1%   1.4%   4.9%   1.0%   3.2%   3.7%   4.2%   0.0%   0.0%   0.0%   0.0%   0.0%   0.0%   0.0%   0.0% 	Avg.:  9.9% 
	 27.9%  21.4%  15.3%  18.0%  14.5%  10.6%   4.1%   6.3%   1.3%   6.5%   6.5%   4.0%   4.6%   0.0%   0.0%   0.0%   0.0%   0.0%   0.0%   0.0% 	Avg.: 10.8% 
	  0.0%   0.0%   0.0%   0.0%   0.0%   0.0%   0.0%   0.0%   0.0%   0.0%   0.0%   0.0%   0.0%   0.0%   0.0%   0.0%   0.0%   0.0%   0.0%   0.0% 	Avg.:  0.0% 
	  0.0%   0.0%   0.0%   0.0%   0.0%   0.0%   0.0%   0.0%   0.0%   0.0%   0.0%   0.0%   0.0%   0.0%   0.0%   0.0%   0.0%   0.0%   0.0%   0.0% 	Avg.:  0.0% 
	  0.0%   0.0%   0.0%   0.0%   0.0%   0.0%   0.0%   0.0%   0.0%   0.0%   0.0%   0.0%   0.0%   0.0%   0.0%   0.0%   0.0%   0.0%   0.0%   0.0% 	Avg.:  0.0% 
	  0.0%   0.0%   0.0%   0.0%   0.0%   0.0%   0.0%   0.0%   0.0%   0.0%   0.0%   0.0%   0.0%   0.0%   0.0%   0.0%   0.0%   0.0%   0.0%   0.0% 	Avg.:  0.0% 
	  0.0%   0.0%   0.0%   0.0%   0.0%   0.0%   0.0%   0.0%   0.0%   0.0%   0.0%   0.0%   0.0%   0.0%   0.0%   0.0%   0.0%   0.0%   0.0%   0.0% 	Avg.:  0.0% 
	  0.0%   0.0%   0.0%   0.0%   0.0%   0.0%   0.0%   0.0%   0.0%   0.0%   0.0%   0.0%   0.0%   0.0%   0.0%   0.0%   0.0%   0.0%   0.0%   0.0% 	Avg.:  0.0% 
************************************************************************************************************
[Elapsed time = 2.7 h]
Done!
