START_TASK=7 STOP_TASK=8 START_EPOCH=0 STOP_EPOCH=90
============================================================================================================
Arguments =
	all_outputs: False
	approach: joint
	batch_size: 64
	classes_first_task: None
	clipping: 10000
	crop: 224
	data_path: ../data/inat200
	dataset: inat200
	eval_on_train: False
	experiment_path: None
	fix_bn: False
	freeze_backbone: False
	gpu: 0
	gpus: [0]
	increment: 10
	last_layer_analysis: False
	log: ['disk']
	lr: 0.01
	lr_factor: None
	lr_min: 0.0001
	lr_patience: None
	lr_scheduler: cosine
	lr_warmup_epochs: 0
	momentum: 0.0
	multi_softmax: False
	nepochs: 90
	network: vit_small_patch16_224.augreg_in1k
	no_cudnn_deterministic: False
	normalize: in1k
	num_workers: 2
	optimizer_name: sgd
	pin_memory: False
	pretrained: True
	resize: 224
	results_path: ./results
	save_models: True
	seed: 0
	start_at_task: 7
	start_epoch: 0
	stop_at_task: 8
	stop_epoch: 90
	use_valid_only: False
	warmup_lr_factor: 1.0
	warmup_nepochs: 0
	weight_decay: 0.0
============================================================================================================
Approach arguments =
============================================================================================================
Exemplars arguments =
============================================================================================================
WARNING: ./results/vit_small_patch16_224.augreg_in1k/inat200/joint/10 already exists!
Loaded acc_taw from: ./results/vit_small_patch16_224.augreg_in1k/inat200/joint/10/acc_taw-6.txt
Loaded acc_tag from: ./results/vit_small_patch16_224.augreg_in1k/inat200/joint/10/acc_tag-6.txt
Loaded forg_taw from: ./results/vit_small_patch16_224.augreg_in1k/inat200/joint/10/forg_taw-6.txt
Loaded forg_tag from: ./results/vit_small_patch16_224.augreg_in1k/inat200/joint/10/forg_tag-6.txt
[joint] Loaded accumulated datasets up to task 6 from ./results/vit_small_patch16_224.augreg_in1k/inat200/joint/10/joint_progress
************************************************************************************************************
Task  7  [epochs 0-90]
************************************************************************************************************
[params] total:21,696,464  trainable:21,696,464  tensors:166  trainable_tensors:166
| Epoch   1, time=116.9s | Train: skip eval | Valid: time= 10.4s loss=1.145, TAw acc= 90.0% | * lr=1.0e-02
| Epoch   2, time=111.9s | Train: skip eval | Valid: time= 10.5s loss=1.111, TAw acc= 90.4% | * lr=1.0e-02
| Epoch   3, time=115.1s | Train: skip eval | Valid: time= 10.9s loss=1.148, TAw acc= 89.9% | lr=1.0e-02
| Epoch   4, time=111.5s | Train: skip eval | Valid: time= 11.5s loss=1.112, TAw acc= 90.8% | lr=1.0e-02
| Epoch   5, time=110.3s | Train: skip eval | Valid: time= 10.6s loss=1.140, TAw acc= 90.3% | lr=9.9e-03
| Epoch   6, time=113.1s | Train: skip eval | Valid: time= 11.4s loss=1.122, TAw acc= 90.5% | lr=9.9e-03
| Epoch   7, time=111.6s | Train: skip eval | Valid: time= 11.4s loss=1.168, TAw acc= 90.8% | lr=9.9e-03
| Epoch   8, time=112.7s | Train: skip eval | Valid: time= 11.8s loss=1.130, TAw acc= 90.9% | lr=9.8e-03
| Epoch   9, time=111.2s | Train: skip eval | Valid: time= 11.4s loss=1.131, TAw acc= 90.4% | lr=9.8e-03
| Epoch  10, time=111.7s | Train: skip eval | Valid: time= 11.2s loss=1.143, TAw acc= 91.1% | lr=9.7e-03
| Epoch  11, time=115.3s | Train: skip eval | Valid: time= 10.3s loss=1.167, TAw acc= 90.7% | lr=9.6e-03
| Epoch  12, time=111.2s | Train: skip eval | Valid: time= 10.8s loss=1.117, TAw acc= 91.4% | lr=9.6e-03
| Epoch  13, time=109.2s | Train: skip eval | Valid: time= 12.3s loss=1.151, TAw acc= 90.7% | lr=9.5e-03
| Epoch  14, time=111.0s | Train: skip eval | Valid: time= 10.5s loss=1.141, TAw acc= 91.0% | lr=9.4e-03
| Epoch  15, time=108.1s | Train: skip eval | Valid: time= 10.9s loss=1.143, TAw acc= 90.9% | lr=9.3e-03
| Epoch  16, time=114.8s | Train: skip eval | Valid: time= 10.2s loss=1.173, TAw acc= 91.3% | lr=9.2e-03
| Epoch  17, time=114.0s | Train: skip eval | Valid: time= 10.1s loss=1.163, TAw acc= 90.6% | lr=9.2e-03
| Epoch  18, time=109.5s | Train: skip eval | Valid: time= 11.4s loss=1.150, TAw acc= 91.2% | lr=9.1e-03
| Epoch  19, time=112.4s | Train: skip eval | Valid: time= 10.4s loss=1.197, TAw acc= 90.7% | lr=9.0e-03
| Epoch  20, time=116.3s | Train: skip eval | Valid: time= 10.3s loss=1.164, TAw acc= 90.4% | lr=8.8e-03
| Epoch  21, time=111.8s | Train: skip eval | Valid: time= 10.8s loss=1.150, TAw acc= 91.1% | lr=8.7e-03
| Epoch  22, time=114.2s | Train: skip eval | Valid: time= 10.2s loss=1.200, TAw acc= 90.6% | lr=8.6e-03
| Epoch  23, time=116.3s | Train: skip eval | Valid: time= 10.5s loss=1.189, TAw acc= 90.7% | lr=8.5e-03
| Epoch  24, time=116.2s | Train: skip eval | Valid: time= 10.8s loss=1.190, TAw acc= 90.6% | lr=8.4e-03
| Epoch  25, time=110.2s | Train: skip eval | Valid: time= 10.8s loss=1.208, TAw acc= 91.0% | lr=8.2e-03
| Epoch  26, time=110.2s | Train: skip eval | Valid: time= 10.4s loss=1.179, TAw acc= 91.0% | lr=8.1e-03
| Epoch  27, time=113.6s | Train: skip eval | Valid: time= 11.5s loss=1.169, TAw acc= 91.2% | lr=8.0e-03
| Epoch  28, time=114.9s | Train: skip eval | Valid: time= 10.4s loss=1.167, TAw acc= 91.5% | lr=7.8e-03
| Epoch  29, time=112.9s | Train: skip eval | Valid: time= 11.2s loss=1.179, TAw acc= 90.9% | lr=7.7e-03
| Epoch  30, time=118.1s | Train: skip eval | Valid: time= 11.3s loss=1.179, TAw acc= 91.0% | lr=7.5e-03
| Epoch  31, time=112.3s | Train: skip eval | Valid: time= 10.9s loss=1.174, TAw acc= 91.1% | lr=7.4e-03
| Epoch  32, time=112.6s | Train: skip eval | Valid: time= 11.1s loss=1.197, TAw acc= 90.7% | lr=7.2e-03
| Epoch  33, time=113.4s | Train: skip eval | Valid: time= 11.1s loss=1.188, TAw acc= 90.6% | lr=7.1e-03
| Epoch  34, time=109.1s | Train: skip eval | Valid: time= 10.9s loss=1.195, TAw acc= 91.0% | lr=6.9e-03
| Epoch  35, time=112.7s | Train: skip eval | Valid: time= 11.8s loss=1.181, TAw acc= 90.8% | lr=6.7e-03
| Epoch  36, time=117.7s | Train: skip eval | Valid: time= 11.0s loss=1.175, TAw acc= 91.6% | lr=6.6e-03
| Epoch  37, time=112.1s | Train: skip eval | Valid: time= 10.6s loss=1.175, TAw acc= 90.8% | lr=6.4e-03
| Epoch  38, time=116.6s | Train: skip eval | Valid: time= 10.8s loss=1.189, TAw acc= 91.1% | lr=6.2e-03
| Epoch  39, time=114.0s | Train: skip eval | Valid: time= 10.7s loss=1.144, TAw acc= 91.2% | lr=6.1e-03
| Epoch  40, time=114.7s | Train: skip eval | Valid: time= 11.4s loss=1.142, TAw acc= 91.2% | lr=5.9e-03
| Epoch  41, time=118.0s | Train: skip eval | Valid: time= 12.0s loss=1.173, TAw acc= 91.3% | lr=5.7e-03
| Epoch  42, time=114.2s | Train: skip eval | Valid: time= 11.1s loss=1.173, TAw acc= 90.7% | lr=5.6e-03
| Epoch  43, time=111.9s | Train: skip eval | Valid: time= 10.6s loss=1.180, TAw acc= 91.2% | lr=5.4e-03
| Epoch  44, time=117.3s | Train: skip eval | Valid: time= 10.7s loss=1.191, TAw acc= 90.8% | lr=5.2e-03
| Epoch  45, time=112.7s | Train: skip eval | Valid: time= 11.5s loss=1.164, TAw acc= 91.1% | lr=5.1e-03
| Epoch  46, time=112.1s | Train: skip eval | Valid: time= 10.6s loss=1.191, TAw acc= 91.1% | lr=4.9e-03
| Epoch  47, time=112.4s | Train: skip eval | Valid: time= 11.1s loss=1.189, TAw acc= 90.8% | lr=4.7e-03
| Epoch  48, time=112.6s | Train: skip eval | Valid: time= 10.7s loss=1.167, TAw acc= 91.4% | lr=4.5e-03
| Epoch  49, time=111.1s | Train: skip eval | Valid: time= 10.5s loss=1.186, TAw acc= 90.9% | lr=4.4e-03
| Epoch  50, time=114.6s | Train: skip eval | Valid: time= 10.5s loss=1.165, TAw acc= 91.1% | lr=4.2e-03
| Epoch  51, time=114.5s | Train: skip eval | Valid: time= 10.4s loss=1.185, TAw acc= 91.0% | lr=4.0e-03
| Epoch  52, time=112.7s | Train: skip eval | Valid: time= 10.5s loss=1.165, TAw acc= 91.4% | lr=3.9e-03
| Epoch  53, time=112.3s | Train: skip eval | Valid: time= 10.6s loss=1.173, TAw acc= 91.1% | lr=3.7e-03
| Epoch  54, time=111.1s | Train: skip eval | Valid: time= 10.7s loss=1.155, TAw acc= 91.6% | lr=3.5e-03
| Epoch  55, time=116.4s | Train: skip eval | Valid: time= 11.1s loss=1.165, TAw acc= 91.1% | lr=3.4e-03
| Epoch  56, time=111.9s | Train: skip eval | Valid: time= 10.8s loss=1.173, TAw acc= 91.1% | lr=3.2e-03
| Epoch  57, time=114.6s | Train: skip eval | Valid: time= 13.3s loss=1.160, TAw acc= 91.4% | lr=3.0e-03
| Epoch  58, time=110.6s | Train: skip eval | Valid: time= 10.7s loss=1.165, TAw acc= 91.6% | lr=2.9e-03
| Epoch  59, time=109.4s | Train: skip eval | Valid: time= 10.6s loss=1.167, TAw acc= 91.6% | lr=2.7e-03
| Epoch  60, time=116.4s | Train: skip eval | Valid: time= 11.5s loss=1.159, TAw acc= 91.0% | lr=2.6e-03
| Epoch  61, time=111.9s | Train: skip eval | Valid: time= 10.6s loss=1.160, TAw acc= 91.4% | lr=2.4e-03
| Epoch  62, time=114.7s | Train: skip eval | Valid: time= 10.3s loss=1.162, TAw acc= 91.1% | lr=2.3e-03
| Epoch  63, time=115.6s | Train: skip eval | Valid: time= 11.9s loss=1.152, TAw acc= 91.2% | lr=2.1e-03
| Epoch  64, time=111.6s | Train: skip eval | Valid: time= 11.4s loss=1.141, TAw acc= 91.2% | lr=2.0e-03
| Epoch  65, time=110.5s | Train: skip eval | Valid: time= 10.1s loss=1.151, TAw acc= 91.5% | lr=1.9e-03
| Epoch  66, time=111.6s | Train: skip eval | Valid: time= 10.5s loss=1.154, TAw acc= 91.2% | lr=1.7e-03
| Epoch  67, time=110.4s | Train: skip eval | Valid: time= 10.9s loss=1.142, TAw acc= 91.4% | lr=1.6e-03
| Epoch  68, time=109.6s | Train: skip eval | Valid: time= 12.0s loss=1.155, TAw acc= 91.5% | lr=1.5e-03
| Epoch  69, time=116.5s | Train: skip eval | Valid: time= 10.4s loss=1.151, TAw acc= 91.5% | lr=1.4e-03
| Epoch  70, time=112.1s | Train: skip eval | Valid: time= 10.6s loss=1.140, TAw acc= 91.6% | lr=1.3e-03
| Epoch  71, time=115.8s | Train: skip eval | Valid: time= 11.9s loss=1.143, TAw acc= 91.5% | lr=1.1e-03
| Epoch  72, time=111.1s | Train: skip eval | Valid: time= 10.9s loss=1.147, TAw acc= 91.3% | lr=1.0e-03
| Epoch  73, time=111.1s | Train: skip eval | Valid: time= 10.4s loss=1.146, TAw acc= 91.4% | lr=9.5e-04
| Epoch  74, time=119.1s | Train: skip eval | Valid: time= 10.5s loss=1.139, TAw acc= 91.4% | lr=8.5e-04
| Epoch  75, time=110.2s | Train: skip eval | Valid: time= 11.2s loss=1.126, TAw acc= 91.3% | lr=7.6e-04
| Epoch  76, time=112.3s | Train: skip eval | Valid: time= 11.0s loss=1.135, TAw acc= 91.4% | lr=6.8e-04
| Epoch  77, time=128.2s | Train: skip eval | Valid: time= 10.6s loss=1.133, TAw acc= 91.4% | lr=6.0e-04
| Epoch  78, time=115.6s | Train: skip eval | Valid: time= 11.2s loss=1.136, TAw acc= 91.3% | lr=5.3e-04
| Epoch  79, time=112.7s | Train: skip eval | Valid: time= 10.6s loss=1.139, TAw acc= 91.3% | lr=4.6e-04
| Epoch  80, time=112.8s | Train: skip eval | Valid: time= 10.5s loss=1.136, TAw acc= 91.6% | lr=4.0e-04
| Epoch  81, time=113.8s | Train: skip eval | Valid: time= 12.6s loss=1.136, TAw acc= 91.6% | lr=3.4e-04
| Epoch  82, time=114.7s | Train: skip eval | Valid: time= 10.8s loss=1.138, TAw acc= 91.4% | lr=2.9e-04
| Epoch  83, time=119.7s | Train: skip eval | Valid: time= 10.5s loss=1.137, TAw acc= 91.4% | lr=2.5e-04
| Epoch  84, time=112.0s | Train: skip eval | Valid: time= 11.0s loss=1.137, TAw acc= 91.5% | lr=2.1e-04
| Epoch  85, time=110.8s | Train: skip eval | Valid: time= 10.8s loss=1.138, TAw acc= 91.4% | lr=1.8e-04
| Epoch  86, time=111.4s | Train: skip eval | Valid: time= 10.4s loss=1.137, TAw acc= 91.2% | lr=1.5e-04
| Epoch  87, time=113.2s | Train: skip eval | Valid: time= 10.4s loss=1.137, TAw acc= 91.2% | lr=1.3e-04
| Epoch  88, time=113.3s | Train: skip eval | Valid: time= 12.2s loss=1.134, TAw acc= 91.3% | lr=1.1e-04
| Epoch  89, time=115.5s | Train: skip eval | Valid: time= 10.6s loss=1.135, TAw acc= 91.3% | lr=1.0e-04
| Epoch  90, time=113.1s | Train: skip eval | Valid: time= 10.6s loss=1.135, TAw acc= 91.3% | lr=1.0e-04
------------------------------------------------------------------------------------------------------------
>>> Test on task  0 : loss=1.225 | TAw acc= 92.4%, forg=  1.2% | TAg acc= 70.9%, forg= 21.5% <<<
>>> Test on task  1 : loss=1.378 | TAw acc= 91.3%, forg= -0.2% | TAg acc= 69.5%, forg= 14.8% <<<
>>> Test on task  2 : loss=1.036 | TAw acc= 93.1%, forg=  0.6% | TAg acc= 75.6%, forg= 10.9% <<<
>>> Test on task  3 : loss=1.179 | TAw acc= 88.1%, forg= -0.2% | TAg acc= 71.3%, forg=  7.3% <<<
>>> Test on task  4 : loss=1.198 | TAw acc= 89.4%, forg= -0.3% | TAg acc= 66.5%, forg= 10.4% <<<
>>> Test on task  5 : loss=1.125 | TAw acc= 88.3%, forg= -0.1% | TAg acc= 70.3%, forg=  4.0% <<<
>>> Test on task  6 : loss=0.738 | TAw acc= 91.4%, forg= -1.6% | TAg acc= 78.7%, forg= -5.1% <<<
>>> Test on task  7 : loss=1.126 | TAw acc= 88.5%, forg=  0.0% | TAg acc= 63.4%, forg=  0.0% <<<
Save at ./results/./results/vit_small_patch16_224.augreg_in1k/inat200/joint/10
[joint] Saved accumulated datasets up to task 7 → ./results/vit_small_patch16_224.augreg_in1k/inat200/joint/10/joint_progress
************************************************************************************************************
TAw Acc
	 92.4%   0.0%   0.0%   0.0%   0.0%   0.0%   0.0%   0.0%   0.0%   0.0%   0.0%   0.0%   0.0%   0.0%   0.0%   0.0%   0.0%   0.0%   0.0%   0.0% 	Avg.: 92.4% 
	 93.6%  90.0%   0.0%   0.0%   0.0%   0.0%   0.0%   0.0%   0.0%   0.0%   0.0%   0.0%   0.0%   0.0%   0.0%   0.0%   0.0%   0.0%   0.0%   0.0% 	Avg.: 91.8% 
	 92.3%  90.1%  92.9%   0.0%   0.0%   0.0%   0.0%   0.0%   0.0%   0.0%   0.0%   0.0%   0.0%   0.0%   0.0%   0.0%   0.0%   0.0%   0.0%   0.0% 	Avg.: 91.8% 
	 92.9%  90.4%  93.3%  87.6%   0.0%   0.0%   0.0%   0.0%   0.0%   0.0%   0.0%   0.0%   0.0%   0.0%   0.0%   0.0%   0.0%   0.0%   0.0%   0.0% 	Avg.: 91.0% 
	 91.9%  91.1%  93.1%  87.2%  87.4%   0.0%   0.0%   0.0%   0.0%   0.0%   0.0%   0.0%   0.0%   0.0%   0.0%   0.0%   0.0%   0.0%   0.0%   0.0% 	Avg.: 90.1% 
	 91.5%  90.1%  93.7%  87.4%  89.1%  88.1%   0.0%   0.0%   0.0%   0.0%   0.0%   0.0%   0.0%   0.0%   0.0%   0.0%   0.0%   0.0%   0.0%   0.0% 	Avg.: 90.0% 
	 92.0%  89.8%  93.3%  87.9%  88.8%  88.2%  89.8%   0.0%   0.0%   0.0%   0.0%   0.0%   0.0%   0.0%   0.0%   0.0%   0.0%   0.0%   0.0%   0.0% 	Avg.: 90.0% 
	 92.4%  91.3%  93.1%  88.1%  89.4%  88.3%  91.4%  88.5%   0.0%   0.0%   0.0%   0.0%   0.0%   0.0%   0.0%   0.0%   0.0%   0.0%   0.0%   0.0% 	Avg.: 90.3% 
	  0.0%   0.0%   0.0%   0.0%   0.0%   0.0%   0.0%   0.0%   0.0%   0.0%   0.0%   0.0%   0.0%   0.0%   0.0%   0.0%   0.0%   0.0%   0.0%   0.0% 	Avg.:  0.0% 
	  0.0%   0.0%   0.0%   0.0%   0.0%   0.0%   0.0%   0.0%   0.0%   0.0%   0.0%   0.0%   0.0%   0.0%   0.0%   0.0%   0.0%   0.0%   0.0%   0.0% 	Avg.:  0.0% 
	  0.0%   0.0%   0.0%   0.0%   0.0%   0.0%   0.0%   0.0%   0.0%   0.0%   0.0%   0.0%   0.0%   0.0%   0.0%   0.0%   0.0%   0.0%   0.0%   0.0% 	Avg.:  0.0% 
	  0.0%   0.0%   0.0%   0.0%   0.0%   0.0%   0.0%   0.0%   0.0%   0.0%   0.0%   0.0%   0.0%   0.0%   0.0%   0.0%   0.0%   0.0%   0.0%   0.0% 	Avg.:  0.0% 
	  0.0%   0.0%   0.0%   0.0%   0.0%   0.0%   0.0%   0.0%   0.0%   0.0%   0.0%   0.0%   0.0%   0.0%   0.0%   0.0%   0.0%   0.0%   0.0%   0.0% 	Avg.:  0.0% 
	  0.0%   0.0%   0.0%   0.0%   0.0%   0.0%   0.0%   0.0%   0.0%   0.0%   0.0%   0.0%   0.0%   0.0%   0.0%   0.0%   0.0%   0.0%   0.0%   0.0% 	Avg.:  0.0% 
	  0.0%   0.0%   0.0%   0.0%   0.0%   0.0%   0.0%   0.0%   0.0%   0.0%   0.0%   0.0%   0.0%   0.0%   0.0%   0.0%   0.0%   0.0%   0.0%   0.0% 	Avg.:  0.0% 
	  0.0%   0.0%   0.0%   0.0%   0.0%   0.0%   0.0%   0.0%   0.0%   0.0%   0.0%   0.0%   0.0%   0.0%   0.0%   0.0%   0.0%   0.0%   0.0%   0.0% 	Avg.:  0.0% 
	  0.0%   0.0%   0.0%   0.0%   0.0%   0.0%   0.0%   0.0%   0.0%   0.0%   0.0%   0.0%   0.0%   0.0%   0.0%   0.0%   0.0%   0.0%   0.0%   0.0% 	Avg.:  0.0% 
	  0.0%   0.0%   0.0%   0.0%   0.0%   0.0%   0.0%   0.0%   0.0%   0.0%   0.0%   0.0%   0.0%   0.0%   0.0%   0.0%   0.0%   0.0%   0.0%   0.0% 	Avg.:  0.0% 
	  0.0%   0.0%   0.0%   0.0%   0.0%   0.0%   0.0%   0.0%   0.0%   0.0%   0.0%   0.0%   0.0%   0.0%   0.0%   0.0%   0.0%   0.0%   0.0%   0.0% 	Avg.:  0.0% 
	  0.0%   0.0%   0.0%   0.0%   0.0%   0.0%   0.0%   0.0%   0.0%   0.0%   0.0%   0.0%   0.0%   0.0%   0.0%   0.0%   0.0%   0.0%   0.0%   0.0% 	Avg.:  0.0% 
************************************************************************************************************
TAg Acc
	 92.4%   0.0%   0.0%   0.0%   0.0%   0.0%   0.0%   0.0%   0.0%   0.0%   0.0%   0.0%   0.0%   0.0%   0.0%   0.0%   0.0%   0.0%   0.0%   0.0% 	Avg.: 92.4% 
	 87.7%  84.3%   0.0%   0.0%   0.0%   0.0%   0.0%   0.0%   0.0%   0.0%   0.0%   0.0%   0.0%   0.0%   0.0%   0.0%   0.0%   0.0%   0.0%   0.0% 	Avg.: 86.0% 
	 82.0%  83.0%  86.5%   0.0%   0.0%   0.0%   0.0%   0.0%   0.0%   0.0%   0.0%   0.0%   0.0%   0.0%   0.0%   0.0%   0.0%   0.0%   0.0%   0.0% 	Avg.: 83.8% 
	 81.7%  78.0%  83.0%  78.6%   0.0%   0.0%   0.0%   0.0%   0.0%   0.0%   0.0%   0.0%   0.0%   0.0%   0.0%   0.0%   0.0%   0.0%   0.0%   0.0% 	Avg.: 80.3% 
	 75.5%  73.2%  81.0%  72.3%  76.9%   0.0%   0.0%   0.0%   0.0%   0.0%   0.0%   0.0%   0.0%   0.0%   0.0%   0.0%   0.0%   0.0%   0.0%   0.0% 	Avg.: 75.8% 
	 75.5%  71.3%  79.6%  71.2%  74.5%  74.3%   0.0%   0.0%   0.0%   0.0%   0.0%   0.0%   0.0%   0.0%   0.0%   0.0%   0.0%   0.0%   0.0%   0.0% 	Avg.: 74.4% 
	 72.3%  68.8%  76.9%  71.5%  73.6%  72.3%  73.6%   0.0%   0.0%   0.0%   0.0%   0.0%   0.0%   0.0%   0.0%   0.0%   0.0%   0.0%   0.0%   0.0% 	Avg.: 72.7% 
	 70.9%  69.5%  75.6%  71.3%  66.5%  70.3%  78.7%  63.4%   0.0%   0.0%   0.0%   0.0%   0.0%   0.0%   0.0%   0.0%   0.0%   0.0%   0.0%   0.0% 	Avg.: 70.8% 
	  0.0%   0.0%   0.0%   0.0%   0.0%   0.0%   0.0%   0.0%   0.0%   0.0%   0.0%   0.0%   0.0%   0.0%   0.0%   0.0%   0.0%   0.0%   0.0%   0.0% 	Avg.:  0.0% 
	  0.0%   0.0%   0.0%   0.0%   0.0%   0.0%   0.0%   0.0%   0.0%   0.0%   0.0%   0.0%   0.0%   0.0%   0.0%   0.0%   0.0%   0.0%   0.0%   0.0% 	Avg.:  0.0% 
	  0.0%   0.0%   0.0%   0.0%   0.0%   0.0%   0.0%   0.0%   0.0%   0.0%   0.0%   0.0%   0.0%   0.0%   0.0%   0.0%   0.0%   0.0%   0.0%   0.0% 	Avg.:  0.0% 
	  0.0%   0.0%   0.0%   0.0%   0.0%   0.0%   0.0%   0.0%   0.0%   0.0%   0.0%   0.0%   0.0%   0.0%   0.0%   0.0%   0.0%   0.0%   0.0%   0.0% 	Avg.:  0.0% 
	  0.0%   0.0%   0.0%   0.0%   0.0%   0.0%   0.0%   0.0%   0.0%   0.0%   0.0%   0.0%   0.0%   0.0%   0.0%   0.0%   0.0%   0.0%   0.0%   0.0% 	Avg.:  0.0% 
	  0.0%   0.0%   0.0%   0.0%   0.0%   0.0%   0.0%   0.0%   0.0%   0.0%   0.0%   0.0%   0.0%   0.0%   0.0%   0.0%   0.0%   0.0%   0.0%   0.0% 	Avg.:  0.0% 
	  0.0%   0.0%   0.0%   0.0%   0.0%   0.0%   0.0%   0.0%   0.0%   0.0%   0.0%   0.0%   0.0%   0.0%   0.0%   0.0%   0.0%   0.0%   0.0%   0.0% 	Avg.:  0.0% 
	  0.0%   0.0%   0.0%   0.0%   0.0%   0.0%   0.0%   0.0%   0.0%   0.0%   0.0%   0.0%   0.0%   0.0%   0.0%   0.0%   0.0%   0.0%   0.0%   0.0% 	Avg.:  0.0% 
	  0.0%   0.0%   0.0%   0.0%   0.0%   0.0%   0.0%   0.0%   0.0%   0.0%   0.0%   0.0%   0.0%   0.0%   0.0%   0.0%   0.0%   0.0%   0.0%   0.0% 	Avg.:  0.0% 
	  0.0%   0.0%   0.0%   0.0%   0.0%   0.0%   0.0%   0.0%   0.0%   0.0%   0.0%   0.0%   0.0%   0.0%   0.0%   0.0%   0.0%   0.0%   0.0%   0.0% 	Avg.:  0.0% 
	  0.0%   0.0%   0.0%   0.0%   0.0%   0.0%   0.0%   0.0%   0.0%   0.0%   0.0%   0.0%   0.0%   0.0%   0.0%   0.0%   0.0%   0.0%   0.0%   0.0% 	Avg.:  0.0% 
	  0.0%   0.0%   0.0%   0.0%   0.0%   0.0%   0.0%   0.0%   0.0%   0.0%   0.0%   0.0%   0.0%   0.0%   0.0%   0.0%   0.0%   0.0%   0.0%   0.0% 	Avg.:  0.0% 
************************************************************************************************************
TAw Forg
	  0.0%   0.0%   0.0%   0.0%   0.0%   0.0%   0.0%   0.0%   0.0%   0.0%   0.0%   0.0%   0.0%   0.0%   0.0%   0.0%   0.0%   0.0%   0.0%   0.0% 
	 -1.2%   0.0%   0.0%   0.0%   0.0%   0.0%   0.0%   0.0%   0.0%   0.0%   0.0%   0.0%   0.0%   0.0%   0.0%   0.0%   0.0%   0.0%   0.0%   0.0% 	Avg.: -1.2% 
	  1.3%  -0.1%   0.0%   0.0%   0.0%   0.0%   0.0%   0.0%   0.0%   0.0%   0.0%   0.0%   0.0%   0.0%   0.0%   0.0%   0.0%   0.0%   0.0%   0.0% 	Avg.:  0.6% 
	  0.7%  -0.3%  -0.4%   0.0%   0.0%   0.0%   0.0%   0.0%   0.0%   0.0%   0.0%   0.0%   0.0%   0.0%   0.0%   0.0%   0.0%   0.0%   0.0%   0.0% 	Avg.:  0.0% 
	  1.7%  -0.7%   0.2%   0.4%   0.0%   0.0%   0.0%   0.0%   0.0%   0.0%   0.0%   0.0%   0.0%   0.0%   0.0%   0.0%   0.0%   0.0%   0.0%   0.0% 	Avg.:  0.4% 
	  2.1%   1.0%  -0.4%   0.2%  -1.7%   0.0%   0.0%   0.0%   0.0%   0.0%   0.0%   0.0%   0.0%   0.0%   0.0%   0.0%   0.0%   0.0%   0.0%   0.0% 	Avg.:  0.2% 
	  1.6%   1.3%   0.4%  -0.3%   0.3%  -0.1%   0.0%   0.0%   0.0%   0.0%   0.0%   0.0%   0.0%   0.0%   0.0%   0.0%   0.0%   0.0%   0.0%   0.0% 	Avg.:  0.5% 
	  1.2%  -0.2%   0.6%  -0.2%  -0.3%  -0.1%  -1.6%   0.0%   0.0%   0.0%   0.0%   0.0%   0.0%   0.0%   0.0%   0.0%   0.0%   0.0%   0.0%   0.0% 	Avg.: -0.1% 
	  0.0%   0.0%   0.0%   0.0%   0.0%   0.0%   0.0%   0.0%   0.0%   0.0%   0.0%   0.0%   0.0%   0.0%   0.0%   0.0%   0.0%   0.0%   0.0%   0.0% 	Avg.:  0.0% 
	  0.0%   0.0%   0.0%   0.0%   0.0%   0.0%   0.0%   0.0%   0.0%   0.0%   0.0%   0.0%   0.0%   0.0%   0.0%   0.0%   0.0%   0.0%   0.0%   0.0% 	Avg.:  0.0% 
	  0.0%   0.0%   0.0%   0.0%   0.0%   0.0%   0.0%   0.0%   0.0%   0.0%   0.0%   0.0%   0.0%   0.0%   0.0%   0.0%   0.0%   0.0%   0.0%   0.0% 	Avg.:  0.0% 
	  0.0%   0.0%   0.0%   0.0%   0.0%   0.0%   0.0%   0.0%   0.0%   0.0%   0.0%   0.0%   0.0%   0.0%   0.0%   0.0%   0.0%   0.0%   0.0%   0.0% 	Avg.:  0.0% 
	  0.0%   0.0%   0.0%   0.0%   0.0%   0.0%   0.0%   0.0%   0.0%   0.0%   0.0%   0.0%   0.0%   0.0%   0.0%   0.0%   0.0%   0.0%   0.0%   0.0% 	Avg.:  0.0% 
	  0.0%   0.0%   0.0%   0.0%   0.0%   0.0%   0.0%   0.0%   0.0%   0.0%   0.0%   0.0%   0.0%   0.0%   0.0%   0.0%   0.0%   0.0%   0.0%   0.0% 	Avg.:  0.0% 
	  0.0%   0.0%   0.0%   0.0%   0.0%   0.0%   0.0%   0.0%   0.0%   0.0%   0.0%   0.0%   0.0%   0.0%   0.0%   0.0%   0.0%   0.0%   0.0%   0.0% 	Avg.:  0.0% 
	  0.0%   0.0%   0.0%   0.0%   0.0%   0.0%   0.0%   0.0%   0.0%   0.0%   0.0%   0.0%   0.0%   0.0%   0.0%   0.0%   0.0%   0.0%   0.0%   0.0% 	Avg.:  0.0% 
	  0.0%   0.0%   0.0%   0.0%   0.0%   0.0%   0.0%   0.0%   0.0%   0.0%   0.0%   0.0%   0.0%   0.0%   0.0%   0.0%   0.0%   0.0%   0.0%   0.0% 	Avg.:  0.0% 
	  0.0%   0.0%   0.0%   0.0%   0.0%   0.0%   0.0%   0.0%   0.0%   0.0%   0.0%   0.0%   0.0%   0.0%   0.0%   0.0%   0.0%   0.0%   0.0%   0.0% 	Avg.:  0.0% 
	  0.0%   0.0%   0.0%   0.0%   0.0%   0.0%   0.0%   0.0%   0.0%   0.0%   0.0%   0.0%   0.0%   0.0%   0.0%   0.0%   0.0%   0.0%   0.0%   0.0% 	Avg.:  0.0% 
	  0.0%   0.0%   0.0%   0.0%   0.0%   0.0%   0.0%   0.0%   0.0%   0.0%   0.0%   0.0%   0.0%   0.0%   0.0%   0.0%   0.0%   0.0%   0.0%   0.0% 	Avg.:  0.0% 
************************************************************************************************************
TAg Forg
	  0.0%   0.0%   0.0%   0.0%   0.0%   0.0%   0.0%   0.0%   0.0%   0.0%   0.0%   0.0%   0.0%   0.0%   0.0%   0.0%   0.0%   0.0%   0.0%   0.0% 
	  4.7%   0.0%   0.0%   0.0%   0.0%   0.0%   0.0%   0.0%   0.0%   0.0%   0.0%   0.0%   0.0%   0.0%   0.0%   0.0%   0.0%   0.0%   0.0%   0.0% 	Avg.:  4.7% 
	 10.4%   1.3%   0.0%   0.0%   0.0%   0.0%   0.0%   0.0%   0.0%   0.0%   0.0%   0.0%   0.0%   0.0%   0.0%   0.0%   0.0%   0.0%   0.0%   0.0% 	Avg.:  5.8% 
	 10.7%   6.3%   3.5%   0.0%   0.0%   0.0%   0.0%   0.0%   0.0%   0.0%   0.0%   0.0%   0.0%   0.0%   0.0%   0.0%   0.0%   0.0%   0.0%   0.0% 	Avg.:  6.8% 
	 16.9%  11.1%   5.5%   6.3%   0.0%   0.0%   0.0%   0.0%   0.0%   0.0%   0.0%   0.0%   0.0%   0.0%   0.0%   0.0%   0.0%   0.0%   0.0%   0.0% 	Avg.:  9.9% 
	 16.9%  13.0%   6.9%   7.4%   2.4%   0.0%   0.0%   0.0%   0.0%   0.0%   0.0%   0.0%   0.0%   0.0%   0.0%   0.0%   0.0%   0.0%   0.0%   0.0% 	Avg.:  9.3% 
	 20.1%  15.5%   9.6%   7.1%   3.3%   2.0%   0.0%   0.0%   0.0%   0.0%   0.0%   0.0%   0.0%   0.0%   0.0%   0.0%   0.0%   0.0%   0.0%   0.0% 	Avg.:  9.6% 
	 21.5%  14.8%  10.9%   7.3%  10.4%   4.0%  -5.1%   0.0%   0.0%   0.0%   0.0%   0.0%   0.0%   0.0%   0.0%   0.0%   0.0%   0.0%   0.0%   0.0% 	Avg.:  9.1% 
	  0.0%   0.0%   0.0%   0.0%   0.0%   0.0%   0.0%   0.0%   0.0%   0.0%   0.0%   0.0%   0.0%   0.0%   0.0%   0.0%   0.0%   0.0%   0.0%   0.0% 	Avg.:  0.0% 
	  0.0%   0.0%   0.0%   0.0%   0.0%   0.0%   0.0%   0.0%   0.0%   0.0%   0.0%   0.0%   0.0%   0.0%   0.0%   0.0%   0.0%   0.0%   0.0%   0.0% 	Avg.:  0.0% 
	  0.0%   0.0%   0.0%   0.0%   0.0%   0.0%   0.0%   0.0%   0.0%   0.0%   0.0%   0.0%   0.0%   0.0%   0.0%   0.0%   0.0%   0.0%   0.0%   0.0% 	Avg.:  0.0% 
	  0.0%   0.0%   0.0%   0.0%   0.0%   0.0%   0.0%   0.0%   0.0%   0.0%   0.0%   0.0%   0.0%   0.0%   0.0%   0.0%   0.0%   0.0%   0.0%   0.0% 	Avg.:  0.0% 
	  0.0%   0.0%   0.0%   0.0%   0.0%   0.0%   0.0%   0.0%   0.0%   0.0%   0.0%   0.0%   0.0%   0.0%   0.0%   0.0%   0.0%   0.0%   0.0%   0.0% 	Avg.:  0.0% 
	  0.0%   0.0%   0.0%   0.0%   0.0%   0.0%   0.0%   0.0%   0.0%   0.0%   0.0%   0.0%   0.0%   0.0%   0.0%   0.0%   0.0%   0.0%   0.0%   0.0% 	Avg.:  0.0% 
	  0.0%   0.0%   0.0%   0.0%   0.0%   0.0%   0.0%   0.0%   0.0%   0.0%   0.0%   0.0%   0.0%   0.0%   0.0%   0.0%   0.0%   0.0%   0.0%   0.0% 	Avg.:  0.0% 
	  0.0%   0.0%   0.0%   0.0%   0.0%   0.0%   0.0%   0.0%   0.0%   0.0%   0.0%   0.0%   0.0%   0.0%   0.0%   0.0%   0.0%   0.0%   0.0%   0.0% 	Avg.:  0.0% 
	  0.0%   0.0%   0.0%   0.0%   0.0%   0.0%   0.0%   0.0%   0.0%   0.0%   0.0%   0.0%   0.0%   0.0%   0.0%   0.0%   0.0%   0.0%   0.0%   0.0% 	Avg.:  0.0% 
	  0.0%   0.0%   0.0%   0.0%   0.0%   0.0%   0.0%   0.0%   0.0%   0.0%   0.0%   0.0%   0.0%   0.0%   0.0%   0.0%   0.0%   0.0%   0.0%   0.0% 	Avg.:  0.0% 
	  0.0%   0.0%   0.0%   0.0%   0.0%   0.0%   0.0%   0.0%   0.0%   0.0%   0.0%   0.0%   0.0%   0.0%   0.0%   0.0%   0.0%   0.0%   0.0%   0.0% 	Avg.:  0.0% 
	  0.0%   0.0%   0.0%   0.0%   0.0%   0.0%   0.0%   0.0%   0.0%   0.0%   0.0%   0.0%   0.0%   0.0%   0.0%   0.0%   0.0%   0.0%   0.0%   0.0% 	Avg.:  0.0% 
************************************************************************************************************
[Elapsed time = 3.1 h]
Done!
