START_TASK=8 STOP_TASK=9
============================================================================================================
Arguments =
	approach: bic
	batch_size: 64
	classes_first_task: None
	clipping: 10000
	crop: 224
	dataset: cifar100
	eval_on_train: False
	experiment_path: None
	fix_bn: False
	freeze_backbone: False
	gpu: 0
	gpus: [0]
	increment: 10
	last_layer_analysis: True
	log: ['disk']
	lr: 0.01
	lr_factor: None
	lr_min: 0.0001
	lr_patience: None
	lr_scheduler: cosine
	lr_warmup_epochs: 0
	momentum: 0.0
	multi_softmax: False
	nepochs: 50
	network: resnet50.a1_in1k
	no_cudnn_deterministic: False
	normalize: in1k
	num_workers: 2
	optimizer_name: sgd
	pin_memory: False
	pretrained: True
	resize: 224
	results_path: ./results
	save_models: True
	seed: 0
	start_at_task: 8
	start_epoch: 0
	stop_at_task: 9
	stop_epoch: 0
	use_valid_only: False
	warmup_lr_factor: 1.0
	warmup_nepochs: 0
	weight_decay: 0.0
============================================================================================================
Approach arguments =
	T: 2
	lamb: -1
	num_bias_epochs: 200
	val_exemplar_percentage: 0.1
============================================================================================================
Exemplars arguments =
	exemplar_selection: random
	num_exemplars: 2000
============================================================================================================
WARNING: ./results/resnet50.a1_in1k/cifar100/bic/10 already exists!
Loaded acc_taw from: ./results/resnet50.a1_in1k/cifar100/bic/10/acc_taw-7.txt
Loaded acc_tag from: ./results/resnet50.a1_in1k/cifar100/bic/10/acc_tag-7.txt
Loaded forg_taw from: ./results/resnet50.a1_in1k/cifar100/bic/10/forg_taw-7.txt
Loaded forg_tag from: ./results/resnet50.a1_in1k/cifar100/bic/10/forg_tag-7.txt
Loaded 8 bias layers from ./results/resnet50.a1_in1k/cifar100/bic/10/task7_bias_layers.pth
Loaded 1760 training exemplars from ./results/resnet50.a1_in1k/cifar100/bic/10/task7_exemplars.pth
Loaded val exemplars from ./results/resnet50.a1_in1k/cifar100/bic/10/task7_val_exemplars.pth
************************************************************************************************************
Task  8  [epochs 0-50]
************************************************************************************************************
Stage 0: Select validation exemplars for bias correction
 > Selected 270 val exemplars, time=0.0s
Stage 1: Backbone training with distillation
[params] total:23,692,442  trainable:23,692,442  tensors:177  trainable_tensors:177
| Epoch   1, time= 13.3s | Train: skip eval | Valid: time=  0.9s loss=4.184, TAw acc= 22.0% | * lr=1.0e-02
| Epoch   2, time= 12.5s | Train: skip eval | Valid: time=  0.9s loss=4.148, TAw acc= 37.0% | * lr=1.0e-02
| Epoch   3, time= 12.2s | Train: skip eval | Valid: time=  0.9s loss=4.117, TAw acc= 45.0% | * lr=9.9e-03
| Epoch   4, time= 12.8s | Train: skip eval | Valid: time=  0.9s loss=4.088, TAw acc= 52.2% | * lr=9.8e-03
| Epoch   5, time= 13.4s | Train: skip eval | Valid: time=  0.9s loss=4.062, TAw acc= 55.6% | * lr=9.8e-03
| Epoch   6, time= 12.7s | Train: skip eval | Valid: time=  0.9s loss=4.040, TAw acc= 60.4% | * lr=9.7e-03
| Epoch   7, time= 12.8s | Train: skip eval | Valid: time=  0.9s loss=4.020, TAw acc= 63.8% | * lr=9.5e-03
| Epoch   8, time= 12.6s | Train: skip eval | Valid: time=  0.9s loss=4.004, TAw acc= 66.0% | * lr=9.4e-03
| Epoch   9, time= 12.8s | Train: skip eval | Valid: time=  0.9s loss=3.990, TAw acc= 68.0% | * lr=9.2e-03
| Epoch  10, time= 12.7s | Train: skip eval | Valid: time=  0.9s loss=3.978, TAw acc= 70.0% | * lr=9.1e-03
| Epoch  11, time= 12.9s | Train: skip eval | Valid: time=  0.9s loss=3.966, TAw acc= 72.8% | * lr=8.9e-03
| Epoch  12, time= 12.8s | Train: skip eval | Valid: time=  0.9s loss=3.956, TAw acc= 72.6% | * lr=8.7e-03
| Epoch  13, time= 12.8s | Train: skip eval | Valid: time=  0.9s loss=3.948, TAw acc= 73.8% | * lr=8.4e-03
| Epoch  14, time= 12.8s | Train: skip eval | Valid: time=  0.9s loss=3.941, TAw acc= 74.6% | * lr=8.2e-03
| Epoch  15, time= 12.5s | Train: skip eval | Valid: time=  0.9s loss=3.934, TAw acc= 76.0% | * lr=8.0e-03
| Epoch  16, time= 12.8s | Train: skip eval | Valid: time=  0.9s loss=3.928, TAw acc= 76.4% | * lr=7.7e-03
| Epoch  17, time= 12.9s | Train: skip eval | Valid: time=  0.9s loss=3.921, TAw acc= 77.8% | * lr=7.4e-03
| Epoch  18, time= 12.7s | Train: skip eval | Valid: time=  1.0s loss=3.919, TAw acc= 76.6% | * lr=7.2e-03
| Epoch  19, time= 12.8s | Train: skip eval | Valid: time=  0.9s loss=3.914, TAw acc= 78.4% | * lr=6.9e-03
| Epoch  20, time= 12.8s | Train: skip eval | Valid: time=  0.9s loss=3.910, TAw acc= 78.8% | * lr=6.6e-03
| Epoch  21, time= 12.7s | Train: skip eval | Valid: time=  0.9s loss=3.908, TAw acc= 79.8% | * lr=6.3e-03
| Epoch  22, time= 12.7s | Train: skip eval | Valid: time=  0.9s loss=3.904, TAw acc= 79.4% | * lr=6.0e-03
| Epoch  23, time= 12.7s | Train: skip eval | Valid: time=  0.9s loss=3.898, TAw acc= 81.0% | * lr=5.7e-03
| Epoch  24, time= 12.9s | Train: skip eval | Valid: time=  0.9s loss=3.897, TAw acc= 81.2% | * lr=5.4e-03
| Epoch  25, time= 12.2s | Train: skip eval | Valid: time=  0.9s loss=3.895, TAw acc= 80.8% | * lr=5.1e-03
| Epoch  26, time= 12.7s | Train: skip eval | Valid: time=  0.9s loss=3.895, TAw acc= 81.2% | lr=4.7e-03
| Epoch  27, time= 12.7s | Train: skip eval | Valid: time=  0.9s loss=3.890, TAw acc= 83.0% | * lr=4.4e-03
| Epoch  28, time= 12.6s | Train: skip eval | Valid: time=  0.9s loss=3.888, TAw acc= 83.2% | * lr=4.1e-03
| Epoch  29, time= 12.8s | Train: skip eval | Valid: time=  0.9s loss=3.889, TAw acc= 82.2% | lr=3.8e-03
| Epoch  30, time= 12.8s | Train: skip eval | Valid: time=  1.0s loss=3.888, TAw acc= 81.2% | lr=3.5e-03
| Epoch  31, time= 12.6s | Train: skip eval | Valid: time=  0.9s loss=3.884, TAw acc= 81.8% | * lr=3.2e-03
| Epoch  32, time= 12.7s | Train: skip eval | Valid: time=  0.9s loss=3.882, TAw acc= 82.6% | * lr=2.9e-03
| Epoch  33, time= 12.7s | Train: skip eval | Valid: time=  0.9s loss=3.881, TAw acc= 83.8% | * lr=2.7e-03
| Epoch  34, time= 12.8s | Train: skip eval | Valid: time=  0.9s loss=3.881, TAw acc= 82.4% | lr=2.4e-03
| Epoch  35, time= 12.8s | Train: skip eval | Valid: time=  0.9s loss=3.883, TAw acc= 82.6% | lr=2.1e-03
| Epoch  36, time= 12.8s | Train: skip eval | Valid: time=  0.9s loss=3.880, TAw acc= 82.8% | * lr=1.9e-03
| Epoch  37, time= 12.8s | Train: skip eval | Valid: time=  0.9s loss=3.877, TAw acc= 83.8% | * lr=1.7e-03
| Epoch  38, time= 12.7s | Train: skip eval | Valid: time=  0.9s loss=3.878, TAw acc= 82.2% | lr=1.4e-03
| Epoch  39, time= 12.8s | Train: skip eval | Valid: time=  0.9s loss=3.881, TAw acc= 82.0% | lr=1.2e-03
| Epoch  40, time= 12.8s | Train: skip eval | Valid: time=  0.9s loss=3.877, TAw acc= 82.4% | * lr=1.0e-03
| Epoch  41, time= 12.7s | Train: skip eval | Valid: time=  0.9s loss=3.878, TAw acc= 83.0% | lr=8.7e-04
| Epoch  42, time= 12.8s | Train: skip eval | Valid: time=  0.9s loss=3.879, TAw acc= 83.2% | lr=7.1e-04
| Epoch  43, time= 12.6s | Train: skip eval | Valid: time=  1.0s loss=3.877, TAw acc= 83.0% | lr=5.7e-04
| Epoch  44, time= 12.8s | Train: skip eval | Valid: time=  0.9s loss=3.877, TAw acc= 83.0% | lr=4.5e-04
| Epoch  45, time= 12.2s | Train: skip eval | Valid: time=  0.9s loss=3.879, TAw acc= 81.4% | lr=3.4e-04
| Epoch  46, time= 12.6s | Train: skip eval | Valid: time=  0.8s loss=3.877, TAw acc= 82.6% | * lr=2.6e-04
| Epoch  47, time= 12.6s | Train: skip eval | Valid: time=  0.9s loss=3.879, TAw acc= 82.2% | lr=1.9e-04
| Epoch  48, time= 12.6s | Train: skip eval | Valid: time=  0.8s loss=3.876, TAw acc= 83.2% | * lr=1.4e-04
| Epoch  49, time= 12.2s | Train: skip eval | Valid: time=  0.9s loss=3.877, TAw acc= 82.2% | lr=1.1e-04
| Epoch  50, time= 12.7s | Train: skip eval | Valid: time=  0.9s loss=3.876, TAw acc= 82.4% | * lr=1.0e-04
Stage 2: Training bias correction layers
| Epoch  50, time=0.6s | Train: loss=3.200, TAg acc= 31.5% |
| Epoch 100, time=0.6s | Train: loss=3.256, TAg acc= 29.6% |
| Epoch 150, time=0.6s | Train: loss=3.278, TAg acc= 30.0% |
| Epoch 200, time=0.5s | Train: loss=3.245, TAg acc= 29.6% |
Stage 2: BiC Task 0: alpha=1.00000, beta=0.00000
Stage 2: BiC Task 1: alpha=1.10868, beta=-0.78970
Stage 2: BiC Task 2: alpha=0.99143, beta=-1.00589
Stage 2: BiC Task 3: alpha=0.85484, beta=-0.94684
Stage 2: BiC Task 4: alpha=0.66666, beta=-0.85765
Stage 2: BiC Task 5: alpha=0.59136, beta=-0.83279
Stage 2: BiC Task 6: alpha=0.39272, beta=-0.64078
Stage 2: BiC Task 7: alpha=0.44018, beta=-0.68784
Stage 2: BiC Task 8: alpha=0.46332, beta=-0.70022
| Selected 1710 train exemplars, time=  0.1s
------------------------------------------------------------------------------------------------------------
>>> Test on task  0 : loss=2.327 | TAw acc= 81.6%, forg= -1.0% | TAg acc= 60.9%, forg=  8.0% <<<
>>> Test on task  1 : loss=1.773 | TAw acc= 90.3%, forg=  0.6% | TAg acc= 75.2%, forg=  5.1% <<<
>>> Test on task  2 : loss=2.412 | TAw acc= 86.0%, forg= -0.3% | TAg acc= 62.0%, forg= 10.8% <<<
>>> Test on task  3 : loss=3.166 | TAw acc= 76.2%, forg= -0.6% | TAg acc= 45.9%, forg= 13.3% <<<
>>> Test on task  4 : loss=3.172 | TAw acc= 86.4%, forg= -1.4% | TAg acc= 43.3%, forg= 13.3% <<<
>>> Test on task  5 : loss=3.442 | TAw acc= 78.0%, forg= -0.6% | TAg acc= 28.1%, forg= 15.5% <<<
>>> Test on task  6 : loss=3.772 | TAw acc= 80.0%, forg= -0.7% | TAg acc=  7.2%, forg=  7.4% <<<
>>> Test on task  7 : loss=3.876 | TAw acc= 84.1%, forg= -0.2% | TAg acc= 27.7%, forg=  9.1% <<<
>>> Test on task  8 : loss=4.066 | TAw acc= 84.0%, forg=  0.0% | TAg acc= 26.9%, forg=  0.0% <<<
Save at ./results/./results/resnet50.a1_in1k/cifar100/bic/10
************************************************************************************************************
TAw Acc
	 68.9%   0.0%   0.0%   0.0%   0.0%   0.0%   0.0%   0.0%   0.0%   0.0% 	Avg.: 68.9% 
	 74.6%  85.7%   0.0%   0.0%   0.0%   0.0%   0.0%   0.0%   0.0%   0.0% 	Avg.: 80.1% 
	 76.6%  87.7%  82.1%   0.0%   0.0%   0.0%   0.0%   0.0%   0.0%   0.0% 	Avg.: 82.1% 
	 78.2%  89.2%  82.5%  73.1%   0.0%   0.0%   0.0%   0.0%   0.0%   0.0% 	Avg.: 80.8% 
	 78.4%  89.8%  83.5%  73.1%  84.2%   0.0%   0.0%   0.0%   0.0%   0.0% 	Avg.: 81.8% 
	 79.2%  90.1%  85.2%  75.6%  85.0%  77.4%   0.0%   0.0%   0.0%   0.0% 	Avg.: 82.1% 
	 79.5%  89.8%  85.7%  74.1%  84.0%  77.0%  78.4%   0.0%   0.0%   0.0% 	Avg.: 81.2% 
	 80.6%  90.9%  85.3%  75.5%  84.1%  77.3%  79.3%  83.9%   0.0%   0.0% 	Avg.: 82.1% 
	 81.6%  90.3%  86.0%  76.2%  86.4%  78.0%  80.0%  84.1%  84.0%   0.0% 	Avg.: 83.0% 
	  0.0%   0.0%   0.0%   0.0%   0.0%   0.0%   0.0%   0.0%   0.0%   0.0% 	Avg.:  0.0% 
************************************************************************************************************
TAg Acc
	 68.9%   0.0%   0.0%   0.0%   0.0%   0.0%   0.0%   0.0%   0.0%   0.0% 	Avg.: 68.9% 
	 56.0%  80.3%   0.0%   0.0%   0.0%   0.0%   0.0%   0.0%   0.0%   0.0% 	Avg.: 68.1% 
	 51.2%  69.4%  72.8%   0.0%   0.0%   0.0%   0.0%   0.0%   0.0%   0.0% 	Avg.: 64.5% 
	 52.7%  67.9%  62.6%  59.2%   0.0%   0.0%   0.0%   0.0%   0.0%   0.0% 	Avg.: 60.6% 
	 57.4%  71.0%  61.0%  48.0%  56.6%   0.0%   0.0%   0.0%   0.0%   0.0% 	Avg.: 58.8% 
	 57.3%  72.2%  61.9%  43.1%  48.6%  43.6%   0.0%   0.0%   0.0%   0.0% 	Avg.: 54.5% 
	 58.9%  72.4%  62.8%  44.6%  46.2%  40.3%  14.6%   0.0%   0.0%   0.0% 	Avg.: 48.5% 
	 60.3%  75.9%  61.5%  46.4%  44.9%  33.0%  10.9%  36.8%   0.0%   0.0% 	Avg.: 46.2% 
	 60.9%  75.2%  62.0%  45.9%  43.3%  28.1%   7.2%  27.7%  26.9%   0.0% 	Avg.: 41.9% 
	  0.0%   0.0%   0.0%   0.0%   0.0%   0.0%   0.0%   0.0%   0.0%   0.0% 	Avg.:  0.0% 
************************************************************************************************************
TAw Forg
	  0.0%   0.0%   0.0%   0.0%   0.0%   0.0%   0.0%   0.0%   0.0%   0.0% 
	 -5.7%   0.0%   0.0%   0.0%   0.0%   0.0%   0.0%   0.0%   0.0%   0.0% 	Avg.: -5.7% 
	 -2.0%  -2.0%   0.0%   0.0%   0.0%   0.0%   0.0%   0.0%   0.0%   0.0% 	Avg.: -2.0% 
	 -1.6%  -1.5%  -0.4%   0.0%   0.0%   0.0%   0.0%   0.0%   0.0%   0.0% 	Avg.: -1.2% 
	 -0.2%  -0.6%  -1.0%   0.0%   0.0%   0.0%   0.0%   0.0%   0.0%   0.0% 	Avg.: -0.4% 
	 -0.8%  -0.3%  -1.7%  -2.5%  -0.8%   0.0%   0.0%   0.0%   0.0%   0.0% 	Avg.: -1.2% 
	 -0.3%   0.3%  -0.5%   1.5%   1.0%   0.4%   0.0%   0.0%   0.0%   0.0% 	Avg.:  0.4% 
	 -1.1%  -0.8%   0.4%   0.1%   0.9%   0.1%  -0.9%   0.0%   0.0%   0.0% 	Avg.: -0.2% 
	 -1.0%   0.6%  -0.3%  -0.6%  -1.4%  -0.6%  -0.7%  -0.2%   0.0%   0.0% 	Avg.: -0.5% 
	  0.0%   0.0%   0.0%   0.0%   0.0%   0.0%   0.0%   0.0%   0.0%   0.0% 	Avg.:  0.0% 
************************************************************************************************************
TAg Forg
	  0.0%   0.0%   0.0%   0.0%   0.0%   0.0%   0.0%   0.0%   0.0%   0.0% 
	 12.9%   0.0%   0.0%   0.0%   0.0%   0.0%   0.0%   0.0%   0.0%   0.0% 	Avg.: 12.9% 
	 17.7%  10.9%   0.0%   0.0%   0.0%   0.0%   0.0%   0.0%   0.0%   0.0% 	Avg.: 14.3% 
	 16.2%  12.4%  10.2%   0.0%   0.0%   0.0%   0.0%   0.0%   0.0%   0.0% 	Avg.: 12.9% 
	 11.5%   9.3%  11.8%  11.2%   0.0%   0.0%   0.0%   0.0%   0.0%   0.0% 	Avg.: 11.0% 
	 11.6%   8.1%  10.9%  16.1%   8.0%   0.0%   0.0%   0.0%   0.0%   0.0% 	Avg.: 10.9% 
	 10.0%   7.9%  10.0%  14.6%  10.4%   3.3%   0.0%   0.0%   0.0%   0.0% 	Avg.:  9.4% 
	  8.6%   4.4%  11.3%  12.8%  11.7%  10.6%   3.7%   0.0%   0.0%   0.0% 	Avg.:  9.0% 
	  8.0%   5.1%  10.8%  13.3%  13.3%  15.5%   7.4%   9.1%   0.0%   0.0% 	Avg.: 10.3% 
	  0.0%   0.0%   0.0%   0.0%   0.0%   0.0%   0.0%   0.0%   0.0%   0.0% 	Avg.:  0.0% 
************************************************************************************************************
[Elapsed time = 0.2 h]
Done!
