START_TASK=1 STOP_TASK=2
============================================================================================================
Arguments =
	all_outputs: False
	approach: ewc
	batch_size: 64
	classes_first_task: None
	clipping: 10000
	crop: 224
	dataset: cifar100
	eval_on_train: False
	experiment_path: None
	fix_bn: False
	freeze_backbone: False
	gpu: 0
	gpus: [0]
	increment: 10
	last_layer_analysis: True
	log: ['disk']
	lr: 0.01
	lr_factor: None
	lr_min: 0.0001
	lr_patience: None
	lr_scheduler: cosine
	lr_warmup_epochs: 0
	momentum: 0.0
	multi_softmax: False
	nepochs: 50
	network: resnetv2_101x1_bit.goog_in21k
	no_cudnn_deterministic: False
	normalize: in21k
	num_workers: 2
	optimizer_name: sgd
	pin_memory: False
	pretrained: True
	resize: 224
	results_path: ./results
	save_models: True
	seed: 0
	start_at_task: 1
	start_epoch: 0
	stop_at_task: 2
	stop_epoch: 0
	use_valid_only: False
	warmup_lr_factor: 1.0
	warmup_nepochs: 0
	weight_decay: 0.0
============================================================================================================
Approach arguments =
	alpha: -1
	fi_num_samples: -1
	fi_sampling_type: true
	lamb: 5000
============================================================================================================
Exemplars arguments =
============================================================================================================
WARNING: ./results/resnetv2_101x1_bit.goog_in21k/cifar100/ewc/10 already exists!
Loaded acc_taw from: ./results/resnetv2_101x1_bit.goog_in21k/cifar100/ewc/10/acc_taw-0.txt
Loaded acc_tag from: ./results/resnetv2_101x1_bit.goog_in21k/cifar100/ewc/10/acc_tag-0.txt
Loaded forg_taw from: ./results/resnetv2_101x1_bit.goog_in21k/cifar100/ewc/10/forg_taw-0.txt
Loaded forg_tag from: ./results/resnetv2_101x1_bit.goog_in21k/cifar100/ewc/10/forg_tag-0.txt
Fisher: 304 layers | older_params: 304 layers loaded
************************************************************************************************************
Task  1  [epochs 0-50]
************************************************************************************************************
[params] total:42,533,460  trainable:42,533,460  tensors:308  trainable_tensors:308
| Epoch   1, time= 14.1s | Train: skip eval | Valid: time=  1.0s loss=0.164, TAw acc= 93.6% | * lr=1.0e-02
| Epoch   2, time= 13.7s | Train: skip eval | Valid: time=  1.0s loss=0.118, TAw acc= 96.8% | * lr=1.0e-02
| Epoch   3, time= 13.7s | Train: skip eval | Valid: time=  1.1s loss=0.143, TAw acc= 96.0% | lr=9.9e-03
| Epoch   4, time= 14.0s | Train: skip eval | Valid: time=  1.0s loss=0.126, TAw acc= 96.4% | lr=9.8e-03
| Epoch   5, time= 13.2s | Train: skip eval | Valid: time=  0.9s loss=0.121, TAw acc= 97.6% | lr=9.8e-03
| Epoch   6, time= 13.4s | Train: skip eval | Valid: time=  1.0s loss=0.116, TAw acc= 97.8% | * lr=9.7e-03
| Epoch   7, time= 14.1s | Train: skip eval | Valid: time=  1.1s loss=0.342, TAw acc= 95.2% | lr=9.5e-03
| Epoch   8, time= 13.2s | Train: skip eval | Valid: time=  1.0s loss=0.127, TAw acc= 97.2% | lr=9.4e-03
| Epoch   9, time= 13.0s | Train: skip eval | Valid: time=  1.0s loss=0.197, TAw acc= 95.2% | lr=9.2e-03
| Epoch  10, time= 13.0s | Train: skip eval | Valid: time=  1.0s loss=0.129, TAw acc= 97.2% | lr=9.1e-03
| Epoch  11, time= 14.1s | Train: skip eval | Valid: time=  1.0s loss=0.140, TAw acc= 97.4% | lr=8.9e-03
| Epoch  12, time= 13.1s | Train: skip eval | Valid: time=  1.0s loss=0.131, TAw acc= 97.6% | lr=8.7e-03
| Epoch  13, time= 13.9s | Train: skip eval | Valid: time=  1.0s loss=0.125, TAw acc= 97.4% | lr=8.4e-03
| Epoch  14, time= 14.0s | Train: skip eval | Valid: time=  1.0s loss=0.144, TAw acc= 97.6% | lr=8.2e-03
| Epoch  15, time= 14.1s | Train: skip eval | Valid: time=  1.0s loss=0.169, TAw acc= 96.8% | lr=8.0e-03
| Epoch  16, time= 13.4s | Train: skip eval | Valid: time=  1.0s loss=0.142, TAw acc= 97.6% | lr=7.7e-03
| Epoch  17, time= 14.2s | Train: skip eval | Valid: time=  1.0s loss=0.145, TAw acc= 97.4% | lr=7.4e-03
| Epoch  18, time= 14.0s | Train: skip eval | Valid: time=  1.0s loss=0.149, TAw acc= 97.4% | lr=7.2e-03
| Epoch  19, time= 14.1s | Train: skip eval | Valid: time=  1.1s loss=0.139, TAw acc= 98.0% | lr=6.9e-03
| Epoch  20, time= 13.2s | Train: skip eval | Valid: time=  1.0s loss=0.131, TAw acc= 98.0% | lr=6.6e-03
| Epoch  21, time= 13.0s | Train: skip eval | Valid: time=  1.0s loss=0.132, TAw acc= 98.2% | lr=6.3e-03
| Epoch  22, time= 13.7s | Train: skip eval | Valid: time=  1.0s loss=0.125, TAw acc= 98.0% | lr=6.0e-03
| Epoch  23, time= 14.2s | Train: skip eval | Valid: time=  1.0s loss=0.186, TAw acc= 96.8% | lr=5.7e-03
| Epoch  24, time= 14.1s | Train: skip eval | Valid: time=  1.0s loss=0.132, TAw acc= 97.4% | lr=5.4e-03
| Epoch  25, time= 13.5s | Train: skip eval | Valid: time=  1.0s loss=0.141, TAw acc= 97.4% | lr=5.1e-03
| Epoch  26, time= 14.0s | Train: skip eval | Valid: time=  1.0s loss=0.133, TAw acc= 97.4% | lr=4.7e-03
| Epoch  27, time= 13.4s | Train: skip eval | Valid: time=  1.0s loss=0.122, TAw acc= 97.6% | lr=4.4e-03
| Epoch  28, time= 13.3s | Train: skip eval | Valid: time=  1.0s loss=0.132, TAw acc= 97.6% | lr=4.1e-03
| Epoch  29, time= 13.9s | Train: skip eval | Valid: time=  1.0s loss=0.129, TAw acc= 97.8% | lr=3.8e-03
| Epoch  30, time= 13.0s | Train: skip eval | Valid: time=  1.0s loss=0.136, TAw acc= 97.8% | lr=3.5e-03
| Epoch  31, time= 14.0s | Train: skip eval | Valid: time=  1.1s loss=0.146, TAw acc= 97.4% | lr=3.2e-03
| Epoch  32, time= 14.7s | Train: skip eval | Valid: time=  1.3s loss=0.135, TAw acc= 97.8% | lr=2.9e-03
| Epoch  33, time= 13.2s | Train: skip eval | Valid: time=  1.0s loss=0.133, TAw acc= 97.6% | lr=2.7e-03
| Epoch  34, time= 13.6s | Train: skip eval | Valid: time=  1.0s loss=0.133, TAw acc= 97.8% | lr=2.4e-03
| Epoch  35, time= 13.0s | Train: skip eval | Valid: time=  1.0s loss=0.128, TAw acc= 97.4% | lr=2.1e-03
| Epoch  36, time= 13.9s | Train: skip eval | Valid: time=  1.0s loss=0.132, TAw acc= 97.4% | lr=1.9e-03
| Epoch  37, time= 14.0s | Train: skip eval | Valid: time=  1.0s loss=0.135, TAw acc= 97.4% | lr=1.7e-03
| Epoch  38, time= 13.1s | Train: skip eval | Valid: time=  1.0s loss=0.134, TAw acc= 97.6% | lr=1.4e-03
| Epoch  39, time= 14.1s | Train: skip eval | Valid: time=  1.0s loss=0.133, TAw acc= 97.4% | lr=1.2e-03
| Epoch  40, time= 12.9s | Train: skip eval | Valid: time=  1.0s loss=0.136, TAw acc= 97.8% | lr=1.0e-03
| Epoch  41, time= 13.0s | Train: skip eval | Valid: time=  0.9s loss=0.131, TAw acc= 97.4% | lr=8.7e-04
| Epoch  42, time= 13.5s | Train: skip eval | Valid: time=  1.0s loss=0.134, TAw acc= 97.6% | lr=7.1e-04
| Epoch  43, time= 14.3s | Train: skip eval | Valid: time=  1.0s loss=0.134, TAw acc= 97.4% | lr=5.7e-04
| Epoch  44, time= 13.7s | Train: skip eval | Valid: time=  1.0s loss=0.132, TAw acc= 97.4% | lr=4.5e-04
| Epoch  45, time= 13.8s | Train: skip eval | Valid: time=  1.0s loss=0.132, TAw acc= 97.6% | lr=3.4e-04
| Epoch  46, time= 13.6s | Train: skip eval | Valid: time=  1.0s loss=0.131, TAw acc= 97.6% | lr=2.6e-04
| Epoch  47, time= 13.0s | Train: skip eval | Valid: time=  1.0s loss=0.132, TAw acc= 97.6% | lr=1.9e-04
| Epoch  48, time= 13.9s | Train: skip eval | Valid: time=  1.0s loss=0.131, TAw acc= 97.6% | lr=1.4e-04
| Epoch  49, time= 14.1s | Train: skip eval | Valid: time=  1.0s loss=0.131, TAw acc= 97.6% | lr=1.1e-04
| Epoch  50, time= 14.2s | Train: skip eval | Valid: time=  0.9s loss=0.130, TAw acc= 97.6% | lr=1.0e-04
------------------------------------------------------------------------------------------------------------
>>> Test on task  0 : loss=0.251 | TAw acc= 94.5%, forg=  2.2% | TAg acc= 93.1%, forg=  3.6% <<<
>>> Test on task  1 : loss=0.058 | TAw acc= 98.2%, forg=  0.0% | TAg acc= 80.0%, forg=  0.0% <<<
Save at ./results/./results/resnetv2_101x1_bit.goog_in21k/cifar100/ewc/10
************************************************************************************************************
TAw Acc
	 96.7%   0.0%   0.0%   0.0%   0.0%   0.0%   0.0%   0.0%   0.0%   0.0% 	Avg.: 96.7% 
	 94.5%  98.2%   0.0%   0.0%   0.0%   0.0%   0.0%   0.0%   0.0%   0.0% 	Avg.: 96.4% 
	  0.0%   0.0%   0.0%   0.0%   0.0%   0.0%   0.0%   0.0%   0.0%   0.0% 	Avg.:  0.0% 
	  0.0%   0.0%   0.0%   0.0%   0.0%   0.0%   0.0%   0.0%   0.0%   0.0% 	Avg.:  0.0% 
	  0.0%   0.0%   0.0%   0.0%   0.0%   0.0%   0.0%   0.0%   0.0%   0.0% 	Avg.:  0.0% 
	  0.0%   0.0%   0.0%   0.0%   0.0%   0.0%   0.0%   0.0%   0.0%   0.0% 	Avg.:  0.0% 
	  0.0%   0.0%   0.0%   0.0%   0.0%   0.0%   0.0%   0.0%   0.0%   0.0% 	Avg.:  0.0% 
	  0.0%   0.0%   0.0%   0.0%   0.0%   0.0%   0.0%   0.0%   0.0%   0.0% 	Avg.:  0.0% 
	  0.0%   0.0%   0.0%   0.0%   0.0%   0.0%   0.0%   0.0%   0.0%   0.0% 	Avg.:  0.0% 
	  0.0%   0.0%   0.0%   0.0%   0.0%   0.0%   0.0%   0.0%   0.0%   0.0% 	Avg.:  0.0% 
************************************************************************************************************
TAg Acc
	 96.7%   0.0%   0.0%   0.0%   0.0%   0.0%   0.0%   0.0%   0.0%   0.0% 	Avg.: 96.7% 
	 93.1%  80.0%   0.0%   0.0%   0.0%   0.0%   0.0%   0.0%   0.0%   0.0% 	Avg.: 86.5% 
	  0.0%   0.0%   0.0%   0.0%   0.0%   0.0%   0.0%   0.0%   0.0%   0.0% 	Avg.:  0.0% 
	  0.0%   0.0%   0.0%   0.0%   0.0%   0.0%   0.0%   0.0%   0.0%   0.0% 	Avg.:  0.0% 
	  0.0%   0.0%   0.0%   0.0%   0.0%   0.0%   0.0%   0.0%   0.0%   0.0% 	Avg.:  0.0% 
	  0.0%   0.0%   0.0%   0.0%   0.0%   0.0%   0.0%   0.0%   0.0%   0.0% 	Avg.:  0.0% 
	  0.0%   0.0%   0.0%   0.0%   0.0%   0.0%   0.0%   0.0%   0.0%   0.0% 	Avg.:  0.0% 
	  0.0%   0.0%   0.0%   0.0%   0.0%   0.0%   0.0%   0.0%   0.0%   0.0% 	Avg.:  0.0% 
	  0.0%   0.0%   0.0%   0.0%   0.0%   0.0%   0.0%   0.0%   0.0%   0.0% 	Avg.:  0.0% 
	  0.0%   0.0%   0.0%   0.0%   0.0%   0.0%   0.0%   0.0%   0.0%   0.0% 	Avg.:  0.0% 
************************************************************************************************************
TAw Forg
	  0.0%   0.0%   0.0%   0.0%   0.0%   0.0%   0.0%   0.0%   0.0%   0.0% 
	  2.2%   0.0%   0.0%   0.0%   0.0%   0.0%   0.0%   0.0%   0.0%   0.0% 	Avg.:  2.2% 
	  0.0%   0.0%   0.0%   0.0%   0.0%   0.0%   0.0%   0.0%   0.0%   0.0% 	Avg.:  0.0% 
	  0.0%   0.0%   0.0%   0.0%   0.0%   0.0%   0.0%   0.0%   0.0%   0.0% 	Avg.:  0.0% 
	  0.0%   0.0%   0.0%   0.0%   0.0%   0.0%   0.0%   0.0%   0.0%   0.0% 	Avg.:  0.0% 
	  0.0%   0.0%   0.0%   0.0%   0.0%   0.0%   0.0%   0.0%   0.0%   0.0% 	Avg.:  0.0% 
	  0.0%   0.0%   0.0%   0.0%   0.0%   0.0%   0.0%   0.0%   0.0%   0.0% 	Avg.:  0.0% 
	  0.0%   0.0%   0.0%   0.0%   0.0%   0.0%   0.0%   0.0%   0.0%   0.0% 	Avg.:  0.0% 
	  0.0%   0.0%   0.0%   0.0%   0.0%   0.0%   0.0%   0.0%   0.0%   0.0% 	Avg.:  0.0% 
	  0.0%   0.0%   0.0%   0.0%   0.0%   0.0%   0.0%   0.0%   0.0%   0.0% 	Avg.:  0.0% 
************************************************************************************************************
TAg Forg
	  0.0%   0.0%   0.0%   0.0%   0.0%   0.0%   0.0%   0.0%   0.0%   0.0% 
	  3.6%   0.0%   0.0%   0.0%   0.0%   0.0%   0.0%   0.0%   0.0%   0.0% 	Avg.:  3.6% 
	  0.0%   0.0%   0.0%   0.0%   0.0%   0.0%   0.0%   0.0%   0.0%   0.0% 	Avg.:  0.0% 
	  0.0%   0.0%   0.0%   0.0%   0.0%   0.0%   0.0%   0.0%   0.0%   0.0% 	Avg.:  0.0% 
	  0.0%   0.0%   0.0%   0.0%   0.0%   0.0%   0.0%   0.0%   0.0%   0.0% 	Avg.:  0.0% 
	  0.0%   0.0%   0.0%   0.0%   0.0%   0.0%   0.0%   0.0%   0.0%   0.0% 	Avg.:  0.0% 
	  0.0%   0.0%   0.0%   0.0%   0.0%   0.0%   0.0%   0.0%   0.0%   0.0% 	Avg.:  0.0% 
	  0.0%   0.0%   0.0%   0.0%   0.0%   0.0%   0.0%   0.0%   0.0%   0.0% 	Avg.:  0.0% 
	  0.0%   0.0%   0.0%   0.0%   0.0%   0.0%   0.0%   0.0%   0.0%   0.0% 	Avg.:  0.0% 
	  0.0%   0.0%   0.0%   0.0%   0.0%   0.0%   0.0%   0.0%   0.0%   0.0% 	Avg.:  0.0% 
************************************************************************************************************
[Elapsed time = 0.2 h]
Done!
