START_TASK=3 STOP_TASK=4
============================================================================================================
Arguments =
	all_outputs: False
	approach: icarl_v2
	batch_size: 64
	classes_first_task: None
	clipping: 10000
	crop: 224
	dataset: cifar100
	eval_on_train: False
	experiment_path: None
	fix_bn: False
	freeze_backbone: False
	gpu: 0
	increment: 10
	lamb: 1.0
	log: ['disk']
	lr: 0.01
	lr_factor: None
	lr_min: 0.0001
	lr_patience: None
	lr_scheduler: cosine
	lr_warmup_epochs: 0
	momentum: 0.0
	multi_softmax: False
	nepochs: 50
	network: vit_small_patch16_224.augreg_in1k
	no_cudnn_deterministic: False
	normalize: in1k
	num_exemplars: 2000
	num_workers: 2
	optimizer_name: sgd
	pin_memory: False
	pretrained: True
	resize: 224
	results_path: ../results
	save_models: True
	seed: 0
	start_at_task: 3
	stop_at_task: 4
	use_valid_only: False
	warmup_lr_factor: 1.0
	warmup_nepochs: 0
	weight_decay: 0.0
============================================================================================================
Approach arguments =
============================================================================================================
Exemplars dataset arguments =
============================================================================================================
WARNING: ../results/vit_small_patch16_224.augreg_in1k/cifar100/icarl_v2/10 already exists!
Loaded acc_taw from: ../results/vit_small_patch16_224.augreg_in1k/cifar100/icarl_v2/10/acc_taw-2.txt
Loaded acc_tag from: ../results/vit_small_patch16_224.augreg_in1k/cifar100/icarl_v2/10/acc_tag-2.txt
Loaded forg_taw from: ../results/vit_small_patch16_224.augreg_in1k/cifar100/icarl_v2/10/forg_taw-2.txt
Loaded forg_tag from: ../results/vit_small_patch16_224.augreg_in1k/cifar100/icarl_v2/10/forg_tag-2.txt
Loaded 2010 exemplars from ../results/vit_small_patch16_224.augreg_in1k/cifar100/icarl_v2/10/task2_exemplars.pth
Loaded 30 exemplar means from ../results/vit_small_patch16_224.augreg_in1k/cifar100/icarl_v2/10/task2_exemplar_means.pth
************************************************************************************************************
Task  3
************************************************************************************************************
| Epoch   1, time= 22.0s | Train: skip eval | Valid: time=  1.2s loss=11.731, TAw acc= 90.4% | * lr=1.0e-02
| Epoch   2, time= 21.3s | Train: skip eval | Valid: time=  1.2s loss=11.629, TAw acc= 93.0% | * lr=1.0e-02
| Epoch   3, time= 21.2s | Train: skip eval | Valid: time=  1.2s loss=11.469, TAw acc= 93.2% | * lr=9.9e-03
| Epoch   4, time= 21.5s | Train: skip eval | Valid: time=  1.2s loss=11.410, TAw acc= 94.2% | * lr=9.8e-03
| Epoch   5, time= 21.2s | Train: skip eval | Valid: time=  1.2s loss=11.279, TAw acc= 93.6% | * lr=9.8e-03
| Epoch   6, time= 21.6s | Train: skip eval | Valid: time=  1.2s loss=11.279, TAw acc= 94.8% | * lr=9.7e-03
| Epoch   7, time= 21.2s | Train: skip eval | Valid: time=  1.2s loss=11.238, TAw acc= 95.2% | * lr=9.5e-03
| Epoch   8, time= 21.6s | Train: skip eval | Valid: time=  1.3s loss=11.322, TAw acc= 94.8% | lr=9.4e-03
| Epoch   9, time= 21.5s | Train: skip eval | Valid: time=  1.2s loss=11.156, TAw acc= 94.4% | * lr=9.2e-03
| Epoch  10, time= 21.6s | Train: skip eval | Valid: time=  1.1s loss=11.212, TAw acc= 94.2% | lr=9.1e-03
| Epoch  11, time= 21.6s | Train: skip eval | Valid: time=  1.2s loss=11.144, TAw acc= 94.8% | * lr=8.9e-03
| Epoch  12, time= 21.6s | Train: skip eval | Valid: time=  1.2s loss=11.126, TAw acc= 95.6% | * lr=8.7e-03
| Epoch  13, time= 21.6s | Train: skip eval | Valid: time=  1.2s loss=11.115, TAw acc= 94.4% | * lr=8.4e-03
| Epoch  14, time= 21.5s | Train: skip eval | Valid: time=  1.2s loss=11.149, TAw acc= 95.0% | lr=8.2e-03
| Epoch  15, time= 21.7s | Train: skip eval | Valid: time=  1.2s loss=11.135, TAw acc= 95.4% | lr=8.0e-03
| Epoch  16, time= 21.4s | Train: skip eval | Valid: time=  1.2s loss=11.096, TAw acc= 94.8% | * lr=7.7e-03
| Epoch  17, time= 21.7s | Train: skip eval | Valid: time=  1.2s loss=11.106, TAw acc= 94.6% | lr=7.4e-03
| Epoch  18, time= 21.5s | Train: skip eval | Valid: time=  1.2s loss=11.083, TAw acc= 94.6% | * lr=7.2e-03
| Epoch  19, time= 21.4s | Train: skip eval | Valid: time=  1.2s loss=11.071, TAw acc= 95.4% | * lr=6.9e-03
| Epoch  20, time= 21.7s | Train: skip eval | Valid: time=  1.2s loss=11.088, TAw acc= 94.6% | lr=6.6e-03
| Epoch  21, time= 21.7s | Train: skip eval | Valid: time=  1.2s loss=11.051, TAw acc= 94.8% | * lr=6.3e-03
| Epoch  22, time= 21.3s | Train: skip eval | Valid: time=  1.2s loss=11.067, TAw acc= 94.6% | lr=6.0e-03
| Epoch  23, time= 21.3s | Train: skip eval | Valid: time=  1.2s loss=11.034, TAw acc= 94.4% | * lr=5.7e-03
| Epoch  24, time= 21.3s | Train: skip eval | Valid: time=  1.2s loss=11.036, TAw acc= 95.0% | lr=5.4e-03
| Epoch  25, time= 21.6s | Train: skip eval | Valid: time=  1.2s loss=11.022, TAw acc= 95.0% | * lr=5.1e-03
| Epoch  26, time= 21.5s | Train: skip eval | Valid: time=  1.2s loss=11.035, TAw acc= 95.0% | lr=4.7e-03
| Epoch  27, time= 21.3s | Train: skip eval | Valid: time=  1.2s loss=11.013, TAw acc= 94.6% | * lr=4.4e-03
| Epoch  28, time= 21.6s | Train: skip eval | Valid: time=  1.2s loss=11.016, TAw acc= 95.0% | lr=4.1e-03
| Epoch  29, time= 21.2s | Train: skip eval | Valid: time=  1.2s loss=11.001, TAw acc= 95.0% | * lr=3.8e-03
| Epoch  30, time= 21.7s | Train: skip eval | Valid: time=  1.2s loss=11.007, TAw acc= 94.8% | lr=3.5e-03
| Epoch  31, time= 21.3s | Train: skip eval | Valid: time=  1.2s loss=11.005, TAw acc= 94.8% | lr=3.2e-03
| Epoch  32, time= 21.5s | Train: skip eval | Valid: time=  1.2s loss=11.008, TAw acc= 95.0% | lr=2.9e-03
| Epoch  33, time= 21.6s | Train: skip eval | Valid: time=  1.2s loss=10.997, TAw acc= 95.4% | * lr=2.7e-03
| Epoch  34, time= 21.3s | Train: skip eval | Valid: time=  1.2s loss=10.996, TAw acc= 95.6% | * lr=2.4e-03
| Epoch  35, time= 21.4s | Train: skip eval | Valid: time=  1.2s loss=11.000, TAw acc= 95.0% | lr=2.1e-03
| Epoch  36, time= 21.4s | Train: skip eval | Valid: time=  1.2s loss=10.989, TAw acc= 94.8% | * lr=1.9e-03
| Epoch  37, time= 21.7s | Train: skip eval | Valid: time=  1.2s loss=10.990, TAw acc= 95.0% | lr=1.7e-03
| Epoch  38, time= 21.4s | Train: skip eval | Valid: time=  1.2s loss=10.987, TAw acc= 95.2% | * lr=1.4e-03
| Epoch  39, time= 21.3s | Train: skip eval | Valid: time=  1.2s loss=10.987, TAw acc= 95.2% | * lr=1.2e-03
| Epoch  40, time= 21.7s | Train: skip eval | Valid: time=  1.2s loss=10.986, TAw acc= 94.8% | * lr=1.0e-03
| Epoch  41, time= 21.6s | Train: skip eval | Valid: time=  1.2s loss=10.986, TAw acc= 95.4% | lr=8.7e-04
| Epoch  42, time= 21.7s | Train: skip eval | Valid: time=  1.2s loss=10.982, TAw acc= 95.4% | * lr=7.1e-04
| Epoch  43, time= 21.7s | Train: skip eval | Valid: time=  1.2s loss=10.984, TAw acc= 95.2% | lr=5.7e-04
| Epoch  44, time= 21.5s | Train: skip eval | Valid: time=  1.2s loss=10.981, TAw acc= 95.2% | * lr=4.5e-04
| Epoch  45, time= 21.5s | Train: skip eval | Valid: time=  1.2s loss=10.984, TAw acc= 95.2% | lr=3.4e-04
| Epoch  46, time= 21.6s | Train: skip eval | Valid: time=  1.2s loss=10.982, TAw acc= 95.2% | lr=2.6e-04
| Epoch  47, time= 21.3s | Train: skip eval | Valid: time=  1.2s loss=10.981, TAw acc= 95.0% | * lr=1.9e-04
| Epoch  48, time= 21.4s | Train: skip eval | Valid: time=  1.2s loss=10.980, TAw acc= 95.2% | * lr=1.4e-04
| Epoch  49, time= 21.7s | Train: skip eval | Valid: time=  1.2s loss=10.980, TAw acc= 95.4% | * lr=1.1e-04
| Epoch  50, time= 21.3s | Train: skip eval | Valid: time=  1.2s loss=10.980, TAw acc= 95.0% | lr=1.0e-04
| Selected 2000 train exemplars, time=  0.1s
------------------------------------------------------------------------------------------------------------
>>> Test on task  0 : loss=0.614 | TAw acc= 95.9%, forg=  0.3%| TAg acc= 90.8%, forg=  5.4% <<<
>>> Test on task  1 : loss=4.922 | TAw acc= 98.3%, forg= -0.2%| TAg acc= 88.7%, forg=  4.4% <<<
>>> Test on task  2 : loss=8.311 | TAw acc= 96.9%, forg= -0.3%| TAg acc= 90.3%, forg=  1.3% <<<
>>> Test on task  3 : loss=10.983 | TAw acc= 90.2%, forg=  0.0%| TAg acc= 83.0%, forg=  0.0% <<<
Save at ../results/../results/vit_small_patch16_224.augreg_in1k/cifar100/icarl_v2/10
************************************************************************************************************
TAw Acc
	 96.2%   0.0%   0.0%   0.0%   0.0%   0.0%   0.0%   0.0%   0.0%   0.0% 	Avg.: 96.2% 
	 96.0%  97.9%   0.0%   0.0%   0.0%   0.0%   0.0%   0.0%   0.0%   0.0% 	Avg.: 96.9% 
	 96.2%  98.1%  96.6%   0.0%   0.0%   0.0%   0.0%   0.0%   0.0%   0.0% 	Avg.: 97.0% 
	 95.9%  98.3%  96.9%  90.2%   0.0%   0.0%   0.0%   0.0%   0.0%   0.0% 	Avg.: 95.3% 
	  0.0%   0.0%   0.0%   0.0%   0.0%   0.0%   0.0%   0.0%   0.0%   0.0% 	Avg.:  0.0% 
	  0.0%   0.0%   0.0%   0.0%   0.0%   0.0%   0.0%   0.0%   0.0%   0.0% 	Avg.:  0.0% 
	  0.0%   0.0%   0.0%   0.0%   0.0%   0.0%   0.0%   0.0%   0.0%   0.0% 	Avg.:  0.0% 
	  0.0%   0.0%   0.0%   0.0%   0.0%   0.0%   0.0%   0.0%   0.0%   0.0% 	Avg.:  0.0% 
	  0.0%   0.0%   0.0%   0.0%   0.0%   0.0%   0.0%   0.0%   0.0%   0.0% 	Avg.:  0.0% 
	  0.0%   0.0%   0.0%   0.0%   0.0%   0.0%   0.0%   0.0%   0.0%   0.0% 	Avg.:  0.0% 
************************************************************************************************************
TAg Acc
	 96.2%   0.0%   0.0%   0.0%   0.0%   0.0%   0.0%   0.0%   0.0%   0.0% 	Avg.: 96.2% 
	 93.0%  93.1%   0.0%   0.0%   0.0%   0.0%   0.0%   0.0%   0.0%   0.0% 	Avg.: 93.1% 
	 91.8%  90.0%  91.6%   0.0%   0.0%   0.0%   0.0%   0.0%   0.0%   0.0% 	Avg.: 91.1% 
	 90.8%  88.7%  90.3%  83.0%   0.0%   0.0%   0.0%   0.0%   0.0%   0.0% 	Avg.: 88.2% 
	  0.0%   0.0%   0.0%   0.0%   0.0%   0.0%   0.0%   0.0%   0.0%   0.0% 	Avg.:  0.0% 
	  0.0%   0.0%   0.0%   0.0%   0.0%   0.0%   0.0%   0.0%   0.0%   0.0% 	Avg.:  0.0% 
	  0.0%   0.0%   0.0%   0.0%   0.0%   0.0%   0.0%   0.0%   0.0%   0.0% 	Avg.:  0.0% 
	  0.0%   0.0%   0.0%   0.0%   0.0%   0.0%   0.0%   0.0%   0.0%   0.0% 	Avg.:  0.0% 
	  0.0%   0.0%   0.0%   0.0%   0.0%   0.0%   0.0%   0.0%   0.0%   0.0% 	Avg.:  0.0% 
	  0.0%   0.0%   0.0%   0.0%   0.0%   0.0%   0.0%   0.0%   0.0%   0.0% 	Avg.:  0.0% 
************************************************************************************************************
TAw Forg
	  0.0%   0.0%   0.0%   0.0%   0.0%   0.0%   0.0%   0.0%   0.0%   0.0% 
	  0.2%   0.0%   0.0%   0.0%   0.0%   0.0%   0.0%   0.0%   0.0%   0.0% 	Avg.:  0.2% 
	  0.0%  -0.2%   0.0%   0.0%   0.0%   0.0%   0.0%   0.0%   0.0%   0.0% 	Avg.: -0.1% 
	  0.3%  -0.2%  -0.3%   0.0%   0.0%   0.0%   0.0%   0.0%   0.0%   0.0% 	Avg.: -0.1% 
	  0.0%   0.0%   0.0%   0.0%   0.0%   0.0%   0.0%   0.0%   0.0%   0.0% 	Avg.:  0.0% 
	  0.0%   0.0%   0.0%   0.0%   0.0%   0.0%   0.0%   0.0%   0.0%   0.0% 	Avg.:  0.0% 
	  0.0%   0.0%   0.0%   0.0%   0.0%   0.0%   0.0%   0.0%   0.0%   0.0% 	Avg.:  0.0% 
	  0.0%   0.0%   0.0%   0.0%   0.0%   0.0%   0.0%   0.0%   0.0%   0.0% 	Avg.:  0.0% 
	  0.0%   0.0%   0.0%   0.0%   0.0%   0.0%   0.0%   0.0%   0.0%   0.0% 	Avg.:  0.0% 
	  0.0%   0.0%   0.0%   0.0%   0.0%   0.0%   0.0%   0.0%   0.0%   0.0% 	Avg.:  0.0% 
************************************************************************************************************
TAg Forg
	  0.0%   0.0%   0.0%   0.0%   0.0%   0.0%   0.0%   0.0%   0.0%   0.0% 
	  3.2%   0.0%   0.0%   0.0%   0.0%   0.0%   0.0%   0.0%   0.0%   0.0% 	Avg.:  3.2% 
	  4.4%   3.1%   0.0%   0.0%   0.0%   0.0%   0.0%   0.0%   0.0%   0.0% 	Avg.:  3.8% 
	  5.4%   4.4%   1.3%   0.0%   0.0%   0.0%   0.0%   0.0%   0.0%   0.0% 	Avg.:  3.7% 
	  0.0%   0.0%   0.0%   0.0%   0.0%   0.0%   0.0%   0.0%   0.0%   0.0% 	Avg.:  0.0% 
	  0.0%   0.0%   0.0%   0.0%   0.0%   0.0%   0.0%   0.0%   0.0%   0.0% 	Avg.:  0.0% 
	  0.0%   0.0%   0.0%   0.0%   0.0%   0.0%   0.0%   0.0%   0.0%   0.0% 	Avg.:  0.0% 
	  0.0%   0.0%   0.0%   0.0%   0.0%   0.0%   0.0%   0.0%   0.0%   0.0% 	Avg.:  0.0% 
	  0.0%   0.0%   0.0%   0.0%   0.0%   0.0%   0.0%   0.0%   0.0%   0.0% 	Avg.:  0.0% 
	  0.0%   0.0%   0.0%   0.0%   0.0%   0.0%   0.0%   0.0%   0.0%   0.0% 	Avg.:  0.0% 
************************************************************************************************************
[Elapsed time = 0.3 h]
Done!
