START_TASK=17 STOP_TASK=18
============================================================================================================
Arguments =
	all_outputs: False
	approach: ewc
	batch_size: 64
	classes_first_task: None
	clipping: 10000
	crop: 224
	data_path: ../data/inat200
	dataset: inat200
	eval_on_train: False
	experiment_path: None
	fix_bn: False
	freeze_backbone: False
	gpu: 0
	gpus: [0]
	increment: 10
	last_layer_analysis: False
	log: ['disk']
	lr: 0.01
	lr_factor: None
	lr_min: 0.0001
	lr_patience: None
	lr_scheduler: cosine
	lr_warmup_epochs: 0
	momentum: 0.0
	multi_softmax: False
	nepochs: 90
	network: vit_small_patch16_224.augreg_in1k
	no_cudnn_deterministic: False
	normalize: in1k
	num_workers: 2
	optimizer_name: sgd
	pin_memory: False
	pretrained: True
	resize: 224
	results_path: ./results
	save_models: True
	seed: 0
	start_at_task: 17
	start_epoch: 0
	stop_at_task: 18
	stop_epoch: 0
	use_valid_only: False
	warmup_lr_factor: 1.0
	warmup_nepochs: 0
	weight_decay: 0.0
============================================================================================================
Approach arguments =
	alpha: -1
	fi_num_samples: -1
	fi_sampling_type: true
	lamb: 5000
============================================================================================================
Exemplars arguments =
============================================================================================================
WARNING: ./results/vit_small_patch16_224.augreg_in1k/inat200/ewc/10 already exists!
Loaded acc_taw from: ./results/vit_small_patch16_224.augreg_in1k/inat200/ewc/10/acc_taw-16.txt
Loaded acc_tag from: ./results/vit_small_patch16_224.augreg_in1k/inat200/ewc/10/acc_tag-16.txt
Loaded forg_taw from: ./results/vit_small_patch16_224.augreg_in1k/inat200/ewc/10/forg_taw-16.txt
Loaded forg_tag from: ./results/vit_small_patch16_224.augreg_in1k/inat200/ewc/10/forg_tag-16.txt
Fisher: 150 layers | older_params: 150 layers loaded
************************************************************************************************************
Task 17  [epochs 0-90]
************************************************************************************************************
[params] total:21,734,964  trainable:21,734,964  tensors:186  trainable_tensors:186
| Epoch   1, time= 14.8s | Train: skip eval | Valid: time=  1.6s loss=0.636, TAw acc= 80.8% | * lr=1.0e-02
| Epoch   2, time= 14.8s | Train: skip eval | Valid: time=  1.8s loss=0.460, TAw acc= 85.8% | * lr=1.0e-02
| Epoch   3, time= 16.6s | Train: skip eval | Valid: time=  1.5s loss=0.447, TAw acc= 87.8% | * lr=1.0e-02
| Epoch   4, time= 13.4s | Train: skip eval | Valid: time=  1.7s loss=0.420, TAw acc= 89.8% | * lr=1.0e-02
| Epoch   5, time= 15.9s | Train: skip eval | Valid: time=  1.4s loss=0.380, TAw acc= 89.5% | * lr=9.9e-03
| Epoch   6, time= 12.6s | Train: skip eval | Valid: time=  1.4s loss=0.436, TAw acc= 88.0% | lr=9.9e-03
| Epoch   7, time= 14.8s | Train: skip eval | Valid: time=  1.4s loss=0.524, TAw acc= 84.5% | lr=9.9e-03
| Epoch   8, time= 12.7s | Train: skip eval | Valid: time=  1.4s loss=0.727, TAw acc= 82.2% | lr=9.8e-03
| Epoch   9, time= 12.6s | Train: skip eval | Valid: time=  1.8s loss=0.398, TAw acc= 90.5% | lr=9.8e-03
| Epoch  10, time= 13.7s | Train: skip eval | Valid: time=  1.5s loss=0.413, TAw acc= 89.8% | lr=9.7e-03
| Epoch  11, time= 13.7s | Train: skip eval | Valid: time=  1.8s loss=0.425, TAw acc= 88.0% | lr=9.6e-03
| Epoch  12, time= 16.2s | Train: skip eval | Valid: time=  1.4s loss=0.469, TAw acc= 88.5% | lr=9.6e-03
| Epoch  13, time= 16.0s | Train: skip eval | Valid: time=  1.6s loss=0.433, TAw acc= 90.5% | lr=9.5e-03
| Epoch  14, time= 16.9s | Train: skip eval | Valid: time=  1.4s loss=0.583, TAw acc= 86.0% | lr=9.4e-03
| Epoch  15, time= 14.7s | Train: skip eval | Valid: time=  1.7s loss=0.428, TAw acc= 89.0% | lr=9.3e-03
| Epoch  16, time= 12.7s | Train: skip eval | Valid: time=  1.4s loss=0.396, TAw acc= 91.2% | lr=9.2e-03
| Epoch  17, time= 13.5s | Train: skip eval | Valid: time=  1.4s loss=0.405, TAw acc= 91.2% | lr=9.2e-03
| Epoch  18, time= 13.5s | Train: skip eval | Valid: time=  1.4s loss=0.508, TAw acc= 88.2% | lr=9.1e-03
| Epoch  19, time= 16.7s | Train: skip eval | Valid: time=  1.7s loss=0.426, TAw acc= 89.5% | lr=9.0e-03
| Epoch  20, time= 12.6s | Train: skip eval | Valid: time=  1.4s loss=0.441, TAw acc= 89.0% | lr=8.8e-03
| Epoch  21, time= 13.4s | Train: skip eval | Valid: time=  1.4s loss=0.435, TAw acc= 89.8% | lr=8.7e-03
| Epoch  22, time= 15.5s | Train: skip eval | Valid: time=  1.4s loss=0.473, TAw acc= 88.5% | lr=8.6e-03
| Epoch  23, time= 13.4s | Train: skip eval | Valid: time=  1.4s loss=0.469, TAw acc= 89.0% | lr=8.5e-03
| Epoch  24, time= 15.3s | Train: skip eval | Valid: time=  1.7s loss=0.457, TAw acc= 89.2% | lr=8.4e-03
| Epoch  25, time= 13.9s | Train: skip eval | Valid: time=  1.4s loss=0.508, TAw acc= 88.8% | lr=8.2e-03
| Epoch  26, time= 12.7s | Train: skip eval | Valid: time=  1.7s loss=0.473, TAw acc= 88.2% | lr=8.1e-03
| Epoch  27, time= 14.0s | Train: skip eval | Valid: time=  1.4s loss=0.469, TAw acc= 88.8% | lr=8.0e-03
| Epoch  28, time= 12.5s | Train: skip eval | Valid: time=  1.5s loss=0.557, TAw acc= 87.2% | lr=7.8e-03
| Epoch  29, time= 14.8s | Train: skip eval | Valid: time=  1.4s loss=0.455, TAw acc= 89.8% | lr=7.7e-03
| Epoch  30, time= 13.1s | Train: skip eval | Valid: time=  1.4s loss=0.442, TAw acc= 89.2% | lr=7.5e-03
| Epoch  31, time= 13.3s | Train: skip eval | Valid: time=  1.4s loss=0.431, TAw acc= 89.2% | lr=7.4e-03
| Epoch  32, time= 13.5s | Train: skip eval | Valid: time=  1.8s loss=0.421, TAw acc= 89.5% | lr=7.2e-03
| Epoch  33, time= 17.0s | Train: skip eval | Valid: time=  1.4s loss=0.438, TAw acc= 89.2% | lr=7.1e-03
| Epoch  34, time= 12.6s | Train: skip eval | Valid: time=  1.4s loss=0.438, TAw acc= 89.5% | lr=6.9e-03
| Epoch  35, time= 12.5s | Train: skip eval | Valid: time=  1.9s loss=0.444, TAw acc= 89.2% | lr=6.7e-03
| Epoch  36, time= 13.3s | Train: skip eval | Valid: time=  1.4s loss=0.465, TAw acc= 88.2% | lr=6.6e-03
| Epoch  37, time= 16.5s | Train: skip eval | Valid: time=  1.5s loss=0.451, TAw acc= 89.2% | lr=6.4e-03
| Epoch  38, time= 14.5s | Train: skip eval | Valid: time=  1.4s loss=0.436, TAw acc= 90.0% | lr=6.2e-03
| Epoch  39, time= 12.7s | Train: skip eval | Valid: time=  1.4s loss=0.477, TAw acc= 89.5% | lr=6.1e-03
| Epoch  40, time= 16.2s | Train: skip eval | Valid: time=  1.4s loss=0.437, TAw acc= 89.5% | lr=5.9e-03
| Epoch  41, time= 12.7s | Train: skip eval | Valid: time=  1.4s loss=0.440, TAw acc= 89.8% | lr=5.7e-03
| Epoch  42, time= 15.6s | Train: skip eval | Valid: time=  1.6s loss=0.457, TAw acc= 89.8% | lr=5.6e-03
| Epoch  43, time= 13.4s | Train: skip eval | Valid: time=  1.9s loss=0.430, TAw acc= 89.2% | lr=5.4e-03
| Epoch  44, time= 15.3s | Train: skip eval | Valid: time=  1.6s loss=0.435, TAw acc= 89.8% | lr=5.2e-03
| Epoch  45, time= 13.7s | Train: skip eval | Valid: time=  1.8s loss=0.424, TAw acc= 90.2% | lr=5.1e-03
| Epoch  46, time= 13.7s | Train: skip eval | Valid: time=  1.4s loss=0.433, TAw acc= 91.0% | lr=4.9e-03
| Epoch  47, time= 13.6s | Train: skip eval | Valid: time=  1.4s loss=0.429, TAw acc= 91.2% | lr=4.7e-03
| Epoch  48, time= 14.7s | Train: skip eval | Valid: time=  1.4s loss=0.436, TAw acc= 89.5% | lr=4.5e-03
| Epoch  49, time= 12.5s | Train: skip eval | Valid: time=  1.4s loss=0.416, TAw acc= 89.8% | lr=4.4e-03
| Epoch  50, time= 13.7s | Train: skip eval | Valid: time=  1.4s loss=0.485, TAw acc= 88.5% | lr=4.2e-03
| Epoch  51, time= 15.4s | Train: skip eval | Valid: time=  1.4s loss=0.422, TAw acc= 89.8% | lr=4.0e-03
| Epoch  52, time= 16.0s | Train: skip eval | Valid: time=  1.4s loss=0.410, TAw acc= 90.8% | lr=3.9e-03
| Epoch  53, time= 13.0s | Train: skip eval | Valid: time=  1.4s loss=0.435, TAw acc= 90.0% | lr=3.7e-03
| Epoch  54, time= 13.7s | Train: skip eval | Valid: time=  1.4s loss=0.451, TAw acc= 89.5% | lr=3.5e-03
| Epoch  55, time= 13.5s | Train: skip eval | Valid: time=  1.4s loss=0.438, TAw acc= 89.5% | lr=3.4e-03
| Epoch  56, time= 14.5s | Train: skip eval | Valid: time=  1.7s loss=0.448, TAw acc= 89.8% | lr=3.2e-03
| Epoch  57, time= 15.8s | Train: skip eval | Valid: time=  1.6s loss=0.435, TAw acc= 90.2% | lr=3.0e-03
| Epoch  58, time= 14.2s | Train: skip eval | Valid: time=  1.6s loss=0.444, TAw acc= 89.8% | lr=2.9e-03
| Epoch  59, time= 16.7s | Train: skip eval | Valid: time=  1.7s loss=0.440, TAw acc= 89.5% | lr=2.7e-03
| Epoch  60, time= 12.4s | Train: skip eval | Valid: time=  1.5s loss=0.424, TAw acc= 90.8% | lr=2.6e-03
| Epoch  61, time= 12.8s | Train: skip eval | Valid: time=  1.5s loss=0.441, TAw acc= 89.0% | lr=2.4e-03
| Epoch  62, time= 15.7s | Train: skip eval | Valid: time=  1.6s loss=0.433, TAw acc= 90.0% | lr=2.3e-03
| Epoch  63, time= 15.1s | Train: skip eval | Valid: time=  1.4s loss=0.436, TAw acc= 89.5% | lr=2.1e-03
| Epoch  64, time= 13.5s | Train: skip eval | Valid: time=  1.4s loss=0.428, TAw acc= 90.0% | lr=2.0e-03
| Epoch  65, time= 15.3s | Train: skip eval | Valid: time=  1.4s loss=0.421, TAw acc= 90.2% | lr=1.9e-03
| Epoch  66, time= 15.6s | Train: skip eval | Valid: time=  1.5s loss=0.421, TAw acc= 90.0% | lr=1.7e-03
| Epoch  67, time= 17.2s | Train: skip eval | Valid: time=  1.4s loss=0.412, TAw acc= 90.5% | lr=1.6e-03
| Epoch  68, time= 15.9s | Train: skip eval | Valid: time=  1.4s loss=0.419, TAw acc= 89.5% | lr=1.5e-03
| Epoch  69, time= 13.1s | Train: skip eval | Valid: time=  1.7s loss=0.421, TAw acc= 90.5% | lr=1.4e-03
| Epoch  70, time= 13.6s | Train: skip eval | Valid: time=  1.5s loss=0.420, TAw acc= 89.8% | lr=1.3e-03
| Epoch  71, time= 16.1s | Train: skip eval | Valid: time=  1.4s loss=0.414, TAw acc= 89.5% | lr=1.1e-03
| Epoch  72, time= 15.4s | Train: skip eval | Valid: time=  1.6s loss=0.417, TAw acc= 89.0% | lr=1.0e-03
| Epoch  73, time= 14.5s | Train: skip eval | Valid: time=  1.4s loss=0.418, TAw acc= 89.2% | lr=9.5e-04
| Epoch  74, time= 13.0s | Train: skip eval | Valid: time=  1.9s loss=0.415, TAw acc= 90.0% | lr=8.5e-04
| Epoch  75, time= 15.5s | Train: skip eval | Valid: time=  1.4s loss=0.418, TAw acc= 89.5% | lr=7.6e-04
| Epoch  76, time= 12.8s | Train: skip eval | Valid: time=  1.4s loss=0.419, TAw acc= 90.5% | lr=6.8e-04
| Epoch  77, time= 13.1s | Train: skip eval | Valid: time=  1.4s loss=0.413, TAw acc= 90.0% | lr=6.0e-04
| Epoch  78, time= 13.0s | Train: skip eval | Valid: time=  1.4s loss=0.415, TAw acc= 90.0% | lr=5.3e-04
| Epoch  79, time= 12.8s | Train: skip eval | Valid: time=  1.5s loss=0.416, TAw acc= 89.8% | lr=4.6e-04
| Epoch  80, time= 12.7s | Train: skip eval | Valid: time=  1.5s loss=0.413, TAw acc= 89.8% | lr=4.0e-04
| Epoch  81, time= 13.5s | Train: skip eval | Valid: time=  1.4s loss=0.414, TAw acc= 89.5% | lr=3.4e-04
| Epoch  82, time= 14.9s | Train: skip eval | Valid: time=  1.8s loss=0.415, TAw acc= 90.8% | lr=2.9e-04
| Epoch  83, time= 13.6s | Train: skip eval | Valid: time=  1.8s loss=0.413, TAw acc= 90.5% | lr=2.5e-04
| Epoch  84, time= 14.0s | Train: skip eval | Valid: time=  1.9s loss=0.413, TAw acc= 90.5% | lr=2.1e-04
| Epoch  85, time= 15.3s | Train: skip eval | Valid: time=  1.4s loss=0.413, TAw acc= 90.5% | lr=1.8e-04
| Epoch  86, time= 12.6s | Train: skip eval | Valid: time=  1.8s loss=0.414, TAw acc= 90.0% | lr=1.5e-04
| Epoch  87, time= 12.4s | Train: skip eval | Valid: time=  1.4s loss=0.414, TAw acc= 90.2% | lr=1.3e-04
| Epoch  88, time= 15.1s | Train: skip eval | Valid: time=  1.6s loss=0.414, TAw acc= 90.0% | lr=1.1e-04
| Epoch  89, time= 14.5s | Train: skip eval | Valid: time=  1.7s loss=0.413, TAw acc= 90.0% | lr=1.0e-04
| Epoch  90, time= 14.4s | Train: skip eval | Valid: time=  1.4s loss=0.413, TAw acc= 90.0% | lr=1.0e-04
------------------------------------------------------------------------------------------------------------
>>> Test on task  0 : loss=0.613 | TAw acc= 79.0%, forg= 12.5% | TAg acc= 17.6%, forg= 73.9% <<<
>>> Test on task  1 : loss=0.604 | TAw acc= 79.8%, forg=  9.6% | TAg acc=  5.9%, forg= 64.3% <<<
>>> Test on task  2 : loss=0.512 | TAw acc= 83.8%, forg=  9.3% | TAg acc= 11.8%, forg= 78.3% <<<
>>> Test on task  3 : loss=0.601 | TAw acc= 78.9%, forg=  9.1% | TAg acc= 20.2%, forg= 56.8% <<<
>>> Test on task  4 : loss=0.639 | TAw acc= 80.1%, forg= 10.5% | TAg acc= 23.1%, forg= 50.2% <<<
>>> Test on task  5 : loss=0.617 | TAw acc= 81.5%, forg=  8.0% | TAg acc= 39.2%, forg= 38.2% <<<
>>> Test on task  6 : loss=0.455 | TAw acc= 85.1%, forg=  6.3% | TAg acc= 39.8%, forg= 39.6% <<<
>>> Test on task  7 : loss=0.575 | TAw acc= 80.9%, forg= 10.0% | TAg acc= 31.3%, forg= 44.7% <<<
>>> Test on task  8 : loss=0.525 | TAw acc= 84.0%, forg=  7.4% | TAg acc= 39.3%, forg= 43.9% <<<
>>> Test on task  9 : loss=0.561 | TAw acc= 82.7%, forg=  7.6% | TAg acc= 27.1%, forg= 41.4% <<<
>>> Test on task 10 : loss=0.545 | TAw acc= 82.1%, forg=  6.4% | TAg acc= 20.9%, forg= 28.3% <<<
>>> Test on task 11 : loss=0.513 | TAw acc= 82.9%, forg=  9.4% | TAg acc= 31.9%, forg= 43.9% <<<
>>> Test on task 12 : loss=0.369 | TAw acc= 87.8%, forg=  5.2% | TAg acc= 45.9%, forg= 31.6% <<<
>>> Test on task 13 : loss=0.229 | TAw acc= 92.9%, forg=  2.9% | TAg acc= 34.2%, forg= 34.0% <<<
>>> Test on task 14 : loss=0.271 | TAw acc= 91.4%, forg=  3.0% | TAg acc= 33.0%, forg= 33.2% <<<
>>> Test on task 15 : loss=0.407 | TAw acc= 87.1%, forg=  3.9% | TAg acc= 55.0%, forg= 21.3% <<<
>>> Test on task 16 : loss=0.623 | TAw acc= 82.7%, forg=  2.4% | TAg acc= 64.2%, forg=  6.6% <<<
>>> Test on task 17 : loss=0.278 | TAw acc= 90.9%, forg=  0.0% | TAg acc= 31.4%, forg=  0.0% <<<
Save at ./results/./results/vit_small_patch16_224.augreg_in1k/inat200/ewc/10
************************************************************************************************************
TAw Acc
	 91.5%   0.0%   0.0%   0.0%   0.0%   0.0%   0.0%   0.0%   0.0%   0.0%   0.0%   0.0%   0.0%   0.0%   0.0%   0.0%   0.0%   0.0%   0.0%   0.0% 	Avg.: 91.5% 
	 90.3%  89.4%   0.0%   0.0%   0.0%   0.0%   0.0%   0.0%   0.0%   0.0%   0.0%   0.0%   0.0%   0.0%   0.0%   0.0%   0.0%   0.0%   0.0%   0.0% 	Avg.: 89.8% 
	 84.1%  84.1%  93.1%   0.0%   0.0%   0.0%   0.0%   0.0%   0.0%   0.0%   0.0%   0.0%   0.0%   0.0%   0.0%   0.0%   0.0%   0.0%   0.0%   0.0% 	Avg.: 87.1% 
	 84.3%  84.8%  90.7%  88.0%   0.0%   0.0%   0.0%   0.0%   0.0%   0.0%   0.0%   0.0%   0.0%   0.0%   0.0%   0.0%   0.0%   0.0%   0.0%   0.0% 	Avg.: 87.0% 
	 85.8%  86.2%  88.9%  85.9%  90.6%   0.0%   0.0%   0.0%   0.0%   0.0%   0.0%   0.0%   0.0%   0.0%   0.0%   0.0%   0.0%   0.0%   0.0%   0.0% 	Avg.: 87.5% 
	 86.0%  85.4%  87.4%  84.4%  87.1%  89.5%   0.0%   0.0%   0.0%   0.0%   0.0%   0.0%   0.0%   0.0%   0.0%   0.0%   0.0%   0.0%   0.0%   0.0% 	Avg.: 86.6% 
	 84.7%  84.5%  85.7%  82.7%  84.8%  86.5%  91.4%   0.0%   0.0%   0.0%   0.0%   0.0%   0.0%   0.0%   0.0%   0.0%   0.0%   0.0%   0.0%   0.0% 	Avg.: 85.8% 
	 83.9%  82.9%  85.7%  79.0%  84.2%  86.4%  88.6%  90.9%   0.0%   0.0%   0.0%   0.0%   0.0%   0.0%   0.0%   0.0%   0.0%   0.0%   0.0%   0.0% 	Avg.: 85.2% 
	 82.7%  84.0%  84.7%  82.1%  83.9%  85.7%  88.8%  87.9%  91.4%   0.0%   0.0%   0.0%   0.0%   0.0%   0.0%   0.0%   0.0%   0.0%   0.0%   0.0% 	Avg.: 85.7% 
	 84.2%  83.6%  84.8%  78.7%  84.6%  86.2%  88.4%  87.6%  89.7%  90.3%   0.0%   0.0%   0.0%   0.0%   0.0%   0.0%   0.0%   0.0%   0.0%   0.0% 	Avg.: 85.8% 
	 84.3%  85.6%  83.2%  78.7%  82.5%  84.1%  87.0%  85.6%  89.2%  88.4%  88.5%   0.0%   0.0%   0.0%   0.0%   0.0%   0.0%   0.0%   0.0%   0.0% 	Avg.: 85.2% 
	 85.1%  85.9%  85.1%  79.1%  83.2%  84.7%  86.4%  86.2%  87.3%  86.6%  86.7%  92.3%   0.0%   0.0%   0.0%   0.0%   0.0%   0.0%   0.0%   0.0% 	Avg.: 85.7% 
	 83.7%  81.9%  85.8%  78.5%  83.1%  82.7%  86.9%  85.1%  86.2%  85.9%  85.3%  90.7%  93.0%   0.0%   0.0%   0.0%   0.0%   0.0%   0.0%   0.0% 	Avg.: 85.3% 
	 85.0%  83.8%  86.0%  79.2%  83.4%  82.6%  86.7%  85.8%  84.0%  87.3%  83.9%  89.2%  89.8%  95.8%   0.0%   0.0%   0.0%   0.0%   0.0%   0.0% 	Avg.: 85.9% 
	 84.4%  85.2%  88.3%  79.7%  80.4%  82.9%  86.7%  83.5%  84.9%  85.9%  83.3%  88.3%  90.6%  94.8%  94.4%   0.0%   0.0%   0.0%   0.0%   0.0% 	Avg.: 86.2% 
	 83.5%  84.0%  84.5%  79.6%  83.4%  83.6%  86.3%  82.5%  85.4%  85.9%  84.1%  85.2%  90.7%  94.1%  92.9%  91.0%   0.0%   0.0%   0.0%   0.0% 	Avg.: 86.0% 
	 80.9%  80.6%  80.6%  77.4%  81.1%  82.3%  85.1%  81.5%  83.7%  84.9%  81.3%  85.0%  87.2%  93.2%  90.0%  88.6%  85.1%   0.0%   0.0%   0.0% 	Avg.: 84.0% 
	 79.0%  79.8%  83.8%  78.9%  80.1%  81.5%  85.1%  80.9%  84.0%  82.7%  82.1%  82.9%  87.8%  92.9%  91.4%  87.1%  82.7%  90.9%   0.0%   0.0% 	Avg.: 84.1% 
	  0.0%   0.0%   0.0%   0.0%   0.0%   0.0%   0.0%   0.0%   0.0%   0.0%   0.0%   0.0%   0.0%   0.0%   0.0%   0.0%   0.0%   0.0%   0.0%   0.0% 	Avg.:  0.0% 
	  0.0%   0.0%   0.0%   0.0%   0.0%   0.0%   0.0%   0.0%   0.0%   0.0%   0.0%   0.0%   0.0%   0.0%   0.0%   0.0%   0.0%   0.0%   0.0%   0.0% 	Avg.:  0.0% 
************************************************************************************************************
TAg Acc
	 91.5%   0.0%   0.0%   0.0%   0.0%   0.0%   0.0%   0.0%   0.0%   0.0%   0.0%   0.0%   0.0%   0.0%   0.0%   0.0%   0.0%   0.0%   0.0%   0.0% 	Avg.: 91.5% 
	 84.9%  70.2%   0.0%   0.0%   0.0%   0.0%   0.0%   0.0%   0.0%   0.0%   0.0%   0.0%   0.0%   0.0%   0.0%   0.0%   0.0%   0.0%   0.0%   0.0% 	Avg.: 77.6% 
	 47.3%  40.7%  90.1%   0.0%   0.0%   0.0%   0.0%   0.0%   0.0%   0.0%   0.0%   0.0%   0.0%   0.0%   0.0%   0.0%   0.0%   0.0%   0.0%   0.0% 	Avg.: 59.4% 
	 41.4%  27.1%  77.6%  77.0%   0.0%   0.0%   0.0%   0.0%   0.0%   0.0%   0.0%   0.0%   0.0%   0.0%   0.0%   0.0%   0.0%   0.0%   0.0%   0.0% 	Avg.: 55.8% 
	 43.4%  27.9%  61.7%  65.0%  73.3%   0.0%   0.0%   0.0%   0.0%   0.0%   0.0%   0.0%   0.0%   0.0%   0.0%   0.0%   0.0%   0.0%   0.0%   0.0% 	Avg.: 54.3% 
	 33.0%  30.2%  50.0%  51.6%  61.6%  77.4%   0.0%   0.0%   0.0%   0.0%   0.0%   0.0%   0.0%   0.0%   0.0%   0.0%   0.0%   0.0%   0.0%   0.0% 	Avg.: 50.6% 
	 26.4%  19.9%  37.7%  45.1%  54.9%  64.4%  79.4%   0.0%   0.0%   0.0%   0.0%   0.0%   0.0%   0.0%   0.0%   0.0%   0.0%   0.0%   0.0%   0.0% 	Avg.: 46.8% 
	 26.3%  19.5%  29.5%  38.4%  44.8%  62.0%  69.5%  76.0%   0.0%   0.0%   0.0%   0.0%   0.0%   0.0%   0.0%   0.0%   0.0%   0.0%   0.0%   0.0% 	Avg.: 45.8% 
	 25.2%  13.6%  21.8%  39.2%  40.2%  58.1%  67.4%  60.7%  83.2%   0.0%   0.0%   0.0%   0.0%   0.0%   0.0%   0.0%   0.0%   0.0%   0.0%   0.0% 	Avg.: 45.5% 
	 18.4%   9.8%  19.2%  33.2%  42.1%  51.7%  62.5%  54.0%  75.9%  68.5%   0.0%   0.0%   0.0%   0.0%   0.0%   0.0%   0.0%   0.0%   0.0%   0.0% 	Avg.: 43.5% 
	 26.0%  12.7%  25.9%  36.9%  40.4%  51.0%  60.8%  47.2%  70.7%  55.5%  49.2%   0.0%   0.0%   0.0%   0.0%   0.0%   0.0%   0.0%   0.0%   0.0% 	Avg.: 43.3% 
	 20.2%  10.1%  20.5%  31.0%  37.2%  48.4%  53.9%  47.7%  54.8%  48.4%  39.9%  75.8%   0.0%   0.0%   0.0%   0.0%   0.0%   0.0%   0.0%   0.0% 	Avg.: 40.7% 
	 21.4%   9.5%  19.2%  30.5%  33.3%  40.7%  50.5%  45.1%  51.8%  45.2%  31.8%  65.6%  77.5%   0.0%   0.0%   0.0%   0.0%   0.0%   0.0%   0.0% 	Avg.: 40.2% 
	 20.5%   8.2%  14.3%  25.9%  31.6%  40.8%  50.3%  43.1%  47.4%  42.2%  30.2%  58.2%  66.3%  68.2%   0.0%   0.0%   0.0%   0.0%   0.0%   0.0% 	Avg.: 39.1% 
	 21.4%   5.6%  12.6%  25.5%  28.9%  42.9%  51.6%  40.0%  46.8%  39.6%  33.9%  50.9%  57.8%  56.5%  66.2%   0.0%   0.0%   0.0%   0.0%   0.0% 	Avg.: 38.7% 
	 18.2%   7.1%  14.2%  26.3%  27.3%  33.6%  48.0%  40.0%  47.0%  35.6%  29.4%  42.7%  49.5%  48.5%  49.9%  76.3%   0.0%   0.0%   0.0%   0.0% 	Avg.: 37.1% 
	 11.8%   3.9%  13.3%  19.9%  24.2%  29.1%  44.0%  34.2%  41.1%  28.5%  24.3%  36.7%  45.9%  39.7%  38.4%  61.1%  70.8%   0.0%   0.0%   0.0% 	Avg.: 33.3% 
	 17.6%   5.9%  11.8%  20.2%  23.1%  39.2%  39.8%  31.3%  39.3%  27.1%  20.9%  31.9%  45.9%  34.2%  33.0%  55.0%  64.2%  31.4%   0.0%   0.0% 	Avg.: 31.8% 
	  0.0%   0.0%   0.0%   0.0%   0.0%   0.0%   0.0%   0.0%   0.0%   0.0%   0.0%   0.0%   0.0%   0.0%   0.0%   0.0%   0.0%   0.0%   0.0%   0.0% 	Avg.:  0.0% 
	  0.0%   0.0%   0.0%   0.0%   0.0%   0.0%   0.0%   0.0%   0.0%   0.0%   0.0%   0.0%   0.0%   0.0%   0.0%   0.0%   0.0%   0.0%   0.0%   0.0% 	Avg.:  0.0% 
************************************************************************************************************
TAw Forg
	  0.0%   0.0%   0.0%   0.0%   0.0%   0.0%   0.0%   0.0%   0.0%   0.0%   0.0%   0.0%   0.0%   0.0%   0.0%   0.0%   0.0%   0.0%   0.0%   0.0% 
	  1.2%   0.0%   0.0%   0.0%   0.0%   0.0%   0.0%   0.0%   0.0%   0.0%   0.0%   0.0%   0.0%   0.0%   0.0%   0.0%   0.0%   0.0%   0.0%   0.0% 	Avg.:  1.2% 
	  7.4%   5.3%   0.0%   0.0%   0.0%   0.0%   0.0%   0.0%   0.0%   0.0%   0.0%   0.0%   0.0%   0.0%   0.0%   0.0%   0.0%   0.0%   0.0%   0.0% 	Avg.:  6.4% 
	  7.2%   4.6%   2.4%   0.0%   0.0%   0.0%   0.0%   0.0%   0.0%   0.0%   0.0%   0.0%   0.0%   0.0%   0.0%   0.0%   0.0%   0.0%   0.0%   0.0% 	Avg.:  4.7% 
	  5.7%   3.2%   4.2%   2.1%   0.0%   0.0%   0.0%   0.0%   0.0%   0.0%   0.0%   0.0%   0.0%   0.0%   0.0%   0.0%   0.0%   0.0%   0.0%   0.0% 	Avg.:  3.8% 
	  5.5%   4.0%   5.7%   3.6%   3.5%   0.0%   0.0%   0.0%   0.0%   0.0%   0.0%   0.0%   0.0%   0.0%   0.0%   0.0%   0.0%   0.0%   0.0%   0.0% 	Avg.:  4.5% 
	  6.8%   4.9%   7.4%   5.3%   5.8%   3.0%   0.0%   0.0%   0.0%   0.0%   0.0%   0.0%   0.0%   0.0%   0.0%   0.0%   0.0%   0.0%   0.0%   0.0% 	Avg.:  5.5% 
	  7.6%   6.5%   7.4%   9.0%   6.4%   3.1%   2.8%   0.0%   0.0%   0.0%   0.0%   0.0%   0.0%   0.0%   0.0%   0.0%   0.0%   0.0%   0.0%   0.0% 	Avg.:  6.1% 
	  8.8%   5.4%   8.4%   5.9%   6.7%   3.8%   2.6%   3.0%   0.0%   0.0%   0.0%   0.0%   0.0%   0.0%   0.0%   0.0%   0.0%   0.0%   0.0%   0.0% 	Avg.:  5.6% 
	  7.3%   5.8%   8.3%   9.3%   6.0%   3.3%   3.0%   3.3%   1.7%   0.0%   0.0%   0.0%   0.0%   0.0%   0.0%   0.0%   0.0%   0.0%   0.0%   0.0% 	Avg.:  5.3% 
	  7.2%   3.8%   9.9%   9.3%   8.1%   5.4%   4.4%   5.3%   2.2%   1.9%   0.0%   0.0%   0.0%   0.0%   0.0%   0.0%   0.0%   0.0%   0.0%   0.0% 	Avg.:  5.7% 
	  6.4%   3.5%   8.0%   8.9%   7.4%   4.8%   5.0%   4.7%   4.1%   3.7%   1.8%   0.0%   0.0%   0.0%   0.0%   0.0%   0.0%   0.0%   0.0%   0.0% 	Avg.:  5.3% 
	  7.8%   7.5%   7.3%   9.5%   7.5%   6.8%   4.5%   5.8%   5.2%   4.4%   3.2%   1.6%   0.0%   0.0%   0.0%   0.0%   0.0%   0.0%   0.0%   0.0% 	Avg.:  5.9% 
	  6.5%   5.6%   7.1%   8.8%   7.2%   6.9%   4.7%   5.1%   7.4%   3.0%   4.6%   3.1%   3.2%   0.0%   0.0%   0.0%   0.0%   0.0%   0.0%   0.0% 	Avg.:  5.6% 
	  7.1%   4.2%   4.8%   8.3%  10.2%   6.6%   4.7%   7.4%   6.5%   4.4%   5.2%   4.0%   2.4%   1.0%   0.0%   0.0%   0.0%   0.0%   0.0%   0.0% 	Avg.:  5.5% 
	  8.0%   5.4%   8.6%   8.4%   7.2%   5.9%   5.1%   8.4%   6.0%   4.4%   4.4%   7.1%   2.3%   1.7%   1.5%   0.0%   0.0%   0.0%   0.0%   0.0% 	Avg.:  5.6% 
	 10.6%   8.8%  12.5%  10.6%   9.5%   7.2%   6.3%   9.4%   7.7%   5.4%   7.2%   7.3%   5.8%   2.6%   4.4%   2.4%   0.0%   0.0%   0.0%   0.0% 	Avg.:  7.4% 
	 12.5%   9.6%   9.3%   9.1%  10.5%   8.0%   6.3%  10.0%   7.4%   7.6%   6.4%   9.4%   5.2%   2.9%   3.0%   3.9%   2.4%   0.0%   0.0%   0.0% 	Avg.:  7.3% 
	  0.0%   0.0%   0.0%   0.0%   0.0%   0.0%   0.0%   0.0%   0.0%   0.0%   0.0%   0.0%   0.0%   0.0%   0.0%   0.0%   0.0%   0.0%   0.0%   0.0% 	Avg.:  0.0% 
	  0.0%   0.0%   0.0%   0.0%   0.0%   0.0%   0.0%   0.0%   0.0%   0.0%   0.0%   0.0%   0.0%   0.0%   0.0%   0.0%   0.0%   0.0%   0.0%   0.0% 	Avg.:  0.0% 
************************************************************************************************************
TAg Forg
	  0.0%   0.0%   0.0%   0.0%   0.0%   0.0%   0.0%   0.0%   0.0%   0.0%   0.0%   0.0%   0.0%   0.0%   0.0%   0.0%   0.0%   0.0%   0.0%   0.0% 
	  6.6%   0.0%   0.0%   0.0%   0.0%   0.0%   0.0%   0.0%   0.0%   0.0%   0.0%   0.0%   0.0%   0.0%   0.0%   0.0%   0.0%   0.0%   0.0%   0.0% 	Avg.:  6.6% 
	 44.2%  29.5%   0.0%   0.0%   0.0%   0.0%   0.0%   0.0%   0.0%   0.0%   0.0%   0.0%   0.0%   0.0%   0.0%   0.0%   0.0%   0.0%   0.0%   0.0% 	Avg.: 36.8% 
	 50.1%  43.1%  12.5%   0.0%   0.0%   0.0%   0.0%   0.0%   0.0%   0.0%   0.0%   0.0%   0.0%   0.0%   0.0%   0.0%   0.0%   0.0%   0.0%   0.0% 	Avg.: 35.2% 
	 48.1%  42.3%  28.4%  12.0%   0.0%   0.0%   0.0%   0.0%   0.0%   0.0%   0.0%   0.0%   0.0%   0.0%   0.0%   0.0%   0.0%   0.0%   0.0%   0.0% 	Avg.: 32.7% 
	 58.5%  40.0%  40.1%  25.4%  11.7%   0.0%   0.0%   0.0%   0.0%   0.0%   0.0%   0.0%   0.0%   0.0%   0.0%   0.0%   0.0%   0.0%   0.0%   0.0% 	Avg.: 35.1% 
	 65.1%  50.3%  52.4%  31.9%  18.4%  13.0%   0.0%   0.0%   0.0%   0.0%   0.0%   0.0%   0.0%   0.0%   0.0%   0.0%   0.0%   0.0%   0.0%   0.0% 	Avg.: 38.5% 
	 65.2%  50.7%  60.6%  38.6%  28.5%  15.4%   9.9%   0.0%   0.0%   0.0%   0.0%   0.0%   0.0%   0.0%   0.0%   0.0%   0.0%   0.0%   0.0%   0.0% 	Avg.: 38.4% 
	 66.3%  56.6%  68.3%  37.8%  33.1%  19.3%  12.0%  15.3%   0.0%   0.0%   0.0%   0.0%   0.0%   0.0%   0.0%   0.0%   0.0%   0.0%   0.0%   0.0% 	Avg.: 38.6% 
	 73.1%  60.4%  70.9%  43.8%  31.2%  25.7%  16.9%  22.0%   7.3%   0.0%   0.0%   0.0%   0.0%   0.0%   0.0%   0.0%   0.0%   0.0%   0.0%   0.0% 	Avg.: 39.0% 
	 65.5%  57.5%  64.2%  40.1%  32.9%  26.4%  18.6%  28.8%  12.5%  13.0%   0.0%   0.0%   0.0%   0.0%   0.0%   0.0%   0.0%   0.0%   0.0%   0.0% 	Avg.: 36.0% 
	 71.3%  60.1%  69.6%  46.0%  36.1%  29.0%  25.5%  28.3%  28.4%  20.1%   9.3%   0.0%   0.0%   0.0%   0.0%   0.0%   0.0%   0.0%   0.0%   0.0% 	Avg.: 38.5% 
	 70.1%  60.7%  70.9%  46.5%  40.0%  36.7%  28.9%  30.9%  31.4%  23.3%  17.4%  10.2%   0.0%   0.0%   0.0%   0.0%   0.0%   0.0%   0.0%   0.0% 	Avg.: 38.9% 
	 71.0%  62.0%  75.8%  51.1%  41.7%  36.6%  29.1%  32.9%  35.8%  26.3%  19.0%  17.6%  11.2%   0.0%   0.0%   0.0%   0.0%   0.0%   0.0%   0.0% 	Avg.: 39.2% 
	 70.1%  64.6%  77.5%  51.5%  44.4%  34.5%  27.8%  36.0%  36.4%  28.9%  15.3%  24.9%  19.7%  11.7%   0.0%   0.0%   0.0%   0.0%   0.0%   0.0% 	Avg.: 38.8% 
	 73.3%  63.1%  75.9%  50.7%  46.0%  43.8%  31.4%  36.0%  36.2%  32.9%  19.8%  33.1%  28.0%  19.7%  16.3%   0.0%   0.0%   0.0%   0.0%   0.0% 	Avg.: 40.4% 
	 79.7%  66.3%  76.8%  57.1%  49.1%  48.3%  35.4%  41.8%  42.1%  40.0%  24.9%  39.1%  31.6%  28.5%  27.8%  15.2%   0.0%   0.0%   0.0%   0.0% 	Avg.: 44.0% 
	 73.9%  64.3%  78.3%  56.8%  50.2%  38.2%  39.6%  44.7%  43.9%  41.4%  28.3%  43.9%  31.6%  34.0%  33.2%  21.3%   6.6%   0.0%   0.0%   0.0% 	Avg.: 43.0% 
	  0.0%   0.0%   0.0%   0.0%   0.0%   0.0%   0.0%   0.0%   0.0%   0.0%   0.0%   0.0%   0.0%   0.0%   0.0%   0.0%   0.0%   0.0%   0.0%   0.0% 	Avg.:  0.0% 
	  0.0%   0.0%   0.0%   0.0%   0.0%   0.0%   0.0%   0.0%   0.0%   0.0%   0.0%   0.0%   0.0%   0.0%   0.0%   0.0%   0.0%   0.0%   0.0%   0.0% 	Avg.:  0.0% 
************************************************************************************************************
[Elapsed time = 0.4 h]
Done!
