START_TASK=4 STOP_TASK=5
============================================================================================================
Arguments =
	all_outputs: False
	approach: ewc
	batch_size: 64
	classes_first_task: None
	clipping: 10000
	crop: 224
	data_path: ../data/inat200
	dataset: inat200
	eval_on_train: False
	experiment_path: None
	fix_bn: False
	freeze_backbone: False
	gpu: 0
	gpus: [0]
	increment: 10
	last_layer_analysis: False
	log: ['disk']
	lr: 0.01
	lr_factor: None
	lr_min: 0.0001
	lr_patience: None
	lr_scheduler: cosine
	lr_warmup_epochs: 0
	momentum: 0.0
	multi_softmax: False
	nepochs: 90
	network: resnetv2_101x1_bit.goog_in21k
	no_cudnn_deterministic: False
	normalize: in21k
	num_workers: 2
	optimizer_name: sgd
	pin_memory: False
	pretrained: True
	resize: 224
	results_path: ./results
	save_models: True
	seed: 0
	start_at_task: 4
	start_epoch: 0
	stop_at_task: 5
	stop_epoch: 0
	use_valid_only: False
	warmup_lr_factor: 1.0
	warmup_nepochs: 0
	weight_decay: 0.0
============================================================================================================
Approach arguments =
	alpha: -1
	fi_num_samples: -1
	fi_sampling_type: true
	lamb: 5000
============================================================================================================
Exemplars arguments =
============================================================================================================
WARNING: ./results/resnetv2_101x1_bit.goog_in21k/inat200/ewc/10 already exists!
Loaded acc_taw from: ./results/resnetv2_101x1_bit.goog_in21k/inat200/ewc/10/acc_taw-3.txt
Loaded acc_tag from: ./results/resnetv2_101x1_bit.goog_in21k/inat200/ewc/10/acc_tag-3.txt
Loaded forg_taw from: ./results/resnetv2_101x1_bit.goog_in21k/inat200/ewc/10/forg_taw-3.txt
Loaded forg_tag from: ./results/resnetv2_101x1_bit.goog_in21k/inat200/ewc/10/forg_tag-3.txt
Fisher: 304 layers | older_params: 304 layers loaded
************************************************************************************************************
Task  4  [epochs 0-90]
************************************************************************************************************
[params] total:42,594,930  trainable:42,594,930  tensors:314  trainable_tensors:314
| Epoch   1, time= 14.4s | Train: skip eval | Valid: time=  1.9s loss=235839.175, TAw acc= 91.8% | * lr=1.0e-02
| Epoch   2, time= 18.3s | Train: skip eval | Valid: time=  1.9s loss=1344215.135, TAw acc= 91.0% | lr=1.0e-02
| Epoch   3, time= 13.5s | Train: skip eval | Valid: time=  1.8s loss=240818.912, TAw acc= 92.0% | lr=1.0e-02
| Epoch   4, time= 14.9s | Train: skip eval | Valid: time=  1.8s loss=1338523.840, TAw acc= 90.5% | lr=1.0e-02
| Epoch   5, time= 13.5s | Train: skip eval | Valid: time=  1.8s loss=237433.555, TAw acc= 91.5% | lr=9.9e-03
| Epoch   6, time= 14.1s | Train: skip eval | Valid: time=  1.5s loss=1328166.210, TAw acc= 87.0% | lr=9.9e-03
| Epoch   7, time= 14.7s | Train: skip eval | Valid: time=  1.5s loss=232169.664, TAw acc= 92.5% | * lr=9.9e-03
| Epoch   8, time= 18.0s | Train: skip eval | Valid: time=  1.5s loss=1313375.310, TAw acc= 94.0% | lr=9.8e-03
| Epoch   9, time= 13.3s | Train: skip eval | Valid: time=  1.5s loss=225120.042, TAw acc= 93.2% | * lr=9.8e-03
| Epoch  10, time= 13.5s | Train: skip eval | Valid: time=  1.5s loss=1294279.345, TAw acc= 94.0% | lr=9.7e-03
| Epoch  11, time= 14.8s | Train: skip eval | Valid: time=  1.5s loss=216401.946, TAw acc= 93.5% | * lr=9.6e-03
| Epoch  12, time= 17.4s | Train: skip eval | Valid: time=  1.8s loss=1271075.135, TAw acc= 91.5% | lr=9.6e-03
| Epoch  13, time= 13.5s | Train: skip eval | Valid: time=  1.5s loss=206159.966, TAw acc= 93.5% | * lr=9.5e-03
| Epoch  14, time= 15.1s | Train: skip eval | Valid: time=  1.5s loss=1243989.810, TAw acc= 94.5% | lr=9.4e-03
| Epoch  15, time= 13.6s | Train: skip eval | Valid: time=  2.0s loss=194570.092, TAw acc= 94.0% | * lr=9.3e-03
| Epoch  16, time= 15.7s | Train: skip eval | Valid: time=  1.5s loss=1213290.915, TAw acc= 94.2% | lr=9.2e-03
| Epoch  17, time= 13.5s | Train: skip eval | Valid: time=  1.8s loss=181820.049, TAw acc= 94.0% | * lr=9.2e-03
| Epoch  18, time= 13.7s | Train: skip eval | Valid: time=  2.0s loss=1179268.100, TAw acc= 94.2% | lr=9.1e-03
| Epoch  19, time= 14.1s | Train: skip eval | Valid: time=  1.5s loss=168133.126, TAw acc= 94.0% | * lr=9.0e-03
| Epoch  20, time= 13.6s | Train: skip eval | Valid: time=  1.5s loss=1142226.095, TAw acc= 92.5% | lr=8.8e-03
| Epoch  21, time= 15.5s | Train: skip eval | Valid: time=  1.7s loss=153733.920, TAw acc= 93.2% | * lr=8.7e-03
| Epoch  22, time= 13.9s | Train: skip eval | Valid: time=  1.5s loss=1102516.285, TAw acc= 92.5% | lr=8.6e-03
| Epoch  23, time= 13.7s | Train: skip eval | Valid: time=  1.5s loss=138856.711, TAw acc= 93.2% | * lr=8.5e-03
| Epoch  24, time= 13.7s | Train: skip eval | Valid: time=  1.5s loss=1060496.765, TAw acc= 94.2% | lr=8.4e-03
| Epoch  25, time= 13.4s | Train: skip eval | Valid: time=  1.5s loss=123749.371, TAw acc= 93.5% | * lr=8.2e-03
| Epoch  26, time= 13.8s | Train: skip eval | Valid: time=  1.5s loss=1016548.083, TAw acc= 90.0% | lr=8.1e-03
| Epoch  27, time= 16.7s | Train: skip eval | Valid: time=  1.5s loss=108645.768, TAw acc= 94.5% | * lr=8.0e-03
| Epoch  28, time= 13.6s | Train: skip eval | Valid: time=  1.6s loss=971058.025, TAw acc= 93.2% | lr=7.8e-03
| Epoch  29, time= 16.0s | Train: skip eval | Valid: time=  1.5s loss=93794.376, TAw acc= 94.2% | * lr=7.7e-03
| Epoch  30, time= 15.4s | Train: skip eval | Valid: time=  1.5s loss=924398.123, TAw acc= 94.2% | lr=7.5e-03
| Epoch  31, time= 17.8s | Train: skip eval | Valid: time=  1.5s loss=134977.254, TAw acc= 94.0% | lr=7.4e-03
| Epoch  32, time= 14.6s | Train: skip eval | Valid: time=  1.7s loss=724013.498, TAw acc= 94.8% | lr=7.2e-03
| Epoch  33, time= 13.6s | Train: skip eval | Valid: time=  2.0s loss=116946.267, TAw acc= 94.5% | lr=7.1e-03
| Epoch  34, time= 13.9s | Train: skip eval | Valid: time=  1.5s loss=680627.115, TAw acc= 94.8% | lr=6.9e-03
| Epoch  35, time= 14.1s | Train: skip eval | Valid: time=  1.5s loss=99675.389, TAw acc= 94.5% | lr=6.7e-03
| Epoch  36, time= 13.3s | Train: skip eval | Valid: time=  2.0s loss=637337.233, TAw acc= 94.5% | lr=6.6e-03
| Epoch  37, time= 13.8s | Train: skip eval | Valid: time=  1.7s loss=114698.253, TAw acc= 94.8% | lr=6.4e-03
| Epoch  38, time= 14.1s | Train: skip eval | Valid: time=  1.9s loss=519970.959, TAw acc= 95.2% | lr=6.2e-03
| Epoch  39, time= 14.4s | Train: skip eval | Valid: time=  1.5s loss=96790.149, TAw acc= 95.0% | lr=6.1e-03
| Epoch  40, time= 15.5s | Train: skip eval | Valid: time=  2.0s loss=480609.421, TAw acc= 94.8% | lr=5.9e-03
| Epoch  41, time= 13.5s | Train: skip eval | Valid: time=  1.5s loss=119804.390, TAw acc= 94.5% | lr=5.7e-03
| Epoch  42, time= 13.7s | Train: skip eval | Valid: time=  1.8s loss=362438.436, TAw acc= 94.5% | lr=5.6e-03
| Epoch  43, time= 13.8s | Train: skip eval | Valid: time=  1.5s loss=101001.909, TAw acc= 95.0% | lr=5.4e-03
| Epoch  44, time= 17.9s | Train: skip eval | Valid: time=  1.5s loss=328991.805, TAw acc= 95.5% | lr=5.2e-03
| Epoch  45, time= 13.6s | Train: skip eval | Valid: time=  1.5s loss=107128.003, TAw acc= 94.2% | lr=5.1e-03
| Epoch  46, time= 13.7s | Train: skip eval | Valid: time=  1.8s loss=257086.344, TAw acc= 94.5% | lr=4.9e-03
| Epoch  47, time= 16.9s | Train: skip eval | Valid: time=  1.7s loss=95521.193, TAw acc= 95.8% | lr=4.7e-03
| Epoch  48, time= 13.9s | Train: skip eval | Valid: time=  1.7s loss=219235.029, TAw acc= 94.0% | lr=4.5e-03
| Epoch  49, time= 17.1s | Train: skip eval | Valid: time=  1.8s loss=112273.799, TAw acc= 95.5% | lr=4.4e-03
| Epoch  50, time= 16.3s | Train: skip eval | Valid: time=  1.8s loss=148574.444, TAw acc= 94.8% | lr=4.2e-03
| Epoch  51, time= 17.4s | Train: skip eval | Valid: time=  1.6s loss=94175.195, TAw acc= 94.8% | lr=4.0e-03
| Epoch  52, time= 14.5s | Train: skip eval | Valid: time=  1.6s loss=127757.392, TAw acc= 94.8% | lr=3.9e-03
| Epoch  53, time= 14.5s | Train: skip eval | Valid: time=  1.6s loss=107999.902, TAw acc= 95.5% | lr=3.7e-03
| Epoch  54, time= 13.7s | Train: skip eval | Valid: time=  1.7s loss=92444.569, TAw acc= 94.0% | * lr=3.5e-03
| Epoch  55, time= 14.6s | Train: skip eval | Valid: time=  1.5s loss=8.744, TAw acc= 95.8% | * lr=3.4e-03
| Epoch  56, time= 13.9s | Train: skip eval | Valid: time=  1.7s loss=0.220, TAw acc= 96.0% | * lr=3.2e-03
| Epoch  57, time= 15.6s | Train: skip eval | Valid: time=  1.5s loss=0.225, TAw acc= 95.0% | lr=3.0e-03
| Epoch  58, time= 13.9s | Train: skip eval | Valid: time=  1.5s loss=0.235, TAw acc= 95.5% | lr=2.9e-03
| Epoch  59, time= 14.8s | Train: skip eval | Valid: time=  1.6s loss=0.237, TAw acc= 95.2% | lr=2.7e-03
| Epoch  60, time= 15.1s | Train: skip eval | Valid: time=  1.5s loss=0.239, TAw acc= 95.0% | lr=2.6e-03
| Epoch  61, time= 15.0s | Train: skip eval | Valid: time=  1.6s loss=0.230, TAw acc= 95.8% | lr=2.4e-03
| Epoch  62, time= 14.0s | Train: skip eval | Valid: time=  1.5s loss=0.218, TAw acc= 95.2% | * lr=2.3e-03
| Epoch  63, time= 17.1s | Train: skip eval | Valid: time=  1.5s loss=0.219, TAw acc= 95.0% | lr=2.1e-03
| Epoch  64, time= 13.8s | Train: skip eval | Valid: time=  1.5s loss=0.241, TAw acc= 95.0% | lr=2.0e-03
| Epoch  65, time= 14.3s | Train: skip eval | Valid: time=  1.8s loss=0.230, TAw acc= 94.5% | lr=1.9e-03
| Epoch  66, time= 18.1s | Train: skip eval | Valid: time=  1.8s loss=0.230, TAw acc= 95.5% | lr=1.7e-03
| Epoch  67, time= 14.7s | Train: skip eval | Valid: time=  1.8s loss=0.227, TAw acc= 95.2% | lr=1.6e-03
| Epoch  68, time= 14.0s | Train: skip eval | Valid: time=  1.5s loss=0.215, TAw acc= 95.2% | * lr=1.5e-03
| Epoch  69, time= 15.1s | Train: skip eval | Valid: time=  1.5s loss=0.212, TAw acc= 95.5% | * lr=1.4e-03
| Epoch  70, time= 14.9s | Train: skip eval | Valid: time=  1.6s loss=0.210, TAw acc= 95.2% | * lr=1.3e-03
| Epoch  71, time= 15.6s | Train: skip eval | Valid: time=  1.8s loss=0.215, TAw acc= 95.5% | lr=1.1e-03
| Epoch  72, time= 17.4s | Train: skip eval | Valid: time=  1.9s loss=0.214, TAw acc= 95.5% | lr=1.0e-03
| Epoch  73, time= 15.3s | Train: skip eval | Valid: time=  1.5s loss=0.209, TAw acc= 95.2% | * lr=9.5e-04
| Epoch  74, time= 14.9s | Train: skip eval | Valid: time=  1.8s loss=0.209, TAw acc= 95.5% | lr=8.5e-04
| Epoch  75, time= 14.9s | Train: skip eval | Valid: time=  1.5s loss=0.207, TAw acc= 95.5% | * lr=7.6e-04
| Epoch  76, time= 14.7s | Train: skip eval | Valid: time=  2.0s loss=0.214, TAw acc= 95.2% | lr=6.8e-04
| Epoch  77, time= 17.0s | Train: skip eval | Valid: time=  1.5s loss=0.211, TAw acc= 95.5% | lr=6.0e-04
| Epoch  78, time= 17.1s | Train: skip eval | Valid: time=  1.8s loss=0.208, TAw acc= 95.5% | lr=5.3e-04
| Epoch  79, time= 14.3s | Train: skip eval | Valid: time=  1.6s loss=0.210, TAw acc= 95.2% | lr=4.6e-04
| Epoch  80, time= 13.5s | Train: skip eval | Valid: time=  1.6s loss=0.209, TAw acc= 95.2% | lr=4.0e-04
| Epoch  81, time= 15.5s | Train: skip eval | Valid: time=  2.0s loss=0.209, TAw acc= 95.2% | lr=3.4e-04
| Epoch  82, time= 17.9s | Train: skip eval | Valid: time=  1.8s loss=0.209, TAw acc= 95.2% | lr=2.9e-04
| Epoch  83, time= 15.8s | Train: skip eval | Valid: time=  1.6s loss=0.208, TAw acc= 95.2% | lr=2.5e-04
| Epoch  84, time= 15.1s | Train: skip eval | Valid: time=  1.5s loss=0.205, TAw acc= 95.2% | * lr=2.1e-04
| Epoch  85, time= 18.1s | Train: skip eval | Valid: time=  1.5s loss=0.209, TAw acc= 95.5% | lr=1.8e-04
| Epoch  86, time= 15.9s | Train: skip eval | Valid: time=  1.6s loss=0.208, TAw acc= 95.2% | lr=1.5e-04
| Epoch  87, time= 14.3s | Train: skip eval | Valid: time=  1.8s loss=0.208, TAw acc= 95.2% | lr=1.3e-04
| Epoch  88, time= 14.4s | Train: skip eval | Valid: time=  1.5s loss=0.209, TAw acc= 95.2% | lr=1.1e-04
| Epoch  89, time= 15.7s | Train: skip eval | Valid: time=  1.5s loss=0.208, TAw acc= 95.2% | lr=1.0e-04
| Epoch  90, time= 14.1s | Train: skip eval | Valid: time=  1.5s loss=0.208, TAw acc= 95.5% | lr=1.0e-04
------------------------------------------------------------------------------------------------------------
>>> Test on task  0 : loss=0.314 | TAw acc= 91.5%, forg=  2.9% | TAg acc= 80.1%, forg= 14.3% <<<
>>> Test on task  1 : loss=0.344 | TAw acc= 91.3%, forg=  1.0% | TAg acc= 75.7%, forg=  9.4% <<<
>>> Test on task  2 : loss=0.206 | TAw acc= 93.0%, forg=  0.5% | TAg acc= 59.4%, forg=  8.3% <<<
>>> Test on task  3 : loss=0.442 | TAw acc= 88.0%, forg= -0.6% | TAg acc= 48.4%, forg=  9.9% <<<
>>> Test on task  4 : loss=0.289 | TAw acc= 92.4%, forg=  0.0% | TAg acc= 63.8%, forg=  0.0% <<<
Save at ./results/./results/resnetv2_101x1_bit.goog_in21k/inat200/ewc/10
************************************************************************************************************
TAw Acc
	 94.4%   0.0%   0.0%   0.0%   0.0%   0.0%   0.0%   0.0%   0.0%   0.0%   0.0%   0.0%   0.0%   0.0%   0.0%   0.0%   0.0%   0.0%   0.0%   0.0% 	Avg.: 94.4% 
	 92.2%  92.3%   0.0%   0.0%   0.0%   0.0%   0.0%   0.0%   0.0%   0.0%   0.0%   0.0%   0.0%   0.0%   0.0%   0.0%   0.0%   0.0%   0.0%   0.0% 	Avg.: 92.2% 
	 89.5%  89.1%  92.4%   0.0%   0.0%   0.0%   0.0%   0.0%   0.0%   0.0%   0.0%   0.0%   0.0%   0.0%   0.0%   0.0%   0.0%   0.0%   0.0%   0.0% 	Avg.: 90.3% 
	 92.9%  90.9%  93.5%  87.4%   0.0%   0.0%   0.0%   0.0%   0.0%   0.0%   0.0%   0.0%   0.0%   0.0%   0.0%   0.0%   0.0%   0.0%   0.0%   0.0% 	Avg.: 91.2% 
	 91.5%  91.3%  93.0%  88.0%  92.4%   0.0%   0.0%   0.0%   0.0%   0.0%   0.0%   0.0%   0.0%   0.0%   0.0%   0.0%   0.0%   0.0%   0.0%   0.0% 	Avg.: 91.2% 
	  0.0%   0.0%   0.0%   0.0%   0.0%   0.0%   0.0%   0.0%   0.0%   0.0%   0.0%   0.0%   0.0%   0.0%   0.0%   0.0%   0.0%   0.0%   0.0%   0.0% 	Avg.:  0.0% 
	  0.0%   0.0%   0.0%   0.0%   0.0%   0.0%   0.0%   0.0%   0.0%   0.0%   0.0%   0.0%   0.0%   0.0%   0.0%   0.0%   0.0%   0.0%   0.0%   0.0% 	Avg.:  0.0% 
	  0.0%   0.0%   0.0%   0.0%   0.0%   0.0%   0.0%   0.0%   0.0%   0.0%   0.0%   0.0%   0.0%   0.0%   0.0%   0.0%   0.0%   0.0%   0.0%   0.0% 	Avg.:  0.0% 
	  0.0%   0.0%   0.0%   0.0%   0.0%   0.0%   0.0%   0.0%   0.0%   0.0%   0.0%   0.0%   0.0%   0.0%   0.0%   0.0%   0.0%   0.0%   0.0%   0.0% 	Avg.:  0.0% 
	  0.0%   0.0%   0.0%   0.0%   0.0%   0.0%   0.0%   0.0%   0.0%   0.0%   0.0%   0.0%   0.0%   0.0%   0.0%   0.0%   0.0%   0.0%   0.0%   0.0% 	Avg.:  0.0% 
	  0.0%   0.0%   0.0%   0.0%   0.0%   0.0%   0.0%   0.0%   0.0%   0.0%   0.0%   0.0%   0.0%   0.0%   0.0%   0.0%   0.0%   0.0%   0.0%   0.0% 	Avg.:  0.0% 
	  0.0%   0.0%   0.0%   0.0%   0.0%   0.0%   0.0%   0.0%   0.0%   0.0%   0.0%   0.0%   0.0%   0.0%   0.0%   0.0%   0.0%   0.0%   0.0%   0.0% 	Avg.:  0.0% 
	  0.0%   0.0%   0.0%   0.0%   0.0%   0.0%   0.0%   0.0%   0.0%   0.0%   0.0%   0.0%   0.0%   0.0%   0.0%   0.0%   0.0%   0.0%   0.0%   0.0% 	Avg.:  0.0% 
	  0.0%   0.0%   0.0%   0.0%   0.0%   0.0%   0.0%   0.0%   0.0%   0.0%   0.0%   0.0%   0.0%   0.0%   0.0%   0.0%   0.0%   0.0%   0.0%   0.0% 	Avg.:  0.0% 
	  0.0%   0.0%   0.0%   0.0%   0.0%   0.0%   0.0%   0.0%   0.0%   0.0%   0.0%   0.0%   0.0%   0.0%   0.0%   0.0%   0.0%   0.0%   0.0%   0.0% 	Avg.:  0.0% 
	  0.0%   0.0%   0.0%   0.0%   0.0%   0.0%   0.0%   0.0%   0.0%   0.0%   0.0%   0.0%   0.0%   0.0%   0.0%   0.0%   0.0%   0.0%   0.0%   0.0% 	Avg.:  0.0% 
	  0.0%   0.0%   0.0%   0.0%   0.0%   0.0%   0.0%   0.0%   0.0%   0.0%   0.0%   0.0%   0.0%   0.0%   0.0%   0.0%   0.0%   0.0%   0.0%   0.0% 	Avg.:  0.0% 
	  0.0%   0.0%   0.0%   0.0%   0.0%   0.0%   0.0%   0.0%   0.0%   0.0%   0.0%   0.0%   0.0%   0.0%   0.0%   0.0%   0.0%   0.0%   0.0%   0.0% 	Avg.:  0.0% 
	  0.0%   0.0%   0.0%   0.0%   0.0%   0.0%   0.0%   0.0%   0.0%   0.0%   0.0%   0.0%   0.0%   0.0%   0.0%   0.0%   0.0%   0.0%   0.0%   0.0% 	Avg.:  0.0% 
	  0.0%   0.0%   0.0%   0.0%   0.0%   0.0%   0.0%   0.0%   0.0%   0.0%   0.0%   0.0%   0.0%   0.0%   0.0%   0.0%   0.0%   0.0%   0.0%   0.0% 	Avg.:  0.0% 
************************************************************************************************************
TAg Acc
	 94.4%   0.0%   0.0%   0.0%   0.0%   0.0%   0.0%   0.0%   0.0%   0.0%   0.0%   0.0%   0.0%   0.0%   0.0%   0.0%   0.0%   0.0%   0.0%   0.0% 	Avg.: 94.4% 
	 82.6%  85.1%   0.0%   0.0%   0.0%   0.0%   0.0%   0.0%   0.0%   0.0%   0.0%   0.0%   0.0%   0.0%   0.0%   0.0%   0.0%   0.0%   0.0%   0.0% 	Avg.: 83.9% 
	 82.0%  73.3%  67.7%   0.0%   0.0%   0.0%   0.0%   0.0%   0.0%   0.0%   0.0%   0.0%   0.0%   0.0%   0.0%   0.0%   0.0%   0.0%   0.0%   0.0% 	Avg.: 74.3% 
	 79.1%  77.3%  58.5%  58.3%   0.0%   0.0%   0.0%   0.0%   0.0%   0.0%   0.0%   0.0%   0.0%   0.0%   0.0%   0.0%   0.0%   0.0%   0.0%   0.0% 	Avg.: 68.3% 
	 80.1%  75.7%  59.4%  48.4%  63.8%   0.0%   0.0%   0.0%   0.0%   0.0%   0.0%   0.0%   0.0%   0.0%   0.0%   0.0%   0.0%   0.0%   0.0%   0.0% 	Avg.: 65.5% 
	  0.0%   0.0%   0.0%   0.0%   0.0%   0.0%   0.0%   0.0%   0.0%   0.0%   0.0%   0.0%   0.0%   0.0%   0.0%   0.0%   0.0%   0.0%   0.0%   0.0% 	Avg.:  0.0% 
	  0.0%   0.0%   0.0%   0.0%   0.0%   0.0%   0.0%   0.0%   0.0%   0.0%   0.0%   0.0%   0.0%   0.0%   0.0%   0.0%   0.0%   0.0%   0.0%   0.0% 	Avg.:  0.0% 
	  0.0%   0.0%   0.0%   0.0%   0.0%   0.0%   0.0%   0.0%   0.0%   0.0%   0.0%   0.0%   0.0%   0.0%   0.0%   0.0%   0.0%   0.0%   0.0%   0.0% 	Avg.:  0.0% 
	  0.0%   0.0%   0.0%   0.0%   0.0%   0.0%   0.0%   0.0%   0.0%   0.0%   0.0%   0.0%   0.0%   0.0%   0.0%   0.0%   0.0%   0.0%   0.0%   0.0% 	Avg.:  0.0% 
	  0.0%   0.0%   0.0%   0.0%   0.0%   0.0%   0.0%   0.0%   0.0%   0.0%   0.0%   0.0%   0.0%   0.0%   0.0%   0.0%   0.0%   0.0%   0.0%   0.0% 	Avg.:  0.0% 
	  0.0%   0.0%   0.0%   0.0%   0.0%   0.0%   0.0%   0.0%   0.0%   0.0%   0.0%   0.0%   0.0%   0.0%   0.0%   0.0%   0.0%   0.0%   0.0%   0.0% 	Avg.:  0.0% 
	  0.0%   0.0%   0.0%   0.0%   0.0%   0.0%   0.0%   0.0%   0.0%   0.0%   0.0%   0.0%   0.0%   0.0%   0.0%   0.0%   0.0%   0.0%   0.0%   0.0% 	Avg.:  0.0% 
	  0.0%   0.0%   0.0%   0.0%   0.0%   0.0%   0.0%   0.0%   0.0%   0.0%   0.0%   0.0%   0.0%   0.0%   0.0%   0.0%   0.0%   0.0%   0.0%   0.0% 	Avg.:  0.0% 
	  0.0%   0.0%   0.0%   0.0%   0.0%   0.0%   0.0%   0.0%   0.0%   0.0%   0.0%   0.0%   0.0%   0.0%   0.0%   0.0%   0.0%   0.0%   0.0%   0.0% 	Avg.:  0.0% 
	  0.0%   0.0%   0.0%   0.0%   0.0%   0.0%   0.0%   0.0%   0.0%   0.0%   0.0%   0.0%   0.0%   0.0%   0.0%   0.0%   0.0%   0.0%   0.0%   0.0% 	Avg.:  0.0% 
	  0.0%   0.0%   0.0%   0.0%   0.0%   0.0%   0.0%   0.0%   0.0%   0.0%   0.0%   0.0%   0.0%   0.0%   0.0%   0.0%   0.0%   0.0%   0.0%   0.0% 	Avg.:  0.0% 
	  0.0%   0.0%   0.0%   0.0%   0.0%   0.0%   0.0%   0.0%   0.0%   0.0%   0.0%   0.0%   0.0%   0.0%   0.0%   0.0%   0.0%   0.0%   0.0%   0.0% 	Avg.:  0.0% 
	  0.0%   0.0%   0.0%   0.0%   0.0%   0.0%   0.0%   0.0%   0.0%   0.0%   0.0%   0.0%   0.0%   0.0%   0.0%   0.0%   0.0%   0.0%   0.0%   0.0% 	Avg.:  0.0% 
	  0.0%   0.0%   0.0%   0.0%   0.0%   0.0%   0.0%   0.0%   0.0%   0.0%   0.0%   0.0%   0.0%   0.0%   0.0%   0.0%   0.0%   0.0%   0.0%   0.0% 	Avg.:  0.0% 
	  0.0%   0.0%   0.0%   0.0%   0.0%   0.0%   0.0%   0.0%   0.0%   0.0%   0.0%   0.0%   0.0%   0.0%   0.0%   0.0%   0.0%   0.0%   0.0%   0.0% 	Avg.:  0.0% 
************************************************************************************************************
TAw Forg
	  0.0%   0.0%   0.0%   0.0%   0.0%   0.0%   0.0%   0.0%   0.0%   0.0%   0.0%   0.0%   0.0%   0.0%   0.0%   0.0%   0.0%   0.0%   0.0%   0.0% 
	  2.2%   0.0%   0.0%   0.0%   0.0%   0.0%   0.0%   0.0%   0.0%   0.0%   0.0%   0.0%   0.0%   0.0%   0.0%   0.0%   0.0%   0.0%   0.0%   0.0% 	Avg.:  2.2% 
	  4.9%   3.2%   0.0%   0.0%   0.0%   0.0%   0.0%   0.0%   0.0%   0.0%   0.0%   0.0%   0.0%   0.0%   0.0%   0.0%   0.0%   0.0%   0.0%   0.0% 	Avg.:  4.1% 
	  1.5%   1.4%  -1.1%   0.0%   0.0%   0.0%   0.0%   0.0%   0.0%   0.0%   0.0%   0.0%   0.0%   0.0%   0.0%   0.0%   0.0%   0.0%   0.0%   0.0% 	Avg.:  0.6% 
	  2.9%   1.0%   0.5%  -0.6%   0.0%   0.0%   0.0%   0.0%   0.0%   0.0%   0.0%   0.0%   0.0%   0.0%   0.0%   0.0%   0.0%   0.0%   0.0%   0.0% 	Avg.:  0.9% 
	  0.0%   0.0%   0.0%   0.0%   0.0%   0.0%   0.0%   0.0%   0.0%   0.0%   0.0%   0.0%   0.0%   0.0%   0.0%   0.0%   0.0%   0.0%   0.0%   0.0% 	Avg.:  0.0% 
	  0.0%   0.0%   0.0%   0.0%   0.0%   0.0%   0.0%   0.0%   0.0%   0.0%   0.0%   0.0%   0.0%   0.0%   0.0%   0.0%   0.0%   0.0%   0.0%   0.0% 	Avg.:  0.0% 
	  0.0%   0.0%   0.0%   0.0%   0.0%   0.0%   0.0%   0.0%   0.0%   0.0%   0.0%   0.0%   0.0%   0.0%   0.0%   0.0%   0.0%   0.0%   0.0%   0.0% 	Avg.:  0.0% 
	  0.0%   0.0%   0.0%   0.0%   0.0%   0.0%   0.0%   0.0%   0.0%   0.0%   0.0%   0.0%   0.0%   0.0%   0.0%   0.0%   0.0%   0.0%   0.0%   0.0% 	Avg.:  0.0% 
	  0.0%   0.0%   0.0%   0.0%   0.0%   0.0%   0.0%   0.0%   0.0%   0.0%   0.0%   0.0%   0.0%   0.0%   0.0%   0.0%   0.0%   0.0%   0.0%   0.0% 	Avg.:  0.0% 
	  0.0%   0.0%   0.0%   0.0%   0.0%   0.0%   0.0%   0.0%   0.0%   0.0%   0.0%   0.0%   0.0%   0.0%   0.0%   0.0%   0.0%   0.0%   0.0%   0.0% 	Avg.:  0.0% 
	  0.0%   0.0%   0.0%   0.0%   0.0%   0.0%   0.0%   0.0%   0.0%   0.0%   0.0%   0.0%   0.0%   0.0%   0.0%   0.0%   0.0%   0.0%   0.0%   0.0% 	Avg.:  0.0% 
	  0.0%   0.0%   0.0%   0.0%   0.0%   0.0%   0.0%   0.0%   0.0%   0.0%   0.0%   0.0%   0.0%   0.0%   0.0%   0.0%   0.0%   0.0%   0.0%   0.0% 	Avg.:  0.0% 
	  0.0%   0.0%   0.0%   0.0%   0.0%   0.0%   0.0%   0.0%   0.0%   0.0%   0.0%   0.0%   0.0%   0.0%   0.0%   0.0%   0.0%   0.0%   0.0%   0.0% 	Avg.:  0.0% 
	  0.0%   0.0%   0.0%   0.0%   0.0%   0.0%   0.0%   0.0%   0.0%   0.0%   0.0%   0.0%   0.0%   0.0%   0.0%   0.0%   0.0%   0.0%   0.0%   0.0% 	Avg.:  0.0% 
	  0.0%   0.0%   0.0%   0.0%   0.0%   0.0%   0.0%   0.0%   0.0%   0.0%   0.0%   0.0%   0.0%   0.0%   0.0%   0.0%   0.0%   0.0%   0.0%   0.0% 	Avg.:  0.0% 
	  0.0%   0.0%   0.0%   0.0%   0.0%   0.0%   0.0%   0.0%   0.0%   0.0%   0.0%   0.0%   0.0%   0.0%   0.0%   0.0%   0.0%   0.0%   0.0%   0.0% 	Avg.:  0.0% 
	  0.0%   0.0%   0.0%   0.0%   0.0%   0.0%   0.0%   0.0%   0.0%   0.0%   0.0%   0.0%   0.0%   0.0%   0.0%   0.0%   0.0%   0.0%   0.0%   0.0% 	Avg.:  0.0% 
	  0.0%   0.0%   0.0%   0.0%   0.0%   0.0%   0.0%   0.0%   0.0%   0.0%   0.0%   0.0%   0.0%   0.0%   0.0%   0.0%   0.0%   0.0%   0.0%   0.0% 	Avg.:  0.0% 
	  0.0%   0.0%   0.0%   0.0%   0.0%   0.0%   0.0%   0.0%   0.0%   0.0%   0.0%   0.0%   0.0%   0.0%   0.0%   0.0%   0.0%   0.0%   0.0%   0.0% 	Avg.:  0.0% 
************************************************************************************************************
TAg Forg
	  0.0%   0.0%   0.0%   0.0%   0.0%   0.0%   0.0%   0.0%   0.0%   0.0%   0.0%   0.0%   0.0%   0.0%   0.0%   0.0%   0.0%   0.0%   0.0%   0.0% 
	 11.8%   0.0%   0.0%   0.0%   0.0%   0.0%   0.0%   0.0%   0.0%   0.0%   0.0%   0.0%   0.0%   0.0%   0.0%   0.0%   0.0%   0.0%   0.0%   0.0% 	Avg.: 11.8% 
	 12.4%  11.8%   0.0%   0.0%   0.0%   0.0%   0.0%   0.0%   0.0%   0.0%   0.0%   0.0%   0.0%   0.0%   0.0%   0.0%   0.0%   0.0%   0.0%   0.0% 	Avg.: 12.1% 
	 15.3%   7.8%   9.2%   0.0%   0.0%   0.0%   0.0%   0.0%   0.0%   0.0%   0.0%   0.0%   0.0%   0.0%   0.0%   0.0%   0.0%   0.0%   0.0%   0.0% 	Avg.: 10.8% 
	 14.3%   9.4%   8.3%   9.9%   0.0%   0.0%   0.0%   0.0%   0.0%   0.0%   0.0%   0.0%   0.0%   0.0%   0.0%   0.0%   0.0%   0.0%   0.0%   0.0% 	Avg.: 10.5% 
	  0.0%   0.0%   0.0%   0.0%   0.0%   0.0%   0.0%   0.0%   0.0%   0.0%   0.0%   0.0%   0.0%   0.0%   0.0%   0.0%   0.0%   0.0%   0.0%   0.0% 	Avg.:  0.0% 
	  0.0%   0.0%   0.0%   0.0%   0.0%   0.0%   0.0%   0.0%   0.0%   0.0%   0.0%   0.0%   0.0%   0.0%   0.0%   0.0%   0.0%   0.0%   0.0%   0.0% 	Avg.:  0.0% 
	  0.0%   0.0%   0.0%   0.0%   0.0%   0.0%   0.0%   0.0%   0.0%   0.0%   0.0%   0.0%   0.0%   0.0%   0.0%   0.0%   0.0%   0.0%   0.0%   0.0% 	Avg.:  0.0% 
	  0.0%   0.0%   0.0%   0.0%   0.0%   0.0%   0.0%   0.0%   0.0%   0.0%   0.0%   0.0%   0.0%   0.0%   0.0%   0.0%   0.0%   0.0%   0.0%   0.0% 	Avg.:  0.0% 
	  0.0%   0.0%   0.0%   0.0%   0.0%   0.0%   0.0%   0.0%   0.0%   0.0%   0.0%   0.0%   0.0%   0.0%   0.0%   0.0%   0.0%   0.0%   0.0%   0.0% 	Avg.:  0.0% 
	  0.0%   0.0%   0.0%   0.0%   0.0%   0.0%   0.0%   0.0%   0.0%   0.0%   0.0%   0.0%   0.0%   0.0%   0.0%   0.0%   0.0%   0.0%   0.0%   0.0% 	Avg.:  0.0% 
	  0.0%   0.0%   0.0%   0.0%   0.0%   0.0%   0.0%   0.0%   0.0%   0.0%   0.0%   0.0%   0.0%   0.0%   0.0%   0.0%   0.0%   0.0%   0.0%   0.0% 	Avg.:  0.0% 
	  0.0%   0.0%   0.0%   0.0%   0.0%   0.0%   0.0%   0.0%   0.0%   0.0%   0.0%   0.0%   0.0%   0.0%   0.0%   0.0%   0.0%   0.0%   0.0%   0.0% 	Avg.:  0.0% 
	  0.0%   0.0%   0.0%   0.0%   0.0%   0.0%   0.0%   0.0%   0.0%   0.0%   0.0%   0.0%   0.0%   0.0%   0.0%   0.0%   0.0%   0.0%   0.0%   0.0% 	Avg.:  0.0% 
	  0.0%   0.0%   0.0%   0.0%   0.0%   0.0%   0.0%   0.0%   0.0%   0.0%   0.0%   0.0%   0.0%   0.0%   0.0%   0.0%   0.0%   0.0%   0.0%   0.0% 	Avg.:  0.0% 
	  0.0%   0.0%   0.0%   0.0%   0.0%   0.0%   0.0%   0.0%   0.0%   0.0%   0.0%   0.0%   0.0%   0.0%   0.0%   0.0%   0.0%   0.0%   0.0%   0.0% 	Avg.:  0.0% 
	  0.0%   0.0%   0.0%   0.0%   0.0%   0.0%   0.0%   0.0%   0.0%   0.0%   0.0%   0.0%   0.0%   0.0%   0.0%   0.0%   0.0%   0.0%   0.0%   0.0% 	Avg.:  0.0% 
	  0.0%   0.0%   0.0%   0.0%   0.0%   0.0%   0.0%   0.0%   0.0%   0.0%   0.0%   0.0%   0.0%   0.0%   0.0%   0.0%   0.0%   0.0%   0.0%   0.0% 	Avg.:  0.0% 
	  0.0%   0.0%   0.0%   0.0%   0.0%   0.0%   0.0%   0.0%   0.0%   0.0%   0.0%   0.0%   0.0%   0.0%   0.0%   0.0%   0.0%   0.0%   0.0%   0.0% 	Avg.:  0.0% 
	  0.0%   0.0%   0.0%   0.0%   0.0%   0.0%   0.0%   0.0%   0.0%   0.0%   0.0%   0.0%   0.0%   0.0%   0.0%   0.0%   0.0%   0.0%   0.0%   0.0% 	Avg.:  0.0% 
************************************************************************************************************
[Elapsed time = 0.4 h]
Done!
