START_TASK=8 STOP_TASK=9
============================================================================================================
Arguments =
	approach: lwf
	batch_size: 64
	classes_first_task: None
	clipping: 10000
	crop: 224
	data_path: ../data/food101
	dataset: food101
	eval_on_train: False
	experiment_path: None
	fix_bn: False
	freeze_backbone: False
	gpu: 0
	gpus: [0]
	increment: 10
	last_layer_analysis: True
	log: ['disk']
	lr: 0.01
	lr_factor: None
	lr_min: 0.0001
	lr_patience: None
	lr_scheduler: cosine
	lr_warmup_epochs: 0
	momentum: 0.0
	multi_softmax: False
	nepochs: 70
	network: resnetv2_101x1_bit.goog_in21k
	no_cudnn_deterministic: False
	normalize: in21k
	num_workers: 2
	optimizer_name: sgd
	pin_memory: False
	pretrained: True
	resize: 224
	results_path: ./results
	save_models: True
	seed: 0
	start_at_task: 8
	start_epoch: 0
	stop_at_task: 9
	stop_epoch: 0
	use_valid_only: False
	warmup_lr_factor: 1.0
	warmup_nepochs: 0
	weight_decay: 0.0
============================================================================================================
Approach arguments =
	T: 2
	lamb: 1.0
============================================================================================================
Exemplars arguments =
============================================================================================================
WARNING: ./results/resnetv2_101x1_bit.goog_in21k/food101/lwf/10 already exists!
Loaded acc_taw from: ./results/resnetv2_101x1_bit.goog_in21k/food101/lwf/10/acc_taw-7.txt
Loaded acc_tag from: ./results/resnetv2_101x1_bit.goog_in21k/food101/lwf/10/acc_tag-7.txt
Loaded forg_taw from: ./results/resnetv2_101x1_bit.goog_in21k/food101/lwf/10/forg_taw-7.txt
Loaded forg_tag from: ./results/resnetv2_101x1_bit.goog_in21k/food101/lwf/10/forg_tag-7.txt
************************************************************************************************************
Task  8  [epochs 0-70]
************************************************************************************************************
[params] total:42,676,890  trainable:42,676,890  tensors:322  trainable_tensors:322
| Epoch   1, time= 28.2s | Train: skip eval | Valid: time=  2.8s loss=2.680, TAw acc= 91.6% | * lr=1.0e-02
| Epoch   2, time= 29.1s | Train: skip eval | Valid: time=  2.6s loss=2.568, TAw acc= 94.8% | * lr=1.0e-02
| Epoch   3, time= 25.7s | Train: skip eval | Valid: time=  2.5s loss=2.697, TAw acc= 92.0% | lr=1.0e-02
| Epoch   4, time= 29.5s | Train: skip eval | Valid: time=  3.3s loss=2.555, TAw acc= 95.6% | * lr=9.9e-03
| Epoch   5, time= 26.0s | Train: skip eval | Valid: time=  3.2s loss=2.599, TAw acc= 94.4% | lr=9.9e-03
| Epoch   6, time= 29.0s | Train: skip eval | Valid: time=  2.6s loss=2.547, TAw acc= 95.2% | * lr=9.8e-03
| Epoch   7, time= 28.8s | Train: skip eval | Valid: time=  2.5s loss=2.579, TAw acc= 95.6% | lr=9.8e-03
| Epoch   8, time= 28.4s | Train: skip eval | Valid: time=  2.6s loss=2.545, TAw acc= 96.5% | * lr=9.7e-03
| Epoch   9, time= 27.5s | Train: skip eval | Valid: time=  2.5s loss=2.520, TAw acc= 96.0% | * lr=9.6e-03
| Epoch  10, time= 30.7s | Train: skip eval | Valid: time=  2.5s loss=2.661, TAw acc= 93.5% | lr=9.5e-03
| Epoch  11, time= 26.4s | Train: skip eval | Valid: time=  2.5s loss=2.550, TAw acc= 96.1% | lr=9.4e-03
| Epoch  12, time= 25.7s | Train: skip eval | Valid: time=  2.5s loss=2.532, TAw acc= 96.4% | lr=9.3e-03
| Epoch  13, time= 28.1s | Train: skip eval | Valid: time=  3.3s loss=2.533, TAw acc= 96.7% | lr=9.2e-03
| Epoch  14, time= 30.2s | Train: skip eval | Valid: time=  2.4s loss=2.525, TAw acc= 96.8% | lr=9.1e-03
| Epoch  15, time= 27.6s | Train: skip eval | Valid: time=  2.4s loss=2.520, TAw acc= 96.5% | lr=8.9e-03
| Epoch  16, time= 30.5s | Train: skip eval | Valid: time=  3.1s loss=2.521, TAw acc= 96.7% | lr=8.8e-03
| Epoch  17, time= 24.7s | Train: skip eval | Valid: time=  2.5s loss=2.700, TAw acc= 93.2% | lr=8.6e-03
| Epoch  18, time= 26.5s | Train: skip eval | Valid: time=  2.5s loss=2.532, TAw acc= 96.1% | lr=8.5e-03
| Epoch  19, time= 25.4s | Train: skip eval | Valid: time=  3.1s loss=2.550, TAw acc= 96.0% | lr=8.3e-03
| Epoch  20, time= 29.7s | Train: skip eval | Valid: time=  2.7s loss=2.553, TAw acc= 96.3% | lr=8.1e-03
| Epoch  21, time= 27.6s | Train: skip eval | Valid: time=  2.5s loss=2.525, TAw acc= 96.5% | lr=8.0e-03
| Epoch  22, time= 24.7s | Train: skip eval | Valid: time=  2.5s loss=2.530, TAw acc= 96.4% | lr=7.8e-03
| Epoch  23, time= 29.6s | Train: skip eval | Valid: time=  2.5s loss=2.529, TAw acc= 96.5% | lr=7.6e-03
| Epoch  24, time= 30.8s | Train: skip eval | Valid: time=  3.3s loss=2.530, TAw acc= 96.4% | lr=7.4e-03
| Epoch  25, time= 28.0s | Train: skip eval | Valid: time=  3.3s loss=2.524, TAw acc= 96.5% | lr=7.2e-03
| Epoch  26, time= 28.7s | Train: skip eval | Valid: time=  2.5s loss=2.531, TAw acc= 96.9% | lr=7.0e-03
| Epoch  27, time= 29.5s | Train: skip eval | Valid: time=  2.5s loss=2.517, TAw acc= 97.1% | * lr=6.8e-03
| Epoch  28, time= 29.9s | Train: skip eval | Valid: time=  2.5s loss=2.527, TAw acc= 96.8% | lr=6.6e-03
| Epoch  29, time= 27.6s | Train: skip eval | Valid: time=  2.5s loss=2.533, TAw acc= 96.4% | lr=6.4e-03
| Epoch  30, time= 28.5s | Train: skip eval | Valid: time=  3.3s loss=2.524, TAw acc= 96.4% | lr=6.2e-03
| Epoch  31, time= 29.2s | Train: skip eval | Valid: time=  2.8s loss=2.538, TAw acc= 96.5% | lr=5.9e-03
| Epoch  32, time= 28.2s | Train: skip eval | Valid: time=  2.5s loss=2.516, TAw acc= 96.9% | * lr=5.7e-03
| Epoch  33, time= 25.2s | Train: skip eval | Valid: time=  2.5s loss=2.520, TAw acc= 96.9% | lr=5.5e-03
| Epoch  34, time= 27.6s | Train: skip eval | Valid: time=  3.3s loss=2.522, TAw acc= 96.9% | lr=5.3e-03
| Epoch  35, time= 27.6s | Train: skip eval | Valid: time=  2.4s loss=2.520, TAw acc= 97.2% | lr=5.1e-03
| Epoch  36, time= 26.9s | Train: skip eval | Valid: time=  2.5s loss=2.515, TAw acc= 97.1% | * lr=4.8e-03
| Epoch  37, time= 29.6s | Train: skip eval | Valid: time=  2.5s loss=2.534, TAw acc= 96.1% | lr=4.6e-03
| Epoch  38, time= 29.1s | Train: skip eval | Valid: time=  2.5s loss=2.520, TAw acc= 97.2% | lr=4.4e-03
| Epoch  39, time= 29.2s | Train: skip eval | Valid: time=  2.9s loss=2.522, TAw acc= 96.8% | lr=4.2e-03
| Epoch  40, time= 30.5s | Train: skip eval | Valid: time=  2.9s loss=2.510, TAw acc= 96.8% | * lr=3.9e-03
| Epoch  41, time= 27.0s | Train: skip eval | Valid: time=  3.1s loss=2.514, TAw acc= 97.1% | lr=3.7e-03
| Epoch  42, time= 26.3s | Train: skip eval | Valid: time=  2.4s loss=2.512, TAw acc= 96.7% | lr=3.5e-03
| Epoch  43, time= 26.0s | Train: skip eval | Valid: time=  2.5s loss=2.521, TAw acc= 96.4% | lr=3.3e-03
| Epoch  44, time= 30.1s | Train: skip eval | Valid: time=  2.8s loss=2.511, TAw acc= 96.8% | lr=3.1e-03
| Epoch  45, time= 25.2s | Train: skip eval | Valid: time=  2.4s loss=2.510, TAw acc= 96.8% | lr=2.9e-03
| Epoch  46, time= 28.0s | Train: skip eval | Valid: time=  3.1s loss=2.513, TAw acc= 96.9% | lr=2.7e-03
| Epoch  47, time= 28.0s | Train: skip eval | Valid: time=  2.5s loss=2.516, TAw acc= 96.4% | lr=2.5e-03
| Epoch  48, time= 27.2s | Train: skip eval | Valid: time=  2.4s loss=2.519, TAw acc= 96.5% | lr=2.3e-03
| Epoch  49, time= 25.1s | Train: skip eval | Valid: time=  2.5s loss=2.512, TAw acc= 96.8% | lr=2.1e-03
| Epoch  50, time= 25.4s | Train: skip eval | Valid: time=  2.5s loss=2.512, TAw acc= 96.7% | lr=2.0e-03
| Epoch  51, time= 27.3s | Train: skip eval | Valid: time=  2.5s loss=2.510, TAw acc= 96.7% | lr=1.8e-03
| Epoch  52, time= 27.7s | Train: skip eval | Valid: time=  2.4s loss=2.509, TAw acc= 96.7% | * lr=1.6e-03
| Epoch  53, time= 28.5s | Train: skip eval | Valid: time=  3.3s loss=2.510, TAw acc= 96.9% | lr=1.5e-03
| Epoch  54, time= 30.2s | Train: skip eval | Valid: time=  2.5s loss=2.506, TAw acc= 96.8% | * lr=1.3e-03
| Epoch  55, time= 30.9s | Train: skip eval | Valid: time=  2.7s loss=2.512, TAw acc= 96.8% | lr=1.2e-03
| Epoch  56, time= 30.2s | Train: skip eval | Valid: time=  2.6s loss=2.504, TAw acc= 96.8% | * lr=1.0e-03
| Epoch  57, time= 28.4s | Train: skip eval | Valid: time=  2.5s loss=2.507, TAw acc= 96.5% | lr=9.2e-04
| Epoch  58, time= 28.6s | Train: skip eval | Valid: time=  2.8s loss=2.506, TAw acc= 96.7% | lr=8.0e-04
| Epoch  59, time= 28.6s | Train: skip eval | Valid: time=  2.8s loss=2.506, TAw acc= 96.8% | lr=6.9e-04
| Epoch  60, time= 28.7s | Train: skip eval | Valid: time=  3.4s loss=2.510, TAw acc= 96.7% | lr=5.9e-04
| Epoch  61, time= 26.9s | Train: skip eval | Valid: time=  2.8s loss=2.509, TAw acc= 96.9% | lr=5.0e-04
| Epoch  62, time= 24.1s | Train: skip eval | Valid: time=  2.5s loss=2.505, TAw acc= 97.2% | lr=4.2e-04
| Epoch  63, time= 26.8s | Train: skip eval | Valid: time=  2.5s loss=2.507, TAw acc= 96.9% | lr=3.4e-04
| Epoch  64, time= 24.9s | Train: skip eval | Valid: time=  2.5s loss=2.506, TAw acc= 97.2% | lr=2.8e-04
| Epoch  65, time= 31.2s | Train: skip eval | Valid: time=  2.8s loss=2.506, TAw acc= 97.2% | lr=2.2e-04
| Epoch  66, time= 27.8s | Train: skip eval | Valid: time=  3.4s loss=2.506, TAw acc= 97.1% | lr=1.8e-04
| Epoch  67, time= 25.2s | Train: skip eval | Valid: time=  2.5s loss=2.505, TAw acc= 97.2% | lr=1.4e-04
| Epoch  68, time= 30.7s | Train: skip eval | Valid: time=  2.4s loss=2.505, TAw acc= 97.1% | lr=1.2e-04
| Epoch  69, time= 25.5s | Train: skip eval | Valid: time=  3.0s loss=2.506, TAw acc= 97.1% | lr=1.0e-04
| Epoch  70, time= 25.7s | Train: skip eval | Valid: time=  2.6s loss=2.507, TAw acc= 97.1% | lr=1.0e-04
------------------------------------------------------------------------------------------------------------
>>> Test on task  0 : loss=0.133 | TAw acc= 96.3%, forg=  0.7% | TAg acc= 72.7%, forg= 24.2% <<<
>>> Test on task  1 : loss=1.263 | TAw acc= 98.0%, forg=  0.2% | TAg acc= 78.0%, forg= 16.4% <<<
>>> Test on task  2 : loss=1.743 | TAw acc= 96.0%, forg=  0.7% | TAg acc= 67.2%, forg= 23.4% <<<
>>> Test on task  3 : loss=1.813 | TAw acc= 97.9%, forg=  0.4% | TAg acc= 80.3%, forg= 10.6% <<<
>>> Test on task  4 : loss=2.049 | TAw acc= 96.6%, forg=  0.4% | TAg acc= 79.2%, forg=  7.4% <<<
>>> Test on task  5 : loss=2.159 | TAw acc= 96.6%, forg=  0.4% | TAg acc= 76.0%, forg=  7.6% <<<
>>> Test on task  6 : loss=2.323 | TAw acc= 96.1%, forg=  0.5% | TAg acc= 75.0%, forg=  7.7% <<<
>>> Test on task  7 : loss=2.360 | TAw acc= 97.3%, forg=  0.3% | TAg acc= 84.5%, forg=  4.4% <<<
>>> Test on task  8 : loss=2.441 | TAw acc= 97.9%, forg=  0.0% | TAg acc= 89.2%, forg=  0.0% <<<
Save at ./results/./results/resnetv2_101x1_bit.goog_in21k/food101/lwf/10
************************************************************************************************************
TAw Acc
	 97.0%   0.0%   0.0%   0.0%   0.0%   0.0%   0.0%   0.0%   0.0%   0.0% 	Avg.: 97.0% 
	 97.0%  98.1%   0.0%   0.0%   0.0%   0.0%   0.0%   0.0%   0.0%   0.0% 	Avg.: 97.5% 
	 96.8%  97.9%  96.3%   0.0%   0.0%   0.0%   0.0%   0.0%   0.0%   0.0% 	Avg.: 97.0% 
	 96.6%  98.0%  96.7%  98.3%   0.0%   0.0%   0.0%   0.0%   0.0%   0.0% 	Avg.: 97.4% 
	 96.5%  98.1%  96.6%  98.0%  97.0%   0.0%   0.0%   0.0%   0.0%   0.0% 	Avg.: 97.2% 
	 96.4%  98.2%  96.4%  98.2%  96.8%  97.0%   0.0%   0.0%   0.0%   0.0% 	Avg.: 97.2% 
	 96.2%  98.1%  96.4%  98.0%  96.6%  96.9%  96.6%   0.0%   0.0%   0.0% 	Avg.: 97.0% 
	 96.3%  98.2%  96.3%  98.1%  96.5%  96.8%  96.4%  97.6%   0.0%   0.0% 	Avg.: 97.0% 
	 96.3%  98.0%  96.0%  97.9%  96.6%  96.6%  96.1%  97.3%  97.9%   0.0% 	Avg.: 97.0% 
	  0.0%   0.0%   0.0%   0.0%   0.0%   0.0%   0.0%   0.0%   0.0%   0.0% 	Avg.:  0.0% 
************************************************************************************************************
TAg Acc
	 97.0%   0.0%   0.0%   0.0%   0.0%   0.0%   0.0%   0.0%   0.0%   0.0% 	Avg.: 97.0% 
	 94.7%  94.4%   0.0%   0.0%   0.0%   0.0%   0.0%   0.0%   0.0%   0.0% 	Avg.: 94.6% 
	 93.4%  92.1%  90.6%   0.0%   0.0%   0.0%   0.0%   0.0%   0.0%   0.0% 	Avg.: 92.0% 
	 92.0%  89.2%  88.4%  91.0%   0.0%   0.0%   0.0%   0.0%   0.0%   0.0% 	Avg.: 90.1% 
	 89.2%  87.2%  83.0%  89.0%  86.6%   0.0%   0.0%   0.0%   0.0%   0.0% 	Avg.: 87.0% 
	 87.8%  85.9%  80.8%  87.2%  85.4%  83.7%   0.0%   0.0%   0.0%   0.0% 	Avg.: 85.1% 
	 83.8%  83.6%  77.7%  84.9%  83.3%  81.4%  82.7%   0.0%   0.0%   0.0% 	Avg.: 82.5% 
	 78.4%  80.8%  76.0%  82.7%  82.4%  78.2%  77.8%  88.9%   0.0%   0.0% 	Avg.: 80.6% 
	 72.7%  78.0%  67.2%  80.3%  79.2%  76.0%  75.0%  84.5%  89.2%   0.0% 	Avg.: 78.0% 
	  0.0%   0.0%   0.0%   0.0%   0.0%   0.0%   0.0%   0.0%   0.0%   0.0% 	Avg.:  0.0% 
************************************************************************************************************
TAw Forg
	  0.0%   0.0%   0.0%   0.0%   0.0%   0.0%   0.0%   0.0%   0.0%   0.0% 
	 -0.0%   0.0%   0.0%   0.0%   0.0%   0.0%   0.0%   0.0%   0.0%   0.0% 	Avg.: -0.0% 
	  0.2%   0.2%   0.0%   0.0%   0.0%   0.0%   0.0%   0.0%   0.0%   0.0% 	Avg.:  0.2% 
	  0.4%   0.0%  -0.4%   0.0%   0.0%   0.0%   0.0%   0.0%   0.0%   0.0% 	Avg.: -0.0% 
	  0.5%  -0.0%   0.1%   0.3%   0.0%   0.0%   0.0%   0.0%   0.0%   0.0% 	Avg.:  0.2% 
	  0.6%  -0.1%   0.3%   0.1%   0.2%   0.0%   0.0%   0.0%   0.0%   0.0% 	Avg.:  0.2% 
	  0.8%   0.1%   0.3%   0.3%   0.3%   0.0%   0.0%   0.0%   0.0%   0.0% 	Avg.:  0.3% 
	  0.7%   0.0%   0.4%   0.2%   0.4%   0.1%   0.2%   0.0%   0.0%   0.0% 	Avg.:  0.3% 
	  0.7%   0.2%   0.7%   0.4%   0.4%   0.4%   0.5%   0.3%   0.0%   0.0% 	Avg.:  0.4% 
	  0.0%   0.0%   0.0%   0.0%   0.0%   0.0%   0.0%   0.0%   0.0%   0.0% 	Avg.:  0.0% 
************************************************************************************************************
TAg Forg
	  0.0%   0.0%   0.0%   0.0%   0.0%   0.0%   0.0%   0.0%   0.0%   0.0% 
	  2.2%   0.0%   0.0%   0.0%   0.0%   0.0%   0.0%   0.0%   0.0%   0.0% 	Avg.:  2.2% 
	  3.6%   2.3%   0.0%   0.0%   0.0%   0.0%   0.0%   0.0%   0.0%   0.0% 	Avg.:  3.0% 
	  5.0%   5.2%   2.2%   0.0%   0.0%   0.0%   0.0%   0.0%   0.0%   0.0% 	Avg.:  4.1% 
	  7.8%   7.2%   7.6%   2.0%   0.0%   0.0%   0.0%   0.0%   0.0%   0.0% 	Avg.:  6.1% 
	  9.2%   8.5%   9.8%   3.8%   1.2%   0.0%   0.0%   0.0%   0.0%   0.0% 	Avg.:  6.5% 
	 13.1%  10.8%  12.9%   6.1%   3.3%   2.2%   0.0%   0.0%   0.0%   0.0% 	Avg.:  8.1% 
	 18.6%  13.6%  14.6%   8.3%   4.2%   5.5%   4.8%   0.0%   0.0%   0.0% 	Avg.: 10.0% 
	 24.2%  16.4%  23.4%  10.6%   7.4%   7.6%   7.7%   4.4%   0.0%   0.0% 	Avg.: 12.7% 
	  0.0%   0.0%   0.0%   0.0%   0.0%   0.0%   0.0%   0.0%   0.0%   0.0% 	Avg.:  0.0% 
************************************************************************************************************
[Elapsed time = 0.6 h]
Done!
